job-core	Set up job	﻿2025-03-27T11:23:26.2997792Z Current runner version: '2.323.0'
job-core	Set up job	2025-03-27T11:23:26.3007603Z Runner name: 'ka0s-2'
job-core	Set up job	2025-03-27T11:23:26.3008813Z Machine name: '90a1232a7504'
job-core	Set up job	2025-03-27T11:23:26.3012522Z ##[group]GITHUB_TOKEN Permissions
job-core	Set up job	2025-03-27T11:23:26.3016397Z Actions: write
job-core	Set up job	2025-03-27T11:23:26.3017323Z Contents: write
job-core	Set up job	2025-03-27T11:23:26.3017971Z Issues: write
job-core	Set up job	2025-03-27T11:23:26.3018636Z Metadata: read
job-core	Set up job	2025-03-27T11:23:26.3019362Z PullRequests: write
job-core	Set up job	2025-03-27T11:23:26.3020053Z ##[endgroup]
job-core	Set up job	2025-03-27T11:23:26.3023078Z Secret source: Actions
job-core	Set up job	2025-03-27T11:23:26.3024542Z Prepare workflow directory
job-core	Set up job	2025-03-27T11:23:26.4031094Z Prepare all required actions
job-core	Set up job	2025-03-27T11:23:26.4083611Z Getting action download info
job-core	Set up job	2025-03-27T11:23:27.1431856Z Download action repository 'actions/checkout@v4' (SHA:11bd71901bbe5b1630ceea73d27597364c9af683)
job-core	Set up job	2025-03-27T11:23:29.1175502Z Download action repository 'actions/setup-node@v2' (SHA:7c12f8017d5436eb855f1ed4399f037a36fbd9e8)
job-core	Set up job	2025-03-27T11:23:33.0833515Z Complete job name: job-core
job-core	Checkout code	﻿2025-03-27T11:23:33.1589890Z ##[group]Run actions/checkout@v4
job-core	Checkout code	2025-03-27T11:23:33.1591012Z with:
job-core	Checkout code	2025-03-27T11:23:33.1591361Z   fetch-depth: 0
job-core	Checkout code	2025-03-27T11:23:33.1592162Z   token: ***
job-core	Checkout code	2025-03-27T11:23:33.1592504Z   repository: Ka0s-Klaus/ka0s
job-core	Checkout code	2025-03-27T11:23:33.1592883Z   ssh-strict: true
job-core	Checkout code	2025-03-27T11:23:33.1593217Z   ssh-user: git
job-core	Checkout code	2025-03-27T11:23:33.1593569Z   persist-credentials: true
job-core	Checkout code	2025-03-27T11:23:33.1594091Z   clean: true
job-core	Checkout code	2025-03-27T11:23:33.1594433Z   sparse-checkout-cone-mode: true
job-core	Checkout code	2025-03-27T11:23:33.1594836Z   fetch-tags: false
job-core	Checkout code	2025-03-27T11:23:33.1595199Z   show-progress: true
job-core	Checkout code	2025-03-27T11:23:33.1595569Z   lfs: false
job-core	Checkout code	2025-03-27T11:23:33.1595907Z   submodules: false
job-core	Checkout code	2025-03-27T11:23:33.1596251Z   set-safe-directory: true
job-core	Checkout code	2025-03-27T11:23:33.1597088Z env:
job-core	Checkout code	2025-03-27T11:23:33.1597445Z   KAOS_MODULE: [Ka0S] JSONLINT
job-core	Checkout code	2025-03-27T11:23:33.1598045Z   GH_TOKEN: ***
job-core	Checkout code	2025-03-27T11:23:33.1598438Z   KAOS_JSONLINT_CONFIG: core/config/.jsonlint.json
job-core	Checkout code	2025-03-27T11:23:33.1598924Z   KAOS_PATH_RESUME: core/outputs/j/
job-core	Checkout code	2025-03-27T11:23:33.1599474Z   KAOS_REPO: /actions-runner/_work/kaos/kaos
job-core	Checkout code	2025-03-27T11:23:33.1599909Z   KAOS_STEP_MODULE: 
job-core	Checkout code	2025-03-27T11:23:33.1600246Z   KAOS_CODE: 14105311574
job-core	Checkout code	2025-03-27T11:23:33.1600589Z   KAOS_REF_BRANCH: main
job-core	Checkout code	2025-03-27T11:23:33.1600939Z ##[endgroup]
job-core	Checkout code	2025-03-27T11:23:33.3531173Z Syncing repository: Ka0s-Klaus/ka0s
job-core	Checkout code	2025-03-27T11:23:33.3535098Z ##[group]Getting Git version info
job-core	Checkout code	2025-03-27T11:23:33.3536210Z Working directory is '/actions-runner/_work/ka0s/ka0s'
job-core	Checkout code	2025-03-27T11:23:33.3537747Z [command]/usr/bin/git version
job-core	Checkout code	2025-03-27T11:23:33.3538480Z git version 2.48.1
job-core	Checkout code	2025-03-27T11:23:33.3558809Z ##[endgroup]
job-core	Checkout code	2025-03-27T11:23:33.3578685Z Copying '/home/kaos/.gitconfig' to '/actions-runner/_work/_temp/f1d31049-8b51-488a-92d7-35e5129b2259/.gitconfig'
job-core	Checkout code	2025-03-27T11:23:33.3600542Z Temporarily overriding HOME='/actions-runner/_work/_temp/f1d31049-8b51-488a-92d7-35e5129b2259' before making global git config changes
job-core	Checkout code	2025-03-27T11:23:33.3602723Z Adding repository directory to the temporary git global config as a safe directory
job-core	Checkout code	2025-03-27T11:23:33.3610868Z [command]/usr/bin/git config --global --add safe.directory /actions-runner/_work/ka0s/ka0s
job-core	Checkout code	2025-03-27T11:23:33.3694990Z [command]/usr/bin/git config --local --get remote.origin.url
job-core	Checkout code	2025-03-27T11:23:33.3731180Z https://github.com/Ka0s-Klaus/ka0s
job-core	Checkout code	2025-03-27T11:23:33.3768655Z ##[group]Removing previously created refs, to avoid conflicts
job-core	Checkout code	2025-03-27T11:23:33.3780079Z [command]/usr/bin/git rev-parse --symbolic-full-name --verify --quiet HEAD
job-core	Checkout code	2025-03-27T11:23:33.3818398Z refs/heads/H44-creación-módulo-versionado
job-core	Checkout code	2025-03-27T11:23:33.3841028Z [command]/usr/bin/git checkout --detach
job-core	Checkout code	2025-03-27T11:23:33.3959767Z HEAD is now at 59bec5b [Ka0S] Uploading resume execution files to the repository...
job-core	Checkout code	2025-03-27T11:23:33.4043497Z [command]/usr/bin/git branch --delete --force H44-creación-módulo-versionado
job-core	Checkout code	2025-03-27T11:23:33.4102677Z Deleted branch H44-creación-módulo-versionado (was 59bec5b).
job-core	Checkout code	2025-03-27T11:23:33.4168757Z ##[endgroup]
job-core	Checkout code	2025-03-27T11:23:33.4173915Z [command]/usr/bin/git submodule status
job-core	Checkout code	2025-03-27T11:23:33.4584608Z ##[group]Cleaning the repository
job-core	Checkout code	2025-03-27T11:23:33.4590960Z [command]/usr/bin/git clean -ffdx
job-core	Checkout code	2025-03-27T11:23:33.4649444Z Removing core/outputs/j/jsonlint-results-14105304646.txt
job-core	Checkout code	2025-03-27T11:23:33.4669059Z [command]/usr/bin/git reset --hard HEAD
job-core	Checkout code	2025-03-27T11:23:33.4825775Z HEAD is now at 59bec5b [Ka0S] Uploading resume execution files to the repository...
job-core	Checkout code	2025-03-27T11:23:33.4838320Z ##[endgroup]
job-core	Checkout code	2025-03-27T11:23:33.4843881Z ##[group]Disabling automatic garbage collection
job-core	Checkout code	2025-03-27T11:23:33.4849685Z [command]/usr/bin/git config --local gc.auto 0
job-core	Checkout code	2025-03-27T11:23:33.4913399Z ##[endgroup]
job-core	Checkout code	2025-03-27T11:23:33.4915188Z ##[group]Setting up auth
job-core	Checkout code	2025-03-27T11:23:33.4925696Z [command]/usr/bin/git config --local --name-only --get-regexp core\.sshCommand
job-core	Checkout code	2025-03-27T11:23:33.4980629Z [command]/usr/bin/git submodule foreach --recursive sh -c "git config --local --name-only --get-regexp 'core\.sshCommand' && git config --local --unset-all 'core.sshCommand' || :"
job-core	Checkout code	2025-03-27T11:23:33.5488937Z [command]/usr/bin/git config --local --name-only --get-regexp http\.https\:\/\/github\.com\/\.extraheader
job-core	Checkout code	2025-03-27T11:23:33.5557031Z [command]/usr/bin/git submodule foreach --recursive sh -c "git config --local --name-only --get-regexp 'http\.https\:\/\/github\.com\/\.extraheader' && git config --local --unset-all 'http.https://github.com/.extraheader' || :"
job-core	Checkout code	2025-03-27T11:23:33.6062695Z [command]/usr/bin/git config --local http.https://github.com/.extraheader AUTHORIZATION: basic ***
job-core	Checkout code	2025-03-27T11:23:33.6142273Z ##[endgroup]
job-core	Checkout code	2025-03-27T11:23:33.6145673Z ##[group]Fetching the repository
job-core	Checkout code	2025-03-27T11:23:33.6155815Z [command]/usr/bin/git -c protocol.version=2 fetch --prune --no-recurse-submodules origin +refs/heads/*:refs/remotes/origin/* +refs/tags/*:refs/tags/*
job-core	Checkout code	2025-03-27T11:23:35.2482566Z From https://github.com/Ka0s-Klaus/ka0s
job-core	Checkout code	2025-03-27T11:23:35.2487313Z    eac2dea..2e22293  main       -> origin/main
job-core	Checkout code	2025-03-27T11:23:35.2551364Z [command]/usr/bin/git branch --list --remote origin/H44-creación-módulo-versionado
job-core	Checkout code	2025-03-27T11:23:35.2602411Z   origin/H44-creación-módulo-versionado
job-core	Checkout code	2025-03-27T11:23:35.2625233Z [command]/usr/bin/git rev-parse refs/remotes/origin/H44-creación-módulo-versionado
job-core	Checkout code	2025-03-27T11:23:35.2667449Z 59bec5b57fa6a13f2abdaf06284b73340ff59869
job-core	Checkout code	2025-03-27T11:23:35.2682308Z ##[endgroup]
job-core	Checkout code	2025-03-27T11:23:35.2683722Z ##[group]Determining the checkout info
job-core	Checkout code	2025-03-27T11:23:35.2685347Z ##[endgroup]
job-core	Checkout code	2025-03-27T11:23:35.2690843Z [command]/usr/bin/git sparse-checkout disable
job-core	Checkout code	2025-03-27T11:23:35.2776551Z [command]/usr/bin/git config --local --unset-all extensions.worktreeConfig
job-core	Checkout code	2025-03-27T11:23:35.2825117Z ##[group]Checking out the ref
job-core	Checkout code	2025-03-27T11:23:35.2832672Z [command]/usr/bin/git checkout --progress --force -B H44-creación-módulo-versionado refs/remotes/origin/H44-creación-módulo-versionado
job-core	Checkout code	2025-03-27T11:23:35.2971884Z Switched to a new branch 'H44-creación-módulo-versionado'
job-core	Checkout code	2025-03-27T11:23:35.2980249Z branch 'H44-creación-módulo-versionado' set up to track 'origin/H44-creación-módulo-versionado'.
job-core	Checkout code	2025-03-27T11:23:35.2990428Z ##[endgroup]
job-core	Checkout code	2025-03-27T11:23:35.3052272Z [command]/usr/bin/git log -1 --format=%H
job-core	Checkout code	2025-03-27T11:23:35.3100921Z 59bec5b57fa6a13f2abdaf06284b73340ff59869
job-core	Install Node.js	﻿2025-03-27T11:23:35.3421347Z ##[group]Run actions/setup-node@v2
job-core	Install Node.js	2025-03-27T11:23:35.3421802Z with:
job-core	Install Node.js	2025-03-27T11:23:35.3422045Z   node-version: 14
job-core	Install Node.js	2025-03-27T11:23:35.3422305Z   always-auth: false
job-core	Install Node.js	2025-03-27T11:23:35.3422588Z   check-latest: false
job-core	Install Node.js	2025-03-27T11:23:35.3423098Z   token: ***
job-core	Install Node.js	2025-03-27T11:23:35.3423346Z env:
job-core	Install Node.js	2025-03-27T11:23:35.3423600Z   KAOS_MODULE: [Ka0S] JSONLINT
job-core	Install Node.js	2025-03-27T11:23:35.3424403Z   GH_TOKEN: ***
job-core	Install Node.js	2025-03-27T11:23:35.3424715Z   KAOS_JSONLINT_CONFIG: core/config/.jsonlint.json
job-core	Install Node.js	2025-03-27T11:23:35.3425134Z   KAOS_PATH_RESUME: core/outputs/j/
job-core	Install Node.js	2025-03-27T11:23:35.3425507Z   KAOS_REPO: /actions-runner/_work/kaos/kaos
job-core	Install Node.js	2025-03-27T11:23:35.3425884Z   KAOS_STEP_MODULE: 
job-core	Install Node.js	2025-03-27T11:23:35.3426154Z   KAOS_CODE: 14105311574
job-core	Install Node.js	2025-03-27T11:23:35.3426441Z   KAOS_REF_BRANCH: main
job-core	Install Node.js	2025-03-27T11:23:35.3427235Z ##[endgroup]
job-core	Install Node.js	2025-03-27T11:23:35.5517904Z Found in cache @ /actions-runner/_work/_tool/node/14.21.3/x64
job-core	Install jsonlint	﻿2025-03-27T11:23:35.5744409Z ##[group]Run if ! command -v jsonlint &> /dev/null; then
job-core	Install jsonlint	2025-03-27T11:23:35.5745124Z [36;1mif ! command -v jsonlint &> /dev/null; then[0m
job-core	Install jsonlint	2025-03-27T11:23:35.5745553Z [36;1m  echo "Installing jsonlint..."[0m
job-core	Install jsonlint	2025-03-27T11:23:35.5745918Z [36;1m  npm install -g jsonlint[0m
job-core	Install jsonlint	2025-03-27T11:23:35.5746239Z [36;1melse[0m
job-core	Install jsonlint	2025-03-27T11:23:35.5746609Z [36;1m  echo "jsonlint already installed, skipping installation"[0m
job-core	Install jsonlint	2025-03-27T11:23:35.5747047Z [36;1mfi[0m
job-core	Install jsonlint	2025-03-27T11:23:35.5747310Z [36;1mmkdir -p core/outputs/j/[0m
job-core	Install jsonlint	2025-03-27T11:23:35.5765204Z shell: /usr/bin/bash -e {0}
job-core	Install jsonlint	2025-03-27T11:23:35.5765608Z env:
job-core	Install jsonlint	2025-03-27T11:23:35.5765856Z   KAOS_MODULE: [Ka0S] JSONLINT
job-core	Install jsonlint	2025-03-27T11:23:35.5766430Z   GH_TOKEN: ***
job-core	Install jsonlint	2025-03-27T11:23:35.5766739Z   KAOS_JSONLINT_CONFIG: core/config/.jsonlint.json
job-core	Install jsonlint	2025-03-27T11:23:35.5767150Z   KAOS_PATH_RESUME: core/outputs/j/
job-core	Install jsonlint	2025-03-27T11:23:35.5767548Z   KAOS_REPO: /actions-runner/_work/kaos/kaos
job-core	Install jsonlint	2025-03-27T11:23:35.5767911Z   KAOS_STEP_MODULE: 
job-core	Install jsonlint	2025-03-27T11:23:35.5768229Z   KAOS_CODE: 14105311574
job-core	Install jsonlint	2025-03-27T11:23:35.5768516Z   KAOS_REF_BRANCH: main
job-core	Install jsonlint	2025-03-27T11:23:35.5768786Z ##[endgroup]
job-core	Install jsonlint	2025-03-27T11:23:35.5862887Z jsonlint already installed, skipping installation
job-core	Check JSON	﻿2025-03-27T11:23:35.5958683Z ##[group]Run # Invocamos la primera comprobación de base, sino se supera el proceso no continua
job-core	Check JSON	2025-03-27T11:23:35.5960598Z [36;1m# Invocamos la primera comprobación de base, sino se supera el proceso no continua[0m
job-core	Check JSON	2025-03-27T11:23:35.5961662Z [36;1m# Extraemos el nombre del fichero[0m
job-core	Check JSON	2025-03-27T11:23:35.5962358Z [36;1mfile_name=$(basename "core/outputs/e/14102480499.json")[0m
job-core	Check JSON	2025-03-27T11:23:35.5963123Z [36;1m# Generamos el fichero de resultados vacio[0m
job-core	Check JSON	2025-03-27T11:23:35.5964958Z [36;1mtouch core/outputs/j/jsonlint-results-14105311574.txt[0m
job-core	Check JSON	2025-03-27T11:23:35.5965873Z [36;1m# Realizamos el check del documento json [0m
job-core	Check JSON	2025-03-27T11:23:35.5966941Z [36;1mjsonlint core/outputs/e/14102480499.json > core/outputs/j/jsonlint-results-14105311574.txt[0m
job-core	Check JSON	2025-03-27T11:23:35.5968099Z [36;1m# esto es un workarround importante que hay que retirar[0m
job-core	Check JSON	2025-03-27T11:23:35.5968926Z [36;1m#rm -rf core/outputs/j/jsonlint-results-14105311574.txt[0m
job-core	Check JSON	2025-03-27T11:23:35.5969591Z [36;1m# a retirar[0m
job-core	Check JSON	2025-03-27T11:23:35.5970082Z [36;1m# Check if exist errors in file[0m
job-core	Check JSON	2025-03-27T11:23:35.5970603Z [36;1mecho "Mostramos fichero"[0m
job-core	Check JSON	2025-03-27T11:23:35.5983695Z [36;1mcat core/outputs/j/jsonlint-results-14105311574.txt[0m
job-core	Check JSON	2025-03-27T11:23:35.5985036Z [36;1mif [ ! -s core/outputs/j/jsonlint-results-14105311574.txt ]; then[0m
job-core	Check JSON	2025-03-27T11:23:35.5986458Z [36;1m  echo "File core/outputs/j/jsonlint-results-14105311574.txt is empty and is content correct"[0m
job-core	Check JSON	2025-03-27T11:23:35.5989367Z [36;1m  KAOS_ISSUE_BODY="The [Ka0S] JSONLINT process (14105288066) launch the check (14105311574) over file (core/outputs/e/14102480499.json) and its result has been SUCCESS. Please review all files implicated in pull request and approve to merge"[0m
job-core	Check JSON	2025-03-27T11:23:35.5992094Z [36;1m  # Añadimos la versión de jsonlint con la que se realiza la comprobacion[0m
job-core	Check JSON	2025-03-27T11:23:35.5993328Z [36;1m  jsonlint --version >> core/outputs/j/jsonlint-results-14105311574.txt[0m
job-core	Check JSON	2025-03-27T11:23:35.5994831Z [36;1m  # añadimos el nombre del fichero que vamos a comprobar[0m
job-core	Check JSON	2025-03-27T11:23:35.5996172Z [36;1m  echo "Finding: core/outputs/e/14102480499.json" >> core/outputs/j/jsonlint-results-14105311574.txt[0m
job-core	Check JSON	2025-03-27T11:23:35.5998285Z [36;1m  # gh workflow run issue.yaml --ref main -f kaos-issue-title="" -f kaos-issue-body="$KAOS_ISSUE_BODY" -f kaos-issue-actions=comment -f kaos-issue-tag="" -f kaos-issue-id=44[0m
job-core	Check JSON	2025-03-27T11:23:35.6000071Z [36;1m  gh issue comment  44 -F core/outputs/j/jsonlint-results-14105311574.txt[0m
job-core	Check JSON	2025-03-27T11:23:35.6000929Z [36;1melse[0m
job-core	Check JSON	2025-03-27T11:23:35.6001457Z [36;1m  cat core/outputs/j/jsonlint-results-14105311574.txt[0m
job-core	Check JSON	2025-03-27T11:23:35.6003639Z [36;1m  echo "File core/outputs/j/jsonlint-results-14105311574.txt is not empty and is content not correct and write commit info"[0m
job-core	Check JSON	2025-03-27T11:23:35.6006987Z [36;1m  KAOS_ISSUE_BODY="The [Ka0S] JSONLINT process (14105288066) launch the check (14105311574) over file (core/outputs/e/14102480499.json) and its result has been FAILED, please check and solved it"[0m
job-core	Check JSON	2025-03-27T11:23:35.6009141Z [36;1m  # Añadimos la versión de jsonlint con la que se realiza la comprobacion[0m
job-core	Check JSON	2025-03-27T11:23:35.6010383Z [36;1m  # jsonlint --version || true >> core/outputs/j/jsonlint-results-14105311574.txt[0m
job-core	Check JSON	2025-03-27T11:23:35.6011530Z [36;1m  # añadimos el nombre del fichero que vamos a comprobar[0m
job-core	Check JSON	2025-03-27T11:23:35.6012800Z [36;1m  echo "Finding: core/outputs/e/14102480499.json" >> core/outputs/j/jsonlint-results-14105311574.txt[0m
job-core	Check JSON	2025-03-27T11:23:35.6015408Z [36;1m  # gh workflow run issue.yaml --ref main -f kaos-issue-title="" -f kaos-issue-body="$KAOS_ISSUE_BODY" -f kaos-issue-actions=comment -f kaos-issue-tag="" -f kaos-issue-id=44 [0m
job-core	Check JSON	2025-03-27T11:23:35.6017367Z [36;1m  gh issue comment  44 -F core/outputs/j/jsonlint-results-14105311574.txt[0m
job-core	Check JSON	2025-03-27T11:23:35.6018328Z [36;1mfi[0m
job-core	Check JSON	2025-03-27T11:23:35.6032993Z shell: /usr/bin/bash -e {0}
job-core	Check JSON	2025-03-27T11:23:35.6033576Z env:
job-core	Check JSON	2025-03-27T11:23:35.6034291Z   KAOS_MODULE: [Ka0S] JSONLINT
job-core	Check JSON	2025-03-27T11:23:35.6036003Z   GH_TOKEN: ***
job-core	Check JSON	2025-03-27T11:23:35.6036516Z   KAOS_JSONLINT_CONFIG: core/config/.jsonlint.json
job-core	Check JSON	2025-03-27T11:23:35.6037220Z   KAOS_PATH_RESUME: core/outputs/j/
job-core	Check JSON	2025-03-27T11:23:35.6037917Z   KAOS_REPO: /actions-runner/_work/kaos/kaos
job-core	Check JSON	2025-03-27T11:23:35.6038536Z   KAOS_STEP_MODULE: 
job-core	Check JSON	2025-03-27T11:23:35.6039000Z   KAOS_CODE: 14105311574
job-core	Check JSON	2025-03-27T11:23:35.6039480Z   KAOS_REF_BRANCH: main
job-core	Check JSON	2025-03-27T11:23:35.6040120Z ##[endgroup]
job-core	Check JSON	2025-03-27T11:23:35.8134917Z Mostramos fichero
job-core	Check JSON	2025-03-27T11:23:35.8158622Z {
job-core	Check JSON	2025-03-27T11:23:35.8159622Z   "conclusion": "success",
job-core	Check JSON	2025-03-27T11:23:35.8164922Z   "createdAt": "2025-03-27T08:51:32Z",
job-core	Check JSON	2025-03-27T11:23:35.8176620Z   "databaseId": 14102480499,
job-core	Check JSON	2025-03-27T11:23:35.8199313Z   "displayTitle": "Ka0s JSON Lint",
job-core	Check JSON	2025-03-27T11:23:35.8200174Z   "event": "workflow_dispatch",
job-core	Check JSON	2025-03-27T11:23:35.8200861Z   "headBranch": "H34-modulo-iac-kaos",
job-core	Check JSON	2025-03-27T11:23:35.8201721Z   "headSha": "678d230439a588b10154e1644ffbc5c70ac9b81d",
job-core	Check JSON	2025-03-27T11:23:35.8202483Z   "jobs": [
job-core	Check JSON	2025-03-27T11:23:35.8202855Z     {
job-core	Check JSON	2025-03-27T11:23:35.8203397Z       "completedAt": "2025-03-27T08:53:48Z",
job-core	Check JSON	2025-03-27T11:23:35.8204283Z       "conclusion": "success",
job-core	Check JSON	2025-03-27T11:23:35.8204861Z       "databaseId": 39501512116,
job-core	Check JSON	2025-03-27T11:23:35.8205446Z       "name": "job-core",
job-core	Check JSON	2025-03-27T11:23:35.8206069Z       "startedAt": "2025-03-27T08:53:29Z",
job-core	Check JSON	2025-03-27T11:23:35.8206705Z       "status": "completed",
job-core	Check JSON	2025-03-27T11:23:35.8207228Z       "steps": [
job-core	Check JSON	2025-03-27T11:23:35.8207614Z         {
job-core	Check JSON	2025-03-27T11:23:35.8208118Z           "conclusion": "success",
job-core	Check JSON	2025-03-27T11:23:35.8208743Z           "name": "Set up job",
job-core	Check JSON	2025-03-27T11:23:35.8209341Z           "number": 1,
job-core	Check JSON	2025-03-27T11:23:35.8209862Z           "status": "completed"
job-core	Check JSON	2025-03-27T11:23:35.8210344Z         },
job-core	Check JSON	2025-03-27T11:23:35.8210700Z         {
job-core	Check JSON	2025-03-27T11:23:35.8211341Z           "conclusion": "success",
job-core	Check JSON	2025-03-27T11:23:35.8212477Z           "name": "Checkout code",
job-core	Check JSON	2025-03-27T11:23:35.8213067Z           "number": 2,
job-core	Check JSON	2025-03-27T11:23:35.8213975Z           "status": "completed"
job-core	Check JSON	2025-03-27T11:23:35.8214524Z         },
job-core	Check JSON	2025-03-27T11:23:35.8214895Z         {
job-core	Check JSON	2025-03-27T11:23:35.8215382Z           "conclusion": "success",
job-core	Check JSON	2025-03-27T11:23:35.8215994Z           "name": "Install Node.js",
job-core	Check JSON	2025-03-27T11:23:35.8216549Z           "number": 3,
job-core	Check JSON	2025-03-27T11:23:35.8217093Z           "status": "completed"
job-core	Check JSON	2025-03-27T11:23:35.8217625Z         },
job-core	Check JSON	2025-03-27T11:23:35.8218019Z         {
job-core	Check JSON	2025-03-27T11:23:35.8218524Z           "conclusion": "success",
job-core	Check JSON	2025-03-27T11:23:35.8219215Z           "name": "Install jsonlint",
job-core	Check JSON	2025-03-27T11:23:35.8219819Z           "number": 4,
job-core	Check JSON	2025-03-27T11:23:35.8220926Z           "status": "completed"
job-core	Check JSON	2025-03-27T11:23:35.8221475Z         },
job-core	Check JSON	2025-03-27T11:23:35.8221860Z         {
job-core	Check JSON	2025-03-27T11:23:35.8222369Z           "conclusion": "success",
job-core	Check JSON	2025-03-27T11:23:35.8223625Z           "name": "Check JSON",
job-core	Check JSON	2025-03-27T11:23:35.8224309Z           "number": 5,
job-core	Check JSON	2025-03-27T11:23:35.8225002Z           "status": "completed"
job-core	Check JSON	2025-03-27T11:23:35.8225503Z         },
job-core	Check JSON	2025-03-27T11:23:35.8225893Z         {
job-core	Check JSON	2025-03-27T11:23:35.8226362Z           "conclusion": "success",
job-core	Check JSON	2025-03-27T11:23:35.8227029Z           "name": "Post Install Node.js",
job-core	Check JSON	2025-03-27T11:23:35.8227642Z           "number": 9,
job-core	Check JSON	2025-03-27T11:23:35.8228168Z           "status": "completed"
job-core	Check JSON	2025-03-27T11:23:35.8228667Z         },
job-core	Check JSON	2025-03-27T11:23:35.8229055Z         {
job-core	Check JSON	2025-03-27T11:23:35.8229537Z           "conclusion": "success",
job-core	Check JSON	2025-03-27T11:23:35.8230180Z           "name": "Post Checkout code",
job-core	Check JSON	2025-03-27T11:23:35.8230808Z           "number": 10,
job-core	Check JSON	2025-03-27T11:23:35.8231379Z           "status": "completed"
job-core	Check JSON	2025-03-27T11:23:35.8231923Z         },
job-core	Check JSON	2025-03-27T11:23:35.8232318Z         {
job-core	Check JSON	2025-03-27T11:23:35.8232818Z           "conclusion": "success",
job-core	Check JSON	2025-03-27T11:23:35.8233391Z           "name": "Complete job",
job-core	Check JSON	2025-03-27T11:23:35.8234234Z           "number": 11,
job-core	Check JSON	2025-03-27T11:23:35.8234788Z           "status": "completed"
job-core	Check JSON	2025-03-27T11:23:35.8235321Z         }
job-core	Check JSON	2025-03-27T11:23:35.8236195Z       ],
job-core	Check JSON	2025-03-27T11:23:35.8237088Z       "url": "https://github.com/Ka0s-Klaus/ka0s/actions/runs/14102480499/job/39501512116"
job-core	Check JSON	2025-03-27T11:23:35.8238039Z     },
job-core	Check JSON	2025-03-27T11:23:35.8251603Z     {
job-core	Check JSON	2025-03-27T11:23:35.8252543Z       "completedAt": "2025-03-27T09:02:32Z",
job-core	Check JSON	2025-03-27T11:23:35.8253264Z       "conclusion": "success",
job-core	Check JSON	2025-03-27T11:23:35.8254303Z       "databaseId": 39501646605,
job-core	Check JSON	2025-03-27T11:23:35.8254920Z       "name": "handle-success",
job-core	Check JSON	2025-03-27T11:23:35.8255553Z       "startedAt": "2025-03-27T09:02:23Z",
job-core	Check JSON	2025-03-27T11:23:35.8256156Z       "status": "completed",
job-core	Check JSON	2025-03-27T11:23:35.8256668Z       "steps": [
job-core	Check JSON	2025-03-27T11:23:35.8257109Z         {
job-core	Check JSON	2025-03-27T11:23:35.8257671Z           "conclusion": "success",
job-core	Check JSON	2025-03-27T11:23:35.8258307Z           "name": "Set up job",
job-core	Check JSON	2025-03-27T11:23:35.8258865Z           "number": 1,
job-core	Check JSON	2025-03-27T11:23:35.8259440Z           "status": "completed"
job-core	Check JSON	2025-03-27T11:23:35.8259994Z         },
job-core	Check JSON	2025-03-27T11:23:35.8260497Z         {
job-core	Check JSON	2025-03-27T11:23:35.8261029Z           "conclusion": "success",
job-core	Check JSON	2025-03-27T11:23:35.8261770Z           "name": "handle-success-execution",
job-core	Check JSON	2025-03-27T11:23:35.8262436Z           "number": 2,
job-core	Check JSON	2025-03-27T11:23:35.8263022Z           "status": "completed"
job-core	Check JSON	2025-03-27T11:23:35.8263536Z         },
job-core	Check JSON	2025-03-27T11:23:35.8264315Z         {
job-core	Check JSON	2025-03-27T11:23:35.8264851Z           "conclusion": "success",
job-core	Check JSON	2025-03-27T11:23:35.8265520Z           "name": "Complete job",
job-core	Check JSON	2025-03-27T11:23:35.8266099Z           "number": 3,
job-core	Check JSON	2025-03-27T11:23:35.8266686Z           "status": "completed"
job-core	Check JSON	2025-03-27T11:23:35.8267214Z         }
job-core	Check JSON	2025-03-27T11:23:35.8267589Z       ],
job-core	Check JSON	2025-03-27T11:23:35.8268602Z       "url": "https://github.com/Ka0s-Klaus/ka0s/actions/runs/14102480499/job/39501646605"
job-core	Check JSON	2025-03-27T11:23:35.8269554Z     },
job-core	Check JSON	2025-03-27T11:23:35.8269955Z     {
job-core	Check JSON	2025-03-27T11:23:35.8270510Z       "completedAt": "2025-03-27T09:08:56Z",
job-core	Check JSON	2025-03-27T11:23:35.8271246Z       "conclusion": "success",
job-core	Check JSON	2025-03-27T11:23:35.8271850Z       "databaseId": 39502132366,
job-core	Check JSON	2025-03-27T11:23:35.8272457Z       "name": "end-workflow",
job-core	Check JSON	2025-03-27T11:23:35.8273134Z       "startedAt": "2025-03-27T09:08:44Z",
job-core	Check JSON	2025-03-27T11:23:35.8273935Z       "status": "completed",
job-core	Check JSON	2025-03-27T11:23:35.8274480Z       "steps": [
job-core	Check JSON	2025-03-27T11:23:35.8274920Z         {
job-core	Check JSON	2025-03-27T11:23:35.8275445Z           "conclusion": "success",
job-core	Check JSON	2025-03-27T11:23:35.8276121Z           "name": "Set up job",
job-core	Check JSON	2025-03-27T11:23:35.8276690Z           "number": 1,
job-core	Check JSON	2025-03-27T11:23:35.8277276Z           "status": "completed"
job-core	Check JSON	2025-03-27T11:23:35.8277810Z         },
job-core	Check JSON	2025-03-27T11:23:35.8278224Z         {
job-core	Check JSON	2025-03-27T11:23:35.8278737Z           "conclusion": "success",
job-core	Check JSON	2025-03-27T11:23:35.8279968Z           "name": "Checkout code",
job-core	Check JSON	2025-03-27T11:23:35.8280557Z           "number": 2,
job-core	Check JSON	2025-03-27T11:23:35.8281133Z           "status": "completed"
job-core	Check JSON	2025-03-27T11:23:35.8281638Z         },
job-core	Check JSON	2025-03-27T11:23:35.8282046Z         {
job-core	Check JSON	2025-03-27T11:23:35.8282566Z           "conclusion": "success",
job-core	Check JSON	2025-03-27T11:23:35.8283287Z           "name": "Finaliza el workflow",
job-core	Check JSON	2025-03-27T11:23:35.8284269Z           "number": 3,
job-core	Check JSON	2025-03-27T11:23:35.8284886Z           "status": "completed"
job-core	Check JSON	2025-03-27T11:23:35.8285451Z         },
job-core	Check JSON	2025-03-27T11:23:35.8285865Z         {
job-core	Check JSON	2025-03-27T11:23:35.8286380Z           "conclusion": "success",
job-core	Check JSON	2025-03-27T11:23:35.8287101Z           "name": "Post Checkout code",
job-core	Check JSON	2025-03-27T11:23:35.8287753Z           "number": 6,
job-core	Check JSON	2025-03-27T11:23:35.8288338Z           "status": "completed"
job-core	Check JSON	2025-03-27T11:23:35.8288923Z         },
job-core	Check JSON	2025-03-27T11:23:35.8289329Z         {
job-core	Check JSON	2025-03-27T11:23:35.8289882Z           "conclusion": "success",
job-core	Check JSON	2025-03-27T11:23:35.8290585Z           "name": "Complete job",
job-core	Check JSON	2025-03-27T11:23:35.8291199Z           "number": 7,
job-core	Check JSON	2025-03-27T11:23:35.8291781Z           "status": "completed"
job-core	Check JSON	2025-03-27T11:23:35.8292292Z         }
job-core	Check JSON	2025-03-27T11:23:35.8292678Z       ],
job-core	Check JSON	2025-03-27T11:23:35.8293696Z       "url": "https://github.com/Ka0s-Klaus/ka0s/actions/runs/14102480499/job/39502132366"
job-core	Check JSON	2025-03-27T11:23:35.8294919Z     },
job-core	Check JSON	2025-03-27T11:23:35.8295750Z     {
job-core	Check JSON	2025-03-27T11:23:35.8296315Z       "completedAt": "2025-03-27T09:02:32Z",
job-core	Check JSON	2025-03-27T11:23:35.8297064Z       "conclusion": "skipped",
job-core	Check JSON	2025-03-27T11:23:35.8297723Z       "databaseId": 39502132513,
job-core	Check JSON	2025-03-27T11:23:35.8298398Z       "name": "handle_failure",
job-core	Check JSON	2025-03-27T11:23:35.8299087Z       "startedAt": "2025-03-27T09:02:33Z",
job-core	Check JSON	2025-03-27T11:23:35.8299763Z       "status": "completed",
job-core	Check JSON	2025-03-27T11:23:35.8300344Z       "steps": [],
job-core	Check JSON	2025-03-27T11:23:35.8301392Z       "url": "https://github.com/Ka0s-Klaus/ka0s/actions/runs/14102480499/job/39502132513"
job-core	Check JSON	2025-03-27T11:23:35.8302358Z     }
job-core	Check JSON	2025-03-27T11:23:35.8302748Z   ],
job-core	Check JSON	2025-03-27T11:23:35.8303212Z   "name": "Ka0s JSON Lint",
job-core	Check JSON	2025-03-27T11:23:35.8303871Z   "number": 121,
job-core	Check JSON	2025-03-27T11:23:35.8304483Z   "startedAt": "2025-03-27T08:51:32Z",
job-core	Check JSON	2025-03-27T11:23:35.8305153Z   "status": "completed",
job-core	Check JSON	2025-03-27T11:23:35.8305798Z   "updatedAt": "2025-03-27T09:08:56Z",
job-core	Check JSON	2025-03-27T11:23:35.8306757Z   "url": "https://github.com/Ka0s-Klaus/ka0s/actions/runs/14102480499",
job-core	Check JSON	2025-03-27T11:23:35.8307776Z   "workflowDatabaseId": 152110813,
job-core	Check JSON	2025-03-27T11:23:35.8308484Z   "workflowName": "Ka0s JSON Lint"
job-core	Check JSON	2025-03-27T11:23:35.8309182Z }
job-core	Check JSON	2025-03-27T11:23:35.8309591Z {
job-core	Check JSON	2025-03-27T11:23:35.8310042Z   "conclusion": "success",
job-core	Check JSON	2025-03-27T11:23:35.8310706Z   "createdAt": "2025-03-27T08:51:32Z",
job-core	Check JSON	2025-03-27T11:23:35.8311322Z   "databaseId": 14102480499,
job-core	Check JSON	2025-03-27T11:23:35.8312007Z   "displayTitle": "Ka0s JSON Lint",
job-core	Check JSON	2025-03-27T11:23:35.8312731Z   "event": "workflow_dispatch",
job-core	Check JSON	2025-03-27T11:23:35.8313405Z   "headBranch": "H34-modulo-iac-kaos",
job-core	Check JSON	2025-03-27T11:23:35.8314522Z   "headSha": "678d230439a588b10154e1644ffbc5c70ac9b81d",
job-core	Check JSON	2025-03-27T11:23:35.8315618Z   "jobs": [
job-core	Check JSON	2025-03-27T11:23:35.8316100Z     {
job-core	Check JSON	2025-03-27T11:23:35.8316600Z       "completedAt": "2025-03-27T08:53:48Z",
job-core	Check JSON	2025-03-27T11:23:35.8326241Z       "conclusion": "success",
job-core	Check JSON	2025-03-27T11:23:35.8327006Z       "databaseId": 39501512116,
job-core	Check JSON	2025-03-27T11:23:35.8327583Z       "name": "job-core",
job-core	Check JSON	2025-03-27T11:23:35.8328223Z       "startedAt": "2025-03-27T08:53:29Z",
job-core	Check JSON	2025-03-27T11:23:35.8328884Z       "status": "completed",
job-core	Check JSON	2025-03-27T11:23:35.8329434Z       "steps": [
job-core	Check JSON	2025-03-27T11:23:35.8329861Z         {
job-core	Check JSON	2025-03-27T11:23:35.8330407Z           "conclusion": "success",
job-core	Check JSON	2025-03-27T11:23:35.8331073Z           "name": "Set up job",
job-core	Check JSON	2025-03-27T11:23:35.8331611Z           "number": 1,
job-core	Check JSON	2025-03-27T11:23:35.8332171Z           "status": "completed"
job-core	Check JSON	2025-03-27T11:23:35.8332753Z         },
job-core	Check JSON	2025-03-27T11:23:35.8333138Z         {
job-core	Check JSON	2025-03-27T11:23:35.8334111Z           "conclusion": "success",
job-core	Check JSON	2025-03-27T11:23:35.8334739Z           "name": "Checkout code",
job-core	Check JSON	2025-03-27T11:23:35.8335761Z           "number": 2,
job-core	Check JSON	2025-03-27T11:23:35.8336338Z           "status": "completed"
job-core	Check JSON	2025-03-27T11:23:35.8336869Z         },
job-core	Check JSON	2025-03-27T11:23:35.8337277Z         {
job-core	Check JSON	2025-03-27T11:23:35.8337781Z           "conclusion": "success",
job-core	Check JSON	2025-03-27T11:23:35.8338470Z           "name": "Install Node.js",
job-core	Check JSON	2025-03-27T11:23:35.8339080Z           "number": 3,
job-core	Check JSON	2025-03-27T11:23:35.8339663Z           "status": "completed"
job-core	Check JSON	2025-03-27T11:23:35.8340195Z         },
job-core	Check JSON	2025-03-27T11:23:35.8340562Z         {
job-core	Check JSON	2025-03-27T11:23:35.8341033Z           "conclusion": "success",
job-core	Check JSON	2025-03-27T11:23:35.8341711Z           "name": "Install jsonlint",
job-core	Check JSON	2025-03-27T11:23:35.8342325Z           "number": 4,
job-core	Check JSON	2025-03-27T11:23:35.8342896Z           "status": "completed"
job-core	Check JSON	2025-03-27T11:23:35.8343401Z         },
job-core	Check JSON	2025-03-27T11:23:35.8343903Z         {
job-core	Check JSON	2025-03-27T11:23:35.8344422Z           "conclusion": "success",
job-core	Check JSON	2025-03-27T11:23:35.8345100Z           "name": "Check JSON",
job-core	Check JSON	2025-03-27T11:23:35.8345678Z           "number": 5,
job-core	Check JSON	2025-03-27T11:23:35.8346264Z           "status": "completed"
job-core	Check JSON	2025-03-27T11:23:35.8346807Z         },
job-core	Check JSON	2025-03-27T11:23:35.8347199Z         {
job-core	Check JSON	2025-03-27T11:23:35.8347730Z           "conclusion": "success",
job-core	Check JSON	2025-03-27T11:23:35.8348438Z           "name": "Post Install Node.js",
job-core	Check JSON	2025-03-27T11:23:35.8349022Z           "number": 9,
job-core	Check JSON	2025-03-27T11:23:35.8349592Z           "status": "completed"
job-core	Check JSON	2025-03-27T11:23:35.8350590Z         },
job-core	Check JSON	2025-03-27T11:23:35.8350950Z         {
job-core	Check JSON	2025-03-27T11:23:35.8351443Z           "conclusion": "success",
job-core	Check JSON	2025-03-27T11:23:35.8352084Z           "name": "Post Checkout code",
job-core	Check JSON	2025-03-27T11:23:35.8352633Z           "number": 10,
job-core	Check JSON	2025-03-27T11:23:35.8353171Z           "status": "completed"
job-core	Check JSON	2025-03-27T11:23:35.8353670Z         },
job-core	Check JSON	2025-03-27T11:23:35.8354351Z         {
job-core	Check JSON	2025-03-27T11:23:35.8354830Z           "conclusion": "success",
job-core	Check JSON	2025-03-27T11:23:35.8355495Z           "name": "Complete job",
job-core	Check JSON	2025-03-27T11:23:35.8356063Z           "number": 11,
job-core	Check JSON	2025-03-27T11:23:35.8356629Z           "status": "completed"
job-core	Check JSON	2025-03-27T11:23:35.8357326Z         }
job-core	Check JSON	2025-03-27T11:23:35.8357710Z       ],
job-core	Check JSON	2025-03-27T11:23:35.8358685Z       "url": "https://github.com/Ka0s-Klaus/ka0s/actions/runs/14102480499/job/39501512116"
job-core	Check JSON	2025-03-27T11:23:35.8359673Z     },
job-core	Check JSON	2025-03-27T11:23:35.8360068Z     {
job-core	Check JSON	2025-03-27T11:23:35.8360638Z       "completedAt": "2025-03-27T09:02:32Z",
job-core	Check JSON	2025-03-27T11:23:35.8361343Z       "conclusion": "success",
job-core	Check JSON	2025-03-27T11:23:35.8361985Z       "databaseId": 39501646605,
job-core	Check JSON	2025-03-27T11:23:35.8362615Z       "name": "handle-success",
job-core	Check JSON	2025-03-27T11:23:35.8363260Z       "startedAt": "2025-03-27T09:02:23Z",
job-core	Check JSON	2025-03-27T11:23:35.8364015Z       "status": "completed",
job-core	Check JSON	2025-03-27T11:23:35.8364573Z       "steps": [
job-core	Check JSON	2025-03-27T11:23:35.8365022Z         {
job-core	Check JSON	2025-03-27T11:23:35.8365564Z           "conclusion": "success",
job-core	Check JSON	2025-03-27T11:23:35.8366204Z           "name": "Set up job",
job-core	Check JSON	2025-03-27T11:23:35.8366786Z           "number": 1,
job-core	Check JSON	2025-03-27T11:23:35.8367389Z           "status": "completed"
job-core	Check JSON	2025-03-27T11:23:35.8367942Z         },
job-core	Check JSON	2025-03-27T11:23:35.8376945Z         {
job-core	Check JSON	2025-03-27T11:23:35.8377610Z           "conclusion": "success",
job-core	Check JSON	2025-03-27T11:23:35.8378412Z           "name": "handle-success-execution",
job-core	Check JSON	2025-03-27T11:23:35.8379091Z           "number": 2,
job-core	Check JSON	2025-03-27T11:23:35.8379680Z           "status": "completed"
job-core	Check JSON	2025-03-27T11:23:35.8380222Z         },
job-core	Check JSON	2025-03-27T11:23:35.8380628Z         {
job-core	Check JSON	2025-03-27T11:23:35.8381129Z           "conclusion": "success",
job-core	Check JSON	2025-03-27T11:23:35.8381864Z           "name": "Complete job",
job-core	Check JSON	2025-03-27T11:23:35.8382463Z           "number": 3,
job-core	Check JSON	2025-03-27T11:23:35.8383033Z           "status": "completed"
job-core	Check JSON	2025-03-27T11:23:35.8383560Z         }
job-core	Check JSON	2025-03-27T11:23:35.8384064Z       ],
job-core	Check JSON	2025-03-27T11:23:35.8385145Z       "url": "https://github.com/Ka0s-Klaus/ka0s/actions/runs/14102480499/job/39501646605"
job-core	Check JSON	2025-03-27T11:23:35.8386002Z     },
job-core	Check JSON	2025-03-27T11:23:35.8386376Z     {
job-core	Check JSON	2025-03-27T11:23:35.8386881Z       "completedAt": "2025-03-27T09:08:56Z",
job-core	Check JSON	2025-03-27T11:23:35.8387588Z       "conclusion": "success",
job-core	Check JSON	2025-03-27T11:23:35.8388213Z       "databaseId": 39502132366,
job-core	Check JSON	2025-03-27T11:23:35.8389309Z       "name": "end-workflow",
job-core	Check JSON	2025-03-27T11:23:35.8389965Z       "startedAt": "2025-03-27T09:08:44Z",
job-core	Check JSON	2025-03-27T11:23:35.8390632Z       "status": "completed",
job-core	Check JSON	2025-03-27T11:23:35.8391161Z       "steps": [
job-core	Check JSON	2025-03-27T11:23:35.8391570Z         {
job-core	Check JSON	2025-03-27T11:23:35.8392093Z           "conclusion": "success",
job-core	Check JSON	2025-03-27T11:23:35.8392771Z           "name": "Set up job",
job-core	Check JSON	2025-03-27T11:23:35.8393340Z           "number": 1,
job-core	Check JSON	2025-03-27T11:23:35.8394024Z           "status": "completed"
job-core	Check JSON	2025-03-27T11:23:35.8394553Z         },
job-core	Check JSON	2025-03-27T11:23:35.8394936Z         {
job-core	Check JSON	2025-03-27T11:23:35.8395413Z           "conclusion": "success",
job-core	Check JSON	2025-03-27T11:23:35.8396020Z           "name": "Checkout code",
job-core	Check JSON	2025-03-27T11:23:35.8396552Z           "number": 2,
job-core	Check JSON	2025-03-27T11:23:35.8397097Z           "status": "completed"
job-core	Check JSON	2025-03-27T11:23:35.8397617Z         },
job-core	Check JSON	2025-03-27T11:23:35.8397983Z         {
job-core	Check JSON	2025-03-27T11:23:35.8398481Z           "conclusion": "success",
job-core	Check JSON	2025-03-27T11:23:35.8399214Z           "name": "Finaliza el workflow",
job-core	Check JSON	2025-03-27T11:23:35.8399868Z           "number": 3,
job-core	Check JSON	2025-03-27T11:23:35.8400598Z           "status": "completed"
job-core	Check JSON	2025-03-27T11:23:35.8401113Z         },
job-core	Check JSON	2025-03-27T11:23:35.8401498Z         {
job-core	Check JSON	2025-03-27T11:23:35.8401977Z           "conclusion": "success",
job-core	Check JSON	2025-03-27T11:23:35.8402738Z           "name": "Post Checkout code",
job-core	Check JSON	2025-03-27T11:23:35.8404128Z           "number": 6,
job-core	Check JSON	2025-03-27T11:23:35.8404665Z           "status": "completed"
job-core	Check JSON	2025-03-27T11:23:35.8405143Z         },
job-core	Check JSON	2025-03-27T11:23:35.8405512Z         {
job-core	Check JSON	2025-03-27T11:23:35.8405983Z           "conclusion": "success",
job-core	Check JSON	2025-03-27T11:23:35.8406665Z           "name": "Complete job",
job-core	Check JSON	2025-03-27T11:23:35.8407275Z           "number": 7,
job-core	Check JSON	2025-03-27T11:23:35.8407876Z           "status": "completed"
job-core	Check JSON	2025-03-27T11:23:35.8408390Z         }
job-core	Check JSON	2025-03-27T11:23:35.8408779Z       ],
job-core	Check JSON	2025-03-27T11:23:35.8409716Z       "url": "https://github.com/Ka0s-Klaus/ka0s/actions/runs/14102480499/job/39502132366"
job-core	Check JSON	2025-03-27T11:23:35.8410641Z     },
job-core	Check JSON	2025-03-27T11:23:35.8411050Z     {
job-core	Check JSON	2025-03-27T11:23:35.8411608Z       "completedAt": "2025-03-27T09:02:32Z",
job-core	Check JSON	2025-03-27T11:23:35.8412299Z       "conclusion": "skipped",
job-core	Check JSON	2025-03-27T11:23:35.8412960Z       "databaseId": 39502132513,
job-core	Check JSON	2025-03-27T11:23:35.8413638Z       "name": "handle_failure",
job-core	Check JSON	2025-03-27T11:23:35.8414703Z       "startedAt": "2025-03-27T09:02:33Z",
job-core	Check JSON	2025-03-27T11:23:35.8415248Z       "status": "completed",
job-core	Check JSON	2025-03-27T11:23:35.8415750Z       "steps": [],
job-core	Check JSON	2025-03-27T11:23:35.8416912Z       "url": "https://github.com/Ka0s-Klaus/ka0s/actions/runs/14102480499/job/39502132513"
job-core	Check JSON	2025-03-27T11:23:35.8417921Z     }
job-core	Check JSON	2025-03-27T11:23:35.8418315Z   ],
job-core	Check JSON	2025-03-27T11:23:35.8418729Z   "name": "Ka0s JSON Lint",
job-core	Check JSON	2025-03-27T11:23:35.8419230Z   "number": 121,
job-core	Check JSON	2025-03-27T11:23:35.8419747Z   "startedAt": "2025-03-27T08:51:32Z",
job-core	Check JSON	2025-03-27T11:23:35.8420365Z   "status": "completed",
job-core	Check JSON	2025-03-27T11:23:35.8428995Z   "updatedAt": "2025-03-27T09:08:56Z",
job-core	Check JSON	2025-03-27T11:23:35.8430081Z   "url": "https://github.com/Ka0s-Klaus/ka0s/actions/runs/14102480499",
job-core	Check JSON	2025-03-27T11:23:35.8431050Z   "workflowDatabaseId": 152110813,
job-core	Check JSON	2025-03-27T11:23:35.8431735Z   "workflowName": "Ka0s JSON Lint"
job-core	Check JSON	2025-03-27T11:23:35.8432375Z }
job-core	Check JSON	2025-03-27T11:23:35.8434122Z File core/outputs/j/jsonlint-results-14105311574.txt is not empty and is content not correct and write commit info
job-core	Check JSON	2025-03-27T11:23:37.5263355Z https://github.com/Ka0s-Klaus/ka0s/issues/44#issuecomment-2757687928
job-core	Post Install Node.js	﻿2025-03-27T11:23:37.5476964Z Post job cleanup.
job-core	Post Checkout code	﻿2025-03-27T11:23:37.7408200Z Post job cleanup.
job-core	Post Checkout code	2025-03-27T11:23:37.9602515Z [command]/usr/bin/git version
job-core	Post Checkout code	2025-03-27T11:23:37.9676577Z git version 2.48.1
job-core	Post Checkout code	2025-03-27T11:23:37.9759577Z Copying '/home/kaos/.gitconfig' to '/actions-runner/_work/_temp/7f01af2d-fca2-4df5-aa21-75e97b266eff/.gitconfig'
job-core	Post Checkout code	2025-03-27T11:23:37.9780949Z Temporarily overriding HOME='/actions-runner/_work/_temp/7f01af2d-fca2-4df5-aa21-75e97b266eff' before making global git config changes
job-core	Post Checkout code	2025-03-27T11:23:37.9785087Z Adding repository directory to the temporary git global config as a safe directory
job-core	Post Checkout code	2025-03-27T11:23:37.9791851Z [command]/usr/bin/git config --global --add safe.directory /actions-runner/_work/ka0s/ka0s
job-core	Post Checkout code	2025-03-27T11:23:37.9861846Z [command]/usr/bin/git config --local --name-only --get-regexp core\.sshCommand
job-core	Post Checkout code	2025-03-27T11:23:37.9939326Z [command]/usr/bin/git submodule foreach --recursive sh -c "git config --local --name-only --get-regexp 'core\.sshCommand' && git config --local --unset-all 'core.sshCommand' || :"
job-core	Post Checkout code	2025-03-27T11:23:38.0525627Z [command]/usr/bin/git config --local --name-only --get-regexp http\.https\:\/\/github\.com\/\.extraheader
job-core	Post Checkout code	2025-03-27T11:23:38.0573126Z http.https://github.com/.extraheader
job-core	Post Checkout code	2025-03-27T11:23:38.0604432Z [command]/usr/bin/git config --local --unset-all http.https://github.com/.extraheader
job-core	Post Checkout code	2025-03-27T11:23:38.0690689Z [command]/usr/bin/git submodule foreach --recursive sh -c "git config --local --name-only --get-regexp 'http\.https\:\/\/github\.com\/\.extraheader' && git config --local --unset-all 'http.https://github.com/.extraheader' || :"
job-core	Complete job	﻿2025-03-27T11:23:38.1343064Z Cleaning up orphan processes
handle-success	Set up job	﻿2025-03-27T11:25:08.7600040Z Current runner version: '2.323.0'
handle-success	Set up job	2025-03-27T11:25:08.7610355Z Runner name: 'ka0s-runner-1'
handle-success	Set up job	2025-03-27T11:25:08.7611678Z Machine name: '181b3e34799e'
handle-success	Set up job	2025-03-27T11:25:08.7616071Z ##[group]GITHUB_TOKEN Permissions
handle-success	Set up job	2025-03-27T11:25:08.7619031Z Actions: write
handle-success	Set up job	2025-03-27T11:25:08.7619891Z Contents: write
handle-success	Set up job	2025-03-27T11:25:08.7620639Z Issues: write
handle-success	Set up job	2025-03-27T11:25:08.7621267Z Metadata: read
handle-success	Set up job	2025-03-27T11:25:08.7621988Z PullRequests: write
handle-success	Set up job	2025-03-27T11:25:08.7622704Z ##[endgroup]
handle-success	Set up job	2025-03-27T11:25:08.7626148Z Secret source: Actions
handle-success	Set up job	2025-03-27T11:25:08.7627138Z Prepare workflow directory
handle-success	Set up job	2025-03-27T11:25:08.8538340Z Prepare all required actions
handle-success	Set up job	2025-03-27T11:25:08.8591481Z Getting action download info
handle-success	Set up job	2025-03-27T11:25:09.8443649Z Download action repository 'actions/checkout@v4' (SHA:11bd71901bbe5b1630ceea73d27597364c9af683)
handle-success	Set up job	2025-03-27T11:25:11.8276040Z Complete job name: handle-success
handle-success	Checkout code	﻿2025-03-27T11:25:11.8925179Z ##[group]Run actions/checkout@v4
handle-success	Checkout code	2025-03-27T11:25:11.8926313Z with:
handle-success	Checkout code	2025-03-27T11:25:11.8926664Z   fetch-depth: 0
handle-success	Checkout code	2025-03-27T11:25:11.8927835Z   token: ***
handle-success	Checkout code	2025-03-27T11:25:11.8928211Z   repository: Ka0s-Klaus/ka0s
handle-success	Checkout code	2025-03-27T11:25:11.8928593Z   ssh-strict: true
handle-success	Checkout code	2025-03-27T11:25:11.8928910Z   ssh-user: git
handle-success	Checkout code	2025-03-27T11:25:11.8929243Z   persist-credentials: true
handle-success	Checkout code	2025-03-27T11:25:11.8929600Z   clean: true
handle-success	Checkout code	2025-03-27T11:25:11.8929939Z   sparse-checkout-cone-mode: true
handle-success	Checkout code	2025-03-27T11:25:11.8930351Z   fetch-tags: false
handle-success	Checkout code	2025-03-27T11:25:11.8930701Z   show-progress: true
handle-success	Checkout code	2025-03-27T11:25:11.8931047Z   lfs: false
handle-success	Checkout code	2025-03-27T11:25:11.8931361Z   submodules: false
handle-success	Checkout code	2025-03-27T11:25:11.8931707Z   set-safe-directory: true
handle-success	Checkout code	2025-03-27T11:25:11.8932430Z env:
handle-success	Checkout code	2025-03-27T11:25:11.8932766Z   KAOS_MODULE: [Ka0S] JSONLINT
handle-success	Checkout code	2025-03-27T11:25:11.8933364Z   GH_TOKEN: ***
handle-success	Checkout code	2025-03-27T11:25:11.8933879Z   KAOS_JSONLINT_CONFIG: core/config/.jsonlint.json
handle-success	Checkout code	2025-03-27T11:25:11.8934549Z   KAOS_PATH_RESUME: core/outputs/j/
handle-success	Checkout code	2025-03-27T11:25:11.8935098Z   KAOS_REPO: /actions-runner/_work/kaos/kaos
handle-success	Checkout code	2025-03-27T11:25:11.8935568Z   KAOS_STEP_MODULE: 
handle-success	Checkout code	2025-03-27T11:25:11.8935956Z   KAOS_CODE: 14105311574
handle-success	Checkout code	2025-03-27T11:25:11.8936407Z   KAOS_REF_BRANCH: main
handle-success	Checkout code	2025-03-27T11:25:11.8936767Z ##[endgroup]
handle-success	Checkout code	2025-03-27T11:25:12.0723708Z Syncing repository: Ka0s-Klaus/ka0s
handle-success	Checkout code	2025-03-27T11:25:12.0729962Z ##[group]Getting Git version info
handle-success	Checkout code	2025-03-27T11:25:12.0731186Z Working directory is '/actions-runner/_work/ka0s/ka0s'
handle-success	Checkout code	2025-03-27T11:25:12.0732753Z [command]/usr/bin/git version
handle-success	Checkout code	2025-03-27T11:25:12.0733503Z git version 2.48.1
handle-success	Checkout code	2025-03-27T11:25:12.0736201Z ##[endgroup]
handle-success	Checkout code	2025-03-27T11:25:12.0745836Z Copying '/home/kaos/.gitconfig' to '/actions-runner/_work/_temp/74b1d25c-72d7-455a-9275-f7612b1e23bc/.gitconfig'
handle-success	Checkout code	2025-03-27T11:25:12.0748144Z Temporarily overriding HOME='/actions-runner/_work/_temp/74b1d25c-72d7-455a-9275-f7612b1e23bc' before making global git config changes
handle-success	Checkout code	2025-03-27T11:25:12.0750156Z Adding repository directory to the temporary git global config as a safe directory
handle-success	Checkout code	2025-03-27T11:25:12.0751815Z [command]/usr/bin/git config --global --add safe.directory /actions-runner/_work/ka0s/ka0s
handle-success	Checkout code	2025-03-27T11:25:12.0754519Z [command]/usr/bin/git config --local --get remote.origin.url
handle-success	Checkout code	2025-03-27T11:25:12.0770192Z https://github.com/Ka0s-Klaus/ka0s
handle-success	Checkout code	2025-03-27T11:25:12.0795239Z ##[group]Removing previously created refs, to avoid conflicts
handle-success	Checkout code	2025-03-27T11:25:12.0802097Z [command]/usr/bin/git rev-parse --symbolic-full-name --verify --quiet HEAD
handle-success	Checkout code	2025-03-27T11:25:12.0839712Z refs/heads/H44-creación-módulo-versionado
handle-success	Checkout code	2025-03-27T11:25:12.0854671Z [command]/usr/bin/git checkout --detach
handle-success	Checkout code	2025-03-27T11:25:12.0976583Z HEAD is now at 59bec5b [Ka0S] Uploading resume execution files to the repository...
handle-success	Checkout code	2025-03-27T11:25:12.1049375Z [command]/usr/bin/git branch --delete --force H44-creación-módulo-versionado
handle-success	Checkout code	2025-03-27T11:25:12.1096881Z Deleted branch H44-creación-módulo-versionado (was 59bec5b).
handle-success	Checkout code	2025-03-27T11:25:12.1168430Z ##[endgroup]
handle-success	Checkout code	2025-03-27T11:25:12.1173588Z [command]/usr/bin/git submodule status
handle-success	Checkout code	2025-03-27T11:25:12.1577803Z ##[group]Cleaning the repository
handle-success	Checkout code	2025-03-27T11:25:12.1585920Z [command]/usr/bin/git clean -ffdx
handle-success	Checkout code	2025-03-27T11:25:12.1657117Z [command]/usr/bin/git reset --hard HEAD
handle-success	Checkout code	2025-03-27T11:25:12.1807896Z HEAD is now at 59bec5b [Ka0S] Uploading resume execution files to the repository...
handle-success	Checkout code	2025-03-27T11:25:12.1818253Z ##[endgroup]
handle-success	Checkout code	2025-03-27T11:25:12.1819907Z ##[group]Disabling automatic garbage collection
handle-success	Checkout code	2025-03-27T11:25:12.1828035Z [command]/usr/bin/git config --local gc.auto 0
handle-success	Checkout code	2025-03-27T11:25:12.1884607Z ##[endgroup]
handle-success	Checkout code	2025-03-27T11:25:12.1885774Z ##[group]Setting up auth
handle-success	Checkout code	2025-03-27T11:25:12.1895310Z [command]/usr/bin/git config --local --name-only --get-regexp core\.sshCommand
handle-success	Checkout code	2025-03-27T11:25:12.1945278Z [command]/usr/bin/git submodule foreach --recursive sh -c "git config --local --name-only --get-regexp 'core\.sshCommand' && git config --local --unset-all 'core.sshCommand' || :"
handle-success	Checkout code	2025-03-27T11:25:12.2343895Z [command]/usr/bin/git config --local --name-only --get-regexp http\.https\:\/\/github\.com\/\.extraheader
handle-success	Checkout code	2025-03-27T11:25:12.2393196Z [command]/usr/bin/git submodule foreach --recursive sh -c "git config --local --name-only --get-regexp 'http\.https\:\/\/github\.com\/\.extraheader' && git config --local --unset-all 'http.https://github.com/.extraheader' || :"
handle-success	Checkout code	2025-03-27T11:25:12.2801032Z [command]/usr/bin/git config --local http.https://github.com/.extraheader AUTHORIZATION: basic ***
handle-success	Checkout code	2025-03-27T11:25:12.2875247Z ##[endgroup]
handle-success	Checkout code	2025-03-27T11:25:12.2877446Z ##[group]Fetching the repository
handle-success	Checkout code	2025-03-27T11:25:12.2891996Z [command]/usr/bin/git -c protocol.version=2 fetch --prune --no-recurse-submodules origin +refs/heads/*:refs/remotes/origin/* +refs/tags/*:refs/tags/*
handle-success	Checkout code	2025-03-27T11:25:12.9885074Z [command]/usr/bin/git branch --list --remote origin/H44-creación-módulo-versionado
handle-success	Checkout code	2025-03-27T11:25:12.9948653Z   origin/H44-creación-módulo-versionado
handle-success	Checkout code	2025-03-27T11:25:12.9985846Z [command]/usr/bin/git rev-parse refs/remotes/origin/H44-creación-módulo-versionado
handle-success	Checkout code	2025-03-27T11:25:13.0049652Z 59bec5b57fa6a13f2abdaf06284b73340ff59869
handle-success	Checkout code	2025-03-27T11:25:13.0084008Z ##[endgroup]
handle-success	Checkout code	2025-03-27T11:25:13.0085399Z ##[group]Determining the checkout info
handle-success	Checkout code	2025-03-27T11:25:13.0091152Z ##[endgroup]
handle-success	Checkout code	2025-03-27T11:25:13.0108064Z [command]/usr/bin/git sparse-checkout disable
handle-success	Checkout code	2025-03-27T11:25:13.0222980Z [command]/usr/bin/git config --local --unset-all extensions.worktreeConfig
handle-success	Checkout code	2025-03-27T11:25:13.0315961Z ##[group]Checking out the ref
handle-success	Checkout code	2025-03-27T11:25:13.0325236Z [command]/usr/bin/git checkout --progress --force -B H44-creación-módulo-versionado refs/remotes/origin/H44-creación-módulo-versionado
handle-success	Checkout code	2025-03-27T11:25:13.0498193Z Switched to a new branch 'H44-creación-módulo-versionado'
handle-success	Checkout code	2025-03-27T11:25:13.0505472Z branch 'H44-creación-módulo-versionado' set up to track 'origin/H44-creación-módulo-versionado'.
handle-success	Checkout code	2025-03-27T11:25:13.0518562Z ##[endgroup]
handle-success	Checkout code	2025-03-27T11:25:13.0573824Z [command]/usr/bin/git log -1 --format=%H
handle-success	Checkout code	2025-03-27T11:25:13.0616915Z 59bec5b57fa6a13f2abdaf06284b73340ff59869
handle-success	handle-success-execution	﻿2025-03-27T11:25:13.0979618Z ##[group]Run # Si todo ha ido correcto añadimos el contenido del fichero 
handle-success	handle-success-execution	2025-03-27T11:25:13.0980567Z [36;1m# Si todo ha ido correcto añadimos el contenido del fichero [0m
handle-success	handle-success-execution	2025-03-27T11:25:13.0981991Z [36;1mRNNUMBER=$(echo "refs/heads/H44-creación-módulo-versionado" | grep -o '[0-9]*')[0m
handle-success	handle-success-execution	2025-03-27T11:25:13.0984441Z [36;1mgh issue comment $RNNUMBER --body "El proceso ha finalizado correctamente 14105311574. El resultado está en el fichero core/results/event_data14105311574.log"[0m
handle-success	handle-success-execution	2025-03-27T11:25:13.1000484Z shell: /usr/bin/bash -e {0}
handle-success	handle-success-execution	2025-03-27T11:25:13.1000950Z env:
handle-success	handle-success-execution	2025-03-27T11:25:13.1001250Z   KAOS_MODULE: [Ka0S] JSONLINT
handle-success	handle-success-execution	2025-03-27T11:25:13.1001966Z   GH_TOKEN: ***
handle-success	handle-success-execution	2025-03-27T11:25:13.1002349Z   KAOS_JSONLINT_CONFIG: core/config/.jsonlint.json
handle-success	handle-success-execution	2025-03-27T11:25:13.1002820Z   KAOS_PATH_RESUME: core/outputs/j/
handle-success	handle-success-execution	2025-03-27T11:25:13.1003249Z   KAOS_REPO: /actions-runner/_work/kaos/kaos
handle-success	handle-success-execution	2025-03-27T11:25:13.1003665Z   KAOS_STEP_MODULE: 
handle-success	handle-success-execution	2025-03-27T11:25:13.1004233Z   KAOS_CODE: 14105311574
handle-success	handle-success-execution	2025-03-27T11:25:13.1004762Z   KAOS_REF_BRANCH: main
handle-success	handle-success-execution	2025-03-27T11:25:13.1005105Z ##[endgroup]
handle-success	handle-success-execution	2025-03-27T11:25:14.6036529Z https://github.com/Ka0s-Klaus/ka0s/issues/44#issuecomment-2757692232
handle-success	Post Checkout code	﻿2025-03-27T11:25:14.6287053Z Post job cleanup.
handle-success	Post Checkout code	2025-03-27T11:25:14.7899693Z [command]/usr/bin/git version
handle-success	Post Checkout code	2025-03-27T11:25:14.7966267Z git version 2.48.1
handle-success	Post Checkout code	2025-03-27T11:25:14.8037022Z Copying '/home/kaos/.gitconfig' to '/actions-runner/_work/_temp/d71b9d9f-d971-4ae0-a15a-eaf523338fb4/.gitconfig'
handle-success	Post Checkout code	2025-03-27T11:25:14.8077561Z Temporarily overriding HOME='/actions-runner/_work/_temp/d71b9d9f-d971-4ae0-a15a-eaf523338fb4' before making global git config changes
handle-success	Post Checkout code	2025-03-27T11:25:14.8081657Z Adding repository directory to the temporary git global config as a safe directory
handle-success	Post Checkout code	2025-03-27T11:25:14.8085579Z [command]/usr/bin/git config --global --add safe.directory /actions-runner/_work/ka0s/ka0s
handle-success	Post Checkout code	2025-03-27T11:25:14.8148450Z [command]/usr/bin/git config --local --name-only --get-regexp core\.sshCommand
handle-success	Post Checkout code	2025-03-27T11:25:14.8219888Z [command]/usr/bin/git submodule foreach --recursive sh -c "git config --local --name-only --get-regexp 'core\.sshCommand' && git config --local --unset-all 'core.sshCommand' || :"
handle-success	Post Checkout code	2025-03-27T11:25:14.8618424Z [command]/usr/bin/git config --local --name-only --get-regexp http\.https\:\/\/github\.com\/\.extraheader
handle-success	Post Checkout code	2025-03-27T11:25:14.8655975Z http.https://github.com/.extraheader
handle-success	Post Checkout code	2025-03-27T11:25:14.8674908Z [command]/usr/bin/git config --local --unset-all http.https://github.com/.extraheader
handle-success	Post Checkout code	2025-03-27T11:25:14.8733725Z [command]/usr/bin/git submodule foreach --recursive sh -c "git config --local --name-only --get-regexp 'http\.https\:\/\/github\.com\/\.extraheader' && git config --local --unset-all 'http.https://github.com/.extraheader' || :"
handle-success	Complete job	﻿2025-03-27T11:25:14.9367823Z Cleaning up orphan processes
end-workflow	Set up job	﻿2025-03-27T11:26:47.6494483Z Current runner version: '2.323.0'
end-workflow	Set up job	2025-03-27T11:26:47.6508227Z Runner name: 'kaos-4'
end-workflow	Set up job	2025-03-27T11:26:47.6510094Z Machine name: '3fe80eba0036'
end-workflow	Set up job	2025-03-27T11:26:47.6516891Z ##[group]GITHUB_TOKEN Permissions
end-workflow	Set up job	2025-03-27T11:26:47.6521174Z Actions: write
end-workflow	Set up job	2025-03-27T11:26:47.6522342Z Contents: write
end-workflow	Set up job	2025-03-27T11:26:47.6523576Z Issues: write
end-workflow	Set up job	2025-03-27T11:26:47.6525417Z Metadata: read
end-workflow	Set up job	2025-03-27T11:26:47.6527438Z PullRequests: write
end-workflow	Set up job	2025-03-27T11:26:47.6529059Z ##[endgroup]
end-workflow	Set up job	2025-03-27T11:26:47.6533701Z Secret source: Actions
end-workflow	Set up job	2025-03-27T11:26:47.6535875Z Prepare workflow directory
end-workflow	Set up job	2025-03-27T11:26:47.7545949Z Prepare all required actions
end-workflow	Set up job	2025-03-27T11:26:47.7601989Z Getting action download info
end-workflow	Set up job	2025-03-27T11:28:27.7940690Z Failed to resolve action download info. Error: The HTTP request timed out after 00:01:40.
end-workflow	Set up job	2025-03-27T11:28:27.8186586Z Retrying in 28.688 seconds
end-workflow	Set up job	2025-03-27T11:28:57.1799380Z Download action repository 'actions/checkout@v4' (SHA:11bd71901bbe5b1630ceea73d27597364c9af683)
end-workflow	Set up job	2025-03-27T11:28:59.2782784Z Complete job name: end-workflow
end-workflow	Checkout code	﻿2025-03-27T11:28:59.3375807Z ##[group]Run actions/checkout@v4
end-workflow	Checkout code	2025-03-27T11:28:59.3376745Z with:
end-workflow	Checkout code	2025-03-27T11:28:59.3377074Z   fetch-depth: 0
end-workflow	Checkout code	2025-03-27T11:28:59.3377777Z   token: ***
end-workflow	Checkout code	2025-03-27T11:28:59.3378100Z   repository: Ka0s-Klaus/ka0s
end-workflow	Checkout code	2025-03-27T11:28:59.3378473Z   ssh-strict: true
end-workflow	Checkout code	2025-03-27T11:28:59.3378764Z   ssh-user: git
end-workflow	Checkout code	2025-03-27T11:28:59.3379082Z   persist-credentials: true
end-workflow	Checkout code	2025-03-27T11:28:59.3379434Z   clean: true
end-workflow	Checkout code	2025-03-27T11:28:59.3379745Z   sparse-checkout-cone-mode: true
end-workflow	Checkout code	2025-03-27T11:28:59.3380120Z   fetch-tags: false
end-workflow	Checkout code	2025-03-27T11:28:59.3380464Z   show-progress: true
end-workflow	Checkout code	2025-03-27T11:28:59.3380768Z   lfs: false
end-workflow	Checkout code	2025-03-27T11:28:59.3381057Z   submodules: false
end-workflow	Checkout code	2025-03-27T11:28:59.3381375Z   set-safe-directory: true
end-workflow	Checkout code	2025-03-27T11:28:59.3382003Z env:
end-workflow	Checkout code	2025-03-27T11:28:59.3382316Z   KAOS_MODULE: [Ka0S] JSONLINT
end-workflow	Checkout code	2025-03-27T11:28:59.3382832Z   GH_TOKEN: ***
end-workflow	Checkout code	2025-03-27T11:28:59.3383196Z   KAOS_JSONLINT_CONFIG: core/config/.jsonlint.json
end-workflow	Checkout code	2025-03-27T11:28:59.3384113Z   KAOS_PATH_RESUME: core/outputs/j/
end-workflow	Checkout code	2025-03-27T11:28:59.3384842Z   KAOS_REPO: /actions-runner/_work/kaos/kaos
end-workflow	Checkout code	2025-03-27T11:28:59.3385361Z   KAOS_STEP_MODULE: 
end-workflow	Checkout code	2025-03-27T11:28:59.3385702Z   KAOS_CODE: 14105311574
end-workflow	Checkout code	2025-03-27T11:28:59.3386095Z   KAOS_REF_BRANCH: main
end-workflow	Checkout code	2025-03-27T11:28:59.3386431Z ##[endgroup]
end-workflow	Checkout code	2025-03-27T11:28:59.5001526Z Syncing repository: Ka0s-Klaus/ka0s
end-workflow	Checkout code	2025-03-27T11:28:59.5003741Z ##[group]Getting Git version info
end-workflow	Checkout code	2025-03-27T11:28:59.5004552Z Working directory is '/actions-runner/_work/ka0s/ka0s'
end-workflow	Checkout code	2025-03-27T11:28:59.5005377Z [command]/usr/bin/git version
end-workflow	Checkout code	2025-03-27T11:28:59.5005756Z git version 2.48.1
end-workflow	Checkout code	2025-03-27T11:28:59.5032085Z ##[endgroup]
end-workflow	Checkout code	2025-03-27T11:28:59.5046955Z Copying '/home/kaos/.gitconfig' to '/actions-runner/_work/_temp/37f53659-6ed3-4901-902c-ca7456391669/.gitconfig'
end-workflow	Checkout code	2025-03-27T11:28:59.5063281Z Temporarily overriding HOME='/actions-runner/_work/_temp/37f53659-6ed3-4901-902c-ca7456391669' before making global git config changes
end-workflow	Checkout code	2025-03-27T11:28:59.5064926Z Adding repository directory to the temporary git global config as a safe directory
end-workflow	Checkout code	2025-03-27T11:28:59.5071770Z [command]/usr/bin/git config --global --add safe.directory /actions-runner/_work/ka0s/ka0s
end-workflow	Checkout code	2025-03-27T11:28:59.5136396Z [command]/usr/bin/git config --local --get remote.origin.url
end-workflow	Checkout code	2025-03-27T11:28:59.5167362Z https://github.com/Ka0s-Klaus/ka0s
end-workflow	Checkout code	2025-03-27T11:28:59.5195508Z ##[group]Removing previously created refs, to avoid conflicts
end-workflow	Checkout code	2025-03-27T11:28:59.5201916Z [command]/usr/bin/git rev-parse --symbolic-full-name --verify --quiet HEAD
end-workflow	Checkout code	2025-03-27T11:28:59.5235296Z refs/heads/H44-creación-módulo-versionado
end-workflow	Checkout code	2025-03-27T11:28:59.5252526Z [command]/usr/bin/git checkout --detach
end-workflow	Checkout code	2025-03-27T11:28:59.5353677Z HEAD is now at 59bec5b [Ka0S] Uploading resume execution files to the repository...
end-workflow	Checkout code	2025-03-27T11:28:59.5424248Z [command]/usr/bin/git branch --delete --force H44-creación-módulo-versionado
end-workflow	Checkout code	2025-03-27T11:28:59.5466411Z Deleted branch H44-creación-módulo-versionado (was 59bec5b).
end-workflow	Checkout code	2025-03-27T11:28:59.5532277Z ##[endgroup]
end-workflow	Checkout code	2025-03-27T11:28:59.5539066Z [command]/usr/bin/git submodule status
end-workflow	Checkout code	2025-03-27T11:28:59.5915670Z ##[group]Cleaning the repository
end-workflow	Checkout code	2025-03-27T11:28:59.5921767Z [command]/usr/bin/git clean -ffdx
end-workflow	Checkout code	2025-03-27T11:28:59.5989205Z [command]/usr/bin/git reset --hard HEAD
end-workflow	Checkout code	2025-03-27T11:28:59.6133364Z HEAD is now at 59bec5b [Ka0S] Uploading resume execution files to the repository...
end-workflow	Checkout code	2025-03-27T11:28:59.6146795Z ##[endgroup]
end-workflow	Checkout code	2025-03-27T11:28:59.6149386Z ##[group]Disabling automatic garbage collection
end-workflow	Checkout code	2025-03-27T11:28:59.6155841Z [command]/usr/bin/git config --local gc.auto 0
end-workflow	Checkout code	2025-03-27T11:28:59.6206705Z ##[endgroup]
end-workflow	Checkout code	2025-03-27T11:28:59.6208278Z ##[group]Setting up auth
end-workflow	Checkout code	2025-03-27T11:28:59.6219715Z [command]/usr/bin/git config --local --name-only --get-regexp core\.sshCommand
end-workflow	Checkout code	2025-03-27T11:28:59.6275702Z [command]/usr/bin/git submodule foreach --recursive sh -c "git config --local --name-only --get-regexp 'core\.sshCommand' && git config --local --unset-all 'core.sshCommand' || :"
end-workflow	Checkout code	2025-03-27T11:28:59.6689598Z [command]/usr/bin/git config --local --name-only --get-regexp http\.https\:\/\/github\.com\/\.extraheader
end-workflow	Checkout code	2025-03-27T11:28:59.6738223Z [command]/usr/bin/git submodule foreach --recursive sh -c "git config --local --name-only --get-regexp 'http\.https\:\/\/github\.com\/\.extraheader' && git config --local --unset-all 'http.https://github.com/.extraheader' || :"
end-workflow	Checkout code	2025-03-27T11:28:59.7129146Z [command]/usr/bin/git config --local http.https://github.com/.extraheader AUTHORIZATION: basic ***
end-workflow	Checkout code	2025-03-27T11:28:59.7192263Z ##[endgroup]
end-workflow	Checkout code	2025-03-27T11:28:59.7193983Z ##[group]Fetching the repository
end-workflow	Checkout code	2025-03-27T11:28:59.7204433Z [command]/usr/bin/git -c protocol.version=2 fetch --prune --no-recurse-submodules origin +refs/heads/*:refs/remotes/origin/* +refs/tags/*:refs/tags/*
end-workflow	Checkout code	2025-03-27T11:29:01.0888422Z From https://github.com/Ka0s-Klaus/ka0s
end-workflow	Checkout code	2025-03-27T11:29:01.0891177Z    9ff97ad..ccc72fb  main       -> origin/main
end-workflow	Checkout code	2025-03-27T11:29:01.0954288Z [command]/usr/bin/git branch --list --remote origin/H44-creación-módulo-versionado
end-workflow	Checkout code	2025-03-27T11:29:01.1004758Z   origin/H44-creación-módulo-versionado
end-workflow	Checkout code	2025-03-27T11:29:01.1020764Z [command]/usr/bin/git rev-parse refs/remotes/origin/H44-creación-módulo-versionado
end-workflow	Checkout code	2025-03-27T11:29:01.1065170Z 59bec5b57fa6a13f2abdaf06284b73340ff59869
end-workflow	Checkout code	2025-03-27T11:29:01.1078946Z ##[endgroup]
end-workflow	Checkout code	2025-03-27T11:29:01.1080595Z ##[group]Determining the checkout info
end-workflow	Checkout code	2025-03-27T11:29:01.1110740Z ##[endgroup]
end-workflow	Checkout code	2025-03-27T11:29:01.1114240Z [command]/usr/bin/git sparse-checkout disable
end-workflow	Checkout code	2025-03-27T11:29:01.1196449Z [command]/usr/bin/git config --local --unset-all extensions.worktreeConfig
end-workflow	Checkout code	2025-03-27T11:29:01.1264780Z ##[group]Checking out the ref
end-workflow	Checkout code	2025-03-27T11:29:01.1269341Z [command]/usr/bin/git checkout --progress --force -B H44-creación-módulo-versionado refs/remotes/origin/H44-creación-módulo-versionado
end-workflow	Checkout code	2025-03-27T11:29:01.1425970Z Switched to a new branch 'H44-creación-módulo-versionado'
end-workflow	Checkout code	2025-03-27T11:29:01.1434602Z branch 'H44-creación-módulo-versionado' set up to track 'origin/H44-creación-módulo-versionado'.
end-workflow	Checkout code	2025-03-27T11:29:01.1448034Z ##[endgroup]
end-workflow	Checkout code	2025-03-27T11:29:01.1525717Z [command]/usr/bin/git log -1 --format=%H
end-workflow	Checkout code	2025-03-27T11:29:01.1578060Z 59bec5b57fa6a13f2abdaf06284b73340ff59869
end-workflow	Finaliza el workflow	﻿2025-03-27T11:29:01.1910222Z ##[group]Run echo "End process"
end-workflow	Finaliza el workflow	2025-03-27T11:29:01.1910925Z [36;1mecho "End process"[0m
end-workflow	Finaliza el workflow	2025-03-27T11:29:01.1911590Z [36;1mRNNUMBER=$(echo "refs/heads/H44-creación-módulo-versionado" | grep -o '[0-9]*')[0m
end-workflow	Finaliza el workflow	2025-03-27T11:29:01.1912381Z [36;1mgh issue comment $RNNUMBER --body "Se finaliza Ka0s 14105311574"[0m
end-workflow	Finaliza el workflow	2025-03-27T11:29:01.1913347Z [36;1mgh workflow run inspector.yml --ref 'main' -f kaos-issue-id=$RNNUMBER -f kaos-workflow-id="14105311574" -f kaos-user-start=""[0m
end-workflow	Finaliza el workflow	2025-03-27T11:29:01.1929904Z shell: /usr/bin/bash -e {0}
end-workflow	Finaliza el workflow	2025-03-27T11:29:01.1930395Z env:
end-workflow	Finaliza el workflow	2025-03-27T11:29:01.1930720Z   KAOS_MODULE: [Ka0S] JSONLINT
end-workflow	Finaliza el workflow	2025-03-27T11:29:01.1931630Z   GH_TOKEN: ***
end-workflow	Finaliza el workflow	2025-03-27T11:29:01.1932029Z   KAOS_JSONLINT_CONFIG: core/config/.jsonlint.json
end-workflow	Finaliza el workflow	2025-03-27T11:29:01.1932508Z   KAOS_PATH_RESUME: core/outputs/j/
end-workflow	Finaliza el workflow	2025-03-27T11:29:01.1933372Z   KAOS_REPO: /actions-runner/_work/kaos/kaos
end-workflow	Finaliza el workflow	2025-03-27T11:29:01.1934086Z   KAOS_STEP_MODULE: 
end-workflow	Finaliza el workflow	2025-03-27T11:29:01.1934450Z   KAOS_CODE: 14105311574
end-workflow	Finaliza el workflow	2025-03-27T11:29:01.1934854Z   KAOS_REF_BRANCH: main
end-workflow	Finaliza el workflow	2025-03-27T11:29:01.1935197Z ##[endgroup]
end-workflow	Finaliza el workflow	2025-03-27T11:29:01.2031145Z End process
end-workflow	Finaliza el workflow	2025-03-27T11:29:02.3889243Z https://github.com/Ka0s-Klaus/ka0s/issues/44#issuecomment-2757702415
end-workflow	Post Checkout code	﻿2025-03-27T11:29:03.5462386Z Post job cleanup.
end-workflow	Post Checkout code	2025-03-27T11:29:03.6819230Z [command]/usr/bin/git version
end-workflow	Post Checkout code	2025-03-27T11:29:03.6873495Z git version 2.48.1
end-workflow	Post Checkout code	2025-03-27T11:29:03.6929682Z Copying '/home/kaos/.gitconfig' to '/actions-runner/_work/_temp/8d1683a5-d9f3-46dc-b2e7-f3444c950109/.gitconfig'
end-workflow	Post Checkout code	2025-03-27T11:29:03.6951384Z Temporarily overriding HOME='/actions-runner/_work/_temp/8d1683a5-d9f3-46dc-b2e7-f3444c950109' before making global git config changes
end-workflow	Post Checkout code	2025-03-27T11:29:03.6954336Z Adding repository directory to the temporary git global config as a safe directory
end-workflow	Post Checkout code	2025-03-27T11:29:03.6959860Z [command]/usr/bin/git config --global --add safe.directory /actions-runner/_work/ka0s/ka0s
end-workflow	Post Checkout code	2025-03-27T11:29:03.7015292Z [command]/usr/bin/git config --local --name-only --get-regexp core\.sshCommand
end-workflow	Post Checkout code	2025-03-27T11:29:03.7079776Z [command]/usr/bin/git submodule foreach --recursive sh -c "git config --local --name-only --get-regexp 'core\.sshCommand' && git config --local --unset-all 'core.sshCommand' || :"
end-workflow	Post Checkout code	2025-03-27T11:29:03.7511194Z [command]/usr/bin/git config --local --name-only --get-regexp http\.https\:\/\/github\.com\/\.extraheader
end-workflow	Post Checkout code	2025-03-27T11:29:03.7555006Z http.https://github.com/.extraheader
end-workflow	Post Checkout code	2025-03-27T11:29:03.7574977Z [command]/usr/bin/git config --local --unset-all http.https://github.com/.extraheader
end-workflow	Post Checkout code	2025-03-27T11:29:03.7647250Z [command]/usr/bin/git submodule foreach --recursive sh -c "git config --local --name-only --get-regexp 'http\.https\:\/\/github\.com\/\.extraheader' && git config --local --unset-all 'http.https://github.com/.extraheader' || :"
end-workflow	Complete job	﻿2025-03-27T11:29:03.8255551Z Cleaning up orphan processes
