job-core	Set up job	﻿2025-04-02T07:23:50.9905928Z Current runner version: '2.323.0'
job-core	Set up job	2025-04-02T07:23:50.9988571Z Runner name: 'ka0s-1'
job-core	Set up job	2025-04-02T07:23:50.9990385Z Machine name: '419612ea1a87'
job-core	Set up job	2025-04-02T07:23:50.9994050Z ##[group]GITHUB_TOKEN Permissions
job-core	Set up job	2025-04-02T07:23:50.9997320Z Contents: read
job-core	Set up job	2025-04-02T07:23:50.9997936Z Metadata: read
job-core	Set up job	2025-04-02T07:23:50.9998492Z Packages: read
job-core	Set up job	2025-04-02T07:23:50.9999051Z ##[endgroup]
job-core	Set up job	2025-04-02T07:23:51.0002342Z Secret source: Actions
job-core	Set up job	2025-04-02T07:23:51.0003283Z Prepare workflow directory
job-core	Set up job	2025-04-02T07:23:51.0873435Z Prepare all required actions
job-core	Set up job	2025-04-02T07:23:51.0928373Z Getting action download info
job-core	Set up job	2025-04-02T07:23:51.8459712Z Download action repository 'actions/checkout@v4' (SHA:11bd71901bbe5b1630ceea73d27597364c9af683)
job-core	Set up job	2025-04-02T07:23:54.2117630Z Complete job name: job-core
job-core	Checkout code	﻿2025-04-02T07:23:54.2807085Z ##[group]Run actions/checkout@v4
job-core	Checkout code	2025-04-02T07:23:54.2808639Z with:
job-core	Checkout code	2025-04-02T07:23:54.2809318Z   fetch-depth: 0
job-core	Checkout code	2025-04-02T07:23:54.2810953Z   token: ***
job-core	Checkout code	2025-04-02T07:23:54.2811668Z   repository: Ka0s-Klaus/ka0s
job-core	Checkout code	2025-04-02T07:23:54.2812512Z   ssh-strict: true
job-core	Checkout code	2025-04-02T07:23:54.2813170Z   ssh-user: git
job-core	Checkout code	2025-04-02T07:23:54.2813853Z   persist-credentials: true
job-core	Checkout code	2025-04-02T07:23:54.2814598Z   clean: true
job-core	Checkout code	2025-04-02T07:23:54.2815293Z   sparse-checkout-cone-mode: true
job-core	Checkout code	2025-04-02T07:23:54.2816088Z   fetch-tags: false
job-core	Checkout code	2025-04-02T07:23:54.2816761Z   show-progress: true
job-core	Checkout code	2025-04-02T07:23:54.2817448Z   lfs: false
job-core	Checkout code	2025-04-02T07:23:54.2843795Z   submodules: false
job-core	Checkout code	2025-04-02T07:23:54.2844887Z   set-safe-directory: true
job-core	Checkout code	2025-04-02T07:23:54.2846478Z env:
job-core	Checkout code	2025-04-02T07:23:54.2847133Z   KAOS_CODE: 14213662479
job-core	Checkout code	2025-04-02T07:23:54.2847877Z   KAOS_EVENT_NAME: push
job-core	Checkout code	2025-04-02T07:23:54.2848580Z   KAOS_ACTION: 
job-core	Checkout code	2025-04-02T07:23:54.2849299Z   KAOS_REF: refs/heads/H220-web-de-resultados
job-core	Checkout code	2025-04-02T07:23:54.2850803Z   KAOS_MODULE: [Ka0S] kaos
job-core	Checkout code	2025-04-02T07:23:54.2851718Z   KAOS_PATH_RESUME: core/results/k/
job-core	Checkout code	2025-04-02T07:23:54.2852693Z   KAOS_JSON: core/results/event_data_
job-core	Checkout code	2025-04-02T07:23:54.2853522Z   KAOS_ACTOR: AlejandroPB5
job-core	Checkout code	2025-04-02T07:23:54.2854261Z   GITHUB_OUTPUT: 
job-core	Checkout code	2025-04-02T07:23:54.2854910Z ##[endgroup]
job-core	Checkout code	2025-04-02T07:23:54.4388267Z Syncing repository: Ka0s-Klaus/ka0s
job-core	Checkout code	2025-04-02T07:23:54.4391586Z ##[group]Getting Git version info
job-core	Checkout code	2025-04-02T07:23:54.4392769Z Working directory is '/actions-runner/_work/ka0s/ka0s'
job-core	Checkout code	2025-04-02T07:23:54.4394371Z [command]/usr/bin/git version
job-core	Checkout code	2025-04-02T07:23:54.4395275Z git version 2.48.1
job-core	Checkout code	2025-04-02T07:23:54.4428704Z ##[endgroup]
job-core	Checkout code	2025-04-02T07:23:54.4443370Z Copying '/home/kaos/.gitconfig' to '/actions-runner/_work/_temp/107e72cd-d5ee-4c6d-af0d-0a19454075c9/.gitconfig'
job-core	Checkout code	2025-04-02T07:23:54.4466928Z Temporarily overriding HOME='/actions-runner/_work/_temp/107e72cd-d5ee-4c6d-af0d-0a19454075c9' before making global git config changes
job-core	Checkout code	2025-04-02T07:23:54.4471762Z Adding repository directory to the temporary git global config as a safe directory
job-core	Checkout code	2025-04-02T07:23:54.4473779Z [command]/usr/bin/git config --global --add safe.directory /actions-runner/_work/ka0s/ka0s
job-core	Checkout code	2025-04-02T07:23:54.4530599Z [command]/usr/bin/git config --local --get remote.origin.url
job-core	Checkout code	2025-04-02T07:23:54.4562069Z https://github.com/Ka0s-Klaus/ka0s
job-core	Checkout code	2025-04-02T07:23:54.4590585Z ##[group]Removing previously created refs, to avoid conflicts
job-core	Checkout code	2025-04-02T07:23:54.4594236Z [command]/usr/bin/git rev-parse --symbolic-full-name --verify --quiet HEAD
job-core	Checkout code	2025-04-02T07:23:54.4626566Z refs/heads/H220-web-de-resultados
job-core	Checkout code	2025-04-02T07:23:54.4643860Z [command]/usr/bin/git checkout --detach
job-core	Checkout code	2025-04-02T07:23:54.4767195Z HEAD is now at 3f0a533 Merge branch 'H220-web-de-resultados' of https://github.com/Ka0s-Klaus/ka0s into H220-web-de-resultados
job-core	Checkout code	2025-04-02T07:23:54.4835893Z [command]/usr/bin/git branch --delete --force H220-web-de-resultados
job-core	Checkout code	2025-04-02T07:23:54.4890360Z Deleted branch H220-web-de-resultados (was 3f0a533).
job-core	Checkout code	2025-04-02T07:23:54.4957868Z ##[endgroup]
job-core	Checkout code	2025-04-02T07:23:54.4962175Z [command]/usr/bin/git submodule status
job-core	Checkout code	2025-04-02T07:23:54.5351754Z ##[group]Cleaning the repository
job-core	Checkout code	2025-04-02T07:23:54.5357036Z [command]/usr/bin/git clean -ffdx
job-core	Checkout code	2025-04-02T07:23:54.5430272Z [command]/usr/bin/git reset --hard HEAD
job-core	Checkout code	2025-04-02T07:23:54.5596239Z HEAD is now at 3f0a533 Merge branch 'H220-web-de-resultados' of https://github.com/Ka0s-Klaus/ka0s into H220-web-de-resultados
job-core	Checkout code	2025-04-02T07:23:54.5602544Z ##[endgroup]
job-core	Checkout code	2025-04-02T07:23:54.5605862Z ##[group]Disabling automatic garbage collection
job-core	Checkout code	2025-04-02T07:23:54.5610610Z [command]/usr/bin/git config --local gc.auto 0
job-core	Checkout code	2025-04-02T07:23:54.5660677Z ##[endgroup]
job-core	Checkout code	2025-04-02T07:23:54.5662408Z ##[group]Setting up auth
job-core	Checkout code	2025-04-02T07:23:54.5665458Z [command]/usr/bin/git config --local --name-only --get-regexp core\.sshCommand
job-core	Checkout code	2025-04-02T07:23:54.5713339Z [command]/usr/bin/git submodule foreach --recursive sh -c "git config --local --name-only --get-regexp 'core\.sshCommand' && git config --local --unset-all 'core.sshCommand' || :"
job-core	Checkout code	2025-04-02T07:23:54.6100732Z [command]/usr/bin/git config --local --name-only --get-regexp http\.https\:\/\/github\.com\/\.extraheader
job-core	Checkout code	2025-04-02T07:23:54.6144859Z [command]/usr/bin/git submodule foreach --recursive sh -c "git config --local --name-only --get-regexp 'http\.https\:\/\/github\.com\/\.extraheader' && git config --local --unset-all 'http.https://github.com/.extraheader' || :"
job-core	Checkout code	2025-04-02T07:23:54.6545644Z [command]/usr/bin/git config --local http.https://github.com/.extraheader AUTHORIZATION: basic ***
job-core	Checkout code	2025-04-02T07:23:54.6603877Z ##[endgroup]
job-core	Checkout code	2025-04-02T07:23:54.6605274Z ##[group]Fetching the repository
job-core	Checkout code	2025-04-02T07:23:54.6614675Z [command]/usr/bin/git -c protocol.version=2 fetch --prune --no-recurse-submodules origin +refs/heads/*:refs/remotes/origin/* +refs/tags/*:refs/tags/*
job-core	Checkout code	2025-04-02T07:23:55.6891556Z From https://github.com/Ka0s-Klaus/ka0s
job-core	Checkout code	2025-04-02T07:23:55.6894935Z    3f0a533..0bbeb20  H220-web-de-resultados -> origin/H220-web-de-resultados
job-core	Checkout code	2025-04-02T07:23:55.7012985Z [command]/usr/bin/git branch --list --remote origin/H220-web-de-resultados
job-core	Checkout code	2025-04-02T07:23:55.7050544Z   origin/H220-web-de-resultados
job-core	Checkout code	2025-04-02T07:23:55.7075162Z [command]/usr/bin/git rev-parse refs/remotes/origin/H220-web-de-resultados
job-core	Checkout code	2025-04-02T07:23:55.7110764Z 0bbeb205354eacdb4270490d21dc9c50d79e40fe
job-core	Checkout code	2025-04-02T07:23:55.7128654Z [command]/usr/bin/git -c protocol.version=2 fetch --no-tags --prune --no-recurse-submodules origin +7e7f42cf2f1ef74c24da368c78f906f31b784ba7:refs/remotes/origin/H220-web-de-resultados
job-core	Checkout code	2025-04-02T07:23:59.4058365Z From https://github.com/Ka0s-Klaus/ka0s
job-core	Checkout code	2025-04-02T07:23:59.4062625Z  + 0bbeb20...7e7f42c 7e7f42cf2f1ef74c24da368c78f906f31b784ba7 -> origin/H220-web-de-resultados  (forced update)
job-core	Checkout code	2025-04-02T07:23:59.4185902Z ##[endgroup]
job-core	Checkout code	2025-04-02T07:23:59.4188571Z ##[group]Determining the checkout info
job-core	Checkout code	2025-04-02T07:23:59.4191852Z ##[endgroup]
job-core	Checkout code	2025-04-02T07:23:59.4197631Z [command]/usr/bin/git sparse-checkout disable
job-core	Checkout code	2025-04-02T07:23:59.4329938Z [command]/usr/bin/git config --local --unset-all extensions.worktreeConfig
job-core	Checkout code	2025-04-02T07:23:59.4357033Z ##[group]Checking out the ref
job-core	Checkout code	2025-04-02T07:23:59.4364609Z [command]/usr/bin/git checkout --progress --force -B H220-web-de-resultados refs/remotes/origin/H220-web-de-resultados
job-core	Checkout code	2025-04-02T07:23:59.4523731Z Previous HEAD position was 3f0a533 Merge branch 'H220-web-de-resultados' of https://github.com/Ka0s-Klaus/ka0s into H220-web-de-resultados
job-core	Checkout code	2025-04-02T07:23:59.4536834Z Switched to a new branch 'H220-web-de-resultados'
job-core	Checkout code	2025-04-02T07:23:59.4542123Z branch 'H220-web-de-resultados' set up to track 'origin/H220-web-de-resultados'.
job-core	Checkout code	2025-04-02T07:23:59.4551157Z ##[endgroup]
job-core	Checkout code	2025-04-02T07:23:59.4610498Z [command]/usr/bin/git log -1 --format=%H
job-core	Checkout code	2025-04-02T07:23:59.4647684Z 7e7f42cf2f1ef74c24da368c78f906f31b784ba7
job-core	Validate file extensions	﻿2025-04-02T07:23:59.4946478Z ##[group]Run IFS=' ' read -r -a extensions <<< "***"
job-core	Validate file extensions	2025-04-02T07:23:59.4947359Z [36;1mIFS=' ' read -r -a extensions <<< "***"[0m
job-core	Validate file extensions	2025-04-02T07:23:59.4947966Z [36;1mfor file in $(git diff --name-only HEAD~1 HEAD); do[0m
job-core	Validate file extensions	2025-04-02T07:23:59.4948481Z [36;1m  extension="${file##*.}"[0m
job-core	Validate file extensions	2025-04-02T07:23:59.4948965Z [36;1m  if [[ ! " ${extensions[@]} " =~ " ${extension} " ]]; then[0m
job-core	Validate file extensions	2025-04-02T07:23:59.4949556Z [36;1m    echo "File $file has an invalid extension: $extension"[0m
job-core	Validate file extensions	2025-04-02T07:23:59.4951017Z [36;1m  fi[0m
job-core	Validate file extensions	2025-04-02T07:23:59.4951355Z [36;1mdone[0m
job-core	Validate file extensions	2025-04-02T07:23:59.4951960Z [36;1mRNNUMBER=$(echo "H220-web-de-resultados" | grep -o '[0-9]*')[0m
job-core	Validate file extensions	2025-04-02T07:23:59.4952646Z [36;1mgh issue comment $RNNUMBER --body "Se inicia Ka0s 14213662479 "[0m
job-core	Validate file extensions	2025-04-02T07:23:59.4967398Z shell: /usr/bin/bash -e {0}
job-core	Validate file extensions	2025-04-02T07:23:59.4967843Z env:
job-core	Validate file extensions	2025-04-02T07:23:59.4968165Z   KAOS_CODE: 14213662479
job-core	Validate file extensions	2025-04-02T07:23:59.4968533Z   KAOS_EVENT_NAME: push
job-core	Validate file extensions	2025-04-02T07:23:59.4968913Z   KAOS_ACTION: 
job-core	Validate file extensions	2025-04-02T07:23:59.4969385Z   KAOS_REF: refs/heads/H220-web-de-resultados
job-core	Validate file extensions	2025-04-02T07:23:59.4969843Z   KAOS_MODULE: [Ka0S] kaos
job-core	Validate file extensions	2025-04-02T07:23:59.4970742Z   KAOS_PATH_RESUME: core/results/k/
job-core	Validate file extensions	2025-04-02T07:23:59.4971193Z   KAOS_JSON: core/results/event_data_
job-core	Validate file extensions	2025-04-02T07:23:59.4971751Z   KAOS_ACTOR: AlejandroPB5
job-core	Validate file extensions	2025-04-02T07:23:59.4972122Z   GITHUB_OUTPUT: 
job-core	Validate file extensions	2025-04-02T07:23:59.4972782Z   GH_TOKEN: ***
job-core	Validate file extensions	2025-04-02T07:23:59.4973178Z ##[endgroup]
job-core	Validate file extensions	2025-04-02T07:23:59.5093878Z File core/dashboard/dashboard/sections/endWorkflow.json has an invalid extension: json
job-core	Validate file extensions	2025-04-02T07:23:59.5095754Z File core/dashboard/js/dashboard.js has an invalid extension: js
job-core	Validate file extensions	2025-04-02T07:23:59.5098092Z File core/dashboard/templates/endWorkflow.html has an invalid extension: html
job-core	Validate file extensions	2025-04-02T07:23:59.5100698Z File core/results/event_data_14196599324.json has an invalid extension: json
job-core	Validate file extensions	2025-04-02T07:23:59.5102946Z File core/results/event_data_14196725580.json has an invalid extension: json
job-core	Validate file extensions	2025-04-02T07:23:59.5105674Z File core/results/event_data_14197197788.json has an invalid extension: json
job-core	Validate file extensions	2025-04-02T07:23:59.5106762Z File core/results/event_data_14197531933.json has an invalid extension: json
job-core	Validate file extensions	2025-04-02T07:23:59.5107562Z File core/results/event_data_14198106886.json has an invalid extension: json
job-core	Validate file extensions	2025-04-02T07:23:59.5108942Z File core/results/event_data_14213035505.json has an invalid extension: json
job-core	Validate file extensions	2025-04-02T07:23:59.5110580Z File core/results/event_data_14213087815.json has an invalid extension: json
job-core	Validate file extensions	2025-04-02T07:23:59.5111473Z File core/results/event_data_14213375879.json has an invalid extension: json
job-core	Validate file extensions	2025-04-02T07:23:59.5112293Z File core/results/event_data_14213440676.json has an invalid extension: json
job-core	Validate file extensions	2025-04-02T07:24:00.9737358Z https://github.com/Ka0s-Klaus/ka0s/issues/220#issuecomment-2771568930
job-core	Crear JSON	﻿2025-04-02T07:24:00.9822311Z ##[group]Run echo "{}" >> core/results/event_data_14213662479.json
job-core	Crear JSON	2025-04-02T07:24:00.9823283Z [36;1mecho "{}" >> core/results/event_data_14213662479.json[0m
job-core	Crear JSON	2025-04-02T07:24:00.9823920Z [36;1mcase "push" in[0m
job-core	Crear JSON	2025-04-02T07:24:00.9824361Z [36;1m  "push")[0m
job-core	Crear JSON	2025-04-02T07:24:00.9826041Z [36;1m    echo "{\"event\": \"push\", \"ref\": \"refs/heads/H220-web-de-resultados\", \"sha\": \"7e7f42cf2f1ef74c24da368c78f906f31b784ba7\"}" >> core/results/event_data_14213662479.json # Ejemplo: {"event": "push", "ref": "refs/heads/main", "sha": "abc123"}[0m
job-core	Crear JSON	2025-04-02T07:24:00.9828123Z [36;1m    echo "Variable github.action=crear_json" >> core/results/event_data_14213662479.json[0m
job-core	Crear JSON	2025-04-02T07:24:00.9829056Z [36;1m    echo "Variable github.event.action="[0m
job-core	Crear JSON	2025-04-02T07:24:00.9830206Z [36;1m    echo "Variable github.event.pusher.name=AlejandroPB5" >> core/results/event_data_14213662479.json[0m
job-core	Crear JSON	2025-04-02T07:24:00.9831872Z [36;1m    echo "variable github.event.pusher.email=131670515+AlejandroPB5@users.noreply.github.com" >> core/results/event_data_14213662479.json[0m
job-core	Crear JSON	2025-04-02T07:24:00.9833468Z [36;1m    echo "Variable github.event.issue.number=" >> core/results/event_data_14213662479.json[0m
job-core	Crear JSON	2025-04-02T07:24:00.9835235Z [36;1m    #Crear un fichero de resumen con todos los datos de los commits asociados, esta información es usada en todo el ciclo de vida del workflow[0m
job-core	Crear JSON	2025-04-02T07:24:00.9837589Z [36;1m    git log 2e621414de75f2d5dc09862d99fa22da6009981a..7e7f42cf2f1ef74c24da368c78f906f31b784ba7 --pretty=format:'%H%n%an%n%ae%n%ad%n%s' > core/results/k/commit-summary-$KAOS_CODE_FILES.txt[0m
job-core	Crear JSON	2025-04-02T07:24:00.9839789Z [36;1m    # Crear un fichero con la ruta completa y el nombre ficheros implicados en el commit[0m
job-core	Crear JSON	2025-04-02T07:24:00.9841660Z [36;1m    git diff --name-only 2e621414de75f2d5dc09862d99fa22da6009981a 7e7f42cf2f1ef74c24da368c78f906f31b784ba7 > core/results/k/files-in-commit-$KAOS_CODE_FILES.txt[0m
job-core	Crear JSON	2025-04-02T07:24:00.9843646Z [36;1m    INVOLVED=core/results/k/files-in-commit-$KAOS_CODE_FILES.txt[0m
job-core	Crear JSON	2025-04-02T07:24:00.9844488Z [36;1m    #echo "INVOLVED=$INVOLVED" >> $GITHUB_OUTPUT[0m
job-core	Crear JSON	2025-04-02T07:24:00.9845309Z [36;1m    echo "INVOLVED=$INVOLVED" >> core/results/event_data_14213662479.json[0m
job-core	Crear JSON	2025-04-02T07:24:00.9846030Z [36;1m    ;;[0m
job-core	Crear JSON	2025-04-02T07:24:00.9846432Z [36;1m  "pull_request")[0m
job-core	Crear JSON	2025-04-02T07:24:00.9847493Z [36;1m    echo "{\"event\": \"pull_request\", \"action\": \"\", \"number\": \"\"}" > event_data.json # Ejemplo: {"event": "pull_request", "action": "opened", "number": "42"}[0m
job-core	Crear JSON	2025-04-02T07:24:00.9848595Z [36;1m    ;;[0m
job-core	Crear JSON	2025-04-02T07:24:00.9848980Z [36;1m  "issues")[0m
job-core	Crear JSON	2025-04-02T07:24:00.9849910Z [36;1m    echo "{\"event\": \"issues\", \"action\": \"\", \"issue\": \"\"}" > event_data.json # Ejemplo: {"event": "issues", "action": "opened", "issue": "99"}[0m
job-core	Crear JSON	2025-04-02T07:24:00.9851091Z [36;1m    ;;[0m
job-core	Crear JSON	2025-04-02T07:24:00.9851493Z [36;1m  "issue_comment")[0m
job-core	Crear JSON	2025-04-02T07:24:00.9852603Z [36;1m    echo "{\"event\": \"issue_comment\", \"action\": \"\", \"comment\": \"\"}" > event_data.json # Ejemplo: {"event": "issue_comment", "action": "created", "comment": "123456"}[0m
job-core	Crear JSON	2025-04-02T07:24:00.9853824Z [36;1m    ;;[0m
job-core	Crear JSON	2025-04-02T07:24:00.9854148Z [36;1m  "create")[0m
job-core	Crear JSON	2025-04-02T07:24:00.9868140Z [36;1m    echo "{\"event\": \"create\", \"ref\": \"refs/heads/H220-web-de-resultados\", \"ref_type\": \"refs/heads/H220-web-de-resultados\"}" > event_data.json # Ejemplo: {"event": "create", "ref": "refs/tags/v1.0", "ref_type": "tag"}[0m
job-core	Crear JSON	2025-04-02T07:24:00.9869594Z [36;1m    ;;[0m
job-core	Crear JSON	2025-04-02T07:24:00.9869931Z [36;1m  "delete")[0m
job-core	Crear JSON	2025-04-02T07:24:00.9871497Z [36;1m    echo "{\"event\": \"delete\", \"ref\": \"refs/heads/H220-web-de-resultados\", \"ref_type\": \"refs/heads/H220-web-de-resultados\"}" > event_data.json # Ejemplo: {"event": "delete", "ref": "refs/heads/feature-branch", "ref_type": "branch"}[0m
job-core	Crear JSON	2025-04-02T07:24:00.9872888Z [36;1m    ;;[0m
job-core	Crear JSON	2025-04-02T07:24:00.9873218Z [36;1m  "release")[0m
job-core	Crear JSON	2025-04-02T07:24:00.9874064Z [36;1m    echo "{\"event\": \"release\", \"action\": \"\", \"release\": \"\"}" > event_data.json # Ejemplo: {"event": "release", "action": "published", "release": "v1.0"}[0m
job-core	Crear JSON	2025-04-02T07:24:00.9875410Z [36;1m    ;;[0m
job-core	Crear JSON	2025-04-02T07:24:00.9875730Z [36;1m  "watch")[0m
job-core	Crear JSON	2025-04-02T07:24:00.9876402Z [36;1m    echo "{\"event\": \"watch\", \"action\": \"\"}" > event_data.json # Ejemplo: {"event": "watch", "action": "started"}[0m
job-core	Crear JSON	2025-04-02T07:24:00.9877129Z [36;1m    ;;[0m
job-core	Crear JSON	2025-04-02T07:24:00.9877476Z [36;1m  "repository_dispatch")[0m
job-core	Crear JSON	2025-04-02T07:24:00.9878400Z [36;1m    echo "{\"event\": \"repository_dispatch\", \"action\": \"\"}" > event_data.json # Ejemplo: {"event": "repository_dispatch", "action": "custom-event"}[0m
job-core	Crear JSON	2025-04-02T07:24:00.9879327Z [36;1m    ;;[0m
job-core	Crear JSON	2025-04-02T07:24:00.9879663Z [36;1m  "workflow_dispatch")[0m
job-core	Crear JSON	2025-04-02T07:24:00.9880450Z [36;1m    echo "{\"event\": \"workflow_dispatch\"}" > event_data.json # Ejemplo: {"event": "workflow_dispatch"}[0m
job-core	Crear JSON	2025-04-02T07:24:00.9881175Z [36;1m    ;;[0m
job-core	Crear JSON	2025-04-02T07:24:00.9881492Z [36;1m  *)[0m
job-core	Crear JSON	2025-04-02T07:24:00.9882007Z [36;1m    echo "{\"event\": \"unknown\"}" > event_data.json # Ejemplo: {"event": "unknown"}[0m
job-core	Crear JSON	2025-04-02T07:24:00.9882630Z [36;1m    ;;[0m
job-core	Crear JSON	2025-04-02T07:24:00.9882945Z [36;1mesac      [0m
job-core	Crear JSON	2025-04-02T07:24:00.9894858Z shell: /usr/bin/bash -e {0}
job-core	Crear JSON	2025-04-02T07:24:00.9895264Z env:
job-core	Crear JSON	2025-04-02T07:24:00.9895574Z   KAOS_CODE: 14213662479
job-core	Crear JSON	2025-04-02T07:24:00.9895950Z   KAOS_EVENT_NAME: push
job-core	Crear JSON	2025-04-02T07:24:00.9896304Z   KAOS_ACTION: 
job-core	Crear JSON	2025-04-02T07:24:00.9896680Z   KAOS_REF: refs/heads/H220-web-de-resultados
job-core	Crear JSON	2025-04-02T07:24:00.9897168Z   KAOS_MODULE: [Ka0S] kaos
job-core	Crear JSON	2025-04-02T07:24:00.9897791Z   KAOS_PATH_RESUME: core/results/k/
job-core	Crear JSON	2025-04-02T07:24:00.9898236Z   KAOS_JSON: core/results/event_data_
job-core	Crear JSON	2025-04-02T07:24:00.9898671Z   KAOS_ACTOR: AlejandroPB5
job-core	Crear JSON	2025-04-02T07:24:00.9899042Z   GITHUB_OUTPUT: 
job-core	Crear JSON	2025-04-02T07:24:00.9899366Z ##[endgroup]
job-core	Crear JSON	2025-04-02T07:24:00.9943911Z Variable github.event.action=
job-core	Set environment variable for ref	﻿2025-04-02T07:24:01.0054483Z ##[group]Run echo "GITHUB_REF=refs/heads/H220-web-de-resultados" >> $GITHUB_ENV
job-core	Set environment variable for ref	2025-04-02T07:24:01.0055218Z [36;1mecho "GITHUB_REF=refs/heads/H220-web-de-resultados" >> $GITHUB_ENV[0m
job-core	Set environment variable for ref	2025-04-02T07:24:01.0065544Z shell: /usr/bin/bash -e {0}
job-core	Set environment variable for ref	2025-04-02T07:24:01.0065945Z env:
job-core	Set environment variable for ref	2025-04-02T07:24:01.0066193Z   KAOS_CODE: 14213662479
job-core	Set environment variable for ref	2025-04-02T07:24:01.0066497Z   KAOS_EVENT_NAME: push
job-core	Set environment variable for ref	2025-04-02T07:24:01.0066780Z   KAOS_ACTION: 
job-core	Set environment variable for ref	2025-04-02T07:24:01.0067079Z   KAOS_REF: refs/heads/H220-web-de-resultados
job-core	Set environment variable for ref	2025-04-02T07:24:01.0067459Z   KAOS_MODULE: [Ka0S] kaos
job-core	Set environment variable for ref	2025-04-02T07:24:01.0067772Z   KAOS_PATH_RESUME: core/results/k/
job-core	Set environment variable for ref	2025-04-02T07:24:01.0068144Z   KAOS_JSON: core/results/event_data_
job-core	Set environment variable for ref	2025-04-02T07:24:01.0068496Z   KAOS_ACTOR: AlejandroPB5
job-core	Set environment variable for ref	2025-04-02T07:24:01.0068815Z   GITHUB_OUTPUT: 
job-core	Set environment variable for ref	2025-04-02T07:24:01.0069072Z ##[endgroup]
job-core	Upload Files	﻿2025-04-02T07:24:01.0154989Z ##[group]Run echo "Uploading files to the repository..."
job-core	Upload Files	2025-04-02T07:24:01.0155569Z [36;1mecho "Uploading files to the repository..."[0m
job-core	Upload Files	2025-04-02T07:24:01.0156184Z [36;1mgit config --global user.name "***"[0m
job-core	Upload Files	2025-04-02T07:24:01.0156672Z [36;1mgit config --global user.email "***"[0m
job-core	Upload Files	2025-04-02T07:24:01.0157054Z [36;1mgit pull[0m
job-core	Upload Files	2025-04-02T07:24:01.0157352Z [36;1mgit add core/results/event_data_*[0m
job-core	Upload Files	2025-04-02T07:24:01.0157903Z [36;1mgit commit -m "[Ka0S] Uploading resume execution files to the repository..."[0m
job-core	Upload Files	2025-04-02T07:24:01.0158523Z [36;1mgit push origin refs/heads/H220-web-de-resultados[0m
job-core	Upload Files	2025-04-02T07:24:01.0158977Z [36;1mgit push origin $GITHUB_REF     [0m
job-core	Upload Files	2025-04-02T07:24:01.0168755Z shell: /usr/bin/bash -e {0}
job-core	Upload Files	2025-04-02T07:24:01.0169082Z env:
job-core	Upload Files	2025-04-02T07:24:01.0169331Z   KAOS_CODE: 14213662479
job-core	Upload Files	2025-04-02T07:24:01.0169627Z   KAOS_EVENT_NAME: push
job-core	Upload Files	2025-04-02T07:24:01.0169910Z   KAOS_ACTION: 
job-core	Upload Files	2025-04-02T07:24:01.0170734Z   KAOS_REF: refs/heads/H220-web-de-resultados
job-core	Upload Files	2025-04-02T07:24:01.0171154Z   KAOS_MODULE: [Ka0S] kaos
job-core	Upload Files	2025-04-02T07:24:01.0171468Z   KAOS_PATH_RESUME: core/results/k/
job-core	Upload Files	2025-04-02T07:24:01.0171816Z   KAOS_JSON: core/results/event_data_
job-core	Upload Files	2025-04-02T07:24:01.0172161Z   KAOS_ACTOR: AlejandroPB5
job-core	Upload Files	2025-04-02T07:24:01.0172457Z   GITHUB_OUTPUT: 
job-core	Upload Files	2025-04-02T07:24:01.0172764Z   GITHUB_REF: refs/heads/H220-web-de-resultados
job-core	Upload Files	2025-04-02T07:24:01.0173136Z ##[endgroup]
job-core	Upload Files	2025-04-02T07:24:01.0220787Z Uploading files to the repository...
job-core	Upload Files	2025-04-02T07:24:02.3110328Z From https://github.com/Ka0s-Klaus/ka0s
job-core	Upload Files	2025-04-02T07:24:02.3112844Z    7e7f42c..0bbeb20  H220-web-de-resultados -> origin/H220-web-de-resultados
job-core	Upload Files	2025-04-02T07:24:02.3388219Z Updating 7e7f42c..0bbeb20
job-core	Upload Files	2025-04-02T07:24:02.3389133Z Fast-forward
job-core	Upload Files	2025-04-02T07:24:02.3443288Z  core/dashboard/Index.html                          |  67 ++--
job-core	Upload Files	2025-04-02T07:24:02.3444428Z  .../dashboard/sections/actionsPerformance.json     |  36 --
job-core	Upload Files	2025-04-02T07:24:02.3445398Z  core/dashboard/dashboard/sections/backLogs.json    |  10 +
job-core	Upload Files	2025-04-02T07:24:02.3446429Z  core/dashboard/dashboard/sections/endWorkflow.json |  52 ---
job-core	Upload Files	2025-04-02T07:24:02.3447426Z  .../dashboard/sections/handlerFailure.json         |  40 --
job-core	Upload Files	2025-04-02T07:24:02.3448406Z  .../dashboard/sections/handlerSuccess.json         |  47 ---
job-core	Upload Files	2025-04-02T07:24:02.3449366Z  core/dashboard/dashboard/sections/leadTime.json    |  54 ---
job-core	Upload Files	2025-04-02T07:24:02.3450451Z  core/dashboard/dashboard/sections/navbar.json      |   2 +-
job-core	Upload Files	2025-04-02T07:24:02.3451529Z  core/dashboard/js/dashboard.js                     | 425 +++++++--------------
job-core	Upload Files	2025-04-02T07:24:02.3452676Z  core/dashboard/templates/actionsPerformance.html   |  61 ---
job-core	Upload Files	2025-04-02T07:24:02.3453705Z  core/dashboard/templates/backLogs.html             |  19 +-
job-core	Upload Files	2025-04-02T07:24:02.3454665Z  core/dashboard/templates/endWorkflow.html          |  60 ---
job-core	Upload Files	2025-04-02T07:24:02.3456172Z  core/dashboard/templates/handlerFailure.html       |  61 ---
job-core	Upload Files	2025-04-02T07:24:02.3457198Z  core/dashboard/templates/handlerSuccess.html       |  55 ---
job-core	Upload Files	2025-04-02T07:24:02.3458246Z  core/dashboard/templates/leadTime.html             |  85 +----
job-core	Upload Files	2025-04-02T07:24:02.3459175Z  core/results/event_data_14196599324.json           |   7 -
job-core	Upload Files	2025-04-02T07:24:02.3460536Z  core/results/event_data_14196725580.json           |   7 -
job-core	Upload Files	2025-04-02T07:24:02.3461482Z  core/results/event_data_14197197788.json           |   7 -
job-core	Upload Files	2025-04-02T07:24:02.3462364Z  core/results/event_data_14197531933.json           |   7 -
job-core	Upload Files	2025-04-02T07:24:02.3463194Z  core/results/event_data_14198106886.json           |   7 -
job-core	Upload Files	2025-04-02T07:24:02.3464103Z  core/results/event_data_14213035505.json           |   7 -
job-core	Upload Files	2025-04-02T07:24:02.3465002Z  core/results/event_data_14213087815.json           |   7 -
job-core	Upload Files	2025-04-02T07:24:02.3465961Z  core/results/event_data_14213375879.json           |   7 -
job-core	Upload Files	2025-04-02T07:24:02.3466915Z  core/results/event_data_14213440676.json           |   7 -
job-core	Upload Files	2025-04-02T07:24:02.3467817Z  24 files changed, 186 insertions(+), 951 deletions(-)
job-core	Upload Files	2025-04-02T07:24:02.3468700Z  delete mode 100644 core/results/event_data_14196599324.json
job-core	Upload Files	2025-04-02T07:24:02.3470429Z  delete mode 100644 core/results/event_data_14196725580.json
job-core	Upload Files	2025-04-02T07:24:02.3471370Z  delete mode 100644 core/results/event_data_14197197788.json
job-core	Upload Files	2025-04-02T07:24:02.3472312Z  delete mode 100644 core/results/event_data_14197531933.json
job-core	Upload Files	2025-04-02T07:24:02.3473273Z  delete mode 100644 core/results/event_data_14198106886.json
job-core	Upload Files	2025-04-02T07:24:02.3474205Z  delete mode 100644 core/results/event_data_14213035505.json
job-core	Upload Files	2025-04-02T07:24:02.3475097Z  delete mode 100644 core/results/event_data_14213087815.json
job-core	Upload Files	2025-04-02T07:24:02.3476015Z  delete mode 100644 core/results/event_data_14213375879.json
job-core	Upload Files	2025-04-02T07:24:02.3476918Z  delete mode 100644 core/results/event_data_14213440676.json
job-core	Upload Files	2025-04-02T07:24:02.3688229Z [H220-web-de-resultados 6bd41fe] [Ka0S] Uploading resume execution files to the repository...
job-core	Upload Files	2025-04-02T07:24:02.3690654Z  1 file changed, 7 insertions(+)
job-core	Upload Files	2025-04-02T07:24:02.3692102Z  create mode 100644 core/results/event_data_14213662479.json
job-core	Upload Files	2025-04-02T07:24:03.8313981Z To https://github.com/Ka0s-Klaus/ka0s
job-core	Upload Files	2025-04-02T07:24:03.8319298Z    0bbeb20..6bd41fe  H220-web-de-resultados -> H220-web-de-resultados
job-core	Upload Files	2025-04-02T07:24:04.3291840Z Everything up-to-date
job-core	Run git diff --name-only 2e621414de75f2d5dc09862d99fa22da6009981a 7e7f42cf2f1ef74c24da368c78f906f31b784ba7 > files-in-commit.txt	﻿2025-04-02T07:24:04.3426728Z ##[group]Run git diff --name-only 2e621414de75f2d5dc09862d99fa22da6009981a 7e7f42cf2f1ef74c24da368c78f906f31b784ba7 > files-in-commit.txt
job-core	Run git diff --name-only 2e621414de75f2d5dc09862d99fa22da6009981a 7e7f42cf2f1ef74c24da368c78f906f31b784ba7 > files-in-commit.txt	2025-04-02T07:24:04.3428317Z [36;1mgit diff --name-only 2e621414de75f2d5dc09862d99fa22da6009981a 7e7f42cf2f1ef74c24da368c78f906f31b784ba7 > files-in-commit.txt[0m
job-core	Run git diff --name-only 2e621414de75f2d5dc09862d99fa22da6009981a 7e7f42cf2f1ef74c24da368c78f906f31b784ba7 > files-in-commit.txt	2025-04-02T07:24:04.3430192Z [36;1mcat files-in-commit.txt[0m
job-core	Run git diff --name-only 2e621414de75f2d5dc09862d99fa22da6009981a 7e7f42cf2f1ef74c24da368c78f906f31b784ba7 > files-in-commit.txt	2025-04-02T07:24:04.3431438Z [36;1m# Nuevo proceso de activacion de los modulos[0m
job-core	Run git diff --name-only 2e621414de75f2d5dc09862d99fa22da6009981a 7e7f42cf2f1ef74c24da368c78f906f31b784ba7 > files-in-commit.txt	2025-04-02T07:24:04.3432112Z [36;1mwhile IFS= read -r line; do[0m
job-core	Run git diff --name-only 2e621414de75f2d5dc09862d99fa22da6009981a 7e7f42cf2f1ef74c24da368c78f906f31b784ba7 > files-in-commit.txt	2025-04-02T07:24:04.3432544Z [36;1m  # Skip files in core/outputs directory[0m
job-core	Run git diff --name-only 2e621414de75f2d5dc09862d99fa22da6009981a 7e7f42cf2f1ef74c24da368c78f906f31b784ba7 > files-in-commit.txt	2025-04-02T07:24:04.3433056Z [36;1m  if [[ "$line" == core/outputs/* ]]; then[0m
job-core	Run git diff --name-only 2e621414de75f2d5dc09862d99fa22da6009981a 7e7f42cf2f1ef74c24da368c78f906f31b784ba7 > files-in-commit.txt	2025-04-02T07:24:04.3433573Z [36;1m    echo "Skipping file in outputs directory: $line"[0m
job-core	Run git diff --name-only 2e621414de75f2d5dc09862d99fa22da6009981a 7e7f42cf2f1ef74c24da368c78f906f31b784ba7 > files-in-commit.txt	2025-04-02T07:24:04.3434035Z [36;1m    continue[0m
job-core	Run git diff --name-only 2e621414de75f2d5dc09862d99fa22da6009981a 7e7f42cf2f1ef74c24da368c78f906f31b784ba7 > files-in-commit.txt	2025-04-02T07:24:04.3434343Z [36;1m  fi[0m
job-core	Run git diff --name-only 2e621414de75f2d5dc09862d99fa22da6009981a 7e7f42cf2f1ef74c24da368c78f906f31b784ba7 > files-in-commit.txt	2025-04-02T07:24:04.3434840Z [36;1m  echo "I Leemos el fichero files-in-commit.txt y extraemos el fichero $line"[0m
job-core	Run git diff --name-only 2e621414de75f2d5dc09862d99fa22da6009981a 7e7f42cf2f1ef74c24da368c78f906f31b784ba7 > files-in-commit.txt	2025-04-02T07:24:04.3435447Z [36;1m  module_failed=0[0m
job-core	Run git diff --name-only 2e621414de75f2d5dc09862d99fa22da6009981a 7e7f42cf2f1ef74c24da368c78f906f31b784ba7 > files-in-commit.txt	2025-04-02T07:24:04.3435875Z [36;1m  extension_failed=0[0m
job-core	Run git diff --name-only 2e621414de75f2d5dc09862d99fa22da6009981a 7e7f42cf2f1ef74c24da368c78f906f31b784ba7 > files-in-commit.txt	2025-04-02T07:24:04.3436263Z [36;1m  file_name=$(basename "$line")[0m
job-core	Run git diff --name-only 2e621414de75f2d5dc09862d99fa22da6009981a 7e7f42cf2f1ef74c24da368c78f906f31b784ba7 > files-in-commit.txt	2025-04-02T07:24:04.3436804Z [36;1m  echo "I-1 Calculamos el nombre del fichero $file_name"[0m
job-core	Run git diff --name-only 2e621414de75f2d5dc09862d99fa22da6009981a 7e7f42cf2f1ef74c24da368c78f906f31b784ba7 > files-in-commit.txt	2025-04-02T07:24:04.3437357Z [36;1m  file_extension="${file_name##*.}"[0m
job-core	Run git diff --name-only 2e621414de75f2d5dc09862d99fa22da6009981a 7e7f42cf2f1ef74c24da368c78f906f31b784ba7 > files-in-commit.txt	2025-04-02T07:24:04.3437924Z [36;1m  echo "I-2 Calculamos la extension del fichero $file_extension"[0m
job-core	Run git diff --name-only 2e621414de75f2d5dc09862d99fa22da6009981a 7e7f42cf2f1ef74c24da368c78f906f31b784ba7 > files-in-commit.txt	2025-04-02T07:24:04.3438517Z [36;1m  file_module="$file_extension""lint.yml"[0m
job-core	Run git diff --name-only 2e621414de75f2d5dc09862d99fa22da6009981a 7e7f42cf2f1ef74c24da368c78f906f31b784ba7 > files-in-commit.txt	2025-04-02T07:24:04.3439175Z [36;1m  echo "I-3 Calculamos el modulo $file_module"[0m
job-core	Run git diff --name-only 2e621414de75f2d5dc09862d99fa22da6009981a 7e7f42cf2f1ef74c24da368c78f906f31b784ba7 > files-in-commit.txt	2025-04-02T07:24:04.3440459Z [36;1m  IFS=',' read -r -a file_array <<< "$files"[0m
job-core	Run git diff --name-only 2e621414de75f2d5dc09862d99fa22da6009981a 7e7f42cf2f1ef74c24da368c78f906f31b784ba7 > files-in-commit.txt	2025-04-02T07:24:04.3440964Z [36;1m  for file in "${file_array[@]}"; do[0m
job-core	Run git diff --name-only 2e621414de75f2d5dc09862d99fa22da6009981a 7e7f42cf2f1ef74c24da368c78f906f31b784ba7 > files-in-commit.txt	2025-04-02T07:24:04.3441748Z [36;1m    echo "II Leemos el array de $file"[0m
job-core	Run git diff --name-only 2e621414de75f2d5dc09862d99fa22da6009981a 7e7f42cf2f1ef74c24da368c78f906f31b784ba7 > files-in-commit.txt	2025-04-02T07:24:04.3442205Z [36;1m    if [[ "$file_extension" == "$file" ]]; then[0m
job-core	Run git diff --name-only 2e621414de75f2d5dc09862d99fa22da6009981a 7e7f42cf2f1ef74c24da368c78f906f31b784ba7 > files-in-commit.txt	2025-04-02T07:24:04.3442737Z [36;1m      echo "III Comprobamos si $file_extension es igual a $file"[0m
job-core	Run git diff --name-only 2e621414de75f2d5dc09862d99fa22da6009981a 7e7f42cf2f1ef74c24da368c78f906f31b784ba7 > files-in-commit.txt	2025-04-02T07:24:04.3443287Z [36;1m      IFS=',' read -r -a module_array <<< "$modules"[0m
job-core	Run git diff --name-only 2e621414de75f2d5dc09862d99fa22da6009981a 7e7f42cf2f1ef74c24da368c78f906f31b784ba7 > files-in-commit.txt	2025-04-02T07:24:04.3443733Z [36;1m      for module in "${module_array[@]}"; do[0m
job-core	Run git diff --name-only 2e621414de75f2d5dc09862d99fa22da6009981a 7e7f42cf2f1ef74c24da368c78f906f31b784ba7 > files-in-commit.txt	2025-04-02T07:24:04.3444152Z [36;1m        echo "IV Leemos el array $module"[0m
job-core	Run git diff --name-only 2e621414de75f2d5dc09862d99fa22da6009981a 7e7f42cf2f1ef74c24da368c78f906f31b784ba7 > files-in-commit.txt	2025-04-02T07:24:04.3444576Z [36;1m        if [[ "$file_module" == *"$module"* ]]; then[0m
job-core	Run git diff --name-only 2e621414de75f2d5dc09862d99fa22da6009981a 7e7f42cf2f1ef74c24da368c78f906f31b784ba7 > files-in-commit.txt	2025-04-02T07:24:04.3445165Z [36;1m          echo "V Comprobamos que el $file_module es igual a $module y ejecutamos el flujo"[0m
job-core	Run git diff --name-only 2e621414de75f2d5dc09862d99fa22da6009981a 7e7f42cf2f1ef74c24da368c78f906f31b784ba7 > files-in-commit.txt	2025-04-02T07:24:04.3445807Z [36;1m          # Si hemos llegado hasta aquí ejecutamos el módulo[0m
job-core	Run git diff --name-only 2e621414de75f2d5dc09862d99fa22da6009981a 7e7f42cf2f1ef74c24da368c78f906f31b784ba7 > files-in-commit.txt	2025-04-02T07:24:04.3446280Z [36;1m          # Lanzamos el lint del fichero[0m
job-core	Run git diff --name-only 2e621414de75f2d5dc09862d99fa22da6009981a 7e7f42cf2f1ef74c24da368c78f906f31b784ba7 > files-in-commit.txt	2025-04-02T07:24:04.3446835Z [36;1m          RNNUMBER=$(echo "refs/heads/H220-web-de-resultados" | grep -o '[0-9]*')[0m
job-core	Run git diff --name-only 2e621414de75f2d5dc09862d99fa22da6009981a 7e7f42cf2f1ef74c24da368c78f906f31b784ba7 > files-in-commit.txt	2025-04-02T07:24:04.3447440Z [36;1m          echo "El numero de la issue es: $RNNUMBER"[0m
job-core	Run git diff --name-only 2e621414de75f2d5dc09862d99fa22da6009981a 7e7f42cf2f1ef74c24da368c78f906f31b784ba7 > files-in-commit.txt	2025-04-02T07:24:04.3448509Z [36;1m          gh workflow run $file_module --ref refs/heads/H220-web-de-resultados -f kaos-origin=14213662479 -f kaos-files=$line -f kaos-issue-id=$RNNUMBER -f kaos-user-start=AlejandroPB5[0m
job-core	Run git diff --name-only 2e621414de75f2d5dc09862d99fa22da6009981a 7e7f42cf2f1ef74c24da368c78f906f31b784ba7 > files-in-commit.txt	2025-04-02T07:24:04.3449500Z [36;1m          module_failed=0[0m
job-core	Run git diff --name-only 2e621414de75f2d5dc09862d99fa22da6009981a 7e7f42cf2f1ef74c24da368c78f906f31b784ba7 > files-in-commit.txt	2025-04-02T07:24:04.3449843Z [36;1m          extension_failed=0[0m
job-core	Run git diff --name-only 2e621414de75f2d5dc09862d99fa22da6009981a 7e7f42cf2f1ef74c24da368c78f906f31b784ba7 > files-in-commit.txt	2025-04-02T07:24:04.3450761Z [36;1m          break[0m
job-core	Run git diff --name-only 2e621414de75f2d5dc09862d99fa22da6009981a 7e7f42cf2f1ef74c24da368c78f906f31b784ba7 > files-in-commit.txt	2025-04-02T07:24:04.3451052Z [36;1m        else[0m
job-core	Run git diff --name-only 2e621414de75f2d5dc09862d99fa22da6009981a 7e7f42cf2f1ef74c24da368c78f906f31b784ba7 > files-in-commit.txt	2025-04-02T07:24:04.3451433Z [36;1m          # Control de si existe el modulo para esa extension"[0m
job-core	Run git diff --name-only 2e621414de75f2d5dc09862d99fa22da6009981a 7e7f42cf2f1ef74c24da368c78f906f31b784ba7 > files-in-commit.txt	2025-04-02T07:24:04.3452103Z [36;1m          echo "VI No es igual $file_module a $module y lo indicamos en la variable module_failed=1"[0m
job-core	Run git diff --name-only 2e621414de75f2d5dc09862d99fa22da6009981a 7e7f42cf2f1ef74c24da368c78f906f31b784ba7 > files-in-commit.txt	2025-04-02T07:24:04.3452697Z [36;1m          module_failed=1[0m
job-core	Run git diff --name-only 2e621414de75f2d5dc09862d99fa22da6009981a 7e7f42cf2f1ef74c24da368c78f906f31b784ba7 > files-in-commit.txt	2025-04-02T07:24:04.3453019Z [36;1m        fi[0m
job-core	Run git diff --name-only 2e621414de75f2d5dc09862d99fa22da6009981a 7e7f42cf2f1ef74c24da368c78f906f31b784ba7 > files-in-commit.txt	2025-04-02T07:24:04.3463000Z [36;1m      done[0m
job-core	Run git diff --name-only 2e621414de75f2d5dc09862d99fa22da6009981a 7e7f42cf2f1ef74c24da368c78f906f31b784ba7 > files-in-commit.txt	2025-04-02T07:24:04.3463472Z [36;1m      break[0m
job-core	Run git diff --name-only 2e621414de75f2d5dc09862d99fa22da6009981a 7e7f42cf2f1ef74c24da368c78f906f31b784ba7 > files-in-commit.txt	2025-04-02T07:24:04.3463768Z [36;1m    else[0m
job-core	Run git diff --name-only 2e621414de75f2d5dc09862d99fa22da6009981a 7e7f42cf2f1ef74c24da368c78f906f31b784ba7 > files-in-commit.txt	2025-04-02T07:24:04.3464148Z [36;1m      # Control de si existe el modulo para esa extension"[0m
job-core	Run git diff --name-only 2e621414de75f2d5dc09862d99fa22da6009981a 7e7f42cf2f1ef74c24da368c78f906f31b784ba7 > files-in-commit.txt	2025-04-02T07:24:04.3464892Z [36;1m      echo "VII No es igual $file_extension a $file y lo indicamos en la variable extension_failed=1"[0m
job-core	Run git diff --name-only 2e621414de75f2d5dc09862d99fa22da6009981a 7e7f42cf2f1ef74c24da368c78f906f31b784ba7 > files-in-commit.txt	2025-04-02T07:24:04.3465971Z [36;1m      extension_failed=1[0m
job-core	Run git diff --name-only 2e621414de75f2d5dc09862d99fa22da6009981a 7e7f42cf2f1ef74c24da368c78f906f31b784ba7 > files-in-commit.txt	2025-04-02T07:24:04.3466307Z [36;1m    fi  [0m
job-core	Run git diff --name-only 2e621414de75f2d5dc09862d99fa22da6009981a 7e7f42cf2f1ef74c24da368c78f906f31b784ba7 > files-in-commit.txt	2025-04-02T07:24:04.3468186Z [36;1m  done[0m
job-core	Run git diff --name-only 2e621414de75f2d5dc09862d99fa22da6009981a 7e7f42cf2f1ef74c24da368c78f906f31b784ba7 > files-in-commit.txt	2025-04-02T07:24:04.3469131Z [36;1m  if [[ $module_failed == 1 ]]; then[0m
job-core	Run git diff --name-only 2e621414de75f2d5dc09862d99fa22da6009981a 7e7f42cf2f1ef74c24da368c78f906f31b784ba7 > files-in-commit.txt	2025-04-02T07:24:04.3470839Z [36;1m    echo "IX Si el modulo falla ($module_failed) añadimos el comentario a la issue"[0m
job-core	Run git diff --name-only 2e621414de75f2d5dc09862d99fa22da6009981a 7e7f42cf2f1ef74c24da368c78f906f31b784ba7 > files-in-commit.txt	2025-04-02T07:24:04.3473764Z [36;1m    # Si hemos llegado hasta aquí añadimos el mensaje de que la extension esta permitida pero no dispone de modulo activo y aqui finaliza el proceso[0m
job-core	Run git diff --name-only 2e621414de75f2d5dc09862d99fa22da6009981a 7e7f42cf2f1ef74c24da368c78f906f31b784ba7 > files-in-commit.txt	2025-04-02T07:24:04.3476187Z [36;1m    # Añadimos los valores a las variables de la issue[0m
job-core	Run git diff --name-only 2e621414de75f2d5dc09862d99fa22da6009981a 7e7f42cf2f1ef74c24da368c78f906f31b784ba7 > files-in-commit.txt	2025-04-02T07:24:04.3479331Z [36;1m    KAOS_ISSUE_BODY="[Ka0S] kaos ha detectado que la extensión ($file_extension) esta permitida dentro de KAOS_CORE_FILES, pero el módulo asociado ($file_module) no esta activo. Por favor compruebe que exista y esta activo."[0m
job-core	Run git diff --name-only 2e621414de75f2d5dc09862d99fa22da6009981a 7e7f42cf2f1ef74c24da368c78f906f31b784ba7 > files-in-commit.txt	2025-04-02T07:24:04.3481793Z [36;1m    # Añadimos el comentario a la issue[0m
job-core	Run git diff --name-only 2e621414de75f2d5dc09862d99fa22da6009981a 7e7f42cf2f1ef74c24da368c78f906f31b784ba7 > files-in-commit.txt	2025-04-02T07:24:04.3482380Z [36;1m    RNNUMBER=$(echo "refs/heads/H220-web-de-resultados" | grep -o '[0-9]*')[0m
job-core	Run git diff --name-only 2e621414de75f2d5dc09862d99fa22da6009981a 7e7f42cf2f1ef74c24da368c78f906f31b784ba7 > files-in-commit.txt	2025-04-02T07:24:04.3482998Z [36;1m    gh issue comment $RNNUMBER --body "$KAOS_ISSUE_BODY"[0m
job-core	Run git diff --name-only 2e621414de75f2d5dc09862d99fa22da6009981a 7e7f42cf2f1ef74c24da368c78f906f31b784ba7 > files-in-commit.txt	2025-04-02T07:24:04.3483424Z [36;1m  fi[0m
job-core	Run git diff --name-only 2e621414de75f2d5dc09862d99fa22da6009981a 7e7f42cf2f1ef74c24da368c78f906f31b784ba7 > files-in-commit.txt	2025-04-02T07:24:04.3483719Z [36;1m  if [[ $extension_failed == 1 ]]; then[0m
job-core	Run git diff --name-only 2e621414de75f2d5dc09862d99fa22da6009981a 7e7f42cf2f1ef74c24da368c78f906f31b784ba7 > files-in-commit.txt	2025-04-02T07:24:04.3484321Z [36;1m    echo "X Si extension falla falla ($extension_failed) añadimos el comentario a la issue"[0m
job-core	Run git diff --name-only 2e621414de75f2d5dc09862d99fa22da6009981a 7e7f42cf2f1ef74c24da368c78f906f31b784ba7 > files-in-commit.txt	2025-04-02T07:24:04.3485130Z [36;1m    # Si hemos llegado hasta aquí añadimos el mensaje de que la extension no esta permitida[0m
job-core	Run git diff --name-only 2e621414de75f2d5dc09862d99fa22da6009981a 7e7f42cf2f1ef74c24da368c78f906f31b784ba7 > files-in-commit.txt	2025-04-02T07:24:04.3486108Z [36;1m    # Añadimos los valores a las variables de la issue[0m
job-core	Run git diff --name-only 2e621414de75f2d5dc09862d99fa22da6009981a 7e7f42cf2f1ef74c24da368c78f906f31b784ba7 > files-in-commit.txt	2025-04-02T07:24:04.3487082Z [36;1m    KAOS_ISSUE_BODY="[Ka0S] kaos ha detectado que la extensión ($file_extension) NO esta permitida dentro de KAOS_CORE_FILES. Por favor compruebe que exista y esta activo."[0m
job-core	Run git diff --name-only 2e621414de75f2d5dc09862d99fa22da6009981a 7e7f42cf2f1ef74c24da368c78f906f31b784ba7 > files-in-commit.txt	2025-04-02T07:24:04.3488018Z [36;1m    # Añadimos el comentario a la issue[0m
job-core	Run git diff --name-only 2e621414de75f2d5dc09862d99fa22da6009981a 7e7f42cf2f1ef74c24da368c78f906f31b784ba7 > files-in-commit.txt	2025-04-02T07:24:04.3488577Z [36;1m    RNNUMBER=$(echo "refs/heads/H220-web-de-resultados" | grep -o '[0-9]*')[0m
job-core	Run git diff --name-only 2e621414de75f2d5dc09862d99fa22da6009981a 7e7f42cf2f1ef74c24da368c78f906f31b784ba7 > files-in-commit.txt	2025-04-02T07:24:04.3489187Z [36;1m    gh issue comment $RNNUMBER --body "$KAOS_ISSUE_BODY"[0m
job-core	Run git diff --name-only 2e621414de75f2d5dc09862d99fa22da6009981a 7e7f42cf2f1ef74c24da368c78f906f31b784ba7 > files-in-commit.txt	2025-04-02T07:24:04.3489608Z [36;1m  fi  [0m
job-core	Run git diff --name-only 2e621414de75f2d5dc09862d99fa22da6009981a 7e7f42cf2f1ef74c24da368c78f906f31b784ba7 > files-in-commit.txt	2025-04-02T07:24:04.3489899Z [36;1mdone < files-in-commit.txt      [0m
job-core	Run git diff --name-only 2e621414de75f2d5dc09862d99fa22da6009981a 7e7f42cf2f1ef74c24da368c78f906f31b784ba7 > files-in-commit.txt	2025-04-02T07:24:04.3501401Z shell: /usr/bin/bash -e {0}
job-core	Run git diff --name-only 2e621414de75f2d5dc09862d99fa22da6009981a 7e7f42cf2f1ef74c24da368c78f906f31b784ba7 > files-in-commit.txt	2025-04-02T07:24:04.3501737Z env:
job-core	Run git diff --name-only 2e621414de75f2d5dc09862d99fa22da6009981a 7e7f42cf2f1ef74c24da368c78f906f31b784ba7 > files-in-commit.txt	2025-04-02T07:24:04.3501984Z   KAOS_CODE: 14213662479
job-core	Run git diff --name-only 2e621414de75f2d5dc09862d99fa22da6009981a 7e7f42cf2f1ef74c24da368c78f906f31b784ba7 > files-in-commit.txt	2025-04-02T07:24:04.3502283Z   KAOS_EVENT_NAME: push
job-core	Run git diff --name-only 2e621414de75f2d5dc09862d99fa22da6009981a 7e7f42cf2f1ef74c24da368c78f906f31b784ba7 > files-in-commit.txt	2025-04-02T07:24:04.3502584Z   KAOS_ACTION: 
job-core	Run git diff --name-only 2e621414de75f2d5dc09862d99fa22da6009981a 7e7f42cf2f1ef74c24da368c78f906f31b784ba7 > files-in-commit.txt	2025-04-02T07:24:04.3502885Z   KAOS_REF: refs/heads/H220-web-de-resultados
job-core	Run git diff --name-only 2e621414de75f2d5dc09862d99fa22da6009981a 7e7f42cf2f1ef74c24da368c78f906f31b784ba7 > files-in-commit.txt	2025-04-02T07:24:04.3503264Z   KAOS_MODULE: [Ka0S] kaos
job-core	Run git diff --name-only 2e621414de75f2d5dc09862d99fa22da6009981a 7e7f42cf2f1ef74c24da368c78f906f31b784ba7 > files-in-commit.txt	2025-04-02T07:24:04.3503580Z   KAOS_PATH_RESUME: core/results/k/
job-core	Run git diff --name-only 2e621414de75f2d5dc09862d99fa22da6009981a 7e7f42cf2f1ef74c24da368c78f906f31b784ba7 > files-in-commit.txt	2025-04-02T07:24:04.3503939Z   KAOS_JSON: core/results/event_data_
job-core	Run git diff --name-only 2e621414de75f2d5dc09862d99fa22da6009981a 7e7f42cf2f1ef74c24da368c78f906f31b784ba7 > files-in-commit.txt	2025-04-02T07:24:04.3504286Z   KAOS_ACTOR: AlejandroPB5
job-core	Run git diff --name-only 2e621414de75f2d5dc09862d99fa22da6009981a 7e7f42cf2f1ef74c24da368c78f906f31b784ba7 > files-in-commit.txt	2025-04-02T07:24:04.3504584Z   GITHUB_OUTPUT: 
job-core	Run git diff --name-only 2e621414de75f2d5dc09862d99fa22da6009981a 7e7f42cf2f1ef74c24da368c78f906f31b784ba7 > files-in-commit.txt	2025-04-02T07:24:04.3504892Z   GITHUB_REF: refs/heads/H220-web-de-resultados
job-core	Run git diff --name-only 2e621414de75f2d5dc09862d99fa22da6009981a 7e7f42cf2f1ef74c24da368c78f906f31b784ba7 > files-in-commit.txt	2025-04-02T07:24:04.3505478Z   modules: ***
job-core	Run git diff --name-only 2e621414de75f2d5dc09862d99fa22da6009981a 7e7f42cf2f1ef74c24da368c78f906f31b784ba7 > files-in-commit.txt	2025-04-02T07:24:04.3505765Z   files: ***
job-core	Run git diff --name-only 2e621414de75f2d5dc09862d99fa22da6009981a 7e7f42cf2f1ef74c24da368c78f906f31b784ba7 > files-in-commit.txt	2025-04-02T07:24:04.3506177Z   GH_TOKEN: ***
job-core	Run git diff --name-only 2e621414de75f2d5dc09862d99fa22da6009981a 7e7f42cf2f1ef74c24da368c78f906f31b784ba7 > files-in-commit.txt	2025-04-02T07:24:04.3506433Z ##[endgroup]
job-core	Run git diff --name-only 2e621414de75f2d5dc09862d99fa22da6009981a 7e7f42cf2f1ef74c24da368c78f906f31b784ba7 > files-in-commit.txt	2025-04-02T07:24:04.3594270Z core/dashboard/dashboard/sections/leadTime.json
job-core	Run git diff --name-only 2e621414de75f2d5dc09862d99fa22da6009981a 7e7f42cf2f1ef74c24da368c78f906f31b784ba7 > files-in-commit.txt	2025-04-02T07:24:04.3595246Z core/dashboard/js/dashboard.js
job-core	Run git diff --name-only 2e621414de75f2d5dc09862d99fa22da6009981a 7e7f42cf2f1ef74c24da368c78f906f31b784ba7 > files-in-commit.txt	2025-04-02T07:24:04.3595628Z core/dashboard/templates/leadTime.html
job-core	Run git diff --name-only 2e621414de75f2d5dc09862d99fa22da6009981a 7e7f42cf2f1ef74c24da368c78f906f31b784ba7 > files-in-commit.txt	2025-04-02T07:24:04.3600497Z I Leemos el fichero files-in-commit.txt y extraemos el fichero core/dashboard/dashboard/sections/leadTime.json
job-core	Run git diff --name-only 2e621414de75f2d5dc09862d99fa22da6009981a 7e7f42cf2f1ef74c24da368c78f906f31b784ba7 > files-in-commit.txt	2025-04-02T07:24:04.3618315Z I-1 Calculamos el nombre del fichero leadTime.json
job-core	Run git diff --name-only 2e621414de75f2d5dc09862d99fa22da6009981a 7e7f42cf2f1ef74c24da368c78f906f31b784ba7 > files-in-commit.txt	2025-04-02T07:24:04.3619369Z I-2 Calculamos la extension del fichero json
job-core	Run git diff --name-only 2e621414de75f2d5dc09862d99fa22da6009981a 7e7f42cf2f1ef74c24da368c78f906f31b784ba7 > files-in-commit.txt	2025-04-02T07:24:04.3620551Z I-3 Calculamos el modulo jsonlint.yml
job-core	Run git diff --name-only 2e621414de75f2d5dc09862d99fa22da6009981a 7e7f42cf2f1ef74c24da368c78f906f31b784ba7 > files-in-commit.txt	2025-04-02T07:24:04.3622402Z II Leemos el array de md
job-core	Run git diff --name-only 2e621414de75f2d5dc09862d99fa22da6009981a 7e7f42cf2f1ef74c24da368c78f906f31b784ba7 > files-in-commit.txt	2025-04-02T07:24:04.3623334Z VII No es igual json a md y lo indicamos en la variable extension_failed=1
job-core	Run git diff --name-only 2e621414de75f2d5dc09862d99fa22da6009981a 7e7f42cf2f1ef74c24da368c78f906f31b784ba7 > files-in-commit.txt	2025-04-02T07:24:04.3624418Z II Leemos el array de yaml
job-core	Run git diff --name-only 2e621414de75f2d5dc09862d99fa22da6009981a 7e7f42cf2f1ef74c24da368c78f906f31b784ba7 > files-in-commit.txt	2025-04-02T07:24:04.3625718Z VII No es igual json a yaml y lo indicamos en la variable extension_failed=1
job-core	Run git diff --name-only 2e621414de75f2d5dc09862d99fa22da6009981a 7e7f42cf2f1ef74c24da368c78f906f31b784ba7 > files-in-commit.txt	2025-04-02T07:24:04.3628024Z II Leemos el array de json
job-core	Run git diff --name-only 2e621414de75f2d5dc09862d99fa22da6009981a 7e7f42cf2f1ef74c24da368c78f906f31b784ba7 > files-in-commit.txt	2025-04-02T07:24:04.3628817Z III Comprobamos si json es igual a json
job-core	Run git diff --name-only 2e621414de75f2d5dc09862d99fa22da6009981a 7e7f42cf2f1ef74c24da368c78f906f31b784ba7 > files-in-commit.txt	2025-04-02T07:24:04.3629777Z IV Leemos el array yamlint.yml
job-core	Run git diff --name-only 2e621414de75f2d5dc09862d99fa22da6009981a 7e7f42cf2f1ef74c24da368c78f906f31b784ba7 > files-in-commit.txt	2025-04-02T07:24:04.3631413Z VI No es igual jsonlint.yml a yamlint.yml y lo indicamos en la variable module_failed=1
job-core	Run git diff --name-only 2e621414de75f2d5dc09862d99fa22da6009981a 7e7f42cf2f1ef74c24da368c78f906f31b784ba7 > files-in-commit.txt	2025-04-02T07:24:04.3632953Z IV Leemos el array mdlint.yml
job-core	Run git diff --name-only 2e621414de75f2d5dc09862d99fa22da6009981a 7e7f42cf2f1ef74c24da368c78f906f31b784ba7 > files-in-commit.txt	2025-04-02T07:24:04.3633997Z VI No es igual jsonlint.yml a mdlint.yml y lo indicamos en la variable module_failed=1
job-core	Run git diff --name-only 2e621414de75f2d5dc09862d99fa22da6009981a 7e7f42cf2f1ef74c24da368c78f906f31b784ba7 > files-in-commit.txt	2025-04-02T07:24:04.3635096Z IV Leemos el array jsonlint.yml
job-core	Run git diff --name-only 2e621414de75f2d5dc09862d99fa22da6009981a 7e7f42cf2f1ef74c24da368c78f906f31b784ba7 > files-in-commit.txt	2025-04-02T07:24:04.3636431Z V Comprobamos que el jsonlint.yml es igual a jsonlint.yml y ejecutamos el flujo
job-core	Run git diff --name-only 2e621414de75f2d5dc09862d99fa22da6009981a 7e7f42cf2f1ef74c24da368c78f906f31b784ba7 > files-in-commit.txt	2025-04-02T07:24:04.3659057Z El numero de la issue es: 220
job-core	Run git diff --name-only 2e621414de75f2d5dc09862d99fa22da6009981a 7e7f42cf2f1ef74c24da368c78f906f31b784ba7 > files-in-commit.txt	2025-04-02T07:24:05.4607752Z I Leemos el fichero files-in-commit.txt y extraemos el fichero core/dashboard/js/dashboard.js
job-core	Run git diff --name-only 2e621414de75f2d5dc09862d99fa22da6009981a 7e7f42cf2f1ef74c24da368c78f906f31b784ba7 > files-in-commit.txt	2025-04-02T07:24:05.4665811Z I-1 Calculamos el nombre del fichero dashboard.js
job-core	Run git diff --name-only 2e621414de75f2d5dc09862d99fa22da6009981a 7e7f42cf2f1ef74c24da368c78f906f31b784ba7 > files-in-commit.txt	2025-04-02T07:24:05.4669128Z I-2 Calculamos la extension del fichero js
job-core	Run git diff --name-only 2e621414de75f2d5dc09862d99fa22da6009981a 7e7f42cf2f1ef74c24da368c78f906f31b784ba7 > files-in-commit.txt	2025-04-02T07:24:05.4672411Z I-3 Calculamos el modulo jslint.yml
job-core	Run git diff --name-only 2e621414de75f2d5dc09862d99fa22da6009981a 7e7f42cf2f1ef74c24da368c78f906f31b784ba7 > files-in-commit.txt	2025-04-02T07:24:05.4675085Z II Leemos el array de md
job-core	Run git diff --name-only 2e621414de75f2d5dc09862d99fa22da6009981a 7e7f42cf2f1ef74c24da368c78f906f31b784ba7 > files-in-commit.txt	2025-04-02T07:24:05.4705997Z VII No es igual js a md y lo indicamos en la variable extension_failed=1
job-core	Run git diff --name-only 2e621414de75f2d5dc09862d99fa22da6009981a 7e7f42cf2f1ef74c24da368c78f906f31b784ba7 > files-in-commit.txt	2025-04-02T07:24:05.4711183Z II Leemos el array de yaml
job-core	Run git diff --name-only 2e621414de75f2d5dc09862d99fa22da6009981a 7e7f42cf2f1ef74c24da368c78f906f31b784ba7 > files-in-commit.txt	2025-04-02T07:24:05.4733624Z VII No es igual js a yaml y lo indicamos en la variable extension_failed=1
job-core	Run git diff --name-only 2e621414de75f2d5dc09862d99fa22da6009981a 7e7f42cf2f1ef74c24da368c78f906f31b784ba7 > files-in-commit.txt	2025-04-02T07:24:05.4735742Z II Leemos el array de json
job-core	Run git diff --name-only 2e621414de75f2d5dc09862d99fa22da6009981a 7e7f42cf2f1ef74c24da368c78f906f31b784ba7 > files-in-commit.txt	2025-04-02T07:24:05.4737409Z VII No es igual js a json y lo indicamos en la variable extension_failed=1
job-core	Run git diff --name-only 2e621414de75f2d5dc09862d99fa22da6009981a 7e7f42cf2f1ef74c24da368c78f906f31b784ba7 > files-in-commit.txt	2025-04-02T07:24:05.4741404Z II Leemos el array de py
job-core	Run git diff --name-only 2e621414de75f2d5dc09862d99fa22da6009981a 7e7f42cf2f1ef74c24da368c78f906f31b784ba7 > files-in-commit.txt	2025-04-02T07:24:05.4743029Z VII No es igual js a py y lo indicamos en la variable extension_failed=1
job-core	Run git diff --name-only 2e621414de75f2d5dc09862d99fa22da6009981a 7e7f42cf2f1ef74c24da368c78f906f31b784ba7 > files-in-commit.txt	2025-04-02T07:24:05.4745874Z X Si extension falla falla (1) añadimos el comentario a la issue
job-core	Run git diff --name-only 2e621414de75f2d5dc09862d99fa22da6009981a 7e7f42cf2f1ef74c24da368c78f906f31b784ba7 > files-in-commit.txt	2025-04-02T07:24:07.1145144Z https://github.com/Ka0s-Klaus/ka0s/issues/220#issuecomment-2771569140
job-core	Run git diff --name-only 2e621414de75f2d5dc09862d99fa22da6009981a 7e7f42cf2f1ef74c24da368c78f906f31b784ba7 > files-in-commit.txt	2025-04-02T07:24:07.1198941Z I Leemos el fichero files-in-commit.txt y extraemos el fichero core/dashboard/templates/leadTime.html
job-core	Run git diff --name-only 2e621414de75f2d5dc09862d99fa22da6009981a 7e7f42cf2f1ef74c24da368c78f906f31b784ba7 > files-in-commit.txt	2025-04-02T07:24:07.1217504Z I-1 Calculamos el nombre del fichero leadTime.html
job-core	Run git diff --name-only 2e621414de75f2d5dc09862d99fa22da6009981a 7e7f42cf2f1ef74c24da368c78f906f31b784ba7 > files-in-commit.txt	2025-04-02T07:24:07.1218724Z I-2 Calculamos la extension del fichero html
job-core	Run git diff --name-only 2e621414de75f2d5dc09862d99fa22da6009981a 7e7f42cf2f1ef74c24da368c78f906f31b784ba7 > files-in-commit.txt	2025-04-02T07:24:07.1219704Z I-3 Calculamos el modulo htmllint.yml
job-core	Run git diff --name-only 2e621414de75f2d5dc09862d99fa22da6009981a 7e7f42cf2f1ef74c24da368c78f906f31b784ba7 > files-in-commit.txt	2025-04-02T07:24:07.1220863Z II Leemos el array de md
job-core	Run git diff --name-only 2e621414de75f2d5dc09862d99fa22da6009981a 7e7f42cf2f1ef74c24da368c78f906f31b784ba7 > files-in-commit.txt	2025-04-02T07:24:07.1222240Z VII No es igual html a md y lo indicamos en la variable extension_failed=1
job-core	Run git diff --name-only 2e621414de75f2d5dc09862d99fa22da6009981a 7e7f42cf2f1ef74c24da368c78f906f31b784ba7 > files-in-commit.txt	2025-04-02T07:24:07.1223674Z II Leemos el array de yaml
job-core	Run git diff --name-only 2e621414de75f2d5dc09862d99fa22da6009981a 7e7f42cf2f1ef74c24da368c78f906f31b784ba7 > files-in-commit.txt	2025-04-02T07:24:07.1224895Z VII No es igual html a yaml y lo indicamos en la variable extension_failed=1
job-core	Run git diff --name-only 2e621414de75f2d5dc09862d99fa22da6009981a 7e7f42cf2f1ef74c24da368c78f906f31b784ba7 > files-in-commit.txt	2025-04-02T07:24:07.1226366Z II Leemos el array de json
job-core	Run git diff --name-only 2e621414de75f2d5dc09862d99fa22da6009981a 7e7f42cf2f1ef74c24da368c78f906f31b784ba7 > files-in-commit.txt	2025-04-02T07:24:07.1227744Z VII No es igual html a json y lo indicamos en la variable extension_failed=1
job-core	Run git diff --name-only 2e621414de75f2d5dc09862d99fa22da6009981a 7e7f42cf2f1ef74c24da368c78f906f31b784ba7 > files-in-commit.txt	2025-04-02T07:24:07.1229240Z II Leemos el array de py
job-core	Run git diff --name-only 2e621414de75f2d5dc09862d99fa22da6009981a 7e7f42cf2f1ef74c24da368c78f906f31b784ba7 > files-in-commit.txt	2025-04-02T07:24:07.1230721Z VII No es igual html a py y lo indicamos en la variable extension_failed=1
job-core	Run git diff --name-only 2e621414de75f2d5dc09862d99fa22da6009981a 7e7f42cf2f1ef74c24da368c78f906f31b784ba7 > files-in-commit.txt	2025-04-02T07:24:07.1232877Z X Si extension falla falla (1) añadimos el comentario a la issue
job-core	Run git diff --name-only 2e621414de75f2d5dc09862d99fa22da6009981a 7e7f42cf2f1ef74c24da368c78f906f31b784ba7 > files-in-commit.txt	2025-04-02T07:24:08.3719489Z https://github.com/Ka0s-Klaus/ka0s/issues/220#issuecomment-2771569199
job-core	Post Checkout code	﻿2025-04-02T07:24:08.4132277Z Post job cleanup.
job-core	Post Checkout code	2025-04-02T07:24:08.5533470Z [command]/usr/bin/git version
job-core	Post Checkout code	2025-04-02T07:24:08.5596905Z git version 2.48.1
job-core	Post Checkout code	2025-04-02T07:24:08.5654233Z Copying '/home/kaos/.gitconfig' to '/actions-runner/_work/_temp/094d7748-fef1-4ab8-b72d-6ba6985cf805/.gitconfig'
job-core	Post Checkout code	2025-04-02T07:24:08.5673755Z Temporarily overriding HOME='/actions-runner/_work/_temp/094d7748-fef1-4ab8-b72d-6ba6985cf805' before making global git config changes
job-core	Post Checkout code	2025-04-02T07:24:08.5675886Z Adding repository directory to the temporary git global config as a safe directory
job-core	Post Checkout code	2025-04-02T07:24:08.5685500Z [command]/usr/bin/git config --global --add safe.directory /actions-runner/_work/ka0s/ka0s
job-core	Post Checkout code	2025-04-02T07:24:08.5740915Z [command]/usr/bin/git config --local --name-only --get-regexp core\.sshCommand
job-core	Post Checkout code	2025-04-02T07:24:08.5810526Z [command]/usr/bin/git submodule foreach --recursive sh -c "git config --local --name-only --get-regexp 'core\.sshCommand' && git config --local --unset-all 'core.sshCommand' || :"
job-core	Post Checkout code	2025-04-02T07:24:08.6226974Z [command]/usr/bin/git config --local --name-only --get-regexp http\.https\:\/\/github\.com\/\.extraheader
job-core	Post Checkout code	2025-04-02T07:24:08.6267335Z http.https://github.com/.extraheader
job-core	Post Checkout code	2025-04-02T07:24:08.6285600Z [command]/usr/bin/git config --local --unset-all http.https://github.com/.extraheader
job-core	Post Checkout code	2025-04-02T07:24:08.6339297Z [command]/usr/bin/git submodule foreach --recursive sh -c "git config --local --name-only --get-regexp 'http\.https\:\/\/github\.com\/\.extraheader' && git config --local --unset-all 'http.https://github.com/.extraheader' || :"
job-core	Complete job	﻿2025-04-02T07:24:08.6875615Z Cleaning up orphan processes
handle-success	Set up job	﻿2025-04-02T07:28:59.3312191Z Current runner version: '2.323.0'
handle-success	Set up job	2025-04-02T07:28:59.3324202Z Runner name: 'ka0s-1'
handle-success	Set up job	2025-04-02T07:28:59.3325706Z Machine name: '419612ea1a87'
handle-success	Set up job	2025-04-02T07:28:59.3329040Z ##[group]GITHUB_TOKEN Permissions
handle-success	Set up job	2025-04-02T07:28:59.3332967Z Contents: read
handle-success	Set up job	2025-04-02T07:28:59.3334215Z Metadata: read
handle-success	Set up job	2025-04-02T07:28:59.3335273Z Packages: read
handle-success	Set up job	2025-04-02T07:28:59.3336279Z ##[endgroup]
handle-success	Set up job	2025-04-02T07:28:59.3342773Z Secret source: Actions
handle-success	Set up job	2025-04-02T07:28:59.3345248Z Prepare workflow directory
handle-success	Set up job	2025-04-02T07:28:59.4503606Z Prepare all required actions
handle-success	Set up job	2025-04-02T07:28:59.4591428Z Getting action download info
handle-success	Set up job	2025-04-02T07:29:00.4555055Z Download action repository 'actions/checkout@v4' (SHA:11bd71901bbe5b1630ceea73d27597364c9af683)
handle-success	Set up job	2025-04-02T07:29:03.0611432Z Complete job name: handle-success
handle-success	Checkout code	﻿2025-04-02T07:29:03.1264862Z ##[group]Run actions/checkout@v4
handle-success	Checkout code	2025-04-02T07:29:03.1266145Z with:
handle-success	Checkout code	2025-04-02T07:29:03.1266718Z   fetch-depth: 0
handle-success	Checkout code	2025-04-02T07:29:03.1267635Z   token: ***
handle-success	Checkout code	2025-04-02T07:29:03.1268222Z   repository: Ka0s-Klaus/ka0s
handle-success	Checkout code	2025-04-02T07:29:03.1268966Z   ssh-strict: true
handle-success	Checkout code	2025-04-02T07:29:03.1269570Z   ssh-user: git
handle-success	Checkout code	2025-04-02T07:29:03.1270382Z   persist-credentials: true
handle-success	Checkout code	2025-04-02T07:29:03.1271055Z   clean: true
handle-success	Checkout code	2025-04-02T07:29:03.1271647Z   sparse-checkout-cone-mode: true
handle-success	Checkout code	2025-04-02T07:29:03.1272360Z   fetch-tags: false
handle-success	Checkout code	2025-04-02T07:29:03.1272952Z   show-progress: true
handle-success	Checkout code	2025-04-02T07:29:03.1273538Z   lfs: false
handle-success	Checkout code	2025-04-02T07:29:03.1274077Z   submodules: false
handle-success	Checkout code	2025-04-02T07:29:03.1274712Z   set-safe-directory: true
handle-success	Checkout code	2025-04-02T07:29:03.1275674Z env:
handle-success	Checkout code	2025-04-02T07:29:03.1276228Z   KAOS_CODE: 14213662479
handle-success	Checkout code	2025-04-02T07:29:03.1276855Z   KAOS_EVENT_NAME: push
handle-success	Checkout code	2025-04-02T07:29:03.1277458Z   KAOS_ACTION: 
handle-success	Checkout code	2025-04-02T07:29:03.1278101Z   KAOS_REF: refs/heads/H220-web-de-resultados
handle-success	Checkout code	2025-04-02T07:29:03.1278874Z   KAOS_MODULE: [Ka0S] kaos
handle-success	Checkout code	2025-04-02T07:29:03.1279591Z   KAOS_PATH_RESUME: core/results/k/
handle-success	Checkout code	2025-04-02T07:29:03.1280681Z   KAOS_JSON: core/results/event_data_
handle-success	Checkout code	2025-04-02T07:29:03.1281596Z   KAOS_ACTOR: AlejandroPB5
handle-success	Checkout code	2025-04-02T07:29:03.1282238Z ##[endgroup]
handle-success	Checkout code	2025-04-02T07:29:03.2871641Z Syncing repository: Ka0s-Klaus/ka0s
handle-success	Checkout code	2025-04-02T07:29:03.2876539Z ##[group]Getting Git version info
handle-success	Checkout code	2025-04-02T07:29:03.2878594Z Working directory is '/actions-runner/_work/ka0s/ka0s'
handle-success	Checkout code	2025-04-02T07:29:03.2881627Z [command]/usr/bin/git version
handle-success	Checkout code	2025-04-02T07:29:03.2883093Z git version 2.48.1
handle-success	Checkout code	2025-04-02T07:29:03.2887496Z ##[endgroup]
handle-success	Checkout code	2025-04-02T07:29:03.2898441Z Copying '/home/kaos/.gitconfig' to '/actions-runner/_work/_temp/15c0bcd9-3248-4dce-9457-152b72215332/.gitconfig'
handle-success	Checkout code	2025-04-02T07:29:03.2902466Z Temporarily overriding HOME='/actions-runner/_work/_temp/15c0bcd9-3248-4dce-9457-152b72215332' before making global git config changes
handle-success	Checkout code	2025-04-02T07:29:03.2906498Z Adding repository directory to the temporary git global config as a safe directory
handle-success	Checkout code	2025-04-02T07:29:03.2925332Z [command]/usr/bin/git config --global --add safe.directory /actions-runner/_work/ka0s/ka0s
handle-success	Checkout code	2025-04-02T07:29:03.2989221Z [command]/usr/bin/git config --local --get remote.origin.url
handle-success	Checkout code	2025-04-02T07:29:03.3023099Z https://github.com/Ka0s-Klaus/ka0s
handle-success	Checkout code	2025-04-02T07:29:03.3049520Z ##[group]Removing previously created refs, to avoid conflicts
handle-success	Checkout code	2025-04-02T07:29:03.3056327Z [command]/usr/bin/git rev-parse --symbolic-full-name --verify --quiet HEAD
handle-success	Checkout code	2025-04-02T07:29:03.3090859Z refs/heads/H220-web-de-resultados
handle-success	Checkout code	2025-04-02T07:29:03.3106112Z [command]/usr/bin/git checkout --detach
handle-success	Checkout code	2025-04-02T07:29:03.3236537Z HEAD is now at f6eb389 Merge branch 'H220-web-de-resultados' of https://github.com/Ka0s-Klaus/ka0s into H220-web-de-resultados
handle-success	Checkout code	2025-04-02T07:29:03.3301095Z [command]/usr/bin/git branch --delete --force H220-web-de-resultados
handle-success	Checkout code	2025-04-02T07:29:03.3341400Z Deleted branch H220-web-de-resultados (was f6eb389).
handle-success	Checkout code	2025-04-02T07:29:03.3417311Z ##[endgroup]
handle-success	Checkout code	2025-04-02T07:29:03.3418168Z [command]/usr/bin/git submodule status
handle-success	Checkout code	2025-04-02T07:29:03.3795107Z ##[group]Cleaning the repository
handle-success	Checkout code	2025-04-02T07:29:03.3801389Z [command]/usr/bin/git clean -ffdx
handle-success	Checkout code	2025-04-02T07:29:03.3871937Z [command]/usr/bin/git reset --hard HEAD
handle-success	Checkout code	2025-04-02T07:29:03.4040750Z HEAD is now at f6eb389 Merge branch 'H220-web-de-resultados' of https://github.com/Ka0s-Klaus/ka0s into H220-web-de-resultados
handle-success	Checkout code	2025-04-02T07:29:03.4046415Z ##[endgroup]
handle-success	Checkout code	2025-04-02T07:29:03.4049869Z ##[group]Disabling automatic garbage collection
handle-success	Checkout code	2025-04-02T07:29:03.4069647Z [command]/usr/bin/git config --local gc.auto 0
handle-success	Checkout code	2025-04-02T07:29:03.4111124Z ##[endgroup]
handle-success	Checkout code	2025-04-02T07:29:03.4112241Z ##[group]Setting up auth
handle-success	Checkout code	2025-04-02T07:29:03.4120785Z [command]/usr/bin/git config --local --name-only --get-regexp core\.sshCommand
handle-success	Checkout code	2025-04-02T07:29:03.4168828Z [command]/usr/bin/git submodule foreach --recursive sh -c "git config --local --name-only --get-regexp 'core\.sshCommand' && git config --local --unset-all 'core.sshCommand' || :"
handle-success	Checkout code	2025-04-02T07:29:03.4559041Z [command]/usr/bin/git config --local --name-only --get-regexp http\.https\:\/\/github\.com\/\.extraheader
handle-success	Checkout code	2025-04-02T07:29:03.4602841Z [command]/usr/bin/git submodule foreach --recursive sh -c "git config --local --name-only --get-regexp 'http\.https\:\/\/github\.com\/\.extraheader' && git config --local --unset-all 'http.https://github.com/.extraheader' || :"
handle-success	Checkout code	2025-04-02T07:29:03.5010124Z [command]/usr/bin/git config --local http.https://github.com/.extraheader AUTHORIZATION: basic ***
handle-success	Checkout code	2025-04-02T07:29:03.5081818Z ##[endgroup]
handle-success	Checkout code	2025-04-02T07:29:03.5083157Z ##[group]Fetching the repository
handle-success	Checkout code	2025-04-02T07:29:03.5099379Z [command]/usr/bin/git -c protocol.version=2 fetch --prune --no-recurse-submodules origin +refs/heads/*:refs/remotes/origin/* +refs/tags/*:refs/tags/*
handle-success	Checkout code	2025-04-02T07:29:04.3250672Z From https://github.com/Ka0s-Klaus/ka0s
handle-success	Checkout code	2025-04-02T07:29:04.3255039Z    f6eb389..035c914  H220-web-de-resultados -> origin/H220-web-de-resultados
handle-success	Checkout code	2025-04-02T07:29:04.3350567Z [command]/usr/bin/git branch --list --remote origin/H220-web-de-resultados
handle-success	Checkout code	2025-04-02T07:29:04.3386324Z   origin/H220-web-de-resultados
handle-success	Checkout code	2025-04-02T07:29:04.3400951Z [command]/usr/bin/git rev-parse refs/remotes/origin/H220-web-de-resultados
handle-success	Checkout code	2025-04-02T07:29:04.3433520Z 035c9147570891c8c38a1d9c998b56b1d83eb56f
handle-success	Checkout code	2025-04-02T07:29:04.3455233Z [command]/usr/bin/git -c protocol.version=2 fetch --no-tags --prune --no-recurse-submodules origin +7e7f42cf2f1ef74c24da368c78f906f31b784ba7:refs/remotes/origin/H220-web-de-resultados
handle-success	Checkout code	2025-04-02T07:29:05.1596814Z From https://github.com/Ka0s-Klaus/ka0s
handle-success	Checkout code	2025-04-02T07:29:05.1602698Z  + 035c914...7e7f42c 7e7f42cf2f1ef74c24da368c78f906f31b784ba7 -> origin/H220-web-de-resultados  (forced update)
handle-success	Checkout code	2025-04-02T07:29:05.1678865Z ##[endgroup]
handle-success	Checkout code	2025-04-02T07:29:05.1684679Z ##[group]Determining the checkout info
handle-success	Checkout code	2025-04-02T07:29:05.1689509Z ##[endgroup]
handle-success	Checkout code	2025-04-02T07:29:05.1691275Z [command]/usr/bin/git sparse-checkout disable
handle-success	Checkout code	2025-04-02T07:29:05.1787457Z [command]/usr/bin/git config --local --unset-all extensions.worktreeConfig
handle-success	Checkout code	2025-04-02T07:29:05.1834681Z ##[group]Checking out the ref
handle-success	Checkout code	2025-04-02T07:29:05.1841958Z [command]/usr/bin/git checkout --progress --force -B H220-web-de-resultados refs/remotes/origin/H220-web-de-resultados
handle-success	Checkout code	2025-04-02T07:29:05.2055361Z Previous HEAD position was f6eb389 Merge branch 'H220-web-de-resultados' of https://github.com/Ka0s-Klaus/ka0s into H220-web-de-resultados
handle-success	Checkout code	2025-04-02T07:29:05.2072052Z Switched to a new branch 'H220-web-de-resultados'
handle-success	Checkout code	2025-04-02T07:29:05.2079729Z branch 'H220-web-de-resultados' set up to track 'origin/H220-web-de-resultados'.
handle-success	Checkout code	2025-04-02T07:29:05.2092196Z ##[endgroup]
handle-success	Checkout code	2025-04-02T07:29:05.2151378Z [command]/usr/bin/git log -1 --format=%H
handle-success	Checkout code	2025-04-02T07:29:05.2191450Z 7e7f42cf2f1ef74c24da368c78f906f31b784ba7
handle-success	handle-success-execution	﻿2025-04-02T07:29:05.2551244Z ##[group]Run # Si todo ha ido correcto añadimos el contenido del fichero 
handle-success	handle-success-execution	2025-04-02T07:29:05.2553186Z [36;1m# Si todo ha ido correcto añadimos el contenido del fichero [0m
handle-success	handle-success-execution	2025-04-02T07:29:05.2555165Z [36;1mRNNUMBER=$(echo "refs/heads/H220-web-de-resultados" | grep -o '[0-9]*')[0m
handle-success	handle-success-execution	2025-04-02T07:29:05.2556863Z [36;1mgh issue comment $RNNUMBER --body "El proceso ha finalizado correctamente 14213662479. El resultado está en el fichero core/results/event_data14213662479.log"[0m
handle-success	handle-success-execution	2025-04-02T07:29:05.2584189Z shell: /usr/bin/bash -e {0}
handle-success	handle-success-execution	2025-04-02T07:29:05.2585461Z env:
handle-success	handle-success-execution	2025-04-02T07:29:05.2587006Z   KAOS_CODE: 14213662479
handle-success	handle-success-execution	2025-04-02T07:29:05.2588885Z   KAOS_EVENT_NAME: push
handle-success	handle-success-execution	2025-04-02T07:29:05.2590490Z   KAOS_ACTION: 
handle-success	handle-success-execution	2025-04-02T07:29:05.2591256Z   KAOS_REF: refs/heads/H220-web-de-resultados
handle-success	handle-success-execution	2025-04-02T07:29:05.2592273Z   KAOS_MODULE: [Ka0S] kaos
handle-success	handle-success-execution	2025-04-02T07:29:05.2592919Z   KAOS_PATH_RESUME: core/results/k/
handle-success	handle-success-execution	2025-04-02T07:29:05.2593549Z   KAOS_JSON: core/results/event_data_
handle-success	handle-success-execution	2025-04-02T07:29:05.2594179Z   KAOS_ACTOR: AlejandroPB5
handle-success	handle-success-execution	2025-04-02T07:29:05.2595520Z   GH_TOKEN: ***
handle-success	handle-success-execution	2025-04-02T07:29:05.2596064Z ##[endgroup]
handle-success	handle-success-execution	2025-04-02T07:29:06.6167315Z https://github.com/Ka0s-Klaus/ka0s/issues/220#issuecomment-2771580095
handle-success	Post Checkout code	﻿2025-04-02T07:29:06.6423929Z Post job cleanup.
handle-success	Post Checkout code	2025-04-02T07:29:06.7864970Z [command]/usr/bin/git version
handle-success	Post Checkout code	2025-04-02T07:29:06.7920516Z git version 2.48.1
handle-success	Post Checkout code	2025-04-02T07:29:06.7977394Z Copying '/home/kaos/.gitconfig' to '/actions-runner/_work/_temp/a0ddd06b-7234-48bb-bb10-fe944c1e1cef/.gitconfig'
handle-success	Post Checkout code	2025-04-02T07:29:06.7998789Z Temporarily overriding HOME='/actions-runner/_work/_temp/a0ddd06b-7234-48bb-bb10-fe944c1e1cef' before making global git config changes
handle-success	Post Checkout code	2025-04-02T07:29:06.8001267Z Adding repository directory to the temporary git global config as a safe directory
handle-success	Post Checkout code	2025-04-02T07:29:06.8008949Z [command]/usr/bin/git config --global --add safe.directory /actions-runner/_work/ka0s/ka0s
handle-success	Post Checkout code	2025-04-02T07:29:06.8062488Z [command]/usr/bin/git config --local --name-only --get-regexp core\.sshCommand
handle-success	Post Checkout code	2025-04-02T07:29:06.8126749Z [command]/usr/bin/git submodule foreach --recursive sh -c "git config --local --name-only --get-regexp 'core\.sshCommand' && git config --local --unset-all 'core.sshCommand' || :"
handle-success	Post Checkout code	2025-04-02T07:29:06.8534515Z [command]/usr/bin/git config --local --name-only --get-regexp http\.https\:\/\/github\.com\/\.extraheader
handle-success	Post Checkout code	2025-04-02T07:29:06.8573758Z http.https://github.com/.extraheader
handle-success	Post Checkout code	2025-04-02T07:29:06.8591226Z [command]/usr/bin/git config --local --unset-all http.https://github.com/.extraheader
handle-success	Post Checkout code	2025-04-02T07:29:06.8646143Z [command]/usr/bin/git submodule foreach --recursive sh -c "git config --local --name-only --get-regexp 'http\.https\:\/\/github\.com\/\.extraheader' && git config --local --unset-all 'http.https://github.com/.extraheader' || :"
handle-success	Complete job	﻿2025-04-02T07:29:06.9203688Z Cleaning up orphan processes
end-workflow	Set up job	﻿2025-04-02T07:31:39.5942897Z Current runner version: '2.323.0'
end-workflow	Set up job	2025-04-02T07:31:39.5953169Z Runner name: 'ka0s-1'
end-workflow	Set up job	2025-04-02T07:31:39.5954394Z Machine name: '419612ea1a87'
end-workflow	Set up job	2025-04-02T07:31:39.5957758Z ##[group]GITHUB_TOKEN Permissions
end-workflow	Set up job	2025-04-02T07:31:39.5961389Z Contents: read
end-workflow	Set up job	2025-04-02T07:31:39.5962159Z Metadata: read
end-workflow	Set up job	2025-04-02T07:31:39.5962813Z Packages: read
end-workflow	Set up job	2025-04-02T07:31:39.5963596Z ##[endgroup]
end-workflow	Set up job	2025-04-02T07:31:39.5966688Z Secret source: Actions
end-workflow	Set up job	2025-04-02T07:31:39.5967873Z Prepare workflow directory
end-workflow	Set up job	2025-04-02T07:31:39.6993680Z Prepare all required actions
end-workflow	Set up job	2025-04-02T07:31:39.7054243Z Getting action download info
end-workflow	Set up job	2025-04-02T07:31:40.4181667Z Download action repository 'actions/checkout@v4' (SHA:11bd71901bbe5b1630ceea73d27597364c9af683)
end-workflow	Set up job	2025-04-02T07:31:42.4241396Z Complete job name: end-workflow
end-workflow	Checkout code	﻿2025-04-02T07:31:42.4975708Z ##[group]Run actions/checkout@v4
end-workflow	Checkout code	2025-04-02T07:31:42.4978211Z with:
end-workflow	Checkout code	2025-04-02T07:31:42.4980521Z   fetch-depth: 0
end-workflow	Checkout code	2025-04-02T07:31:42.4981529Z   token: ***
end-workflow	Checkout code	2025-04-02T07:31:42.4982135Z   repository: Ka0s-Klaus/ka0s
end-workflow	Checkout code	2025-04-02T07:31:42.4983041Z   ssh-strict: true
end-workflow	Checkout code	2025-04-02T07:31:42.4983654Z   ssh-user: git
end-workflow	Checkout code	2025-04-02T07:31:42.4984285Z   persist-credentials: true
end-workflow	Checkout code	2025-04-02T07:31:42.4985005Z   clean: true
end-workflow	Checkout code	2025-04-02T07:31:42.4985634Z   sparse-checkout-cone-mode: true
end-workflow	Checkout code	2025-04-02T07:31:42.4986411Z   fetch-tags: false
end-workflow	Checkout code	2025-04-02T07:31:42.4987039Z   show-progress: true
end-workflow	Checkout code	2025-04-02T07:31:42.4988222Z   lfs: false
end-workflow	Checkout code	2025-04-02T07:31:42.4990359Z   submodules: false
end-workflow	Checkout code	2025-04-02T07:31:42.4991038Z   set-safe-directory: true
end-workflow	Checkout code	2025-04-02T07:31:42.4992271Z env:
end-workflow	Checkout code	2025-04-02T07:31:42.4992835Z   KAOS_CODE: 14213662479
end-workflow	Checkout code	2025-04-02T07:31:42.4993466Z   KAOS_EVENT_NAME: push
end-workflow	Checkout code	2025-04-02T07:31:42.4994084Z   KAOS_ACTION: 
end-workflow	Checkout code	2025-04-02T07:31:42.4994725Z   KAOS_REF: refs/heads/H220-web-de-resultados
end-workflow	Checkout code	2025-04-02T07:31:42.4995535Z   KAOS_MODULE: [Ka0S] kaos
end-workflow	Checkout code	2025-04-02T07:31:42.4996369Z   KAOS_PATH_RESUME: core/results/k/
end-workflow	Checkout code	2025-04-02T07:31:42.4997166Z   KAOS_JSON: core/results/event_data_
end-workflow	Checkout code	2025-04-02T07:31:42.4997944Z   KAOS_ACTOR: AlejandroPB5
end-workflow	Checkout code	2025-04-02T07:31:42.4998998Z   GH_TOKEN: ***
end-workflow	Checkout code	2025-04-02T07:31:42.4999582Z ##[endgroup]
end-workflow	Checkout code	2025-04-02T07:31:42.6800375Z Syncing repository: Ka0s-Klaus/ka0s
end-workflow	Checkout code	2025-04-02T07:31:42.6805025Z ##[group]Getting Git version info
end-workflow	Checkout code	2025-04-02T07:31:42.6807074Z Working directory is '/actions-runner/_work/ka0s/ka0s'
end-workflow	Checkout code	2025-04-02T07:31:42.6809834Z [command]/usr/bin/git version
end-workflow	Checkout code	2025-04-02T07:31:42.6811490Z git version 2.48.1
end-workflow	Checkout code	2025-04-02T07:31:42.6885077Z ##[endgroup]
end-workflow	Checkout code	2025-04-02T07:31:42.6896103Z Copying '/home/kaos/.gitconfig' to '/actions-runner/_work/_temp/1d625e1c-4da8-42bb-821f-a68f5b1a2e10/.gitconfig'
end-workflow	Checkout code	2025-04-02T07:31:42.6902245Z Temporarily overriding HOME='/actions-runner/_work/_temp/1d625e1c-4da8-42bb-821f-a68f5b1a2e10' before making global git config changes
end-workflow	Checkout code	2025-04-02T07:31:42.6907670Z Adding repository directory to the temporary git global config as a safe directory
end-workflow	Checkout code	2025-04-02T07:31:42.6911071Z [command]/usr/bin/git config --global --add safe.directory /actions-runner/_work/ka0s/ka0s
end-workflow	Checkout code	2025-04-02T07:31:42.6969802Z [command]/usr/bin/git config --local --get remote.origin.url
end-workflow	Checkout code	2025-04-02T07:31:42.7022604Z https://github.com/Ka0s-Klaus/ka0s
end-workflow	Checkout code	2025-04-02T07:31:42.7048580Z ##[group]Removing previously created refs, to avoid conflicts
end-workflow	Checkout code	2025-04-02T07:31:42.7056007Z [command]/usr/bin/git rev-parse --symbolic-full-name --verify --quiet HEAD
end-workflow	Checkout code	2025-04-02T07:31:42.7092682Z refs/heads/H220-web-de-resultados
end-workflow	Checkout code	2025-04-02T07:31:42.7112535Z [command]/usr/bin/git checkout --detach
end-workflow	Checkout code	2025-04-02T07:31:42.7236719Z HEAD is now at 1636aeb [Ka0S] Uploading resume execution files to the repository...
end-workflow	Checkout code	2025-04-02T07:31:42.7319561Z [command]/usr/bin/git branch --delete --force H220-web-de-resultados
end-workflow	Checkout code	2025-04-02T07:31:42.7366871Z Deleted branch H220-web-de-resultados (was 1636aeb).
end-workflow	Checkout code	2025-04-02T07:31:42.7453206Z ##[endgroup]
end-workflow	Checkout code	2025-04-02T07:31:42.7455333Z [command]/usr/bin/git submodule status
end-workflow	Checkout code	2025-04-02T07:31:42.7856583Z ##[group]Cleaning the repository
end-workflow	Checkout code	2025-04-02T07:31:42.7861535Z [command]/usr/bin/git clean -ffdx
end-workflow	Checkout code	2025-04-02T07:31:42.7920530Z Removing core/outputs/j/jsonlint-results-14213920839.txt
end-workflow	Checkout code	2025-04-02T07:31:42.7936504Z [command]/usr/bin/git reset --hard HEAD
end-workflow	Checkout code	2025-04-02T07:31:42.8123421Z HEAD is now at 1636aeb [Ka0S] Uploading resume execution files to the repository...
end-workflow	Checkout code	2025-04-02T07:31:42.8133961Z ##[endgroup]
end-workflow	Checkout code	2025-04-02T07:31:42.8137729Z ##[group]Disabling automatic garbage collection
end-workflow	Checkout code	2025-04-02T07:31:42.8143390Z [command]/usr/bin/git config --local gc.auto 0
end-workflow	Checkout code	2025-04-02T07:31:42.8190976Z ##[endgroup]
end-workflow	Checkout code	2025-04-02T07:31:42.8192135Z ##[group]Setting up auth
end-workflow	Checkout code	2025-04-02T07:31:42.8220427Z [command]/usr/bin/git config --local --name-only --get-regexp core\.sshCommand
end-workflow	Checkout code	2025-04-02T07:31:42.8276138Z [command]/usr/bin/git submodule foreach --recursive sh -c "git config --local --name-only --get-regexp 'core\.sshCommand' && git config --local --unset-all 'core.sshCommand' || :"
end-workflow	Checkout code	2025-04-02T07:31:42.8703968Z [command]/usr/bin/git config --local --name-only --get-regexp http\.https\:\/\/github\.com\/\.extraheader
end-workflow	Checkout code	2025-04-02T07:31:42.8757439Z [command]/usr/bin/git submodule foreach --recursive sh -c "git config --local --name-only --get-regexp 'http\.https\:\/\/github\.com\/\.extraheader' && git config --local --unset-all 'http.https://github.com/.extraheader' || :"
end-workflow	Checkout code	2025-04-02T07:31:42.9199569Z [command]/usr/bin/git config --local http.https://github.com/.extraheader AUTHORIZATION: basic ***
end-workflow	Checkout code	2025-04-02T07:31:42.9262977Z ##[endgroup]
end-workflow	Checkout code	2025-04-02T07:31:42.9264087Z ##[group]Fetching the repository
end-workflow	Checkout code	2025-04-02T07:31:42.9274361Z [command]/usr/bin/git -c protocol.version=2 fetch --prune --no-recurse-submodules origin +refs/heads/*:refs/remotes/origin/* +refs/tags/*:refs/tags/*
end-workflow	Checkout code	2025-04-02T07:31:43.8161455Z From https://github.com/Ka0s-Klaus/ka0s
end-workflow	Checkout code	2025-04-02T07:31:43.8163790Z    1636aeb..035c914  H220-web-de-resultados -> origin/H220-web-de-resultados
end-workflow	Checkout code	2025-04-02T07:31:43.8286696Z [command]/usr/bin/git branch --list --remote origin/H220-web-de-resultados
end-workflow	Checkout code	2025-04-02T07:31:43.8332878Z   origin/H220-web-de-resultados
end-workflow	Checkout code	2025-04-02T07:31:43.8349053Z [command]/usr/bin/git rev-parse refs/remotes/origin/H220-web-de-resultados
end-workflow	Checkout code	2025-04-02T07:31:43.8390274Z 035c9147570891c8c38a1d9c998b56b1d83eb56f
end-workflow	Checkout code	2025-04-02T07:31:43.8423140Z [command]/usr/bin/git -c protocol.version=2 fetch --no-tags --prune --no-recurse-submodules origin +7e7f42cf2f1ef74c24da368c78f906f31b784ba7:refs/remotes/origin/H220-web-de-resultados
end-workflow	Checkout code	2025-04-02T07:31:44.4828190Z From https://github.com/Ka0s-Klaus/ka0s
end-workflow	Checkout code	2025-04-02T07:31:44.4834548Z  + 035c914...7e7f42c 7e7f42cf2f1ef74c24da368c78f906f31b784ba7 -> origin/H220-web-de-resultados  (forced update)
end-workflow	Checkout code	2025-04-02T07:31:44.4922753Z ##[endgroup]
end-workflow	Checkout code	2025-04-02T07:31:44.4925834Z ##[group]Determining the checkout info
end-workflow	Checkout code	2025-04-02T07:31:44.4931996Z ##[endgroup]
end-workflow	Checkout code	2025-04-02T07:31:44.4934293Z [command]/usr/bin/git sparse-checkout disable
end-workflow	Checkout code	2025-04-02T07:31:44.5029046Z [command]/usr/bin/git config --local --unset-all extensions.worktreeConfig
end-workflow	Checkout code	2025-04-02T07:31:44.5075997Z ##[group]Checking out the ref
end-workflow	Checkout code	2025-04-02T07:31:44.5082813Z [command]/usr/bin/git checkout --progress --force -B H220-web-de-resultados refs/remotes/origin/H220-web-de-resultados
end-workflow	Checkout code	2025-04-02T07:31:44.5256522Z Warning: you are leaving 1 commit behind, not connected to
end-workflow	Checkout code	2025-04-02T07:31:44.5261011Z any of your branches:
end-workflow	Checkout code	2025-04-02T07:31:44.5263914Z 
end-workflow	Checkout code	2025-04-02T07:31:44.5265800Z   1636aeb [Ka0S] Uploading resume execution files to the repository...
end-workflow	Checkout code	2025-04-02T07:31:44.5268409Z 
end-workflow	Checkout code	2025-04-02T07:31:44.5269973Z If you want to keep it by creating a new branch, this may be a good time
end-workflow	Checkout code	2025-04-02T07:31:44.5274757Z to do so with:
end-workflow	Checkout code	2025-04-02T07:31:44.5275836Z 
end-workflow	Checkout code	2025-04-02T07:31:44.5276720Z  git branch <new-branch-name> 1636aeb
end-workflow	Checkout code	2025-04-02T07:31:44.5278349Z 
end-workflow	Checkout code	2025-04-02T07:31:44.5279644Z Switched to a new branch 'H220-web-de-resultados'
end-workflow	Checkout code	2025-04-02T07:31:44.5283940Z branch 'H220-web-de-resultados' set up to track 'origin/H220-web-de-resultados'.
end-workflow	Checkout code	2025-04-02T07:31:44.5292463Z ##[endgroup]
end-workflow	Checkout code	2025-04-02T07:31:44.5356685Z [command]/usr/bin/git log -1 --format=%H
end-workflow	Checkout code	2025-04-02T07:31:44.5398050Z 7e7f42cf2f1ef74c24da368c78f906f31b784ba7
end-workflow	Finaliza el workflow	﻿2025-04-02T07:31:44.5761729Z ##[group]Run echo "End process"
end-workflow	Finaliza el workflow	2025-04-02T07:31:44.5763895Z [36;1mecho "End process"[0m
end-workflow	Finaliza el workflow	2025-04-02T07:31:44.5766076Z [36;1mRNNUMBER=$(echo "refs/heads/H220-web-de-resultados" | grep -o '[0-9]*')[0m
end-workflow	Finaliza el workflow	2025-04-02T07:31:44.5768729Z [36;1mgh issue comment $RNNUMBER --body "Se finaliza Ka0s 14213662479"[0m
end-workflow	Finaliza el workflow	2025-04-02T07:31:44.5772757Z [36;1mgh workflow run inspector.yml --ref 'main' -f kaos-issue-id=$RNNUMBER -f kaos-workflow-id="14213662479" -f kaos-user-start=""[0m
end-workflow	Finaliza el workflow	2025-04-02T07:31:44.5791353Z shell: /usr/bin/bash -e {0}
end-workflow	Finaliza el workflow	2025-04-02T07:31:44.5792571Z env:
end-workflow	Finaliza el workflow	2025-04-02T07:31:44.5793445Z   KAOS_CODE: 14213662479
end-workflow	Finaliza el workflow	2025-04-02T07:31:44.5794547Z   KAOS_EVENT_NAME: push
end-workflow	Finaliza el workflow	2025-04-02T07:31:44.5795596Z   KAOS_ACTION: 
end-workflow	Finaliza el workflow	2025-04-02T07:31:44.5796670Z   KAOS_REF: refs/heads/H220-web-de-resultados
end-workflow	Finaliza el workflow	2025-04-02T07:31:44.5798083Z   KAOS_MODULE: [Ka0S] kaos
end-workflow	Finaliza el workflow	2025-04-02T07:31:44.5799272Z   KAOS_PATH_RESUME: core/results/k/
end-workflow	Finaliza el workflow	2025-04-02T07:31:44.5801202Z   KAOS_JSON: core/results/event_data_
end-workflow	Finaliza el workflow	2025-04-02T07:31:44.5802561Z   KAOS_ACTOR: AlejandroPB5
end-workflow	Finaliza el workflow	2025-04-02T07:31:44.5804363Z   GH_TOKEN: ***
end-workflow	Finaliza el workflow	2025-04-02T07:31:44.5805317Z ##[endgroup]
end-workflow	Finaliza el workflow	2025-04-02T07:31:44.5887785Z End process
end-workflow	Finaliza el workflow	2025-04-02T07:31:46.0869754Z https://github.com/Ka0s-Klaus/ka0s/issues/220#issuecomment-2771586895
end-workflow	Post Checkout code	﻿2025-04-02T07:31:47.0510912Z Post job cleanup.
end-workflow	Post Checkout code	2025-04-02T07:31:47.1922358Z [command]/usr/bin/git version
end-workflow	Post Checkout code	2025-04-02T07:31:47.1993174Z git version 2.48.1
end-workflow	Post Checkout code	2025-04-02T07:31:47.2052425Z Copying '/home/kaos/.gitconfig' to '/actions-runner/_work/_temp/4a264742-6488-4191-a95f-1f337fda166e/.gitconfig'
end-workflow	Post Checkout code	2025-04-02T07:31:47.2071655Z Temporarily overriding HOME='/actions-runner/_work/_temp/4a264742-6488-4191-a95f-1f337fda166e' before making global git config changes
end-workflow	Post Checkout code	2025-04-02T07:31:47.2073719Z Adding repository directory to the temporary git global config as a safe directory
end-workflow	Post Checkout code	2025-04-02T07:31:47.2083874Z [command]/usr/bin/git config --global --add safe.directory /actions-runner/_work/ka0s/ka0s
end-workflow	Post Checkout code	2025-04-02T07:31:47.2167442Z [command]/usr/bin/git config --local --name-only --get-regexp core\.sshCommand
end-workflow	Post Checkout code	2025-04-02T07:31:47.2224391Z [command]/usr/bin/git submodule foreach --recursive sh -c "git config --local --name-only --get-regexp 'core\.sshCommand' && git config --local --unset-all 'core.sshCommand' || :"
end-workflow	Post Checkout code	2025-04-02T07:31:47.2660773Z [command]/usr/bin/git config --local --name-only --get-regexp http\.https\:\/\/github\.com\/\.extraheader
end-workflow	Post Checkout code	2025-04-02T07:31:47.2696320Z http.https://github.com/.extraheader
end-workflow	Post Checkout code	2025-04-02T07:31:47.2715974Z [command]/usr/bin/git config --local --unset-all http.https://github.com/.extraheader
end-workflow	Post Checkout code	2025-04-02T07:31:47.2774313Z [command]/usr/bin/git submodule foreach --recursive sh -c "git config --local --name-only --get-regexp 'http\.https\:\/\/github\.com\/\.extraheader' && git config --local --unset-all 'http.https://github.com/.extraheader' || :"
end-workflow	Complete job	﻿2025-04-02T07:31:47.3407914Z Cleaning up orphan processes
