job-core	Set up job	﻿2025-04-23T11:00:23.9443875Z Current runner version: '2.323.0'
job-core	Set up job	2025-04-23T11:00:23.9455928Z Runner name: 'ka0s-1'
job-core	Set up job	2025-04-23T11:00:23.9458442Z Machine name: '419612ea1a87'
job-core	Set up job	2025-04-23T11:00:23.9469741Z ##[group]GITHUB_TOKEN Permissions
job-core	Set up job	2025-04-23T11:00:23.9477136Z Contents: read
job-core	Set up job	2025-04-23T11:00:23.9479084Z Metadata: read
job-core	Set up job	2025-04-23T11:00:23.9480831Z Packages: read
job-core	Set up job	2025-04-23T11:00:23.9482949Z ##[endgroup]
job-core	Set up job	2025-04-23T11:00:23.9489783Z Secret source: Actions
job-core	Set up job	2025-04-23T11:00:23.9491550Z Prepare workflow directory
job-core	Set up job	2025-04-23T11:00:24.0793792Z Prepare all required actions
job-core	Set up job	2025-04-23T11:00:24.0898246Z Getting action download info
job-core	Set up job	2025-04-23T11:00:25.7685807Z Download action repository 'actions/checkout@v4' (SHA:11bd71901bbe5b1630ceea73d27597364c9af683)
job-core	Set up job	2025-04-23T11:00:28.1413231Z Complete job name: job-core
job-core	Checkout repository	﻿2025-04-23T11:00:28.2237305Z ##[group]Run actions/checkout@v4
job-core	Checkout repository	2025-04-23T11:00:28.2238217Z with:
job-core	Checkout repository	2025-04-23T11:00:28.2238594Z   fetch-depth: 0
job-core	Checkout repository	2025-04-23T11:00:28.2239327Z   token: ***
job-core	Checkout repository	2025-04-23T11:00:28.2239677Z   repository: Ka0s-Klaus/ka0s
job-core	Checkout repository	2025-04-23T11:00:28.2240151Z   ssh-strict: true
job-core	Checkout repository	2025-04-23T11:00:28.2240490Z   ssh-user: git
job-core	Checkout repository	2025-04-23T11:00:28.2240828Z   persist-credentials: true
job-core	Checkout repository	2025-04-23T11:00:28.2241196Z   clean: true
job-core	Checkout repository	2025-04-23T11:00:28.2241957Z   sparse-checkout-cone-mode: true
job-core	Checkout repository	2025-04-23T11:00:28.2242595Z   fetch-tags: false
job-core	Checkout repository	2025-04-23T11:00:28.2242953Z   show-progress: true
job-core	Checkout repository	2025-04-23T11:00:28.2243300Z   lfs: false
job-core	Checkout repository	2025-04-23T11:00:28.2243643Z   submodules: false
job-core	Checkout repository	2025-04-23T11:00:28.2244013Z   set-safe-directory: true
job-core	Checkout repository	2025-04-23T11:00:28.2244842Z env:
job-core	Checkout repository	2025-04-23T11:00:28.2245185Z   KAOS_CODE: 14240498880
job-core	Checkout repository	2025-04-23T11:00:28.2245571Z   KAOS_EVENT_NAME: workflow_dispatch
job-core	Checkout repository	2025-04-23T11:00:28.2245989Z   KAOS_ACTION: 
job-core	Checkout repository	2025-04-23T11:00:28.2246383Z   KAOS_REF: refs/heads/H215-modulo-de-summary
job-core	Checkout repository	2025-04-23T11:00:28.2246979Z   KAOS_MODULE: [Ka0S] Workflow Statistics Summary
job-core	Checkout repository	2025-04-23T11:00:28.2247555Z   KAOS_PATH_RESUME: core/outputs/w/
job-core	Checkout repository	2025-04-23T11:00:28.2248019Z   KAOS_JSON: core/results/event_data_
job-core	Checkout repository	2025-04-23T11:00:28.2248604Z   KAOS_ACTOR: ***
job-core	Checkout repository	2025-04-23T11:00:28.2248962Z ##[endgroup]
job-core	Checkout repository	2025-04-23T11:00:28.4420620Z Syncing repository: Ka0s-Klaus/ka0s
job-core	Checkout repository	2025-04-23T11:00:28.4423355Z ##[group]Getting Git version info
job-core	Checkout repository	2025-04-23T11:00:28.4424030Z Working directory is '/actions-runner/_work/ka0s/ka0s'
job-core	Checkout repository	2025-04-23T11:00:28.4424949Z [command]/usr/bin/git version
job-core	Checkout repository	2025-04-23T11:00:28.4425378Z git version 2.48.1
job-core	Checkout repository	2025-04-23T11:00:28.4427005Z ##[endgroup]
job-core	Checkout repository	2025-04-23T11:00:28.4434034Z Copying '/home/kaos/.gitconfig' to '/actions-runner/_work/_temp/c2a1ea3e-08d0-4fa2-81fc-e90792f456f2/.gitconfig'
job-core	Checkout repository	2025-04-23T11:00:28.4436859Z Temporarily overriding HOME='/actions-runner/_work/_temp/c2a1ea3e-08d0-4fa2-81fc-e90792f456f2' before making global git config changes
job-core	Checkout repository	2025-04-23T11:00:28.4438645Z Adding repository directory to the temporary git global config as a safe directory
job-core	Checkout repository	2025-04-23T11:00:28.4439666Z [command]/usr/bin/git config --global --add safe.directory /actions-runner/_work/ka0s/ka0s
job-core	Checkout repository	2025-04-23T11:00:28.4455174Z [command]/usr/bin/git config --local --get remote.origin.url
job-core	Checkout repository	2025-04-23T11:00:28.4525679Z https://github.com/Ka0s-Klaus/ka0s
job-core	Checkout repository	2025-04-23T11:00:28.4558261Z ##[group]Removing previously created refs, to avoid conflicts
job-core	Checkout repository	2025-04-23T11:00:28.4566309Z [command]/usr/bin/git rev-parse --symbolic-full-name --verify --quiet HEAD
job-core	Checkout repository	2025-04-23T11:00:28.4596884Z refs/heads/H214-salidas-de-cada-uno-de-los-diferentes-modulos-a-output
job-core	Checkout repository	2025-04-23T11:00:28.4613123Z [command]/usr/bin/git checkout --detach
job-core	Checkout repository	2025-04-23T11:00:28.4763363Z HEAD is now at 5c0ea4c Merge remote-tracking branch 'origin' into H214-salidas-de-cada-uno-de-los-diferentes-modulos-a-output
job-core	Checkout repository	2025-04-23T11:00:28.4857834Z [command]/usr/bin/git branch --delete --force H214-salidas-de-cada-uno-de-los-diferentes-modulos-a-output
job-core	Checkout repository	2025-04-23T11:00:28.4913982Z Deleted branch H214-salidas-de-cada-uno-de-los-diferentes-modulos-a-output (was 5c0ea4c).
job-core	Checkout repository	2025-04-23T11:00:28.5048215Z ##[endgroup]
job-core	Checkout repository	2025-04-23T11:00:28.5051595Z [command]/usr/bin/git submodule status
job-core	Checkout repository	2025-04-23T11:00:28.5479730Z ##[group]Cleaning the repository
job-core	Checkout repository	2025-04-23T11:00:28.5488897Z [command]/usr/bin/git clean -ffdx
job-core	Checkout repository	2025-04-23T11:00:28.5572586Z [command]/usr/bin/git reset --hard HEAD
job-core	Checkout repository	2025-04-23T11:00:28.5761134Z HEAD is now at 5c0ea4c Merge remote-tracking branch 'origin' into H214-salidas-de-cada-uno-de-los-diferentes-modulos-a-output
job-core	Checkout repository	2025-04-23T11:00:28.5773282Z ##[endgroup]
job-core	Checkout repository	2025-04-23T11:00:28.5774518Z ##[group]Disabling automatic garbage collection
job-core	Checkout repository	2025-04-23T11:00:28.5780576Z [command]/usr/bin/git config --local gc.auto 0
job-core	Checkout repository	2025-04-23T11:00:28.5850489Z ##[endgroup]
job-core	Checkout repository	2025-04-23T11:00:28.5853870Z ##[group]Setting up auth
job-core	Checkout repository	2025-04-23T11:00:28.5872731Z [command]/usr/bin/git config --local --name-only --get-regexp core\.sshCommand
job-core	Checkout repository	2025-04-23T11:00:28.5947613Z [command]/usr/bin/git submodule foreach --recursive sh -c "git config --local --name-only --get-regexp 'core\.sshCommand' && git config --local --unset-all 'core.sshCommand' || :"
job-core	Checkout repository	2025-04-23T11:00:28.6388723Z [command]/usr/bin/git config --local --name-only --get-regexp http\.https\:\/\/github\.com\/\.extraheader
job-core	Checkout repository	2025-04-23T11:00:28.6432591Z [command]/usr/bin/git submodule foreach --recursive sh -c "git config --local --name-only --get-regexp 'http\.https\:\/\/github\.com\/\.extraheader' && git config --local --unset-all 'http.https://github.com/.extraheader' || :"
job-core	Checkout repository	2025-04-23T11:00:28.6880630Z [command]/usr/bin/git config --local http.https://github.com/.extraheader AUTHORIZATION: basic ***
job-core	Checkout repository	2025-04-23T11:00:28.6939898Z ##[endgroup]
job-core	Checkout repository	2025-04-23T11:00:28.6951003Z ##[group]Fetching the repository
job-core	Checkout repository	2025-04-23T11:00:28.6953577Z [command]/usr/bin/git -c protocol.version=2 fetch --prune --no-recurse-submodules origin +refs/heads/*:refs/remotes/origin/* +refs/tags/*:refs/tags/*
job-core	Checkout repository	2025-04-23T11:00:29.6279098Z From https://github.com/Ka0s-Klaus/ka0s
job-core	Checkout repository	2025-04-23T11:00:29.6281836Z  - [deleted]         (none)     -> origin/H214-salidas-de-cada-uno-de-los-diferentes-modulos-a-output
job-core	Checkout repository	2025-04-23T11:00:30.0872334Z    367f9b6..526e2b7  main       -> origin/main
job-core	Checkout repository	2025-04-23T11:00:30.1019243Z [command]/usr/bin/git branch --list --remote origin/H215-modulo-de-summary
job-core	Checkout repository	2025-04-23T11:00:30.1108691Z   origin/H215-modulo-de-summary
job-core	Checkout repository	2025-04-23T11:00:30.1127528Z [command]/usr/bin/git rev-parse refs/remotes/origin/H215-modulo-de-summary
job-core	Checkout repository	2025-04-23T11:00:30.1183562Z be8bef882b98371a98b61b4341e9114465f4cc96
job-core	Checkout repository	2025-04-23T11:00:30.1206382Z [command]/usr/bin/git -c protocol.version=2 fetch --no-tags --prune --no-recurse-submodules origin +e30f89906a75b04c24ba34ec97e5a1d3b5097cf0:refs/remotes/origin/H215-modulo-de-summary
job-core	Checkout repository	2025-04-23T11:00:30.9293165Z From https://github.com/Ka0s-Klaus/ka0s
job-core	Checkout repository	2025-04-23T11:00:30.9296961Z  + be8bef8...e30f899 e30f89906a75b04c24ba34ec97e5a1d3b5097cf0 -> origin/H215-modulo-de-summary  (forced update)
job-core	Checkout repository	2025-04-23T11:00:30.9381880Z ##[endgroup]
job-core	Checkout repository	2025-04-23T11:00:30.9382859Z ##[group]Determining the checkout info
job-core	Checkout repository	2025-04-23T11:00:30.9384308Z ##[endgroup]
job-core	Checkout repository	2025-04-23T11:00:30.9391371Z [command]/usr/bin/git sparse-checkout disable
job-core	Checkout repository	2025-04-23T11:00:30.9499585Z [command]/usr/bin/git config --local --unset-all extensions.worktreeConfig
job-core	Checkout repository	2025-04-23T11:00:30.9546022Z ##[group]Checking out the ref
job-core	Checkout repository	2025-04-23T11:00:30.9551340Z [command]/usr/bin/git checkout --progress --force -B H215-modulo-de-summary refs/remotes/origin/H215-modulo-de-summary
job-core	Checkout repository	2025-04-23T11:00:31.3106724Z Previous HEAD position was 5c0ea4c Merge remote-tracking branch 'origin' into H214-salidas-de-cada-uno-de-los-diferentes-modulos-a-output
job-core	Checkout repository	2025-04-23T11:00:31.3131566Z Switched to a new branch 'H215-modulo-de-summary'
job-core	Checkout repository	2025-04-23T11:00:31.3141838Z branch 'H215-modulo-de-summary' set up to track 'origin/H215-modulo-de-summary'.
job-core	Checkout repository	2025-04-23T11:00:31.3168475Z ##[endgroup]
job-core	Checkout repository	2025-04-23T11:00:31.3239633Z [command]/usr/bin/git log -1 --format=%H
job-core	Checkout repository	2025-04-23T11:00:31.3298963Z e30f89906a75b04c24ba34ec97e5a1d3b5097cf0
job-core	Collect workflow statistics	﻿2025-04-23T11:00:31.3668999Z ##[group]Run # Generate file with available workflows in repo with proper formatting
job-core	Collect workflow statistics	2025-04-23T11:00:31.3670041Z [36;1m# Generate file with available workflows in repo with proper formatting[0m
job-core	Collect workflow statistics	2025-04-23T11:00:31.3670770Z [36;1mgh workflow list --all --limit 999 --json id,name,path,state | \[0m
job-core	Collect workflow statistics	2025-04-23T11:00:31.3671955Z [36;1m  jq -r '[ .[] | {id,name,path,state} ] | sort_by(.name)' > \[0m
job-core	Collect workflow statistics	2025-04-23T11:00:31.3672521Z [36;1m  core/outputs/w/workflows-available-14240498880.json[0m
job-core	Collect workflow statistics	2025-04-23T11:00:31.3672963Z [36;1m[0m
job-core	Collect workflow statistics	2025-04-23T11:00:31.3673268Z [36;1m# Create the final formatted workflows file[0m
job-core	Collect workflow statistics	2025-04-23T11:00:31.3673814Z [36;1mjq '.' core/outputs/w/workflows-available-14240498880.json > \[0m
job-core	Collect workflow statistics	2025-04-23T11:00:31.3674399Z [36;1m  core/outputs/w/kaos-workflows-available.json[0m
job-core	Collect workflow statistics	2025-04-23T11:00:31.3674804Z [36;1m[0m
job-core	Collect workflow statistics	2025-04-23T11:00:31.3675108Z [36;1m# Create a temporary file for workflow runs[0m
job-core	Collect workflow statistics	2025-04-23T11:00:31.3675635Z [36;1mtouch core/outputs/w/workflows-runs-14240498880.json[0m
job-core	Collect workflow statistics	2025-04-23T11:00:31.3676168Z [36;1m[0m
job-core	Collect workflow statistics	2025-04-23T11:00:31.3676638Z [36;1m# Get workflows and process their runs[0m
job-core	Collect workflow statistics	2025-04-23T11:00:31.3677256Z [36;1mworkflows=$(jq -r '.[].id' core/outputs/w/kaos-workflows-available.json)[0m
job-core	Collect workflow statistics	2025-04-23T11:00:31.3677831Z [36;1m[0m
job-core	Collect workflow statistics	2025-04-23T11:00:31.3678173Z [36;1m# Initialize an empty array in the temporary file[0m
job-core	Collect workflow statistics	2025-04-23T11:00:31.3678731Z [36;1mecho '[]' > core/outputs/w/workflows-runs-14240498880.json[0m
job-core	Collect workflow statistics	2025-04-23T11:00:31.3679197Z [36;1m[0m
job-core	Collect workflow statistics	2025-04-23T11:00:31.3679594Z [36;1m# Iterate over each workflow and get runs with proper formatting[0m
job-core	Collect workflow statistics	2025-04-23T11:00:31.3680121Z [36;1mfor workflow_id in $workflows; do[0m
job-core	Collect workflow statistics	2025-04-23T11:00:31.3680823Z [36;1m  gh api repos/:owner/:repo/actions/workflows/$workflow_id/runs --paginate --jq '.workflow_runs[] | \[0m
job-core	Collect workflow statistics	2025-04-23T11:00:31.3681742Z [36;1m    jq -r '.workflow_runs[] | select(.id != null)' | \[0m
job-core	Collect workflow statistics	2025-04-23T11:00:31.3682332Z [36;1m    jq -s '[ .[] | {[0m
job-core	Collect workflow statistics	2025-04-23T11:00:31.3682666Z [36;1m      id,[0m
job-core	Collect workflow statistics	2025-04-23T11:00:31.3682954Z [36;1m      name,[0m
job-core	Collect workflow statistics	2025-04-23T11:00:31.3683237Z [36;1m      head_branch,[0m
job-core	Collect workflow statistics	2025-04-23T11:00:31.3683565Z [36;1m      head_sha,[0m
job-core	Collect workflow statistics	2025-04-23T11:00:31.3683879Z [36;1m      run_number,[0m
job-core	Collect workflow statistics	2025-04-23T11:00:31.3684197Z [36;1m      event,[0m
job-core	Collect workflow statistics	2025-04-23T11:00:31.3684485Z [36;1m      status,[0m
job-core	Collect workflow statistics	2025-04-23T11:00:31.3684787Z [36;1m      conclusion,[0m
job-core	Collect workflow statistics	2025-04-23T11:00:31.3685108Z [36;1m      workflow_id,[0m
job-core	Collect workflow statistics	2025-04-23T11:00:31.3685432Z [36;1m      url,[0m
job-core	Collect workflow statistics	2025-04-23T11:00:31.3685725Z [36;1m      created_at,[0m
job-core	Collect workflow statistics	2025-04-23T11:00:31.3686043Z [36;1m      updated_at,[0m
job-core	Collect workflow statistics	2025-04-23T11:00:31.3686369Z [36;1m      run_started_at[0m
job-core	Collect workflow statistics	2025-04-23T11:00:31.3686816Z [36;1m    }]' >> core/outputs/w/workflows-runs-temp-14240498880.json[0m
job-core	Collect workflow statistics	2025-04-23T11:00:31.3687278Z [36;1m  [0m
job-core	Collect workflow statistics	2025-04-23T11:00:31.3687623Z [36;1m  # Merge the temporary results into the main file[0m
job-core	Collect workflow statistics	2025-04-23T11:00:31.3688057Z [36;1m  jq -s 'add' \[0m
job-core	Collect workflow statistics	2025-04-23T11:00:31.3688469Z [36;1m    core/outputs/w/workflows-runs-14240498880.json \[0m
job-core	Collect workflow statistics	2025-04-23T11:00:31.3689053Z [36;1m    core/outputs/w/workflows-runs-temp-14240498880.json > \[0m
job-core	Collect workflow statistics	2025-04-23T11:00:31.3689650Z [36;1m    core/outputs/w/workflows-runs-merged-14240498880.json[0m
job-core	Collect workflow statistics	2025-04-23T11:00:31.3690128Z [36;1m  [0m
job-core	Collect workflow statistics	2025-04-23T11:00:31.3690533Z [36;1m  mv core/outputs/w/workflows-runs-merged-14240498880.json \[0m
job-core	Collect workflow statistics	2025-04-23T11:00:31.3706926Z [36;1m     core/outputs/w/workflows-runs-14240498880.json[0m
job-core	Collect workflow statistics	2025-04-23T11:00:31.3708546Z [36;1m  rm -f core/outputs/w/workflows-runs-temp-14240498880.json[0m
job-core	Collect workflow statistics	2025-04-23T11:00:31.3709398Z [36;1mdone[0m
job-core	Collect workflow statistics	2025-04-23T11:00:31.3709845Z [36;1m[0m
job-core	Collect workflow statistics	2025-04-23T11:00:31.3710434Z [36;1m# Format the final runs file as a proper JSON array[0m
job-core	Collect workflow statistics	2025-04-23T11:00:31.3711296Z [36;1mjq 'sort_by(.created_at) | reverse' \[0m
job-core	Collect workflow statistics	2025-04-23T11:00:31.3712327Z [36;1m  core/outputs/w/workflows-runs-14240498880.json > \[0m
job-core	Collect workflow statistics	2025-04-23T11:00:31.3713226Z [36;1m  core/outputs/w/kaos-workflows-runs.json[0m
job-core	Collect workflow statistics	2025-04-23T11:00:31.3745525Z shell: /usr/bin/bash -e {0}
job-core	Collect workflow statistics	2025-04-23T11:00:31.3746482Z env:
job-core	Collect workflow statistics	2025-04-23T11:00:31.3747314Z   KAOS_CODE: 14240498880
job-core	Collect workflow statistics	2025-04-23T11:00:31.3748285Z   KAOS_EVENT_NAME: workflow_dispatch
job-core	Collect workflow statistics	2025-04-23T11:00:31.3749326Z   KAOS_ACTION: 
job-core	Collect workflow statistics	2025-04-23T11:00:31.3750680Z   KAOS_REF: refs/heads/H215-modulo-de-summary
job-core	Collect workflow statistics	2025-04-23T11:00:31.3752141Z   KAOS_MODULE: [Ka0S] Workflow Statistics Summary
job-core	Collect workflow statistics	2025-04-23T11:00:31.3752881Z   KAOS_PATH_RESUME: core/outputs/w/
job-core	Collect workflow statistics	2025-04-23T11:00:31.3753427Z   KAOS_JSON: core/results/event_data_
job-core	Collect workflow statistics	2025-04-23T11:00:31.3754125Z   KAOS_ACTOR: ***
job-core	Collect workflow statistics	2025-04-23T11:00:31.3755159Z   GH_TOKEN: ***
job-core	Collect workflow statistics	2025-04-23T11:00:31.3755557Z ##[endgroup]
job-core	Collect workflow statistics	2025-04-23T11:00:32.2289614Z /actions-runner/_work/_temp/d3c05b5f-a2e2-4019-b75e-8ca881242833.sh: line 22: syntax error near unexpected token `('
job-core	Collect workflow statistics	2025-04-23T11:00:32.2381593Z ##[error]Process completed with exit code 2.
job-core	Post Checkout repository	﻿2025-04-23T11:00:32.2772666Z Post job cleanup.
job-core	Post Checkout repository	2025-04-23T11:00:32.4509328Z [command]/usr/bin/git version
job-core	Post Checkout repository	2025-04-23T11:00:32.4570724Z git version 2.48.1
job-core	Post Checkout repository	2025-04-23T11:00:32.4648356Z Copying '/home/kaos/.gitconfig' to '/actions-runner/_work/_temp/e32a0923-1855-4394-bacb-38861c37c9c0/.gitconfig'
job-core	Post Checkout repository	2025-04-23T11:00:32.4679824Z Temporarily overriding HOME='/actions-runner/_work/_temp/e32a0923-1855-4394-bacb-38861c37c9c0' before making global git config changes
job-core	Post Checkout repository	2025-04-23T11:00:32.4682026Z Adding repository directory to the temporary git global config as a safe directory
job-core	Post Checkout repository	2025-04-23T11:00:32.4690323Z [command]/usr/bin/git config --global --add safe.directory /actions-runner/_work/ka0s/ka0s
job-core	Post Checkout repository	2025-04-23T11:00:32.4752370Z [command]/usr/bin/git config --local --name-only --get-regexp core\.sshCommand
job-core	Post Checkout repository	2025-04-23T11:00:32.4851927Z [command]/usr/bin/git submodule foreach --recursive sh -c "git config --local --name-only --get-regexp 'core\.sshCommand' && git config --local --unset-all 'core.sshCommand' || :"
job-core	Post Checkout repository	2025-04-23T11:00:32.5357147Z [command]/usr/bin/git config --local --name-only --get-regexp http\.https\:\/\/github\.com\/\.extraheader
job-core	Post Checkout repository	2025-04-23T11:00:32.5393153Z http.https://github.com/.extraheader
job-core	Post Checkout repository	2025-04-23T11:00:32.5413407Z [command]/usr/bin/git config --local --unset-all http.https://github.com/.extraheader
job-core	Post Checkout repository	2025-04-23T11:00:32.5492209Z [command]/usr/bin/git submodule foreach --recursive sh -c "git config --local --name-only --get-regexp 'http\.https\:\/\/github\.com\/\.extraheader' && git config --local --unset-all 'http.https://github.com/.extraheader' || :"
job-core	Complete job	﻿2025-04-23T11:00:32.6113522Z Cleaning up orphan processes
handle_failure	Set up job	﻿2025-04-23T11:11:45.2009940Z Current runner version: '2.323.0'
handle_failure	Set up job	2025-04-23T11:11:45.2015109Z Runner name: 'ka0s-7'
handle_failure	Set up job	2025-04-23T11:11:45.2015762Z Machine name: '26a53205c9ac'
handle_failure	Set up job	2025-04-23T11:11:45.2017263Z ##[group]GITHUB_TOKEN Permissions
handle_failure	Set up job	2025-04-23T11:11:45.2018637Z Contents: read
handle_failure	Set up job	2025-04-23T11:11:45.2018946Z Metadata: read
handle_failure	Set up job	2025-04-23T11:11:45.2019234Z Packages: read
handle_failure	Set up job	2025-04-23T11:11:45.2019517Z ##[endgroup]
handle_failure	Set up job	2025-04-23T11:11:45.2020713Z Secret source: Actions
handle_failure	Set up job	2025-04-23T11:11:45.2021072Z Prepare workflow directory
handle_failure	Set up job	2025-04-23T11:11:45.2468801Z Prepare all required actions
handle_failure	Set up job	2025-04-23T11:11:45.2496273Z Getting action download info
handle_failure	Set up job	2025-04-23T11:11:45.7284916Z Download action repository 'actions/checkout@v4' (SHA:11bd71901bbe5b1630ceea73d27597364c9af683)
handle_failure	Set up job	2025-04-23T11:11:46.4482220Z Complete job name: handle_failure
handle_failure	Checkout code	﻿2025-04-23T11:11:46.4778736Z ##[group]Run actions/checkout@v4
handle_failure	Checkout code	2025-04-23T11:11:46.4779399Z with:
handle_failure	Checkout code	2025-04-23T11:11:46.4779715Z   fetch-depth: 0
handle_failure	Checkout code	2025-04-23T11:11:46.4780229Z   token: ***
handle_failure	Checkout code	2025-04-23T11:11:46.4780592Z   repository: Ka0s-Klaus/ka0s
handle_failure	Checkout code	2025-04-23T11:11:46.4781074Z   ssh-strict: true
handle_failure	Checkout code	2025-04-23T11:11:46.4781407Z   ssh-user: git
handle_failure	Checkout code	2025-04-23T11:11:46.4781772Z   persist-credentials: true
handle_failure	Checkout code	2025-04-23T11:11:46.4782254Z   clean: true
handle_failure	Checkout code	2025-04-23T11:11:46.4782752Z   sparse-checkout-cone-mode: true
handle_failure	Checkout code	2025-04-23T11:11:46.4804391Z   fetch-tags: false
handle_failure	Checkout code	2025-04-23T11:11:46.4804841Z   show-progress: true
handle_failure	Checkout code	2025-04-23T11:11:46.4805227Z   lfs: false
handle_failure	Checkout code	2025-04-23T11:11:46.4805538Z   submodules: false
handle_failure	Checkout code	2025-04-23T11:11:46.4805916Z   set-safe-directory: true
handle_failure	Checkout code	2025-04-23T11:11:46.4806679Z env:
handle_failure	Checkout code	2025-04-23T11:11:46.4806991Z   KAOS_CODE: 14240498880
handle_failure	Checkout code	2025-04-23T11:11:46.4807394Z   KAOS_EVENT_NAME: workflow_dispatch
handle_failure	Checkout code	2025-04-23T11:11:46.4807785Z   KAOS_ACTION: 
handle_failure	Checkout code	2025-04-23T11:11:46.4808156Z   KAOS_REF: refs/heads/H215-modulo-de-summary
handle_failure	Checkout code	2025-04-23T11:11:46.4808698Z   KAOS_MODULE: [Ka0S] Workflow Statistics Summary
handle_failure	Checkout code	2025-04-23T11:11:46.4809264Z   KAOS_PATH_RESUME: core/outputs/w/
handle_failure	Checkout code	2025-04-23T11:11:46.4809680Z   KAOS_JSON: core/results/event_data_
handle_failure	Checkout code	2025-04-23T11:11:46.4810131Z   KAOS_ACTOR: ka0score
handle_failure	Checkout code	2025-04-23T11:11:46.4810504Z ##[endgroup]
handle_failure	Checkout code	2025-04-23T11:11:46.5553459Z Syncing repository: Ka0s-Klaus/ka0s
handle_failure	Checkout code	2025-04-23T11:11:46.5555984Z ##[group]Getting Git version info
handle_failure	Checkout code	2025-04-23T11:11:46.5556703Z Working directory is '/actions-runner/_work/ka0s/ka0s'
handle_failure	Checkout code	2025-04-23T11:11:46.5557780Z [command]/usr/bin/git version
handle_failure	Checkout code	2025-04-23T11:11:46.5558268Z git version 2.43.0
handle_failure	Checkout code	2025-04-23T11:11:46.5559772Z ##[endgroup]
handle_failure	Checkout code	2025-04-23T11:11:46.5565648Z Copying '/home/kaos/.gitconfig' to '/actions-runner/_work/_temp/66049662-04c0-4d0f-813a-9178b09df1da/.gitconfig'
handle_failure	Checkout code	2025-04-23T11:11:46.5575399Z Temporarily overriding HOME='/actions-runner/_work/_temp/66049662-04c0-4d0f-813a-9178b09df1da' before making global git config changes
handle_failure	Checkout code	2025-04-23T11:11:46.5576780Z Adding repository directory to the temporary git global config as a safe directory
handle_failure	Checkout code	2025-04-23T11:11:46.5578345Z [command]/usr/bin/git config --global --add safe.directory /actions-runner/_work/ka0s/ka0s
handle_failure	Checkout code	2025-04-23T11:11:46.5611065Z [command]/usr/bin/git config --local --get remote.origin.url
handle_failure	Checkout code	2025-04-23T11:11:46.5630942Z https://github.com/Ka0s-Klaus/ka0s
handle_failure	Checkout code	2025-04-23T11:11:46.5649854Z ##[group]Removing previously created refs, to avoid conflicts
handle_failure	Checkout code	2025-04-23T11:11:46.5653755Z [command]/usr/bin/git rev-parse --symbolic-full-name --verify --quiet HEAD
handle_failure	Checkout code	2025-04-23T11:11:46.5673820Z refs/heads/H338-relanzador-de-jobs-en-caso-de-pattern
handle_failure	Checkout code	2025-04-23T11:11:46.5681658Z [command]/usr/bin/git checkout --detach
handle_failure	Checkout code	2025-04-23T11:11:46.6800234Z HEAD is now at ce03044b [Ka0S] Uploading resume execution files to the repository...
handle_failure	Checkout code	2025-04-23T11:11:46.6841600Z [command]/usr/bin/git branch --delete --force H338-relanzador-de-jobs-en-caso-de-pattern
handle_failure	Checkout code	2025-04-23T11:11:46.6872216Z Deleted branch H338-relanzador-de-jobs-en-caso-de-pattern (was ce03044b).
handle_failure	Checkout code	2025-04-23T11:11:46.6926349Z ##[endgroup]
handle_failure	Checkout code	2025-04-23T11:11:46.6927383Z [command]/usr/bin/git submodule status
handle_failure	Checkout code	2025-04-23T11:11:46.7157239Z ##[group]Cleaning the repository
handle_failure	Checkout code	2025-04-23T11:11:46.7159520Z [command]/usr/bin/git clean -ffdx
handle_failure	Checkout code	2025-04-23T11:11:46.7200661Z Removing core/outputs/m/mdlint-results-14616666806.txt
handle_failure	Checkout code	2025-04-23T11:11:46.7207164Z [command]/usr/bin/git reset --hard HEAD
handle_failure	Checkout code	2025-04-23T11:11:46.7314503Z HEAD is now at ce03044b [Ka0S] Uploading resume execution files to the repository...
handle_failure	Checkout code	2025-04-23T11:11:46.7316302Z ##[endgroup]
handle_failure	Checkout code	2025-04-23T11:11:46.7317179Z ##[group]Disabling automatic garbage collection
handle_failure	Checkout code	2025-04-23T11:11:46.7319702Z [command]/usr/bin/git config --local gc.auto 0
handle_failure	Checkout code	2025-04-23T11:11:46.7343947Z ##[endgroup]
handle_failure	Checkout code	2025-04-23T11:11:46.7344567Z ##[group]Setting up auth
handle_failure	Checkout code	2025-04-23T11:11:46.7353893Z [command]/usr/bin/git config --local --name-only --get-regexp core\.sshCommand
handle_failure	Checkout code	2025-04-23T11:11:46.7379983Z [command]/usr/bin/git submodule foreach --recursive sh -c "git config --local --name-only --get-regexp 'core\.sshCommand' && git config --local --unset-all 'core.sshCommand' || :"
handle_failure	Checkout code	2025-04-23T11:11:46.7599351Z [command]/usr/bin/git config --local --name-only --get-regexp http\.https\:\/\/github\.com\/\.extraheader
handle_failure	Checkout code	2025-04-23T11:11:46.7624999Z [command]/usr/bin/git submodule foreach --recursive sh -c "git config --local --name-only --get-regexp 'http\.https\:\/\/github\.com\/\.extraheader' && git config --local --unset-all 'http.https://github.com/.extraheader' || :"
handle_failure	Checkout code	2025-04-23T11:11:46.7858264Z [command]/usr/bin/git config --local http.https://github.com/.extraheader AUTHORIZATION: basic ***
handle_failure	Checkout code	2025-04-23T11:11:46.7896246Z ##[endgroup]
handle_failure	Checkout code	2025-04-23T11:11:46.7896969Z ##[group]Fetching the repository
handle_failure	Checkout code	2025-04-23T11:11:46.7901349Z [command]/usr/bin/git -c protocol.version=2 fetch --prune --no-recurse-submodules origin +refs/heads/*:refs/remotes/origin/* +refs/tags/*:refs/tags/*
handle_failure	Checkout code	2025-04-23T11:11:47.5151413Z From https://github.com/Ka0s-Klaus/ka0s
handle_failure	Checkout code	2025-04-23T11:11:47.5152602Z    aba3f10c..65fb33ab  main       -> origin/main
handle_failure	Checkout code	2025-04-23T11:11:47.5193689Z [command]/usr/bin/git branch --list --remote origin/H215-modulo-de-summary
handle_failure	Checkout code	2025-04-23T11:11:47.5215919Z   origin/H215-modulo-de-summary
handle_failure	Checkout code	2025-04-23T11:11:47.5221957Z [command]/usr/bin/git rev-parse refs/remotes/origin/H215-modulo-de-summary
handle_failure	Checkout code	2025-04-23T11:11:47.5241900Z be8bef882b98371a98b61b4341e9114465f4cc96
handle_failure	Checkout code	2025-04-23T11:11:47.5253226Z [command]/usr/bin/git -c protocol.version=2 fetch --no-tags --prune --no-recurse-submodules origin +e30f89906a75b04c24ba34ec97e5a1d3b5097cf0:refs/remotes/origin/H215-modulo-de-summary
handle_failure	Checkout code	2025-04-23T11:11:47.5439479Z From https://github.com/Ka0s-Klaus/ka0s
handle_failure	Checkout code	2025-04-23T11:11:47.5441714Z  + be8bef88...e30f8990 e30f89906a75b04c24ba34ec97e5a1d3b5097cf0 -> origin/H215-modulo-de-summary  (forced update)
handle_failure	Checkout code	2025-04-23T11:11:47.5461180Z ##[endgroup]
handle_failure	Checkout code	2025-04-23T11:11:47.5462553Z ##[group]Determining the checkout info
handle_failure	Checkout code	2025-04-23T11:11:47.5464035Z ##[endgroup]
handle_failure	Checkout code	2025-04-23T11:11:47.5469991Z [command]/usr/bin/git sparse-checkout disable
handle_failure	Checkout code	2025-04-23T11:11:47.5528597Z [command]/usr/bin/git config --local --unset-all extensions.worktreeConfig
handle_failure	Checkout code	2025-04-23T11:11:47.5555781Z ##[group]Checking out the ref
handle_failure	Checkout code	2025-04-23T11:11:47.5558573Z [command]/usr/bin/git checkout --progress --force -B H215-modulo-de-summary refs/remotes/origin/H215-modulo-de-summary
handle_failure	Checkout code	2025-04-23T11:11:47.6083154Z Previous HEAD position was ce03044b [Ka0S] Uploading resume execution files to the repository...
handle_failure	Checkout code	2025-04-23T11:11:47.6085709Z Switched to a new branch 'H215-modulo-de-summary'
handle_failure	Checkout code	2025-04-23T11:11:47.6087660Z branch 'H215-modulo-de-summary' set up to track 'origin/H215-modulo-de-summary'.
handle_failure	Checkout code	2025-04-23T11:11:47.6096349Z ##[endgroup]
handle_failure	Checkout code	2025-04-23T11:11:47.6129928Z [command]/usr/bin/git log -1 --format=%H
handle_failure	Checkout code	2025-04-23T11:11:47.6157752Z e30f89906a75b04c24ba34ec97e5a1d3b5097cf0
handle_failure	handle-failure-execution	﻿2025-04-23T11:11:47.6343288Z ##[group]Run echo "Error detected in process"
handle_failure	handle-failure-execution	2025-04-23T11:11:47.6344401Z [36;1mecho "Error detected in process"[0m
handle_failure	handle-failure-execution	2025-04-23T11:11:47.6345667Z [36;1mRNNUMBER=$(echo "refs/heads/H215-modulo-de-summary" | grep -o '[0-9]*')[0m
handle_failure	handle-failure-execution	2025-04-23T11:11:47.6348185Z [36;1mgh issue comment $RNNUMBER --body "El proceso no ha finalizado correctamente 14240498880. El resultado está en el fichero core/results/event_data14240498880.log"[0m
handle_failure	handle-failure-execution	2025-04-23T11:11:47.6357901Z shell: /usr/bin/bash -e {0}
handle_failure	handle-failure-execution	2025-04-23T11:11:47.6358714Z env:
handle_failure	handle-failure-execution	2025-04-23T11:11:47.6359341Z   KAOS_CODE: 14240498880
handle_failure	handle-failure-execution	2025-04-23T11:11:47.6360124Z   KAOS_EVENT_NAME: workflow_dispatch
handle_failure	handle-failure-execution	2025-04-23T11:11:47.6360979Z   KAOS_ACTION: 
handle_failure	handle-failure-execution	2025-04-23T11:11:47.6361722Z   KAOS_REF: refs/heads/H215-modulo-de-summary
handle_failure	handle-failure-execution	2025-04-23T11:11:47.6363069Z   KAOS_MODULE: [Ka0S] Workflow Statistics Summary
handle_failure	handle-failure-execution	2025-04-23T11:11:47.6364124Z   KAOS_PATH_RESUME: core/outputs/w/
handle_failure	handle-failure-execution	2025-04-23T11:11:47.6364961Z   KAOS_JSON: core/results/event_data_
handle_failure	handle-failure-execution	2025-04-23T11:11:47.6365769Z   KAOS_ACTOR: ka0score
handle_failure	handle-failure-execution	2025-04-23T11:11:47.6366833Z   GH_TOKEN: ***
handle_failure	handle-failure-execution	2025-04-23T11:11:47.6367448Z ##[endgroup]
handle_failure	handle-failure-execution	2025-04-23T11:11:47.6409427Z Error detected in process
handle_failure	handle-failure-execution	2025-04-23T11:11:48.6574649Z https://github.com/Ka0s-Klaus/ka0s/issues/215#issuecomment-2823936320
handle_failure	Post Checkout code	﻿2025-04-23T11:11:48.6663612Z Post job cleanup.
handle_failure	Post Checkout code	2025-04-23T11:11:48.7353869Z [command]/usr/bin/git version
handle_failure	Post Checkout code	2025-04-23T11:11:48.7386175Z git version 2.43.0
handle_failure	Post Checkout code	2025-04-23T11:11:48.7430834Z Copying '/home/kaos/.gitconfig' to '/actions-runner/_work/_temp/40078c71-16f0-4bcf-b935-0d601de65ee2/.gitconfig'
handle_failure	Post Checkout code	2025-04-23T11:11:48.7441678Z Temporarily overriding HOME='/actions-runner/_work/_temp/40078c71-16f0-4bcf-b935-0d601de65ee2' before making global git config changes
handle_failure	Post Checkout code	2025-04-23T11:11:48.7442465Z Adding repository directory to the temporary git global config as a safe directory
handle_failure	Post Checkout code	2025-04-23T11:11:48.7449646Z [command]/usr/bin/git config --global --add safe.directory /actions-runner/_work/ka0s/ka0s
handle_failure	Post Checkout code	2025-04-23T11:11:48.7488058Z [command]/usr/bin/git config --local --name-only --get-regexp core\.sshCommand
handle_failure	Post Checkout code	2025-04-23T11:11:48.7529656Z [command]/usr/bin/git submodule foreach --recursive sh -c "git config --local --name-only --get-regexp 'core\.sshCommand' && git config --local --unset-all 'core.sshCommand' || :"
handle_failure	Post Checkout code	2025-04-23T11:11:48.7768491Z [command]/usr/bin/git config --local --name-only --get-regexp http\.https\:\/\/github\.com\/\.extraheader
handle_failure	Post Checkout code	2025-04-23T11:11:48.7792829Z http.https://github.com/.extraheader
handle_failure	Post Checkout code	2025-04-23T11:11:48.7805099Z [command]/usr/bin/git config --local --unset-all http.https://github.com/.extraheader
handle_failure	Post Checkout code	2025-04-23T11:11:48.7835161Z [command]/usr/bin/git submodule foreach --recursive sh -c "git config --local --name-only --get-regexp 'http\.https\:\/\/github\.com\/\.extraheader' && git config --local --unset-all 'http.https://github.com/.extraheader' || :"
handle_failure	Complete job	﻿2025-04-23T11:11:48.8159474Z Cleaning up orphan processes
end-workflow	Set up job	﻿2025-04-23T11:15:54.4286518Z Current runner version: '2.323.0'
end-workflow	Set up job	2025-04-23T11:15:54.4291446Z Runner name: 'ka0s-9'
end-workflow	Set up job	2025-04-23T11:15:54.4292206Z Machine name: '26a53205c9ac'
end-workflow	Set up job	2025-04-23T11:15:54.4293989Z ##[group]GITHUB_TOKEN Permissions
end-workflow	Set up job	2025-04-23T11:15:54.4295629Z Contents: read
end-workflow	Set up job	2025-04-23T11:15:54.4296027Z Metadata: read
end-workflow	Set up job	2025-04-23T11:15:54.4296393Z Packages: read
end-workflow	Set up job	2025-04-23T11:15:54.4296751Z ##[endgroup]
end-workflow	Set up job	2025-04-23T11:15:54.4298273Z Secret source: Actions
end-workflow	Set up job	2025-04-23T11:15:54.4298737Z Prepare workflow directory
end-workflow	Set up job	2025-04-23T11:15:54.4757215Z Prepare all required actions
end-workflow	Set up job	2025-04-23T11:15:54.4800965Z Getting action download info
end-workflow	Set up job	2025-04-23T11:15:54.9166779Z Download action repository 'actions/checkout@v4' (SHA:11bd71901bbe5b1630ceea73d27597364c9af683)
end-workflow	Set up job	2025-04-23T11:15:55.6845026Z Complete job name: end-workflow
end-workflow	Checkout code	﻿2025-04-23T11:15:55.7138501Z ##[group]Run actions/checkout@v4
end-workflow	Checkout code	2025-04-23T11:15:55.7139054Z with:
end-workflow	Checkout code	2025-04-23T11:15:55.7139337Z   fetch-depth: 0
end-workflow	Checkout code	2025-04-23T11:15:55.7139808Z   token: ***
end-workflow	Checkout code	2025-04-23T11:15:55.7140108Z   repository: Ka0s-Klaus/ka0s
end-workflow	Checkout code	2025-04-23T11:15:55.7140498Z   ssh-strict: true
end-workflow	Checkout code	2025-04-23T11:15:55.7140800Z   ssh-user: git
end-workflow	Checkout code	2025-04-23T11:15:55.7141114Z   persist-credentials: true
end-workflow	Checkout code	2025-04-23T11:15:55.7161528Z   clean: true
end-workflow	Checkout code	2025-04-23T11:15:55.7162193Z   sparse-checkout-cone-mode: true
end-workflow	Checkout code	2025-04-23T11:15:55.7162587Z   fetch-tags: false
end-workflow	Checkout code	2025-04-23T11:15:55.7162914Z   show-progress: true
end-workflow	Checkout code	2025-04-23T11:15:55.7163237Z   lfs: false
end-workflow	Checkout code	2025-04-23T11:15:55.7163527Z   submodules: false
end-workflow	Checkout code	2025-04-23T11:15:55.7163860Z   set-safe-directory: true
end-workflow	Checkout code	2025-04-23T11:15:55.7164798Z env:
end-workflow	Checkout code	2025-04-23T11:15:55.7165079Z   KAOS_CODE: 14240498880
end-workflow	Checkout code	2025-04-23T11:15:55.7165435Z   KAOS_EVENT_NAME: workflow_dispatch
end-workflow	Checkout code	2025-04-23T11:15:55.7165817Z   KAOS_ACTION: 
end-workflow	Checkout code	2025-04-23T11:15:55.7166148Z   KAOS_REF: refs/heads/H215-modulo-de-summary
end-workflow	Checkout code	2025-04-23T11:15:55.7166608Z   KAOS_MODULE: [Ka0S] Workflow Statistics Summary
end-workflow	Checkout code	2025-04-23T11:15:55.7167089Z   KAOS_PATH_RESUME: core/outputs/w/
end-workflow	Checkout code	2025-04-23T11:15:55.7167486Z   KAOS_JSON: core/results/event_data_
end-workflow	Checkout code	2025-04-23T11:15:55.7167875Z   KAOS_ACTOR: ka0score
end-workflow	Checkout code	2025-04-23T11:15:55.7168344Z   GH_TOKEN: ***
end-workflow	Checkout code	2025-04-23T11:15:55.7168641Z ##[endgroup]
end-workflow	Checkout code	2025-04-23T11:15:55.7907160Z Syncing repository: Ka0s-Klaus/ka0s
end-workflow	Checkout code	2025-04-23T11:15:55.7908647Z ##[group]Getting Git version info
end-workflow	Checkout code	2025-04-23T11:15:55.7909240Z Working directory is '/actions-runner/_work/ka0s/ka0s'
end-workflow	Checkout code	2025-04-23T11:15:55.7910154Z [command]/usr/bin/git version
end-workflow	Checkout code	2025-04-23T11:15:55.7910581Z git version 2.43.0
end-workflow	Checkout code	2025-04-23T11:15:55.7918638Z ##[endgroup]
end-workflow	Checkout code	2025-04-23T11:15:55.7927144Z Copying '/home/kaos/.gitconfig' to '/actions-runner/_work/_temp/5ceda70c-9a5f-4f12-aab9-cd1c513e166a/.gitconfig'
end-workflow	Checkout code	2025-04-23T11:15:55.7935846Z Temporarily overriding HOME='/actions-runner/_work/_temp/5ceda70c-9a5f-4f12-aab9-cd1c513e166a' before making global git config changes
end-workflow	Checkout code	2025-04-23T11:15:55.7937721Z Adding repository directory to the temporary git global config as a safe directory
end-workflow	Checkout code	2025-04-23T11:15:55.7939932Z [command]/usr/bin/git config --global --add safe.directory /actions-runner/_work/ka0s/ka0s
end-workflow	Checkout code	2025-04-23T11:15:55.7973923Z [command]/usr/bin/git config --local --get remote.origin.url
end-workflow	Checkout code	2025-04-23T11:15:55.7992442Z https://github.com/Ka0s-Klaus/ka0s
end-workflow	Checkout code	2025-04-23T11:15:55.8011627Z ##[group]Removing previously created refs, to avoid conflicts
end-workflow	Checkout code	2025-04-23T11:15:55.8016504Z [command]/usr/bin/git rev-parse --symbolic-full-name --verify --quiet HEAD
end-workflow	Checkout code	2025-04-23T11:15:55.8039687Z refs/heads/H215-modulo-de-summary
end-workflow	Checkout code	2025-04-23T11:15:55.8048887Z [command]/usr/bin/git checkout --detach
end-workflow	Checkout code	2025-04-23T11:15:55.8128749Z HEAD is now at 4a6a832d [Ka0S] Uploading resume execution files to the repository...
end-workflow	Checkout code	2025-04-23T11:15:55.8171435Z [command]/usr/bin/git branch --delete --force H215-modulo-de-summary
end-workflow	Checkout code	2025-04-23T11:15:55.8204548Z Deleted branch H215-modulo-de-summary (was 4a6a832d).
end-workflow	Checkout code	2025-04-23T11:15:55.8258081Z ##[endgroup]
end-workflow	Checkout code	2025-04-23T11:15:55.8258622Z [command]/usr/bin/git submodule status
end-workflow	Checkout code	2025-04-23T11:15:55.8472084Z ##[group]Cleaning the repository
end-workflow	Checkout code	2025-04-23T11:15:55.8474813Z [command]/usr/bin/git clean -ffdx
end-workflow	Checkout code	2025-04-23T11:15:55.8507928Z [command]/usr/bin/git reset --hard HEAD
end-workflow	Checkout code	2025-04-23T11:15:55.8586966Z HEAD is now at 4a6a832d [Ka0S] Uploading resume execution files to the repository...
end-workflow	Checkout code	2025-04-23T11:15:55.8588954Z ##[endgroup]
end-workflow	Checkout code	2025-04-23T11:15:55.8589638Z ##[group]Disabling automatic garbage collection
end-workflow	Checkout code	2025-04-23T11:15:55.8596639Z [command]/usr/bin/git config --local gc.auto 0
end-workflow	Checkout code	2025-04-23T11:15:55.8620539Z ##[endgroup]
end-workflow	Checkout code	2025-04-23T11:15:55.8621152Z ##[group]Setting up auth
end-workflow	Checkout code	2025-04-23T11:15:55.8630364Z [command]/usr/bin/git config --local --name-only --get-regexp core\.sshCommand
end-workflow	Checkout code	2025-04-23T11:15:55.8654634Z [command]/usr/bin/git submodule foreach --recursive sh -c "git config --local --name-only --get-regexp 'core\.sshCommand' && git config --local --unset-all 'core.sshCommand' || :"
end-workflow	Checkout code	2025-04-23T11:15:55.8880485Z [command]/usr/bin/git config --local --name-only --get-regexp http\.https\:\/\/github\.com\/\.extraheader
end-workflow	Checkout code	2025-04-23T11:15:55.8905614Z [command]/usr/bin/git submodule foreach --recursive sh -c "git config --local --name-only --get-regexp 'http\.https\:\/\/github\.com\/\.extraheader' && git config --local --unset-all 'http.https://github.com/.extraheader' || :"
end-workflow	Checkout code	2025-04-23T11:15:55.9127179Z [command]/usr/bin/git config --local http.https://github.com/.extraheader AUTHORIZATION: basic ***
end-workflow	Checkout code	2025-04-23T11:15:55.9168155Z ##[endgroup]
end-workflow	Checkout code	2025-04-23T11:15:55.9168909Z ##[group]Fetching the repository
end-workflow	Checkout code	2025-04-23T11:15:55.9176092Z [command]/usr/bin/git -c protocol.version=2 fetch --prune --no-recurse-submodules origin +refs/heads/*:refs/remotes/origin/* +refs/tags/*:refs/tags/*
end-workflow	Checkout code	2025-04-23T11:15:57.0561652Z From https://github.com/Ka0s-Klaus/ka0s
end-workflow	Checkout code	2025-04-23T11:15:57.0563360Z    4a6a832d..be8bef88  H215-modulo-de-summary -> origin/H215-modulo-de-summary
end-workflow	Checkout code	2025-04-23T11:15:57.0564810Z    cf1bb9d1..b0c26864  main                   -> origin/main
end-workflow	Checkout code	2025-04-23T11:15:57.0603222Z [command]/usr/bin/git branch --list --remote origin/H215-modulo-de-summary
end-workflow	Checkout code	2025-04-23T11:15:57.0626078Z   origin/H215-modulo-de-summary
end-workflow	Checkout code	2025-04-23T11:15:57.0632055Z [command]/usr/bin/git rev-parse refs/remotes/origin/H215-modulo-de-summary
end-workflow	Checkout code	2025-04-23T11:15:57.0650877Z be8bef882b98371a98b61b4341e9114465f4cc96
end-workflow	Checkout code	2025-04-23T11:15:57.0662195Z [command]/usr/bin/git -c protocol.version=2 fetch --no-tags --prune --no-recurse-submodules origin +e30f89906a75b04c24ba34ec97e5a1d3b5097cf0:refs/remotes/origin/H215-modulo-de-summary
end-workflow	Checkout code	2025-04-23T11:15:57.0842318Z From https://github.com/Ka0s-Klaus/ka0s
end-workflow	Checkout code	2025-04-23T11:15:57.0844937Z  + be8bef88...e30f8990 e30f89906a75b04c24ba34ec97e5a1d3b5097cf0 -> origin/H215-modulo-de-summary  (forced update)
end-workflow	Checkout code	2025-04-23T11:15:57.0862547Z ##[endgroup]
end-workflow	Checkout code	2025-04-23T11:15:57.0864455Z ##[group]Determining the checkout info
end-workflow	Checkout code	2025-04-23T11:15:57.0866168Z ##[endgroup]
end-workflow	Checkout code	2025-04-23T11:15:57.0867193Z [command]/usr/bin/git sparse-checkout disable
end-workflow	Checkout code	2025-04-23T11:15:57.0907750Z [command]/usr/bin/git config --local --unset-all extensions.worktreeConfig
end-workflow	Checkout code	2025-04-23T11:15:57.0930604Z ##[group]Checking out the ref
end-workflow	Checkout code	2025-04-23T11:15:57.0933512Z [command]/usr/bin/git checkout --progress --force -B H215-modulo-de-summary refs/remotes/origin/H215-modulo-de-summary
end-workflow	Checkout code	2025-04-23T11:15:57.1766228Z Previous HEAD position was 4a6a832d [Ka0S] Uploading resume execution files to the repository...
end-workflow	Checkout code	2025-04-23T11:15:57.1769637Z Switched to a new branch 'H215-modulo-de-summary'
end-workflow	Checkout code	2025-04-23T11:15:57.1771713Z branch 'H215-modulo-de-summary' set up to track 'origin/H215-modulo-de-summary'.
end-workflow	Checkout code	2025-04-23T11:15:57.1785777Z ##[endgroup]
end-workflow	Checkout code	2025-04-23T11:15:57.1814866Z [command]/usr/bin/git log -1 --format=%H
end-workflow	Checkout code	2025-04-23T11:15:57.1836554Z e30f89906a75b04c24ba34ec97e5a1d3b5097cf0
end-workflow	Finaliza el workflow	﻿2025-04-23T11:15:57.2018959Z ##[group]Run echo "End process"
end-workflow	Finaliza el workflow	2025-04-23T11:15:57.2020061Z [36;1mecho "End process"[0m
end-workflow	Finaliza el workflow	2025-04-23T11:15:57.2021377Z [36;1mRNNUMBER=$(echo "refs/heads/H215-modulo-de-summary" | grep -o '[0-9]*')[0m
end-workflow	Finaliza el workflow	2025-04-23T11:15:57.2023157Z [36;1mgh issue comment $RNNUMBER --body "Se finaliza Ka0s 14240498880"[0m
end-workflow	Finaliza el workflow	2025-04-23T11:15:57.2025258Z [36;1mgh workflow run inspector.yml --ref 'main' -f kaos-issue-id=$RNNUMBER -f kaos-workflow-id="14240498880" -f kaos-user-start=""[0m
end-workflow	Finaliza el workflow	2025-04-23T11:15:57.2035584Z shell: /usr/bin/bash -e {0}
end-workflow	Finaliza el workflow	2025-04-23T11:15:57.2036380Z env:
end-workflow	Finaliza el workflow	2025-04-23T11:15:57.2036980Z   KAOS_CODE: 14240498880
end-workflow	Finaliza el workflow	2025-04-23T11:15:57.2037752Z   KAOS_EVENT_NAME: workflow_dispatch
end-workflow	Finaliza el workflow	2025-04-23T11:15:57.2038610Z   KAOS_ACTION: 
end-workflow	Finaliza el workflow	2025-04-23T11:15:57.2039333Z   KAOS_REF: refs/heads/H215-modulo-de-summary
end-workflow	Finaliza el workflow	2025-04-23T11:15:57.2040353Z   KAOS_MODULE: [Ka0S] Workflow Statistics Summary
end-workflow	Finaliza el workflow	2025-04-23T11:15:57.2041349Z   KAOS_PATH_RESUME: core/outputs/w/
end-workflow	Finaliza el workflow	2025-04-23T11:15:57.2042604Z   KAOS_JSON: core/results/event_data_
end-workflow	Finaliza el workflow	2025-04-23T11:15:57.2043611Z   KAOS_ACTOR: ka0score
end-workflow	Finaliza el workflow	2025-04-23T11:15:57.2044616Z   GH_TOKEN: ***
end-workflow	Finaliza el workflow	2025-04-23T11:15:57.2045249Z ##[endgroup]
end-workflow	Finaliza el workflow	2025-04-23T11:15:57.2090627Z End process
end-workflow	Finaliza el workflow	2025-04-23T11:15:58.5618707Z https://github.com/Ka0s-Klaus/ka0s/issues/215#issuecomment-2823946011
end-workflow	Post Checkout code	﻿2025-04-23T11:15:59.1068847Z Post job cleanup.
end-workflow	Post Checkout code	2025-04-23T11:15:59.1683035Z [command]/usr/bin/git version
end-workflow	Post Checkout code	2025-04-23T11:15:59.1711570Z git version 2.43.0
end-workflow	Post Checkout code	2025-04-23T11:15:59.1738264Z Copying '/home/kaos/.gitconfig' to '/actions-runner/_work/_temp/da95a8a9-f632-41d2-a953-99a1f4c0c087/.gitconfig'
end-workflow	Post Checkout code	2025-04-23T11:15:59.1746327Z Temporarily overriding HOME='/actions-runner/_work/_temp/da95a8a9-f632-41d2-a953-99a1f4c0c087' before making global git config changes
end-workflow	Post Checkout code	2025-04-23T11:15:59.1746931Z Adding repository directory to the temporary git global config as a safe directory
end-workflow	Post Checkout code	2025-04-23T11:15:59.1750476Z [command]/usr/bin/git config --global --add safe.directory /actions-runner/_work/ka0s/ka0s
end-workflow	Post Checkout code	2025-04-23T11:15:59.1781718Z [command]/usr/bin/git config --local --name-only --get-regexp core\.sshCommand
end-workflow	Post Checkout code	2025-04-23T11:15:59.1807544Z [command]/usr/bin/git submodule foreach --recursive sh -c "git config --local --name-only --get-regexp 'core\.sshCommand' && git config --local --unset-all 'core.sshCommand' || :"
end-workflow	Post Checkout code	2025-04-23T11:15:59.2029683Z [command]/usr/bin/git config --local --name-only --get-regexp http\.https\:\/\/github\.com\/\.extraheader
end-workflow	Post Checkout code	2025-04-23T11:15:59.2049482Z http.https://github.com/.extraheader
end-workflow	Post Checkout code	2025-04-23T11:15:59.2060105Z [command]/usr/bin/git config --local --unset-all http.https://github.com/.extraheader
end-workflow	Post Checkout code	2025-04-23T11:15:59.2086758Z [command]/usr/bin/git submodule foreach --recursive sh -c "git config --local --name-only --get-regexp 'http\.https\:\/\/github\.com\/\.extraheader' && git config --local --unset-all 'http.https://github.com/.extraheader' || :"
end-workflow	Complete job	﻿2025-04-23T11:15:59.2374831Z Cleaning up orphan processes
