job-core	Set up job	﻿2025-04-03T10:07:41.2119254Z Current runner version: '2.323.0'
job-core	Set up job	2025-04-03T10:07:41.2128288Z Runner name: 'ka0s-1'
job-core	Set up job	2025-04-03T10:07:41.2130143Z Machine name: '419612ea1a87'
job-core	Set up job	2025-04-03T10:07:41.2133595Z ##[group]GITHUB_TOKEN Permissions
job-core	Set up job	2025-04-03T10:07:41.2136301Z Contents: read
job-core	Set up job	2025-04-03T10:07:41.2136915Z Metadata: read
job-core	Set up job	2025-04-03T10:07:41.2137475Z Packages: read
job-core	Set up job	2025-04-03T10:07:41.2138026Z ##[endgroup]
job-core	Set up job	2025-04-03T10:07:41.2141033Z Secret source: Actions
job-core	Set up job	2025-04-03T10:07:41.2141859Z Prepare workflow directory
job-core	Set up job	2025-04-03T10:07:41.3118263Z Prepare all required actions
job-core	Set up job	2025-04-03T10:07:41.3198897Z Getting action download info
job-core	Set up job	2025-04-03T10:07:42.0810812Z Download action repository 'actions/checkout@v4' (SHA:11bd71901bbe5b1630ceea73d27597364c9af683)
job-core	Set up job	2025-04-03T10:07:44.2112065Z Complete job name: job-core
job-core	Checkout code	﻿2025-04-03T10:07:44.3270605Z ##[group]Run actions/checkout@v4
job-core	Checkout code	2025-04-03T10:07:44.3273496Z with:
job-core	Checkout code	2025-04-03T10:07:44.3274376Z   fetch-depth: 0
job-core	Checkout code	2025-04-03T10:07:44.3275397Z   token: ***
job-core	Checkout code	2025-04-03T10:07:44.3276070Z   repository: Ka0s-Klaus/ka0s
job-core	Checkout code	2025-04-03T10:07:44.3276955Z   ssh-strict: true
job-core	Checkout code	2025-04-03T10:07:44.3277608Z   ssh-user: git
job-core	Checkout code	2025-04-03T10:07:44.3278345Z   persist-credentials: true
job-core	Checkout code	2025-04-03T10:07:44.3279130Z   clean: true
job-core	Checkout code	2025-04-03T10:07:44.3279852Z   sparse-checkout-cone-mode: true
job-core	Checkout code	2025-04-03T10:07:44.3281050Z   fetch-tags: false
job-core	Checkout code	2025-04-03T10:07:44.3281736Z   show-progress: true
job-core	Checkout code	2025-04-03T10:07:44.3282491Z   lfs: false
job-core	Checkout code	2025-04-03T10:07:44.3283109Z   submodules: false
job-core	Checkout code	2025-04-03T10:07:44.3283828Z   set-safe-directory: true
job-core	Checkout code	2025-04-03T10:07:44.3285206Z env:
job-core	Checkout code	2025-04-03T10:07:44.3285850Z   KAOS_CODE: 14240390356
job-core	Checkout code	2025-04-03T10:07:44.3286581Z   KAOS_EVENT_NAME: push
job-core	Checkout code	2025-04-03T10:07:44.3287276Z   KAOS_ACTION: 
job-core	Checkout code	2025-04-03T10:07:44.3287987Z   KAOS_REF: refs/heads/H215-modulo-de-summary
job-core	Checkout code	2025-04-03T10:07:44.3288869Z   KAOS_MODULE: [Ka0S] kaos
job-core	Checkout code	2025-04-03T10:07:44.3289725Z   KAOS_PATH_RESUME: core/results/k/
job-core	Checkout code	2025-04-03T10:07:44.3290986Z   KAOS_JSON: core/results/event_data_
job-core	Checkout code	2025-04-03T10:07:44.3291850Z   KAOS_ACTOR: santakloud
job-core	Checkout code	2025-04-03T10:07:44.3292612Z   GITHUB_OUTPUT: 
job-core	Checkout code	2025-04-03T10:07:44.3293264Z ##[endgroup]
job-core	Checkout code	2025-04-03T10:07:44.5053543Z Syncing repository: Ka0s-Klaus/ka0s
job-core	Checkout code	2025-04-03T10:07:44.5058444Z ##[group]Getting Git version info
job-core	Checkout code	2025-04-03T10:07:44.5060638Z Working directory is '/actions-runner/_work/ka0s/ka0s'
job-core	Checkout code	2025-04-03T10:07:44.5063507Z [command]/usr/bin/git version
job-core	Checkout code	2025-04-03T10:07:44.5065001Z git version 2.48.1
job-core	Checkout code	2025-04-03T10:07:44.5070653Z ##[endgroup]
job-core	Checkout code	2025-04-03T10:07:44.5094263Z Copying '/home/kaos/.gitconfig' to '/actions-runner/_work/_temp/64679289-7e62-4c4a-8337-b00f4992ae90/.gitconfig'
job-core	Checkout code	2025-04-03T10:07:44.5124126Z Temporarily overriding HOME='/actions-runner/_work/_temp/64679289-7e62-4c4a-8337-b00f4992ae90' before making global git config changes
job-core	Checkout code	2025-04-03T10:07:44.5129505Z Adding repository directory to the temporary git global config as a safe directory
job-core	Checkout code	2025-04-03T10:07:44.5136944Z [command]/usr/bin/git config --global --add safe.directory /actions-runner/_work/ka0s/ka0s
job-core	Checkout code	2025-04-03T10:07:44.5229769Z [command]/usr/bin/git config --local --get remote.origin.url
job-core	Checkout code	2025-04-03T10:07:44.5269864Z https://github.com/Ka0s-Klaus/ka0s
job-core	Checkout code	2025-04-03T10:07:44.5307814Z ##[group]Removing previously created refs, to avoid conflicts
job-core	Checkout code	2025-04-03T10:07:44.5318426Z [command]/usr/bin/git rev-parse --symbolic-full-name --verify --quiet HEAD
job-core	Checkout code	2025-04-03T10:07:44.5359484Z refs/heads/H220-web-de-resultados
job-core	Checkout code	2025-04-03T10:07:44.5383940Z [command]/usr/bin/git checkout --detach
job-core	Checkout code	2025-04-03T10:07:44.5548456Z HEAD is now at 3b95f74 [Ka0S] Uploading resume execution files to the repository...
job-core	Checkout code	2025-04-03T10:07:44.5613142Z [command]/usr/bin/git branch --delete --force H220-web-de-resultados
job-core	Checkout code	2025-04-03T10:07:44.5659953Z Deleted branch H220-web-de-resultados (was 3b95f74).
job-core	Checkout code	2025-04-03T10:07:44.5747765Z ##[endgroup]
job-core	Checkout code	2025-04-03T10:07:44.5750871Z [command]/usr/bin/git submodule status
job-core	Checkout code	2025-04-03T10:07:44.6145084Z ##[group]Cleaning the repository
job-core	Checkout code	2025-04-03T10:07:44.6152351Z [command]/usr/bin/git clean -ffdx
job-core	Checkout code	2025-04-03T10:07:44.6234159Z [command]/usr/bin/git reset --hard HEAD
job-core	Checkout code	2025-04-03T10:07:44.6435919Z HEAD is now at 3b95f74 [Ka0S] Uploading resume execution files to the repository...
job-core	Checkout code	2025-04-03T10:07:44.6445185Z ##[endgroup]
job-core	Checkout code	2025-04-03T10:07:44.6447255Z ##[group]Disabling automatic garbage collection
job-core	Checkout code	2025-04-03T10:07:44.6452196Z [command]/usr/bin/git config --local gc.auto 0
job-core	Checkout code	2025-04-03T10:07:44.6510273Z ##[endgroup]
job-core	Checkout code	2025-04-03T10:07:44.6512218Z ##[group]Setting up auth
job-core	Checkout code	2025-04-03T10:07:44.6518482Z [command]/usr/bin/git config --local --name-only --get-regexp core\.sshCommand
job-core	Checkout code	2025-04-03T10:07:44.6568589Z [command]/usr/bin/git submodule foreach --recursive sh -c "git config --local --name-only --get-regexp 'core\.sshCommand' && git config --local --unset-all 'core.sshCommand' || :"
job-core	Checkout code	2025-04-03T10:07:44.6964564Z [command]/usr/bin/git config --local --name-only --get-regexp http\.https\:\/\/github\.com\/\.extraheader
job-core	Checkout code	2025-04-03T10:07:44.7014170Z [command]/usr/bin/git submodule foreach --recursive sh -c "git config --local --name-only --get-regexp 'http\.https\:\/\/github\.com\/\.extraheader' && git config --local --unset-all 'http.https://github.com/.extraheader' || :"
job-core	Checkout code	2025-04-03T10:07:44.7432124Z [command]/usr/bin/git config --local http.https://github.com/.extraheader AUTHORIZATION: basic ***
job-core	Checkout code	2025-04-03T10:07:44.7498279Z ##[endgroup]
job-core	Checkout code	2025-04-03T10:07:44.7501988Z ##[group]Fetching the repository
job-core	Checkout code	2025-04-03T10:07:44.7515995Z [command]/usr/bin/git -c protocol.version=2 fetch --prune --no-recurse-submodules origin +refs/heads/*:refs/remotes/origin/* +refs/tags/*:refs/tags/*
job-core	Checkout code	2025-04-03T10:07:45.9801706Z From https://github.com/Ka0s-Klaus/ka0s
job-core	Checkout code	2025-04-03T10:07:45.9807736Z    c90f7eb..f26d77c  H215-modulo-de-summary -> origin/H215-modulo-de-summary
job-core	Checkout code	2025-04-03T10:07:45.9817130Z    b00ba47..f10a060  main                   -> origin/main
job-core	Checkout code	2025-04-03T10:07:45.9899544Z [command]/usr/bin/git branch --list --remote origin/H215-modulo-de-summary
job-core	Checkout code	2025-04-03T10:07:45.9964318Z   origin/H215-modulo-de-summary
job-core	Checkout code	2025-04-03T10:07:45.9988776Z [command]/usr/bin/git rev-parse refs/remotes/origin/H215-modulo-de-summary
job-core	Checkout code	2025-04-03T10:07:46.0034724Z f26d77c97dd9e5be1be7aba489d3d54ad1604a02
job-core	Checkout code	2025-04-03T10:07:46.0054480Z ##[endgroup]
job-core	Checkout code	2025-04-03T10:07:46.0057247Z ##[group]Determining the checkout info
job-core	Checkout code	2025-04-03T10:07:46.0065860Z ##[endgroup]
job-core	Checkout code	2025-04-03T10:07:46.0075396Z [command]/usr/bin/git sparse-checkout disable
job-core	Checkout code	2025-04-03T10:07:46.0192239Z [command]/usr/bin/git config --local --unset-all extensions.worktreeConfig
job-core	Checkout code	2025-04-03T10:07:46.0237377Z ##[group]Checking out the ref
job-core	Checkout code	2025-04-03T10:07:46.0245276Z [command]/usr/bin/git checkout --progress --force -B H215-modulo-de-summary refs/remotes/origin/H215-modulo-de-summary
job-core	Checkout code	2025-04-03T10:07:46.0510695Z Previous HEAD position was 3b95f74 [Ka0S] Uploading resume execution files to the repository...
job-core	Checkout code	2025-04-03T10:07:46.0524153Z Switched to a new branch 'H215-modulo-de-summary'
job-core	Checkout code	2025-04-03T10:07:46.0531693Z branch 'H215-modulo-de-summary' set up to track 'origin/H215-modulo-de-summary'.
job-core	Checkout code	2025-04-03T10:07:46.0544380Z ##[endgroup]
job-core	Checkout code	2025-04-03T10:07:46.0600242Z [command]/usr/bin/git log -1 --format=%H
job-core	Checkout code	2025-04-03T10:07:46.0642209Z f26d77c97dd9e5be1be7aba489d3d54ad1604a02
job-core	Validate file extensions	﻿2025-04-03T10:07:46.0989535Z ##[group]Run IFS=' ' read -r -a extensions <<< "***"
job-core	Validate file extensions	2025-04-03T10:07:46.1004458Z [36;1mIFS=' ' read -r -a extensions <<< "***"[0m
job-core	Validate file extensions	2025-04-03T10:07:46.1006543Z [36;1mfor file in $(git diff --name-only HEAD~1 HEAD); do[0m
job-core	Validate file extensions	2025-04-03T10:07:46.1008391Z [36;1m  extension="${file##*.}"[0m
job-core	Validate file extensions	2025-04-03T10:07:46.1010266Z [36;1m  if [[ ! " ${extensions[@]} " =~ " ${extension} " ]]; then[0m
job-core	Validate file extensions	2025-04-03T10:07:46.1012466Z [36;1m    echo "File $file has an invalid extension: $extension"[0m
job-core	Validate file extensions	2025-04-03T10:07:46.1014348Z [36;1m  fi[0m
job-core	Validate file extensions	2025-04-03T10:07:46.1016056Z [36;1mdone[0m
job-core	Validate file extensions	2025-04-03T10:07:46.1019075Z [36;1mRNNUMBER=$(echo "H215-modulo-de-summary" | grep -o '[0-9]*')[0m
job-core	Validate file extensions	2025-04-03T10:07:46.1023859Z [36;1mgh issue comment $RNNUMBER --body "Se inicia Ka0s 14240390356 "[0m
job-core	Validate file extensions	2025-04-03T10:07:46.1045830Z shell: /usr/bin/bash -e {0}
job-core	Validate file extensions	2025-04-03T10:07:46.1049724Z env:
job-core	Validate file extensions	2025-04-03T10:07:46.1051448Z   KAOS_CODE: 14240390356
job-core	Validate file extensions	2025-04-03T10:07:46.1052703Z   KAOS_EVENT_NAME: push
job-core	Validate file extensions	2025-04-03T10:07:46.1053882Z   KAOS_ACTION: 
job-core	Validate file extensions	2025-04-03T10:07:46.1055160Z   KAOS_REF: refs/heads/H215-modulo-de-summary
job-core	Validate file extensions	2025-04-03T10:07:46.1056744Z   KAOS_MODULE: [Ka0S] kaos
job-core	Validate file extensions	2025-04-03T10:07:46.1058053Z   KAOS_PATH_RESUME: core/results/k/
job-core	Validate file extensions	2025-04-03T10:07:46.1059506Z   KAOS_JSON: core/results/event_data_
job-core	Validate file extensions	2025-04-03T10:07:46.1061025Z   KAOS_ACTOR: santakloud
job-core	Validate file extensions	2025-04-03T10:07:46.1062274Z   GITHUB_OUTPUT: 
job-core	Validate file extensions	2025-04-03T10:07:46.1064046Z   GH_TOKEN: ***
job-core	Validate file extensions	2025-04-03T10:07:46.1065182Z ##[endgroup]
job-core	Validate file extensions	2025-04-03T10:07:46.1195509Z File .github/workflows/workflow-stats.yml has an invalid extension: yml
job-core	Validate file extensions	2025-04-03T10:07:47.4146539Z https://github.com/Ka0s-Klaus/ka0s/issues/215#issuecomment-2775179971
job-core	Crear JSON	﻿2025-04-03T10:07:47.4419113Z ##[group]Run echo "{}" >> core/results/event_data_14240390356.json
job-core	Crear JSON	2025-04-03T10:07:47.4421518Z [36;1mecho "{}" >> core/results/event_data_14240390356.json[0m
job-core	Crear JSON	2025-04-03T10:07:47.4422952Z [36;1mcase "push" in[0m
job-core	Crear JSON	2025-04-03T10:07:47.4423998Z [36;1m  "push")[0m
job-core	Crear JSON	2025-04-03T10:07:47.4427645Z [36;1m    echo "{\"event\": \"push\", \"ref\": \"refs/heads/H215-modulo-de-summary\", \"sha\": \"f26d77c97dd9e5be1be7aba489d3d54ad1604a02\"}" >> core/results/event_data_14240390356.json # Ejemplo: {"event": "push", "ref": "refs/heads/main", "sha": "abc123"}[0m
job-core	Crear JSON	2025-04-03T10:07:47.4432487Z [36;1m    echo "Variable github.action=crear_json" >> core/results/event_data_14240390356.json[0m
job-core	Crear JSON	2025-04-03T10:07:47.4434509Z [36;1m    echo "Variable github.event.action="[0m
job-core	Crear JSON	2025-04-03T10:07:47.4436692Z [36;1m    echo "Variable github.event.pusher.name=santakloud" >> core/results/event_data_14240390356.json[0m
job-core	Crear JSON	2025-04-03T10:07:47.4440890Z [36;1m    echo "variable github.event.pusher.email=73332898+santakloud@users.noreply.github.com" >> core/results/event_data_14240390356.json[0m
job-core	Crear JSON	2025-04-03T10:07:47.4444387Z [36;1m    echo "Variable github.event.issue.number=" >> core/results/event_data_14240390356.json[0m
job-core	Crear JSON	2025-04-03T10:07:47.4447760Z [36;1m    #Crear un fichero de resumen con todos los datos de los commits asociados, esta información es usada en todo el ciclo de vida del workflow[0m
job-core	Crear JSON	2025-04-03T10:07:47.4452990Z [36;1m    git log c90f7eb2162750f1b6906c73c36bc22fce46de3c..f26d77c97dd9e5be1be7aba489d3d54ad1604a02 --pretty=format:'%H%n%an%n%ae%n%ad%n%s' > core/results/k/commit-summary-$KAOS_CODE_FILES.txt[0m
job-core	Crear JSON	2025-04-03T10:07:47.4457105Z [36;1m    # Crear un fichero con la ruta completa y el nombre ficheros implicados en el commit[0m
job-core	Crear JSON	2025-04-03T10:07:47.4461184Z [36;1m    git diff --name-only c90f7eb2162750f1b6906c73c36bc22fce46de3c f26d77c97dd9e5be1be7aba489d3d54ad1604a02 > core/results/k/files-in-commit-$KAOS_CODE_FILES.txt[0m
job-core	Crear JSON	2025-04-03T10:07:47.4464778Z [36;1m    INVOLVED=core/results/k/files-in-commit-$KAOS_CODE_FILES.txt[0m
job-core	Crear JSON	2025-04-03T10:07:47.4466631Z [36;1m    #echo "INVOLVED=$INVOLVED" >> $GITHUB_OUTPUT[0m
job-core	Crear JSON	2025-04-03T10:07:47.4468447Z [36;1m    echo "INVOLVED=$INVOLVED" >> core/results/event_data_14240390356.json[0m
job-core	Crear JSON	2025-04-03T10:07:47.4470402Z [36;1m    ;;[0m
job-core	Crear JSON	2025-04-03T10:07:47.4471357Z [36;1m  "pull_request")[0m
job-core	Crear JSON	2025-04-03T10:07:47.4473674Z [36;1m    echo "{\"event\": \"pull_request\", \"action\": \"\", \"number\": \"\"}" > event_data.json # Ejemplo: {"event": "pull_request", "action": "opened", "number": "42"}[0m
job-core	Crear JSON	2025-04-03T10:07:47.4476101Z [36;1m    ;;[0m
job-core	Crear JSON	2025-04-03T10:07:47.4476976Z [36;1m  "issues")[0m
job-core	Crear JSON	2025-04-03T10:07:47.4506513Z [36;1m    echo "{\"event\": \"issues\", \"action\": \"\", \"issue\": \"\"}" > event_data.json # Ejemplo: {"event": "issues", "action": "opened", "issue": "99"}[0m
job-core	Crear JSON	2025-04-03T10:07:47.4508996Z [36;1m    ;;[0m
job-core	Crear JSON	2025-04-03T10:07:47.4509912Z [36;1m  "issue_comment")[0m
job-core	Crear JSON	2025-04-03T10:07:47.4512577Z [36;1m    echo "{\"event\": \"issue_comment\", \"action\": \"\", \"comment\": \"\"}" > event_data.json # Ejemplo: {"event": "issue_comment", "action": "created", "comment": "123456"}[0m
job-core	Crear JSON	2025-04-03T10:07:47.4515174Z [36;1m    ;;[0m
job-core	Crear JSON	2025-04-03T10:07:47.4516054Z [36;1m  "create")[0m
job-core	Crear JSON	2025-04-03T10:07:47.4519994Z [36;1m    echo "{\"event\": \"create\", \"ref\": \"refs/heads/H215-modulo-de-summary\", \"ref_type\": \"refs/heads/H215-modulo-de-summary\"}" > event_data.json # Ejemplo: {"event": "create", "ref": "refs/tags/v1.0", "ref_type": "tag"}[0m
job-core	Crear JSON	2025-04-03T10:07:47.4522781Z [36;1m    ;;[0m
job-core	Crear JSON	2025-04-03T10:07:47.4523382Z [36;1m  "delete")[0m
job-core	Crear JSON	2025-04-03T10:07:47.4525708Z [36;1m    echo "{\"event\": \"delete\", \"ref\": \"refs/heads/H215-modulo-de-summary\", \"ref_type\": \"refs/heads/H215-modulo-de-summary\"}" > event_data.json # Ejemplo: {"event": "delete", "ref": "refs/heads/feature-branch", "ref_type": "branch"}[0m
job-core	Crear JSON	2025-04-03T10:07:47.4528198Z [36;1m    ;;[0m
job-core	Crear JSON	2025-04-03T10:07:47.4528807Z [36;1m  "release")[0m
job-core	Crear JSON	2025-04-03T10:07:47.4530441Z [36;1m    echo "{\"event\": \"release\", \"action\": \"\", \"release\": \"\"}" > event_data.json # Ejemplo: {"event": "release", "action": "published", "release": "v1.0"}[0m
job-core	Crear JSON	2025-04-03T10:07:47.4532662Z [36;1m    ;;[0m
job-core	Crear JSON	2025-04-03T10:07:47.4533270Z [36;1m  "watch")[0m
job-core	Crear JSON	2025-04-03T10:07:47.4534481Z [36;1m    echo "{\"event\": \"watch\", \"action\": \"\"}" > event_data.json # Ejemplo: {"event": "watch", "action": "started"}[0m
job-core	Crear JSON	2025-04-03T10:07:47.4535835Z [36;1m    ;;[0m
job-core	Crear JSON	2025-04-03T10:07:47.4536482Z [36;1m  "repository_dispatch")[0m
job-core	Crear JSON	2025-04-03T10:07:47.4538169Z [36;1m    echo "{\"event\": \"repository_dispatch\", \"action\": \"\"}" > event_data.json # Ejemplo: {"event": "repository_dispatch", "action": "custom-event"}[0m
job-core	Crear JSON	2025-04-03T10:07:47.4539868Z [36;1m    ;;[0m
job-core	Crear JSON	2025-04-03T10:07:47.4540607Z [36;1m  "workflow_dispatch")[0m
job-core	Crear JSON	2025-04-03T10:07:47.4541943Z [36;1m    echo "{\"event\": \"workflow_dispatch\"}" > event_data.json # Ejemplo: {"event": "workflow_dispatch"}[0m
job-core	Crear JSON	2025-04-03T10:07:47.4543267Z [36;1m    ;;[0m
job-core	Crear JSON	2025-04-03T10:07:47.4543863Z [36;1m  *)[0m
job-core	Crear JSON	2025-04-03T10:07:47.4544824Z [36;1m    echo "{\"event\": \"unknown\"}" > event_data.json # Ejemplo: {"event": "unknown"}[0m
job-core	Crear JSON	2025-04-03T10:07:47.4545964Z [36;1m    ;;[0m
job-core	Crear JSON	2025-04-03T10:07:47.4546578Z [36;1mesac      [0m
job-core	Crear JSON	2025-04-03T10:07:47.4567531Z shell: /usr/bin/bash -e {0}
job-core	Crear JSON	2025-04-03T10:07:47.4568287Z env:
job-core	Crear JSON	2025-04-03T10:07:47.4568979Z   KAOS_CODE: 14240390356
job-core	Crear JSON	2025-04-03T10:07:47.4569514Z   KAOS_EVENT_NAME: push
job-core	Crear JSON	2025-04-03T10:07:47.4570099Z   KAOS_ACTION: 
job-core	Crear JSON	2025-04-03T10:07:47.4570649Z   KAOS_REF: refs/heads/H215-modulo-de-summary
job-core	Crear JSON	2025-04-03T10:07:47.4571341Z   KAOS_MODULE: [Ka0S] kaos
job-core	Crear JSON	2025-04-03T10:07:47.4571902Z   KAOS_PATH_RESUME: core/results/k/
job-core	Crear JSON	2025-04-03T10:07:47.4572529Z   KAOS_JSON: core/results/event_data_
job-core	Crear JSON	2025-04-03T10:07:47.4573138Z   KAOS_ACTOR: santakloud
job-core	Crear JSON	2025-04-03T10:07:47.4573654Z   GITHUB_OUTPUT: 
job-core	Crear JSON	2025-04-03T10:07:47.4574126Z ##[endgroup]
job-core	Crear JSON	2025-04-03T10:07:47.4638627Z Variable github.event.action=
job-core	Set environment variable for ref	﻿2025-04-03T10:07:47.4755959Z ##[group]Run echo "GITHUB_REF=refs/heads/H215-modulo-de-summary" >> $GITHUB_ENV
job-core	Set environment variable for ref	2025-04-03T10:07:47.4756780Z [36;1mecho "GITHUB_REF=refs/heads/H215-modulo-de-summary" >> $GITHUB_ENV[0m
job-core	Set environment variable for ref	2025-04-03T10:07:47.4766519Z shell: /usr/bin/bash -e {0}
job-core	Set environment variable for ref	2025-04-03T10:07:47.4766961Z env:
job-core	Set environment variable for ref	2025-04-03T10:07:47.4767216Z   KAOS_CODE: 14240390356
job-core	Set environment variable for ref	2025-04-03T10:07:47.4767533Z   KAOS_EVENT_NAME: push
job-core	Set environment variable for ref	2025-04-03T10:07:47.4767830Z   KAOS_ACTION: 
job-core	Set environment variable for ref	2025-04-03T10:07:47.4768143Z   KAOS_REF: refs/heads/H215-modulo-de-summary
job-core	Set environment variable for ref	2025-04-03T10:07:47.4768537Z   KAOS_MODULE: [Ka0S] kaos
job-core	Set environment variable for ref	2025-04-03T10:07:47.4768866Z   KAOS_PATH_RESUME: core/results/k/
job-core	Set environment variable for ref	2025-04-03T10:07:47.4769233Z   KAOS_JSON: core/results/event_data_
job-core	Set environment variable for ref	2025-04-03T10:07:47.4769586Z   KAOS_ACTOR: santakloud
job-core	Set environment variable for ref	2025-04-03T10:07:47.4769886Z   GITHUB_OUTPUT: 
job-core	Set environment variable for ref	2025-04-03T10:07:47.4770492Z ##[endgroup]
job-core	Upload Files	﻿2025-04-03T10:07:47.4855899Z ##[group]Run echo "Uploading files to the repository..."
job-core	Upload Files	2025-04-03T10:07:47.4856510Z [36;1mecho "Uploading files to the repository..."[0m
job-core	Upload Files	2025-04-03T10:07:47.4857156Z [36;1mgit config --global user.name "***"[0m
job-core	Upload Files	2025-04-03T10:07:47.4857646Z [36;1mgit config --global user.email "***"[0m
job-core	Upload Files	2025-04-03T10:07:47.4858036Z [36;1mgit pull[0m
job-core	Upload Files	2025-04-03T10:07:47.4858345Z [36;1mgit add core/results/event_data_*[0m
job-core	Upload Files	2025-04-03T10:07:47.4859147Z [36;1mgit commit -m "[Ka0S] Uploading resume execution files to the repository..."[0m
job-core	Upload Files	2025-04-03T10:07:47.4859786Z [36;1mgit push origin refs/heads/H215-modulo-de-summary[0m
job-core	Upload Files	2025-04-03T10:07:47.4860361Z [36;1mgit push origin $GITHUB_REF     [0m
job-core	Upload Files	2025-04-03T10:07:47.4869659Z shell: /usr/bin/bash -e {0}
job-core	Upload Files	2025-04-03T10:07:47.4869999Z env:
job-core	Upload Files	2025-04-03T10:07:47.4870417Z   KAOS_CODE: 14240390356
job-core	Upload Files	2025-04-03T10:07:47.4870732Z   KAOS_EVENT_NAME: push
job-core	Upload Files	2025-04-03T10:07:47.4890284Z   KAOS_ACTION: 
job-core	Upload Files	2025-04-03T10:07:47.4890916Z   KAOS_REF: refs/heads/H215-modulo-de-summary
job-core	Upload Files	2025-04-03T10:07:47.4891403Z   KAOS_MODULE: [Ka0S] kaos
job-core	Upload Files	2025-04-03T10:07:47.4891744Z   KAOS_PATH_RESUME: core/results/k/
job-core	Upload Files	2025-04-03T10:07:47.4892124Z   KAOS_JSON: core/results/event_data_
job-core	Upload Files	2025-04-03T10:07:47.4892493Z   KAOS_ACTOR: santakloud
job-core	Upload Files	2025-04-03T10:07:47.4892811Z   GITHUB_OUTPUT: 
job-core	Upload Files	2025-04-03T10:07:47.4893151Z   GITHUB_REF: refs/heads/H215-modulo-de-summary
job-core	Upload Files	2025-04-03T10:07:47.4893558Z ##[endgroup]
job-core	Upload Files	2025-04-03T10:07:47.4939639Z Uploading files to the repository...
job-core	Upload Files	2025-04-03T10:07:48.2448597Z Already up to date.
job-core	Upload Files	2025-04-03T10:07:48.2710627Z [H215-modulo-de-summary a6475f1] [Ka0S] Uploading resume execution files to the repository...
job-core	Upload Files	2025-04-03T10:07:48.2711886Z  1 file changed, 7 insertions(+)
job-core	Upload Files	2025-04-03T10:07:48.2712341Z  create mode 100644 core/results/event_data_14240390356.json
job-core	Upload Files	2025-04-03T10:07:49.2891794Z To https://github.com/Ka0s-Klaus/ka0s
job-core	Upload Files	2025-04-03T10:07:49.2893849Z    f26d77c..a6475f1  H215-modulo-de-summary -> H215-modulo-de-summary
job-core	Upload Files	2025-04-03T10:07:49.7902452Z Everything up-to-date
job-core	Run git diff --name-only c90f7eb2162750f1b6906c73c36bc22fce46de3c f26d77c97dd9e5be1be7aba489d3d54ad1604a02 > files-in-commit.txt	﻿2025-04-03T10:07:49.8221599Z ##[group]Run git diff --name-only c90f7eb2162750f1b6906c73c36bc22fce46de3c f26d77c97dd9e5be1be7aba489d3d54ad1604a02 > files-in-commit.txt
job-core	Run git diff --name-only c90f7eb2162750f1b6906c73c36bc22fce46de3c f26d77c97dd9e5be1be7aba489d3d54ad1604a02 > files-in-commit.txt	2025-04-03T10:07:49.8226579Z [36;1mgit diff --name-only c90f7eb2162750f1b6906c73c36bc22fce46de3c f26d77c97dd9e5be1be7aba489d3d54ad1604a02 > files-in-commit.txt[0m
job-core	Run git diff --name-only c90f7eb2162750f1b6906c73c36bc22fce46de3c f26d77c97dd9e5be1be7aba489d3d54ad1604a02 > files-in-commit.txt	2025-04-03T10:07:49.8228581Z [36;1mcat files-in-commit.txt[0m
job-core	Run git diff --name-only c90f7eb2162750f1b6906c73c36bc22fce46de3c f26d77c97dd9e5be1be7aba489d3d54ad1604a02 > files-in-commit.txt	2025-04-03T10:07:49.8229607Z [36;1m# Nuevo proceso de activacion de los modulos[0m
job-core	Run git diff --name-only c90f7eb2162750f1b6906c73c36bc22fce46de3c f26d77c97dd9e5be1be7aba489d3d54ad1604a02 > files-in-commit.txt	2025-04-03T10:07:49.8230991Z [36;1mwhile IFS= read -r line; do[0m
job-core	Run git diff --name-only c90f7eb2162750f1b6906c73c36bc22fce46de3c f26d77c97dd9e5be1be7aba489d3d54ad1604a02 > files-in-commit.txt	2025-04-03T10:07:49.8231953Z [36;1m  # Skip files in core/outputs directory[0m
job-core	Run git diff --name-only c90f7eb2162750f1b6906c73c36bc22fce46de3c f26d77c97dd9e5be1be7aba489d3d54ad1604a02 > files-in-commit.txt	2025-04-03T10:07:49.8232999Z [36;1m  if [[ "$line" == core/outputs/* ]]; then[0m
job-core	Run git diff --name-only c90f7eb2162750f1b6906c73c36bc22fce46de3c f26d77c97dd9e5be1be7aba489d3d54ad1604a02 > files-in-commit.txt	2025-04-03T10:07:49.8234138Z [36;1m    echo "Skipping file in outputs directory: $line"[0m
job-core	Run git diff --name-only c90f7eb2162750f1b6906c73c36bc22fce46de3c f26d77c97dd9e5be1be7aba489d3d54ad1604a02 > files-in-commit.txt	2025-04-03T10:07:49.8235172Z [36;1m    continue[0m
job-core	Run git diff --name-only c90f7eb2162750f1b6906c73c36bc22fce46de3c f26d77c97dd9e5be1be7aba489d3d54ad1604a02 > files-in-commit.txt	2025-04-03T10:07:49.8235837Z [36;1m  fi[0m
job-core	Run git diff --name-only c90f7eb2162750f1b6906c73c36bc22fce46de3c f26d77c97dd9e5be1be7aba489d3d54ad1604a02 > files-in-commit.txt	2025-04-03T10:07:49.8236912Z [36;1m  echo "I Leemos el fichero files-in-commit.txt y extraemos el fichero $line"[0m
job-core	Run git diff --name-only c90f7eb2162750f1b6906c73c36bc22fce46de3c f26d77c97dd9e5be1be7aba489d3d54ad1604a02 > files-in-commit.txt	2025-04-03T10:07:49.8238234Z [36;1m  module_failed=0[0m
job-core	Run git diff --name-only c90f7eb2162750f1b6906c73c36bc22fce46de3c f26d77c97dd9e5be1be7aba489d3d54ad1604a02 > files-in-commit.txt	2025-04-03T10:07:49.8239099Z [36;1m  extension_failed=0[0m
job-core	Run git diff --name-only c90f7eb2162750f1b6906c73c36bc22fce46de3c f26d77c97dd9e5be1be7aba489d3d54ad1604a02 > files-in-commit.txt	2025-04-03T10:07:49.8239933Z [36;1m  file_name=$(basename "$line")[0m
job-core	Run git diff --name-only c90f7eb2162750f1b6906c73c36bc22fce46de3c f26d77c97dd9e5be1be7aba489d3d54ad1604a02 > files-in-commit.txt	2025-04-03T10:07:49.8241217Z [36;1m  echo "I-1 Calculamos el nombre del fichero $file_name"[0m
job-core	Run git diff --name-only c90f7eb2162750f1b6906c73c36bc22fce46de3c f26d77c97dd9e5be1be7aba489d3d54ad1604a02 > files-in-commit.txt	2025-04-03T10:07:49.8242373Z [36;1m  file_extension="${file_name##*.}"[0m
job-core	Run git diff --name-only c90f7eb2162750f1b6906c73c36bc22fce46de3c f26d77c97dd9e5be1be7aba489d3d54ad1604a02 > files-in-commit.txt	2025-04-03T10:07:49.8243575Z [36;1m  echo "I-2 Calculamos la extension del fichero $file_extension"[0m
job-core	Run git diff --name-only c90f7eb2162750f1b6906c73c36bc22fce46de3c f26d77c97dd9e5be1be7aba489d3d54ad1604a02 > files-in-commit.txt	2025-04-03T10:07:49.8244875Z [36;1m  file_module="$file_extension""lint.yml"[0m
job-core	Run git diff --name-only c90f7eb2162750f1b6906c73c36bc22fce46de3c f26d77c97dd9e5be1be7aba489d3d54ad1604a02 > files-in-commit.txt	2025-04-03T10:07:49.8245973Z [36;1m  echo "I-3 Calculamos el modulo $file_module"[0m
job-core	Run git diff --name-only c90f7eb2162750f1b6906c73c36bc22fce46de3c f26d77c97dd9e5be1be7aba489d3d54ad1604a02 > files-in-commit.txt	2025-04-03T10:07:49.8247067Z [36;1m  IFS=',' read -r -a file_array <<< "$files"[0m
job-core	Run git diff --name-only c90f7eb2162750f1b6906c73c36bc22fce46de3c f26d77c97dd9e5be1be7aba489d3d54ad1604a02 > files-in-commit.txt	2025-04-03T10:07:49.8248089Z [36;1m  for file in "${file_array[@]}"; do[0m
job-core	Run git diff --name-only c90f7eb2162750f1b6906c73c36bc22fce46de3c f26d77c97dd9e5be1be7aba489d3d54ad1604a02 > files-in-commit.txt	2025-04-03T10:07:49.8249060Z [36;1m    echo "II Leemos el array de $file"[0m
job-core	Run git diff --name-only c90f7eb2162750f1b6906c73c36bc22fce46de3c f26d77c97dd9e5be1be7aba489d3d54ad1604a02 > files-in-commit.txt	2025-04-03T10:07:49.8250221Z [36;1m    if [[ "$file_extension" == "$file" ]]; then[0m
job-core	Run git diff --name-only c90f7eb2162750f1b6906c73c36bc22fce46de3c f26d77c97dd9e5be1be7aba489d3d54ad1604a02 > files-in-commit.txt	2025-04-03T10:07:49.8251464Z [36;1m      echo "III Comprobamos si $file_extension es igual a $file"[0m
job-core	Run git diff --name-only c90f7eb2162750f1b6906c73c36bc22fce46de3c f26d77c97dd9e5be1be7aba489d3d54ad1604a02 > files-in-commit.txt	2025-04-03T10:07:49.8252777Z [36;1m      IFS=',' read -r -a module_array <<< "$modules"[0m
job-core	Run git diff --name-only c90f7eb2162750f1b6906c73c36bc22fce46de3c f26d77c97dd9e5be1be7aba489d3d54ad1604a02 > files-in-commit.txt	2025-04-03T10:07:49.8253863Z [36;1m      for module in "${module_array[@]}"; do[0m
job-core	Run git diff --name-only c90f7eb2162750f1b6906c73c36bc22fce46de3c f26d77c97dd9e5be1be7aba489d3d54ad1604a02 > files-in-commit.txt	2025-04-03T10:07:49.8254875Z [36;1m        echo "IV Leemos el array $module"[0m
job-core	Run git diff --name-only c90f7eb2162750f1b6906c73c36bc22fce46de3c f26d77c97dd9e5be1be7aba489d3d54ad1604a02 > files-in-commit.txt	2025-04-03T10:07:49.8255910Z [36;1m        if [[ "$file_module" == *"$module"* ]]; then[0m
job-core	Run git diff --name-only c90f7eb2162750f1b6906c73c36bc22fce46de3c f26d77c97dd9e5be1be7aba489d3d54ad1604a02 > files-in-commit.txt	2025-04-03T10:07:49.8257860Z [36;1m          echo "V Comprobamos que el $file_module es igual a $module y ejecutamos el flujo"[0m
job-core	Run git diff --name-only c90f7eb2162750f1b6906c73c36bc22fce46de3c f26d77c97dd9e5be1be7aba489d3d54ad1604a02 > files-in-commit.txt	2025-04-03T10:07:49.8259409Z [36;1m          # Si hemos llegado hasta aquí ejecutamos el módulo[0m
job-core	Run git diff --name-only c90f7eb2162750f1b6906c73c36bc22fce46de3c f26d77c97dd9e5be1be7aba489d3d54ad1604a02 > files-in-commit.txt	2025-04-03T10:07:49.8260714Z [36;1m          # Lanzamos el lint del fichero[0m
job-core	Run git diff --name-only c90f7eb2162750f1b6906c73c36bc22fce46de3c f26d77c97dd9e5be1be7aba489d3d54ad1604a02 > files-in-commit.txt	2025-04-03T10:07:49.8262055Z [36;1m          RNNUMBER=$(echo "refs/heads/H215-modulo-de-summary" | grep -o '[0-9]*')[0m
job-core	Run git diff --name-only c90f7eb2162750f1b6906c73c36bc22fce46de3c f26d77c97dd9e5be1be7aba489d3d54ad1604a02 > files-in-commit.txt	2025-04-03T10:07:49.8263483Z [36;1m          echo "El numero de la issue es: $RNNUMBER"[0m
job-core	Run git diff --name-only c90f7eb2162750f1b6906c73c36bc22fce46de3c f26d77c97dd9e5be1be7aba489d3d54ad1604a02 > files-in-commit.txt	2025-04-03T10:07:49.8265945Z [36;1m          gh workflow run $file_module --ref refs/heads/H215-modulo-de-summary -f kaos-origin=14240390356 -f kaos-files=$line -f kaos-issue-id=$RNNUMBER -f kaos-user-start=santakloud[0m
job-core	Run git diff --name-only c90f7eb2162750f1b6906c73c36bc22fce46de3c f26d77c97dd9e5be1be7aba489d3d54ad1604a02 > files-in-commit.txt	2025-04-03T10:07:49.8268325Z [36;1m          module_failed=0[0m
job-core	Run git diff --name-only c90f7eb2162750f1b6906c73c36bc22fce46de3c f26d77c97dd9e5be1be7aba489d3d54ad1604a02 > files-in-commit.txt	2025-04-03T10:07:49.8269170Z [36;1m          extension_failed=0[0m
job-core	Run git diff --name-only c90f7eb2162750f1b6906c73c36bc22fce46de3c f26d77c97dd9e5be1be7aba489d3d54ad1604a02 > files-in-commit.txt	2025-04-03T10:07:49.8285914Z [36;1m          break[0m
job-core	Run git diff --name-only c90f7eb2162750f1b6906c73c36bc22fce46de3c f26d77c97dd9e5be1be7aba489d3d54ad1604a02 > files-in-commit.txt	2025-04-03T10:07:49.8286517Z [36;1m        else[0m
job-core	Run git diff --name-only c90f7eb2162750f1b6906c73c36bc22fce46de3c f26d77c97dd9e5be1be7aba489d3d54ad1604a02 > files-in-commit.txt	2025-04-03T10:07:49.8287238Z [36;1m          # Control de si existe el modulo para esa extension"[0m
job-core	Run git diff --name-only c90f7eb2162750f1b6906c73c36bc22fce46de3c f26d77c97dd9e5be1be7aba489d3d54ad1604a02 > files-in-commit.txt	2025-04-03T10:07:49.8288514Z [36;1m          echo "VI No es igual $file_module a $module y lo indicamos en la variable module_failed=1"[0m
job-core	Run git diff --name-only c90f7eb2162750f1b6906c73c36bc22fce46de3c f26d77c97dd9e5be1be7aba489d3d54ad1604a02 > files-in-commit.txt	2025-04-03T10:07:49.8289582Z [36;1m          module_failed=1[0m
job-core	Run git diff --name-only c90f7eb2162750f1b6906c73c36bc22fce46de3c f26d77c97dd9e5be1be7aba489d3d54ad1604a02 > files-in-commit.txt	2025-04-03T10:07:49.8290344Z [36;1m        fi[0m
job-core	Run git diff --name-only c90f7eb2162750f1b6906c73c36bc22fce46de3c f26d77c97dd9e5be1be7aba489d3d54ad1604a02 > files-in-commit.txt	2025-04-03T10:07:49.8290855Z [36;1m      done[0m
job-core	Run git diff --name-only c90f7eb2162750f1b6906c73c36bc22fce46de3c f26d77c97dd9e5be1be7aba489d3d54ad1604a02 > files-in-commit.txt	2025-04-03T10:07:49.8291347Z [36;1m      break[0m
job-core	Run git diff --name-only c90f7eb2162750f1b6906c73c36bc22fce46de3c f26d77c97dd9e5be1be7aba489d3d54ad1604a02 > files-in-commit.txt	2025-04-03T10:07:49.8291848Z [36;1m    else[0m
job-core	Run git diff --name-only c90f7eb2162750f1b6906c73c36bc22fce46de3c f26d77c97dd9e5be1be7aba489d3d54ad1604a02 > files-in-commit.txt	2025-04-03T10:07:49.8292500Z [36;1m      # Control de si existe el modulo para esa extension"[0m
job-core	Run git diff --name-only c90f7eb2162750f1b6906c73c36bc22fce46de3c f26d77c97dd9e5be1be7aba489d3d54ad1604a02 > files-in-commit.txt	2025-04-03T10:07:49.8293742Z [36;1m      echo "VII No es igual $file_extension a $file y lo indicamos en la variable extension_failed=1"[0m
job-core	Run git diff --name-only c90f7eb2162750f1b6906c73c36bc22fce46de3c f26d77c97dd9e5be1be7aba489d3d54ad1604a02 > files-in-commit.txt	2025-04-03T10:07:49.8295429Z [36;1m      extension_failed=1[0m
job-core	Run git diff --name-only c90f7eb2162750f1b6906c73c36bc22fce46de3c f26d77c97dd9e5be1be7aba489d3d54ad1604a02 > files-in-commit.txt	2025-04-03T10:07:49.8296017Z [36;1m    fi  [0m
job-core	Run git diff --name-only c90f7eb2162750f1b6906c73c36bc22fce46de3c f26d77c97dd9e5be1be7aba489d3d54ad1604a02 > files-in-commit.txt	2025-04-03T10:07:49.8296484Z [36;1m  done[0m
job-core	Run git diff --name-only c90f7eb2162750f1b6906c73c36bc22fce46de3c f26d77c97dd9e5be1be7aba489d3d54ad1604a02 > files-in-commit.txt	2025-04-03T10:07:49.8297015Z [36;1m  if [[ $module_failed == 1 ]]; then[0m
job-core	Run git diff --name-only c90f7eb2162750f1b6906c73c36bc22fce46de3c f26d77c97dd9e5be1be7aba489d3d54ad1604a02 > files-in-commit.txt	2025-04-03T10:07:49.8298060Z [36;1m    echo "IX Si el modulo falla ($module_failed) añadimos el comentario a la issue"[0m
job-core	Run git diff --name-only c90f7eb2162750f1b6906c73c36bc22fce46de3c f26d77c97dd9e5be1be7aba489d3d54ad1604a02 > files-in-commit.txt	2025-04-03T10:07:49.8299955Z [36;1m    # Si hemos llegado hasta aquí añadimos el mensaje de que la extension esta permitida pero no dispone de modulo activo y aqui finaliza el proceso[0m
job-core	Run git diff --name-only c90f7eb2162750f1b6906c73c36bc22fce46de3c f26d77c97dd9e5be1be7aba489d3d54ad1604a02 > files-in-commit.txt	2025-04-03T10:07:49.8302947Z [36;1m    # Añadimos los valores a las variables de la issue[0m
job-core	Run git diff --name-only c90f7eb2162750f1b6906c73c36bc22fce46de3c f26d77c97dd9e5be1be7aba489d3d54ad1604a02 > files-in-commit.txt	2025-04-03T10:07:49.8305988Z [36;1m    KAOS_ISSUE_BODY="[Ka0S] kaos ha detectado que la extensión ($file_extension) esta permitida dentro de KAOS_CORE_FILES, pero el módulo asociado ($file_module) no esta activo. Por favor compruebe que exista y esta activo."[0m
job-core	Run git diff --name-only c90f7eb2162750f1b6906c73c36bc22fce46de3c f26d77c97dd9e5be1be7aba489d3d54ad1604a02 > files-in-commit.txt	2025-04-03T10:07:49.8308641Z [36;1m    # Añadimos el comentario a la issue[0m
job-core	Run git diff --name-only c90f7eb2162750f1b6906c73c36bc22fce46de3c f26d77c97dd9e5be1be7aba489d3d54ad1604a02 > files-in-commit.txt	2025-04-03T10:07:49.8309717Z [36;1m    RNNUMBER=$(echo "refs/heads/H215-modulo-de-summary" | grep -o '[0-9]*')[0m
job-core	Run git diff --name-only c90f7eb2162750f1b6906c73c36bc22fce46de3c f26d77c97dd9e5be1be7aba489d3d54ad1604a02 > files-in-commit.txt	2025-04-03T10:07:49.8311007Z [36;1m    gh issue comment $RNNUMBER --body "$KAOS_ISSUE_BODY"[0m
job-core	Run git diff --name-only c90f7eb2162750f1b6906c73c36bc22fce46de3c f26d77c97dd9e5be1be7aba489d3d54ad1604a02 > files-in-commit.txt	2025-04-03T10:07:49.8311794Z [36;1m  fi[0m
job-core	Run git diff --name-only c90f7eb2162750f1b6906c73c36bc22fce46de3c f26d77c97dd9e5be1be7aba489d3d54ad1604a02 > files-in-commit.txt	2025-04-03T10:07:49.8312336Z [36;1m  if [[ $extension_failed == 1 ]]; then[0m
job-core	Run git diff --name-only c90f7eb2162750f1b6906c73c36bc22fce46de3c f26d77c97dd9e5be1be7aba489d3d54ad1604a02 > files-in-commit.txt	2025-04-03T10:07:49.8313492Z [36;1m    echo "X Si extension falla falla ($extension_failed) añadimos el comentario a la issue"[0m
job-core	Run git diff --name-only c90f7eb2162750f1b6906c73c36bc22fce46de3c f26d77c97dd9e5be1be7aba489d3d54ad1604a02 > files-in-commit.txt	2025-04-03T10:07:49.8315010Z [36;1m    # Si hemos llegado hasta aquí añadimos el mensaje de que la extension no esta permitida[0m
job-core	Run git diff --name-only c90f7eb2162750f1b6906c73c36bc22fce46de3c f26d77c97dd9e5be1be7aba489d3d54ad1604a02 > files-in-commit.txt	2025-04-03T10:07:49.8316240Z [36;1m    # Añadimos los valores a las variables de la issue[0m
job-core	Run git diff --name-only c90f7eb2162750f1b6906c73c36bc22fce46de3c f26d77c97dd9e5be1be7aba489d3d54ad1604a02 > files-in-commit.txt	2025-04-03T10:07:49.8318040Z [36;1m    KAOS_ISSUE_BODY="[Ka0S] kaos ha detectado que la extensión ($file_extension) NO esta permitida dentro de KAOS_CORE_FILES. Por favor compruebe que exista y esta activo."[0m
job-core	Run git diff --name-only c90f7eb2162750f1b6906c73c36bc22fce46de3c f26d77c97dd9e5be1be7aba489d3d54ad1604a02 > files-in-commit.txt	2025-04-03T10:07:49.8319775Z [36;1m    # Añadimos el comentario a la issue[0m
job-core	Run git diff --name-only c90f7eb2162750f1b6906c73c36bc22fce46de3c f26d77c97dd9e5be1be7aba489d3d54ad1604a02 > files-in-commit.txt	2025-04-03T10:07:49.8321018Z [36;1m    RNNUMBER=$(echo "refs/heads/H215-modulo-de-summary" | grep -o '[0-9]*')[0m
job-core	Run git diff --name-only c90f7eb2162750f1b6906c73c36bc22fce46de3c f26d77c97dd9e5be1be7aba489d3d54ad1604a02 > files-in-commit.txt	2025-04-03T10:07:49.8322161Z [36;1m    gh issue comment $RNNUMBER --body "$KAOS_ISSUE_BODY"[0m
job-core	Run git diff --name-only c90f7eb2162750f1b6906c73c36bc22fce46de3c f26d77c97dd9e5be1be7aba489d3d54ad1604a02 > files-in-commit.txt	2025-04-03T10:07:49.8322961Z [36;1m  fi  [0m
job-core	Run git diff --name-only c90f7eb2162750f1b6906c73c36bc22fce46de3c f26d77c97dd9e5be1be7aba489d3d54ad1604a02 > files-in-commit.txt	2025-04-03T10:07:49.8323757Z [36;1mdone < files-in-commit.txt      [0m
job-core	Run git diff --name-only c90f7eb2162750f1b6906c73c36bc22fce46de3c f26d77c97dd9e5be1be7aba489d3d54ad1604a02 > files-in-commit.txt	2025-04-03T10:07:49.8339542Z shell: /usr/bin/bash -e {0}
job-core	Run git diff --name-only c90f7eb2162750f1b6906c73c36bc22fce46de3c f26d77c97dd9e5be1be7aba489d3d54ad1604a02 > files-in-commit.txt	2025-04-03T10:07:49.8340397Z env:
job-core	Run git diff --name-only c90f7eb2162750f1b6906c73c36bc22fce46de3c f26d77c97dd9e5be1be7aba489d3d54ad1604a02 > files-in-commit.txt	2025-04-03T10:07:49.8340759Z   KAOS_CODE: 14240390356
job-core	Run git diff --name-only c90f7eb2162750f1b6906c73c36bc22fce46de3c f26d77c97dd9e5be1be7aba489d3d54ad1604a02 > files-in-commit.txt	2025-04-03T10:07:49.8341200Z   KAOS_EVENT_NAME: push
job-core	Run git diff --name-only c90f7eb2162750f1b6906c73c36bc22fce46de3c f26d77c97dd9e5be1be7aba489d3d54ad1604a02 > files-in-commit.txt	2025-04-03T10:07:49.8341615Z   KAOS_ACTION: 
job-core	Run git diff --name-only c90f7eb2162750f1b6906c73c36bc22fce46de3c f26d77c97dd9e5be1be7aba489d3d54ad1604a02 > files-in-commit.txt	2025-04-03T10:07:49.8342061Z   KAOS_REF: refs/heads/H215-modulo-de-summary
job-core	Run git diff --name-only c90f7eb2162750f1b6906c73c36bc22fce46de3c f26d77c97dd9e5be1be7aba489d3d54ad1604a02 > files-in-commit.txt	2025-04-03T10:07:49.8342619Z   KAOS_MODULE: [Ka0S] kaos
job-core	Run git diff --name-only c90f7eb2162750f1b6906c73c36bc22fce46de3c f26d77c97dd9e5be1be7aba489d3d54ad1604a02 > files-in-commit.txt	2025-04-03T10:07:49.8343087Z   KAOS_PATH_RESUME: core/results/k/
job-core	Run git diff --name-only c90f7eb2162750f1b6906c73c36bc22fce46de3c f26d77c97dd9e5be1be7aba489d3d54ad1604a02 > files-in-commit.txt	2025-04-03T10:07:49.8343611Z   KAOS_JSON: core/results/event_data_
job-core	Run git diff --name-only c90f7eb2162750f1b6906c73c36bc22fce46de3c f26d77c97dd9e5be1be7aba489d3d54ad1604a02 > files-in-commit.txt	2025-04-03T10:07:49.8344117Z   KAOS_ACTOR: santakloud
job-core	Run git diff --name-only c90f7eb2162750f1b6906c73c36bc22fce46de3c f26d77c97dd9e5be1be7aba489d3d54ad1604a02 > files-in-commit.txt	2025-04-03T10:07:49.8344543Z   GITHUB_OUTPUT: 
job-core	Run git diff --name-only c90f7eb2162750f1b6906c73c36bc22fce46de3c f26d77c97dd9e5be1be7aba489d3d54ad1604a02 > files-in-commit.txt	2025-04-03T10:07:49.8345003Z   GITHUB_REF: refs/heads/H215-modulo-de-summary
job-core	Run git diff --name-only c90f7eb2162750f1b6906c73c36bc22fce46de3c f26d77c97dd9e5be1be7aba489d3d54ad1604a02 > files-in-commit.txt	2025-04-03T10:07:49.8345824Z   modules: ***
job-core	Run git diff --name-only c90f7eb2162750f1b6906c73c36bc22fce46de3c f26d77c97dd9e5be1be7aba489d3d54ad1604a02 > files-in-commit.txt	2025-04-03T10:07:49.8346246Z   files: ***
job-core	Run git diff --name-only c90f7eb2162750f1b6906c73c36bc22fce46de3c f26d77c97dd9e5be1be7aba489d3d54ad1604a02 > files-in-commit.txt	2025-04-03T10:07:49.8346994Z   GH_TOKEN: ***
job-core	Run git diff --name-only c90f7eb2162750f1b6906c73c36bc22fce46de3c f26d77c97dd9e5be1be7aba489d3d54ad1604a02 > files-in-commit.txt	2025-04-03T10:07:49.8347385Z ##[endgroup]
job-core	Run git diff --name-only c90f7eb2162750f1b6906c73c36bc22fce46de3c f26d77c97dd9e5be1be7aba489d3d54ad1604a02 > files-in-commit.txt	2025-04-03T10:07:49.8454935Z .github/workflows/workflow-stats.yml
job-core	Run git diff --name-only c90f7eb2162750f1b6906c73c36bc22fce46de3c f26d77c97dd9e5be1be7aba489d3d54ad1604a02 > files-in-commit.txt	2025-04-03T10:07:49.8461357Z I Leemos el fichero files-in-commit.txt y extraemos el fichero .github/workflows/workflow-stats.yml
job-core	Run git diff --name-only c90f7eb2162750f1b6906c73c36bc22fce46de3c f26d77c97dd9e5be1be7aba489d3d54ad1604a02 > files-in-commit.txt	2025-04-03T10:07:49.8480003Z I-1 Calculamos el nombre del fichero workflow-stats.yml
job-core	Run git diff --name-only c90f7eb2162750f1b6906c73c36bc22fce46de3c f26d77c97dd9e5be1be7aba489d3d54ad1604a02 > files-in-commit.txt	2025-04-03T10:07:49.8481642Z I-2 Calculamos la extension del fichero yml
job-core	Run git diff --name-only c90f7eb2162750f1b6906c73c36bc22fce46de3c f26d77c97dd9e5be1be7aba489d3d54ad1604a02 > files-in-commit.txt	2025-04-03T10:07:49.8482533Z I-3 Calculamos el modulo ymllint.yml
job-core	Run git diff --name-only c90f7eb2162750f1b6906c73c36bc22fce46de3c f26d77c97dd9e5be1be7aba489d3d54ad1604a02 > files-in-commit.txt	2025-04-03T10:07:49.8483415Z II Leemos el array de md
job-core	Run git diff --name-only c90f7eb2162750f1b6906c73c36bc22fce46de3c f26d77c97dd9e5be1be7aba489d3d54ad1604a02 > files-in-commit.txt	2025-04-03T10:07:49.8484201Z VII No es igual yml a md y lo indicamos en la variable extension_failed=1
job-core	Run git diff --name-only c90f7eb2162750f1b6906c73c36bc22fce46de3c f26d77c97dd9e5be1be7aba489d3d54ad1604a02 > files-in-commit.txt	2025-04-03T10:07:49.8484717Z II Leemos el array de yaml
job-core	Run git diff --name-only c90f7eb2162750f1b6906c73c36bc22fce46de3c f26d77c97dd9e5be1be7aba489d3d54ad1604a02 > files-in-commit.txt	2025-04-03T10:07:49.8485191Z VII No es igual yml a yaml y lo indicamos en la variable extension_failed=1
job-core	Run git diff --name-only c90f7eb2162750f1b6906c73c36bc22fce46de3c f26d77c97dd9e5be1be7aba489d3d54ad1604a02 > files-in-commit.txt	2025-04-03T10:07:49.8485696Z II Leemos el array de json
job-core	Run git diff --name-only c90f7eb2162750f1b6906c73c36bc22fce46de3c f26d77c97dd9e5be1be7aba489d3d54ad1604a02 > files-in-commit.txt	2025-04-03T10:07:49.8486142Z VII No es igual yml a json y lo indicamos en la variable extension_failed=1
job-core	Run git diff --name-only c90f7eb2162750f1b6906c73c36bc22fce46de3c f26d77c97dd9e5be1be7aba489d3d54ad1604a02 > files-in-commit.txt	2025-04-03T10:07:49.8487042Z II Leemos el array de py
job-core	Run git diff --name-only c90f7eb2162750f1b6906c73c36bc22fce46de3c f26d77c97dd9e5be1be7aba489d3d54ad1604a02 > files-in-commit.txt	2025-04-03T10:07:49.8487482Z VII No es igual yml a py y lo indicamos en la variable extension_failed=1
job-core	Run git diff --name-only c90f7eb2162750f1b6906c73c36bc22fce46de3c f26d77c97dd9e5be1be7aba489d3d54ad1604a02 > files-in-commit.txt	2025-04-03T10:07:49.8488295Z X Si extension falla falla (1) añadimos el comentario a la issue
job-core	Run git diff --name-only c90f7eb2162750f1b6906c73c36bc22fce46de3c f26d77c97dd9e5be1be7aba489d3d54ad1604a02 > files-in-commit.txt	2025-04-03T10:07:50.9623033Z https://github.com/Ka0s-Klaus/ka0s/issues/215#issuecomment-2775180115
job-core	Post Checkout code	﻿2025-04-03T10:07:50.9787098Z Post job cleanup.
job-core	Post Checkout code	2025-04-03T10:07:51.1080922Z [command]/usr/bin/git version
job-core	Post Checkout code	2025-04-03T10:07:51.1133314Z git version 2.48.1
job-core	Post Checkout code	2025-04-03T10:07:51.1189909Z Copying '/home/kaos/.gitconfig' to '/actions-runner/_work/_temp/f26d845d-8be9-4a42-9f93-a7bd06a8fd3e/.gitconfig'
job-core	Post Checkout code	2025-04-03T10:07:51.1208179Z Temporarily overriding HOME='/actions-runner/_work/_temp/f26d845d-8be9-4a42-9f93-a7bd06a8fd3e' before making global git config changes
job-core	Post Checkout code	2025-04-03T10:07:51.1210742Z Adding repository directory to the temporary git global config as a safe directory
job-core	Post Checkout code	2025-04-03T10:07:51.1218533Z [command]/usr/bin/git config --global --add safe.directory /actions-runner/_work/ka0s/ka0s
job-core	Post Checkout code	2025-04-03T10:07:51.1271362Z [command]/usr/bin/git config --local --name-only --get-regexp core\.sshCommand
job-core	Post Checkout code	2025-04-03T10:07:51.1328815Z [command]/usr/bin/git submodule foreach --recursive sh -c "git config --local --name-only --get-regexp 'core\.sshCommand' && git config --local --unset-all 'core.sshCommand' || :"
job-core	Post Checkout code	2025-04-03T10:07:51.1726494Z [command]/usr/bin/git config --local --name-only --get-regexp http\.https\:\/\/github\.com\/\.extraheader
job-core	Post Checkout code	2025-04-03T10:07:51.1763126Z http.https://github.com/.extraheader
job-core	Post Checkout code	2025-04-03T10:07:51.1783507Z [command]/usr/bin/git config --local --unset-all http.https://github.com/.extraheader
job-core	Post Checkout code	2025-04-03T10:07:51.1839053Z [command]/usr/bin/git submodule foreach --recursive sh -c "git config --local --name-only --get-regexp 'http\.https\:\/\/github\.com\/\.extraheader' && git config --local --unset-all 'http.https://github.com/.extraheader' || :"
job-core	Complete job	﻿2025-04-03T10:07:51.2389342Z Cleaning up orphan processes
handle-success	Set up job	﻿2025-04-03T10:07:59.7540983Z Current runner version: '2.323.0'
handle-success	Set up job	2025-04-03T10:07:59.7551315Z Runner name: 'ka0s-1'
handle-success	Set up job	2025-04-03T10:07:59.7552556Z Machine name: '419612ea1a87'
handle-success	Set up job	2025-04-03T10:07:59.7555980Z ##[group]GITHUB_TOKEN Permissions
handle-success	Set up job	2025-04-03T10:07:59.7558872Z Contents: read
handle-success	Set up job	2025-04-03T10:07:59.7559624Z Metadata: read
handle-success	Set up job	2025-04-03T10:07:59.7560856Z Packages: read
handle-success	Set up job	2025-04-03T10:07:59.7561502Z ##[endgroup]
handle-success	Set up job	2025-04-03T10:07:59.7564200Z Secret source: Actions
handle-success	Set up job	2025-04-03T10:07:59.7565137Z Prepare workflow directory
handle-success	Set up job	2025-04-03T10:07:59.8487955Z Prepare all required actions
handle-success	Set up job	2025-04-03T10:07:59.8541676Z Getting action download info
handle-success	Set up job	2025-04-03T10:08:00.5830680Z Download action repository 'actions/checkout@v4' (SHA:11bd71901bbe5b1630ceea73d27597364c9af683)
handle-success	Set up job	2025-04-03T10:08:02.8074092Z Complete job name: handle-success
handle-success	Checkout code	﻿2025-04-03T10:08:02.8709935Z ##[group]Run actions/checkout@v4
handle-success	Checkout code	2025-04-03T10:08:02.8711676Z with:
handle-success	Checkout code	2025-04-03T10:08:02.8712228Z   fetch-depth: 0
handle-success	Checkout code	2025-04-03T10:08:02.8713090Z   token: ***
handle-success	Checkout code	2025-04-03T10:08:02.8713643Z   repository: Ka0s-Klaus/ka0s
handle-success	Checkout code	2025-04-03T10:08:02.8714346Z   ssh-strict: true
handle-success	Checkout code	2025-04-03T10:08:02.8714880Z   ssh-user: git
handle-success	Checkout code	2025-04-03T10:08:02.8715430Z   persist-credentials: true
handle-success	Checkout code	2025-04-03T10:08:02.8716225Z   clean: true
handle-success	Checkout code	2025-04-03T10:08:02.8717126Z   sparse-checkout-cone-mode: true
handle-success	Checkout code	2025-04-03T10:08:02.8717802Z   fetch-tags: false
handle-success	Checkout code	2025-04-03T10:08:02.8718366Z   show-progress: true
handle-success	Checkout code	2025-04-03T10:08:02.8718945Z   lfs: false
handle-success	Checkout code	2025-04-03T10:08:02.8719456Z   submodules: false
handle-success	Checkout code	2025-04-03T10:08:02.8720154Z   set-safe-directory: true
handle-success	Checkout code	2025-04-03T10:08:02.8721461Z env:
handle-success	Checkout code	2025-04-03T10:08:02.8721979Z   KAOS_CODE: 14240390356
handle-success	Checkout code	2025-04-03T10:08:02.8722575Z   KAOS_EVENT_NAME: push
handle-success	Checkout code	2025-04-03T10:08:02.8723140Z   KAOS_ACTION: 
handle-success	Checkout code	2025-04-03T10:08:02.8723739Z   KAOS_REF: refs/heads/H215-modulo-de-summary
handle-success	Checkout code	2025-04-03T10:08:02.8724482Z   KAOS_MODULE: [Ka0S] kaos
handle-success	Checkout code	2025-04-03T10:08:02.8725161Z   KAOS_PATH_RESUME: core/results/k/
handle-success	Checkout code	2025-04-03T10:08:02.8725887Z   KAOS_JSON: core/results/event_data_
handle-success	Checkout code	2025-04-03T10:08:02.8726578Z   KAOS_ACTOR: santakloud
handle-success	Checkout code	2025-04-03T10:08:02.8727167Z ##[endgroup]
handle-success	Checkout code	2025-04-03T10:08:03.0230437Z Syncing repository: Ka0s-Klaus/ka0s
handle-success	Checkout code	2025-04-03T10:08:03.0233466Z ##[group]Getting Git version info
handle-success	Checkout code	2025-04-03T10:08:03.0234508Z Working directory is '/actions-runner/_work/ka0s/ka0s'
handle-success	Checkout code	2025-04-03T10:08:03.0235895Z [command]/usr/bin/git version
handle-success	Checkout code	2025-04-03T10:08:03.0236685Z git version 2.48.1
handle-success	Checkout code	2025-04-03T10:08:03.0269109Z ##[endgroup]
handle-success	Checkout code	2025-04-03T10:08:03.0285646Z Copying '/home/kaos/.gitconfig' to '/actions-runner/_work/_temp/fbb20d2b-a0b0-40d5-9061-2d811b5fac98/.gitconfig'
handle-success	Checkout code	2025-04-03T10:08:03.0303572Z Temporarily overriding HOME='/actions-runner/_work/_temp/fbb20d2b-a0b0-40d5-9061-2d811b5fac98' before making global git config changes
handle-success	Checkout code	2025-04-03T10:08:03.0306225Z Adding repository directory to the temporary git global config as a safe directory
handle-success	Checkout code	2025-04-03T10:08:03.0322623Z [command]/usr/bin/git config --global --add safe.directory /actions-runner/_work/ka0s/ka0s
handle-success	Checkout code	2025-04-03T10:08:03.0381870Z [command]/usr/bin/git config --local --get remote.origin.url
handle-success	Checkout code	2025-04-03T10:08:03.0417958Z https://github.com/Ka0s-Klaus/ka0s
handle-success	Checkout code	2025-04-03T10:08:03.0445882Z ##[group]Removing previously created refs, to avoid conflicts
handle-success	Checkout code	2025-04-03T10:08:03.0452726Z [command]/usr/bin/git rev-parse --symbolic-full-name --verify --quiet HEAD
handle-success	Checkout code	2025-04-03T10:08:03.0486269Z refs/heads/H215-modulo-de-summary
handle-success	Checkout code	2025-04-03T10:08:03.0504064Z [command]/usr/bin/git checkout --detach
handle-success	Checkout code	2025-04-03T10:08:03.0625795Z HEAD is now at a6475f1 [Ka0S] Uploading resume execution files to the repository...
handle-success	Checkout code	2025-04-03T10:08:03.0697225Z [command]/usr/bin/git branch --delete --force H215-modulo-de-summary
handle-success	Checkout code	2025-04-03T10:08:03.0737581Z Deleted branch H215-modulo-de-summary (was a6475f1).
handle-success	Checkout code	2025-04-03T10:08:03.0823520Z ##[endgroup]
handle-success	Checkout code	2025-04-03T10:08:03.0826176Z [command]/usr/bin/git submodule status
handle-success	Checkout code	2025-04-03T10:08:03.1228955Z ##[group]Cleaning the repository
handle-success	Checkout code	2025-04-03T10:08:03.1232901Z [command]/usr/bin/git clean -ffdx
handle-success	Checkout code	2025-04-03T10:08:03.1296237Z Removing core/results/k/commit-summary-.txt
handle-success	Checkout code	2025-04-03T10:08:03.1299297Z Removing core/results/k/files-in-commit-.txt
handle-success	Checkout code	2025-04-03T10:08:03.1302217Z Removing files-in-commit.txt
handle-success	Checkout code	2025-04-03T10:08:03.1313262Z [command]/usr/bin/git reset --hard HEAD
handle-success	Checkout code	2025-04-03T10:08:03.1515822Z HEAD is now at a6475f1 [Ka0S] Uploading resume execution files to the repository...
handle-success	Checkout code	2025-04-03T10:08:03.1527569Z ##[endgroup]
handle-success	Checkout code	2025-04-03T10:08:03.1529976Z ##[group]Disabling automatic garbage collection
handle-success	Checkout code	2025-04-03T10:08:03.1536837Z [command]/usr/bin/git config --local gc.auto 0
handle-success	Checkout code	2025-04-03T10:08:03.1588918Z ##[endgroup]
handle-success	Checkout code	2025-04-03T10:08:03.1589968Z ##[group]Setting up auth
handle-success	Checkout code	2025-04-03T10:08:03.1599898Z [command]/usr/bin/git config --local --name-only --get-regexp core\.sshCommand
handle-success	Checkout code	2025-04-03T10:08:03.1647321Z [command]/usr/bin/git submodule foreach --recursive sh -c "git config --local --name-only --get-regexp 'core\.sshCommand' && git config --local --unset-all 'core.sshCommand' || :"
handle-success	Checkout code	2025-04-03T10:08:03.2035390Z [command]/usr/bin/git config --local --name-only --get-regexp http\.https\:\/\/github\.com\/\.extraheader
handle-success	Checkout code	2025-04-03T10:08:03.2082926Z [command]/usr/bin/git submodule foreach --recursive sh -c "git config --local --name-only --get-regexp 'http\.https\:\/\/github\.com\/\.extraheader' && git config --local --unset-all 'http.https://github.com/.extraheader' || :"
handle-success	Checkout code	2025-04-03T10:08:03.2476862Z [command]/usr/bin/git config --local http.https://github.com/.extraheader AUTHORIZATION: basic ***
handle-success	Checkout code	2025-04-03T10:08:03.2533474Z ##[endgroup]
handle-success	Checkout code	2025-04-03T10:08:03.2535686Z ##[group]Fetching the repository
handle-success	Checkout code	2025-04-03T10:08:03.2547013Z [command]/usr/bin/git -c protocol.version=2 fetch --prune --no-recurse-submodules origin +refs/heads/*:refs/remotes/origin/* +refs/tags/*:refs/tags/*
handle-success	Checkout code	2025-04-03T10:08:04.0318106Z [command]/usr/bin/git branch --list --remote origin/H215-modulo-de-summary
handle-success	Checkout code	2025-04-03T10:08:04.0363418Z   origin/H215-modulo-de-summary
handle-success	Checkout code	2025-04-03T10:08:04.0379018Z [command]/usr/bin/git rev-parse refs/remotes/origin/H215-modulo-de-summary
handle-success	Checkout code	2025-04-03T10:08:04.0411304Z a6475f14066d5d68238edfe345af2cb0491e0387
handle-success	Checkout code	2025-04-03T10:08:04.0431918Z [command]/usr/bin/git -c protocol.version=2 fetch --no-tags --prune --no-recurse-submodules origin +f26d77c97dd9e5be1be7aba489d3d54ad1604a02:refs/remotes/origin/H215-modulo-de-summary
handle-success	Checkout code	2025-04-03T10:08:04.8349866Z From https://github.com/Ka0s-Klaus/ka0s
handle-success	Checkout code	2025-04-03T10:08:04.8357679Z  + a6475f1...f26d77c f26d77c97dd9e5be1be7aba489d3d54ad1604a02 -> origin/H215-modulo-de-summary  (forced update)
handle-success	Checkout code	2025-04-03T10:08:04.8497588Z ##[endgroup]
handle-success	Checkout code	2025-04-03T10:08:04.8502597Z ##[group]Determining the checkout info
handle-success	Checkout code	2025-04-03T10:08:04.8508000Z ##[endgroup]
handle-success	Checkout code	2025-04-03T10:08:04.8511186Z [command]/usr/bin/git sparse-checkout disable
handle-success	Checkout code	2025-04-03T10:08:04.8623046Z [command]/usr/bin/git config --local --unset-all extensions.worktreeConfig
handle-success	Checkout code	2025-04-03T10:08:04.8679997Z ##[group]Checking out the ref
handle-success	Checkout code	2025-04-03T10:08:04.8689350Z [command]/usr/bin/git checkout --progress --force -B H215-modulo-de-summary refs/remotes/origin/H215-modulo-de-summary
handle-success	Checkout code	2025-04-03T10:08:04.8918866Z Warning: you are leaving 1 commit behind, not connected to
handle-success	Checkout code	2025-04-03T10:08:04.8921126Z any of your branches:
handle-success	Checkout code	2025-04-03T10:08:04.8922276Z 
handle-success	Checkout code	2025-04-03T10:08:04.8923383Z   a6475f1 [Ka0S] Uploading resume execution files to the repository...
handle-success	Checkout code	2025-04-03T10:08:04.8925111Z 
handle-success	Checkout code	2025-04-03T10:08:04.8926127Z If you want to keep it by creating a new branch, this may be a good time
handle-success	Checkout code	2025-04-03T10:08:04.8929216Z to do so with:
handle-success	Checkout code	2025-04-03T10:08:04.8930421Z 
handle-success	Checkout code	2025-04-03T10:08:04.8931051Z  git branch <new-branch-name> a6475f1
handle-success	Checkout code	2025-04-03T10:08:04.8932094Z 
handle-success	Checkout code	2025-04-03T10:08:04.8932860Z Switched to a new branch 'H215-modulo-de-summary'
handle-success	Checkout code	2025-04-03T10:08:04.8937729Z branch 'H215-modulo-de-summary' set up to track 'origin/H215-modulo-de-summary'.
handle-success	Checkout code	2025-04-03T10:08:04.8950418Z ##[endgroup]
handle-success	Checkout code	2025-04-03T10:08:04.9007535Z [command]/usr/bin/git log -1 --format=%H
handle-success	Checkout code	2025-04-03T10:08:04.9047969Z f26d77c97dd9e5be1be7aba489d3d54ad1604a02
handle-success	handle-success-execution	﻿2025-04-03T10:08:04.9398618Z ##[group]Run # Si todo ha ido correcto añadimos el contenido del fichero 
handle-success	handle-success-execution	2025-04-03T10:08:04.9401422Z [36;1m# Si todo ha ido correcto añadimos el contenido del fichero [0m
handle-success	handle-success-execution	2025-04-03T10:08:04.9404124Z [36;1mRNNUMBER=$(echo "refs/heads/H215-modulo-de-summary" | grep -o '[0-9]*')[0m
handle-success	handle-success-execution	2025-04-03T10:08:04.9408221Z [36;1mgh issue comment $RNNUMBER --body "El proceso ha finalizado correctamente 14240390356. El resultado está en el fichero core/results/event_data14240390356.log"[0m
handle-success	handle-success-execution	2025-04-03T10:08:04.9427072Z shell: /usr/bin/bash -e {0}
handle-success	handle-success-execution	2025-04-03T10:08:04.9428261Z env:
handle-success	handle-success-execution	2025-04-03T10:08:04.9429104Z   KAOS_CODE: 14240390356
handle-success	handle-success-execution	2025-04-03T10:08:04.9430725Z   KAOS_EVENT_NAME: push
handle-success	handle-success-execution	2025-04-03T10:08:04.9431787Z   KAOS_ACTION: 
handle-success	handle-success-execution	2025-04-03T10:08:04.9432820Z   KAOS_REF: refs/heads/H215-modulo-de-summary
handle-success	handle-success-execution	2025-04-03T10:08:04.9434205Z   KAOS_MODULE: [Ka0S] kaos
handle-success	handle-success-execution	2025-04-03T10:08:04.9435360Z   KAOS_PATH_RESUME: core/results/k/
handle-success	handle-success-execution	2025-04-03T10:08:04.9436653Z   KAOS_JSON: core/results/event_data_
handle-success	handle-success-execution	2025-04-03T10:08:04.9437934Z   KAOS_ACTOR: santakloud
handle-success	handle-success-execution	2025-04-03T10:08:04.9439908Z   GH_TOKEN: ***
handle-success	handle-success-execution	2025-04-03T10:08:04.9441368Z ##[endgroup]
handle-success	handle-success-execution	2025-04-03T10:08:06.2608691Z https://github.com/Ka0s-Klaus/ka0s/issues/215#issuecomment-2775180699
handle-success	Post Checkout code	﻿2025-04-03T10:08:06.2839437Z Post job cleanup.
handle-success	Post Checkout code	2025-04-03T10:08:06.4153753Z [command]/usr/bin/git version
handle-success	Post Checkout code	2025-04-03T10:08:06.4214098Z git version 2.48.1
handle-success	Post Checkout code	2025-04-03T10:08:06.4274885Z Copying '/home/kaos/.gitconfig' to '/actions-runner/_work/_temp/01293715-a923-4e54-9970-878b6d212d62/.gitconfig'
handle-success	Post Checkout code	2025-04-03T10:08:06.4293889Z Temporarily overriding HOME='/actions-runner/_work/_temp/01293715-a923-4e54-9970-878b6d212d62' before making global git config changes
handle-success	Post Checkout code	2025-04-03T10:08:06.4296159Z Adding repository directory to the temporary git global config as a safe directory
handle-success	Post Checkout code	2025-04-03T10:08:06.4304809Z [command]/usr/bin/git config --global --add safe.directory /actions-runner/_work/ka0s/ka0s
handle-success	Post Checkout code	2025-04-03T10:08:06.4375350Z [command]/usr/bin/git config --local --name-only --get-regexp core\.sshCommand
handle-success	Post Checkout code	2025-04-03T10:08:06.4434290Z [command]/usr/bin/git submodule foreach --recursive sh -c "git config --local --name-only --get-regexp 'core\.sshCommand' && git config --local --unset-all 'core.sshCommand' || :"
handle-success	Post Checkout code	2025-04-03T10:08:06.4850344Z [command]/usr/bin/git config --local --name-only --get-regexp http\.https\:\/\/github\.com\/\.extraheader
handle-success	Post Checkout code	2025-04-03T10:08:06.4889199Z http.https://github.com/.extraheader
handle-success	Post Checkout code	2025-04-03T10:08:06.4909496Z [command]/usr/bin/git config --local --unset-all http.https://github.com/.extraheader
handle-success	Post Checkout code	2025-04-03T10:08:06.4965025Z [command]/usr/bin/git submodule foreach --recursive sh -c "git config --local --name-only --get-regexp 'http\.https\:\/\/github\.com\/\.extraheader' && git config --local --unset-all 'http.https://github.com/.extraheader' || :"
handle-success	Complete job	﻿2025-04-03T10:08:06.5515967Z Cleaning up orphan processes
end-workflow	Set up job	﻿2025-04-03T10:08:14.7174675Z Current runner version: '2.323.0'
end-workflow	Set up job	2025-04-03T10:08:14.7184373Z Runner name: 'ka0s-1'
end-workflow	Set up job	2025-04-03T10:08:14.7185604Z Machine name: '419612ea1a87'
end-workflow	Set up job	2025-04-03T10:08:14.7189057Z ##[group]GITHUB_TOKEN Permissions
end-workflow	Set up job	2025-04-03T10:08:14.7192545Z Contents: read
end-workflow	Set up job	2025-04-03T10:08:14.7193265Z Metadata: read
end-workflow	Set up job	2025-04-03T10:08:14.7193964Z Packages: read
end-workflow	Set up job	2025-04-03T10:08:14.7194698Z ##[endgroup]
end-workflow	Set up job	2025-04-03T10:08:14.7197404Z Secret source: Actions
end-workflow	Set up job	2025-04-03T10:08:14.7198347Z Prepare workflow directory
end-workflow	Set up job	2025-04-03T10:08:14.8118338Z Prepare all required actions
end-workflow	Set up job	2025-04-03T10:08:14.8170563Z Getting action download info
end-workflow	Set up job	2025-04-03T10:08:15.5643600Z Download action repository 'actions/checkout@v4' (SHA:11bd71901bbe5b1630ceea73d27597364c9af683)
end-workflow	Set up job	2025-04-03T10:08:17.6399719Z Complete job name: end-workflow
end-workflow	Checkout code	﻿2025-04-03T10:08:17.7237513Z ##[group]Run actions/checkout@v4
end-workflow	Checkout code	2025-04-03T10:08:17.7239117Z with:
end-workflow	Checkout code	2025-04-03T10:08:17.7239703Z   fetch-depth: 0
end-workflow	Checkout code	2025-04-03T10:08:17.7240923Z   token: ***
end-workflow	Checkout code	2025-04-03T10:08:17.7241533Z   repository: Ka0s-Klaus/ka0s
end-workflow	Checkout code	2025-04-03T10:08:17.7242320Z   ssh-strict: true
end-workflow	Checkout code	2025-04-03T10:08:17.7242925Z   ssh-user: git
end-workflow	Checkout code	2025-04-03T10:08:17.7243536Z   persist-credentials: true
end-workflow	Checkout code	2025-04-03T10:08:17.7244199Z   clean: true
end-workflow	Checkout code	2025-04-03T10:08:17.7244807Z   sparse-checkout-cone-mode: true
end-workflow	Checkout code	2025-04-03T10:08:17.7245565Z   fetch-tags: false
end-workflow	Checkout code	2025-04-03T10:08:17.7246173Z   show-progress: true
end-workflow	Checkout code	2025-04-03T10:08:17.7246781Z   lfs: false
end-workflow	Checkout code	2025-04-03T10:08:17.7247352Z   submodules: false
end-workflow	Checkout code	2025-04-03T10:08:17.7247989Z   set-safe-directory: true
end-workflow	Checkout code	2025-04-03T10:08:17.7249272Z env:
end-workflow	Checkout code	2025-04-03T10:08:17.7249838Z   KAOS_CODE: 14240390356
end-workflow	Checkout code	2025-04-03T10:08:17.7250690Z   KAOS_EVENT_NAME: push
end-workflow	Checkout code	2025-04-03T10:08:17.7251327Z   KAOS_ACTION: 
end-workflow	Checkout code	2025-04-03T10:08:17.7251970Z   KAOS_REF: refs/heads/H215-modulo-de-summary
end-workflow	Checkout code	2025-04-03T10:08:17.7252770Z   KAOS_MODULE: [Ka0S] kaos
end-workflow	Checkout code	2025-04-03T10:08:17.7253545Z   KAOS_PATH_RESUME: core/results/k/
end-workflow	Checkout code	2025-04-03T10:08:17.7254322Z   KAOS_JSON: core/results/event_data_
end-workflow	Checkout code	2025-04-03T10:08:17.7255071Z   KAOS_ACTOR: santakloud
end-workflow	Checkout code	2025-04-03T10:08:17.7256165Z   GH_TOKEN: ***
end-workflow	Checkout code	2025-04-03T10:08:17.7256742Z ##[endgroup]
end-workflow	Checkout code	2025-04-03T10:08:17.9267512Z Syncing repository: Ka0s-Klaus/ka0s
end-workflow	Checkout code	2025-04-03T10:08:17.9272353Z ##[group]Getting Git version info
end-workflow	Checkout code	2025-04-03T10:08:17.9274765Z Working directory is '/actions-runner/_work/ka0s/ka0s'
end-workflow	Checkout code	2025-04-03T10:08:17.9278665Z [command]/usr/bin/git version
end-workflow	Checkout code	2025-04-03T10:08:17.9280859Z git version 2.48.1
end-workflow	Checkout code	2025-04-03T10:08:17.9292195Z ##[endgroup]
end-workflow	Checkout code	2025-04-03T10:08:17.9327199Z Copying '/home/kaos/.gitconfig' to '/actions-runner/_work/_temp/c46c3fa4-8ee3-4d23-9368-a9e8e79304b9/.gitconfig'
end-workflow	Checkout code	2025-04-03T10:08:17.9339211Z Temporarily overriding HOME='/actions-runner/_work/_temp/c46c3fa4-8ee3-4d23-9368-a9e8e79304b9' before making global git config changes
end-workflow	Checkout code	2025-04-03T10:08:17.9346324Z Adding repository directory to the temporary git global config as a safe directory
end-workflow	Checkout code	2025-04-03T10:08:17.9351619Z [command]/usr/bin/git config --global --add safe.directory /actions-runner/_work/ka0s/ka0s
end-workflow	Checkout code	2025-04-03T10:08:17.9396309Z [command]/usr/bin/git config --local --get remote.origin.url
end-workflow	Checkout code	2025-04-03T10:08:17.9435912Z https://github.com/Ka0s-Klaus/ka0s
end-workflow	Checkout code	2025-04-03T10:08:17.9466651Z ##[group]Removing previously created refs, to avoid conflicts
end-workflow	Checkout code	2025-04-03T10:08:17.9477470Z [command]/usr/bin/git rev-parse --symbolic-full-name --verify --quiet HEAD
end-workflow	Checkout code	2025-04-03T10:08:17.9520668Z refs/heads/H215-modulo-de-summary
end-workflow	Checkout code	2025-04-03T10:08:17.9542119Z [command]/usr/bin/git checkout --detach
end-workflow	Checkout code	2025-04-03T10:08:17.9703167Z HEAD is now at f26d77c Corregimos error en las fechas
end-workflow	Checkout code	2025-04-03T10:08:17.9790495Z [command]/usr/bin/git branch --delete --force H215-modulo-de-summary
end-workflow	Checkout code	2025-04-03T10:08:17.9846356Z Deleted branch H215-modulo-de-summary (was f26d77c).
end-workflow	Checkout code	2025-04-03T10:08:17.9947926Z ##[endgroup]
end-workflow	Checkout code	2025-04-03T10:08:17.9949673Z [command]/usr/bin/git submodule status
end-workflow	Checkout code	2025-04-03T10:08:18.0358384Z ##[group]Cleaning the repository
end-workflow	Checkout code	2025-04-03T10:08:18.0362966Z [command]/usr/bin/git clean -ffdx
end-workflow	Checkout code	2025-04-03T10:08:18.0446791Z [command]/usr/bin/git reset --hard HEAD
end-workflow	Checkout code	2025-04-03T10:08:18.0648168Z HEAD is now at f26d77c Corregimos error en las fechas
end-workflow	Checkout code	2025-04-03T10:08:18.0658744Z ##[endgroup]
end-workflow	Checkout code	2025-04-03T10:08:18.0661180Z ##[group]Disabling automatic garbage collection
end-workflow	Checkout code	2025-04-03T10:08:18.0666470Z [command]/usr/bin/git config --local gc.auto 0
end-workflow	Checkout code	2025-04-03T10:08:18.0719254Z ##[endgroup]
end-workflow	Checkout code	2025-04-03T10:08:18.0721677Z ##[group]Setting up auth
end-workflow	Checkout code	2025-04-03T10:08:18.0728011Z [command]/usr/bin/git config --local --name-only --get-regexp core\.sshCommand
end-workflow	Checkout code	2025-04-03T10:08:18.0781630Z [command]/usr/bin/git submodule foreach --recursive sh -c "git config --local --name-only --get-regexp 'core\.sshCommand' && git config --local --unset-all 'core.sshCommand' || :"
end-workflow	Checkout code	2025-04-03T10:08:18.1197432Z [command]/usr/bin/git config --local --name-only --get-regexp http\.https\:\/\/github\.com\/\.extraheader
end-workflow	Checkout code	2025-04-03T10:08:18.1243330Z [command]/usr/bin/git submodule foreach --recursive sh -c "git config --local --name-only --get-regexp 'http\.https\:\/\/github\.com\/\.extraheader' && git config --local --unset-all 'http.https://github.com/.extraheader' || :"
end-workflow	Checkout code	2025-04-03T10:08:18.1660780Z [command]/usr/bin/git config --local http.https://github.com/.extraheader AUTHORIZATION: basic ***
end-workflow	Checkout code	2025-04-03T10:08:18.1727280Z ##[endgroup]
end-workflow	Checkout code	2025-04-03T10:08:18.1729429Z ##[group]Fetching the repository
end-workflow	Checkout code	2025-04-03T10:08:18.1742677Z [command]/usr/bin/git -c protocol.version=2 fetch --prune --no-recurse-submodules origin +refs/heads/*:refs/remotes/origin/* +refs/tags/*:refs/tags/*
end-workflow	Checkout code	2025-04-03T10:08:18.8448942Z From https://github.com/Ka0s-Klaus/ka0s
end-workflow	Checkout code	2025-04-03T10:08:18.8451946Z    f26d77c..a6475f1  H215-modulo-de-summary -> origin/H215-modulo-de-summary
end-workflow	Checkout code	2025-04-03T10:08:18.8617067Z [command]/usr/bin/git branch --list --remote origin/H215-modulo-de-summary
end-workflow	Checkout code	2025-04-03T10:08:18.8665388Z   origin/H215-modulo-de-summary
end-workflow	Checkout code	2025-04-03T10:08:18.8678871Z [command]/usr/bin/git rev-parse refs/remotes/origin/H215-modulo-de-summary
end-workflow	Checkout code	2025-04-03T10:08:18.8714531Z a6475f14066d5d68238edfe345af2cb0491e0387
end-workflow	Checkout code	2025-04-03T10:08:18.8732224Z [command]/usr/bin/git -c protocol.version=2 fetch --no-tags --prune --no-recurse-submodules origin +f26d77c97dd9e5be1be7aba489d3d54ad1604a02:refs/remotes/origin/H215-modulo-de-summary
end-workflow	Checkout code	2025-04-03T10:08:19.5497115Z From https://github.com/Ka0s-Klaus/ka0s
end-workflow	Checkout code	2025-04-03T10:08:19.5504117Z  + a6475f1...f26d77c f26d77c97dd9e5be1be7aba489d3d54ad1604a02 -> origin/H215-modulo-de-summary  (forced update)
end-workflow	Checkout code	2025-04-03T10:08:19.5592248Z ##[endgroup]
end-workflow	Checkout code	2025-04-03T10:08:19.5595021Z ##[group]Determining the checkout info
end-workflow	Checkout code	2025-04-03T10:08:19.5598204Z ##[endgroup]
end-workflow	Checkout code	2025-04-03T10:08:19.5600239Z [command]/usr/bin/git sparse-checkout disable
end-workflow	Checkout code	2025-04-03T10:08:19.5685826Z [command]/usr/bin/git config --local --unset-all extensions.worktreeConfig
end-workflow	Checkout code	2025-04-03T10:08:19.5742260Z ##[group]Checking out the ref
end-workflow	Checkout code	2025-04-03T10:08:19.5749130Z [command]/usr/bin/git checkout --progress --force -B H215-modulo-de-summary refs/remotes/origin/H215-modulo-de-summary
end-workflow	Checkout code	2025-04-03T10:08:19.5903996Z Switched to a new branch 'H215-modulo-de-summary'
end-workflow	Checkout code	2025-04-03T10:08:19.5914211Z branch 'H215-modulo-de-summary' set up to track 'origin/H215-modulo-de-summary'.
end-workflow	Checkout code	2025-04-03T10:08:19.5924626Z ##[endgroup]
end-workflow	Checkout code	2025-04-03T10:08:19.5983161Z [command]/usr/bin/git log -1 --format=%H
end-workflow	Checkout code	2025-04-03T10:08:19.6025756Z f26d77c97dd9e5be1be7aba489d3d54ad1604a02
end-workflow	Finaliza el workflow	﻿2025-04-03T10:08:19.6409396Z ##[group]Run echo "End process"
end-workflow	Finaliza el workflow	2025-04-03T10:08:19.6411088Z [36;1mecho "End process"[0m
end-workflow	Finaliza el workflow	2025-04-03T10:08:19.6412990Z [36;1mRNNUMBER=$(echo "refs/heads/H215-modulo-de-summary" | grep -o '[0-9]*')[0m
end-workflow	Finaliza el workflow	2025-04-03T10:08:19.6415563Z [36;1mgh issue comment $RNNUMBER --body "Se finaliza Ka0s 14240390356"[0m
end-workflow	Finaliza el workflow	2025-04-03T10:08:19.6418965Z [36;1mgh workflow run inspector.yml --ref 'main' -f kaos-issue-id=$RNNUMBER -f kaos-workflow-id="14240390356" -f kaos-user-start=""[0m
end-workflow	Finaliza el workflow	2025-04-03T10:08:19.6438393Z shell: /usr/bin/bash -e {0}
end-workflow	Finaliza el workflow	2025-04-03T10:08:19.6439694Z env:
end-workflow	Finaliza el workflow	2025-04-03T10:08:19.6440710Z   KAOS_CODE: 14240390356
end-workflow	Finaliza el workflow	2025-04-03T10:08:19.6441839Z   KAOS_EVENT_NAME: push
end-workflow	Finaliza el workflow	2025-04-03T10:08:19.6442923Z   KAOS_ACTION: 
end-workflow	Finaliza el workflow	2025-04-03T10:08:19.6444036Z   KAOS_REF: refs/heads/H215-modulo-de-summary
end-workflow	Finaliza el workflow	2025-04-03T10:08:19.6445909Z   KAOS_MODULE: [Ka0S] kaos
end-workflow	Finaliza el workflow	2025-04-03T10:08:19.6447139Z   KAOS_PATH_RESUME: core/results/k/
end-workflow	Finaliza el workflow	2025-04-03T10:08:19.6448508Z   KAOS_JSON: core/results/event_data_
end-workflow	Finaliza el workflow	2025-04-03T10:08:19.6449872Z   KAOS_ACTOR: santakloud
end-workflow	Finaliza el workflow	2025-04-03T10:08:19.6451800Z   GH_TOKEN: ***
end-workflow	Finaliza el workflow	2025-04-03T10:08:19.6452793Z ##[endgroup]
end-workflow	Finaliza el workflow	2025-04-03T10:08:19.6545401Z End process
end-workflow	Finaliza el workflow	2025-04-03T10:08:20.9524418Z https://github.com/Ka0s-Klaus/ka0s/issues/215#issuecomment-2775181667
end-workflow	Post Checkout code	﻿2025-04-03T10:08:21.9096345Z Post job cleanup.
end-workflow	Post Checkout code	2025-04-03T10:08:22.0426285Z [command]/usr/bin/git version
end-workflow	Post Checkout code	2025-04-03T10:08:22.0477682Z git version 2.48.1
end-workflow	Post Checkout code	2025-04-03T10:08:22.0533118Z Copying '/home/kaos/.gitconfig' to '/actions-runner/_work/_temp/1761203a-d6d4-464f-8694-fb1235b5405c/.gitconfig'
end-workflow	Post Checkout code	2025-04-03T10:08:22.0550434Z Temporarily overriding HOME='/actions-runner/_work/_temp/1761203a-d6d4-464f-8694-fb1235b5405c' before making global git config changes
end-workflow	Post Checkout code	2025-04-03T10:08:22.0553181Z Adding repository directory to the temporary git global config as a safe directory
end-workflow	Post Checkout code	2025-04-03T10:08:22.0559993Z [command]/usr/bin/git config --global --add safe.directory /actions-runner/_work/ka0s/ka0s
end-workflow	Post Checkout code	2025-04-03T10:08:22.0613402Z [command]/usr/bin/git config --local --name-only --get-regexp core\.sshCommand
end-workflow	Post Checkout code	2025-04-03T10:08:22.0675500Z [command]/usr/bin/git submodule foreach --recursive sh -c "git config --local --name-only --get-regexp 'core\.sshCommand' && git config --local --unset-all 'core.sshCommand' || :"
end-workflow	Post Checkout code	2025-04-03T10:08:22.1082694Z [command]/usr/bin/git config --local --name-only --get-regexp http\.https\:\/\/github\.com\/\.extraheader
end-workflow	Post Checkout code	2025-04-03T10:08:22.1121295Z http.https://github.com/.extraheader
end-workflow	Post Checkout code	2025-04-03T10:08:22.1138824Z [command]/usr/bin/git config --local --unset-all http.https://github.com/.extraheader
end-workflow	Post Checkout code	2025-04-03T10:08:22.1194170Z [command]/usr/bin/git submodule foreach --recursive sh -c "git config --local --name-only --get-regexp 'http\.https\:\/\/github\.com\/\.extraheader' && git config --local --unset-all 'http.https://github.com/.extraheader' || :"
end-workflow	Complete job	﻿2025-04-03T10:08:22.1739053Z Cleaning up orphan processes
