job-core	Set up job	﻿2025-04-25T09:26:17.8232480Z Current runner version: '2.323.0'
job-core	Set up job	2025-04-25T09:26:17.8236875Z Runner name: 'ka0s-7'
job-core	Set up job	2025-04-25T09:26:17.8237445Z Machine name: '26a53205c9ac'
job-core	Set up job	2025-04-25T09:26:17.8238819Z ##[group]GITHUB_TOKEN Permissions
job-core	Set up job	2025-04-25T09:26:17.8240165Z Contents: read
job-core	Set up job	2025-04-25T09:26:17.8240480Z Metadata: read
job-core	Set up job	2025-04-25T09:26:17.8240767Z Packages: read
job-core	Set up job	2025-04-25T09:26:17.8241056Z ##[endgroup]
job-core	Set up job	2025-04-25T09:26:17.8242322Z Secret source: Actions
job-core	Set up job	2025-04-25T09:26:17.8242765Z Prepare workflow directory
job-core	Set up job	2025-04-25T09:26:17.8611638Z Prepare all required actions
job-core	Set up job	2025-04-25T09:26:17.8637541Z Getting action download info
job-core	Set up job	2025-04-25T09:26:18.3636932Z Download action repository 'actions/checkout@v4' (SHA:11bd71901bbe5b1630ceea73d27597364c9af683)
job-core	Set up job	2025-04-25T09:26:19.1341605Z Complete job name: job-core
job-core	Checkout code	﻿2025-04-25T09:26:19.1651524Z ##[group]Run actions/checkout@v4
job-core	Checkout code	2025-04-25T09:26:19.1652094Z with:
job-core	Checkout code	2025-04-25T09:26:19.1652404Z   fetch-depth: 0
job-core	Checkout code	2025-04-25T09:26:19.1652894Z   token: ***
job-core	Checkout code	2025-04-25T09:26:19.1653215Z   repository: Ka0s-Klaus/ka0s
job-core	Checkout code	2025-04-25T09:26:19.1653617Z   ssh-strict: true
job-core	Checkout code	2025-04-25T09:26:19.1653940Z   ssh-user: git
job-core	Checkout code	2025-04-25T09:26:19.1654262Z   persist-credentials: true
job-core	Checkout code	2025-04-25T09:26:19.1654683Z   clean: true
job-core	Checkout code	2025-04-25T09:26:19.1655001Z   sparse-checkout-cone-mode: true
job-core	Checkout code	2025-04-25T09:26:19.1655386Z   fetch-tags: false
job-core	Checkout code	2025-04-25T09:26:19.1655710Z   show-progress: true
job-core	Checkout code	2025-04-25T09:26:19.1656036Z   lfs: false
job-core	Checkout code	2025-04-25T09:26:19.1656340Z   submodules: false
job-core	Checkout code	2025-04-25T09:26:19.1656675Z   set-safe-directory: true
job-core	Checkout code	2025-04-25T09:26:19.1657132Z env:
job-core	Checkout code	2025-04-25T09:26:19.1657424Z   KAOS_CODE: 14661388390
job-core	Checkout code	2025-04-25T09:26:19.1657770Z   KAOS_EVENT_NAME: push
job-core	Checkout code	2025-04-25T09:26:19.1658105Z   KAOS_ACTION: 
job-core	Checkout code	2025-04-25T09:26:19.1658450Z   KAOS_REF: refs/heads/H220-web-de-resultados
job-core	Checkout code	2025-04-25T09:26:19.1658869Z   KAOS_MODULE: [Ka0S] kaos
job-core	Checkout code	2025-04-25T09:26:19.1659246Z   KAOS_PATH_RESUME: core/results/k/
job-core	Checkout code	2025-04-25T09:26:19.1659646Z   KAOS_JSON: core/results/k/event_data_
job-core	Checkout code	2025-04-25T09:26:19.1660039Z   KAOS_ACTOR: jh0ny2k2
job-core	Checkout code	2025-04-25T09:26:19.1660379Z   GITHUB_OUTPUT: 
job-core	Checkout code	2025-04-25T09:26:19.1660688Z ##[endgroup]
job-core	Checkout code	2025-04-25T09:26:19.2369007Z Syncing repository: Ka0s-Klaus/ka0s
job-core	Checkout code	2025-04-25T09:26:19.2370505Z ##[group]Getting Git version info
job-core	Checkout code	2025-04-25T09:26:19.2371104Z Working directory is '/actions-runner/_work/ka0s/ka0s'
job-core	Checkout code	2025-04-25T09:26:19.2371947Z [command]/usr/bin/git version
job-core	Checkout code	2025-04-25T09:26:19.2372879Z git version 2.43.0
job-core	Checkout code	2025-04-25T09:26:19.2389608Z ##[endgroup]
job-core	Checkout code	2025-04-25T09:26:19.2399230Z Copying '/home/kaos/.gitconfig' to '/actions-runner/_work/_temp/89c93c98-1317-48bf-9730-25836dee59ec/.gitconfig'
job-core	Checkout code	2025-04-25T09:26:19.2409898Z Temporarily overriding HOME='/actions-runner/_work/_temp/89c93c98-1317-48bf-9730-25836dee59ec' before making global git config changes
job-core	Checkout code	2025-04-25T09:26:19.2411664Z Adding repository directory to the temporary git global config as a safe directory
job-core	Checkout code	2025-04-25T09:26:19.2413081Z [command]/usr/bin/git config --global --add safe.directory /actions-runner/_work/ka0s/ka0s
job-core	Checkout code	2025-04-25T09:26:19.2446014Z [command]/usr/bin/git config --local --get remote.origin.url
job-core	Checkout code	2025-04-25T09:26:19.2464143Z https://github.com/Ka0s-Klaus/ka0s
job-core	Checkout code	2025-04-25T09:26:19.2484042Z ##[group]Removing previously created refs, to avoid conflicts
job-core	Checkout code	2025-04-25T09:26:19.2489044Z [command]/usr/bin/git rev-parse --symbolic-full-name --verify --quiet HEAD
job-core	Checkout code	2025-04-25T09:26:19.2510322Z refs/heads/H220-web-de-resultados
job-core	Checkout code	2025-04-25T09:26:19.2518996Z [command]/usr/bin/git checkout --detach
job-core	Checkout code	2025-04-25T09:26:19.2604129Z HEAD is now at 6c9a2bd7 Aqui personalizo mi mensaje
job-core	Checkout code	2025-04-25T09:26:19.2634599Z [command]/usr/bin/git branch --delete --force H220-web-de-resultados
job-core	Checkout code	2025-04-25T09:26:19.2664914Z Deleted branch H220-web-de-resultados (was 6c9a2bd7).
job-core	Checkout code	2025-04-25T09:26:19.2711740Z ##[endgroup]
job-core	Checkout code	2025-04-25T09:26:19.2712505Z [command]/usr/bin/git submodule status
job-core	Checkout code	2025-04-25T09:26:19.2976951Z ##[group]Cleaning the repository
job-core	Checkout code	2025-04-25T09:26:19.2977895Z [command]/usr/bin/git clean -ffdx
job-core	Checkout code	2025-04-25T09:26:19.3013707Z [command]/usr/bin/git reset --hard HEAD
job-core	Checkout code	2025-04-25T09:26:19.3147374Z HEAD is now at 6c9a2bd7 Aqui personalizo mi mensaje
job-core	Checkout code	2025-04-25T09:26:19.3149838Z ##[endgroup]
job-core	Checkout code	2025-04-25T09:26:19.3150860Z ##[group]Disabling automatic garbage collection
job-core	Checkout code	2025-04-25T09:26:19.3152674Z [command]/usr/bin/git config --local gc.auto 0
job-core	Checkout code	2025-04-25T09:26:19.3179905Z ##[endgroup]
job-core	Checkout code	2025-04-25T09:26:19.3180819Z ##[group]Setting up auth
job-core	Checkout code	2025-04-25T09:26:19.3189119Z [command]/usr/bin/git config --local --name-only --get-regexp core\.sshCommand
job-core	Checkout code	2025-04-25T09:26:19.3210358Z [command]/usr/bin/git submodule foreach --recursive sh -c "git config --local --name-only --get-regexp 'core\.sshCommand' && git config --local --unset-all 'core.sshCommand' || :"
job-core	Checkout code	2025-04-25T09:26:19.3456730Z [command]/usr/bin/git config --local --name-only --get-regexp http\.https\:\/\/github\.com\/\.extraheader
job-core	Checkout code	2025-04-25T09:26:19.3482804Z [command]/usr/bin/git submodule foreach --recursive sh -c "git config --local --name-only --get-regexp 'http\.https\:\/\/github\.com\/\.extraheader' && git config --local --unset-all 'http.https://github.com/.extraheader' || :"
job-core	Checkout code	2025-04-25T09:26:19.3724726Z [command]/usr/bin/git config --local http.https://github.com/.extraheader AUTHORIZATION: basic ***
job-core	Checkout code	2025-04-25T09:26:19.3759387Z ##[endgroup]
job-core	Checkout code	2025-04-25T09:26:19.3761916Z ##[group]Fetching the repository
job-core	Checkout code	2025-04-25T09:26:19.3765725Z [command]/usr/bin/git -c protocol.version=2 fetch --prune --no-recurse-submodules origin +refs/heads/*:refs/remotes/origin/* +refs/tags/*:refs/tags/*
job-core	Checkout code	2025-04-25T09:26:20.1087019Z From https://github.com/Ka0s-Klaus/ka0s
job-core	Checkout code	2025-04-25T09:26:20.1088339Z    6c9a2bd7..a1bb333e  H220-web-de-resultados -> origin/H220-web-de-resultados
job-core	Checkout code	2025-04-25T09:26:20.1142940Z [command]/usr/bin/git branch --list --remote origin/H220-web-de-resultados
job-core	Checkout code	2025-04-25T09:26:20.1167410Z   origin/H220-web-de-resultados
job-core	Checkout code	2025-04-25T09:26:20.1173205Z [command]/usr/bin/git rev-parse refs/remotes/origin/H220-web-de-resultados
job-core	Checkout code	2025-04-25T09:26:20.1192280Z a1bb333e4238b8c94f49b3ceb8dd548a447e0735
job-core	Checkout code	2025-04-25T09:26:20.1195653Z ##[endgroup]
job-core	Checkout code	2025-04-25T09:26:20.1196812Z ##[group]Determining the checkout info
job-core	Checkout code	2025-04-25T09:26:20.1198039Z ##[endgroup]
job-core	Checkout code	2025-04-25T09:26:20.1201504Z [command]/usr/bin/git sparse-checkout disable
job-core	Checkout code	2025-04-25T09:26:20.1248389Z [command]/usr/bin/git config --local --unset-all extensions.worktreeConfig
job-core	Checkout code	2025-04-25T09:26:20.1276264Z ##[group]Checking out the ref
job-core	Checkout code	2025-04-25T09:26:20.1279287Z [command]/usr/bin/git checkout --progress --force -B H220-web-de-resultados refs/remotes/origin/H220-web-de-resultados
job-core	Checkout code	2025-04-25T09:26:20.1407016Z Previous HEAD position was 6c9a2bd7 Aqui personalizo mi mensaje
job-core	Checkout code	2025-04-25T09:26:20.1409296Z Switched to a new branch 'H220-web-de-resultados'
job-core	Checkout code	2025-04-25T09:26:20.1411637Z branch 'H220-web-de-resultados' set up to track 'origin/H220-web-de-resultados'.
job-core	Checkout code	2025-04-25T09:26:20.1416282Z ##[endgroup]
job-core	Checkout code	2025-04-25T09:26:20.1456964Z [command]/usr/bin/git log -1 --format=%H
job-core	Checkout code	2025-04-25T09:26:20.1481551Z a1bb333e4238b8c94f49b3ceb8dd548a447e0735
job-core	Validate file extensions	﻿2025-04-25T09:26:20.1664265Z ##[group]Run # Nueva ejecución
job-core	Validate file extensions	2025-04-25T09:26:20.1665831Z [36;1m# Nueva ejecución[0m
job-core	Validate file extensions	2025-04-25T09:26:20.1666932Z [36;1mRNNUMBER=$(echo "H220-web-de-resultados" | grep -o '[0-9]*')[0m
job-core	Validate file extensions	2025-04-25T09:26:20.1668351Z [36;1mgh issue comment $RNNUMBER --body "Se inicia Ka0s 14661388390 "[0m
job-core	Validate file extensions	2025-04-25T09:26:20.1677170Z shell: /usr/bin/bash -e {0}
job-core	Validate file extensions	2025-04-25T09:26:20.1677990Z env:
job-core	Validate file extensions	2025-04-25T09:26:20.1678624Z   KAOS_CODE: 14661388390
job-core	Validate file extensions	2025-04-25T09:26:20.1679382Z   KAOS_EVENT_NAME: push
job-core	Validate file extensions	2025-04-25T09:26:20.1680124Z   KAOS_ACTION: 
job-core	Validate file extensions	2025-04-25T09:26:20.1680878Z   KAOS_REF: refs/heads/H220-web-de-resultados
job-core	Validate file extensions	2025-04-25T09:26:20.1681832Z   KAOS_MODULE: [Ka0S] kaos
job-core	Validate file extensions	2025-04-25T09:26:20.1682642Z   KAOS_PATH_RESUME: core/results/k/
job-core	Validate file extensions	2025-04-25T09:26:20.1683537Z   KAOS_JSON: core/results/k/event_data_
job-core	Validate file extensions	2025-04-25T09:26:20.1684759Z   KAOS_ACTOR: jh0ny2k2
job-core	Validate file extensions	2025-04-25T09:26:20.1685665Z   GITHUB_OUTPUT: 
job-core	Validate file extensions	2025-04-25T09:26:20.1686708Z   GH_TOKEN: ***
job-core	Validate file extensions	2025-04-25T09:26:20.1687377Z ##[endgroup]
job-core	Validate file extensions	2025-04-25T09:26:21.3384110Z https://github.com/Ka0s-Klaus/ka0s/issues/220#issuecomment-2829875404
job-core	Crear JSON	﻿2025-04-25T09:26:21.3427685Z ##[group]Run # Create JSON structure using proper bash syntax
job-core	Crear JSON	2025-04-25T09:26:21.3428035Z [36;1m# Create JSON structure using proper bash syntax[0m
job-core	Crear JSON	2025-04-25T09:26:21.3428285Z [36;1mcat > core/results/k/event_data_14661388390.json << EOF[0m
job-core	Crear JSON	2025-04-25T09:26:21.3428489Z [36;1m{[0m
job-core	Crear JSON	2025-04-25T09:26:21.3428632Z [36;1m  "event_type": "push",[0m
job-core	Crear JSON	2025-04-25T09:26:21.3428839Z [36;1m  "trigger_branch": "refs/heads/H220-web-de-resultados",[0m
job-core	Crear JSON	2025-04-25T09:26:21.3429086Z [36;1m  "timestamp": "$(date -u +"%Y-%m-%dT%H:%M:%SZ")",[0m
job-core	Crear JSON	2025-04-25T09:26:21.3429280Z [36;1m  "author": {[0m
job-core	Crear JSON	2025-04-25T09:26:21.3429433Z [36;1m    "name": "jh0ny2k2",[0m
job-core	Crear JSON	2025-04-25T09:26:21.3429636Z [36;1m    "email": "117847861+jh0ny2k2@users.noreply.github.com"[0m
job-core	Crear JSON	2025-04-25T09:26:21.3429837Z [36;1m  },[0m
job-core	Crear JSON	2025-04-25T09:26:21.3429974Z [36;1m  "commits": [],[0m
job-core	Crear JSON	2025-04-25T09:26:21.3430126Z [36;1m  "files": [][0m
job-core	Crear JSON	2025-04-25T09:26:21.3430266Z [36;1m}[0m
job-core	Crear JSON	2025-04-25T09:26:21.3430416Z [36;1mEOF[0m
job-core	Crear JSON	2025-04-25T09:26:21.3430578Z [36;1m[0m
job-core	Crear JSON	2025-04-25T09:26:21.3430722Z [36;1m# Add commits if this is a push event[0m
job-core	Crear JSON	2025-04-25T09:26:21.3430915Z [36;1mif [[ "push" == "push" ]]; then[0m
job-core	Crear JSON	2025-04-25T09:26:21.3431105Z [36;1m  # Create a temporary file for commits[0m
job-core	Crear JSON	2025-04-25T09:26:21.3431295Z [36;1m  TEMP_COMMITS=$(mktemp)[0m
job-core	Crear JSON	2025-04-25T09:26:21.3431466Z [36;1m  echo "[" > "$TEMP_COMMITS"[0m
job-core	Crear JSON	2025-04-25T09:26:21.3431629Z [36;1m  [0m
job-core	Crear JSON	2025-04-25T09:26:21.3431772Z [36;1m  # Process each commit[0m
job-core	Crear JSON	2025-04-25T09:26:21.3431933Z [36;1m  FIRST=true[0m
job-core	Crear JSON	2025-04-25T09:26:21.3432094Z [36;1m  while IFS= read -r commit; do[0m
job-core	Crear JSON	2025-04-25T09:26:21.3432281Z [36;1m    if [ "$FIRST" = true ]; then[0m
job-core	Crear JSON	2025-04-25T09:26:21.3432458Z [36;1m      FIRST=false[0m
job-core	Crear JSON	2025-04-25T09:26:21.3432609Z [36;1m    else[0m
job-core	Crear JSON	2025-04-25T09:26:21.3432774Z [36;1m      echo "," >> "$TEMP_COMMITS"[0m
job-core	Crear JSON	2025-04-25T09:26:21.3432970Z [36;1m    fi[0m
job-core	Crear JSON	2025-04-25T09:26:21.3433235Z [36;1m    git log -1 --pretty=format:'{"sha":"%H","author":"%an","email":"%ae","date":"%aI","message":"%s"}' "$commit" >> "$TEMP_COMMITS"[0m
job-core	Crear JSON	2025-04-25T09:26:21.3433670Z [36;1m  done < <(git rev-list b7ebc20252305822dd648b182847faa338112305..a1bb333e4238b8c94f49b3ceb8dd548a447e0735)[0m
job-core	Crear JSON	2025-04-25T09:26:21.3434123Z [36;1m  echo "]" >> "$TEMP_COMMITS"[0m
job-core	Crear JSON	2025-04-25T09:26:21.3434506Z [36;1m  [0m
job-core	Crear JSON	2025-04-25T09:26:21.3445411Z [36;1m  # Insert commits into main JSON[0m
job-core	Crear JSON	2025-04-25T09:26:21.3445875Z [36;1m  sed -i.bak -e '/"commits": \[/r '$TEMP_COMMITS'' -e '/"commits": \[/d' core/results/k/event_data_14661388390.json[0m
job-core	Crear JSON	2025-04-25T09:26:21.3446238Z [36;1m  rm "$TEMP_COMMITS"[0m
job-core	Crear JSON	2025-04-25T09:26:21.3446420Z [36;1m[0m
job-core	Crear JSON	2025-04-25T09:26:21.3446557Z [36;1m  # Add changed files[0m
job-core	Crear JSON	2025-04-25T09:26:21.3446727Z [36;1m  TEMP_FILES=$(mktemp)[0m
job-core	Crear JSON	2025-04-25T09:26:21.3446903Z [36;1m  echo "[" > "$TEMP_FILES"[0m
job-core	Crear JSON	2025-04-25T09:26:21.3447067Z [36;1m  FIRST=true[0m
job-core	Crear JSON	2025-04-25T09:26:21.3447223Z [36;1m  while IFS= read -r file; do[0m
job-core	Crear JSON	2025-04-25T09:26:21.3447425Z [36;1m    if [ "$FIRST" = true ]; then[0m
job-core	Crear JSON	2025-04-25T09:26:21.3447601Z [36;1m      FIRST=false[0m
job-core	Crear JSON	2025-04-25T09:26:21.3447748Z [36;1m    else[0m
job-core	Crear JSON	2025-04-25T09:26:21.3447890Z [36;1m      echo "," >> "$TEMP_FILES"[0m
job-core	Crear JSON	2025-04-25T09:26:21.3448055Z [36;1m    fi[0m
job-core	Crear JSON	2025-04-25T09:26:21.3448203Z [36;1m    echo "\"$file\"" >> "$TEMP_FILES"[0m
job-core	Crear JSON	2025-04-25T09:26:21.3448537Z [36;1m  done < <(git diff --name-only b7ebc20252305822dd648b182847faa338112305 a1bb333e4238b8c94f49b3ceb8dd548a447e0735)[0m
job-core	Crear JSON	2025-04-25T09:26:21.3448853Z [36;1m  echo "]" >> "$TEMP_FILES"[0m
job-core	Crear JSON	2025-04-25T09:26:21.3449022Z [36;1m  [0m
job-core	Crear JSON	2025-04-25T09:26:21.3449160Z [36;1m  # Insert files into main JSON[0m
job-core	Crear JSON	2025-04-25T09:26:21.3449423Z [36;1m  sed -i.bak -e '/"files": \[/r '$TEMP_FILES'' -e '/"files": \[/d' core/results/k/event_data_14661388390.json[0m
job-core	Crear JSON	2025-04-25T09:26:21.3449679Z [36;1m  rm "$TEMP_FILES"[0m
job-core	Crear JSON	2025-04-25T09:26:21.3449861Z [36;1melif [[ "push" == "pull_request" ]]; then[0m
job-core	Crear JSON	2025-04-25T09:26:21.3450062Z [36;1m  # Add pull request information[0m
job-core	Crear JSON	2025-04-25T09:26:21.3450447Z [36;1m  TEMP_PR=$(mktemp)[0m
job-core	Crear JSON	2025-04-25T09:26:21.3450611Z [36;1m  cat > "$TEMP_PR" << EOF[0m
job-core	Crear JSON	2025-04-25T09:26:21.3450780Z [36;1m  ,"pull_request": {[0m
job-core	Crear JSON	2025-04-25T09:26:21.3450942Z [36;1m    "action": "",[0m
job-core	Crear JSON	2025-04-25T09:26:21.3451097Z [36;1m    "number": "",[0m
job-core	Crear JSON	2025-04-25T09:26:21.3451248Z [36;1m    "title": ""[0m
job-core	Crear JSON	2025-04-25T09:26:21.3451394Z [36;1m  }[0m
job-core	Crear JSON	2025-04-25T09:26:21.3451538Z [36;1mEOF[0m
job-core	Crear JSON	2025-04-25T09:26:21.3451756Z [36;1m  sed -i.bak -e '/}$/r '$TEMP_PR'' core/results/k/event_data_14661388390.json[0m
job-core	Crear JSON	2025-04-25T09:26:21.3451979Z [36;1m  rm "$TEMP_PR"[0m
job-core	Crear JSON	2025-04-25T09:26:21.3452143Z [36;1melif [[ "push" == "issues" ]]; then[0m
job-core	Crear JSON	2025-04-25T09:26:21.3452326Z [36;1m  # Add issue information[0m
job-core	Crear JSON	2025-04-25T09:26:21.3452499Z [36;1m  TEMP_ISSUE=$(mktemp)[0m
job-core	Crear JSON	2025-04-25T09:26:21.3452668Z [36;1m  cat > "$TEMP_ISSUE" << EOF[0m
job-core	Crear JSON	2025-04-25T09:26:21.3452839Z [36;1m  ,"issue": {[0m
job-core	Crear JSON	2025-04-25T09:26:21.3452987Z [36;1m    "action": "",[0m
job-core	Crear JSON	2025-04-25T09:26:21.3453147Z [36;1m    "number": "",[0m
job-core	Crear JSON	2025-04-25T09:26:21.3453297Z [36;1m    "title": ""[0m
job-core	Crear JSON	2025-04-25T09:26:21.3453442Z [36;1m  }[0m
job-core	Crear JSON	2025-04-25T09:26:21.3453570Z [36;1mEOF[0m
job-core	Crear JSON	2025-04-25T09:26:21.3453767Z [36;1m  sed -i.bak -e '/}$/r '$TEMP_ISSUE'' core/results/k/event_data_14661388390.json[0m
job-core	Crear JSON	2025-04-25T09:26:21.3454001Z [36;1m  rm "$TEMP_ISSUE"[0m
job-core	Crear JSON	2025-04-25T09:26:21.3454153Z [36;1mfi[0m
job-core	Crear JSON	2025-04-25T09:26:21.3454278Z [36;1m[0m
job-core	Crear JSON	2025-04-25T09:26:21.3454420Z [36;1m# Store the file path for later use[0m
job-core	Crear JSON	2025-04-25T09:26:21.3454936Z [36;1mINVOLVED=core/results/k/files-in-commit-$KAOS_CODE_FILES.txt[0m
job-core	Crear JSON	2025-04-25T09:26:21.3455234Z [36;1mecho "INVOLVED=$INVOLVED" >> $GITHUB_ENV[0m
job-core	Crear JSON	2025-04-25T09:26:21.3459445Z shell: /usr/bin/bash -e {0}
job-core	Crear JSON	2025-04-25T09:26:21.3459606Z env:
job-core	Crear JSON	2025-04-25T09:26:21.3459738Z   KAOS_CODE: 14661388390
job-core	Crear JSON	2025-04-25T09:26:21.3459890Z   KAOS_EVENT_NAME: push
job-core	Crear JSON	2025-04-25T09:26:21.3460033Z   KAOS_ACTION: 
job-core	Crear JSON	2025-04-25T09:26:21.3460188Z   KAOS_REF: refs/heads/H220-web-de-resultados
job-core	Crear JSON	2025-04-25T09:26:21.3460389Z   KAOS_MODULE: [Ka0S] kaos
job-core	Crear JSON	2025-04-25T09:26:21.3460549Z   KAOS_PATH_RESUME: core/results/k/
job-core	Crear JSON	2025-04-25T09:26:21.3460723Z   KAOS_JSON: core/results/k/event_data_
job-core	Crear JSON	2025-04-25T09:26:21.3460893Z   KAOS_ACTOR: jh0ny2k2
job-core	Crear JSON	2025-04-25T09:26:21.3461036Z   GITHUB_OUTPUT: 
job-core	Crear JSON	2025-04-25T09:26:21.3461173Z ##[endgroup]
job-core	Upload Files	﻿2025-04-25T09:26:21.3730479Z ##[group]Run echo "Uploading files to the repository..."
job-core	Upload Files	2025-04-25T09:26:21.3730772Z [36;1mecho "Uploading files to the repository..."[0m
job-core	Upload Files	2025-04-25T09:26:21.3731079Z [36;1mgit config --global user.name "***"[0m
job-core	Upload Files	2025-04-25T09:26:21.3731314Z [36;1mgit config --global user.email "***"[0m
job-core	Upload Files	2025-04-25T09:26:21.3731500Z [36;1mgit pull[0m
job-core	Upload Files	2025-04-25T09:26:21.3731659Z [36;1mgit add core/results/k/event_data_*[0m
job-core	Upload Files	2025-04-25T09:26:21.3731920Z [36;1mgit commit -m "[Ka0S] Uploading resume execution files to the repository..."[0m
job-core	Upload Files	2025-04-25T09:26:21.3732208Z [36;1mgit push origin refs/heads/H220-web-de-resultados [0m
job-core	Upload Files	2025-04-25T09:26:21.3736914Z shell: /usr/bin/bash -e {0}
job-core	Upload Files	2025-04-25T09:26:21.3737094Z env:
job-core	Upload Files	2025-04-25T09:26:21.3737230Z   KAOS_CODE: 14661388390
job-core	Upload Files	2025-04-25T09:26:21.3737389Z   KAOS_EVENT_NAME: push
job-core	Upload Files	2025-04-25T09:26:21.3737540Z   KAOS_ACTION: 
job-core	Upload Files	2025-04-25T09:26:21.3737701Z   KAOS_REF: refs/heads/H220-web-de-resultados
job-core	Upload Files	2025-04-25T09:26:21.3737888Z   KAOS_MODULE: [Ka0S] kaos
job-core	Upload Files	2025-04-25T09:26:21.3738086Z   KAOS_PATH_RESUME: core/results/k/
job-core	Upload Files	2025-04-25T09:26:21.3738263Z   KAOS_JSON: core/results/k/event_data_
job-core	Upload Files	2025-04-25T09:26:21.3738435Z   KAOS_ACTOR: jh0ny2k2
job-core	Upload Files	2025-04-25T09:26:21.3738581Z   GITHUB_OUTPUT: 
job-core	Upload Files	2025-04-25T09:26:21.3738747Z   INVOLVED: core/results/k/files-in-commit-.txt
job-core	Upload Files	2025-04-25T09:26:21.3738936Z ##[endgroup]
job-core	Upload Files	2025-04-25T09:26:21.3760569Z Uploading files to the repository...
job-core	Upload Files	2025-04-25T09:26:21.8690841Z Already up to date.
job-core	Upload Files	2025-04-25T09:26:21.8912265Z [H220-web-de-resultados 89c25771] [Ka0S] Uploading resume execution files to the repository...
job-core	Upload Files	2025-04-25T09:26:21.8912673Z  2 files changed, 30 insertions(+)
job-core	Upload Files	2025-04-25T09:26:21.8913161Z  create mode 100644 core/results/k/event_data_14661388390.json
job-core	Upload Files	2025-04-25T09:26:21.8913472Z  create mode 100644 core/results/k/event_data_14661388390.json.bak
job-core	Upload Files	2025-04-25T09:26:22.7075465Z To https://github.com/Ka0s-Klaus/ka0s
job-core	Upload Files	2025-04-25T09:26:22.7076085Z    a1bb333e..89c25771  H220-web-de-resultados -> H220-web-de-resultados
job-core	Run git diff --name-only b7ebc20252305822dd648b182847faa338112305 a1bb333e4238b8c94f49b3ceb8dd548a447e0735 > files-in-commit.txt	﻿2025-04-25T09:26:22.7161765Z ##[group]Run git diff --name-only b7ebc20252305822dd648b182847faa338112305 a1bb333e4238b8c94f49b3ceb8dd548a447e0735 > files-in-commit.txt
job-core	Run git diff --name-only b7ebc20252305822dd648b182847faa338112305 a1bb333e4238b8c94f49b3ceb8dd548a447e0735 > files-in-commit.txt	2025-04-25T09:26:22.7220278Z [36;1mgit diff --name-only b7ebc20252305822dd648b182847faa338112305 a1bb333e4238b8c94f49b3ceb8dd548a447e0735 > files-in-commit.txt[0m
job-core	Run git diff --name-only b7ebc20252305822dd648b182847faa338112305 a1bb333e4238b8c94f49b3ceb8dd548a447e0735 > files-in-commit.txt	2025-04-25T09:26:22.7220680Z [36;1mcat files-in-commit.txt[0m
job-core	Run git diff --name-only b7ebc20252305822dd648b182847faa338112305 a1bb333e4238b8c94f49b3ceb8dd548a447e0735 > files-in-commit.txt	2025-04-25T09:26:22.7220881Z [36;1m# Nuevo proceso de activacion de los modulos[0m
job-core	Run git diff --name-only b7ebc20252305822dd648b182847faa338112305 a1bb333e4238b8c94f49b3ceb8dd548a447e0735 > files-in-commit.txt	2025-04-25T09:26:22.7221104Z [36;1mwhile IFS= read -r line; do[0m
job-core	Run git diff --name-only b7ebc20252305822dd648b182847faa338112305 a1bb333e4238b8c94f49b3ceb8dd548a447e0735 > files-in-commit.txt	2025-04-25T09:26:22.7221311Z [36;1m  # Skip files in core/outputs directory[0m
job-core	Run git diff --name-only b7ebc20252305822dd648b182847faa338112305 a1bb333e4238b8c94f49b3ceb8dd548a447e0735 > files-in-commit.txt	2025-04-25T09:26:22.7221585Z [36;1m  if [[ "$line" == core/outputs/* || "$line" == core/results/* ]]; then[0m
job-core	Run git diff --name-only b7ebc20252305822dd648b182847faa338112305 a1bb333e4238b8c94f49b3ceb8dd548a447e0735 > files-in-commit.txt	2025-04-25T09:26:22.7221869Z [36;1m    echo "Skipping file in outputs directory: $line"[0m
job-core	Run git diff --name-only b7ebc20252305822dd648b182847faa338112305 a1bb333e4238b8c94f49b3ceb8dd548a447e0735 > files-in-commit.txt	2025-04-25T09:26:22.7222067Z [36;1m    continue[0m
job-core	Run git diff --name-only b7ebc20252305822dd648b182847faa338112305 a1bb333e4238b8c94f49b3ceb8dd548a447e0735 > files-in-commit.txt	2025-04-25T09:26:22.7222206Z [36;1m  fi[0m
job-core	Run git diff --name-only b7ebc20252305822dd648b182847faa338112305 a1bb333e4238b8c94f49b3ceb8dd548a447e0735 > files-in-commit.txt	2025-04-25T09:26:22.7222411Z [36;1m  echo "I Leemos el fichero files-in-commit.txt y extraemos el fichero $line"[0m
job-core	Run git diff --name-only b7ebc20252305822dd648b182847faa338112305 a1bb333e4238b8c94f49b3ceb8dd548a447e0735 > files-in-commit.txt	2025-04-25T09:26:22.7222710Z [36;1m  module_failed=0[0m
job-core	Run git diff --name-only b7ebc20252305822dd648b182847faa338112305 a1bb333e4238b8c94f49b3ceb8dd548a447e0735 > files-in-commit.txt	2025-04-25T09:26:22.7222874Z [36;1m  extension_failed=0[0m
job-core	Run git diff --name-only b7ebc20252305822dd648b182847faa338112305 a1bb333e4238b8c94f49b3ceb8dd548a447e0735 > files-in-commit.txt	2025-04-25T09:26:22.7223052Z [36;1m  file_name=$(basename "$line")[0m
job-core	Run git diff --name-only b7ebc20252305822dd648b182847faa338112305 a1bb333e4238b8c94f49b3ceb8dd548a447e0735 > files-in-commit.txt	2025-04-25T09:26:22.7223274Z [36;1m  echo "I-1 Calculamos el nombre del fichero $file_name"[0m
job-core	Run git diff --name-only b7ebc20252305822dd648b182847faa338112305 a1bb333e4238b8c94f49b3ceb8dd548a447e0735 > files-in-commit.txt	2025-04-25T09:26:22.7223491Z [36;1m  file_extension="${file_name##*.}"[0m
job-core	Run git diff --name-only b7ebc20252305822dd648b182847faa338112305 a1bb333e4238b8c94f49b3ceb8dd548a447e0735 > files-in-commit.txt	2025-04-25T09:26:22.7223712Z [36;1m  echo "I-2 Calculamos la extension del fichero $file_extension"[0m
job-core	Run git diff --name-only b7ebc20252305822dd648b182847faa338112305 a1bb333e4238b8c94f49b3ceb8dd548a447e0735 > files-in-commit.txt	2025-04-25T09:26:22.7223945Z [36;1m  file_module="$file_extension""lint.yml"[0m
job-core	Run git diff --name-only b7ebc20252305822dd648b182847faa338112305 a1bb333e4238b8c94f49b3ceb8dd548a447e0735 > files-in-commit.txt	2025-04-25T09:26:22.7224150Z [36;1m  echo "I-3 Calculamos el modulo $file_module"[0m
job-core	Run git diff --name-only b7ebc20252305822dd648b182847faa338112305 a1bb333e4238b8c94f49b3ceb8dd548a447e0735 > files-in-commit.txt	2025-04-25T09:26:22.7224363Z [36;1m  IFS=',' read -r -a file_array <<< "$files"[0m
job-core	Run git diff --name-only b7ebc20252305822dd648b182847faa338112305 a1bb333e4238b8c94f49b3ceb8dd548a447e0735 > files-in-commit.txt	2025-04-25T09:26:22.7224639Z [36;1m  for file in "${file_array[@]}"; do[0m
job-core	Run git diff --name-only b7ebc20252305822dd648b182847faa338112305 a1bb333e4238b8c94f49b3ceb8dd548a447e0735 > files-in-commit.txt	2025-04-25T09:26:22.7224968Z [36;1m    echo "II Leemos el array de $file"[0m
job-core	Run git diff --name-only b7ebc20252305822dd648b182847faa338112305 a1bb333e4238b8c94f49b3ceb8dd548a447e0735 > files-in-commit.txt	2025-04-25T09:26:22.7225211Z [36;1m    if [[ "$file_extension" == "$file" ]]; then[0m
job-core	Run git diff --name-only b7ebc20252305822dd648b182847faa338112305 a1bb333e4238b8c94f49b3ceb8dd548a447e0735 > files-in-commit.txt	2025-04-25T09:26:22.7225498Z [36;1m      echo "III Comprobamos si $file_extension es igual a $file"[0m
job-core	Run git diff --name-only b7ebc20252305822dd648b182847faa338112305 a1bb333e4238b8c94f49b3ceb8dd548a447e0735 > files-in-commit.txt	2025-04-25T09:26:22.7225800Z [36;1m      IFS=',' read -r -a module_array <<< "$modules"[0m
job-core	Run git diff --name-only b7ebc20252305822dd648b182847faa338112305 a1bb333e4238b8c94f49b3ceb8dd548a447e0735 > files-in-commit.txt	2025-04-25T09:26:22.7226052Z [36;1m      for module in "${module_array[@]}"; do[0m
job-core	Run git diff --name-only b7ebc20252305822dd648b182847faa338112305 a1bb333e4238b8c94f49b3ceb8dd548a447e0735 > files-in-commit.txt	2025-04-25T09:26:22.7226241Z [36;1m        echo "IV Leemos el array $module"[0m
job-core	Run git diff --name-only b7ebc20252305822dd648b182847faa338112305 a1bb333e4238b8c94f49b3ceb8dd548a447e0735 > files-in-commit.txt	2025-04-25T09:26:22.7226435Z [36;1m        if [[ "$file_module" == *"$module"* ]]; then[0m
job-core	Run git diff --name-only b7ebc20252305822dd648b182847faa338112305 a1bb333e4238b8c94f49b3ceb8dd548a447e0735 > files-in-commit.txt	2025-04-25T09:26:22.7226704Z [36;1m          echo "V Comprobamos que el $file_module es igual a $module y ejecutamos el flujo"[0m
job-core	Run git diff --name-only b7ebc20252305822dd648b182847faa338112305 a1bb333e4238b8c94f49b3ceb8dd548a447e0735 > files-in-commit.txt	2025-04-25T09:26:22.7226993Z [36;1m          # Si hemos llegado hasta aquí ejecutamos el módulo[0m
job-core	Run git diff --name-only b7ebc20252305822dd648b182847faa338112305 a1bb333e4238b8c94f49b3ceb8dd548a447e0735 > files-in-commit.txt	2025-04-25T09:26:22.7227211Z [36;1m          # Lanzamos el lint del fichero[0m
job-core	Run git diff --name-only b7ebc20252305822dd648b182847faa338112305 a1bb333e4238b8c94f49b3ceb8dd548a447e0735 > files-in-commit.txt	2025-04-25T09:26:22.7227462Z [36;1m          RNNUMBER=$(echo "refs/heads/H220-web-de-resultados" | grep -o '[0-9]*')[0m
job-core	Run git diff --name-only b7ebc20252305822dd648b182847faa338112305 a1bb333e4238b8c94f49b3ceb8dd548a447e0735 > files-in-commit.txt	2025-04-25T09:26:22.7227723Z [36;1m          echo "El numero de la issue es: $RNNUMBER"[0m
job-core	Run git diff --name-only b7ebc20252305822dd648b182847faa338112305 a1bb333e4238b8c94f49b3ceb8dd548a447e0735 > files-in-commit.txt	2025-04-25T09:26:22.7228156Z [36;1m          gh workflow run $file_module --ref refs/heads/H220-web-de-resultados -f kaos-origin=14661388390 -f kaos-files=$line -f kaos-issue-id=$RNNUMBER -f kaos-user-start=jh0ny2k2[0m
job-core	Run git diff --name-only b7ebc20252305822dd648b182847faa338112305 a1bb333e4238b8c94f49b3ceb8dd548a447e0735 > files-in-commit.txt	2025-04-25T09:26:22.7228572Z [36;1m          module_failed=0[0m
job-core	Run git diff --name-only b7ebc20252305822dd648b182847faa338112305 a1bb333e4238b8c94f49b3ceb8dd548a447e0735 > files-in-commit.txt	2025-04-25T09:26:22.7228740Z [36;1m          extension_failed=0[0m
job-core	Run git diff --name-only b7ebc20252305822dd648b182847faa338112305 a1bb333e4238b8c94f49b3ceb8dd548a447e0735 > files-in-commit.txt	2025-04-25T09:26:22.7228903Z [36;1m          break[0m
job-core	Run git diff --name-only b7ebc20252305822dd648b182847faa338112305 a1bb333e4238b8c94f49b3ceb8dd548a447e0735 > files-in-commit.txt	2025-04-25T09:26:22.7229046Z [36;1m        else[0m
job-core	Run git diff --name-only b7ebc20252305822dd648b182847faa338112305 a1bb333e4238b8c94f49b3ceb8dd548a447e0735 > files-in-commit.txt	2025-04-25T09:26:22.7229225Z [36;1m          # Control de si existe el modulo para esa extension"[0m
job-core	Run git diff --name-only b7ebc20252305822dd648b182847faa338112305 a1bb333e4238b8c94f49b3ceb8dd548a447e0735 > files-in-commit.txt	2025-04-25T09:26:22.7229516Z [36;1m          echo "VI No es igual $file_module a $module y lo indicamos en la variable module_failed=1"[0m
job-core	Run git diff --name-only b7ebc20252305822dd648b182847faa338112305 a1bb333e4238b8c94f49b3ceb8dd548a447e0735 > files-in-commit.txt	2025-04-25T09:26:22.7230016Z [36;1m          module_failed=1[0m
job-core	Run git diff --name-only b7ebc20252305822dd648b182847faa338112305 a1bb333e4238b8c94f49b3ceb8dd548a447e0735 > files-in-commit.txt	2025-04-25T09:26:22.7230175Z [36;1m        fi[0m
job-core	Run git diff --name-only b7ebc20252305822dd648b182847faa338112305 a1bb333e4238b8c94f49b3ceb8dd548a447e0735 > files-in-commit.txt	2025-04-25T09:26:22.7230320Z [36;1m      done[0m
job-core	Run git diff --name-only b7ebc20252305822dd648b182847faa338112305 a1bb333e4238b8c94f49b3ceb8dd548a447e0735 > files-in-commit.txt	2025-04-25T09:26:22.7230453Z [36;1m      break[0m
job-core	Run git diff --name-only b7ebc20252305822dd648b182847faa338112305 a1bb333e4238b8c94f49b3ceb8dd548a447e0735 > files-in-commit.txt	2025-04-25T09:26:22.7230588Z [36;1m    else[0m
job-core	Run git diff --name-only b7ebc20252305822dd648b182847faa338112305 a1bb333e4238b8c94f49b3ceb8dd548a447e0735 > files-in-commit.txt	2025-04-25T09:26:22.7230757Z [36;1m      # Control de si existe el modulo para esa extension"[0m
job-core	Run git diff --name-only b7ebc20252305822dd648b182847faa338112305 a1bb333e4238b8c94f49b3ceb8dd548a447e0735 > files-in-commit.txt	2025-04-25T09:26:22.7231048Z [36;1m      echo "VII No es igual $file_extension a $file y lo indicamos en la variable extension_failed=1"[0m
job-core	Run git diff --name-only b7ebc20252305822dd648b182847faa338112305 a1bb333e4238b8c94f49b3ceb8dd548a447e0735 > files-in-commit.txt	2025-04-25T09:26:22.7231429Z [36;1m      extension_failed=1[0m
job-core	Run git diff --name-only b7ebc20252305822dd648b182847faa338112305 a1bb333e4238b8c94f49b3ceb8dd548a447e0735 > files-in-commit.txt	2025-04-25T09:26:22.7231583Z [36;1m    fi  [0m
job-core	Run git diff --name-only b7ebc20252305822dd648b182847faa338112305 a1bb333e4238b8c94f49b3ceb8dd548a447e0735 > files-in-commit.txt	2025-04-25T09:26:22.7231709Z [36;1m  done[0m
job-core	Run git diff --name-only b7ebc20252305822dd648b182847faa338112305 a1bb333e4238b8c94f49b3ceb8dd548a447e0735 > files-in-commit.txt	2025-04-25T09:26:22.7231853Z [36;1m  if [[ $module_failed == 1 ]]; then[0m
job-core	Run git diff --name-only b7ebc20252305822dd648b182847faa338112305 a1bb333e4238b8c94f49b3ceb8dd548a447e0735 > files-in-commit.txt	2025-04-25T09:26:22.7232116Z [36;1m    echo "IX Si el modulo falla ($module_failed) añadimos el comentario a la issue"[0m
job-core	Run git diff --name-only b7ebc20252305822dd648b182847faa338112305 a1bb333e4238b8c94f49b3ceb8dd548a447e0735 > files-in-commit.txt	2025-04-25T09:26:22.7232607Z [36;1m    # Si hemos llegado hasta aquí añadimos el mensaje de que la extension esta permitida pero no dispone de modulo activo y aqui finaliza el proceso[0m
job-core	Run git diff --name-only b7ebc20252305822dd648b182847faa338112305 a1bb333e4238b8c94f49b3ceb8dd548a447e0735 > files-in-commit.txt	2025-04-25T09:26:22.7232991Z [36;1m    # Añadimos los valores a las variables de la issue[0m
job-core	Run git diff --name-only b7ebc20252305822dd648b182847faa338112305 a1bb333e4238b8c94f49b3ceb8dd548a447e0735 > files-in-commit.txt	2025-04-25T09:26:22.7233514Z [36;1m    KAOS_ISSUE_BODY="[Ka0S] kaos ha detectado que la extensión ($file_extension) esta permitida dentro de KAOS_CORE_FILES, pero el módulo asociado ($file_module) no esta activo. Por favor compruebe que exista y esta activo."[0m
job-core	Run git diff --name-only b7ebc20252305822dd648b182847faa338112305 a1bb333e4238b8c94f49b3ceb8dd548a447e0735 > files-in-commit.txt	2025-04-25T09:26:22.7234142Z [36;1m    # Añadimos el comentario a la issue[0m
job-core	Run git diff --name-only b7ebc20252305822dd648b182847faa338112305 a1bb333e4238b8c94f49b3ceb8dd548a447e0735 > files-in-commit.txt	2025-04-25T09:26:22.7234394Z [36;1m    RNNUMBER=$(echo "refs/heads/H220-web-de-resultados" | grep -o '[0-9]*')[0m
job-core	Run git diff --name-only b7ebc20252305822dd648b182847faa338112305 a1bb333e4238b8c94f49b3ceb8dd548a447e0735 > files-in-commit.txt	2025-04-25T09:26:22.7234693Z [36;1m    gh issue comment $RNNUMBER --body "$KAOS_ISSUE_BODY"[0m
job-core	Run git diff --name-only b7ebc20252305822dd648b182847faa338112305 a1bb333e4238b8c94f49b3ceb8dd548a447e0735 > files-in-commit.txt	2025-04-25T09:26:22.7235021Z [36;1m  fi[0m
job-core	Run git diff --name-only b7ebc20252305822dd648b182847faa338112305 a1bb333e4238b8c94f49b3ceb8dd548a447e0735 > files-in-commit.txt	2025-04-25T09:26:22.7235204Z [36;1m  if [[ $extension_failed == 1 ]]; then[0m
job-core	Run git diff --name-only b7ebc20252305822dd648b182847faa338112305 a1bb333e4238b8c94f49b3ceb8dd548a447e0735 > files-in-commit.txt	2025-04-25T09:26:22.7235539Z [36;1m    echo "X Si extension falla falla ($extension_failed) añadimos el comentario a la issue"[0m
job-core	Run git diff --name-only b7ebc20252305822dd648b182847faa338112305 a1bb333e4238b8c94f49b3ceb8dd548a447e0735 > files-in-commit.txt	2025-04-25T09:26:22.7235969Z [36;1m    # Si hemos llegado hasta aquí añadimos el mensaje de que la extension no esta permitida[0m
job-core	Run git diff --name-only b7ebc20252305822dd648b182847faa338112305 a1bb333e4238b8c94f49b3ceb8dd548a447e0735 > files-in-commit.txt	2025-04-25T09:26:22.7236336Z [36;1m    # Añadimos los valores a las variables de la issue[0m
job-core	Run git diff --name-only b7ebc20252305822dd648b182847faa338112305 a1bb333e4238b8c94f49b3ceb8dd548a447e0735 > files-in-commit.txt	2025-04-25T09:26:22.7236785Z [36;1m    KAOS_ISSUE_BODY="[Ka0S] kaos ha detectado que la extensión ($file_extension) NO esta permitida dentro de KAOS_CORE_FILES. Por favor compruebe que exista y esta activo."[0m
job-core	Run git diff --name-only b7ebc20252305822dd648b182847faa338112305 a1bb333e4238b8c94f49b3ceb8dd548a447e0735 > files-in-commit.txt	2025-04-25T09:26:22.7237176Z [36;1m    # Añadimos el comentario a la issue[0m
job-core	Run git diff --name-only b7ebc20252305822dd648b182847faa338112305 a1bb333e4238b8c94f49b3ceb8dd548a447e0735 > files-in-commit.txt	2025-04-25T09:26:22.7237426Z [36;1m    RNNUMBER=$(echo "refs/heads/H220-web-de-resultados" | grep -o '[0-9]*')[0m
job-core	Run git diff --name-only b7ebc20252305822dd648b182847faa338112305 a1bb333e4238b8c94f49b3ceb8dd548a447e0735 > files-in-commit.txt	2025-04-25T09:26:22.7237694Z [36;1m    gh issue comment $RNNUMBER --body "$KAOS_ISSUE_BODY"[0m
job-core	Run git diff --name-only b7ebc20252305822dd648b182847faa338112305 a1bb333e4238b8c94f49b3ceb8dd548a447e0735 > files-in-commit.txt	2025-04-25T09:26:22.7237888Z [36;1m  fi  [0m
job-core	Run git diff --name-only b7ebc20252305822dd648b182847faa338112305 a1bb333e4238b8c94f49b3ceb8dd548a447e0735 > files-in-commit.txt	2025-04-25T09:26:22.7238198Z [36;1***one < files-in-commit.txt      [0m
job-core	Run git diff --name-only b7ebc20252305822dd648b182847faa338112305 a1bb333e4238b8c94f49b3ceb8dd548a447e0735 > files-in-commit.txt	2025-04-25T09:26:22.7242328Z shell: /usr/bin/bash -e {0}
job-core	Run git diff --name-only b7ebc20252305822dd648b182847faa338112305 a1bb333e4238b8c94f49b3ceb8dd548a447e0735 > files-in-commit.txt	2025-04-25T09:26:22.7242495Z env:
job-core	Run git diff --name-only b7ebc20252305822dd648b182847faa338112305 a1bb333e4238b8c94f49b3ceb8dd548a447e0735 > files-in-commit.txt	2025-04-25T09:26:22.7242630Z   KAOS_CODE: 14661388390
job-core	Run git diff --name-only b7ebc20252305822dd648b182847faa338112305 a1bb333e4238b8c94f49b3ceb8dd548a447e0735 > files-in-commit.txt	2025-04-25T09:26:22.7242779Z   KAOS_EVENT_NAME: push
job-core	Run git diff --name-only b7ebc20252305822dd648b182847faa338112305 a1bb333e4238b8c94f49b3ceb8dd548a447e0735 > files-in-commit.txt	2025-04-25T09:26:22.7242924Z   KAOS_ACTION: 
job-core	Run git diff --name-only b7ebc20252305822dd648b182847faa338112305 a1bb333e4238b8c94f49b3ceb8dd548a447e0735 > files-in-commit.txt	2025-04-25T09:26:22.7243092Z   KAOS_REF: refs/heads/H220-web-de-resultados
job-core	Run git diff --name-only b7ebc20252305822dd648b182847faa338112305 a1bb333e4238b8c94f49b3ceb8dd548a447e0735 > files-in-commit.txt	2025-04-25T09:26:22.7243271Z   KAOS_MODULE: [Ka0S] kaos
job-core	Run git diff --name-only b7ebc20252305822dd648b182847faa338112305 a1bb333e4238b8c94f49b3ceb8dd548a447e0735 > files-in-commit.txt	2025-04-25T09:26:22.7243429Z   KAOS_PATH_RESUME: core/results/k/
job-core	Run git diff --name-only b7ebc20252305822dd648b182847faa338112305 a1bb333e4238b8c94f49b3ceb8dd548a447e0735 > files-in-commit.txt	2025-04-25T09:26:22.7243600Z   KAOS_JSON: core/results/k/event_data_
job-core	Run git diff --name-only b7ebc20252305822dd648b182847faa338112305 a1bb333e4238b8c94f49b3ceb8dd548a447e0735 > files-in-commit.txt	2025-04-25T09:26:22.7244012Z   KAOS_ACTOR: jh0ny2k2
job-core	Run git diff --name-only b7ebc20252305822dd648b182847faa338112305 a1bb333e4238b8c94f49b3ceb8dd548a447e0735 > files-in-commit.txt	2025-04-25T09:26:22.7244152Z   GITHUB_OUTPUT: 
job-core	Run git diff --name-only b7ebc20252305822dd648b182847faa338112305 a1bb333e4238b8c94f49b3ceb8dd548a447e0735 > files-in-commit.txt	2025-04-25T09:26:22.7244589Z   INVOLVED: core/results/k/files-in-commit-.txt
job-core	Run git diff --name-only b7ebc20252305822dd648b182847faa338112305 a1bb333e4238b8c94f49b3ceb8dd548a447e0735 > files-in-commit.txt	2025-04-25T09:26:22.7245068Z   modules: ***
job-core	Run git diff --name-only b7ebc20252305822dd648b182847faa338112305 a1bb333e4238b8c94f49b3ceb8dd548a447e0735 > files-in-commit.txt	2025-04-25T09:26:22.7245240Z   files: ***
job-core	Run git diff --name-only b7ebc20252305822dd648b182847faa338112305 a1bb333e4238b8c94f49b3ceb8dd548a447e0735 > files-in-commit.txt	2025-04-25T09:26:22.7245482Z   GH_TOKEN: ***
job-core	Run git diff --name-only b7ebc20252305822dd648b182847faa338112305 a1bb333e4238b8c94f49b3ceb8dd548a447e0735 > files-in-commit.txt	2025-04-25T09:26:22.7245644Z ##[endgroup]
job-core	Run git diff --name-only b7ebc20252305822dd648b182847faa338112305 a1bb333e4238b8c94f49b3ceb8dd548a447e0735 > files-in-commit.txt	2025-04-25T09:26:22.7305088Z .github/workflows/structure.yml
job-core	Run git diff --name-only b7ebc20252305822dd648b182847faa338112305 a1bb333e4238b8c94f49b3ceb8dd548a447e0735 > files-in-commit.txt	2025-04-25T09:26:22.7308777Z I Leemos el fichero files-in-commit.txt y extraemos el fichero .github/workflows/structure.yml
job-core	Run git diff --name-only b7ebc20252305822dd648b182847faa338112305 a1bb333e4238b8c94f49b3ceb8dd548a447e0735 > files-in-commit.txt	2025-04-25T09:26:22.7322458Z I-1 Calculamos el nombre del fichero structure.yml
job-core	Run git diff --name-only b7ebc20252305822dd648b182847faa338112305 a1bb333e4238b8c94f49b3ceb8dd548a447e0735 > files-in-commit.txt	2025-04-25T09:26:22.7322955Z I-2 Calculamos la extension del fichero yml
job-core	Run git diff --name-only b7ebc20252305822dd648b182847faa338112305 a1bb333e4238b8c94f49b3ceb8dd548a447e0735 > files-in-commit.txt	2025-04-25T09:26:22.7323150Z I-3 Calculamos el modulo ymllint.yml
job-core	Run git diff --name-only b7ebc20252305822dd648b182847faa338112305 a1bb333e4238b8c94f49b3ceb8dd548a447e0735 > files-in-commit.txt	2025-04-25T09:26:22.7323449Z II Leemos el array de ***
job-core	Run git diff --name-only b7ebc20252305822dd648b182847faa338112305 a1bb333e4238b8c94f49b3ceb8dd548a447e0735 > files-in-commit.txt	2025-04-25T09:26:22.7324324Z VII No es igual yml a *** y lo indicamos en la variable extension_failed=1
job-core	Run git diff --name-only b7ebc20252305822dd648b182847faa338112305 a1bb333e4238b8c94f49b3ceb8dd548a447e0735 > files-in-commit.txt	2025-04-25T09:26:22.7325018Z X Si extension falla falla (1) añadimos el comentario a la issue
job-core	Run git diff --name-only b7ebc20252305822dd648b182847faa338112305 a1bb333e4238b8c94f49b3ceb8dd548a447e0735 > files-in-commit.txt	2025-04-25T09:26:23.6941632Z https://github.com/Ka0s-Klaus/ka0s/issues/220#issuecomment-2829875497
job-core	Post Checkout code	﻿2025-04-25T09:26:23.7009646Z Post job cleanup.
job-core	Post Checkout code	2025-04-25T09:26:23.7709442Z [command]/usr/bin/git version
job-core	Post Checkout code	2025-04-25T09:26:23.7736597Z git version 2.43.0
job-core	Post Checkout code	2025-04-25T09:26:23.7759678Z Copying '/home/kaos/.gitconfig' to '/actions-runner/_work/_temp/dc62f2a2-1a89-411e-8909-0df565688bd8/.gitconfig'
job-core	Post Checkout code	2025-04-25T09:26:23.7767435Z Temporarily overriding HOME='/actions-runner/_work/_temp/dc62f2a2-1a89-411e-8909-0df565688bd8' before making global git config changes
job-core	Post Checkout code	2025-04-25T09:26:23.7768247Z Adding repository directory to the temporary git global config as a safe directory
job-core	Post Checkout code	2025-04-25T09:26:23.7770471Z [command]/usr/bin/git config --global --add safe.directory /actions-runner/_work/ka0s/ka0s
job-core	Post Checkout code	2025-04-25T09:26:23.7866663Z [command]/usr/bin/git config --local --name-only --get-regexp core\.sshCommand
job-core	Post Checkout code	2025-04-25T09:26:23.7890108Z [command]/usr/bin/git submodule foreach --recursive sh -c "git config --local --name-only --get-regexp 'core\.sshCommand' && git config --local --unset-all 'core.sshCommand' || :"
job-core	Post Checkout code	2025-04-25T09:26:23.8139173Z [command]/usr/bin/git config --local --name-only --get-regexp http\.https\:\/\/github\.com\/\.extraheader
job-core	Post Checkout code	2025-04-25T09:26:23.8149029Z http.https://github.com/.extraheader
job-core	Post Checkout code	2025-04-25T09:26:23.8161971Z [command]/usr/bin/git config --local --unset-all http.https://github.com/.extraheader
job-core	Post Checkout code	2025-04-25T09:26:23.8192935Z [command]/usr/bin/git submodule foreach --recursive sh -c "git config --local --name-only --get-regexp 'http\.https\:\/\/github\.com\/\.extraheader' && git config --local --unset-all 'http.https://github.com/.extraheader' || :"
job-core	Complete job	﻿2025-04-25T09:26:23.8496321Z Cleaning up orphan processes
handle-success	Set up job	﻿2025-04-25T09:26:29.6007521Z Current runner version: '2.323.0'
handle-success	Set up job	2025-04-25T09:26:29.6011468Z Runner name: 'ka0s-7'
handle-success	Set up job	2025-04-25T09:26:29.6012020Z Machine name: '26a53205c9ac'
handle-success	Set up job	2025-04-25T09:26:29.6013383Z ##[group]GITHUB_TOKEN Permissions
handle-success	Set up job	2025-04-25T09:26:29.6014820Z Contents: read
handle-success	Set up job	2025-04-25T09:26:29.6015122Z Metadata: read
handle-success	Set up job	2025-04-25T09:26:29.6015413Z Packages: read
handle-success	Set up job	2025-04-25T09:26:29.6015701Z ##[endgroup]
handle-success	Set up job	2025-04-25T09:26:29.6017003Z Secret source: Actions
handle-success	Set up job	2025-04-25T09:26:29.6017433Z Prepare workflow directory
handle-success	Set up job	2025-04-25T09:26:29.6397918Z Prepare all required actions
handle-success	Set up job	2025-04-25T09:26:29.6423901Z Getting action download info
handle-success	Set up job	2025-04-25T09:26:30.0824580Z Download action repository 'actions/checkout@v4' (SHA:11bd71901bbe5b1630ceea73d27597364c9af683)
handle-success	Set up job	2025-04-25T09:26:30.8058513Z Complete job name: handle-success
handle-success	Checkout code	﻿2025-04-25T09:26:30.8357478Z ##[group]Run actions/checkout@v4
handle-success	Checkout code	2025-04-25T09:26:30.8358041Z with:
handle-success	Checkout code	2025-04-25T09:26:30.8358331Z   fetch-depth: 0
handle-success	Checkout code	2025-04-25T09:26:30.8358816Z   token: ***
handle-success	Checkout code	2025-04-25T09:26:30.8359117Z   repository: Ka0s-Klaus/ka0s
handle-success	Checkout code	2025-04-25T09:26:30.8359520Z   ssh-strict: true
handle-success	Checkout code	2025-04-25T09:26:30.8359827Z   ssh-user: git
handle-success	Checkout code	2025-04-25T09:26:30.8360141Z   persist-credentials: true
handle-success	Checkout code	2025-04-25T09:26:30.8360479Z   clean: true
handle-success	Checkout code	2025-04-25T09:26:30.8360794Z   sparse-checkout-cone-mode: true
handle-success	Checkout code	2025-04-25T09:26:30.8361156Z   fetch-tags: false
handle-success	Checkout code	2025-04-25T09:26:30.8361465Z   show-progress: true
handle-success	Checkout code	2025-04-25T09:26:30.8361767Z   lfs: false
handle-success	Checkout code	2025-04-25T09:26:30.8362043Z   submodules: false
handle-success	Checkout code	2025-04-25T09:26:30.8362374Z   set-safe-directory: true
handle-success	Checkout code	2025-04-25T09:26:30.8362805Z env:
handle-success	Checkout code	2025-04-25T09:26:30.8363079Z   KAOS_CODE: 14661388390
handle-success	Checkout code	2025-04-25T09:26:30.8363412Z   KAOS_EVENT_NAME: push
handle-success	Checkout code	2025-04-25T09:26:30.8363726Z   KAOS_ACTION: 
handle-success	Checkout code	2025-04-25T09:26:30.8364210Z   KAOS_REF: refs/heads/H220-web-de-resultados
handle-success	Checkout code	2025-04-25T09:26:30.8364668Z   KAOS_MODULE: [Ka0S] kaos
handle-success	Checkout code	2025-04-25T09:26:30.8365032Z   KAOS_PATH_RESUME: core/results/k/
handle-success	Checkout code	2025-04-25T09:26:30.8365424Z   KAOS_JSON: core/results/k/event_data_
handle-success	Checkout code	2025-04-25T09:26:30.8365805Z   KAOS_ACTOR: jh0ny2k2
handle-success	Checkout code	2025-04-25T09:26:30.8366120Z ##[endgroup]
handle-success	Checkout code	2025-04-25T09:26:30.9074678Z Syncing repository: Ka0s-Klaus/ka0s
handle-success	Checkout code	2025-04-25T09:26:30.9076347Z ##[group]Getting Git version info
handle-success	Checkout code	2025-04-25T09:26:30.9076943Z Working directory is '/actions-runner/_work/ka0s/ka0s'
handle-success	Checkout code	2025-04-25T09:26:30.9077822Z [command]/usr/bin/git version
handle-success	Checkout code	2025-04-25T09:26:30.9078260Z git version 2.43.0
handle-success	Checkout code	2025-04-25T09:26:30.9085303Z ##[endgroup]
handle-success	Checkout code	2025-04-25T09:26:30.9094738Z Copying '/home/kaos/.gitconfig' to '/actions-runner/_work/_temp/fbf98d96-882f-4a56-ae6f-99a500d623c4/.gitconfig'
handle-success	Checkout code	2025-04-25T09:26:30.9108009Z Temporarily overriding HOME='/actions-runner/_work/_temp/fbf98d96-882f-4a56-ae6f-99a500d623c4' before making global git config changes
handle-success	Checkout code	2025-04-25T09:26:30.9109288Z Adding repository directory to the temporary git global config as a safe directory
handle-success	Checkout code	2025-04-25T09:26:30.9117367Z [command]/usr/bin/git config --global --add safe.directory /actions-runner/_work/ka0s/ka0s
handle-success	Checkout code	2025-04-25T09:26:30.9204112Z [command]/usr/bin/git config --local --get remote.origin.url
handle-success	Checkout code	2025-04-25T09:26:30.9223893Z https://github.com/Ka0s-Klaus/ka0s
handle-success	Checkout code	2025-04-25T09:26:30.9248856Z ##[group]Removing previously created refs, to avoid conflicts
handle-success	Checkout code	2025-04-25T09:26:30.9253085Z [command]/usr/bin/git rev-parse --symbolic-full-name --verify --quiet HEAD
handle-success	Checkout code	2025-04-25T09:26:30.9277881Z refs/heads/H220-web-de-resultados
handle-success	Checkout code	2025-04-25T09:26:30.9288868Z [command]/usr/bin/git checkout --detach
handle-success	Checkout code	2025-04-25T09:26:30.9382150Z HEAD is now at 89c25771 [Ka0S] Uploading resume execution files to the repository...
handle-success	Checkout code	2025-04-25T09:26:30.9429779Z [command]/usr/bin/git branch --delete --force H220-web-de-resultados
handle-success	Checkout code	2025-04-25T09:26:30.9456471Z Deleted branch H220-web-de-resultados (was 89c25771).
handle-success	Checkout code	2025-04-25T09:26:30.9507494Z ##[endgroup]
handle-success	Checkout code	2025-04-25T09:26:30.9508384Z [command]/usr/bin/git submodule status
handle-success	Checkout code	2025-04-25T09:26:30.9757540Z ##[group]Cleaning the repository
handle-success	Checkout code	2025-04-25T09:26:30.9758996Z [command]/usr/bin/git clean -ffdx
handle-success	Checkout code	2025-04-25T09:26:30.9812451Z Removing files-in-commit.txt
handle-success	Checkout code	2025-04-25T09:26:30.9825508Z [command]/usr/bin/git reset --hard HEAD
handle-success	Checkout code	2025-04-25T09:26:30.9950819Z HEAD is now at 89c25771 [Ka0S] Uploading resume execution files to the repository...
handle-success	Checkout code	2025-04-25T09:26:30.9955089Z ##[endgroup]
handle-success	Checkout code	2025-04-25T09:26:30.9958543Z ##[group]Disabling automatic garbage collection
handle-success	Checkout code	2025-04-25T09:26:30.9962574Z [command]/usr/bin/git config --local gc.auto 0
handle-success	Checkout code	2025-04-25T09:26:30.9998865Z ##[endgroup]
handle-success	Checkout code	2025-04-25T09:26:30.9999868Z ##[group]Setting up auth
handle-success	Checkout code	2025-04-25T09:26:31.0000939Z [command]/usr/bin/git config --local --name-only --get-regexp core\.sshCommand
handle-success	Checkout code	2025-04-25T09:26:31.0029163Z [command]/usr/bin/git submodule foreach --recursive sh -c "git config --local --name-only --get-regexp 'core\.sshCommand' && git config --local --unset-all 'core.sshCommand' || :"
handle-success	Checkout code	2025-04-25T09:26:31.0271605Z [command]/usr/bin/git config --local --name-only --get-regexp http\.https\:\/\/github\.com\/\.extraheader
handle-success	Checkout code	2025-04-25T09:26:31.0298704Z [command]/usr/bin/git submodule foreach --recursive sh -c "git config --local --name-only --get-regexp 'http\.https\:\/\/github\.com\/\.extraheader' && git config --local --unset-all 'http.https://github.com/.extraheader' || :"
handle-success	Checkout code	2025-04-25T09:26:31.0550760Z [command]/usr/bin/git config --local http.https://github.com/.extraheader AUTHORIZATION: basic ***
handle-success	Checkout code	2025-04-25T09:26:31.0585629Z ##[endgroup]
handle-success	Checkout code	2025-04-25T09:26:31.0586322Z ##[group]Fetching the repository
handle-success	Checkout code	2025-04-25T09:26:31.0589604Z [command]/usr/bin/git -c protocol.version=2 fetch --prune --no-recurse-submodules origin +refs/heads/*:refs/remotes/origin/* +refs/tags/*:refs/tags/*
handle-success	Checkout code	2025-04-25T09:26:31.5960260Z [command]/usr/bin/git branch --list --remote origin/H220-web-de-resultados
handle-success	Checkout code	2025-04-25T09:26:31.5988216Z   origin/H220-web-de-resultados
handle-success	Checkout code	2025-04-25T09:26:31.5997787Z [command]/usr/bin/git rev-parse refs/remotes/origin/H220-web-de-resultados
handle-success	Checkout code	2025-04-25T09:26:31.6018900Z 89c257710d2a3a1ee6451919a848db10f6782226
handle-success	Checkout code	2025-04-25T09:26:31.6031010Z [command]/usr/bin/git -c protocol.version=2 fetch --no-tags --prune --no-recurse-submodules origin +a1bb333e4238b8c94f49b3ceb8dd548a447e0735:refs/remotes/origin/H220-web-de-resultados
handle-success	Checkout code	2025-04-25T09:26:31.6132657Z From https://github.com/Ka0s-Klaus/ka0s
handle-success	Checkout code	2025-04-25T09:26:31.6134709Z  + 89c25771...a1bb333e a1bb333e4238b8c94f49b3ceb8dd548a447e0735 -> origin/H220-web-de-resultados  (forced update)
handle-success	Checkout code	2025-04-25T09:26:31.6155146Z ##[endgroup]
handle-success	Checkout code	2025-04-25T09:26:31.6156795Z ##[group]Determining the checkout info
handle-success	Checkout code	2025-04-25T09:26:31.6158446Z ##[endgroup]
handle-success	Checkout code	2025-04-25T09:26:31.6159353Z [command]/usr/bin/git sparse-checkout disable
handle-success	Checkout code	2025-04-25T09:26:31.6222659Z [command]/usr/bin/git config --local --unset-all extensions.worktreeConfig
handle-success	Checkout code	2025-04-25T09:26:31.6247737Z ##[group]Checking out the ref
handle-success	Checkout code	2025-04-25T09:26:31.6250008Z [command]/usr/bin/git checkout --progress --force -B H220-web-de-resultados refs/remotes/origin/H220-web-de-resultados
handle-success	Checkout code	2025-04-25T09:26:31.6363039Z Warning: you are leaving 1 commit behind, not connected to
handle-success	Checkout code	2025-04-25T09:26:31.6364978Z any of your branches:
handle-success	Checkout code	2025-04-25T09:26:31.6365728Z 
handle-success	Checkout code	2025-04-25T09:26:31.6366667Z   89c25771 [Ka0S] Uploading resume execution files to the repository...
handle-success	Checkout code	2025-04-25T09:26:31.6368138Z 
handle-success	Checkout code	2025-04-25T09:26:31.6369100Z If you want to keep it by creating a new branch, this may be a good time
handle-success	Checkout code	2025-04-25T09:26:31.6370911Z to do so with:
handle-success	Checkout code	2025-04-25T09:26:31.6371514Z 
handle-success	Checkout code	2025-04-25T09:26:31.6372098Z  git branch <new-branch-name> 89c25771
handle-success	Checkout code	2025-04-25T09:26:31.6373072Z 
handle-success	Checkout code	2025-04-25T09:26:31.6373728Z Switched to a new branch 'H220-web-de-resultados'
handle-success	Checkout code	2025-04-25T09:26:31.6376137Z branch 'H220-web-de-resultados' set up to track 'origin/H220-web-de-resultados'.
handle-success	Checkout code	2025-04-25T09:26:31.6380401Z ##[endgroup]
handle-success	Checkout code	2025-04-25T09:26:31.6403051Z [command]/usr/bin/git log -1 --format=%H
handle-success	Checkout code	2025-04-25T09:26:31.6431380Z a1bb333e4238b8c94f49b3ceb8dd548a447e0735
handle-success	handle-success-execution	﻿2025-04-25T09:26:31.6609122Z ##[group]Run # Si todo ha ido correcto añadimos el contenido del fichero 
handle-success	handle-success-execution	2025-04-25T09:26:31.6610604Z [36;1m# Si todo ha ido correcto añadimos el contenido del fichero [0m
handle-success	handle-success-execution	2025-04-25T09:26:31.6612079Z [36;1mRNNUMBER=$(echo "refs/heads/H220-web-de-resultados" | grep -o '[0-9]*')[0m
handle-success	handle-success-execution	2025-04-25T09:26:31.6614749Z [36;1mgh issue comment $RNNUMBER --body "El proceso ha finalizado correctamente 14661388390. El resultado está en el fichero core/results/event_data_14661388390.log"[0m
handle-success	handle-success-execution	2025-04-25T09:26:31.6624034Z shell: /usr/bin/bash -e {0}
handle-success	handle-success-execution	2025-04-25T09:26:31.6625318Z env:
handle-success	handle-success-execution	2025-04-25T09:26:31.6626009Z   KAOS_CODE: 14661388390
handle-success	handle-success-execution	2025-04-25T09:26:31.6626734Z   KAOS_EVENT_NAME: push
handle-success	handle-success-execution	2025-04-25T09:26:31.6627450Z   KAOS_ACTION: 
handle-success	handle-success-execution	2025-04-25T09:26:31.6628150Z   KAOS_REF: refs/heads/H220-web-de-resultados
handle-success	handle-success-execution	2025-04-25T09:26:31.6629062Z   KAOS_MODULE: [Ka0S] kaos
handle-success	handle-success-execution	2025-04-25T09:26:31.6629817Z   KAOS_PATH_RESUME: core/results/k/
handle-success	handle-success-execution	2025-04-25T09:26:31.6630679Z   KAOS_JSON: core/results/k/event_data_
handle-success	handle-success-execution	2025-04-25T09:26:31.6631524Z   KAOS_ACTOR: jh0ny2k2
handle-success	handle-success-execution	2025-04-25T09:26:31.6632608Z   GH_TOKEN: ***
handle-success	handle-success-execution	2025-04-25T09:26:31.6633227Z ##[endgroup]
handle-success	handle-success-execution	2025-04-25T09:26:32.7046239Z https://github.com/Ka0s-Klaus/ka0s/issues/220#issuecomment-2829875860
handle-success	Post Checkout code	﻿2025-04-25T09:26:32.7127727Z Post job cleanup.
handle-success	Post Checkout code	2025-04-25T09:26:32.7789518Z [command]/usr/bin/git version
handle-success	Post Checkout code	2025-04-25T09:26:32.7821924Z git version 2.43.0
handle-success	Post Checkout code	2025-04-25T09:26:32.7849105Z Copying '/home/kaos/.gitconfig' to '/actions-runner/_work/_temp/ce621b5d-33e2-4649-9077-acd50cf53426/.gitconfig'
handle-success	Post Checkout code	2025-04-25T09:26:32.7858839Z Temporarily overriding HOME='/actions-runner/_work/_temp/ce621b5d-33e2-4649-9077-acd50cf53426' before making global git config changes
handle-success	Post Checkout code	2025-04-25T09:26:32.7859665Z Adding repository directory to the temporary git global config as a safe directory
handle-success	Post Checkout code	2025-04-25T09:26:32.7862613Z [command]/usr/bin/git config --global --add safe.directory /actions-runner/_work/ka0s/ka0s
handle-success	Post Checkout code	2025-04-25T09:26:32.7955151Z [command]/usr/bin/git config --local --name-only --get-regexp core\.sshCommand
handle-success	Post Checkout code	2025-04-25T09:26:32.7983513Z [command]/usr/bin/git submodule foreach --recursive sh -c "git config --local --name-only --get-regexp 'core\.sshCommand' && git config --local --unset-all 'core.sshCommand' || :"
handle-success	Post Checkout code	2025-04-25T09:26:32.8234200Z [command]/usr/bin/git config --local --name-only --get-regexp http\.https\:\/\/github\.com\/\.extraheader
handle-success	Post Checkout code	2025-04-25T09:26:32.8255432Z http.https://github.com/.extraheader
handle-success	Post Checkout code	2025-04-25T09:26:32.8262004Z [command]/usr/bin/git config --local --unset-all http.https://github.com/.extraheader
handle-success	Post Checkout code	2025-04-25T09:26:32.8289735Z [command]/usr/bin/git submodule foreach --recursive sh -c "git config --local --name-only --get-regexp 'http\.https\:\/\/github\.com\/\.extraheader' && git config --local --unset-all 'http.https://github.com/.extraheader' || :"
handle-success	Complete job	﻿2025-04-25T09:26:32.8625991Z Cleaning up orphan processes
end-workflow	Set up job	﻿2025-04-25T09:26:41.8002130Z Current runner version: '2.323.0'
end-workflow	Set up job	2025-04-25T09:26:41.8006462Z Runner name: 'ka0s-8'
end-workflow	Set up job	2025-04-25T09:26:41.8007016Z Machine name: '26a53205c9ac'
end-workflow	Set up job	2025-04-25T09:26:41.8008459Z ##[group]GITHUB_TOKEN Permissions
end-workflow	Set up job	2025-04-25T09:26:41.8009861Z Contents: read
end-workflow	Set up job	2025-04-25T09:26:41.8010178Z Metadata: read
end-workflow	Set up job	2025-04-25T09:26:41.8010477Z Packages: read
end-workflow	Set up job	2025-04-25T09:26:41.8010760Z ##[endgroup]
end-workflow	Set up job	2025-04-25T09:26:41.8011983Z Secret source: Actions
end-workflow	Set up job	2025-04-25T09:26:41.8012368Z Prepare workflow directory
end-workflow	Set up job	2025-04-25T09:26:41.8397499Z Prepare all required actions
end-workflow	Set up job	2025-04-25T09:26:41.8423620Z Getting action download info
end-workflow	Set up job	2025-04-25T09:26:42.3729238Z Download action repository 'actions/checkout@v4' (SHA:11bd71901bbe5b1630ceea73d27597364c9af683)
end-workflow	Set up job	2025-04-25T09:26:43.1808770Z Complete job name: end-workflow
end-workflow	Checkout code	﻿2025-04-25T09:26:43.2119984Z ##[group]Run actions/checkout@v4
end-workflow	Checkout code	2025-04-25T09:26:43.2120576Z with:
end-workflow	Checkout code	2025-04-25T09:26:43.2120907Z   fetch-depth: 0
end-workflow	Checkout code	2025-04-25T09:26:43.2121419Z   token: ***
end-workflow	Checkout code	2025-04-25T09:26:43.2121729Z   repository: Ka0s-Klaus/ka0s
end-workflow	Checkout code	2025-04-25T09:26:43.2122206Z   ssh-strict: true
end-workflow	Checkout code	2025-04-25T09:26:43.2122528Z   ssh-user: git
end-workflow	Checkout code	2025-04-25T09:26:43.2122884Z   persist-credentials: true
end-workflow	Checkout code	2025-04-25T09:26:43.2123299Z   clean: true
end-workflow	Checkout code	2025-04-25T09:26:43.2123623Z   sparse-checkout-cone-mode: true
end-workflow	Checkout code	2025-04-25T09:26:43.2124056Z   fetch-tags: false
end-workflow	Checkout code	2025-04-25T09:26:43.2124724Z   show-progress: true
end-workflow	Checkout code	2025-04-25T09:26:43.2125047Z   lfs: false
end-workflow	Checkout code	2025-04-25T09:26:43.2125377Z   submodules: false
end-workflow	Checkout code	2025-04-25T09:26:43.2125767Z   set-safe-directory: true
end-workflow	Checkout code	2025-04-25T09:26:43.2126228Z env:
end-workflow	Checkout code	2025-04-25T09:26:43.2126547Z   KAOS_CODE: 14661388390
end-workflow	Checkout code	2025-04-25T09:26:43.2126941Z   KAOS_EVENT_NAME: push
end-workflow	Checkout code	2025-04-25T09:26:43.2127276Z   KAOS_ACTION: 
end-workflow	Checkout code	2025-04-25T09:26:43.2127651Z   KAOS_REF: refs/heads/H220-web-de-resultados
end-workflow	Checkout code	2025-04-25T09:26:43.2128149Z   KAOS_MODULE: [Ka0S] kaos
end-workflow	Checkout code	2025-04-25T09:26:43.2128592Z   KAOS_PATH_RESUME: core/results/k/
end-workflow	Checkout code	2025-04-25T09:26:43.2128994Z   KAOS_JSON: core/results/k/event_data_
end-workflow	Checkout code	2025-04-25T09:26:43.2129428Z   KAOS_ACTOR: jh0ny2k2
end-workflow	Checkout code	2025-04-25T09:26:43.2129909Z   GH_TOKEN: ***
end-workflow	Checkout code	2025-04-25T09:26:43.2130253Z ##[endgroup]
end-workflow	Checkout code	2025-04-25T09:26:43.2845902Z Syncing repository: Ka0s-Klaus/ka0s
end-workflow	Checkout code	2025-04-25T09:26:43.2847311Z ##[group]Getting Git version info
end-workflow	Checkout code	2025-04-25T09:26:43.2847908Z Working directory is '/actions-runner/_work/ka0s/ka0s'
end-workflow	Checkout code	2025-04-25T09:26:43.2848716Z [command]/usr/bin/git version
end-workflow	Checkout code	2025-04-25T09:26:43.2849214Z git version 2.43.0
end-workflow	Checkout code	2025-04-25T09:26:43.2869487Z ##[endgroup]
end-workflow	Checkout code	2025-04-25T09:26:43.2876791Z Copying '/home/kaos/.gitconfig' to '/actions-runner/_work/_temp/4749b90c-150e-49ee-8ef0-3e488a292f6f/.gitconfig'
end-workflow	Checkout code	2025-04-25T09:26:43.2885174Z Temporarily overriding HOME='/actions-runner/_work/_temp/4749b90c-150e-49ee-8ef0-3e488a292f6f' before making global git config changes
end-workflow	Checkout code	2025-04-25T09:26:43.2886477Z Adding repository directory to the temporary git global config as a safe directory
end-workflow	Checkout code	2025-04-25T09:26:43.2887789Z [command]/usr/bin/git config --global --add safe.directory /actions-runner/_work/ka0s/ka0s
end-workflow	Checkout code	2025-04-25T09:26:43.2983937Z [command]/usr/bin/git config --local --get remote.origin.url
end-workflow	Checkout code	2025-04-25T09:26:43.3002518Z https://github.com/Ka0s-Klaus/ka0s
end-workflow	Checkout code	2025-04-25T09:26:43.3022239Z ##[group]Removing previously created refs, to avoid conflicts
end-workflow	Checkout code	2025-04-25T09:26:43.3023963Z [command]/usr/bin/git rev-parse --symbolic-full-name --verify --quiet HEAD
end-workflow	Checkout code	2025-04-25T09:26:43.3045150Z refs/heads/H220-web-de-resultados
end-workflow	Checkout code	2025-04-25T09:26:43.3056294Z [command]/usr/bin/git checkout --detach
end-workflow	Checkout code	2025-04-25T09:26:43.3143215Z HEAD is now at 9d80d9f1 merge
end-workflow	Checkout code	2025-04-25T09:26:43.3189048Z [command]/usr/bin/git branch --delete --force H220-web-de-resultados
end-workflow	Checkout code	2025-04-25T09:26:43.3222651Z Deleted branch H220-web-de-resultados (was 9d80d9f1).
end-workflow	Checkout code	2025-04-25T09:26:43.3275693Z ##[endgroup]
end-workflow	Checkout code	2025-04-25T09:26:43.3276435Z [command]/usr/bin/git submodule status
end-workflow	Checkout code	2025-04-25T09:26:43.3516996Z ##[group]Cleaning the repository
end-workflow	Checkout code	2025-04-25T09:26:43.3518114Z [command]/usr/bin/git clean -ffdx
end-workflow	Checkout code	2025-04-25T09:26:43.3573099Z [command]/usr/bin/git reset --hard HEAD
end-workflow	Checkout code	2025-04-25T09:26:43.3708559Z HEAD is now at 9d80d9f1 merge
end-workflow	Checkout code	2025-04-25T09:26:43.3711567Z ##[endgroup]
end-workflow	Checkout code	2025-04-25T09:26:43.3712554Z ##[group]Disabling automatic garbage collection
end-workflow	Checkout code	2025-04-25T09:26:43.3716488Z [command]/usr/bin/git config --local gc.auto 0
end-workflow	Checkout code	2025-04-25T09:26:43.3742940Z ##[endgroup]
end-workflow	Checkout code	2025-04-25T09:26:43.3743820Z ##[group]Setting up auth
end-workflow	Checkout code	2025-04-25T09:26:43.3752530Z [command]/usr/bin/git config --local --name-only --get-regexp core\.sshCommand
end-workflow	Checkout code	2025-04-25T09:26:43.3779325Z [command]/usr/bin/git submodule foreach --recursive sh -c "git config --local --name-only --get-regexp 'core\.sshCommand' && git config --local --unset-all 'core.sshCommand' || :"
end-workflow	Checkout code	2025-04-25T09:26:43.4028093Z [command]/usr/bin/git config --local --name-only --get-regexp http\.https\:\/\/github\.com\/\.extraheader
end-workflow	Checkout code	2025-04-25T09:26:43.4070725Z [command]/usr/bin/git submodule foreach --recursive sh -c "git config --local --name-only --get-regexp 'http\.https\:\/\/github\.com\/\.extraheader' && git config --local --unset-all 'http.https://github.com/.extraheader' || :"
end-workflow	Checkout code	2025-04-25T09:26:43.4303352Z [command]/usr/bin/git config --local http.https://github.com/.extraheader AUTHORIZATION: basic ***
end-workflow	Checkout code	2025-04-25T09:26:43.4337623Z ##[endgroup]
end-workflow	Checkout code	2025-04-25T09:26:43.4338656Z ##[group]Fetching the repository
end-workflow	Checkout code	2025-04-25T09:26:43.4342805Z [command]/usr/bin/git -c protocol.version=2 fetch --prune --no-recurse-submodules origin +refs/heads/*:refs/remotes/origin/* +refs/tags/*:refs/tags/*
end-workflow	Checkout code	2025-04-25T09:26:44.6808607Z From https://github.com/Ka0s-Klaus/ka0s
end-workflow	Checkout code	2025-04-25T09:26:44.6809603Z    9d80d9f1..89c25771  H220-web-de-resultados -> origin/H220-web-de-resultados
end-workflow	Checkout code	2025-04-25T09:26:44.6810006Z    e9ccab2a..ff557407  main                   -> origin/main
end-workflow	Checkout code	2025-04-25T09:26:44.6841601Z [command]/usr/bin/git branch --list --remote origin/H220-web-de-resultados
end-workflow	Checkout code	2025-04-25T09:26:44.6872097Z   origin/H220-web-de-resultados
end-workflow	Checkout code	2025-04-25T09:26:44.6881465Z [command]/usr/bin/git rev-parse refs/remotes/origin/H220-web-de-resultados
end-workflow	Checkout code	2025-04-25T09:26:44.6902538Z 89c257710d2a3a1ee6451919a848db10f6782226
end-workflow	Checkout code	2025-04-25T09:26:44.6915904Z [command]/usr/bin/git -c protocol.version=2 fetch --no-tags --prune --no-recurse-submodules origin +a1bb333e4238b8c94f49b3ceb8dd548a447e0735:refs/remotes/origin/H220-web-de-resultados
end-workflow	Checkout code	2025-04-25T09:26:44.7024898Z From https://github.com/Ka0s-Klaus/ka0s
end-workflow	Checkout code	2025-04-25T09:26:44.7025534Z  + 89c25771...a1bb333e a1bb333e4238b8c94f49b3ceb8dd548a447e0735 -> origin/H220-web-de-resultados  (forced update)
end-workflow	Checkout code	2025-04-25T09:26:44.7045573Z ##[endgroup]
end-workflow	Checkout code	2025-04-25T09:26:44.7046036Z ##[group]Determining the checkout info
end-workflow	Checkout code	2025-04-25T09:26:44.7059822Z ##[endgroup]
end-workflow	Checkout code	2025-04-25T09:26:44.7060617Z [command]/usr/bin/git sparse-checkout disable
end-workflow	Checkout code	2025-04-25T09:26:44.7112898Z [command]/usr/bin/git config --local --unset-all extensions.worktreeConfig
end-workflow	Checkout code	2025-04-25T09:26:44.7141699Z ##[group]Checking out the ref
end-workflow	Checkout code	2025-04-25T09:26:44.7143105Z [command]/usr/bin/git checkout --progress --force -B H220-web-de-resultados refs/remotes/origin/H220-web-de-resultados
end-workflow	Checkout code	2025-04-25T09:26:44.7337615Z Previous HEAD position was 9d80d9f1 merge
end-workflow	Checkout code	2025-04-25T09:26:44.7339493Z Switched to a new branch 'H220-web-de-resultados'
end-workflow	Checkout code	2025-04-25T09:26:44.7340364Z branch 'H220-web-de-resultados' set up to track 'origin/H220-web-de-resultados'.
end-workflow	Checkout code	2025-04-25T09:26:44.7376628Z ##[endgroup]
end-workflow	Checkout code	2025-04-25T09:26:44.7378069Z [command]/usr/bin/git log -1 --format=%H
end-workflow	Checkout code	2025-04-25T09:26:44.7398507Z a1bb333e4238b8c94f49b3ceb8dd548a447e0735
end-workflow	Finaliza el workflow	﻿2025-04-25T09:26:44.7599150Z ##[group]Run echo "End process"
end-workflow	Finaliza el workflow	2025-04-25T09:26:44.7599447Z [36;1mecho "End process"[0m
end-workflow	Finaliza el workflow	2025-04-25T09:26:44.7599742Z [36;1mRNNUMBER=$(echo "refs/heads/H220-web-de-resultados" | grep -o '[0-9]*')[0m
end-workflow	Finaliza el workflow	2025-04-25T09:26:44.7600092Z [36;1mgh issue comment $RNNUMBER --body "Se finaliza Ka0s 14661388390"[0m
end-workflow	Finaliza el workflow	2025-04-25T09:26:44.7600516Z [36;1mgh workflow run inspector.yml --ref 'main' -f kaos-issue-id=$RNNUMBER -f kaos-workflow-id="14661388390" -f kaos-user-start=""[0m
end-workflow	Finaliza el workflow	2025-04-25T09:26:44.7607666Z shell: /usr/bin/bash -e {0}
end-workflow	Finaliza el workflow	2025-04-25T09:26:44.7607959Z env:
end-workflow	Finaliza el workflow	2025-04-25T09:26:44.7608142Z   KAOS_CODE: 14661388390
end-workflow	Finaliza el workflow	2025-04-25T09:26:44.7608494Z   KAOS_EVENT_NAME: push
end-workflow	Finaliza el workflow	2025-04-25T09:26:44.7608668Z   KAOS_ACTION: 
end-workflow	Finaliza el workflow	2025-04-25T09:26:44.7608867Z   KAOS_REF: refs/heads/H220-web-de-resultados
end-workflow	Finaliza el workflow	2025-04-25T09:26:44.7609089Z   KAOS_MODULE: [Ka0S] kaos
end-workflow	Finaliza el workflow	2025-04-25T09:26:44.7609285Z   KAOS_PATH_RESUME: core/results/k/
end-workflow	Finaliza el workflow	2025-04-25T09:26:44.7609494Z   KAOS_JSON: core/results/k/event_data_
end-workflow	Finaliza el workflow	2025-04-25T09:26:44.7609691Z   KAOS_ACTOR: jh0ny2k2
end-workflow	Finaliza el workflow	2025-04-25T09:26:44.7610122Z   GH_TOKEN: ***
end-workflow	Finaliza el workflow	2025-04-25T09:26:44.7610295Z ##[endgroup]
end-workflow	Finaliza el workflow	2025-04-25T09:26:44.7658165Z End process
end-workflow	Finaliza el workflow	2025-04-25T09:26:45.9632770Z https://github.com/Ka0s-Klaus/ka0s/issues/220#issuecomment-2829876340
end-workflow	Post Checkout code	﻿2025-04-25T09:26:46.5357181Z Post job cleanup.
end-workflow	Post Checkout code	2025-04-25T09:26:46.6060876Z [command]/usr/bin/git version
end-workflow	Post Checkout code	2025-04-25T09:26:46.6088705Z git version 2.43.0
end-workflow	Post Checkout code	2025-04-25T09:26:46.6113368Z Copying '/home/kaos/.gitconfig' to '/actions-runner/_work/_temp/b23ae175-480f-41ef-a1bf-7f3d2be81ebf/.gitconfig'
end-workflow	Post Checkout code	2025-04-25T09:26:46.6126476Z Temporarily overriding HOME='/actions-runner/_work/_temp/b23ae175-480f-41ef-a1bf-7f3d2be81ebf' before making global git config changes
end-workflow	Post Checkout code	2025-04-25T09:26:46.6127599Z Adding repository directory to the temporary git global config as a safe directory
end-workflow	Post Checkout code	2025-04-25T09:26:46.6129666Z [command]/usr/bin/git config --global --add safe.directory /actions-runner/_work/ka0s/ka0s
end-workflow	Post Checkout code	2025-04-25T09:26:46.6225009Z [command]/usr/bin/git config --local --name-only --get-regexp core\.sshCommand
end-workflow	Post Checkout code	2025-04-25T09:26:46.6249497Z [command]/usr/bin/git submodule foreach --recursive sh -c "git config --local --name-only --get-regexp 'core\.sshCommand' && git config --local --unset-all 'core.sshCommand' || :"
end-workflow	Post Checkout code	2025-04-25T09:26:46.6489861Z [command]/usr/bin/git config --local --name-only --get-regexp http\.https\:\/\/github\.com\/\.extraheader
end-workflow	Post Checkout code	2025-04-25T09:26:46.6506151Z http.https://github.com/.extraheader
end-workflow	Post Checkout code	2025-04-25T09:26:46.6512920Z [command]/usr/bin/git config --local --unset-all http.https://github.com/.extraheader
end-workflow	Post Checkout code	2025-04-25T09:26:46.6536874Z [command]/usr/bin/git submodule foreach --recursive sh -c "git config --local --name-only --get-regexp 'http\.https\:\/\/github\.com\/\.extraheader' && git config --local --unset-all 'http.https://github.com/.extraheader' || :"
end-workflow	Complete job	﻿2025-04-25T09:26:46.6852525Z Cleaning up orphan processes
