job-core	Set up job	﻿2025-05-08T10:49:47.8414818Z Current runner version: '2.323.0'
job-core	Set up job	2025-05-08T10:49:47.8418970Z Runner name: 'ka0s-8'
job-core	Set up job	2025-05-08T10:49:47.8419544Z Machine name: '26a53205c9ac'
job-core	Set up job	2025-05-08T10:49:47.8420952Z ##[group]GITHUB_TOKEN Permissions
job-core	Set up job	2025-05-08T10:49:47.8422291Z Contents: read
job-core	Set up job	2025-05-08T10:49:47.8422590Z Metadata: read
job-core	Set up job	2025-05-08T10:49:47.8422880Z Packages: read
job-core	Set up job	2025-05-08T10:49:47.8423403Z ##[endgroup]
job-core	Set up job	2025-05-08T10:49:47.8424878Z Secret source: Actions
job-core	Set up job	2025-05-08T10:49:47.8425283Z Prepare workflow directory
job-core	Set up job	2025-05-08T10:49:47.8817118Z Prepare all required actions
job-core	Set up job	2025-05-08T10:49:47.8850394Z Getting action download info
job-core	Set up job	2025-05-08T10:49:48.7427096Z Download action repository 'actions/checkout@v4' (SHA:11bd71901bbe5b1630ceea73d27597364c9af683)
job-core	Set up job	2025-05-08T10:49:49.4840205Z Download action repository 'SamKirkland/FTP-Deploy-Action@v4.3.4' (SHA:8a24039354ee91000cb948cb4a1dbdf1a1b94a3c)
job-core	Set up job	2025-05-08T10:49:50.1457706Z Complete job name: job-core
job-core	Checkout repository	﻿2025-05-08T10:49:50.1714326Z ##[group]Run actions/checkout@v4
job-core	Checkout repository	2025-05-08T10:49:50.1714732Z with:
job-core	Checkout repository	2025-05-08T10:49:50.1714950Z   fetch-depth: 0
job-core	Checkout repository	2025-05-08T10:49:50.1715327Z   token: ***
job-core	Checkout repository	2025-05-08T10:49:50.1715517Z   repository: Ka0s-Klaus/ka0s
job-core	Checkout repository	2025-05-08T10:49:50.1715727Z   ssh-strict: true
job-core	Checkout repository	2025-05-08T10:49:50.1715903Z   ssh-user: git
job-core	Checkout repository	2025-05-08T10:49:50.1716091Z   persist-credentials: true
job-core	Checkout repository	2025-05-08T10:49:50.1729107Z   clean: true
job-core	Checkout repository	2025-05-08T10:49:50.1729360Z   sparse-checkout-cone-mode: true
job-core	Checkout repository	2025-05-08T10:49:50.1729584Z   fetch-tags: false
job-core	Checkout repository	2025-05-08T10:49:50.1729792Z   show-progress: true
job-core	Checkout repository	2025-05-08T10:49:50.1729997Z   lfs: false
job-core	Checkout repository	2025-05-08T10:49:50.1730169Z   submodules: false
job-core	Checkout repository	2025-05-08T10:49:50.1730354Z   set-safe-directory: true
job-core	Checkout repository	2025-05-08T10:49:50.1730826Z env:
job-core	Checkout repository	2025-05-08T10:49:50.1731000Z   KAOS_CODE: 14904723126
job-core	Checkout repository	2025-05-08T10:49:50.1731195Z   KAOS_EVENT_NAME: push
job-core	Checkout repository	2025-05-08T10:49:50.1731381Z   KAOS_ACTION: 
job-core	Checkout repository	2025-05-08T10:49:50.1731562Z   KAOS_REF: refs/heads/main
job-core	Checkout repository	2025-05-08T10:49:50.1731765Z   KAOS_MODULE: [Ka0S] Deploy Webs
job-core	Checkout repository	2025-05-08T10:49:50.1732033Z   KAOS_PATH_ORIGIN: core/results/webs/dashboard/
job-core	Checkout repository	2025-05-08T10:49:50.1732278Z   KAOS_PATH_WEB: /html/dashboard/
job-core	Checkout repository	2025-05-08T10:49:50.1732491Z   KAOS_PATH_RESUME: core/results/dw/
job-core	Checkout repository	2025-05-08T10:49:50.1732724Z   KAOS_FILE_STATE: ftp-deploy-sync-state.json
job-core	Checkout repository	2025-05-08T10:49:50.1732950Z   KAOS_ACTOR: jorgecg646
job-core	Checkout repository	2025-05-08T10:49:50.1733215Z   KAOS_CACHE_BUSTER: 14904723126-***4
job-core	Checkout repository	2025-05-08T10:49:50.1733428Z ##[endgroup]
job-core	Checkout repository	2025-05-08T10:49:50.2439732Z Syncing repository: Ka0s-Klaus/ka0s
job-core	Checkout repository	2025-05-08T10:49:50.2440910Z ##[group]Getting Git version info
job-core	Checkout repository	2025-05-08T10:49:50.2441299Z Working directory is '/actions-runner/_work/ka0s/ka0s'
job-core	Checkout repository	2025-05-08T10:49:50.2441806Z [command]/usr/bin/git version
job-core	Checkout repository	2025-05-08T10:49:50.2442163Z git version 2.43.0
job-core	Checkout repository	2025-05-08T10:49:50.2457551Z ##[endgroup]
job-core	Checkout repository	2025-05-08T10:49:50.2464867Z Copying '/home/kaos/.gitconfig' to '/actions-runner/_work/_temp/ca6c58ff-d096-4c71-8f42-958ccebef51d/.gitconfig'
job-core	Checkout repository	2025-05-08T10:49:50.2485412Z Temporarily overriding HOME='/actions-runner/_work/_temp/ca6c58ff-d096-4c71-8f42-958ccebef51d' before making global git config changes
job-core	Checkout repository	2025-05-08T10:49:50.2486708Z Adding repository directory to the temporary git global config as a safe directory
job-core	Checkout repository	2025-05-08T10:49:50.2487564Z [command]/usr/bin/git config --global --add safe.directory /actions-runner/_work/ka0s/ka0s
job-core	Checkout repository	2025-05-08T10:49:50.2580270Z [command]/usr/bin/git config --local --get remote.origin.url
job-core	Checkout repository	2025-05-08T10:49:50.2596964Z https://github.com/Ka0s-Klaus/ka0s
job-core	Checkout repository	2025-05-08T10:49:50.2617278Z ##[group]Removing previously created refs, to avoid conflicts
job-core	Checkout repository	2025-05-08T10:49:50.2620986Z [command]/usr/bin/git rev-parse --symbolic-full-name --verify --quiet HEAD
job-core	Checkout repository	2025-05-08T10:49:50.2642290Z HEAD
job-core	Checkout repository	2025-05-08T10:49:50.2731806Z ##[endgroup]
job-core	Checkout repository	2025-05-08T10:49:50.2735408Z [command]/usr/bin/git submodule status
job-core	Checkout repository	2025-05-08T10:49:50.2964697Z ##[group]Cleaning the repository
job-core	Checkout repository	2025-05-08T10:49:50.2969279Z [command]/usr/bin/git clean -ffdx
job-core	Checkout repository	2025-05-08T10:49:50.3028754Z [command]/usr/bin/git reset --hard HEAD
job-core	Checkout repository	2025-05-08T10:49:50.3194951Z HEAD is now at 5eb8e14d Merge bc91c386360b03359ecf526efc4752648328d56f into 91e3cf17271a91a04b5a0913bf0c2aea84806817
job-core	Checkout repository	2025-05-08T10:49:50.3197622Z ##[endgroup]
job-core	Checkout repository	2025-05-08T10:49:50.3198177Z ##[group]Disabling automatic garbage collection
job-core	Checkout repository	2025-05-08T10:49:50.3202650Z [command]/usr/bin/git config --local gc.auto 0
job-core	Checkout repository	2025-05-08T10:49:50.3232903Z ##[endgroup]
job-core	Checkout repository	2025-05-08T10:49:50.3233751Z ##[group]Setting up auth
job-core	Checkout repository	2025-05-08T10:49:50.3237094Z [command]/usr/bin/git config --local --name-only --get-regexp core\.sshCommand
job-core	Checkout repository	2025-05-08T10:49:50.3268328Z [command]/usr/bin/git submodule foreach --recursive sh -c "git config --local --name-only --get-regexp 'core\.sshCommand' && git config --local --unset-all 'core.sshCommand' || :"
job-core	Checkout repository	2025-05-08T10:49:50.3499446Z [command]/usr/bin/git config --local --name-only --get-regexp http\.https\:\/\/github\.com\/\.extraheader
job-core	Checkout repository	2025-05-08T10:49:50.3755359Z [command]/usr/bin/git submodule foreach --recursive sh -c "git config --local --name-only --get-regexp 'http\.https\:\/\/github\.com\/\.extraheader' && git config --local --unset-all 'http.https://github.com/.extraheader' || :"
job-core	Checkout repository	2025-05-08T10:49:50.3759423Z [command]/usr/bin/git config --local http.https://github.com/.extraheader AUTHORIZATION: basic ***
job-core	Checkout repository	2025-05-08T10:49:50.3798950Z ##[endgroup]
job-core	Checkout repository	2025-05-08T10:49:50.3799423Z ##[group]Fetching the repository
job-core	Checkout repository	2025-05-08T10:49:50.3802863Z [command]/usr/bin/git -c protocol.version=2 fetch --prune --no-recurse-submodules origin +refs/heads/*:refs/remotes/origin/* +refs/tags/*:refs/tags/*
job-core	Checkout repository	2025-05-08T10:49:51.0514137Z From https://github.com/Ka0s-Klaus/ka0s
job-core	Checkout repository	2025-05-08T10:49:51.0514516Z    91e3cf17..e1eb2893  main       -> origin/main
job-core	Checkout repository	2025-05-08T10:49:51.0563736Z [command]/usr/bin/git branch --list --remote origin/main
job-core	Checkout repository	2025-05-08T10:49:51.0589906Z   origin/main
job-core	Checkout repository	2025-05-08T10:49:51.0593962Z [command]/usr/bin/git rev-parse refs/remotes/origin/main
job-core	Checkout repository	2025-05-08T10:49:51.0613235Z e1eb28932abac5fdec158d4***7cdc9***ae57b42e
job-core	Checkout repository	2025-05-08T10:49:51.0614653Z ##[endgroup]
job-core	Checkout repository	2025-05-08T10:49:51.0615139Z ##[group]Determining the checkout info
job-core	Checkout repository	2025-05-08T10:49:51.0615615Z ##[endgroup]
job-core	Checkout repository	2025-05-08T10:49:51.0618626Z [command]/usr/bin/git sparse-checkout disable
job-core	Checkout repository	2025-05-08T10:49:51.0679602Z [command]/usr/bin/git config --local --unset-all extensions.worktreeConfig
job-core	Checkout repository	2025-05-08T10:49:51.0703872Z ##[group]Checking out the ref
job-core	Checkout repository	2025-05-08T10:49:51.0706708Z [command]/usr/bin/git checkout --progress --force -B main refs/remotes/origin/main
job-core	Checkout repository	2025-05-08T10:49:51.0868473Z Previous HEAD position was 5eb8e14d Merge bc91c386360b03359ecf526efc4752648328d56f into 91e3cf17271a91a04b5a0913bf0c2aea84806817
job-core	Checkout repository	2025-05-08T10:49:51.0870417Z Switched to a new branch 'main'
job-core	Checkout repository	2025-05-08T10:49:51.0871132Z branch 'main' set up to track 'origin/main'.
job-core	Checkout repository	2025-05-08T10:49:51.0878930Z ##[endgroup]
job-core	Checkout repository	2025-05-08T10:49:51.0921612Z [command]/usr/bin/git log -1 --format=%H
job-core	Checkout repository	2025-05-08T10:49:51.0948780Z e1eb28932abac5fdec158d4***7cdc9***ae57b42e
job-core	Limpiar caché local antes del despliegue	﻿2025-05-08T10:49:51.1095130Z ##[group]Run echo "Limpiando caché local de GitHub Actions runner..."
job-core	Limpiar caché local antes del despliegue	2025-05-08T10:49:51.1095651Z [36;1mecho "Limpiando caché local de GitHub Actions runner..."[0m
job-core	Limpiar caché local antes del despliegue	2025-05-08T10:49:51.1095977Z [36;1mif [ -d ~/.cache ]; then[0m
job-core	Limpiar caché local antes del despliegue	2025-05-08T10:49:51.1096202Z [36;1m  rm -rf ~/.cache/*[0m
job-core	Limpiar caché local antes del despliegue	2025-05-08T10:49:51.1096462Z [36;1m  echo "Caché local eliminada."[0m
job-core	Limpiar caché local antes del despliegue	2025-05-08T10:49:51.1096643Z [36;1melse[0m
job-core	Limpiar caché local antes del despliegue	2025-05-08T10:49:51.1096822Z [36;1m  echo "No se encontró directorio de caché local."[0m
job-core	Limpiar caché local antes del despliegue	2025-05-08T10:49:51.1097038Z [36;1mfi[0m
job-core	Limpiar caché local antes del despliegue	2025-05-08T10:49:51.1102786Z shell: /usr/bin/bash -e {0}
job-core	Limpiar caché local antes del despliegue	2025-05-08T10:49:51.1102975Z env:
job-core	Limpiar caché local antes del despliegue	2025-05-08T10:49:51.1103126Z   KAOS_CODE: 14904723126
job-core	Limpiar caché local antes del despliegue	2025-05-08T10:49:51.1103450Z   KAOS_EVENT_NAME: push
job-core	Limpiar caché local antes del despliegue	2025-05-08T10:49:51.1103600Z   KAOS_ACTION: 
job-core	Limpiar caché local antes del despliegue	2025-05-08T10:49:51.1103868Z   KAOS_REF: refs/heads/main
job-core	Limpiar caché local antes del despliegue	2025-05-08T10:49:51.1104028Z   KAOS_MODULE: [Ka0S] Deploy Webs
job-core	Limpiar caché local antes del despliegue	2025-05-08T10:49:51.1104317Z   KAOS_PATH_ORIGIN: core/results/webs/dashboard/
job-core	Limpiar caché local antes del despliegue	2025-05-08T10:49:51.1104633Z   KAOS_PATH_WEB: /html/dashboard/
job-core	Limpiar caché local antes del despliegue	2025-05-08T10:49:51.1104897Z   KAOS_PATH_RESUME: core/results/dw/
job-core	Limpiar caché local antes del despliegue	2025-05-08T10:49:51.1105138Z   KAOS_FILE_STATE: ftp-deploy-sync-state.json
job-core	Limpiar caché local antes del despliegue	2025-05-08T10:49:51.1105521Z   KAOS_ACTOR: jorgecg646
job-core	Limpiar caché local antes del despliegue	2025-05-08T10:49:51.1105767Z   KAOS_CACHE_BUSTER: 14904723126-***4
job-core	Limpiar caché local antes del despliegue	2025-05-08T10:49:51.1105960Z ##[endgroup]
job-core	Limpiar caché local antes del despliegue	2025-05-08T10:49:51.1145297Z Limpiando caché local de GitHub Actions runner...
job-core	Limpiar caché local antes del despliegue	2025-05-08T10:49:51.1146323Z No se encontró directorio de caché local.
job-core	Deploy Dashboard to Web Server via SFTP	﻿2025-05-08T10:49:51.1205537Z ##[group]Run SamKirkland/FTP-Deploy-Action@v4.3.4
job-core	Deploy Dashboard to Web Server via SFTP	2025-05-08T10:49:51.1205794Z with:
job-core	Deploy Dashboard to Web Server via SFTP	2025-05-08T10:49:51.1205987Z   server: ***
job-core	Deploy Dashboard to Web Server via SFTP	2025-05-08T10:49:51.1206141Z   username: ***
job-core	Deploy Dashboard to Web Server via SFTP	2025-05-08T10:49:51.1206301Z   password: ***
job-core	Deploy Dashboard to Web Server via SFTP	2025-05-08T10:49:51.1206469Z   port: ***
job-core	Deploy Dashboard to Web Server via SFTP	2025-05-08T10:49:51.1206620Z   local-dir: core/results/webs/dashboard/
job-core	Deploy Dashboard to Web Server via SFTP	2025-05-08T10:49:51.1206811Z   server-dir: /html/dashboard/
job-core	Deploy Dashboard to Web Server via SFTP	2025-05-08T10:49:51.1206987Z   dangerous-clean-slate: true
job-core	Deploy Dashboard to Web Server via SFTP	2025-05-08T10:49:51.1207180Z   state-name: 14904723126-ftp-deploy-sync-state.json
job-core	Deploy Dashboard to Web Server via SFTP	2025-05-08T10:49:51.1207400Z   exclude: **/.git*
job-core	Deploy Dashboard to Web Server via SFTP	**/.git*/**
job-core	Deploy Dashboard to Web Server via SFTP	**/node_modules/**
job-core	Deploy Dashboard to Web Server via SFTP	
job-core	Deploy Dashboard to Web Server via SFTP	2025-05-08T10:49:51.1207594Z env:
job-core	Deploy Dashboard to Web Server via SFTP	2025-05-08T10:49:51.1207726Z   KAOS_CODE: 14904723126
job-core	Deploy Dashboard to Web Server via SFTP	2025-05-08T10:49:51.1207899Z   KAOS_EVENT_NAME: push
job-core	Deploy Dashboard to Web Server via SFTP	2025-05-08T10:49:51.1208050Z   KAOS_ACTION: 
job-core	Deploy Dashboard to Web Server via SFTP	2025-05-08T10:49:51.1208196Z   KAOS_REF: refs/heads/main
job-core	Deploy Dashboard to Web Server via SFTP	2025-05-08T10:49:51.1208362Z   KAOS_MODULE: [Ka0S] Deploy Webs
job-core	Deploy Dashboard to Web Server via SFTP	2025-05-08T10:49:51.1208554Z   KAOS_PATH_ORIGIN: core/results/webs/dashboard/
job-core	Deploy Dashboard to Web Server via SFTP	2025-05-08T10:49:51.1208776Z   KAOS_PATH_WEB: /html/dashboard/
job-core	Deploy Dashboard to Web Server via SFTP	2025-05-08T10:49:51.1208950Z   KAOS_PATH_RESUME: core/results/dw/
job-core	Deploy Dashboard to Web Server via SFTP	2025-05-08T10:49:51.1209143Z   KAOS_FILE_STATE: ftp-deploy-sync-state.json
job-core	Deploy Dashboard to Web Server via SFTP	2025-05-08T10:49:51.1209343Z   KAOS_ACTOR: jorgecg646
job-core	Deploy Dashboard to Web Server via SFTP	2025-05-08T10:49:51.1209526Z   KAOS_CACHE_BUSTER: 14904723126-***4
job-core	Deploy Dashboard to Web Server via SFTP	2025-05-08T10:49:51.1209723Z ##[endgroup]
job-core	Deploy Dashboard to Web Server via SFTP	2025-05-08T10:49:51.1560425Z ----------------------------------------------------------------
job-core	Deploy Dashboard to Web Server via SFTP	2025-05-08T10:49:51.1563586Z 🚀 Thanks for using ftp-deploy. Let's deploy some stuff!   
job-core	Deploy Dashboard to Web Server via SFTP	2025-05-08T10:49:51.1564495Z ----------------------------------------------------------------
job-core	Deploy Dashboard to Web Server via SFTP	2025-05-08T10:49:51.1564858Z If you found this project helpful, please support it
job-core	Deploy Dashboard to Web Server via SFTP	2025-05-08T10:49:51.1565309Z by giving it a ⭐ on Github --> https://github.com/SamKirkland/FTP-Deploy-Action
job-core	Deploy Dashboard to Web Server via SFTP	2025-05-08T10:49:51.1565948Z or add a badge 🏷️ to your projects readme --> https://github.com/SamKirkland/FTP-Deploy-Action#badge
job-core	Deploy Dashboard to Web Server via SFTP	2025-05-08T10:49:51.3982264Z ----------------------------------------------------------------
job-core	Deploy Dashboard to Web Server via SFTP	2025-05-08T10:49:51.3983214Z 🗑️ Removing all files on the server because 'dangerous-clean-slate' was set, this will make the deployment very slow...
job-core	Deploy Dashboard to Web Server via SFTP	2025-05-08T10:49:53.4970822Z Clear complete
job-core	Deploy Dashboard to Web Server via SFTP	2025-05-08T10:49:53.4971245Z ----------------------------------------------------------------
job-core	Deploy Dashboard to Web Server via SFTP	2025-05-08T10:49:53.4972395Z No file exists on the server "/html/dashboard/14904723126-ftp-deploy-sync-state.json" - this must be your first publish! 🎉
job-core	Deploy Dashboard to Web Server via SFTP	2025-05-08T10:49:53.4973235Z The first publish will take a while... but once the initial sync is done only differences are published!
job-core	Deploy Dashboard to Web Server via SFTP	2025-05-08T10:49:53.4974048Z If you get this message and its NOT your first publish, something is wrong.
job-core	Deploy Dashboard to Web Server via SFTP	2025-05-08T10:49:53.4974673Z ----------------------------------------------------------------
job-core	Deploy Dashboard to Web Server via SFTP	2025-05-08T10:49:53.5055603Z Local Files:	50
job-core	Deploy Dashboard to Web Server via SFTP	2025-05-08T10:49:53.5056365Z Server Files:	0
job-core	Deploy Dashboard to Web Server via SFTP	2025-05-08T10:49:53.5056602Z ----------------------------------------------------------------
job-core	Deploy Dashboard to Web Server via SFTP	2025-05-08T10:49:53.5057108Z Calculating differences between client & server
job-core	Deploy Dashboard to Web Server via SFTP	2025-05-08T10:49:53.5057465Z ----------------------------------------------------------------
job-core	Deploy Dashboard to Web Server via SFTP	2025-05-08T10:49:53.5065112Z 📁 Create: custom
job-core	Deploy Dashboard to Web Server via SFTP	2025-05-08T10:49:53.5066014Z 📁 Create: data
job-core	Deploy Dashboard to Web Server via SFTP	2025-05-08T10:49:53.5066357Z 📁 Create: js
job-core	Deploy Dashboard to Web Server via SFTP	2025-05-08T10:49:53.5066800Z 📁 Create: structure
job-core	Deploy Dashboard to Web Server via SFTP	2025-05-08T10:49:53.5067245Z 📁 Create: structure/actionsPerformance
job-core	Deploy Dashboard to Web Server via SFTP	2025-05-08T10:49:53.5067670Z 📁 Create: structure/backLogs
job-core	Deploy Dashboard to Web Server via SFTP	2025-05-08T10:49:53.5068022Z 📁 Create: structure/endWorkflow
job-core	Deploy Dashboard to Web Server via SFTP	2025-05-08T10:49:53.5068419Z 📁 Create: structure/handlerFailure
job-core	Deploy Dashboard to Web Server via SFTP	2025-05-08T10:49:53.5068819Z 📁 Create: structure/handlerSuccess
job-core	Deploy Dashboard to Web Server via SFTP	2025-05-08T10:49:53.5069191Z 📁 Create: structure/inicio
job-core	Deploy Dashboard to Web Server via SFTP	2025-05-08T10:49:53.5069904Z 📁 Create: structure/leadTime
job-core	Deploy Dashboard to Web Server via SFTP	2025-05-08T10:49:53.5070282Z 📁 Create: structure/workflows
job-core	Deploy Dashboard to Web Server via SFTP	2025-05-08T10:49:53.5070643Z 📁 Create: temp_sections
job-core	Deploy Dashboard to Web Server via SFTP	2025-05-08T10:49:53.5070970Z 📁 Create: templates
job-core	Deploy Dashboard to Web Server via SFTP	2025-05-08T10:49:53.5071285Z 📄 Upload: custom/custom.html
job-core	Deploy Dashboard to Web Server via SFTP	2025-05-08T10:49:53.5071594Z 📄 Upload: dashboard.html
job-core	Deploy Dashboard to Web Server via SFTP	2025-05-08T10:49:53.5072167Z 📄 Upload: data/data.html
job-core	Deploy Dashboard to Web Server via SFTP	2025-05-08T10:49:53.5072444Z 📄 Upload: data/data.json
job-core	Deploy Dashboard to Web Server via SFTP	2025-05-08T10:49:53.5072749Z 📄 Upload: data/kaos-issue.json
job-core	Deploy Dashboard to Web Server via SFTP	2025-05-08T10:49:53.5073125Z 📄 Upload: data/kaos-repository-global-statistics.json
job-core	Deploy Dashboard to Web Server via SFTP	2025-05-08T10:49:53.5073557Z 📄 Upload: data/kaos-repository-statistics.json
job-core	Deploy Dashboard to Web Server via SFTP	2025-05-08T10:49:53.5074022Z 📄 Upload: data/kaos-workflows-available.json
job-core	Deploy Dashboard to Web Server via SFTP	2025-05-08T10:49:53.5074434Z 📄 Upload: data/kaos-workflows-runs.json
job-core	Deploy Dashboard to Web Server via SFTP	2025-05-08T10:49:53.5074783Z 📄 Upload: data/seccion1.json
job-core	Deploy Dashboard to Web Server via SFTP	2025-05-08T10:49:53.5075082Z 📄 Upload: data/seccion2.json
job-core	Deploy Dashboard to Web Server via SFTP	2025-05-08T10:49:53.5075374Z 📄 Upload: data/webs.json
job-core	Deploy Dashboard to Web Server via SFTP	2025-05-08T10:49:53.5075668Z 📄 Upload: js/actionsPerformance.js
job-core	Deploy Dashboard to Web Server via SFTP	2025-05-08T10:49:53.5076003Z 📄 Upload: js/data-list.js
job-core	Deploy Dashboard to Web Server via SFTP	2025-05-08T10:49:53.5076276Z 📄 Upload: js/data.js
job-core	Deploy Dashboard to Web Server via SFTP	2025-05-08T10:49:53.5076542Z 📄 Upload: js/graphic.js
job-core	Deploy Dashboard to Web Server via SFTP	2025-05-08T10:49:53.5076806Z 📄 Upload: js/js.html
job-core	Deploy Dashboard to Web Server via SFTP	2025-05-08T10:49:53.5077093Z 📄 Upload: js/leadtime.js
job-core	Deploy Dashboard to Web Server via SFTP	2025-05-08T10:49:53.5077372Z 📄 Upload: js/leadTime.js
job-core	Deploy Dashboard to Web Server via SFTP	2025-05-08T10:49:53.5077656Z 📄 Upload: js/navbar.js
job-core	Deploy Dashboard to Web Server via SFTP	2025-05-08T10:49:53.5077932Z 📄 Upload: js/orchestrator.js
job-core	Deploy Dashboard to Web Server via SFTP	2025-05-08T10:49:53.5078224Z 📄 Upload: js/structure.js
job-core	Deploy Dashboard to Web Server via SFTP	2025-05-08T10:49:53.5078642Z 📄 Upload: structure/actionsPerformance/actionsPerformance.html
job-core	Deploy Dashboard to Web Server via SFTP	2025-05-08T10:49:53.5079079Z 📄 Upload: structure/backLogs/backLogs.html
job-core	Deploy Dashboard to Web Server via SFTP	2025-05-08T10:49:53.5079464Z 📄 Upload: structure/endWorkflow/endWorkflow.html
job-core	Deploy Dashboard to Web Server via SFTP	2025-05-08T10:49:53.5079893Z 📄 Upload: structure/handlerFailure/handlerFailure.html
job-core	Deploy Dashboard to Web Server via SFTP	2025-05-08T10:49:53.5080340Z 📄 Upload: structure/handlerSuccess/handlerSuccess.html
job-core	Deploy Dashboard to Web Server via SFTP	2025-05-08T10:49:53.5080731Z 📄 Upload: structure/inicio/inicio.html
job-core	Deploy Dashboard to Web Server via SFTP	2025-05-08T10:49:53.5081098Z 📄 Upload: structure/leadTime/leadTime.html
job-core	Deploy Dashboard to Web Server via SFTP	2025-05-08T10:49:53.5081445Z 📄 Upload: structure/structure.html
job-core	Deploy Dashboard to Web Server via SFTP	2025-05-08T10:49:53.5081797Z 📄 Upload: structure/workflows/workflows.html
job-core	Deploy Dashboard to Web Server via SFTP	2025-05-08T10:49:53.5082148Z 📄 Upload: temp_sections/data-list.html
job-core	Deploy Dashboard to Web Server via SFTP	2025-05-08T10:49:53.5082490Z 📄 Upload: temp_sections/inicio.html
job-core	Deploy Dashboard to Web Server via SFTP	2025-05-08T10:49:53.5082856Z 📄 Upload: temp_sections/section1inicio.html
job-core	Deploy Dashboard to Web Server via SFTP	2025-05-08T10:49:53.5083201Z 📄 Upload: templates/navbar.html
job-core	Deploy Dashboard to Web Server via SFTP	2025-05-08T10:49:53.5083520Z 📄 Upload: templates/templates.html
job-core	Deploy Dashboard to Web Server via SFTP	2025-05-08T10:49:53.5083906Z ----------------------------------------------------------------
job-core	Deploy Dashboard to Web Server via SFTP	2025-05-08T10:49:53.5084317Z Making changes to 50 files/folders to sync server state
job-core	Deploy Dashboard to Web Server via SFTP	2025-05-08T10:49:53.5084691Z Uploading: 6.01 MB -- Deleting: 0 B -- Replacing: 0 B
job-core	Deploy Dashboard to Web Server via SFTP	2025-05-08T10:49:53.5085296Z ----------------------------------------------------------------
job-core	Deploy Dashboard to Web Server via SFTP	2025-05-08T10:49:53.5085616Z creating folder "custom/"
job-core	Deploy Dashboard to Web Server via SFTP	2025-05-08T10:49:53.5422430Z creating folder "data/"
job-core	Deploy Dashboard to Web Server via SFTP	2025-05-08T10:49:53.5761346Z creating folder "js/"
job-core	Deploy Dashboard to Web Server via SFTP	2025-05-08T10:49:53.8230423Z creating folder "structure/"
job-core	Deploy Dashboard to Web Server via SFTP	2025-05-08T10:49:53.8624833Z creating folder "structure/actionsPerformance/"
job-core	Deploy Dashboard to Web Server via SFTP	2025-05-08T10:49:53.9322093Z creating folder "structure/backLogs/"
job-core	Deploy Dashboard to Web Server via SFTP	2025-05-08T10:49:54.0059987Z creating folder "structure/endWorkflow/"
job-core	Deploy Dashboard to Web Server via SFTP	2025-05-08T10:49:54.0743936Z creating folder "structure/handlerFailure/"
job-core	Deploy Dashboard to Web Server via SFTP	2025-05-08T10:49:54.1393019Z creating folder "structure/handlerSuccess/"
job-core	Deploy Dashboard to Web Server via SFTP	2025-05-08T10:49:54.2115668Z creating folder "structure/inicio/"
job-core	Deploy Dashboard to Web Server via SFTP	2025-05-08T10:49:54.2777284Z creating folder "structure/leadTime/"
job-core	Deploy Dashboard to Web Server via SFTP	2025-05-08T10:49:54.3579678Z creating folder "structure/workflows/"
job-core	Deploy Dashboard to Web Server via SFTP	2025-05-08T10:49:54.4318614Z creating folder "temp_sections/"
job-core	Deploy Dashboard to Web Server via SFTP	2025-05-08T10:49:54.4672988Z creating folder "templates/"
job-core	Deploy Dashboard to Web Server via SFTP	2025-05-08T10:49:54.5041137Z uploading "custom/custom.html"
job-core	Deploy Dashboard to Web Server via SFTP	2025-05-08T10:49:54.5692025Z uploading "dashboard.html"
job-core	Deploy Dashboard to Web Server via SFTP	2025-05-08T10:49:54.6348738Z uploading "data/data.html"
job-core	Deploy Dashboard to Web Server via SFTP	2025-05-08T10:49:54.6943182Z uploading "data/data.json"
job-core	Deploy Dashboard to Web Server via SFTP	2025-05-08T10:49:54.7564608Z uploading "data/kaos-issue.json"
job-core	Deploy Dashboard to Web Server via SFTP	2025-05-08T10:49:54.8956888Z uploading "data/kaos-repository-global-statistics.json"
job-core	Deploy Dashboard to Web Server via SFTP	2025-05-08T10:49:54.9521210Z uploading "data/kaos-repository-statistics.json"
job-core	Deploy Dashboard to Web Server via SFTP	2025-05-08T10:49:55.0068991Z uploading "data/kaos-workflows-available.json"
job-core	Deploy Dashboard to Web Server via SFTP	2025-05-08T10:49:55.0724999Z uploading "data/kaos-workflows-runs.json"
job-core	Deploy Dashboard to Web Server via SFTP	2025-05-08T10:49:55.2584612Z uploading "data/seccion1.json"
job-core	Deploy Dashboard to Web Server via SFTP	2025-05-08T10:49:55.3131403Z uploading "data/seccion2.json"
job-core	Deploy Dashboard to Web Server via SFTP	2025-05-08T10:49:55.3665582Z uploading "data/webs.json"
job-core	Deploy Dashboard to Web Server via SFTP	2025-05-08T10:49:55.4269895Z uploading "js/actionsPerformance.js"
job-core	Deploy Dashboard to Web Server via SFTP	2025-05-08T10:49:55.4869765Z uploading "js/data-list.js"
job-core	Deploy Dashboard to Web Server via SFTP	2025-05-08T10:49:55.5457109Z uploading "js/data.js"
job-core	Deploy Dashboard to Web Server via SFTP	2025-05-08T10:49:55.6036894Z uploading "js/graphic.js"
job-core	Deploy Dashboard to Web Server via SFTP	2025-05-08T10:49:55.6592481Z uploading "js/js.html"
job-core	Deploy Dashboard to Web Server via SFTP	2025-05-08T10:49:55.7223219Z uploading "js/leadtime.js"
job-core	Deploy Dashboard to Web Server via SFTP	2025-05-08T10:49:55.7797915Z uploading "js/leadTime.js"
job-core	Deploy Dashboard to Web Server via SFTP	2025-05-08T10:49:55.8360081Z uploading "js/navbar.js"
job-core	Deploy Dashboard to Web Server via SFTP	2025-05-08T10:49:55.8983353Z uploading "js/orchestrator.js"
job-core	Deploy Dashboard to Web Server via SFTP	2025-05-08T10:49:55.9920248Z uploading "js/structure.js"
job-core	Deploy Dashboard to Web Server via SFTP	2025-05-08T10:49:56.0550054Z uploading "structure/actionsPerformance/actionsPerformance.html"
job-core	Deploy Dashboard to Web Server via SFTP	2025-05-08T10:49:56.1182771Z uploading "structure/backLogs/backLogs.html"
job-core	Deploy Dashboard to Web Server via SFTP	2025-05-08T10:49:56.1847037Z uploading "structure/endWorkflow/endWorkflow.html"
job-core	Deploy Dashboard to Web Server via SFTP	2025-05-08T10:49:56.2487570Z uploading "structure/handlerFailure/handlerFailure.html"
job-core	Deploy Dashboard to Web Server via SFTP	2025-05-08T10:49:56.3126945Z uploading "structure/handlerSuccess/handlerSuccess.html"
job-core	Deploy Dashboard to Web Server via SFTP	2025-05-08T10:49:56.3770991Z uploading "structure/inicio/inicio.html"
job-core	Deploy Dashboard to Web Server via SFTP	2025-05-08T10:49:56.4419880Z uploading "structure/leadTime/leadTime.html"
job-core	Deploy Dashboard to Web Server via SFTP	2025-05-08T10:49:56.4955064Z uploading "structure/structure.html"
job-core	Deploy Dashboard to Web Server via SFTP	2025-05-08T10:49:56.5512877Z uploading "structure/workflows/workflows.html"
job-core	Deploy Dashboard to Web Server via SFTP	2025-05-08T10:49:56.6073333Z uploading "temp_sections/data-list.html"
job-core	Deploy Dashboard to Web Server via SFTP	2025-05-08T10:49:56.6657776Z uploading "temp_sections/inicio.html"
job-core	Deploy Dashboard to Web Server via SFTP	2025-05-08T10:49:56.7284861Z uploading "temp_sections/section1inicio.html"
job-core	Deploy Dashboard to Web Server via SFTP	2025-05-08T10:49:56.7877383Z uploading "templates/navbar.html"
job-core	Deploy Dashboard to Web Server via SFTP	2025-05-08T10:49:56.8630564Z uploading "templates/templates.html"
job-core	Deploy Dashboard to Web Server via SFTP	2025-05-08T10:49:56.9200255Z ----------------------------------------------------------------
job-core	Deploy Dashboard to Web Server via SFTP	2025-05-08T10:49:56.9201508Z 🎉 Sync complete. Saving current server state to "/html/dashboard/14904723126-ftp-deploy-sync-state.json"
job-core	Deploy Dashboard to Web Server via SFTP	2025-05-08T10:49:56.9766074Z ----------------------------------------------------------------
job-core	Deploy Dashboard to Web Server via SFTP	2025-05-08T10:49:56.9766557Z Time spent hashing: 20 milliseconds
job-core	Deploy Dashboard to Web Server via SFTP	2025-05-08T10:49:56.9766941Z Time spent connecting to server: 166 milliseconds
job-core	Deploy Dashboard to Web Server via SFTP	2025-05-08T10:49:56.9767341Z Time spent deploying: 3.4 seconds (1.73 MB/second)
job-core	Deploy Dashboard to Web Server via SFTP	2025-05-08T10:49:56.9767708Z   - changing dirs: 575 milliseconds
job-core	Deploy Dashboard to Web Server via SFTP	2025-05-08T10:49:56.9768145Z   - logging: 10 milliseconds
job-core	Deploy Dashboard to Web Server via SFTP	2025-05-08T10:49:56.9768620Z ----------------------------------------------------------------
job-core	Deploy Dashboard to Web Server via SFTP	2025-05-08T10:49:56.9768994Z Total time: 5.8 seconds
job-core	Deploy Dashboard to Web Server via SFTP	2025-05-08T10:49:56.9770974Z ----------------------------------------------------------------
job-core	Post Checkout repository	﻿2025-05-08T10:49:56.9962627Z Post job cleanup.
job-core	Post Checkout repository	2025-05-08T10:49:57.0563350Z [command]/usr/bin/git version
job-core	Post Checkout repository	2025-05-08T10:49:57.0588944Z git version 2.43.0
job-core	Post Checkout repository	2025-05-08T10:49:57.0613417Z Copying '/home/kaos/.gitconfig' to '/actions-runner/_work/_temp/88890f28-de31-485a-98e2-52db0e115139/.gitconfig'
job-core	Post Checkout repository	2025-05-08T10:49:57.0625599Z Temporarily overriding HOME='/actions-runner/_work/_temp/88890f28-de31-485a-98e2-52db0e115139' before making global git config changes
job-core	Post Checkout repository	2025-05-08T10:49:57.0626922Z Adding repository directory to the temporary git global config as a safe directory
job-core	Post Checkout repository	2025-05-08T10:49:57.0631620Z [command]/usr/bin/git config --global --add safe.directory /actions-runner/_work/ka0s/ka0s
job-core	Post Checkout repository	2025-05-08T10:49:57.0723265Z [command]/usr/bin/git config --local --name-only --get-regexp core\.sshCommand
job-core	Post Checkout repository	2025-05-08T10:49:57.0752698Z [command]/usr/bin/git submodule foreach --recursive sh -c "git config --local --name-only --get-regexp 'core\.sshCommand' && git config --local --unset-all 'core.sshCommand' || :"
job-core	Post Checkout repository	2025-05-08T10:49:57.0985995Z [command]/usr/bin/git config --local --name-only --get-regexp http\.https\:\/\/github\.com\/\.extraheader
job-core	Post Checkout repository	2025-05-08T10:49:57.1006606Z http.https://github.com/.extraheader
job-core	Post Checkout repository	2025-05-08T10:49:57.1019336Z [command]/usr/bin/git config --local --unset-all http.https://github.com/.extraheader
job-core	Post Checkout repository	2025-05-08T10:49:57.1043771Z [command]/usr/bin/git submodule foreach --recursive sh -c "git config --local --name-only --get-regexp 'http\.https\:\/\/github\.com\/\.extraheader' && git config --local --unset-all 'http.https://github.com/.extraheader' || :"
job-core	Complete job	﻿2025-05-08T10:49:57.1359990Z Cleaning up orphan processes
handle-success	Set up job	﻿2025-05-08T10:50:02.3399416Z Current runner version: '2.323.0'
handle-success	Set up job	2025-05-08T10:50:02.3403476Z Runner name: 'ka0s-9'
handle-success	Set up job	2025-05-08T10:50:02.3404070Z Machine name: '26a53205c9ac'
handle-success	Set up job	2025-05-08T10:50:02.3405631Z ##[group]GITHUB_TOKEN Permissions
handle-success	Set up job	2025-05-08T10:50:02.3407061Z Contents: read
handle-success	Set up job	2025-05-08T10:50:02.3407363Z Metadata: read
handle-success	Set up job	2025-05-08T10:50:02.3407654Z Packages: read
handle-success	Set up job	2025-05-08T10:50:02.3407940Z ##[endgroup]
handle-success	Set up job	2025-05-08T10:50:02.3409120Z Secret source: Actions
handle-success	Set up job	2025-05-08T10:50:02.3409472Z Prepare workflow directory
handle-success	Set up job	2025-05-08T10:50:02.3813397Z Prepare all required actions
handle-success	Set up job	2025-05-08T10:50:02.3841501Z Getting action download info
handle-success	Set up job	2025-05-08T10:50:02.8506250Z Download action repository 'actions/checkout@v4' (SHA:11bd71901bbe5b1630ceea73d27597364c9af683)
handle-success	Set up job	2025-05-08T10:50:03.5527215Z Complete job name: handle-success
handle-success	Checkout code	﻿2025-05-08T10:50:03.5811498Z ##[group]Run actions/checkout@v4
handle-success	Checkout code	2025-05-08T10:50:03.5811984Z with:
handle-success	Checkout code	2025-05-08T10:50:03.5812237Z   fetch-depth: 0
handle-success	Checkout code	2025-05-08T10:50:03.5812644Z   token: ***
handle-success	Checkout code	2025-05-08T10:50:03.5812906Z   repository: Ka0s-Klaus/ka0s
handle-success	Checkout code	2025-05-08T10:50:03.5813246Z   ssh-strict: true
handle-success	Checkout code	2025-05-08T10:50:03.5813552Z   ssh-user: git
handle-success	Checkout code	2025-05-08T10:50:03.5813919Z   persist-credentials: true
handle-success	Checkout code	2025-05-08T10:50:03.5814252Z   clean: true
handle-success	Checkout code	2025-05-08T10:50:03.5814528Z   sparse-checkout-cone-mode: true
handle-success	Checkout code	2025-05-08T10:50:03.5814850Z   fetch-tags: false
handle-success	Checkout code	2025-05-08T10:50:03.5815121Z   show-progress: true
handle-success	Checkout code	2025-05-08T10:50:03.5815394Z   lfs: false
handle-success	Checkout code	2025-05-08T10:50:03.5815635Z   submodules: false
handle-success	Checkout code	2025-05-08T10:50:03.5815906Z   set-safe-directory: true
handle-success	Checkout code	2025-05-08T10:50:03.5816313Z env:
handle-success	Checkout code	2025-05-08T10:50:03.5816561Z   KAOS_CODE: 14904723126
handle-success	Checkout code	2025-05-08T10:50:03.5816850Z   KAOS_EVENT_NAME: push
handle-success	Checkout code	2025-05-08T10:50:03.5817122Z   KAOS_ACTION: 
handle-success	Checkout code	2025-05-08T10:50:03.5817386Z   KAOS_REF: refs/heads/main
handle-success	Checkout code	2025-05-08T10:50:03.5817685Z   KAOS_MODULE: [Ka0S] Deploy Webs
handle-success	Checkout code	2025-05-08T10:50:03.5818051Z   KAOS_PATH_ORIGIN: core/results/webs/dashboard/
handle-success	Checkout code	2025-05-08T10:50:03.5818426Z   KAOS_PATH_WEB: /html/dashboard/
handle-success	Checkout code	2025-05-08T10:50:03.5818750Z   KAOS_PATH_RESUME: core/results/dw/
handle-success	Checkout code	2025-05-08T10:50:03.5819106Z   KAOS_FILE_STATE: ftp-deploy-sync-state.json
handle-success	Checkout code	2025-05-08T10:50:03.5819472Z   KAOS_ACTOR: jorgecg646
handle-success	Checkout code	2025-05-08T10:50:03.5819767Z   KAOS_CACHE_BUSTER: 14904723126-214
handle-success	Checkout code	2025-05-08T10:50:03.5820082Z ##[endgroup]
handle-success	Checkout code	2025-05-08T10:50:03.6521144Z Syncing repository: Ka0s-Klaus/ka0s
handle-success	Checkout code	2025-05-08T10:50:03.6522667Z ##[group]Getting Git version info
handle-success	Checkout code	2025-05-08T10:50:03.6523187Z Working directory is '/actions-runner/_work/ka0s/ka0s'
handle-success	Checkout code	2025-05-08T10:50:03.6523989Z [command]/usr/bin/git version
handle-success	Checkout code	2025-05-08T10:50:03.6524533Z git version 2.43.0
handle-success	Checkout code	2025-05-08T10:50:03.6540199Z ##[endgroup]
handle-success	Checkout code	2025-05-08T10:50:03.6549006Z Copying '/home/kaos/.gitconfig' to '/actions-runner/_work/_temp/713a123c-d0fc-481d-b2f3-b3edeb16444b/.gitconfig'
handle-success	Checkout code	2025-05-08T10:50:03.6565257Z Temporarily overriding HOME='/actions-runner/_work/_temp/713a123c-d0fc-481d-b2f3-b3edeb16444b' before making global git config changes
handle-success	Checkout code	2025-05-08T10:50:03.6567107Z Adding repository directory to the temporary git global config as a safe directory
handle-success	Checkout code	2025-05-08T10:50:03.6568775Z [command]/usr/bin/git config --global --add safe.directory /actions-runner/_work/ka0s/ka0s
handle-success	Checkout code	2025-05-08T10:50:03.6661801Z [command]/usr/bin/git config --local --get remote.origin.url
handle-success	Checkout code	2025-05-08T10:50:03.6680340Z https://github.com/Ka0s-Klaus/ka0s
handle-success	Checkout code	2025-05-08T10:50:03.6693537Z ##[group]Removing previously created refs, to avoid conflicts
handle-success	Checkout code	2025-05-08T10:50:03.6694675Z [command]/usr/bin/git rev-parse --symbolic-full-name --verify --quiet HEAD
handle-success	Checkout code	2025-05-08T10:50:03.6717369Z refs/heads/H220-web-de-resultados
handle-success	Checkout code	2025-05-08T10:50:03.6728804Z [command]/usr/bin/git checkout --detach
handle-success	Checkout code	2025-05-08T10:50:03.6831605Z HEAD is now at 2a248692 Merge branch 'H220-web-de-resultados' of https://github.com/Ka0s-Klaus/ka0s into H220-web-de-resultados
handle-success	Checkout code	2025-05-08T10:50:03.6878195Z [command]/usr/bin/git branch --delete --force H220-web-de-resultados
handle-success	Checkout code	2025-05-08T10:50:03.6908673Z Deleted branch H220-web-de-resultados (was 2a248692).
handle-success	Checkout code	2025-05-08T10:50:03.6959182Z ##[endgroup]
handle-success	Checkout code	2025-05-08T10:50:03.6959594Z [command]/usr/bin/git submodule status
handle-success	Checkout code	2025-05-08T10:50:03.7187470Z ##[group]Cleaning the repository
handle-success	Checkout code	2025-05-08T10:50:03.7189114Z [command]/usr/bin/git clean -ffdx
handle-success	Checkout code	2025-05-08T10:50:03.7237675Z [command]/usr/bin/git reset --hard HEAD
handle-success	Checkout code	2025-05-08T10:50:03.7386084Z HEAD is now at 2a248692 Merge branch 'H220-web-de-resultados' of https://github.com/Ka0s-Klaus/ka0s into H220-web-de-resultados
handle-success	Checkout code	2025-05-08T10:50:03.7388350Z ##[endgroup]
handle-success	Checkout code	2025-05-08T10:50:03.7388963Z ##[group]Disabling automatic garbage collection
handle-success	Checkout code	2025-05-08T10:50:03.7403794Z [command]/usr/bin/git config --local gc.auto 0
handle-success	Checkout code	2025-05-08T10:50:03.7428101Z ##[endgroup]
handle-success	Checkout code	2025-05-08T10:50:03.7428688Z ##[group]Setting up auth
handle-success	Checkout code	2025-05-08T10:50:03.7433070Z [command]/usr/bin/git config --local --name-only --get-regexp core\.sshCommand
handle-success	Checkout code	2025-05-08T10:50:03.7458006Z [command]/usr/bin/git submodule foreach --recursive sh -c "git config --local --name-only --get-regexp 'core\.sshCommand' && git config --local --unset-all 'core.sshCommand' || :"
handle-success	Checkout code	2025-05-08T10:50:03.7688177Z [command]/usr/bin/git config --local --name-only --get-regexp http\.https\:\/\/github\.com\/\.extraheader
handle-success	Checkout code	2025-05-08T10:50:03.7712990Z [command]/usr/bin/git submodule foreach --recursive sh -c "git config --local --name-only --get-regexp 'http\.https\:\/\/github\.com\/\.extraheader' && git config --local --unset-all 'http.https://github.com/.extraheader' || :"
handle-success	Checkout code	2025-05-08T10:50:03.7950434Z [command]/usr/bin/git config --local http.https://github.com/.extraheader AUTHORIZATION: basic ***
handle-success	Checkout code	2025-05-08T10:50:03.7985658Z ##[endgroup]
handle-success	Checkout code	2025-05-08T10:50:03.7986632Z ##[group]Fetching the repository
handle-success	Checkout code	2025-05-08T10:50:03.7991928Z [command]/usr/bin/git -c protocol.version=2 fetch --prune --no-recurse-submodules origin +refs/heads/*:refs/remotes/origin/* +refs/tags/*:refs/tags/*
handle-success	Checkout code	2025-05-08T10:50:04.6846229Z From https://github.com/Ka0s-Klaus/ka0s
handle-success	Checkout code	2025-05-08T10:50:04.6847280Z    2a248692..54986cf3  H220-web-de-resultados -> origin/H220-web-de-resultados
handle-success	Checkout code	2025-05-08T10:50:04.6851308Z    436d177c..e1eb2893  main                   -> origin/main
handle-success	Checkout code	2025-05-08T10:50:04.6856352Z  * [new tag]           0.0.125                -> 0.0.125
handle-success	Checkout code	2025-05-08T10:50:04.6911092Z [command]/usr/bin/git branch --list --remote origin/main
handle-success	Checkout code	2025-05-08T10:50:04.6940869Z   origin/main
handle-success	Checkout code	2025-05-08T10:50:04.6950096Z [command]/usr/bin/git rev-parse refs/remotes/origin/main
handle-success	Checkout code	2025-05-08T10:50:04.6973247Z e1eb28932abac5fdec158d4217cdc921ae57b42e
handle-success	Checkout code	2025-05-08T10:50:04.6978289Z ##[endgroup]
handle-success	Checkout code	2025-05-08T10:50:04.6979049Z ##[group]Determining the checkout info
handle-success	Checkout code	2025-05-08T10:50:04.6979837Z ##[endgroup]
handle-success	Checkout code	2025-05-08T10:50:04.6983116Z [command]/usr/bin/git sparse-checkout disable
handle-success	Checkout code	2025-05-08T10:50:04.7046224Z [command]/usr/bin/git config --local --unset-all extensions.worktreeConfig
handle-success	Checkout code	2025-05-08T10:50:04.7076170Z ##[group]Checking out the ref
handle-success	Checkout code	2025-05-08T10:50:04.7080653Z [command]/usr/bin/git checkout --progress --force -B main refs/remotes/origin/main
handle-success	Checkout code	2025-05-08T10:50:04.7286081Z Previous HEAD position was 2a248692 Merge branch 'H220-web-de-resultados' of https://github.com/Ka0s-Klaus/ka0s into H220-web-de-resultados
handle-success	Checkout code	2025-05-08T10:50:04.7287087Z Switched to a new branch 'main'
handle-success	Checkout code	2025-05-08T10:50:04.7287939Z branch 'main' set up to track 'origin/main'.
handle-success	Checkout code	2025-05-08T10:50:04.7293032Z ##[endgroup]
handle-success	Checkout code	2025-05-08T10:50:04.7352409Z [command]/usr/bin/git log -1 --format=%H
handle-success	Checkout code	2025-05-08T10:50:04.7363730Z e1eb28932abac5fdec158d4217cdc921ae57b42e
handle-success	handle-success-execution	﻿2025-05-08T10:50:04.7531445Z ##[group]Run # Si todo ha ido correcto añadimos el contenido del fichero
handle-success	handle-success-execution	2025-05-08T10:50:04.7532023Z [36;1m# Si todo ha ido correcto añadimos el contenido del fichero[0m
handle-success	handle-success-execution	2025-05-08T10:50:04.7532693Z [36;1m# gh issue comment $RNNUMBER --body "El proceso ha finalizado correctamente 14904723126. El resultado está en el fichero core/results/event_data_14904723126.log"[0m
handle-success	handle-success-execution	2025-05-08T10:50:04.7533476Z [36;1mecho "El proceso ha finalizado correctamente 14904723126. El resultado está en el fichero core/results/event_data_14904723126.log"[0m
handle-success	handle-success-execution	2025-05-08T10:50:04.7540334Z shell: /usr/bin/bash -e {0}
handle-success	handle-success-execution	2025-05-08T10:50:04.7540665Z env:
handle-success	handle-success-execution	2025-05-08T10:50:04.7541104Z   KAOS_CODE: 14904723126
handle-success	handle-success-execution	2025-05-08T10:50:04.7541399Z   KAOS_EVENT_NAME: push
handle-success	handle-success-execution	2025-05-08T10:50:04.7541697Z   KAOS_ACTION: 
handle-success	handle-success-execution	2025-05-08T10:50:04.7541993Z   KAOS_REF: refs/heads/main
handle-success	handle-success-execution	2025-05-08T10:50:04.7542300Z   KAOS_MODULE: [Ka0S] Deploy Webs
handle-success	handle-success-execution	2025-05-08T10:50:04.7542637Z   KAOS_PATH_ORIGIN: core/results/webs/dashboard/
handle-success	handle-success-execution	2025-05-08T10:50:04.7543164Z   KAOS_PATH_WEB: /html/dashboard/
handle-success	handle-success-execution	2025-05-08T10:50:04.7543520Z   KAOS_PATH_RESUME: core/results/dw/
handle-success	handle-success-execution	2025-05-08T10:50:04.7543949Z   KAOS_FILE_STATE: ftp-deploy-sync-state.json
handle-success	handle-success-execution	2025-05-08T10:50:04.7544290Z   KAOS_ACTOR: jorgecg646
handle-success	handle-success-execution	2025-05-08T10:50:04.7544751Z   KAOS_CACHE_BUSTER: 14904723126-214
handle-success	handle-success-execution	2025-05-08T10:50:04.7545346Z   GH_TOKEN: ***
handle-success	handle-success-execution	2025-05-08T10:50:04.7545645Z ##[endgroup]
handle-success	handle-success-execution	2025-05-08T10:50:04.7585478Z El proceso ha finalizado correctamente 14904723126. El resultado está en el fichero core/results/event_data_14904723126.log
handle-success	Post Checkout code	﻿2025-05-08T10:50:04.7644742Z Post job cleanup.
handle-success	Post Checkout code	2025-05-08T10:50:04.8302216Z [command]/usr/bin/git version
handle-success	Post Checkout code	2025-05-08T10:50:04.8330698Z git version 2.43.0
handle-success	Post Checkout code	2025-05-08T10:50:04.8372370Z Copying '/home/kaos/.gitconfig' to '/actions-runner/_work/_temp/453bc691-a5d4-432f-9476-4136e9c3e668/.gitconfig'
handle-success	Post Checkout code	2025-05-08T10:50:04.8387170Z Temporarily overriding HOME='/actions-runner/_work/_temp/453bc691-a5d4-432f-9476-4136e9c3e668' before making global git config changes
handle-success	Post Checkout code	2025-05-08T10:50:04.8387963Z Adding repository directory to the temporary git global config as a safe directory
handle-success	Post Checkout code	2025-05-08T10:50:04.8393722Z [command]/usr/bin/git config --global --add safe.directory /actions-runner/_work/ka0s/ka0s
handle-success	Post Checkout code	2025-05-08T10:50:04.8429467Z [command]/usr/bin/git config --local --name-only --get-regexp core\.sshCommand
handle-success	Post Checkout code	2025-05-08T10:50:04.8460317Z [command]/usr/bin/git submodule foreach --recursive sh -c "git config --local --name-only --get-regexp 'core\.sshCommand' && git config --local --unset-all 'core.sshCommand' || :"
handle-success	Post Checkout code	2025-05-08T10:50:04.8702117Z [command]/usr/bin/git config --local --name-only --get-regexp http\.https\:\/\/github\.com\/\.extraheader
handle-success	Post Checkout code	2025-05-08T10:50:04.8726972Z http.https://github.com/.extraheader
handle-success	Post Checkout code	2025-05-08T10:50:04.8739184Z [command]/usr/bin/git config --local --unset-all http.https://github.com/.extraheader
handle-success	Post Checkout code	2025-05-08T10:50:04.8771514Z [command]/usr/bin/git submodule foreach --recursive sh -c "git config --local --name-only --get-regexp 'http\.https\:\/\/github\.com\/\.extraheader' && git config --local --unset-all 'http.https://github.com/.extraheader' || :"
handle-success	Complete job	﻿2025-05-08T10:50:04.9101074Z Cleaning up orphan processes
end-workflow	Set up job	﻿2025-05-08T10:50:32.1237529Z Current runner version: '2.323.0'
end-workflow	Set up job	2025-05-08T10:50:32.1241356Z Runner name: 'ka0s-8'
end-workflow	Set up job	2025-05-08T10:50:32.1241899Z Machine name: '26a53205c9ac'
end-workflow	Set up job	2025-05-08T10:50:32.1243265Z ##[group]GITHUB_TOKEN Permissions
end-workflow	Set up job	2025-05-08T10:50:32.1244955Z Contents: read
end-workflow	Set up job	2025-05-08T10:50:32.1245323Z Metadata: read
end-workflow	Set up job	2025-05-08T10:50:32.1245613Z Packages: read
end-workflow	Set up job	2025-05-08T10:50:32.1245879Z ##[endgroup]
end-workflow	Set up job	2025-05-08T10:50:32.1247109Z Secret source: Actions
end-workflow	Set up job	2025-05-08T10:50:32.1247475Z Prepare workflow directory
end-workflow	Set up job	2025-05-08T10:50:32.1656944Z Prepare all required actions
end-workflow	Set up job	2025-05-08T10:50:32.1684346Z Getting action download info
end-workflow	Set up job	2025-05-08T10:50:32.6274252Z Download action repository 'actions/checkout@v4' (SHA:11bd71901bbe5b1630ceea73d27597364c9af683)
end-workflow	Set up job	2025-05-08T10:50:33.3402942Z Complete job name: end-workflow
end-workflow	Checkout code	﻿2025-05-08T10:50:33.3701374Z ##[group]Run actions/checkout@v4
end-workflow	Checkout code	2025-05-08T10:50:33.3701927Z with:
end-workflow	Checkout code	2025-05-08T10:50:33.3702212Z   fetch-depth: 0
end-workflow	Checkout code	2025-05-08T10:50:33.3702674Z   token: ***
end-workflow	Checkout code	2025-05-08T10:50:33.3702963Z   repository: Ka0s-Klaus/ka0s
end-workflow	Checkout code	2025-05-08T10:50:33.3703350Z   ssh-strict: true
end-workflow	Checkout code	2025-05-08T10:50:33.3703709Z   ssh-user: git
end-workflow	Checkout code	2025-05-08T10:50:33.3704017Z   persist-credentials: true
end-workflow	Checkout code	2025-05-08T10:50:33.3704357Z   clean: true
end-workflow	Checkout code	2025-05-08T10:50:33.3704672Z   sparse-checkout-cone-mode: true
end-workflow	Checkout code	2025-05-08T10:50:33.3705042Z   fetch-tags: false
end-workflow	Checkout code	2025-05-08T10:50:33.3705345Z   show-progress: true
end-workflow	Checkout code	2025-05-08T10:50:33.3705652Z   lfs: false
end-workflow	Checkout code	2025-05-08T10:50:33.3705934Z   submodules: false
end-workflow	Checkout code	2025-05-08T10:50:33.3706260Z   set-safe-directory: true
end-workflow	Checkout code	2025-05-08T10:50:33.3706699Z env:
end-workflow	Checkout code	2025-05-08T10:50:33.3706977Z   KAOS_CODE: 14904723126
end-workflow	Checkout code	2025-05-08T10:50:33.3707301Z   KAOS_EVENT_NAME: push
end-workflow	Checkout code	2025-05-08T10:50:33.3707613Z   KAOS_ACTION: 
end-workflow	Checkout code	2025-05-08T10:50:33.3707907Z   KAOS_REF: refs/heads/main
end-workflow	Checkout code	2025-05-08T10:50:33.3708250Z   KAOS_MODULE: [Ka0S] Deploy Webs
end-workflow	Checkout code	2025-05-08T10:50:33.3708673Z   KAOS_PATH_ORIGIN: core/results/webs/dashboard/
end-workflow	Checkout code	2025-05-08T10:50:33.3709102Z   KAOS_PATH_WEB: /html/dashboard/
end-workflow	Checkout code	2025-05-08T10:50:33.3709473Z   KAOS_PATH_RESUME: core/results/dw/
end-workflow	Checkout code	2025-05-08T10:50:33.3709879Z   KAOS_FILE_STATE: ftp-deploy-sync-state.json
end-workflow	Checkout code	2025-05-08T10:50:33.3710290Z   KAOS_ACTOR: jorgecg646
end-workflow	Checkout code	2025-05-08T10:50:33.3710629Z   KAOS_CACHE_BUSTER: 14904723126-214
end-workflow	Checkout code	2025-05-08T10:50:33.3711087Z   GH_TOKEN: ***
end-workflow	Checkout code	2025-05-08T10:50:33.3711383Z ##[endgroup]
end-workflow	Checkout code	2025-05-08T10:50:33.4410014Z Syncing repository: Ka0s-Klaus/ka0s
end-workflow	Checkout code	2025-05-08T10:50:33.4411753Z ##[group]Getting Git version info
end-workflow	Checkout code	2025-05-08T10:50:33.4412399Z Working directory is '/actions-runner/_work/ka0s/ka0s'
end-workflow	Checkout code	2025-05-08T10:50:33.4413376Z [command]/usr/bin/git version
end-workflow	Checkout code	2025-05-08T10:50:33.4413912Z git version 2.43.0
end-workflow	Checkout code	2025-05-08T10:50:33.4430236Z ##[endgroup]
end-workflow	Checkout code	2025-05-08T10:50:33.4435209Z Copying '/home/kaos/.gitconfig' to '/actions-runner/_work/_temp/ba40bd00-991b-4f94-9532-72ad4bb15135/.gitconfig'
end-workflow	Checkout code	2025-05-08T10:50:33.4452482Z Temporarily overriding HOME='/actions-runner/_work/_temp/ba40bd00-991b-4f94-9532-72ad4bb15135' before making global git config changes
end-workflow	Checkout code	2025-05-08T10:50:33.4454091Z Adding repository directory to the temporary git global config as a safe directory
end-workflow	Checkout code	2025-05-08T10:50:33.4455243Z [command]/usr/bin/git config --global --add safe.directory /actions-runner/_work/ka0s/ka0s
end-workflow	Checkout code	2025-05-08T10:50:33.4549321Z [command]/usr/bin/git config --local --get remote.origin.url
end-workflow	Checkout code	2025-05-08T10:50:33.4566779Z https://github.com/Ka0s-Klaus/ka0s
end-workflow	Checkout code	2025-05-08T10:50:33.4584612Z ##[group]Removing previously created refs, to avoid conflicts
end-workflow	Checkout code	2025-05-08T10:50:33.4588952Z [command]/usr/bin/git rev-parse --symbolic-full-name --verify --quiet HEAD
end-workflow	Checkout code	2025-05-08T10:50:33.4611385Z refs/heads/main
end-workflow	Checkout code	2025-05-08T10:50:33.4620114Z [command]/usr/bin/git checkout --detach
end-workflow	Checkout code	2025-05-08T10:50:33.4725253Z HEAD is now at e1eb2893 Merge pull request #1146 from Ka0s-Klaus/H220-web-de-resultados
end-workflow	Checkout code	2025-05-08T10:50:33.4769823Z [command]/usr/bin/git branch --delete --force main
end-workflow	Checkout code	2025-05-08T10:50:33.4801811Z Deleted branch main (was e1eb2893).
end-workflow	Checkout code	2025-05-08T10:50:33.4863095Z ##[endgroup]
end-workflow	Checkout code	2025-05-08T10:50:33.4866571Z [command]/usr/bin/git submodule status
end-workflow	Checkout code	2025-05-08T10:50:33.5099861Z ##[group]Cleaning the repository
end-workflow	Checkout code	2025-05-08T10:50:33.5101329Z [command]/usr/bin/git clean -ffdx
end-workflow	Checkout code	2025-05-08T10:50:33.5157464Z Removing core/results/webs/dashboard/14904723126-ftp-deploy-sync-state.json
end-workflow	Checkout code	2025-05-08T10:50:33.5168356Z [command]/usr/bin/git reset --hard HEAD
end-workflow	Checkout code	2025-05-08T10:50:33.5310791Z HEAD is now at e1eb2893 Merge pull request #1146 from Ka0s-Klaus/H220-web-de-resultados
end-workflow	Checkout code	2025-05-08T10:50:33.5313951Z ##[endgroup]
end-workflow	Checkout code	2025-05-08T10:50:33.5315171Z ##[group]Disabling automatic garbage collection
end-workflow	Checkout code	2025-05-08T10:50:33.5322810Z [command]/usr/bin/git config --local gc.auto 0
end-workflow	Checkout code	2025-05-08T10:50:33.5347362Z ##[endgroup]
end-workflow	Checkout code	2025-05-08T10:50:33.5348382Z ##[group]Setting up auth
end-workflow	Checkout code	2025-05-08T10:50:33.5351433Z [command]/usr/bin/git config --local --name-only --get-regexp core\.sshCommand
end-workflow	Checkout code	2025-05-08T10:50:33.5375828Z [command]/usr/bin/git submodule foreach --recursive sh -c "git config --local --name-only --get-regexp 'core\.sshCommand' && git config --local --unset-all 'core.sshCommand' || :"
end-workflow	Checkout code	2025-05-08T10:50:33.5601224Z [command]/usr/bin/git config --local --name-only --get-regexp http\.https\:\/\/github\.com\/\.extraheader
end-workflow	Checkout code	2025-05-08T10:50:33.5629586Z [command]/usr/bin/git submodule foreach --recursive sh -c "git config --local --name-only --get-regexp 'http\.https\:\/\/github\.com\/\.extraheader' && git config --local --unset-all 'http.https://github.com/.extraheader' || :"
end-workflow	Checkout code	2025-05-08T10:50:33.5859734Z [command]/usr/bin/git config --local http.https://github.com/.extraheader AUTHORIZATION: basic ***
end-workflow	Checkout code	2025-05-08T10:50:33.5902123Z ##[endgroup]
end-workflow	Checkout code	2025-05-08T10:50:33.5902929Z ##[group]Fetching the repository
end-workflow	Checkout code	2025-05-08T10:50:33.5911218Z [command]/usr/bin/git -c protocol.version=2 fetch --prune --no-recurse-submodules origin +refs/heads/*:refs/remotes/origin/* +refs/tags/*:refs/tags/*
end-workflow	Checkout code	2025-05-08T10:50:34.1339778Z [command]/usr/bin/git branch --list --remote origin/main
end-workflow	Checkout code	2025-05-08T10:50:34.1370002Z   origin/main
end-workflow	Checkout code	2025-05-08T10:50:34.1374632Z [command]/usr/bin/git rev-parse refs/remotes/origin/main
end-workflow	Checkout code	2025-05-08T10:50:34.1396375Z e1eb28932abac5fdec158d4217cdc921ae57b42e
end-workflow	Checkout code	2025-05-08T10:50:34.1400010Z ##[endgroup]
end-workflow	Checkout code	2025-05-08T10:50:34.1401364Z ##[group]Determining the checkout info
end-workflow	Checkout code	2025-05-08T10:50:34.1402924Z ##[endgroup]
end-workflow	Checkout code	2025-05-08T10:50:34.1406432Z [command]/usr/bin/git sparse-checkout disable
end-workflow	Checkout code	2025-05-08T10:50:34.1546652Z [command]/usr/bin/git config --local --unset-all extensions.worktreeConfig
end-workflow	Checkout code	2025-05-08T10:50:34.1575327Z ##[group]Checking out the ref
end-workflow	Checkout code	2025-05-08T10:50:34.1577088Z [command]/usr/bin/git checkout --progress --force -B main refs/remotes/origin/main
end-workflow	Checkout code	2025-05-08T10:50:34.1658678Z Switched to a new branch 'main'
end-workflow	Checkout code	2025-05-08T10:50:34.1660030Z branch 'main' set up to track 'origin/main'.
end-workflow	Checkout code	2025-05-08T10:50:34.1663153Z ##[endgroup]
end-workflow	Checkout code	2025-05-08T10:50:34.1700606Z [command]/usr/bin/git log -1 --format=%H
end-workflow	Checkout code	2025-05-08T10:50:34.1725674Z e1eb28932abac5fdec158d4217cdc921ae57b42e
end-workflow	Finaliza el workflow	﻿2025-05-08T10:50:34.1944521Z ##[group]Run echo "End process"
end-workflow	Finaliza el workflow	2025-05-08T10:50:34.1945778Z [36;1mecho "End process"[0m
end-workflow	Finaliza el workflow	2025-05-08T10:50:34.1946692Z [36;1mecho "Se finaliza Ka0s 14904723126"[0m
end-workflow	Finaliza el workflow	2025-05-08T10:50:34.1948614Z [36;1mgh workflow run inspector.yml --ref 'main' -f kaos-issue-id=$RNNUMBER -f kaos-workflow-id="14904723126" -f kaos-user-start=""[0m
end-workflow	Finaliza el workflow	2025-05-08T10:50:34.1958657Z shell: /usr/bin/bash -e {0}
end-workflow	Finaliza el workflow	2025-05-08T10:50:34.1959432Z env:
end-workflow	Finaliza el workflow	2025-05-08T10:50:34.1960008Z   KAOS_CODE: 14904723126
end-workflow	Finaliza el workflow	2025-05-08T10:50:34.1960727Z   KAOS_EVENT_NAME: push
end-workflow	Finaliza el workflow	2025-05-08T10:50:34.1961421Z   KAOS_ACTION: 
end-workflow	Finaliza el workflow	2025-05-08T10:50:34.1962066Z   KAOS_REF: refs/heads/main
end-workflow	Finaliza el workflow	2025-05-08T10:50:34.1962832Z   KAOS_MODULE: [Ka0S] Deploy Webs
end-workflow	Finaliza el workflow	2025-05-08T10:50:34.1963981Z   KAOS_PATH_ORIGIN: core/results/webs/dashboard/
end-workflow	Finaliza el workflow	2025-05-08T10:50:34.1965188Z   KAOS_PATH_WEB: /html/dashboard/
end-workflow	Finaliza el workflow	2025-05-08T10:50:34.1966151Z   KAOS_PATH_RESUME: core/results/dw/
end-workflow	Finaliza el workflow	2025-05-08T10:50:34.1967087Z   KAOS_FILE_STATE: ftp-deploy-sync-state.json
end-workflow	Finaliza el workflow	2025-05-08T10:50:34.1968027Z   KAOS_ACTOR: jorgecg646
end-workflow	Finaliza el workflow	2025-05-08T10:50:34.1968803Z   KAOS_CACHE_BUSTER: 14904723126-214
end-workflow	Finaliza el workflow	2025-05-08T10:50:34.1969961Z   GH_TOKEN: ***
end-workflow	Finaliza el workflow	2025-05-08T10:50:34.1970763Z ##[endgroup]
end-workflow	Finaliza el workflow	2025-05-08T10:50:34.2012367Z End process
end-workflow	Finaliza el workflow	2025-05-08T10:50:34.2013970Z Se finaliza Ka0s 14904723126
end-workflow	Post Checkout code	﻿2025-05-08T10:50:34.7845861Z Post job cleanup.
end-workflow	Post Checkout code	2025-05-08T10:50:34.8457390Z [command]/usr/bin/git version
end-workflow	Post Checkout code	2025-05-08T10:50:34.8484179Z git version 2.43.0
end-workflow	Post Checkout code	2025-05-08T10:50:34.8523268Z Copying '/home/kaos/.gitconfig' to '/actions-runner/_work/_temp/9174d114-8373-4926-85b8-1d43aa500621/.gitconfig'
end-workflow	Post Checkout code	2025-05-08T10:50:34.8537593Z Temporarily overriding HOME='/actions-runner/_work/_temp/9174d114-8373-4926-85b8-1d43aa500621' before making global git config changes
end-workflow	Post Checkout code	2025-05-08T10:50:34.8543309Z Adding repository directory to the temporary git global config as a safe directory
end-workflow	Post Checkout code	2025-05-08T10:50:34.8544515Z [command]/usr/bin/git config --global --add safe.directory /actions-runner/_work/ka0s/ka0s
end-workflow	Post Checkout code	2025-05-08T10:50:34.8629198Z [command]/usr/bin/git config --local --name-only --get-regexp core\.sshCommand
end-workflow	Post Checkout code	2025-05-08T10:50:34.8660284Z [command]/usr/bin/git submodule foreach --recursive sh -c "git config --local --name-only --get-regexp 'core\.sshCommand' && git config --local --unset-all 'core.sshCommand' || :"
end-workflow	Post Checkout code	2025-05-08T10:50:34.8896962Z [command]/usr/bin/git config --local --name-only --get-regexp http\.https\:\/\/github\.com\/\.extraheader
end-workflow	Post Checkout code	2025-05-08T10:50:34.8917673Z http.https://github.com/.extraheader
end-workflow	Post Checkout code	2025-05-08T10:50:34.8930545Z [command]/usr/bin/git config --local --unset-all http.https://github.com/.extraheader
end-workflow	Post Checkout code	2025-05-08T10:50:34.8958695Z [command]/usr/bin/git submodule foreach --recursive sh -c "git config --local --name-only --get-regexp 'http\.https\:\/\/github\.com\/\.extraheader' && git config --local --unset-all 'http.https://github.com/.extraheader' || :"
end-workflow	Complete job	﻿2025-05-08T10:50:34.9289055Z Cleaning up orphan processes
