job-core	Set up job	﻿2025-05-12T13:50:10.0096183Z Current runner version: '2.323.0'
job-core	Set up job	2025-05-12T13:50:10.0099959Z Runner name: 'ka0s-10'
job-core	Set up job	2025-05-12T13:50:10.0100529Z Machine name: '26a53205c9ac'
job-core	Set up job	2025-05-12T13:50:10.0101935Z ##[group]GITHUB_TOKEN Permissions
job-core	Set up job	2025-05-12T13:50:10.0103538Z Contents: read
job-core	Set up job	2025-05-12T13:50:10.0103861Z Metadata: read
job-core	Set up job	2025-05-12T13:50:10.0104231Z Packages: read
job-core	Set up job	2025-05-12T13:50:10.0104523Z ##[endgroup]
job-core	Set up job	2025-05-12T13:50:10.0105839Z Secret source: Actions
job-core	Set up job	2025-05-12T13:50:10.0106234Z Prepare workflow directory
job-core	Set up job	2025-05-12T13:50:10.0487614Z Prepare all required actions
job-core	Set up job	2025-05-12T13:50:10.0513639Z Getting action download info
job-core	Set up job	2025-05-12T13:50:10.6949960Z Download action repository 'actions/checkout@v4' (SHA:11bd71901bbe5b1630ceea73d27597364c9af683)
job-core	Set up job	2025-05-12T13:50:12.2259396Z Complete job name: job-core
job-core	Checkout code	﻿2025-05-12T13:50:12.2618332Z ##[group]Run actions/checkout@v4
job-core	Checkout code	2025-05-12T13:50:12.2619289Z with:
job-core	Checkout code	2025-05-12T13:50:12.2619849Z   fetch-depth: 0
job-core	Checkout code	2025-05-12T13:50:12.2620746Z   token: ***
job-core	Checkout code	2025-05-12T13:50:12.2621356Z   repository: Ka0s-Klaus/ka0s
job-core	Checkout code	2025-05-12T13:50:12.2622120Z   ssh-strict: true
job-core	Checkout code	2025-05-12T13:50:12.2622721Z   ssh-user: git
job-core	Checkout code	2025-05-12T13:50:12.2623346Z   persist-credentials: true
job-core	Checkout code	2025-05-12T13:50:12.2624033Z   clean: true
job-core	Checkout code	2025-05-12T13:50:12.2624706Z   sparse-checkout-cone-mode: true
job-core	Checkout code	2025-05-12T13:50:12.2625455Z   fetch-tags: false
job-core	Checkout code	2025-05-12T13:50:12.2626072Z   show-progress: true
job-core	Checkout code	2025-05-12T13:50:12.2626686Z   lfs: false
job-core	Checkout code	2025-05-12T13:50:12.2627262Z   submodules: false
job-core	Checkout code	2025-05-12T13:50:12.2627879Z   set-safe-directory: true
job-core	Checkout code	2025-05-12T13:50:12.2628649Z env:
job-core	Checkout code	2025-05-12T13:50:12.2629176Z   KAOS_CODE: 14974027375
job-core	Checkout code	2025-05-12T13:50:12.2629830Z   KAOS_EVENT_NAME: push
job-core	Checkout code	2025-05-12T13:50:12.2630457Z   KAOS_ACTION: 
job-core	Checkout code	2025-05-12T13:50:12.2631176Z   KAOS_REF: refs/heads/H1149-desarrollo-de-orchestrator
job-core	Checkout code	2025-05-12T13:50:12.2632078Z   KAOS_MODULE: [Ka0S] kaos
job-core	Checkout code	2025-05-12T13:50:12.2632787Z   KAOS_PATH_RESUME: core/results/k/
job-core	Checkout code	2025-05-12T13:50:12.2633572Z   KAOS_JSON: core/results/k/event_data_
job-core	Checkout code	2025-05-12T13:50:12.2634388Z   KAOS_ACTOR: jh0ny2k2
job-core	Checkout code	2025-05-12T13:50:12.2635238Z   GITHUB_OUTPUT: 
job-core	Checkout code	2025-05-12T13:50:12.2635821Z ##[endgroup]
job-core	Checkout code	2025-05-12T13:50:12.3370323Z Syncing repository: Ka0s-Klaus/ka0s
job-core	Checkout code	2025-05-12T13:50:12.3372361Z ##[group]Getting Git version info
job-core	Checkout code	2025-05-12T13:50:12.3373569Z Working directory is '/actions-runner/_work/ka0s/ka0s'
job-core	Checkout code	2025-05-12T13:50:12.3375520Z [command]/usr/bin/git version
job-core	Checkout code	2025-05-12T13:50:12.3376350Z git version 2.43.0
job-core	Checkout code	2025-05-12T13:50:12.3379221Z ##[endgroup]
job-core	Checkout code	2025-05-12T13:50:12.3384379Z Copying '/home/kaos/.gitconfig' to '/actions-runner/_work/_temp/329ce238-d907-407a-affa-599d2774c975/.gitconfig'
job-core	Checkout code	2025-05-12T13:50:12.3389729Z Temporarily overriding HOME='/actions-runner/_work/_temp/329ce238-d907-407a-affa-599d2774c975' before making global git config changes
job-core	Checkout code	2025-05-12T13:50:12.3392998Z Adding repository directory to the temporary git global config as a safe directory
job-core	Checkout code	2025-05-12T13:50:12.3399892Z [command]/usr/bin/git config --global --add safe.directory /actions-runner/_work/ka0s/ka0s
job-core	Checkout code	2025-05-12T13:50:12.3482736Z [command]/usr/bin/git config --local --get remote.origin.url
job-core	Checkout code	2025-05-12T13:50:12.3500277Z https://github.com/Ka0s-Klaus/ka0s
job-core	Checkout code	2025-05-12T13:50:12.3513871Z ##[group]Removing previously created refs, to avoid conflicts
job-core	Checkout code	2025-05-12T13:50:12.3518124Z [command]/usr/bin/git rev-parse --symbolic-full-name --verify --quiet HEAD
job-core	Checkout code	2025-05-12T13:50:12.3538198Z refs/heads/main
job-core	Checkout code	2025-05-12T13:50:12.3548713Z [command]/usr/bin/git checkout --detach
job-core	Checkout code	2025-05-12T13:50:12.3679556Z HEAD is now at 3a871adc Merge pull request #1162 from Ka0s-Klaus/H1150-desarrollo-de-secciones
job-core	Checkout code	2025-05-12T13:50:12.3716878Z [command]/usr/bin/git branch --delete --force main
job-core	Checkout code	2025-05-12T13:50:12.3744220Z Deleted branch main (was 3a871adc).
job-core	Checkout code	2025-05-12T13:50:12.3801905Z ##[endgroup]
job-core	Checkout code	2025-05-12T13:50:12.3802996Z [command]/usr/bin/git submodule status
job-core	Checkout code	2025-05-12T13:50:12.4039183Z ##[group]Cleaning the repository
job-core	Checkout code	2025-05-12T13:50:12.4040775Z [command]/usr/bin/git clean -ffdx
job-core	Checkout code	2025-05-12T13:50:12.4103540Z [command]/usr/bin/git reset --hard HEAD
job-core	Checkout code	2025-05-12T13:50:12.4243243Z HEAD is now at 3a871adc Merge pull request #1162 from Ka0s-Klaus/H1150-desarrollo-de-secciones
job-core	Checkout code	2025-05-12T13:50:12.4247781Z ##[endgroup]
job-core	Checkout code	2025-05-12T13:50:12.4249359Z ##[group]Disabling automatic garbage collection
job-core	Checkout code	2025-05-12T13:50:12.4250826Z [command]/usr/bin/git config --local gc.auto 0
job-core	Checkout code	2025-05-12T13:50:12.4278716Z ##[endgroup]
job-core	Checkout code	2025-05-12T13:50:12.4280417Z ##[group]Setting up auth
job-core	Checkout code	2025-05-12T13:50:12.4282010Z [command]/usr/bin/git config --local --name-only --get-regexp core\.sshCommand
job-core	Checkout code	2025-05-12T13:50:12.4305325Z [command]/usr/bin/git submodule foreach --recursive sh -c "git config --local --name-only --get-regexp 'core\.sshCommand' && git config --local --unset-all 'core.sshCommand' || :"
job-core	Checkout code	2025-05-12T13:50:12.4540579Z [command]/usr/bin/git config --local --name-only --get-regexp http\.https\:\/\/github\.com\/\.extraheader
job-core	Checkout code	2025-05-12T13:50:12.4570183Z [command]/usr/bin/git submodule foreach --recursive sh -c "git config --local --name-only --get-regexp 'http\.https\:\/\/github\.com\/\.extraheader' && git config --local --unset-all 'http.https://github.com/.extraheader' || :"
job-core	Checkout code	2025-05-12T13:50:12.4802982Z [command]/usr/bin/git config --local http.https://github.com/.extraheader AUTHORIZATION: basic ***
job-core	Checkout code	2025-05-12T13:50:12.4844955Z ##[endgroup]
job-core	Checkout code	2025-05-12T13:50:12.4846600Z ##[group]Fetching the repository
job-core	Checkout code	2025-05-12T13:50:12.4848961Z [command]/usr/bin/git -c protocol.version=2 fetch --prune --no-recurse-submodules origin +refs/heads/*:refs/remotes/origin/* +refs/tags/*:refs/tags/*
job-core	Checkout code	2025-05-12T13:50:13.6880532Z From https://github.com/Ka0s-Klaus/ka0s
job-core	Checkout code	2025-05-12T13:50:13.6881190Z    c6f8a02f..eab86773  H1149-desarrollo-de-orchestrator -> origin/H1149-desarrollo-de-orchestrator
job-core	Checkout code	2025-05-12T13:50:13.6881779Z    3a871adc..33a6b748  main       -> origin/main
job-core	Checkout code	2025-05-12T13:50:13.6920331Z [command]/usr/bin/git branch --list --remote origin/H1149-desarrollo-de-orchestrator
job-core	Checkout code	2025-05-12T13:50:13.6947162Z   origin/H1149-desarrollo-de-orchestrator
job-core	Checkout code	2025-05-12T13:50:13.6957413Z [command]/usr/bin/git rev-parse refs/remotes/origin/H1149-desarrollo-de-orchestrator
job-core	Checkout code	2025-05-12T13:50:13.6974170Z eab8677377135cf97c93c49e69f0b3a1193282fb
job-core	Checkout code	2025-05-12T13:50:13.6976661Z ##[endgroup]
job-core	Checkout code	2025-05-12T13:50:13.6977253Z ##[group]Determining the checkout info
job-core	Checkout code	2025-05-12T13:50:13.6977972Z ##[endgroup]
job-core	Checkout code	2025-05-12T13:50:13.6980195Z [command]/usr/bin/git sparse-checkout disable
job-core	Checkout code	2025-05-12T13:50:13.7039504Z [command]/usr/bin/git config --local --unset-all extensions.worktreeConfig
job-core	Checkout code	2025-05-12T13:50:13.7066595Z ##[group]Checking out the ref
job-core	Checkout code	2025-05-12T13:50:13.7067432Z [command]/usr/bin/git checkout --progress --force -B H1149-desarrollo-de-orchestrator refs/remotes/origin/H1149-desarrollo-de-orchestrator
job-core	Checkout code	2025-05-12T13:50:13.7379173Z Previous HEAD position was 3a871adc Merge pull request #1162 from Ka0s-Klaus/H1150-desarrollo-de-secciones
job-core	Checkout code	2025-05-12T13:50:13.7382134Z Switched to a new branch 'H1149-desarrollo-de-orchestrator'
job-core	Checkout code	2025-05-12T13:50:13.7383407Z branch 'H1149-desarrollo-de-orchestrator' set up to track 'origin/H1149-desarrollo-de-orchestrator'.
job-core	Checkout code	2025-05-12T13:50:13.7386134Z ##[endgroup]
job-core	Checkout code	2025-05-12T13:50:13.7426478Z [command]/usr/bin/git log -1 --format=%H
job-core	Checkout code	2025-05-12T13:50:13.7453728Z eab8677377135cf97c93c49e69f0b3a1193282fb
job-core	Validate file extensions	﻿2025-05-12T13:50:13.7632715Z ##[group]Run # Nueva ejecución
job-core	Validate file extensions	2025-05-12T13:50:13.7633029Z [36;1m# Nueva ejecución[0m
job-core	Validate file extensions	2025-05-12T13:50:13.7633602Z [36;1mRNNUMBER=$(echo "H1149-desarrollo-de-orchestrator" | grep -o '[0-9]*')[0m
job-core	Validate file extensions	2025-05-12T13:50:13.7633969Z [36;1mgh issue comment $RNNUMBER --body "Se inicia Ka0s 14974027375 "[0m
job-core	Validate file extensions	2025-05-12T13:50:13.7641442Z shell: /usr/bin/bash -e {0}
job-core	Validate file extensions	2025-05-12T13:50:13.7641674Z env:
job-core	Validate file extensions	2025-05-12T13:50:13.7641879Z   KAOS_CODE: 14974027375
job-core	Validate file extensions	2025-05-12T13:50:13.7642085Z   KAOS_EVENT_NAME: push
job-core	Validate file extensions	2025-05-12T13:50:13.7642278Z   KAOS_ACTION: 
job-core	Validate file extensions	2025-05-12T13:50:13.7642516Z   KAOS_REF: refs/heads/H1149-desarrollo-de-orchestrator
job-core	Validate file extensions	2025-05-12T13:50:13.7642783Z   KAOS_MODULE: [Ka0S] kaos
job-core	Validate file extensions	2025-05-12T13:50:13.7642990Z   KAOS_PATH_RESUME: core/results/k/
job-core	Validate file extensions	2025-05-12T13:50:13.7643214Z   KAOS_JSON: core/results/k/event_data_
job-core	Validate file extensions	2025-05-12T13:50:13.7643953Z   KAOS_ACTOR: jh0ny2k2
job-core	Validate file extensions	2025-05-12T13:50:13.7644362Z   GITHUB_OUTPUT: 
job-core	Validate file extensions	2025-05-12T13:50:13.7644908Z   GH_TOKEN: ***
job-core	Validate file extensions	2025-05-12T13:50:13.7645221Z ##[endgroup]
job-core	Validate file extensions	2025-05-12T13:50:15.0165895Z https://github.com/Ka0s-Klaus/ka0s/issues/1149#issuecomment-2872661833
job-core	Crear JSON	﻿2025-05-12T13:50:15.0231889Z ##[group]Run # Create JSON structure using proper bash syntax
job-core	Crear JSON	2025-05-12T13:50:15.0232221Z [36;1m# Create JSON structure using proper bash syntax[0m
job-core	Crear JSON	2025-05-12T13:50:15.0232481Z [36;1mcat > core/results/k/event_data_14974027375.json << EOF[0m
job-core	Crear JSON	2025-05-12T13:50:15.0232694Z [36;1m{[0m
job-core	Crear JSON	2025-05-12T13:50:15.0232844Z [36;1m  "event_type": "push",[0m
job-core	Crear JSON	2025-05-12T13:50:15.0233082Z [36;1m  "trigger_branch": "refs/heads/H1149-desarrollo-de-orchestrator",[0m
job-core	Crear JSON	2025-05-12T13:50:15.0233613Z [36;1m  "timestamp": "$(date -u +"%Y-%m-%dT%H:%M:%SZ")",[0m
job-core	Crear JSON	2025-05-12T13:50:15.0233822Z [36;1m  "author": {[0m
job-core	Crear JSON	2025-05-12T13:50:15.0234304Z [36;1m    "name": "jh0ny2k2",[0m
job-core	Crear JSON	2025-05-12T13:50:15.0234752Z [36;1m    "email": "117847861+jh0ny2k2@users.noreply.github.com"[0m
job-core	Crear JSON	2025-05-12T13:50:15.0235028Z [36;1m  },[0m
job-core	Crear JSON	2025-05-12T13:50:15.0235206Z [36;1m  "commits": [],[0m
job-core	Crear JSON	2025-05-12T13:50:15.0235399Z [36;1m  "files": [][0m
job-core	Crear JSON	2025-05-12T13:50:15.0235605Z [36;1m}[0m
job-core	Crear JSON	2025-05-12T13:50:15.0235778Z [36;1mEOF[0m
job-core	Crear JSON	2025-05-12T13:50:15.0236010Z [36;1m[0m
job-core	Crear JSON	2025-05-12T13:50:15.0236195Z [36;1m# Add commits if this is a push event[0m
job-core	Crear JSON	2025-05-12T13:50:15.0236444Z [36;1mif [[ "push" == "push" ]]; then[0m
job-core	Crear JSON	2025-05-12T13:50:15.0236658Z [36;1m  # Create a temporary file for commits[0m
job-core	Crear JSON	2025-05-12T13:50:15.0236849Z [36;1m  TEMP_COMMITS=$(mktemp)[0m
job-core	Crear JSON	2025-05-12T13:50:15.0237019Z [36;1m  echo "[" > "$TEMP_COMMITS"[0m
job-core	Crear JSON	2025-05-12T13:50:15.0237182Z [36;1m  [0m
job-core	Crear JSON	2025-05-12T13:50:15.0237318Z [36;1m  # Process each commit[0m
job-core	Crear JSON	2025-05-12T13:50:15.0237478Z [36;1m  FIRST=true[0m
job-core	Crear JSON	2025-05-12T13:50:15.0237635Z [36;1m  while IFS= read -r commit; do[0m
job-core	Crear JSON	2025-05-12T13:50:15.0237815Z [36;1m    if [ "$FIRST" = true ]; then[0m
job-core	Crear JSON	2025-05-12T13:50:15.0237991Z [36;1m      FIRST=false[0m
job-core	Crear JSON	2025-05-12T13:50:15.0238141Z [36;1m    else[0m
job-core	Crear JSON	2025-05-12T13:50:15.0238288Z [36;1m      echo "," >> "$TEMP_COMMITS"[0m
job-core	Crear JSON	2025-05-12T13:50:15.0238471Z [36;1m    fi[0m
job-core	Crear JSON	2025-05-12T13:50:15.0238735Z [36;1m    git log -1 --pretty=format:'{"sha":"%H","author":"%an","email":"%ae","date":"%aI","message":"%s"}' "$commit" >> "$TEMP_COMMITS"[0m
job-core	Crear JSON	2025-05-12T13:50:15.0239167Z [36;1m  done < <(git rev-list c6f8a02f6484d92a30cb53a5aa14a2f7c632c913..eab8677377135cf97c93c49e69f0b3a1193282fb)[0m
job-core	Crear JSON	2025-05-12T13:50:15.0239506Z [36;1m  echo "]" >> "$TEMP_COMMITS"[0m
job-core	Crear JSON	2025-05-12T13:50:15.0239690Z [36;1m  [0m
job-core	Crear JSON	2025-05-12T13:50:15.0239848Z [36;1m  # Insert commits into main JSON[0m
job-core	Crear JSON	2025-05-12T13:50:15.0240156Z [36;1m  sed -i.bak -e '/"commits": \[/r '$TEMP_COMMITS'' -e '/"commits": \[/d' core/results/k/event_data_14974027375.json[0m
job-core	Crear JSON	2025-05-12T13:50:15.0240449Z [36;1m  rm "$TEMP_COMMITS"[0m
job-core	Crear JSON	2025-05-12T13:50:15.0240624Z [36;1m[0m
job-core	Crear JSON	2025-05-12T13:50:15.0240759Z [36;1m  # Add changed files[0m
job-core	Crear JSON	2025-05-12T13:50:15.0240927Z [36;1m  TEMP_FILES=$(mktemp)[0m
job-core	Crear JSON	2025-05-12T13:50:15.0241093Z [36;1m  echo "[" > "$TEMP_FILES"[0m
job-core	Crear JSON	2025-05-12T13:50:15.0241260Z [36;1m  FIRST=true[0m
job-core	Crear JSON	2025-05-12T13:50:15.0241418Z [36;1m  while IFS= read -r file; do[0m
job-core	Crear JSON	2025-05-12T13:50:15.0241597Z [36;1m    if [ "$FIRST" = true ]; then[0m
job-core	Crear JSON	2025-05-12T13:50:15.0241775Z [36;1m      FIRST=false[0m
job-core	Crear JSON	2025-05-12T13:50:15.0241922Z [36;1m    else[0m
job-core	Crear JSON	2025-05-12T13:50:15.0242066Z [36;1m      echo "," >> "$TEMP_FILES"[0m
job-core	Crear JSON	2025-05-12T13:50:15.0242235Z [36;1m    fi[0m
job-core	Crear JSON	2025-05-12T13:50:15.0242384Z [36;1m    echo "\"$file\"" >> "$TEMP_FILES"[0m
job-core	Crear JSON	2025-05-12T13:50:15.0242699Z [36;1m  done < <(git diff --name-only c6f8a02f6484d92a30cb53a5aa14a2f7c632c913 eab8677377135cf97c93c49e69f0b3a1193282fb)[0m
job-core	Crear JSON	2025-05-12T13:50:15.0243006Z [36;1m  echo "]" >> "$TEMP_FILES"[0m
job-core	Crear JSON	2025-05-12T13:50:15.0243167Z [36;1m  [0m
job-core	Crear JSON	2025-05-12T13:50:15.0243310Z [36;1m  # Insert files into main JSON[0m
job-core	Crear JSON	2025-05-12T13:50:15.0243805Z [36;1m  sed -i.bak -e '/"files": \[/r '$TEMP_FILES'' -e '/"files": \[/d' core/results/k/event_data_14974027375.json[0m
job-core	Crear JSON	2025-05-12T13:50:15.0244428Z [36;1m  rm "$TEMP_FILES"[0m
job-core	Crear JSON	2025-05-12T13:50:15.0244651Z [36;1melif [[ "push" == "pull_request" ]]; then[0m
job-core	Crear JSON	2025-05-12T13:50:15.0245008Z [36;1m  # Add pull request information[0m
job-core	Crear JSON	2025-05-12T13:50:15.0245351Z [36;1m  TEMP_PR=$(mktemp)[0m
job-core	Crear JSON	2025-05-12T13:50:15.0245556Z [36;1m  cat > "$TEMP_PR" << EOF[0m
job-core	Crear JSON	2025-05-12T13:50:15.0245815Z [36;1m  ,"pull_request": {[0m
job-core	Crear JSON	2025-05-12T13:50:15.0246003Z [36;1m    "action": "",[0m
job-core	Crear JSON	2025-05-12T13:50:15.0246168Z [36;1m    "number": "",[0m
job-core	Crear JSON	2025-05-12T13:50:15.0246319Z [36;1m    "title": ""[0m
job-core	Crear JSON	2025-05-12T13:50:15.0246470Z [36;1m  }[0m
job-core	Crear JSON	2025-05-12T13:50:15.0246628Z [36;1mEOF[0m
job-core	Crear JSON	2025-05-12T13:50:15.0246848Z [36;1m  sed -i.bak -e '/}$/r '$TEMP_PR'' core/results/k/event_data_14974027375.json[0m
job-core	Crear JSON	2025-05-12T13:50:15.0247070Z [36;1m  rm "$TEMP_PR"[0m
job-core	Crear JSON	2025-05-12T13:50:15.0247238Z [36;1melif [[ "push" == "issues" ]]; then[0m
job-core	Crear JSON	2025-05-12T13:50:15.0247426Z [36;1m  # Add issue information[0m
job-core	Crear JSON	2025-05-12T13:50:15.0247601Z [36;1m  TEMP_ISSUE=$(mktemp)[0m
job-core	Crear JSON	2025-05-12T13:50:15.0247769Z [36;1m  cat > "$TEMP_ISSUE" << EOF[0m
job-core	Crear JSON	2025-05-12T13:50:15.0247936Z [36;1m  ,"issue": {[0m
job-core	Crear JSON	2025-05-12T13:50:15.0248088Z [36;1m    "action": "",[0m
job-core	Crear JSON	2025-05-12T13:50:15.0248243Z [36;1m    "number": "",[0m
job-core	Crear JSON	2025-05-12T13:50:15.0248393Z [36;1m    "title": ""[0m
job-core	Crear JSON	2025-05-12T13:50:15.0248544Z [36;1m  }[0m
job-core	Crear JSON	2025-05-12T13:50:15.0248677Z [36;1mEOF[0m
job-core	Crear JSON	2025-05-12T13:50:15.0248871Z [36;1m  sed -i.bak -e '/}$/r '$TEMP_ISSUE'' core/results/k/event_data_14974027375.json[0m
job-core	Crear JSON	2025-05-12T13:50:15.0249103Z [36;1m  rm "$TEMP_ISSUE"[0m
job-core	Crear JSON	2025-05-12T13:50:15.0249263Z [36;1mfi[0m
job-core	Crear JSON	2025-05-12T13:50:15.0249391Z [36;1m[0m
job-core	Crear JSON	2025-05-12T13:50:15.0249536Z [36;1m# Store the file path for later use[0m
job-core	Crear JSON	2025-05-12T13:50:15.0249771Z [36;1mINVOLVED=core/results/k/files-in-commit-$KAOS_CODE_FILES.txt[0m
job-core	Crear JSON	2025-05-12T13:50:15.0250019Z [36;1mecho "INVOLVED=$INVOLVED" >> $GITHUB_ENV[0m
job-core	Crear JSON	2025-05-12T13:50:15.0254757Z shell: /usr/bin/bash -e {0}
job-core	Crear JSON	2025-05-12T13:50:15.0254964Z env:
job-core	Crear JSON	2025-05-12T13:50:15.0255132Z   KAOS_CODE: 14974027375
job-core	Crear JSON	2025-05-12T13:50:15.0255397Z   KAOS_EVENT_NAME: push
job-core	Crear JSON	2025-05-12T13:50:15.0255589Z   KAOS_ACTION: 
job-core	Crear JSON	2025-05-12T13:50:15.0255822Z   KAOS_REF: refs/heads/H1149-desarrollo-de-orchestrator
job-core	Crear JSON	2025-05-12T13:50:15.0256103Z   KAOS_MODULE: [Ka0S] kaos
job-core	Crear JSON	2025-05-12T13:50:15.0256268Z   KAOS_PATH_RESUME: core/results/k/
job-core	Crear JSON	2025-05-12T13:50:15.0256446Z   KAOS_JSON: core/results/k/event_data_
job-core	Crear JSON	2025-05-12T13:50:15.0256621Z   KAOS_ACTOR: jh0ny2k2
job-core	Crear JSON	2025-05-12T13:50:15.0256769Z   GITHUB_OUTPUT: 
job-core	Crear JSON	2025-05-12T13:50:15.0256914Z ##[endgroup]
job-core	Upload Files	﻿2025-05-12T13:50:15.0720787Z ##[group]Run echo "Uploading files to the repository..."
job-core	Upload Files	2025-05-12T13:50:15.0721094Z [36;1mecho "Uploading files to the repository..."[0m
job-core	Upload Files	2025-05-12T13:50:15.0721425Z [36;1mgit config --global user.name "***"[0m
job-core	Upload Files	2025-05-12T13:50:15.0721653Z [36;1mgit config --global user.email "***"[0m
job-core	Upload Files	2025-05-12T13:50:15.0721843Z [36;1mgit pull[0m
job-core	Upload Files	2025-05-12T13:50:15.0722125Z [36;1mgit add core/results/k/event_data_*[0m
job-core	Upload Files	2025-05-12T13:50:15.0722381Z [36;1mgit commit -m "[Ka0S] Uploading resume execution files to the repository..."[0m
job-core	Upload Files	2025-05-12T13:50:15.0722685Z [36;1mgit push origin refs/heads/H1149-desarrollo-de-orchestrator [0m
job-core	Upload Files	2025-05-12T13:50:15.0727896Z shell: /usr/bin/bash -e {0}
job-core	Upload Files	2025-05-12T13:50:15.0728069Z env:
job-core	Upload Files	2025-05-12T13:50:15.0728207Z   KAOS_CODE: 14974027375
job-core	Upload Files	2025-05-12T13:50:15.0728366Z   KAOS_EVENT_NAME: push
job-core	Upload Files	2025-05-12T13:50:15.0728519Z   KAOS_ACTION: 
job-core	Upload Files	2025-05-12T13:50:15.0728701Z   KAOS_REF: refs/heads/H1149-desarrollo-de-orchestrator
job-core	Upload Files	2025-05-12T13:50:15.0728909Z   KAOS_MODULE: [Ka0S] kaos
job-core	Upload Files	2025-05-12T13:50:15.0729101Z   KAOS_PATH_RESUME: core/results/k/
job-core	Upload Files	2025-05-12T13:50:15.0729286Z   KAOS_JSON: core/results/k/event_data_
job-core	Upload Files	2025-05-12T13:50:15.0729460Z   KAOS_ACTOR: jh0ny2k2
job-core	Upload Files	2025-05-12T13:50:15.0729609Z   GITHUB_OUTPUT: 
job-core	Upload Files	2025-05-12T13:50:15.0729784Z   INVOLVED: core/results/k/files-in-commit-.txt
job-core	Upload Files	2025-05-12T13:50:15.0730086Z ##[endgroup]
job-core	Upload Files	2025-05-12T13:50:15.0751926Z Uploading files to the repository...
job-core	Upload Files	2025-05-12T13:50:16.4300567Z Already up to date.
job-core	Upload Files	2025-05-12T13:50:16.4729209Z [H1149-desarrollo-de-orchestrator 44ff77b6] [Ka0S] Uploading resume execution files to the repository...
job-core	Upload Files	2025-05-12T13:50:16.4729744Z  2 files changed, 86 insertions(+)
job-core	Upload Files	2025-05-12T13:50:17.4098214Z To https://github.com/Ka0s-Klaus/ka0s
job-core	Upload Files	2025-05-12T13:50:17.4098525Z  create mode 100644 core/results/k/event_data_14974027375.json
job-core	Upload Files	2025-05-12T13:50:17.4098833Z  create mode 100644 core/results/k/event_data_14974027375.json.bak
job-core	Upload Files	2025-05-12T13:50:17.4109179Z    eab86773..44ff77b6  H1149-desarrollo-de-orchestrator -> H1149-desarrollo-de-orchestrator
job-core	Run git diff --name-only c6f8a02f6484d92a30cb53a5aa14a2f7c632c913 eab8677377135cf97c93c49e69f0b3a1193282fb > files-in-commit.txt	﻿2025-05-12T13:50:17.4165660Z ##[group]Run git diff --name-only c6f8a02f6484d92a30cb53a5aa14a2f7c632c913 eab8677377135cf97c93c49e69f0b3a1193282fb > files-in-commit.txt
job-core	Run git diff --name-only c6f8a02f6484d92a30cb53a5aa14a2f7c632c913 eab8677377135cf97c93c49e69f0b3a1193282fb > files-in-commit.txt	2025-05-12T13:50:17.4166281Z [36;1mgit diff --name-only c6f8a02f6484d92a30cb53a5aa14a2f7c632c913 eab8677377135cf97c93c49e69f0b3a1193282fb > files-in-commit.txt[0m
job-core	Run git diff --name-only c6f8a02f6484d92a30cb53a5aa14a2f7c632c913 eab8677377135cf97c93c49e69f0b3a1193282fb > files-in-commit.txt	2025-05-12T13:50:17.4166656Z [36;1mcat files-in-commit.txt[0m
job-core	Run git diff --name-only c6f8a02f6484d92a30cb53a5aa14a2f7c632c913 eab8677377135cf97c93c49e69f0b3a1193282fb > files-in-commit.txt	2025-05-12T13:50:17.4166870Z [36;1m# Nuevo proceso de activacion de los modulos[0m
job-core	Run git diff --name-only c6f8a02f6484d92a30cb53a5aa14a2f7c632c913 eab8677377135cf97c93c49e69f0b3a1193282fb > files-in-commit.txt	2025-05-12T13:50:17.4167076Z [36;1mwhile IFS= read -r line; do[0m
job-core	Run git diff --name-only c6f8a02f6484d92a30cb53a5aa14a2f7c632c913 eab8677377135cf97c93c49e69f0b3a1193282fb > files-in-commit.txt	2025-05-12T13:50:17.4167268Z [36;1m  # Skip files in core/outputs directory[0m
job-core	Run git diff --name-only c6f8a02f6484d92a30cb53a5aa14a2f7c632c913 eab8677377135cf97c93c49e69f0b3a1193282fb > files-in-commit.txt	2025-05-12T13:50:17.4167504Z [36;1m  if [[ "$line" == core/outputs/* || "$line" == core/results/* ]]; then[0m
job-core	Run git diff --name-only c6f8a02f6484d92a30cb53a5aa14a2f7c632c913 eab8677377135cf97c93c49e69f0b3a1193282fb > files-in-commit.txt	2025-05-12T13:50:17.4167757Z [36;1m    echo "Skipping file in outputs directory: $line"[0m
job-core	Run git diff --name-only c6f8a02f6484d92a30cb53a5aa14a2f7c632c913 eab8677377135cf97c93c49e69f0b3a1193282fb > files-in-commit.txt	2025-05-12T13:50:17.4167959Z [36;1m    continue[0m
job-core	Run git diff --name-only c6f8a02f6484d92a30cb53a5aa14a2f7c632c913 eab8677377135cf97c93c49e69f0b3a1193282fb > files-in-commit.txt	2025-05-12T13:50:17.4168104Z [36;1m  fi[0m
job-core	Run git diff --name-only c6f8a02f6484d92a30cb53a5aa14a2f7c632c913 eab8677377135cf97c93c49e69f0b3a1193282fb > files-in-commit.txt	2025-05-12T13:50:17.4168319Z [36;1m  echo "I Leemos el fichero files-in-commit.txt y extraemos el fichero $line"[0m
job-core	Run git diff --name-only c6f8a02f6484d92a30cb53a5aa14a2f7c632c913 eab8677377135cf97c93c49e69f0b3a1193282fb > files-in-commit.txt	2025-05-12T13:50:17.4168594Z [36;1m  module_failed=0[0m
job-core	Run git diff --name-only c6f8a02f6484d92a30cb53a5aa14a2f7c632c913 eab8677377135cf97c93c49e69f0b3a1193282fb > files-in-commit.txt	2025-05-12T13:50:17.4168756Z [36;1m  extension_failed=0[0m
job-core	Run git diff --name-only c6f8a02f6484d92a30cb53a5aa14a2f7c632c913 eab8677377135cf97c93c49e69f0b3a1193282fb > files-in-commit.txt	2025-05-12T13:50:17.4168926Z [36;1m  file_name=$(basename "$line")[0m
job-core	Run git diff --name-only c6f8a02f6484d92a30cb53a5aa14a2f7c632c913 eab8677377135cf97c93c49e69f0b3a1193282fb > files-in-commit.txt	2025-05-12T13:50:17.4169138Z [36;1m  echo "I-1 Calculamos el nombre del fichero $file_name"[0m
job-core	Run git diff --name-only c6f8a02f6484d92a30cb53a5aa14a2f7c632c913 eab8677377135cf97c93c49e69f0b3a1193282fb > files-in-commit.txt	2025-05-12T13:50:17.4169363Z [36;1m  file_extension="${file_name##*.}"[0m
job-core	Run git diff --name-only c6f8a02f6484d92a30cb53a5aa14a2f7c632c913 eab8677377135cf97c93c49e69f0b3a1193282fb > files-in-commit.txt	2025-05-12T13:50:17.4169589Z [36;1m  echo "I-2 Calculamos la extension del fichero $file_extension"[0m
job-core	Run git diff --name-only c6f8a02f6484d92a30cb53a5aa14a2f7c632c913 eab8677377135cf97c93c49e69f0b3a1193282fb > files-in-commit.txt	2025-05-12T13:50:17.4169832Z [36;1m  file_module="$file_extension""lint.yml"[0m
job-core	Run git diff --name-only c6f8a02f6484d92a30cb53a5aa14a2f7c632c913 eab8677377135cf97c93c49e69f0b3a1193282fb > files-in-commit.txt	2025-05-12T13:50:17.4170044Z [36;1m  echo "I-3 Calculamos el modulo $file_module"[0m
job-core	Run git diff --name-only c6f8a02f6484d92a30cb53a5aa14a2f7c632c913 eab8677377135cf97c93c49e69f0b3a1193282fb > files-in-commit.txt	2025-05-12T13:50:17.4170255Z [36;1m  IFS=',' read -r -a file_array <<< "$files"[0m
job-core	Run git diff --name-only c6f8a02f6484d92a30cb53a5aa14a2f7c632c913 eab8677377135cf97c93c49e69f0b3a1193282fb > files-in-commit.txt	2025-05-12T13:50:17.4170456Z [36;1m  for file in "${file_array[@]}"; do[0m
job-core	Run git diff --name-only c6f8a02f6484d92a30cb53a5aa14a2f7c632c913 eab8677377135cf97c93c49e69f0b3a1193282fb > files-in-commit.txt	2025-05-12T13:50:17.4170652Z [36;1m    echo "II Leemos el array de $file"[0m
job-core	Run git diff --name-only c6f8a02f6484d92a30cb53a5aa14a2f7c632c913 eab8677377135cf97c93c49e69f0b3a1193282fb > files-in-commit.txt	2025-05-12T13:50:17.4170856Z [36;1m    if [[ "$file_extension" == "$file" ]]; then[0m
job-core	Run git diff --name-only c6f8a02f6484d92a30cb53a5aa14a2f7c632c913 eab8677377135cf97c93c49e69f0b3a1193282fb > files-in-commit.txt	2025-05-12T13:50:17.4171093Z [36;1m      echo "III Comprobamos si $file_extension es igual a $file"[0m
job-core	Run git diff --name-only c6f8a02f6484d92a30cb53a5aa14a2f7c632c913 eab8677377135cf97c93c49e69f0b3a1193282fb > files-in-commit.txt	2025-05-12T13:50:17.4171341Z [36;1m      IFS=',' read -r -a module_array <<< "$modules"[0m
job-core	Run git diff --name-only c6f8a02f6484d92a30cb53a5aa14a2f7c632c913 eab8677377135cf97c93c49e69f0b3a1193282fb > files-in-commit.txt	2025-05-12T13:50:17.4171554Z [36;1m      for module in "${module_array[@]}"; do[0m
job-core	Run git diff --name-only c6f8a02f6484d92a30cb53a5aa14a2f7c632c913 eab8677377135cf97c93c49e69f0b3a1193282fb > files-in-commit.txt	2025-05-12T13:50:17.4171755Z [36;1m        echo "IV Leemos el array $module"[0m
job-core	Run git diff --name-only c6f8a02f6484d92a30cb53a5aa14a2f7c632c913 eab8677377135cf97c93c49e69f0b3a1193282fb > files-in-commit.txt	2025-05-12T13:50:17.4171965Z [36;1m        if [[ "$file_module" == *"$module"* ]]; then[0m
job-core	Run git diff --name-only c6f8a02f6484d92a30cb53a5aa14a2f7c632c913 eab8677377135cf97c93c49e69f0b3a1193282fb > files-in-commit.txt	2025-05-12T13:50:17.4172237Z [36;1m          echo "V Comprobamos que el $file_module es igual a $module y ejecutamos el flujo"[0m
job-core	Run git diff --name-only c6f8a02f6484d92a30cb53a5aa14a2f7c632c913 eab8677377135cf97c93c49e69f0b3a1193282fb > files-in-commit.txt	2025-05-12T13:50:17.4172532Z [36;1m          # Si hemos llegado hasta aquí ejecutamos el módulo[0m
job-core	Run git diff --name-only c6f8a02f6484d92a30cb53a5aa14a2f7c632c913 eab8677377135cf97c93c49e69f0b3a1193282fb > files-in-commit.txt	2025-05-12T13:50:17.4172756Z [36;1m          # Lanzamos el lint del fichero[0m
job-core	Run git diff --name-only c6f8a02f6484d92a30cb53a5aa14a2f7c632c913 eab8677377135cf97c93c49e69f0b3a1193282fb > files-in-commit.txt	2025-05-12T13:50:17.4173034Z [36;1m          RNNUMBER=$(echo "refs/heads/H1149-desarrollo-de-orchestrator" | grep -o '[0-9]*')[0m
job-core	Run git diff --name-only c6f8a02f6484d92a30cb53a5aa14a2f7c632c913 eab8677377135cf97c93c49e69f0b3a1193282fb > files-in-commit.txt	2025-05-12T13:50:17.4173323Z [36;1m          echo "El numero de la issue es: $RNNUMBER"[0m
job-core	Run git diff --name-only c6f8a02f6484d92a30cb53a5aa14a2f7c632c913 eab8677377135cf97c93c49e69f0b3a1193282fb > files-in-commit.txt	2025-05-12T13:50:17.4173943Z [36;1m          gh workflow run $file_module --ref refs/heads/H1149-desarrollo-de-orchestrator -f kaos-origin=14974027375 -f kaos-files=$line -f kaos-issue-id=$RNNUMBER -f kaos-user-start=jh0ny2k2[0m
job-core	Run git diff --name-only c6f8a02f6484d92a30cb53a5aa14a2f7c632c913 eab8677377135cf97c93c49e69f0b3a1193282fb > files-in-commit.txt	2025-05-12T13:50:17.4174719Z [36;1m          module_failed=0[0m
job-core	Run git diff --name-only c6f8a02f6484d92a30cb53a5aa14a2f7c632c913 eab8677377135cf97c93c49e69f0b3a1193282fb > files-in-commit.txt	2025-05-12T13:50:17.4174942Z [36;1m          extension_failed=0[0m
job-core	Run git diff --name-only c6f8a02f6484d92a30cb53a5aa14a2f7c632c913 eab8677377135cf97c93c49e69f0b3a1193282fb > files-in-commit.txt	2025-05-12T13:50:17.4175282Z [36;1m          break[0m
job-core	Run git diff --name-only c6f8a02f6484d92a30cb53a5aa14a2f7c632c913 eab8677377135cf97c93c49e69f0b3a1193282fb > files-in-commit.txt	2025-05-12T13:50:17.4175472Z [36;1m        else[0m
job-core	Run git diff --name-only c6f8a02f6484d92a30cb53a5aa14a2f7c632c913 eab8677377135cf97c93c49e69f0b3a1193282fb > files-in-commit.txt	2025-05-12T13:50:17.4175707Z [36;1m          # Control de si existe el modulo para esa extension"[0m
job-core	Run git diff --name-only c6f8a02f6484d92a30cb53a5aa14a2f7c632c913 eab8677377135cf97c93c49e69f0b3a1193282fb > files-in-commit.txt	2025-05-12T13:50:17.4176066Z [36;1m          echo "VI No es igual $file_module a $module y lo indicamos en la variable module_failed=1"[0m
job-core	Run git diff --name-only c6f8a02f6484d92a30cb53a5aa14a2f7c632c913 eab8677377135cf97c93c49e69f0b3a1193282fb > files-in-commit.txt	2025-05-12T13:50:17.4176357Z [36;1m          module_failed=1[0m
job-core	Run git diff --name-only c6f8a02f6484d92a30cb53a5aa14a2f7c632c913 eab8677377135cf97c93c49e69f0b3a1193282fb > files-in-commit.txt	2025-05-12T13:50:17.4176526Z [36;1m        fi[0m
job-core	Run git diff --name-only c6f8a02f6484d92a30cb53a5aa14a2f7c632c913 eab8677377135cf97c93c49e69f0b3a1193282fb > files-in-commit.txt	2025-05-12T13:50:17.4176672Z [36;1m      done[0m
job-core	Run git diff --name-only c6f8a02f6484d92a30cb53a5aa14a2f7c632c913 eab8677377135cf97c93c49e69f0b3a1193282fb > files-in-commit.txt	2025-05-12T13:50:17.4176814Z [36;1m      break[0m
job-core	Run git diff --name-only c6f8a02f6484d92a30cb53a5aa14a2f7c632c913 eab8677377135cf97c93c49e69f0b3a1193282fb > files-in-commit.txt	2025-05-12T13:50:17.4176961Z [36;1m    else[0m
job-core	Run git diff --name-only c6f8a02f6484d92a30cb53a5aa14a2f7c632c913 eab8677377135cf97c93c49e69f0b3a1193282fb > files-in-commit.txt	2025-05-12T13:50:17.4177140Z [36;1m      # Control de si existe el modulo para esa extension"[0m
job-core	Run git diff --name-only c6f8a02f6484d92a30cb53a5aa14a2f7c632c913 eab8677377135cf97c93c49e69f0b3a1193282fb > files-in-commit.txt	2025-05-12T13:50:17.4177515Z [36;1m      echo "VII No es igual $file_extension a $file y lo indicamos en la variable extension_failed=1"[0m
job-core	Run git diff --name-only c6f8a02f6484d92a30cb53a5aa14a2f7c632c913 eab8677377135cf97c93c49e69f0b3a1193282fb > files-in-commit.txt	2025-05-12T13:50:17.4177783Z [36;1m      extension_failed=1[0m
job-core	Run git diff --name-only c6f8a02f6484d92a30cb53a5aa14a2f7c632c913 eab8677377135cf97c93c49e69f0b3a1193282fb > files-in-commit.txt	2025-05-12T13:50:17.4177947Z [36;1m    fi  [0m
job-core	Run git diff --name-only c6f8a02f6484d92a30cb53a5aa14a2f7c632c913 eab8677377135cf97c93c49e69f0b3a1193282fb > files-in-commit.txt	2025-05-12T13:50:17.4178083Z [36;1m  done[0m
job-core	Run git diff --name-only c6f8a02f6484d92a30cb53a5aa14a2f7c632c913 eab8677377135cf97c93c49e69f0b3a1193282fb > files-in-commit.txt	2025-05-12T13:50:17.4178242Z [36;1m  if [[ $module_failed == 1 ]]; then[0m
job-core	Run git diff --name-only c6f8a02f6484d92a30cb53a5aa14a2f7c632c913 eab8677377135cf97c93c49e69f0b3a1193282fb > files-in-commit.txt	2025-05-12T13:50:17.4178513Z [36;1m    echo "IX Si el modulo falla ($module_failed) añadimos el comentario a la issue"[0m
job-core	Run git diff --name-only c6f8a02f6484d92a30cb53a5aa14a2f7c632c913 eab8677377135cf97c93c49e69f0b3a1193282fb > files-in-commit.txt	2025-05-12T13:50:17.4178954Z [36;1m    # Si hemos llegado hasta aquí añadimos el mensaje de que la extension esta permitida pero no dispone de modulo activo y aqui finaliza el proceso[0m
job-core	Run git diff --name-only c6f8a02f6484d92a30cb53a5aa14a2f7c632c913 eab8677377135cf97c93c49e69f0b3a1193282fb > files-in-commit.txt	2025-05-12T13:50:17.4179331Z [36;1m    # Añadimos los valores a las variables de la issue[0m
job-core	Run git diff --name-only c6f8a02f6484d92a30cb53a5aa14a2f7c632c913 eab8677377135cf97c93c49e69f0b3a1193282fb > files-in-commit.txt	2025-05-12T13:50:17.4179838Z [36;1m    KAOS_ISSUE_BODY="[Ka0S] kaos ha detectado que la extensión ($file_extension) esta permitida dentro de KAOS_CORE_FILES, pero el módulo asociado ($file_module) no esta activo. Por favor compruebe que exista y esta activo."[0m
job-core	Run git diff --name-only c6f8a02f6484d92a30cb53a5aa14a2f7c632c913 eab8677377135cf97c93c49e69f0b3a1193282fb > files-in-commit.txt	2025-05-12T13:50:17.4180571Z [36;1m    # Añadimos el comentario a la issue[0m
job-core	Run git diff --name-only c6f8a02f6484d92a30cb53a5aa14a2f7c632c913 eab8677377135cf97c93c49e69f0b3a1193282fb > files-in-commit.txt	2025-05-12T13:50:17.4180850Z [36;1m    RNNUMBER=$(echo "refs/heads/H1149-desarrollo-de-orchestrator" | grep -o '[0-9]*')[0m
job-core	Run git diff --name-only c6f8a02f6484d92a30cb53a5aa14a2f7c632c913 eab8677377135cf97c93c49e69f0b3a1193282fb > files-in-commit.txt	2025-05-12T13:50:17.4181148Z [36;1m    gh issue comment $RNNUMBER --body "$KAOS_ISSUE_BODY"[0m
job-core	Run git diff --name-only c6f8a02f6484d92a30cb53a5aa14a2f7c632c913 eab8677377135cf97c93c49e69f0b3a1193282fb > files-in-commit.txt	2025-05-12T13:50:17.4181358Z [36;1m  fi[0m
job-core	Run git diff --name-only c6f8a02f6484d92a30cb53a5aa14a2f7c632c913 eab8677377135cf97c93c49e69f0b3a1193282fb > files-in-commit.txt	2025-05-12T13:50:17.4181515Z [36;1m  if [[ $extension_failed == 1 ]]; then[0m
job-core	Run git diff --name-only c6f8a02f6484d92a30cb53a5aa14a2f7c632c913 eab8677377135cf97c93c49e69f0b3a1193282fb > files-in-commit.txt	2025-05-12T13:50:17.4181786Z [36;1m    echo "X Si extension falla falla ($extension_failed) añadimos el comentario a la issue"[0m
job-core	Run git diff --name-only c6f8a02f6484d92a30cb53a5aa14a2f7c632c913 eab8677377135cf97c93c49e69f0b3a1193282fb > files-in-commit.txt	2025-05-12T13:50:17.4182135Z [36;1m    # Si hemos llegado hasta aquí añadimos el mensaje de que la extension no esta permitida[0m
job-core	Run git diff --name-only c6f8a02f6484d92a30cb53a5aa14a2f7c632c913 eab8677377135cf97c93c49e69f0b3a1193282fb > files-in-commit.txt	2025-05-12T13:50:17.4182431Z [36;1m    # Añadimos los valores a las variables de la issue[0m
job-core	Run git diff --name-only c6f8a02f6484d92a30cb53a5aa14a2f7c632c913 eab8677377135cf97c93c49e69f0b3a1193282fb > files-in-commit.txt	2025-05-12T13:50:17.4182853Z [36;1m    KAOS_ISSUE_BODY="[Ka0S] kaos ha detectado que la extensión ($file_extension) NO esta permitida dentro de KAOS_CORE_FILES. Por favor compruebe que exista y esta activo."[0m
job-core	Run git diff --name-only c6f8a02f6484d92a30cb53a5aa14a2f7c632c913 eab8677377135cf97c93c49e69f0b3a1193282fb > files-in-commit.txt	2025-05-12T13:50:17.4183255Z [36;1m    # Añadimos el comentario a la issue[0m
job-core	Run git diff --name-only c6f8a02f6484d92a30cb53a5aa14a2f7c632c913 eab8677377135cf97c93c49e69f0b3a1193282fb > files-in-commit.txt	2025-05-12T13:50:17.4183527Z [36;1m    RNNUMBER=$(echo "refs/heads/H1149-desarrollo-de-orchestrator" | grep -o '[0-9]*')[0m
job-core	Run git diff --name-only c6f8a02f6484d92a30cb53a5aa14a2f7c632c913 eab8677377135cf97c93c49e69f0b3a1193282fb > files-in-commit.txt	2025-05-12T13:50:17.4183822Z [36;1m    gh issue comment $RNNUMBER --body "$KAOS_ISSUE_BODY"[0m
job-core	Run git diff --name-only c6f8a02f6484d92a30cb53a5aa14a2f7c632c913 eab8677377135cf97c93c49e69f0b3a1193282fb > files-in-commit.txt	2025-05-12T13:50:17.4184027Z [36;1m  fi  [0m
job-core	Run git diff --name-only c6f8a02f6484d92a30cb53a5aa14a2f7c632c913 eab8677377135cf97c93c49e69f0b3a1193282fb > files-in-commit.txt	2025-05-12T13:50:17.4184442Z [36;1***one < files-in-commit.txt      [0m
job-core	Run git diff --name-only c6f8a02f6484d92a30cb53a5aa14a2f7c632c913 eab8677377135cf97c93c49e69f0b3a1193282fb > files-in-commit.txt	2025-05-12T13:50:17.4188573Z shell: /usr/bin/bash -e {0}
job-core	Run git diff --name-only c6f8a02f6484d92a30cb53a5aa14a2f7c632c913 eab8677377135cf97c93c49e69f0b3a1193282fb > files-in-commit.txt	2025-05-12T13:50:17.4188745Z env:
job-core	Run git diff --name-only c6f8a02f6484d92a30cb53a5aa14a2f7c632c913 eab8677377135cf97c93c49e69f0b3a1193282fb > files-in-commit.txt	2025-05-12T13:50:17.4188880Z   KAOS_CODE: 14974027375
job-core	Run git diff --name-only c6f8a02f6484d92a30cb53a5aa14a2f7c632c913 eab8677377135cf97c93c49e69f0b3a1193282fb > files-in-commit.txt	2025-05-12T13:50:17.4189039Z   KAOS_EVENT_NAME: push
job-core	Run git diff --name-only c6f8a02f6484d92a30cb53a5aa14a2f7c632c913 eab8677377135cf97c93c49e69f0b3a1193282fb > files-in-commit.txt	2025-05-12T13:50:17.4189192Z   KAOS_ACTION: 
job-core	Run git diff --name-only c6f8a02f6484d92a30cb53a5aa14a2f7c632c913 eab8677377135cf97c93c49e69f0b3a1193282fb > files-in-commit.txt	2025-05-12T13:50:17.4189372Z   KAOS_REF: refs/heads/H1149-desarrollo-de-orchestrator
job-core	Run git diff --name-only c6f8a02f6484d92a30cb53a5aa14a2f7c632c913 eab8677377135cf97c93c49e69f0b3a1193282fb > files-in-commit.txt	2025-05-12T13:50:17.4189577Z   KAOS_MODULE: [Ka0S] kaos
job-core	Run git diff --name-only c6f8a02f6484d92a30cb53a5aa14a2f7c632c913 eab8677377135cf97c93c49e69f0b3a1193282fb > files-in-commit.txt	2025-05-12T13:50:17.4189745Z   KAOS_PATH_RESUME: core/results/k/
job-core	Run git diff --name-only c6f8a02f6484d92a30cb53a5aa14a2f7c632c913 eab8677377135cf97c93c49e69f0b3a1193282fb > files-in-commit.txt	2025-05-12T13:50:17.4189927Z   KAOS_JSON: core/results/k/event_data_
job-core	Run git diff --name-only c6f8a02f6484d92a30cb53a5aa14a2f7c632c913 eab8677377135cf97c93c49e69f0b3a1193282fb > files-in-commit.txt	2025-05-12T13:50:17.4190107Z   KAOS_ACTOR: jh0ny2k2
job-core	Run git diff --name-only c6f8a02f6484d92a30cb53a5aa14a2f7c632c913 eab8677377135cf97c93c49e69f0b3a1193282fb > files-in-commit.txt	2025-05-12T13:50:17.4190261Z   GITHUB_OUTPUT: 
job-core	Run git diff --name-only c6f8a02f6484d92a30cb53a5aa14a2f7c632c913 eab8677377135cf97c93c49e69f0b3a1193282fb > files-in-commit.txt	2025-05-12T13:50:17.4190439Z   INVOLVED: core/results/k/files-in-commit-.txt
job-core	Run git diff --name-only c6f8a02f6484d92a30cb53a5aa14a2f7c632c913 eab8677377135cf97c93c49e69f0b3a1193282fb > files-in-commit.txt	2025-05-12T13:50:17.4190800Z   modules: ***
job-core	Run git diff --name-only c6f8a02f6484d92a30cb53a5aa14a2f7c632c913 eab8677377135cf97c93c49e69f0b3a1193282fb > files-in-commit.txt	2025-05-12T13:50:17.4190956Z   files: ***
job-core	Run git diff --name-only c6f8a02f6484d92a30cb53a5aa14a2f7c632c913 eab8677377135cf97c93c49e69f0b3a1193282fb > files-in-commit.txt	2025-05-12T13:50:17.4191163Z   GH_TOKEN: ***
job-core	Run git diff --name-only c6f8a02f6484d92a30cb53a5aa14a2f7c632c913 eab8677377135cf97c93c49e69f0b3a1193282fb > files-in-commit.txt	2025-05-12T13:50:17.4191308Z ##[endgroup]
job-core	Run git diff --name-only c6f8a02f6484d92a30cb53a5aa14a2f7c632c913 eab8677377135cf97c93c49e69f0b3a1193282fb > files-in-commit.txt	2025-05-12T13:50:17.4259503Z CHANGELOG.***
job-core	Run git diff --name-only c6f8a02f6484d92a30cb53a5aa14a2f7c632c913 eab8677377135cf97c93c49e69f0b3a1193282fb > files-in-commit.txt	2025-05-12T13:50:17.4259973Z INDEX.***
job-core	Run git diff --name-only c6f8a02f6484d92a30cb53a5aa14a2f7c632c913 eab8677377135cf97c93c49e69f0b3a1193282fb > files-in-commit.txt	2025-05-12T13:50:17.4260151Z core/outputs/i/14973635573.json
job-core	Run git diff --name-only c6f8a02f6484d92a30cb53a5aa14a2f7c632c913 eab8677377135cf97c93c49e69f0b3a1193282fb > files-in-commit.txt	2025-05-12T13:50:17.4260386Z core/outputs/i/14973635573.log
job-core	Run git diff --name-only c6f8a02f6484d92a30cb53a5aa14a2f7c632c913 eab8677377135cf97c93c49e69f0b3a1193282fb > files-in-commit.txt	2025-05-12T13:50:17.4260634Z core/outputs/i/14973635593.json
job-core	Run git diff --name-only c6f8a02f6484d92a30cb53a5aa14a2f7c632c913 eab8677377135cf97c93c49e69f0b3a1193282fb > files-in-commit.txt	2025-05-12T13:50:17.4260895Z core/outputs/i/14973635593.log
job-core	Run git diff --name-only c6f8a02f6484d92a30cb53a5aa14a2f7c632c913 eab8677377135cf97c93c49e69f0b3a1193282fb > files-in-commit.txt	2025-05-12T13:50:17.4261083Z core/outputs/i/14973718489.json
job-core	Run git diff --name-only c6f8a02f6484d92a30cb53a5aa14a2f7c632c913 eab8677377135cf97c93c49e69f0b3a1193282fb > files-in-commit.txt	2025-05-12T13:50:17.4261266Z core/outputs/i/14973718489.log
job-core	Run git diff --name-only c6f8a02f6484d92a30cb53a5aa14a2f7c632c913 eab8677377135cf97c93c49e69f0b3a1193282fb > files-in-commit.txt	2025-05-12T13:50:17.4261469Z core/outputs/i/14973783122.json
job-core	Run git diff --name-only c6f8a02f6484d92a30cb53a5aa14a2f7c632c913 eab8677377135cf97c93c49e69f0b3a1193282fb > files-in-commit.txt	2025-05-12T13:50:17.4261629Z core/outputs/i/14973783122.log
job-core	Run git diff --name-only c6f8a02f6484d92a30cb53a5aa14a2f7c632c913 eab8677377135cf97c93c49e69f0b3a1193282fb > files-in-commit.txt	2025-05-12T13:50:17.4261788Z core/outputs/i/14973821035.json
job-core	Run git diff --name-only c6f8a02f6484d92a30cb53a5aa14a2f7c632c913 eab8677377135cf97c93c49e69f0b3a1193282fb > files-in-commit.txt	2025-05-12T13:50:17.4261945Z core/outputs/i/14973821035.log
job-core	Run git diff --name-only c6f8a02f6484d92a30cb53a5aa14a2f7c632c913 eab8677377135cf97c93c49e69f0b3a1193282fb > files-in-commit.txt	2025-05-12T13:50:17.4262112Z core/outputs/i/14973879100.json
job-core	Run git diff --name-only c6f8a02f6484d92a30cb53a5aa14a2f7c632c913 eab8677377135cf97c93c49e69f0b3a1193282fb > files-in-commit.txt	2025-05-12T13:50:17.4262364Z core/outputs/i/14973879100.log
job-core	Run git diff --name-only c6f8a02f6484d92a30cb53a5aa14a2f7c632c913 eab8677377135cf97c93c49e69f0b3a1193282fb > files-in-commit.txt	2025-05-12T13:50:17.4262561Z core/outputs/webs/dashboard/data-files-summary.json
job-core	Run git diff --name-only c6f8a02f6484d92a30cb53a5aa14a2f7c632c913 eab8677377135cf97c93c49e69f0b3a1193282fb > files-in-commit.txt	2025-05-12T13:50:17.4262852Z core/results/k/event_data_14973718489.json
job-core	Run git diff --name-only c6f8a02f6484d92a30cb53a5aa14a2f7c632c913 eab8677377135cf97c93c49e69f0b3a1193282fb > files-in-commit.txt	2025-05-12T13:50:17.4263230Z core/results/k/event_data_14973718489.json.bak
job-core	Run git diff --name-only c6f8a02f6484d92a30cb53a5aa14a2f7c632c913 eab8677377135cf97c93c49e69f0b3a1193282fb > files-in-commit.txt	2025-05-12T13:50:17.4263475Z core/results/webs/dashboard/js/orchestrator.js
job-core	Run git diff --name-only c6f8a02f6484d92a30cb53a5aa14a2f7c632c913 eab8677377135cf97c93c49e69f0b3a1193282fb > files-in-commit.txt	2025-05-12T13:50:17.4263688Z version.txt
job-core	Run git diff --name-only c6f8a02f6484d92a30cb53a5aa14a2f7c632c913 eab8677377135cf97c93c49e69f0b3a1193282fb > files-in-commit.txt	2025-05-12T13:50:17.4263958Z I Leemos el fichero files-in-commit.txt y extraemos el fichero CHANGELOG.***
job-core	Run git diff --name-only c6f8a02f6484d92a30cb53a5aa14a2f7c632c913 eab8677377135cf97c93c49e69f0b3a1193282fb > files-in-commit.txt	2025-05-12T13:50:17.4278834Z I-1 Calculamos el nombre del fichero CHANGELOG.***
job-core	Run git diff --name-only c6f8a02f6484d92a30cb53a5aa14a2f7c632c913 eab8677377135cf97c93c49e69f0b3a1193282fb > files-in-commit.txt	2025-05-12T13:50:17.4279135Z I-2 Calculamos la extension del fichero ***
job-core	Run git diff --name-only c6f8a02f6484d92a30cb53a5aa14a2f7c632c913 eab8677377135cf97c93c49e69f0b3a1193282fb > files-in-commit.txt	2025-05-12T13:50:17.4279355Z I-3 Calculamos el modulo ***lint.yml
job-core	Run git diff --name-only c6f8a02f6484d92a30cb53a5aa14a2f7c632c913 eab8677377135cf97c93c49e69f0b3a1193282fb > files-in-commit.txt	2025-05-12T13:50:17.4279558Z II Leemos el array de ***
job-core	Run git diff --name-only c6f8a02f6484d92a30cb53a5aa14a2f7c632c913 eab8677377135cf97c93c49e69f0b3a1193282fb > files-in-commit.txt	2025-05-12T13:50:17.4279762Z III Comprobamos si *** es igual a ***
job-core	Run git diff --name-only c6f8a02f6484d92a30cb53a5aa14a2f7c632c913 eab8677377135cf97c93c49e69f0b3a1193282fb > files-in-commit.txt	2025-05-12T13:50:17.4279949Z IV Leemos el array ***lint.yml
job-core	Run git diff --name-only c6f8a02f6484d92a30cb53a5aa14a2f7c632c913 eab8677377135cf97c93c49e69f0b3a1193282fb > files-in-commit.txt	2025-05-12T13:50:17.4280198Z V Comprobamos que el ***lint.yml es igual a ***lint.yml y ejecutamos el flujo
job-core	Run git diff --name-only c6f8a02f6484d92a30cb53a5aa14a2f7c632c913 eab8677377135cf97c93c49e69f0b3a1193282fb > files-in-commit.txt	2025-05-12T13:50:17.4299623Z El numero de la issue es: 1149
job-core	Run git diff --name-only c6f8a02f6484d92a30cb53a5aa14a2f7c632c913 eab8677377135cf97c93c49e69f0b3a1193282fb > files-in-commit.txt	2025-05-12T13:50:18.2938449Z I Leemos el fichero files-in-commit.txt y extraemos el fichero INDEX.***
job-core	Run git diff --name-only c6f8a02f6484d92a30cb53a5aa14a2f7c632c913 eab8677377135cf97c93c49e69f0b3a1193282fb > files-in-commit.txt	2025-05-12T13:50:18.2951406Z I-1 Calculamos el nombre del fichero INDEX.***
job-core	Run git diff --name-only c6f8a02f6484d92a30cb53a5aa14a2f7c632c913 eab8677377135cf97c93c49e69f0b3a1193282fb > files-in-commit.txt	2025-05-12T13:50:18.2951799Z I-2 Calculamos la extension del fichero ***
job-core	Run git diff --name-only c6f8a02f6484d92a30cb53a5aa14a2f7c632c913 eab8677377135cf97c93c49e69f0b3a1193282fb > files-in-commit.txt	2025-05-12T13:50:18.2952295Z I-3 Calculamos el modulo ***lint.yml
job-core	Run git diff --name-only c6f8a02f6484d92a30cb53a5aa14a2f7c632c913 eab8677377135cf97c93c49e69f0b3a1193282fb > files-in-commit.txt	2025-05-12T13:50:18.2952598Z II Leemos el array de ***
job-core	Run git diff --name-only c6f8a02f6484d92a30cb53a5aa14a2f7c632c913 eab8677377135cf97c93c49e69f0b3a1193282fb > files-in-commit.txt	2025-05-12T13:50:18.2952953Z III Comprobamos si *** es igual a ***
job-core	Run git diff --name-only c6f8a02f6484d92a30cb53a5aa14a2f7c632c913 eab8677377135cf97c93c49e69f0b3a1193282fb > files-in-commit.txt	2025-05-12T13:50:18.2954184Z IV Leemos el array ***lint.yml
job-core	Run git diff --name-only c6f8a02f6484d92a30cb53a5aa14a2f7c632c913 eab8677377135cf97c93c49e69f0b3a1193282fb > files-in-commit.txt	2025-05-12T13:50:18.2954608Z V Comprobamos que el ***lint.yml es igual a ***lint.yml y ejecutamos el flujo
job-core	Run git diff --name-only c6f8a02f6484d92a30cb53a5aa14a2f7c632c913 eab8677377135cf97c93c49e69f0b3a1193282fb > files-in-commit.txt	2025-05-12T13:50:18.2972734Z El numero de la issue es: 1149
job-core	Run git diff --name-only c6f8a02f6484d92a30cb53a5aa14a2f7c632c913 eab8677377135cf97c93c49e69f0b3a1193282fb > files-in-commit.txt	2025-05-12T13:50:19.1280383Z Skipping file in outputs directory: core/outputs/i/14973635573.json
job-core	Run git diff --name-only c6f8a02f6484d92a30cb53a5aa14a2f7c632c913 eab8677377135cf97c93c49e69f0b3a1193282fb > files-in-commit.txt	2025-05-12T13:50:19.1280826Z Skipping file in outputs directory: core/outputs/i/14973635573.log
job-core	Run git diff --name-only c6f8a02f6484d92a30cb53a5aa14a2f7c632c913 eab8677377135cf97c93c49e69f0b3a1193282fb > files-in-commit.txt	2025-05-12T13:50:19.1281103Z Skipping file in outputs directory: core/outputs/i/14973635593.json
job-core	Run git diff --name-only c6f8a02f6484d92a30cb53a5aa14a2f7c632c913 eab8677377135cf97c93c49e69f0b3a1193282fb > files-in-commit.txt	2025-05-12T13:50:19.1281407Z Skipping file in outputs directory: core/outputs/i/14973635593.log
job-core	Run git diff --name-only c6f8a02f6484d92a30cb53a5aa14a2f7c632c913 eab8677377135cf97c93c49e69f0b3a1193282fb > files-in-commit.txt	2025-05-12T13:50:19.1281803Z Skipping file in outputs directory: core/outputs/i/14973718489.json
job-core	Run git diff --name-only c6f8a02f6484d92a30cb53a5aa14a2f7c632c913 eab8677377135cf97c93c49e69f0b3a1193282fb > files-in-commit.txt	2025-05-12T13:50:19.1282104Z Skipping file in outputs directory: core/outputs/i/14973718489.log
job-core	Run git diff --name-only c6f8a02f6484d92a30cb53a5aa14a2f7c632c913 eab8677377135cf97c93c49e69f0b3a1193282fb > files-in-commit.txt	2025-05-12T13:50:19.1282402Z Skipping file in outputs directory: core/outputs/i/14973783122.json
job-core	Run git diff --name-only c6f8a02f6484d92a30cb53a5aa14a2f7c632c913 eab8677377135cf97c93c49e69f0b3a1193282fb > files-in-commit.txt	2025-05-12T13:50:19.1282717Z Skipping file in outputs directory: core/outputs/i/14973783122.log
job-core	Run git diff --name-only c6f8a02f6484d92a30cb53a5aa14a2f7c632c913 eab8677377135cf97c93c49e69f0b3a1193282fb > files-in-commit.txt	2025-05-12T13:50:19.1283020Z Skipping file in outputs directory: core/outputs/i/14973821035.json
job-core	Run git diff --name-only c6f8a02f6484d92a30cb53a5aa14a2f7c632c913 eab8677377135cf97c93c49e69f0b3a1193282fb > files-in-commit.txt	2025-05-12T13:50:19.1283321Z Skipping file in outputs directory: core/outputs/i/14973821035.log
job-core	Run git diff --name-only c6f8a02f6484d92a30cb53a5aa14a2f7c632c913 eab8677377135cf97c93c49e69f0b3a1193282fb > files-in-commit.txt	2025-05-12T13:50:19.1283602Z Skipping file in outputs directory: core/outputs/i/14973879100.json
job-core	Run git diff --name-only c6f8a02f6484d92a30cb53a5aa14a2f7c632c913 eab8677377135cf97c93c49e69f0b3a1193282fb > files-in-commit.txt	2025-05-12T13:50:19.1284056Z Skipping file in outputs directory: core/outputs/i/14973879100.log
job-core	Run git diff --name-only c6f8a02f6484d92a30cb53a5aa14a2f7c632c913 eab8677377135cf97c93c49e69f0b3a1193282fb > files-in-commit.txt	2025-05-12T13:50:19.1284598Z Skipping file in outputs directory: core/outputs/webs/dashboard/data-files-summary.json
job-core	Run git diff --name-only c6f8a02f6484d92a30cb53a5aa14a2f7c632c913 eab8677377135cf97c93c49e69f0b3a1193282fb > files-in-commit.txt	2025-05-12T13:50:19.1285050Z Skipping file in outputs directory: core/results/k/event_data_14973718489.json
job-core	Run git diff --name-only c6f8a02f6484d92a30cb53a5aa14a2f7c632c913 eab8677377135cf97c93c49e69f0b3a1193282fb > files-in-commit.txt	2025-05-12T13:50:19.1285454Z Skipping file in outputs directory: core/results/k/event_data_14973718489.json.bak
job-core	Run git diff --name-only c6f8a02f6484d92a30cb53a5aa14a2f7c632c913 eab8677377135cf97c93c49e69f0b3a1193282fb > files-in-commit.txt	2025-05-12T13:50:19.1285837Z Skipping file in outputs directory: core/results/webs/dashboard/js/orchestrator.js
job-core	Run git diff --name-only c6f8a02f6484d92a30cb53a5aa14a2f7c632c913 eab8677377135cf97c93c49e69f0b3a1193282fb > files-in-commit.txt	2025-05-12T13:50:19.1286471Z I Leemos el fichero files-in-commit.txt y extraemos el fichero version.txt
job-core	Run git diff --name-only c6f8a02f6484d92a30cb53a5aa14a2f7c632c913 eab8677377135cf97c93c49e69f0b3a1193282fb > files-in-commit.txt	2025-05-12T13:50:19.1296070Z I-1 Calculamos el nombre del fichero version.txt
job-core	Run git diff --name-only c6f8a02f6484d92a30cb53a5aa14a2f7c632c913 eab8677377135cf97c93c49e69f0b3a1193282fb > files-in-commit.txt	2025-05-12T13:50:19.1297435Z I-2 Calculamos la extension del fichero txt
job-core	Run git diff --name-only c6f8a02f6484d92a30cb53a5aa14a2f7c632c913 eab8677377135cf97c93c49e69f0b3a1193282fb > files-in-commit.txt	2025-05-12T13:50:19.1297756Z I-3 Calculamos el modulo txtlint.yml
job-core	Run git diff --name-only c6f8a02f6484d92a30cb53a5aa14a2f7c632c913 eab8677377135cf97c93c49e69f0b3a1193282fb > files-in-commit.txt	2025-05-12T13:50:19.1298051Z II Leemos el array de ***
job-core	Run git diff --name-only c6f8a02f6484d92a30cb53a5aa14a2f7c632c913 eab8677377135cf97c93c49e69f0b3a1193282fb > files-in-commit.txt	2025-05-12T13:50:19.1352959Z VII No es igual txt a *** y lo indicamos en la variable extension_failed=1
job-core	Run git diff --name-only c6f8a02f6484d92a30cb53a5aa14a2f7c632c913 eab8677377135cf97c93c49e69f0b3a1193282fb > files-in-commit.txt	2025-05-12T13:50:19.1353856Z X Si extension falla falla (1) añadimos el comentario a la issue
job-core	Run git diff --name-only c6f8a02f6484d92a30cb53a5aa14a2f7c632c913 eab8677377135cf97c93c49e69f0b3a1193282fb > files-in-commit.txt	2025-05-12T13:50:49.3204798Z https://github.com/Ka0s-Klaus/ka0s/issues/1149#issuecomment-2872662249
job-core	Post Checkout code	﻿2025-05-12T13:50:49.3287798Z Post job cleanup.
job-core	Post Checkout code	2025-05-12T13:50:49.3925228Z [command]/usr/bin/git version
job-core	Post Checkout code	2025-05-12T13:50:49.3949477Z git version 2.43.0
job-core	Post Checkout code	2025-05-12T13:50:49.3973648Z Copying '/home/kaos/.gitconfig' to '/actions-runner/_work/_temp/d4cccaca-6782-4fca-981f-2e6cafdb411d/.gitconfig'
job-core	Post Checkout code	2025-05-12T13:50:49.3984351Z Temporarily overriding HOME='/actions-runner/_work/_temp/d4cccaca-6782-4fca-981f-2e6cafdb411d' before making global git config changes
job-core	Post Checkout code	2025-05-12T13:50:49.3988589Z Adding repository directory to the temporary git global config as a safe directory
job-core	Post Checkout code	2025-05-12T13:50:49.3989261Z [command]/usr/bin/git config --global --add safe.directory /actions-runner/_work/ka0s/ka0s
job-core	Post Checkout code	2025-05-12T13:50:49.4078217Z [command]/usr/bin/git config --local --name-only --get-regexp core\.sshCommand
job-core	Post Checkout code	2025-05-12T13:50:49.4108193Z [command]/usr/bin/git submodule foreach --recursive sh -c "git config --local --name-only --get-regexp 'core\.sshCommand' && git config --local --unset-all 'core.sshCommand' || :"
job-core	Post Checkout code	2025-05-12T13:50:49.4340460Z [command]/usr/bin/git config --local --name-only --get-regexp http\.https\:\/\/github\.com\/\.extraheader
job-core	Post Checkout code	2025-05-12T13:50:49.4361522Z http.https://github.com/.extraheader
job-core	Post Checkout code	2025-05-12T13:50:49.4372459Z [command]/usr/bin/git config --local --unset-all http.https://github.com/.extraheader
job-core	Post Checkout code	2025-05-12T13:50:49.4404332Z [command]/usr/bin/git submodule foreach --recursive sh -c "git config --local --name-only --get-regexp 'http\.https\:\/\/github\.com\/\.extraheader' && git config --local --unset-all 'http.https://github.com/.extraheader' || :"
job-core	Complete job	﻿2025-05-12T13:50:49.4727801Z Cleaning up orphan processes
handle-success	Set up job	﻿2025-05-12T13:51:29.2477642Z Current runner version: '2.323.0'
handle-success	Set up job	2025-05-12T13:51:29.2481269Z Runner name: 'ka0s-7'
handle-success	Set up job	2025-05-12T13:51:29.2481908Z Machine name: '26a53205c9ac'
handle-success	Set up job	2025-05-12T13:51:29.2483277Z ##[group]GITHUB_TOKEN Permissions
handle-success	Set up job	2025-05-12T13:51:29.2484969Z Contents: read
handle-success	Set up job	2025-05-12T13:51:29.2485286Z Metadata: read
handle-success	Set up job	2025-05-12T13:51:29.2485585Z Packages: read
handle-success	Set up job	2025-05-12T13:51:29.2485891Z ##[endgroup]
handle-success	Set up job	2025-05-12T13:51:29.2487137Z Secret source: Actions
handle-success	Set up job	2025-05-12T13:51:29.2487511Z Prepare workflow directory
handle-success	Set up job	2025-05-12T13:51:29.2875523Z Prepare all required actions
handle-success	Set up job	2025-05-12T13:51:29.2901747Z Getting action download info
handle-success	Set up job	2025-05-12T13:51:29.9242661Z Download action repository 'actions/checkout@v4' (SHA:11bd71901bbe5b1630ceea73d27597364c9af683)
handle-success	Set up job	2025-05-12T13:51:31.3701379Z Complete job name: handle-success
handle-success	Checkout code	﻿2025-05-12T13:51:31.4053832Z ##[group]Run actions/checkout@v4
handle-success	Checkout code	2025-05-12T13:51:31.4054833Z with:
handle-success	Checkout code	2025-05-12T13:51:31.4055379Z   fetch-depth: 0
handle-success	Checkout code	2025-05-12T13:51:31.4056252Z   token: ***
handle-success	Checkout code	2025-05-12T13:51:31.4056839Z   repository: Ka0s-Klaus/ka0s
handle-success	Checkout code	2025-05-12T13:51:31.4057574Z   ssh-strict: true
handle-success	Checkout code	2025-05-12T13:51:31.4058171Z   ssh-user: git
handle-success	Checkout code	2025-05-12T13:51:31.4058780Z   persist-credentials: true
handle-success	Checkout code	2025-05-12T13:51:31.4059449Z   clean: true
handle-success	Checkout code	2025-05-12T13:51:31.4060057Z   sparse-checkout-cone-mode: true
handle-success	Checkout code	2025-05-12T13:51:31.4060785Z   fetch-tags: false
handle-success	Checkout code	2025-05-12T13:51:31.4061388Z   show-progress: true
handle-success	Checkout code	2025-05-12T13:51:31.4061995Z   lfs: false
handle-success	Checkout code	2025-05-12T13:51:31.4062559Z   submodules: false
handle-success	Checkout code	2025-05-12T13:51:31.4063171Z   set-safe-directory: true
handle-success	Checkout code	2025-05-12T13:51:31.4063926Z env:
handle-success	Checkout code	2025-05-12T13:51:31.4064503Z   KAOS_CODE: 14974027375
handle-success	Checkout code	2025-05-12T13:51:31.4065160Z   KAOS_EVENT_NAME: push
handle-success	Checkout code	2025-05-12T13:51:31.4065783Z   KAOS_ACTION: 
handle-success	Checkout code	2025-05-12T13:51:31.4066492Z   KAOS_REF: refs/heads/H1149-desarrollo-de-orchestrator
handle-success	Checkout code	2025-05-12T13:51:31.4067394Z   KAOS_MODULE: [Ka0S] kaos
handle-success	Checkout code	2025-05-12T13:51:31.4068230Z   KAOS_PATH_RESUME: core/results/k/
handle-success	Checkout code	2025-05-12T13:51:31.4069027Z   KAOS_JSON: core/results/k/event_data_
handle-success	Checkout code	2025-05-12T13:51:31.4069813Z   KAOS_ACTOR: jh0ny2k2
handle-success	Checkout code	2025-05-12T13:51:31.4070435Z ##[endgroup]
handle-success	Checkout code	2025-05-12T13:51:31.4803267Z Syncing repository: Ka0s-Klaus/ka0s
handle-success	Checkout code	2025-05-12T13:51:31.4806131Z ##[group]Getting Git version info
handle-success	Checkout code	2025-05-12T13:51:31.4807557Z Working directory is '/actions-runner/_work/ka0s/ka0s'
handle-success	Checkout code	2025-05-12T13:51:31.4809295Z [command]/usr/bin/git version
handle-success	Checkout code	2025-05-12T13:51:31.4810132Z git version 2.43.0
handle-success	Checkout code	2025-05-12T13:51:31.4812773Z ##[endgroup]
handle-success	Checkout code	2025-05-12T13:51:31.4818726Z Copying '/home/kaos/.gitconfig' to '/actions-runner/_work/_temp/e52d3a54-d302-4b04-8e48-099ff8d28c19/.gitconfig'
handle-success	Checkout code	2025-05-12T13:51:31.4830507Z Temporarily overriding HOME='/actions-runner/_work/_temp/e52d3a54-d302-4b04-8e48-099ff8d28c19' before making global git config changes
handle-success	Checkout code	2025-05-12T13:51:31.4833126Z Adding repository directory to the temporary git global config as a safe directory
handle-success	Checkout code	2025-05-12T13:51:31.4838448Z [command]/usr/bin/git config --global --add safe.directory /actions-runner/_work/ka0s/ka0s
handle-success	Checkout code	2025-05-12T13:51:31.4928749Z [command]/usr/bin/git config --local --get remote.origin.url
handle-success	Checkout code	2025-05-12T13:51:31.4946776Z https://github.com/Ka0s-Klaus/ka0s
handle-success	Checkout code	2025-05-12T13:51:31.4966094Z ##[group]Removing previously created refs, to avoid conflicts
handle-success	Checkout code	2025-05-12T13:51:31.4969837Z [command]/usr/bin/git rev-parse --symbolic-full-name --verify --quiet HEAD
handle-success	Checkout code	2025-05-12T13:51:31.4992207Z refs/heads/main
handle-success	Checkout code	2025-05-12T13:51:31.5002404Z [command]/usr/bin/git checkout --detach
handle-success	Checkout code	2025-05-12T13:51:31.5092131Z HEAD is now at b90c4d8d [Ka0S] Inspector uploading resume execution files to the repository...
handle-success	Checkout code	2025-05-12T13:51:31.5128670Z [command]/usr/bin/git branch --delete --force main
handle-success	Checkout code	2025-05-12T13:51:31.5162434Z Deleted branch main (was b90c4d8d).
handle-success	Checkout code	2025-05-12T13:51:31.5222731Z ##[endgroup]
handle-success	Checkout code	2025-05-12T13:51:31.5226006Z [command]/usr/bin/git submodule status
handle-success	Checkout code	2025-05-12T13:51:31.5462199Z ##[group]Cleaning the repository
handle-success	Checkout code	2025-05-12T13:51:31.5463431Z [command]/usr/bin/git clean -ffdx
handle-success	Checkout code	2025-05-12T13:51:31.5524376Z [command]/usr/bin/git reset --hard HEAD
handle-success	Checkout code	2025-05-12T13:51:31.5649520Z HEAD is now at b90c4d8d [Ka0S] Inspector uploading resume execution files to the repository...
handle-success	Checkout code	2025-05-12T13:51:31.5654347Z ##[endgroup]
handle-success	Checkout code	2025-05-12T13:51:31.5655836Z ##[group]Disabling automatic garbage collection
handle-success	Checkout code	2025-05-12T13:51:31.5665347Z [command]/usr/bin/git config --local gc.auto 0
handle-success	Checkout code	2025-05-12T13:51:31.5692559Z ##[endgroup]
handle-success	Checkout code	2025-05-12T13:51:31.5693848Z ##[group]Setting up auth
handle-success	Checkout code	2025-05-12T13:51:31.5698000Z [command]/usr/bin/git config --local --name-only --get-regexp core\.sshCommand
handle-success	Checkout code	2025-05-12T13:51:31.5724684Z [command]/usr/bin/git submodule foreach --recursive sh -c "git config --local --name-only --get-regexp 'core\.sshCommand' && git config --local --unset-all 'core.sshCommand' || :"
handle-success	Checkout code	2025-05-12T13:51:31.5968697Z [command]/usr/bin/git config --local --name-only --get-regexp http\.https\:\/\/github\.com\/\.extraheader
handle-success	Checkout code	2025-05-12T13:51:31.5993815Z [command]/usr/bin/git submodule foreach --recursive sh -c "git config --local --name-only --get-regexp 'http\.https\:\/\/github\.com\/\.extraheader' && git config --local --unset-all 'http.https://github.com/.extraheader' || :"
handle-success	Checkout code	2025-05-12T13:51:31.6229894Z [command]/usr/bin/git config --local http.https://github.com/.extraheader AUTHORIZATION: basic ***
handle-success	Checkout code	2025-05-12T13:51:31.6268552Z ##[endgroup]
handle-success	Checkout code	2025-05-12T13:51:31.6290253Z ##[group]Fetching the repository
handle-success	Checkout code	2025-05-12T13:51:31.6293092Z [command]/usr/bin/git -c protocol.version=2 fetch --prune --no-recurse-submodules origin +refs/heads/*:refs/remotes/origin/* +refs/tags/*:refs/tags/*
handle-success	Checkout code	2025-05-12T13:51:32.7633809Z From https://github.com/Ka0s-Klaus/ka0s
handle-success	Checkout code	2025-05-12T13:51:32.7635064Z    c6f8a02f..44ff77b6  H1149-desarrollo-de-orchestrator -> origin/H1149-desarrollo-de-orchestrator
handle-success	Checkout code	2025-05-12T13:51:32.7635678Z    b90c4d8d..33a6b748  main       -> origin/main
handle-success	Checkout code	2025-05-12T13:51:32.7674135Z [command]/usr/bin/git branch --list --remote origin/H1149-desarrollo-de-orchestrator
handle-success	Checkout code	2025-05-12T13:51:32.7697709Z   origin/H1149-desarrollo-de-orchestrator
handle-success	Checkout code	2025-05-12T13:51:32.7706968Z [command]/usr/bin/git rev-parse refs/remotes/origin/H1149-desarrollo-de-orchestrator
handle-success	Checkout code	2025-05-12T13:51:32.7727830Z 44ff77b6234790aca22ab9a87be0d23a195ea8de
handle-success	Checkout code	2025-05-12T13:51:32.7741337Z [command]/usr/bin/git -c protocol.version=2 fetch --no-tags --prune --no-recurse-submodules origin +eab8677377135cf97c93c49e69f0b3a1193282fb:refs/remotes/origin/H1149-desarrollo-de-orchestrator
handle-success	Checkout code	2025-05-12T13:51:32.7881711Z From https://github.com/Ka0s-Klaus/ka0s
handle-success	Checkout code	2025-05-12T13:51:32.7883637Z  + 44ff77b6...eab86773 eab8677377135cf97c93c49e69f0b3a1193282fb -> origin/H1149-desarrollo-de-orchestrator  (forced update)
handle-success	Checkout code	2025-05-12T13:51:32.7897180Z ##[endgroup]
handle-success	Checkout code	2025-05-12T13:51:32.7897835Z ##[group]Determining the checkout info
handle-success	Checkout code	2025-05-12T13:51:32.7898679Z ##[endgroup]
handle-success	Checkout code	2025-05-12T13:51:32.7901763Z [command]/usr/bin/git sparse-checkout disable
handle-success	Checkout code	2025-05-12T13:51:32.7952136Z [command]/usr/bin/git config --local --unset-all extensions.worktreeConfig
handle-success	Checkout code	2025-05-12T13:51:32.7978263Z ##[group]Checking out the ref
handle-success	Checkout code	2025-05-12T13:51:32.7979270Z [command]/usr/bin/git checkout --progress --force -B H1149-desarrollo-de-orchestrator refs/remotes/origin/H1149-desarrollo-de-orchestrator
handle-success	Checkout code	2025-05-12T13:51:32.8242992Z Previous HEAD position was b90c4d8d [Ka0S] Inspector uploading resume execution files to the repository...
handle-success	Checkout code	2025-05-12T13:51:32.8243946Z Switched to a new branch 'H1149-desarrollo-de-orchestrator'
handle-success	Checkout code	2025-05-12T13:51:32.8244794Z branch 'H1149-desarrollo-de-orchestrator' set up to track 'origin/H1149-desarrollo-de-orchestrator'.
handle-success	Checkout code	2025-05-12T13:51:32.8250853Z ##[endgroup]
handle-success	Checkout code	2025-05-12T13:51:32.8289921Z [command]/usr/bin/git log -1 --format=%H
handle-success	Checkout code	2025-05-12T13:51:32.8318898Z eab8677377135cf97c93c49e69f0b3a1193282fb
handle-success	handle-success-execution	﻿2025-05-12T13:51:32.8495303Z ##[group]Run # Si todo ha ido correcto añadimos el contenido del fichero 
handle-success	handle-success-execution	2025-05-12T13:51:32.8495929Z [36;1m# Si todo ha ido correcto añadimos el contenido del fichero [0m
handle-success	handle-success-execution	2025-05-12T13:51:32.8496430Z [36;1mRNNUMBER=$(echo "refs/heads/H1149-desarrollo-de-orchestrator" | grep -o '[0-9]*')[0m
handle-success	handle-success-execution	2025-05-12T13:51:32.8497062Z [36;1mgh issue comment $RNNUMBER --body "El proceso ha finalizado correctamente 14974027375. El resultado está en el fichero core/results/event_data_14974027375.log"[0m
handle-success	handle-success-execution	2025-05-12T13:51:32.8503837Z shell: /usr/bin/bash -e {0}
handle-success	handle-success-execution	2025-05-12T13:51:32.8504041Z env:
handle-success	handle-success-execution	2025-05-12T13:51:32.8504283Z   KAOS_CODE: 14974027375
handle-success	handle-success-execution	2025-05-12T13:51:32.8504618Z   KAOS_EVENT_NAME: push
handle-success	handle-success-execution	2025-05-12T13:51:32.8504870Z   KAOS_ACTION: 
handle-success	handle-success-execution	2025-05-12T13:51:32.8505155Z   KAOS_REF: refs/heads/H1149-desarrollo-de-orchestrator
handle-success	handle-success-execution	2025-05-12T13:51:32.8505508Z   KAOS_MODULE: [Ka0S] kaos
handle-success	handle-success-execution	2025-05-12T13:51:32.8505790Z   KAOS_PATH_RESUME: core/results/k/
handle-success	handle-success-execution	2025-05-12T13:51:32.8506058Z   KAOS_JSON: core/results/k/event_data_
handle-success	handle-success-execution	2025-05-12T13:51:32.8506340Z   KAOS_ACTOR: jh0ny2k2
handle-success	handle-success-execution	2025-05-12T13:51:32.8506794Z   GH_TOKEN: ***
handle-success	handle-success-execution	2025-05-12T13:51:32.8506961Z ##[endgroup]
handle-success	handle-success-execution	2025-05-12T13:51:34.0702287Z https://github.com/Ka0s-Klaus/ka0s/issues/1149#issuecomment-2872666521
handle-success	Post Checkout code	﻿2025-05-12T13:51:34.0849517Z Post job cleanup.
handle-success	Post Checkout code	2025-05-12T13:51:34.1507754Z [command]/usr/bin/git version
handle-success	Post Checkout code	2025-05-12T13:51:34.1535156Z git version 2.43.0
handle-success	Post Checkout code	2025-05-12T13:51:34.1572388Z Copying '/home/kaos/.gitconfig' to '/actions-runner/_work/_temp/0693e530-6b68-45f0-963a-955ed2e91974/.gitconfig'
handle-success	Post Checkout code	2025-05-12T13:51:34.1585795Z Temporarily overriding HOME='/actions-runner/_work/_temp/0693e530-6b68-45f0-963a-955ed2e91974' before making global git config changes
handle-success	Post Checkout code	2025-05-12T13:51:34.1586600Z Adding repository directory to the temporary git global config as a safe directory
handle-success	Post Checkout code	2025-05-12T13:51:34.1592090Z [command]/usr/bin/git config --global --add safe.directory /actions-runner/_work/ka0s/ka0s
handle-success	Post Checkout code	2025-05-12T13:51:34.1631063Z [command]/usr/bin/git config --local --name-only --get-regexp core\.sshCommand
handle-success	Post Checkout code	2025-05-12T13:51:34.1656803Z [command]/usr/bin/git submodule foreach --recursive sh -c "git config --local --name-only --get-regexp 'core\.sshCommand' && git config --local --unset-all 'core.sshCommand' || :"
handle-success	Post Checkout code	2025-05-12T13:51:34.1887610Z [command]/usr/bin/git config --local --name-only --get-regexp http\.https\:\/\/github\.com\/\.extraheader
handle-success	Post Checkout code	2025-05-12T13:51:34.1907742Z http.https://github.com/.extraheader
handle-success	Post Checkout code	2025-05-12T13:51:34.1920652Z [command]/usr/bin/git config --local --unset-all http.https://github.com/.extraheader
handle-success	Post Checkout code	2025-05-12T13:51:34.1951072Z [command]/usr/bin/git submodule foreach --recursive sh -c "git config --local --name-only --get-regexp 'http\.https\:\/\/github\.com\/\.extraheader' && git config --local --unset-all 'http.https://github.com/.extraheader' || :"
handle-success	Complete job	﻿2025-05-12T13:51:34.2268791Z Cleaning up orphan processes
end-workflow	Set up job	﻿2025-05-12T13:51:41.5676160Z Current runner version: '2.323.0'
end-workflow	Set up job	2025-05-12T13:51:41.5679829Z Runner name: 'ka0s-7'
end-workflow	Set up job	2025-05-12T13:51:41.5680365Z Machine name: '26a53205c9ac'
end-workflow	Set up job	2025-05-12T13:51:41.5681718Z ##[group]GITHUB_TOKEN Permissions
end-workflow	Set up job	2025-05-12T13:51:41.5683085Z Contents: read
end-workflow	Set up job	2025-05-12T13:51:41.5683387Z Metadata: read
end-workflow	Set up job	2025-05-12T13:51:41.5683664Z Packages: read
end-workflow	Set up job	2025-05-12T13:51:41.5684179Z ##[endgroup]
end-workflow	Set up job	2025-05-12T13:51:41.5685415Z Secret source: Actions
end-workflow	Set up job	2025-05-12T13:51:41.5685775Z Prepare workflow directory
end-workflow	Set up job	2025-05-12T13:51:41.6068876Z Prepare all required actions
end-workflow	Set up job	2025-05-12T13:51:41.6096011Z Getting action download info
end-workflow	Set up job	2025-05-12T13:51:42.3067869Z Download action repository 'actions/checkout@v4' (SHA:11bd71901bbe5b1630ceea73d27597364c9af683)
end-workflow	Set up job	2025-05-12T13:51:43.7449572Z Complete job name: end-workflow
end-workflow	Checkout code	﻿2025-05-12T13:51:43.7816304Z ##[group]Run actions/checkout@v4
end-workflow	Checkout code	2025-05-12T13:51:43.7817258Z with:
end-workflow	Checkout code	2025-05-12T13:51:43.7817802Z   fetch-depth: 0
end-workflow	Checkout code	2025-05-12T13:51:43.7818726Z   token: ***
end-workflow	Checkout code	2025-05-12T13:51:43.7819321Z   repository: Ka0s-Klaus/ka0s
end-workflow	Checkout code	2025-05-12T13:51:43.7820076Z   ssh-strict: true
end-workflow	Checkout code	2025-05-12T13:51:43.7820673Z   ssh-user: git
end-workflow	Checkout code	2025-05-12T13:51:43.7821286Z   persist-credentials: true
end-workflow	Checkout code	2025-05-12T13:51:43.7821967Z   clean: true
end-workflow	Checkout code	2025-05-12T13:51:43.7822579Z   sparse-checkout-cone-mode: true
end-workflow	Checkout code	2025-05-12T13:51:43.7823323Z   fetch-tags: false
end-workflow	Checkout code	2025-05-12T13:51:43.7823924Z   show-progress: true
end-workflow	Checkout code	2025-05-12T13:51:43.7824626Z   lfs: false
end-workflow	Checkout code	2025-05-12T13:51:43.7825219Z   submodules: false
end-workflow	Checkout code	2025-05-12T13:51:43.7825826Z   set-safe-directory: true
end-workflow	Checkout code	2025-05-12T13:51:43.7826613Z env:
end-workflow	Checkout code	2025-05-12T13:51:43.7827146Z   KAOS_CODE: 14974027375
end-workflow	Checkout code	2025-05-12T13:51:43.7827788Z   KAOS_EVENT_NAME: push
end-workflow	Checkout code	2025-05-12T13:51:43.7828420Z   KAOS_ACTION: 
end-workflow	Checkout code	2025-05-12T13:51:43.7829135Z   KAOS_REF: refs/heads/H1149-desarrollo-de-orchestrator
end-workflow	Checkout code	2025-05-12T13:51:43.7830014Z   KAOS_MODULE: [Ka0S] kaos
end-workflow	Checkout code	2025-05-12T13:51:43.7830726Z   KAOS_PATH_RESUME: core/results/k/
end-workflow	Checkout code	2025-05-12T13:51:43.7831498Z   KAOS_JSON: core/results/k/event_data_
end-workflow	Checkout code	2025-05-12T13:51:43.7832262Z   KAOS_ACTOR: jh0ny2k2
end-workflow	Checkout code	2025-05-12T13:51:43.7833067Z   GH_TOKEN: ***
end-workflow	Checkout code	2025-05-12T13:51:43.7833629Z ##[endgroup]
end-workflow	Checkout code	2025-05-12T13:51:43.8557470Z Syncing repository: Ka0s-Klaus/ka0s
end-workflow	Checkout code	2025-05-12T13:51:43.8559321Z ##[group]Getting Git version info
end-workflow	Checkout code	2025-05-12T13:51:43.8560247Z Working directory is '/actions-runner/_work/ka0s/ka0s'
end-workflow	Checkout code	2025-05-12T13:51:43.8561610Z [command]/usr/bin/git version
end-workflow	Checkout code	2025-05-12T13:51:43.8562293Z git version 2.43.0
end-workflow	Checkout code	2025-05-12T13:51:43.8571314Z ##[endgroup]
end-workflow	Checkout code	2025-05-12T13:51:43.8579740Z Copying '/home/kaos/.gitconfig' to '/actions-runner/_work/_temp/9e8524f4-0619-484b-8086-46023bf75273/.gitconfig'
end-workflow	Checkout code	2025-05-12T13:51:43.8593572Z Temporarily overriding HOME='/actions-runner/_work/_temp/9e8524f4-0619-484b-8086-46023bf75273' before making global git config changes
end-workflow	Checkout code	2025-05-12T13:51:43.8596329Z Adding repository directory to the temporary git global config as a safe directory
end-workflow	Checkout code	2025-05-12T13:51:43.8598308Z [command]/usr/bin/git config --global --add safe.directory /actions-runner/_work/ka0s/ka0s
end-workflow	Checkout code	2025-05-12T13:51:43.8632988Z [command]/usr/bin/git config --local --get remote.origin.url
end-workflow	Checkout code	2025-05-12T13:51:43.8652114Z https://github.com/Ka0s-Klaus/ka0s
end-workflow	Checkout code	2025-05-12T13:51:43.8671521Z ##[group]Removing previously created refs, to avoid conflicts
end-workflow	Checkout code	2025-05-12T13:51:43.8673764Z [command]/usr/bin/git rev-parse --symbolic-full-name --verify --quiet HEAD
end-workflow	Checkout code	2025-05-12T13:51:43.8697468Z refs/heads/H1149-desarrollo-de-orchestrator
end-workflow	Checkout code	2025-05-12T13:51:43.8709121Z [command]/usr/bin/git checkout --detach
end-workflow	Checkout code	2025-05-12T13:51:43.8942521Z HEAD is now at eab86773 Merge remote-tracking branch 'origin' into H1149-desarrollo-de-orchestrator
end-workflow	Checkout code	2025-05-12T13:51:43.8979698Z [command]/usr/bin/git branch --delete --force H1149-desarrollo-de-orchestrator
end-workflow	Checkout code	2025-05-12T13:51:43.9012277Z Deleted branch H1149-desarrollo-de-orchestrator (was eab86773).
end-workflow	Checkout code	2025-05-12T13:51:43.9072238Z ##[endgroup]
end-workflow	Checkout code	2025-05-12T13:51:43.9073215Z [command]/usr/bin/git submodule status
end-workflow	Checkout code	2025-05-12T13:51:43.9307692Z ##[group]Cleaning the repository
end-workflow	Checkout code	2025-05-12T13:51:43.9309417Z [command]/usr/bin/git clean -ffdx
end-workflow	Checkout code	2025-05-12T13:51:43.9377277Z [command]/usr/bin/git reset --hard HEAD
end-workflow	Checkout code	2025-05-12T13:51:43.9514665Z HEAD is now at eab86773 Merge remote-tracking branch 'origin' into H1149-desarrollo-de-orchestrator
end-workflow	Checkout code	2025-05-12T13:51:43.9519091Z ##[endgroup]
end-workflow	Checkout code	2025-05-12T13:51:43.9520373Z ##[group]Disabling automatic garbage collection
end-workflow	Checkout code	2025-05-12T13:51:43.9523350Z [command]/usr/bin/git config --local gc.auto 0
end-workflow	Checkout code	2025-05-12T13:51:43.9554966Z ##[endgroup]
end-workflow	Checkout code	2025-05-12T13:51:43.9556364Z ##[group]Setting up auth
end-workflow	Checkout code	2025-05-12T13:51:43.9558742Z [command]/usr/bin/git config --local --name-only --get-regexp core\.sshCommand
end-workflow	Checkout code	2025-05-12T13:51:43.9584444Z [command]/usr/bin/git submodule foreach --recursive sh -c "git config --local --name-only --get-regexp 'core\.sshCommand' && git config --local --unset-all 'core.sshCommand' || :"
end-workflow	Checkout code	2025-05-12T13:51:43.9828612Z [command]/usr/bin/git config --local --name-only --get-regexp http\.https\:\/\/github\.com\/\.extraheader
end-workflow	Checkout code	2025-05-12T13:51:43.9876659Z [command]/usr/bin/git submodule foreach --recursive sh -c "git config --local --name-only --get-regexp 'http\.https\:\/\/github\.com\/\.extraheader' && git config --local --unset-all 'http.https://github.com/.extraheader' || :"
end-workflow	Checkout code	2025-05-12T13:51:44.0106336Z [command]/usr/bin/git config --local http.https://github.com/.extraheader AUTHORIZATION: basic ***
end-workflow	Checkout code	2025-05-12T13:51:44.0143296Z ##[endgroup]
end-workflow	Checkout code	2025-05-12T13:51:44.0144795Z ##[group]Fetching the repository
end-workflow	Checkout code	2025-05-12T13:51:44.0149646Z [command]/usr/bin/git -c protocol.version=2 fetch --prune --no-recurse-submodules origin +refs/heads/*:refs/remotes/origin/* +refs/tags/*:refs/tags/*
end-workflow	Checkout code	2025-05-12T13:51:44.7819276Z From https://github.com/Ka0s-Klaus/ka0s
end-workflow	Checkout code	2025-05-12T13:51:44.7820043Z    eab86773..44ff77b6  H1149-desarrollo-de-orchestrator -> origin/H1149-desarrollo-de-orchestrator
end-workflow	Checkout code	2025-05-12T13:51:44.7904244Z [command]/usr/bin/git branch --list --remote origin/H1149-desarrollo-de-orchestrator
end-workflow	Checkout code	2025-05-12T13:51:44.7935487Z   origin/H1149-desarrollo-de-orchestrator
end-workflow	Checkout code	2025-05-12T13:51:44.7944053Z [command]/usr/bin/git rev-parse refs/remotes/origin/H1149-desarrollo-de-orchestrator
end-workflow	Checkout code	2025-05-12T13:51:44.7967930Z 44ff77b6234790aca22ab9a87be0d23a195ea8de
end-workflow	Checkout code	2025-05-12T13:51:44.7977240Z [command]/usr/bin/git -c protocol.version=2 fetch --no-tags --prune --no-recurse-submodules origin +eab8677377135cf97c93c49e69f0b3a1193282fb:refs/remotes/origin/H1149-desarrollo-de-orchestrator
end-workflow	Checkout code	2025-05-12T13:51:44.8102331Z From https://github.com/Ka0s-Klaus/ka0s
end-workflow	Checkout code	2025-05-12T13:51:44.8103325Z  + 44ff77b6...eab86773 eab8677377135cf97c93c49e69f0b3a1193282fb -> origin/H1149-desarrollo-de-orchestrator  (forced update)
end-workflow	Checkout code	2025-05-12T13:51:44.8123008Z ##[endgroup]
end-workflow	Checkout code	2025-05-12T13:51:44.8123466Z ##[group]Determining the checkout info
end-workflow	Checkout code	2025-05-12T13:51:44.8126504Z ##[endgroup]
end-workflow	Checkout code	2025-05-12T13:51:44.8129078Z [command]/usr/bin/git sparse-checkout disable
end-workflow	Checkout code	2025-05-12T13:51:44.8192351Z [command]/usr/bin/git config --local --unset-all extensions.worktreeConfig
end-workflow	Checkout code	2025-05-12T13:51:44.8219990Z ##[group]Checking out the ref
end-workflow	Checkout code	2025-05-12T13:51:44.8222011Z [command]/usr/bin/git checkout --progress --force -B H1149-desarrollo-de-orchestrator refs/remotes/origin/H1149-desarrollo-de-orchestrator
end-workflow	Checkout code	2025-05-12T13:51:44.8328131Z Switched to a new branch 'H1149-desarrollo-de-orchestrator'
end-workflow	Checkout code	2025-05-12T13:51:44.8329210Z branch 'H1149-desarrollo-de-orchestrator' set up to track 'origin/H1149-desarrollo-de-orchestrator'.
end-workflow	Checkout code	2025-05-12T13:51:44.8330462Z ##[endgroup]
end-workflow	Checkout code	2025-05-12T13:51:44.8371663Z [command]/usr/bin/git log -1 --format=%H
end-workflow	Checkout code	2025-05-12T13:51:44.8399618Z eab8677377135cf97c93c49e69f0b3a1193282fb
end-workflow	Finaliza el workflow	﻿2025-05-12T13:51:44.8586483Z ##[group]Run echo "End process"
end-workflow	Finaliza el workflow	2025-05-12T13:51:44.8586797Z [36;1mecho "End process"[0m
end-workflow	Finaliza el workflow	2025-05-12T13:51:44.8587091Z [36;1mRNNUMBER=$(echo "refs/heads/H1149-desarrollo-de-orchestrator" | grep -o '[0-9]*')[0m
end-workflow	Finaliza el workflow	2025-05-12T13:51:44.8587441Z [36;1mgh issue comment $RNNUMBER --body "Se finaliza Ka0s 14974027375"[0m
end-workflow	Finaliza el workflow	2025-05-12T13:51:44.8587851Z [36;1mgh workflow run inspector.yml --ref 'main' -f kaos-issue-id=$RNNUMBER -f kaos-workflow-id="14974027375" -f kaos-user-start=""[0m
end-workflow	Finaliza el workflow	2025-05-12T13:51:44.8595439Z shell: /usr/bin/bash -e {0}
end-workflow	Finaliza el workflow	2025-05-12T13:51:44.8595755Z env:
end-workflow	Finaliza el workflow	2025-05-12T13:51:44.8595991Z   KAOS_CODE: 14974027375
end-workflow	Finaliza el workflow	2025-05-12T13:51:44.8596224Z   KAOS_EVENT_NAME: push
end-workflow	Finaliza el workflow	2025-05-12T13:51:44.8596423Z   KAOS_ACTION: 
end-workflow	Finaliza el workflow	2025-05-12T13:51:44.8596664Z   KAOS_REF: refs/heads/H1149-desarrollo-de-orchestrator
end-workflow	Finaliza el workflow	2025-05-12T13:51:44.8596885Z   KAOS_MODULE: [Ka0S] kaos
end-workflow	Finaliza el workflow	2025-05-12T13:51:44.8597106Z   KAOS_PATH_RESUME: core/results/k/
end-workflow	Finaliza el workflow	2025-05-12T13:51:44.8597305Z   KAOS_JSON: core/results/k/event_data_
end-workflow	Finaliza el workflow	2025-05-12T13:51:44.8597530Z   KAOS_ACTOR: jh0ny2k2
end-workflow	Finaliza el workflow	2025-05-12T13:51:44.8597868Z   GH_TOKEN: ***
end-workflow	Finaliza el workflow	2025-05-12T13:51:44.8598028Z ##[endgroup]
end-workflow	Finaliza el workflow	2025-05-12T13:51:44.8635167Z End process
end-workflow	Finaliza el workflow	2025-05-12T13:51:46.0511392Z https://github.com/Ka0s-Klaus/ka0s/issues/1149#issuecomment-2872667190
end-workflow	Post Checkout code	﻿2025-05-12T13:51:46.8762659Z Post job cleanup.
end-workflow	Post Checkout code	2025-05-12T13:51:46.9410201Z [command]/usr/bin/git version
end-workflow	Post Checkout code	2025-05-12T13:51:46.9427750Z git version 2.43.0
end-workflow	Post Checkout code	2025-05-12T13:51:46.9462880Z Copying '/home/kaos/.gitconfig' to '/actions-runner/_work/_temp/51e3a38a-2c16-4894-bcc2-caa601fc890a/.gitconfig'
end-workflow	Post Checkout code	2025-05-12T13:51:46.9476483Z Temporarily overriding HOME='/actions-runner/_work/_temp/51e3a38a-2c16-4894-bcc2-caa601fc890a' before making global git config changes
end-workflow	Post Checkout code	2025-05-12T13:51:46.9477612Z Adding repository directory to the temporary git global config as a safe directory
end-workflow	Post Checkout code	2025-05-12T13:51:46.9480651Z [command]/usr/bin/git config --global --add safe.directory /actions-runner/_work/ka0s/ka0s
end-workflow	Post Checkout code	2025-05-12T13:51:46.9570976Z [command]/usr/bin/git config --local --name-only --get-regexp core\.sshCommand
end-workflow	Post Checkout code	2025-05-12T13:51:46.9601226Z [command]/usr/bin/git submodule foreach --recursive sh -c "git config --local --name-only --get-regexp 'core\.sshCommand' && git config --local --unset-all 'core.sshCommand' || :"
end-workflow	Post Checkout code	2025-05-12T13:51:46.9835188Z [command]/usr/bin/git config --local --name-only --get-regexp http\.https\:\/\/github\.com\/\.extraheader
end-workflow	Post Checkout code	2025-05-12T13:51:46.9857775Z http.https://github.com/.extraheader
end-workflow	Post Checkout code	2025-05-12T13:51:46.9868485Z [command]/usr/bin/git config --local --unset-all http.https://github.com/.extraheader
end-workflow	Post Checkout code	2025-05-12T13:51:46.9900733Z [command]/usr/bin/git submodule foreach --recursive sh -c "git config --local --name-only --get-regexp 'http\.https\:\/\/github\.com\/\.extraheader' && git config --local --unset-all 'http.https://github.com/.extraheader' || :"
end-workflow	Complete job	﻿2025-05-12T13:51:47.0235417Z Cleaning up orphan processes
