job-test	Set up job	﻿2025-05-23T07:07:34.0261945Z Current runner version: '2.324.0'
job-test	Set up job	2025-05-23T07:07:34.0271202Z Runner name: 'ka0s-ka0s-4'
job-test	Set up job	2025-05-23T07:07:34.0272487Z Machine name: 'ef411525c24f'
job-test	Set up job	2025-05-23T07:07:34.0275873Z ##[group]GITHUB_TOKEN Permissions
job-test	Set up job	2025-05-23T07:07:34.0278864Z Contents: read
job-test	Set up job	2025-05-23T07:07:34.0279585Z Metadata: read
job-test	Set up job	2025-05-23T07:07:34.0280153Z Packages: read
job-test	Set up job	2025-05-23T07:07:34.0280747Z ##[endgroup]
job-test	Set up job	2025-05-23T07:07:34.0283550Z Secret source: Actions
job-test	Set up job	2025-05-23T07:07:34.0284437Z Prepare workflow directory
job-test	Set up job	2025-05-23T07:07:34.1023218Z Prepare all required actions
job-test	Set up job	2025-05-23T07:07:34.1069407Z Getting action download info
job-test	Set up job	2025-05-23T07:07:34.6844046Z Download action repository 'actions/checkout@v4' (SHA:11bd71901bbe5b1630ceea73d27597364c9af683)
job-test	Set up job	2025-05-23T07:07:35.4711209Z Download action repository 'SamKirkland/FTP-Deploy-Action@v4.3.4' (SHA:8a24039354ee91000cb948cb4a1dbdf1a1b94a3c)
job-test	Set up job	2025-05-23T07:07:36.2307054Z Complete job name: job-test
job-test	Checkout repository	﻿2025-05-23T07:07:36.2886959Z ##[group]Run actions/checkout@v4
job-test	Checkout repository	2025-05-23T07:07:36.2888323Z with:
job-test	Checkout repository	2025-05-23T07:07:36.2889082Z   fetch-depth: 0
job-test	Checkout repository	2025-05-23T07:07:36.2890272Z   token: ***
job-test	Checkout repository	2025-05-23T07:07:36.2891026Z   repository: Ka0s-Klaus/ka0s
job-test	Checkout repository	2025-05-23T07:07:36.2891923Z   ssh-strict: true
job-test	Checkout repository	2025-05-23T07:07:36.2892647Z   ssh-user: git
job-test	Checkout repository	2025-05-23T07:07:36.2893421Z   persist-credentials: true
job-test	Checkout repository	2025-05-23T07:07:36.2894266Z   clean: true
job-test	Checkout repository	2025-05-23T07:07:36.2895403Z   sparse-checkout-cone-mode: true
job-test	Checkout repository	2025-05-23T07:07:36.2896348Z   fetch-tags: false
job-test	Checkout repository	2025-05-23T07:07:36.2897114Z   show-progress: true
job-test	Checkout repository	2025-05-23T07:07:36.2897892Z   lfs: false
job-test	Checkout repository	2025-05-23T07:07:36.2898622Z   submodules: false
job-test	Checkout repository	2025-05-23T07:07:36.2899401Z   set-safe-directory: true
job-test	Checkout repository	2025-05-23T07:07:36.2900508Z env:
job-test	Checkout repository	2025-05-23T07:07:36.2901188Z   KAOS_CODE: 15204455780
job-test	Checkout repository	2025-05-23T07:07:36.2902018Z   KAOS_EVENT_NAME: push
job-test	Checkout repository	2025-05-23T07:07:36.2902804Z   KAOS_ACTION: 
job-test	Checkout repository	2025-05-23T07:07:36.2903549Z   KAOS_REF: refs/heads/main
job-test	Checkout repository	2025-05-23T07:07:36.2904426Z   KAOS_MODULE: [Ka0S] Deploy Webs
job-test	Checkout repository	2025-05-23T07:07:36.2906099Z   KAOS_PATH_ORIGIN_DASHBOARD: core/results/webs/dashboard/
job-test	Checkout repository	2025-05-23T07:07:36.2907341Z   KAOS_PATH_WEB_DASHBOARD: /html/dashboard/
job-test	Checkout repository	2025-05-23T07:07:36.2908486Z   KAOS_PATH_ORIGIN_TEST: core/results/webs/test/
job-test	Checkout repository	2025-05-23T07:07:36.2909581Z   KAOS_PATH_WEB_TEST: /html/test/
job-test	Checkout repository	2025-05-23T07:07:36.2910543Z   KAOS_PATH_RESUME: core/results/dw/
job-test	Checkout repository	2025-05-23T07:07:36.2911594Z   KAOS_FILE_STATE: ftp-deploy-sync-state.json
job-test	Checkout repository	2025-05-23T07:07:36.2912653Z   KAOS_ACTOR: AlejandroPB5
job-test	Checkout repository	2025-05-23T07:07:36.2913550Z   KAOS_CACHE_BUSTER: 15204455780-382
job-test	Checkout repository	2025-05-23T07:07:36.2914440Z ##[endgroup]
job-test	Checkout repository	2025-05-23T07:07:36.4241419Z Syncing repository: Ka0s-Klaus/ka0s
job-test	Checkout repository	2025-05-23T07:07:36.4244527Z ##[group]Getting Git version info
job-test	Checkout repository	2025-05-23T07:07:36.4246104Z Working directory is '/actions-runner/_work/ka0s/ka0s'
job-test	Checkout repository	2025-05-23T07:07:36.4247955Z [command]/usr/bin/git version
job-test	Checkout repository	2025-05-23T07:07:36.4248879Z git version 2.43.0
job-test	Checkout repository	2025-05-23T07:07:36.4252073Z ##[endgroup]
job-test	Checkout repository	2025-05-23T07:07:36.4260160Z Copying '/home/kaos/.gitconfig' to '/actions-runner/_work/_temp/3947c5f5-55d4-4aa5-9eb3-722820a3d0ac/.gitconfig'
job-test	Checkout repository	2025-05-23T07:07:36.4268458Z Temporarily overriding HOME='/actions-runner/_work/_temp/3947c5f5-55d4-4aa5-9eb3-722820a3d0ac' before making global git config changes
job-test	Checkout repository	2025-05-23T07:07:36.4273981Z Adding repository directory to the temporary git global config as a safe directory
job-test	Checkout repository	2025-05-23T07:07:36.4278912Z [command]/usr/bin/git config --global --add safe.directory /actions-runner/_work/ka0s/ka0s
job-test	Checkout repository	2025-05-23T07:07:36.4320920Z [command]/usr/bin/git config --local --get remote.origin.url
job-test	Checkout repository	2025-05-23T07:07:36.4357335Z https://github.com/Ka0s-Klaus/ka0s
job-test	Checkout repository	2025-05-23T07:07:36.4374149Z ##[group]Removing previously created refs, to avoid conflicts
job-test	Checkout repository	2025-05-23T07:07:36.4379711Z [command]/usr/bin/git rev-parse --symbolic-full-name --verify --quiet HEAD
job-test	Checkout repository	2025-05-23T07:07:36.4407451Z refs/heads/main
job-test	Checkout repository	2025-05-23T07:07:36.4413787Z [command]/usr/bin/git checkout --detach
job-test	Checkout repository	2025-05-23T07:07:36.4581497Z HEAD is now at 5445fd75 [Ka0S] Inspector uploading resume execution files to the repository...
job-test	Checkout repository	2025-05-23T07:07:36.4629447Z [command]/usr/bin/git branch --delete --force main
job-test	Checkout repository	2025-05-23T07:07:36.4664511Z Deleted branch main (was 5445fd75).
job-test	Checkout repository	2025-05-23T07:07:36.4741338Z ##[endgroup]
job-test	Checkout repository	2025-05-23T07:07:36.4742350Z [command]/usr/bin/git submodule status
job-test	Checkout repository	2025-05-23T07:07:36.5012663Z ##[group]Cleaning the repository
job-test	Checkout repository	2025-05-23T07:07:36.5015330Z [command]/usr/bin/git clean -ffdx
job-test	Checkout repository	2025-05-23T07:07:36.5094021Z [command]/usr/bin/git reset --hard HEAD
job-test	Checkout repository	2025-05-23T07:07:36.5373810Z HEAD is now at 5445fd75 [Ka0S] Inspector uploading resume execution files to the repository...
job-test	Checkout repository	2025-05-23T07:07:36.5380148Z ##[endgroup]
job-test	Checkout repository	2025-05-23T07:07:36.5381650Z ##[group]Disabling automatic garbage collection
job-test	Checkout repository	2025-05-23T07:07:36.5384537Z [command]/usr/bin/git config --local gc.auto 0
job-test	Checkout repository	2025-05-23T07:07:36.5415791Z ##[endgroup]
job-test	Checkout repository	2025-05-23T07:07:36.5417247Z ##[group]Setting up auth
job-test	Checkout repository	2025-05-23T07:07:36.5421556Z [command]/usr/bin/git config --local --name-only --get-regexp core\.sshCommand
job-test	Checkout repository	2025-05-23T07:07:36.5460741Z [command]/usr/bin/git submodule foreach --recursive sh -c "git config --local --name-only --get-regexp 'core\.sshCommand' && git config --local --unset-all 'core.sshCommand' || :"
job-test	Checkout repository	2025-05-23T07:07:36.5730011Z [command]/usr/bin/git config --local --name-only --get-regexp http\.https\:\/\/github\.com\/\.extraheader
job-test	Checkout repository	2025-05-23T07:07:36.5762457Z [command]/usr/bin/git submodule foreach --recursive sh -c "git config --local --name-only --get-regexp 'http\.https\:\/\/github\.com\/\.extraheader' && git config --local --unset-all 'http.https://github.com/.extraheader' || :"
job-test	Checkout repository	2025-05-23T07:07:36.6017071Z [command]/usr/bin/git config --local http.https://github.com/.extraheader AUTHORIZATION: basic ***
job-test	Checkout repository	2025-05-23T07:07:36.6060386Z ##[endgroup]
job-test	Checkout repository	2025-05-23T07:07:36.6061875Z ##[group]Fetching the repository
job-test	Checkout repository	2025-05-23T07:07:36.6068540Z [command]/usr/bin/git -c protocol.version=2 fetch --prune --no-recurse-submodules origin +refs/heads/*:refs/remotes/origin/* +refs/tags/*:refs/tags/*
job-test	Checkout repository	2025-05-23T07:07:37.5632672Z From https://github.com/Ka0s-Klaus/ka0s
job-test	Checkout repository	2025-05-23T07:07:37.5637430Z    ded8b235..a043a1a6  H1183-personalización-módulo-finops -> origin/H1183-personalización-módulo-finops
job-test	Checkout repository	2025-05-23T07:07:37.5646245Z    5445fd75..e31a7080  main       -> origin/main
job-test	Checkout repository	2025-05-23T07:07:37.5710606Z [command]/usr/bin/git branch --list --remote origin/main
job-test	Checkout repository	2025-05-23T07:07:37.5740025Z   origin/main
job-test	Checkout repository	2025-05-23T07:07:37.5750807Z [command]/usr/bin/git rev-parse refs/remotes/origin/main
job-test	Checkout repository	2025-05-23T07:07:37.5776298Z e31a7080107bc7c7c3a91e716470fef33a8df9e6
job-test	Checkout repository	2025-05-23T07:07:37.5781621Z ##[endgroup]
job-test	Checkout repository	2025-05-23T07:07:37.5782094Z ##[group]Determining the checkout info
job-test	Checkout repository	2025-05-23T07:07:37.5783131Z ##[endgroup]
job-test	Checkout repository	2025-05-23T07:07:37.5788543Z [command]/usr/bin/git sparse-checkout disable
job-test	Checkout repository	2025-05-23T07:07:37.5872242Z [command]/usr/bin/git config --local --unset-all extensions.worktreeConfig
job-test	Checkout repository	2025-05-23T07:07:37.5905933Z ##[group]Checking out the ref
job-test	Checkout repository	2025-05-23T07:07:37.5911161Z [command]/usr/bin/git checkout --progress --force -B main refs/remotes/origin/main
job-test	Checkout repository	2025-05-23T07:07:37.6482393Z Previous HEAD position was 5445fd75 [Ka0S] Inspector uploading resume execution files to the repository...
job-test	Checkout repository	2025-05-23T07:07:37.6493561Z Switched to a new branch 'main'
job-test	Checkout repository	2025-05-23T07:07:37.6494450Z branch 'main' set up to track 'origin/main'.
job-test	Checkout repository	2025-05-23T07:07:37.6505613Z ##[endgroup]
job-test	Checkout repository	2025-05-23T07:07:37.6544372Z [command]/usr/bin/git log -1 --format=%H
job-test	Checkout repository	2025-05-23T07:07:37.6572461Z e31a7080107bc7c7c3a91e716470fef33a8df9e6
job-test	Limpiar caché local antes del despliegue	﻿2025-05-23T07:07:37.6794586Z ##[group]Run echo "Limpiando caché local de GitHub Actions runner..."
job-test	Limpiar caché local antes del despliegue	2025-05-23T07:07:37.6795580Z [36;1mecho "Limpiando caché local de GitHub Actions runner..."[0m
job-test	Limpiar caché local antes del despliegue	2025-05-23T07:07:37.6795982Z [36;1mif [ -d ~/.cache ]; then[0m
job-test	Limpiar caché local antes del despliegue	2025-05-23T07:07:37.6796251Z [36;1m  rm -rf ~/.cache/*[0m
job-test	Limpiar caché local antes del despliegue	2025-05-23T07:07:37.6796520Z [36;1m  echo "Caché local eliminada."[0m
job-test	Limpiar caché local antes del despliegue	2025-05-23T07:07:37.6796801Z [36;1melse[0m
job-test	Limpiar caché local antes del despliegue	2025-05-23T07:07:37.6797194Z [36;1m  echo "No se encontró directorio de caché local."[0m
job-test	Limpiar caché local antes del despliegue	2025-05-23T07:07:37.6797510Z [36;1mfi[0m
job-test	Limpiar caché local antes del despliegue	2025-05-23T07:07:37.6811385Z shell: /usr/bin/bash -e {0}
job-test	Limpiar caché local antes del despliegue	2025-05-23T07:07:37.6811988Z env:
job-test	Limpiar caché local antes del despliegue	2025-05-23T07:07:37.6812192Z   KAOS_CODE: 15204455780
job-test	Limpiar caché local antes del despliegue	2025-05-23T07:07:37.6812424Z   KAOS_EVENT_NAME: push
job-test	Limpiar caché local antes del despliegue	2025-05-23T07:07:37.6812643Z   KAOS_ACTION: 
job-test	Limpiar caché local antes del despliegue	2025-05-23T07:07:37.6812996Z   KAOS_REF: refs/heads/main
job-test	Limpiar caché local antes del despliegue	2025-05-23T07:07:37.6813238Z   KAOS_MODULE: [Ka0S] Deploy Webs
job-test	Limpiar caché local antes del despliegue	2025-05-23T07:07:37.6813555Z   KAOS_PATH_ORIGIN_DASHBOARD: core/results/webs/dashboard/
job-test	Limpiar caché local antes del despliegue	2025-05-23T07:07:37.6813913Z   KAOS_PATH_WEB_DASHBOARD: /html/dashboard/
job-test	Limpiar caché local antes del despliegue	2025-05-23T07:07:37.6814298Z   KAOS_PATH_ORIGIN_TEST: core/results/webs/test/
job-test	Limpiar caché local antes del despliegue	2025-05-23T07:07:37.6814615Z   KAOS_PATH_WEB_TEST: /html/test/
job-test	Limpiar caché local antes del despliegue	2025-05-23T07:07:37.6815138Z   KAOS_PATH_RESUME: core/results/dw/
job-test	Limpiar caché local antes del despliegue	2025-05-23T07:07:37.6815576Z   KAOS_FILE_STATE: ftp-deploy-sync-state.json
job-test	Limpiar caché local antes del despliegue	2025-05-23T07:07:37.6816033Z   KAOS_ACTOR: AlejandroPB5
job-test	Limpiar caché local antes del despliegue	2025-05-23T07:07:37.6816414Z   KAOS_CACHE_BUSTER: 15204455780-382
job-test	Limpiar caché local antes del despliegue	2025-05-23T07:07:37.6816825Z ##[endgroup]
job-test	Limpiar caché local antes del despliegue	2025-05-23T07:07:37.6874933Z Limpiando caché local de GitHub Actions runner...
job-test	Limpiar caché local antes del despliegue	2025-05-23T07:07:37.6875776Z No se encontró directorio de caché local.
job-test	Deploy Test Dashboard to Web Server via SFTP	﻿2025-05-23T07:07:37.6960532Z ##[group]Run SamKirkland/FTP-Deploy-Action@v4.3.4
job-test	Deploy Test Dashboard to Web Server via SFTP	2025-05-23T07:07:37.6960936Z with:
job-test	Deploy Test Dashboard to Web Server via SFTP	2025-05-23T07:07:37.6961212Z   server: ***
job-test	Deploy Test Dashboard to Web Server via SFTP	2025-05-23T07:07:37.6961419Z   username: ***
job-test	Deploy Test Dashboard to Web Server via SFTP	2025-05-23T07:07:37.6961651Z   password: ***
job-test	Deploy Test Dashboard to Web Server via SFTP	2025-05-23T07:07:37.6961857Z   port: ***
job-test	Deploy Test Dashboard to Web Server via SFTP	2025-05-23T07:07:37.6962059Z   local-dir: core/results/webs/test/
job-test	Deploy Test Dashboard to Web Server via SFTP	2025-05-23T07:07:37.6962328Z   server-dir: /html/test/
job-test	Deploy Test Dashboard to Web Server via SFTP	2025-05-23T07:07:37.6962575Z   dangerous-clean-slate: true
job-test	Deploy Test Dashboard to Web Server via SFTP	2025-05-23T07:07:37.6962883Z   state-name: 15204455780-test-ftp-deploy-sync-state.json
job-test	Deploy Test Dashboard to Web Server via SFTP	2025-05-23T07:07:37.6963235Z   exclude: **/.git*
job-test	Deploy Test Dashboard to Web Server via SFTP	**/.git*/**
job-test	Deploy Test Dashboard to Web Server via SFTP	**/node_modules/**
job-test	Deploy Test Dashboard to Web Server via SFTP	
job-test	Deploy Test Dashboard to Web Server via SFTP	2025-05-23T07:07:37.6963533Z env:
job-test	Deploy Test Dashboard to Web Server via SFTP	2025-05-23T07:07:37.6963716Z   KAOS_CODE: 15204455780
job-test	Deploy Test Dashboard to Web Server via SFTP	2025-05-23T07:07:37.6963943Z   KAOS_EVENT_NAME: push
job-test	Deploy Test Dashboard to Web Server via SFTP	2025-05-23T07:07:37.6964159Z   KAOS_ACTION: 
job-test	Deploy Test Dashboard to Web Server via SFTP	2025-05-23T07:07:37.6964362Z   KAOS_REF: refs/heads/main
job-test	Deploy Test Dashboard to Web Server via SFTP	2025-05-23T07:07:37.6964603Z   KAOS_MODULE: [Ka0S] Deploy Webs
job-test	Deploy Test Dashboard to Web Server via SFTP	2025-05-23T07:07:37.6965271Z   KAOS_PATH_ORIGIN_DASHBOARD: core/results/webs/dashboard/
job-test	Deploy Test Dashboard to Web Server via SFTP	2025-05-23T07:07:37.6965662Z   KAOS_PATH_WEB_DASHBOARD: /html/dashboard/
job-test	Deploy Test Dashboard to Web Server via SFTP	2025-05-23T07:07:37.6965972Z   KAOS_PATH_ORIGIN_TEST: core/results/webs/test/
job-test	Deploy Test Dashboard to Web Server via SFTP	2025-05-23T07:07:37.6966267Z   KAOS_PATH_WEB_TEST: /html/test/
job-test	Deploy Test Dashboard to Web Server via SFTP	2025-05-23T07:07:37.6966524Z   KAOS_PATH_RESUME: core/results/dw/
job-test	Deploy Test Dashboard to Web Server via SFTP	2025-05-23T07:07:37.6966812Z   KAOS_FILE_STATE: ftp-deploy-sync-state.json
job-test	Deploy Test Dashboard to Web Server via SFTP	2025-05-23T07:07:37.6967103Z   KAOS_ACTOR: AlejandroPB5
job-test	Deploy Test Dashboard to Web Server via SFTP	2025-05-23T07:07:37.6967807Z   KAOS_CACHE_BUSTER: 15204455780-382
job-test	Deploy Test Dashboard to Web Server via SFTP	2025-05-23T07:07:37.6968078Z ##[endgroup]
job-test	Deploy Test Dashboard to Web Server via SFTP	2025-05-23T07:07:37.7448002Z ----------------------------------------------------------------
job-test	Deploy Test Dashboard to Web Server via SFTP	2025-05-23T07:07:37.7451729Z 🚀 Thanks for using ftp-deploy. Let's deploy some stuff!   
job-test	Deploy Test Dashboard to Web Server via SFTP	2025-05-23T07:07:37.7452379Z ----------------------------------------------------------------
job-test	Deploy Test Dashboard to Web Server via SFTP	2025-05-23T07:07:37.7452860Z If you found this project helpful, please support it
job-test	Deploy Test Dashboard to Web Server via SFTP	2025-05-23T07:07:37.7455123Z by giving it a ⭐ on Github --> https://github.com/SamKirkland/FTP-Deploy-Action
job-test	Deploy Test Dashboard to Web Server via SFTP	2025-05-23T07:07:37.7456008Z or add a badge 🏷️ to your projects readme --> https://github.com/SamKirkland/FTP-Deploy-Action#badge
job-test	Deploy Test Dashboard to Web Server via SFTP	2025-05-23T07:07:38.0595848Z ----------------------------------------------------------------
job-test	Deploy Test Dashboard to Web Server via SFTP	2025-05-23T07:07:38.0597019Z 🗑️ Removing all files on the server because 'dangerous-clean-slate' was set, this will make the deployment very slow...
job-test	Deploy Test Dashboard to Web Server via SFTP	2025-05-23T07:07:38.8431904Z Clear complete
job-test	Deploy Test Dashboard to Web Server via SFTP	2025-05-23T07:07:38.8440277Z ----------------------------------------------------------------
job-test	Deploy Test Dashboard to Web Server via SFTP	2025-05-23T07:07:38.8443128Z No file exists on the server "/html/test/15204455780-test-ftp-deploy-sync-state.json" - this must be your first publish! 🎉
job-test	Deploy Test Dashboard to Web Server via SFTP	2025-05-23T07:07:38.8444004Z The first publish will take a while... but once the initial sync is done only differences are published!
job-test	Deploy Test Dashboard to Web Server via SFTP	2025-05-23T07:07:38.8444640Z If you get this message and its NOT your first publish, something is wrong.
job-test	Deploy Test Dashboard to Web Server via SFTP	2025-05-23T07:07:38.8447709Z ----------------------------------------------------------------
job-test	Deploy Test Dashboard to Web Server via SFTP	2025-05-23T07:07:38.8593885Z Local Files:	32
job-test	Deploy Test Dashboard to Web Server via SFTP	2025-05-23T07:07:38.8594288Z Server Files:	0
job-test	Deploy Test Dashboard to Web Server via SFTP	2025-05-23T07:07:38.8594615Z ----------------------------------------------------------------
job-test	Deploy Test Dashboard to Web Server via SFTP	2025-05-23T07:07:38.8595074Z Calculating differences between client & server
job-test	Deploy Test Dashboard to Web Server via SFTP	2025-05-23T07:07:38.8595443Z ----------------------------------------------------------------
job-test	Deploy Test Dashboard to Web Server via SFTP	2025-05-23T07:07:38.8603550Z 📁 Create: data
job-test	Deploy Test Dashboard to Web Server via SFTP	2025-05-23T07:07:38.8604101Z 📁 Create: data/sections
job-test	Deploy Test Dashboard to Web Server via SFTP	2025-05-23T07:07:38.8614415Z 📁 Create: js
job-test	Deploy Test Dashboard to Web Server via SFTP	2025-05-23T07:07:38.8615052Z 📁 Create: templates
job-test	Deploy Test Dashboard to Web Server via SFTP	2025-05-23T07:07:38.8615380Z 📄 Upload: data/data.html
job-test	Deploy Test Dashboard to Web Server via SFTP	2025-05-23T07:07:38.8647953Z 📄 Upload: data/data.json
job-test	Deploy Test Dashboard to Web Server via SFTP	2025-05-23T07:07:38.8648356Z 📄 Upload: data/kaos-issue.json
job-test	Deploy Test Dashboard to Web Server via SFTP	2025-05-23T07:07:38.8648764Z 📄 Upload: data/kaos-repository-global-statistics.json
job-test	Deploy Test Dashboard to Web Server via SFTP	2025-05-23T07:07:38.8649218Z 📄 Upload: data/kaos-repository-statistics.json
job-test	Deploy Test Dashboard to Web Server via SFTP	2025-05-23T07:07:38.8649621Z 📄 Upload: data/kaos-workflows-available.json
job-test	Deploy Test Dashboard to Web Server via SFTP	2025-05-23T07:07:38.8649999Z 📄 Upload: data/kaos-workflows-runs.json
job-test	Deploy Test Dashboard to Web Server via SFTP	2025-05-23T07:07:38.8650384Z 📄 Upload: data/seccion1.json
job-test	Deploy Test Dashboard to Web Server via SFTP	2025-05-23T07:07:38.8651368Z 📄 Upload: data/section1.json
job-test	Deploy Test Dashboard to Web Server via SFTP	2025-05-23T07:07:38.8651666Z 📄 Upload: data/section2.json
job-test	Deploy Test Dashboard to Web Server via SFTP	2025-05-23T07:07:38.8652080Z 📄 Upload: data/section3.json
job-test	Deploy Test Dashboard to Web Server via SFTP	2025-05-23T07:07:38.8652571Z 📄 Upload: data/section4.json
job-test	Deploy Test Dashboard to Web Server via SFTP	2025-05-23T07:07:38.8652860Z 📄 Upload: data/section5.json
job-test	Deploy Test Dashboard to Web Server via SFTP	2025-05-23T07:07:38.8653253Z 📄 Upload: data/section6.json
job-test	Deploy Test Dashboard to Web Server via SFTP	2025-05-23T07:07:38.8653710Z 📄 Upload: data/section7.json
job-test	Deploy Test Dashboard to Web Server via SFTP	2025-05-23T07:07:38.8654128Z 📄 Upload: data/sections/sections.html
job-test	Deploy Test Dashboard to Web Server via SFTP	2025-05-23T07:07:38.8654511Z 📄 Upload: data/webs.json
job-test	Deploy Test Dashboard to Web Server via SFTP	2025-05-23T07:07:38.8655048Z 📄 Upload: js/js.html
job-test	Deploy Test Dashboard to Web Server via SFTP	2025-05-23T07:07:38.8655616Z 📄 Upload: js/orchestrator.js
job-test	Deploy Test Dashboard to Web Server via SFTP	2025-05-23T07:07:38.8656095Z 📄 Upload: js/structure.js
job-test	Deploy Test Dashboard to Web Server via SFTP	2025-05-23T07:07:38.8656405Z 📄 Upload: js/templates.js
job-test	Deploy Test Dashboard to Web Server via SFTP	2025-05-23T07:07:38.8656706Z 📄 Upload: templates/graphic.html
job-test	Deploy Test Dashboard to Web Server via SFTP	2025-05-23T07:07:38.8657026Z 📄 Upload: templates/navbar.html
job-test	Deploy Test Dashboard to Web Server via SFTP	2025-05-23T07:07:38.8657369Z 📄 Upload: templates/section-template.html
job-test	Deploy Test Dashboard to Web Server via SFTP	2025-05-23T07:07:38.8657754Z 📄 Upload: templates/summary.html
job-test	Deploy Test Dashboard to Web Server via SFTP	2025-05-23T07:07:38.8658085Z 📄 Upload: templates/table.html
job-test	Deploy Test Dashboard to Web Server via SFTP	2025-05-23T07:07:38.8658424Z 📄 Upload: templates/templates.html
job-test	Deploy Test Dashboard to Web Server via SFTP	2025-05-23T07:07:38.8658757Z 📄 Upload: test.html
job-test	Deploy Test Dashboard to Web Server via SFTP	2025-05-23T07:07:38.8659041Z ----------------------------------------------------------------
job-test	Deploy Test Dashboard to Web Server via SFTP	2025-05-23T07:07:38.8659451Z Making changes to 32 files/folders to sync server state
job-test	Deploy Test Dashboard to Web Server via SFTP	2025-05-23T07:07:38.8659914Z Uploading: 6.62 MB -- Deleting: 0 B -- Replacing: 0 B
job-test	Deploy Test Dashboard to Web Server via SFTP	2025-05-23T07:07:38.8660335Z ----------------------------------------------------------------
job-test	Deploy Test Dashboard to Web Server via SFTP	2025-05-23T07:07:38.8660708Z creating folder "data/"
job-test	Deploy Test Dashboard to Web Server via SFTP	2025-05-23T07:07:38.8939333Z creating folder "data/sections/"
job-test	Deploy Test Dashboard to Web Server via SFTP	2025-05-23T07:07:38.9700373Z creating folder "js/"
job-test	Deploy Test Dashboard to Web Server via SFTP	2025-05-23T07:07:39.0113308Z creating folder "templates/"
job-test	Deploy Test Dashboard to Web Server via SFTP	2025-05-23T07:07:39.0522529Z uploading "data/data.html"
job-test	Deploy Test Dashboard to Web Server via SFTP	2025-05-23T07:07:39.1327365Z uploading "data/data.json"
job-test	Deploy Test Dashboard to Web Server via SFTP	2025-05-23T07:07:39.1903169Z uploading "data/kaos-issue.json"
job-test	Deploy Test Dashboard to Web Server via SFTP	2025-05-23T07:07:39.3682463Z uploading "data/kaos-repository-global-statistics.json"
job-test	Deploy Test Dashboard to Web Server via SFTP	2025-05-23T07:07:39.4504349Z uploading "data/kaos-repository-statistics.json"
job-test	Deploy Test Dashboard to Web Server via SFTP	2025-05-23T07:07:39.5149985Z uploading "data/kaos-workflows-available.json"
job-test	Deploy Test Dashboard to Web Server via SFTP	2025-05-23T07:07:39.5797731Z uploading "data/kaos-workflows-runs.json"
job-test	Deploy Test Dashboard to Web Server via SFTP	2025-05-23T07:07:39.8761527Z uploading "data/seccion1.json"
job-test	Deploy Test Dashboard to Web Server via SFTP	2025-05-23T07:07:39.9395946Z uploading "data/section1.json"
job-test	Deploy Test Dashboard to Web Server via SFTP	2025-05-23T07:07:39.9995500Z uploading "data/section2.json"
job-test	Deploy Test Dashboard to Web Server via SFTP	2025-05-23T07:07:40.0868025Z uploading "data/section3.json"
job-test	Deploy Test Dashboard to Web Server via SFTP	2025-05-23T07:07:40.1490802Z uploading "data/section4.json"
job-test	Deploy Test Dashboard to Web Server via SFTP	2025-05-23T07:07:40.2089150Z uploading "data/section5.json"
job-test	Deploy Test Dashboard to Web Server via SFTP	2025-05-23T07:07:40.2728698Z uploading "data/section6.json"
job-test	Deploy Test Dashboard to Web Server via SFTP	2025-05-23T07:07:40.3308840Z uploading "data/section7.json"
job-test	Deploy Test Dashboard to Web Server via SFTP	2025-05-23T07:07:40.4016156Z uploading "data/sections/sections.html"
job-test	Deploy Test Dashboard to Web Server via SFTP	2025-05-23T07:07:40.4672249Z uploading "data/webs.json"
job-test	Deploy Test Dashboard to Web Server via SFTP	2025-05-23T07:07:40.5336267Z uploading "js/js.html"
job-test	Deploy Test Dashboard to Web Server via SFTP	2025-05-23T07:07:40.6009771Z uploading "js/orchestrator.js"
job-test	Deploy Test Dashboard to Web Server via SFTP	2025-05-23T07:07:40.6838525Z uploading "js/structure.js"
job-test	Deploy Test Dashboard to Web Server via SFTP	2025-05-23T07:07:40.7459964Z uploading "js/templates.js"
job-test	Deploy Test Dashboard to Web Server via SFTP	2025-05-23T07:07:40.8218250Z uploading "templates/graphic.html"
job-test	Deploy Test Dashboard to Web Server via SFTP	2025-05-23T07:07:40.8895450Z uploading "templates/navbar.html"
job-test	Deploy Test Dashboard to Web Server via SFTP	2025-05-23T07:07:40.9526067Z uploading "templates/section-template.html"
job-test	Deploy Test Dashboard to Web Server via SFTP	2025-05-23T07:07:41.0251722Z uploading "templates/summary.html"
job-test	Deploy Test Dashboard to Web Server via SFTP	2025-05-23T07:07:41.0946026Z uploading "templates/table.html"
job-test	Deploy Test Dashboard to Web Server via SFTP	2025-05-23T07:07:41.1615259Z uploading "templates/templates.html"
job-test	Deploy Test Dashboard to Web Server via SFTP	2025-05-23T07:07:41.2249954Z uploading "test.html"
job-test	Deploy Test Dashboard to Web Server via SFTP	2025-05-23T07:07:41.2896635Z ----------------------------------------------------------------
job-test	Deploy Test Dashboard to Web Server via SFTP	2025-05-23T07:07:41.2900100Z 🎉 Sync complete. Saving current server state to "/html/test/15204455780-test-ftp-deploy-sync-state.json"
job-test	Deploy Test Dashboard to Web Server via SFTP	2025-05-23T07:07:41.3543863Z ----------------------------------------------------------------
job-test	Deploy Test Dashboard to Web Server via SFTP	2025-05-23T07:07:41.3546800Z Time spent hashing: 43 milliseconds
job-test	Deploy Test Dashboard to Web Server via SFTP	2025-05-23T07:07:41.3547202Z Time spent connecting to server: 194 milliseconds
job-test	Deploy Test Dashboard to Web Server via SFTP	2025-05-23T07:07:41.3547571Z Time spent deploying: 2.4 seconds (2.66 MB/second)
job-test	Deploy Test Dashboard to Web Server via SFTP	2025-05-23T07:07:41.3548029Z   - changing dirs: 203 milliseconds
job-test	Deploy Test Dashboard to Web Server via SFTP	2025-05-23T07:07:41.3549709Z   - logging: 17 milliseconds
job-test	Deploy Test Dashboard to Web Server via SFTP	2025-05-23T07:07:41.3550022Z ----------------------------------------------------------------
job-test	Deploy Test Dashboard to Web Server via SFTP	2025-05-23T07:07:41.3550356Z Total time: 3.6 seconds
job-test	Deploy Test Dashboard to Web Server via SFTP	2025-05-23T07:07:41.3550633Z ----------------------------------------------------------------
job-test	Post Checkout repository	﻿2025-05-23T07:07:41.3791140Z Post job cleanup.
job-test	Post Checkout repository	2025-05-23T07:07:41.4916024Z [command]/usr/bin/git version
job-test	Post Checkout repository	2025-05-23T07:07:41.4963266Z git version 2.43.0
job-test	Post Checkout repository	2025-05-23T07:07:41.5004078Z Copying '/home/kaos/.gitconfig' to '/actions-runner/_work/_temp/40cc2670-479c-4cc2-80c1-f0d91910fb0c/.gitconfig'
job-test	Post Checkout repository	2025-05-23T07:07:41.5016463Z Temporarily overriding HOME='/actions-runner/_work/_temp/40cc2670-479c-4cc2-80c1-f0d91910fb0c' before making global git config changes
job-test	Post Checkout repository	2025-05-23T07:07:41.5018013Z Adding repository directory to the temporary git global config as a safe directory
job-test	Post Checkout repository	2025-05-23T07:07:41.5028121Z [command]/usr/bin/git config --global --add safe.directory /actions-runner/_work/ka0s/ka0s
job-test	Post Checkout repository	2025-05-23T07:07:41.5071987Z [command]/usr/bin/git config --local --name-only --get-regexp core\.sshCommand
job-test	Post Checkout repository	2025-05-23T07:07:41.5122414Z [command]/usr/bin/git submodule foreach --recursive sh -c "git config --local --name-only --get-regexp 'core\.sshCommand' && git config --local --unset-all 'core.sshCommand' || :"
job-test	Post Checkout repository	2025-05-23T07:07:41.5404993Z [command]/usr/bin/git config --local --name-only --get-regexp http\.https\:\/\/github\.com\/\.extraheader
job-test	Post Checkout repository	2025-05-23T07:07:41.5430554Z http.https://github.com/.extraheader
job-test	Post Checkout repository	2025-05-23T07:07:41.5443166Z [command]/usr/bin/git config --local --unset-all http.https://github.com/.extraheader
job-test	Post Checkout repository	2025-05-23T07:07:41.5477916Z [command]/usr/bin/git submodule foreach --recursive sh -c "git config --local --name-only --get-regexp 'http\.https\:\/\/github\.com\/\.extraheader' && git config --local --unset-all 'http.https://github.com/.extraheader' || :"
job-test	Complete job	﻿2025-05-23T07:07:41.5848672Z Cleaning up orphan processes
job-core	Set up job	﻿2025-05-23T07:07:34.0760389Z Current runner version: '2.324.0'
job-core	Set up job	2025-05-23T07:07:34.0768382Z Runner name: 'ka0s-ka0s-2'
job-core	Set up job	2025-05-23T07:07:34.0769510Z Machine name: 'fcda5b4a84db'
job-core	Set up job	2025-05-23T07:07:34.0772353Z ##[group]GITHUB_TOKEN Permissions
job-core	Set up job	2025-05-23T07:07:34.0775163Z Contents: read
job-core	Set up job	2025-05-23T07:07:34.0775945Z Metadata: read
job-core	Set up job	2025-05-23T07:07:34.0776520Z Packages: read
job-core	Set up job	2025-05-23T07:07:34.0777123Z ##[endgroup]
job-core	Set up job	2025-05-23T07:07:34.0779371Z Secret source: Actions
job-core	Set up job	2025-05-23T07:07:34.0780154Z Prepare workflow directory
job-core	Set up job	2025-05-23T07:07:34.1540817Z Prepare all required actions
job-core	Set up job	2025-05-23T07:07:34.1589087Z Getting action download info
job-core	Set up job	2025-05-23T07:07:34.6987899Z Download action repository 'actions/checkout@v4' (SHA:11bd71901bbe5b1630ceea73d27597364c9af683)
job-core	Set up job	2025-05-23T07:07:35.4710652Z Download action repository 'SamKirkland/FTP-Deploy-Action@v4.3.4' (SHA:8a24039354ee91000cb948cb4a1dbdf1a1b94a3c)
job-core	Set up job	2025-05-23T07:07:36.1614206Z Complete job name: job-core
job-core	Checkout repository	﻿2025-05-23T07:07:36.2129235Z ##[group]Run actions/checkout@v4
job-core	Checkout repository	2025-05-23T07:07:36.2130257Z with:
job-core	Checkout repository	2025-05-23T07:07:36.2130779Z   fetch-depth: 0
job-core	Checkout repository	2025-05-23T07:07:36.2131535Z   token: ***
job-core	Checkout repository	2025-05-23T07:07:36.2132002Z   repository: Ka0s-Klaus/ka0s
job-core	Checkout repository	2025-05-23T07:07:36.2132542Z   ssh-strict: true
job-core	Checkout repository	2025-05-23T07:07:36.2133011Z   ssh-user: git
job-core	Checkout repository	2025-05-23T07:07:36.2133473Z   persist-credentials: true
job-core	Checkout repository	2025-05-23T07:07:36.2133999Z   clean: true
job-core	Checkout repository	2025-05-23T07:07:36.2134463Z   sparse-checkout-cone-mode: true
job-core	Checkout repository	2025-05-23T07:07:36.2135107Z   fetch-tags: false
job-core	Checkout repository	2025-05-23T07:07:36.2135580Z   show-progress: true
job-core	Checkout repository	2025-05-23T07:07:36.2136052Z   lfs: false
job-core	Checkout repository	2025-05-23T07:07:36.2136490Z   submodules: false
job-core	Checkout repository	2025-05-23T07:07:36.2136992Z   set-safe-directory: true
job-core	Checkout repository	2025-05-23T07:07:36.2138033Z env:
job-core	Checkout repository	2025-05-23T07:07:36.2138477Z   KAOS_CODE: 15204455780
job-core	Checkout repository	2025-05-23T07:07:36.2138982Z   KAOS_EVENT_NAME: push
job-core	Checkout repository	2025-05-23T07:07:36.2139464Z   KAOS_ACTION: 
job-core	Checkout repository	2025-05-23T07:07:36.2139923Z   KAOS_REF: refs/heads/main
job-core	Checkout repository	2025-05-23T07:07:36.2140455Z   KAOS_MODULE: [Ka0S] Deploy Webs
job-core	Checkout repository	2025-05-23T07:07:36.2141321Z   KAOS_PATH_ORIGIN_DASHBOARD: core/results/webs/dashboard/
job-core	Checkout repository	2025-05-23T07:07:36.2142083Z   KAOS_PATH_WEB_DASHBOARD: /html/dashboard/
job-core	Checkout repository	2025-05-23T07:07:36.2142920Z   KAOS_PATH_ORIGIN_TEST: core/results/webs/test/
job-core	Checkout repository	2025-05-23T07:07:36.2143618Z   KAOS_PATH_WEB_TEST: /html/test/
job-core	Checkout repository	2025-05-23T07:07:36.2144227Z   KAOS_PATH_RESUME: core/results/dw/
job-core	Checkout repository	2025-05-23T07:07:36.2144972Z   KAOS_FILE_STATE: ftp-deploy-sync-state.json
job-core	Checkout repository	2025-05-23T07:07:36.2145635Z   KAOS_ACTOR: AlejandroPB5
job-core	Checkout repository	2025-05-23T07:07:36.2146230Z   KAOS_CACHE_BUSTER: 15204455780-382
job-core	Checkout repository	2025-05-23T07:07:36.2146853Z ##[endgroup]
job-core	Checkout repository	2025-05-23T07:07:36.3381300Z Syncing repository: Ka0s-Klaus/ka0s
job-core	Checkout repository	2025-05-23T07:07:36.3383446Z ##[group]Getting Git version info
job-core	Checkout repository	2025-05-23T07:07:36.3384435Z Working directory is '/actions-runner/_work/ka0s/ka0s'
job-core	Checkout repository	2025-05-23T07:07:36.3385823Z [command]/usr/bin/git version
job-core	Checkout repository	2025-05-23T07:07:36.3386395Z git version 2.43.0
job-core	Checkout repository	2025-05-23T07:07:36.3388425Z ##[endgroup]
job-core	Checkout repository	2025-05-23T07:07:36.3394441Z Copying '/home/kaos/.gitconfig' to '/actions-runner/_work/_temp/728f5340-8580-4682-b13f-3526ced9b845/.gitconfig'
job-core	Checkout repository	2025-05-23T07:07:36.3402395Z Temporarily overriding HOME='/actions-runner/_work/_temp/728f5340-8580-4682-b13f-3526ced9b845' before making global git config changes
job-core	Checkout repository	2025-05-23T07:07:36.3404116Z Adding repository directory to the temporary git global config as a safe directory
job-core	Checkout repository	2025-05-23T07:07:36.3408338Z [command]/usr/bin/git config --global --add safe.directory /actions-runner/_work/ka0s/ka0s
job-core	Checkout repository	2025-05-23T07:07:36.3465573Z [command]/usr/bin/git config --local --get remote.origin.url
job-core	Checkout repository	2025-05-23T07:07:36.3491089Z https://github.com/Ka0s-Klaus/ka0s
job-core	Checkout repository	2025-05-23T07:07:36.3510798Z ##[group]Removing previously created refs, to avoid conflicts
job-core	Checkout repository	2025-05-23T07:07:36.3515311Z [command]/usr/bin/git rev-parse --symbolic-full-name --verify --quiet HEAD
job-core	Checkout repository	2025-05-23T07:07:36.3542272Z refs/heads/H1183-personalización-módulo-finops
job-core	Checkout repository	2025-05-23T07:07:36.3552717Z [command]/usr/bin/git checkout --detach
job-core	Checkout repository	2025-05-23T07:07:36.3957378Z HEAD is now at fc557160 Merge branch 'H1183-personalización-módulo-finops' of https://github.com/Ka0s-Klaus/ka0s into H1183-personalización-módulo-finops
job-core	Checkout repository	2025-05-23T07:07:36.4009011Z [command]/usr/bin/git branch --delete --force H1183-personalización-módulo-finops
job-core	Checkout repository	2025-05-23T07:07:36.4046604Z Deleted branch H1183-personalización-módulo-finops (was fc557160).
job-core	Checkout repository	2025-05-23T07:07:36.4132572Z ##[endgroup]
job-core	Checkout repository	2025-05-23T07:07:36.4133386Z [command]/usr/bin/git submodule status
job-core	Checkout repository	2025-05-23T07:07:36.4439917Z ##[group]Cleaning the repository
job-core	Checkout repository	2025-05-23T07:07:36.4440742Z [command]/usr/bin/git clean -ffdx
job-core	Checkout repository	2025-05-23T07:07:36.4516882Z [command]/usr/bin/git reset --hard HEAD
job-core	Checkout repository	2025-05-23T07:07:36.4821235Z HEAD is now at fc557160 Merge branch 'H1183-personalización-módulo-finops' of https://github.com/Ka0s-Klaus/ka0s into H1183-personalización-módulo-finops
job-core	Checkout repository	2025-05-23T07:07:36.4828227Z ##[endgroup]
job-core	Checkout repository	2025-05-23T07:07:36.4829536Z ##[group]Disabling automatic garbage collection
job-core	Checkout repository	2025-05-23T07:07:36.4833307Z [command]/usr/bin/git config --local gc.auto 0
job-core	Checkout repository	2025-05-23T07:07:36.4867188Z ##[endgroup]
job-core	Checkout repository	2025-05-23T07:07:36.4868190Z ##[group]Setting up auth
job-core	Checkout repository	2025-05-23T07:07:36.4881850Z [command]/usr/bin/git config --local --name-only --get-regexp core\.sshCommand
job-core	Checkout repository	2025-05-23T07:07:36.4914344Z [command]/usr/bin/git submodule foreach --recursive sh -c "git config --local --name-only --get-regexp 'core\.sshCommand' && git config --local --unset-all 'core.sshCommand' || :"
job-core	Checkout repository	2025-05-23T07:07:36.5179890Z [command]/usr/bin/git config --local --name-only --get-regexp http\.https\:\/\/github\.com\/\.extraheader
job-core	Checkout repository	2025-05-23T07:07:36.5216040Z [command]/usr/bin/git submodule foreach --recursive sh -c "git config --local --name-only --get-regexp 'http\.https\:\/\/github\.com\/\.extraheader' && git config --local --unset-all 'http.https://github.com/.extraheader' || :"
job-core	Checkout repository	2025-05-23T07:07:36.5482544Z [command]/usr/bin/git config --local http.https://github.com/.extraheader AUTHORIZATION: basic ***
job-core	Checkout repository	2025-05-23T07:07:36.5527087Z ##[endgroup]
job-core	Checkout repository	2025-05-23T07:07:36.5528327Z ##[group]Fetching the repository
job-core	Checkout repository	2025-05-23T07:07:36.5536550Z [command]/usr/bin/git -c protocol.version=2 fetch --prune --no-recurse-submodules origin +refs/heads/*:refs/remotes/origin/* +refs/tags/*:refs/tags/*
job-core	Checkout repository	2025-05-23T07:07:37.3934387Z From https://github.com/Ka0s-Klaus/ka0s
job-core	Checkout repository	2025-05-23T07:07:37.3936756Z    fc557160..a043a1a6  H1183-personalización-módulo-finops -> origin/H1183-personalización-módulo-finops
job-core	Checkout repository	2025-05-23T07:07:37.3938697Z    49e068b8..e31a7080  main       -> origin/main
job-core	Checkout repository	2025-05-23T07:07:37.3996730Z [command]/usr/bin/git branch --list --remote origin/main
job-core	Checkout repository	2025-05-23T07:07:37.4026747Z   origin/main
job-core	Checkout repository	2025-05-23T07:07:37.4036234Z [command]/usr/bin/git rev-parse refs/remotes/origin/main
job-core	Checkout repository	2025-05-23T07:07:37.4059686Z e31a7080107bc7c7c3a91e716470fef33a8df9e6
job-core	Checkout repository	2025-05-23T07:07:37.4066206Z ##[endgroup]
job-core	Checkout repository	2025-05-23T07:07:37.4067911Z ##[group]Determining the checkout info
job-core	Checkout repository	2025-05-23T07:07:37.4069970Z ##[endgroup]
job-core	Checkout repository	2025-05-23T07:07:37.4072206Z [command]/usr/bin/git sparse-checkout disable
job-core	Checkout repository	2025-05-23T07:07:37.4152406Z [command]/usr/bin/git config --local --unset-all extensions.worktreeConfig
job-core	Checkout repository	2025-05-23T07:07:37.4183291Z ##[group]Checking out the ref
job-core	Checkout repository	2025-05-23T07:07:37.4186082Z [command]/usr/bin/git checkout --progress --force -B main refs/remotes/origin/main
job-core	Checkout repository	2025-05-23T07:07:37.5607764Z Previous HEAD position was fc557160 Merge branch 'H1183-personalización-módulo-finops' of https://github.com/Ka0s-Klaus/ka0s into H1183-personalización-módulo-finops
job-core	Checkout repository	2025-05-23T07:07:37.5618293Z Switched to a new branch 'main'
job-core	Checkout repository	2025-05-23T07:07:37.5622955Z branch 'main' set up to track 'origin/main'.
job-core	Checkout repository	2025-05-23T07:07:37.5630964Z ##[endgroup]
job-core	Checkout repository	2025-05-23T07:07:37.5668612Z [command]/usr/bin/git log -1 --format=%H
job-core	Checkout repository	2025-05-23T07:07:37.5695690Z e31a7080107bc7c7c3a91e716470fef33a8df9e6
job-core	Limpiar caché local antes del despliegue	﻿2025-05-23T07:07:37.5957716Z ##[group]Run echo "Limpiando caché local de GitHub Actions runner..."
job-core	Limpiar caché local antes del despliegue	2025-05-23T07:07:37.5959760Z [36;1mecho "Limpiando caché local de GitHub Actions runner..."[0m
job-core	Limpiar caché local antes del despliegue	2025-05-23T07:07:37.5961233Z [36;1mif [ -d ~/.cache ]; then[0m
job-core	Limpiar caché local antes del despliegue	2025-05-23T07:07:37.5962307Z [36;1m  rm -rf ~/.cache/*[0m
job-core	Limpiar caché local antes del despliegue	2025-05-23T07:07:37.5963709Z [36;1m  echo "Caché local eliminada."[0m
job-core	Limpiar caché local antes del despliegue	2025-05-23T07:07:37.5965033Z [36;1melse[0m
job-core	Limpiar caché local antes del despliegue	2025-05-23T07:07:37.5966041Z [36;1m  echo "No se encontró directorio de caché local."[0m
job-core	Limpiar caché local antes del despliegue	2025-05-23T07:07:37.5967338Z [36;1mfi[0m
job-core	Limpiar caché local antes del despliegue	2025-05-23T07:07:37.5978931Z shell: /usr/bin/bash -e {0}
job-core	Limpiar caché local antes del despliegue	2025-05-23T07:07:37.5979951Z env:
job-core	Limpiar caché local antes del despliegue	2025-05-23T07:07:37.5980703Z   KAOS_CODE: 15204455780
job-core	Limpiar caché local antes del despliegue	2025-05-23T07:07:37.5981628Z   KAOS_EVENT_NAME: push
job-core	Limpiar caché local antes del despliegue	2025-05-23T07:07:37.5982518Z   KAOS_ACTION: 
job-core	Limpiar caché local antes del despliegue	2025-05-23T07:07:37.5983416Z   KAOS_REF: refs/heads/main
job-core	Limpiar caché local antes del despliegue	2025-05-23T07:07:37.5984395Z   KAOS_MODULE: [Ka0S] Deploy Webs
job-core	Limpiar caché local antes del despliegue	2025-05-23T07:07:37.5985733Z   KAOS_PATH_ORIGIN_DASHBOARD: core/results/webs/dashboard/
job-core	Limpiar caché local antes del despliegue	2025-05-23T07:07:37.5987159Z   KAOS_PATH_WEB_DASHBOARD: /html/dashboard/
job-core	Limpiar caché local antes del despliegue	2025-05-23T07:07:37.5996097Z   KAOS_PATH_ORIGIN_TEST: core/results/webs/test/
job-core	Limpiar caché local antes del despliegue	2025-05-23T07:07:37.5997396Z   KAOS_PATH_WEB_TEST: /html/test/
job-core	Limpiar caché local antes del despliegue	2025-05-23T07:07:37.5998479Z   KAOS_PATH_RESUME: core/results/dw/
job-core	Limpiar caché local antes del despliegue	2025-05-23T07:07:37.5999662Z   KAOS_FILE_STATE: ftp-deploy-sync-state.json
job-core	Limpiar caché local antes del despliegue	2025-05-23T07:07:37.6000915Z   KAOS_ACTOR: AlejandroPB5
job-core	Limpiar caché local antes del despliegue	2025-05-23T07:07:37.6001883Z   KAOS_CACHE_BUSTER: 15204455780-382
job-core	Limpiar caché local antes del despliegue	2025-05-23T07:07:37.6002917Z ##[endgroup]
job-core	Limpiar caché local antes del despliegue	2025-05-23T07:07:37.6063214Z Limpiando caché local de GitHub Actions runner...
job-core	Limpiar caché local antes del despliegue	2025-05-23T07:07:37.6066440Z No se encontró directorio de caché local.
job-core	Deploy Dashboard to Web Server via SFTP	﻿2025-05-23T07:07:37.6189150Z ##[group]Run SamKirkland/FTP-Deploy-Action@v4.3.4
job-core	Deploy Dashboard to Web Server via SFTP	2025-05-23T07:07:37.6190310Z with:
job-core	Deploy Dashboard to Web Server via SFTP	2025-05-23T07:07:37.6191108Z   server: ***
job-core	Deploy Dashboard to Web Server via SFTP	2025-05-23T07:07:37.6191829Z   username: ***
job-core	Deploy Dashboard to Web Server via SFTP	2025-05-23T07:07:37.6192580Z   password: ***
job-core	Deploy Dashboard to Web Server via SFTP	2025-05-23T07:07:37.6193297Z   port: ***
job-core	Deploy Dashboard to Web Server via SFTP	2025-05-23T07:07:37.6194042Z   local-dir: core/results/webs/dashboard/
job-core	Deploy Dashboard to Web Server via SFTP	2025-05-23T07:07:37.6195402Z   server-dir: /html/dashboard/
job-core	Deploy Dashboard to Web Server via SFTP	2025-05-23T07:07:37.6196332Z   dangerous-clean-slate: true
job-core	Deploy Dashboard to Web Server via SFTP	2025-05-23T07:07:37.6197508Z   state-name: 15204455780-dashboard-ftp-deploy-sync-state.json
job-core	Deploy Dashboard to Web Server via SFTP	2025-05-23T07:07:37.6198860Z   exclude: **/.git*
job-core	Deploy Dashboard to Web Server via SFTP	**/.git*/**
job-core	Deploy Dashboard to Web Server via SFTP	**/node_modules/**
job-core	Deploy Dashboard to Web Server via SFTP	
job-core	Deploy Dashboard to Web Server via SFTP	2025-05-23T07:07:37.6199895Z env:
job-core	Deploy Dashboard to Web Server via SFTP	2025-05-23T07:07:37.6200583Z   KAOS_CODE: 15204455780
job-core	Deploy Dashboard to Web Server via SFTP	2025-05-23T07:07:37.6201386Z   KAOS_EVENT_NAME: push
job-core	Deploy Dashboard to Web Server via SFTP	2025-05-23T07:07:37.6202155Z   KAOS_ACTION: 
job-core	Deploy Dashboard to Web Server via SFTP	2025-05-23T07:07:37.6202881Z   KAOS_REF: refs/heads/main
job-core	Deploy Dashboard to Web Server via SFTP	2025-05-23T07:07:37.6203750Z   KAOS_MODULE: [Ka0S] Deploy Webs
job-core	Deploy Dashboard to Web Server via SFTP	2025-05-23T07:07:37.6205206Z   KAOS_PATH_ORIGIN_DASHBOARD: core/results/webs/dashboard/
job-core	Deploy Dashboard to Web Server via SFTP	2025-05-23T07:07:37.6206754Z   KAOS_PATH_WEB_DASHBOARD: /html/dashboard/
job-core	Deploy Dashboard to Web Server via SFTP	2025-05-23T07:07:37.6207869Z   KAOS_PATH_ORIGIN_TEST: core/results/webs/test/
job-core	Deploy Dashboard to Web Server via SFTP	2025-05-23T07:07:37.6208951Z   KAOS_PATH_WEB_TEST: /html/test/
job-core	Deploy Dashboard to Web Server via SFTP	2025-05-23T07:07:37.6209905Z   KAOS_PATH_RESUME: core/results/dw/
job-core	Deploy Dashboard to Web Server via SFTP	2025-05-23T07:07:37.6210945Z   KAOS_FILE_STATE: ftp-deploy-sync-state.json
job-core	Deploy Dashboard to Web Server via SFTP	2025-05-23T07:07:37.6211995Z   KAOS_ACTOR: AlejandroPB5
job-core	Deploy Dashboard to Web Server via SFTP	2025-05-23T07:07:37.6212846Z   KAOS_CACHE_BUSTER: 15204455780-382
job-core	Deploy Dashboard to Web Server via SFTP	2025-05-23T07:07:37.6213760Z ##[endgroup]
job-core	Deploy Dashboard to Web Server via SFTP	2025-05-23T07:07:37.6796170Z ----------------------------------------------------------------
job-core	Deploy Dashboard to Web Server via SFTP	2025-05-23T07:07:37.6801048Z 🚀 Thanks for using ftp-deploy. Let's deploy some stuff!   
job-core	Deploy Dashboard to Web Server via SFTP	2025-05-23T07:07:37.6802828Z ----------------------------------------------------------------
job-core	Deploy Dashboard to Web Server via SFTP	2025-05-23T07:07:37.6804459Z If you found this project helpful, please support it
job-core	Deploy Dashboard to Web Server via SFTP	2025-05-23T07:07:37.6806372Z by giving it a ⭐ on Github --> https://github.com/SamKirkland/FTP-Deploy-Action
job-core	Deploy Dashboard to Web Server via SFTP	2025-05-23T07:07:37.6808991Z or add a badge 🏷️ to your projects readme --> https://github.com/SamKirkland/FTP-Deploy-Action#badge
job-core	Deploy Dashboard to Web Server via SFTP	2025-05-23T07:07:38.0867182Z ----------------------------------------------------------------
job-core	Deploy Dashboard to Web Server via SFTP	2025-05-23T07:07:38.0870293Z 🗑️ Removing all files on the server because 'dangerous-clean-slate' was set, this will make the deployment very slow...
job-core	Deploy Dashboard to Web Server via SFTP	2025-05-23T07:07:38.7652641Z Clear complete
job-core	Deploy Dashboard to Web Server via SFTP	2025-05-23T07:07:38.7653369Z ----------------------------------------------------------------
job-core	Deploy Dashboard to Web Server via SFTP	2025-05-23T07:07:38.7654795Z No file exists on the server "/html/dashboard/15204455780-dashboard-ftp-deploy-sync-state.json" - this must be your first publish! 🎉
job-core	Deploy Dashboard to Web Server via SFTP	2025-05-23T07:07:38.7655947Z The first publish will take a while... but once the initial sync is done only differences are published!
job-core	Deploy Dashboard to Web Server via SFTP	2025-05-23T07:07:38.7657193Z If you get this message and its NOT your first publish, something is wrong.
job-core	Deploy Dashboard to Web Server via SFTP	2025-05-23T07:07:38.7657904Z ----------------------------------------------------------------
job-core	Deploy Dashboard to Web Server via SFTP	2025-05-23T07:07:38.7824054Z Local Files:	23
job-core	Deploy Dashboard to Web Server via SFTP	2025-05-23T07:07:38.7824476Z Server Files:	0
job-core	Deploy Dashboard to Web Server via SFTP	2025-05-23T07:07:38.7824872Z ----------------------------------------------------------------
job-core	Deploy Dashboard to Web Server via SFTP	2025-05-23T07:07:38.7825396Z Calculating differences between client & server
job-core	Deploy Dashboard to Web Server via SFTP	2025-05-23T07:07:38.7829129Z ----------------------------------------------------------------
job-core	Deploy Dashboard to Web Server via SFTP	2025-05-23T07:07:38.7848766Z 📁 Create: custom
job-core	Deploy Dashboard to Web Server via SFTP	2025-05-23T07:07:38.7853070Z 📁 Create: data
job-core	Deploy Dashboard to Web Server via SFTP	2025-05-23T07:07:38.7853366Z 📁 Create: js
job-core	Deploy Dashboard to Web Server via SFTP	2025-05-23T07:07:38.7853605Z 📁 Create: templates
job-core	Deploy Dashboard to Web Server via SFTP	2025-05-23T07:07:38.7853894Z 📄 Upload: custom/custom.html
job-core	Deploy Dashboard to Web Server via SFTP	2025-05-23T07:07:38.7854189Z 📄 Upload: dashboard.html
job-core	Deploy Dashboard to Web Server via SFTP	2025-05-23T07:07:38.7854457Z 📄 Upload: data/data.html
job-core	Deploy Dashboard to Web Server via SFTP	2025-05-23T07:07:38.7855145Z 📄 Upload: data/kaos-issue.json
job-core	Deploy Dashboard to Web Server via SFTP	2025-05-23T07:07:38.7855555Z 📄 Upload: data/kaos-repository-global-statistics copy.json
job-core	Deploy Dashboard to Web Server via SFTP	2025-05-23T07:07:38.7856047Z 📄 Upload: data/kaos-repository-global-statistics.json
job-core	Deploy Dashboard to Web Server via SFTP	2025-05-23T07:07:38.7856482Z 📄 Upload: data/kaos-repository-statistics.json
job-core	Deploy Dashboard to Web Server via SFTP	2025-05-23T07:07:38.7856879Z 📄 Upload: data/kaos-workflows-available.json
job-core	Deploy Dashboard to Web Server via SFTP	2025-05-23T07:07:38.7857774Z 📄 Upload: data/kaos-workflows-runs.json
job-core	Deploy Dashboard to Web Server via SFTP	2025-05-23T07:07:38.7858110Z 📄 Upload: data/section1.json
job-core	Deploy Dashboard to Web Server via SFTP	2025-05-23T07:07:38.7858396Z 📄 Upload: data/section2.json
job-core	Deploy Dashboard to Web Server via SFTP	2025-05-23T07:07:38.7858695Z 📄 Upload: data/section3.json
job-core	Deploy Dashboard to Web Server via SFTP	2025-05-23T07:07:38.7859015Z 📄 Upload: data/section4.json
job-core	Deploy Dashboard to Web Server via SFTP	2025-05-23T07:07:38.7859340Z 📄 Upload: data/section5.json
job-core	Deploy Dashboard to Web Server via SFTP	2025-05-23T07:07:38.7859645Z 📄 Upload: data/section6.json
job-core	Deploy Dashboard to Web Server via SFTP	2025-05-23T07:07:38.7859932Z 📄 Upload: data/section7.json
job-core	Deploy Dashboard to Web Server via SFTP	2025-05-23T07:07:38.7860213Z 📄 Upload: data/webs.json
job-core	Deploy Dashboard to Web Server via SFTP	2025-05-23T07:07:38.7860485Z 📄 Upload: js/orchestrator.js
job-core	Deploy Dashboard to Web Server via SFTP	2025-05-23T07:07:38.7860781Z 📄 Upload: templates/navbar.html
job-core	Deploy Dashboard to Web Server via SFTP	2025-05-23T07:07:38.7861105Z ----------------------------------------------------------------
job-core	Deploy Dashboard to Web Server via SFTP	2025-05-23T07:07:38.7861509Z Making changes to 23 files/folders to sync server state
job-core	Deploy Dashboard to Web Server via SFTP	2025-05-23T07:07:38.7861897Z Uploading: 7.2 MB -- Deleting: 0 B -- Replacing: 0 B
job-core	Deploy Dashboard to Web Server via SFTP	2025-05-23T07:07:38.7862258Z ----------------------------------------------------------------
job-core	Deploy Dashboard to Web Server via SFTP	2025-05-23T07:07:38.7862591Z creating folder "custom/"
job-core	Deploy Dashboard to Web Server via SFTP	2025-05-23T07:07:38.8199585Z creating folder "data/"
job-core	Deploy Dashboard to Web Server via SFTP	2025-05-23T07:07:38.8553151Z creating folder "js/"
job-core	Deploy Dashboard to Web Server via SFTP	2025-05-23T07:07:38.8902168Z creating folder "templates/"
job-core	Deploy Dashboard to Web Server via SFTP	2025-05-23T07:07:38.9232260Z uploading "custom/custom.html"
job-core	Deploy Dashboard to Web Server via SFTP	2025-05-23T07:07:38.9865231Z uploading "dashboard.html"
job-core	Deploy Dashboard to Web Server via SFTP	2025-05-23T07:07:39.0524181Z uploading "data/data.html"
job-core	Deploy Dashboard to Web Server via SFTP	2025-05-23T07:07:39.1104904Z uploading "data/kaos-issue.json"
job-core	Deploy Dashboard to Web Server via SFTP	2025-05-23T07:07:39.2876037Z uploading "data/kaos-repository-global-statistics copy.json"
job-core	Deploy Dashboard to Web Server via SFTP	2025-05-23T07:07:39.3684242Z uploading "data/kaos-repository-global-statistics.json"
job-core	Deploy Dashboard to Web Server via SFTP	2025-05-23T07:07:39.4546415Z uploading "data/kaos-repository-statistics.json"
job-core	Deploy Dashboard to Web Server via SFTP	2025-05-23T07:07:39.5148605Z uploading "data/kaos-workflows-available.json"
job-core	Deploy Dashboard to Web Server via SFTP	2025-05-23T07:07:39.5808482Z uploading "data/kaos-workflows-runs.json"
job-core	Deploy Dashboard to Web Server via SFTP	2025-05-23T07:07:39.8999972Z uploading "data/section1.json"
job-core	Deploy Dashboard to Web Server via SFTP	2025-05-23T07:07:39.9633060Z uploading "data/section2.json"
job-core	Deploy Dashboard to Web Server via SFTP	2025-05-23T07:07:40.0430761Z uploading "data/section3.json"
job-core	Deploy Dashboard to Web Server via SFTP	2025-05-23T07:07:40.1042417Z uploading "data/section4.json"
job-core	Deploy Dashboard to Web Server via SFTP	2025-05-23T07:07:40.1636711Z uploading "data/section5.json"
job-core	Deploy Dashboard to Web Server via SFTP	2025-05-23T07:07:40.2254643Z uploading "data/section6.json"
job-core	Deploy Dashboard to Web Server via SFTP	2025-05-23T07:07:40.2946775Z uploading "data/section7.json"
job-core	Deploy Dashboard to Web Server via SFTP	2025-05-23T07:07:40.3573243Z uploading "data/webs.json"
job-core	Deploy Dashboard to Web Server via SFTP	2025-05-23T07:07:40.4291343Z uploading "js/orchestrator.js"
job-core	Deploy Dashboard to Web Server via SFTP	2025-05-23T07:07:40.5220246Z uploading "templates/navbar.html"
job-core	Deploy Dashboard to Web Server via SFTP	2025-05-23T07:07:40.6014191Z ----------------------------------------------------------------
job-core	Deploy Dashboard to Web Server via SFTP	2025-05-23T07:07:40.6019626Z 🎉 Sync complete. Saving current server state to "/html/dashboard/15204455780-dashboard-ftp-deploy-sync-state.json"
job-core	Deploy Dashboard to Web Server via SFTP	2025-05-23T07:07:40.6719777Z ----------------------------------------------------------------
job-core	Deploy Dashboard to Web Server via SFTP	2025-05-23T07:07:40.6737934Z Time spent hashing: 45 milliseconds
job-core	Deploy Dashboard to Web Server via SFTP	2025-05-23T07:07:40.6739537Z Time spent connecting to server: 294 milliseconds
job-core	Deploy Dashboard to Web Server via SFTP	2025-05-23T07:07:40.6742170Z Time spent deploying: 1.8 seconds (3.82 MB/second)
job-core	Deploy Dashboard to Web Server via SFTP	2025-05-23T07:07:40.6743745Z   - changing dirs: 158 milliseconds
job-core	Deploy Dashboard to Web Server via SFTP	2025-05-23T07:07:40.6745282Z   - logging: 19 milliseconds
job-core	Deploy Dashboard to Web Server via SFTP	2025-05-23T07:07:40.6746607Z ----------------------------------------------------------------
job-core	Deploy Dashboard to Web Server via SFTP	2025-05-23T07:07:40.6748071Z Total time: 2.9 seconds
job-core	Deploy Dashboard to Web Server via SFTP	2025-05-23T07:07:40.6749297Z ----------------------------------------------------------------
job-core	Post Checkout repository	﻿2025-05-23T07:07:40.6969274Z Post job cleanup.
job-core	Post Checkout repository	2025-05-23T07:07:40.7971296Z [command]/usr/bin/git version
job-core	Post Checkout repository	2025-05-23T07:07:40.8009919Z git version 2.43.0
job-core	Post Checkout repository	2025-05-23T07:07:40.8049532Z Copying '/home/kaos/.gitconfig' to '/actions-runner/_work/_temp/4245e352-90cc-400e-8aed-7344af6bd86e/.gitconfig'
job-core	Post Checkout repository	2025-05-23T07:07:40.8061776Z Temporarily overriding HOME='/actions-runner/_work/_temp/4245e352-90cc-400e-8aed-7344af6bd86e' before making global git config changes
job-core	Post Checkout repository	2025-05-23T07:07:40.8062648Z Adding repository directory to the temporary git global config as a safe directory
job-core	Post Checkout repository	2025-05-23T07:07:40.8069164Z [command]/usr/bin/git config --global --add safe.directory /actions-runner/_work/ka0s/ka0s
job-core	Post Checkout repository	2025-05-23T07:07:40.8111677Z [command]/usr/bin/git config --local --name-only --get-regexp core\.sshCommand
job-core	Post Checkout repository	2025-05-23T07:07:40.8155093Z [command]/usr/bin/git submodule foreach --recursive sh -c "git config --local --name-only --get-regexp 'core\.sshCommand' && git config --local --unset-all 'core.sshCommand' || :"
job-core	Post Checkout repository	2025-05-23T07:07:40.8420090Z [command]/usr/bin/git config --local --name-only --get-regexp http\.https\:\/\/github\.com\/\.extraheader
job-core	Post Checkout repository	2025-05-23T07:07:40.8442932Z http.https://github.com/.extraheader
job-core	Post Checkout repository	2025-05-23T07:07:40.8455208Z [command]/usr/bin/git config --local --unset-all http.https://github.com/.extraheader
job-core	Post Checkout repository	2025-05-23T07:07:40.8490712Z [command]/usr/bin/git submodule foreach --recursive sh -c "git config --local --name-only --get-regexp 'http\.https\:\/\/github\.com\/\.extraheader' && git config --local --unset-all 'http.https://github.com/.extraheader' || :"
job-core	Complete job	﻿2025-05-23T07:07:40.8859893Z Cleaning up orphan processes
handle-success	Set up job	﻿2025-05-23T07:07:46.0753113Z Current runner version: '2.324.0'
handle-success	Set up job	2025-05-23T07:07:46.0760515Z Runner name: 'ka0s-ka0s-5'
handle-success	Set up job	2025-05-23T07:07:46.0761495Z Machine name: '85bf26d22df3'
handle-success	Set up job	2025-05-23T07:07:46.0764177Z ##[group]GITHUB_TOKEN Permissions
handle-success	Set up job	2025-05-23T07:07:46.0766771Z Contents: read
handle-success	Set up job	2025-05-23T07:07:46.0767586Z Metadata: read
handle-success	Set up job	2025-05-23T07:07:46.0768272Z Packages: read
handle-success	Set up job	2025-05-23T07:07:46.0768736Z ##[endgroup]
handle-success	Set up job	2025-05-23T07:07:46.0770772Z Secret source: Actions
handle-success	Set up job	2025-05-23T07:07:46.0771427Z Prepare workflow directory
handle-success	Set up job	2025-05-23T07:07:46.1440726Z Prepare all required actions
handle-success	Set up job	2025-05-23T07:07:46.1480607Z Getting action download info
handle-success	Set up job	2025-05-23T07:07:46.7417990Z Download action repository 'actions/checkout@v4' (SHA:11bd71901bbe5b1630ceea73d27597364c9af683)
handle-success	Set up job	2025-05-23T07:07:47.5116936Z Complete job name: handle-success
handle-success	Checkout code	﻿2025-05-23T07:07:47.5587918Z ##[group]Run actions/checkout@v4
handle-success	Checkout code	2025-05-23T07:07:47.5588731Z with:
handle-success	Checkout code	2025-05-23T07:07:47.5589097Z   fetch-depth: 0
handle-success	Checkout code	2025-05-23T07:07:47.5589690Z   token: ***
handle-success	Checkout code	2025-05-23T07:07:47.5590075Z   repository: Ka0s-Klaus/ka0s
handle-success	Checkout code	2025-05-23T07:07:47.5590705Z   ssh-strict: true
handle-success	Checkout code	2025-05-23T07:07:47.5591087Z   ssh-user: git
handle-success	Checkout code	2025-05-23T07:07:47.5591585Z   persist-credentials: true
handle-success	Checkout code	2025-05-23T07:07:47.5592009Z   clean: true
handle-success	Checkout code	2025-05-23T07:07:47.5592379Z   sparse-checkout-cone-mode: true
handle-success	Checkout code	2025-05-23T07:07:47.5592834Z   fetch-tags: false
handle-success	Checkout code	2025-05-23T07:07:47.5593216Z   show-progress: true
handle-success	Checkout code	2025-05-23T07:07:47.5593589Z   lfs: false
handle-success	Checkout code	2025-05-23T07:07:47.5593935Z   submodules: false
handle-success	Checkout code	2025-05-23T07:07:47.5594318Z   set-safe-directory: true
handle-success	Checkout code	2025-05-23T07:07:47.5595018Z env:
handle-success	Checkout code	2025-05-23T07:07:47.5595376Z   KAOS_CODE: 15204455780
handle-success	Checkout code	2025-05-23T07:07:47.5595780Z   KAOS_EVENT_NAME: push
handle-success	Checkout code	2025-05-23T07:07:47.5596171Z   KAOS_ACTION: 
handle-success	Checkout code	2025-05-23T07:07:47.5596535Z   KAOS_REF: refs/heads/main
handle-success	Checkout code	2025-05-23T07:07:47.5596968Z   KAOS_MODULE: [Ka0S] Deploy Webs
handle-success	Checkout code	2025-05-23T07:07:47.5597534Z   KAOS_PATH_ORIGIN_DASHBOARD: core/results/webs/dashboard/
handle-success	Checkout code	2025-05-23T07:07:47.5598133Z   KAOS_PATH_WEB_DASHBOARD: /html/dashboard/
handle-success	Checkout code	2025-05-23T07:07:47.5598677Z   KAOS_PATH_ORIGIN_TEST: core/results/webs/test/
handle-success	Checkout code	2025-05-23T07:07:47.5599209Z   KAOS_PATH_WEB_TEST: /html/test/
handle-success	Checkout code	2025-05-23T07:07:47.5599675Z   KAOS_PATH_RESUME: core/results/dw/
handle-success	Checkout code	2025-05-23T07:07:47.5600178Z   KAOS_FILE_STATE: ftp-deploy-sync-state.json
handle-success	Checkout code	2025-05-23T07:07:47.5600690Z   KAOS_ACTOR: AlejandroPB5
handle-success	Checkout code	2025-05-23T07:07:47.5601119Z   KAOS_CACHE_BUSTER: 15204455780-382
handle-success	Checkout code	2025-05-23T07:07:47.5601560Z ##[endgroup]
handle-success	Checkout code	2025-05-23T07:07:47.6745499Z Syncing repository: Ka0s-Klaus/ka0s
handle-success	Checkout code	2025-05-23T07:07:47.6747602Z ##[group]Getting Git version info
handle-success	Checkout code	2025-05-23T07:07:47.6748438Z Working directory is '/actions-runner/_work/ka0s/ka0s'
handle-success	Checkout code	2025-05-23T07:07:47.6749368Z [command]/usr/bin/git version
handle-success	Checkout code	2025-05-23T07:07:47.6749978Z git version 2.43.0
handle-success	Checkout code	2025-05-23T07:07:47.6775465Z ##[endgroup]
handle-success	Checkout code	2025-05-23T07:07:47.6788995Z Copying '/home/kaos/.gitconfig' to '/actions-runner/_work/_temp/d1c6c872-26cf-41de-ad44-031bc8d3268e/.gitconfig'
handle-success	Checkout code	2025-05-23T07:07:47.6801684Z Temporarily overriding HOME='/actions-runner/_work/_temp/d1c6c872-26cf-41de-ad44-031bc8d3268e' before making global git config changes
handle-success	Checkout code	2025-05-23T07:07:47.6803137Z Adding repository directory to the temporary git global config as a safe directory
handle-success	Checkout code	2025-05-23T07:07:47.6805244Z [command]/usr/bin/git config --global --add safe.directory /actions-runner/_work/ka0s/ka0s
handle-success	Checkout code	2025-05-23T07:07:47.6861541Z [command]/usr/bin/git config --local --get remote.origin.url
handle-success	Checkout code	2025-05-23T07:07:47.6884218Z https://github.com/Ka0s-Klaus/ka0s
handle-success	Checkout code	2025-05-23T07:07:47.6905167Z ##[group]Removing previously created refs, to avoid conflicts
handle-success	Checkout code	2025-05-23T07:07:47.6910328Z [command]/usr/bin/git rev-parse --symbolic-full-name --verify --quiet HEAD
handle-success	Checkout code	2025-05-23T07:07:47.6933492Z refs/heads/main
handle-success	Checkout code	2025-05-23T07:07:47.6943886Z [command]/usr/bin/git checkout --detach
handle-success	Checkout code	2025-05-23T07:07:47.7100100Z HEAD is now at c632bd2a seccion inicio
handle-success	Checkout code	2025-05-23T07:07:47.7147954Z [command]/usr/bin/git branch --delete --force main
handle-success	Checkout code	2025-05-23T07:07:47.7182155Z Deleted branch main (was c632bd2a).
handle-success	Checkout code	2025-05-23T07:07:47.7258891Z ##[endgroup]
handle-success	Checkout code	2025-05-23T07:07:47.7262343Z [command]/usr/bin/git submodule status
handle-success	Checkout code	2025-05-23T07:07:47.7516510Z ##[group]Cleaning the repository
handle-success	Checkout code	2025-05-23T07:07:47.7522461Z [command]/usr/bin/git clean -ffdx
handle-success	Checkout code	2025-05-23T07:07:47.7589153Z Removing core/results/webs/test/15191859792-test-ftp-deploy-sync-state.json
handle-success	Checkout code	2025-05-23T07:07:47.7600522Z [command]/usr/bin/git reset --hard HEAD
handle-success	Checkout code	2025-05-23T07:07:47.7870675Z HEAD is now at c632bd2a seccion inicio
handle-success	Checkout code	2025-05-23T07:07:47.7873528Z ##[endgroup]
handle-success	Checkout code	2025-05-23T07:07:47.7875535Z ##[group]Disabling automatic garbage collection
handle-success	Checkout code	2025-05-23T07:07:47.7881525Z [command]/usr/bin/git config --local gc.auto 0
handle-success	Checkout code	2025-05-23T07:07:47.7916931Z ##[endgroup]
handle-success	Checkout code	2025-05-23T07:07:47.7917891Z ##[group]Setting up auth
handle-success	Checkout code	2025-05-23T07:07:47.7934539Z [command]/usr/bin/git config --local --name-only --get-regexp core\.sshCommand
handle-success	Checkout code	2025-05-23T07:07:47.7973810Z [command]/usr/bin/git submodule foreach --recursive sh -c "git config --local --name-only --get-regexp 'core\.sshCommand' && git config --local --unset-all 'core.sshCommand' || :"
handle-success	Checkout code	2025-05-23T07:07:47.8232846Z [command]/usr/bin/git config --local --name-only --get-regexp http\.https\:\/\/github\.com\/\.extraheader
handle-success	Checkout code	2025-05-23T07:07:47.8263396Z [command]/usr/bin/git submodule foreach --recursive sh -c "git config --local --name-only --get-regexp 'http\.https\:\/\/github\.com\/\.extraheader' && git config --local --unset-all 'http.https://github.com/.extraheader' || :"
handle-success	Checkout code	2025-05-23T07:07:47.8521161Z [command]/usr/bin/git config --local http.https://github.com/.extraheader AUTHORIZATION: basic ***
handle-success	Checkout code	2025-05-23T07:07:47.8562614Z ##[endgroup]
handle-success	Checkout code	2025-05-23T07:07:47.8563588Z ##[group]Fetching the repository
handle-success	Checkout code	2025-05-23T07:07:47.8570942Z [command]/usr/bin/git -c protocol.version=2 fetch --prune --no-recurse-submodules origin +refs/heads/*:refs/remotes/origin/* +refs/tags/*:refs/tags/*
handle-success	Checkout code	2025-05-23T07:07:49.0121819Z From https://github.com/Ka0s-Klaus/ka0s
handle-success	Checkout code	2025-05-23T07:07:49.0124543Z    ded8b235..a043a1a6  H1183-personalización-módulo-finops -> origin/H1183-personalización-módulo-finops
handle-success	Checkout code	2025-05-23T07:07:49.0127262Z    c632bd2a..e31a7080  main       -> origin/main
handle-success	Checkout code	2025-05-23T07:07:49.0184590Z [command]/usr/bin/git branch --list --remote origin/main
handle-success	Checkout code	2025-05-23T07:07:49.0213459Z   origin/main
handle-success	Checkout code	2025-05-23T07:07:49.0224029Z [command]/usr/bin/git rev-parse refs/remotes/origin/main
handle-success	Checkout code	2025-05-23T07:07:49.0247827Z e31a7080107bc7c7c3a91e716470fef33a8df9e6
handle-success	Checkout code	2025-05-23T07:07:49.0253375Z ##[endgroup]
handle-success	Checkout code	2025-05-23T07:07:49.0255245Z ##[group]Determining the checkout info
handle-success	Checkout code	2025-05-23T07:07:49.0257476Z ##[endgroup]
handle-success	Checkout code	2025-05-23T07:07:49.0260043Z [command]/usr/bin/git sparse-checkout disable
handle-success	Checkout code	2025-05-23T07:07:49.0342082Z [command]/usr/bin/git config --local --unset-all extensions.worktreeConfig
handle-success	Checkout code	2025-05-23T07:07:49.0373170Z ##[group]Checking out the ref
handle-success	Checkout code	2025-05-23T07:07:49.0375810Z [command]/usr/bin/git checkout --progress --force -B main refs/remotes/origin/main
handle-success	Checkout code	2025-05-23T07:07:49.0924953Z Previous HEAD position was c632bd2a seccion inicio
handle-success	Checkout code	2025-05-23T07:07:49.0934589Z Switched to a new branch 'main'
handle-success	Checkout code	2025-05-23T07:07:49.0936302Z branch 'main' set up to track 'origin/main'.
handle-success	Checkout code	2025-05-23T07:07:49.0943989Z ##[endgroup]
handle-success	Checkout code	2025-05-23T07:07:49.0984275Z [command]/usr/bin/git log -1 --format=%H
handle-success	Checkout code	2025-05-23T07:07:49.1011569Z e31a7080107bc7c7c3a91e716470fef33a8df9e6
handle-success	handle-success-execution	﻿2025-05-23T07:07:49.1247247Z ##[group]Run # Si todo ha ido correcto añadimos el contenido del fichero
handle-success	handle-success-execution	2025-05-23T07:07:49.1249267Z [36;1m# Si todo ha ido correcto añadimos el contenido del fichero[0m
handle-success	handle-success-execution	2025-05-23T07:07:49.1252552Z [36;1m# gh issue comment $RNNUMBER --body "El proceso ha finalizado correctamente 15204455780. El resultado está en el fichero core/results/event_data_15204455780.log"[0m
handle-success	handle-success-execution	2025-05-23T07:07:49.1257140Z [36;1mecho "El proceso ha finalizado correctamente 15204455780. El resultado está en el fichero core/results/event_data_15204455780.log"[0m
handle-success	handle-success-execution	2025-05-23T07:07:49.1269095Z shell: /usr/bin/bash -e {0}
handle-success	handle-success-execution	2025-05-23T07:07:49.1270127Z env:
handle-success	handle-success-execution	2025-05-23T07:07:49.1270898Z   KAOS_CODE: 15204455780
handle-success	handle-success-execution	2025-05-23T07:07:49.1271853Z   KAOS_EVENT_NAME: push
handle-success	handle-success-execution	2025-05-23T07:07:49.1272760Z   KAOS_ACTION: 
handle-success	handle-success-execution	2025-05-23T07:07:49.1273898Z   KAOS_REF: refs/heads/main
handle-success	handle-success-execution	2025-05-23T07:07:49.1274965Z   KAOS_MODULE: [Ka0S] Deploy Webs
handle-success	handle-success-execution	2025-05-23T07:07:49.1276260Z   KAOS_PATH_ORIGIN_DASHBOARD: core/results/webs/dashboard/
handle-success	handle-success-execution	2025-05-23T07:07:49.1277755Z   KAOS_PATH_WEB_DASHBOARD: /html/dashboard/
handle-success	handle-success-execution	2025-05-23T07:07:49.1279033Z   KAOS_PATH_ORIGIN_TEST: core/results/webs/test/
handle-success	handle-success-execution	2025-05-23T07:07:49.1280299Z   KAOS_PATH_WEB_TEST: /html/test/
handle-success	handle-success-execution	2025-05-23T07:07:49.1281391Z   KAOS_PATH_RESUME: core/results/dw/
handle-success	handle-success-execution	2025-05-23T07:07:49.1282584Z   KAOS_FILE_STATE: ftp-deploy-sync-state.json
handle-success	handle-success-execution	2025-05-23T07:07:49.1283796Z   KAOS_ACTOR: AlejandroPB5
handle-success	handle-success-execution	2025-05-23T07:07:49.1284907Z   KAOS_CACHE_BUSTER: 15204455780-382
handle-success	handle-success-execution	2025-05-23T07:07:49.1286480Z   GH_TOKEN: ***
handle-success	handle-success-execution	2025-05-23T07:07:49.1287309Z ##[endgroup]
handle-success	handle-success-execution	2025-05-23T07:07:49.1346316Z El proceso ha finalizado correctamente 15204455780. El resultado está en el fichero core/results/event_data_15204455780.log
handle-success	Post Checkout code	﻿2025-05-23T07:07:49.1569241Z Post job cleanup.
handle-success	Post Checkout code	2025-05-23T07:07:49.2567127Z [command]/usr/bin/git version
handle-success	Post Checkout code	2025-05-23T07:07:49.2608025Z git version 2.43.0
handle-success	Post Checkout code	2025-05-23T07:07:49.2649735Z Copying '/home/kaos/.gitconfig' to '/actions-runner/_work/_temp/d3243bf5-93d8-4d1c-92e8-5211a8cb974b/.gitconfig'
handle-success	Post Checkout code	2025-05-23T07:07:49.2663929Z Temporarily overriding HOME='/actions-runner/_work/_temp/d3243bf5-93d8-4d1c-92e8-5211a8cb974b' before making global git config changes
handle-success	Post Checkout code	2025-05-23T07:07:49.2667721Z Adding repository directory to the temporary git global config as a safe directory
handle-success	Post Checkout code	2025-05-23T07:07:49.2670481Z [command]/usr/bin/git config --global --add safe.directory /actions-runner/_work/ka0s/ka0s
handle-success	Post Checkout code	2025-05-23T07:07:49.2712040Z [command]/usr/bin/git config --local --name-only --get-regexp core\.sshCommand
handle-success	Post Checkout code	2025-05-23T07:07:49.2758830Z [command]/usr/bin/git submodule foreach --recursive sh -c "git config --local --name-only --get-regexp 'core\.sshCommand' && git config --local --unset-all 'core.sshCommand' || :"
handle-success	Post Checkout code	2025-05-23T07:07:49.3020188Z [command]/usr/bin/git config --local --name-only --get-regexp http\.https\:\/\/github\.com\/\.extraheader
handle-success	Post Checkout code	2025-05-23T07:07:49.3043241Z http.https://github.com/.extraheader
handle-success	Post Checkout code	2025-05-23T07:07:49.3056159Z [command]/usr/bin/git config --local --unset-all http.https://github.com/.extraheader
handle-success	Post Checkout code	2025-05-23T07:07:49.3093350Z [command]/usr/bin/git submodule foreach --recursive sh -c "git config --local --name-only --get-regexp 'http\.https\:\/\/github\.com\/\.extraheader' && git config --local --unset-all 'http.https://github.com/.extraheader' || :"
handle-success	Complete job	﻿2025-05-23T07:07:49.3474922Z Cleaning up orphan processes
end-workflow	Set up job	﻿2025-05-23T07:07:54.8683026Z Current runner version: '2.324.0'
end-workflow	Set up job	2025-05-23T07:07:54.8690093Z Runner name: 'ka0s-ka0s-1'
end-workflow	Set up job	2025-05-23T07:07:54.8691081Z Machine name: '81c4cec2d52e'
end-workflow	Set up job	2025-05-23T07:07:54.8693723Z ##[group]GITHUB_TOKEN Permissions
end-workflow	Set up job	2025-05-23T07:07:54.8696367Z Contents: read
end-workflow	Set up job	2025-05-23T07:07:54.8697179Z Metadata: read
end-workflow	Set up job	2025-05-23T07:07:54.8697730Z Packages: read
end-workflow	Set up job	2025-05-23T07:07:54.8698209Z ##[endgroup]
end-workflow	Set up job	2025-05-23T07:07:54.8700296Z Secret source: Actions
end-workflow	Set up job	2025-05-23T07:07:54.8701024Z Prepare workflow directory
end-workflow	Set up job	2025-05-23T07:07:54.9347657Z Prepare all required actions
end-workflow	Set up job	2025-05-23T07:07:54.9389393Z Getting action download info
end-workflow	Set up job	2025-05-23T07:07:55.5011212Z Download action repository 'actions/checkout@v4' (SHA:11bd71901bbe5b1630ceea73d27597364c9af683)
end-workflow	Set up job	2025-05-23T07:07:56.3308278Z Complete job name: end-workflow
end-workflow	Checkout code	﻿2025-05-23T07:07:56.3778198Z ##[group]Run actions/checkout@v4
end-workflow	Checkout code	2025-05-23T07:07:56.3779021Z with:
end-workflow	Checkout code	2025-05-23T07:07:56.3779385Z   fetch-depth: 0
end-workflow	Checkout code	2025-05-23T07:07:56.3779980Z   token: ***
end-workflow	Checkout code	2025-05-23T07:07:56.3780365Z   repository: Ka0s-Klaus/ka0s
end-workflow	Checkout code	2025-05-23T07:07:56.3780847Z   ssh-strict: true
end-workflow	Checkout code	2025-05-23T07:07:56.3781224Z   ssh-user: git
end-workflow	Checkout code	2025-05-23T07:07:56.3781611Z   persist-credentials: true
end-workflow	Checkout code	2025-05-23T07:07:56.3782036Z   clean: true
end-workflow	Checkout code	2025-05-23T07:07:56.3782424Z   sparse-checkout-cone-mode: true
end-workflow	Checkout code	2025-05-23T07:07:56.3782892Z   fetch-tags: false
end-workflow	Checkout code	2025-05-23T07:07:56.3783277Z   show-progress: true
end-workflow	Checkout code	2025-05-23T07:07:56.3783666Z   lfs: false
end-workflow	Checkout code	2025-05-23T07:07:56.3784019Z   submodules: false
end-workflow	Checkout code	2025-05-23T07:07:56.3784406Z   set-safe-directory: true
end-workflow	Checkout code	2025-05-23T07:07:56.3785226Z env:
end-workflow	Checkout code	2025-05-23T07:07:56.3785596Z   KAOS_CODE: 15204455780
end-workflow	Checkout code	2025-05-23T07:07:56.3786005Z   KAOS_EVENT_NAME: push
end-workflow	Checkout code	2025-05-23T07:07:56.3786402Z   KAOS_ACTION: 
end-workflow	Checkout code	2025-05-23T07:07:56.3786776Z   KAOS_REF: refs/heads/main
end-workflow	Checkout code	2025-05-23T07:07:56.3787211Z   KAOS_MODULE: [Ka0S] Deploy Webs
end-workflow	Checkout code	2025-05-23T07:07:56.3787790Z   KAOS_PATH_ORIGIN_DASHBOARD: core/results/webs/dashboard/
end-workflow	Checkout code	2025-05-23T07:07:56.3788404Z   KAOS_PATH_WEB_DASHBOARD: /html/dashboard/
end-workflow	Checkout code	2025-05-23T07:07:56.3788954Z   KAOS_PATH_ORIGIN_TEST: core/results/webs/test/
end-workflow	Checkout code	2025-05-23T07:07:56.3789495Z   KAOS_PATH_WEB_TEST: /html/test/
end-workflow	Checkout code	2025-05-23T07:07:56.3789965Z   KAOS_PATH_RESUME: core/results/dw/
end-workflow	Checkout code	2025-05-23T07:07:56.3790483Z   KAOS_FILE_STATE: ftp-deploy-sync-state.json
end-workflow	Checkout code	2025-05-23T07:07:56.3791008Z   KAOS_ACTOR: AlejandroPB5
end-workflow	Checkout code	2025-05-23T07:07:56.3791438Z   KAOS_CACHE_BUSTER: 15204455780-382
end-workflow	Checkout code	2025-05-23T07:07:56.3792037Z   GH_TOKEN: ***
end-workflow	Checkout code	2025-05-23T07:07:56.3792406Z ##[endgroup]
end-workflow	Checkout code	2025-05-23T07:07:56.5040343Z Syncing repository: Ka0s-Klaus/ka0s
end-workflow	Checkout code	2025-05-23T07:07:56.5042557Z ##[group]Getting Git version info
end-workflow	Checkout code	2025-05-23T07:07:56.5043416Z Working directory is '/actions-runner/_work/ka0s/ka0s'
end-workflow	Checkout code	2025-05-23T07:07:56.5044471Z [command]/usr/bin/git version
end-workflow	Checkout code	2025-05-23T07:07:56.5045137Z git version 2.43.0
end-workflow	Checkout code	2025-05-23T07:07:56.5063815Z ##[endgroup]
end-workflow	Checkout code	2025-05-23T07:07:56.5074965Z Copying '/home/kaos/.gitconfig' to '/actions-runner/_work/_temp/98dcc3bd-e351-4f7b-9593-de79e395bf6e/.gitconfig'
end-workflow	Checkout code	2025-05-23T07:07:56.5095983Z Temporarily overriding HOME='/actions-runner/_work/_temp/98dcc3bd-e351-4f7b-9593-de79e395bf6e' before making global git config changes
end-workflow	Checkout code	2025-05-23T07:07:56.5097607Z Adding repository directory to the temporary git global config as a safe directory
end-workflow	Checkout code	2025-05-23T07:07:56.5098722Z [command]/usr/bin/git config --global --add safe.directory /actions-runner/_work/ka0s/ka0s
end-workflow	Checkout code	2025-05-23T07:07:56.5143583Z [command]/usr/bin/git config --local --get remote.origin.url
end-workflow	Checkout code	2025-05-23T07:07:56.5169704Z https://github.com/Ka0s-Klaus/ka0s
end-workflow	Checkout code	2025-05-23T07:07:56.5190517Z ##[group]Removing previously created refs, to avoid conflicts
end-workflow	Checkout code	2025-05-23T07:07:56.5195788Z [command]/usr/bin/git rev-parse --symbolic-full-name --verify --quiet HEAD
end-workflow	Checkout code	2025-05-23T07:07:56.5229585Z refs/heads/H1183-personalización-módulo-finops
end-workflow	Checkout code	2025-05-23T07:07:56.5235158Z [command]/usr/bin/git checkout --detach
end-workflow	Checkout code	2025-05-23T07:07:56.5384318Z HEAD is now at fc557160 Merge branch 'H1183-personalización-módulo-finops' of https://github.com/Ka0s-Klaus/ka0s into H1183-personalización-módulo-finops
end-workflow	Checkout code	2025-05-23T07:07:56.5430209Z [command]/usr/bin/git branch --delete --force H1183-personalización-módulo-finops
end-workflow	Checkout code	2025-05-23T07:07:56.5464235Z Deleted branch H1183-personalización-módulo-finops (was fc557160).
end-workflow	Checkout code	2025-05-23T07:07:56.5536561Z ##[endgroup]
end-workflow	Checkout code	2025-05-23T07:07:56.5538158Z [command]/usr/bin/git submodule status
end-workflow	Checkout code	2025-05-23T07:07:56.5792870Z ##[group]Cleaning the repository
end-workflow	Checkout code	2025-05-23T07:07:56.5798292Z [command]/usr/bin/git clean -ffdx
end-workflow	Checkout code	2025-05-23T07:07:56.5874210Z [command]/usr/bin/git reset --hard HEAD
end-workflow	Checkout code	2025-05-23T07:07:56.6149581Z HEAD is now at fc557160 Merge branch 'H1183-personalización-módulo-finops' of https://github.com/Ka0s-Klaus/ka0s into H1183-personalización-módulo-finops
end-workflow	Checkout code	2025-05-23T07:07:56.6155101Z ##[endgroup]
end-workflow	Checkout code	2025-05-23T07:07:56.6156719Z ##[group]Disabling automatic garbage collection
end-workflow	Checkout code	2025-05-23T07:07:56.6162839Z [command]/usr/bin/git config --local gc.auto 0
end-workflow	Checkout code	2025-05-23T07:07:56.6193778Z ##[endgroup]
end-workflow	Checkout code	2025-05-23T07:07:56.6194535Z ##[group]Setting up auth
end-workflow	Checkout code	2025-05-23T07:07:56.6210907Z [command]/usr/bin/git config --local --name-only --get-regexp core\.sshCommand
end-workflow	Checkout code	2025-05-23T07:07:56.6245485Z [command]/usr/bin/git submodule foreach --recursive sh -c "git config --local --name-only --get-regexp 'core\.sshCommand' && git config --local --unset-all 'core.sshCommand' || :"
end-workflow	Checkout code	2025-05-23T07:07:56.6506756Z [command]/usr/bin/git config --local --name-only --get-regexp http\.https\:\/\/github\.com\/\.extraheader
end-workflow	Checkout code	2025-05-23T07:07:56.6540151Z [command]/usr/bin/git submodule foreach --recursive sh -c "git config --local --name-only --get-regexp 'http\.https\:\/\/github\.com\/\.extraheader' && git config --local --unset-all 'http.https://github.com/.extraheader' || :"
end-workflow	Checkout code	2025-05-23T07:07:56.6801962Z [command]/usr/bin/git config --local http.https://github.com/.extraheader AUTHORIZATION: basic ***
end-workflow	Checkout code	2025-05-23T07:07:56.6844464Z ##[endgroup]
end-workflow	Checkout code	2025-05-23T07:07:56.6845839Z ##[group]Fetching the repository
end-workflow	Checkout code	2025-05-23T07:07:56.6853165Z [command]/usr/bin/git -c protocol.version=2 fetch --prune --no-recurse-submodules origin +refs/heads/*:refs/remotes/origin/* +refs/tags/*:refs/tags/*
end-workflow	Checkout code	2025-05-23T07:07:57.5838594Z From https://github.com/Ka0s-Klaus/ka0s
end-workflow	Checkout code	2025-05-23T07:07:57.5840576Z    fc557160..a043a1a6  H1183-personalización-módulo-finops -> origin/H1183-personalización-módulo-finops
end-workflow	Checkout code	2025-05-23T07:07:57.5841887Z    49e068b8..e31a7080  main       -> origin/main
end-workflow	Checkout code	2025-05-23T07:07:57.5899391Z [command]/usr/bin/git branch --list --remote origin/main
end-workflow	Checkout code	2025-05-23T07:07:57.5928943Z   origin/main
end-workflow	Checkout code	2025-05-23T07:07:57.5940220Z [command]/usr/bin/git rev-parse refs/remotes/origin/main
end-workflow	Checkout code	2025-05-23T07:07:57.5963916Z e31a7080107bc7c7c3a91e716470fef33a8df9e6
end-workflow	Checkout code	2025-05-23T07:07:57.5969268Z ##[endgroup]
end-workflow	Checkout code	2025-05-23T07:07:57.5970288Z ##[group]Determining the checkout info
end-workflow	Checkout code	2025-05-23T07:07:57.5971501Z ##[endgroup]
end-workflow	Checkout code	2025-05-23T07:07:57.5975476Z [command]/usr/bin/git sparse-checkout disable
end-workflow	Checkout code	2025-05-23T07:07:57.6054174Z [command]/usr/bin/git config --local --unset-all extensions.worktreeConfig
end-workflow	Checkout code	2025-05-23T07:07:57.6084233Z ##[group]Checking out the ref
end-workflow	Checkout code	2025-05-23T07:07:57.6089308Z [command]/usr/bin/git checkout --progress --force -B main refs/remotes/origin/main
end-workflow	Checkout code	2025-05-23T07:07:57.7422538Z Previous HEAD position was fc557160 Merge branch 'H1183-personalización-módulo-finops' of https://github.com/Ka0s-Klaus/ka0s into H1183-personalización-módulo-finops
end-workflow	Checkout code	2025-05-23T07:07:57.7430549Z Switched to a new branch 'main'
end-workflow	Checkout code	2025-05-23T07:07:57.7431759Z branch 'main' set up to track 'origin/main'.
end-workflow	Checkout code	2025-05-23T07:07:57.7440891Z ##[endgroup]
end-workflow	Checkout code	2025-05-23T07:07:57.7481448Z [command]/usr/bin/git log -1 --format=%H
end-workflow	Checkout code	2025-05-23T07:07:57.7509410Z e31a7080107bc7c7c3a91e716470fef33a8df9e6
end-workflow	Finaliza el workflow	﻿2025-05-23T07:07:57.7739568Z ##[group]Run echo "End process"
end-workflow	Finaliza el workflow	2025-05-23T07:07:57.7740968Z [36;1mecho "End process"[0m
end-workflow	Finaliza el workflow	2025-05-23T07:07:57.7742237Z [36;1mecho "Se finaliza Ka0s 15204455780"[0m
end-workflow	Finaliza el workflow	2025-05-23T07:07:57.7744929Z [36;1mgh workflow run inspector.yml --ref 'main' -f kaos-issue-id=$RNNUMBER -f kaos-workflow-id="15204455780" -f kaos-user-start=""[0m
end-workflow	Finaliza el workflow	2025-05-23T07:07:57.7757206Z shell: /usr/bin/bash -e {0}
end-workflow	Finaliza el workflow	2025-05-23T07:07:57.7758651Z env:
end-workflow	Finaliza el workflow	2025-05-23T07:07:57.7759599Z   KAOS_CODE: 15204455780
end-workflow	Finaliza el workflow	2025-05-23T07:07:57.7760725Z   KAOS_EVENT_NAME: push
end-workflow	Finaliza el workflow	2025-05-23T07:07:57.7761809Z   KAOS_ACTION: 
end-workflow	Finaliza el workflow	2025-05-23T07:07:57.7762811Z   KAOS_REF: refs/heads/main
end-workflow	Finaliza el workflow	2025-05-23T07:07:57.7763952Z   KAOS_MODULE: [Ka0S] Deploy Webs
end-workflow	Finaliza el workflow	2025-05-23T07:07:57.7765395Z   KAOS_PATH_ORIGIN_DASHBOARD: core/results/webs/dashboard/
end-workflow	Finaliza el workflow	2025-05-23T07:07:57.7766936Z   KAOS_PATH_WEB_DASHBOARD: /html/dashboard/
end-workflow	Finaliza el workflow	2025-05-23T07:07:57.7768316Z   KAOS_PATH_ORIGIN_TEST: core/results/webs/test/
end-workflow	Finaliza el workflow	2025-05-23T07:07:57.7769667Z   KAOS_PATH_WEB_TEST: /html/test/
end-workflow	Finaliza el workflow	2025-05-23T07:07:57.7770887Z   KAOS_PATH_RESUME: core/results/dw/
end-workflow	Finaliza el workflow	2025-05-23T07:07:57.7772142Z   KAOS_FILE_STATE: ftp-deploy-sync-state.json
end-workflow	Finaliza el workflow	2025-05-23T07:07:57.7773425Z   KAOS_ACTOR: AlejandroPB5
end-workflow	Finaliza el workflow	2025-05-23T07:07:57.7774451Z   KAOS_CACHE_BUSTER: 15204455780-382
end-workflow	Finaliza el workflow	2025-05-23T07:07:57.7776065Z   GH_TOKEN: ***
end-workflow	Finaliza el workflow	2025-05-23T07:07:57.7776947Z ##[endgroup]
end-workflow	Finaliza el workflow	2025-05-23T07:07:57.7834547Z End process
end-workflow	Finaliza el workflow	2025-05-23T07:07:57.7835934Z Se finaliza Ka0s 15204455780
end-workflow	Post Checkout code	﻿2025-05-23T07:07:58.4010043Z Post job cleanup.
end-workflow	Post Checkout code	2025-05-23T07:07:58.4981232Z [command]/usr/bin/git version
end-workflow	Post Checkout code	2025-05-23T07:07:58.5019405Z git version 2.43.0
end-workflow	Post Checkout code	2025-05-23T07:07:58.5060189Z Copying '/home/kaos/.gitconfig' to '/actions-runner/_work/_temp/3600d5d8-be40-4143-a5e3-242d48dcc28a/.gitconfig'
end-workflow	Post Checkout code	2025-05-23T07:07:58.5072461Z Temporarily overriding HOME='/actions-runner/_work/_temp/3600d5d8-be40-4143-a5e3-242d48dcc28a' before making global git config changes
end-workflow	Post Checkout code	2025-05-23T07:07:58.5073496Z Adding repository directory to the temporary git global config as a safe directory
end-workflow	Post Checkout code	2025-05-23T07:07:58.5078826Z [command]/usr/bin/git config --global --add safe.directory /actions-runner/_work/ka0s/ka0s
end-workflow	Post Checkout code	2025-05-23T07:07:58.5119847Z [command]/usr/bin/git config --local --name-only --get-regexp core\.sshCommand
end-workflow	Post Checkout code	2025-05-23T07:07:58.5157281Z [command]/usr/bin/git submodule foreach --recursive sh -c "git config --local --name-only --get-regexp 'core\.sshCommand' && git config --local --unset-all 'core.sshCommand' || :"
end-workflow	Post Checkout code	2025-05-23T07:07:58.5419903Z [command]/usr/bin/git config --local --name-only --get-regexp http\.https\:\/\/github\.com\/\.extraheader
end-workflow	Post Checkout code	2025-05-23T07:07:58.5443961Z http.https://github.com/.extraheader
end-workflow	Post Checkout code	2025-05-23T07:07:58.5455335Z [command]/usr/bin/git config --local --unset-all http.https://github.com/.extraheader
end-workflow	Post Checkout code	2025-05-23T07:07:58.5493414Z [command]/usr/bin/git submodule foreach --recursive sh -c "git config --local --name-only --get-regexp 'http\.https\:\/\/github\.com\/\.extraheader' && git config --local --unset-all 'http.https://github.com/.extraheader' || :"
end-workflow	Complete job	﻿2025-05-23T07:07:58.5928176Z Cleaning up orphan processes
