job-core	Set up job	﻿2025-06-25T12:06:53.9467699Z Current runner version: '2.325.0'
job-core	Set up job	2025-06-25T12:06:53.9477831Z Runner name: 'ka0s-ka0s-4'
job-core	Set up job	2025-06-25T12:06:53.9479533Z Machine name: '329efbf9b9e5'
job-core	Set up job	2025-06-25T12:06:53.9483077Z ##[group]GITHUB_TOKEN Permissions
job-core	Set up job	2025-06-25T12:06:53.9487408Z Actions: write
job-core	Set up job	2025-06-25T12:06:53.9488258Z Contents: write
job-core	Set up job	2025-06-25T12:06:53.9489004Z Issues: write
job-core	Set up job	2025-06-25T12:06:53.9489600Z Metadata: read
job-core	Set up job	2025-06-25T12:06:53.9490116Z PullRequests: write
job-core	Set up job	2025-06-25T12:06:53.9490790Z ##[endgroup]
job-core	Set up job	2025-06-25T12:06:53.9494583Z Secret source: Actions
job-core	Set up job	2025-06-25T12:06:53.9495713Z Prepare workflow directory
job-core	Set up job	2025-06-25T12:06:54.0343443Z Prepare all required actions
job-core	Set up job	2025-06-25T12:06:54.0406934Z Getting action download info
job-core	Set up job	2025-06-25T12:06:54.6338207Z Download action repository 'actions/checkout@v4' (SHA:11bd71901bbe5b1630ceea73d27597364c9af683)
job-core	Set up job	2025-06-25T12:06:55.4646896Z Download action repository 'actions/setup-node@v4' (SHA:49933ea5288caeca8642d1e84afbd3f7d6820020)
job-core	Set up job	2025-06-25T12:06:56.8176728Z Complete job name: job-core
job-core	Run actions/checkout@v4	﻿2025-06-25T12:06:56.8884069Z ##[group]Run actions/checkout@v4
job-core	Run actions/checkout@v4	2025-06-25T12:06:56.8885618Z with:
job-core	Run actions/checkout@v4	2025-06-25T12:06:56.8886424Z   fetch-depth: 0
job-core	Run actions/checkout@v4	2025-06-25T12:06:56.8887226Z   token: ***
job-core	Run actions/checkout@v4	2025-06-25T12:06:56.8887644Z   repository: Ka0s-Klaus/ka0s
job-core	Run actions/checkout@v4	2025-06-25T12:06:56.8888114Z   ssh-strict: true
job-core	Run actions/checkout@v4	2025-06-25T12:06:56.8888627Z   ssh-user: git
job-core	Run actions/checkout@v4	2025-06-25T12:06:56.8980138Z   persist-credentials: true
job-core	Run actions/checkout@v4	2025-06-25T12:06:56.8984402Z   clean: true
job-core	Run actions/checkout@v4	2025-06-25T12:06:56.8984940Z   sparse-checkout-cone-mode: true
job-core	Run actions/checkout@v4	2025-06-25T12:06:56.8985513Z   fetch-tags: false
job-core	Run actions/checkout@v4	2025-06-25T12:06:56.8985927Z   show-progress: true
job-core	Run actions/checkout@v4	2025-06-25T12:06:56.8987888Z   lfs: false
job-core	Run actions/checkout@v4	2025-06-25T12:06:56.8988734Z   submodules: false
job-core	Run actions/checkout@v4	2025-06-25T12:06:56.8989214Z   set-safe-directory: true
job-core	Run actions/checkout@v4	2025-06-25T12:06:56.8990407Z env:
job-core	Run actions/checkout@v4	2025-06-25T12:06:56.8992981Z   KAOS_MODULE: [Ka0S] MDLINT
job-core	Run actions/checkout@v4	2025-06-25T12:06:56.8993874Z   GH_TOKEN: ***
job-core	Run actions/checkout@v4	2025-06-25T12:06:56.8994305Z   FILE_ERROR: 
job-core	Run actions/checkout@v4	2025-06-25T12:06:56.8994782Z   KAOS_MD_CONFIG: core/config/.markdownlint.json
job-core	Run actions/checkout@v4	2025-06-25T12:06:56.8995410Z   KAOS_PATH_RESUME: core/outputs/m/
job-core	Run actions/checkout@v4	2025-06-25T12:06:56.8996083Z   KAOS_REPO: /actions-runner/_work/kaos/kaos
job-core	Run actions/checkout@v4	2025-06-25T12:06:56.8996650Z   KAOS_STEP_MODULE: 
job-core	Run actions/checkout@v4	2025-06-25T12:06:56.8997093Z   KAOS_CODE: 15875865954
job-core	Run actions/checkout@v4	2025-06-25T12:06:56.8997569Z ##[endgroup]
job-core	Run actions/checkout@v4	2025-06-25T12:06:57.0617893Z Syncing repository: Ka0s-Klaus/ka0s
job-core	Run actions/checkout@v4	2025-06-25T12:06:57.0652944Z ##[group]Getting Git version info
job-core	Run actions/checkout@v4	2025-06-25T12:06:57.0654000Z Working directory is '/actions-runner/_work/ka0s/ka0s'
job-core	Run actions/checkout@v4	2025-06-25T12:06:57.0655123Z [command]/usr/bin/git version
job-core	Run actions/checkout@v4	2025-06-25T12:06:57.0655646Z git version 2.43.0
job-core	Run actions/checkout@v4	2025-06-25T12:06:57.0657528Z ##[endgroup]
job-core	Run actions/checkout@v4	2025-06-25T12:06:57.0670910Z Copying '/home/kaos/.gitconfig' to '/actions-runner/_work/_temp/2210e8bd-3504-43aa-81d6-33194e30b7cf/.gitconfig'
job-core	Run actions/checkout@v4	2025-06-25T12:06:57.0700857Z Temporarily overriding HOME='/actions-runner/_work/_temp/2210e8bd-3504-43aa-81d6-33194e30b7cf' before making global git config changes
job-core	Run actions/checkout@v4	2025-06-25T12:06:57.0703962Z Adding repository directory to the temporary git global config as a safe directory
job-core	Run actions/checkout@v4	2025-06-25T12:06:57.0706677Z [command]/usr/bin/git config --global --add safe.directory /actions-runner/_work/ka0s/ka0s
job-core	Run actions/checkout@v4	2025-06-25T12:06:57.0825306Z [command]/usr/bin/git config --local --get remote.origin.url
job-core	Run actions/checkout@v4	2025-06-25T12:06:57.0883591Z https://github.com/Ka0s-Klaus/ka0s
job-core	Run actions/checkout@v4	2025-06-25T12:06:57.0931011Z ##[group]Removing previously created refs, to avoid conflicts
job-core	Run actions/checkout@v4	2025-06-25T12:06:57.0943147Z [command]/usr/bin/git rev-parse --symbolic-full-name --verify --quiet HEAD
job-core	Run actions/checkout@v4	2025-06-25T12:06:57.0993097Z refs/heads/H1224-new-module-mongodb
job-core	Run actions/checkout@v4	2025-06-25T12:06:57.1005490Z [command]/usr/bin/git checkout --detach
job-core	Run actions/checkout@v4	2025-06-25T12:06:57.1432599Z HEAD is now at a2c5f15c [Ka0S] Uploading resume execution files to the repository...
job-core	Run actions/checkout@v4	2025-06-25T12:06:57.1667312Z [command]/usr/bin/git branch --delete --force H1224-new-module-mongodb
job-core	Run actions/checkout@v4	2025-06-25T12:06:57.1754089Z Deleted branch H1224-new-module-mongodb (was a2c5f15c).
job-core	Run actions/checkout@v4	2025-06-25T12:06:57.1950166Z ##[endgroup]
job-core	Run actions/checkout@v4	2025-06-25T12:06:57.1952813Z [command]/usr/bin/git submodule status
job-core	Run actions/checkout@v4	2025-06-25T12:06:57.2458040Z ##[group]Cleaning the repository
job-core	Run actions/checkout@v4	2025-06-25T12:06:57.2468654Z [command]/usr/bin/git clean -ffdx
job-core	Run actions/checkout@v4	2025-06-25T12:06:57.2652276Z Removing core/results/k/event_data_*.json15875854919.json.bak
job-core	Run actions/checkout@v4	2025-06-25T12:06:57.2657082Z Removing files-in-commit.txt
job-core	Run actions/checkout@v4	2025-06-25T12:06:57.2672260Z [command]/usr/bin/git reset --hard HEAD
job-core	Run actions/checkout@v4	2025-06-25T12:06:57.3189476Z HEAD is now at a2c5f15c [Ka0S] Uploading resume execution files to the repository...
job-core	Run actions/checkout@v4	2025-06-25T12:06:57.3208151Z ##[endgroup]
job-core	Run actions/checkout@v4	2025-06-25T12:06:57.3217326Z ##[group]Disabling automatic garbage collection
job-core	Run actions/checkout@v4	2025-06-25T12:06:57.3226962Z [command]/usr/bin/git config --local gc.auto 0
job-core	Run actions/checkout@v4	2025-06-25T12:06:57.3274576Z ##[endgroup]
job-core	Run actions/checkout@v4	2025-06-25T12:06:57.3279797Z ##[group]Setting up auth
job-core	Run actions/checkout@v4	2025-06-25T12:06:57.3300265Z [command]/usr/bin/git config --local --name-only --get-regexp core\.sshCommand
job-core	Run actions/checkout@v4	2025-06-25T12:06:57.3416374Z [command]/usr/bin/git submodule foreach --recursive sh -c "git config --local --name-only --get-regexp 'core\.sshCommand' && git config --local --unset-all 'core.sshCommand' || :"
job-core	Run actions/checkout@v4	2025-06-25T12:06:57.4054037Z [command]/usr/bin/git config --local --name-only --get-regexp http\.https\:\/\/github\.com\/\.extraheader
job-core	Run actions/checkout@v4	2025-06-25T12:06:57.4119559Z [command]/usr/bin/git submodule foreach --recursive sh -c "git config --local --name-only --get-regexp 'http\.https\:\/\/github\.com\/\.extraheader' && git config --local --unset-all 'http.https://github.com/.extraheader' || :"
job-core	Run actions/checkout@v4	2025-06-25T12:06:57.4507894Z [command]/usr/bin/git config --local http.https://github.com/.extraheader AUTHORIZATION: basic ***
job-core	Run actions/checkout@v4	2025-06-25T12:06:57.4616294Z ##[endgroup]
job-core	Run actions/checkout@v4	2025-06-25T12:06:57.4617682Z ##[group]Fetching the repository
job-core	Run actions/checkout@v4	2025-06-25T12:06:57.4622636Z [command]/usr/bin/git -c protocol.version=2 fetch --prune --no-recurse-submodules origin +refs/heads/*:refs/remotes/origin/* +refs/tags/*:refs/tags/*
job-core	Run actions/checkout@v4	2025-06-25T12:06:58.0370523Z [command]/usr/bin/git branch --list --remote origin/H1224-new-module-mongodb
job-core	Run actions/checkout@v4	2025-06-25T12:06:58.0399975Z   origin/H1224-new-module-mongodb
job-core	Run actions/checkout@v4	2025-06-25T12:06:58.0413680Z [command]/usr/bin/git rev-parse refs/remotes/origin/H1224-new-module-mongodb
job-core	Run actions/checkout@v4	2025-06-25T12:06:58.0447694Z a2c5f15c8c23e197c4ecc938a7e604370fa045e0
job-core	Run actions/checkout@v4	2025-06-25T12:06:58.0461553Z ##[endgroup]
job-core	Run actions/checkout@v4	2025-06-25T12:06:58.0464727Z ##[group]Determining the checkout info
job-core	Run actions/checkout@v4	2025-06-25T12:06:58.0469617Z ##[endgroup]
job-core	Run actions/checkout@v4	2025-06-25T12:06:58.0479094Z [command]/usr/bin/git sparse-checkout disable
job-core	Run actions/checkout@v4	2025-06-25T12:06:58.0587721Z [command]/usr/bin/git config --local --unset-all extensions.worktreeConfig
job-core	Run actions/checkout@v4	2025-06-25T12:06:58.0629142Z ##[group]Checking out the ref
job-core	Run actions/checkout@v4	2025-06-25T12:06:58.0637591Z [command]/usr/bin/git checkout --progress --force -B H1224-new-module-mongodb refs/remotes/origin/H1224-new-module-mongodb
job-core	Run actions/checkout@v4	2025-06-25T12:06:58.0950402Z Switched to a new branch 'H1224-new-module-mongodb'
job-core	Run actions/checkout@v4	2025-06-25T12:06:58.0955607Z branch 'H1224-new-module-mongodb' set up to track 'origin/H1224-new-module-mongodb'.
job-core	Run actions/checkout@v4	2025-06-25T12:06:58.0964193Z ##[endgroup]
job-core	Run actions/checkout@v4	2025-06-25T12:06:58.1023189Z [command]/usr/bin/git log -1 --format=%H
job-core	Run actions/checkout@v4	2025-06-25T12:06:58.1069809Z a2c5f15c8c23e197c4ecc938a7e604370fa045e0
job-core	Run actions/setup-node@v4	﻿2025-06-25T12:06:58.1399423Z ##[group]Run actions/setup-node@v4
job-core	Run actions/setup-node@v4	2025-06-25T12:06:58.1400595Z with:
job-core	Run actions/setup-node@v4	2025-06-25T12:06:58.1401335Z   node-version: 20
job-core	Run actions/setup-node@v4	2025-06-25T12:06:58.1402146Z   always-auth: false
job-core	Run actions/setup-node@v4	2025-06-25T12:06:58.1402992Z   check-latest: false
job-core	Run actions/setup-node@v4	2025-06-25T12:06:58.1404224Z   token: ***
job-core	Run actions/setup-node@v4	2025-06-25T12:06:58.1404937Z env:
job-core	Run actions/setup-node@v4	2025-06-25T12:06:58.1405620Z   KAOS_MODULE: [Ka0S] MDLINT
job-core	Run actions/setup-node@v4	2025-06-25T12:06:58.1406800Z   GH_TOKEN: ***
job-core	Run actions/setup-node@v4	2025-06-25T12:06:58.1407560Z   FILE_ERROR: 
job-core	Run actions/setup-node@v4	2025-06-25T12:06:58.1429805Z   KAOS_MD_CONFIG: core/config/.markdownlint.json
job-core	Run actions/setup-node@v4	2025-06-25T12:06:58.1431223Z   KAOS_PATH_RESUME: core/outputs/m/
job-core	Run actions/setup-node@v4	2025-06-25T12:06:58.1432381Z   KAOS_REPO: /actions-runner/_work/kaos/kaos
job-core	Run actions/setup-node@v4	2025-06-25T12:06:58.1433512Z   KAOS_STEP_MODULE: 
job-core	Run actions/setup-node@v4	2025-06-25T12:06:58.1434383Z   KAOS_CODE: 15875865954
job-core	Run actions/setup-node@v4	2025-06-25T12:06:58.1435243Z ##[endgroup]
job-core	Run actions/setup-node@v4	2025-06-25T12:06:58.4500566Z Attempting to download 20...
job-core	Run actions/setup-node@v4	2025-06-25T12:06:59.2989440Z Acquiring 20.19.3 - x64 from https://github.com/actions/node-versions/releases/download/20.19.3-15828158811/node-20.19.3-linux-x64.tar.gz
job-core	Run actions/setup-node@v4	2025-06-25T12:07:01.2674005Z Extracting ...
job-core	Run actions/setup-node@v4	2025-06-25T12:07:01.2822178Z [command]/usr/bin/tar xz --strip 1 --warning=no-unknown-keyword --overwrite -C /actions-runner/_work/_temp/65299c4a-551c-4a84-acd2-dc3e94850308 -f /actions-runner/_work/_temp/f26131b8-d1c8-40c5-adb4-d5939e314494
job-core	Run actions/setup-node@v4	2025-06-25T12:07:02.6607076Z Adding to the cache ...
job-core	Run actions/setup-node@v4	2025-06-25T12:07:05.1548294Z ##[group]Environment details
job-core	Run actions/setup-node@v4	2025-06-25T12:07:05.2929610Z node: v20.19.3
job-core	Run actions/setup-node@v4	2025-06-25T12:07:05.2930178Z npm: 10.8.2
job-core	Run actions/setup-node@v4	2025-06-25T12:07:05.2930372Z yarn: 
job-core	Run actions/setup-node@v4	2025-06-25T12:07:05.2930864Z ##[endgroup]
job-core	Run npm install -g markdownlint-cli2	﻿2025-06-25T12:07:05.3198081Z ##[group]Run npm install -g markdownlint-cli2
job-core	Run npm install -g markdownlint-cli2	2025-06-25T12:07:05.3199078Z [36;1mnpm install -g markdownlint-cli2[0m
job-core	Run npm install -g markdownlint-cli2	2025-06-25T12:07:05.3221895Z shell: /usr/bin/bash -e {0}
job-core	Run npm install -g markdownlint-cli2	2025-06-25T12:07:05.3222316Z env:
job-core	Run npm install -g markdownlint-cli2	2025-06-25T12:07:05.3222574Z   KAOS_MODULE: [Ka0S] MDLINT
job-core	Run npm install -g markdownlint-cli2	2025-06-25T12:07:05.3223327Z   GH_TOKEN: ***
job-core	Run npm install -g markdownlint-cli2	2025-06-25T12:07:05.3237600Z   FILE_ERROR: 
job-core	Run npm install -g markdownlint-cli2	2025-06-25T12:07:05.3238317Z   KAOS_MD_CONFIG: core/config/.markdownlint.json
job-core	Run npm install -g markdownlint-cli2	2025-06-25T12:07:05.3238999Z   KAOS_PATH_RESUME: core/outputs/m/
job-core	Run npm install -g markdownlint-cli2	2025-06-25T12:07:05.3239331Z   KAOS_REPO: /actions-runner/_work/kaos/kaos
job-core	Run npm install -g markdownlint-cli2	2025-06-25T12:07:05.3239637Z   KAOS_STEP_MODULE: 
job-core	Run npm install -g markdownlint-cli2	2025-06-25T12:07:05.3239880Z   KAOS_CODE: 15875865954
job-core	Run npm install -g markdownlint-cli2	2025-06-25T12:07:05.3240143Z ##[endgroup]
job-core	Run npm install -g markdownlint-cli2	2025-06-25T12:07:08.7436546Z 
job-core	Run npm install -g markdownlint-cli2	2025-06-25T12:07:08.7453497Z added 80 packages in 3s
job-core	Run npm install -g markdownlint-cli2	2025-06-25T12:07:08.7454007Z 
job-core	Run npm install -g markdownlint-cli2	2025-06-25T12:07:08.7454256Z 48 packages are looking for funding
job-core	Run npm install -g markdownlint-cli2	2025-06-25T12:07:08.7454597Z   run `npm fund` for details
job-core	Run # Realizamos el check del documento md 	﻿2025-06-25T12:07:08.7635840Z ##[group]Run # Realizamos el check del documento md 
job-core	Run # Realizamos el check del documento md 	2025-06-25T12:07:08.7636644Z [36;1m# Realizamos el check del documento md [0m
job-core	Run # Realizamos el check del documento md 	2025-06-25T12:07:08.7637524Z [36;1m    # Run markdownlint with the specified files and ignore rules[0m
job-core	Run # Realizamos el check del documento md 	2025-06-25T12:07:08.7639461Z [36;1m    markdownlint-cli2 transfer/mermaid_stats-collector.md --config core/config/.markdownlint.json > core/outputs/m/mdlint-results-15875865954.txt 2>&1 || true[0m
job-core	Run # Realizamos el check del documento md 	2025-06-25T12:07:08.7641100Z [36;1m    # Check if exist errors in file[0m
job-core	Run # Realizamos el check del documento md 	2025-06-25T12:07:08.7641447Z [36;1m    # Abre el fichero en modo lectura y lee todas las líneas[0m
job-core	Run # Realizamos el check del documento md 	2025-06-25T12:07:08.7641887Z [36;1m    lines=$(cat core/outputs/m/mdlint-results-15875865954.txt)[0m
job-core	Run # Realizamos el check del documento md 	2025-06-25T12:07:08.7642258Z [36;1m    # Inicializa la variable summary_value[0m
job-core	Run # Realizamos el check del documento md 	2025-06-25T12:07:08.7642536Z [36;1m    summary_value=""[0m
job-core	Run # Realizamos el check del documento md 	2025-06-25T12:07:08.7642798Z [36;1m    # Busca la línea que contiene "Summary:"[0m
job-core	Run # Realizamos el check del documento md 	2025-06-25T12:07:08.7643092Z [36;1m    while IFS= read -r line; do[0m
job-core	Run # Realizamos el check del documento md 	2025-06-25T12:07:08.7643404Z [36;1m        if [[ "$line" == *"Summary:"* ]]; then[0m
job-core	Run # Realizamos el check del documento md 	2025-06-25T12:07:08.7643715Z [36;1m            # Extrae el número después de "Summary:"[0m
job-core	Run # Realizamos el check del documento md 	2025-06-25T12:07:08.7644139Z [36;1m            summary_value=$(echo "$line" | awk -F'Summary: ' '{print $2}' | awk '{print $1}')[0m
job-core	Run # Realizamos el check del documento md 	2025-06-25T12:07:08.7644516Z [36;1m            break[0m
job-core	Run # Realizamos el check del documento md 	2025-06-25T12:07:08.7644736Z [36;1m        fi[0m
job-core	Run # Realizamos el check del documento md 	2025-06-25T12:07:08.7644935Z [36;1m    done <<< "$lines"[0m
job-core	Run # Realizamos el check del documento md 	2025-06-25T12:07:08.7645180Z [36;1m    # Comprueba si el valor es cero[0m
job-core	Run # Realizamos el check del documento md 	2025-06-25T12:07:08.7645462Z [36;1m    if [ "$summary_value" == "0" ]; then[0m
job-core	Run # Realizamos el check del documento md 	2025-06-25T12:07:08.7645952Z [36;1m      echo "File core/outputs/m/mdlint-results-15875865954.txt is empty and $file is content correct"[0m
job-core	Run # Realizamos el check del documento md 	2025-06-25T12:07:08.7646889Z [36;1m      KAOS_ISSUE_BODY="The [Ka0S] MDLINT process (15875854919) launch the check (15875865954) over file (transfer/mermaid_stats-collector.md) and its result has been SUCCESS. Please MERGE"[0m
job-core	Run # Realizamos el check del documento md 	2025-06-25T12:07:08.7647655Z [36;1m      gh issue comment 1224 -b "$KAOS_ISSUE_BODY"[0m
job-core	Run # Realizamos el check del documento md 	2025-06-25T12:07:08.7648064Z [36;1m      gh issue comment  1224 -F core/outputs/m/mdlint-results-15875865954.txt[0m
job-core	Run # Realizamos el check del documento md 	2025-06-25T12:07:08.7648478Z [36;1m    else[0m
job-core	Run # Realizamos el check del documento md 	2025-06-25T12:07:08.7649436Z [36;1m      echo "File core/outputs/m/mdlint-results-15875865954.txt is not empty and $file is content not correct and write commit info"[0m
job-core	Run # Realizamos el check del documento md 	2025-06-25T12:07:08.7650698Z [36;1m      KAOS_ISSUE_BODY="The [Ka0S] MDLINT process (15875854919) launch the check (15875865954) over file (transfer/mermaid_stats-collector.md) and its result has been FAILED, please check and solved it"[0m
job-core	Run # Realizamos el check del documento md 	2025-06-25T12:07:08.7651487Z [36;1m      gh issue comment 1224 -b "$KAOS_ISSUE_BODY"[0m
job-core	Run # Realizamos el check del documento md 	2025-06-25T12:07:08.7652210Z [36;1m      gh issue comment  1224 -F core/outputs/m/mdlint-results-15875865954.txt[0m
job-core	Run # Realizamos el check del documento md 	2025-06-25T12:07:08.7677359Z [36;1m    fi[0m
job-core	Run # Realizamos el check del documento md 	2025-06-25T12:07:08.7684898Z shell: /usr/bin/bash -e {0}
job-core	Run # Realizamos el check del documento md 	2025-06-25T12:07:08.7685228Z env:
job-core	Run # Realizamos el check del documento md 	2025-06-25T12:07:08.7685471Z   KAOS_MODULE: [Ka0S] MDLINT
job-core	Run # Realizamos el check del documento md 	2025-06-25T12:07:08.7685948Z   GH_TOKEN: ***
job-core	Run # Realizamos el check del documento md 	2025-06-25T12:07:08.7686137Z   FILE_ERROR: 
job-core	Run # Realizamos el check del documento md 	2025-06-25T12:07:08.7686349Z   KAOS_MD_CONFIG: core/config/.markdownlint.json
job-core	Run # Realizamos el check del documento md 	2025-06-25T12:07:08.7686649Z   KAOS_PATH_RESUME: core/outputs/m/
job-core	Run # Realizamos el check del documento md 	2025-06-25T12:07:08.7686923Z   KAOS_REPO: /actions-runner/_work/kaos/kaos
job-core	Run # Realizamos el check del documento md 	2025-06-25T12:07:08.7687184Z   KAOS_STEP_MODULE: 
job-core	Run # Realizamos el check del documento md 	2025-06-25T12:07:08.7687394Z   KAOS_CODE: 15875865954
job-core	Run # Realizamos el check del documento md 	2025-06-25T12:07:08.7687600Z ##[endgroup]
job-core	Run # Realizamos el check del documento md 	2025-06-25T12:07:09.0688979Z File core/outputs/m/mdlint-results-15875865954.txt is not empty and  is content not correct and write commit info
job-core	Run # Realizamos el check del documento md 	2025-06-25T12:07:09.9863109Z https://github.com/Ka0s-Klaus/ka0s/issues/1224#issuecomment-3004532584
job-core	Run # Realizamos el check del documento md 	2025-06-25T12:07:10.9300458Z https://github.com/Ka0s-Klaus/ka0s/issues/1224#issuecomment-3004532617
job-core	Post Run actions/setup-node@v4	﻿2025-06-25T12:07:10.9522641Z Post job cleanup.
job-core	Post Run actions/checkout@v4	﻿2025-06-25T12:07:11.1611398Z Post job cleanup.
job-core	Post Run actions/checkout@v4	2025-06-25T12:07:11.2647576Z [command]/usr/bin/git version
job-core	Post Run actions/checkout@v4	2025-06-25T12:07:11.2700520Z git version 2.43.0
job-core	Post Run actions/checkout@v4	2025-06-25T12:07:11.2758045Z Copying '/home/kaos/.gitconfig' to '/actions-runner/_work/_temp/73a50e2b-e64b-4b22-876d-ec89f291b4a5/.gitconfig'
job-core	Post Run actions/checkout@v4	2025-06-25T12:07:11.2778983Z Temporarily overriding HOME='/actions-runner/_work/_temp/73a50e2b-e64b-4b22-876d-ec89f291b4a5' before making global git config changes
job-core	Post Run actions/checkout@v4	2025-06-25T12:07:11.2782031Z Adding repository directory to the temporary git global config as a safe directory
job-core	Post Run actions/checkout@v4	2025-06-25T12:07:11.2792988Z [command]/usr/bin/git config --global --add safe.directory /actions-runner/_work/ka0s/ka0s
job-core	Post Run actions/checkout@v4	2025-06-25T12:07:11.2871934Z [command]/usr/bin/git config --local --name-only --get-regexp core\.sshCommand
job-core	Post Run actions/checkout@v4	2025-06-25T12:07:11.2931076Z [command]/usr/bin/git submodule foreach --recursive sh -c "git config --local --name-only --get-regexp 'core\.sshCommand' && git config --local --unset-all 'core.sshCommand' || :"
job-core	Post Run actions/checkout@v4	2025-06-25T12:07:11.3413871Z [command]/usr/bin/git config --local --name-only --get-regexp http\.https\:\/\/github\.com\/\.extraheader
job-core	Post Run actions/checkout@v4	2025-06-25T12:07:11.3446551Z http.https://github.com/.extraheader
job-core	Post Run actions/checkout@v4	2025-06-25T12:07:11.3462012Z [command]/usr/bin/git config --local --unset-all http.https://github.com/.extraheader
job-core	Post Run actions/checkout@v4	2025-06-25T12:07:11.3517471Z [command]/usr/bin/git submodule foreach --recursive sh -c "git config --local --name-only --get-regexp 'http\.https\:\/\/github\.com\/\.extraheader' && git config --local --unset-all 'http.https://github.com/.extraheader' || :"
job-core	Complete job	﻿2025-06-25T12:07:11.4172596Z Cleaning up orphan processes
handle-success	Set up job	﻿2025-06-25T12:07:21.8872102Z Current runner version: '2.325.0'
handle-success	Set up job	2025-06-25T12:07:21.8880018Z Runner name: 'ka0s-ka0s-2'
handle-success	Set up job	2025-06-25T12:07:21.8881130Z Machine name: '6e01ed641e71'
handle-success	Set up job	2025-06-25T12:07:21.8884133Z ##[group]GITHUB_TOKEN Permissions
handle-success	Set up job	2025-06-25T12:07:21.8886528Z Actions: write
handle-success	Set up job	2025-06-25T12:07:21.8887088Z Contents: write
handle-success	Set up job	2025-06-25T12:07:21.8887702Z Issues: write
handle-success	Set up job	2025-06-25T12:07:21.8888248Z Metadata: read
handle-success	Set up job	2025-06-25T12:07:21.8889003Z PullRequests: write
handle-success	Set up job	2025-06-25T12:07:21.8889823Z ##[endgroup]
handle-success	Set up job	2025-06-25T12:07:21.8892242Z Secret source: Actions
handle-success	Set up job	2025-06-25T12:07:21.8893084Z Prepare workflow directory
handle-success	Set up job	2025-06-25T12:07:21.9595386Z Prepare all required actions
handle-success	Set up job	2025-06-25T12:07:21.9638153Z Getting action download info
handle-success	Set up job	2025-06-25T12:07:22.5166462Z Download action repository 'actions/checkout@v4' (SHA:11bd71901bbe5b1630ceea73d27597364c9af683)
handle-success	Set up job	2025-06-25T12:07:23.2533509Z Complete job name: handle-success
handle-success	Checkout code	﻿2025-06-25T12:07:23.3105448Z ##[group]Run actions/checkout@v4
handle-success	Checkout code	2025-06-25T12:07:23.3106683Z with:
handle-success	Checkout code	2025-06-25T12:07:23.3107163Z   fetch-depth: 0
handle-success	Checkout code	2025-06-25T12:07:23.3108021Z   token: ***
handle-success	Checkout code	2025-06-25T12:07:23.3108630Z   repository: Ka0s-Klaus/ka0s
handle-success	Checkout code	2025-06-25T12:07:23.3109188Z   ssh-strict: true
handle-success	Checkout code	2025-06-25T12:07:23.3109646Z   ssh-user: git
handle-success	Checkout code	2025-06-25T12:07:23.3110110Z   persist-credentials: true
handle-success	Checkout code	2025-06-25T12:07:23.3110753Z   clean: true
handle-success	Checkout code	2025-06-25T12:07:23.3111226Z   sparse-checkout-cone-mode: true
handle-success	Checkout code	2025-06-25T12:07:23.3111769Z   fetch-tags: false
handle-success	Checkout code	2025-06-25T12:07:23.3112228Z   show-progress: true
handle-success	Checkout code	2025-06-25T12:07:23.3112694Z   lfs: false
handle-success	Checkout code	2025-06-25T12:07:23.3113110Z   submodules: false
handle-success	Checkout code	2025-06-25T12:07:23.3113612Z   set-safe-directory: true
handle-success	Checkout code	2025-06-25T12:07:23.3114695Z env:
handle-success	Checkout code	2025-06-25T12:07:23.3115298Z   KAOS_MODULE: [Ka0S] MDLINT
handle-success	Checkout code	2025-06-25T12:07:23.3116052Z   GH_TOKEN: ***
handle-success	Checkout code	2025-06-25T12:07:23.3116520Z   FILE_ERROR: 
handle-success	Checkout code	2025-06-25T12:07:23.3117029Z   KAOS_MD_CONFIG: core/config/.markdownlint.json
handle-success	Checkout code	2025-06-25T12:07:23.3117689Z   KAOS_PATH_RESUME: core/outputs/m/
handle-success	Checkout code	2025-06-25T12:07:23.3118488Z   KAOS_REPO: /actions-runner/_work/kaos/kaos
handle-success	Checkout code	2025-06-25T12:07:23.3119162Z   KAOS_STEP_MODULE: 
handle-success	Checkout code	2025-06-25T12:07:23.3119914Z   KAOS_CODE: 15875865954
handle-success	Checkout code	2025-06-25T12:07:23.3120519Z ##[endgroup]
handle-success	Checkout code	2025-06-25T12:07:23.4553179Z Syncing repository: Ka0s-Klaus/ka0s
handle-success	Checkout code	2025-06-25T12:07:23.4555675Z ##[group]Getting Git version info
handle-success	Checkout code	2025-06-25T12:07:23.4556537Z Working directory is '/actions-runner/_work/ka0s/ka0s'
handle-success	Checkout code	2025-06-25T12:07:23.4557747Z [command]/usr/bin/git version
handle-success	Checkout code	2025-06-25T12:07:23.4558342Z git version 2.43.0
handle-success	Checkout code	2025-06-25T12:07:23.4577391Z ##[endgroup]
handle-success	Checkout code	2025-06-25T12:07:23.4589204Z Copying '/home/kaos/.gitconfig' to '/actions-runner/_work/_temp/64a2783d-96fd-4cb1-a438-2bdce51291b3/.gitconfig'
handle-success	Checkout code	2025-06-25T12:07:23.4604231Z Temporarily overriding HOME='/actions-runner/_work/_temp/64a2783d-96fd-4cb1-a438-2bdce51291b3' before making global git config changes
handle-success	Checkout code	2025-06-25T12:07:23.4609469Z Adding repository directory to the temporary git global config as a safe directory
handle-success	Checkout code	2025-06-25T12:07:23.4610977Z [command]/usr/bin/git config --global --add safe.directory /actions-runner/_work/ka0s/ka0s
handle-success	Checkout code	2025-06-25T12:07:23.4667385Z [command]/usr/bin/git config --local --get remote.origin.url
handle-success	Checkout code	2025-06-25T12:07:23.4695708Z https://github.com/Ka0s-Klaus/ka0s
handle-success	Checkout code	2025-06-25T12:07:23.4714181Z ##[group]Removing previously created refs, to avoid conflicts
handle-success	Checkout code	2025-06-25T12:07:23.4719768Z [command]/usr/bin/git rev-parse --symbolic-full-name --verify --quiet HEAD
handle-success	Checkout code	2025-06-25T12:07:23.4746532Z refs/heads/H1224-new-module-mongodb
handle-success	Checkout code	2025-06-25T12:07:23.4759574Z [command]/usr/bin/git checkout --detach
handle-success	Checkout code	2025-06-25T12:07:23.4939307Z HEAD is now at a63c5b06 Upgrade
handle-success	Checkout code	2025-06-25T12:07:23.4990017Z [command]/usr/bin/git branch --delete --force H1224-new-module-mongodb
handle-success	Checkout code	2025-06-25T12:07:23.5023980Z Deleted branch H1224-new-module-mongodb (was a63c5b06).
handle-success	Checkout code	2025-06-25T12:07:23.5104487Z ##[endgroup]
handle-success	Checkout code	2025-06-25T12:07:23.5105200Z [command]/usr/bin/git submodule status
handle-success	Checkout code	2025-06-25T12:07:23.5440487Z ##[group]Cleaning the repository
handle-success	Checkout code	2025-06-25T12:07:23.5441347Z [command]/usr/bin/git clean -ffdx
handle-success	Checkout code	2025-06-25T12:07:23.5524665Z [command]/usr/bin/git reset --hard HEAD
handle-success	Checkout code	2025-06-25T12:07:23.5856374Z HEAD is now at a63c5b06 Upgrade
handle-success	Checkout code	2025-06-25T12:07:23.5869354Z ##[endgroup]
handle-success	Checkout code	2025-06-25T12:07:23.5870523Z ##[group]Disabling automatic garbage collection
handle-success	Checkout code	2025-06-25T12:07:23.5872413Z [command]/usr/bin/git config --local gc.auto 0
handle-success	Checkout code	2025-06-25T12:07:23.5910660Z ##[endgroup]
handle-success	Checkout code	2025-06-25T12:07:23.5912747Z ##[group]Setting up auth
handle-success	Checkout code	2025-06-25T12:07:23.5917989Z [command]/usr/bin/git config --local --name-only --get-regexp core\.sshCommand
handle-success	Checkout code	2025-06-25T12:07:23.5959852Z [command]/usr/bin/git submodule foreach --recursive sh -c "git config --local --name-only --get-regexp 'core\.sshCommand' && git config --local --unset-all 'core.sshCommand' || :"
handle-success	Checkout code	2025-06-25T12:07:23.6268851Z [command]/usr/bin/git config --local --name-only --get-regexp http\.https\:\/\/github\.com\/\.extraheader
handle-success	Checkout code	2025-06-25T12:07:23.6312894Z [command]/usr/bin/git submodule foreach --recursive sh -c "git config --local --name-only --get-regexp 'http\.https\:\/\/github\.com\/\.extraheader' && git config --local --unset-all 'http.https://github.com/.extraheader' || :"
handle-success	Checkout code	2025-06-25T12:07:23.6945692Z [command]/usr/bin/git config --local http.https://github.com/.extraheader AUTHORIZATION: basic ***
handle-success	Checkout code	2025-06-25T12:07:23.7041878Z ##[endgroup]
handle-success	Checkout code	2025-06-25T12:07:23.7047870Z ##[group]Fetching the repository
handle-success	Checkout code	2025-06-25T12:07:23.7065982Z [command]/usr/bin/git -c protocol.version=2 fetch --prune --no-recurse-submodules origin +refs/heads/*:refs/remotes/origin/* +refs/tags/*:refs/tags/*
handle-success	Checkout code	2025-06-25T12:07:24.2968597Z From https://github.com/Ka0s-Klaus/ka0s
handle-success	Checkout code	2025-06-25T12:07:24.2980644Z    a63c5b06..a2c5f15c  H1224-new-module-mongodb -> origin/H1224-new-module-mongodb
handle-success	Checkout code	2025-06-25T12:07:24.3083161Z [command]/usr/bin/git branch --list --remote origin/H1224-new-module-mongodb
handle-success	Checkout code	2025-06-25T12:07:24.3125937Z   origin/H1224-new-module-mongodb
handle-success	Checkout code	2025-06-25T12:07:24.3152596Z [command]/usr/bin/git rev-parse refs/remotes/origin/H1224-new-module-mongodb
handle-success	Checkout code	2025-06-25T12:07:24.3181342Z a2c5f15c8c23e197c4ecc938a7e604370fa045e0
handle-success	Checkout code	2025-06-25T12:07:24.3205448Z ##[endgroup]
handle-success	Checkout code	2025-06-25T12:07:24.3230722Z ##[group]Determining the checkout info
handle-success	Checkout code	2025-06-25T12:07:24.3235440Z ##[endgroup]
handle-success	Checkout code	2025-06-25T12:07:24.3244653Z [command]/usr/bin/git sparse-checkout disable
handle-success	Checkout code	2025-06-25T12:07:24.3423237Z [command]/usr/bin/git config --local --unset-all extensions.worktreeConfig
handle-success	Checkout code	2025-06-25T12:07:24.3522752Z ##[group]Checking out the ref
handle-success	Checkout code	2025-06-25T12:07:24.3525363Z [command]/usr/bin/git checkout --progress --force -B H1224-new-module-mongodb refs/remotes/origin/H1224-new-module-mongodb
handle-success	Checkout code	2025-06-25T12:07:24.3920781Z Previous HEAD position was a63c5b06 Upgrade
handle-success	Checkout code	2025-06-25T12:07:24.3965607Z Switched to a new branch 'H1224-new-module-mongodb'
handle-success	Checkout code	2025-06-25T12:07:24.3976221Z branch 'H1224-new-module-mongodb' set up to track 'origin/H1224-new-module-mongodb'.
handle-success	Checkout code	2025-06-25T12:07:24.4011854Z ##[endgroup]
handle-success	Checkout code	2025-06-25T12:07:24.4044586Z [command]/usr/bin/git log -1 --format=%H
handle-success	Checkout code	2025-06-25T12:07:24.4081344Z a2c5f15c8c23e197c4ecc938a7e604370fa045e0
handle-success	handle-success-execution	﻿2025-06-25T12:07:24.4566618Z ##[group]Run # Si todo ha ido correcto añadimos el contenido del fichero 
handle-success	handle-success-execution	2025-06-25T12:07:24.4569199Z [36;1m# Si todo ha ido correcto añadimos el contenido del fichero [0m
handle-success	handle-success-execution	2025-06-25T12:07:24.4571441Z [36;1mRNNUMBER=$(echo "refs/heads/H1224-new-module-mongodb" | grep -o '[0-9]*')[0m
handle-success	handle-success-execution	2025-06-25T12:07:24.4575283Z [36;1mgh issue comment $RNNUMBER --body "El proceso ha finalizado correctamente 15875865954. El resultado está en el fichero core/results/event_data15875865954.log"[0m
handle-success	handle-success-execution	2025-06-25T12:07:24.4592192Z shell: /usr/bin/bash -e {0}
handle-success	handle-success-execution	2025-06-25T12:07:24.4593439Z env:
handle-success	handle-success-execution	2025-06-25T12:07:24.4594336Z   KAOS_MODULE: [Ka0S] MDLINT
handle-success	handle-success-execution	2025-06-25T12:07:24.4596111Z   GH_TOKEN: ***
handle-success	handle-success-execution	2025-06-25T12:07:24.4597093Z   FILE_ERROR: 
handle-success	handle-success-execution	2025-06-25T12:07:24.4598189Z   KAOS_MD_CONFIG: core/config/.markdownlint.json
handle-success	handle-success-execution	2025-06-25T12:07:24.4599830Z   KAOS_PATH_RESUME: core/outputs/m/
handle-success	handle-success-execution	2025-06-25T12:07:24.4601200Z   KAOS_REPO: /actions-runner/_work/kaos/kaos
handle-success	handle-success-execution	2025-06-25T12:07:24.4602521Z   KAOS_STEP_MODULE: 
handle-success	handle-success-execution	2025-06-25T12:07:24.4603615Z   KAOS_CODE: 15875865954
handle-success	handle-success-execution	2025-06-25T12:07:24.4605349Z ##[endgroup]
handle-success	handle-success-execution	2025-06-25T12:07:25.5152054Z https://github.com/Ka0s-Klaus/ka0s/issues/1224#issuecomment-3004533369
handle-success	Post Checkout code	﻿2025-06-25T12:07:25.5410285Z Post job cleanup.
handle-success	Post Checkout code	2025-06-25T12:07:25.6713998Z [command]/usr/bin/git version
handle-success	Post Checkout code	2025-06-25T12:07:25.6759835Z git version 2.43.0
handle-success	Post Checkout code	2025-06-25T12:07:25.6802109Z Copying '/home/kaos/.gitconfig' to '/actions-runner/_work/_temp/41034524-a699-4488-bb00-9ff0223a828a/.gitconfig'
handle-success	Post Checkout code	2025-06-25T12:07:25.6831553Z Temporarily overriding HOME='/actions-runner/_work/_temp/41034524-a699-4488-bb00-9ff0223a828a' before making global git config changes
handle-success	Post Checkout code	2025-06-25T12:07:25.6834939Z Adding repository directory to the temporary git global config as a safe directory
handle-success	Post Checkout code	2025-06-25T12:07:25.6837458Z [command]/usr/bin/git config --global --add safe.directory /actions-runner/_work/ka0s/ka0s
handle-success	Post Checkout code	2025-06-25T12:07:25.6869816Z [command]/usr/bin/git config --local --name-only --get-regexp core\.sshCommand
handle-success	Post Checkout code	2025-06-25T12:07:25.6940111Z [command]/usr/bin/git submodule foreach --recursive sh -c "git config --local --name-only --get-regexp 'core\.sshCommand' && git config --local --unset-all 'core.sshCommand' || :"
handle-success	Post Checkout code	2025-06-25T12:07:25.7360613Z [command]/usr/bin/git config --local --name-only --get-regexp http\.https\:\/\/github\.com\/\.extraheader
handle-success	Post Checkout code	2025-06-25T12:07:25.7464689Z http.https://github.com/.extraheader
handle-success	Post Checkout code	2025-06-25T12:07:25.7475304Z [command]/usr/bin/git config --local --unset-all http.https://github.com/.extraheader
handle-success	Post Checkout code	2025-06-25T12:07:25.7548183Z [command]/usr/bin/git submodule foreach --recursive sh -c "git config --local --name-only --get-regexp 'http\.https\:\/\/github\.com\/\.extraheader' && git config --local --unset-all 'http.https://github.com/.extraheader' || :"
handle-success	Complete job	﻿2025-06-25T12:07:25.8085559Z Cleaning up orphan processes
end-workflow	Set up job	﻿2025-06-25T12:07:31.7962375Z Current runner version: '2.325.0'
end-workflow	Set up job	2025-06-25T12:07:31.7972569Z Runner name: 'ka0s-ka0s-2'
end-workflow	Set up job	2025-06-25T12:07:31.7973943Z Machine name: '6e01ed641e71'
end-workflow	Set up job	2025-06-25T12:07:31.7977321Z ##[group]GITHUB_TOKEN Permissions
end-workflow	Set up job	2025-06-25T12:07:31.7981394Z Actions: write
end-workflow	Set up job	2025-06-25T12:07:31.7982245Z Contents: write
end-workflow	Set up job	2025-06-25T12:07:31.7982810Z Issues: write
end-workflow	Set up job	2025-06-25T12:07:31.7983367Z Metadata: read
end-workflow	Set up job	2025-06-25T12:07:31.7983997Z PullRequests: write
end-workflow	Set up job	2025-06-25T12:07:31.7984549Z ##[endgroup]
end-workflow	Set up job	2025-06-25T12:07:31.7987805Z Secret source: Actions
end-workflow	Set up job	2025-06-25T12:07:31.7989385Z Prepare workflow directory
end-workflow	Set up job	2025-06-25T12:07:31.8966662Z Prepare all required actions
end-workflow	Set up job	2025-06-25T12:07:31.9019282Z Getting action download info
end-workflow	Set up job	2025-06-25T12:07:32.3987913Z Download action repository 'actions/checkout@v4' (SHA:11bd71901bbe5b1630ceea73d27597364c9af683)
end-workflow	Set up job	2025-06-25T12:07:33.2061394Z Complete job name: end-workflow
end-workflow	Checkout code	﻿2025-06-25T12:07:33.2841531Z ##[group]Run actions/checkout@v4
end-workflow	Checkout code	2025-06-25T12:07:33.2842708Z with:
end-workflow	Checkout code	2025-06-25T12:07:33.2843191Z   fetch-depth: 0
end-workflow	Checkout code	2025-06-25T12:07:33.2844079Z   token: ***
end-workflow	Checkout code	2025-06-25T12:07:33.2844552Z   repository: Ka0s-Klaus/ka0s
end-workflow	Checkout code	2025-06-25T12:07:33.2845100Z   ssh-strict: true
end-workflow	Checkout code	2025-06-25T12:07:33.2845573Z   ssh-user: git
end-workflow	Checkout code	2025-06-25T12:07:33.2846050Z   persist-credentials: true
end-workflow	Checkout code	2025-06-25T12:07:33.2846585Z   clean: true
end-workflow	Checkout code	2025-06-25T12:07:33.2847085Z   sparse-checkout-cone-mode: true
end-workflow	Checkout code	2025-06-25T12:07:33.2847678Z   fetch-tags: false
end-workflow	Checkout code	2025-06-25T12:07:33.2848160Z   show-progress: true
end-workflow	Checkout code	2025-06-25T12:07:33.2848906Z   lfs: false
end-workflow	Checkout code	2025-06-25T12:07:33.2849362Z   submodules: false
end-workflow	Checkout code	2025-06-25T12:07:33.2850003Z   set-safe-directory: true
end-workflow	Checkout code	2025-06-25T12:07:33.2851002Z env:
end-workflow	Checkout code	2025-06-25T12:07:33.2851461Z   KAOS_MODULE: [Ka0S] MDLINT
end-workflow	Checkout code	2025-06-25T12:07:33.2852234Z   GH_TOKEN: ***
end-workflow	Checkout code	2025-06-25T12:07:33.2852696Z   FILE_ERROR: 
end-workflow	Checkout code	2025-06-25T12:07:33.2853204Z   KAOS_MD_CONFIG: core/config/.markdownlint.json
end-workflow	Checkout code	2025-06-25T12:07:33.2853873Z   KAOS_PATH_RESUME: core/outputs/m/
end-workflow	Checkout code	2025-06-25T12:07:33.2854580Z   KAOS_REPO: /actions-runner/_work/kaos/kaos
end-workflow	Checkout code	2025-06-25T12:07:33.2855225Z   KAOS_STEP_MODULE: 
end-workflow	Checkout code	2025-06-25T12:07:33.2855721Z   KAOS_CODE: 15875865954
end-workflow	Checkout code	2025-06-25T12:07:33.2856219Z ##[endgroup]
end-workflow	Checkout code	2025-06-25T12:07:33.4676005Z Syncing repository: Ka0s-Klaus/ka0s
end-workflow	Checkout code	2025-06-25T12:07:33.4678851Z ##[group]Getting Git version info
end-workflow	Checkout code	2025-06-25T12:07:33.4679779Z Working directory is '/actions-runner/_work/ka0s/ka0s'
end-workflow	Checkout code	2025-06-25T12:07:33.4681048Z [command]/usr/bin/git version
end-workflow	Checkout code	2025-06-25T12:07:33.4721345Z git version 2.43.0
end-workflow	Checkout code	2025-06-25T12:07:33.4757286Z ##[endgroup]
end-workflow	Checkout code	2025-06-25T12:07:33.4775172Z Copying '/home/kaos/.gitconfig' to '/actions-runner/_work/_temp/6f001426-5928-47d1-a966-14dc7a0271c5/.gitconfig'
end-workflow	Checkout code	2025-06-25T12:07:33.4803067Z Temporarily overriding HOME='/actions-runner/_work/_temp/6f001426-5928-47d1-a966-14dc7a0271c5' before making global git config changes
end-workflow	Checkout code	2025-06-25T12:07:33.4811151Z Adding repository directory to the temporary git global config as a safe directory
end-workflow	Checkout code	2025-06-25T12:07:33.4823389Z [command]/usr/bin/git config --global --add safe.directory /actions-runner/_work/ka0s/ka0s
end-workflow	Checkout code	2025-06-25T12:07:33.4912165Z [command]/usr/bin/git config --local --get remote.origin.url
end-workflow	Checkout code	2025-06-25T12:07:33.4980042Z https://github.com/Ka0s-Klaus/ka0s
end-workflow	Checkout code	2025-06-25T12:07:33.5031095Z ##[group]Removing previously created refs, to avoid conflicts
end-workflow	Checkout code	2025-06-25T12:07:33.5039724Z [command]/usr/bin/git rev-parse --symbolic-full-name --verify --quiet HEAD
end-workflow	Checkout code	2025-06-25T12:07:33.5104358Z refs/heads/H1224-new-module-mongodb
end-workflow	Checkout code	2025-06-25T12:07:33.5114955Z [command]/usr/bin/git checkout --detach
end-workflow	Checkout code	2025-06-25T12:07:33.5412291Z HEAD is now at a2c5f15c [Ka0S] Uploading resume execution files to the repository...
end-workflow	Checkout code	2025-06-25T12:07:33.5528734Z [command]/usr/bin/git branch --delete --force H1224-new-module-mongodb
end-workflow	Checkout code	2025-06-25T12:07:33.5587524Z Deleted branch H1224-new-module-mongodb (was a2c5f15c).
end-workflow	Checkout code	2025-06-25T12:07:33.5755393Z ##[endgroup]
end-workflow	Checkout code	2025-06-25T12:07:33.5765049Z [command]/usr/bin/git submodule status
end-workflow	Checkout code	2025-06-25T12:07:33.6204161Z ##[group]Cleaning the repository
end-workflow	Checkout code	2025-06-25T12:07:33.6211555Z [command]/usr/bin/git clean -ffdx
end-workflow	Checkout code	2025-06-25T12:07:33.6350358Z [command]/usr/bin/git reset --hard HEAD
end-workflow	Checkout code	2025-06-25T12:07:33.6716872Z HEAD is now at a2c5f15c [Ka0S] Uploading resume execution files to the repository...
end-workflow	Checkout code	2025-06-25T12:07:33.6740112Z ##[endgroup]
end-workflow	Checkout code	2025-06-25T12:07:33.6741313Z ##[group]Disabling automatic garbage collection
end-workflow	Checkout code	2025-06-25T12:07:33.6748344Z [command]/usr/bin/git config --local gc.auto 0
end-workflow	Checkout code	2025-06-25T12:07:33.6799132Z ##[endgroup]
end-workflow	Checkout code	2025-06-25T12:07:33.6809977Z ##[group]Setting up auth
end-workflow	Checkout code	2025-06-25T12:07:33.6814300Z [command]/usr/bin/git config --local --name-only --get-regexp core\.sshCommand
end-workflow	Checkout code	2025-06-25T12:07:33.6867401Z [command]/usr/bin/git submodule foreach --recursive sh -c "git config --local --name-only --get-regexp 'core\.sshCommand' && git config --local --unset-all 'core.sshCommand' || :"
end-workflow	Checkout code	2025-06-25T12:07:33.7190773Z [command]/usr/bin/git config --local --name-only --get-regexp http\.https\:\/\/github\.com\/\.extraheader
end-workflow	Checkout code	2025-06-25T12:07:33.7285817Z [command]/usr/bin/git submodule foreach --recursive sh -c "git config --local --name-only --get-regexp 'http\.https\:\/\/github\.com\/\.extraheader' && git config --local --unset-all 'http.https://github.com/.extraheader' || :"
end-workflow	Checkout code	2025-06-25T12:07:33.7896798Z [command]/usr/bin/git config --local http.https://github.com/.extraheader AUTHORIZATION: basic ***
end-workflow	Checkout code	2025-06-25T12:07:33.7989909Z ##[endgroup]
end-workflow	Checkout code	2025-06-25T12:07:33.7991645Z ##[group]Fetching the repository
end-workflow	Checkout code	2025-06-25T12:07:33.8005741Z [command]/usr/bin/git -c protocol.version=2 fetch --prune --no-recurse-submodules origin +refs/heads/*:refs/remotes/origin/* +refs/tags/*:refs/tags/*
end-workflow	Checkout code	2025-06-25T12:07:34.6092997Z From https://github.com/Ka0s-Klaus/ka0s
end-workflow	Checkout code	2025-06-25T12:07:34.6102152Z    a7ff03ea..a9c22d46  main       -> origin/main
end-workflow	Checkout code	2025-06-25T12:07:34.6223556Z [command]/usr/bin/git branch --list --remote origin/H1224-new-module-mongodb
end-workflow	Checkout code	2025-06-25T12:07:34.6287585Z   origin/H1224-new-module-mongodb
end-workflow	Checkout code	2025-06-25T12:07:34.6384534Z [command]/usr/bin/git rev-parse refs/remotes/origin/H1224-new-module-mongodb
end-workflow	Checkout code	2025-06-25T12:07:34.6460548Z a2c5f15c8c23e197c4ecc938a7e604370fa045e0
end-workflow	Checkout code	2025-06-25T12:07:34.6532404Z ##[endgroup]
end-workflow	Checkout code	2025-06-25T12:07:34.6534309Z ##[group]Determining the checkout info
end-workflow	Checkout code	2025-06-25T12:07:34.6536277Z ##[endgroup]
end-workflow	Checkout code	2025-06-25T12:07:34.6537491Z [command]/usr/bin/git sparse-checkout disable
end-workflow	Checkout code	2025-06-25T12:07:34.6819336Z [command]/usr/bin/git config --local --unset-all extensions.worktreeConfig
end-workflow	Checkout code	2025-06-25T12:07:34.6845790Z ##[group]Checking out the ref
end-workflow	Checkout code	2025-06-25T12:07:34.6855357Z [command]/usr/bin/git checkout --progress --force -B H1224-new-module-mongodb refs/remotes/origin/H1224-new-module-mongodb
end-workflow	Checkout code	2025-06-25T12:07:34.7064266Z Switched to a new branch 'H1224-new-module-mongodb'
end-workflow	Checkout code	2025-06-25T12:07:34.7074848Z branch 'H1224-new-module-mongodb' set up to track 'origin/H1224-new-module-mongodb'.
end-workflow	Checkout code	2025-06-25T12:07:34.7094467Z ##[endgroup]
end-workflow	Checkout code	2025-06-25T12:07:34.7177915Z [command]/usr/bin/git log -1 --format=%H
end-workflow	Checkout code	2025-06-25T12:07:34.7266448Z a2c5f15c8c23e197c4ecc938a7e604370fa045e0
end-workflow	Finaliza el workflow	﻿2025-06-25T12:07:34.7686886Z ##[group]Run echo "End process"
end-workflow	Finaliza el workflow	2025-06-25T12:07:34.7688740Z [36;1mecho "End process"[0m
end-workflow	Finaliza el workflow	2025-06-25T12:07:34.7690550Z [36;1mRNNUMBER=$(echo "refs/heads/H1224-new-module-mongodb" | grep -o '[0-9]*')[0m
end-workflow	Finaliza el workflow	2025-06-25T12:07:34.7693023Z [36;1mgh issue comment $RNNUMBER --body "Se finaliza Ka0s 15875865954"[0m
end-workflow	Finaliza el workflow	2025-06-25T12:07:34.7696218Z [36;1mgh workflow run inspector.yml --ref 'main' -f kaos-issue-id=$RNNUMBER -f kaos-workflow-id="15875865954" -f kaos-user-start=""[0m
end-workflow	Finaliza el workflow	2025-06-25T12:07:34.7715014Z shell: /usr/bin/bash -e {0}
end-workflow	Finaliza el workflow	2025-06-25T12:07:34.7716326Z env:
end-workflow	Finaliza el workflow	2025-06-25T12:07:34.7717313Z   KAOS_MODULE: [Ka0S] MDLINT
end-workflow	Finaliza el workflow	2025-06-25T12:07:34.7719588Z   GH_TOKEN: ***
end-workflow	Finaliza el workflow	2025-06-25T12:07:34.7720628Z   FILE_ERROR: 
end-workflow	Finaliza el workflow	2025-06-25T12:07:34.7721761Z   KAOS_MD_CONFIG: core/config/.markdownlint.json
end-workflow	Finaliza el workflow	2025-06-25T12:07:34.7723257Z   KAOS_PATH_RESUME: core/outputs/m/
end-workflow	Finaliza el workflow	2025-06-25T12:07:34.7724651Z   KAOS_REPO: /actions-runner/_work/kaos/kaos
end-workflow	Finaliza el workflow	2025-06-25T12:07:34.7726173Z   KAOS_STEP_MODULE: 
end-workflow	Finaliza el workflow	2025-06-25T12:07:34.7727316Z   KAOS_CODE: 15875865954
end-workflow	Finaliza el workflow	2025-06-25T12:07:34.7729534Z ##[endgroup]
end-workflow	Finaliza el workflow	2025-06-25T12:07:34.7820171Z End process
end-workflow	Finaliza el workflow	2025-06-25T12:07:35.8326807Z https://github.com/Ka0s-Klaus/ka0s/issues/1224#issuecomment-3004533880
end-workflow	Post Checkout code	﻿2025-06-25T12:07:36.4974613Z Post job cleanup.
end-workflow	Post Checkout code	2025-06-25T12:07:36.6462702Z [command]/usr/bin/git version
end-workflow	Post Checkout code	2025-06-25T12:07:36.6500330Z git version 2.43.0
end-workflow	Post Checkout code	2025-06-25T12:07:36.6541896Z Copying '/home/kaos/.gitconfig' to '/actions-runner/_work/_temp/c08648b3-46dd-474a-a828-46b4db3730fc/.gitconfig'
end-workflow	Post Checkout code	2025-06-25T12:07:36.6558371Z Temporarily overriding HOME='/actions-runner/_work/_temp/c08648b3-46dd-474a-a828-46b4db3730fc' before making global git config changes
end-workflow	Post Checkout code	2025-06-25T12:07:36.6563268Z Adding repository directory to the temporary git global config as a safe directory
end-workflow	Post Checkout code	2025-06-25T12:07:36.6574288Z [command]/usr/bin/git config --global --add safe.directory /actions-runner/_work/ka0s/ka0s
end-workflow	Post Checkout code	2025-06-25T12:07:36.6653382Z [command]/usr/bin/git config --local --name-only --get-regexp core\.sshCommand
end-workflow	Post Checkout code	2025-06-25T12:07:36.6710958Z [command]/usr/bin/git submodule foreach --recursive sh -c "git config --local --name-only --get-regexp 'core\.sshCommand' && git config --local --unset-all 'core.sshCommand' || :"
end-workflow	Post Checkout code	2025-06-25T12:07:36.7312897Z [command]/usr/bin/git config --local --name-only --get-regexp http\.https\:\/\/github\.com\/\.extraheader
end-workflow	Post Checkout code	2025-06-25T12:07:36.7370397Z http.https://github.com/.extraheader
end-workflow	Post Checkout code	2025-06-25T12:07:36.7416545Z [command]/usr/bin/git config --local --unset-all http.https://github.com/.extraheader
end-workflow	Post Checkout code	2025-06-25T12:07:36.7501019Z [command]/usr/bin/git submodule foreach --recursive sh -c "git config --local --name-only --get-regexp 'http\.https\:\/\/github\.com\/\.extraheader' && git config --local --unset-all 'http.https://github.com/.extraheader' || :"
end-workflow	Complete job	﻿2025-06-25T12:07:36.8107332Z Cleaning up orphan processes
