job-core	Set up job	﻿2025-06-27T11:12:41.5492611Z Current runner version: '2.325.0'
job-core	Set up job	2025-06-27T11:12:41.5498959Z Runner name: 'ka0s-version-3'
job-core	Set up job	2025-06-27T11:12:41.5499714Z Runner group name: 'version'
job-core	Set up job	2025-06-27T11:12:41.5500454Z Machine name: '5f705aa20d17'
job-core	Set up job	2025-06-27T11:12:41.5502714Z ##[group]GITHUB_TOKEN Permissions
job-core	Set up job	2025-06-27T11:12:41.5504725Z Actions: write
job-core	Set up job	2025-06-27T11:12:41.5505168Z Contents: write
job-core	Set up job	2025-06-27T11:12:41.5505566Z Issues: write
job-core	Set up job	2025-06-27T11:12:41.5505960Z Metadata: read
job-core	Set up job	2025-06-27T11:12:41.5506349Z ##[endgroup]
job-core	Set up job	2025-06-27T11:12:41.5508161Z Secret source: Actions
job-core	Set up job	2025-06-27T11:12:41.5509121Z Prepare workflow directory
job-core	Set up job	2025-06-27T11:12:41.6123397Z Prepare all required actions
job-core	Set up job	2025-06-27T11:12:41.6169443Z Getting action download info
job-core	Set up job	2025-06-27T11:12:42.1592157Z Download action repository 'actions/checkout@v4' (SHA:11bd71901bbe5b1630ceea73d27597364c9af683)
job-core	Set up job	2025-06-27T11:12:43.0191286Z Complete job name: job-core
job-core	Checkout code	﻿2025-06-27T11:12:43.0692525Z ##[group]Run actions/checkout@v4
job-core	Checkout code	2025-06-27T11:12:43.0693456Z with:
job-core	Checkout code	2025-06-27T11:12:43.0693908Z   fetch-depth: 0
job-core	Checkout code	2025-06-27T11:12:43.0694642Z   token: ***
job-core	Checkout code	2025-06-27T11:12:43.0695094Z   repository: Ka0s-Klaus/ka0s
job-core	Checkout code	2025-06-27T11:12:43.0695626Z   ssh-strict: true
job-core	Checkout code	2025-06-27T11:12:43.0696064Z   ssh-user: git
job-core	Checkout code	2025-06-27T11:12:43.0696521Z   persist-credentials: true
job-core	Checkout code	2025-06-27T11:12:43.0697014Z   clean: true
job-core	Checkout code	2025-06-27T11:12:43.0697478Z   sparse-checkout-cone-mode: true
job-core	Checkout code	2025-06-27T11:12:43.0698013Z   fetch-tags: false
job-core	Checkout code	2025-06-27T11:12:43.0698538Z   show-progress: true
job-core	Checkout code	2025-06-27T11:12:43.0699022Z   lfs: false
job-core	Checkout code	2025-06-27T11:12:43.0699450Z   submodules: false
job-core	Checkout code	2025-06-27T11:12:43.0721694Z   set-safe-directory: true
job-core	Checkout code	2025-06-27T11:12:43.0722873Z env:
job-core	Checkout code	2025-06-27T11:12:43.0723614Z   KAOS_MODULE: [Ka0S] VERSION
job-core	Checkout code	2025-06-27T11:12:43.0724366Z   GH_TOKEN: ***
job-core	Checkout code	2025-06-27T11:12:43.0724825Z   PATH_RESUME: core/config/
job-core	Checkout code	2025-06-27T11:12:43.0725354Z   KAOS_REPO: /actions-runner/_work/kaos/kaos
job-core	Checkout code	2025-06-27T11:12:43.0725927Z   KAOS_STEP_MODULE: 
job-core	Checkout code	2025-06-27T11:12:43.0726447Z   KAOS_CODE: 15924914947
job-core	Checkout code	2025-06-27T11:12:43.0726910Z   GH_VERSION: 
job-core	Checkout code	2025-06-27T11:12:43.0727362Z ##[endgroup]
job-core	Checkout code	2025-06-27T11:12:43.1871352Z Syncing repository: Ka0s-Klaus/ka0s
job-core	Checkout code	2025-06-27T11:12:43.1873368Z ##[group]Getting Git version info
job-core	Checkout code	2025-06-27T11:12:43.1874113Z Working directory is '/actions-runner/_work/ka0s/ka0s'
job-core	Checkout code	2025-06-27T11:12:43.1875158Z [command]/usr/bin/git version
job-core	Checkout code	2025-06-27T11:12:43.1875732Z git version 2.43.0
job-core	Checkout code	2025-06-27T11:12:43.1892851Z ##[endgroup]
job-core	Checkout code	2025-06-27T11:12:43.1905163Z Copying '/home/kaos/.gitconfig' to '/actions-runner/_work/_temp/7d6864b7-01e1-4374-814a-9b2100088109/.gitconfig'
job-core	Checkout code	2025-06-27T11:12:43.1917109Z Temporarily overriding HOME='/actions-runner/_work/_temp/7d6864b7-01e1-4374-814a-9b2100088109' before making global git config changes
job-core	Checkout code	2025-06-27T11:12:43.1919156Z Adding repository directory to the temporary git global config as a safe directory
job-core	Checkout code	2025-06-27T11:12:43.1932262Z [command]/usr/bin/git config --global --add safe.directory /actions-runner/_work/ka0s/ka0s
job-core	Checkout code	2025-06-27T11:12:43.1975978Z [command]/usr/bin/git config --local --get remote.origin.url
job-core	Checkout code	2025-06-27T11:12:43.1998870Z https://github.com/Ka0s-Klaus/ka0s
job-core	Checkout code	2025-06-27T11:12:43.2019260Z ##[group]Removing previously created refs, to avoid conflicts
job-core	Checkout code	2025-06-27T11:12:43.2024133Z [command]/usr/bin/git rev-parse --symbolic-full-name --verify --quiet HEAD
job-core	Checkout code	2025-06-27T11:12:43.2048508Z HEAD
job-core	Checkout code	2025-06-27T11:12:43.2093265Z ##[endgroup]
job-core	Checkout code	2025-06-27T11:12:43.2095331Z [command]/usr/bin/git submodule status
job-core	Checkout code	2025-06-27T11:12:43.2357689Z ##[group]Cleaning the repository
job-core	Checkout code	2025-06-27T11:12:43.2361865Z [command]/usr/bin/git clean -ffdx
job-core	Checkout code	2025-06-27T11:12:43.2446309Z [command]/usr/bin/git reset --hard HEAD
job-core	Checkout code	2025-06-27T11:12:43.2749868Z HEAD is now at 906d2f65 [Ka0S] VERSION  Upload: CHANGELOG.md, INDEX.md with version 0.0.162
job-core	Checkout code	2025-06-27T11:12:43.2759027Z ##[endgroup]
job-core	Checkout code	2025-06-27T11:12:43.2760041Z ##[group]Disabling automatic garbage collection
job-core	Checkout code	2025-06-27T11:12:43.2766376Z [command]/usr/bin/git config --local gc.auto 0
job-core	Checkout code	2025-06-27T11:12:43.2799697Z ##[endgroup]
job-core	Checkout code	2025-06-27T11:12:43.2800586Z ##[group]Setting up auth
job-core	Checkout code	2025-06-27T11:12:43.2807166Z [command]/usr/bin/git config --local --name-only --get-regexp core\.sshCommand
job-core	Checkout code	2025-06-27T11:12:43.2842964Z [command]/usr/bin/git submodule foreach --recursive sh -c "git config --local --name-only --get-regexp 'core\.sshCommand' && git config --local --unset-all 'core.sshCommand' || :"
job-core	Checkout code	2025-06-27T11:12:43.3109014Z [command]/usr/bin/git config --local --name-only --get-regexp http\.https\:\/\/github\.com\/\.extraheader
job-core	Checkout code	2025-06-27T11:12:43.3143778Z [command]/usr/bin/git submodule foreach --recursive sh -c "git config --local --name-only --get-regexp 'http\.https\:\/\/github\.com\/\.extraheader' && git config --local --unset-all 'http.https://github.com/.extraheader' || :"
job-core	Checkout code	2025-06-27T11:12:43.3407593Z [command]/usr/bin/git config --local http.https://github.com/.extraheader AUTHORIZATION: basic ***
job-core	Checkout code	2025-06-27T11:12:43.3454942Z ##[endgroup]
job-core	Checkout code	2025-06-27T11:12:43.3455899Z ##[group]Fetching the repository
job-core	Checkout code	2025-06-27T11:12:43.3464278Z [command]/usr/bin/git -c protocol.version=2 fetch --prune --no-recurse-submodules origin +refs/heads/*:refs/remotes/origin/* +refs/tags/*:refs/tags/* +e0936dbc87c661c161f8422921547f73c67a636e:refs/remotes/pull/1246/merge
job-core	Checkout code	2025-06-27T11:12:44.3054090Z From https://github.com/Ka0s-Klaus/ka0s
job-core	Checkout code	2025-06-27T11:12:44.3055818Z    906d2f65..68071f3f  H1224-new-module-mongodb -> origin/H1224-new-module-mongodb
job-core	Checkout code	2025-06-27T11:12:44.3066325Z    95cc0fdb..8f95248e  main       -> origin/main
job-core	Checkout code	2025-06-27T11:12:44.3067995Z  * [new ref]           e0936dbc87c661c161f8422921547f73c67a636e -> pull/1246/merge
job-core	Checkout code	2025-06-27T11:12:44.3126843Z ##[endgroup]
job-core	Checkout code	2025-06-27T11:12:44.3128316Z ##[group]Determining the checkout info
job-core	Checkout code	2025-06-27T11:12:44.3130327Z ##[endgroup]
job-core	Checkout code	2025-06-27T11:12:44.3132753Z [command]/usr/bin/git sparse-checkout disable
job-core	Checkout code	2025-06-27T11:12:44.3218747Z [command]/usr/bin/git config --local --unset-all extensions.worktreeConfig
job-core	Checkout code	2025-06-27T11:12:44.3255824Z ##[group]Checking out the ref
job-core	Checkout code	2025-06-27T11:12:44.3258818Z [command]/usr/bin/git checkout --progress --force refs/remotes/pull/1246/merge
job-core	Checkout code	2025-06-27T11:12:44.3521268Z Previous HEAD position was 906d2f65 [Ka0S] VERSION  Upload: CHANGELOG.md, INDEX.md with version 0.0.162
job-core	Checkout code	2025-06-27T11:12:44.3524700Z HEAD is now at e0936dbc Merge 68071f3f690ba6c13afaa52d6bda12275189a3c7 into 8f95248e7239f3db044db0133df0ccfd65e40f13
job-core	Checkout code	2025-06-27T11:12:44.3531598Z ##[endgroup]
job-core	Checkout code	2025-06-27T11:12:44.3572627Z [command]/usr/bin/git log -1 --format=%H
job-core	Checkout code	2025-06-27T11:12:44.3599919Z e0936dbc87c661c161f8422921547f73c67a636e
job-core	Get commit details	﻿2025-06-27T11:12:44.3871138Z ##[group]Run RNNUMBER=$(echo "H1224 new module mongodb" | grep -o '[0-9]*')
job-core	Get commit details	2025-06-27T11:12:44.3873421Z [36;1mRNNUMBER=$(echo "H1224 new module mongodb" | grep -o '[0-9]*')[0m
job-core	Get commit details	2025-06-27T11:12:44.3875542Z [36;1mgh issue comment $RNNUMBER --body "Se inicia Version 15924914947"[0m
job-core	Get commit details	2025-06-27T11:12:44.3878531Z [36;1mecho "GH_VERSION=$(gh api repos/:owner/:repo/git/matching-refs/tags --jq '.[-1].ref' | sed 's|refs/tags/||')" >> $GITHUB_ENV[0m
job-core	Get commit details	2025-06-27T11:12:44.3881432Z [36;1mecho "AUTHOR_NAME=$(git log -1 --pretty=format:'%an')" >> $GITHUB_OUTPUT[0m
job-core	Get commit details	2025-06-27T11:12:44.3883715Z [36;1mecho "AUTHOR_EMAIL=$(git log -1 --pretty=format:'%ae')" >> $GITHUB_OUTPUT[0m
job-core	Get commit details	2025-06-27T11:12:44.3885899Z [36;1mecho "COMMIT_MESSAGE=H1224 new module mongodb" >> $GITHUB_OUTPUT[0m
job-core	Get commit details	2025-06-27T11:12:44.3887987Z [36;1mRNBRANCH=$(echo "H1224 new module mongodb" | grep -o '^[A-Za-z]*')[0m
job-core	Get commit details	2025-06-27T11:12:44.3890114Z [36;1mRNNUMBER=$(echo "H1224 new module mongodb" | grep -o '[0-9]*')[0m
job-core	Get commit details	2025-06-27T11:12:44.3891853Z [36;1mecho "Extracted RN Branch: $RNBRANCH"[0m
job-core	Get commit details	2025-06-27T11:12:44.3893329Z [36;1mecho "Extracted RN Number: $RNNUMBER"[0m
job-core	Get commit details	2025-06-27T11:12:44.3894818Z [36;1mecho "RNBRANCH=$RNBRANCH" >> $GITHUB_OUTPUT[0m
job-core	Get commit details	2025-06-27T11:12:44.3896376Z [36;1mecho "RNNUMBER=$RNNUMBER" >> $GITHUB_OUTPUT [0m
job-core	Get commit details	2025-06-27T11:12:44.3906900Z shell: /usr/bin/bash -e {0}
job-core	Get commit details	2025-06-27T11:12:44.3908121Z env:
job-core	Get commit details	2025-06-27T11:12:44.3909259Z   KAOS_MODULE: [Ka0S] VERSION
job-core	Get commit details	2025-06-27T11:12:44.3910836Z   GH_TOKEN: ***
job-core	Get commit details	2025-06-27T11:12:44.3911724Z   PATH_RESUME: core/config/
job-core	Get commit details	2025-06-27T11:12:44.3913065Z   KAOS_REPO: /actions-runner/_work/kaos/kaos
job-core	Get commit details	2025-06-27T11:12:44.3914257Z   KAOS_STEP_MODULE: 
job-core	Get commit details	2025-06-27T11:12:44.3915147Z   KAOS_CODE: 15924914947
job-core	Get commit details	2025-06-27T11:12:44.3916196Z   GH_VERSION: 
job-core	Get commit details	2025-06-27T11:12:44.3917030Z ##[endgroup]
job-core	Get commit details	2025-06-27T11:12:45.8766689Z https://github.com/Ka0s-Klaus/ka0s/issues/1224#issuecomment-3012638529
job-core	Get commit details	2025-06-27T11:12:46.4896687Z Extracted RN Branch: H
job-core	Get commit details	2025-06-27T11:12:46.4897222Z Extracted RN Number: 1224
job-core	Get version	﻿2025-06-27T11:12:46.4953639Z ##[group]Run if [ ! -f 0.0.162 ]; then echo "0.0.162" > version.txt; fi
job-core	Get version	2025-06-27T11:12:46.5018031Z [36;1mif [ ! -f 0.0.162 ]; then echo "0.0.162" > version.txt; fi[0m
job-core	Get version	2025-06-27T11:12:46.5018796Z [36;1mVERSION=0.0.162[0m
job-core	Get version	2025-06-27T11:12:46.5019244Z [36;1mIFS='.' read -r MAJOR MINOR PATCH <<< "$VERSION"[0m
job-core	Get version	2025-06-27T11:12:46.5019612Z [36;1mif [[ "H" =~ (H) ]]; then[0m
job-core	Get version	2025-06-27T11:12:46.5019913Z [36;1m  PATCH=$((PATCH + 1))[0m
job-core	Get version	2025-06-27T11:12:46.5020201Z [36;1melif [[ "H" =~ (F) ]]; then[0m
job-core	Get version	2025-06-27T11:12:46.5020539Z [36;1m  MINOR=$((MINOR + 1))[0m
job-core	Get version	2025-06-27T11:12:46.5020811Z [36;1m  PATCH=0[0m
job-core	Get version	2025-06-27T11:12:46.5021058Z [36;1melif [[ "H" =~ (RN) ]]; then[0m
job-core	Get version	2025-06-27T11:12:46.5021367Z [36;1m  MAJOR=$((MAJOR + 1))[0m
job-core	Get version	2025-06-27T11:12:46.5021633Z [36;1m  MINOR=0[0m
job-core	Get version	2025-06-27T11:12:46.5021904Z [36;1m  PATCH=0[0m
job-core	Get version	2025-06-27T11:12:46.5022138Z [36;1mfi[0m
job-core	Get version	2025-06-27T11:12:46.5022353Z [36;1m[0m
job-core	Get version	2025-06-27T11:12:46.5022595Z [36;1mNEW_VERSION="$MAJOR.$MINOR.$PATCH"[0m
job-core	Get version	2025-06-27T11:12:46.5023000Z [36;1mecho "VERSION=$NEW_VERSION" >> $GITHUB_OUTPUT[0m
job-core	Get version	2025-06-27T11:12:46.5023385Z [36;1mecho "GH_VERSION=$NEW_VERSION" >> $GITHUB_ENV[0m
job-core	Get version	2025-06-27T11:12:46.5030496Z shell: /usr/bin/bash -e {0}
job-core	Get version	2025-06-27T11:12:46.5030796Z env:
job-core	Get version	2025-06-27T11:12:46.5031052Z   KAOS_MODULE: [Ka0S] VERSION
job-core	Get version	2025-06-27T11:12:46.5031683Z   GH_TOKEN: ***
job-core	Get version	2025-06-27T11:12:46.5031934Z   PATH_RESUME: core/config/
job-core	Get version	2025-06-27T11:12:46.5032238Z   KAOS_REPO: /actions-runner/_work/kaos/kaos
job-core	Get version	2025-06-27T11:12:46.5032570Z   KAOS_STEP_MODULE: 
job-core	Get version	2025-06-27T11:12:46.5032817Z   KAOS_CODE: 15924914947
job-core	Get version	2025-06-27T11:12:46.5033107Z   GH_VERSION: 0.0.162
job-core	Get version	2025-06-27T11:12:46.5033383Z ##[endgroup]
job-core	Get changed files	﻿2025-06-27T11:12:46.5106142Z ##[group]Run CHANGED_FILES=$(git diff --name-only HEAD~1 | tr '\n' ' ')
job-core	Get changed files	2025-06-27T11:12:46.5106729Z [36;1mCHANGED_FILES=$(git diff --name-only HEAD~1 | tr '\n' ' ')[0m
job-core	Get changed files	2025-06-27T11:12:46.5107190Z [36;1mecho "CHANGED_FILES=$CHANGED_FILES" >> $GITHUB_OUTPUT[0m
job-core	Get changed files	2025-06-27T11:12:46.5113683Z shell: /usr/bin/bash -e {0}
job-core	Get changed files	2025-06-27T11:12:46.5113972Z env:
job-core	Get changed files	2025-06-27T11:12:46.5114197Z   KAOS_MODULE: [Ka0S] VERSION
job-core	Get changed files	2025-06-27T11:12:46.5114681Z   GH_TOKEN: ***
job-core	Get changed files	2025-06-27T11:12:46.5114933Z   PATH_RESUME: core/config/
job-core	Get changed files	2025-06-27T11:12:46.5115228Z   KAOS_REPO: /actions-runner/_work/kaos/kaos
job-core	Get changed files	2025-06-27T11:12:46.5115540Z   KAOS_STEP_MODULE: 
job-core	Get changed files	2025-06-27T11:12:46.5115793Z   KAOS_CODE: 15924914947
job-core	Get changed files	2025-06-27T11:12:46.5116046Z   GH_VERSION: 0.0.163
job-core	Get changed files	2025-06-27T11:12:46.5116285Z ##[endgroup]
job-core	Update changelog	﻿2025-06-27T11:12:46.5307585Z ##[group]Run echo "## Version 0.0.163" >> CHANGELOG.md
job-core	Update changelog	2025-06-27T11:12:46.5308134Z [36;1mecho "## Version 0.0.163" >> CHANGELOG.md[0m
job-core	Update changelog	2025-06-27T11:12:46.5308716Z [36;1mecho "- **Branch**: refs/pull/1246/merge" >> CHANGELOG.md[0m
job-core	Update changelog	2025-06-27T11:12:46.5309373Z [36;1mecho "- **Commit**: $(git log -1 --pretty=format:'%s' 68071f3f690ba6c13afaa52d6bda12275189a3c7)" >> CHANGELOG.md[0m
job-core	Update changelog	2025-06-27T11:12:46.5309977Z [36;1mecho "- **Author**: Ka0s" >> CHANGELOG.md[0m
job-core	Update changelog	2025-06-27T11:12:46.5310367Z [36;1mecho "- **Date**: $(date -u)" >> CHANGELOG.md[0m
job-core	Update changelog	2025-06-27T11:12:46.5310812Z [36;1mecho "- **Message**: H1224 new module mongodb" >> CHANGELOG.md[0m
job-core	Update changelog	2025-06-27T11:12:46.5311262Z [36;1mecho "- **Files Changed**:" >> CHANGELOG.md[0m
job-core	Update changelog	2025-06-27T11:12:46.5312154Z [36;1mfor file in .github/workflows/kaos.yml audit/kaos/event_data_15924767631.json core/database/scripts/db-create.py version.txt ; do echo "  - $file" >> CHANGELOG.md; done[0m
job-core	Update changelog	2025-06-27T11:12:46.5313035Z [36;1mecho "---------------------------------" >> CHANGELOG.md[0m
job-core	Update changelog	2025-06-27T11:12:46.5319719Z shell: /usr/bin/bash -e {0}
job-core	Update changelog	2025-06-27T11:12:46.5320034Z env:
job-core	Update changelog	2025-06-27T11:12:46.5320269Z   KAOS_MODULE: [Ka0S] VERSION
job-core	Update changelog	2025-06-27T11:12:46.5320781Z   GH_TOKEN: ***
job-core	Update changelog	2025-06-27T11:12:46.5321044Z   PATH_RESUME: core/config/
job-core	Update changelog	2025-06-27T11:12:46.5321350Z   KAOS_REPO: /actions-runner/_work/kaos/kaos
job-core	Update changelog	2025-06-27T11:12:46.5321684Z   KAOS_STEP_MODULE: 
job-core	Update changelog	2025-06-27T11:12:46.5321939Z   KAOS_CODE: 15924914947
job-core	Update changelog	2025-06-27T11:12:46.5322202Z   GH_VERSION: 0.0.163
job-core	Update changelog	2025-06-27T11:12:46.5322454Z   VERSION: 0.0.163
job-core	Update changelog	2025-06-27T11:12:46.5323039Z   CHANGE_FILES: .github/workflows/kaos.yml audit/kaos/event_data_15924767631.json core/database/scripts/db-create.py version.txt 
job-core	Update changelog	2025-06-27T11:12:46.5323675Z   NAME: Ka0s
job-core	Update changelog	2025-06-27T11:12:46.5323967Z   EMAIL: ***
job-core	Update changelog	2025-06-27T11:12:46.5324271Z   MESSAGE: H1224 new module mongodb
job-core	Update changelog	2025-06-27T11:12:46.5324571Z ##[endgroup]
job-core	Push log, tag and index	﻿2025-06-27T11:12:46.5442250Z ##[group]Run git config --global user.name '***'
job-core	Push log, tag and index	2025-06-27T11:12:46.5442818Z [36;1mgit config --global user.name '***'[0m
job-core	Push log, tag and index	2025-06-27T11:12:46.5443265Z [36;1mgit config --global user.email '***'[0m
job-core	Push log, tag and index	2025-06-27T11:12:46.5443699Z [36;1mgit tag -a "0.0.163" -m "[Ka0S] VERSION NEW Ka0S version 0.0.163"[0m
job-core	Push log, tag and index	2025-06-27T11:12:46.5444112Z [36;1mgit push origin "0.0.163"[0m
job-core	Push log, tag and index	2025-06-27T11:12:46.5444513Z [36;1mif [ ! -f INDEX.md ]; then echo "# Version Index" > INDEX.md; fi[0m
job-core	Push log, tag and index	2025-06-27T11:12:46.5445070Z [36;1mecho "- **Version**: 0.0.163 - **Description**: H1224 new module mongodb" >> INDEX.md[0m
job-core	Push log, tag and index	2025-06-27T11:12:46.5445553Z [36;1mgit add INDEX.md CHANGELOG.md[0m
job-core	Push log, tag and index	2025-06-27T11:12:46.5446047Z [36;1mgit commit -m "[Ka0S] VERSION  Upload: CHANGELOG.md, INDEX.md with version 0.0.163"[0m
job-core	Push log, tag and index	2025-06-27T11:12:46.5446589Z [36;1mgit push origin HEAD:H1224-new-module-mongodb[0m
job-core	Push log, tag and index	2025-06-27T11:12:46.5452946Z shell: /usr/bin/bash -e {0}
job-core	Push log, tag and index	2025-06-27T11:12:46.5453245Z env:
job-core	Push log, tag and index	2025-06-27T11:12:46.5453497Z   KAOS_MODULE: [Ka0S] VERSION
job-core	Push log, tag and index	2025-06-27T11:12:46.5454003Z   GH_TOKEN: ***
job-core	Push log, tag and index	2025-06-27T11:12:46.5454282Z   PATH_RESUME: core/config/
job-core	Push log, tag and index	2025-06-27T11:12:46.5454597Z   KAOS_REPO: /actions-runner/_work/kaos/kaos
job-core	Push log, tag and index	2025-06-27T11:12:46.5454934Z   KAOS_STEP_MODULE: 
job-core	Push log, tag and index	2025-06-27T11:12:46.5455198Z   KAOS_CODE: 15924914947
job-core	Push log, tag and index	2025-06-27T11:12:46.5455466Z   GH_VERSION: 0.0.163
job-core	Push log, tag and index	2025-06-27T11:12:46.5455745Z   USER_NAME: ***
job-core	Push log, tag and index	2025-06-27T11:12:46.5456016Z   USER_EMAIL: ***
job-core	Push log, tag and index	2025-06-27T11:12:46.5456257Z ##[endgroup]
job-core	Push log, tag and index	2025-06-27T11:12:47.5062155Z To https://github.com/Ka0s-Klaus/ka0s
job-core	Push log, tag and index	2025-06-27T11:12:47.5077410Z  * [new tag]           0.0.163 -> 0.0.163
job-core	Push log, tag and index	2025-06-27T11:12:47.5393530Z [detached HEAD 900a8e5e] [Ka0S] VERSION  Upload: CHANGELOG.md, INDEX.md with version 0.0.163
job-core	Push log, tag and index	2025-06-27T11:12:47.5394114Z  2 files changed, 13 insertions(+)
job-core	Push log, tag and index	2025-06-27T11:12:48.5020754Z To https://github.com/Ka0s-Klaus/ka0s
job-core	Push log, tag and index	2025-06-27T11:12:48.5021230Z    68071f3f..900a8e5e  HEAD -> H1224-new-module-mongodb
job-core	Post Checkout code	﻿2025-06-27T11:12:48.5157069Z Post job cleanup.
job-core	Post Checkout code	2025-06-27T11:12:48.6229560Z [command]/usr/bin/git version
job-core	Post Checkout code	2025-06-27T11:12:48.6267066Z git version 2.43.0
job-core	Post Checkout code	2025-06-27T11:12:48.6306908Z Copying '/home/kaos/.gitconfig' to '/actions-runner/_work/_temp/e263d8eb-7727-4488-9152-8e8f2f76f174/.gitconfig'
job-core	Post Checkout code	2025-06-27T11:12:48.6320736Z Temporarily overriding HOME='/actions-runner/_work/_temp/e263d8eb-7727-4488-9152-8e8f2f76f174' before making global git config changes
job-core	Post Checkout code	2025-06-27T11:12:48.6321724Z Adding repository directory to the temporary git global config as a safe directory
job-core	Post Checkout code	2025-06-27T11:12:48.6326937Z [command]/usr/bin/git config --global --add safe.directory /actions-runner/_work/ka0s/ka0s
job-core	Post Checkout code	2025-06-27T11:12:48.6375011Z [command]/usr/bin/git config --local --name-only --get-regexp core\.sshCommand
job-core	Post Checkout code	2025-06-27T11:12:48.6412631Z [command]/usr/bin/git submodule foreach --recursive sh -c "git config --local --name-only --get-regexp 'core\.sshCommand' && git config --local --unset-all 'core.sshCommand' || :"
job-core	Post Checkout code	2025-06-27T11:12:48.6676095Z [command]/usr/bin/git config --local --name-only --get-regexp http\.https\:\/\/github\.com\/\.extraheader
job-core	Post Checkout code	2025-06-27T11:12:48.6700629Z http.https://github.com/.extraheader
job-core	Post Checkout code	2025-06-27T11:12:48.6713826Z [command]/usr/bin/git config --local --unset-all http.https://github.com/.extraheader
job-core	Post Checkout code	2025-06-27T11:12:48.6749523Z [command]/usr/bin/git submodule foreach --recursive sh -c "git config --local --name-only --get-regexp 'http\.https\:\/\/github\.com\/\.extraheader' && git config --local --unset-all 'http.https://github.com/.extraheader' || :"
job-core	Complete job	﻿2025-06-27T11:12:48.7136502Z Evaluate and set job outputs
job-core	Complete job	2025-06-27T11:12:48.7143519Z Set output 'KAOS_BRANCH'
job-core	Complete job	2025-06-27T11:12:48.7145206Z Set output 'KAOS_NUMBER'
job-core	Complete job	2025-06-27T11:12:48.7145835Z Set output 'KAOS_VERSION'
job-core	Complete job	2025-06-27T11:12:48.7146425Z Set output 'KAOS_FILES'
job-core	Complete job	2025-06-27T11:12:48.7146713Z Set output 'AUTHOR_NAME'
job-core	Complete job	2025-06-27T11:12:48.7154634Z ##[warning]Skip output 'AUTHOR_EMAIL' since it may contain secret.
job-core	Complete job	2025-06-27T11:12:48.7160959Z Set output 'COMMIT_MESSAGE'
job-core	Complete job	2025-06-27T11:12:48.7161612Z Cleaning up orphan processes
handle-success	Set up job	﻿2025-06-27T11:12:53.9306894Z Current runner version: '2.325.0'
handle-success	Set up job	2025-06-27T11:12:53.9313830Z Runner name: 'ka0s-ka0s-2'
handle-success	Set up job	2025-06-27T11:12:53.9314568Z Runner group name: 'ka0s'
handle-success	Set up job	2025-06-27T11:12:53.9315485Z Machine name: '6e01ed641e71'
handle-success	Set up job	2025-06-27T11:12:53.9318234Z ##[group]GITHUB_TOKEN Permissions
handle-success	Set up job	2025-06-27T11:12:53.9320749Z Actions: write
handle-success	Set up job	2025-06-27T11:12:53.9321336Z Contents: write
handle-success	Set up job	2025-06-27T11:12:53.9376640Z Issues: write
handle-success	Set up job	2025-06-27T11:12:53.9377434Z Metadata: read
handle-success	Set up job	2025-06-27T11:12:53.9377874Z ##[endgroup]
handle-success	Set up job	2025-06-27T11:12:53.9381637Z Secret source: Actions
handle-success	Set up job	2025-06-27T11:12:53.9382227Z Prepare workflow directory
handle-success	Set up job	2025-06-27T11:12:53.9992325Z Prepare all required actions
handle-success	Set up job	2025-06-27T11:12:54.0037378Z Getting action download info
handle-success	Set up job	2025-06-27T11:12:54.5192292Z Download action repository 'actions/checkout@v4' (SHA:11bd71901bbe5b1630ceea73d27597364c9af683)
handle-success	Set up job	2025-06-27T11:12:55.3314549Z Complete job name: handle-success
handle-success	Checkout code	﻿2025-06-27T11:12:55.3775440Z ##[group]Run actions/checkout@v4
handle-success	Checkout code	2025-06-27T11:12:55.3776331Z with:
handle-success	Checkout code	2025-06-27T11:12:55.3776735Z   fetch-depth: 0
handle-success	Checkout code	2025-06-27T11:12:55.3777427Z   token: ***
handle-success	Checkout code	2025-06-27T11:12:55.3777840Z   repository: Ka0s-Klaus/ka0s
handle-success	Checkout code	2025-06-27T11:12:55.3778313Z   ssh-strict: true
handle-success	Checkout code	2025-06-27T11:12:55.3779042Z   ssh-user: git
handle-success	Checkout code	2025-06-27T11:12:55.3779461Z   persist-credentials: true
handle-success	Checkout code	2025-06-27T11:12:55.3779907Z   clean: true
handle-success	Checkout code	2025-06-27T11:12:55.3780329Z   sparse-checkout-cone-mode: true
handle-success	Checkout code	2025-06-27T11:12:55.3780818Z   fetch-tags: false
handle-success	Checkout code	2025-06-27T11:12:55.3781238Z   show-progress: true
handle-success	Checkout code	2025-06-27T11:12:55.3781656Z   lfs: false
handle-success	Checkout code	2025-06-27T11:12:55.3782030Z   submodules: false
handle-success	Checkout code	2025-06-27T11:12:55.3782477Z   set-safe-directory: true
handle-success	Checkout code	2025-06-27T11:12:55.3783167Z env:
handle-success	Checkout code	2025-06-27T11:12:55.3783563Z   KAOS_MODULE: [Ka0S] VERSION
handle-success	Checkout code	2025-06-27T11:12:55.3784179Z   GH_TOKEN: ***
handle-success	Checkout code	2025-06-27T11:12:55.3784599Z   PATH_RESUME: core/config/
handle-success	Checkout code	2025-06-27T11:12:55.3785096Z   KAOS_REPO: /actions-runner/_work/kaos/kaos
handle-success	Checkout code	2025-06-27T11:12:55.3785630Z   KAOS_STEP_MODULE: 
handle-success	Checkout code	2025-06-27T11:12:55.3786091Z   KAOS_CODE: 15924914947
handle-success	Checkout code	2025-06-27T11:12:55.3786526Z   GH_VERSION: 
handle-success	Checkout code	2025-06-27T11:12:55.3786917Z ##[endgroup]
handle-success	Checkout code	2025-06-27T11:12:55.4941914Z Syncing repository: Ka0s-Klaus/ka0s
handle-success	Checkout code	2025-06-27T11:12:55.4943856Z ##[group]Getting Git version info
handle-success	Checkout code	2025-06-27T11:12:55.4944570Z Working directory is '/actions-runner/_work/ka0s/ka0s'
handle-success	Checkout code	2025-06-27T11:12:55.4945555Z [command]/usr/bin/git version
handle-success	Checkout code	2025-06-27T11:12:55.4971177Z git version 2.43.0
handle-success	Checkout code	2025-06-27T11:12:55.4976350Z ##[endgroup]
handle-success	Checkout code	2025-06-27T11:12:55.4983336Z Copying '/home/kaos/.gitconfig' to '/actions-runner/_work/_temp/cf74c30c-0a6a-4881-9a2d-e6f3c58e7ba1/.gitconfig'
handle-success	Checkout code	2025-06-27T11:12:55.4994498Z Temporarily overriding HOME='/actions-runner/_work/_temp/cf74c30c-0a6a-4881-9a2d-e6f3c58e7ba1' before making global git config changes
handle-success	Checkout code	2025-06-27T11:12:55.4996140Z Adding repository directory to the temporary git global config as a safe directory
handle-success	Checkout code	2025-06-27T11:12:55.5001343Z [command]/usr/bin/git config --global --add safe.directory /actions-runner/_work/ka0s/ka0s
handle-success	Checkout code	2025-06-27T11:12:55.5045525Z [command]/usr/bin/git config --local --get remote.origin.url
handle-success	Checkout code	2025-06-27T11:12:55.5068573Z https://github.com/Ka0s-Klaus/ka0s
handle-success	Checkout code	2025-06-27T11:12:55.5089080Z ##[group]Removing previously created refs, to avoid conflicts
handle-success	Checkout code	2025-06-27T11:12:55.5093673Z [command]/usr/bin/git rev-parse --symbolic-full-name --verify --quiet HEAD
handle-success	Checkout code	2025-06-27T11:12:55.5118612Z HEAD
handle-success	Checkout code	2025-06-27T11:12:55.5161630Z ##[endgroup]
handle-success	Checkout code	2025-06-27T11:12:55.5163783Z [command]/usr/bin/git submodule status
handle-success	Checkout code	2025-06-27T11:12:55.5418957Z ##[group]Cleaning the repository
handle-success	Checkout code	2025-06-27T11:12:55.5422568Z [command]/usr/bin/git clean -ffdx
handle-success	Checkout code	2025-06-27T11:12:55.5507245Z [command]/usr/bin/git reset --hard HEAD
handle-success	Checkout code	2025-06-27T11:12:55.5798747Z HEAD is now at 8aef3f7f Merge 37f5c9555cc5a20f393b02659d7c81dd0ec447d7 into 95cc0fdbee36523d26433c975161554af53caa72
handle-success	Checkout code	2025-06-27T11:12:55.5805013Z ##[endgroup]
handle-success	Checkout code	2025-06-27T11:12:55.5806391Z ##[group]Disabling automatic garbage collection
handle-success	Checkout code	2025-06-27T11:12:55.5813266Z [command]/usr/bin/git config --local gc.auto 0
handle-success	Checkout code	2025-06-27T11:12:55.5846267Z ##[endgroup]
handle-success	Checkout code	2025-06-27T11:12:55.5847498Z ##[group]Setting up auth
handle-success	Checkout code	2025-06-27T11:12:55.5854045Z [command]/usr/bin/git config --local --name-only --get-regexp core\.sshCommand
handle-success	Checkout code	2025-06-27T11:12:55.5888960Z [command]/usr/bin/git submodule foreach --recursive sh -c "git config --local --name-only --get-regexp 'core\.sshCommand' && git config --local --unset-all 'core.sshCommand' || :"
handle-success	Checkout code	2025-06-27T11:12:55.6161479Z [command]/usr/bin/git config --local --name-only --get-regexp http\.https\:\/\/github\.com\/\.extraheader
handle-success	Checkout code	2025-06-27T11:12:55.6192908Z [command]/usr/bin/git submodule foreach --recursive sh -c "git config --local --name-only --get-regexp 'http\.https\:\/\/github\.com\/\.extraheader' && git config --local --unset-all 'http.https://github.com/.extraheader' || :"
handle-success	Checkout code	2025-06-27T11:12:55.6466765Z [command]/usr/bin/git config --local http.https://github.com/.extraheader AUTHORIZATION: basic ***
handle-success	Checkout code	2025-06-27T11:12:55.6516247Z ##[endgroup]
handle-success	Checkout code	2025-06-27T11:12:55.6517789Z ##[group]Fetching the repository
handle-success	Checkout code	2025-06-27T11:12:55.6526468Z [command]/usr/bin/git -c protocol.version=2 fetch --prune --no-recurse-submodules origin +refs/heads/*:refs/remotes/origin/* +refs/tags/*:refs/tags/* +e0936dbc87c661c161f8422921547f73c67a636e:refs/remotes/pull/1246/merge
handle-success	Checkout code	2025-06-27T11:12:56.5225233Z From https://github.com/Ka0s-Klaus/ka0s
handle-success	Checkout code	2025-06-27T11:12:56.5227309Z    906d2f65..900a8e5e  H1224-new-module-mongodb -> origin/H1224-new-module-mongodb
handle-success	Checkout code	2025-06-27T11:12:56.5229290Z    95cc0fdb..8f95248e  main       -> origin/main
handle-success	Checkout code	2025-06-27T11:12:56.5230600Z  * [new tag]           0.0.163    -> 0.0.163
handle-success	Checkout code	2025-06-27T11:12:56.5234404Z  * [new ref]           e0936dbc87c661c161f8422921547f73c67a636e -> pull/1246/merge
handle-success	Checkout code	2025-06-27T11:12:56.5294907Z ##[endgroup]
handle-success	Checkout code	2025-06-27T11:12:56.5296458Z ##[group]Determining the checkout info
handle-success	Checkout code	2025-06-27T11:12:56.5298132Z ##[endgroup]
handle-success	Checkout code	2025-06-27T11:12:56.5299262Z [command]/usr/bin/git sparse-checkout disable
handle-success	Checkout code	2025-06-27T11:12:56.5384849Z [command]/usr/bin/git config --local --unset-all extensions.worktreeConfig
handle-success	Checkout code	2025-06-27T11:12:56.5420783Z ##[group]Checking out the ref
handle-success	Checkout code	2025-06-27T11:12:56.5423234Z [command]/usr/bin/git checkout --progress --force refs/remotes/pull/1246/merge
handle-success	Checkout code	2025-06-27T11:12:56.5728106Z Previous HEAD position was 8aef3f7f Merge 37f5c9555cc5a20f393b02659d7c81dd0ec447d7 into 95cc0fdbee36523d26433c975161554af53caa72
handle-success	Checkout code	2025-06-27T11:12:56.5732714Z HEAD is now at e0936dbc Merge 68071f3f690ba6c13afaa52d6bda12275189a3c7 into 8f95248e7239f3db044db0133df0ccfd65e40f13
handle-success	Checkout code	2025-06-27T11:12:56.5738656Z ##[endgroup]
handle-success	Checkout code	2025-06-27T11:12:56.5780806Z [command]/usr/bin/git log -1 --format=%H
handle-success	Checkout code	2025-06-27T11:12:56.5808682Z e0936dbc87c661c161f8422921547f73c67a636e
handle-success	handle-success-execution	﻿2025-06-27T11:12:56.6081561Z ##[group]Run # Si todo ha ido correcto añadimos el contenido del fichero 
handle-success	handle-success-execution	2025-06-27T11:12:56.6083548Z [36;1m# Si todo ha ido correcto añadimos el contenido del fichero [0m
handle-success	handle-success-execution	2025-06-27T11:12:56.6085298Z [36;1mRNNUMBER=$(echo "refs/pull/1246/merge" | grep -o '[0-9]*')[0m
handle-success	handle-success-execution	2025-06-27T11:12:56.6088381Z [36;1mgh issue comment $RNNUMBER --body "El proceso ha finalizado correctamente 15924914947. El resultado está en el fichero core/results/event_data_15924914947.log"[0m
handle-success	handle-success-execution	2025-06-27T11:12:56.6101610Z shell: /usr/bin/bash -e {0}
handle-success	handle-success-execution	2025-06-27T11:12:56.6102620Z env:
handle-success	handle-success-execution	2025-06-27T11:12:56.6103407Z   KAOS_MODULE: [Ka0S] VERSION
handle-success	handle-success-execution	2025-06-27T11:12:56.6104789Z   GH_TOKEN: ***
handle-success	handle-success-execution	2025-06-27T11:12:56.6105650Z   PATH_RESUME: core/config/
handle-success	handle-success-execution	2025-06-27T11:12:56.6106716Z   KAOS_REPO: /actions-runner/_work/kaos/kaos
handle-success	handle-success-execution	2025-06-27T11:12:56.6107886Z   KAOS_STEP_MODULE: 
handle-success	handle-success-execution	2025-06-27T11:12:56.6109432Z   KAOS_CODE: 15924914947
handle-success	handle-success-execution	2025-06-27T11:12:56.6110347Z   GH_VERSION: 
handle-success	handle-success-execution	2025-06-27T11:12:56.6111164Z ##[endgroup]
handle-success	handle-success-execution	2025-06-27T11:12:57.6520687Z https://github.com/Ka0s-Klaus/ka0s/pull/1246#issuecomment-3012639148
handle-success	Post Checkout code	﻿2025-06-27T11:12:57.6710808Z Post job cleanup.
handle-success	Post Checkout code	2025-06-27T11:12:57.7703093Z [command]/usr/bin/git version
handle-success	Post Checkout code	2025-06-27T11:12:57.7742916Z git version 2.43.0
handle-success	Post Checkout code	2025-06-27T11:12:57.7782491Z Copying '/home/kaos/.gitconfig' to '/actions-runner/_work/_temp/b537b856-ad69-44f8-b403-bc14c40a0eb1/.gitconfig'
handle-success	Post Checkout code	2025-06-27T11:12:57.7795770Z Temporarily overriding HOME='/actions-runner/_work/_temp/b537b856-ad69-44f8-b403-bc14c40a0eb1' before making global git config changes
handle-success	Post Checkout code	2025-06-27T11:12:57.7797258Z Adding repository directory to the temporary git global config as a safe directory
handle-success	Post Checkout code	2025-06-27T11:12:57.7802335Z [command]/usr/bin/git config --global --add safe.directory /actions-runner/_work/ka0s/ka0s
handle-success	Post Checkout code	2025-06-27T11:12:57.7850470Z [command]/usr/bin/git config --local --name-only --get-regexp core\.sshCommand
handle-success	Post Checkout code	2025-06-27T11:12:57.7887457Z [command]/usr/bin/git submodule foreach --recursive sh -c "git config --local --name-only --get-regexp 'core\.sshCommand' && git config --local --unset-all 'core.sshCommand' || :"
handle-success	Post Checkout code	2025-06-27T11:12:57.8152359Z [command]/usr/bin/git config --local --name-only --get-regexp http\.https\:\/\/github\.com\/\.extraheader
handle-success	Post Checkout code	2025-06-27T11:12:57.8177533Z http.https://github.com/.extraheader
handle-success	Post Checkout code	2025-06-27T11:12:57.8188945Z [command]/usr/bin/git config --local --unset-all http.https://github.com/.extraheader
handle-success	Post Checkout code	2025-06-27T11:12:57.8225891Z [command]/usr/bin/git submodule foreach --recursive sh -c "git config --local --name-only --get-regexp 'http\.https\:\/\/github\.com\/\.extraheader' && git config --local --unset-all 'http.https://github.com/.extraheader' || :"
handle-success	Complete job	﻿2025-06-27T11:12:57.8601506Z Cleaning up orphan processes
end-workflow	Set up job	﻿2025-06-27T11:13:03.6879904Z Current runner version: '2.325.0'
end-workflow	Set up job	2025-06-27T11:13:03.6886472Z Runner name: 'ka0s-ka0s-4'
end-workflow	Set up job	2025-06-27T11:13:03.6887189Z Runner group name: 'ka0s'
end-workflow	Set up job	2025-06-27T11:13:03.6888086Z Machine name: '329efbf9b9e5'
end-workflow	Set up job	2025-06-27T11:13:03.6891170Z ##[group]GITHUB_TOKEN Permissions
end-workflow	Set up job	2025-06-27T11:13:03.6959663Z Actions: write
end-workflow	Set up job	2025-06-27T11:13:03.6960449Z Contents: write
end-workflow	Set up job	2025-06-27T11:13:03.6960867Z Issues: write
end-workflow	Set up job	2025-06-27T11:13:03.6961264Z Metadata: read
end-workflow	Set up job	2025-06-27T11:13:03.6961668Z ##[endgroup]
end-workflow	Set up job	2025-06-27T11:13:03.6965144Z Secret source: Actions
end-workflow	Set up job	2025-06-27T11:13:03.6965805Z Prepare workflow directory
end-workflow	Set up job	2025-06-27T11:13:03.7590098Z Prepare all required actions
end-workflow	Set up job	2025-06-27T11:13:03.7629387Z Getting action download info
end-workflow	Set up job	2025-06-27T11:13:04.3166235Z Download action repository 'actions/checkout@v4' (SHA:11bd71901bbe5b1630ceea73d27597364c9af683)
end-workflow	Set up job	2025-06-27T11:13:05.0829162Z Complete job name: end-workflow
end-workflow	Checkout code	﻿2025-06-27T11:13:05.1303086Z ##[group]Run actions/checkout@v4
end-workflow	Checkout code	2025-06-27T11:13:05.1304013Z with:
end-workflow	Checkout code	2025-06-27T11:13:05.1304444Z   fetch-depth: 0
end-workflow	Checkout code	2025-06-27T11:13:05.1305174Z   token: ***
end-workflow	Checkout code	2025-06-27T11:13:05.1305623Z   repository: Ka0s-Klaus/ka0s
end-workflow	Checkout code	2025-06-27T11:13:05.1306136Z   ssh-strict: true
end-workflow	Checkout code	2025-06-27T11:13:05.1306560Z   ssh-user: git
end-workflow	Checkout code	2025-06-27T11:13:05.1307005Z   persist-credentials: true
end-workflow	Checkout code	2025-06-27T11:13:05.1307501Z   clean: true
end-workflow	Checkout code	2025-06-27T11:13:05.1307944Z   sparse-checkout-cone-mode: true
end-workflow	Checkout code	2025-06-27T11:13:05.1308695Z   fetch-tags: false
end-workflow	Checkout code	2025-06-27T11:13:05.1309285Z   show-progress: true
end-workflow	Checkout code	2025-06-27T11:13:05.1309732Z   lfs: false
end-workflow	Checkout code	2025-06-27T11:13:05.1310148Z   submodules: false
end-workflow	Checkout code	2025-06-27T11:13:05.1310619Z   set-safe-directory: true
end-workflow	Checkout code	2025-06-27T11:13:05.1311342Z env:
end-workflow	Checkout code	2025-06-27T11:13:05.1311772Z   KAOS_MODULE: [Ka0S] VERSION
end-workflow	Checkout code	2025-06-27T11:13:05.1312440Z   GH_TOKEN: ***
end-workflow	Checkout code	2025-06-27T11:13:05.1312892Z   PATH_RESUME: core/config/
end-workflow	Checkout code	2025-06-27T11:13:05.1313444Z   KAOS_REPO: /actions-runner/_work/kaos/kaos
end-workflow	Checkout code	2025-06-27T11:13:05.1314032Z   KAOS_STEP_MODULE: 
end-workflow	Checkout code	2025-06-27T11:13:05.1314523Z   KAOS_CODE: 15924914947
end-workflow	Checkout code	2025-06-27T11:13:05.1314995Z   GH_VERSION: 
end-workflow	Checkout code	2025-06-27T11:13:05.1315417Z ##[endgroup]
end-workflow	Checkout code	2025-06-27T11:13:05.2484037Z Syncing repository: Ka0s-Klaus/ka0s
end-workflow	Checkout code	2025-06-27T11:13:05.2486351Z ##[group]Getting Git version info
end-workflow	Checkout code	2025-06-27T11:13:05.2487355Z Working directory is '/actions-runner/_work/ka0s/ka0s'
end-workflow	Checkout code	2025-06-27T11:13:05.2488656Z [command]/usr/bin/git version
end-workflow	Checkout code	2025-06-27T11:13:05.2489290Z git version 2.43.0
end-workflow	Checkout code	2025-06-27T11:13:05.2491210Z ##[endgroup]
end-workflow	Checkout code	2025-06-27T11:13:05.2499533Z Copying '/home/kaos/.gitconfig' to '/actions-runner/_work/_temp/d057f343-59a8-4ce6-90fe-a1b91fc9ab24/.gitconfig'
end-workflow	Checkout code	2025-06-27T11:13:05.2513165Z Temporarily overriding HOME='/actions-runner/_work/_temp/d057f343-59a8-4ce6-90fe-a1b91fc9ab24' before making global git config changes
end-workflow	Checkout code	2025-06-27T11:13:05.2514870Z Adding repository directory to the temporary git global config as a safe directory
end-workflow	Checkout code	2025-06-27T11:13:05.2517727Z [command]/usr/bin/git config --global --add safe.directory /actions-runner/_work/ka0s/ka0s
end-workflow	Checkout code	2025-06-27T11:13:05.2562689Z [command]/usr/bin/git config --local --get remote.origin.url
end-workflow	Checkout code	2025-06-27T11:13:05.2586236Z https://github.com/Ka0s-Klaus/ka0s
end-workflow	Checkout code	2025-06-27T11:13:05.2607555Z ##[group]Removing previously created refs, to avoid conflicts
end-workflow	Checkout code	2025-06-27T11:13:05.2613428Z [command]/usr/bin/git rev-parse --symbolic-full-name --verify --quiet HEAD
end-workflow	Checkout code	2025-06-27T11:13:05.2637030Z HEAD
end-workflow	Checkout code	2025-06-27T11:13:05.2681424Z ##[endgroup]
end-workflow	Checkout code	2025-06-27T11:13:05.2683894Z [command]/usr/bin/git submodule status
end-workflow	Checkout code	2025-06-27T11:13:05.2939173Z ##[group]Cleaning the repository
end-workflow	Checkout code	2025-06-27T11:13:05.2942371Z [command]/usr/bin/git clean -ffdx
end-workflow	Checkout code	2025-06-27T11:13:05.3029142Z [command]/usr/bin/git reset --hard HEAD
end-workflow	Checkout code	2025-06-27T11:13:05.3351956Z HEAD is now at 8aef3f7f Merge 37f5c9555cc5a20f393b02659d7c81dd0ec447d7 into 95cc0fdbee36523d26433c975161554af53caa72
end-workflow	Checkout code	2025-06-27T11:13:05.3358685Z ##[endgroup]
end-workflow	Checkout code	2025-06-27T11:13:05.3360730Z ##[group]Disabling automatic garbage collection
end-workflow	Checkout code	2025-06-27T11:13:05.3367330Z [command]/usr/bin/git config --local gc.auto 0
end-workflow	Checkout code	2025-06-27T11:13:05.3401665Z ##[endgroup]
end-workflow	Checkout code	2025-06-27T11:13:05.3403014Z ##[group]Setting up auth
end-workflow	Checkout code	2025-06-27T11:13:05.3408966Z [command]/usr/bin/git config --local --name-only --get-regexp core\.sshCommand
end-workflow	Checkout code	2025-06-27T11:13:05.3442282Z [command]/usr/bin/git submodule foreach --recursive sh -c "git config --local --name-only --get-regexp 'core\.sshCommand' && git config --local --unset-all 'core.sshCommand' || :"
end-workflow	Checkout code	2025-06-27T11:13:05.3702590Z [command]/usr/bin/git config --local --name-only --get-regexp http\.https\:\/\/github\.com\/\.extraheader
end-workflow	Checkout code	2025-06-27T11:13:05.3744762Z [command]/usr/bin/git submodule foreach --recursive sh -c "git config --local --name-only --get-regexp 'http\.https\:\/\/github\.com\/\.extraheader' && git config --local --unset-all 'http.https://github.com/.extraheader' || :"
end-workflow	Checkout code	2025-06-27T11:13:05.4013095Z [command]/usr/bin/git config --local http.https://github.com/.extraheader AUTHORIZATION: basic ***
end-workflow	Checkout code	2025-06-27T11:13:05.4063824Z ##[endgroup]
end-workflow	Checkout code	2025-06-27T11:13:05.4065366Z ##[group]Fetching the repository
end-workflow	Checkout code	2025-06-27T11:13:05.4074434Z [command]/usr/bin/git -c protocol.version=2 fetch --prune --no-recurse-submodules origin +refs/heads/*:refs/remotes/origin/* +refs/tags/*:refs/tags/* +e0936dbc87c661c161f8422921547f73c67a636e:refs/remotes/pull/1246/merge
end-workflow	Checkout code	2025-06-27T11:13:06.2935112Z From https://github.com/Ka0s-Klaus/ka0s
end-workflow	Checkout code	2025-06-27T11:13:06.2937484Z    906d2f65..900a8e5e  H1224-new-module-mongodb -> origin/H1224-new-module-mongodb
end-workflow	Checkout code	2025-06-27T11:13:06.2939794Z    95cc0fdb..8f95248e  main       -> origin/main
end-workflow	Checkout code	2025-06-27T11:13:06.2941282Z  * [new tag]           0.0.163    -> 0.0.163
end-workflow	Checkout code	2025-06-27T11:13:06.2943380Z  * [new ref]           e0936dbc87c661c161f8422921547f73c67a636e -> pull/1246/merge
end-workflow	Checkout code	2025-06-27T11:13:06.3014136Z ##[endgroup]
end-workflow	Checkout code	2025-06-27T11:13:06.3016004Z ##[group]Determining the checkout info
end-workflow	Checkout code	2025-06-27T11:13:06.3018125Z ##[endgroup]
end-workflow	Checkout code	2025-06-27T11:13:06.3020186Z [command]/usr/bin/git sparse-checkout disable
end-workflow	Checkout code	2025-06-27T11:13:06.3119366Z [command]/usr/bin/git config --local --unset-all extensions.worktreeConfig
end-workflow	Checkout code	2025-06-27T11:13:06.3162373Z ##[group]Checking out the ref
end-workflow	Checkout code	2025-06-27T11:13:06.3166314Z [command]/usr/bin/git checkout --progress --force refs/remotes/pull/1246/merge
end-workflow	Checkout code	2025-06-27T11:13:06.3466231Z Previous HEAD position was 8aef3f7f Merge 37f5c9555cc5a20f393b02659d7c81dd0ec447d7 into 95cc0fdbee36523d26433c975161554af53caa72
end-workflow	Checkout code	2025-06-27T11:13:06.3471267Z HEAD is now at e0936dbc Merge 68071f3f690ba6c13afaa52d6bda12275189a3c7 into 8f95248e7239f3db044db0133df0ccfd65e40f13
end-workflow	Checkout code	2025-06-27T11:13:06.3477338Z ##[endgroup]
end-workflow	Checkout code	2025-06-27T11:13:06.3518651Z [command]/usr/bin/git log -1 --format=%H
end-workflow	Checkout code	2025-06-27T11:13:06.3547943Z e0936dbc87c661c161f8422921547f73c67a636e
end-workflow	Finaliza el workflow	﻿2025-06-27T11:13:06.3817655Z ##[group]Run echo "End process"
end-workflow	Finaliza el workflow	2025-06-27T11:13:06.3819078Z [36;1mecho "End process"[0m
end-workflow	Finaliza el workflow	2025-06-27T11:13:06.3820505Z [36;1mRNNUMBER=$(echo "refs/pull/1246/merge" | grep -o '[0-9]*')[0m
end-workflow	Finaliza el workflow	2025-06-27T11:13:06.3822471Z [36;1mgh issue comment $RNNUMBER --body "Se finaliza Ka0s 15924914947"[0m
end-workflow	Finaliza el workflow	2025-06-27T11:13:06.3825322Z [36;1mgh workflow run inspector.yml --ref 'main' -f kaos-issue-id=$RNNUMBER -f kaos-workflow-id="15924914947" -f kaos-user-start=""[0m
end-workflow	Finaliza el workflow	2025-06-27T11:13:06.3837787Z shell: /usr/bin/bash -e {0}
end-workflow	Finaliza el workflow	2025-06-27T11:13:06.3838919Z env:
end-workflow	Finaliza el workflow	2025-06-27T11:13:06.3839753Z   KAOS_MODULE: [Ka0S] VERSION
end-workflow	Finaliza el workflow	2025-06-27T11:13:06.3841251Z   GH_TOKEN: ***
end-workflow	Finaliza el workflow	2025-06-27T11:13:06.3842174Z   PATH_RESUME: core/config/
end-workflow	Finaliza el workflow	2025-06-27T11:13:06.3843301Z   KAOS_REPO: /actions-runner/_work/kaos/kaos
end-workflow	Finaliza el workflow	2025-06-27T11:13:06.3844538Z   KAOS_STEP_MODULE: 
end-workflow	Finaliza el workflow	2025-06-27T11:13:06.3845480Z   KAOS_CODE: 15924914947
end-workflow	Finaliza el workflow	2025-06-27T11:13:06.3846454Z   GH_VERSION: 
end-workflow	Finaliza el workflow	2025-06-27T11:13:06.3847315Z ##[endgroup]
end-workflow	Finaliza el workflow	2025-06-27T11:13:06.3904562Z End process
end-workflow	Finaliza el workflow	2025-06-27T11:13:07.3775958Z https://github.com/Ka0s-Klaus/ka0s/pull/1246#issuecomment-3012639815
end-workflow	Post Checkout code	﻿2025-06-27T11:13:08.0603580Z Post job cleanup.
end-workflow	Post Checkout code	2025-06-27T11:13:08.1618785Z [command]/usr/bin/git version
end-workflow	Post Checkout code	2025-06-27T11:13:08.1656623Z git version 2.43.0
end-workflow	Post Checkout code	2025-06-27T11:13:08.1696987Z Copying '/home/kaos/.gitconfig' to '/actions-runner/_work/_temp/9598327d-3934-45b5-a4b4-2e769fe8e1ae/.gitconfig'
end-workflow	Post Checkout code	2025-06-27T11:13:08.1709660Z Temporarily overriding HOME='/actions-runner/_work/_temp/9598327d-3934-45b5-a4b4-2e769fe8e1ae' before making global git config changes
end-workflow	Post Checkout code	2025-06-27T11:13:08.1710717Z Adding repository directory to the temporary git global config as a safe directory
end-workflow	Post Checkout code	2025-06-27T11:13:08.1716250Z [command]/usr/bin/git config --global --add safe.directory /actions-runner/_work/ka0s/ka0s
end-workflow	Post Checkout code	2025-06-27T11:13:08.1757192Z [command]/usr/bin/git config --local --name-only --get-regexp core\.sshCommand
end-workflow	Post Checkout code	2025-06-27T11:13:08.1796333Z [command]/usr/bin/git submodule foreach --recursive sh -c "git config --local --name-only --get-regexp 'core\.sshCommand' && git config --local --unset-all 'core.sshCommand' || :"
end-workflow	Post Checkout code	2025-06-27T11:13:08.2058896Z [command]/usr/bin/git config --local --name-only --get-regexp http\.https\:\/\/github\.com\/\.extraheader
end-workflow	Post Checkout code	2025-06-27T11:13:08.2084490Z http.https://github.com/.extraheader
end-workflow	Post Checkout code	2025-06-27T11:13:08.2096956Z [command]/usr/bin/git config --local --unset-all http.https://github.com/.extraheader
end-workflow	Post Checkout code	2025-06-27T11:13:08.2134731Z [command]/usr/bin/git submodule foreach --recursive sh -c "git config --local --name-only --get-regexp 'http\.https\:\/\/github\.com\/\.extraheader' && git config --local --unset-all 'http.https://github.com/.extraheader' || :"
end-workflow	Complete job	﻿2025-06-27T11:13:08.2508357Z Cleaning up orphan processes
