job-core	Set up job	﻿2025-07-12T01:53:37.6944533Z Current runner version: '2.326.0'
job-core	Set up job	2025-07-12T01:53:37.6951472Z Runner name: 'ka0s-ka0s-1'
job-core	Set up job	2025-07-12T01:53:37.6952264Z Runner group name: 'ka0s'
job-core	Set up job	2025-07-12T01:53:37.6953175Z Machine name: '365e885ec1fe'
job-core	Set up job	2025-07-12T01:53:37.6955849Z ##[group]GITHUB_TOKEN Permissions
job-core	Set up job	2025-07-12T01:53:37.6957947Z Actions: write
job-core	Set up job	2025-07-12T01:53:37.6958602Z Metadata: read
job-core	Set up job	2025-07-12T01:53:37.6959140Z ##[endgroup]
job-core	Set up job	2025-07-12T01:53:37.6961261Z Secret source: Actions
job-core	Set up job	2025-07-12T01:53:37.6962063Z Prepare workflow directory
job-core	Set up job	2025-07-12T01:53:37.7578099Z Prepare all required actions
job-core	Set up job	2025-07-12T01:53:37.7617386Z Getting action download info
job-core	Set up job	2025-07-12T01:53:38.3470433Z Download action repository 'actions/checkout@v4' (SHA:11bd71901bbe5b1630ceea73d27597364c9af683)
job-core	Set up job	2025-07-12T01:53:39.1773940Z Complete job name: job-core
job-core	Checkout repository	﻿2025-07-12T01:53:39.2257559Z ##[group]Run actions/checkout@v4
job-core	Checkout repository	2025-07-12T01:53:39.2258500Z with:
job-core	Checkout repository	2025-07-12T01:53:39.2258889Z   fetch-depth: 0
job-core	Checkout repository	2025-07-12T01:53:39.2259499Z   token: ***
job-core	Checkout repository	2025-07-12T01:53:39.2259891Z   repository: Ka0s-Klaus/ka0s
job-core	Checkout repository	2025-07-12T01:53:39.2260386Z   ssh-strict: true
job-core	Checkout repository	2025-07-12T01:53:39.2260777Z   ssh-user: git
job-core	Checkout repository	2025-07-12T01:53:39.2261175Z   persist-credentials: true
job-core	Checkout repository	2025-07-12T01:53:39.2261608Z   clean: true
job-core	Checkout repository	2025-07-12T01:53:39.2262002Z   sparse-checkout-cone-mode: true
job-core	Checkout repository	2025-07-12T01:53:39.2262478Z   fetch-tags: false
job-core	Checkout repository	2025-07-12T01:53:39.2262877Z   show-progress: true
job-core	Checkout repository	2025-07-12T01:53:39.2263272Z   lfs: false
job-core	Checkout repository	2025-07-12T01:53:39.2263640Z   submodules: false
job-core	Checkout repository	2025-07-12T01:53:39.2264047Z   set-safe-directory: true
job-core	Checkout repository	2025-07-12T01:53:39.2264688Z env:
job-core	Checkout repository	2025-07-12T01:53:39.2265058Z   KAOS_CODE: 16233035502
job-core	Checkout repository	2025-07-12T01:53:39.2265491Z   KAOS_EVENT_NAME: schedule
job-core	Checkout repository	2025-07-12T01:53:39.2265988Z   KAOS_ACTION: 
job-core	Checkout repository	2025-07-12T01:53:39.2266381Z   KAOS_REF: refs/heads/main
job-core	Checkout repository	2025-07-12T01:53:39.2266895Z   KAOS_MODULE: [Ka0S] Re-Run Failed Inspector Workflows
job-core	Checkout repository	2025-07-12T01:53:39.2267598Z   KAOS_PATH_SOURCE: core/outputs/w/kaos-workflows-runs.json
job-core	Checkout repository	2025-07-12T01:53:39.2268208Z   KAOS_PATH_RESUME: core/results/rr/
job-core	Checkout repository	2025-07-12T01:53:39.2268701Z   KAOS_ACTOR: santakloud
job-core	Checkout repository	2025-07-12T01:53:39.2269115Z ##[endgroup]
job-core	Checkout repository	2025-07-12T01:53:39.3396295Z Syncing repository: Ka0s-Klaus/ka0s
job-core	Checkout repository	2025-07-12T01:53:39.3398284Z ##[group]Getting Git version info
job-core	Checkout repository	2025-07-12T01:53:39.3398947Z Working directory is '/actions-runner/_work/ka0s/ka0s'
job-core	Checkout repository	2025-07-12T01:53:39.3399998Z [command]/usr/bin/git version
job-core	Checkout repository	2025-07-12T01:53:39.3400515Z git version 2.43.0
job-core	Checkout repository	2025-07-12T01:53:39.3423456Z ##[endgroup]
job-core	Checkout repository	2025-07-12T01:53:39.3436559Z Copying '/home/kaos/.gitconfig' to '/actions-runner/_work/_temp/c9e0a321-a351-47ca-9afe-7805d5b8e270/.gitconfig'
job-core	Checkout repository	2025-07-12T01:53:39.3448847Z Temporarily overriding HOME='/actions-runner/_work/_temp/c9e0a321-a351-47ca-9afe-7805d5b8e270' before making global git config changes
job-core	Checkout repository	2025-07-12T01:53:39.3450307Z Adding repository directory to the temporary git global config as a safe directory
job-core	Checkout repository	2025-07-12T01:53:39.3453044Z [command]/usr/bin/git config --global --add safe.directory /actions-runner/_work/ka0s/ka0s
job-core	Checkout repository	2025-07-12T01:53:39.3495254Z [command]/usr/bin/git config --local --get remote.origin.url
job-core	Checkout repository	2025-07-12T01:53:39.3518095Z https://github.com/Ka0s-Klaus/ka0s
job-core	Checkout repository	2025-07-12T01:53:39.3539384Z ##[group]Removing previously created refs, to avoid conflicts
job-core	Checkout repository	2025-07-12T01:53:39.3544543Z [command]/usr/bin/git rev-parse --symbolic-full-name --verify --quiet HEAD
job-core	Checkout repository	2025-07-12T01:53:39.3567185Z refs/heads/main
job-core	Checkout repository	2025-07-12T01:53:39.3577295Z [command]/usr/bin/git checkout --detach
job-core	Checkout repository	2025-07-12T01:53:39.3657501Z HEAD is now at 2a00cf8f [Ka0S] Inspector uploading resume execution files to the repository...
job-core	Checkout repository	2025-07-12T01:53:39.3703126Z [command]/usr/bin/git branch --delete --force main
job-core	Checkout repository	2025-07-12T01:53:39.3735222Z Deleted branch main (was 2a00cf8f).
job-core	Checkout repository	2025-07-12T01:53:39.3822033Z ##[endgroup]
job-core	Checkout repository	2025-07-12T01:53:39.3824899Z [command]/usr/bin/git submodule status
job-core	Checkout repository	2025-07-12T01:53:39.4072764Z ##[group]Cleaning the repository
job-core	Checkout repository	2025-07-12T01:53:39.4077504Z [command]/usr/bin/git clean -ffdx
job-core	Checkout repository	2025-07-12T01:53:39.4135830Z [command]/usr/bin/git reset --hard HEAD
job-core	Checkout repository	2025-07-12T01:53:39.4221316Z HEAD is now at 2a00cf8f [Ka0S] Inspector uploading resume execution files to the repository...
job-core	Checkout repository	2025-07-12T01:53:39.4226143Z ##[endgroup]
job-core	Checkout repository	2025-07-12T01:53:39.4228921Z ##[group]Disabling automatic garbage collection
job-core	Checkout repository	2025-07-12T01:53:39.4234210Z [command]/usr/bin/git config --local gc.auto 0
job-core	Checkout repository	2025-07-12T01:53:39.4263829Z ##[endgroup]
job-core	Checkout repository	2025-07-12T01:53:39.4264626Z ##[group]Setting up auth
job-core	Checkout repository	2025-07-12T01:53:39.4280455Z [command]/usr/bin/git config --local --name-only --get-regexp core\.sshCommand
job-core	Checkout repository	2025-07-12T01:53:39.4313374Z [command]/usr/bin/git submodule foreach --recursive sh -c "git config --local --name-only --get-regexp 'core\.sshCommand' && git config --local --unset-all 'core.sshCommand' || :"
job-core	Checkout repository	2025-07-12T01:53:39.4563488Z [command]/usr/bin/git config --local --name-only --get-regexp http\.https\:\/\/github\.com\/\.extraheader
job-core	Checkout repository	2025-07-12T01:53:39.4593965Z [command]/usr/bin/git submodule foreach --recursive sh -c "git config --local --name-only --get-regexp 'http\.https\:\/\/github\.com\/\.extraheader' && git config --local --unset-all 'http.https://github.com/.extraheader' || :"
job-core	Checkout repository	2025-07-12T01:53:39.4842858Z [command]/usr/bin/git config --local http.https://github.com/.extraheader AUTHORIZATION: basic ***
job-core	Checkout repository	2025-07-12T01:53:39.4884542Z ##[endgroup]
job-core	Checkout repository	2025-07-12T01:53:39.4885417Z ##[group]Fetching the repository
job-core	Checkout repository	2025-07-12T01:53:39.4892698Z [command]/usr/bin/git -c protocol.version=2 fetch --prune --no-recurse-submodules origin +refs/heads/*:refs/remotes/origin/* +refs/tags/*:refs/tags/*
job-core	Checkout repository	2025-07-12T01:53:40.3814626Z From https://github.com/Ka0s-Klaus/ka0s
job-core	Checkout repository	2025-07-12T01:53:40.3815610Z    2a00cf8f..6ede1aa4  main       -> origin/main
job-core	Checkout repository	2025-07-12T01:53:40.3884353Z [command]/usr/bin/git branch --list --remote origin/main
job-core	Checkout repository	2025-07-12T01:53:40.3917803Z   origin/main
job-core	Checkout repository	2025-07-12T01:53:40.3926830Z [command]/usr/bin/git rev-parse refs/remotes/origin/main
job-core	Checkout repository	2025-07-12T01:53:40.3951310Z 6ede1aa487616d7c49004f4b7b876b1fd8d69f3e
job-core	Checkout repository	2025-07-12T01:53:40.3956461Z ##[endgroup]
job-core	Checkout repository	2025-07-12T01:53:40.3957618Z ##[group]Determining the checkout info
job-core	Checkout repository	2025-07-12T01:53:40.3958800Z ##[endgroup]
job-core	Checkout repository	2025-07-12T01:53:40.3964181Z [command]/usr/bin/git sparse-checkout disable
job-core	Checkout repository	2025-07-12T01:53:40.4016007Z [command]/usr/bin/git config --local --unset-all extensions.worktreeConfig
job-core	Checkout repository	2025-07-12T01:53:40.4049522Z ##[group]Checking out the ref
job-core	Checkout repository	2025-07-12T01:53:40.4053623Z [command]/usr/bin/git checkout --progress --force -B main refs/remotes/origin/main
job-core	Checkout repository	2025-07-12T01:53:40.4522249Z Previous HEAD position was 2a00cf8f [Ka0S] Inspector uploading resume execution files to the repository...
job-core	Checkout repository	2025-07-12T01:53:40.4531084Z Switched to a new branch 'main'
job-core	Checkout repository	2025-07-12T01:53:40.4532030Z branch 'main' set up to track 'origin/main'.
job-core	Checkout repository	2025-07-12T01:53:40.4540116Z ##[endgroup]
job-core	Checkout repository	2025-07-12T01:53:40.4583026Z [command]/usr/bin/git log -1 --format=%H
job-core	Checkout repository	2025-07-12T01:53:40.4610932Z 6ede1aa487616d7c49004f4b7b876b1fd8d69f3e
job-core	Get failed workflow runs for inspector.yml	﻿2025-07-12T01:53:40.4812986Z ##[group]Run failed_runs=$(jq -r '.[] | select(.name == "Ka0s Inspector" and .conclusion == "failure") | .id' core/outputs/w/kaos-workflows-runs.json | tr '\n' ' ')
job-core	Get failed workflow runs for inspector.yml	2025-07-12T01:53:40.4815129Z [36;1mfailed_runs=$(jq -r '.[] | select(.name == "Ka0s Inspector" and .conclusion == "failure") | .id' core/outputs/w/kaos-workflows-runs.json | tr '\n' ' ')[0m
job-core	Get failed workflow runs for inspector.yml	2025-07-12T01:53:40.4816528Z [36;1mecho "Failed runs: $failed_runs"[0m
job-core	Get failed workflow runs for inspector.yml	2025-07-12T01:53:40.4817300Z [36;1mecho "::set-output name=failed_runs::${failed_runs}"[0m
job-core	Get failed workflow runs for inspector.yml	2025-07-12T01:53:40.4827643Z shell: /usr/bin/bash -e {0}
job-core	Get failed workflow runs for inspector.yml	2025-07-12T01:53:40.4828248Z env:
job-core	Get failed workflow runs for inspector.yml	2025-07-12T01:53:40.4828703Z   KAOS_CODE: 16233035502
job-core	Get failed workflow runs for inspector.yml	2025-07-12T01:53:40.4829257Z   KAOS_EVENT_NAME: schedule
job-core	Get failed workflow runs for inspector.yml	2025-07-12T01:53:40.4829808Z   KAOS_ACTION: 
job-core	Get failed workflow runs for inspector.yml	2025-07-12T01:53:40.4830299Z   KAOS_REF: refs/heads/main
job-core	Get failed workflow runs for inspector.yml	2025-07-12T01:53:40.4830969Z   KAOS_MODULE: [Ka0S] Re-Run Failed Inspector Workflows
job-core	Get failed workflow runs for inspector.yml	2025-07-12T01:53:40.4831853Z   KAOS_PATH_SOURCE: core/outputs/w/kaos-workflows-runs.json
job-core	Get failed workflow runs for inspector.yml	2025-07-12T01:53:40.4832674Z   KAOS_PATH_RESUME: core/results/rr/
job-core	Get failed workflow runs for inspector.yml	2025-07-12T01:53:40.4833286Z   KAOS_ACTOR: santakloud
job-core	Get failed workflow runs for inspector.yml	2025-07-12T01:53:40.4834072Z   GH_TOKEN: ***
job-core	Get failed workflow runs for inspector.yml	2025-07-12T01:53:40.4834810Z ##[endgroup]
job-core	Get failed workflow runs for inspector.yml	2025-07-12T01:53:40.6078665Z Failed runs: 15972265751 15972261980 15972236479 15923570049 15923541805 15923467044 15908004267 15896042050 15875884721 15875879430 15675347872 15277663444 15277407235 15065940026 15018241770 15017446707 15014607842 15014303394 14992423211 14990561766 14989342558 14976009071 14974119390 14969531744 14922036002 14904590502 14864167176 14830448135 14752252289 14748558851 14616952632 14616785373 14597790417 14597777415 14597674450 14443712022 14400868199 14399606006 14374957328 14366198227 14360214639 14360193338 14358469587 14354759911 14350135070 14350121791 14327149728 14327143212 14312805606 14312265605 14311936287 14311727830 14311671493 14310884392 14307632300 14307603304 14307424186 14307194644 14307116884 14307099437 14245880603 14240824649 14240154431 14239415392 14238590997 14238439867 14238288695 14217714119 14217709523 14217662296 14216881791 14216351882 14216341231 14216329451 14216155695 14214234688 14214173142 14213862715 14213526080 14192622028 13526685864 13526535679 13520220898 13520173145 13520126414 13519918783 13519742881 13519713058 13518498573 13518289485 13517991634 13517787702 13456851033 13456685940 13456511714 13456422702 13456214155 13456042511 13455755677 13455596707 13455565681 13455462830 13455413049 13455375582 13455366438 13454978228 13454718867 13454648818 13453865764 13453725590 13453510991 13453000625 13452974848 13452827212 13452769619 13435269876 13435214399 13435009424 13434911708 13434618902 13434427293 13434006906 13433657343 13433514097 13433360001 13417971766 13417756488 13417495864 13417071264 13416748091 13416441369 13416342672 13416302888 13415955826 13415831172 13415389089 13414954861 13413490319 13413351568 13413166992 13412621263 13412548274 13412501549 13412402801 13412160966 13411869624 13411782720 13411714266 13411599405 13411313464 13410140056 13409981856 13408332908 13408224205 13408158521 13407957564 13407842089 13396321493 13396144327 13396031534 13395939841 13395899868 13395892336 13395259979 13395111096 13390326966 13390250656 13390172374 13390020386 13389757457 13389571245 13389528347 13389406951 13389320703 13389250470 13389237793 13389017129 13388886939 13388586289 13370488425 13370380363 13370192694 13369894175 13369488229 13367579874 13367550942 13367447422 13367322058 13367268423 13367177574 13367138265 13367047025 13366945356 13366862411 13366752132 13366339650 13345644886 13329757499 13329624405 13329562153 13329371252 13329283381 13327840166 13327350482 13327249485 13327132364 13326403576 13325505614 13309707288 13309570741 13303505568 13245913624 13245782056 13245665323 13245348859 13244064437 13243913323 13243731360 13243055626 13242958593 13242709182 13242343874 13242120341 13241810905 13241599057 13241481481 13241367326 13241059967 13239422185 13239400844 13183801389 13179251736 13179081992 13175435329 13175212754 13153219191 13140617433 13140408225 13140362428 13140358046 13140292574 13140267659 13140246878 13140177438 13140105140 13140072021 13139889627 13139602458 
job-core	Get failed workflow runs for inspector.yml	2025-07-12T01:53:40.6114082Z ##[warning]The `set-output` command is deprecated and will be disabled soon. Please upgrade to using Environment Files. For more information see: https://github.blog/changelog/2022-10-11-github-actions-deprecating-save-state-and-set-output-commands/
job-core	Re-run failed workflows	﻿2025-07-12T01:53:40.6288713Z ##[group]Run for run_id in 15972265751 15972261980 15972236479 15923570049 15923541805 15923467044 15908004267 15896042050 15875884721 15875879430 15675347872 15277663444 15277407235 15065940026 15018241770 15017446707 15014607842 15014303394 14992423211 14990561766 14989342558 14976009071 14974119390 14969531744 14922036002 14904590502 14864167176 14830448135 14752252289 14748558851 14616952632 14616785373 14597790417 14597777415 14597674450 14443712022 14400868199 14399606006 14374957328 14366198227 14360214639 14360193338 14358469587 14354759911 14350135070 14350121791 14327149728 14327143212 14312805606 14312265605 14311936287 14311727830 14311671493 14310884392 14307632300 14307603304 14307424186 14307194644 14307116884 14307099437 14245880603 14240824649 14240154431 14239415392 14238590997 14238439867 14238288695 14217714119 14217709523 14217662296 14216881791 14216351882 14216341231 14216329451 14216155695 14214234688 14214173142 14213862715 14213526080 14192622028 13526685864 13526535679 13520220898 13520173145 13520126414 13519918783 13519742881 13519713058 13518498573 13518289485 13517991634 13517787702 13456851033 13456685940 13456511714 13456422702 13456214155 13456042511 13455755677 13455596707 13455565681 13455462830 13455413049 13455375582 13455366438 13454978228 13454718867 13454648818 13453865764 13453725590 13453510991 13453000625 13452974848 13452827212 13452769619 13435269876 13435214399 13435009424 13434911708 13434618902 13434427293 13434006906 13433657343 13433514097 13433360001 13417971766 13417756488 13417495864 13417071264 13416748091 13416441369 13416342672 13416302888 13415955826 13415831172 13415389089 13414954861 13413490319 13413351568 13413166992 13412621263 13412548274 13412501549 13412402801 13412160966 13411869624 13411782720 13411714266 13411599405 13411313464 13410140056 13409981856 13408332908 13408224205 13408158521 13407957564 13407842089 13396321493 13396144327 13396031534 13395939841 13395899868 13395892336 13395259979 13395111096 13390326966 13390250656 13390172374 13390020386 13389757457 13389571245 13389528347 13389406951 13389320703 13389250470 13389237793 13389017129 13388886939 13388586289 13370488425 13370380363 13370192694 13369894175 13369488229 13367579874 13367550942 13367447422 13367322058 13367268423 13367177574 13367138265 13367047025 13366945356 13366862411 13366752132 13366339650 13345644886 13329757499 13329624405 13329562153 13329371252 13329283381 13327840166 13327350482 13327249485 13327132364 13326403576 13325505614 13309707288 13309570741 13303505568 13245913624 13245782056 13245665323 13245348859 13244064437 13243913323 13243731360 13243055626 13242958593 13242709182 13242343874 13242120341 13241810905 13241599057 13241481481 13241367326 13241059967 13239422185 13239400844 13183801389 13179251736 13179081992 13175435329 13175212754 13153219191 13140617433 13140408225 13140362428 13140358046 13140292574 13140267659 13140246878 13140177438 13140105140 13140072021 13139889627 13139602458 ; do
job-core	Re-run failed workflows	2025-07-12T01:53:40.6328098Z [36;1mfor run_id in 15972265751 15972261980 15972236479 15923570049 15923541805 15923467044 15908004267 15896042050 15875884721 15875879430 15675347872 15277663444 15277407235 15065940026 15018241770 15017446707 15014607842 15014303394 14992423211 14990561766 14989342558 14976009071 14974119390 14969531744 14922036002 14904590502 14864167176 14830448135 14752252289 14748558851 14616952632 14616785373 14597790417 14597777415 14597674450 14443712022 14400868199 14399606006 14374957328 14366198227 14360214639 14360193338 14358469587 14354759911 14350135070 14350121791 14327149728 14327143212 14312805606 14312265605 14311936287 14311727830 14311671493 14310884392 14307632300 14307603304 14307424186 14307194644 14307116884 14307099437 14245880603 14240824649 14240154431 14239415392 14238590997 14238439867 14238288695 14217714119 14217709523 14217662296 14216881791 14216351882 14216341231 14216329451 14216155695 14214234688 14214173142 14213862715 14213526080 14192622028 13526685864 13526535679 13520220898 13520173145 13520126414 13519918783 13519742881 13519713058 13518498573 13518289485 13517991634 13517787702 13456851033 13456685940 13456511714 13456422702 13456214155 13456042511 13455755677 13455596707 13455565681 13455462830 13455413049 13455375582 13455366438 13454978228 13454718867 13454648818 13453865764 13453725590 13453510991 13453000625 13452974848 13452827212 13452769619 13435269876 13435214399 13435009424 13434911708 13434618902 13434427293 13434006906 13433657343 13433514097 13433360001 13417971766 13417756488 13417495864 13417071264 13416748091 13416441369 13416342672 13416302888 13415955826 13415831172 13415389089 13414954861 13413490319 13413351568 13413166992 13412621263 13412548274 13412501549 13412402801 13412160966 13411869624 13411782720 13411714266 13411599405 13411313464 13410140056 13409981856 13408332908 13408224205 13408158521 13407957564 13407842089 13396321493 13396144327 13396031534 13395939841 13395899868 13395892336 13395259979 13395111096 13390326966 13390250656 13390172374 13390020386 13389757457 13389571245 13389528347 13389406951 13389320703 13389250470 13389237793 13389017129 13388886939 13388586289 13370488425 13370380363 13370192694 13369894175 13369488229 13367579874 13367550942 13367447422 13367322058 13367268423 13367177574 13367138265 13367047025 13366945356 13366862411 13366752132 13366339650 13345644886 13329757499 13329624405 13329562153 13329371252 13329283381 13327840166 13327350482 13327249485 13327132364 13326403576 13325505614 13309707288 13309570741 13303505568 13245913624 13245782056 13245665323 13245348859 13244064437 13243913323 13243731360 13243055626 13242958593 13242709182 13242343874 13242120341 13241810905 13241599057 13241481481 13241367326 13241059967 13239422185 13239400844 13183801389 13179251736 13179081992 13175435329 13175212754 13153219191 13140617433 13140408225 13140362428 13140358046 13140292574 13140267659 13140246878 13140177438 13140105140 13140072021 13139889627 13139602458 ; do[0m
job-core	Re-run failed workflows	2025-07-12T01:53:40.6348170Z [36;1m  echo "Re-running: workflow $run_id" >> core/results/rr/16233035502_resume_reruns_inspector.log[0m
job-core	Re-run failed workflows	2025-07-12T01:53:40.6349165Z [36;1m  if ! gh run rerun $run_id --failed; then[0m
job-core	Re-run failed workflows	2025-07-12T01:53:40.6350115Z [36;1m    echo "Failed: to rerun job $run_id" >> core/results/rr/16233035502_resume_reruns_inspector.log[0m
job-core	Re-run failed workflows	2025-07-12T01:53:40.6351751Z [36;1m    # gh issue create --title "Failed to rerun job $file" --body "Failed to automatically rerun job $file which contained error patterns. Please investigate manually."[0m
job-core	Re-run failed workflows	2025-07-12T01:53:40.6353055Z [36;1m  else[0m
job-core	Re-run failed workflows	2025-07-12T01:53:40.6353859Z [36;1m    echo "Successfully: rerun job $run_id" >> core/results/rr/16233035502_resume_reruns_inspector.log[0m
job-core	Re-run failed workflows	2025-07-12T01:53:40.6355345Z [36;1m    # gh issue create --title "Successfully rerun job $file" --body "Job $file was successfully rerun after detecting error patterns."[0m
job-core	Re-run failed workflows	2025-07-12T01:53:40.6356803Z [36;1m  fi[0m
job-core	Re-run failed workflows	2025-07-12T01:53:40.6357231Z [36;1mdone[0m
job-core	Re-run failed workflows	2025-07-12T01:53:40.6363413Z shell: /usr/bin/bash -e {0}
job-core	Re-run failed workflows	2025-07-12T01:53:40.6363937Z env:
job-core	Re-run failed workflows	2025-07-12T01:53:40.6364360Z   KAOS_CODE: 16233035502
job-core	Re-run failed workflows	2025-07-12T01:53:40.6364856Z   KAOS_EVENT_NAME: schedule
job-core	Re-run failed workflows	2025-07-12T01:53:40.6365352Z   KAOS_ACTION: 
job-core	Re-run failed workflows	2025-07-12T01:53:40.6365923Z   KAOS_REF: refs/heads/main
job-core	Re-run failed workflows	2025-07-12T01:53:40.6366527Z   KAOS_MODULE: [Ka0S] Re-Run Failed Inspector Workflows
job-core	Re-run failed workflows	2025-07-12T01:53:40.6367301Z   KAOS_PATH_SOURCE: core/outputs/w/kaos-workflows-runs.json
job-core	Re-run failed workflows	2025-07-12T01:53:40.6368015Z   KAOS_PATH_RESUME: core/results/rr/
job-core	Re-run failed workflows	2025-07-12T01:53:40.6368577Z   KAOS_ACTOR: santakloud
job-core	Re-run failed workflows	2025-07-12T01:53:40.6369298Z   GH_TOKEN: ***
job-core	Re-run failed workflows	2025-07-12T01:53:40.6369748Z ##[endgroup]
job-core	Re-run failed workflows	2025-07-12T01:53:47.1292387Z run 15908004267 cannot be rerun; its workflow file may be broken
job-core	Re-run failed workflows	2025-07-12T01:53:47.9689039Z run 15896042050 cannot be rerun; its workflow file may be broken
job-core	Re-run failed workflows	2025-07-12T01:53:48.8287309Z run 15875884721 cannot be rerun; its workflow file may be broken
job-core	Re-run failed workflows	2025-07-12T01:53:49.6160609Z run 15875879430 cannot be rerun; its workflow file may be broken
job-core	Re-run failed workflows	2025-07-12T01:53:50.4816288Z run 15675347872 cannot be rerun; its workflow file may be broken
job-core	Re-run failed workflows	2025-07-12T01:53:51.3823536Z run 15277663444 cannot be rerun; its workflow file may be broken
job-core	Re-run failed workflows	2025-07-12T01:53:52.2851190Z run 15277407235 cannot be rerun; its workflow file may be broken
job-core	Re-run failed workflows	2025-07-12T01:53:53.2075970Z run 15065940026 cannot be rerun; its workflow file may be broken
job-core	Re-run failed workflows	2025-07-12T01:53:54.0525180Z run 15018241770 cannot be rerun; its workflow file may be broken
job-core	Re-run failed workflows	2025-07-12T01:53:54.8938638Z run 15017446707 cannot be rerun; its workflow file may be broken
job-core	Re-run failed workflows	2025-07-12T01:53:55.7478966Z run 15014607842 cannot be rerun; its workflow file may be broken
job-core	Re-run failed workflows	2025-07-12T01:53:56.5371826Z run 15014303394 cannot be rerun; its workflow file may be broken
job-core	Re-run failed workflows	2025-07-12T01:53:57.5081391Z run 14992423211 cannot be rerun; its workflow file may be broken
job-core	Re-run failed workflows	2025-07-12T01:53:58.3521212Z run 14990561766 cannot be rerun; its workflow file may be broken
job-core	Re-run failed workflows	2025-07-12T01:53:59.1949358Z run 14989342558 cannot be rerun; its workflow file may be broken
job-core	Re-run failed workflows	2025-07-12T01:54:00.0452740Z run 14976009071 cannot be rerun; its workflow file may be broken
job-core	Re-run failed workflows	2025-07-12T01:54:00.9031346Z run 14974119390 cannot be rerun; its workflow file may be broken
job-core	Re-run failed workflows	2025-07-12T01:54:01.6553519Z run 14969531744 cannot be rerun; its workflow file may be broken
job-core	Re-run failed workflows	2025-07-12T01:54:02.5025768Z run 14922036002 cannot be rerun; its workflow file may be broken
job-core	Re-run failed workflows	2025-07-12T01:54:03.2879611Z run 14904590502 cannot be rerun; its workflow file may be broken
job-core	Re-run failed workflows	2025-07-12T01:54:04.1213733Z run 14864167176 cannot be rerun; its workflow file may be broken
job-core	Re-run failed workflows	2025-07-12T01:54:04.9952514Z run 14830448135 cannot be rerun; its workflow file may be broken
job-core	Re-run failed workflows	2025-07-12T01:54:05.8041551Z run 14752252289 cannot be rerun; its workflow file may be broken
job-core	Re-run failed workflows	2025-07-12T01:54:06.6375904Z run 14748558851 cannot be rerun; its workflow file may be broken
job-core	Re-run failed workflows	2025-07-12T01:54:07.4318060Z run 14616952632 cannot be rerun; its workflow file may be broken
job-core	Re-run failed workflows	2025-07-12T01:54:08.2864207Z run 14616785373 cannot be rerun; its workflow file may be broken
job-core	Re-run failed workflows	2025-07-12T01:54:09.1156063Z run 14597790417 cannot be rerun; its workflow file may be broken
job-core	Re-run failed workflows	2025-07-12T01:54:09.9152707Z run 14597777415 cannot be rerun; its workflow file may be broken
job-core	Re-run failed workflows	2025-07-12T01:54:10.7634555Z run 14597674450 cannot be rerun; its workflow file may be broken
job-core	Re-run failed workflows	2025-07-12T01:54:11.6158247Z run 14443712022 cannot be rerun; its workflow file may be broken
job-core	Re-run failed workflows	2025-07-12T01:54:12.4580615Z run 14400868199 cannot be rerun; its workflow file may be broken
job-core	Re-run failed workflows	2025-07-12T01:54:13.2777797Z run 14399606006 cannot be rerun; its workflow file may be broken
job-core	Re-run failed workflows	2025-07-12T01:54:14.0795019Z run 14374957328 cannot be rerun; its workflow file may be broken
job-core	Re-run failed workflows	2025-07-12T01:54:15.0563499Z run 14366198227 cannot be rerun; its workflow file may be broken
job-core	Re-run failed workflows	2025-07-12T01:54:15.8745215Z run 14360214639 cannot be rerun; its workflow file may be broken
job-core	Re-run failed workflows	2025-07-12T01:54:16.6891885Z run 14360193338 cannot be rerun; its workflow file may be broken
job-core	Re-run failed workflows	2025-07-12T01:54:17.5307930Z run 14358469587 cannot be rerun; its workflow file may be broken
job-core	Re-run failed workflows	2025-07-12T01:54:18.4488431Z run 14354759911 cannot be rerun; its workflow file may be broken
job-core	Re-run failed workflows	2025-07-12T01:54:19.3346058Z run 14350135070 cannot be rerun; its workflow file may be broken
job-core	Re-run failed workflows	2025-07-12T01:54:20.1987761Z run 14350121791 cannot be rerun; its workflow file may be broken
job-core	Re-run failed workflows	2025-07-12T01:54:21.0016207Z run 14327149728 cannot be rerun; its workflow file may be broken
job-core	Re-run failed workflows	2025-07-12T01:54:21.8018066Z run 14327143212 cannot be rerun; its workflow file may be broken
job-core	Re-run failed workflows	2025-07-12T01:54:22.7274914Z run 14312805606 cannot be rerun; its workflow file may be broken
job-core	Re-run failed workflows	2025-07-12T01:54:23.6383303Z run 14312265605 cannot be rerun; its workflow file may be broken
job-core	Re-run failed workflows	2025-07-12T01:54:24.5339321Z run 14311936287 cannot be rerun; its workflow file may be broken
job-core	Re-run failed workflows	2025-07-12T01:54:25.3469450Z run 14311727830 cannot be rerun; its workflow file may be broken
job-core	Re-run failed workflows	2025-07-12T01:54:26.2378695Z run 14311671493 cannot be rerun; its workflow file may be broken
job-core	Re-run failed workflows	2025-07-12T01:54:27.1295067Z run 14310884392 cannot be rerun; its workflow file may be broken
job-core	Re-run failed workflows	2025-07-12T01:54:27.9780813Z run 14307632300 cannot be rerun; its workflow file may be broken
job-core	Re-run failed workflows	2025-07-12T01:54:28.8060396Z run 14307603304 cannot be rerun; its workflow file may be broken
job-core	Re-run failed workflows	2025-07-12T01:54:29.6810119Z run 14307424186 cannot be rerun; its workflow file may be broken
job-core	Re-run failed workflows	2025-07-12T01:54:30.5393089Z run 14307194644 cannot be rerun; its workflow file may be broken
job-core	Re-run failed workflows	2025-07-12T01:54:31.3703633Z run 14307116884 cannot be rerun; its workflow file may be broken
job-core	Re-run failed workflows	2025-07-12T01:54:32.1924317Z run 14307099437 cannot be rerun; its workflow file may be broken
job-core	Re-run failed workflows	2025-07-12T01:54:32.9508771Z run 14245880603 cannot be rerun; its workflow file may be broken
job-core	Re-run failed workflows	2025-07-12T01:54:33.7308691Z run 14240824649 cannot be rerun; its workflow file may be broken
job-core	Re-run failed workflows	2025-07-12T01:54:34.5893561Z run 14240154431 cannot be rerun; its workflow file may be broken
job-core	Re-run failed workflows	2025-07-12T01:54:35.4903869Z run 14239415392 cannot be rerun; its workflow file may be broken
job-core	Re-run failed workflows	2025-07-12T01:54:36.2819014Z run 14238590997 cannot be rerun; its workflow file may be broken
job-core	Re-run failed workflows	2025-07-12T01:54:37.1353937Z run 14238439867 cannot be rerun; its workflow file may be broken
job-core	Re-run failed workflows	2025-07-12T01:54:37.9556029Z run 14238288695 cannot be rerun; its workflow file may be broken
job-core	Re-run failed workflows	2025-07-12T01:54:38.8090101Z run 14217714119 cannot be rerun; its workflow file may be broken
job-core	Re-run failed workflows	2025-07-12T01:54:39.6711085Z run 14217709523 cannot be rerun; its workflow file may be broken
job-core	Re-run failed workflows	2025-07-12T01:54:40.5212219Z run 14217662296 cannot be rerun; its workflow file may be broken
job-core	Re-run failed workflows	2025-07-12T01:54:41.4833014Z run 14216881791 cannot be rerun; its workflow file may be broken
job-core	Re-run failed workflows	2025-07-12T01:54:42.3436456Z run 14216351882 cannot be rerun; its workflow file may be broken
job-core	Re-run failed workflows	2025-07-12T01:54:43.2080379Z run 14216341231 cannot be rerun; its workflow file may be broken
job-core	Re-run failed workflows	2025-07-12T01:54:44.0614554Z run 14216329451 cannot be rerun; its workflow file may be broken
job-core	Re-run failed workflows	2025-07-12T01:54:44.8703341Z run 14216155695 cannot be rerun; its workflow file may be broken
job-core	Re-run failed workflows	2025-07-12T01:54:45.7346497Z run 14214234688 cannot be rerun; its workflow file may be broken
job-core	Re-run failed workflows	2025-07-12T01:54:46.5199851Z run 14214173142 cannot be rerun; its workflow file may be broken
job-core	Re-run failed workflows	2025-07-12T01:54:47.3768247Z run 14213862715 cannot be rerun; its workflow file may be broken
job-core	Re-run failed workflows	2025-07-12T01:54:48.1995280Z run 14213526080 cannot be rerun; its workflow file may be broken
job-core	Re-run failed workflows	2025-07-12T01:54:49.0531634Z run 14192622028 cannot be rerun; its workflow file may be broken
job-core	Re-run failed workflows	2025-07-12T01:54:49.8249999Z run 13526685864 cannot be rerun; its workflow file may be broken
job-core	Re-run failed workflows	2025-07-12T01:54:50.6865928Z run 13526535679 cannot be rerun; its workflow file may be broken
job-core	Re-run failed workflows	2025-07-12T01:54:51.5028659Z run 13520220898 cannot be rerun; its workflow file may be broken
job-core	Re-run failed workflows	2025-07-12T01:54:52.3241964Z run 13520173145 cannot be rerun; its workflow file may be broken
job-core	Re-run failed workflows	2025-07-12T01:54:53.1223156Z run 13520126414 cannot be rerun; its workflow file may be broken
job-core	Re-run failed workflows	2025-07-12T01:54:53.9677961Z run 13519918783 cannot be rerun; its workflow file may be broken
job-core	Re-run failed workflows	2025-07-12T01:54:54.7695392Z run 13519742881 cannot be rerun; its workflow file may be broken
job-core	Re-run failed workflows	2025-07-12T01:54:55.6551846Z run 13519713058 cannot be rerun; its workflow file may be broken
job-core	Re-run failed workflows	2025-07-12T01:54:56.4584194Z run 13518498573 cannot be rerun; its workflow file may be broken
job-core	Re-run failed workflows	2025-07-12T01:54:57.3451016Z run 13518289485 cannot be rerun; its workflow file may be broken
job-core	Re-run failed workflows	2025-07-12T01:54:58.1699432Z run 13517991634 cannot be rerun; its workflow file may be broken
job-core	Re-run failed workflows	2025-07-12T01:54:58.9679332Z run 13517787702 cannot be rerun; its workflow file may be broken
job-core	Re-run failed workflows	2025-07-12T01:54:59.8683348Z run 13456851033 cannot be rerun; its workflow file may be broken
job-core	Re-run failed workflows	2025-07-12T01:55:00.6923042Z run 13456685940 cannot be rerun; its workflow file may be broken
job-core	Re-run failed workflows	2025-07-12T01:55:01.5428820Z run 13456511714 cannot be rerun; its workflow file may be broken
job-core	Re-run failed workflows	2025-07-12T01:55:02.4174693Z run 13456422702 cannot be rerun; its workflow file may be broken
job-core	Re-run failed workflows	2025-07-12T01:55:03.3028343Z run 13456214155 cannot be rerun; its workflow file may be broken
job-core	Re-run failed workflows	2025-07-12T01:55:04.2344968Z run 13456042511 cannot be rerun; its workflow file may be broken
job-core	Re-run failed workflows	2025-07-12T01:55:05.0456878Z run 13455755677 cannot be rerun; its workflow file may be broken
job-core	Re-run failed workflows	2025-07-12T01:55:05.9480565Z run 13455596707 cannot be rerun; its workflow file may be broken
job-core	Re-run failed workflows	2025-07-12T01:55:06.8390581Z run 13455565681 cannot be rerun; its workflow file may be broken
job-core	Re-run failed workflows	2025-07-12T01:55:07.6861000Z run 13455462830 cannot be rerun; its workflow file may be broken
job-core	Re-run failed workflows	2025-07-12T01:55:08.4713365Z run 13455413049 cannot be rerun; its workflow file may be broken
job-core	Re-run failed workflows	2025-07-12T01:55:09.3271724Z run 13455375582 cannot be rerun; its workflow file may be broken
job-core	Re-run failed workflows	2025-07-12T01:55:10.1650390Z run 13455366438 cannot be rerun; its workflow file may be broken
job-core	Re-run failed workflows	2025-07-12T01:55:11.0072724Z run 13454978228 cannot be rerun; its workflow file may be broken
job-core	Re-run failed workflows	2025-07-12T01:55:11.9024796Z run 13454718867 cannot be rerun; its workflow file may be broken
job-core	Re-run failed workflows	2025-07-12T01:55:12.8317585Z run 13454648818 cannot be rerun; its workflow file may be broken
job-core	Re-run failed workflows	2025-07-12T01:55:13.6859144Z run 13453865764 cannot be rerun; its workflow file may be broken
job-core	Re-run failed workflows	2025-07-12T01:55:14.5631809Z run 13453725590 cannot be rerun; its workflow file may be broken
job-core	Re-run failed workflows	2025-07-12T01:55:15.3980741Z run 13453510991 cannot be rerun; its workflow file may be broken
job-core	Re-run failed workflows	2025-07-12T01:55:16.2363023Z run 13453000625 cannot be rerun; its workflow file may be broken
job-core	Re-run failed workflows	2025-07-12T01:55:17.1312165Z run 13452974848 cannot be rerun; its workflow file may be broken
job-core	Re-run failed workflows	2025-07-12T01:55:17.9640365Z run 13452827212 cannot be rerun; its workflow file may be broken
job-core	Re-run failed workflows	2025-07-12T01:55:18.7588707Z run 13452769619 cannot be rerun; its workflow file may be broken
job-core	Re-run failed workflows	2025-07-12T01:55:19.6456865Z run 13435269876 cannot be rerun; its workflow file may be broken
job-core	Re-run failed workflows	2025-07-12T01:55:20.4047375Z run 13435214399 cannot be rerun; its workflow file may be broken
job-core	Re-run failed workflows	2025-07-12T01:55:21.2486289Z run 13435009424 cannot be rerun; its workflow file may be broken
job-core	Re-run failed workflows	2025-07-12T01:55:22.1022618Z run 13434911708 cannot be rerun; its workflow file may be broken
job-core	Re-run failed workflows	2025-07-12T01:55:22.9546880Z run 13434618902 cannot be rerun; its workflow file may be broken
job-core	Re-run failed workflows	2025-07-12T01:55:23.8398408Z run 13434427293 cannot be rerun; its workflow file may be broken
job-core	Re-run failed workflows	2025-07-12T01:55:24.6787798Z run 13434006906 cannot be rerun; its workflow file may be broken
job-core	Re-run failed workflows	2025-07-12T01:55:25.5831777Z run 13433657343 cannot be rerun; its workflow file may be broken
job-core	Re-run failed workflows	2025-07-12T01:55:26.4001245Z run 13433514097 cannot be rerun; its workflow file may be broken
job-core	Re-run failed workflows	2025-07-12T01:55:27.2541907Z run 13433360001 cannot be rerun; its workflow file may be broken
job-core	Re-run failed workflows	2025-07-12T01:55:28.0459066Z run 13417971766 cannot be rerun; its workflow file may be broken
job-core	Re-run failed workflows	2025-07-12T01:55:28.8471131Z run 13417756488 cannot be rerun; its workflow file may be broken
job-core	Re-run failed workflows	2025-07-12T01:55:29.6898834Z run 13417495864 cannot be rerun; its workflow file may be broken
job-core	Re-run failed workflows	2025-07-12T01:55:30.5142163Z run 13417071264 cannot be rerun; its workflow file may be broken
job-core	Re-run failed workflows	2025-07-12T01:55:31.3669662Z run 13416748091 cannot be rerun; its workflow file may be broken
job-core	Re-run failed workflows	2025-07-12T01:55:32.3547685Z run 13416441369 cannot be rerun; its workflow file may be broken
job-core	Re-run failed workflows	2025-07-12T01:55:33.3172513Z run 13416342672 cannot be rerun; its workflow file may be broken
job-core	Re-run failed workflows	2025-07-12T01:55:34.1301177Z run 13416302888 cannot be rerun; its workflow file may be broken
job-core	Re-run failed workflows	2025-07-12T01:55:34.9495213Z run 13415955826 cannot be rerun; its workflow file may be broken
job-core	Re-run failed workflows	2025-07-12T01:55:35.7959546Z run 13415831172 cannot be rerun; its workflow file may be broken
job-core	Re-run failed workflows	2025-07-12T01:55:36.5791838Z run 13415389089 cannot be rerun; its workflow file may be broken
job-core	Re-run failed workflows	2025-07-12T01:55:37.3995073Z run 13414954861 cannot be rerun; its workflow file may be broken
job-core	Re-run failed workflows	2025-07-12T01:55:38.2896804Z run 13413490319 cannot be rerun; its workflow file may be broken
job-core	Re-run failed workflows	2025-07-12T01:55:39.1361563Z run 13413351568 cannot be rerun; its workflow file may be broken
job-core	Re-run failed workflows	2025-07-12T01:55:40.0441987Z run 13413166992 cannot be rerun; its workflow file may be broken
job-core	Re-run failed workflows	2025-07-12T01:55:40.8964210Z run 13412621263 cannot be rerun; its workflow file may be broken
job-core	Re-run failed workflows	2025-07-12T01:55:41.6872723Z run 13412548274 cannot be rerun; its workflow file may be broken
job-core	Re-run failed workflows	2025-07-12T01:55:42.6626494Z run 13412501549 cannot be rerun; its workflow file may be broken
job-core	Re-run failed workflows	2025-07-12T01:55:43.5518555Z run 13412402801 cannot be rerun; its workflow file may be broken
job-core	Re-run failed workflows	2025-07-12T01:55:44.4369871Z run 13412160966 cannot be rerun; its workflow file may be broken
job-core	Re-run failed workflows	2025-07-12T01:55:45.3146135Z run 13411869624 cannot be rerun; its workflow file may be broken
job-core	Re-run failed workflows	2025-07-12T01:55:46.1139087Z run 13411782720 cannot be rerun; its workflow file may be broken
job-core	Re-run failed workflows	2025-07-12T01:55:47.0055472Z run 13411714266 cannot be rerun; its workflow file may be broken
job-core	Re-run failed workflows	2025-07-12T01:55:47.9073789Z run 13411599405 cannot be rerun; its workflow file may be broken
job-core	Re-run failed workflows	2025-07-12T01:55:48.7908818Z run 13411313464 cannot be rerun; its workflow file may be broken
job-core	Re-run failed workflows	2025-07-12T01:55:49.6306074Z run 13410140056 cannot be rerun; its workflow file may be broken
job-core	Re-run failed workflows	2025-07-12T01:55:50.4657617Z run 13409981856 cannot be rerun; its workflow file may be broken
job-core	Re-run failed workflows	2025-07-12T01:55:51.3813765Z run 13408332908 cannot be rerun; its workflow file may be broken
job-core	Re-run failed workflows	2025-07-12T01:55:52.2974119Z run 13408224205 cannot be rerun; its workflow file may be broken
job-core	Re-run failed workflows	2025-07-12T01:55:53.1535314Z run 13408158521 cannot be rerun; its workflow file may be broken
job-core	Re-run failed workflows	2025-07-12T01:55:53.9390916Z run 13407957564 cannot be rerun; its workflow file may be broken
job-core	Re-run failed workflows	2025-07-12T01:55:54.7969647Z run 13407842089 cannot be rerun; its workflow file may be broken
job-core	Re-run failed workflows	2025-07-12T01:55:55.6173232Z run 13396321493 cannot be rerun; its workflow file may be broken
job-core	Re-run failed workflows	2025-07-12T01:55:56.4978209Z run 13396144327 cannot be rerun; its workflow file may be broken
job-core	Re-run failed workflows	2025-07-12T01:55:57.3704490Z run 13396031534 cannot be rerun; its workflow file may be broken
job-core	Re-run failed workflows	2025-07-12T01:55:58.2019937Z run 13395939841 cannot be rerun; its workflow file may be broken
job-core	Re-run failed workflows	2025-07-12T01:55:59.0775324Z run 13395899868 cannot be rerun; its workflow file may be broken
job-core	Re-run failed workflows	2025-07-12T01:55:59.9784940Z run 13395892336 cannot be rerun; its workflow file may be broken
job-core	Re-run failed workflows	2025-07-12T01:56:00.8383338Z run 13395259979 cannot be rerun; its workflow file may be broken
job-core	Re-run failed workflows	2025-07-12T01:56:01.6724996Z run 13395111096 cannot be rerun; its workflow file may be broken
job-core	Re-run failed workflows	2025-07-12T01:56:02.5292633Z run 13390326966 cannot be rerun; its workflow file may be broken
job-core	Re-run failed workflows	2025-07-12T01:56:03.3528134Z run 13390250656 cannot be rerun; its workflow file may be broken
job-core	Re-run failed workflows	2025-07-12T01:56:04.1456101Z run 13390172374 cannot be rerun; its workflow file may be broken
job-core	Re-run failed workflows	2025-07-12T01:56:05.0090842Z run 13390020386 cannot be rerun; its workflow file may be broken
job-core	Re-run failed workflows	2025-07-12T01:56:05.8582475Z run 13389757457 cannot be rerun; its workflow file may be broken
job-core	Re-run failed workflows	2025-07-12T01:56:06.6836170Z run 13389571245 cannot be rerun; its workflow file may be broken
job-core	Re-run failed workflows	2025-07-12T01:56:07.5536613Z run 13389528347 cannot be rerun; its workflow file may be broken
job-core	Re-run failed workflows	2025-07-12T01:56:08.4206015Z run 13389406951 cannot be rerun; its workflow file may be broken
job-core	Re-run failed workflows	2025-07-12T01:56:09.3058399Z run 13389320703 cannot be rerun; its workflow file may be broken
job-core	Re-run failed workflows	2025-07-12T01:56:10.1778632Z run 13389250470 cannot be rerun; its workflow file may be broken
job-core	Re-run failed workflows	2025-07-12T01:56:11.0065076Z run 13389237793 cannot be rerun; its workflow file may be broken
job-core	Re-run failed workflows	2025-07-12T01:56:11.7865354Z run 13389017129 cannot be rerun; its workflow file may be broken
job-core	Re-run failed workflows	2025-07-12T01:56:12.6174499Z run 13388886939 cannot be rerun; its workflow file may be broken
job-core	Re-run failed workflows	2025-07-12T01:56:13.4829063Z run 13388586289 cannot be rerun; its workflow file may be broken
job-core	Re-run failed workflows	2025-07-12T01:56:14.3578279Z run 13370488425 cannot be rerun; its workflow file may be broken
job-core	Re-run failed workflows	2025-07-12T01:56:15.2345480Z run 13370380363 cannot be rerun; its workflow file may be broken
job-core	Re-run failed workflows	2025-07-12T01:56:16.0614334Z run 13370192694 cannot be rerun; its workflow file may be broken
job-core	Re-run failed workflows	2025-07-12T01:56:16.9196278Z run 13369894175 cannot be rerun; its workflow file may be broken
job-core	Re-run failed workflows	2025-07-12T01:56:17.7300430Z run 13369488229 cannot be rerun; its workflow file may be broken
job-core	Re-run failed workflows	2025-07-12T01:56:18.6375308Z run 13367579874 cannot be rerun; its workflow file may be broken
job-core	Re-run failed workflows	2025-07-12T01:56:19.4693398Z run 13367550942 cannot be rerun; its workflow file may be broken
job-core	Re-run failed workflows	2025-07-12T01:56:20.3313642Z run 13367447422 cannot be rerun; its workflow file may be broken
job-core	Re-run failed workflows	2025-07-12T01:56:21.2060445Z run 13367322058 cannot be rerun; its workflow file may be broken
job-core	Re-run failed workflows	2025-07-12T01:56:22.0896785Z run 13367268423 cannot be rerun; its workflow file may be broken
job-core	Re-run failed workflows	2025-07-12T01:56:23.0183027Z run 13367177574 cannot be rerun; its workflow file may be broken
job-core	Re-run failed workflows	2025-07-12T01:56:23.9140159Z run 13367138265 cannot be rerun; its workflow file may be broken
job-core	Re-run failed workflows	2025-07-12T01:56:24.7609194Z run 13367047025 cannot be rerun; its workflow file may be broken
job-core	Re-run failed workflows	2025-07-12T01:56:25.7744680Z run 13366945356 cannot be rerun; its workflow file may be broken
job-core	Re-run failed workflows	2025-07-12T01:56:26.5976829Z run 13366862411 cannot be rerun; its workflow file may be broken
job-core	Re-run failed workflows	2025-07-12T01:56:27.4381215Z run 13366752132 cannot be rerun; its workflow file may be broken
job-core	Re-run failed workflows	2025-07-12T01:56:28.2864113Z run 13366339650 cannot be rerun; its workflow file may be broken
job-core	Re-run failed workflows	2025-07-12T01:56:29.1314518Z run 13345644886 cannot be rerun; its workflow file may be broken
job-core	Re-run failed workflows	2025-07-12T01:56:30.0377939Z run 13329757499 cannot be rerun; its workflow file may be broken
job-core	Re-run failed workflows	2025-07-12T01:56:30.9031582Z run 13329624405 cannot be rerun; its workflow file may be broken
job-core	Re-run failed workflows	2025-07-12T01:56:31.7460548Z run 13329562153 cannot be rerun; its workflow file may be broken
job-core	Re-run failed workflows	2025-07-12T01:56:32.7632861Z run 13329371252 cannot be rerun; its workflow file may be broken
job-core	Re-run failed workflows	2025-07-12T01:56:33.5879144Z run 13329283381 cannot be rerun; its workflow file may be broken
job-core	Re-run failed workflows	2025-07-12T01:56:34.4134555Z run 13327840166 cannot be rerun; its workflow file may be broken
job-core	Re-run failed workflows	2025-07-12T01:56:35.2049478Z run 13327350482 cannot be rerun; its workflow file may be broken
job-core	Re-run failed workflows	2025-07-12T01:56:36.0628645Z run 13327249485 cannot be rerun; its workflow file may be broken
job-core	Re-run failed workflows	2025-07-12T01:56:36.9417067Z run 13327132364 cannot be rerun; its workflow file may be broken
job-core	Re-run failed workflows	2025-07-12T01:56:37.7619744Z run 13326403576 cannot be rerun; its workflow file may be broken
job-core	Re-run failed workflows	2025-07-12T01:56:38.5395909Z run 13325505614 cannot be rerun; its workflow file may be broken
job-core	Re-run failed workflows	2025-07-12T01:56:39.4195181Z run 13309707288 cannot be rerun; its workflow file may be broken
job-core	Re-run failed workflows	2025-07-12T01:56:40.2206259Z run 13309570741 cannot be rerun; its workflow file may be broken
job-core	Re-run failed workflows	2025-07-12T01:56:41.0192300Z run 13303505568 cannot be rerun; its workflow file may be broken
job-core	Re-run failed workflows	2025-07-12T01:56:41.8755817Z run 13245913624 cannot be rerun; its workflow file may be broken
job-core	Re-run failed workflows	2025-07-12T01:56:42.7060391Z run 13245782056 cannot be rerun; its workflow file may be broken
job-core	Re-run failed workflows	2025-07-12T01:56:43.5876942Z run 13245665323 cannot be rerun; its workflow file may be broken
job-core	Re-run failed workflows	2025-07-12T01:56:44.4161078Z run 13245348859 cannot be rerun; its workflow file may be broken
job-core	Re-run failed workflows	2025-07-12T01:56:45.2563617Z run 13244064437 cannot be rerun; its workflow file may be broken
job-core	Re-run failed workflows	2025-07-12T01:56:46.0960101Z run 13243913323 cannot be rerun; its workflow file may be broken
job-core	Re-run failed workflows	2025-07-12T01:56:46.8873817Z run 13243731360 cannot be rerun; its workflow file may be broken
job-core	Re-run failed workflows	2025-07-12T01:56:47.7298668Z run 13243055626 cannot be rerun; its workflow file may be broken
job-core	Re-run failed workflows	2025-07-12T01:56:48.5144980Z run 13242958593 cannot be rerun; its workflow file may be broken
job-core	Re-run failed workflows	2025-07-12T01:56:49.3098461Z run 13242709182 cannot be rerun; its workflow file may be broken
job-core	Re-run failed workflows	2025-07-12T01:56:50.1518790Z run 13242343874 cannot be rerun; its workflow file may be broken
job-core	Re-run failed workflows	2025-07-12T01:56:51.0275349Z run 13242120341 cannot be rerun; its workflow file may be broken
job-core	Re-run failed workflows	2025-07-12T01:56:51.8677994Z run 13241810905 cannot be rerun; its workflow file may be broken
job-core	Re-run failed workflows	2025-07-12T01:56:52.7428676Z run 13241599057 cannot be rerun; its workflow file may be broken
job-core	Re-run failed workflows	2025-07-12T01:56:53.6007091Z run 13241481481 cannot be rerun; its workflow file may be broken
job-core	Re-run failed workflows	2025-07-12T01:56:54.4205461Z run 13241367326 cannot be rerun; its workflow file may be broken
job-core	Re-run failed workflows	2025-07-12T01:56:55.2369105Z run 13241059967 cannot be rerun; its workflow file may be broken
job-core	Re-run failed workflows	2025-07-12T01:56:56.0309697Z run 13239422185 cannot be rerun; its workflow file may be broken
job-core	Re-run failed workflows	2025-07-12T01:56:56.8677022Z run 13239400844 cannot be rerun; its workflow file may be broken
job-core	Re-run failed workflows	2025-07-12T01:56:57.6080820Z run 13183801389 cannot be rerun; its workflow file may be broken
job-core	Re-run failed workflows	2025-07-12T01:56:58.4045136Z run 13179251736 cannot be rerun; its workflow file may be broken
job-core	Re-run failed workflows	2025-07-12T01:56:59.2783612Z run 13179081992 cannot be rerun; its workflow file may be broken
job-core	Re-run failed workflows	2025-07-12T01:57:00.1030456Z run 13175435329 cannot be rerun; its workflow file may be broken
job-core	Re-run failed workflows	2025-07-12T01:57:00.9542313Z run 13175212754 cannot be rerun; its workflow file may be broken
job-core	Re-run failed workflows	2025-07-12T01:57:01.7543021Z run 13153219191 cannot be rerun; its workflow file may be broken
job-core	Re-run failed workflows	2025-07-12T01:57:02.6568440Z run 13140617433 cannot be rerun; its workflow file may be broken
job-core	Re-run failed workflows	2025-07-12T01:57:03.5797688Z run 13140408225 cannot be rerun; its workflow file may be broken
job-core	Re-run failed workflows	2025-07-12T01:57:04.4905846Z run 13140362428 cannot be rerun; its workflow file may be broken
job-core	Re-run failed workflows	2025-07-12T01:57:05.4454007Z run 13140358046 cannot be rerun; its workflow file may be broken
job-core	Re-run failed workflows	2025-07-12T01:57:06.2851984Z run 13140292574 cannot be rerun; its workflow file may be broken
job-core	Re-run failed workflows	2025-07-12T01:57:07.1298138Z run 13140267659 cannot be rerun; its workflow file may be broken
job-core	Re-run failed workflows	2025-07-12T01:57:07.9582041Z run 13140246878 cannot be rerun; its workflow file may be broken
job-core	Re-run failed workflows	2025-07-12T01:57:08.8281411Z run 13140177438 cannot be rerun; its workflow file may be broken
job-core	Re-run failed workflows	2025-07-12T01:57:09.7307635Z run 13140105140 cannot be rerun; its workflow file may be broken
job-core	Re-run failed workflows	2025-07-12T01:57:10.5993623Z run 13140072021 cannot be rerun; its workflow file may be broken
job-core	Re-run failed workflows	2025-07-12T01:57:11.4505222Z run 13139889627 cannot be rerun; its workflow file may be broken
job-core	Re-run failed workflows	2025-07-12T01:57:12.2432254Z run 13139602458 cannot be rerun; its workflow file may be broken
job-core	Upload file results	﻿2025-07-12T01:57:12.2550480Z ##[group]Run echo "Uploading results files to the repository..."
job-core	Upload file results	2025-07-12T01:57:12.2551159Z [36;1mecho "Uploading results files to the repository..."[0m
job-core	Upload file results	2025-07-12T01:57:12.2551730Z [36;1mgit config --global user.name "***"[0m
job-core	Upload file results	2025-07-12T01:57:12.2552079Z [36;1mgit config --global user.email "***"[0m
job-core	Upload file results	2025-07-12T01:57:12.2552370Z [36;1mgit pull[0m
job-core	Upload file results	2025-07-12T01:57:12.2552579Z [36;1mgit add core/results/rr/*[0m
job-core	Upload file results	2025-07-12T01:57:12.2553412Z [36;1mgit commit -m "[Ka0S] Re-Runs Inspector uploading resume execution files to the repository..."[0m
job-core	Upload file results	2025-07-12T01:57:12.2553876Z [36;1mgit push[0m
job-core	Upload file results	2025-07-12T01:57:12.2560540Z shell: /usr/bin/bash -e {0}
job-core	Upload file results	2025-07-12T01:57:12.2560773Z env:
job-core	Upload file results	2025-07-12T01:57:12.2560951Z   KAOS_CODE: 16233035502
job-core	Upload file results	2025-07-12T01:57:12.2561177Z   KAOS_EVENT_NAME: schedule
job-core	Upload file results	2025-07-12T01:57:12.2561398Z   KAOS_ACTION: 
job-core	Upload file results	2025-07-12T01:57:12.2561596Z   KAOS_REF: refs/heads/main
job-core	Upload file results	2025-07-12T01:57:12.2561884Z   KAOS_MODULE: [Ka0S] Re-Run Failed Inspector Workflows
job-core	Upload file results	2025-07-12T01:57:12.2562300Z   KAOS_PATH_SOURCE: core/outputs/w/kaos-workflows-runs.json
job-core	Upload file results	2025-07-12T01:57:12.2562641Z   KAOS_PATH_RESUME: core/results/rr/
job-core	Upload file results	2025-07-12T01:57:12.2562893Z   KAOS_ACTOR: santakloud
job-core	Upload file results	2025-07-12T01:57:12.2563108Z ##[endgroup]
job-core	Upload file results	2025-07-12T01:57:12.2596386Z Uploading results files to the repository...
job-core	Upload file results	2025-07-12T01:57:12.8473558Z Already up to date.
job-core	Upload file results	2025-07-12T01:57:12.9016094Z [main f14af208] [Ka0S] Re-Runs Inspector uploading resume execution files to the repository...
job-core	Upload file results	2025-07-12T01:57:12.9016826Z  1 file changed, 496 insertions(+)
job-core	Upload file results	2025-07-12T01:57:12.9017224Z  create mode 100644 core/results/rr/16233035502_resume_reruns_inspector.log
job-core	Upload file results	2025-07-12T01:57:13.8316500Z To https://github.com/Ka0s-Klaus/ka0s
job-core	Upload file results	2025-07-12T01:57:13.8317122Z    6ede1aa4..f14af208  main -> main
job-core	Post Checkout repository	﻿2025-07-12T01:57:13.8504985Z Post job cleanup.
job-core	Post Checkout repository	2025-07-12T01:57:13.9505269Z [command]/usr/bin/git version
job-core	Post Checkout repository	2025-07-12T01:57:13.9542560Z git version 2.43.0
job-core	Post Checkout repository	2025-07-12T01:57:13.9582349Z Copying '/home/kaos/.gitconfig' to '/actions-runner/_work/_temp/10690a67-de08-45c4-96e4-db7e0bfbf0e3/.gitconfig'
job-core	Post Checkout repository	2025-07-12T01:57:13.9594290Z Temporarily overriding HOME='/actions-runner/_work/_temp/10690a67-de08-45c4-96e4-db7e0bfbf0e3' before making global git config changes
job-core	Post Checkout repository	2025-07-12T01:57:13.9595255Z Adding repository directory to the temporary git global config as a safe directory
job-core	Post Checkout repository	2025-07-12T01:57:13.9600786Z [command]/usr/bin/git config --global --add safe.directory /actions-runner/_work/ka0s/ka0s
job-core	Post Checkout repository	2025-07-12T01:57:13.9640588Z [command]/usr/bin/git config --local --name-only --get-regexp core\.sshCommand
job-core	Post Checkout repository	2025-07-12T01:57:13.9686759Z [command]/usr/bin/git submodule foreach --recursive sh -c "git config --local --name-only --get-regexp 'core\.sshCommand' && git config --local --unset-all 'core.sshCommand' || :"
job-core	Post Checkout repository	2025-07-12T01:57:13.9942191Z [command]/usr/bin/git config --local --name-only --get-regexp http\.https\:\/\/github\.com\/\.extraheader
job-core	Post Checkout repository	2025-07-12T01:57:13.9965683Z http.https://github.com/.extraheader
job-core	Post Checkout repository	2025-07-12T01:57:13.9979844Z [command]/usr/bin/git config --local --unset-all http.https://github.com/.extraheader
job-core	Post Checkout repository	2025-07-12T01:57:14.0015627Z [command]/usr/bin/git submodule foreach --recursive sh -c "git config --local --name-only --get-regexp 'http\.https\:\/\/github\.com\/\.extraheader' && git config --local --unset-all 'http.https://github.com/.extraheader' || :"
job-core	Complete job	﻿2025-07-12T01:57:14.0386376Z Cleaning up orphan processes
handle-success	Set up job	﻿2025-07-12T01:57:19.5852966Z Current runner version: '2.326.0'
handle-success	Set up job	2025-07-12T01:57:19.5860576Z Runner name: 'ka0s-ka0s-2'
handle-success	Set up job	2025-07-12T01:57:19.5861374Z Runner group name: 'ka0s'
handle-success	Set up job	2025-07-12T01:57:19.5862221Z Machine name: '6e01ed641e71'
handle-success	Set up job	2025-07-12T01:57:19.5864758Z ##[group]GITHUB_TOKEN Permissions
handle-success	Set up job	2025-07-12T01:57:19.5867420Z Actions: write
handle-success	Set up job	2025-07-12T01:57:19.5868100Z Metadata: read
handle-success	Set up job	2025-07-12T01:57:19.5868616Z ##[endgroup]
handle-success	Set up job	2025-07-12T01:57:19.5870807Z Secret source: Actions
handle-success	Set up job	2025-07-12T01:57:19.5871587Z Prepare workflow directory
handle-success	Set up job	2025-07-12T01:57:19.6480601Z Prepare all required actions
handle-success	Set up job	2025-07-12T01:57:19.6519692Z Getting action download info
handle-success	Set up job	2025-07-12T01:57:20.2037216Z Download action repository 'actions/checkout@v4' (SHA:11bd71901bbe5b1630ceea73d27597364c9af683)
handle-success	Set up job	2025-07-12T01:57:21.0522074Z Complete job name: handle-success
handle-success	Checkout code	﻿2025-07-12T01:57:21.1024972Z ##[group]Run actions/checkout@v4
handle-success	Checkout code	2025-07-12T01:57:21.1025982Z with:
handle-success	Checkout code	2025-07-12T01:57:21.1026417Z   fetch-depth: 0
handle-success	Checkout code	2025-07-12T01:57:21.1027118Z   token: ***
handle-success	Checkout code	2025-07-12T01:57:21.1027567Z   repository: Ka0s-Klaus/ka0s
handle-success	Checkout code	2025-07-12T01:57:21.1028133Z   ssh-strict: true
handle-success	Checkout code	2025-07-12T01:57:21.1028566Z   ssh-user: git
handle-success	Checkout code	2025-07-12T01:57:21.1029002Z   persist-credentials: true
handle-success	Checkout code	2025-07-12T01:57:21.1029500Z   clean: true
handle-success	Checkout code	2025-07-12T01:57:21.1029933Z   sparse-checkout-cone-mode: true
handle-success	Checkout code	2025-07-12T01:57:21.1030478Z   fetch-tags: false
handle-success	Checkout code	2025-07-12T01:57:21.1030926Z   show-progress: true
handle-success	Checkout code	2025-07-12T01:57:21.1031366Z   lfs: false
handle-success	Checkout code	2025-07-12T01:57:21.1031772Z   submodules: false
handle-success	Checkout code	2025-07-12T01:57:21.1032243Z   set-safe-directory: true
handle-success	Checkout code	2025-07-12T01:57:21.1032961Z env:
handle-success	Checkout code	2025-07-12T01:57:21.1033377Z   KAOS_CODE: 16233035502
handle-success	Checkout code	2025-07-12T01:57:21.1033856Z   KAOS_EVENT_NAME: schedule
handle-success	Checkout code	2025-07-12T01:57:21.1034338Z   KAOS_ACTION: 
handle-success	Checkout code	2025-07-12T01:57:21.1034758Z   KAOS_REF: refs/heads/main
handle-success	Checkout code	2025-07-12T01:57:21.1035347Z   KAOS_MODULE: [Ka0S] Re-Run Failed Inspector Workflows
handle-success	Checkout code	2025-07-12T01:57:21.1036209Z   KAOS_PATH_SOURCE: core/outputs/w/kaos-workflows-runs.json
handle-success	Checkout code	2025-07-12T01:57:21.1036922Z   KAOS_PATH_RESUME: core/results/rr/
handle-success	Checkout code	2025-07-12T01:57:21.1037477Z   KAOS_ACTOR: santakloud
handle-success	Checkout code	2025-07-12T01:57:21.1037934Z ##[endgroup]
handle-success	Checkout code	2025-07-12T01:57:21.2178372Z Syncing repository: Ka0s-Klaus/ka0s
handle-success	Checkout code	2025-07-12T01:57:21.2180401Z ##[group]Getting Git version info
handle-success	Checkout code	2025-07-12T01:57:21.2181171Z Working directory is '/actions-runner/_work/ka0s/ka0s'
handle-success	Checkout code	2025-07-12T01:57:21.2182248Z [command]/usr/bin/git version
handle-success	Checkout code	2025-07-12T01:57:21.2182805Z git version 2.43.0
handle-success	Checkout code	2025-07-12T01:57:21.2201582Z ##[endgroup]
handle-success	Checkout code	2025-07-12T01:57:21.2213711Z Copying '/home/kaos/.gitconfig' to '/actions-runner/_work/_temp/24a17091-c404-40ba-9877-43570f7a2c2a/.gitconfig'
handle-success	Checkout code	2025-07-12T01:57:21.2226412Z Temporarily overriding HOME='/actions-runner/_work/_temp/24a17091-c404-40ba-9877-43570f7a2c2a' before making global git config changes
handle-success	Checkout code	2025-07-12T01:57:21.2228421Z Adding repository directory to the temporary git global config as a safe directory
handle-success	Checkout code	2025-07-12T01:57:21.2231155Z [command]/usr/bin/git config --global --add safe.directory /actions-runner/_work/ka0s/ka0s
handle-success	Checkout code	2025-07-12T01:57:21.2276139Z [command]/usr/bin/git config --local --get remote.origin.url
handle-success	Checkout code	2025-07-12T01:57:21.2298381Z https://github.com/Ka0s-Klaus/ka0s
handle-success	Checkout code	2025-07-12T01:57:21.2320011Z ##[group]Removing previously created refs, to avoid conflicts
handle-success	Checkout code	2025-07-12T01:57:21.2324309Z [command]/usr/bin/git rev-parse --symbolic-full-name --verify --quiet HEAD
handle-success	Checkout code	2025-07-12T01:57:21.2348431Z refs/heads/main
handle-success	Checkout code	2025-07-12T01:57:21.2360417Z [command]/usr/bin/git checkout --detach
handle-success	Checkout code	2025-07-12T01:57:21.2440663Z HEAD is now at 2a00cf8f [Ka0S] Inspector uploading resume execution files to the repository...
handle-success	Checkout code	2025-07-12T01:57:21.2485170Z [command]/usr/bin/git branch --delete --force main
handle-success	Checkout code	2025-07-12T01:57:21.2518542Z Deleted branch main (was 2a00cf8f).
handle-success	Checkout code	2025-07-12T01:57:21.2611311Z ##[endgroup]
handle-success	Checkout code	2025-07-12T01:57:21.2612451Z [command]/usr/bin/git submodule status
handle-success	Checkout code	2025-07-12T01:57:21.2890377Z ##[group]Cleaning the repository
handle-success	Checkout code	2025-07-12T01:57:21.2895036Z [command]/usr/bin/git clean -ffdx
handle-success	Checkout code	2025-07-12T01:57:21.2952221Z [command]/usr/bin/git reset --hard HEAD
handle-success	Checkout code	2025-07-12T01:57:21.3037591Z HEAD is now at 2a00cf8f [Ka0S] Inspector uploading resume execution files to the repository...
handle-success	Checkout code	2025-07-12T01:57:21.3044490Z ##[endgroup]
handle-success	Checkout code	2025-07-12T01:57:21.3045378Z ##[group]Disabling automatic garbage collection
handle-success	Checkout code	2025-07-12T01:57:21.3050611Z [command]/usr/bin/git config --local gc.auto 0
handle-success	Checkout code	2025-07-12T01:57:21.3081560Z ##[endgroup]
handle-success	Checkout code	2025-07-12T01:57:21.3082540Z ##[group]Setting up auth
handle-success	Checkout code	2025-07-12T01:57:21.3089522Z [command]/usr/bin/git config --local --name-only --get-regexp core\.sshCommand
handle-success	Checkout code	2025-07-12T01:57:21.3136155Z [command]/usr/bin/git submodule foreach --recursive sh -c "git config --local --name-only --get-regexp 'core\.sshCommand' && git config --local --unset-all 'core.sshCommand' || :"
handle-success	Checkout code	2025-07-12T01:57:21.3392350Z [command]/usr/bin/git config --local --name-only --get-regexp http\.https\:\/\/github\.com\/\.extraheader
handle-success	Checkout code	2025-07-12T01:57:21.3424812Z [command]/usr/bin/git submodule foreach --recursive sh -c "git config --local --name-only --get-regexp 'http\.https\:\/\/github\.com\/\.extraheader' && git config --local --unset-all 'http.https://github.com/.extraheader' || :"
handle-success	Checkout code	2025-07-12T01:57:21.3677883Z [command]/usr/bin/git config --local http.https://github.com/.extraheader AUTHORIZATION: basic ***
handle-success	Checkout code	2025-07-12T01:57:21.3723151Z ##[endgroup]
handle-success	Checkout code	2025-07-12T01:57:21.3724142Z ##[group]Fetching the repository
handle-success	Checkout code	2025-07-12T01:57:21.3731096Z [command]/usr/bin/git -c protocol.version=2 fetch --prune --no-recurse-submodules origin +refs/heads/*:refs/remotes/origin/* +refs/tags/*:refs/tags/*
handle-success	Checkout code	2025-07-12T01:57:22.2533210Z From https://github.com/Ka0s-Klaus/ka0s
handle-success	Checkout code	2025-07-12T01:57:22.2534613Z    2a00cf8f..f14af208  main       -> origin/main
handle-success	Checkout code	2025-07-12T01:57:22.2607171Z [command]/usr/bin/git branch --list --remote origin/main
handle-success	Checkout code	2025-07-12T01:57:22.2641951Z   origin/main
handle-success	Checkout code	2025-07-12T01:57:22.2650518Z [command]/usr/bin/git rev-parse refs/remotes/origin/main
handle-success	Checkout code	2025-07-12T01:57:22.2674991Z f14af208abb80c3a3e0fc49afd00619867149879
handle-success	Checkout code	2025-07-12T01:57:22.2686994Z [command]/usr/bin/git -c protocol.version=2 fetch --no-tags --prune --no-recurse-submodules origin +6ede1aa487616d7c49004f4b7b876b1fd8d69f3e:refs/remotes/origin/main
handle-success	Checkout code	2025-07-12T01:57:22.2870116Z From https://github.com/Ka0s-Klaus/ka0s
handle-success	Checkout code	2025-07-12T01:57:22.2872450Z  + f14af208...6ede1aa4 6ede1aa487616d7c49004f4b7b876b1fd8d69f3e -> origin/main  (forced update)
handle-success	Checkout code	2025-07-12T01:57:22.2917488Z ##[endgroup]
handle-success	Checkout code	2025-07-12T01:57:22.2918998Z ##[group]Determining the checkout info
handle-success	Checkout code	2025-07-12T01:57:22.2929463Z ##[endgroup]
handle-success	Checkout code	2025-07-12T01:57:22.2930725Z [command]/usr/bin/git sparse-checkout disable
handle-success	Checkout code	2025-07-12T01:57:22.2956114Z [command]/usr/bin/git config --local --unset-all extensions.worktreeConfig
handle-success	Checkout code	2025-07-12T01:57:22.2986872Z ##[group]Checking out the ref
handle-success	Checkout code	2025-07-12T01:57:22.2989797Z [command]/usr/bin/git checkout --progress --force -B main refs/remotes/origin/main
handle-success	Checkout code	2025-07-12T01:57:22.3467470Z Previous HEAD position was 2a00cf8f [Ka0S] Inspector uploading resume execution files to the repository...
handle-success	Checkout code	2025-07-12T01:57:22.3476543Z Switched to a new branch 'main'
handle-success	Checkout code	2025-07-12T01:57:22.3478062Z branch 'main' set up to track 'origin/main'.
handle-success	Checkout code	2025-07-12T01:57:22.3485881Z ##[endgroup]
handle-success	Checkout code	2025-07-12T01:57:22.3526056Z [command]/usr/bin/git log -1 --format=%H
handle-success	Checkout code	2025-07-12T01:57:22.3554185Z 6ede1aa487616d7c49004f4b7b876b1fd8d69f3e
handle-success	handle-success-execution	﻿2025-07-12T01:57:22.3810954Z ##[group]Run # RNNUMBER=$(echo "refs/heads/main" | grep -o '[0-9]*')
handle-success	handle-success-execution	2025-07-12T01:57:22.3812904Z [36;1m# RNNUMBER=$(echo "refs/heads/main" | grep -o '[0-9]*')[0m
handle-success	handle-success-execution	2025-07-12T01:57:22.3816252Z [36;1m# gh issue comment $RNNUMBER --body "El proceso ha finalizado correctamente 16233035502. El resultado está en el fichero core/results/event_data_16233035502.log"[0m
handle-success	handle-success-execution	2025-07-12T01:57:22.3820554Z [36;1mecho "El proceso ha finalizado correctamente 16233035502. El resultado está en el fichero core/results/event_data_16233035502.log"[0m
handle-success	handle-success-execution	2025-07-12T01:57:22.3833058Z shell: /usr/bin/bash -e {0}
handle-success	handle-success-execution	2025-07-12T01:57:22.3834124Z env:
handle-success	handle-success-execution	2025-07-12T01:57:22.3834923Z   KAOS_CODE: 16233035502
handle-success	handle-success-execution	2025-07-12T01:57:22.3835985Z   KAOS_EVENT_NAME: schedule
handle-success	handle-success-execution	2025-07-12T01:57:22.3837011Z   KAOS_ACTION: 
handle-success	handle-success-execution	2025-07-12T01:57:22.3838156Z   KAOS_REF: refs/heads/main
handle-success	handle-success-execution	2025-07-12T01:57:22.3839369Z   KAOS_MODULE: [Ka0S] Re-Run Failed Inspector Workflows
handle-success	handle-success-execution	2025-07-12T01:57:22.3840967Z   KAOS_PATH_SOURCE: core/outputs/w/kaos-workflows-runs.json
handle-success	handle-success-execution	2025-07-12T01:57:22.3842496Z   KAOS_PATH_RESUME: core/results/rr/
handle-success	handle-success-execution	2025-07-12T01:57:22.3843644Z   KAOS_ACTOR: santakloud
handle-success	handle-success-execution	2025-07-12T01:57:22.3845052Z   GH_TOKEN: ***
handle-success	handle-success-execution	2025-07-12T01:57:22.3845975Z ##[endgroup]
handle-success	handle-success-execution	2025-07-12T01:57:22.3904874Z El proceso ha finalizado correctamente 16233035502. El resultado está en el fichero core/results/event_data_16233035502.log
handle-success	Post Checkout code	﻿2025-07-12T01:57:22.4123492Z Post job cleanup.
handle-success	Post Checkout code	2025-07-12T01:57:22.5115346Z [command]/usr/bin/git version
handle-success	Post Checkout code	2025-07-12T01:57:22.5156229Z git version 2.43.0
handle-success	Post Checkout code	2025-07-12T01:57:22.5198586Z Copying '/home/kaos/.gitconfig' to '/actions-runner/_work/_temp/c1aa7825-cae8-40ad-b814-986033b9d865/.gitconfig'
handle-success	Post Checkout code	2025-07-12T01:57:22.5210867Z Temporarily overriding HOME='/actions-runner/_work/_temp/c1aa7825-cae8-40ad-b814-986033b9d865' before making global git config changes
handle-success	Post Checkout code	2025-07-12T01:57:22.5214402Z Adding repository directory to the temporary git global config as a safe directory
handle-success	Post Checkout code	2025-07-12T01:57:22.5217140Z [command]/usr/bin/git config --global --add safe.directory /actions-runner/_work/ka0s/ka0s
handle-success	Post Checkout code	2025-07-12T01:57:22.5256399Z [command]/usr/bin/git config --local --name-only --get-regexp core\.sshCommand
handle-success	Post Checkout code	2025-07-12T01:57:22.5301156Z [command]/usr/bin/git submodule foreach --recursive sh -c "git config --local --name-only --get-regexp 'core\.sshCommand' && git config --local --unset-all 'core.sshCommand' || :"
handle-success	Post Checkout code	2025-07-12T01:57:22.5554443Z [command]/usr/bin/git config --local --name-only --get-regexp http\.https\:\/\/github\.com\/\.extraheader
handle-success	Post Checkout code	2025-07-12T01:57:22.5578855Z http.https://github.com/.extraheader
handle-success	Post Checkout code	2025-07-12T01:57:22.5591687Z [command]/usr/bin/git config --local --unset-all http.https://github.com/.extraheader
handle-success	Post Checkout code	2025-07-12T01:57:22.5628078Z [command]/usr/bin/git submodule foreach --recursive sh -c "git config --local --name-only --get-regexp 'http\.https\:\/\/github\.com\/\.extraheader' && git config --local --unset-all 'http.https://github.com/.extraheader' || :"
handle-success	Complete job	﻿2025-07-12T01:57:22.6009811Z Cleaning up orphan processes
end-workflow	Set up job	﻿2025-07-12T01:57:28.4578708Z Current runner version: '2.326.0'
end-workflow	Set up job	2025-07-12T01:57:28.4586091Z Runner name: 'ka0s-ka0s-2'
end-workflow	Set up job	2025-07-12T01:57:28.4586905Z Runner group name: 'ka0s'
end-workflow	Set up job	2025-07-12T01:57:28.4587753Z Machine name: '6e01ed641e71'
end-workflow	Set up job	2025-07-12T01:57:28.4590351Z ##[group]GITHUB_TOKEN Permissions
end-workflow	Set up job	2025-07-12T01:57:28.4592591Z Actions: write
end-workflow	Set up job	2025-07-12T01:57:28.4593261Z Metadata: read
end-workflow	Set up job	2025-07-12T01:57:28.4593833Z ##[endgroup]
end-workflow	Set up job	2025-07-12T01:57:28.4596210Z Secret source: Actions
end-workflow	Set up job	2025-07-12T01:57:28.4597007Z Prepare workflow directory
end-workflow	Set up job	2025-07-12T01:57:28.5243821Z Prepare all required actions
end-workflow	Set up job	2025-07-12T01:57:28.5288758Z Getting action download info
end-workflow	Set up job	2025-07-12T01:57:29.0752403Z Download action repository 'actions/checkout@v4' (SHA:11bd71901bbe5b1630ceea73d27597364c9af683)
end-workflow	Set up job	2025-07-12T01:57:29.9596621Z Complete job name: end-workflow
end-workflow	Checkout code	﻿2025-07-12T01:57:30.0104701Z ##[group]Run actions/checkout@v4
end-workflow	Checkout code	2025-07-12T01:57:30.0105709Z with:
end-workflow	Checkout code	2025-07-12T01:57:30.0106157Z   fetch-depth: 0
end-workflow	Checkout code	2025-07-12T01:57:30.0106868Z   token: ***
end-workflow	Checkout code	2025-07-12T01:57:30.0107322Z   repository: Ka0s-Klaus/ka0s
end-workflow	Checkout code	2025-07-12T01:57:30.0108025Z   ssh-strict: true
end-workflow	Checkout code	2025-07-12T01:57:30.0108594Z   ssh-user: git
end-workflow	Checkout code	2025-07-12T01:57:30.0109047Z   persist-credentials: true
end-workflow	Checkout code	2025-07-12T01:57:30.0109547Z   clean: true
end-workflow	Checkout code	2025-07-12T01:57:30.0109995Z   sparse-checkout-cone-mode: true
end-workflow	Checkout code	2025-07-12T01:57:30.0110552Z   fetch-tags: false
end-workflow	Checkout code	2025-07-12T01:57:30.0111014Z   show-progress: true
end-workflow	Checkout code	2025-07-12T01:57:30.0111471Z   lfs: false
end-workflow	Checkout code	2025-07-12T01:57:30.0111884Z   submodules: false
end-workflow	Checkout code	2025-07-12T01:57:30.0112370Z   set-safe-directory: true
end-workflow	Checkout code	2025-07-12T01:57:30.0113099Z env:
end-workflow	Checkout code	2025-07-12T01:57:30.0113843Z   KAOS_CODE: 16233035502
end-workflow	Checkout code	2025-07-12T01:57:30.0114337Z   KAOS_EVENT_NAME: schedule
end-workflow	Checkout code	2025-07-12T01:57:30.0114836Z   KAOS_ACTION: 
end-workflow	Checkout code	2025-07-12T01:57:30.0115272Z   KAOS_REF: refs/heads/main
end-workflow	Checkout code	2025-07-12T01:57:30.0116191Z   KAOS_MODULE: [Ka0S] Re-Run Failed Inspector Workflows
end-workflow	Checkout code	2025-07-12T01:57:30.0117007Z   KAOS_PATH_SOURCE: core/outputs/w/kaos-workflows-runs.json
end-workflow	Checkout code	2025-07-12T01:57:30.0117724Z   KAOS_PATH_RESUME: core/results/rr/
end-workflow	Checkout code	2025-07-12T01:57:30.0118292Z   KAOS_ACTOR: santakloud
end-workflow	Checkout code	2025-07-12T01:57:30.0118957Z   GH_TOKEN: ***
end-workflow	Checkout code	2025-07-12T01:57:30.0119394Z ##[endgroup]
end-workflow	Checkout code	2025-07-12T01:57:30.1250026Z Syncing repository: Ka0s-Klaus/ka0s
end-workflow	Checkout code	2025-07-12T01:57:30.1252143Z ##[group]Getting Git version info
end-workflow	Checkout code	2025-07-12T01:57:30.1252944Z Working directory is '/actions-runner/_work/ka0s/ka0s'
end-workflow	Checkout code	2025-07-12T01:57:30.1254057Z [command]/usr/bin/git version
end-workflow	Checkout code	2025-07-12T01:57:30.1254604Z git version 2.43.0
end-workflow	Checkout code	2025-07-12T01:57:30.1269996Z ##[endgroup]
end-workflow	Checkout code	2025-07-12T01:57:30.1283338Z Copying '/home/kaos/.gitconfig' to '/actions-runner/_work/_temp/410054fe-d56e-46e3-8304-55aaaaddfe3f/.gitconfig'
end-workflow	Checkout code	2025-07-12T01:57:30.1295514Z Temporarily overriding HOME='/actions-runner/_work/_temp/410054fe-d56e-46e3-8304-55aaaaddfe3f' before making global git config changes
end-workflow	Checkout code	2025-07-12T01:57:30.1297896Z Adding repository directory to the temporary git global config as a safe directory
end-workflow	Checkout code	2025-07-12T01:57:30.1300030Z [command]/usr/bin/git config --global --add safe.directory /actions-runner/_work/ka0s/ka0s
end-workflow	Checkout code	2025-07-12T01:57:30.1344478Z [command]/usr/bin/git config --local --get remote.origin.url
end-workflow	Checkout code	2025-07-12T01:57:30.1374236Z https://github.com/Ka0s-Klaus/ka0s
end-workflow	Checkout code	2025-07-12T01:57:30.1395209Z ##[group]Removing previously created refs, to avoid conflicts
end-workflow	Checkout code	2025-07-12T01:57:30.1400507Z [command]/usr/bin/git rev-parse --symbolic-full-name --verify --quiet HEAD
end-workflow	Checkout code	2025-07-12T01:57:30.1423964Z refs/heads/main
end-workflow	Checkout code	2025-07-12T01:57:30.1434897Z [command]/usr/bin/git checkout --detach
end-workflow	Checkout code	2025-07-12T01:57:30.1888053Z HEAD is now at 6ede1aa4 [Ka0S] Inspector uploading resume execution files to the repository...
end-workflow	Checkout code	2025-07-12T01:57:30.1935254Z [command]/usr/bin/git branch --delete --force main
end-workflow	Checkout code	2025-07-12T01:57:30.1971461Z Deleted branch main (was 6ede1aa4).
end-workflow	Checkout code	2025-07-12T01:57:30.2059594Z ##[endgroup]
end-workflow	Checkout code	2025-07-12T01:57:30.2061161Z [command]/usr/bin/git submodule status
end-workflow	Checkout code	2025-07-12T01:57:30.2312043Z ##[group]Cleaning the repository
end-workflow	Checkout code	2025-07-12T01:57:30.2315685Z [command]/usr/bin/git clean -ffdx
end-workflow	Checkout code	2025-07-12T01:57:30.2374322Z [command]/usr/bin/git reset --hard HEAD
end-workflow	Checkout code	2025-07-12T01:57:30.2459789Z HEAD is now at 6ede1aa4 [Ka0S] Inspector uploading resume execution files to the repository...
end-workflow	Checkout code	2025-07-12T01:57:30.2465316Z ##[endgroup]
end-workflow	Checkout code	2025-07-12T01:57:30.2466440Z ##[group]Disabling automatic garbage collection
end-workflow	Checkout code	2025-07-12T01:57:30.2472038Z [command]/usr/bin/git config --local gc.auto 0
end-workflow	Checkout code	2025-07-12T01:57:30.2502985Z ##[endgroup]
end-workflow	Checkout code	2025-07-12T01:57:30.2503864Z ##[group]Setting up auth
end-workflow	Checkout code	2025-07-12T01:57:30.2511495Z [command]/usr/bin/git config --local --name-only --get-regexp core\.sshCommand
end-workflow	Checkout code	2025-07-12T01:57:30.2551485Z [command]/usr/bin/git submodule foreach --recursive sh -c "git config --local --name-only --get-regexp 'core\.sshCommand' && git config --local --unset-all 'core.sshCommand' || :"
end-workflow	Checkout code	2025-07-12T01:57:30.2806155Z [command]/usr/bin/git config --local --name-only --get-regexp http\.https\:\/\/github\.com\/\.extraheader
end-workflow	Checkout code	2025-07-12T01:57:30.2837474Z [command]/usr/bin/git submodule foreach --recursive sh -c "git config --local --name-only --get-regexp 'http\.https\:\/\/github\.com\/\.extraheader' && git config --local --unset-all 'http.https://github.com/.extraheader' || :"
end-workflow	Checkout code	2025-07-12T01:57:30.3096518Z [command]/usr/bin/git config --local http.https://github.com/.extraheader AUTHORIZATION: basic ***
end-workflow	Checkout code	2025-07-12T01:57:30.3144131Z ##[endgroup]
end-workflow	Checkout code	2025-07-12T01:57:30.3145109Z ##[group]Fetching the repository
end-workflow	Checkout code	2025-07-12T01:57:30.3152785Z [command]/usr/bin/git -c protocol.version=2 fetch --prune --no-recurse-submodules origin +refs/heads/*:refs/remotes/origin/* +refs/tags/*:refs/tags/*
end-workflow	Checkout code	2025-07-12T01:57:30.8805221Z From https://github.com/Ka0s-Klaus/ka0s
end-workflow	Checkout code	2025-07-12T01:57:30.8806600Z    6ede1aa4..f14af208  main       -> origin/main
end-workflow	Checkout code	2025-07-12T01:57:30.8956926Z [command]/usr/bin/git branch --list --remote origin/main
end-workflow	Checkout code	2025-07-12T01:57:30.9015345Z   origin/main
end-workflow	Checkout code	2025-07-12T01:57:30.9017786Z [command]/usr/bin/git rev-parse refs/remotes/origin/main
end-workflow	Checkout code	2025-07-12T01:57:30.9027989Z f14af208abb80c3a3e0fc49afd00619867149879
end-workflow	Checkout code	2025-07-12T01:57:30.9041392Z [command]/usr/bin/git -c protocol.version=2 fetch --no-tags --prune --no-recurse-submodules origin +6ede1aa487616d7c49004f4b7b876b1fd8d69f3e:refs/remotes/origin/main
end-workflow	Checkout code	2025-07-12T01:57:30.9224105Z From https://github.com/Ka0s-Klaus/ka0s
end-workflow	Checkout code	2025-07-12T01:57:30.9225972Z  + f14af208...6ede1aa4 6ede1aa487616d7c49004f4b7b876b1fd8d69f3e -> origin/main  (forced update)
end-workflow	Checkout code	2025-07-12T01:57:30.9254457Z ##[endgroup]
end-workflow	Checkout code	2025-07-12T01:57:30.9255626Z ##[group]Determining the checkout info
end-workflow	Checkout code	2025-07-12T01:57:30.9256929Z ##[endgroup]
end-workflow	Checkout code	2025-07-12T01:57:30.9257558Z [command]/usr/bin/git sparse-checkout disable
end-workflow	Checkout code	2025-07-12T01:57:30.9305360Z [command]/usr/bin/git config --local --unset-all extensions.worktreeConfig
end-workflow	Checkout code	2025-07-12T01:57:30.9337199Z ##[group]Checking out the ref
end-workflow	Checkout code	2025-07-12T01:57:30.9340816Z [command]/usr/bin/git checkout --progress --force -B main refs/remotes/origin/main
end-workflow	Checkout code	2025-07-12T01:57:30.9419390Z Switched to a new branch 'main'
end-workflow	Checkout code	2025-07-12T01:57:30.9420562Z branch 'main' set up to track 'origin/main'.
end-workflow	Checkout code	2025-07-12T01:57:30.9425396Z ##[endgroup]
end-workflow	Checkout code	2025-07-12T01:57:30.9467998Z [command]/usr/bin/git log -1 --format=%H
end-workflow	Checkout code	2025-07-12T01:57:30.9496350Z 6ede1aa487616d7c49004f4b7b876b1fd8d69f3e
end-workflow	Finaliza el workflow	﻿2025-07-12T01:57:30.9741490Z ##[group]Run echo "End process"
end-workflow	Finaliza el workflow	2025-07-12T01:57:30.9742548Z [36;1mecho "End process"[0m
end-workflow	Finaliza el workflow	2025-07-12T01:57:30.9743485Z [36;1m# RNNUMBER=$(echo "refs/heads/main" | grep -o '[0-9]*')[0m
end-workflow	Finaliza el workflow	2025-07-12T01:57:30.9744920Z [36;1m# gh issue comment $RNNUMBER --body "Se finaliza Ka0s 16233035502"[0m
end-workflow	Finaliza el workflow	2025-07-12T01:57:30.9746627Z [36;1mecho "Se finaliza Ka0s 16233035502"[0m
end-workflow	Finaliza el workflow	2025-07-12T01:57:30.9748553Z [36;1mgh workflow run inspector.yml --ref 'main' -f kaos-issue-id=$RNNUMBER -f kaos-workflow-id="16233035502" -f kaos-user-start=""[0m
end-workflow	Finaliza el workflow	2025-07-12T01:57:30.9759828Z shell: /usr/bin/bash -e {0}
end-workflow	Finaliza el workflow	2025-07-12T01:57:30.9760504Z env:
end-workflow	Finaliza el workflow	2025-07-12T01:57:30.9760964Z   KAOS_CODE: 16233035502
end-workflow	Finaliza el workflow	2025-07-12T01:57:30.9761588Z   KAOS_EVENT_NAME: schedule
end-workflow	Finaliza el workflow	2025-07-12T01:57:30.9762212Z   KAOS_ACTION: 
end-workflow	Finaliza el workflow	2025-07-12T01:57:30.9762735Z   KAOS_REF: refs/heads/main
end-workflow	Finaliza el workflow	2025-07-12T01:57:30.9763544Z   KAOS_MODULE: [Ka0S] Re-Run Failed Inspector Workflows
end-workflow	Finaliza el workflow	2025-07-12T01:57:30.9764935Z   KAOS_PATH_SOURCE: core/outputs/w/kaos-workflows-runs.json
end-workflow	Finaliza el workflow	2025-07-12T01:57:30.9766460Z   KAOS_PATH_RESUME: core/results/rr/
end-workflow	Finaliza el workflow	2025-07-12T01:57:30.9767208Z   KAOS_ACTOR: santakloud
end-workflow	Finaliza el workflow	2025-07-12T01:57:30.9768165Z   GH_TOKEN: ***
end-workflow	Finaliza el workflow	2025-07-12T01:57:30.9768674Z ##[endgroup]
end-workflow	Finaliza el workflow	2025-07-12T01:57:30.9822959Z End process
end-workflow	Finaliza el workflow	2025-07-12T01:57:30.9823602Z Se finaliza Ka0s 16233035502
end-workflow	Post Checkout code	﻿2025-07-12T01:57:31.7267124Z Post job cleanup.
end-workflow	Post Checkout code	2025-07-12T01:57:31.8259197Z [command]/usr/bin/git version
end-workflow	Post Checkout code	2025-07-12T01:57:31.8297147Z git version 2.43.0
end-workflow	Post Checkout code	2025-07-12T01:57:31.8338445Z Copying '/home/kaos/.gitconfig' to '/actions-runner/_work/_temp/1488891c-d105-422d-a8d6-940099936fc3/.gitconfig'
end-workflow	Post Checkout code	2025-07-12T01:57:31.8351360Z Temporarily overriding HOME='/actions-runner/_work/_temp/1488891c-d105-422d-a8d6-940099936fc3' before making global git config changes
end-workflow	Post Checkout code	2025-07-12T01:57:31.8354529Z Adding repository directory to the temporary git global config as a safe directory
end-workflow	Post Checkout code	2025-07-12T01:57:31.8357444Z [command]/usr/bin/git config --global --add safe.directory /actions-runner/_work/ka0s/ka0s
end-workflow	Post Checkout code	2025-07-12T01:57:31.8397521Z [command]/usr/bin/git config --local --name-only --get-regexp core\.sshCommand
end-workflow	Post Checkout code	2025-07-12T01:57:31.8436445Z [command]/usr/bin/git submodule foreach --recursive sh -c "git config --local --name-only --get-regexp 'core\.sshCommand' && git config --local --unset-all 'core.sshCommand' || :"
end-workflow	Post Checkout code	2025-07-12T01:57:31.8687212Z [command]/usr/bin/git config --local --name-only --get-regexp http\.https\:\/\/github\.com\/\.extraheader
end-workflow	Post Checkout code	2025-07-12T01:57:31.8714550Z http.https://github.com/.extraheader
end-workflow	Post Checkout code	2025-07-12T01:57:31.8725762Z [command]/usr/bin/git config --local --unset-all http.https://github.com/.extraheader
end-workflow	Post Checkout code	2025-07-12T01:57:31.8766262Z [command]/usr/bin/git submodule foreach --recursive sh -c "git config --local --name-only --get-regexp 'http\.https\:\/\/github\.com\/\.extraheader' && git config --local --unset-all 'http.https://github.com/.extraheader' || :"
end-workflow	Complete job	﻿2025-07-12T01:57:31.9170531Z Cleaning up orphan processes
