job-core	Set up job	﻿2025-08-19T10:00:29.1718299Z Current runner version: '2.327.1'
job-core	Set up job	2025-08-19T10:00:29.1725767Z Runner name: 'ka0s-ka0s-1'
job-core	Set up job	2025-08-19T10:00:29.1726548Z Runner group name: 'ka0s'
job-core	Set up job	2025-08-19T10:00:29.1727442Z Machine name: '2ae8e24676b9'
job-core	Set up job	2025-08-19T10:00:29.1730259Z ##[group]GITHUB_TOKEN Permissions
job-core	Set up job	2025-08-19T10:00:29.1732871Z Contents: read
job-core	Set up job	2025-08-19T10:00:29.1733481Z Metadata: read
job-core	Set up job	2025-08-19T10:00:29.1734136Z Packages: read
job-core	Set up job	2025-08-19T10:00:29.1734709Z ##[endgroup]
job-core	Set up job	2025-08-19T10:00:29.1736779Z Secret source: Actions
job-core	Set up job	2025-08-19T10:00:29.1737647Z Prepare workflow directory
job-core	Set up job	2025-08-19T10:00:29.2428578Z Prepare all required actions
job-core	Set up job	2025-08-19T10:00:29.2473352Z Getting action download info
job-core	Set up job	2025-08-19T10:00:29.8176667Z Download action repository 'actions/checkout@v4' (SHA:08eba0b27e820071cde6df949e0beb9ba4906955)
job-core	Set up job	2025-08-19T10:00:30.6977798Z Complete job name: job-core
job-core	Checkout code	﻿2025-08-19T10:00:30.7564285Z ##[group]Run actions/checkout@v4
job-core	Checkout code	2025-08-19T10:00:30.7565482Z with:
job-core	Checkout code	2025-08-19T10:00:30.7565981Z   fetch-depth: 0
job-core	Checkout code	2025-08-19T10:00:30.7567021Z   token: ***
job-core	Checkout code	2025-08-19T10:00:30.7567591Z   repository: Ka0s-Klaus/ka0s
job-core	Checkout code	2025-08-19T10:00:30.7568224Z   ssh-strict: true
job-core	Checkout code	2025-08-19T10:00:30.7568729Z   ssh-user: git
job-core	Checkout code	2025-08-19T10:00:30.7569249Z   persist-credentials: true
job-core	Checkout code	2025-08-19T10:00:30.7569857Z   clean: true
job-core	Checkout code	2025-08-19T10:00:30.7570384Z   sparse-checkout-cone-mode: true
job-core	Checkout code	2025-08-19T10:00:30.7571286Z   fetch-tags: false
job-core	Checkout code	2025-08-19T10:00:30.7572113Z   show-progress: true
job-core	Checkout code	2025-08-19T10:00:30.7572668Z   lfs: false
job-core	Checkout code	2025-08-19T10:00:30.7573152Z   submodules: false
job-core	Checkout code	2025-08-19T10:00:30.7573751Z   set-safe-directory: true
job-core	Checkout code	2025-08-19T10:00:30.7574827Z env:
job-core	Checkout code	2025-08-19T10:00:30.7575273Z   KAOS_CODE: 17066196278
job-core	Checkout code	2025-08-19T10:00:30.7575845Z   KAOS_EVENT_NAME: push
job-core	Checkout code	2025-08-19T10:00:30.7576403Z   KAOS_ACTION: 
job-core	Checkout code	2025-08-19T10:00:30.7577064Z   KAOS_REF: refs/heads/H330-documentacion-release-klaus
job-core	Checkout code	2025-08-19T10:00:30.7577945Z   KAOS_MODULE: [Ka0S] kaos
job-core	Checkout code	2025-08-19T10:00:30.7578607Z   KAOS_PATH_RESUME: audit/kaos/
job-core	Checkout code	2025-08-19T10:00:30.7579243Z   KAOS_ACTOR: santakloud
job-core	Checkout code	2025-08-19T10:00:30.7579827Z   GITHUB_OUTPUT: 
job-core	Checkout code	2025-08-19T10:00:30.7580321Z ##[endgroup]
job-core	Checkout code	2025-08-19T10:00:30.8841461Z Syncing repository: Ka0s-Klaus/ka0s
job-core	Checkout code	2025-08-19T10:00:30.8844036Z ##[group]Getting Git version info
job-core	Checkout code	2025-08-19T10:00:30.8845075Z Working directory is '/actions-runner/_work/ka0s/ka0s'
job-core	Checkout code	2025-08-19T10:00:30.8847952Z [command]/usr/bin/git version
job-core	Checkout code	2025-08-19T10:00:30.8856825Z git version 2.43.0
job-core	Checkout code	2025-08-19T10:00:30.8859638Z ##[endgroup]
job-core	Checkout code	2025-08-19T10:00:30.8867057Z Copying '/home/kaos/.gitconfig' to '/actions-runner/_work/_temp/3eb86a3e-7130-461f-b792-8170d0262496/.gitconfig'
job-core	Checkout code	2025-08-19T10:00:30.8878715Z Temporarily overriding HOME='/actions-runner/_work/_temp/3eb86a3e-7130-461f-b792-8170d0262496' before making global git config changes
job-core	Checkout code	2025-08-19T10:00:30.8905961Z Adding repository directory to the temporary git global config as a safe directory
job-core	Checkout code	2025-08-19T10:00:30.8915810Z [command]/usr/bin/git config --global --add safe.directory /actions-runner/_work/ka0s/ka0s
job-core	Checkout code	2025-08-19T10:00:30.8936353Z [command]/usr/bin/git config --local --get remote.origin.url
job-core	Checkout code	2025-08-19T10:00:30.8961146Z https://github.com/Ka0s-Klaus/ka0s
job-core	Checkout code	2025-08-19T10:00:30.8982385Z ##[group]Removing previously created refs, to avoid conflicts
job-core	Checkout code	2025-08-19T10:00:30.8987635Z [command]/usr/bin/git rev-parse --symbolic-full-name --verify --quiet HEAD
job-core	Checkout code	2025-08-19T10:00:30.9019882Z refs/heads/main
job-core	Checkout code	2025-08-19T10:00:30.9029372Z [command]/usr/bin/git checkout --detach
job-core	Checkout code	2025-08-19T10:00:30.9110642Z HEAD is now at 93b6d5bb Logstash config
job-core	Checkout code	2025-08-19T10:00:30.9159562Z [command]/usr/bin/git branch --delete --force main
job-core	Checkout code	2025-08-19T10:00:30.9198034Z Deleted branch main (was 93b6d5bb).
job-core	Checkout code	2025-08-19T10:00:30.9288234Z ##[endgroup]
job-core	Checkout code	2025-08-19T10:00:30.9291282Z [command]/usr/bin/git submodule status
job-core	Checkout code	2025-08-19T10:00:30.9566038Z ##[group]Cleaning the repository
job-core	Checkout code	2025-08-19T10:00:30.9568332Z [command]/usr/bin/git clean -ffdx
job-core	Checkout code	2025-08-19T10:00:30.9630522Z [command]/usr/bin/git reset --hard HEAD
job-core	Checkout code	2025-08-19T10:00:30.9716703Z HEAD is now at 93b6d5bb Logstash config
job-core	Checkout code	2025-08-19T10:00:30.9728429Z ##[endgroup]
job-core	Checkout code	2025-08-19T10:00:30.9729821Z ##[group]Disabling automatic garbage collection
job-core	Checkout code	2025-08-19T10:00:30.9733595Z [command]/usr/bin/git config --local gc.auto 0
job-core	Checkout code	2025-08-19T10:00:30.9768037Z ##[endgroup]
job-core	Checkout code	2025-08-19T10:00:30.9769070Z ##[group]Setting up auth
job-core	Checkout code	2025-08-19T10:00:30.9775567Z [command]/usr/bin/git config --local --name-only --get-regexp core\.sshCommand
job-core	Checkout code	2025-08-19T10:00:30.9823185Z [command]/usr/bin/git submodule foreach --recursive sh -c "git config --local --name-only --get-regexp 'core\.sshCommand' && git config --local --unset-all 'core.sshCommand' || :"
job-core	Checkout code	2025-08-19T10:00:31.0108630Z [command]/usr/bin/git config --local --name-only --get-regexp http\.https\:\/\/github\.com\/\.extraheader
job-core	Checkout code	2025-08-19T10:00:31.0143370Z [command]/usr/bin/git submodule foreach --recursive sh -c "git config --local --name-only --get-regexp 'http\.https\:\/\/github\.com\/\.extraheader' && git config --local --unset-all 'http.https://github.com/.extraheader' || :"
job-core	Checkout code	2025-08-19T10:00:31.0409007Z [command]/usr/bin/git config --local http.https://github.com/.extraheader AUTHORIZATION: basic ***
job-core	Checkout code	2025-08-19T10:00:31.0448826Z ##[endgroup]
job-core	Checkout code	2025-08-19T10:00:31.0450166Z ##[group]Fetching the repository
job-core	Checkout code	2025-08-19T10:00:31.0457942Z [command]/usr/bin/git -c protocol.version=2 fetch --prune --no-recurse-submodules origin +refs/heads/*:refs/remotes/origin/* +refs/tags/*:refs/tags/*
job-core	Checkout code	2025-08-19T10:00:32.2540859Z From https://github.com/Ka0s-Klaus/ka0s
job-core	Checkout code	2025-08-19T10:00:32.2543376Z  * [new branch]        H330-documentacion-release-klaus -> origin/H330-documentacion-release-klaus
job-core	Checkout code	2025-08-19T10:00:32.2545541Z    93b6d5bb..5ccc17ee  main       -> origin/main
job-core	Checkout code	2025-08-19T10:00:32.2614736Z [command]/usr/bin/git branch --list --remote origin/H330-documentacion-release-klaus
job-core	Checkout code	2025-08-19T10:00:32.2646765Z   origin/H330-documentacion-release-klaus
job-core	Checkout code	2025-08-19T10:00:32.2656824Z [command]/usr/bin/git rev-parse refs/remotes/origin/H330-documentacion-release-klaus
job-core	Checkout code	2025-08-19T10:00:32.2680087Z 22bb8ed09beb6b38e4dfc7a661ab7e42810e4b52
job-core	Checkout code	2025-08-19T10:00:32.2686436Z ##[endgroup]
job-core	Checkout code	2025-08-19T10:00:32.2688111Z ##[group]Determining the checkout info
job-core	Checkout code	2025-08-19T10:00:32.2690053Z ##[endgroup]
job-core	Checkout code	2025-08-19T10:00:32.2691279Z [command]/usr/bin/git sparse-checkout disable
job-core	Checkout code	2025-08-19T10:00:32.2740495Z [command]/usr/bin/git config --local --unset-all extensions.worktreeConfig
job-core	Checkout code	2025-08-19T10:00:32.2773835Z ##[group]Checking out the ref
job-core	Checkout code	2025-08-19T10:00:32.2779087Z [command]/usr/bin/git checkout --progress --force -B H330-documentacion-release-klaus refs/remotes/origin/H330-documentacion-release-klaus
job-core	Checkout code	2025-08-19T10:00:32.3470394Z Previous HEAD position was 93b6d5bb Logstash config
job-core	Checkout code	2025-08-19T10:00:32.3480770Z Switched to a new branch 'H330-documentacion-release-klaus'
job-core	Checkout code	2025-08-19T10:00:32.3483603Z branch 'H330-documentacion-release-klaus' set up to track 'origin/H330-documentacion-release-klaus'.
job-core	Checkout code	2025-08-19T10:00:32.3489887Z ##[endgroup]
job-core	Checkout code	2025-08-19T10:00:32.3529728Z [command]/usr/bin/git log -1 --format=%H
job-core	Checkout code	2025-08-19T10:00:32.3558615Z 22bb8ed09beb6b38e4dfc7a661ab7e42810e4b52
job-core	Validate file extensions	﻿2025-08-19T10:00:32.3810481Z ##[group]Run # Nueva ejecución
job-core	Validate file extensions	2025-08-19T10:00:32.3812176Z [36;1m# Nueva ejecución[0m
job-core	Validate file extensions	2025-08-19T10:00:32.3813620Z [36;1mRNNUMBER=$(echo "H330-documentacion-release-klaus" | grep -o '[0-9]*')[0m
job-core	Validate file extensions	2025-08-19T10:00:32.3815427Z [36;1mgh issue comment $RNNUMBER --body "Se inicia Ka0s 17066196278 "[0m
job-core	Validate file extensions	2025-08-19T10:00:32.3828705Z shell: /usr/bin/bash -e {0}
job-core	Validate file extensions	2025-08-19T10:00:32.3829798Z env:
job-core	Validate file extensions	2025-08-19T10:00:32.3830945Z   KAOS_CODE: 17066196278
job-core	Validate file extensions	2025-08-19T10:00:32.3832580Z   KAOS_EVENT_NAME: push
job-core	Validate file extensions	2025-08-19T10:00:32.3833538Z   KAOS_ACTION: 
job-core	Validate file extensions	2025-08-19T10:00:32.3834612Z   KAOS_REF: refs/heads/H330-documentacion-release-klaus
job-core	Validate file extensions	2025-08-19T10:00:32.3835869Z   KAOS_MODULE: [Ka0S] kaos
job-core	Validate file extensions	2025-08-19T10:00:32.3836898Z   KAOS_PATH_RESUME: audit/kaos/
job-core	Validate file extensions	2025-08-19T10:00:32.3837935Z   KAOS_ACTOR: santakloud
job-core	Validate file extensions	2025-08-19T10:00:32.3838905Z   GITHUB_OUTPUT: 
job-core	Validate file extensions	2025-08-19T10:00:32.3840292Z   GH_TOKEN: ***
job-core	Validate file extensions	2025-08-19T10:00:32.3841765Z ##[endgroup]
job-core	Validate file extensions	2025-08-19T10:00:33.4048474Z https://github.com/Ka0s-Klaus/ka0s/issues/330#issuecomment-3200075930
job-core	Crear JSON	﻿2025-08-19T10:00:33.4186308Z ##[group]Run # Create JSON structure using proper bash syntax
job-core	Crear JSON	2025-08-19T10:00:33.4188098Z [36;1m# Create JSON structure using proper bash syntax[0m
job-core	Crear JSON	2025-08-19T10:00:33.4189560Z [36;1mecho "$PR_INFO" | jq '.' > audit/kaos/17066196278.json[0m
job-core	Crear JSON	2025-08-19T10:00:33.4190791Z [36;1m[0m
job-core	Crear JSON	2025-08-19T10:00:33.4191898Z [36;1m# Stored files implicated in the commit[0m
job-core	Crear JSON	2025-08-19T10:00:33.4194534Z [36;1mgit diff --name-only 5ccc17eec1f807bb9fe2324b6cb04cc10a9a81be 22bb8ed09beb6b38e4dfc7a661ab7e42810e4b52 > audit/kaos/17066196278-files-in-commit.txt[0m
job-core	Crear JSON	2025-08-19T10:00:33.4384435Z shell: /usr/bin/bash -e {0}
job-core	Crear JSON	2025-08-19T10:00:33.4385628Z env:
job-core	Crear JSON	2025-08-19T10:00:33.4386350Z   KAOS_CODE: 17066196278
job-core	Crear JSON	2025-08-19T10:00:33.4387114Z   KAOS_EVENT_NAME: push
job-core	Crear JSON	2025-08-19T10:00:33.4387989Z   KAOS_ACTION: 
job-core	Crear JSON	2025-08-19T10:00:33.4388847Z   KAOS_REF: refs/heads/H330-documentacion-release-klaus
job-core	Crear JSON	2025-08-19T10:00:33.4389832Z   KAOS_MODULE: [Ka0S] kaos
job-core	Crear JSON	2025-08-19T10:00:33.4390653Z   KAOS_PATH_RESUME: audit/kaos/
job-core	Crear JSON	2025-08-19T10:00:33.4391734Z   KAOS_ACTOR: santakloud
job-core	Crear JSON	2025-08-19T10:00:33.4392448Z   GITHUB_OUTPUT: 
job-core	Crear JSON	2025-08-19T10:00:33.4393097Z ##[endgroup]
job-core	Upload Files	﻿2025-08-19T10:00:33.4572887Z ##[group]Run echo "Downloading files to the repository..."
job-core	Upload Files	2025-08-19T10:00:33.4573644Z [36;1mecho "Downloading files to the repository..."[0m
job-core	Upload Files	2025-08-19T10:00:33.4574431Z [36;1mgit config --global user.name "***"[0m
job-core	Upload Files	2025-08-19T10:00:33.4575048Z [36;1mgit config --global user.email "***"[0m
job-core	Upload Files	2025-08-19T10:00:33.4575560Z [36;1mgit pull[0m
job-core	Upload Files	2025-08-19T10:00:33.4576017Z [36;1mecho "Uploading files to the repository..."[0m
job-core	Upload Files	2025-08-19T10:00:33.4576548Z [36;1mgit add audit/kaos/*[0m
job-core	Upload Files	2025-08-19T10:00:33.4577238Z [36;1mgit commit -m "[Ka0S] Uploading resume execution files to the repository..."[0m
job-core	Upload Files	2025-08-19T10:00:33.4577964Z [36;1mgit push origin refs/heads/H330-documentacion-release-klaus [0m
job-core	Upload Files	2025-08-19T10:00:33.4585493Z shell: /usr/bin/bash -e {0}
job-core	Upload Files	2025-08-19T10:00:33.4585889Z env:
job-core	Upload Files	2025-08-19T10:00:33.4586247Z   KAOS_CODE: 17066196278
job-core	Upload Files	2025-08-19T10:00:33.4586653Z   KAOS_EVENT_NAME: push
job-core	Upload Files	2025-08-19T10:00:33.4587004Z   KAOS_ACTION: 
job-core	Upload Files	2025-08-19T10:00:33.4587407Z   KAOS_REF: refs/heads/H330-documentacion-release-klaus
job-core	Upload Files	2025-08-19T10:00:33.4587926Z   KAOS_MODULE: [Ka0S] kaos
job-core	Upload Files	2025-08-19T10:00:33.4588304Z   KAOS_PATH_RESUME: audit/kaos/
job-core	Upload Files	2025-08-19T10:00:33.4588686Z   KAOS_ACTOR: santakloud
job-core	Upload Files	2025-08-19T10:00:33.4589043Z   GITHUB_OUTPUT: 
job-core	Upload Files	2025-08-19T10:00:33.4589369Z ##[endgroup]
job-core	Upload Files	2025-08-19T10:00:33.4619735Z Downloading files to the repository...
job-core	Upload Files	2025-08-19T10:00:34.0736029Z Already up to date.
job-core	Upload Files	2025-08-19T10:00:34.0740284Z Uploading files to the repository...
job-core	Upload Files	2025-08-19T10:00:34.1533764Z [H330-documentacion-release-klaus 7592696f] [Ka0S] Uploading resume execution files to the repository...
job-core	Upload Files	2025-08-19T10:00:34.1534423Z  2 files changed, 1 insertion(+)
job-core	Upload Files	2025-08-19T10:00:34.1534940Z  create mode 100644 audit/kaos/17066196278-files-in-commit.txt
job-core	Upload Files	2025-08-19T10:00:34.1535327Z  create mode 100644 audit/kaos/17066196278.json
job-core	Upload Files	2025-08-19T10:00:35.1776419Z To https://github.com/Ka0s-Klaus/ka0s
job-core	Upload Files	2025-08-19T10:00:35.1777213Z    22bb8ed0..7592696f  H330-documentacion-release-klaus -> H330-documentacion-release-klaus
job-core	Run git diff --name-only 5ccc17eec1f807bb9fe2324b6cb04cc10a9a81be 22bb8ed09beb6b38e4dfc7a661ab7e42810e4b52 > files-in-commit.txt	﻿2025-08-19T10:00:35.1908036Z ##[group]Run git diff --name-only 5ccc17eec1f807bb9fe2324b6cb04cc10a9a81be 22bb8ed09beb6b38e4dfc7a661ab7e42810e4b52 > files-in-commit.txt
job-core	Run git diff --name-only 5ccc17eec1f807bb9fe2324b6cb04cc10a9a81be 22bb8ed09beb6b38e4dfc7a661ab7e42810e4b52 > files-in-commit.txt	2025-08-19T10:00:35.1909156Z [36;1mgit diff --name-only 5ccc17eec1f807bb9fe2324b6cb04cc10a9a81be 22bb8ed09beb6b38e4dfc7a661ab7e42810e4b52 > files-in-commit.txt[0m
job-core	Run git diff --name-only 5ccc17eec1f807bb9fe2324b6cb04cc10a9a81be 22bb8ed09beb6b38e4dfc7a661ab7e42810e4b52 > files-in-commit.txt	2025-08-19T10:00:35.1909789Z [36;1mcat files-in-commit.txt[0m
job-core	Run git diff --name-only 5ccc17eec1f807bb9fe2324b6cb04cc10a9a81be 22bb8ed09beb6b38e4dfc7a661ab7e42810e4b52 > files-in-commit.txt	2025-08-19T10:00:35.1910105Z [36;1m# Nuevo proceso de activacion de los modulos[0m
job-core	Run git diff --name-only 5ccc17eec1f807bb9fe2324b6cb04cc10a9a81be 22bb8ed09beb6b38e4dfc7a661ab7e42810e4b52 > files-in-commit.txt	2025-08-19T10:00:35.1910433Z [36;1mwhile IFS= read -r line; do[0m
job-core	Run git diff --name-only 5ccc17eec1f807bb9fe2324b6cb04cc10a9a81be 22bb8ed09beb6b38e4dfc7a661ab7e42810e4b52 > files-in-commit.txt	2025-08-19T10:00:35.1910735Z [36;1m  # Skip files in core/outputs directory[0m
job-core	Run git diff --name-only 5ccc17eec1f807bb9fe2324b6cb04cc10a9a81be 22bb8ed09beb6b38e4dfc7a661ab7e42810e4b52 > files-in-commit.txt	2025-08-19T10:00:35.1911491Z [36;1m  if [[ "$line" == core/outputs/* || "$line" == core/results/* ]]; then[0m
job-core	Run git diff --name-only 5ccc17eec1f807bb9fe2324b6cb04cc10a9a81be 22bb8ed09beb6b38e4dfc7a661ab7e42810e4b52 > files-in-commit.txt	2025-08-19T10:00:35.1911918Z [36;1m    echo "Skipping file in outputs directory: $line"[0m
job-core	Run git diff --name-only 5ccc17eec1f807bb9fe2324b6cb04cc10a9a81be 22bb8ed09beb6b38e4dfc7a661ab7e42810e4b52 > files-in-commit.txt	2025-08-19T10:00:35.1912482Z [36;1m    continue[0m
job-core	Run git diff --name-only 5ccc17eec1f807bb9fe2324b6cb04cc10a9a81be 22bb8ed09beb6b38e4dfc7a661ab7e42810e4b52 > files-in-commit.txt	2025-08-19T10:00:35.1912701Z [36;1m  fi[0m
job-core	Run git diff --name-only 5ccc17eec1f807bb9fe2324b6cb04cc10a9a81be 22bb8ed09beb6b38e4dfc7a661ab7e42810e4b52 > files-in-commit.txt	2025-08-19T10:00:35.1913041Z [36;1m  echo "I Leemos el fichero files-in-commit.txt y extraemos el fichero $line"[0m
job-core	Run git diff --name-only 5ccc17eec1f807bb9fe2324b6cb04cc10a9a81be 22bb8ed09beb6b38e4dfc7a661ab7e42810e4b52 > files-in-commit.txt	2025-08-19T10:00:35.1913485Z [36;1m  module_failed=0[0m
job-core	Run git diff --name-only 5ccc17eec1f807bb9fe2324b6cb04cc10a9a81be 22bb8ed09beb6b38e4dfc7a661ab7e42810e4b52 > files-in-commit.txt	2025-08-19T10:00:35.1913737Z [36;1m  extension_failed=0[0m
job-core	Run git diff --name-only 5ccc17eec1f807bb9fe2324b6cb04cc10a9a81be 22bb8ed09beb6b38e4dfc7a661ab7e42810e4b52 > files-in-commit.txt	2025-08-19T10:00:35.1914001Z [36;1m  file_name=$(basename "$line")[0m
job-core	Run git diff --name-only 5ccc17eec1f807bb9fe2324b6cb04cc10a9a81be 22bb8ed09beb6b38e4dfc7a661ab7e42810e4b52 > files-in-commit.txt	2025-08-19T10:00:35.1914347Z [36;1m  echo "I-1 Calculamos el nombre del fichero $file_name"[0m
job-core	Run git diff --name-only 5ccc17eec1f807bb9fe2324b6cb04cc10a9a81be 22bb8ed09beb6b38e4dfc7a661ab7e42810e4b52 > files-in-commit.txt	2025-08-19T10:00:35.1914709Z [36;1m  file_extension="${file_name##*.}"[0m
job-core	Run git diff --name-only 5ccc17eec1f807bb9fe2324b6cb04cc10a9a81be 22bb8ed09beb6b38e4dfc7a661ab7e42810e4b52 > files-in-commit.txt	2025-08-19T10:00:35.1915087Z [36;1m  echo "I-2 Calculamos la extension del fichero $file_extension"[0m
job-core	Run git diff --name-only 5ccc17eec1f807bb9fe2324b6cb04cc10a9a81be 22bb8ed09beb6b38e4dfc7a661ab7e42810e4b52 > files-in-commit.txt	2025-08-19T10:00:35.1915485Z [36;1m  file_module="$file_extension""lint.yml"[0m
job-core	Run git diff --name-only 5ccc17eec1f807bb9fe2324b6cb04cc10a9a81be 22bb8ed09beb6b38e4dfc7a661ab7e42810e4b52 > files-in-commit.txt	2025-08-19T10:00:35.1915827Z [36;1m  echo "I-3 Calculamos el modulo $file_module"[0m
job-core	Run git diff --name-only 5ccc17eec1f807bb9fe2324b6cb04cc10a9a81be 22bb8ed09beb6b38e4dfc7a661ab7e42810e4b52 > files-in-commit.txt	2025-08-19T10:00:35.1916174Z [36;1m  IFS=',' read -r -a file_array <<< "$files"[0m
job-core	Run git diff --name-only 5ccc17eec1f807bb9fe2324b6cb04cc10a9a81be 22bb8ed09beb6b38e4dfc7a661ab7e42810e4b52 > files-in-commit.txt	2025-08-19T10:00:35.1916502Z [36;1m  for file in "${file_array[@]}"; do[0m
job-core	Run git diff --name-only 5ccc17eec1f807bb9fe2324b6cb04cc10a9a81be 22bb8ed09beb6b38e4dfc7a661ab7e42810e4b52 > files-in-commit.txt	2025-08-19T10:00:35.1916824Z [36;1m    echo "II Leemos el array de $file"[0m
job-core	Run git diff --name-only 5ccc17eec1f807bb9fe2324b6cb04cc10a9a81be 22bb8ed09beb6b38e4dfc7a661ab7e42810e4b52 > files-in-commit.txt	2025-08-19T10:00:35.1917145Z [36;1m    if [[ "$file_extension" == "$file" ]]; then[0m
job-core	Run git diff --name-only 5ccc17eec1f807bb9fe2324b6cb04cc10a9a81be 22bb8ed09beb6b38e4dfc7a661ab7e42810e4b52 > files-in-commit.txt	2025-08-19T10:00:35.1917533Z [36;1m      echo "III Comprobamos si $file_extension es igual a $file"[0m
job-core	Run git diff --name-only 5ccc17eec1f807bb9fe2324b6cb04cc10a9a81be 22bb8ed09beb6b38e4dfc7a661ab7e42810e4b52 > files-in-commit.txt	2025-08-19T10:00:35.1917948Z [36;1m      IFS=',' read -r -a module_array <<< "$modules"[0m
job-core	Run git diff --name-only 5ccc17eec1f807bb9fe2324b6cb04cc10a9a81be 22bb8ed09beb6b38e4dfc7a661ab7e42810e4b52 > files-in-commit.txt	2025-08-19T10:00:35.1918291Z [36;1m      for module in "${module_array[@]}"; do[0m
job-core	Run git diff --name-only 5ccc17eec1f807bb9fe2324b6cb04cc10a9a81be 22bb8ed09beb6b38e4dfc7a661ab7e42810e4b52 > files-in-commit.txt	2025-08-19T10:00:35.1918620Z [36;1m        echo "IV Leemos el array $module"[0m
job-core	Run git diff --name-only 5ccc17eec1f807bb9fe2324b6cb04cc10a9a81be 22bb8ed09beb6b38e4dfc7a661ab7e42810e4b52 > files-in-commit.txt	2025-08-19T10:00:35.1918947Z [36;1m        if [[ "$file_module" == *"$module"* ]]; then[0m
job-core	Run git diff --name-only 5ccc17eec1f807bb9fe2324b6cb04cc10a9a81be 22bb8ed09beb6b38e4dfc7a661ab7e42810e4b52 > files-in-commit.txt	2025-08-19T10:00:35.1919400Z [36;1m          echo "V Comprobamos que el $file_module es igual a $module y ejecutamos el flujo"[0m
job-core	Run git diff --name-only 5ccc17eec1f807bb9fe2324b6cb04cc10a9a81be 22bb8ed09beb6b38e4dfc7a661ab7e42810e4b52 > files-in-commit.txt	2025-08-19T10:00:35.1919897Z [36;1m          # Si hemos llegado hasta aquí ejecutamos el módulo[0m
job-core	Run git diff --name-only 5ccc17eec1f807bb9fe2324b6cb04cc10a9a81be 22bb8ed09beb6b38e4dfc7a661ab7e42810e4b52 > files-in-commit.txt	2025-08-19T10:00:35.1920256Z [36;1m          # Lanzamos el lint del fichero[0m
job-core	Run git diff --name-only 5ccc17eec1f807bb9fe2324b6cb04cc10a9a81be 22bb8ed09beb6b38e4dfc7a661ab7e42810e4b52 > files-in-commit.txt	2025-08-19T10:00:35.1920722Z [36;1m          RNNUMBER=$(echo "refs/heads/H330-documentacion-release-klaus" | grep -o '[0-9]*')[0m
job-core	Run git diff --name-only 5ccc17eec1f807bb9fe2324b6cb04cc10a9a81be 22bb8ed09beb6b38e4dfc7a661ab7e42810e4b52 > files-in-commit.txt	2025-08-19T10:00:35.1921303Z [36;1m          echo "El numero de la issue es: $RNNUMBER"[0m
job-core	Run git diff --name-only 5ccc17eec1f807bb9fe2324b6cb04cc10a9a81be 22bb8ed09beb6b38e4dfc7a661ab7e42810e4b52 > files-in-commit.txt	2025-08-19T10:00:35.1922132Z [36;1m          gh workflow run $file_module --ref refs/heads/H330-documentacion-release-klaus -f kaos-origin=17066196278 -f kaos-files=$line -f kaos-issue-id=$RNNUMBER -f kaos-user-start=santakloud[0m
job-core	Run git diff --name-only 5ccc17eec1f807bb9fe2324b6cb04cc10a9a81be 22bb8ed09beb6b38e4dfc7a661ab7e42810e4b52 > files-in-commit.txt	2025-08-19T10:00:35.1923041Z [36;1m          module_failed=0[0m
job-core	Run git diff --name-only 5ccc17eec1f807bb9fe2324b6cb04cc10a9a81be 22bb8ed09beb6b38e4dfc7a661ab7e42810e4b52 > files-in-commit.txt	2025-08-19T10:00:35.1923305Z [36;1m          extension_failed=0[0m
job-core	Run git diff --name-only 5ccc17eec1f807bb9fe2324b6cb04cc10a9a81be 22bb8ed09beb6b38e4dfc7a661ab7e42810e4b52 > files-in-commit.txt	2025-08-19T10:00:35.1923565Z [36;1m          break[0m
job-core	Run git diff --name-only 5ccc17eec1f807bb9fe2324b6cb04cc10a9a81be 22bb8ed09beb6b38e4dfc7a661ab7e42810e4b52 > files-in-commit.txt	2025-08-19T10:00:35.1923785Z [36;1m        else[0m
job-core	Run git diff --name-only 5ccc17eec1f807bb9fe2324b6cb04cc10a9a81be 22bb8ed09beb6b38e4dfc7a661ab7e42810e4b52 > files-in-commit.txt	2025-08-19T10:00:35.1924066Z [36;1m          # Control de si existe el modulo para esa extension"[0m
job-core	Run git diff --name-only 5ccc17eec1f807bb9fe2324b6cb04cc10a9a81be 22bb8ed09beb6b38e4dfc7a661ab7e42810e4b52 > files-in-commit.txt	2025-08-19T10:00:35.1924560Z [36;1m          echo "VI No es igual $file_module a $module y lo indicamos en la variable module_failed=1"[0m
job-core	Run git diff --name-only 5ccc17eec1f807bb9fe2324b6cb04cc10a9a81be 22bb8ed09beb6b38e4dfc7a661ab7e42810e4b52 > files-in-commit.txt	2025-08-19T10:00:35.1924993Z [36;1m          module_failed=1[0m
job-core	Run git diff --name-only 5ccc17eec1f807bb9fe2324b6cb04cc10a9a81be 22bb8ed09beb6b38e4dfc7a661ab7e42810e4b52 > files-in-commit.txt	2025-08-19T10:00:35.1925243Z [36;1m        fi[0m
job-core	Run git diff --name-only 5ccc17eec1f807bb9fe2324b6cb04cc10a9a81be 22bb8ed09beb6b38e4dfc7a661ab7e42810e4b52 > files-in-commit.txt	2025-08-19T10:00:35.1925449Z [36;1m      done[0m
job-core	Run git diff --name-only 5ccc17eec1f807bb9fe2324b6cb04cc10a9a81be 22bb8ed09beb6b38e4dfc7a661ab7e42810e4b52 > files-in-commit.txt	2025-08-19T10:00:35.1925660Z [36;1m      break[0m
job-core	Run git diff --name-only 5ccc17eec1f807bb9fe2324b6cb04cc10a9a81be 22bb8ed09beb6b38e4dfc7a661ab7e42810e4b52 > files-in-commit.txt	2025-08-19T10:00:35.1925866Z [36;1m    else[0m
job-core	Run git diff --name-only 5ccc17eec1f807bb9fe2324b6cb04cc10a9a81be 22bb8ed09beb6b38e4dfc7a661ab7e42810e4b52 > files-in-commit.txt	2025-08-19T10:00:35.1926131Z [36;1m      # Control de si existe el modulo para esa extension"[0m
job-core	Run git diff --name-only 5ccc17eec1f807bb9fe2324b6cb04cc10a9a81be 22bb8ed09beb6b38e4dfc7a661ab7e42810e4b52 > files-in-commit.txt	2025-08-19T10:00:35.1926824Z [36;1m      echo "VII No es igual $file_extension a $file y lo indicamos en la variable extension_failed=1"[0m
job-core	Run git diff --name-only 5ccc17eec1f807bb9fe2324b6cb04cc10a9a81be 22bb8ed09beb6b38e4dfc7a661ab7e42810e4b52 > files-in-commit.txt	2025-08-19T10:00:35.1927416Z [36;1m      extension_failed=1[0m
job-core	Run git diff --name-only 5ccc17eec1f807bb9fe2324b6cb04cc10a9a81be 22bb8ed09beb6b38e4dfc7a661ab7e42810e4b52 > files-in-commit.txt	2025-08-19T10:00:35.1927670Z [36;1m    fi  [0m
job-core	Run git diff --name-only 5ccc17eec1f807bb9fe2324b6cb04cc10a9a81be 22bb8ed09beb6b38e4dfc7a661ab7e42810e4b52 > files-in-commit.txt	2025-08-19T10:00:35.1927886Z [36;1m  done[0m
job-core	Run git diff --name-only 5ccc17eec1f807bb9fe2324b6cb04cc10a9a81be 22bb8ed09beb6b38e4dfc7a661ab7e42810e4b52 > files-in-commit.txt	2025-08-19T10:00:35.1928113Z [36;1m  if [[ $module_failed == 1 ]]; then[0m
job-core	Run git diff --name-only 5ccc17eec1f807bb9fe2324b6cb04cc10a9a81be 22bb8ed09beb6b38e4dfc7a661ab7e42810e4b52 > files-in-commit.txt	2025-08-19T10:00:35.1928555Z [36;1m    echo "IX Si el modulo falla ($module_failed) añadimos el comentario a la issue"[0m
job-core	Run git diff --name-only 5ccc17eec1f807bb9fe2324b6cb04cc10a9a81be 22bb8ed09beb6b38e4dfc7a661ab7e42810e4b52 > files-in-commit.txt	2025-08-19T10:00:35.1929325Z [36;1m    # Si hemos llegado hasta aquí añadimos el mensaje de que la extension esta permitida pero no dispone de modulo activo y aqui finaliza el proceso[0m
job-core	Run git diff --name-only 5ccc17eec1f807bb9fe2324b6cb04cc10a9a81be 22bb8ed09beb6b38e4dfc7a661ab7e42810e4b52 > files-in-commit.txt	2025-08-19T10:00:35.1930004Z [36;1m    # Añadimos los valores a las variables de la issue[0m
job-core	Run git diff --name-only 5ccc17eec1f807bb9fe2324b6cb04cc10a9a81be 22bb8ed09beb6b38e4dfc7a661ab7e42810e4b52 > files-in-commit.txt	2025-08-19T10:00:35.1931090Z [36;1m    KAOS_ISSUE_BODY="[Ka0S] kaos ha detectado que la extensión ($file_extension) esta permitida dentro de KAOS_CORE_FILES, pero el módulo asociado ($file_module) no esta activo. Por favor compruebe que exista y esta activo."[0m
job-core	Run git diff --name-only 5ccc17eec1f807bb9fe2324b6cb04cc10a9a81be 22bb8ed09beb6b38e4dfc7a661ab7e42810e4b52 > files-in-commit.txt	2025-08-19T10:00:35.1931982Z [36;1m    # Añadimos el comentario a la issue[0m
job-core	Run git diff --name-only 5ccc17eec1f807bb9fe2324b6cb04cc10a9a81be 22bb8ed09beb6b38e4dfc7a661ab7e42810e4b52 > files-in-commit.txt	2025-08-19T10:00:35.1932453Z [36;1m    RNNUMBER=$(echo "refs/heads/H330-documentacion-release-klaus" | grep -o '[0-9]*')[0m
job-core	Run git diff --name-only 5ccc17eec1f807bb9fe2324b6cb04cc10a9a81be 22bb8ed09beb6b38e4dfc7a661ab7e42810e4b52 > files-in-commit.txt	2025-08-19T10:00:35.1932968Z [36;1m    gh issue comment $RNNUMBER --body "$KAOS_ISSUE_BODY"[0m
job-core	Run git diff --name-only 5ccc17eec1f807bb9fe2324b6cb04cc10a9a81be 22bb8ed09beb6b38e4dfc7a661ab7e42810e4b52 > files-in-commit.txt	2025-08-19T10:00:35.1933297Z [36;1m  fi[0m
job-core	Run git diff --name-only 5ccc17eec1f807bb9fe2324b6cb04cc10a9a81be 22bb8ed09beb6b38e4dfc7a661ab7e42810e4b52 > files-in-commit.txt	2025-08-19T10:00:35.1933530Z [36;1m  if [[ $extension_failed == 1 ]]; then[0m
job-core	Run git diff --name-only 5ccc17eec1f807bb9fe2324b6cb04cc10a9a81be 22bb8ed09beb6b38e4dfc7a661ab7e42810e4b52 > files-in-commit.txt	2025-08-19T10:00:35.1933997Z [36;1m    echo "X Si extension falla falla ($extension_failed) añadimos el comentario a la issue"[0m
job-core	Run git diff --name-only 5ccc17eec1f807bb9fe2324b6cb04cc10a9a81be 22bb8ed09beb6b38e4dfc7a661ab7e42810e4b52 > files-in-commit.txt	2025-08-19T10:00:35.1934598Z [36;1m    # Si hemos llegado hasta aquí añadimos el mensaje de que la extension no esta permitida[0m
job-core	Run git diff --name-only 5ccc17eec1f807bb9fe2324b6cb04cc10a9a81be 22bb8ed09beb6b38e4dfc7a661ab7e42810e4b52 > files-in-commit.txt	2025-08-19T10:00:35.1935100Z [36;1m    # Añadimos los valores a las variables de la issue[0m
job-core	Run git diff --name-only 5ccc17eec1f807bb9fe2324b6cb04cc10a9a81be 22bb8ed09beb6b38e4dfc7a661ab7e42810e4b52 > files-in-commit.txt	2025-08-19T10:00:35.1935899Z [36;1m    KAOS_ISSUE_BODY="[Ka0S] kaos ha detectado que la extensión ($file_extension) NO esta permitida dentro de KAOS_CORE_FILES. Por favor compruebe que exista y esta activo."[0m
job-core	Run git diff --name-only 5ccc17eec1f807bb9fe2324b6cb04cc10a9a81be 22bb8ed09beb6b38e4dfc7a661ab7e42810e4b52 > files-in-commit.txt	2025-08-19T10:00:35.1936692Z [36;1m    # Añadimos el comentario a la issue[0m
job-core	Run git diff --name-only 5ccc17eec1f807bb9fe2324b6cb04cc10a9a81be 22bb8ed09beb6b38e4dfc7a661ab7e42810e4b52 > files-in-commit.txt	2025-08-19T10:00:35.1937159Z [36;1m    RNNUMBER=$(echo "refs/heads/H330-documentacion-release-klaus" | grep -o '[0-9]*')[0m
job-core	Run git diff --name-only 5ccc17eec1f807bb9fe2324b6cb04cc10a9a81be 22bb8ed09beb6b38e4dfc7a661ab7e42810e4b52 > files-in-commit.txt	2025-08-19T10:00:35.1937671Z [36;1m    gh issue comment $RNNUMBER --body "$KAOS_ISSUE_BODY"[0m
job-core	Run git diff --name-only 5ccc17eec1f807bb9fe2324b6cb04cc10a9a81be 22bb8ed09beb6b38e4dfc7a661ab7e42810e4b52 > files-in-commit.txt	2025-08-19T10:00:35.1938006Z [36;1m  fi  [0m
job-core	Run git diff --name-only 5ccc17eec1f807bb9fe2324b6cb04cc10a9a81be 22bb8ed09beb6b38e4dfc7a661ab7e42810e4b52 > files-in-commit.txt	2025-08-19T10:00:35.1938427Z [36;1***one < files-in-commit.txt      [0m
job-core	Run git diff --name-only 5ccc17eec1f807bb9fe2324b6cb04cc10a9a81be 22bb8ed09beb6b38e4dfc7a661ab7e42810e4b52 > files-in-commit.txt	2025-08-19T10:00:35.1955260Z shell: /usr/bin/bash -e {0}
job-core	Run git diff --name-only 5ccc17eec1f807bb9fe2324b6cb04cc10a9a81be 22bb8ed09beb6b38e4dfc7a661ab7e42810e4b52 > files-in-commit.txt	2025-08-19T10:00:35.1955537Z env:
job-core	Run git diff --name-only 5ccc17eec1f807bb9fe2324b6cb04cc10a9a81be 22bb8ed09beb6b38e4dfc7a661ab7e42810e4b52 > files-in-commit.txt	2025-08-19T10:00:35.1955738Z   KAOS_CODE: 17066196278
job-core	Run git diff --name-only 5ccc17eec1f807bb9fe2324b6cb04cc10a9a81be 22bb8ed09beb6b38e4dfc7a661ab7e42810e4b52 > files-in-commit.txt	2025-08-19T10:00:35.1955979Z   KAOS_EVENT_NAME: push
job-core	Run git diff --name-only 5ccc17eec1f807bb9fe2324b6cb04cc10a9a81be 22bb8ed09beb6b38e4dfc7a661ab7e42810e4b52 > files-in-commit.txt	2025-08-19T10:00:35.1956204Z   KAOS_ACTION: 
job-core	Run git diff --name-only 5ccc17eec1f807bb9fe2324b6cb04cc10a9a81be 22bb8ed09beb6b38e4dfc7a661ab7e42810e4b52 > files-in-commit.txt	2025-08-19T10:00:35.1956477Z   KAOS_REF: refs/heads/H330-documentacion-release-klaus
job-core	Run git diff --name-only 5ccc17eec1f807bb9fe2324b6cb04cc10a9a81be 22bb8ed09beb6b38e4dfc7a661ab7e42810e4b52 > files-in-commit.txt	2025-08-19T10:00:35.1956807Z   KAOS_MODULE: [Ka0S] kaos
job-core	Run git diff --name-only 5ccc17eec1f807bb9fe2324b6cb04cc10a9a81be 22bb8ed09beb6b38e4dfc7a661ab7e42810e4b52 > files-in-commit.txt	2025-08-19T10:00:35.1957070Z   KAOS_PATH_RESUME: audit/kaos/
job-core	Run git diff --name-only 5ccc17eec1f807bb9fe2324b6cb04cc10a9a81be 22bb8ed09beb6b38e4dfc7a661ab7e42810e4b52 > files-in-commit.txt	2025-08-19T10:00:35.1957326Z   KAOS_ACTOR: santakloud
job-core	Run git diff --name-only 5ccc17eec1f807bb9fe2324b6cb04cc10a9a81be 22bb8ed09beb6b38e4dfc7a661ab7e42810e4b52 > files-in-commit.txt	2025-08-19T10:00:35.1966080Z   GITHUB_OUTPUT: 
job-core	Run git diff --name-only 5ccc17eec1f807bb9fe2324b6cb04cc10a9a81be 22bb8ed09beb6b38e4dfc7a661ab7e42810e4b52 > files-in-commit.txt	2025-08-19T10:00:35.1966713Z   modules: ***
job-core	Run git diff --name-only 5ccc17eec1f807bb9fe2324b6cb04cc10a9a81be 22bb8ed09beb6b38e4dfc7a661ab7e42810e4b52 > files-in-commit.txt	2025-08-19T10:00:35.1966947Z   files: ***
job-core	Run git diff --name-only 5ccc17eec1f807bb9fe2324b6cb04cc10a9a81be 22bb8ed09beb6b38e4dfc7a661ab7e42810e4b52 > files-in-commit.txt	2025-08-19T10:00:35.1967270Z   GH_TOKEN: ***
job-core	Run git diff --name-only 5ccc17eec1f807bb9fe2324b6cb04cc10a9a81be 22bb8ed09beb6b38e4dfc7a661ab7e42810e4b52 > files-in-commit.txt	2025-08-19T10:00:35.1967480Z ##[endgroup]
job-core	Run git diff --name-only 5ccc17eec1f807bb9fe2324b6cb04cc10a9a81be 22bb8ed09beb6b38e4dfc7a661ab7e42810e4b52 > files-in-commit.txt	2025-08-19T10:00:35.2049382Z core/docs/ka0s_release/release.***
job-core	Run git diff --name-only 5ccc17eec1f807bb9fe2324b6cb04cc10a9a81be 22bb8ed09beb6b38e4dfc7a661ab7e42810e4b52 > files-in-commit.txt	2025-08-19T10:00:35.2054323Z I Leemos el fichero files-in-commit.txt y extraemos el fichero core/docs/ka0s_release/release.***
job-core	Run git diff --name-only 5ccc17eec1f807bb9fe2324b6cb04cc10a9a81be 22bb8ed09beb6b38e4dfc7a661ab7e42810e4b52 > files-in-commit.txt	2025-08-19T10:00:35.2074375Z I-1 Calculamos el nombre del fichero release.***
job-core	Run git diff --name-only 5ccc17eec1f807bb9fe2324b6cb04cc10a9a81be 22bb8ed09beb6b38e4dfc7a661ab7e42810e4b52 > files-in-commit.txt	2025-08-19T10:00:35.2078013Z I-2 Calculamos la extension del fichero ***
job-core	Run git diff --name-only 5ccc17eec1f807bb9fe2324b6cb04cc10a9a81be 22bb8ed09beb6b38e4dfc7a661ab7e42810e4b52 > files-in-commit.txt	2025-08-19T10:00:35.2091630Z I-3 Calculamos el modulo ***lint.yml
job-core	Run git diff --name-only 5ccc17eec1f807bb9fe2324b6cb04cc10a9a81be 22bb8ed09beb6b38e4dfc7a661ab7e42810e4b52 > files-in-commit.txt	2025-08-19T10:00:35.2092011Z II Leemos el array de ***
job-core	Run git diff --name-only 5ccc17eec1f807bb9fe2324b6cb04cc10a9a81be 22bb8ed09beb6b38e4dfc7a661ab7e42810e4b52 > files-in-commit.txt	2025-08-19T10:00:35.2092326Z III Comprobamos si *** es igual a ***
job-core	Run git diff --name-only 5ccc17eec1f807bb9fe2324b6cb04cc10a9a81be 22bb8ed09beb6b38e4dfc7a661ab7e42810e4b52 > files-in-commit.txt	2025-08-19T10:00:35.2092634Z IV Leemos el array ***lint.yml
job-core	Run git diff --name-only 5ccc17eec1f807bb9fe2324b6cb04cc10a9a81be 22bb8ed09beb6b38e4dfc7a661ab7e42810e4b52 > files-in-commit.txt	2025-08-19T10:00:35.2093105Z V Comprobamos que el ***lint.yml es igual a ***lint.yml y ejecutamos el flujo
job-core	Run git diff --name-only 5ccc17eec1f807bb9fe2324b6cb04cc10a9a81be 22bb8ed09beb6b38e4dfc7a661ab7e42810e4b52 > files-in-commit.txt	2025-08-19T10:00:35.2101625Z El numero de la issue es: 330
job-core	Post Checkout code	﻿2025-08-19T10:00:35.9039430Z Post job cleanup.
job-core	Post Checkout code	2025-08-19T10:00:36.0290650Z [command]/usr/bin/git version
job-core	Post Checkout code	2025-08-19T10:00:36.0332943Z git version 2.43.0
job-core	Post Checkout code	2025-08-19T10:00:36.0374662Z Copying '/home/kaos/.gitconfig' to '/actions-runner/_work/_temp/efcbf0c5-0768-4ee6-8623-ad7e0e76896e/.gitconfig'
job-core	Post Checkout code	2025-08-19T10:00:36.0386833Z Temporarily overriding HOME='/actions-runner/_work/_temp/efcbf0c5-0768-4ee6-8623-ad7e0e76896e' before making global git config changes
job-core	Post Checkout code	2025-08-19T10:00:36.0387660Z Adding repository directory to the temporary git global config as a safe directory
job-core	Post Checkout code	2025-08-19T10:00:36.0393299Z [command]/usr/bin/git config --global --add safe.directory /actions-runner/_work/ka0s/ka0s
job-core	Post Checkout code	2025-08-19T10:00:36.0432811Z [command]/usr/bin/git config --local --name-only --get-regexp core\.sshCommand
job-core	Post Checkout code	2025-08-19T10:00:36.0473598Z [command]/usr/bin/git submodule foreach --recursive sh -c "git config --local --name-only --get-regexp 'core\.sshCommand' && git config --local --unset-all 'core.sshCommand' || :"
job-core	Post Checkout code	2025-08-19T10:00:36.0733780Z [command]/usr/bin/git config --local --name-only --get-regexp http\.https\:\/\/github\.com\/\.extraheader
job-core	Post Checkout code	2025-08-19T10:00:36.0757002Z http.https://github.com/.extraheader
job-core	Post Checkout code	2025-08-19T10:00:36.0769870Z [command]/usr/bin/git config --local --unset-all http.https://github.com/.extraheader
job-core	Post Checkout code	2025-08-19T10:00:36.0806251Z [command]/usr/bin/git submodule foreach --recursive sh -c "git config --local --name-only --get-regexp 'http\.https\:\/\/github\.com\/\.extraheader' && git config --local --unset-all 'http.https://github.com/.extraheader' || :"
job-core	Complete job	﻿2025-08-19T10:00:36.1182240Z Cleaning up orphan processes
handle-success	Set up job	﻿2025-08-19T10:00:41.6910428Z Current runner version: '2.327.1'
handle-success	Set up job	2025-08-19T10:00:41.6917524Z Runner name: 'ka0s-ka0s-1'
handle-success	Set up job	2025-08-19T10:00:41.6918487Z Runner group name: 'ka0s'
handle-success	Set up job	2025-08-19T10:00:41.6919363Z Machine name: '2ae8e24676b9'
handle-success	Set up job	2025-08-19T10:00:41.6922266Z ##[group]GITHUB_TOKEN Permissions
handle-success	Set up job	2025-08-19T10:00:41.6924528Z Contents: read
handle-success	Set up job	2025-08-19T10:00:41.6925084Z Metadata: read
handle-success	Set up job	2025-08-19T10:00:41.6925608Z Packages: read
handle-success	Set up job	2025-08-19T10:00:41.6926071Z ##[endgroup]
handle-success	Set up job	2025-08-19T10:00:41.6928110Z Secret source: Actions
handle-success	Set up job	2025-08-19T10:00:41.6928811Z Prepare workflow directory
handle-success	Set up job	2025-08-19T10:00:41.7593172Z Prepare all required actions
handle-success	Set up job	2025-08-19T10:00:41.7637117Z Getting action download info
handle-success	Set up job	2025-08-19T10:00:42.3035865Z Download action repository 'actions/checkout@v4' (SHA:08eba0b27e820071cde6df949e0beb9ba4906955)
handle-success	Set up job	2025-08-19T10:00:43.1610305Z Complete job name: handle-success
handle-success	Checkout code	﻿2025-08-19T10:00:43.2131549Z ##[group]Run actions/checkout@v4
handle-success	Checkout code	2025-08-19T10:00:43.2132469Z with:
handle-success	Checkout code	2025-08-19T10:00:43.2132879Z   fetch-depth: 0
handle-success	Checkout code	2025-08-19T10:00:43.2133526Z   token: ***
handle-success	Checkout code	2025-08-19T10:00:43.2133992Z   repository: Ka0s-Klaus/ka0s
handle-success	Checkout code	2025-08-19T10:00:43.2134460Z   ssh-strict: true
handle-success	Checkout code	2025-08-19T10:00:43.2134861Z   ssh-user: git
handle-success	Checkout code	2025-08-19T10:00:43.2135263Z   persist-credentials: true
handle-success	Checkout code	2025-08-19T10:00:43.2135711Z   clean: true
handle-success	Checkout code	2025-08-19T10:00:43.2136105Z   sparse-checkout-cone-mode: true
handle-success	Checkout code	2025-08-19T10:00:43.2137000Z   fetch-tags: false
handle-success	Checkout code	2025-08-19T10:00:43.2137430Z   show-progress: true
handle-success	Checkout code	2025-08-19T10:00:43.2137974Z   lfs: false
handle-success	Checkout code	2025-08-19T10:00:43.2138383Z   submodules: false
handle-success	Checkout code	2025-08-19T10:00:43.2138797Z   set-safe-directory: true
handle-success	Checkout code	2025-08-19T10:00:43.2139472Z env:
handle-success	Checkout code	2025-08-19T10:00:43.2139865Z   KAOS_CODE: 17066196278
handle-success	Checkout code	2025-08-19T10:00:43.2140297Z   KAOS_EVENT_NAME: push
handle-success	Checkout code	2025-08-19T10:00:43.2140710Z   KAOS_ACTION: 
handle-success	Checkout code	2025-08-19T10:00:43.2141563Z   KAOS_REF: refs/heads/H330-documentacion-release-klaus
handle-success	Checkout code	2025-08-19T10:00:43.2142298Z   KAOS_MODULE: [Ka0S] kaos
handle-success	Checkout code	2025-08-19T10:00:43.2142923Z   KAOS_PATH_RESUME: audit/kaos/
handle-success	Checkout code	2025-08-19T10:00:43.2143388Z   KAOS_ACTOR: santakloud
handle-success	Checkout code	2025-08-19T10:00:43.2143836Z ##[endgroup]
handle-success	Checkout code	2025-08-19T10:00:43.3336127Z Syncing repository: Ka0s-Klaus/ka0s
handle-success	Checkout code	2025-08-19T10:00:43.3338214Z ##[group]Getting Git version info
handle-success	Checkout code	2025-08-19T10:00:43.3338931Z Working directory is '/actions-runner/_work/ka0s/ka0s'
handle-success	Checkout code	2025-08-19T10:00:43.3339927Z [command]/usr/bin/git version
handle-success	Checkout code	2025-08-19T10:00:43.3340444Z git version 2.43.0
handle-success	Checkout code	2025-08-19T10:00:43.3358495Z ##[endgroup]
handle-success	Checkout code	2025-08-19T10:00:43.3372033Z Copying '/home/kaos/.gitconfig' to '/actions-runner/_work/_temp/aee5921e-8b44-46b5-97bf-579fbf87c288/.gitconfig'
handle-success	Checkout code	2025-08-19T10:00:43.3387026Z Temporarily overriding HOME='/actions-runner/_work/_temp/aee5921e-8b44-46b5-97bf-579fbf87c288' before making global git config changes
handle-success	Checkout code	2025-08-19T10:00:43.3389224Z Adding repository directory to the temporary git global config as a safe directory
handle-success	Checkout code	2025-08-19T10:00:43.3390561Z [command]/usr/bin/git config --global --add safe.directory /actions-runner/_work/ka0s/ka0s
handle-success	Checkout code	2025-08-19T10:00:43.3432797Z [command]/usr/bin/git config --local --get remote.origin.url
handle-success	Checkout code	2025-08-19T10:00:43.3465110Z https://github.com/Ka0s-Klaus/ka0s
handle-success	Checkout code	2025-08-19T10:00:43.3484878Z ##[group]Removing previously created refs, to avoid conflicts
handle-success	Checkout code	2025-08-19T10:00:43.3489652Z [command]/usr/bin/git rev-parse --symbolic-full-name --verify --quiet HEAD
handle-success	Checkout code	2025-08-19T10:00:43.3513637Z refs/heads/H330-documentacion-release-klaus
handle-success	Checkout code	2025-08-19T10:00:43.3520918Z [command]/usr/bin/git checkout --detach
handle-success	Checkout code	2025-08-19T10:00:43.3597266Z HEAD is now at 7592696f [Ka0S] Uploading resume execution files to the repository...
handle-success	Checkout code	2025-08-19T10:00:43.3657846Z [command]/usr/bin/git branch --delete --force H330-documentacion-release-klaus
handle-success	Checkout code	2025-08-19T10:00:43.3695138Z Deleted branch H330-documentacion-release-klaus (was 7592696f).
handle-success	Checkout code	2025-08-19T10:00:43.3776733Z ##[endgroup]
handle-success	Checkout code	2025-08-19T10:00:43.3779239Z [command]/usr/bin/git submodule status
handle-success	Checkout code	2025-08-19T10:00:43.4044831Z ##[group]Cleaning the repository
handle-success	Checkout code	2025-08-19T10:00:43.4048669Z [command]/usr/bin/git clean -ffdx
handle-success	Checkout code	2025-08-19T10:00:43.4095773Z Removing files-in-commit.txt
handle-success	Checkout code	2025-08-19T10:00:43.4104617Z [command]/usr/bin/git reset --hard HEAD
handle-success	Checkout code	2025-08-19T10:00:43.4187335Z HEAD is now at 7592696f [Ka0S] Uploading resume execution files to the repository...
handle-success	Checkout code	2025-08-19T10:00:43.4193658Z ##[endgroup]
handle-success	Checkout code	2025-08-19T10:00:43.4194509Z ##[group]Disabling automatic garbage collection
handle-success	Checkout code	2025-08-19T10:00:43.4199056Z [command]/usr/bin/git config --local gc.auto 0
handle-success	Checkout code	2025-08-19T10:00:43.4230582Z ##[endgroup]
handle-success	Checkout code	2025-08-19T10:00:43.4232795Z ##[group]Setting up auth
handle-success	Checkout code	2025-08-19T10:00:43.4237054Z [command]/usr/bin/git config --local --name-only --get-regexp core\.sshCommand
handle-success	Checkout code	2025-08-19T10:00:43.4280924Z [command]/usr/bin/git submodule foreach --recursive sh -c "git config --local --name-only --get-regexp 'core\.sshCommand' && git config --local --unset-all 'core.sshCommand' || :"
handle-success	Checkout code	2025-08-19T10:00:43.4546484Z [command]/usr/bin/git config --local --name-only --get-regexp http\.https\:\/\/github\.com\/\.extraheader
handle-success	Checkout code	2025-08-19T10:00:43.4577450Z [command]/usr/bin/git submodule foreach --recursive sh -c "git config --local --name-only --get-regexp 'http\.https\:\/\/github\.com\/\.extraheader' && git config --local --unset-all 'http.https://github.com/.extraheader' || :"
handle-success	Checkout code	2025-08-19T10:00:43.4832426Z [command]/usr/bin/git config --local http.https://github.com/.extraheader AUTHORIZATION: basic ***
handle-success	Checkout code	2025-08-19T10:00:43.4940113Z ##[endgroup]
handle-success	Checkout code	2025-08-19T10:00:43.4941608Z ##[group]Fetching the repository
handle-success	Checkout code	2025-08-19T10:00:43.4949397Z [command]/usr/bin/git -c protocol.version=2 fetch --prune --no-recurse-submodules origin +refs/heads/*:refs/remotes/origin/* +refs/tags/*:refs/tags/*
handle-success	Checkout code	2025-08-19T10:00:44.0525123Z [command]/usr/bin/git branch --list --remote origin/H330-documentacion-release-klaus
handle-success	Checkout code	2025-08-19T10:00:44.0557358Z   origin/H330-documentacion-release-klaus
handle-success	Checkout code	2025-08-19T10:00:44.0572641Z [command]/usr/bin/git rev-parse refs/remotes/origin/H330-documentacion-release-klaus
handle-success	Checkout code	2025-08-19T10:00:44.0613684Z 7592696fd3a08feaf4c12c7cf73f66dc912401be
handle-success	Checkout code	2025-08-19T10:00:44.0635831Z [command]/usr/bin/git -c protocol.version=2 fetch --no-tags --prune --no-recurse-submodules origin +22bb8ed09beb6b38e4dfc7a661ab7e42810e4b52:refs/remotes/origin/H330-documentacion-release-klaus
handle-success	Checkout code	2025-08-19T10:00:44.0800949Z From https://github.com/Ka0s-Klaus/ka0s
handle-success	Checkout code	2025-08-19T10:00:44.0804621Z  + 7592696f...22bb8ed0 22bb8ed09beb6b38e4dfc7a661ab7e42810e4b52 -> origin/H330-documentacion-release-klaus  (forced update)
handle-success	Checkout code	2025-08-19T10:00:44.0827792Z ##[endgroup]
handle-success	Checkout code	2025-08-19T10:00:44.0830506Z ##[group]Determining the checkout info
handle-success	Checkout code	2025-08-19T10:00:44.0832901Z ##[endgroup]
handle-success	Checkout code	2025-08-19T10:00:44.0834406Z [command]/usr/bin/git sparse-checkout disable
handle-success	Checkout code	2025-08-19T10:00:44.0896556Z [command]/usr/bin/git config --local --unset-all extensions.worktreeConfig
handle-success	Checkout code	2025-08-19T10:00:44.0929851Z ##[group]Checking out the ref
handle-success	Checkout code	2025-08-19T10:00:44.0939888Z [command]/usr/bin/git checkout --progress --force -B H330-documentacion-release-klaus refs/remotes/origin/H330-documentacion-release-klaus
handle-success	Checkout code	2025-08-19T10:00:44.1100574Z Warning: you are leaving 1 commit behind, not connected to
handle-success	Checkout code	2025-08-19T10:00:44.1104551Z any of your branches:
handle-success	Checkout code	2025-08-19T10:00:44.1106168Z 
handle-success	Checkout code	2025-08-19T10:00:44.1108609Z   7592696f [Ka0S] Uploading resume execution files to the repository...
handle-success	Checkout code	2025-08-19T10:00:44.1110054Z 
handle-success	Checkout code	2025-08-19T10:00:44.1111451Z If you want to keep it by creating a new branch, this may be a good time
handle-success	Checkout code	2025-08-19T10:00:44.1113629Z to do so with:
handle-success	Checkout code	2025-08-19T10:00:44.1114999Z 
handle-success	Checkout code	2025-08-19T10:00:44.1115932Z  git branch <new-branch-name> 7592696f
handle-success	Checkout code	2025-08-19T10:00:44.1117119Z 
handle-success	Checkout code	2025-08-19T10:00:44.1118356Z Switched to a new branch 'H330-documentacion-release-klaus'
handle-success	Checkout code	2025-08-19T10:00:44.1123089Z branch 'H330-documentacion-release-klaus' set up to track 'origin/H330-documentacion-release-klaus'.
handle-success	Checkout code	2025-08-19T10:00:44.1128255Z ##[endgroup]
handle-success	Checkout code	2025-08-19T10:00:44.1168293Z [command]/usr/bin/git log -1 --format=%H
handle-success	Checkout code	2025-08-19T10:00:44.1197699Z 22bb8ed09beb6b38e4dfc7a661ab7e42810e4b52
handle-success	handle-success-execution	﻿2025-08-19T10:00:44.1484080Z ##[group]Run # Si todo ha ido correcto añadimos el contenido del fichero 
handle-success	handle-success-execution	2025-08-19T10:00:44.1486416Z [36;1m# Si todo ha ido correcto añadimos el contenido del fichero [0m
handle-success	handle-success-execution	2025-08-19T10:00:44.1489234Z [36;1mRNNUMBER=$(echo "refs/heads/H330-documentacion-release-klaus" | grep -o '[0-9]*')[0m
handle-success	handle-success-execution	2025-08-19T10:00:44.1493086Z [36;1mgh issue comment $RNNUMBER --body "El proceso ha finalizado correctamente 17066196278. El resultado de la ejecución se guardará en MongoDB"[0m
handle-success	handle-success-execution	2025-08-19T10:00:44.1508366Z shell: /usr/bin/bash -e {0}
handle-success	handle-success-execution	2025-08-19T10:00:44.1509619Z env:
handle-success	handle-success-execution	2025-08-19T10:00:44.1510407Z   KAOS_CODE: 17066196278
handle-success	handle-success-execution	2025-08-19T10:00:44.1511902Z   KAOS_EVENT_NAME: push
handle-success	handle-success-execution	2025-08-19T10:00:44.1512836Z   KAOS_ACTION: 
handle-success	handle-success-execution	2025-08-19T10:00:44.1513901Z   KAOS_REF: refs/heads/H330-documentacion-release-klaus
handle-success	handle-success-execution	2025-08-19T10:00:44.1515396Z   KAOS_MODULE: [Ka0S] kaos
handle-success	handle-success-execution	2025-08-19T10:00:44.1516539Z   KAOS_PATH_RESUME: audit/kaos/
handle-success	handle-success-execution	2025-08-19T10:00:44.1517604Z   KAOS_ACTOR: santakloud
handle-success	handle-success-execution	2025-08-19T10:00:44.1519123Z   GH_TOKEN: ***
handle-success	handle-success-execution	2025-08-19T10:00:44.1520095Z ##[endgroup]
handle-success	handle-success-execution	2025-08-19T10:00:45.1908843Z https://github.com/Ka0s-Klaus/ka0s/issues/330#issuecomment-3200076567
handle-success	Post Checkout code	﻿2025-08-19T10:00:45.2105116Z Post job cleanup.
handle-success	Post Checkout code	2025-08-19T10:00:45.3217421Z [command]/usr/bin/git version
handle-success	Post Checkout code	2025-08-19T10:00:45.3257831Z git version 2.43.0
handle-success	Post Checkout code	2025-08-19T10:00:45.3313475Z Copying '/home/kaos/.gitconfig' to '/actions-runner/_work/_temp/ca51be81-7a76-4706-b25c-dc32d7b446eb/.gitconfig'
handle-success	Post Checkout code	2025-08-19T10:00:45.3318979Z Temporarily overriding HOME='/actions-runner/_work/_temp/ca51be81-7a76-4706-b25c-dc32d7b446eb' before making global git config changes
handle-success	Post Checkout code	2025-08-19T10:00:45.3322368Z Adding repository directory to the temporary git global config as a safe directory
handle-success	Post Checkout code	2025-08-19T10:00:45.3328748Z [command]/usr/bin/git config --global --add safe.directory /actions-runner/_work/ka0s/ka0s
handle-success	Post Checkout code	2025-08-19T10:00:45.3371334Z [command]/usr/bin/git config --local --name-only --get-regexp core\.sshCommand
handle-success	Post Checkout code	2025-08-19T10:00:45.3425216Z [command]/usr/bin/git submodule foreach --recursive sh -c "git config --local --name-only --get-regexp 'core\.sshCommand' && git config --local --unset-all 'core.sshCommand' || :"
handle-success	Post Checkout code	2025-08-19T10:00:45.3703560Z [command]/usr/bin/git config --local --name-only --get-regexp http\.https\:\/\/github\.com\/\.extraheader
handle-success	Post Checkout code	2025-08-19T10:00:45.3728385Z http.https://github.com/.extraheader
handle-success	Post Checkout code	2025-08-19T10:00:45.3748534Z [command]/usr/bin/git config --local --unset-all http.https://github.com/.extraheader
handle-success	Post Checkout code	2025-08-19T10:00:45.3793611Z [command]/usr/bin/git submodule foreach --recursive sh -c "git config --local --name-only --get-regexp 'http\.https\:\/\/github\.com\/\.extraheader' && git config --local --unset-all 'http.https://github.com/.extraheader' || :"
handle-success	Complete job	﻿2025-08-19T10:00:45.4295338Z Cleaning up orphan processes
end-workflow	Set up job	﻿2025-08-19T10:00:50.9412261Z Current runner version: '2.327.1'
end-workflow	Set up job	2025-08-19T10:00:50.9419644Z Runner name: 'ka0s-ka0s-3'
end-workflow	Set up job	2025-08-19T10:00:50.9420378Z Runner group name: 'ka0s'
end-workflow	Set up job	2025-08-19T10:00:50.9421513Z Machine name: '3951c78e42d6'
end-workflow	Set up job	2025-08-19T10:00:50.9424348Z ##[group]GITHUB_TOKEN Permissions
end-workflow	Set up job	2025-08-19T10:00:50.9426993Z Contents: read
end-workflow	Set up job	2025-08-19T10:00:50.9427582Z Metadata: read
end-workflow	Set up job	2025-08-19T10:00:50.9428075Z Packages: read
end-workflow	Set up job	2025-08-19T10:00:50.9428852Z ##[endgroup]
end-workflow	Set up job	2025-08-19T10:00:50.9431412Z Secret source: Actions
end-workflow	Set up job	2025-08-19T10:00:50.9432101Z Prepare workflow directory
end-workflow	Set up job	2025-08-19T10:00:51.0131913Z Prepare all required actions
end-workflow	Set up job	2025-08-19T10:00:51.0173548Z Getting action download info
end-workflow	Set up job	2025-08-19T10:00:51.5838907Z Download action repository 'actions/checkout@v4' (SHA:08eba0b27e820071cde6df949e0beb9ba4906955)
end-workflow	Set up job	2025-08-19T10:00:52.4578512Z Complete job name: end-workflow
end-workflow	Checkout code	﻿2025-08-19T10:00:52.5083083Z ##[group]Run actions/checkout@v4
end-workflow	Checkout code	2025-08-19T10:00:52.5083890Z with:
end-workflow	Checkout code	2025-08-19T10:00:52.5084265Z   fetch-depth: 0
end-workflow	Checkout code	2025-08-19T10:00:52.5084844Z   token: ***
end-workflow	Checkout code	2025-08-19T10:00:52.5085262Z   repository: Ka0s-Klaus/ka0s
end-workflow	Checkout code	2025-08-19T10:00:52.5085700Z   ssh-strict: true
end-workflow	Checkout code	2025-08-19T10:00:52.5086259Z   ssh-user: git
end-workflow	Checkout code	2025-08-19T10:00:52.5086763Z   persist-credentials: true
end-workflow	Checkout code	2025-08-19T10:00:52.5087189Z   clean: true
end-workflow	Checkout code	2025-08-19T10:00:52.5087708Z   sparse-checkout-cone-mode: true
end-workflow	Checkout code	2025-08-19T10:00:52.5088179Z   fetch-tags: false
end-workflow	Checkout code	2025-08-19T10:00:52.5088684Z   show-progress: true
end-workflow	Checkout code	2025-08-19T10:00:52.5089071Z   lfs: false
end-workflow	Checkout code	2025-08-19T10:00:52.5089415Z   submodules: false
end-workflow	Checkout code	2025-08-19T10:00:52.5089807Z   set-safe-directory: true
end-workflow	Checkout code	2025-08-19T10:00:52.5090439Z env:
end-workflow	Checkout code	2025-08-19T10:00:52.5090789Z   KAOS_CODE: 17066196278
end-workflow	Checkout code	2025-08-19T10:00:52.5091587Z   KAOS_EVENT_NAME: push
end-workflow	Checkout code	2025-08-19T10:00:52.5092118Z   KAOS_ACTION: 
end-workflow	Checkout code	2025-08-19T10:00:52.5092689Z   KAOS_REF: refs/heads/H330-documentacion-release-klaus
end-workflow	Checkout code	2025-08-19T10:00:52.5093247Z   KAOS_MODULE: [Ka0S] kaos
end-workflow	Checkout code	2025-08-19T10:00:52.5093701Z   KAOS_PATH_RESUME: audit/kaos/
end-workflow	Checkout code	2025-08-19T10:00:52.5094145Z   KAOS_ACTOR: santakloud
end-workflow	Checkout code	2025-08-19T10:00:52.5094696Z   GH_TOKEN: ***
end-workflow	Checkout code	2025-08-19T10:00:52.5095063Z ##[endgroup]
end-workflow	Checkout code	2025-08-19T10:00:52.6254557Z Syncing repository: Ka0s-Klaus/ka0s
end-workflow	Checkout code	2025-08-19T10:00:52.6256389Z ##[group]Getting Git version info
end-workflow	Checkout code	2025-08-19T10:00:52.6257042Z Working directory is '/actions-runner/_work/ka0s/ka0s'
end-workflow	Checkout code	2025-08-19T10:00:52.6257922Z [command]/usr/bin/git version
end-workflow	Checkout code	2025-08-19T10:00:52.6258374Z git version 2.43.0
end-workflow	Checkout code	2025-08-19T10:00:52.6276535Z ##[endgroup]
end-workflow	Checkout code	2025-08-19T10:00:52.6288920Z Copying '/home/kaos/.gitconfig' to '/actions-runner/_work/_temp/478f90c8-0f9c-4523-b17a-73ae2d6f6cce/.gitconfig'
end-workflow	Checkout code	2025-08-19T10:00:52.6300267Z Temporarily overriding HOME='/actions-runner/_work/_temp/478f90c8-0f9c-4523-b17a-73ae2d6f6cce' before making global git config changes
end-workflow	Checkout code	2025-08-19T10:00:52.6302246Z Adding repository directory to the temporary git global config as a safe directory
end-workflow	Checkout code	2025-08-19T10:00:52.6312289Z [command]/usr/bin/git config --global --add safe.directory /actions-runner/_work/ka0s/ka0s
end-workflow	Checkout code	2025-08-19T10:00:52.6357723Z [command]/usr/bin/git config --local --get remote.origin.url
end-workflow	Checkout code	2025-08-19T10:00:52.6380576Z https://github.com/Ka0s-Klaus/ka0s
end-workflow	Checkout code	2025-08-19T10:00:52.6400725Z ##[group]Removing previously created refs, to avoid conflicts
end-workflow	Checkout code	2025-08-19T10:00:52.6405901Z [command]/usr/bin/git rev-parse --symbolic-full-name --verify --quiet HEAD
end-workflow	Checkout code	2025-08-19T10:00:52.6429468Z refs/heads/main
end-workflow	Checkout code	2025-08-19T10:00:52.6440437Z [command]/usr/bin/git checkout --detach
end-workflow	Checkout code	2025-08-19T10:00:52.6515208Z HEAD is now at 25adf209 closed comment of issue problem resolved
end-workflow	Checkout code	2025-08-19T10:00:52.6559975Z [command]/usr/bin/git branch --delete --force main
end-workflow	Checkout code	2025-08-19T10:00:52.6594375Z Deleted branch main (was 25adf209).
end-workflow	Checkout code	2025-08-19T10:00:52.6675713Z ##[endgroup]
end-workflow	Checkout code	2025-08-19T10:00:52.6676970Z [command]/usr/bin/git submodule status
end-workflow	Checkout code	2025-08-19T10:00:52.6925966Z ##[group]Cleaning the repository
end-workflow	Checkout code	2025-08-19T10:00:52.6930758Z [command]/usr/bin/git clean -ffdx
end-workflow	Checkout code	2025-08-19T10:00:52.6987214Z [command]/usr/bin/git reset --hard HEAD
end-workflow	Checkout code	2025-08-19T10:00:52.7068165Z HEAD is now at 25adf209 closed comment of issue problem resolved
end-workflow	Checkout code	2025-08-19T10:00:52.7088358Z ##[endgroup]
end-workflow	Checkout code	2025-08-19T10:00:52.7089255Z ##[group]Disabling automatic garbage collection
end-workflow	Checkout code	2025-08-19T10:00:52.7089959Z [command]/usr/bin/git config --local gc.auto 0
end-workflow	Checkout code	2025-08-19T10:00:52.7121701Z ##[endgroup]
end-workflow	Checkout code	2025-08-19T10:00:52.7122525Z ##[group]Setting up auth
end-workflow	Checkout code	2025-08-19T10:00:52.7128702Z [command]/usr/bin/git config --local --name-only --get-regexp core\.sshCommand
end-workflow	Checkout code	2025-08-19T10:00:52.7163559Z [command]/usr/bin/git submodule foreach --recursive sh -c "git config --local --name-only --get-regexp 'core\.sshCommand' && git config --local --unset-all 'core.sshCommand' || :"
end-workflow	Checkout code	2025-08-19T10:00:52.7435233Z [command]/usr/bin/git config --local --name-only --get-regexp http\.https\:\/\/github\.com\/\.extraheader
end-workflow	Checkout code	2025-08-19T10:00:52.7469080Z [command]/usr/bin/git submodule foreach --recursive sh -c "git config --local --name-only --get-regexp 'http\.https\:\/\/github\.com\/\.extraheader' && git config --local --unset-all 'http.https://github.com/.extraheader' || :"
end-workflow	Checkout code	2025-08-19T10:00:52.7727522Z [command]/usr/bin/git config --local http.https://github.com/.extraheader AUTHORIZATION: basic ***
end-workflow	Checkout code	2025-08-19T10:00:52.7771213Z ##[endgroup]
end-workflow	Checkout code	2025-08-19T10:00:52.7772070Z ##[group]Fetching the repository
end-workflow	Checkout code	2025-08-19T10:00:52.7779405Z [command]/usr/bin/git -c protocol.version=2 fetch --prune --no-recurse-submodules origin +refs/heads/*:refs/remotes/origin/* +refs/tags/*:refs/tags/*
end-workflow	Checkout code	2025-08-19T10:00:53.9110037Z From https://github.com/Ka0s-Klaus/ka0s
end-workflow	Checkout code	2025-08-19T10:00:53.9111305Z  * [new branch]        H330-documentacion-release-klaus -> origin/H330-documentacion-release-klaus
end-workflow	Checkout code	2025-08-19T10:00:53.9112340Z    25adf209..5ccc17ee  main       -> origin/main
end-workflow	Checkout code	2025-08-19T10:00:53.9180802Z [command]/usr/bin/git branch --list --remote origin/H330-documentacion-release-klaus
end-workflow	Checkout code	2025-08-19T10:00:53.9212480Z   origin/H330-documentacion-release-klaus
end-workflow	Checkout code	2025-08-19T10:00:53.9221442Z [command]/usr/bin/git rev-parse refs/remotes/origin/H330-documentacion-release-klaus
end-workflow	Checkout code	2025-08-19T10:00:53.9244606Z 7592696fd3a08feaf4c12c7cf73f66dc912401be
end-workflow	Checkout code	2025-08-19T10:00:53.9256871Z [command]/usr/bin/git -c protocol.version=2 fetch --no-tags --prune --no-recurse-submodules origin +22bb8ed09beb6b38e4dfc7a661ab7e42810e4b52:refs/remotes/origin/H330-documentacion-release-klaus
end-workflow	Checkout code	2025-08-19T10:00:53.9420308Z From https://github.com/Ka0s-Klaus/ka0s
end-workflow	Checkout code	2025-08-19T10:00:53.9421845Z  + 7592696f...22bb8ed0 22bb8ed09beb6b38e4dfc7a661ab7e42810e4b52 -> origin/H330-documentacion-release-klaus  (forced update)
end-workflow	Checkout code	2025-08-19T10:00:53.9443917Z ##[endgroup]
end-workflow	Checkout code	2025-08-19T10:00:53.9444777Z ##[group]Determining the checkout info
end-workflow	Checkout code	2025-08-19T10:00:53.9446414Z ##[endgroup]
end-workflow	Checkout code	2025-08-19T10:00:53.9450495Z [command]/usr/bin/git sparse-checkout disable
end-workflow	Checkout code	2025-08-19T10:00:53.9499691Z [command]/usr/bin/git config --local --unset-all extensions.worktreeConfig
end-workflow	Checkout code	2025-08-19T10:00:53.9530332Z ##[group]Checking out the ref
end-workflow	Checkout code	2025-08-19T10:00:53.9534404Z [command]/usr/bin/git checkout --progress --force -B H330-documentacion-release-klaus refs/remotes/origin/H330-documentacion-release-klaus
end-workflow	Checkout code	2025-08-19T10:00:54.0170514Z Previous HEAD position was 25adf209 closed comment of issue problem resolved
end-workflow	Checkout code	2025-08-19T10:00:54.0180749Z Switched to a new branch 'H330-documentacion-release-klaus'
end-workflow	Checkout code	2025-08-19T10:00:54.0182072Z branch 'H330-documentacion-release-klaus' set up to track 'origin/H330-documentacion-release-klaus'.
end-workflow	Checkout code	2025-08-19T10:00:54.0189251Z ##[endgroup]
end-workflow	Checkout code	2025-08-19T10:00:54.0230548Z [command]/usr/bin/git log -1 --format=%H
end-workflow	Checkout code	2025-08-19T10:00:54.0257946Z 22bb8ed09beb6b38e4dfc7a661ab7e42810e4b52
end-workflow	Finaliza el workflow	﻿2025-08-19T10:00:54.0486195Z ##[group]Run echo "End process"
end-workflow	Finaliza el workflow	2025-08-19T10:00:54.0486877Z [36;1mecho "End process"[0m
end-workflow	Finaliza el workflow	2025-08-19T10:00:54.0487657Z [36;1mRNNUMBER=$(echo "refs/heads/H330-documentacion-release-klaus" | grep -o '[0-9]*')[0m
end-workflow	Finaliza el workflow	2025-08-19T10:00:54.0488642Z [36;1mgh issue comment $RNNUMBER --body "Se finaliza Ka0s 17066196278"[0m
end-workflow	Finaliza el workflow	2025-08-19T10:00:54.0489815Z [36;1mgh workflow run inspector.yml --ref 'main' -f kaos-issue-id=$RNNUMBER -f kaos-workflow-id="17066196278" -f kaos-user-start=""[0m
end-workflow	Finaliza el workflow	2025-08-19T10:00:54.0500665Z shell: /usr/bin/bash -e {0}
end-workflow	Finaliza el workflow	2025-08-19T10:00:54.0501286Z env:
end-workflow	Finaliza el workflow	2025-08-19T10:00:54.0501690Z   KAOS_CODE: 17066196278
end-workflow	Finaliza el workflow	2025-08-19T10:00:54.0502140Z   KAOS_EVENT_NAME: push
end-workflow	Finaliza el workflow	2025-08-19T10:00:54.0502568Z   KAOS_ACTION: 
end-workflow	Finaliza el workflow	2025-08-19T10:00:54.0503059Z   KAOS_REF: refs/heads/H330-documentacion-release-klaus
end-workflow	Finaliza el workflow	2025-08-19T10:00:54.0503655Z   KAOS_MODULE: [Ka0S] kaos
end-workflow	Finaliza el workflow	2025-08-19T10:00:54.0504119Z   KAOS_PATH_RESUME: audit/kaos/
end-workflow	Finaliza el workflow	2025-08-19T10:00:54.0504592Z   KAOS_ACTOR: santakloud
end-workflow	Finaliza el workflow	2025-08-19T10:00:54.0505276Z   GH_TOKEN: ***
end-workflow	Finaliza el workflow	2025-08-19T10:00:54.0505723Z ##[endgroup]
end-workflow	Finaliza el workflow	2025-08-19T10:00:54.0557461Z End process
end-workflow	Finaliza el workflow	2025-08-19T10:00:55.1436806Z https://github.com/Ka0s-Klaus/ka0s/issues/330#issuecomment-3200077137
end-workflow	Post Checkout code	﻿2025-08-19T10:00:55.8826695Z Post job cleanup.
end-workflow	Post Checkout code	2025-08-19T10:00:55.9901174Z [command]/usr/bin/git version
end-workflow	Post Checkout code	2025-08-19T10:00:55.9938870Z git version 2.43.0
end-workflow	Post Checkout code	2025-08-19T10:00:55.9978887Z Copying '/home/kaos/.gitconfig' to '/actions-runner/_work/_temp/08cd48fc-7728-4ed1-9f89-c6ed877e07a1/.gitconfig'
end-workflow	Post Checkout code	2025-08-19T10:00:55.9992562Z Temporarily overriding HOME='/actions-runner/_work/_temp/08cd48fc-7728-4ed1-9f89-c6ed877e07a1' before making global git config changes
end-workflow	Post Checkout code	2025-08-19T10:00:55.9994204Z Adding repository directory to the temporary git global config as a safe directory
end-workflow	Post Checkout code	2025-08-19T10:00:55.9998199Z [command]/usr/bin/git config --global --add safe.directory /actions-runner/_work/ka0s/ka0s
end-workflow	Post Checkout code	2025-08-19T10:00:56.0048309Z [command]/usr/bin/git config --local --name-only --get-regexp core\.sshCommand
end-workflow	Post Checkout code	2025-08-19T10:00:56.0088916Z [command]/usr/bin/git submodule foreach --recursive sh -c "git config --local --name-only --get-regexp 'core\.sshCommand' && git config --local --unset-all 'core.sshCommand' || :"
end-workflow	Post Checkout code	2025-08-19T10:00:56.0343441Z [command]/usr/bin/git config --local --name-only --get-regexp http\.https\:\/\/github\.com\/\.extraheader
end-workflow	Post Checkout code	2025-08-19T10:00:56.0418870Z http.https://github.com/.extraheader
end-workflow	Post Checkout code	2025-08-19T10:00:56.0420273Z [command]/usr/bin/git config --local --unset-all http.https://github.com/.extraheader
end-workflow	Post Checkout code	2025-08-19T10:00:56.0422228Z [command]/usr/bin/git submodule foreach --recursive sh -c "git config --local --name-only --get-regexp 'http\.https\:\/\/github\.com\/\.extraheader' && git config --local --unset-all 'http.https://github.com/.extraheader' || :"
end-workflow	Complete job	﻿2025-08-19T10:00:56.0795924Z Cleaning up orphan processes
