job-core	Set up job	﻿2025-08-20T07:37:39.6346028Z Current runner version: '2.328.0'
job-core	Set up job	2025-08-20T07:37:39.6354550Z Runner name: 'ka0s-ka0s-1'
job-core	Set up job	2025-08-20T07:37:39.6355407Z Runner group name: 'ka0s'
job-core	Set up job	2025-08-20T07:37:39.6356314Z Machine name: '2ae8e24676b9'
job-core	Set up job	2025-08-20T07:37:39.6359600Z ##[group]GITHUB_TOKEN Permissions
job-core	Set up job	2025-08-20T07:37:39.6362405Z Actions: write
job-core	Set up job	2025-08-20T07:37:39.6363078Z Contents: write
job-core	Set up job	2025-08-20T07:37:39.6363598Z Issues: write
job-core	Set up job	2025-08-20T07:37:39.6364442Z Metadata: read
job-core	Set up job	2025-08-20T07:37:39.6365058Z PullRequests: write
job-core	Set up job	2025-08-20T07:37:39.6365625Z ##[endgroup]
job-core	Set up job	2025-08-20T07:37:39.6367780Z Secret source: Actions
job-core	Set up job	2025-08-20T07:37:39.6368592Z Prepare workflow directory
job-core	Set up job	2025-08-20T07:37:39.7076974Z Prepare all required actions
job-core	Set up job	2025-08-20T07:37:39.7121610Z Getting action download info
job-core	Set up job	2025-08-20T07:37:40.2473935Z Download action repository 'actions/checkout@v4' (SHA:08eba0b27e820071cde6df949e0beb9ba4906955)
job-core	Set up job	2025-08-20T07:37:40.9742888Z Download action repository 'actions/setup-node@v2' (SHA:7c12f8017d5436eb855f1ed4399f037a36fbd9e8)
job-core	Set up job	2025-08-20T07:37:41.8286161Z Complete job name: job-core
job-core	Checkout code	﻿2025-08-20T07:37:41.8935546Z ##[group]Run actions/checkout@v4
job-core	Checkout code	2025-08-20T07:37:41.8936983Z with:
job-core	Checkout code	2025-08-20T07:37:41.8937770Z   fetch-depth: 0
job-core	Checkout code	2025-08-20T07:37:41.8939128Z   token: ***
job-core	Checkout code	2025-08-20T07:37:41.8939951Z   repository: Ka0s-Klaus/ka0s
job-core	Checkout code	2025-08-20T07:37:41.8940899Z   ssh-strict: true
job-core	Checkout code	2025-08-20T07:37:41.8942224Z   ssh-user: git
job-core	Checkout code	2025-08-20T07:37:41.8943066Z   persist-credentials: true
job-core	Checkout code	2025-08-20T07:37:41.8943990Z   clean: true
job-core	Checkout code	2025-08-20T07:37:41.8944826Z   sparse-checkout-cone-mode: true
job-core	Checkout code	2025-08-20T07:37:41.8945840Z   fetch-tags: false
job-core	Checkout code	2025-08-20T07:37:41.8946676Z   show-progress: true
job-core	Checkout code	2025-08-20T07:37:41.8947543Z   lfs: false
job-core	Checkout code	2025-08-20T07:37:41.8948304Z   submodules: false
job-core	Checkout code	2025-08-20T07:37:41.8949150Z   set-safe-directory: true
job-core	Checkout code	2025-08-20T07:37:41.8950297Z env:
job-core	Checkout code	2025-08-20T07:37:41.8951295Z   KAOS_MODULE: [Ka0S] JSONLINT
job-core	Checkout code	2025-08-20T07:37:41.8952763Z   GH_TOKEN: ***
job-core	Checkout code	2025-08-20T07:37:41.8953708Z   KAOS_JSONLINT_CONFIG: core/config/.jsonlint.json
job-core	Checkout code	2025-08-20T07:37:41.8954908Z   KAOS_PATH_RESUME: audit/jsonlint/
job-core	Checkout code	2025-08-20T07:37:41.8956022Z   KAOS_REPO: /actions-runner/_work/kaos/kaos
job-core	Checkout code	2025-08-20T07:37:41.8957095Z   KAOS_STEP_MODULE: 
job-core	Checkout code	2025-08-20T07:37:41.8957929Z   KAOS_CODE: 17091819322
job-core	Checkout code	2025-08-20T07:37:41.8958790Z   KAOS_REF_BRANCH: main
job-core	Checkout code	2025-08-20T07:37:41.8959626Z ##[endgroup]
job-core	Checkout code	2025-08-20T07:37:42.0334288Z Syncing repository: Ka0s-Klaus/ka0s
job-core	Checkout code	2025-08-20T07:37:42.0337133Z ##[group]Getting Git version info
job-core	Checkout code	2025-08-20T07:37:42.0338605Z Working directory is '/actions-runner/_work/ka0s/ka0s'
job-core	Checkout code	2025-08-20T07:37:42.0340605Z [command]/usr/bin/git version
job-core	Checkout code	2025-08-20T07:37:42.0341909Z git version 2.43.0
job-core	Checkout code	2025-08-20T07:37:42.0350728Z ##[endgroup]
job-core	Checkout code	2025-08-20T07:37:42.0363517Z Copying '/home/kaos/.gitconfig' to '/actions-runner/_work/_temp/1cf69c14-c3df-4d17-8c4c-d23cc2e1015b/.gitconfig'
job-core	Checkout code	2025-08-20T07:37:42.0380028Z Temporarily overriding HOME='/actions-runner/_work/_temp/1cf69c14-c3df-4d17-8c4c-d23cc2e1015b' before making global git config changes
job-core	Checkout code	2025-08-20T07:37:42.0387799Z Adding repository directory to the temporary git global config as a safe directory
job-core	Checkout code	2025-08-20T07:37:42.0390314Z [command]/usr/bin/git config --global --add safe.directory /actions-runner/_work/ka0s/ka0s
job-core	Checkout code	2025-08-20T07:37:42.0434462Z [command]/usr/bin/git config --local --get remote.origin.url
job-core	Checkout code	2025-08-20T07:37:42.0472459Z https://github.com/Ka0s-Klaus/ka0s
job-core	Checkout code	2025-08-20T07:37:42.0492139Z ##[group]Removing previously created refs, to avoid conflicts
job-core	Checkout code	2025-08-20T07:37:42.0495873Z [command]/usr/bin/git rev-parse --symbolic-full-name --verify --quiet HEAD
job-core	Checkout code	2025-08-20T07:37:42.0528010Z refs/heads/H1335-revision-modulo-yamllint
job-core	Checkout code	2025-08-20T07:37:42.0541696Z [command]/usr/bin/git checkout --detach
job-core	Checkout code	2025-08-20T07:37:42.0626851Z HEAD is now at 89bfb72c [Ka0S] Uploading jsonlint resume execution files to the repository...
job-core	Checkout code	2025-08-20T07:37:42.0675140Z [command]/usr/bin/git branch --delete --force H1335-revision-modulo-yamllint
job-core	Checkout code	2025-08-20T07:37:42.0714412Z Deleted branch H1335-revision-modulo-yamllint (was 89bfb72c).
job-core	Checkout code	2025-08-20T07:37:42.0808590Z ##[endgroup]
job-core	Checkout code	2025-08-20T07:37:42.0809820Z [command]/usr/bin/git submodule status
job-core	Checkout code	2025-08-20T07:37:42.1081844Z ##[group]Cleaning the repository
job-core	Checkout code	2025-08-20T07:37:42.1083175Z [command]/usr/bin/git clean -ffdx
job-core	Checkout code	2025-08-20T07:37:42.1170035Z [command]/usr/bin/git reset --hard HEAD
job-core	Checkout code	2025-08-20T07:37:42.1268805Z HEAD is now at 89bfb72c [Ka0S] Uploading jsonlint resume execution files to the repository...
job-core	Checkout code	2025-08-20T07:37:42.1276869Z ##[endgroup]
job-core	Checkout code	2025-08-20T07:37:42.1279590Z ##[group]Disabling automatic garbage collection
job-core	Checkout code	2025-08-20T07:37:42.1281204Z [command]/usr/bin/git config --local gc.auto 0
job-core	Checkout code	2025-08-20T07:37:42.1316543Z ##[endgroup]
job-core	Checkout code	2025-08-20T07:37:42.1318122Z ##[group]Setting up auth
job-core	Checkout code	2025-08-20T07:37:42.1320649Z [command]/usr/bin/git config --local --name-only --get-regexp core\.sshCommand
job-core	Checkout code	2025-08-20T07:37:42.1367416Z [command]/usr/bin/git submodule foreach --recursive sh -c "git config --local --name-only --get-regexp 'core\.sshCommand' && git config --local --unset-all 'core.sshCommand' || :"
job-core	Checkout code	2025-08-20T07:37:42.1650680Z [command]/usr/bin/git config --local --name-only --get-regexp http\.https\:\/\/github\.com\/\.extraheader
job-core	Checkout code	2025-08-20T07:37:42.1688758Z [command]/usr/bin/git submodule foreach --recursive sh -c "git config --local --name-only --get-regexp 'http\.https\:\/\/github\.com\/\.extraheader' && git config --local --unset-all 'http.https://github.com/.extraheader' || :"
job-core	Checkout code	2025-08-20T07:37:42.1960301Z [command]/usr/bin/git config --local http.https://github.com/.extraheader AUTHORIZATION: basic ***
job-core	Checkout code	2025-08-20T07:37:42.2007484Z ##[endgroup]
job-core	Checkout code	2025-08-20T07:37:42.2010194Z ##[group]Fetching the repository
job-core	Checkout code	2025-08-20T07:37:42.2015923Z [command]/usr/bin/git -c protocol.version=2 fetch --prune --no-recurse-submodules origin +refs/heads/*:refs/remotes/origin/* +refs/tags/*:refs/tags/*
job-core	Checkout code	2025-08-20T07:37:42.7413908Z [command]/usr/bin/git branch --list --remote origin/H1335-revision-modulo-yamllint
job-core	Checkout code	2025-08-20T07:37:42.7452649Z   origin/H1335-revision-modulo-yamllint
job-core	Checkout code	2025-08-20T07:37:42.7464912Z [command]/usr/bin/git rev-parse refs/remotes/origin/H1335-revision-modulo-yamllint
job-core	Checkout code	2025-08-20T07:37:42.7496720Z 89bfb72c88dadda009e62d4fb2feb57478ce4522
job-core	Checkout code	2025-08-20T07:37:42.7514946Z [command]/usr/bin/git -c protocol.version=2 fetch --no-tags --prune --no-recurse-submodules origin +0deb769b7675f3e3ea4e018d83914204e1202f10:refs/remotes/origin/H1335-revision-modulo-yamllint
job-core	Checkout code	2025-08-20T07:37:42.7710105Z From https://github.com/Ka0s-Klaus/ka0s
job-core	Checkout code	2025-08-20T07:37:42.7715428Z  + 89bfb72c...0deb769b 0deb769b7675f3e3ea4e018d83914204e1202f10 -> origin/H1335-revision-modulo-yamllint  (forced update)
job-core	Checkout code	2025-08-20T07:37:42.7743511Z ##[endgroup]
job-core	Checkout code	2025-08-20T07:37:42.7745065Z ##[group]Determining the checkout info
job-core	Checkout code	2025-08-20T07:37:42.7755047Z ##[endgroup]
job-core	Checkout code	2025-08-20T07:37:42.7761941Z [command]/usr/bin/git sparse-checkout disable
job-core	Checkout code	2025-08-20T07:37:42.7830117Z [command]/usr/bin/git config --local --unset-all extensions.worktreeConfig
job-core	Checkout code	2025-08-20T07:37:42.7883375Z ##[group]Checking out the ref
job-core	Checkout code	2025-08-20T07:37:42.7890630Z [command]/usr/bin/git checkout --progress --force -B H1335-revision-modulo-yamllint refs/remotes/origin/H1335-revision-modulo-yamllint
job-core	Checkout code	2025-08-20T07:37:42.8067624Z Warning: you are leaving 4 commits behind, not connected to
job-core	Checkout code	2025-08-20T07:37:42.8077878Z any of your branches:
job-core	Checkout code	2025-08-20T07:37:42.8080197Z 
job-core	Checkout code	2025-08-20T07:37:42.8081222Z   89bfb72c [Ka0S] Uploading jsonlint resume execution files to the repository...
job-core	Checkout code	2025-08-20T07:37:42.8083245Z   05641c2b [Ka0S] Uploading jsonlint resume execution files to the repository...
job-core	Checkout code	2025-08-20T07:37:42.8085313Z   c75d0c86 [Ka0S] Uploading jsonlint resume execution files to the repository...
job-core	Checkout code	2025-08-20T07:37:42.8087448Z   5132a7e0 [Ka0S] Uploading jsonlint resume execution files to the repository...
job-core	Checkout code	2025-08-20T07:37:42.8088637Z 
job-core	Checkout code	2025-08-20T07:37:42.8089348Z If you want to keep them by creating a new branch, this may be a good time
job-core	Checkout code	2025-08-20T07:37:42.8090769Z to do so with:
job-core	Checkout code	2025-08-20T07:37:42.8095911Z 
job-core	Checkout code	2025-08-20T07:37:42.8096520Z  git branch <new-branch-name> 89bfb72c
job-core	Checkout code	2025-08-20T07:37:42.8098747Z 
job-core	Checkout code	2025-08-20T07:37:42.8101802Z Switched to a new branch 'H1335-revision-modulo-yamllint'
job-core	Checkout code	2025-08-20T07:37:42.8104033Z branch 'H1335-revision-modulo-yamllint' set up to track 'origin/H1335-revision-modulo-yamllint'.
job-core	Checkout code	2025-08-20T07:37:42.8110620Z ##[endgroup]
job-core	Checkout code	2025-08-20T07:37:42.8162509Z [command]/usr/bin/git log -1 --format=%H
job-core	Checkout code	2025-08-20T07:37:42.8210026Z 0deb769b7675f3e3ea4e018d83914204e1202f10
job-core	Install Node.js	﻿2025-08-20T07:37:42.8503941Z ##[group]Run actions/setup-node@v2
job-core	Install Node.js	2025-08-20T07:37:42.8504940Z with:
job-core	Install Node.js	2025-08-20T07:37:42.8505824Z   node-version: 14
job-core	Install Node.js	2025-08-20T07:37:42.8506712Z   always-auth: false
job-core	Install Node.js	2025-08-20T07:37:42.8507482Z   check-latest: false
job-core	Install Node.js	2025-08-20T07:37:42.8508552Z   token: ***
job-core	Install Node.js	2025-08-20T07:37:42.8509238Z env:
job-core	Install Node.js	2025-08-20T07:37:42.8509927Z   KAOS_MODULE: [Ka0S] JSONLINT
job-core	Install Node.js	2025-08-20T07:37:42.8511064Z   GH_TOKEN: ***
job-core	Install Node.js	2025-08-20T07:37:42.8512346Z   KAOS_JSONLINT_CONFIG: core/config/.jsonlint.json
job-core	Install Node.js	2025-08-20T07:37:42.8513561Z   KAOS_PATH_RESUME: audit/jsonlint/
job-core	Install Node.js	2025-08-20T07:37:42.8514859Z   KAOS_REPO: /actions-runner/_work/kaos/kaos
job-core	Install Node.js	2025-08-20T07:37:42.8516017Z   KAOS_STEP_MODULE: 
job-core	Install Node.js	2025-08-20T07:37:42.8518141Z   KAOS_CODE: 17091819322
job-core	Install Node.js	2025-08-20T07:37:42.8518968Z   KAOS_REF_BRANCH: main
job-core	Install Node.js	2025-08-20T07:37:42.8519746Z ##[endgroup]
job-core	Install Node.js	2025-08-20T07:37:43.0066936Z Found in cache @ /actions-runner/_work/_tool/node/14.21.3/x64
job-core	Install jsonlint	﻿2025-08-20T07:37:43.0240863Z ##[group]Run if ! command -v jsonlint &> /dev/null; then
job-core	Install jsonlint	2025-08-20T07:37:43.0242648Z [36;1mif ! command -v jsonlint &> /dev/null; then[0m
job-core	Install jsonlint	2025-08-20T07:37:43.0243831Z [36;1m  echo "Installing jsonlint..."[0m
job-core	Install jsonlint	2025-08-20T07:37:43.0244892Z [36;1m  npm install -g jsonlint[0m
job-core	Install jsonlint	2025-08-20T07:37:43.0245858Z [36;1melse[0m
job-core	Install jsonlint	2025-08-20T07:37:43.0246912Z [36;1m  echo "jsonlint already installed, skipping installation"[0m
job-core	Install jsonlint	2025-08-20T07:37:43.0248147Z [36;1mfi[0m
job-core	Install jsonlint	2025-08-20T07:37:43.0248943Z [36;1mmkdir -p audit/jsonlint/[0m
job-core	Install jsonlint	2025-08-20T07:37:43.0265245Z shell: /usr/bin/bash -e {0}
job-core	Install jsonlint	2025-08-20T07:37:43.0266220Z env:
job-core	Install jsonlint	2025-08-20T07:37:43.0266976Z   KAOS_MODULE: [Ka0S] JSONLINT
job-core	Install jsonlint	2025-08-20T07:37:43.0268302Z   GH_TOKEN: ***
job-core	Install jsonlint	2025-08-20T07:37:43.0269189Z   KAOS_JSONLINT_CONFIG: core/config/.jsonlint.json
job-core	Install jsonlint	2025-08-20T07:37:43.0270318Z   KAOS_PATH_RESUME: audit/jsonlint/
job-core	Install jsonlint	2025-08-20T07:37:43.0271436Z   KAOS_REPO: /actions-runner/_work/kaos/kaos
job-core	Install jsonlint	2025-08-20T07:37:43.0272472Z   KAOS_STEP_MODULE: 
job-core	Install jsonlint	2025-08-20T07:37:43.0273366Z   KAOS_CODE: 17091819322
job-core	Install jsonlint	2025-08-20T07:37:43.0288555Z   KAOS_REF_BRANCH: main
job-core	Install jsonlint	2025-08-20T07:37:43.0289658Z ##[endgroup]
job-core	Install jsonlint	2025-08-20T07:37:43.0366304Z jsonlint already installed, skipping installation
job-core	Check JSON	﻿2025-08-20T07:37:43.0448778Z ##[group]Run # Invocamos la primera comprobación de base, sino se supera el proceso no continua
job-core	Check JSON	2025-08-20T07:37:43.0451077Z [36;1m# Invocamos la primera comprobación de base, sino se supera el proceso no continua[0m
job-core	Check JSON	2025-08-20T07:37:43.0452905Z [36;1m# Extraemos el nombre del fichero[0m
job-core	Check JSON	2025-08-20T07:37:43.0454114Z [36;1mfile_name=$(basename "audit/inspector/17091634181.json")[0m
job-core	Check JSON	2025-08-20T07:37:43.0455405Z [36;1m# Generamos el fichero de resultados vacio[0m
job-core	Check JSON	2025-08-20T07:37:43.0456745Z [36;1mtouch audit/jsonlint/jsonlint-results-17091819322.txt[0m
job-core	Check JSON	2025-08-20T07:37:43.0458024Z [36;1m# Realizamos el check del documento json [0m
job-core	Check JSON	2025-08-20T07:37:43.0459820Z [36;1mjsonlint audit/inspector/17091634181.json > audit/jsonlint/jsonlint-results-17091819322.txt || true[0m
job-core	Check JSON	2025-08-20T07:37:43.0461918Z [36;1m# Check if exist errors in file[0m
job-core	Check JSON	2025-08-20T07:37:43.0463201Z [36;1mif [ ! -s audit/jsonlint/jsonlint-results-17091819322.txt ]; then[0m
job-core	Check JSON	2025-08-20T07:37:43.0465126Z [36;1m  echo "File audit/jsonlint/jsonlint-results-17091819322.txt is empty and is content correct"[0m
job-core	Check JSON	2025-08-20T07:37:43.0468947Z [36;1m  KAOS_ISSUE_BODY="The [Ka0S] JSONLINT process (17091811973) launch the check (17091819322) over file (audit/inspector/17091634181.json) and its result has been SUCCESS. Please review all files implicated in pull request and approve to merge"[0m
job-core	Check JSON	2025-08-20T07:37:43.0472853Z [36;1m  # Añadimos la versión de jsonlint con la que se realiza la comprobacion[0m
job-core	Check JSON	2025-08-20T07:37:43.0474826Z [36;1m  jsonlint --version >> audit/jsonlint/jsonlint-results-17091819322.txt[0m
job-core	Check JSON	2025-08-20T07:37:43.0476361Z [36;1m  # añadimos el nombre del fichero que vamos a comprobar[0m
job-core	Check JSON	2025-08-20T07:37:43.0478198Z [36;1m  echo "Finding: audit/inspector/17091634181.json" >> audit/jsonlint/jsonlint-results-17091819322.txt[0m
job-core	Check JSON	2025-08-20T07:37:43.0479982Z [36;1m  gh issue comment  1335 -b "$KAOS_ISSUE_BODY" [0m
job-core	Check JSON	2025-08-20T07:37:43.0481086Z [36;1melse[0m
job-core	Check JSON	2025-08-20T07:37:43.0482412Z [36;1m  cat audit/jsonlint/jsonlint-results-17091819322.txt[0m
job-core	Check JSON	2025-08-20T07:37:43.0484575Z [36;1m  echo "File audit/jsonlint/jsonlint-results-17091819322.txt is not empty and is content not correct and write commit info"[0m
job-core	Check JSON	2025-08-20T07:37:43.0488090Z [36;1m  KAOS_ISSUE_BODY="The [Ka0S] JSONLINT process (17091811973) launch the check (17091819322) over file (audit/inspector/17091634181.json) and its result has been FAILED, please check and solved it"[0m
job-core	Check JSON	2025-08-20T07:37:43.0491026Z [36;1m  # Añadimos la versión de jsonlint con la que se realiza la comprobacion[0m
job-core	Check JSON	2025-08-20T07:37:43.0493084Z [36;1m  # jsonlint --version || true >> audit/jsonlint/jsonlint-results-17091819322.txt[0m
job-core	Check JSON	2025-08-20T07:37:43.0494655Z [36;1m  # añadimos el nombre del fichero que vamos a comprobar[0m
job-core	Check JSON	2025-08-20T07:37:43.0496483Z [36;1m  echo "Finding: audit/inspector/17091634181.json" >> audit/jsonlint/jsonlint-results-17091819322.txt[0m
job-core	Check JSON	2025-08-20T07:37:43.0498310Z [36;1m  gh issue comment  1335 -b "$KAOS_ISSUE_BODY" [0m
job-core	Check JSON	2025-08-20T07:37:43.0499706Z [36;1mfi[0m
job-core	Check JSON	2025-08-20T07:37:43.0500653Z [36;1mecho "Uploading files to the repository..."[0m
job-core	Check JSON	2025-08-20T07:37:43.0502390Z [36;1mgit config --global user.name "***"[0m
job-core	Check JSON	2025-08-20T07:37:43.0503596Z [36;1mgit config --global user.email "***"[0m
job-core	Check JSON	2025-08-20T07:37:43.0504614Z [36;1mgit pull[0m
job-core	Check JSON	2025-08-20T07:37:43.0505404Z [36;1mgit add audit/jsonlint/*[0m
job-core	Check JSON	2025-08-20T07:37:43.0506407Z [36;1mif ! git diff --staged --quiet; then[0m
job-core	Check JSON	2025-08-20T07:37:43.0508375Z [36;1m  git commit -m "[Ka0S] Uploading jsonlint resume execution files to the repository..."[0m
job-core	Check JSON	2025-08-20T07:37:43.0510081Z [36;1m  git push origin refs/heads/H1335-revision-modulo-yamllint[0m
job-core	Check JSON	2025-08-20T07:37:43.0511816Z [36;1mfi[0m
job-core	Check JSON	2025-08-20T07:37:43.0520437Z shell: /usr/bin/bash -e {0}
job-core	Check JSON	2025-08-20T07:37:43.0523234Z env:
job-core	Check JSON	2025-08-20T07:37:43.0524030Z   KAOS_MODULE: [Ka0S] JSONLINT
job-core	Check JSON	2025-08-20T07:37:43.0525389Z   GH_TOKEN: ***
job-core	Check JSON	2025-08-20T07:37:43.0526446Z   KAOS_JSONLINT_CONFIG: core/config/.jsonlint.json
job-core	Check JSON	2025-08-20T07:37:43.0527628Z   KAOS_PATH_RESUME: audit/jsonlint/
job-core	Check JSON	2025-08-20T07:37:43.0529008Z   KAOS_REPO: /actions-runner/_work/kaos/kaos
job-core	Check JSON	2025-08-20T07:37:43.0530092Z   KAOS_STEP_MODULE: 
job-core	Check JSON	2025-08-20T07:37:43.0531542Z   KAOS_CODE: 17091819322
job-core	Check JSON	2025-08-20T07:37:43.0532867Z   KAOS_REF_BRANCH: main
job-core	Check JSON	2025-08-20T07:37:43.0533620Z ##[endgroup]
job-core	Check JSON	2025-08-20T07:37:43.1868366Z {
job-core	Check JSON	2025-08-20T07:37:43.1869385Z   "conclusion": "failure",
job-core	Check JSON	2025-08-20T07:37:43.1871461Z   "createdAt": "2025-08-20T07:28:25Z",
job-core	Check JSON	2025-08-20T07:37:43.1872591Z   "databaseId": 17091634181,
job-core	Check JSON	2025-08-20T07:37:43.1874092Z   "displayTitle": "Ka0s JSON Lint",
job-core	Check JSON	2025-08-20T07:37:43.1875279Z   "event": "workflow_dispatch",
job-core	Check JSON	2025-08-20T07:37:43.1876369Z   "headBranch": "H1335-revision-modulo-yamllint",
job-core	Check JSON	2025-08-20T07:37:43.1877689Z   "headSha": "47ca03123e4be40ab08a51971c9591a0e2797c8f",
job-core	Check JSON	2025-08-20T07:37:43.1878811Z   "jobs": [
job-core	Check JSON	2025-08-20T07:37:43.1879533Z     {
job-core	Check JSON	2025-08-20T07:37:43.1880370Z       "completedAt": "2025-08-20T07:28:49Z",
job-core	Check JSON	2025-08-20T07:37:43.1881824Z       "conclusion": "failure",
job-core	Check JSON	2025-08-20T07:37:43.1883025Z       "databaseId": 48466475202,
job-core	Check JSON	2025-08-20T07:37:43.1884052Z       "name": "job-core",
job-core	Check JSON	2025-08-20T07:37:43.1885145Z       "startedAt": "2025-08-20T07:28:40Z",
job-core	Check JSON	2025-08-20T07:37:43.1886149Z       "status": "completed",
job-core	Check JSON	2025-08-20T07:37:43.1887013Z       "steps": [
job-core	Check JSON	2025-08-20T07:37:43.1887943Z         {
job-core	Check JSON	2025-08-20T07:37:43.1888780Z           "conclusion": "success",
job-core	Check JSON	2025-08-20T07:37:43.1889812Z           "name": "Set up job",
job-core	Check JSON	2025-08-20T07:37:43.1898893Z           "number": 1,
job-core	Check JSON	2025-08-20T07:37:43.1900046Z           "status": "completed"
job-core	Check JSON	2025-08-20T07:37:43.1900942Z         },
job-core	Check JSON	2025-08-20T07:37:43.1902290Z         {
job-core	Check JSON	2025-08-20T07:37:43.1903107Z           "conclusion": "success",
job-core	Check JSON	2025-08-20T07:37:43.1904130Z           "name": "Checkout code",
job-core	Check JSON	2025-08-20T07:37:43.1905084Z           "number": 2,
job-core	Check JSON	2025-08-20T07:37:43.1905966Z           "status": "completed"
job-core	Check JSON	2025-08-20T07:37:43.1906864Z         },
job-core	Check JSON	2025-08-20T07:37:43.1907613Z         {
job-core	Check JSON	2025-08-20T07:37:43.1908426Z           "conclusion": "success",
job-core	Check JSON	2025-08-20T07:37:43.1909525Z           "name": "Install Node.js",
job-core	Check JSON	2025-08-20T07:37:43.1910524Z           "number": 3,
job-core	Check JSON	2025-08-20T07:37:43.1911498Z           "status": "completed"
job-core	Check JSON	2025-08-20T07:37:43.1912416Z         },
job-core	Check JSON	2025-08-20T07:37:43.1913151Z         {
job-core	Check JSON	2025-08-20T07:37:43.1914188Z           "conclusion": "success",
job-core	Check JSON	2025-08-20T07:37:43.1915254Z           "name": "Install jsonlint",
job-core	Check JSON	2025-08-20T07:37:43.1916262Z           "number": 4,
job-core	Check JSON	2025-08-20T07:37:43.1917185Z           "status": "completed"
job-core	Check JSON	2025-08-20T07:37:43.1918081Z         },
job-core	Check JSON	2025-08-20T07:37:43.1918793Z         {
job-core	Check JSON	2025-08-20T07:37:43.1919629Z           "conclusion": "failure",
job-core	Check JSON	2025-08-20T07:37:43.1920659Z           "name": "Check JSON",
job-core	Check JSON	2025-08-20T07:37:43.1921776Z           "number": 5,
job-core	Check JSON	2025-08-20T07:37:43.1922706Z           "status": "completed"
job-core	Check JSON	2025-08-20T07:37:43.1923633Z         },
job-core	Check JSON	2025-08-20T07:37:43.1924344Z         {
job-core	Check JSON	2025-08-20T07:37:43.1925160Z           "conclusion": "skipped",
job-core	Check JSON	2025-08-20T07:37:43.1926210Z           "name": "Post Install Node.js",
job-core	Check JSON	2025-08-20T07:37:43.1927270Z           "number": 9,
job-core	Check JSON	2025-08-20T07:37:43.1928149Z           "status": "completed"
job-core	Check JSON	2025-08-20T07:37:43.1929048Z         },
job-core	Check JSON	2025-08-20T07:37:43.1929773Z         {
job-core	Check JSON	2025-08-20T07:37:43.1930583Z           "conclusion": "success",
job-core	Check JSON	2025-08-20T07:37:43.1931715Z           "name": "Post Checkout code",
job-core	Check JSON	2025-08-20T07:37:43.1932716Z           "number": 10,
job-core	Check JSON	2025-08-20T07:37:43.1933632Z           "status": "completed"
job-core	Check JSON	2025-08-20T07:37:43.1934556Z         },
job-core	Check JSON	2025-08-20T07:37:43.1935387Z         {
job-core	Check JSON	2025-08-20T07:37:43.1936177Z           "conclusion": "success",
job-core	Check JSON	2025-08-20T07:37:43.1937172Z           "name": "Complete job",
job-core	Check JSON	2025-08-20T07:37:43.1938095Z           "number": 11,
job-core	Check JSON	2025-08-20T07:37:43.1939229Z           "status": "completed"
job-core	Check JSON	2025-08-20T07:37:43.1940112Z         }
job-core	Check JSON	2025-08-20T07:37:43.1940814Z       ],
job-core	Check JSON	2025-08-20T07:37:43.1942469Z       "url": "https://github.com/Ka0s-Klaus/ka0s/actions/runs/17091634181/job/48466475202"
job-core	Check JSON	2025-08-20T07:37:43.1951615Z     },
job-core	Check JSON	2025-08-20T07:37:43.1953088Z     {
job-core	Check JSON	2025-08-20T07:37:43.1953934Z       "completedAt": "2025-08-20T07:30:28Z",
job-core	Check JSON	2025-08-20T07:37:43.1954982Z       "conclusion": "success",
job-core	Check JSON	2025-08-20T07:37:43.1955924Z       "databaseId": 48466499139,
job-core	Check JSON	2025-08-20T07:37:43.1956859Z       "name": "handle_failure",
job-core	Check JSON	2025-08-20T07:37:43.1957823Z       "startedAt": "2025-08-20T07:30:19Z",
job-core	Check JSON	2025-08-20T07:37:43.1958940Z       "status": "completed",
job-core	Check JSON	2025-08-20T07:37:43.1959835Z       "steps": [
job-core	Check JSON	2025-08-20T07:37:43.1960603Z         {
job-core	Check JSON	2025-08-20T07:37:43.1961584Z           "conclusion": "success",
job-core	Check JSON	2025-08-20T07:37:43.1962573Z           "name": "Set up job",
job-core	Check JSON	2025-08-20T07:37:43.1963459Z           "number": 1,
job-core	Check JSON	2025-08-20T07:37:43.1964320Z           "status": "completed"
job-core	Check JSON	2025-08-20T07:37:43.1965199Z         },
job-core	Check JSON	2025-08-20T07:37:43.1965904Z         {
job-core	Check JSON	2025-08-20T07:37:43.1966692Z           "conclusion": "success",
job-core	Check JSON	2025-08-20T07:37:43.1967699Z           "name": "Checkout code",
job-core	Check JSON	2025-08-20T07:37:43.1968626Z           "number": 2,
job-core	Check JSON	2025-08-20T07:37:43.1969494Z           "status": "completed"
job-core	Check JSON	2025-08-20T07:37:43.1970392Z         },
job-core	Check JSON	2025-08-20T07:37:43.1971141Z         {
job-core	Check JSON	2025-08-20T07:37:43.1971953Z           "conclusion": "success",
job-core	Check JSON	2025-08-20T07:37:43.1973021Z           "name": "handle-failure-execution",
job-core	Check JSON	2025-08-20T07:37:43.1974059Z           "number": 3,
job-core	Check JSON	2025-08-20T07:37:43.1974934Z           "status": "completed"
job-core	Check JSON	2025-08-20T07:37:43.1975829Z         },
job-core	Check JSON	2025-08-20T07:37:43.1976520Z         {
job-core	Check JSON	2025-08-20T07:37:43.1977330Z           "conclusion": "success",
job-core	Check JSON	2025-08-20T07:37:43.1978673Z           "name": "Post Checkout code",
job-core	Check JSON	2025-08-20T07:37:43.1979661Z           "number": 6,
job-core	Check JSON	2025-08-20T07:37:43.1980546Z           "status": "completed"
job-core	Check JSON	2025-08-20T07:37:43.1981473Z         },
job-core	Check JSON	2025-08-20T07:37:43.1982182Z         {
job-core	Check JSON	2025-08-20T07:37:43.1982989Z           "conclusion": "success",
job-core	Check JSON	2025-08-20T07:37:43.1983998Z           "name": "Complete job",
job-core	Check JSON	2025-08-20T07:37:43.1984919Z           "number": 7,
job-core	Check JSON	2025-08-20T07:37:43.1985792Z           "status": "completed"
job-core	Check JSON	2025-08-20T07:37:43.1986654Z         }
job-core	Check JSON	2025-08-20T07:37:43.1987363Z       ],
job-core	Check JSON	2025-08-20T07:37:43.1988617Z       "url": "https://github.com/Ka0s-Klaus/ka0s/actions/runs/17091634181/job/48466499139"
job-core	Check JSON	2025-08-20T07:37:43.1990019Z     },
job-core	Check JSON	2025-08-20T07:37:43.1990707Z     {
job-core	Check JSON	2025-08-20T07:37:43.1991775Z       "completedAt": "2025-08-20T07:28:49Z",
job-core	Check JSON	2025-08-20T07:37:43.1992920Z       "conclusion": "skipped",
job-core	Check JSON	2025-08-20T07:37:43.1995593Z       "databaseId": 48466499236,
job-core	Check JSON	2025-08-20T07:37:43.1996590Z       "name": "handle-success",
job-core	Check JSON	2025-08-20T07:37:43.1997914Z       "startedAt": "2025-08-20T07:28:49Z",
job-core	Check JSON	2025-08-20T07:37:43.1999048Z       "status": "completed",
job-core	Check JSON	2025-08-20T07:37:43.1999911Z       "steps": [],
job-core	Check JSON	2025-08-20T07:37:43.2001393Z       "url": "https://github.com/Ka0s-Klaus/ka0s/actions/runs/17091634181/job/48466499236"
job-core	Check JSON	2025-08-20T07:37:43.2002904Z     },
job-core	Check JSON	2025-08-20T07:37:43.2003568Z     {
job-core	Check JSON	2025-08-20T07:37:43.2004370Z       "completedAt": "2025-08-20T07:32:00Z",
job-core	Check JSON	2025-08-20T07:37:43.2005400Z       "conclusion": "success",
job-core	Check JSON	2025-08-20T07:37:43.2006363Z       "databaseId": 48466603566,
job-core	Check JSON	2025-08-20T07:37:43.2007273Z       "name": "end-workflow",
job-core	Check JSON	2025-08-20T07:37:43.2008226Z       "startedAt": "2025-08-20T07:31:51Z",
job-core	Check JSON	2025-08-20T07:37:43.2009348Z       "status": "completed",
job-core	Check JSON	2025-08-20T07:37:43.2010258Z       "steps": [
job-core	Check JSON	2025-08-20T07:37:43.2011059Z         {
job-core	Check JSON	2025-08-20T07:37:43.2011956Z           "conclusion": "success",
job-core	Check JSON	2025-08-20T07:37:43.2012960Z           "name": "Set up job",
job-core	Check JSON	2025-08-20T07:37:43.2014105Z           "number": 1,
job-core	Check JSON	2025-08-20T07:37:43.2014961Z           "status": "completed"
job-core	Check JSON	2025-08-20T07:37:43.2015831Z         },
job-core	Check JSON	2025-08-20T07:37:43.2016515Z         {
job-core	Check JSON	2025-08-20T07:37:43.2017290Z           "conclusion": "success",
job-core	Check JSON	2025-08-20T07:37:43.2018277Z           "name": "Checkout code",
job-core	Check JSON	2025-08-20T07:37:43.2019196Z           "number": 2,
job-core	Check JSON	2025-08-20T07:37:43.2020049Z           "status": "completed"
job-core	Check JSON	2025-08-20T07:37:43.2020887Z         },
job-core	Check JSON	2025-08-20T07:37:43.2021887Z         {
job-core	Check JSON	2025-08-20T07:37:43.2022692Z           "conclusion": "success",
job-core	Check JSON	2025-08-20T07:37:43.2024255Z           "name": "Finaliza el workflow",
job-core	Check JSON	2025-08-20T07:37:43.2025285Z           "number": 3,
job-core	Check JSON	2025-08-20T07:37:43.2026208Z           "status": "completed"
job-core	Check JSON	2025-08-20T07:37:43.2027143Z         },
job-core	Check JSON	2025-08-20T07:37:43.2027870Z         {
job-core	Check JSON	2025-08-20T07:37:43.2028693Z           "conclusion": "success",
job-core	Check JSON	2025-08-20T07:37:43.2029761Z           "name": "Post Checkout code",
job-core	Check JSON	2025-08-20T07:37:43.2030792Z           "number": 6,
job-core	Check JSON	2025-08-20T07:37:43.2031802Z           "status": "completed"
job-core	Check JSON	2025-08-20T07:37:43.2032690Z         },
job-core	Check JSON	2025-08-20T07:37:43.2033396Z         {
job-core	Check JSON	2025-08-20T07:37:43.2034225Z           "conclusion": "success",
job-core	Check JSON	2025-08-20T07:37:43.2035244Z           "name": "Complete job",
job-core	Check JSON	2025-08-20T07:37:43.2036182Z           "number": 7,
job-core	Check JSON	2025-08-20T07:37:43.2037086Z           "status": "completed"
job-core	Check JSON	2025-08-20T07:37:43.2038042Z         }
job-core	Check JSON	2025-08-20T07:37:43.2038752Z       ],
job-core	Check JSON	2025-08-20T07:37:43.2040041Z       "url": "https://github.com/Ka0s-Klaus/ka0s/actions/runs/17091634181/job/48466603566"
job-core	Check JSON	2025-08-20T07:37:43.2041580Z     }
job-core	Check JSON	2025-08-20T07:37:43.2042274Z   ],
job-core	Check JSON	2025-08-20T07:37:43.2043002Z   "name": "Ka0s JSON Lint",
job-core	Check JSON	2025-08-20T07:37:43.2043878Z   "number": 663,
job-core	Check JSON	2025-08-20T07:37:43.2044790Z   "startedAt": "2025-08-20T07:28:25Z",
job-core	Check JSON	2025-08-20T07:37:43.2045805Z   "status": "completed",
job-core	Check JSON	2025-08-20T07:37:43.2046757Z   "updatedAt": "2025-08-20T07:32:00Z",
job-core	Check JSON	2025-08-20T07:37:43.2048120Z   "url": "https://github.com/Ka0s-Klaus/ka0s/actions/runs/17091634181",
job-core	Check JSON	2025-08-20T07:37:43.2049878Z   "workflowDatabaseId": 152110813,
job-core	Check JSON	2025-08-20T07:37:43.2062646Z   "workflowName": "Ka0s JSON Lint"
job-core	Check JSON	2025-08-20T07:37:43.2063805Z }
job-core	Check JSON	2025-08-20T07:37:43.2065713Z File audit/jsonlint/jsonlint-results-17091819322.txt is not empty and is content not correct and write commit info
job-core	Check JSON	2025-08-20T07:37:44.1984755Z https://github.com/Ka0s-Klaus/ka0s/issues/1335#issuecomment-3204620103
job-core	Check JSON	2025-08-20T07:37:44.2003660Z Uploading files to the repository...
job-core	Check JSON	2025-08-20T07:37:44.7540901Z From https://github.com/Ka0s-Klaus/ka0s
job-core	Check JSON	2025-08-20T07:37:44.7544275Z    0deb769b..89bfb72c  H1335-revision-modulo-yamllint -> origin/H1335-revision-modulo-yamllint
job-core	Check JSON	2025-08-20T07:37:44.7730959Z Updating 0deb769b..89bfb72c
job-core	Check JSON	2025-08-20T07:37:44.7731599Z Fast-forward
job-core	Check JSON	2025-08-20T07:37:44.7756765Z  audit/jsonlint/jsonlint-results-17091815983.txt | 177 ++++++++++++++++++++++++
job-core	Check JSON	2025-08-20T07:37:44.7757639Z  audit/jsonlint/jsonlint-results-17091816633.txt | 171 +++++++++++++++++++++++
job-core	Check JSON	2025-08-20T07:37:44.7761370Z  audit/jsonlint/jsonlint-results-17091817343.txt | 171 +++++++++++++++++++++++
job-core	Check JSON	2025-08-20T07:37:44.7762224Z  audit/jsonlint/jsonlint-results-17091818089.txt | 171 +++++++++++++++++++++++
job-core	Check JSON	2025-08-20T07:37:44.7762729Z  4 files changed, 690 insertions(+)
job-core	Check JSON	2025-08-20T07:37:44.7763172Z  create mode 100644 audit/jsonlint/jsonlint-results-17091815983.txt
job-core	Check JSON	2025-08-20T07:37:44.7763715Z  create mode 100644 audit/jsonlint/jsonlint-results-17091816633.txt
job-core	Check JSON	2025-08-20T07:37:44.7764427Z  create mode 100644 audit/jsonlint/jsonlint-results-17091817343.txt
job-core	Check JSON	2025-08-20T07:37:44.7765021Z  create mode 100644 audit/jsonlint/jsonlint-results-17091818089.txt
job-core	Check JSON	2025-08-20T07:37:44.7935110Z [H1335-revision-modulo-yamllint 1642d260] [Ka0S] Uploading jsonlint resume execution files to the repository...
job-core	Check JSON	2025-08-20T07:37:44.7936134Z  1 file changed, 171 insertions(+)
job-core	Check JSON	2025-08-20T07:37:44.7939377Z  create mode 100644 audit/jsonlint/jsonlint-results-17091819322.txt
job-core	Check JSON	2025-08-20T07:37:45.2019092Z To https://github.com/Ka0s-Klaus/ka0s
job-core	Check JSON	2025-08-20T07:37:45.2020043Z  ! [rejected]          H1335-revision-modulo-yamllint -> H1335-revision-modulo-yamllint (fetch first)
job-core	Check JSON	2025-08-20T07:37:45.2021185Z error: failed to push some refs to 'https://github.com/Ka0s-Klaus/ka0s'
job-core	Check JSON	2025-08-20T07:37:45.2022070Z hint: Updates were rejected because the remote contains work that you do not
job-core	Check JSON	2025-08-20T07:37:45.2022990Z hint: have locally. This is usually caused by another repository pushing to
job-core	Check JSON	2025-08-20T07:37:45.2023996Z hint: the same ref. If you want to integrate the remote changes, use
job-core	Check JSON	2025-08-20T07:37:45.2024670Z hint: 'git pull' before pushing again.
job-core	Check JSON	2025-08-20T07:37:45.2025740Z hint: See the 'Note about fast-forwards' in 'git push --help' for details.
job-core	Check JSON	2025-08-20T07:37:45.2039226Z ##[error]Process completed with exit code 1.
job-core	Post Checkout code	﻿2025-08-20T07:37:45.2196438Z Post job cleanup.
job-core	Post Checkout code	2025-08-20T07:37:45.3321746Z [command]/usr/bin/git version
job-core	Post Checkout code	2025-08-20T07:37:45.3368916Z git version 2.43.0
job-core	Post Checkout code	2025-08-20T07:37:45.3423933Z Copying '/home/kaos/.gitconfig' to '/actions-runner/_work/_temp/a1e70db2-1dbf-4e5e-be66-1eb837b9228b/.gitconfig'
job-core	Post Checkout code	2025-08-20T07:37:45.3425689Z Temporarily overriding HOME='/actions-runner/_work/_temp/a1e70db2-1dbf-4e5e-be66-1eb837b9228b' before making global git config changes
job-core	Post Checkout code	2025-08-20T07:37:45.3427107Z Adding repository directory to the temporary git global config as a safe directory
job-core	Post Checkout code	2025-08-20T07:37:45.3434475Z [command]/usr/bin/git config --global --add safe.directory /actions-runner/_work/ka0s/ka0s
job-core	Post Checkout code	2025-08-20T07:37:45.3482542Z [command]/usr/bin/git config --local --name-only --get-regexp core\.sshCommand
job-core	Post Checkout code	2025-08-20T07:37:45.3538855Z [command]/usr/bin/git submodule foreach --recursive sh -c "git config --local --name-only --get-regexp 'core\.sshCommand' && git config --local --unset-all 'core.sshCommand' || :"
job-core	Post Checkout code	2025-08-20T07:37:45.3823725Z [command]/usr/bin/git config --local --name-only --get-regexp http\.https\:\/\/github\.com\/\.extraheader
job-core	Post Checkout code	2025-08-20T07:37:45.3849934Z http.https://github.com/.extraheader
job-core	Post Checkout code	2025-08-20T07:37:45.3864231Z [command]/usr/bin/git config --local --unset-all http.https://github.com/.extraheader
job-core	Post Checkout code	2025-08-20T07:37:45.3907019Z [command]/usr/bin/git submodule foreach --recursive sh -c "git config --local --name-only --get-regexp 'http\.https\:\/\/github\.com\/\.extraheader' && git config --local --unset-all 'http.https://github.com/.extraheader' || :"
job-core	Complete job	﻿2025-08-20T07:37:45.4360812Z Cleaning up orphan processes
handle_failure	Set up job	﻿2025-08-20T07:39:19.7963212Z Current runner version: '2.328.0'
handle_failure	Set up job	2025-08-20T07:39:19.7971324Z Runner name: 'ka0s-ka0s-2'
handle_failure	Set up job	2025-08-20T07:39:19.7972218Z Runner group name: 'ka0s'
handle_failure	Set up job	2025-08-20T07:39:19.7973169Z Machine name: '194f155ad019'
handle_failure	Set up job	2025-08-20T07:39:19.7976055Z ##[group]GITHUB_TOKEN Permissions
handle_failure	Set up job	2025-08-20T07:39:19.7978310Z Actions: write
handle_failure	Set up job	2025-08-20T07:39:19.7978861Z Contents: write
handle_failure	Set up job	2025-08-20T07:39:19.7979486Z Issues: write
handle_failure	Set up job	2025-08-20T07:39:19.7979975Z Metadata: read
handle_failure	Set up job	2025-08-20T07:39:19.7980498Z PullRequests: write
handle_failure	Set up job	2025-08-20T07:39:19.7981325Z ##[endgroup]
handle_failure	Set up job	2025-08-20T07:39:19.7983488Z Secret source: Actions
handle_failure	Set up job	2025-08-20T07:39:19.7984198Z Prepare workflow directory
handle_failure	Set up job	2025-08-20T07:39:19.8659250Z Prepare all required actions
handle_failure	Set up job	2025-08-20T07:39:19.8706736Z Getting action download info
handle_failure	Set up job	2025-08-20T07:39:20.4312673Z Download action repository 'actions/checkout@v4' (SHA:08eba0b27e820071cde6df949e0beb9ba4906955)
handle_failure	Set up job	2025-08-20T07:39:21.2697601Z Complete job name: handle_failure
handle_failure	Checkout code	﻿2025-08-20T07:39:21.3342377Z ##[group]Run actions/checkout@v4
handle_failure	Checkout code	2025-08-20T07:39:21.3344082Z with:
handle_failure	Checkout code	2025-08-20T07:39:21.3344497Z   fetch-depth: 0
handle_failure	Checkout code	2025-08-20T07:39:21.3345176Z   token: ***
handle_failure	Checkout code	2025-08-20T07:39:21.3345571Z   repository: Ka0s-Klaus/ka0s
handle_failure	Checkout code	2025-08-20T07:39:21.3346039Z   ssh-strict: true
handle_failure	Checkout code	2025-08-20T07:39:21.3346424Z   ssh-user: git
handle_failure	Checkout code	2025-08-20T07:39:21.3346833Z   persist-credentials: true
handle_failure	Checkout code	2025-08-20T07:39:21.3347272Z   clean: true
handle_failure	Checkout code	2025-08-20T07:39:21.3347679Z   sparse-checkout-cone-mode: true
handle_failure	Checkout code	2025-08-20T07:39:21.3348177Z   fetch-tags: false
handle_failure	Checkout code	2025-08-20T07:39:21.3348590Z   show-progress: true
handle_failure	Checkout code	2025-08-20T07:39:21.3349002Z   lfs: false
handle_failure	Checkout code	2025-08-20T07:39:21.3349380Z   submodules: false
handle_failure	Checkout code	2025-08-20T07:39:21.3349795Z   set-safe-directory: true
handle_failure	Checkout code	2025-08-20T07:39:21.3350785Z env:
handle_failure	Checkout code	2025-08-20T07:39:21.3351502Z   KAOS_MODULE: [Ka0S] JSONLINT
handle_failure	Checkout code	2025-08-20T07:39:21.3352193Z   GH_TOKEN: ***
handle_failure	Checkout code	2025-08-20T07:39:21.3352782Z   KAOS_JSONLINT_CONFIG: core/config/.jsonlint.json
handle_failure	Checkout code	2025-08-20T07:39:21.3353368Z   KAOS_PATH_RESUME: audit/jsonlint/
handle_failure	Checkout code	2025-08-20T07:39:21.3353975Z   KAOS_REPO: /actions-runner/_work/kaos/kaos
handle_failure	Checkout code	2025-08-20T07:39:21.3354536Z   KAOS_STEP_MODULE: 
handle_failure	Checkout code	2025-08-20T07:39:21.3354951Z   KAOS_CODE: 17091819322
handle_failure	Checkout code	2025-08-20T07:39:21.3355379Z   KAOS_REF_BRANCH: main
handle_failure	Checkout code	2025-08-20T07:39:21.3355795Z ##[endgroup]
handle_failure	Checkout code	2025-08-20T07:39:21.4802684Z Syncing repository: Ka0s-Klaus/ka0s
handle_failure	Checkout code	2025-08-20T07:39:21.4805431Z ##[group]Getting Git version info
handle_failure	Checkout code	2025-08-20T07:39:21.4806229Z Working directory is '/actions-runner/_work/ka0s/ka0s'
handle_failure	Checkout code	2025-08-20T07:39:21.4807295Z [command]/usr/bin/git version
handle_failure	Checkout code	2025-08-20T07:39:21.4807818Z git version 2.43.0
handle_failure	Checkout code	2025-08-20T07:39:21.4822253Z ##[endgroup]
handle_failure	Checkout code	2025-08-20T07:39:21.4845094Z Copying '/home/kaos/.gitconfig' to '/actions-runner/_work/_temp/0555eff5-e9fb-444a-a3f7-fb742aa7cdde/.gitconfig'
handle_failure	Checkout code	2025-08-20T07:39:21.4859087Z Temporarily overriding HOME='/actions-runner/_work/_temp/0555eff5-e9fb-444a-a3f7-fb742aa7cdde' before making global git config changes
handle_failure	Checkout code	2025-08-20T07:39:21.4873114Z Adding repository directory to the temporary git global config as a safe directory
handle_failure	Checkout code	2025-08-20T07:39:21.4876816Z [command]/usr/bin/git config --global --add safe.directory /actions-runner/_work/ka0s/ka0s
handle_failure	Checkout code	2025-08-20T07:39:21.4945757Z [command]/usr/bin/git config --local --get remote.origin.url
handle_failure	Checkout code	2025-08-20T07:39:21.5007076Z https://github.com/Ka0s-Klaus/ka0s
handle_failure	Checkout code	2025-08-20T07:39:21.5015077Z ##[group]Removing previously created refs, to avoid conflicts
handle_failure	Checkout code	2025-08-20T07:39:21.5024326Z [command]/usr/bin/git rev-parse --symbolic-full-name --verify --quiet HEAD
handle_failure	Checkout code	2025-08-20T07:39:21.5072716Z refs/heads/H1335-revision-modulo-yamllint
handle_failure	Checkout code	2025-08-20T07:39:21.5083406Z [command]/usr/bin/git checkout --detach
handle_failure	Checkout code	2025-08-20T07:39:21.5184595Z HEAD is now at da6de9e4 [Ka0S] Uploading jsonlint resume execution files to the repository...
handle_failure	Checkout code	2025-08-20T07:39:21.5243778Z [command]/usr/bin/git branch --delete --force H1335-revision-modulo-yamllint
handle_failure	Checkout code	2025-08-20T07:39:21.5291269Z Deleted branch H1335-revision-modulo-yamllint (was da6de9e4).
handle_failure	Checkout code	2025-08-20T07:39:21.5387380Z ##[endgroup]
handle_failure	Checkout code	2025-08-20T07:39:21.5393486Z [command]/usr/bin/git submodule status
handle_failure	Checkout code	2025-08-20T07:39:21.5725079Z ##[group]Cleaning the repository
handle_failure	Checkout code	2025-08-20T07:39:21.5726766Z [command]/usr/bin/git clean -ffdx
handle_failure	Checkout code	2025-08-20T07:39:21.5791729Z [command]/usr/bin/git reset --hard HEAD
handle_failure	Checkout code	2025-08-20T07:39:21.5882687Z HEAD is now at da6de9e4 [Ka0S] Uploading jsonlint resume execution files to the repository...
handle_failure	Checkout code	2025-08-20T07:39:21.5894291Z ##[endgroup]
handle_failure	Checkout code	2025-08-20T07:39:21.5895696Z ##[group]Disabling automatic garbage collection
handle_failure	Checkout code	2025-08-20T07:39:21.5912858Z [command]/usr/bin/git config --local gc.auto 0
handle_failure	Checkout code	2025-08-20T07:39:21.5935504Z ##[endgroup]
handle_failure	Checkout code	2025-08-20T07:39:21.5936821Z ##[group]Setting up auth
handle_failure	Checkout code	2025-08-20T07:39:21.5943483Z [command]/usr/bin/git config --local --name-only --get-regexp core\.sshCommand
handle_failure	Checkout code	2025-08-20T07:39:21.5989631Z [command]/usr/bin/git submodule foreach --recursive sh -c "git config --local --name-only --get-regexp 'core\.sshCommand' && git config --local --unset-all 'core.sshCommand' || :"
handle_failure	Checkout code	2025-08-20T07:39:21.6300516Z [command]/usr/bin/git config --local --name-only --get-regexp http\.https\:\/\/github\.com\/\.extraheader
handle_failure	Checkout code	2025-08-20T07:39:21.6335304Z [command]/usr/bin/git submodule foreach --recursive sh -c "git config --local --name-only --get-regexp 'http\.https\:\/\/github\.com\/\.extraheader' && git config --local --unset-all 'http.https://github.com/.extraheader' || :"
handle_failure	Checkout code	2025-08-20T07:39:21.6617386Z [command]/usr/bin/git config --local http.https://github.com/.extraheader AUTHORIZATION: basic ***
handle_failure	Checkout code	2025-08-20T07:39:21.6675818Z ##[endgroup]
handle_failure	Checkout code	2025-08-20T07:39:21.6680927Z ##[group]Fetching the repository
handle_failure	Checkout code	2025-08-20T07:39:21.6682352Z [command]/usr/bin/git -c protocol.version=2 fetch --prune --no-recurse-submodules origin +refs/heads/*:refs/remotes/origin/* +refs/tags/*:refs/tags/*
handle_failure	Checkout code	2025-08-20T07:39:22.1900231Z [command]/usr/bin/git branch --list --remote origin/H1335-revision-modulo-yamllint
handle_failure	Checkout code	2025-08-20T07:39:22.1948999Z   origin/H1335-revision-modulo-yamllint
handle_failure	Checkout code	2025-08-20T07:39:22.1968419Z [command]/usr/bin/git rev-parse refs/remotes/origin/H1335-revision-modulo-yamllint
handle_failure	Checkout code	2025-08-20T07:39:22.2012572Z da6de9e4998d1e11eb906e99443c09581b214e90
handle_failure	Checkout code	2025-08-20T07:39:22.2026674Z [command]/usr/bin/git -c protocol.version=2 fetch --no-tags --prune --no-recurse-submodules origin +0deb769b7675f3e3ea4e018d83914204e1202f10:refs/remotes/origin/H1335-revision-modulo-yamllint
handle_failure	Checkout code	2025-08-20T07:39:22.2226859Z From https://github.com/Ka0s-Klaus/ka0s
handle_failure	Checkout code	2025-08-20T07:39:22.2229463Z  + da6de9e4...0deb769b 0deb769b7675f3e3ea4e018d83914204e1202f10 -> origin/H1335-revision-modulo-yamllint  (forced update)
handle_failure	Checkout code	2025-08-20T07:39:22.2251649Z ##[endgroup]
handle_failure	Checkout code	2025-08-20T07:39:22.2254602Z ##[group]Determining the checkout info
handle_failure	Checkout code	2025-08-20T07:39:22.2256578Z ##[endgroup]
handle_failure	Checkout code	2025-08-20T07:39:22.2257996Z [command]/usr/bin/git sparse-checkout disable
handle_failure	Checkout code	2025-08-20T07:39:22.2316252Z [command]/usr/bin/git config --local --unset-all extensions.worktreeConfig
handle_failure	Checkout code	2025-08-20T07:39:22.2362066Z ##[group]Checking out the ref
handle_failure	Checkout code	2025-08-20T07:39:22.2368347Z [command]/usr/bin/git checkout --progress --force -B H1335-revision-modulo-yamllint refs/remotes/origin/H1335-revision-modulo-yamllint
handle_failure	Checkout code	2025-08-20T07:39:22.2531863Z Warning: you are leaving 18 commits behind, not connected to
handle_failure	Checkout code	2025-08-20T07:39:22.2533803Z any of your branches:
handle_failure	Checkout code	2025-08-20T07:39:22.2534344Z 
handle_failure	Checkout code	2025-08-20T07:39:22.2535197Z   da6de9e4 [Ka0S] Uploading jsonlint resume execution files to the repository...
handle_failure	Checkout code	2025-08-20T07:39:22.2537955Z   8b8b2687 [Ka0S] Uploading jsonlint resume execution files to the repository...
handle_failure	Checkout code	2025-08-20T07:39:22.2540277Z   520d518f [Ka0S] Uploading jsonlint resume execution files to the repository...
handle_failure	Checkout code	2025-08-20T07:39:22.2542943Z   9c5a7f00 [Ka0S] Uploading jsonlint resume execution files to the repository...
handle_failure	Checkout code	2025-08-20T07:39:22.2544856Z  ... and 14 more.
handle_failure	Checkout code	2025-08-20T07:39:22.2545445Z 
handle_failure	Checkout code	2025-08-20T07:39:22.2546133Z If you want to keep them by creating a new branch, this may be a good time
handle_failure	Checkout code	2025-08-20T07:39:22.2547524Z to do so with:
handle_failure	Checkout code	2025-08-20T07:39:22.2547992Z 
handle_failure	Checkout code	2025-08-20T07:39:22.2548434Z  git branch <new-branch-name> da6de9e4
handle_failure	Checkout code	2025-08-20T07:39:22.2549177Z 
handle_failure	Checkout code	2025-08-20T07:39:22.2550346Z Switched to a new branch 'H1335-revision-modulo-yamllint'
handle_failure	Checkout code	2025-08-20T07:39:22.2553868Z branch 'H1335-revision-modulo-yamllint' set up to track 'origin/H1335-revision-modulo-yamllint'.
handle_failure	Checkout code	2025-08-20T07:39:22.2558184Z ##[endgroup]
handle_failure	Checkout code	2025-08-20T07:39:22.2590267Z [command]/usr/bin/git log -1 --format=%H
handle_failure	Checkout code	2025-08-20T07:39:22.2618081Z 0deb769b7675f3e3ea4e018d83914204e1202f10
handle_failure	handle-failure-execution	﻿2025-08-20T07:39:22.2877619Z ##[group]Run echo "Error detected in process"
handle_failure	handle-failure-execution	2025-08-20T07:39:22.2879128Z [36;1mecho "Error detected in process"[0m
handle_failure	handle-failure-execution	2025-08-20T07:39:22.2880636Z [36;1mecho "Created issue"[0m
handle_failure	handle-failure-execution	2025-08-20T07:39:22.2884577Z [36;1mgh issue create  --title "[Ka0S] Error detected in [Ka0S] JSONLINT" --label "bug" --body "Error detected in [Ka0S] JSONLINT. Please check the logs for 17091819322 more information of error."[0m
handle_failure	handle-failure-execution	2025-08-20T07:39:22.2887682Z [36;1mecho "Add comment to origin target"[0m
handle_failure	handle-failure-execution	2025-08-20T07:39:22.2889903Z [36;1mRNNUMBER=$(echo "refs/heads/H1335-revision-modulo-yamllint" | grep -o '[0-9]*')[0m
handle_failure	handle-failure-execution	2025-08-20T07:39:22.2893734Z [36;1mgh issue comment $RNNUMBER --body "El proceso no ha finalizado correctamente 17091819322. El resultado está en el fichero 17091819322.log"[0m
handle_failure	handle-failure-execution	2025-08-20T07:39:22.2907076Z shell: /usr/bin/bash -e {0}
handle_failure	handle-failure-execution	2025-08-20T07:39:22.2908048Z env:
handle_failure	handle-failure-execution	2025-08-20T07:39:22.2908769Z   KAOS_MODULE: [Ka0S] JSONLINT
handle_failure	handle-failure-execution	2025-08-20T07:39:22.2910115Z   GH_TOKEN: ***
handle_failure	handle-failure-execution	2025-08-20T07:39:22.2911085Z   KAOS_JSONLINT_CONFIG: core/config/.jsonlint.json
handle_failure	handle-failure-execution	2025-08-20T07:39:22.2912347Z   KAOS_PATH_RESUME: audit/jsonlint/
handle_failure	handle-failure-execution	2025-08-20T07:39:22.2913446Z   KAOS_REPO: /actions-runner/_work/kaos/kaos
handle_failure	handle-failure-execution	2025-08-20T07:39:22.2914539Z   KAOS_STEP_MODULE: 
handle_failure	handle-failure-execution	2025-08-20T07:39:22.2915351Z   KAOS_CODE: 17091819322
handle_failure	handle-failure-execution	2025-08-20T07:39:22.2916213Z   KAOS_REF_BRANCH: main
handle_failure	handle-failure-execution	2025-08-20T07:39:22.2917035Z ##[endgroup]
handle_failure	handle-failure-execution	2025-08-20T07:39:22.2974257Z Error detected in process
handle_failure	handle-failure-execution	2025-08-20T07:39:22.2975752Z Created issue
handle_failure	handle-failure-execution	2025-08-20T07:39:23.5820056Z https://github.com/Ka0s-Klaus/ka0s/issues/1398
handle_failure	handle-failure-execution	2025-08-20T07:39:23.5860325Z Add comment to origin target
handle_failure	handle-failure-execution	2025-08-20T07:39:24.6588974Z https://github.com/Ka0s-Klaus/ka0s/issues/1335#issuecomment-3204635255
handle_failure	Post Checkout code	﻿2025-08-20T07:39:24.6718368Z Post job cleanup.
handle_failure	Post Checkout code	2025-08-20T07:39:24.7843653Z [command]/usr/bin/git version
handle_failure	Post Checkout code	2025-08-20T07:39:24.7885094Z git version 2.43.0
handle_failure	Post Checkout code	2025-08-20T07:39:24.7932260Z Copying '/home/kaos/.gitconfig' to '/actions-runner/_work/_temp/31b9c9c5-c65e-4ebc-871b-7b6cf3eb9a1b/.gitconfig'
handle_failure	Post Checkout code	2025-08-20T07:39:24.7941707Z Temporarily overriding HOME='/actions-runner/_work/_temp/31b9c9c5-c65e-4ebc-871b-7b6cf3eb9a1b' before making global git config changes
handle_failure	Post Checkout code	2025-08-20T07:39:24.7942998Z Adding repository directory to the temporary git global config as a safe directory
handle_failure	Post Checkout code	2025-08-20T07:39:24.7949104Z [command]/usr/bin/git config --global --add safe.directory /actions-runner/_work/ka0s/ka0s
handle_failure	Post Checkout code	2025-08-20T07:39:24.7990086Z [command]/usr/bin/git config --local --name-only --get-regexp core\.sshCommand
handle_failure	Post Checkout code	2025-08-20T07:39:24.8040741Z [command]/usr/bin/git submodule foreach --recursive sh -c "git config --local --name-only --get-regexp 'core\.sshCommand' && git config --local --unset-all 'core.sshCommand' || :"
handle_failure	Post Checkout code	2025-08-20T07:39:24.8418896Z [command]/usr/bin/git config --local --name-only --get-regexp http\.https\:\/\/github\.com\/\.extraheader
handle_failure	Post Checkout code	2025-08-20T07:39:24.8419718Z http.https://github.com/.extraheader
handle_failure	Post Checkout code	2025-08-20T07:39:24.8421178Z [command]/usr/bin/git config --local --unset-all http.https://github.com/.extraheader
handle_failure	Post Checkout code	2025-08-20T07:39:24.8447107Z [command]/usr/bin/git submodule foreach --recursive sh -c "git config --local --name-only --get-regexp 'http\.https\:\/\/github\.com\/\.extraheader' && git config --local --unset-all 'http.https://github.com/.extraheader' || :"
handle_failure	Complete job	﻿2025-08-20T07:39:24.8890094Z Cleaning up orphan processes
end-workflow	Set up job	﻿2025-08-20T07:40:56.8001103Z Current runner version: '2.328.0'
end-workflow	Set up job	2025-08-20T07:40:56.8009029Z Runner name: 'ka0s-ka0s-2'
end-workflow	Set up job	2025-08-20T07:40:56.8009867Z Runner group name: 'ka0s'
end-workflow	Set up job	2025-08-20T07:40:56.8010759Z Machine name: '194f155ad019'
end-workflow	Set up job	2025-08-20T07:40:56.8014024Z ##[group]GITHUB_TOKEN Permissions
end-workflow	Set up job	2025-08-20T07:40:56.8016871Z Actions: write
end-workflow	Set up job	2025-08-20T07:40:56.8017570Z Contents: write
end-workflow	Set up job	2025-08-20T07:40:56.8018098Z Issues: write
end-workflow	Set up job	2025-08-20T07:40:56.8018614Z Metadata: read
end-workflow	Set up job	2025-08-20T07:40:56.8019247Z PullRequests: write
end-workflow	Set up job	2025-08-20T07:40:56.8019943Z ##[endgroup]
end-workflow	Set up job	2025-08-20T07:40:56.8022505Z Secret source: Actions
end-workflow	Set up job	2025-08-20T07:40:56.8023390Z Prepare workflow directory
end-workflow	Set up job	2025-08-20T07:40:56.8670147Z Prepare all required actions
end-workflow	Set up job	2025-08-20T07:40:56.8716049Z Getting action download info
end-workflow	Set up job	2025-08-20T07:40:57.4006637Z Download action repository 'actions/checkout@v4' (SHA:08eba0b27e820071cde6df949e0beb9ba4906955)
end-workflow	Set up job	2025-08-20T07:40:58.2652991Z Complete job name: end-workflow
end-workflow	Checkout code	﻿2025-08-20T07:40:58.3217917Z ##[group]Run actions/checkout@v4
end-workflow	Checkout code	2025-08-20T07:40:58.3219006Z with:
end-workflow	Checkout code	2025-08-20T07:40:58.3219433Z   fetch-depth: 0
end-workflow	Checkout code	2025-08-20T07:40:58.3220148Z   token: ***
end-workflow	Checkout code	2025-08-20T07:40:58.3220565Z   repository: Ka0s-Klaus/ka0s
end-workflow	Checkout code	2025-08-20T07:40:58.3221139Z   ssh-strict: true
end-workflow	Checkout code	2025-08-20T07:40:58.3221563Z   ssh-user: git
end-workflow	Checkout code	2025-08-20T07:40:58.3221984Z   persist-credentials: true
end-workflow	Checkout code	2025-08-20T07:40:58.3222459Z   clean: true
end-workflow	Checkout code	2025-08-20T07:40:58.3222883Z   sparse-checkout-cone-mode: true
end-workflow	Checkout code	2025-08-20T07:40:58.3223396Z   fetch-tags: false
end-workflow	Checkout code	2025-08-20T07:40:58.3223828Z   show-progress: true
end-workflow	Checkout code	2025-08-20T07:40:58.3224268Z   lfs: false
end-workflow	Checkout code	2025-08-20T07:40:58.3224676Z   submodules: false
end-workflow	Checkout code	2025-08-20T07:40:58.3225112Z   set-safe-directory: true
end-workflow	Checkout code	2025-08-20T07:40:58.3225847Z env:
end-workflow	Checkout code	2025-08-20T07:40:58.3226266Z   KAOS_MODULE: [Ka0S] JSONLINT
end-workflow	Checkout code	2025-08-20T07:40:58.3226924Z   GH_TOKEN: ***
end-workflow	Checkout code	2025-08-20T07:40:58.3227408Z   KAOS_JSONLINT_CONFIG: core/config/.jsonlint.json
end-workflow	Checkout code	2025-08-20T07:40:58.3228018Z   KAOS_PATH_RESUME: audit/jsonlint/
end-workflow	Checkout code	2025-08-20T07:40:58.3228631Z   KAOS_REPO: /actions-runner/_work/kaos/kaos
end-workflow	Checkout code	2025-08-20T07:40:58.3229214Z   KAOS_STEP_MODULE: 
end-workflow	Checkout code	2025-08-20T07:40:58.3229646Z   KAOS_CODE: 17091819322
end-workflow	Checkout code	2025-08-20T07:40:58.3230106Z   KAOS_REF_BRANCH: main
end-workflow	Checkout code	2025-08-20T07:40:58.3230540Z ##[endgroup]
end-workflow	Checkout code	2025-08-20T07:40:58.4592397Z Syncing repository: Ka0s-Klaus/ka0s
end-workflow	Checkout code	2025-08-20T07:40:58.4594644Z ##[group]Getting Git version info
end-workflow	Checkout code	2025-08-20T07:40:58.4595454Z Working directory is '/actions-runner/_work/ka0s/ka0s'
end-workflow	Checkout code	2025-08-20T07:40:58.4596522Z [command]/usr/bin/git version
end-workflow	Checkout code	2025-08-20T07:40:58.4597050Z git version 2.43.0
end-workflow	Checkout code	2025-08-20T07:40:58.4612035Z ##[endgroup]
end-workflow	Checkout code	2025-08-20T07:40:58.4620108Z Copying '/home/kaos/.gitconfig' to '/actions-runner/_work/_temp/be90a3b8-a56a-4935-bed7-088b5b707342/.gitconfig'
end-workflow	Checkout code	2025-08-20T07:40:58.4634141Z Temporarily overriding HOME='/actions-runner/_work/_temp/be90a3b8-a56a-4935-bed7-088b5b707342' before making global git config changes
end-workflow	Checkout code	2025-08-20T07:40:58.4636081Z Adding repository directory to the temporary git global config as a safe directory
end-workflow	Checkout code	2025-08-20T07:40:58.4639873Z [command]/usr/bin/git config --global --add safe.directory /actions-runner/_work/ka0s/ka0s
end-workflow	Checkout code	2025-08-20T07:40:58.4691371Z [command]/usr/bin/git config --local --get remote.origin.url
end-workflow	Checkout code	2025-08-20T07:40:58.4715628Z https://github.com/Ka0s-Klaus/ka0s
end-workflow	Checkout code	2025-08-20T07:40:58.4733757Z ##[group]Removing previously created refs, to avoid conflicts
end-workflow	Checkout code	2025-08-20T07:40:58.4737624Z [command]/usr/bin/git rev-parse --symbolic-full-name --verify --quiet HEAD
end-workflow	Checkout code	2025-08-20T07:40:58.4764046Z refs/heads/H1335-revision-modulo-yamllint
end-workflow	Checkout code	2025-08-20T07:40:58.4774716Z [command]/usr/bin/git checkout --detach
end-workflow	Checkout code	2025-08-20T07:40:58.4859179Z HEAD is now at 89bfb72c [Ka0S] Uploading jsonlint resume execution files to the repository...
end-workflow	Checkout code	2025-08-20T07:40:58.4908756Z [command]/usr/bin/git branch --delete --force H1335-revision-modulo-yamllint
end-workflow	Checkout code	2025-08-20T07:40:58.4943601Z Deleted branch H1335-revision-modulo-yamllint (was 89bfb72c).
end-workflow	Checkout code	2025-08-20T07:40:58.5030314Z ##[endgroup]
end-workflow	Checkout code	2025-08-20T07:40:58.5031104Z [command]/usr/bin/git submodule status
end-workflow	Checkout code	2025-08-20T07:40:58.5302333Z ##[group]Cleaning the repository
end-workflow	Checkout code	2025-08-20T07:40:58.5303831Z [command]/usr/bin/git clean -ffdx
end-workflow	Checkout code	2025-08-20T07:40:58.5360870Z [command]/usr/bin/git reset --hard HEAD
end-workflow	Checkout code	2025-08-20T07:40:58.5444514Z HEAD is now at 89bfb72c [Ka0S] Uploading jsonlint resume execution files to the repository...
end-workflow	Checkout code	2025-08-20T07:40:58.5449562Z ##[endgroup]
end-workflow	Checkout code	2025-08-20T07:40:58.5450865Z ##[group]Disabling automatic garbage collection
end-workflow	Checkout code	2025-08-20T07:40:58.5456642Z [command]/usr/bin/git config --local gc.auto 0
end-workflow	Checkout code	2025-08-20T07:40:58.5487129Z ##[endgroup]
end-workflow	Checkout code	2025-08-20T07:40:58.5488526Z ##[group]Setting up auth
end-workflow	Checkout code	2025-08-20T07:40:58.5503907Z [command]/usr/bin/git config --local --name-only --get-regexp core\.sshCommand
end-workflow	Checkout code	2025-08-20T07:40:58.5538168Z [command]/usr/bin/git submodule foreach --recursive sh -c "git config --local --name-only --get-regexp 'core\.sshCommand' && git config --local --unset-all 'core.sshCommand' || :"
end-workflow	Checkout code	2025-08-20T07:40:58.5788512Z [command]/usr/bin/git config --local --name-only --get-regexp http\.https\:\/\/github\.com\/\.extraheader
end-workflow	Checkout code	2025-08-20T07:40:58.5818984Z [command]/usr/bin/git submodule foreach --recursive sh -c "git config --local --name-only --get-regexp 'http\.https\:\/\/github\.com\/\.extraheader' && git config --local --unset-all 'http.https://github.com/.extraheader' || :"
end-workflow	Checkout code	2025-08-20T07:40:58.6071768Z [command]/usr/bin/git config --local http.https://github.com/.extraheader AUTHORIZATION: basic ***
end-workflow	Checkout code	2025-08-20T07:40:58.6119440Z ##[endgroup]
end-workflow	Checkout code	2025-08-20T07:40:58.6120394Z ##[group]Fetching the repository
end-workflow	Checkout code	2025-08-20T07:40:58.6127233Z [command]/usr/bin/git -c protocol.version=2 fetch --prune --no-recurse-submodules origin +refs/heads/*:refs/remotes/origin/* +refs/tags/*:refs/tags/*
end-workflow	Checkout code	2025-08-20T07:40:59.4252570Z From https://github.com/Ka0s-Klaus/ka0s
end-workflow	Checkout code	2025-08-20T07:40:59.4259539Z    89bfb72c..bdf4f349  H1335-revision-modulo-yamllint -> origin/H1335-revision-modulo-yamllint
end-workflow	Checkout code	2025-08-20T07:40:59.4265119Z    766faf98..aa42adb6  main       -> origin/main
end-workflow	Checkout code	2025-08-20T07:40:59.4368646Z [command]/usr/bin/git branch --list --remote origin/H1335-revision-modulo-yamllint
end-workflow	Checkout code	2025-08-20T07:40:59.4438849Z   origin/H1335-revision-modulo-yamllint
end-workflow	Checkout code	2025-08-20T07:40:59.4442957Z [command]/usr/bin/git rev-parse refs/remotes/origin/H1335-revision-modulo-yamllint
end-workflow	Checkout code	2025-08-20T07:40:59.4478871Z bdf4f34930993871a79cd761dfc290e1b8e549f6
end-workflow	Checkout code	2025-08-20T07:40:59.4495199Z [command]/usr/bin/git -c protocol.version=2 fetch --no-tags --prune --no-recurse-submodules origin +0deb769b7675f3e3ea4e018d83914204e1202f10:refs/remotes/origin/H1335-revision-modulo-yamllint
end-workflow	Checkout code	2025-08-20T07:40:59.4705659Z From https://github.com/Ka0s-Klaus/ka0s
end-workflow	Checkout code	2025-08-20T07:40:59.4708208Z  + bdf4f349...0deb769b 0deb769b7675f3e3ea4e018d83914204e1202f10 -> origin/H1335-revision-modulo-yamllint  (forced update)
end-workflow	Checkout code	2025-08-20T07:40:59.4729164Z ##[endgroup]
end-workflow	Checkout code	2025-08-20T07:40:59.4730757Z ##[group]Determining the checkout info
end-workflow	Checkout code	2025-08-20T07:40:59.4737050Z ##[endgroup]
end-workflow	Checkout code	2025-08-20T07:40:59.4740940Z [command]/usr/bin/git sparse-checkout disable
end-workflow	Checkout code	2025-08-20T07:40:59.4798831Z [command]/usr/bin/git config --local --unset-all extensions.worktreeConfig
end-workflow	Checkout code	2025-08-20T07:40:59.4833918Z ##[group]Checking out the ref
end-workflow	Checkout code	2025-08-20T07:40:59.4839605Z [command]/usr/bin/git checkout --progress --force -B H1335-revision-modulo-yamllint refs/remotes/origin/H1335-revision-modulo-yamllint
end-workflow	Checkout code	2025-08-20T07:40:59.5009508Z Warning: you are leaving 4 commits behind, not connected to
end-workflow	Checkout code	2025-08-20T07:40:59.5012192Z any of your branches:
end-workflow	Checkout code	2025-08-20T07:40:59.5014099Z 
end-workflow	Checkout code	2025-08-20T07:40:59.5015685Z   89bfb72c [Ka0S] Uploading jsonlint resume execution files to the repository...
end-workflow	Checkout code	2025-08-20T07:40:59.5021705Z   05641c2b [Ka0S] Uploading jsonlint resume execution files to the repository...
end-workflow	Checkout code	2025-08-20T07:40:59.5024433Z   c75d0c86 [Ka0S] Uploading jsonlint resume execution files to the repository...
end-workflow	Checkout code	2025-08-20T07:40:59.5027103Z   5132a7e0 [Ka0S] Uploading jsonlint resume execution files to the repository...
end-workflow	Checkout code	2025-08-20T07:40:59.5028719Z 
end-workflow	Checkout code	2025-08-20T07:40:59.5029668Z If you want to keep them by creating a new branch, this may be a good time
end-workflow	Checkout code	2025-08-20T07:40:59.5032762Z to do so with:
end-workflow	Checkout code	2025-08-20T07:40:59.5033423Z 
end-workflow	Checkout code	2025-08-20T07:40:59.5034000Z  git branch <new-branch-name> 89bfb72c
end-workflow	Checkout code	2025-08-20T07:40:59.5035070Z 
end-workflow	Checkout code	2025-08-20T07:40:59.5035973Z Switched to a new branch 'H1335-revision-modulo-yamllint'
end-workflow	Checkout code	2025-08-20T07:40:59.5038625Z branch 'H1335-revision-modulo-yamllint' set up to track 'origin/H1335-revision-modulo-yamllint'.
end-workflow	Checkout code	2025-08-20T07:40:59.5043578Z ##[endgroup]
end-workflow	Checkout code	2025-08-20T07:40:59.5069314Z [command]/usr/bin/git log -1 --format=%H
end-workflow	Checkout code	2025-08-20T07:40:59.5102342Z 0deb769b7675f3e3ea4e018d83914204e1202f10
end-workflow	Finaliza el workflow	﻿2025-08-20T07:40:59.5376296Z ##[group]Run echo "End process"
end-workflow	Finaliza el workflow	2025-08-20T07:40:59.5377680Z [36;1mecho "End process"[0m
end-workflow	Finaliza el workflow	2025-08-20T07:40:59.5379473Z [36;1mRNNUMBER=$(echo "refs/heads/H1335-revision-modulo-yamllint" | grep -o '[0-9]*')[0m
end-workflow	Finaliza el workflow	2025-08-20T07:40:59.5382044Z [36;1mgh issue comment $RNNUMBER --body "Se finaliza Ka0s 17091819322"[0m
end-workflow	Finaliza el workflow	2025-08-20T07:40:59.5385132Z [36;1mgh workflow run inspector.yml --ref 'main' -f kaos-issue-id=$RNNUMBER -f kaos-workflow-id="17091819322" -f kaos-user-start=""[0m
end-workflow	Finaliza el workflow	2025-08-20T07:40:59.5399074Z shell: /usr/bin/bash -e {0}
end-workflow	Finaliza el workflow	2025-08-20T07:40:59.5400196Z env:
end-workflow	Finaliza el workflow	2025-08-20T07:40:59.5401150Z   KAOS_MODULE: [Ka0S] JSONLINT
end-workflow	Finaliza el workflow	2025-08-20T07:40:59.5402851Z   GH_TOKEN: ***
end-workflow	Finaliza el workflow	2025-08-20T07:40:59.5403912Z   KAOS_JSONLINT_CONFIG: core/config/.jsonlint.json
end-workflow	Finaliza el workflow	2025-08-20T07:40:59.5405316Z   KAOS_PATH_RESUME: audit/jsonlint/
end-workflow	Finaliza el workflow	2025-08-20T07:40:59.5406587Z   KAOS_REPO: /actions-runner/_work/kaos/kaos
end-workflow	Finaliza el workflow	2025-08-20T07:40:59.5407879Z   KAOS_STEP_MODULE: 
end-workflow	Finaliza el workflow	2025-08-20T07:40:59.5408876Z   KAOS_CODE: 17091819322
end-workflow	Finaliza el workflow	2025-08-20T07:40:59.5410011Z   KAOS_REF_BRANCH: main
end-workflow	Finaliza el workflow	2025-08-20T07:40:59.5411098Z ##[endgroup]
end-workflow	Finaliza el workflow	2025-08-20T07:40:59.5476199Z End process
end-workflow	Finaliza el workflow	2025-08-20T07:41:00.6377220Z https://github.com/Ka0s-Klaus/ka0s/issues/1335#issuecomment-3204651652
end-workflow	Post Checkout code	﻿2025-08-20T07:41:01.2847245Z Post job cleanup.
end-workflow	Post Checkout code	2025-08-20T07:41:01.3893823Z [command]/usr/bin/git version
end-workflow	Post Checkout code	2025-08-20T07:41:01.3932569Z git version 2.43.0
end-workflow	Post Checkout code	2025-08-20T07:41:01.3971096Z Copying '/home/kaos/.gitconfig' to '/actions-runner/_work/_temp/244041b3-d8b6-40a7-872f-718ca8cafb4b/.gitconfig'
end-workflow	Post Checkout code	2025-08-20T07:41:01.3983858Z Temporarily overriding HOME='/actions-runner/_work/_temp/244041b3-d8b6-40a7-872f-718ca8cafb4b' before making global git config changes
end-workflow	Post Checkout code	2025-08-20T07:41:01.3985073Z Adding repository directory to the temporary git global config as a safe directory
end-workflow	Post Checkout code	2025-08-20T07:41:01.3989657Z [command]/usr/bin/git config --global --add safe.directory /actions-runner/_work/ka0s/ka0s
end-workflow	Post Checkout code	2025-08-20T07:41:01.4029315Z [command]/usr/bin/git config --local --name-only --get-regexp core\.sshCommand
end-workflow	Post Checkout code	2025-08-20T07:41:01.4111608Z [command]/usr/bin/git submodule foreach --recursive sh -c "git config --local --name-only --get-regexp 'core\.sshCommand' && git config --local --unset-all 'core.sshCommand' || :"
end-workflow	Post Checkout code	2025-08-20T07:41:01.4340811Z [command]/usr/bin/git config --local --name-only --get-regexp http\.https\:\/\/github\.com\/\.extraheader
end-workflow	Post Checkout code	2025-08-20T07:41:01.4366672Z http.https://github.com/.extraheader
end-workflow	Post Checkout code	2025-08-20T07:41:01.4379465Z [command]/usr/bin/git config --local --unset-all http.https://github.com/.extraheader
end-workflow	Post Checkout code	2025-08-20T07:41:01.4417328Z [command]/usr/bin/git submodule foreach --recursive sh -c "git config --local --name-only --get-regexp 'http\.https\:\/\/github\.com\/\.extraheader' && git config --local --unset-all 'http.https://github.com/.extraheader' || :"
end-workflow	Complete job	﻿2025-08-20T07:41:01.4785148Z Cleaning up orphan processes
