job-core	Set up job	﻿2025-08-20T07:19:03.7016345Z Current runner version: '2.328.0'
job-core	Set up job	2025-08-20T07:19:03.7023008Z Runner name: 'ka0s-ka0s-2'
job-core	Set up job	2025-08-20T07:19:03.7023854Z Runner group name: 'ka0s'
job-core	Set up job	2025-08-20T07:19:03.7024755Z Machine name: '194f155ad019'
job-core	Set up job	2025-08-20T07:19:03.7027448Z ##[group]GITHUB_TOKEN Permissions
job-core	Set up job	2025-08-20T07:19:03.7029682Z Contents: read
job-core	Set up job	2025-08-20T07:19:03.7030288Z Metadata: read
job-core	Set up job	2025-08-20T07:19:03.7030832Z Packages: read
job-core	Set up job	2025-08-20T07:19:03.7031711Z ##[endgroup]
job-core	Set up job	2025-08-20T07:19:03.7034222Z Secret source: Actions
job-core	Set up job	2025-08-20T07:19:03.7035059Z Prepare workflow directory
job-core	Set up job	2025-08-20T07:19:03.7740372Z Prepare all required actions
job-core	Set up job	2025-08-20T07:19:03.7781287Z Getting action download info
job-core	Set up job	2025-08-20T07:19:04.3870811Z Download action repository 'actions/checkout@v4' (SHA:08eba0b27e820071cde6df949e0beb9ba4906955)
job-core	Set up job	2025-08-20T07:19:05.2354245Z Complete job name: job-core
job-core	Checkout code	﻿2025-08-20T07:19:05.2834023Z ##[group]Run actions/checkout@v4
job-core	Checkout code	2025-08-20T07:19:05.2834894Z with:
job-core	Checkout code	2025-08-20T07:19:05.2835299Z   fetch-depth: 0
job-core	Checkout code	2025-08-20T07:19:05.2835924Z   token: ***
job-core	Checkout code	2025-08-20T07:19:05.2836386Z   repository: Ka0s-Klaus/ka0s
job-core	Checkout code	2025-08-20T07:19:05.2836853Z   ssh-strict: true
job-core	Checkout code	2025-08-20T07:19:05.2837250Z   ssh-user: git
job-core	Checkout code	2025-08-20T07:19:05.2837658Z   persist-credentials: true
job-core	Checkout code	2025-08-20T07:19:05.2838264Z   clean: true
job-core	Checkout code	2025-08-20T07:19:05.2838688Z   sparse-checkout-cone-mode: true
job-core	Checkout code	2025-08-20T07:19:05.2839314Z   fetch-tags: false
job-core	Checkout code	2025-08-20T07:19:05.2839727Z   show-progress: true
job-core	Checkout code	2025-08-20T07:19:05.2840144Z   lfs: false
job-core	Checkout code	2025-08-20T07:19:05.2840525Z   submodules: false
job-core	Checkout code	2025-08-20T07:19:05.2840943Z   set-safe-directory: true
job-core	Checkout code	2025-08-20T07:19:05.2842099Z env:
job-core	Checkout code	2025-08-20T07:19:05.2842489Z   KAOS_CODE: 17091437244
job-core	Checkout code	2025-08-20T07:19:05.2842934Z   KAOS_EVENT_NAME: push
job-core	Checkout code	2025-08-20T07:19:05.2843362Z   KAOS_ACTION: 
job-core	Checkout code	2025-08-20T07:19:05.2843827Z   KAOS_REF: refs/heads/H1335-revision-modulo-yamllint
job-core	Checkout code	2025-08-20T07:19:05.2844405Z   KAOS_MODULE: [Ka0S] Kaos
job-core	Checkout code	2025-08-20T07:19:05.2844893Z   KAOS_PATH_RESUME: audit/kaos/
job-core	Checkout code	2025-08-20T07:19:05.2845369Z   KAOS_ACTOR: santakloud
job-core	Checkout code	2025-08-20T07:19:05.2845809Z   GITHUB_OUTPUT: 
job-core	Checkout code	2025-08-20T07:19:05.2846203Z ##[endgroup]
job-core	Checkout code	2025-08-20T07:19:05.4027243Z Syncing repository: Ka0s-Klaus/ka0s
job-core	Checkout code	2025-08-20T07:19:05.4029587Z ##[group]Getting Git version info
job-core	Checkout code	2025-08-20T07:19:05.4030361Z Working directory is '/actions-runner/_work/ka0s/ka0s'
job-core	Checkout code	2025-08-20T07:19:05.4031787Z [command]/usr/bin/git version
job-core	Checkout code	2025-08-20T07:19:05.4032399Z git version 2.43.0
job-core	Checkout code	2025-08-20T07:19:05.4034103Z ##[endgroup]
job-core	Checkout code	2025-08-20T07:19:05.4039537Z Copying '/home/kaos/.gitconfig' to '/actions-runner/_work/_temp/87e0138b-b166-49ae-bd42-12323b27762e/.gitconfig'
job-core	Checkout code	2025-08-20T07:19:05.4050819Z Temporarily overriding HOME='/actions-runner/_work/_temp/87e0138b-b166-49ae-bd42-12323b27762e' before making global git config changes
job-core	Checkout code	2025-08-20T07:19:05.4052690Z Adding repository directory to the temporary git global config as a safe directory
job-core	Checkout code	2025-08-20T07:19:05.4057431Z [command]/usr/bin/git config --global --add safe.directory /actions-runner/_work/ka0s/ka0s
job-core	Checkout code	2025-08-20T07:19:05.4101305Z [command]/usr/bin/git config --local --get remote.origin.url
job-core	Checkout code	2025-08-20T07:19:05.4125242Z https://github.com/Ka0s-Klaus/ka0s
job-core	Checkout code	2025-08-20T07:19:05.4147622Z ##[group]Removing previously created refs, to avoid conflicts
job-core	Checkout code	2025-08-20T07:19:05.4151373Z [command]/usr/bin/git rev-parse --symbolic-full-name --verify --quiet HEAD
job-core	Checkout code	2025-08-20T07:19:05.4176363Z refs/heads/H1335-revision-modulo-yamllint
job-core	Checkout code	2025-08-20T07:19:05.4187470Z [command]/usr/bin/git checkout --detach
job-core	Checkout code	2025-08-20T07:19:05.4262283Z HEAD is now at ed10dee2 [Ka0S] Uploading resume execution files to the repository...
job-core	Checkout code	2025-08-20T07:19:05.4312321Z [command]/usr/bin/git branch --delete --force H1335-revision-modulo-yamllint
job-core	Checkout code	2025-08-20T07:19:05.4347215Z Deleted branch H1335-revision-modulo-yamllint (was ed10dee2).
job-core	Checkout code	2025-08-20T07:19:05.4433117Z ##[endgroup]
job-core	Checkout code	2025-08-20T07:19:05.4436029Z [command]/usr/bin/git submodule status
job-core	Checkout code	2025-08-20T07:19:05.4684518Z ##[group]Cleaning the repository
job-core	Checkout code	2025-08-20T07:19:05.4689273Z [command]/usr/bin/git clean -ffdx
job-core	Checkout code	2025-08-20T07:19:05.4747929Z [command]/usr/bin/git reset --hard HEAD
job-core	Checkout code	2025-08-20T07:19:05.4827685Z HEAD is now at ed10dee2 [Ka0S] Uploading resume execution files to the repository...
job-core	Checkout code	2025-08-20T07:19:05.4834152Z ##[endgroup]
job-core	Checkout code	2025-08-20T07:19:05.4835008Z ##[group]Disabling automatic garbage collection
job-core	Checkout code	2025-08-20T07:19:05.4839996Z [command]/usr/bin/git config --local gc.auto 0
job-core	Checkout code	2025-08-20T07:19:05.4882870Z ##[endgroup]
job-core	Checkout code	2025-08-20T07:19:05.4883677Z ##[group]Setting up auth
job-core	Checkout code	2025-08-20T07:19:05.4889374Z [command]/usr/bin/git config --local --name-only --get-regexp core\.sshCommand
job-core	Checkout code	2025-08-20T07:19:05.4923184Z [command]/usr/bin/git submodule foreach --recursive sh -c "git config --local --name-only --get-regexp 'core\.sshCommand' && git config --local --unset-all 'core.sshCommand' || :"
job-core	Checkout code	2025-08-20T07:19:05.5172033Z [command]/usr/bin/git config --local --name-only --get-regexp http\.https\:\/\/github\.com\/\.extraheader
job-core	Checkout code	2025-08-20T07:19:05.5200941Z [command]/usr/bin/git submodule foreach --recursive sh -c "git config --local --name-only --get-regexp 'http\.https\:\/\/github\.com\/\.extraheader' && git config --local --unset-all 'http.https://github.com/.extraheader' || :"
job-core	Checkout code	2025-08-20T07:19:05.5452390Z [command]/usr/bin/git config --local http.https://github.com/.extraheader AUTHORIZATION: basic ***
job-core	Checkout code	2025-08-20T07:19:05.5498501Z ##[endgroup]
job-core	Checkout code	2025-08-20T07:19:05.5499386Z ##[group]Fetching the repository
job-core	Checkout code	2025-08-20T07:19:05.5506201Z [command]/usr/bin/git -c protocol.version=2 fetch --prune --no-recurse-submodules origin +refs/heads/*:refs/remotes/origin/* +refs/tags/*:refs/tags/*
job-core	Checkout code	2025-08-20T07:19:06.4607941Z From https://github.com/Ka0s-Klaus/ka0s
job-core	Checkout code	2025-08-20T07:19:06.4609340Z    ed10dee2..0753fe6b  H1335-revision-modulo-yamllint -> origin/H1335-revision-modulo-yamllint
job-core	Checkout code	2025-08-20T07:19:06.4610542Z    586b78c8..58b7b7df  main       -> origin/main
job-core	Checkout code	2025-08-20T07:19:06.4613184Z  * [new tag]           0.3.15     -> 0.3.15
job-core	Checkout code	2025-08-20T07:19:06.4683994Z [command]/usr/bin/git branch --list --remote origin/H1335-revision-modulo-yamllint
job-core	Checkout code	2025-08-20T07:19:06.4716771Z   origin/H1335-revision-modulo-yamllint
job-core	Checkout code	2025-08-20T07:19:06.4724790Z [command]/usr/bin/git rev-parse refs/remotes/origin/H1335-revision-modulo-yamllint
job-core	Checkout code	2025-08-20T07:19:06.4748777Z 0753fe6b9d149abd0c5c03e89a1a5d822117a321
job-core	Checkout code	2025-08-20T07:19:06.4752920Z ##[endgroup]
job-core	Checkout code	2025-08-20T07:19:06.4753905Z ##[group]Determining the checkout info
job-core	Checkout code	2025-08-20T07:19:06.4755014Z ##[endgroup]
job-core	Checkout code	2025-08-20T07:19:06.4758933Z [command]/usr/bin/git sparse-checkout disable
job-core	Checkout code	2025-08-20T07:19:06.4808138Z [command]/usr/bin/git config --local --unset-all extensions.worktreeConfig
job-core	Checkout code	2025-08-20T07:19:06.4839809Z ##[group]Checking out the ref
job-core	Checkout code	2025-08-20T07:19:06.4855198Z [command]/usr/bin/git checkout --progress --force -B H1335-revision-modulo-yamllint refs/remotes/origin/H1335-revision-modulo-yamllint
job-core	Checkout code	2025-08-20T07:19:06.5158625Z Previous HEAD position was ed10dee2 [Ka0S] Uploading resume execution files to the repository...
job-core	Checkout code	2025-08-20T07:19:06.5168578Z Switched to a new branch 'H1335-revision-modulo-yamllint'
job-core	Checkout code	2025-08-20T07:19:06.5170022Z branch 'H1335-revision-modulo-yamllint' set up to track 'origin/H1335-revision-modulo-yamllint'.
job-core	Checkout code	2025-08-20T07:19:06.5177448Z ##[endgroup]
job-core	Checkout code	2025-08-20T07:19:06.5220331Z [command]/usr/bin/git log -1 --format=%H
job-core	Checkout code	2025-08-20T07:19:06.5249530Z 0753fe6b9d149abd0c5c03e89a1a5d822117a321
job-core	Validate file extensions	﻿2025-08-20T07:19:06.5482106Z ##[group]Run # Nueva ejecución
job-core	Validate file extensions	2025-08-20T07:19:06.5482938Z [36;1m# Nueva ejecución[0m
job-core	Validate file extensions	2025-08-20T07:19:06.5483826Z [36;1mIFS=',' read -r -a extensions <<< "***"[0m
job-core	Validate file extensions	2025-08-20T07:19:06.5484649Z [36;1mfor file in $(git diff --name-only HEAD~1 HEAD); do[0m
job-core	Validate file extensions	2025-08-20T07:19:06.5485410Z [36;1m  extension="${file##*.}"[0m
job-core	Validate file extensions	2025-08-20T07:19:06.5486135Z [36;1m  if [[ ! " ${extensions[@]} " =~ " ${extension} " ]]; then[0m
job-core	Validate file extensions	2025-08-20T07:19:06.5487008Z [36;1m    echo "File $file has an invalid extension: $extension"[0m
job-core	Validate file extensions	2025-08-20T07:19:06.5487767Z [36;1m  fi[0m
job-core	Validate file extensions	2025-08-20T07:19:06.5488265Z [36;1mdone[0m
job-core	Validate file extensions	2025-08-20T07:19:06.5489025Z [36;1mRNNUMBER=$(echo "H1335-revision-modulo-yamllint" | grep -o '[0-9]*')[0m
job-core	Validate file extensions	2025-08-20T07:19:06.5490371Z [36;1mgh issue comment $RNNUMBER --body "Se inicia Ka0s 17091437244 "[0m
job-core	Validate file extensions	2025-08-20T07:19:06.5501233Z shell: /usr/bin/bash -e {0}
job-core	Validate file extensions	2025-08-20T07:19:06.5501856Z env:
job-core	Validate file extensions	2025-08-20T07:19:06.5502333Z   KAOS_CODE: 17091437244
job-core	Validate file extensions	2025-08-20T07:19:06.5502886Z   KAOS_EVENT_NAME: push
job-core	Validate file extensions	2025-08-20T07:19:06.5503473Z   KAOS_ACTION: 
job-core	Validate file extensions	2025-08-20T07:19:06.5504055Z   KAOS_REF: refs/heads/H1335-revision-modulo-yamllint
job-core	Validate file extensions	2025-08-20T07:19:06.5504767Z   KAOS_MODULE: [Ka0S] Kaos
job-core	Validate file extensions	2025-08-20T07:19:06.5505339Z   KAOS_PATH_RESUME: audit/kaos/
job-core	Validate file extensions	2025-08-20T07:19:06.5505927Z   KAOS_ACTOR: santakloud
job-core	Validate file extensions	2025-08-20T07:19:06.5506469Z   GITHUB_OUTPUT: 
job-core	Validate file extensions	2025-08-20T07:19:06.5507185Z   GH_TOKEN: ***
job-core	Validate file extensions	2025-08-20T07:19:06.5507685Z ##[endgroup]
job-core	Validate file extensions	2025-08-20T07:19:06.5590047Z File audit/inspector/17091250062.log has an invalid extension: log
job-core	Validate file extensions	2025-08-20T07:19:06.5591597Z File audit/inspector/17091253883.log has an invalid extension: log
job-core	Validate file extensions	2025-08-20T07:19:06.5592655Z File audit/inspector/17091254657.log has an invalid extension: log
job-core	Validate file extensions	2025-08-20T07:19:06.5593725Z File audit/inspector/17091255270.log has an invalid extension: log
job-core	Validate file extensions	2025-08-20T07:19:06.5594762Z File audit/inspector/17091255939.log has an invalid extension: log
job-core	Validate file extensions	2025-08-20T07:19:06.5595799Z File audit/inspector/17091256752.log has an invalid extension: log
job-core	Validate file extensions	2025-08-20T07:19:06.5596968Z File audit/inspector/17091257395.log has an invalid extension: log
job-core	Validate file extensions	2025-08-20T07:19:06.5598199Z File audit/inspector/17091258084.log has an invalid extension: log
job-core	Validate file extensions	2025-08-20T07:19:06.5599357Z File audit/inspector/17091259036.log has an invalid extension: log
job-core	Validate file extensions	2025-08-20T07:19:06.5600534Z File audit/inspector/17091260222.log has an invalid extension: log
job-core	Validate file extensions	2025-08-20T07:19:06.5601914Z File audit/inspector/17091261497.log has an invalid extension: log
job-core	Validate file extensions	2025-08-20T07:19:06.5603064Z File audit/inspector/17091262126.log has an invalid extension: log
job-core	Validate file extensions	2025-08-20T07:19:06.5604108Z File audit/inspector/17091262609.log has an invalid extension: log
job-core	Validate file extensions	2025-08-20T07:19:06.5605144Z File audit/inspector/17091263183.log has an invalid extension: log
job-core	Validate file extensions	2025-08-20T07:19:06.5606166Z File audit/inspector/17091263812.log has an invalid extension: log
job-core	Validate file extensions	2025-08-20T07:19:06.5607173Z File audit/inspector/17091264433.log has an invalid extension: log
job-core	Validate file extensions	2025-08-20T07:19:06.5608194Z File audit/inspector/17091265008.log has an invalid extension: log
job-core	Validate file extensions	2025-08-20T07:19:06.5609237Z File audit/inspector/17091265874.log has an invalid extension: log
job-core	Validate file extensions	2025-08-20T07:19:06.5610401Z File audit/inspector/17091266288.log has an invalid extension: log
job-core	Validate file extensions	2025-08-20T07:19:06.5611507Z File audit/inspector/17091266913.log has an invalid extension: log
job-core	Validate file extensions	2025-08-20T07:19:06.5612923Z File audit/inspector/17091267424.log has an invalid extension: log
job-core	Validate file extensions	2025-08-20T07:19:06.5614163Z File audit/inspector/17091268030.log has an invalid extension: log
job-core	Validate file extensions	2025-08-20T07:19:06.5615355Z File audit/inspector/17091269102.log has an invalid extension: log
job-core	Validate file extensions	2025-08-20T07:19:06.5616367Z File audit/inspector/17091269675.log has an invalid extension: log
job-core	Validate file extensions	2025-08-20T07:19:06.5617412Z File audit/inspector/17091270216.log has an invalid extension: log
job-core	Validate file extensions	2025-08-20T07:19:06.5618580Z File audit/jsonlint/jsonlint-results-17091270216.txt has an invalid extension: txt
job-core	Validate file extensions	2025-08-20T07:19:06.5619813Z File audit/kaos/17091250062-files-in-commit.txt has an invalid extension: txt
job-core	Validate file extensions	2025-08-20T07:19:07.5742766Z https://github.com/Ka0s-Klaus/ka0s/issues/1335#issuecomment-3204530656
job-core	Crear JSON	﻿2025-08-20T07:19:07.6190847Z ##[group]Run # Generar JSON válido con comillas escapadas
job-core	Crear JSON	2025-08-20T07:19:07.6215123Z [36;1m# Generar JSON válido con comillas escapadas[0m
job-core	Crear JSON	2025-08-20T07:19:07.6217269Z [36;1mecho '{[0m
job-core	Crear JSON	2025-08-20T07:19:07.6219158Z [36;1m  "after": "0753fe6b9d149abd0c5c03e89a1a5d822117a321",[0m
job-core	Crear JSON	2025-08-20T07:19:07.6221605Z [36;1m  "base_ref": null,[0m
job-core	Crear JSON	2025-08-20T07:19:07.6223763Z [36;1m  "before": "14c19456963d9f341c1f5eb55f146d112bd19a85",[0m
job-core	Crear JSON	2025-08-20T07:19:07.6226128Z [36;1m  "commits": [[0m
job-core	Crear JSON	2025-08-20T07:19:07.6227785Z [36;1m    {[0m
job-core	Crear JSON	2025-08-20T07:19:07.6229331Z [36;1m      "author": {[0m
job-core	Crear JSON	2025-08-20T07:19:07.6231670Z [36;1m        "email": "asantacana@kyndryl.com",[0m
job-core	Crear JSON	2025-08-20T07:19:07.6233880Z [36;1m        "name": "asantacana1970",[0m
job-core	Crear JSON	2025-08-20T07:19:07.6236070Z [36;1m        "username": "asantacana1970"[0m
job-core	Crear JSON	2025-08-20T07:19:07.6238094Z [36;1m      },[0m
job-core	Crear JSON	2025-08-20T07:19:07.6239667Z [36;1m      "committer": {[0m
job-core	Crear JSON	2025-08-20T07:19:07.6241408Z [36;1m        "email": "asantacana@kyndryl.com",[0m
job-core	Crear JSON	2025-08-20T07:19:07.6243365Z [36;1m        "name": "asantacana1970",[0m
job-core	Crear JSON	2025-08-20T07:19:07.6245118Z [36;1m        "username": "asantacana1970"[0m
job-core	Crear JSON	2025-08-20T07:19:07.6246744Z [36;1m      },[0m
job-core	Crear JSON	2025-08-20T07:19:07.6247986Z [36;1m      "distinct": true,[0m
job-core	Crear JSON	2025-08-20T07:19:07.6249716Z [36;1m      "id": "dd0e658c489593cb2e50ac8a7c95e6110ca0cc0f",[0m
job-core	Crear JSON	2025-08-20T07:19:07.6251638Z [36;1m      "message": "Del old code",[0m
job-core	Crear JSON	2025-08-20T07:19:07.6253334Z [36;1m      "timestamp": "2025-08-20T09:18:41+02:00",[0m
job-core	Crear JSON	2025-08-20T07:19:07.6255341Z [36;1m      "tree_id": "bd52e3b08b5a28ae10f36a1e2978831f9d54328b",[0m
job-core	Crear JSON	2025-08-20T07:19:07.6258356Z [36;1m      "url": "https://github.com/Ka0s-Klaus/ka0s/commit/dd0e658c489593cb2e50ac8a7c95e6110ca0cc0f"[0m
job-core	Crear JSON	2025-08-20T07:19:07.6261077Z [36;1m    },[0m
job-core	Crear JSON	2025-08-20T07:19:07.6262233Z [36;1m    {[0m
job-core	Crear JSON	2025-08-20T07:19:07.6263417Z [36;1m      "author": {[0m
job-core	Crear JSON	2025-08-20T07:19:07.6264903Z [36;1m        "email": "asantacana@kyndryl.com",[0m
job-core	Crear JSON	2025-08-20T07:19:07.6266677Z [36;1m        "name": "asantacana1970",[0m
job-core	Crear JSON	2025-08-20T07:19:07.6268394Z [36;1m        "username": "asantacana1970"[0m
job-core	Crear JSON	2025-08-20T07:19:07.6269985Z [36;1m      },[0m
job-core	Crear JSON	2025-08-20T07:19:07.6271278Z [36;1m      "committer": {[0m
job-core	Crear JSON	2025-08-20T07:19:07.6272811Z [36;1m        "email": "asantacana@kyndryl.com",[0m
job-core	Crear JSON	2025-08-20T07:19:07.6274559Z [36;1m        "name": "asantacana1970",[0m
job-core	Crear JSON	2025-08-20T07:19:07.6276233Z [36;1m        "username": "asantacana1970"[0m
job-core	Crear JSON	2025-08-20T07:19:07.6277823Z [36;1m      },[0m
job-core	Crear JSON	2025-08-20T07:19:07.6279031Z [36;1m      "distinct": true,[0m
job-core	Crear JSON	2025-08-20T07:19:07.6280727Z [36;1m      "id": "0753fe6b9d149abd0c5c03e89a1a5d822117a321",[0m
job-core	Crear JSON	2025-08-20T07:19:07.6284405Z [36;1m      "message": "Merge branch 'H1335-revision-modulo-yamllint' of https://github.com/Ka0s-Klaus/ka0s into H1335-revision-modulo-yamllint",[0m
job-core	Crear JSON	2025-08-20T07:19:07.6287888Z [36;1m      "timestamp": "2025-08-20T09:18:49+02:00",[0m
job-core	Crear JSON	2025-08-20T07:19:07.6289872Z [36;1m      "tree_id": "21bd59476cc34c9493e0d011e0b1be02f7668af1",[0m
job-core	Crear JSON	2025-08-20T07:19:07.6292488Z [36;1m      "url": "https://github.com/Ka0s-Klaus/ka0s/commit/0753fe6b9d149abd0c5c03e89a1a5d822117a321"[0m
job-core	Crear JSON	2025-08-20T07:19:07.6294718Z [36;1m    }[0m
job-core	Crear JSON	2025-08-20T07:19:07.6295741Z [36;1m  ],[0m
job-core	Crear JSON	2025-08-20T07:19:07.6297522Z [36;1m  "compare": "https://github.com/Ka0s-Klaus/ka0s/compare/14c19456963d...0753fe6b9d14",[0m
job-core	Crear JSON	2025-08-20T07:19:07.6299682Z [36;1m  "created": false,[0m
job-core	Crear JSON	2025-08-20T07:19:07.6300924Z [36;1m  "deleted": false,[0m
job-core	Crear JSON	2025-08-20T07:19:07.6302202Z [36;1m  "forced": false,[0m
job-core	Crear JSON	2025-08-20T07:19:07.6303442Z [36;1m  "head_commit": {[0m
job-core	Crear JSON	2025-08-20T07:19:07.6304701Z [36;1m    "author": {[0m
job-core	Crear JSON	2025-08-20T07:19:07.6305974Z [36;1m      "email": "asantacana@kyndryl.com",[0m
job-core	Crear JSON	2025-08-20T07:19:07.6307493Z [36;1m      "name": "asantacana1970",[0m
job-core	Crear JSON	2025-08-20T07:19:07.6308960Z [36;1m      "username": "asantacana1970"[0m
job-core	Crear JSON	2025-08-20T07:19:07.6310338Z [36;1m    },[0m
job-core	Crear JSON	2025-08-20T07:19:07.6311442Z [36;1m    "committer": {[0m
job-core	Crear JSON	2025-08-20T07:19:07.6313084Z [36;1m      "email": "asantacana@kyndryl.com",[0m
job-core	Crear JSON	2025-08-20T07:19:07.6314584Z [36;1m      "name": "asantacana1970",[0m
job-core	Crear JSON	2025-08-20T07:19:07.6316037Z [36;1m      "username": "asantacana1970"[0m
job-core	Crear JSON	2025-08-20T07:19:07.6317397Z [36;1m    },[0m
job-core	Crear JSON	2025-08-20T07:19:07.6318420Z [36;1m    "distinct": true,[0m
job-core	Crear JSON	2025-08-20T07:19:07.6319837Z [36;1m    "id": "0753fe6b9d149abd0c5c03e89a1a5d822117a321",[0m
job-core	Crear JSON	2025-08-20T07:19:07.6322947Z [36;1m    "message": "Merge branch 'H1335-revision-modulo-yamllint' of https://github.com/Ka0s-Klaus/ka0s into H1335-revision-modulo-yamllint",[0m
job-core	Crear JSON	2025-08-20T07:19:07.6326055Z [36;1m    "timestamp": "2025-08-20T09:18:49+02:00",[0m
job-core	Crear JSON	2025-08-20T07:19:07.6327710Z [36;1m    "tree_id": "21bd59476cc34c9493e0d011e0b1be02f7668af1",[0m
job-core	Crear JSON	2025-08-20T07:19:07.6330182Z [36;1m    "url": "https://github.com/Ka0s-Klaus/ka0s/commit/0753fe6b9d149abd0c5c03e89a1a5d822117a321"[0m
job-core	Crear JSON	2025-08-20T07:19:07.6332416Z [36;1m  },[0m
job-core	Crear JSON	2025-08-20T07:19:07.6333393Z [36;1m  "organization": {[0m
job-core	Crear JSON	2025-08-20T07:19:07.6335108Z [36;1m    "avatar_url": "https://avatars.githubusercontent.com/u/197099031?v=4",[0m
job-core	Crear JSON	2025-08-20T07:19:07.6338514Z [36;1m    "description": "Albert Einstein dijo una vez: \"... si tu intención es describir la verdad, hazlo con sencillez y la elegancia déjasela al sastre.\"",[0m
job-core	Crear JSON	2025-08-20T07:19:07.6341690Z [36;1m    "events_url": "https://api.github.com/orgs/Ka0s-Klaus/events",[0m
job-core	Crear JSON	2025-08-20T07:19:07.6343567Z [36;1m    "hooks_url": "https://api.github.com/orgs/Ka0s-Klaus/hooks",[0m
job-core	Crear JSON	2025-08-20T07:19:07.6345069Z [36;1m    "id": 197099031,[0m
job-core	Crear JSON	2025-08-20T07:19:07.6346452Z [36;1m    "issues_url": "https://api.github.com/orgs/Ka0s-Klaus/issues",[0m
job-core	Crear JSON	2025-08-20T07:19:07.6348036Z [36;1m    "login": "Ka0s-Klaus",[0m
job-core	Crear JSON	2025-08-20T07:19:07.6349647Z [36;1m    "members_url": "https://api.github.com/orgs/Ka0s-Klaus/members{/member}",[0m
job-core	Crear JSON	2025-08-20T07:19:07.6351405Z [36;1m    "node_id": "O_kgDOC79-Fw",[0m
job-core	Crear JSON	2025-08-20T07:19:07.6353280Z [36;1m    "public_members_url": "https://api.github.com/orgs/Ka0s-Klaus/public_members{/member}",[0m
job-core	Crear JSON	2025-08-20T07:19:07.6355531Z [36;1m    "repos_url": "https://api.github.com/orgs/Ka0s-Klaus/repos",[0m
job-core	Crear JSON	2025-08-20T07:19:07.6357380Z [36;1m    "url": "https://api.github.com/orgs/Ka0s-Klaus"[0m
job-core	Crear JSON	2025-08-20T07:19:07.6358833Z [36;1m  },[0m
job-core	Crear JSON	2025-08-20T07:19:07.6359698Z [36;1m  "pusher": {[0m
job-core	Crear JSON	2025-08-20T07:19:07.6361145Z [36;1m    "email": "73332898+santakloud@users.noreply.github.com",[0m
job-core	Crear JSON	2025-08-20T07:19:07.6362765Z [36;1m    "name": "santakloud"[0m
job-core	Crear JSON	2025-08-20T07:19:07.6363823Z [36;1m  },[0m
job-core	Crear JSON	2025-08-20T07:19:07.6364935Z [36;1m  "ref": "refs/heads/H1335-revision-modulo-yamllint",[0m
job-core	Crear JSON	2025-08-20T07:19:07.6366333Z [36;1m  "repository": {[0m
job-core	Crear JSON	2025-08-20T07:19:07.6367954Z [36;1m    "allow_forking": true,[0m
job-core	Crear JSON	2025-08-20T07:19:07.6369727Z [36;1m    "archive_url": "https://api.github.com/repos/Ka0s-Klaus/ka0s/{archive_format}{/ref}",[0m
job-core	Crear JSON	2025-08-20T07:19:07.6371883Z [36;1m    "archived": false,[0m
job-core	Crear JSON	2025-08-20T07:19:07.6373707Z [36;1m    "assignees_url": "https://api.github.com/repos/Ka0s-Klaus/ka0s/assignees{/user}",[0m
job-core	Crear JSON	2025-08-20T07:19:07.6376159Z [36;1m    "blobs_url": "https://api.github.com/repos/Ka0s-Klaus/ka0s/git/blobs{/sha}",[0m
job-core	Crear JSON	2025-08-20T07:19:07.6378452Z [36;1m    "branches_url": "https://api.github.com/repos/Ka0s-Klaus/ka0s/branches{/branch}",[0m
job-core	Crear JSON	2025-08-20T07:19:07.6380491Z [36;1m    "clone_url": "https://github.com/Ka0s-Klaus/ka0s.git",[0m
job-core	Crear JSON	2025-08-20T07:19:07.6382790Z [36;1m    "collaborators_url": "https://api.github.com/repos/Ka0s-Klaus/ka0s/collaborators{/collaborator}",[0m
job-core	Crear JSON	2025-08-20T07:19:07.6386617Z [36;1m    "comments_url": "https://api.github.com/repos/Ka0s-Klaus/ka0s/comments{/number}",[0m
job-core	Crear JSON	2025-08-20T07:19:07.6390582Z [36;1m    "commits_url": "https://api.github.com/repos/Ka0s-Klaus/ka0s/commits{/sha}",[0m
job-core	Crear JSON	2025-08-20T07:19:07.6393578Z [36;1m    "compare_url": "https://api.github.com/repos/Ka0s-Klaus/ka0s/compare/{base}...{head}",[0m
job-core	Crear JSON	2025-08-20T07:19:07.6397067Z [36;1m    "contents_url": "https://api.github.com/repos/Ka0s-Klaus/ka0s/contents/{+path}",[0m
job-core	Crear JSON	2025-08-20T07:19:07.6399638Z [36;1m    "contributors_url": "https://api.github.com/repos/Ka0s-Klaus/ka0s/contributors",[0m
job-core	Crear JSON	2025-08-20T07:19:07.6402043Z [36;1m    "created_at": 1738252206,[0m
job-core	Crear JSON	2025-08-20T07:19:07.6403328Z [36;1m    "custom_properties": {},[0m
job-core	Crear JSON	2025-08-20T07:19:07.6404476Z [36;1m    "default_branch": "main",[0m
job-core	Crear JSON	2025-08-20T07:19:07.6406148Z [36;1m    "deployments_url": "https://api.github.com/repos/Ka0s-Klaus/ka0s/deployments",[0m
job-core	Crear JSON	2025-08-20T07:19:07.6407929Z [36;1m    "description": "Ka0s versión Klaus",[0m
job-core	Crear JSON	2025-08-20T07:19:07.6409158Z [36;1m    "disabled": false,[0m
job-core	Crear JSON	2025-08-20T07:19:07.6410865Z [36;1m    "downloads_url": "https://api.github.com/repos/Ka0s-Klaus/ka0s/downloads",[0m
job-core	Crear JSON	2025-08-20T07:19:07.6413216Z [36;1m    "events_url": "https://api.github.com/repos/Ka0s-Klaus/ka0s/events",[0m
job-core	Crear JSON	2025-08-20T07:19:07.6414771Z [36;1m    "fork": false,[0m
job-core	Crear JSON	2025-08-20T07:19:07.6415778Z [36;1m    "forks": 0,[0m
job-core	Crear JSON	2025-08-20T07:19:07.6416929Z [36;1m    "forks_count": 0,[0m
job-core	Crear JSON	2025-08-20T07:19:07.6418500Z [36;1m    "forks_url": "https://api.github.com/repos/Ka0s-Klaus/ka0s/forks",[0m
job-core	Crear JSON	2025-08-20T07:19:07.6420277Z [36;1m    "full_name": "Ka0s-Klaus/ka0s",[0m
job-core	Crear JSON	2025-08-20T07:19:07.6422225Z [36;1m    "git_commits_url": "https://api.github.com/repos/Ka0s-Klaus/ka0s/git/commits{/sha}",[0m
job-core	Crear JSON	2025-08-20T07:19:07.6424725Z [36;1m    "git_refs_url": "https://api.github.com/repos/Ka0s-Klaus/ka0s/git/refs{/sha}",[0m
job-core	Crear JSON	2025-08-20T07:19:07.6426871Z [36;1m    "git_tags_url": "https://api.github.com/repos/Ka0s-Klaus/ka0s/git/tags{/sha}",[0m
job-core	Crear JSON	2025-08-20T07:19:07.6428709Z [36;1m    "git_url": "git://github.com/Ka0s-Klaus/ka0s.git",[0m
job-core	Crear JSON	2025-08-20T07:19:07.6430082Z [36;1m    "has_discussions": false,[0m
job-core	Crear JSON	2025-08-20T07:19:07.6431273Z [36;1m    "has_downloads": true,[0m
job-core	Crear JSON	2025-08-20T07:19:07.6432382Z [36;1m    "has_issues": true,[0m
job-core	Crear JSON	2025-08-20T07:19:07.6433463Z [36;1m    "has_pages": false,[0m
job-core	Crear JSON	2025-08-20T07:19:07.6434543Z [36;1m    "has_projects": true,[0m
job-core	Crear JSON	2025-08-20T07:19:07.6435646Z [36;1m    "has_wiki": false,[0m
job-core	Crear JSON	2025-08-20T07:19:07.6436708Z [36;1m    "homepage": null,[0m
job-core	Crear JSON	2025-08-20T07:19:07.6438116Z [36;1m    "hooks_url": "https://api.github.com/repos/Ka0s-Klaus/ka0s/hooks",[0m
job-core	Crear JSON	2025-08-20T07:19:07.6439824Z [36;1m    "html_url": "https://github.com/Ka0s-Klaus/ka0s",[0m
job-core	Crear JSON	2025-08-20T07:19:07.6441350Z [36;1m    "id": 924757528,[0m
job-core	Crear JSON	2025-08-20T07:19:07.6442515Z [36;1m    "is_template": false,[0m
job-core	Crear JSON	2025-08-20T07:19:07.6444465Z [36;1m    "issue_comment_url": "https://api.github.com/repos/Ka0s-Klaus/ka0s/issues/comments{/number}",[0m
job-core	Crear JSON	2025-08-20T07:19:07.6447111Z [36;1m    "issue_events_url": "https://api.github.com/repos/Ka0s-Klaus/ka0s/issues/events{/number}",[0m
job-core	Crear JSON	2025-08-20T07:19:07.6449446Z [36;1m    "issues_url": "https://api.github.com/repos/Ka0s-Klaus/ka0s/issues{/number}",[0m
job-core	Crear JSON	2025-08-20T07:19:07.6452162Z [36;1m    "keys_url": "https://api.github.com/repos/Ka0s-Klaus/ka0s/keys{/key_id}",[0m
job-core	Crear JSON	2025-08-20T07:19:07.6454362Z [36;1m    "labels_url": "https://api.github.com/repos/Ka0s-Klaus/ka0s/labels{/name}",[0m
job-core	Crear JSON	2025-08-20T07:19:07.6456037Z [36;1m    "language": "JavaScript",[0m
job-core	Crear JSON	2025-08-20T07:19:07.6457643Z [36;1m    "languages_url": "https://api.github.com/repos/Ka0s-Klaus/ka0s/languages",[0m
job-core	Crear JSON	2025-08-20T07:19:07.6459270Z [36;1m    "license": {[0m
job-core	Crear JSON	2025-08-20T07:19:07.6460268Z [36;1m      "key": "gpl-3.0",[0m
job-core	Crear JSON	2025-08-20T07:19:07.6461782Z [36;1m      "name": "GNU General Public License v3.0",[0m
job-core	Crear JSON	2025-08-20T07:19:07.6463119Z [36;1m      "node_id": "MDc6TGljZW5zZTk=",[0m
job-core	Crear JSON	2025-08-20T07:19:07.6464313Z [36;1m      "spdx_id": "GPL-3.0",[0m
job-core	Crear JSON	2025-08-20T07:19:07.6465619Z [36;1m      "url": "https://api.github.com/licenses/gpl-3.0"[0m
job-core	Crear JSON	2025-08-20T07:19:07.6466926Z [36;1m    },[0m
job-core	Crear JSON	2025-08-20T07:19:07.6467828Z [36;1m    "master_branch": "main",[0m
job-core	Crear JSON	2025-08-20T07:19:07.6469330Z [36;1m    "merges_url": "https://api.github.com/repos/Ka0s-Klaus/ka0s/merges",[0m
job-core	Crear JSON	2025-08-20T07:19:07.6471511Z [36;1m    "milestones_url": "https://api.github.com/repos/Ka0s-Klaus/ka0s/milestones{/number}",[0m
job-core	Crear JSON	2025-08-20T07:19:07.6473424Z [36;1m    "mirror_url": null,[0m
job-core	Crear JSON	2025-08-20T07:19:07.6474474Z [36;1m    "name": "ka0s",[0m
job-core	Crear JSON	2025-08-20T07:19:07.6475490Z [36;1m    "node_id": "R_kgDONx6uGA",[0m
job-core	Crear JSON	2025-08-20T07:19:07.6477576Z [36;1m    "notifications_url": "https://api.github.com/repos/Ka0s-Klaus/ka0s/notifications{?since,all,participating}",[0m
job-core	Crear JSON	2025-08-20T07:19:07.6479653Z [36;1m    "open_issues": 43,[0m
job-core	Crear JSON	2025-08-20T07:19:07.6480725Z [36;1m    "open_issues_count": 43,[0m
job-core	Crear JSON	2025-08-20T07:19:07.6481894Z [36;1m    "organization": "Ka0s-Klaus",[0m
job-core	Crear JSON	2025-08-20T07:19:07.6483170Z [36;1m    "owner": {[0m
job-core	Crear JSON	2025-08-20T07:19:07.6484813Z [36;1m      "avatar_url": "https://avatars.githubusercontent.com/u/197099031?v=4",[0m
job-core	Crear JSON	2025-08-20T07:19:07.6486403Z [36;1m      "email": "support@ka0s.io",[0m
job-core	Crear JSON	2025-08-20T07:19:07.6487973Z [36;1m      "events_url": "https://api.github.com/users/Ka0s-Klaus/events{/privacy}",[0m
job-core	Crear JSON	2025-08-20T07:19:07.6489968Z [36;1m      "followers_url": "https://api.github.com/users/Ka0s-Klaus/followers",[0m
job-core	Crear JSON	2025-08-20T07:19:07.6492122Z [36;1m      "following_url": "https://api.github.com/users/Ka0s-Klaus/following{/other_user}",[0m
job-core	Crear JSON	2025-08-20T07:19:07.6494245Z [36;1m      "gists_url": "https://api.github.com/users/Ka0s-Klaus/gists{/gist_id}",[0m
job-core	Crear JSON	2025-08-20T07:19:07.6495788Z [36;1m      "gravatar_id": "",[0m
job-core	Crear JSON	2025-08-20T07:19:07.6496990Z [36;1m      "html_url": "https://github.com/Ka0s-Klaus",[0m
job-core	Crear JSON	2025-08-20T07:19:07.6498240Z [36;1m      "id": 197099031,[0m
job-core	Crear JSON	2025-08-20T07:19:07.6499266Z [36;1m      "login": "Ka0s-Klaus",[0m
job-core	Crear JSON	2025-08-20T07:19:07.6500350Z [36;1m      "name": "Ka0s-Klaus",[0m
job-core	Crear JSON	2025-08-20T07:19:07.6501552Z [36;1m      "node_id": "O_kgDOC79-Fw",[0m
job-core	Crear JSON	2025-08-20T07:19:07.6503067Z [36;1m      "organizations_url": "https://api.github.com/users/Ka0s-Klaus/orgs",[0m
job-core	Crear JSON	2025-08-20T07:19:07.6505146Z [36;1m      "received_events_url": "https://api.github.com/users/Ka0s-Klaus/received_events",[0m
job-core	Crear JSON	2025-08-20T07:19:07.6507121Z [36;1m      "repos_url": "https://api.github.com/users/Ka0s-Klaus/repos",[0m
job-core	Crear JSON	2025-08-20T07:19:07.6508549Z [36;1m      "site_admin": false,[0m
job-core	Crear JSON	2025-08-20T07:19:07.6510126Z [36;1m      "starred_url": "https://api.github.com/users/Ka0s-Klaus/starred{/owner}{/repo}",[0m
job-core	Crear JSON	2025-08-20T07:19:07.6512310Z [36;1m      "subscriptions_url": "https://api.github.com/users/Ka0s-Klaus/subscriptions",[0m
job-core	Crear JSON	2025-08-20T07:19:07.6514117Z [36;1m      "type": "Organization",[0m
job-core	Crear JSON	2025-08-20T07:19:07.6515503Z [36;1m      "url": "https://api.github.com/users/Ka0s-Klaus",[0m
job-core	Crear JSON	2025-08-20T07:19:07.6516815Z [36;1m      "user_view_type": "public"[0m
job-core	Crear JSON	2025-08-20T07:19:07.6517888Z [36;1m    },[0m
job-core	Crear JSON	2025-08-20T07:19:07.6518724Z [36;1m    "private": false,[0m
job-core	Crear JSON	2025-08-20T07:19:07.6520169Z [36;1m    "pulls_url": "https://api.github.com/repos/Ka0s-Klaus/ka0s/pulls{/number}",[0m
job-core	Crear JSON	2025-08-20T07:19:07.6521765Z [36;1m    "pushed_at": 1755674338,[0m
job-core	Crear JSON	2025-08-20T07:19:07.6523275Z [36;1m    "releases_url": "https://api.github.com/repos/Ka0s-Klaus/ka0s/releases{/id}",[0m
job-core	Crear JSON	2025-08-20T07:19:07.6524977Z [36;1m    "size": 58728,[0m
job-core	Crear JSON	2025-08-20T07:19:07.6526216Z [36;1m    "ssh_url": "git@github.com:Ka0s-Klaus/ka0s.git",[0m
job-core	Crear JSON	2025-08-20T07:19:07.6527432Z [36;1m    "stargazers": 0,[0m
job-core	Crear JSON	2025-08-20T07:19:07.6528424Z [36;1m    "stargazers_count": 0,[0m
job-core	Crear JSON	2025-08-20T07:19:07.6529938Z [36;1m    "stargazers_url": "https://api.github.com/repos/Ka0s-Klaus/ka0s/stargazers",[0m
job-core	Crear JSON	2025-08-20T07:19:07.6532047Z [36;1m    "statuses_url": "https://api.github.com/repos/Ka0s-Klaus/ka0s/statuses/{sha}",[0m
job-core	Crear JSON	2025-08-20T07:19:07.6534124Z [36;1m    "subscribers_url": "https://api.github.com/repos/Ka0s-Klaus/ka0s/subscribers",[0m
job-core	Crear JSON	2025-08-20T07:19:07.6536520Z [36;1m    "subscription_url": "https://api.github.com/repos/Ka0s-Klaus/ka0s/subscription",[0m
job-core	Crear JSON	2025-08-20T07:19:07.6538308Z [36;1m    "svn_url": "https://github.com/Ka0s-Klaus/ka0s",[0m
job-core	Crear JSON	2025-08-20T07:19:07.6539868Z [36;1m    "tags_url": "https://api.github.com/repos/Ka0s-Klaus/ka0s/tags",[0m
job-core	Crear JSON	2025-08-20T07:19:07.6542222Z [36;1m    "teams_url": "https://api.github.com/repos/Ka0s-Klaus/ka0s/teams",[0m
job-core	Crear JSON	2025-08-20T07:19:07.6543779Z [36;1m    "topics": [],[0m
job-core	Crear JSON	2025-08-20T07:19:07.6545315Z [36;1m    "trees_url": "https://api.github.com/repos/Ka0s-Klaus/ka0s/git/trees{/sha}",[0m
job-core	Crear JSON	2025-08-20T07:19:07.6547058Z [36;1m    "updated_at": "2025-08-20T07:18:00Z",[0m
job-core	Crear JSON	2025-08-20T07:19:07.6548432Z [36;1m    "url": "https://api.github.com/repos/Ka0s-Klaus/ka0s",[0m
job-core	Crear JSON	2025-08-20T07:19:07.6549753Z [36;1m    "visibility": "public",[0m
job-core	Crear JSON	2025-08-20T07:19:07.6550793Z [36;1m    "watchers": 0,[0m
job-core	Crear JSON	2025-08-20T07:19:07.6551800Z [36;1m    "watchers_count": 0,[0m
job-core	Crear JSON	2025-08-20T07:19:07.6553047Z [36;1m    "web_commit_signoff_required": false[0m
job-core	Crear JSON	2025-08-20T07:19:07.6554152Z [36;1m  },[0m
job-core	Crear JSON	2025-08-20T07:19:07.6554960Z [36;1m  "sender": {[0m
job-core	Crear JSON	2025-08-20T07:19:07.6556485Z [36;1m    "avatar_url": "https://avatars.githubusercontent.com/u/73332898?v=4",[0m
job-core	Crear JSON	2025-08-20T07:19:07.6558553Z [36;1m    "events_url": "https://api.github.com/users/santakloud/events{/privacy}",[0m
job-core	Crear JSON	2025-08-20T07:19:07.6560502Z [36;1m    "followers_url": "https://api.github.com/users/santakloud/followers",[0m
job-core	Crear JSON	2025-08-20T07:19:07.6562597Z [36;1m    "following_url": "https://api.github.com/users/santakloud/following{/other_user}",[0m
job-core	Crear JSON	2025-08-20T07:19:07.6564641Z [36;1m    "gists_url": "https://api.github.com/users/santakloud/gists{/gist_id}",[0m
job-core	Crear JSON	2025-08-20T07:19:07.6566166Z [36;1m    "gravatar_id": "",[0m
job-core	Crear JSON	2025-08-20T07:19:07.6567326Z [36;1m    "html_url": "https://github.com/santakloud",[0m
job-core	Crear JSON	2025-08-20T07:19:07.6568543Z [36;1m    "id": 73332898,[0m
job-core	Crear JSON	2025-08-20T07:19:07.6569529Z [36;1m    "login": "santakloud",[0m
job-core	Crear JSON	2025-08-20T07:19:07.6570664Z [36;1m    "node_id": "MDQ6VXNlcjczMzMyODk4",[0m
job-core	Crear JSON	2025-08-20T07:19:07.6572248Z [36;1m    "organizations_url": "https://api.github.com/users/santakloud/orgs",[0m
job-core	Crear JSON	2025-08-20T07:19:07.6574565Z [36;1m    "received_events_url": "https://api.github.com/users/santakloud/received_events",[0m
job-core	Crear JSON	2025-08-20T07:19:07.6576628Z [36;1m    "repos_url": "https://api.github.com/users/santakloud/repos",[0m
job-core	Crear JSON	2025-08-20T07:19:07.6578170Z [36;1m    "site_admin": false,[0m
job-core	Crear JSON	2025-08-20T07:19:07.6579700Z [36;1m    "starred_url": "https://api.github.com/users/santakloud/starred{/owner}{/repo}",[0m
job-core	Crear JSON	2025-08-20T07:19:07.6581823Z [36;1m    "subscriptions_url": "https://api.github.com/users/santakloud/subscriptions",[0m
job-core	Crear JSON	2025-08-20T07:19:07.6583434Z [36;1m    "type": "User",[0m
job-core	Crear JSON	2025-08-20T07:19:07.6584586Z [36;1m    "url": "https://api.github.com/users/santakloud",[0m
job-core	Crear JSON	2025-08-20T07:19:07.6585880Z [36;1m    "user_view_type": "public"[0m
job-core	Crear JSON	2025-08-20T07:19:07.6586927Z [36;1m  }[0m
job-core	Crear JSON	2025-08-20T07:19:07.6588342Z [36;1m}' | jq -c 'walk(if type == "number" then tostring | sub("^0+"; "") else . end)' > audit/kaos/17091437244.json[0m
job-core	Crear JSON	2025-08-20T07:19:07.6597158Z shell: /usr/bin/bash -e {0}
job-core	Crear JSON	2025-08-20T07:19:07.6598122Z env:
job-core	Crear JSON	2025-08-20T07:19:07.6598902Z   KAOS_CODE: 17091437244
job-core	Crear JSON	2025-08-20T07:19:07.6599822Z   KAOS_EVENT_NAME: push
job-core	Crear JSON	2025-08-20T07:19:07.6600714Z   KAOS_ACTION: 
job-core	Crear JSON	2025-08-20T07:19:07.6601764Z   KAOS_REF: refs/heads/H1335-revision-modulo-yamllint
job-core	Crear JSON	2025-08-20T07:19:07.6602985Z   KAOS_MODULE: [Ka0S] Kaos
job-core	Crear JSON	2025-08-20T07:19:07.6603946Z   KAOS_PATH_RESUME: audit/kaos/
job-core	Crear JSON	2025-08-20T07:19:07.6604931Z   KAOS_ACTOR: santakloud
job-core	Crear JSON	2025-08-20T07:19:07.6605840Z   GITHUB_OUTPUT: 
job-core	Crear JSON	2025-08-20T07:19:07.6606665Z ##[endgroup]
job-core	Files in Commit	﻿2025-08-20T07:19:07.6771703Z ##[group]Run # Stored files implicated in the commit
job-core	Files in Commit	2025-08-20T07:19:07.6773085Z [36;1m# Stored files implicated in the commit[0m
job-core	Files in Commit	2025-08-20T07:19:07.6775645Z [36;1mgit diff --name-only 14c19456963d9f341c1f5eb55f146d112bd19a85 0753fe6b9d149abd0c5c03e89a1a5d822117a321 > audit/kaos/17091437244-files-in-commit.txt[0m
job-core	Files in Commit	2025-08-20T07:19:07.6784938Z shell: /usr/bin/bash -e {0}
job-core	Files in Commit	2025-08-20T07:19:07.6785872Z env:
job-core	Files in Commit	2025-08-20T07:19:07.6786644Z   KAOS_CODE: 17091437244
job-core	Files in Commit	2025-08-20T07:19:07.6787566Z   KAOS_EVENT_NAME: push
job-core	Files in Commit	2025-08-20T07:19:07.6788447Z   KAOS_ACTION: 
job-core	Files in Commit	2025-08-20T07:19:07.6789415Z   KAOS_REF: refs/heads/H1335-revision-modulo-yamllint
job-core	Files in Commit	2025-08-20T07:19:07.6790619Z   KAOS_MODULE: [Ka0S] Kaos
job-core	Files in Commit	2025-08-20T07:19:07.6792051Z   KAOS_PATH_RESUME: audit/kaos/
job-core	Files in Commit	2025-08-20T07:19:07.6793157Z   KAOS_ACTOR: santakloud
job-core	Files in Commit	2025-08-20T07:19:07.6794068Z   GITHUB_OUTPUT: 
job-core	Files in Commit	2025-08-20T07:19:07.6794888Z ##[endgroup]
job-core	Upload Files	﻿2025-08-20T07:19:07.6917833Z ##[group]Run echo "Downloading files to the repository..."
job-core	Upload Files	2025-08-20T07:19:07.6919369Z [36;1mecho "Downloading files to the repository..."[0m
job-core	Upload Files	2025-08-20T07:19:07.6921292Z [36;1mgit config --global user.name "***"[0m
job-core	Upload Files	2025-08-20T07:19:07.6922747Z [36;1mgit config --global user.email "***"[0m
job-core	Upload Files	2025-08-20T07:19:07.6923856Z [36;1mgit pull[0m
job-core	Upload Files	2025-08-20T07:19:07.6925082Z [36;1mecho "Uploading files to the repository..."[0m
job-core	Upload Files	2025-08-20T07:19:07.6926301Z [36;1mgit add audit/kaos/*[0m
job-core	Upload Files	2025-08-20T07:19:07.6927732Z [36;1mgit commit -m "[Ka0S] Uploading resume execution files to the repository..."[0m
job-core	Upload Files	2025-08-20T07:19:07.6929573Z [36;1mgit push origin refs/heads/H1335-revision-modulo-yamllint [0m
job-core	Upload Files	2025-08-20T07:19:07.6946339Z shell: /usr/bin/bash -e {0}
job-core	Upload Files	2025-08-20T07:19:07.6947309Z env:
job-core	Upload Files	2025-08-20T07:19:07.6948090Z   KAOS_CODE: 17091437244
job-core	Upload Files	2025-08-20T07:19:07.6949008Z   KAOS_EVENT_NAME: push
job-core	Upload Files	2025-08-20T07:19:07.6949904Z   KAOS_ACTION: 
job-core	Upload Files	2025-08-20T07:19:07.6950885Z   KAOS_REF: refs/heads/H1335-revision-modulo-yamllint
job-core	Upload Files	2025-08-20T07:19:07.6952776Z   KAOS_MODULE: [Ka0S] Kaos
job-core	Upload Files	2025-08-20T07:19:07.6953748Z   KAOS_PATH_RESUME: audit/kaos/
job-core	Upload Files	2025-08-20T07:19:07.6954731Z   KAOS_ACTOR: santakloud
job-core	Upload Files	2025-08-20T07:19:07.6955639Z   GITHUB_OUTPUT: 
job-core	Upload Files	2025-08-20T07:19:07.6956466Z ##[endgroup]
job-core	Upload Files	2025-08-20T07:19:07.6994218Z Downloading files to the repository...
job-core	Upload Files	2025-08-20T07:19:08.2695892Z Already up to date.
job-core	Upload Files	2025-08-20T07:19:08.2699040Z Uploading files to the repository...
job-core	Upload Files	2025-08-20T07:19:08.3022229Z [H1335-revision-modulo-yamllint a89deb18] [Ka0S] Uploading resume execution files to the repository...
job-core	Upload Files	2025-08-20T07:19:08.3027832Z  2 files changed, 2 insertions(+)
job-core	Upload Files	2025-08-20T07:19:08.3028249Z  create mode 100644 audit/kaos/17091437244-files-in-commit.txt
job-core	Upload Files	2025-08-20T07:19:08.3028650Z  create mode 100644 audit/kaos/17091437244.json
job-core	Upload Files	2025-08-20T07:19:09.3236540Z To https://github.com/Ka0s-Klaus/ka0s
job-core	Upload Files	2025-08-20T07:19:09.3242502Z    0753fe6b..a89deb18  H1335-revision-modulo-yamllint -> H1335-revision-modulo-yamllint
job-core	Run git diff --name-only 14c19456963d9f341c1f5eb55f146d112bd19a85 0753fe6b9d149abd0c5c03e89a1a5d822117a321 > files-in-commit.txt	﻿2025-08-20T07:19:09.3635507Z ##[group]Run git diff --name-only 14c19456963d9f341c1f5eb55f146d112bd19a85 0753fe6b9d149abd0c5c03e89a1a5d822117a321 > files-in-commit.txt
job-core	Run git diff --name-only 14c19456963d9f341c1f5eb55f146d112bd19a85 0753fe6b9d149abd0c5c03e89a1a5d822117a321 > files-in-commit.txt	2025-08-20T07:19:09.3640444Z [36;1mgit diff --name-only 14c19456963d9f341c1f5eb55f146d112bd19a85 0753fe6b9d149abd0c5c03e89a1a5d822117a321 > files-in-commit.txt[0m
job-core	Run git diff --name-only 14c19456963d9f341c1f5eb55f146d112bd19a85 0753fe6b9d149abd0c5c03e89a1a5d822117a321 > files-in-commit.txt	2025-08-20T07:19:09.3643552Z [36;1mcat files-in-commit.txt[0m
job-core	Run git diff --name-only 14c19456963d9f341c1f5eb55f146d112bd19a85 0753fe6b9d149abd0c5c03e89a1a5d822117a321 > files-in-commit.txt	2025-08-20T07:19:09.3645047Z [36;1m# Nuevo proceso de activacion de los modulos[0m
job-core	Run git diff --name-only 14c19456963d9f341c1f5eb55f146d112bd19a85 0753fe6b9d149abd0c5c03e89a1a5d822117a321 > files-in-commit.txt	2025-08-20T07:19:09.3646534Z [36;1mwhile IFS= read -r line; do[0m
job-core	Run git diff --name-only 14c19456963d9f341c1f5eb55f146d112bd19a85 0753fe6b9d149abd0c5c03e89a1a5d822117a321 > files-in-commit.txt	2025-08-20T07:19:09.3647974Z [36;1m  # Skip files in core/outputs directory[0m
job-core	Run git diff --name-only 14c19456963d9f341c1f5eb55f146d112bd19a85 0753fe6b9d149abd0c5c03e89a1a5d822117a321 > files-in-commit.txt	2025-08-20T07:19:09.3649745Z [36;1m  if [[ "$line" == core/outputs/* || "$line" == core/results/* ]]; then[0m
job-core	Run git diff --name-only 14c19456963d9f341c1f5eb55f146d112bd19a85 0753fe6b9d149abd0c5c03e89a1a5d822117a321 > files-in-commit.txt	2025-08-20T07:19:09.3652062Z [36;1m    echo "Skipping file in outputs directory: $line"[0m
job-core	Run git diff --name-only 14c19456963d9f341c1f5eb55f146d112bd19a85 0753fe6b9d149abd0c5c03e89a1a5d822117a321 > files-in-commit.txt	2025-08-20T07:19:09.3653567Z [36;1m    continue[0m
job-core	Run git diff --name-only 14c19456963d9f341c1f5eb55f146d112bd19a85 0753fe6b9d149abd0c5c03e89a1a5d822117a321 > files-in-commit.txt	2025-08-20T07:19:09.3654526Z [36;1m  fi[0m
job-core	Run git diff --name-only 14c19456963d9f341c1f5eb55f146d112bd19a85 0753fe6b9d149abd0c5c03e89a1a5d822117a321 > files-in-commit.txt	2025-08-20T07:19:09.3656093Z [36;1m  echo "I Leemos el fichero files-in-commit.txt y extraemos el fichero $line"[0m
job-core	Run git diff --name-only 14c19456963d9f341c1f5eb55f146d112bd19a85 0753fe6b9d149abd0c5c03e89a1a5d822117a321 > files-in-commit.txt	2025-08-20T07:19:09.3658138Z [36;1m  module_failed=0[0m
job-core	Run git diff --name-only 14c19456963d9f341c1f5eb55f146d112bd19a85 0753fe6b9d149abd0c5c03e89a1a5d822117a321 > files-in-commit.txt	2025-08-20T07:19:09.3659263Z [36;1m  extension_failed=0[0m
job-core	Run git diff --name-only 14c19456963d9f341c1f5eb55f146d112bd19a85 0753fe6b9d149abd0c5c03e89a1a5d822117a321 > files-in-commit.txt	2025-08-20T07:19:09.3660457Z [36;1m  file_name=$(basename "$line")[0m
job-core	Run git diff --name-only 14c19456963d9f341c1f5eb55f146d112bd19a85 0753fe6b9d149abd0c5c03e89a1a5d822117a321 > files-in-commit.txt	2025-08-20T07:19:09.3662206Z [36;1m  echo "I-1 Calculamos el nombre del fichero $file_name"[0m
job-core	Run git diff --name-only 14c19456963d9f341c1f5eb55f146d112bd19a85 0753fe6b9d149abd0c5c03e89a1a5d822117a321 > files-in-commit.txt	2025-08-20T07:19:09.3663879Z [36;1m  file_extension="${file_name##*.}"[0m
job-core	Run git diff --name-only 14c19456963d9f341c1f5eb55f146d112bd19a85 0753fe6b9d149abd0c5c03e89a1a5d822117a321 > files-in-commit.txt	2025-08-20T07:19:09.3665648Z [36;1m  echo "I-2 Calculamos la extension del fichero $file_extension"[0m
job-core	Run git diff --name-only 14c19456963d9f341c1f5eb55f146d112bd19a85 0753fe6b9d149abd0c5c03e89a1a5d822117a321 > files-in-commit.txt	2025-08-20T07:19:09.3667480Z [36;1m  file_module="$file_extension""lint.yml"[0m
job-core	Run git diff --name-only 14c19456963d9f341c1f5eb55f146d112bd19a85 0753fe6b9d149abd0c5c03e89a1a5d822117a321 > files-in-commit.txt	2025-08-20T07:19:09.3669051Z [36;1m  echo "I-3 Calculamos el modulo $file_module"[0m
job-core	Run git diff --name-only 14c19456963d9f341c1f5eb55f146d112bd19a85 0753fe6b9d149abd0c5c03e89a1a5d822117a321 > files-in-commit.txt	2025-08-20T07:19:09.3670631Z [36;1m  IFS=',' read -r -a file_array <<< "$files"[0m
job-core	Run git diff --name-only 14c19456963d9f341c1f5eb55f146d112bd19a85 0753fe6b9d149abd0c5c03e89a1a5d822117a321 > files-in-commit.txt	2025-08-20T07:19:09.3672225Z [36;1m  for file in "${file_array[@]}"; do[0m
job-core	Run git diff --name-only 14c19456963d9f341c1f5eb55f146d112bd19a85 0753fe6b9d149abd0c5c03e89a1a5d822117a321 > files-in-commit.txt	2025-08-20T07:19:09.3673642Z [36;1m    echo "II Leemos el array de $file"[0m
job-core	Run git diff --name-only 14c19456963d9f341c1f5eb55f146d112bd19a85 0753fe6b9d149abd0c5c03e89a1a5d822117a321 > files-in-commit.txt	2025-08-20T07:19:09.3675121Z [36;1m    if [[ "$file_extension" == "$file" ]]; then[0m
job-core	Run git diff --name-only 14c19456963d9f341c1f5eb55f146d112bd19a85 0753fe6b9d149abd0c5c03e89a1a5d822117a321 > files-in-commit.txt	2025-08-20T07:19:09.3676895Z [36;1m      echo "III Comprobamos si $file_extension es igual a $file"[0m
job-core	Run git diff --name-only 14c19456963d9f341c1f5eb55f146d112bd19a85 0753fe6b9d149abd0c5c03e89a1a5d822117a321 > files-in-commit.txt	2025-08-20T07:19:09.3678804Z [36;1m      IFS=',' read -r -a module_array <<< "$modules"[0m
job-core	Run git diff --name-only 14c19456963d9f341c1f5eb55f146d112bd19a85 0753fe6b9d149abd0c5c03e89a1a5d822117a321 > files-in-commit.txt	2025-08-20T07:19:09.3680371Z [36;1m      for module in "${module_array[@]}"; do[0m
job-core	Run git diff --name-only 14c19456963d9f341c1f5eb55f146d112bd19a85 0753fe6b9d149abd0c5c03e89a1a5d822117a321 > files-in-commit.txt	2025-08-20T07:19:09.3681965Z [36;1m        echo "IV Leemos el array $module"[0m
job-core	Run git diff --name-only 14c19456963d9f341c1f5eb55f146d112bd19a85 0753fe6b9d149abd0c5c03e89a1a5d822117a321 > files-in-commit.txt	2025-08-20T07:19:09.3683473Z [36;1m        if [[ "$file_module" == *"$module"* ]]; then[0m
job-core	Run git diff --name-only 14c19456963d9f341c1f5eb55f146d112bd19a85 0753fe6b9d149abd0c5c03e89a1a5d822117a321 > files-in-commit.txt	2025-08-20T07:19:09.3686253Z [36;1m          echo "V Comprobamos que el $file_module es igual a $module y ejecutamos el flujo"[0m
job-core	Run git diff --name-only 14c19456963d9f341c1f5eb55f146d112bd19a85 0753fe6b9d149abd0c5c03e89a1a5d822117a321 > files-in-commit.txt	2025-08-20T07:19:09.3688500Z [36;1m          # Si hemos llegado hasta aquí ejecutamos el módulo[0m
job-core	Run git diff --name-only 14c19456963d9f341c1f5eb55f146d112bd19a85 0753fe6b9d149abd0c5c03e89a1a5d822117a321 > files-in-commit.txt	2025-08-20T07:19:09.3690122Z [36;1m          # Lanzamos el lint del fichero[0m
job-core	Run git diff --name-only 14c19456963d9f341c1f5eb55f146d112bd19a85 0753fe6b9d149abd0c5c03e89a1a5d822117a321 > files-in-commit.txt	2025-08-20T07:19:09.3692408Z [36;1m          RNNUMBER=$(echo "refs/heads/H1335-revision-modulo-yamllint" | grep -o '[0-9]*')[0m
job-core	Run git diff --name-only 14c19456963d9f341c1f5eb55f146d112bd19a85 0753fe6b9d149abd0c5c03e89a1a5d822117a321 > files-in-commit.txt	2025-08-20T07:19:09.3694613Z [36;1m          echo "El numero de la issue es: $RNNUMBER"[0m
job-core	Run git diff --name-only 14c19456963d9f341c1f5eb55f146d112bd19a85 0753fe6b9d149abd0c5c03e89a1a5d822117a321 > files-in-commit.txt	2025-08-20T07:19:09.3698384Z [36;1m          gh workflow run $file_module --ref refs/heads/H1335-revision-modulo-yamllint -f kaos-origin=17091437244 -f kaos-files=$line -f kaos-issue-id=$RNNUMBER -f kaos-user-start=santakloud[0m
job-core	Run git diff --name-only 14c19456963d9f341c1f5eb55f146d112bd19a85 0753fe6b9d149abd0c5c03e89a1a5d822117a321 > files-in-commit.txt	2025-08-20T07:19:09.3701410Z [36;1m          module_failed=0[0m
job-core	Run git diff --name-only 14c19456963d9f341c1f5eb55f146d112bd19a85 0753fe6b9d149abd0c5c03e89a1a5d822117a321 > files-in-commit.txt	2025-08-20T07:19:09.3702235Z [36;1m          extension_failed=0[0m
job-core	Run git diff --name-only 14c19456963d9f341c1f5eb55f146d112bd19a85 0753fe6b9d149abd0c5c03e89a1a5d822117a321 > files-in-commit.txt	2025-08-20T07:19:09.3703042Z [36;1m          break[0m
job-core	Run git diff --name-only 14c19456963d9f341c1f5eb55f146d112bd19a85 0753fe6b9d149abd0c5c03e89a1a5d822117a321 > files-in-commit.txt	2025-08-20T07:19:09.3703746Z [36;1m        else[0m
job-core	Run git diff --name-only 14c19456963d9f341c1f5eb55f146d112bd19a85 0753fe6b9d149abd0c5c03e89a1a5d822117a321 > files-in-commit.txt	2025-08-20T07:19:09.3704624Z [36;1m          # Control de si existe el modulo para esa extension"[0m
job-core	Run git diff --name-only 14c19456963d9f341c1f5eb55f146d112bd19a85 0753fe6b9d149abd0c5c03e89a1a5d822117a321 > files-in-commit.txt	2025-08-20T07:19:09.3706191Z [36;1m          echo "VI No es igual $file_module a $module y lo indicamos en la variable module_failed=1"[0m
job-core	Run git diff --name-only 14c19456963d9f341c1f5eb55f146d112bd19a85 0753fe6b9d149abd0c5c03e89a1a5d822117a321 > files-in-commit.txt	2025-08-20T07:19:09.3707541Z [36;1m          module_failed=1[0m
job-core	Run git diff --name-only 14c19456963d9f341c1f5eb55f146d112bd19a85 0753fe6b9d149abd0c5c03e89a1a5d822117a321 > files-in-commit.txt	2025-08-20T07:19:09.3708305Z [36;1m        fi[0m
job-core	Run git diff --name-only 14c19456963d9f341c1f5eb55f146d112bd19a85 0753fe6b9d149abd0c5c03e89a1a5d822117a321 > files-in-commit.txt	2025-08-20T07:19:09.3708934Z [36;1m      done[0m
job-core	Run git diff --name-only 14c19456963d9f341c1f5eb55f146d112bd19a85 0753fe6b9d149abd0c5c03e89a1a5d822117a321 > files-in-commit.txt	2025-08-20T07:19:09.3709554Z [36;1m      break[0m
job-core	Run git diff --name-only 14c19456963d9f341c1f5eb55f146d112bd19a85 0753fe6b9d149abd0c5c03e89a1a5d822117a321 > files-in-commit.txt	2025-08-20T07:19:09.3710187Z [36;1m    else[0m
job-core	Run git diff --name-only 14c19456963d9f341c1f5eb55f146d112bd19a85 0753fe6b9d149abd0c5c03e89a1a5d822117a321 > files-in-commit.txt	2025-08-20T07:19:09.3711101Z [36;1m      # Control de si existe el modulo para esa extension"[0m
job-core	Run git diff --name-only 14c19456963d9f341c1f5eb55f146d112bd19a85 0753fe6b9d149abd0c5c03e89a1a5d822117a321 > files-in-commit.txt	2025-08-20T07:19:09.3713232Z [36;1m      echo "VII No es igual $file_extension a $file y lo indicamos en la variable extension_failed=1"[0m
job-core	Run git diff --name-only 14c19456963d9f341c1f5eb55f146d112bd19a85 0753fe6b9d149abd0c5c03e89a1a5d822117a321 > files-in-commit.txt	2025-08-20T07:19:09.3714629Z [36;1m      extension_failed=1[0m
job-core	Run git diff --name-only 14c19456963d9f341c1f5eb55f146d112bd19a85 0753fe6b9d149abd0c5c03e89a1a5d822117a321 > files-in-commit.txt	2025-08-20T07:19:09.3715394Z [36;1m    fi  [0m
job-core	Run git diff --name-only 14c19456963d9f341c1f5eb55f146d112bd19a85 0753fe6b9d149abd0c5c03e89a1a5d822117a321 > files-in-commit.txt	2025-08-20T07:19:09.3716007Z [36;1m  done[0m
job-core	Run git diff --name-only 14c19456963d9f341c1f5eb55f146d112bd19a85 0753fe6b9d149abd0c5c03e89a1a5d822117a321 > files-in-commit.txt	2025-08-20T07:19:09.3716686Z [36;1m  if [[ $module_failed == 1 ]]; then[0m
job-core	Run git diff --name-only 14c19456963d9f341c1f5eb55f146d112bd19a85 0753fe6b9d149abd0c5c03e89a1a5d822117a321 > files-in-commit.txt	2025-08-20T07:19:09.3718027Z [36;1m    echo "IX Si el modulo falla ($module_failed) añadimos el comentario a la issue"[0m
job-core	Run git diff --name-only 14c19456963d9f341c1f5eb55f146d112bd19a85 0753fe6b9d149abd0c5c03e89a1a5d822117a321 > files-in-commit.txt	2025-08-20T07:19:09.3720355Z [36;1m    # Si hemos llegado hasta aquí añadimos el mensaje de que la extension esta permitida pero no dispone de modulo activo y aqui finaliza el proceso[0m
job-core	Run git diff --name-only 14c19456963d9f341c1f5eb55f146d112bd19a85 0753fe6b9d149abd0c5c03e89a1a5d822117a321 > files-in-commit.txt	2025-08-20T07:19:09.3722651Z [36;1m    # Añadimos los valores a las variables de la issue[0m
job-core	Run git diff --name-only 14c19456963d9f341c1f5eb55f146d112bd19a85 0753fe6b9d149abd0c5c03e89a1a5d822117a321 > files-in-commit.txt	2025-08-20T07:19:09.3725432Z [36;1m    KAOS_ISSUE_BODY="[Ka0S] Kaos ha detectado que la extensión ($file_extension) esta permitida dentro de KAOS_CORE_FILES, pero el módulo asociado ($file_module) no esta activo. Por favor compruebe que exista y esta activo."[0m
job-core	Run git diff --name-only 14c19456963d9f341c1f5eb55f146d112bd19a85 0753fe6b9d149abd0c5c03e89a1a5d822117a321 > files-in-commit.txt	2025-08-20T07:19:09.3728159Z [36;1m    # Añadimos el comentario a la issue[0m
job-core	Run git diff --name-only 14c19456963d9f341c1f5eb55f146d112bd19a85 0753fe6b9d149abd0c5c03e89a1a5d822117a321 > files-in-commit.txt	2025-08-20T07:19:09.3729569Z [36;1m    RNNUMBER=$(echo "refs/heads/H1335-revision-modulo-yamllint" | grep -o '[0-9]*')[0m
job-core	Run git diff --name-only 14c19456963d9f341c1f5eb55f146d112bd19a85 0753fe6b9d149abd0c5c03e89a1a5d822117a321 > files-in-commit.txt	2025-08-20T07:19:09.3731228Z [36;1m    gh issue comment $RNNUMBER --body "$KAOS_ISSUE_BODY"[0m
job-core	Run git diff --name-only 14c19456963d9f341c1f5eb55f146d112bd19a85 0753fe6b9d149abd0c5c03e89a1a5d822117a321 > files-in-commit.txt	2025-08-20T07:19:09.3732264Z [36;1m  fi[0m
job-core	Run git diff --name-only 14c19456963d9f341c1f5eb55f146d112bd19a85 0753fe6b9d149abd0c5c03e89a1a5d822117a321 > files-in-commit.txt	2025-08-20T07:19:09.3732982Z [36;1m  if [[ $extension_failed == 1 ]]; then[0m
job-core	Run git diff --name-only 14c19456963d9f341c1f5eb55f146d112bd19a85 0753fe6b9d149abd0c5c03e89a1a5d822117a321 > files-in-commit.txt	2025-08-20T07:19:09.3734397Z [36;1m    echo "X Si extension falla falla ($extension_failed) añadimos el comentario a la issue"[0m
job-core	Run git diff --name-only 14c19456963d9f341c1f5eb55f146d112bd19a85 0753fe6b9d149abd0c5c03e89a1a5d822117a321 > files-in-commit.txt	2025-08-20T07:19:09.3736259Z [36;1m    # Si hemos llegado hasta aquí añadimos el mensaje de que la extension no esta permitida[0m
job-core	Run git diff --name-only 14c19456963d9f341c1f5eb55f146d112bd19a85 0753fe6b9d149abd0c5c03e89a1a5d822117a321 > files-in-commit.txt	2025-08-20T07:19:09.3737767Z [36;1m    # Añadimos los valores a las variables de la issue[0m
job-core	Run git diff --name-only 14c19456963d9f341c1f5eb55f146d112bd19a85 0753fe6b9d149abd0c5c03e89a1a5d822117a321 > files-in-commit.txt	2025-08-20T07:19:09.3740028Z [36;1m    KAOS_ISSUE_BODY="[Ka0S] Kaos ha detectado que la extensión ($file_extension) NO esta permitida dentro de KAOS_CORE_FILES. Por favor compruebe que exista y esta activo."[0m
job-core	Run git diff --name-only 14c19456963d9f341c1f5eb55f146d112bd19a85 0753fe6b9d149abd0c5c03e89a1a5d822117a321 > files-in-commit.txt	2025-08-20T07:19:09.3742329Z [36;1m    # Añadimos el comentario a la issue[0m
job-core	Run git diff --name-only 14c19456963d9f341c1f5eb55f146d112bd19a85 0753fe6b9d149abd0c5c03e89a1a5d822117a321 > files-in-commit.txt	2025-08-20T07:19:09.3743725Z [36;1m    RNNUMBER=$(echo "refs/heads/H1335-revision-modulo-yamllint" | grep -o '[0-9]*')[0m
job-core	Run git diff --name-only 14c19456963d9f341c1f5eb55f146d112bd19a85 0753fe6b9d149abd0c5c03e89a1a5d822117a321 > files-in-commit.txt	2025-08-20T07:19:09.3745260Z [36;1m    gh issue comment $RNNUMBER --body "$KAOS_ISSUE_BODY"[0m
job-core	Run git diff --name-only 14c19456963d9f341c1f5eb55f146d112bd19a85 0753fe6b9d149abd0c5c03e89a1a5d822117a321 > files-in-commit.txt	2025-08-20T07:19:09.3746263Z [36;1m  fi  [0m
job-core	Run git diff --name-only 14c19456963d9f341c1f5eb55f146d112bd19a85 0753fe6b9d149abd0c5c03e89a1a5d822117a321 > files-in-commit.txt	2025-08-20T07:19:09.3747339Z [36;1mdone < files-in-commit.txt      [0m
job-core	Run git diff --name-only 14c19456963d9f341c1f5eb55f146d112bd19a85 0753fe6b9d149abd0c5c03e89a1a5d822117a321 > files-in-commit.txt	2025-08-20T07:19:09.3761422Z shell: /usr/bin/bash -e {0}
job-core	Run git diff --name-only 14c19456963d9f341c1f5eb55f146d112bd19a85 0753fe6b9d149abd0c5c03e89a1a5d822117a321 > files-in-commit.txt	2025-08-20T07:19:09.3761994Z env:
job-core	Run git diff --name-only 14c19456963d9f341c1f5eb55f146d112bd19a85 0753fe6b9d149abd0c5c03e89a1a5d822117a321 > files-in-commit.txt	2025-08-20T07:19:09.3762439Z   KAOS_CODE: 17091437244
job-core	Run git diff --name-only 14c19456963d9f341c1f5eb55f146d112bd19a85 0753fe6b9d149abd0c5c03e89a1a5d822117a321 > files-in-commit.txt	2025-08-20T07:19:09.3762984Z   KAOS_EVENT_NAME: push
job-core	Run git diff --name-only 14c19456963d9f341c1f5eb55f146d112bd19a85 0753fe6b9d149abd0c5c03e89a1a5d822117a321 > files-in-commit.txt	2025-08-20T07:19:09.3763490Z   KAOS_ACTION: 
job-core	Run git diff --name-only 14c19456963d9f341c1f5eb55f146d112bd19a85 0753fe6b9d149abd0c5c03e89a1a5d822117a321 > files-in-commit.txt	2025-08-20T07:19:09.3764083Z   KAOS_REF: refs/heads/H1335-revision-modulo-yamllint
job-core	Run git diff --name-only 14c19456963d9f341c1f5eb55f146d112bd19a85 0753fe6b9d149abd0c5c03e89a1a5d822117a321 > files-in-commit.txt	2025-08-20T07:19:09.3764817Z   KAOS_MODULE: [Ka0S] Kaos
job-core	Run git diff --name-only 14c19456963d9f341c1f5eb55f146d112bd19a85 0753fe6b9d149abd0c5c03e89a1a5d822117a321 > files-in-commit.txt	2025-08-20T07:19:09.3765372Z   KAOS_PATH_RESUME: audit/kaos/
job-core	Run git diff --name-only 14c19456963d9f341c1f5eb55f146d112bd19a85 0753fe6b9d149abd0c5c03e89a1a5d822117a321 > files-in-commit.txt	2025-08-20T07:19:09.3765942Z   KAOS_ACTOR: santakloud
job-core	Run git diff --name-only 14c19456963d9f341c1f5eb55f146d112bd19a85 0753fe6b9d149abd0c5c03e89a1a5d822117a321 > files-in-commit.txt	2025-08-20T07:19:09.3766457Z   GITHUB_OUTPUT: 
job-core	Run git diff --name-only 14c19456963d9f341c1f5eb55f146d112bd19a85 0753fe6b9d149abd0c5c03e89a1a5d822117a321 > files-in-commit.txt	2025-08-20T07:19:09.3767507Z   modules: ***
job-core	Run git diff --name-only 14c19456963d9f341c1f5eb55f146d112bd19a85 0753fe6b9d149abd0c5c03e89a1a5d822117a321 > files-in-commit.txt	2025-08-20T07:19:09.3768032Z   files: ***
job-core	Run git diff --name-only 14c19456963d9f341c1f5eb55f146d112bd19a85 0753fe6b9d149abd0c5c03e89a1a5d822117a321 > files-in-commit.txt	2025-08-20T07:19:09.3768897Z   GH_TOKEN: ***
job-core	Run git diff --name-only 14c19456963d9f341c1f5eb55f146d112bd19a85 0753fe6b9d149abd0c5c03e89a1a5d822117a321 > files-in-commit.txt	2025-08-20T07:19:09.3769349Z ##[endgroup]
job-core	Run git diff --name-only 14c19456963d9f341c1f5eb55f146d112bd19a85 0753fe6b9d149abd0c5c03e89a1a5d822117a321 > files-in-commit.txt	2025-08-20T07:19:09.3866664Z .github/workflows/jsonlint.yml
job-core	Run git diff --name-only 14c19456963d9f341c1f5eb55f146d112bd19a85 0753fe6b9d149abd0c5c03e89a1a5d822117a321 > files-in-commit.txt	2025-08-20T07:19:09.3877272Z I Leemos el fichero files-in-commit.txt y extraemos el fichero .github/workflows/jsonlint.yml
job-core	Run git diff --name-only 14c19456963d9f341c1f5eb55f146d112bd19a85 0753fe6b9d149abd0c5c03e89a1a5d822117a321 > files-in-commit.txt	2025-08-20T07:19:09.3886265Z I-1 Calculamos el nombre del fichero jsonlint.yml
job-core	Run git diff --name-only 14c19456963d9f341c1f5eb55f146d112bd19a85 0753fe6b9d149abd0c5c03e89a1a5d822117a321 > files-in-commit.txt	2025-08-20T07:19:09.3887061Z I-2 Calculamos la extension del fichero yml
job-core	Run git diff --name-only 14c19456963d9f341c1f5eb55f146d112bd19a85 0753fe6b9d149abd0c5c03e89a1a5d822117a321 > files-in-commit.txt	2025-08-20T07:19:09.3887583Z I-3 Calculamos el modulo ymllint.yml
job-core	Run git diff --name-only 14c19456963d9f341c1f5eb55f146d112bd19a85 0753fe6b9d149abd0c5c03e89a1a5d822117a321 > files-in-commit.txt	2025-08-20T07:19:09.3888019Z II Leemos el array de md
job-core	Run git diff --name-only 14c19456963d9f341c1f5eb55f146d112bd19a85 0753fe6b9d149abd0c5c03e89a1a5d822117a321 > files-in-commit.txt	2025-08-20T07:19:09.3891153Z VII No es igual yml a md y lo indicamos en la variable extension_failed=1
job-core	Run git diff --name-only 14c19456963d9f341c1f5eb55f146d112bd19a85 0753fe6b9d149abd0c5c03e89a1a5d822117a321 > files-in-commit.txt	2025-08-20T07:19:09.3891779Z II Leemos el array de yaml
job-core	Run git diff --name-only 14c19456963d9f341c1f5eb55f146d112bd19a85 0753fe6b9d149abd0c5c03e89a1a5d822117a321 > files-in-commit.txt	2025-08-20T07:19:09.3892343Z VII No es igual yml a yaml y lo indicamos en la variable extension_failed=1
job-core	Run git diff --name-only 14c19456963d9f341c1f5eb55f146d112bd19a85 0753fe6b9d149abd0c5c03e89a1a5d822117a321 > files-in-commit.txt	2025-08-20T07:19:09.3892937Z II Leemos el array de json
job-core	Run git diff --name-only 14c19456963d9f341c1f5eb55f146d112bd19a85 0753fe6b9d149abd0c5c03e89a1a5d822117a321 > files-in-commit.txt	2025-08-20T07:19:09.3893487Z VII No es igual yml a json y lo indicamos en la variable extension_failed=1
job-core	Run git diff --name-only 14c19456963d9f341c1f5eb55f146d112bd19a85 0753fe6b9d149abd0c5c03e89a1a5d822117a321 > files-in-commit.txt	2025-08-20T07:19:09.3894073Z II Leemos el array de html
job-core	Run git diff --name-only 14c19456963d9f341c1f5eb55f146d112bd19a85 0753fe6b9d149abd0c5c03e89a1a5d822117a321 > files-in-commit.txt	2025-08-20T07:19:09.3895142Z VII No es igual yml a html y lo indicamos en la variable extension_failed=1
job-core	Run git diff --name-only 14c19456963d9f341c1f5eb55f146d112bd19a85 0753fe6b9d149abd0c5c03e89a1a5d822117a321 > files-in-commit.txt	2025-08-20T07:19:09.3895747Z II Leemos el array de py
job-core	Run git diff --name-only 14c19456963d9f341c1f5eb55f146d112bd19a85 0753fe6b9d149abd0c5c03e89a1a5d822117a321 > files-in-commit.txt	2025-08-20T07:19:09.3896301Z VII No es igual yml a py y lo indicamos en la variable extension_failed=1
job-core	Run git diff --name-only 14c19456963d9f341c1f5eb55f146d112bd19a85 0753fe6b9d149abd0c5c03e89a1a5d822117a321 > files-in-commit.txt	2025-08-20T07:19:09.3897336Z X Si extension falla falla (1) añadimos el comentario a la issue
job-core	Run git diff --name-only 14c19456963d9f341c1f5eb55f146d112bd19a85 0753fe6b9d149abd0c5c03e89a1a5d822117a321 > files-in-commit.txt	2025-08-20T07:19:10.2922103Z https://github.com/Ka0s-Klaus/ka0s/issues/1335#issuecomment-3204530803
job-core	Post Checkout code	﻿2025-08-20T07:19:10.3100321Z Post job cleanup.
job-core	Post Checkout code	2025-08-20T07:19:10.4126303Z [command]/usr/bin/git version
job-core	Post Checkout code	2025-08-20T07:19:10.4167885Z git version 2.43.0
job-core	Post Checkout code	2025-08-20T07:19:10.4209089Z Copying '/home/kaos/.gitconfig' to '/actions-runner/_work/_temp/1a37ef18-ee20-4346-8e0e-40d06d989623/.gitconfig'
job-core	Post Checkout code	2025-08-20T07:19:10.4220470Z Temporarily overriding HOME='/actions-runner/_work/_temp/1a37ef18-ee20-4346-8e0e-40d06d989623' before making global git config changes
job-core	Post Checkout code	2025-08-20T07:19:10.4221390Z Adding repository directory to the temporary git global config as a safe directory
job-core	Post Checkout code	2025-08-20T07:19:10.4227292Z [command]/usr/bin/git config --global --add safe.directory /actions-runner/_work/ka0s/ka0s
job-core	Post Checkout code	2025-08-20T07:19:10.4275572Z [command]/usr/bin/git config --local --name-only --get-regexp core\.sshCommand
job-core	Post Checkout code	2025-08-20T07:19:10.4312719Z [command]/usr/bin/git submodule foreach --recursive sh -c "git config --local --name-only --get-regexp 'core\.sshCommand' && git config --local --unset-all 'core.sshCommand' || :"
job-core	Post Checkout code	2025-08-20T07:19:10.4567746Z [command]/usr/bin/git config --local --name-only --get-regexp http\.https\:\/\/github\.com\/\.extraheader
job-core	Post Checkout code	2025-08-20T07:19:10.4591321Z http.https://github.com/.extraheader
job-core	Post Checkout code	2025-08-20T07:19:10.4605319Z [command]/usr/bin/git config --local --unset-all http.https://github.com/.extraheader
job-core	Post Checkout code	2025-08-20T07:19:10.4641503Z [command]/usr/bin/git submodule foreach --recursive sh -c "git config --local --name-only --get-regexp 'http\.https\:\/\/github\.com\/\.extraheader' && git config --local --unset-all 'http.https://github.com/.extraheader' || :"
job-core	Complete job	﻿2025-08-20T07:19:10.5015274Z Cleaning up orphan processes
handle-success	Set up job	﻿2025-08-20T07:19:16.8900906Z Current runner version: '2.328.0'
handle-success	Set up job	2025-08-20T07:19:16.8909795Z Runner name: 'ka0s-ka0s-2'
handle-success	Set up job	2025-08-20T07:19:16.8910693Z Runner group name: 'ka0s'
handle-success	Set up job	2025-08-20T07:19:16.8911712Z Machine name: '194f155ad019'
handle-success	Set up job	2025-08-20T07:19:16.8914365Z ##[group]GITHUB_TOKEN Permissions
handle-success	Set up job	2025-08-20T07:19:16.8916827Z Contents: read
handle-success	Set up job	2025-08-20T07:19:16.8917392Z Metadata: read
handle-success	Set up job	2025-08-20T07:19:16.8917941Z Packages: read
handle-success	Set up job	2025-08-20T07:19:16.8918414Z ##[endgroup]
handle-success	Set up job	2025-08-20T07:19:16.8920626Z Secret source: Actions
handle-success	Set up job	2025-08-20T07:19:16.8921405Z Prepare workflow directory
handle-success	Set up job	2025-08-20T07:19:16.9555049Z Prepare all required actions
handle-success	Set up job	2025-08-20T07:19:16.9596093Z Getting action download info
handle-success	Set up job	2025-08-20T07:19:17.4926872Z Download action repository 'actions/checkout@v4' (SHA:08eba0b27e820071cde6df949e0beb9ba4906955)
handle-success	Set up job	2025-08-20T07:19:18.4124522Z Complete job name: handle-success
handle-success	Checkout code	﻿2025-08-20T07:19:18.4662717Z ##[group]Run actions/checkout@v4
handle-success	Checkout code	2025-08-20T07:19:18.4663693Z with:
handle-success	Checkout code	2025-08-20T07:19:18.4664142Z   fetch-depth: 0
handle-success	Checkout code	2025-08-20T07:19:18.4664847Z   token: ***
handle-success	Checkout code	2025-08-20T07:19:18.4665350Z   repository: Ka0s-Klaus/ka0s
handle-success	Checkout code	2025-08-20T07:19:18.4665875Z   ssh-strict: true
handle-success	Checkout code	2025-08-20T07:19:18.4666312Z   ssh-user: git
handle-success	Checkout code	2025-08-20T07:19:18.4666755Z   persist-credentials: true
handle-success	Checkout code	2025-08-20T07:19:18.4667258Z   clean: true
handle-success	Checkout code	2025-08-20T07:19:18.4667846Z   sparse-checkout-cone-mode: true
handle-success	Checkout code	2025-08-20T07:19:18.4668424Z   fetch-tags: false
handle-success	Checkout code	2025-08-20T07:19:18.4669005Z   show-progress: true
handle-success	Checkout code	2025-08-20T07:19:18.4669460Z   lfs: false
handle-success	Checkout code	2025-08-20T07:19:18.4669874Z   submodules: false
handle-success	Checkout code	2025-08-20T07:19:18.4670348Z   set-safe-directory: true
handle-success	Checkout code	2025-08-20T07:19:18.4671530Z env:
handle-success	Checkout code	2025-08-20T07:19:18.4671964Z   KAOS_CODE: 17091437244
handle-success	Checkout code	2025-08-20T07:19:18.4672445Z   KAOS_EVENT_NAME: push
handle-success	Checkout code	2025-08-20T07:19:18.4672909Z   KAOS_ACTION: 
handle-success	Checkout code	2025-08-20T07:19:18.4673422Z   KAOS_REF: refs/heads/H1335-revision-modulo-yamllint
handle-success	Checkout code	2025-08-20T07:19:18.4674063Z   KAOS_MODULE: [Ka0S] Kaos
handle-success	Checkout code	2025-08-20T07:19:18.4674612Z   KAOS_PATH_RESUME: audit/kaos/
handle-success	Checkout code	2025-08-20T07:19:18.4675135Z   KAOS_ACTOR: santakloud
handle-success	Checkout code	2025-08-20T07:19:18.4675620Z ##[endgroup]
handle-success	Checkout code	2025-08-20T07:19:18.5855802Z Syncing repository: Ka0s-Klaus/ka0s
handle-success	Checkout code	2025-08-20T07:19:18.5858184Z ##[group]Getting Git version info
handle-success	Checkout code	2025-08-20T07:19:18.5858968Z Working directory is '/actions-runner/_work/ka0s/ka0s'
handle-success	Checkout code	2025-08-20T07:19:18.5860026Z [command]/usr/bin/git version
handle-success	Checkout code	2025-08-20T07:19:18.5860593Z git version 2.43.0
handle-success	Checkout code	2025-08-20T07:19:18.5880133Z ##[endgroup]
handle-success	Checkout code	2025-08-20T07:19:18.5891999Z Copying '/home/kaos/.gitconfig' to '/actions-runner/_work/_temp/9e0a533a-12bc-48ef-acee-9380a6ca19fd/.gitconfig'
handle-success	Checkout code	2025-08-20T07:19:18.5904785Z Temporarily overriding HOME='/actions-runner/_work/_temp/9e0a533a-12bc-48ef-acee-9380a6ca19fd' before making global git config changes
handle-success	Checkout code	2025-08-20T07:19:18.5906741Z Adding repository directory to the temporary git global config as a safe directory
handle-success	Checkout code	2025-08-20T07:19:18.5910561Z [command]/usr/bin/git config --global --add safe.directory /actions-runner/_work/ka0s/ka0s
handle-success	Checkout code	2025-08-20T07:19:18.5957556Z [command]/usr/bin/git config --local --get remote.origin.url
handle-success	Checkout code	2025-08-20T07:19:18.5981150Z https://github.com/Ka0s-Klaus/ka0s
handle-success	Checkout code	2025-08-20T07:19:18.6001286Z ##[group]Removing previously created refs, to avoid conflicts
handle-success	Checkout code	2025-08-20T07:19:18.6007524Z [command]/usr/bin/git rev-parse --symbolic-full-name --verify --quiet HEAD
handle-success	Checkout code	2025-08-20T07:19:18.6030341Z refs/heads/H1335-revision-modulo-yamllint
handle-success	Checkout code	2025-08-20T07:19:18.6040225Z [command]/usr/bin/git checkout --detach
handle-success	Checkout code	2025-08-20T07:19:18.6117744Z HEAD is now at a89deb18 [Ka0S] Uploading resume execution files to the repository...
handle-success	Checkout code	2025-08-20T07:19:18.6163162Z [command]/usr/bin/git branch --delete --force H1335-revision-modulo-yamllint
handle-success	Checkout code	2025-08-20T07:19:18.6195891Z Deleted branch H1335-revision-modulo-yamllint (was a89deb18).
handle-success	Checkout code	2025-08-20T07:19:18.6283439Z ##[endgroup]
handle-success	Checkout code	2025-08-20T07:19:18.6284180Z [command]/usr/bin/git submodule status
handle-success	Checkout code	2025-08-20T07:19:18.6532874Z ##[group]Cleaning the repository
handle-success	Checkout code	2025-08-20T07:19:18.6537494Z [command]/usr/bin/git clean -ffdx
handle-success	Checkout code	2025-08-20T07:19:18.6586363Z Removing files-in-commit.txt
handle-success	Checkout code	2025-08-20T07:19:18.6596946Z [command]/usr/bin/git reset --hard HEAD
handle-success	Checkout code	2025-08-20T07:19:18.6680679Z HEAD is now at a89deb18 [Ka0S] Uploading resume execution files to the repository...
handle-success	Checkout code	2025-08-20T07:19:18.6686645Z ##[endgroup]
handle-success	Checkout code	2025-08-20T07:19:18.6687749Z ##[group]Disabling automatic garbage collection
handle-success	Checkout code	2025-08-20T07:19:18.6692272Z [command]/usr/bin/git config --local gc.auto 0
handle-success	Checkout code	2025-08-20T07:19:18.6725686Z ##[endgroup]
handle-success	Checkout code	2025-08-20T07:19:18.6726618Z ##[group]Setting up auth
handle-success	Checkout code	2025-08-20T07:19:18.6730871Z [command]/usr/bin/git config --local --name-only --get-regexp core\.sshCommand
handle-success	Checkout code	2025-08-20T07:19:18.6765438Z [command]/usr/bin/git submodule foreach --recursive sh -c "git config --local --name-only --get-regexp 'core\.sshCommand' && git config --local --unset-all 'core.sshCommand' || :"
handle-success	Checkout code	2025-08-20T07:19:18.7015236Z [command]/usr/bin/git config --local --name-only --get-regexp http\.https\:\/\/github\.com\/\.extraheader
handle-success	Checkout code	2025-08-20T07:19:18.7046193Z [command]/usr/bin/git submodule foreach --recursive sh -c "git config --local --name-only --get-regexp 'http\.https\:\/\/github\.com\/\.extraheader' && git config --local --unset-all 'http.https://github.com/.extraheader' || :"
handle-success	Checkout code	2025-08-20T07:19:18.7298346Z [command]/usr/bin/git config --local http.https://github.com/.extraheader AUTHORIZATION: basic ***
handle-success	Checkout code	2025-08-20T07:19:18.7341213Z ##[endgroup]
handle-success	Checkout code	2025-08-20T07:19:18.7342187Z ##[group]Fetching the repository
handle-success	Checkout code	2025-08-20T07:19:18.7349965Z [command]/usr/bin/git -c protocol.version=2 fetch --prune --no-recurse-submodules origin +refs/heads/*:refs/remotes/origin/* +refs/tags/*:refs/tags/*
handle-success	Checkout code	2025-08-20T07:19:19.3071451Z [command]/usr/bin/git branch --list --remote origin/H1335-revision-modulo-yamllint
handle-success	Checkout code	2025-08-20T07:19:19.3105854Z   origin/H1335-revision-modulo-yamllint
handle-success	Checkout code	2025-08-20T07:19:19.3116149Z [command]/usr/bin/git rev-parse refs/remotes/origin/H1335-revision-modulo-yamllint
handle-success	Checkout code	2025-08-20T07:19:19.3139965Z a89deb180742b476515d689d04bf1b1d75361afc
handle-success	Checkout code	2025-08-20T07:19:19.3151207Z [command]/usr/bin/git -c protocol.version=2 fetch --no-tags --prune --no-recurse-submodules origin +0753fe6b9d149abd0c5c03e89a1a5d822117a321:refs/remotes/origin/H1335-revision-modulo-yamllint
handle-success	Checkout code	2025-08-20T07:19:19.3323006Z From https://github.com/Ka0s-Klaus/ka0s
handle-success	Checkout code	2025-08-20T07:19:19.3345832Z  + a89deb18...0753fe6b 0753fe6b9d149abd0c5c03e89a1a5d822117a321 -> origin/H1335-revision-modulo-yamllint  (forced update)
handle-success	Checkout code	2025-08-20T07:19:19.3348097Z ##[endgroup]
handle-success	Checkout code	2025-08-20T07:19:19.3348850Z ##[group]Determining the checkout info
handle-success	Checkout code	2025-08-20T07:19:19.3349710Z ##[endgroup]
handle-success	Checkout code	2025-08-20T07:19:19.3350635Z [command]/usr/bin/git sparse-checkout disable
handle-success	Checkout code	2025-08-20T07:19:19.3400044Z [command]/usr/bin/git config --local --unset-all extensions.worktreeConfig
handle-success	Checkout code	2025-08-20T07:19:19.3430353Z ##[group]Checking out the ref
handle-success	Checkout code	2025-08-20T07:19:19.3435292Z [command]/usr/bin/git checkout --progress --force -B H1335-revision-modulo-yamllint refs/remotes/origin/H1335-revision-modulo-yamllint
handle-success	Checkout code	2025-08-20T07:19:19.3590073Z Warning: you are leaving 1 commit behind, not connected to
handle-success	Checkout code	2025-08-20T07:19:19.3590890Z any of your branches:
handle-success	Checkout code	2025-08-20T07:19:19.3591562Z 
handle-success	Checkout code	2025-08-20T07:19:19.3591956Z   a89deb18 [Ka0S] Uploading resume execution files to the repository...
handle-success	Checkout code	2025-08-20T07:19:19.3593079Z 
handle-success	Checkout code	2025-08-20T07:19:19.3593461Z If you want to keep it by creating a new branch, this may be a good time
handle-success	Checkout code	2025-08-20T07:19:19.3594297Z to do so with:
handle-success	Checkout code	2025-08-20T07:19:19.3594560Z 
handle-success	Checkout code	2025-08-20T07:19:19.3594821Z  git branch <new-branch-name> a89deb18
handle-success	Checkout code	2025-08-20T07:19:19.3595191Z 
handle-success	Checkout code	2025-08-20T07:19:19.3600373Z Switched to a new branch 'H1335-revision-modulo-yamllint'
handle-success	Checkout code	2025-08-20T07:19:19.3601576Z branch 'H1335-revision-modulo-yamllint' set up to track 'origin/H1335-revision-modulo-yamllint'.
handle-success	Checkout code	2025-08-20T07:19:19.3609045Z ##[endgroup]
handle-success	Checkout code	2025-08-20T07:19:19.3650946Z [command]/usr/bin/git log -1 --format=%H
handle-success	Checkout code	2025-08-20T07:19:19.3678378Z 0753fe6b9d149abd0c5c03e89a1a5d822117a321
handle-success	handle-success-execution	﻿2025-08-20T07:19:19.3908438Z ##[group]Run # Si todo ha ido correcto añadimos el contenido del fichero 
handle-success	handle-success-execution	2025-08-20T07:19:19.3909601Z [36;1m# Si todo ha ido correcto añadimos el contenido del fichero [0m
handle-success	handle-success-execution	2025-08-20T07:19:19.3911209Z [36;1mRNNUMBER=$(echo "refs/heads/H1335-revision-modulo-yamllint" | grep -o '[0-9]*')[0m
handle-success	handle-success-execution	2025-08-20T07:19:19.3912723Z [36;1mgh issue comment $RNNUMBER --body "El proceso ha finalizado correctamente 17091437244. El resultado de la ejecución se guardará en MongoDB"[0m
handle-success	handle-success-execution	2025-08-20T07:19:19.3924401Z shell: /usr/bin/bash -e {0}
handle-success	handle-success-execution	2025-08-20T07:19:19.3925038Z env:
handle-success	handle-success-execution	2025-08-20T07:19:19.3925492Z   KAOS_CODE: 17091437244
handle-success	handle-success-execution	2025-08-20T07:19:19.3925993Z   KAOS_EVENT_NAME: push
handle-success	handle-success-execution	2025-08-20T07:19:19.3926482Z   KAOS_ACTION: 
handle-success	handle-success-execution	2025-08-20T07:19:19.3927020Z   KAOS_REF: refs/heads/H1335-revision-modulo-yamllint
handle-success	handle-success-execution	2025-08-20T07:19:19.3927674Z   KAOS_MODULE: [Ka0S] Kaos
handle-success	handle-success-execution	2025-08-20T07:19:19.3928198Z   KAOS_PATH_RESUME: audit/kaos/
handle-success	handle-success-execution	2025-08-20T07:19:19.3928728Z   KAOS_ACTOR: santakloud
handle-success	handle-success-execution	2025-08-20T07:19:19.3929568Z   GH_TOKEN: ***
handle-success	handle-success-execution	2025-08-20T07:19:19.3930110Z ##[endgroup]
handle-success	handle-success-execution	2025-08-20T07:19:20.4440781Z https://github.com/Ka0s-Klaus/ka0s/issues/1335#issuecomment-3204531661
handle-success	Post Checkout code	﻿2025-08-20T07:19:20.4662870Z Post job cleanup.
handle-success	Post Checkout code	2025-08-20T07:19:20.5676810Z [command]/usr/bin/git version
handle-success	Post Checkout code	2025-08-20T07:19:20.5718896Z git version 2.43.0
handle-success	Post Checkout code	2025-08-20T07:19:20.5758847Z Copying '/home/kaos/.gitconfig' to '/actions-runner/_work/_temp/13a0e58b-7659-49db-aa77-3ad5f57fa838/.gitconfig'
handle-success	Post Checkout code	2025-08-20T07:19:20.5771806Z Temporarily overriding HOME='/actions-runner/_work/_temp/13a0e58b-7659-49db-aa77-3ad5f57fa838' before making global git config changes
handle-success	Post Checkout code	2025-08-20T07:19:20.5775453Z Adding repository directory to the temporary git global config as a safe directory
handle-success	Post Checkout code	2025-08-20T07:19:20.5778441Z [command]/usr/bin/git config --global --add safe.directory /actions-runner/_work/ka0s/ka0s
handle-success	Post Checkout code	2025-08-20T07:19:20.5826275Z [command]/usr/bin/git config --local --name-only --get-regexp core\.sshCommand
handle-success	Post Checkout code	2025-08-20T07:19:20.5865814Z [command]/usr/bin/git submodule foreach --recursive sh -c "git config --local --name-only --get-regexp 'core\.sshCommand' && git config --local --unset-all 'core.sshCommand' || :"
handle-success	Post Checkout code	2025-08-20T07:19:20.6123657Z [command]/usr/bin/git config --local --name-only --get-regexp http\.https\:\/\/github\.com\/\.extraheader
handle-success	Post Checkout code	2025-08-20T07:19:20.6147298Z http.https://github.com/.extraheader
handle-success	Post Checkout code	2025-08-20T07:19:20.6160886Z [command]/usr/bin/git config --local --unset-all http.https://github.com/.extraheader
handle-success	Post Checkout code	2025-08-20T07:19:20.6200461Z [command]/usr/bin/git submodule foreach --recursive sh -c "git config --local --name-only --get-regexp 'http\.https\:\/\/github\.com\/\.extraheader' && git config --local --unset-all 'http.https://github.com/.extraheader' || :"
handle-success	Complete job	﻿2025-08-20T07:19:20.6666084Z Cleaning up orphan processes
end-workflow	Set up job	﻿2025-08-20T07:19:26.2272156Z Current runner version: '2.328.0'
end-workflow	Set up job	2025-08-20T07:19:26.2279011Z Runner name: 'ka0s-ka0s-3'
end-workflow	Set up job	2025-08-20T07:19:26.2279835Z Runner group name: 'ka0s'
end-workflow	Set up job	2025-08-20T07:19:26.2280720Z Machine name: '3951c78e42d6'
end-workflow	Set up job	2025-08-20T07:19:26.2283832Z ##[group]GITHUB_TOKEN Permissions
end-workflow	Set up job	2025-08-20T07:19:26.2286091Z Contents: read
end-workflow	Set up job	2025-08-20T07:19:26.2286685Z Metadata: read
end-workflow	Set up job	2025-08-20T07:19:26.2287250Z Packages: read
end-workflow	Set up job	2025-08-20T07:19:26.2287801Z ##[endgroup]
end-workflow	Set up job	2025-08-20T07:19:26.2289873Z Secret source: Actions
end-workflow	Set up job	2025-08-20T07:19:26.2290634Z Prepare workflow directory
end-workflow	Set up job	2025-08-20T07:19:26.2919626Z Prepare all required actions
end-workflow	Set up job	2025-08-20T07:19:26.2961250Z Getting action download info
end-workflow	Set up job	2025-08-20T07:19:26.9345994Z Download action repository 'actions/checkout@v4' (SHA:08eba0b27e820071cde6df949e0beb9ba4906955)
end-workflow	Set up job	2025-08-20T07:19:27.7276327Z Complete job name: end-workflow
end-workflow	Checkout code	﻿2025-08-20T07:19:27.7778382Z ##[group]Run actions/checkout@v4
end-workflow	Checkout code	2025-08-20T07:19:27.7779237Z with:
end-workflow	Checkout code	2025-08-20T07:19:27.7779605Z   fetch-depth: 0
end-workflow	Checkout code	2025-08-20T07:19:27.7780199Z   token: ***
end-workflow	Checkout code	2025-08-20T07:19:27.7780617Z   repository: Ka0s-Klaus/ka0s
end-workflow	Checkout code	2025-08-20T07:19:27.7781261Z   ssh-strict: true
end-workflow	Checkout code	2025-08-20T07:19:27.7781916Z   ssh-user: git
end-workflow	Checkout code	2025-08-20T07:19:27.7782305Z   persist-credentials: true
end-workflow	Checkout code	2025-08-20T07:19:27.7783005Z   clean: true
end-workflow	Checkout code	2025-08-20T07:19:27.7783658Z   sparse-checkout-cone-mode: true
end-workflow	Checkout code	2025-08-20T07:19:27.7784243Z   fetch-tags: false
end-workflow	Checkout code	2025-08-20T07:19:27.7784620Z   show-progress: true
end-workflow	Checkout code	2025-08-20T07:19:27.7785008Z   lfs: false
end-workflow	Checkout code	2025-08-20T07:19:27.7785350Z   submodules: false
end-workflow	Checkout code	2025-08-20T07:19:27.7785739Z   set-safe-directory: true
end-workflow	Checkout code	2025-08-20T07:19:27.7786386Z env:
end-workflow	Checkout code	2025-08-20T07:19:27.7786734Z   KAOS_CODE: 17091437244
end-workflow	Checkout code	2025-08-20T07:19:27.7787143Z   KAOS_EVENT_NAME: push
end-workflow	Checkout code	2025-08-20T07:19:27.7787531Z   KAOS_ACTION: 
end-workflow	Checkout code	2025-08-20T07:19:27.7787964Z   KAOS_REF: refs/heads/H1335-revision-modulo-yamllint
end-workflow	Checkout code	2025-08-20T07:19:27.7788512Z   KAOS_MODULE: [Ka0S] Kaos
end-workflow	Checkout code	2025-08-20T07:19:27.7788962Z   KAOS_PATH_RESUME: audit/kaos/
end-workflow	Checkout code	2025-08-20T07:19:27.7789405Z   KAOS_ACTOR: santakloud
end-workflow	Checkout code	2025-08-20T07:19:27.7789965Z   GH_TOKEN: ***
end-workflow	Checkout code	2025-08-20T07:19:27.7790520Z ##[endgroup]
end-workflow	Checkout code	2025-08-20T07:19:27.8963922Z Syncing repository: Ka0s-Klaus/ka0s
end-workflow	Checkout code	2025-08-20T07:19:27.8965859Z ##[group]Getting Git version info
end-workflow	Checkout code	2025-08-20T07:19:27.8966503Z Working directory is '/actions-runner/_work/ka0s/ka0s'
end-workflow	Checkout code	2025-08-20T07:19:27.8967448Z [command]/usr/bin/git version
end-workflow	Checkout code	2025-08-20T07:19:27.8967899Z git version 2.43.0
end-workflow	Checkout code	2025-08-20T07:19:27.8985900Z ##[endgroup]
end-workflow	Checkout code	2025-08-20T07:19:27.8997434Z Copying '/home/kaos/.gitconfig' to '/actions-runner/_work/_temp/722f17cd-ee04-48a4-9aa4-f7a707a27131/.gitconfig'
end-workflow	Checkout code	2025-08-20T07:19:27.9010088Z Temporarily overriding HOME='/actions-runner/_work/_temp/722f17cd-ee04-48a4-9aa4-f7a707a27131' before making global git config changes
end-workflow	Checkout code	2025-08-20T07:19:27.9012085Z Adding repository directory to the temporary git global config as a safe directory
end-workflow	Checkout code	2025-08-20T07:19:27.9016912Z [command]/usr/bin/git config --global --add safe.directory /actions-runner/_work/ka0s/ka0s
end-workflow	Checkout code	2025-08-20T07:19:27.9067626Z [command]/usr/bin/git config --local --get remote.origin.url
end-workflow	Checkout code	2025-08-20T07:19:27.9091274Z https://github.com/Ka0s-Klaus/ka0s
end-workflow	Checkout code	2025-08-20T07:19:27.9119053Z ##[group]Removing previously created refs, to avoid conflicts
end-workflow	Checkout code	2025-08-20T07:19:27.9123765Z [command]/usr/bin/git rev-parse --symbolic-full-name --verify --quiet HEAD
end-workflow	Checkout code	2025-08-20T07:19:27.9148609Z HEAD
end-workflow	Checkout code	2025-08-20T07:19:27.9270849Z ##[endgroup]
end-workflow	Checkout code	2025-08-20T07:19:27.9272405Z [command]/usr/bin/git submodule status
end-workflow	Checkout code	2025-08-20T07:19:27.9519188Z ##[group]Cleaning the repository
end-workflow	Checkout code	2025-08-20T07:19:27.9521442Z [command]/usr/bin/git clean -ffdx
end-workflow	Checkout code	2025-08-20T07:19:27.9580455Z [command]/usr/bin/git reset --hard HEAD
end-workflow	Checkout code	2025-08-20T07:19:27.9897110Z HEAD is now at e88558ef Merge 1b0adbd11fe8ea24bcb918fe07af2ad1f958fcc9 into 3df5cfae74a6247bda0badfabafc5d154491a072
end-workflow	Checkout code	2025-08-20T07:19:27.9902744Z ##[endgroup]
end-workflow	Checkout code	2025-08-20T07:19:27.9904753Z ##[group]Disabling automatic garbage collection
end-workflow	Checkout code	2025-08-20T07:19:27.9910398Z [command]/usr/bin/git config --local gc.auto 0
end-workflow	Checkout code	2025-08-20T07:19:27.9942912Z ##[endgroup]
end-workflow	Checkout code	2025-08-20T07:19:27.9944079Z ##[group]Setting up auth
end-workflow	Checkout code	2025-08-20T07:19:27.9951070Z [command]/usr/bin/git config --local --name-only --get-regexp core\.sshCommand
end-workflow	Checkout code	2025-08-20T07:19:27.9986565Z [command]/usr/bin/git submodule foreach --recursive sh -c "git config --local --name-only --get-regexp 'core\.sshCommand' && git config --local --unset-all 'core.sshCommand' || :"
end-workflow	Checkout code	2025-08-20T07:19:28.0249724Z [command]/usr/bin/git config --local --name-only --get-regexp http\.https\:\/\/github\.com\/\.extraheader
end-workflow	Checkout code	2025-08-20T07:19:28.0281901Z [command]/usr/bin/git submodule foreach --recursive sh -c "git config --local --name-only --get-regexp 'http\.https\:\/\/github\.com\/\.extraheader' && git config --local --unset-all 'http.https://github.com/.extraheader' || :"
end-workflow	Checkout code	2025-08-20T07:19:28.0531659Z [command]/usr/bin/git config --local http.https://github.com/.extraheader AUTHORIZATION: basic ***
end-workflow	Checkout code	2025-08-20T07:19:28.0575294Z ##[endgroup]
end-workflow	Checkout code	2025-08-20T07:19:28.0576171Z ##[group]Fetching the repository
end-workflow	Checkout code	2025-08-20T07:19:28.0583510Z [command]/usr/bin/git -c protocol.version=2 fetch --prune --no-recurse-submodules origin +refs/heads/*:refs/remotes/origin/* +refs/tags/*:refs/tags/*
end-workflow	Checkout code	2025-08-20T07:19:28.9263372Z From https://github.com/Ka0s-Klaus/ka0s
end-workflow	Checkout code	2025-08-20T07:19:28.9265255Z    14c19456..a89deb18  H1335-revision-modulo-yamllint -> origin/H1335-revision-modulo-yamllint
end-workflow	Checkout code	2025-08-20T07:19:28.9266898Z    3df5cfae..58b7b7df  main       -> origin/main
end-workflow	Checkout code	2025-08-20T07:19:28.9365960Z [command]/usr/bin/git branch --list --remote origin/H1335-revision-modulo-yamllint
end-workflow	Checkout code	2025-08-20T07:19:28.9409501Z   origin/H1335-revision-modulo-yamllint
end-workflow	Checkout code	2025-08-20T07:19:28.9420803Z [command]/usr/bin/git rev-parse refs/remotes/origin/H1335-revision-modulo-yamllint
end-workflow	Checkout code	2025-08-20T07:19:28.9451874Z a89deb180742b476515d689d04bf1b1d75361afc
end-workflow	Checkout code	2025-08-20T07:19:28.9466435Z [command]/usr/bin/git -c protocol.version=2 fetch --no-tags --prune --no-recurse-submodules origin +0753fe6b9d149abd0c5c03e89a1a5d822117a321:refs/remotes/origin/H1335-revision-modulo-yamllint
end-workflow	Checkout code	2025-08-20T07:19:28.9708442Z From https://github.com/Ka0s-Klaus/ka0s
end-workflow	Checkout code	2025-08-20T07:19:28.9710598Z  + a89deb18...0753fe6b 0753fe6b9d149abd0c5c03e89a1a5d822117a321 -> origin/H1335-revision-modulo-yamllint  (forced update)
end-workflow	Checkout code	2025-08-20T07:19:28.9740694Z ##[endgroup]
end-workflow	Checkout code	2025-08-20T07:19:28.9742248Z ##[group]Determining the checkout info
end-workflow	Checkout code	2025-08-20T07:19:28.9743702Z ##[endgroup]
end-workflow	Checkout code	2025-08-20T07:19:28.9749002Z [command]/usr/bin/git sparse-checkout disable
end-workflow	Checkout code	2025-08-20T07:19:28.9814328Z [command]/usr/bin/git config --local --unset-all extensions.worktreeConfig
end-workflow	Checkout code	2025-08-20T07:19:28.9857317Z ##[group]Checking out the ref
end-workflow	Checkout code	2025-08-20T07:19:28.9862599Z [command]/usr/bin/git checkout --progress --force -B H1335-revision-modulo-yamllint refs/remotes/origin/H1335-revision-modulo-yamllint
end-workflow	Checkout code	2025-08-20T07:19:29.0090776Z Previous HEAD position was e88558ef Merge 1b0adbd11fe8ea24bcb918fe07af2ad1f958fcc9 into 3df5cfae74a6247bda0badfabafc5d154491a072
end-workflow	Checkout code	2025-08-20T07:19:29.0101663Z Switched to a new branch 'H1335-revision-modulo-yamllint'
end-workflow	Checkout code	2025-08-20T07:19:29.0103474Z branch 'H1335-revision-modulo-yamllint' set up to track 'origin/H1335-revision-modulo-yamllint'.
end-workflow	Checkout code	2025-08-20T07:19:29.0110568Z ##[endgroup]
end-workflow	Checkout code	2025-08-20T07:19:29.0154662Z [command]/usr/bin/git log -1 --format=%H
end-workflow	Checkout code	2025-08-20T07:19:29.0182206Z 0753fe6b9d149abd0c5c03e89a1a5d822117a321
end-workflow	Finaliza el workflow	﻿2025-08-20T07:19:29.0414406Z ##[group]Run echo "End process"
end-workflow	Finaliza el workflow	2025-08-20T07:19:29.0415158Z [36;1mecho "End process"[0m
end-workflow	Finaliza el workflow	2025-08-20T07:19:29.0416031Z [36;1mRNNUMBER=$(echo "refs/heads/H1335-revision-modulo-yamllint" | grep -o '[0-9]*')[0m
end-workflow	Finaliza el workflow	2025-08-20T07:19:29.0417135Z [36;1mgh issue comment $RNNUMBER --body "Se finaliza Ka0s 17091437244"[0m
end-workflow	Finaliza el workflow	2025-08-20T07:19:29.0418468Z [36;1mgh workflow run inspector.yml --ref 'main' -f kaos-issue-id=$RNNUMBER -f kaos-workflow-id="17091437244" -f kaos-user-start=""[0m
end-workflow	Finaliza el workflow	2025-08-20T07:19:29.0431108Z shell: /usr/bin/bash -e {0}
end-workflow	Finaliza el workflow	2025-08-20T07:19:29.0432077Z env:
end-workflow	Finaliza el workflow	2025-08-20T07:19:29.0432594Z   KAOS_CODE: 17091437244
end-workflow	Finaliza el workflow	2025-08-20T07:19:29.0433197Z   KAOS_EVENT_NAME: push
end-workflow	Finaliza el workflow	2025-08-20T07:19:29.0433710Z   KAOS_ACTION: 
end-workflow	Finaliza el workflow	2025-08-20T07:19:29.0434554Z   KAOS_REF: refs/heads/H1335-revision-modulo-yamllint
end-workflow	Finaliza el workflow	2025-08-20T07:19:29.0435221Z   KAOS_MODULE: [Ka0S] Kaos
end-workflow	Finaliza el workflow	2025-08-20T07:19:29.0435737Z   KAOS_PATH_RESUME: audit/kaos/
end-workflow	Finaliza el workflow	2025-08-20T07:19:29.0436277Z   KAOS_ACTOR: santakloud
end-workflow	Finaliza el workflow	2025-08-20T07:19:29.0437034Z   GH_TOKEN: ***
end-workflow	Finaliza el workflow	2025-08-20T07:19:29.0437682Z ##[endgroup]
end-workflow	Finaliza el workflow	2025-08-20T07:19:29.0493950Z End process
end-workflow	Finaliza el workflow	2025-08-20T07:19:30.1327451Z https://github.com/Ka0s-Klaus/ka0s/issues/1335#issuecomment-3204532224
end-workflow	Post Checkout code	﻿2025-08-20T07:19:30.8997824Z Post job cleanup.
end-workflow	Post Checkout code	2025-08-20T07:19:31.0037729Z [command]/usr/bin/git version
end-workflow	Post Checkout code	2025-08-20T07:19:31.0078036Z git version 2.43.0
end-workflow	Post Checkout code	2025-08-20T07:19:31.0117511Z Copying '/home/kaos/.gitconfig' to '/actions-runner/_work/_temp/7a99742c-b89a-4e10-8002-701ee067a1bc/.gitconfig'
end-workflow	Post Checkout code	2025-08-20T07:19:31.0130118Z Temporarily overriding HOME='/actions-runner/_work/_temp/7a99742c-b89a-4e10-8002-701ee067a1bc' before making global git config changes
end-workflow	Post Checkout code	2025-08-20T07:19:31.0132429Z Adding repository directory to the temporary git global config as a safe directory
end-workflow	Post Checkout code	2025-08-20T07:19:31.0136924Z [command]/usr/bin/git config --global --add safe.directory /actions-runner/_work/ka0s/ka0s
end-workflow	Post Checkout code	2025-08-20T07:19:31.0176356Z [command]/usr/bin/git config --local --name-only --get-regexp core\.sshCommand
end-workflow	Post Checkout code	2025-08-20T07:19:31.0219195Z [command]/usr/bin/git submodule foreach --recursive sh -c "git config --local --name-only --get-regexp 'core\.sshCommand' && git config --local --unset-all 'core.sshCommand' || :"
end-workflow	Post Checkout code	2025-08-20T07:19:31.0474226Z [command]/usr/bin/git config --local --name-only --get-regexp http\.https\:\/\/github\.com\/\.extraheader
end-workflow	Post Checkout code	2025-08-20T07:19:31.0498108Z http.https://github.com/.extraheader
end-workflow	Post Checkout code	2025-08-20T07:19:31.0580036Z [command]/usr/bin/git config --local --unset-all http.https://github.com/.extraheader
end-workflow	Post Checkout code	2025-08-20T07:19:31.0803741Z [command]/usr/bin/git submodule foreach --recursive sh -c "git config --local --name-only --get-regexp 'http\.https\:\/\/github\.com\/\.extraheader' && git config --local --unset-all 'http.https://github.com/.extraheader' || :"
end-workflow	Complete job	﻿2025-08-20T07:19:31.0923628Z Cleaning up orphan processes
