job-core	Set up job	﻿2025-08-26T01:58:44.1826599Z Current runner version: '2.328.0'
job-core	Set up job	2025-08-26T01:58:44.1834609Z Runner name: 'ka0s-ka0s-3'
job-core	Set up job	2025-08-26T01:58:44.1835426Z Runner group name: 'ka0s'
job-core	Set up job	2025-08-26T01:58:44.1836340Z Machine name: '3951c78e42d6'
job-core	Set up job	2025-08-26T01:58:44.1839099Z ##[group]GITHUB_TOKEN Permissions
job-core	Set up job	2025-08-26T01:58:44.1841709Z Actions: write
job-core	Set up job	2025-08-26T01:58:44.1842364Z Contents: write
job-core	Set up job	2025-08-26T01:58:44.1842926Z Issues: write
job-core	Set up job	2025-08-26T01:58:44.1843407Z Metadata: read
job-core	Set up job	2025-08-26T01:58:44.1844010Z ##[endgroup]
job-core	Set up job	2025-08-26T01:58:44.1846094Z Secret source: Actions
job-core	Set up job	2025-08-26T01:58:44.1846792Z Prepare workflow directory
job-core	Set up job	2025-08-26T01:58:44.2475140Z Prepare all required actions
job-core	Set up job	2025-08-26T01:58:44.2516615Z Getting action download info
job-core	Set up job	2025-08-26T01:58:44.8197128Z Download action repository 'actions/checkout@v4' (SHA:08eba0b27e820071cde6df949e0beb9ba4906955)
job-core	Set up job	2025-08-26T01:58:45.7059603Z Complete job name: job-core
job-core	Checkout repository	﻿2025-08-26T01:58:45.7599241Z ##[group]Run actions/checkout@v4
job-core	Checkout repository	2025-08-26T01:58:45.7600222Z with:
job-core	Checkout repository	2025-08-26T01:58:45.7600691Z   fetch-depth: 0
job-core	Checkout repository	2025-08-26T01:58:45.7602097Z   token: ***
job-core	Checkout repository	2025-08-26T01:58:45.7602559Z   repository: Ka0s-Klaus/ka0s
job-core	Checkout repository	2025-08-26T01:58:45.7603089Z   ssh-strict: true
job-core	Checkout repository	2025-08-26T01:58:45.7603541Z   ssh-user: git
job-core	Checkout repository	2025-08-26T01:58:45.7604002Z   persist-credentials: true
job-core	Checkout repository	2025-08-26T01:58:45.7604505Z   clean: true
job-core	Checkout repository	2025-08-26T01:58:45.7604968Z   sparse-checkout-cone-mode: true
job-core	Checkout repository	2025-08-26T01:58:45.7605534Z   fetch-tags: false
job-core	Checkout repository	2025-08-26T01:58:45.7606012Z   show-progress: true
job-core	Checkout repository	2025-08-26T01:58:45.7606475Z   lfs: false
job-core	Checkout repository	2025-08-26T01:58:45.7606905Z   submodules: false
job-core	Checkout repository	2025-08-26T01:58:45.7607395Z   set-safe-directory: true
job-core	Checkout repository	2025-08-26T01:58:45.7608133Z env:
job-core	Checkout repository	2025-08-26T01:58:45.7608567Z   KAOS_CODE: 17225724989
job-core	Checkout repository	2025-08-26T01:58:45.7609075Z   KAOS_EVENT_NAME: schedule
job-core	Checkout repository	2025-08-26T01:58:45.7609580Z   KAOS_ACTION: 
job-core	Checkout repository	2025-08-26T01:58:45.7610030Z   KAOS_REF: refs/heads/main
job-core	Checkout repository	2025-08-26T01:58:45.7610610Z   KAOS_MODULE: [Ka0S] Workflow Statistics Summary
job-core	Checkout repository	2025-08-26T01:58:45.7611395Z   KAOS_PATH_RESUME: audit/workflows/
job-core	Checkout repository	2025-08-26T01:58:45.7611984Z   KAOS_ACTOR: santakloud
job-core	Checkout repository	2025-08-26T01:58:45.7612493Z   GH_REPO: Ka0s-Klaus/ka0s
job-core	Checkout repository	2025-08-26T01:58:45.7612990Z ##[endgroup]
job-core	Checkout repository	2025-08-26T01:58:45.8774192Z Syncing repository: Ka0s-Klaus/ka0s
job-core	Checkout repository	2025-08-26T01:58:45.8776437Z ##[group]Getting Git version info
job-core	Checkout repository	2025-08-26T01:58:45.8777358Z Working directory is '/actions-runner/_work/ka0s/ka0s'
job-core	Checkout repository	2025-08-26T01:58:45.8778455Z [command]/usr/bin/git version
job-core	Checkout repository	2025-08-26T01:58:45.8779032Z git version 2.43.0
job-core	Checkout repository	2025-08-26T01:58:45.8798293Z ##[endgroup]
job-core	Checkout repository	2025-08-26T01:58:45.8810959Z Copying '/home/kaos/.gitconfig' to '/actions-runner/_work/_temp/e32d9460-0609-4207-b34b-08845a0e151c/.gitconfig'
job-core	Checkout repository	2025-08-26T01:58:45.8825604Z Temporarily overriding HOME='/actions-runner/_work/_temp/e32d9460-0609-4207-b34b-08845a0e151c' before making global git config changes
job-core	Checkout repository	2025-08-26T01:58:45.8827509Z Adding repository directory to the temporary git global config as a safe directory
job-core	Checkout repository	2025-08-26T01:58:45.8830457Z [command]/usr/bin/git config --global --add safe.directory /actions-runner/_work/ka0s/ka0s
job-core	Checkout repository	2025-08-26T01:58:45.8885163Z [command]/usr/bin/git config --local --get remote.origin.url
job-core	Checkout repository	2025-08-26T01:58:45.8909096Z https://github.com/Ka0s-Klaus/ka0s
job-core	Checkout repository	2025-08-26T01:58:45.8930865Z ##[group]Removing previously created refs, to avoid conflicts
job-core	Checkout repository	2025-08-26T01:58:45.8936901Z [command]/usr/bin/git rev-parse --symbolic-full-name --verify --quiet HEAD
job-core	Checkout repository	2025-08-26T01:58:45.8960515Z refs/heads/main
job-core	Checkout repository	2025-08-26T01:58:45.8970840Z [command]/usr/bin/git checkout --detach
job-core	Checkout repository	2025-08-26T01:58:45.9083136Z HEAD is now at d6ac4fdc [Ka0S] Inspector uploading resume execution files to the repository...
job-core	Checkout repository	2025-08-26T01:58:45.9129773Z [command]/usr/bin/git branch --delete --force main
job-core	Checkout repository	2025-08-26T01:58:45.9168166Z Deleted branch main (was d6ac4fdc).
job-core	Checkout repository	2025-08-26T01:58:45.9256521Z ##[endgroup]
job-core	Checkout repository	2025-08-26T01:58:45.9258128Z [command]/usr/bin/git submodule status
job-core	Checkout repository	2025-08-26T01:58:45.9507279Z ##[group]Cleaning the repository
job-core	Checkout repository	2025-08-26T01:58:45.9510890Z [command]/usr/bin/git clean -ffdx
job-core	Checkout repository	2025-08-26T01:58:45.9570048Z [command]/usr/bin/git reset --hard HEAD
job-core	Checkout repository	2025-08-26T01:58:45.9659119Z HEAD is now at d6ac4fdc [Ka0S] Inspector uploading resume execution files to the repository...
job-core	Checkout repository	2025-08-26T01:58:45.9665465Z ##[endgroup]
job-core	Checkout repository	2025-08-26T01:58:45.9666394Z ##[group]Disabling automatic garbage collection
job-core	Checkout repository	2025-08-26T01:58:45.9669742Z [command]/usr/bin/git config --local gc.auto 0
job-core	Checkout repository	2025-08-26T01:58:45.9717300Z ##[endgroup]
job-core	Checkout repository	2025-08-26T01:58:45.9718325Z ##[group]Setting up auth
job-core	Checkout repository	2025-08-26T01:58:45.9719209Z [command]/usr/bin/git config --local --name-only --get-regexp core\.sshCommand
job-core	Checkout repository	2025-08-26T01:58:45.9750810Z [command]/usr/bin/git submodule foreach --recursive sh -c "git config --local --name-only --get-regexp 'core\.sshCommand' && git config --local --unset-all 'core.sshCommand' || :"
job-core	Checkout repository	2025-08-26T01:58:45.9999878Z [command]/usr/bin/git config --local --name-only --get-regexp http\.https\:\/\/github\.com\/\.extraheader
job-core	Checkout repository	2025-08-26T01:58:46.0031509Z [command]/usr/bin/git submodule foreach --recursive sh -c "git config --local --name-only --get-regexp 'http\.https\:\/\/github\.com\/\.extraheader' && git config --local --unset-all 'http.https://github.com/.extraheader' || :"
job-core	Checkout repository	2025-08-26T01:58:46.0282200Z [command]/usr/bin/git config --local http.https://github.com/.extraheader AUTHORIZATION: basic ***
job-core	Checkout repository	2025-08-26T01:58:46.0326147Z ##[endgroup]
job-core	Checkout repository	2025-08-26T01:58:46.0327169Z ##[group]Fetching the repository
job-core	Checkout repository	2025-08-26T01:58:46.0334414Z [command]/usr/bin/git -c protocol.version=2 fetch --prune --no-recurse-submodules origin +refs/heads/*:refs/remotes/origin/* +refs/tags/*:refs/tags/*
job-core	Checkout repository	2025-08-26T01:58:46.6409919Z From https://github.com/Ka0s-Klaus/ka0s
job-core	Checkout repository	2025-08-26T01:58:46.6411329Z    d6ac4fdc..6dfdf228  main       -> origin/main
job-core	Checkout repository	2025-08-26T01:58:46.6583052Z [command]/usr/bin/git branch --list --remote origin/main
job-core	Checkout repository	2025-08-26T01:58:46.6619636Z   origin/main
job-core	Checkout repository	2025-08-26T01:58:46.6635431Z [command]/usr/bin/git rev-parse refs/remotes/origin/main
job-core	Checkout repository	2025-08-26T01:58:46.6662780Z 6dfdf228a46fb802fee3429feaf4f9337ba8ebe7
job-core	Checkout repository	2025-08-26T01:58:46.6668476Z ##[endgroup]
job-core	Checkout repository	2025-08-26T01:58:46.6669360Z ##[group]Determining the checkout info
job-core	Checkout repository	2025-08-26T01:58:46.6670222Z ##[endgroup]
job-core	Checkout repository	2025-08-26T01:58:46.6675765Z [command]/usr/bin/git sparse-checkout disable
job-core	Checkout repository	2025-08-26T01:58:46.6730787Z [command]/usr/bin/git config --local --unset-all extensions.worktreeConfig
job-core	Checkout repository	2025-08-26T01:58:46.6766299Z ##[group]Checking out the ref
job-core	Checkout repository	2025-08-26T01:58:46.6769782Z [command]/usr/bin/git checkout --progress --force -B main refs/remotes/origin/main
job-core	Checkout repository	2025-08-26T01:58:46.6950325Z Previous HEAD position was d6ac4fdc [Ka0S] Inspector uploading resume execution files to the repository...
job-core	Checkout repository	2025-08-26T01:58:46.6959779Z Switched to a new branch 'main'
job-core	Checkout repository	2025-08-26T01:58:46.6960937Z branch 'main' set up to track 'origin/main'.
job-core	Checkout repository	2025-08-26T01:58:46.6968992Z ##[endgroup]
job-core	Checkout repository	2025-08-26T01:58:46.7014627Z [command]/usr/bin/git log -1 --format=%H
job-core	Checkout repository	2025-08-26T01:58:46.7048778Z 6dfdf228a46fb802fee3429feaf4f9337ba8ebe7
job-core	Commit and push changes	﻿2025-08-26T01:58:46.7275187Z ##[group]Run git config --global user.name "***"
job-core	Commit and push changes	2025-08-26T01:58:46.7276993Z [36;1mgit config --global user.name "***"[0m
job-core	Commit and push changes	2025-08-26T01:58:46.7278653Z [36;1mgit config --global user.email "***"[0m
job-core	Commit and push changes	2025-08-26T01:58:46.7280111Z [36;1mgit pull --rebase[0m
job-core	Commit and push changes	2025-08-26T01:58:46.7291130Z shell: /usr/bin/bash -e {0}
job-core	Commit and push changes	2025-08-26T01:58:46.7292355Z env:
job-core	Commit and push changes	2025-08-26T01:58:46.7293320Z   KAOS_CODE: 17225724989
job-core	Commit and push changes	2025-08-26T01:58:46.7294476Z   KAOS_EVENT_NAME: schedule
job-core	Commit and push changes	2025-08-26T01:58:46.7295627Z   KAOS_ACTION: 
job-core	Commit and push changes	2025-08-26T01:58:46.7296588Z   KAOS_REF: refs/heads/main
job-core	Commit and push changes	2025-08-26T01:58:46.7297802Z   KAOS_MODULE: [Ka0S] Workflow Statistics Summary
job-core	Commit and push changes	2025-08-26T01:58:46.7299209Z   KAOS_PATH_RESUME: audit/workflows/
job-core	Commit and push changes	2025-08-26T01:58:46.7300561Z   KAOS_ACTOR: santakloud
job-core	Commit and push changes	2025-08-26T01:58:46.7301795Z   GH_REPO: Ka0s-Klaus/ka0s
job-core	Commit and push changes	2025-08-26T01:58:46.7302831Z ##[endgroup]
job-core	Commit and push changes	2025-08-26T01:58:47.3480908Z Already up to date.
job-core	Post Checkout repository	﻿2025-08-26T01:58:47.3670207Z Post job cleanup.
job-core	Post Checkout repository	2025-08-26T01:58:47.4724539Z [command]/usr/bin/git version
job-core	Post Checkout repository	2025-08-26T01:58:47.4767173Z git version 2.43.0
job-core	Post Checkout repository	2025-08-26T01:58:47.4808222Z Copying '/home/kaos/.gitconfig' to '/actions-runner/_work/_temp/1dfb60ab-4e1c-451b-91b6-bd594d797738/.gitconfig'
job-core	Post Checkout repository	2025-08-26T01:58:47.4821482Z Temporarily overriding HOME='/actions-runner/_work/_temp/1dfb60ab-4e1c-451b-91b6-bd594d797738' before making global git config changes
job-core	Post Checkout repository	2025-08-26T01:58:47.4825749Z Adding repository directory to the temporary git global config as a safe directory
job-core	Post Checkout repository	2025-08-26T01:58:47.4828083Z [command]/usr/bin/git config --global --add safe.directory /actions-runner/_work/ka0s/ka0s
job-core	Post Checkout repository	2025-08-26T01:58:47.4863421Z [command]/usr/bin/git config --local --name-only --get-regexp core\.sshCommand
job-core	Post Checkout repository	2025-08-26T01:58:47.4902097Z [command]/usr/bin/git submodule foreach --recursive sh -c "git config --local --name-only --get-regexp 'core\.sshCommand' && git config --local --unset-all 'core.sshCommand' || :"
job-core	Post Checkout repository	2025-08-26T01:58:47.5155554Z [command]/usr/bin/git config --local --name-only --get-regexp http\.https\:\/\/github\.com\/\.extraheader
job-core	Post Checkout repository	2025-08-26T01:58:47.5178797Z http.https://github.com/.extraheader
job-core	Post Checkout repository	2025-08-26T01:58:47.5191210Z [command]/usr/bin/git config --local --unset-all http.https://github.com/.extraheader
job-core	Post Checkout repository	2025-08-26T01:58:47.5226977Z [command]/usr/bin/git submodule foreach --recursive sh -c "git config --local --name-only --get-regexp 'http\.https\:\/\/github\.com\/\.extraheader' && git config --local --unset-all 'http.https://github.com/.extraheader' || :"
job-core	Complete job	﻿2025-08-26T01:58:47.5688112Z Cleaning up orphan processes
job-stats	Set up job	﻿2025-08-26T01:58:53.1310436Z Current runner version: '2.328.0'
job-stats	Set up job	2025-08-26T01:58:53.1317811Z Runner name: 'ka0s-ka0s-1'
job-stats	Set up job	2025-08-26T01:58:53.1318580Z Runner group name: 'ka0s'
job-stats	Set up job	2025-08-26T01:58:53.1319451Z Machine name: '2ae8e24676b9'
job-stats	Set up job	2025-08-26T01:58:53.1322298Z ##[group]GITHUB_TOKEN Permissions
job-stats	Set up job	2025-08-26T01:58:53.1324722Z Actions: write
job-stats	Set up job	2025-08-26T01:58:53.1325321Z Contents: write
job-stats	Set up job	2025-08-26T01:58:53.1325922Z Issues: write
job-stats	Set up job	2025-08-26T01:58:53.1326459Z Metadata: read
job-stats	Set up job	2025-08-26T01:58:53.1327003Z ##[endgroup]
job-stats	Set up job	2025-08-26T01:58:53.1329116Z Secret source: Actions
job-stats	Set up job	2025-08-26T01:58:53.1329882Z Prepare workflow directory
job-stats	Set up job	2025-08-26T01:58:53.1965885Z Prepare all required actions
job-stats	Set up job	2025-08-26T01:58:53.2005734Z Getting action download info
job-stats	Set up job	2025-08-26T01:58:53.7593553Z Download action repository 'actions/checkout@v4' (SHA:08eba0b27e820071cde6df949e0beb9ba4906955)
job-stats	Set up job	2025-08-26T01:58:54.6474335Z Complete job name: job-stats
job-stats	Checkout	﻿2025-08-26T01:58:54.6991458Z ##[group]Run actions/checkout@v4
job-stats	Checkout	2025-08-26T01:58:54.6992437Z with:
job-stats	Checkout	2025-08-26T01:58:54.6992892Z   fetch-depth: 0
job-stats	Checkout	2025-08-26T01:58:54.6993674Z   token: ***
job-stats	Checkout	2025-08-26T01:58:54.6994131Z   repository: Ka0s-Klaus/ka0s
job-stats	Checkout	2025-08-26T01:58:54.6994663Z   ssh-strict: true
job-stats	Checkout	2025-08-26T01:58:54.6995115Z   ssh-user: git
job-stats	Checkout	2025-08-26T01:58:54.6995577Z   persist-credentials: true
job-stats	Checkout	2025-08-26T01:58:54.6996232Z   clean: true
job-stats	Checkout	2025-08-26T01:58:54.6996726Z   sparse-checkout-cone-mode: true
job-stats	Checkout	2025-08-26T01:58:54.6997409Z   fetch-tags: false
job-stats	Checkout	2025-08-26T01:58:54.6997886Z   show-progress: true
job-stats	Checkout	2025-08-26T01:58:54.6998359Z   lfs: false
job-stats	Checkout	2025-08-26T01:58:54.6998958Z   submodules: false
job-stats	Checkout	2025-08-26T01:58:54.6999450Z   set-safe-directory: true
job-stats	Checkout	2025-08-26T01:58:54.7000322Z env:
job-stats	Checkout	2025-08-26T01:58:54.7000768Z   KAOS_CODE: 17225724989
job-stats	Checkout	2025-08-26T01:58:54.7001351Z   KAOS_EVENT_NAME: schedule
job-stats	Checkout	2025-08-26T01:58:54.7001875Z   KAOS_ACTION: 
job-stats	Checkout	2025-08-26T01:58:54.7002332Z   KAOS_REF: refs/heads/main
job-stats	Checkout	2025-08-26T01:58:54.7002909Z   KAOS_MODULE: [Ka0S] Workflow Statistics Summary
job-stats	Checkout	2025-08-26T01:58:54.7003606Z   KAOS_PATH_RESUME: audit/workflows/
job-stats	Checkout	2025-08-26T01:58:54.7004202Z   KAOS_ACTOR: santakloud
job-stats	Checkout	2025-08-26T01:58:54.7004702Z   GH_REPO: Ka0s-Klaus/ka0s
job-stats	Checkout	2025-08-26T01:58:54.7005377Z   GH_TOKEN: ***
job-stats	Checkout	2025-08-26T01:58:54.7005820Z ##[endgroup]
job-stats	Checkout	2025-08-26T01:58:54.8166335Z Syncing repository: Ka0s-Klaus/ka0s
job-stats	Checkout	2025-08-26T01:58:54.8168607Z ##[group]Getting Git version info
job-stats	Checkout	2025-08-26T01:58:54.8169452Z Working directory is '/actions-runner/_work/ka0s/ka0s'
job-stats	Checkout	2025-08-26T01:58:54.8170564Z [command]/usr/bin/git version
job-stats	Checkout	2025-08-26T01:58:54.8171385Z git version 2.43.0
job-stats	Checkout	2025-08-26T01:58:54.8189904Z ##[endgroup]
job-stats	Checkout	2025-08-26T01:58:54.8202153Z Copying '/home/kaos/.gitconfig' to '/actions-runner/_work/_temp/436e2080-bd90-4db7-a6fc-2ea734a4f426/.gitconfig'
job-stats	Checkout	2025-08-26T01:58:54.8212744Z Temporarily overriding HOME='/actions-runner/_work/_temp/436e2080-bd90-4db7-a6fc-2ea734a4f426' before making global git config changes
job-stats	Checkout	2025-08-26T01:58:54.8214609Z Adding repository directory to the temporary git global config as a safe directory
job-stats	Checkout	2025-08-26T01:58:54.8219501Z [command]/usr/bin/git config --global --add safe.directory /actions-runner/_work/ka0s/ka0s
job-stats	Checkout	2025-08-26T01:58:54.8272447Z [command]/usr/bin/git config --local --get remote.origin.url
job-stats	Checkout	2025-08-26T01:58:54.8295655Z https://github.com/Ka0s-Klaus/ka0s
job-stats	Checkout	2025-08-26T01:58:54.8317347Z ##[group]Removing previously created refs, to avoid conflicts
job-stats	Checkout	2025-08-26T01:58:54.8322824Z [command]/usr/bin/git rev-parse --symbolic-full-name --verify --quiet HEAD
job-stats	Checkout	2025-08-26T01:58:54.8347062Z refs/heads/main
job-stats	Checkout	2025-08-26T01:58:54.8358509Z [command]/usr/bin/git checkout --detach
job-stats	Checkout	2025-08-26T01:58:54.8443666Z HEAD is now at d6ac4fdc [Ka0S] Inspector uploading resume execution files to the repository...
job-stats	Checkout	2025-08-26T01:58:54.8488943Z [command]/usr/bin/git branch --delete --force main
job-stats	Checkout	2025-08-26T01:58:54.8541336Z Deleted branch main (was d6ac4fdc).
job-stats	Checkout	2025-08-26T01:58:54.8634931Z ##[endgroup]
job-stats	Checkout	2025-08-26T01:58:54.8636607Z [command]/usr/bin/git submodule status
job-stats	Checkout	2025-08-26T01:58:54.8915022Z ##[group]Cleaning the repository
job-stats	Checkout	2025-08-26T01:58:54.8916377Z [command]/usr/bin/git clean -ffdx
job-stats	Checkout	2025-08-26T01:58:54.8957928Z [command]/usr/bin/git reset --hard HEAD
job-stats	Checkout	2025-08-26T01:58:54.9048210Z HEAD is now at d6ac4fdc [Ka0S] Inspector uploading resume execution files to the repository...
job-stats	Checkout	2025-08-26T01:58:54.9053376Z ##[endgroup]
job-stats	Checkout	2025-08-26T01:58:54.9054687Z ##[group]Disabling automatic garbage collection
job-stats	Checkout	2025-08-26T01:58:54.9059535Z [command]/usr/bin/git config --local gc.auto 0
job-stats	Checkout	2025-08-26T01:58:54.9090695Z ##[endgroup]
job-stats	Checkout	2025-08-26T01:58:54.9092183Z ##[group]Setting up auth
job-stats	Checkout	2025-08-26T01:58:54.9097884Z [command]/usr/bin/git config --local --name-only --get-regexp core\.sshCommand
job-stats	Checkout	2025-08-26T01:58:54.9138655Z [command]/usr/bin/git submodule foreach --recursive sh -c "git config --local --name-only --get-regexp 'core\.sshCommand' && git config --local --unset-all 'core.sshCommand' || :"
job-stats	Checkout	2025-08-26T01:58:54.9389136Z [command]/usr/bin/git config --local --name-only --get-regexp http\.https\:\/\/github\.com\/\.extraheader
job-stats	Checkout	2025-08-26T01:58:54.9420126Z [command]/usr/bin/git submodule foreach --recursive sh -c "git config --local --name-only --get-regexp 'http\.https\:\/\/github\.com\/\.extraheader' && git config --local --unset-all 'http.https://github.com/.extraheader' || :"
job-stats	Checkout	2025-08-26T01:58:54.9672177Z [command]/usr/bin/git config --local http.https://github.com/.extraheader AUTHORIZATION: basic ***
job-stats	Checkout	2025-08-26T01:58:54.9718971Z ##[endgroup]
job-stats	Checkout	2025-08-26T01:58:54.9719974Z ##[group]Fetching the repository
job-stats	Checkout	2025-08-26T01:58:54.9727143Z [command]/usr/bin/git -c protocol.version=2 fetch --prune --no-recurse-submodules origin +refs/heads/*:refs/remotes/origin/* +refs/tags/*:refs/tags/*
job-stats	Checkout	2025-08-26T01:58:55.8160620Z From https://github.com/Ka0s-Klaus/ka0s
job-stats	Checkout	2025-08-26T01:58:55.8163869Z    d6ac4fdc..6dfdf228  main       -> origin/main
job-stats	Checkout	2025-08-26T01:58:55.8374048Z [command]/usr/bin/git branch --list --remote origin/main
job-stats	Checkout	2025-08-26T01:58:55.8419316Z   origin/main
job-stats	Checkout	2025-08-26T01:58:55.8430839Z [command]/usr/bin/git rev-parse refs/remotes/origin/main
job-stats	Checkout	2025-08-26T01:58:55.8462723Z 6dfdf228a46fb802fee3429feaf4f9337ba8ebe7
job-stats	Checkout	2025-08-26T01:58:55.8470275Z ##[endgroup]
job-stats	Checkout	2025-08-26T01:58:55.8472584Z ##[group]Determining the checkout info
job-stats	Checkout	2025-08-26T01:58:55.8475140Z ##[endgroup]
job-stats	Checkout	2025-08-26T01:58:55.8477126Z [command]/usr/bin/git sparse-checkout disable
job-stats	Checkout	2025-08-26T01:58:55.8545185Z [command]/usr/bin/git config --local --unset-all extensions.worktreeConfig
job-stats	Checkout	2025-08-26T01:58:55.8587628Z ##[group]Checking out the ref
job-stats	Checkout	2025-08-26T01:58:55.8590780Z [command]/usr/bin/git checkout --progress --force -B main refs/remotes/origin/main
job-stats	Checkout	2025-08-26T01:58:55.8831779Z Previous HEAD position was d6ac4fdc [Ka0S] Inspector uploading resume execution files to the repository...
job-stats	Checkout	2025-08-26T01:58:55.8844361Z Switched to a new branch 'main'
job-stats	Checkout	2025-08-26T01:58:55.8846276Z branch 'main' set up to track 'origin/main'.
job-stats	Checkout	2025-08-26T01:58:55.8857149Z ##[endgroup]
job-stats	Checkout	2025-08-26T01:58:55.8917840Z [command]/usr/bin/git log -1 --format=%H
job-stats	Checkout	2025-08-26T01:58:55.8956916Z 6dfdf228a46fb802fee3429feaf4f9337ba8ebe7
job-stats	Generate names	﻿2025-08-26T01:58:55.9212724Z ##[group]Run git config --global user.name "***"
job-stats	Generate names	2025-08-26T01:58:55.9214797Z [36;1mgit config --global user.name "***"[0m
job-stats	Generate names	2025-08-26T01:58:55.9216615Z [36;1mgit config --global user.email "***"[0m
job-stats	Generate names	2025-08-26T01:58:55.9218242Z [36;1mgit pull --rebase[0m
job-stats	Generate names	2025-08-26T01:58:55.9232484Z [36;1m[0m
job-stats	Generate names	2025-08-26T01:58:55.9233825Z [36;1m# Created files of actually workflows[0m
job-stats	Generate names	2025-08-26T01:58:55.9235627Z [36;1mecho "Created files of actually workflows"[0m
job-stats	Generate names	2025-08-26T01:58:55.9237579Z [36;1mgh workflow list -a --json id,name,path,state | \[0m
job-stats	Generate names	2025-08-26T01:58:55.9239644Z [36;1m  tee audit/workflows/actually-workflows.json | \[0m
job-stats	Generate names	2025-08-26T01:58:55.9242484Z [36;1m  jq -r '["id", "name", "path", "state"],(.[]? // [] | [.id,.name,.path,.state]) | @csv' > audit/workflows/actually-workflows.csv[0m
job-stats	Generate names	2025-08-26T01:58:55.9256250Z shell: /usr/bin/bash -e {0}
job-stats	Generate names	2025-08-26T01:58:55.9257556Z env:
job-stats	Generate names	2025-08-26T01:58:55.9258555Z   KAOS_CODE: 17225724989
job-stats	Generate names	2025-08-26T01:58:55.9259792Z   KAOS_EVENT_NAME: schedule
job-stats	Generate names	2025-08-26T01:58:55.9261165Z   KAOS_ACTION: 
job-stats	Generate names	2025-08-26T01:58:55.9262573Z   KAOS_REF: refs/heads/main
job-stats	Generate names	2025-08-26T01:58:55.9264020Z   KAOS_MODULE: [Ka0S] Workflow Statistics Summary
job-stats	Generate names	2025-08-26T01:58:55.9265497Z   KAOS_PATH_RESUME: audit/workflows/
job-stats	Generate names	2025-08-26T01:58:55.9266769Z   KAOS_ACTOR: santakloud
job-stats	Generate names	2025-08-26T01:58:55.9267880Z   GH_REPO: Ka0s-Klaus/ka0s
job-stats	Generate names	2025-08-26T01:58:55.9269426Z   GH_TOKEN: ***
job-stats	Generate names	2025-08-26T01:58:55.9270405Z ##[endgroup]
job-stats	Generate names	2025-08-26T01:58:56.5065898Z Already up to date.
job-stats	Generate names	2025-08-26T01:58:56.5070909Z Created files of actually workflows
job-stats	Generate executed	﻿2025-08-26T01:58:56.9110598Z ##[group]Run # Inicializar archivo si no existe
job-stats	Generate executed	2025-08-26T01:58:56.9112819Z [36;1m# Inicializar archivo si no existe[0m
job-stats	Generate executed	2025-08-26T01:58:56.9115012Z [36;1m[ -f "audit/workflows/workflows-runs-17225724989.json" ] || echo '[]' > "audit/workflows/workflows-runs-17225724989.json"[0m
job-stats	Generate executed	2025-08-26T01:58:56.9117108Z [36;1m[0m
job-stats	Generate executed	2025-08-26T01:58:56.9118064Z [36;1m# Mostramos el fichero del que tenemos que partir[0m
job-stats	Generate executed	2025-08-26T01:58:56.9119949Z [36;1mjq -r '.[].id' audit/workflows/actually-workflows.json | while read -r workflow_id; do[0m
job-stats	Generate executed	2025-08-26T01:58:56.9122208Z [36;1m  # 1. Obtener datos paginados[0m
job-stats	Generate executed	2025-08-26T01:58:56.9123282Z [36;1m  TEMP_RAW=$(mktemp)[0m
job-stats	Generate executed	2025-08-26T01:58:56.9124247Z [36;1m  gh api --paginate \[0m
job-stats	Generate executed	2025-08-26T01:58:56.9125355Z [36;1m    -H "Accept: application/vnd.github+json" \[0m
job-stats	Generate executed	2025-08-26T01:58:56.9127447Z [36;1m    -H "Authorization: ***" \[0m
job-stats	Generate executed	2025-08-26T01:58:56.9129170Z [36;1m    "/repos/Ka0s-Klaus/ka0s/actions/workflows/$workflow_id/runs?per_page=100" \[0m
job-stats	Generate executed	2025-08-26T01:58:56.9130892Z [36;1m    --jq '.workflow_runs' > "$TEMP_RAW"[0m
job-stats	Generate executed	2025-08-26T01:58:56.9132571Z [36;1m[0m
job-stats	Generate executed	2025-08-26T01:58:56.9133587Z [36;1m  # 2. Procesar con todos los campos requeridos[0m
job-stats	Generate executed	2025-08-26T01:58:56.9134954Z [36;1m  if [ -s "$TEMP_RAW" ]; then[0m
job-stats	Generate executed	2025-08-26T01:58:56.9135971Z [36;1m    jq -c 'map({[0m
job-stats	Generate executed	2025-08-26T01:58:56.9136834Z [36;1m      id,[0m
job-stats	Generate executed	2025-08-26T01:58:56.9137766Z [36;1m      name,[0m
job-stats	Generate executed	2025-08-26T01:58:56.9138729Z [36;1m      head_branch,[0m
job-stats	Generate executed	2025-08-26T01:58:56.9139666Z [36;1m      head_sha,[0m
job-stats	Generate executed	2025-08-26T01:58:56.9140536Z [36;1m      run_number,[0m
job-stats	Generate executed	2025-08-26T01:58:56.9141737Z [36;1m      event,[0m
job-stats	Generate executed	2025-08-26T01:58:56.9142701Z [36;1m      status,[0m
job-stats	Generate executed	2025-08-26T01:58:56.9143680Z [36;1m      conclusion: (.conclusion // "unknown"),[0m
job-stats	Generate executed	2025-08-26T01:58:56.9144822Z [36;1m      workflow_id,[0m
job-stats	Generate executed	2025-08-26T01:58:56.9145711Z [36;1m      url,[0m
job-stats	Generate executed	2025-08-26T01:58:56.9146719Z [36;1m      created_at: (.created_at | fromdateiso8601 // 0),[0m
job-stats	Generate executed	2025-08-26T01:58:56.9148168Z [36;1m      updated_at: (.updated_at | fromdateiso8601 // 0),[0m
job-stats	Generate executed	2025-08-26T01:58:56.9149667Z [36;1m      run_started_at: (.run_started_at | fromdateiso8601 // 0)[0m
job-stats	Generate executed	2025-08-26T01:58:56.9151473Z [36;1m    }) | select(. != null)' "$TEMP_RAW" > processed.json[0m
job-stats	Generate executed	2025-08-26T01:58:56.9152760Z [36;1m[0m
job-stats	Generate executed	2025-08-26T01:58:56.9153667Z [36;1m    # 3. Combinación segura[0m
job-stats	Generate executed	2025-08-26T01:58:56.9154771Z [36;1m    if [ -s processed.json ]; then[0m
job-stats	Generate executed	2025-08-26T01:58:56.9156067Z [36;1m      jq -s 'add | unique_by(.id) | sort_by(-.created_at)' \[0m
job-stats	Generate executed	2025-08-26T01:58:56.9157604Z [36;1m        audit/workflows/workflows-runs-17225724989.json \[0m
job-stats	Generate executed	2025-08-26T01:58:56.9158987Z [36;1m        processed.json > merged.json[0m
job-stats	Generate executed	2025-08-26T01:58:56.9160066Z [36;1m      [0m
job-stats	Generate executed	2025-08-26T01:58:56.9161528Z [36;1m      mv merged.json audit/workflows/workflows-runs-17225724989.json[0m
job-stats	Generate executed	2025-08-26T01:58:56.9162929Z [36;1m    fi[0m
job-stats	Generate executed	2025-08-26T01:58:56.9163690Z [36;1m  fi[0m
job-stats	Generate executed	2025-08-26T01:58:56.9164547Z [36;1m  rm -f "$TEMP_RAW" processed.json[0m
job-stats	Generate executed	2025-08-26T01:58:56.9165642Z [36;1mdone[0m
job-stats	Generate executed	2025-08-26T01:58:56.9166393Z [36;1m[0m
job-stats	Generate executed	2025-08-26T01:58:56.9167159Z [36;1m# 4. Generar output final[0m
job-stats	Generate executed	2025-08-26T01:58:56.9169283Z [36;1mjq 'sort_by(-.created_at)' audit/workflows/workflows-runs-17225724989.json > audit/workflows/actually-workflows-runs.json[0m
job-stats	Generate executed	2025-08-26T01:58:56.9171918Z [36;1mjq -r '[0m
job-stats	Generate executed	2025-08-26T01:58:56.9173940Z [36;1m  (["id", "name", "head_branch", "head_sha", "run_number", "event", "status", "conclusion", "workflow_id", "url", "created_at", "updated_at", "run_started_at"] | @csv),[0m
job-stats	Generate executed	2025-08-26T01:58:56.9176519Z [36;1m  (.[] | [[0m
job-stats	Generate executed	2025-08-26T01:58:56.9177330Z [36;1m    .id,[0m
job-stats	Generate executed	2025-08-26T01:58:56.9178111Z [36;1m    .name,[0m
job-stats	Generate executed	2025-08-26T01:58:56.9178944Z [36;1m    .head_branch,[0m
job-stats	Generate executed	2025-08-26T01:58:56.9179865Z [36;1m    .head_sha,[0m
job-stats	Generate executed	2025-08-26T01:58:56.9180749Z [36;1m    .run_number,[0m
job-stats	Generate executed	2025-08-26T01:58:56.9181999Z [36;1m    .event,[0m
job-stats	Generate executed	2025-08-26T01:58:56.9182825Z [36;1m    .status,[0m
job-stats	Generate executed	2025-08-26T01:58:56.9183905Z [36;1m    .conclusion,[0m
job-stats	Generate executed	2025-08-26T01:58:56.9184804Z [36;1m    .workflow_id,[0m
job-stats	Generate executed	2025-08-26T01:58:56.9185690Z [36;1m    .url,[0m
job-stats	Generate executed	2025-08-26T01:58:56.9186497Z [36;1m    .created_at,[0m
job-stats	Generate executed	2025-08-26T01:58:56.9187379Z [36;1m    .updated_at,[0m
job-stats	Generate executed	2025-08-26T01:58:56.9188259Z [36;1m    .run_started_at[0m
job-stats	Generate executed	2025-08-26T01:58:56.9189152Z [36;1m  ] | @csv)[0m
job-stats	Generate executed	2025-08-26T01:58:56.9190788Z [36;1m' audit/workflows/actually-workflows-runs.json > audit/workflows/actually-workflows-runs.csv[0m
job-stats	Generate executed	2025-08-26T01:58:56.9199663Z shell: /usr/bin/bash -e {0}
job-stats	Generate executed	2025-08-26T01:58:56.9200648Z env:
job-stats	Generate executed	2025-08-26T01:58:56.9201734Z   KAOS_CODE: 17225724989
job-stats	Generate executed	2025-08-26T01:58:56.9202735Z   KAOS_EVENT_NAME: schedule
job-stats	Generate executed	2025-08-26T01:58:56.9203605Z   KAOS_ACTION: 
job-stats	Generate executed	2025-08-26T01:58:56.9204381Z   KAOS_REF: refs/heads/main
job-stats	Generate executed	2025-08-26T01:58:56.9205377Z   KAOS_MODULE: [Ka0S] Workflow Statistics Summary
job-stats	Generate executed	2025-08-26T01:58:56.9206528Z   KAOS_PATH_RESUME: audit/workflows/
job-stats	Generate executed	2025-08-26T01:58:56.9207522Z   KAOS_ACTOR: santakloud
job-stats	Generate executed	2025-08-26T01:58:56.9208413Z   GH_REPO: Ka0s-Klaus/ka0s
job-stats	Generate executed	2025-08-26T01:58:56.9209573Z   GH_TOKEN: ***
job-stats	Generate executed	2025-08-26T01:58:56.9210326Z ##[endgroup]
job-stats	Generate actually issues	﻿2025-08-26T02:07:25.5713265Z ##[group]Run gh api \
job-stats	Generate actually issues	2025-08-26T02:07:25.5713663Z [36;1mgh api \[0m
job-stats	Generate actually issues	2025-08-26T02:07:25.5714022Z [36;1m  "/repos/Ka0s-Klaus/ka0s/issues?state=all&filter=all&per_page=100" \[0m
job-stats	Generate actually issues	2025-08-26T02:07:25.5714453Z [36;1m  --paginate \[0m
job-stats	Generate actually issues	2025-08-26T02:07:25.5714736Z [36;1m  --jq '[.[] | select(.pull_request == null) | {[0m
job-stats	Generate actually issues	2025-08-26T02:07:25.5715157Z [36;1m    assignees: ((.assignees // []) | map(.login) | join(";")),[0m
job-stats	Generate actually issues	2025-08-26T02:07:25.5715535Z [36;1m    author: .user.login,[0m
job-stats	Generate actually issues	2025-08-26T02:07:25.5715807Z [36;1m    body: (.body // ""),[0m
job-stats	Generate actually issues	2025-08-26T02:07:25.5716089Z [36;1m    closed: (.state == "closed"),[0m
job-stats	Generate actually issues	2025-08-26T02:07:25.5716394Z [36;1m    closedAt: (.closed_at // ""),[0m
job-stats	Generate actually issues	2025-08-26T02:07:25.5716688Z [36;1m    comments: (.comments // 0),[0m
job-stats	Generate actually issues	2025-08-26T02:07:25.5716983Z [36;1m    createdAt: .created_at,[0m
job-stats	Generate actually issues	2025-08-26T02:07:25.5717256Z [36;1m    id,[0m
job-stats	Generate actually issues	2025-08-26T02:07:25.5717647Z [36;1m    labels: ((.labels // []) | map(.name) | join(";")),[0m
job-stats	Generate actually issues	2025-08-26T02:07:25.5718009Z [36;1m    milestone: (.milestone.title // ""),[0m
job-stats	Generate actually issues	2025-08-26T02:07:25.5718367Z [36;1m    number,[0m
job-stats	Generate actually issues	2025-08-26T02:07:25.5718688Z [36;1m    projectCards: ((.project_cards // []) | map(.url) | join(";")),[0m
job-stats	Generate actually issues	2025-08-26T02:07:25.5719152Z [36;1m    projectItems: ((.project_items // []) | map(.url) | join(";")),[0m
job-stats	Generate actually issues	2025-08-26T02:07:25.5719688Z [36;1m    reactionGroups: ((.reactions // {}) | to_entries | map("\(.key)=\(.value)") | join(";")),[0m
job-stats	Generate actually issues	2025-08-26T02:07:25.5720114Z [36;1m    state,[0m
job-stats	Generate actually issues	2025-08-26T02:07:25.5720329Z [36;1m    title,[0m
job-stats	Generate actually issues	2025-08-26T02:07:25.5720560Z [36;1m    updatedAt: .updated_at,[0m
job-stats	Generate actually issues	2025-08-26T02:07:25.5720824Z [36;1m    url: .html_url[0m
job-stats	Generate actually issues	2025-08-26T02:07:25.5721256Z [36;1m  }]' \[0m
job-stats	Generate actually issues	2025-08-26T02:07:25.5721655Z [36;1m  | tee ${KAOS_PATH_RESUME}issue-log-${KAOS_CODE}.json \[0m
job-stats	Generate actually issues	2025-08-26T02:07:25.5722111Z [36;1m  | jq -r '[0m
job-stats	Generate actually issues	2025-08-26T02:07:25.5722375Z [36;1m    (if type == "array" and length > 0 then[0m
job-stats	Generate actually issues	2025-08-26T02:07:25.5722660Z [36;1m      [[0m
job-stats	Generate actually issues	2025-08-26T02:07:25.5722865Z [36;1m        "assignees",[0m
job-stats	Generate actually issues	2025-08-26T02:07:25.5723142Z [36;1m        "author",[0m
job-stats	Generate actually issues	2025-08-26T02:07:25.5723404Z [36;1m        "body",[0m
job-stats	Generate actually issues	2025-08-26T02:07:25.5723633Z [36;1m        "closed",[0m
job-stats	Generate actually issues	2025-08-26T02:07:25.5723864Z [36;1m        "closedAt",[0m
job-stats	Generate actually issues	2025-08-26T02:07:25.5724103Z [36;1m        "comments",[0m
job-stats	Generate actually issues	2025-08-26T02:07:25.5724560Z [36;1m        "createdAt",[0m
job-stats	Generate actually issues	2025-08-26T02:07:25.5724795Z [36;1m        "id",[0m
job-stats	Generate actually issues	2025-08-26T02:07:25.5725013Z [36;1m        "labels",[0m
job-stats	Generate actually issues	2025-08-26T02:07:25.5725246Z [36;1m        "milestone",[0m
job-stats	Generate actually issues	2025-08-26T02:07:25.5725479Z [36;1m        "number",[0m
job-stats	Generate actually issues	2025-08-26T02:07:25.5725718Z [36;1m        "projectCards",[0m
job-stats	Generate actually issues	2025-08-26T02:07:25.5725972Z [36;1m        "projectItems",[0m
job-stats	Generate actually issues	2025-08-26T02:07:25.5726231Z [36;1m        "reactionGroups",[0m
job-stats	Generate actually issues	2025-08-26T02:07:25.5726484Z [36;1m        "state",[0m
job-stats	Generate actually issues	2025-08-26T02:07:25.5726709Z [36;1m        "title",[0m
job-stats	Generate actually issues	2025-08-26T02:07:25.5726939Z [36;1m        "updatedAt",[0m
job-stats	Generate actually issues	2025-08-26T02:07:25.5727183Z [36;1m        "url"[0m
job-stats	Generate actually issues	2025-08-26T02:07:25.5727387Z [36;1m      ],[0m
job-stats	Generate actually issues	2025-08-26T02:07:25.5727592Z [36;1m      (.[] | [[0m
job-stats	Generate actually issues	2025-08-26T02:07:25.5727816Z [36;1m        .assignees,[0m
job-stats	Generate actually issues	2025-08-26T02:07:25.5728057Z [36;1m        .author,[0m
job-stats	Generate actually issues	2025-08-26T02:07:25.5728279Z [36;1m        .body,[0m
job-stats	Generate actually issues	2025-08-26T02:07:25.5728507Z [36;1m        .closed,[0m
job-stats	Generate actually issues	2025-08-26T02:07:25.5728728Z [36;1m        .closedAt,[0m
job-stats	Generate actually issues	2025-08-26T02:07:25.5728967Z [36;1m        .comments,[0m
job-stats	Generate actually issues	2025-08-26T02:07:25.5729202Z [36;1m        .createdAt,[0m
job-stats	Generate actually issues	2025-08-26T02:07:25.5729429Z [36;1m        .id,[0m
job-stats	Generate actually issues	2025-08-26T02:07:25.5729644Z [36;1m        .labels,[0m
job-stats	Generate actually issues	2025-08-26T02:07:25.5729869Z [36;1m        .milestone,[0m
job-stats	Generate actually issues	2025-08-26T02:07:25.5730098Z [36;1m        .number,[0m
job-stats	Generate actually issues	2025-08-26T02:07:25.5730337Z [36;1m        .projectCards,[0m
job-stats	Generate actually issues	2025-08-26T02:07:25.5730590Z [36;1m        .projectItems,[0m
job-stats	Generate actually issues	2025-08-26T02:07:25.5730841Z [36;1m        .reactionGroups,[0m
job-stats	Generate actually issues	2025-08-26T02:07:25.5731301Z [36;1m        .state,[0m
job-stats	Generate actually issues	2025-08-26T02:07:25.5731943Z [36;1m        .title,[0m
job-stats	Generate actually issues	2025-08-26T02:07:25.5732164Z [36;1m        .updatedAt,[0m
job-stats	Generate actually issues	2025-08-26T02:07:25.5732401Z [36;1m        .url[0m
job-stats	Generate actually issues	2025-08-26T02:07:25.5732610Z [36;1m      ])[0m
job-stats	Generate actually issues	2025-08-26T02:07:25.5732807Z [36;1m    else[0m
job-stats	Generate actually issues	2025-08-26T02:07:25.5733008Z [36;1m      empty[0m
job-stats	Generate actually issues	2025-08-26T02:07:25.5733224Z [36;1m    end) | @csv[0m
job-stats	Generate actually issues	2025-08-26T02:07:25.5733479Z [36;1m  ' > ${KAOS_PATH_RESUME}actually-issue.csv[0m
job-stats	Generate actually issues	2025-08-26T02:07:25.5733763Z [36;1m[0m
job-stats	Generate actually issues	2025-08-26T02:07:25.5733987Z [36;1m    echo "Formateamos el fichero de JSON"[0m
job-stats	Generate actually issues	2025-08-26T02:07:25.5734498Z [36;1m    cat audit/workflows/issue-log-17225724989.json | jq -s '.' > audit/workflows/actually-issue.json[0m
job-stats	Generate actually issues	2025-08-26T02:07:25.5740714Z shell: /usr/bin/bash -e {0}
job-stats	Generate actually issues	2025-08-26T02:07:25.5741609Z env:
job-stats	Generate actually issues	2025-08-26T02:07:25.5741940Z   KAOS_CODE: 17225724989
job-stats	Generate actually issues	2025-08-26T02:07:25.5742179Z   KAOS_EVENT_NAME: schedule
job-stats	Generate actually issues	2025-08-26T02:07:25.5751221Z   KAOS_ACTION: 
job-stats	Generate actually issues	2025-08-26T02:07:25.5751770Z   KAOS_REF: refs/heads/main
job-stats	Generate actually issues	2025-08-26T02:07:25.5752075Z   KAOS_MODULE: [Ka0S] Workflow Statistics Summary
job-stats	Generate actually issues	2025-08-26T02:07:25.5752395Z   KAOS_PATH_RESUME: audit/workflows/
job-stats	Generate actually issues	2025-08-26T02:07:25.5752786Z   KAOS_ACTOR: santakloud
job-stats	Generate actually issues	2025-08-26T02:07:25.5753012Z   GH_REPO: Ka0s-Klaus/ka0s
job-stats	Generate actually issues	2025-08-26T02:07:25.5753786Z   GH_TOKEN: ***
job-stats	Generate actually issues	2025-08-26T02:07:25.5753997Z ##[endgroup]
job-stats	Generate actually issues	2025-08-26T02:07:35.3761972Z Formateamos el fichero de JSON
job-stats	Generated actually Pull Request	﻿2025-08-26T02:07:35.4134073Z ##[group]Run # Creamos el fichero de PR
job-stats	Generated actually Pull Request	2025-08-26T02:07:35.4134785Z [36;1m# Creamos el fichero de PR[0m
job-stats	Generated actually Pull Request	2025-08-26T02:07:35.4135107Z [36;1mtouch ${KAOS_PATH_RESUME}pr-log-${KAOS_CODE}.json[0m
job-stats	Generated actually Pull Request	2025-08-26T02:07:35.4135414Z [36;1m[0m
job-stats	Generated actually Pull Request	2025-08-26T02:07:35.4135693Z [36;1m# Extraemos toda la información de las PR hasta el momento[0m
job-stats	Generated actually Pull Request	2025-08-26T02:07:35.4136139Z [36;1mecho "Extraemos toda la información de las PR hasta el momento"[0m
job-stats	Generated actually Pull Request	2025-08-26T02:07:35.4136497Z [36;1mgh api \[0m
job-stats	Generated actually Pull Request	2025-08-26T02:07:35.4136780Z [36;1m  "/repos/Ka0s-Klaus/ka0s/pulls?state=all&per_page=100" \[0m
job-stats	Generated actually Pull Request	2025-08-26T02:07:35.4137121Z [36;1m  --paginate \[0m
job-stats	Generated actually Pull Request	2025-08-26T02:07:35.4137347Z [36;1m  --jq '[.[] | {[0m
job-stats	Generated actually Pull Request	2025-08-26T02:07:35.4137571Z [36;1m    additions,[0m
job-stats	Generated actually Pull Request	2025-08-26T02:07:35.4137868Z [36;1m    assignees: ((.assignees // []) | map(.login) | join(";")),[0m
job-stats	Generated actually Pull Request	2025-08-26T02:07:35.4138215Z [36;1m    author: (.user.login // ""),[0m
job-stats	Generated actually Pull Request	2025-08-26T02:07:35.4138718Z [36;1m    autoMergeRequest: (.auto_merge // false),[0m
job-stats	Generated actually Pull Request	2025-08-26T02:07:35.4139049Z [36;1m    baseRefName,[0m
job-stats	Generated actually Pull Request	2025-08-26T02:07:35.4139274Z [36;1m    body: (.body // ""),[0m
job-stats	Generated actually Pull Request	2025-08-26T02:07:35.4139518Z [36;1m    changedFiles,[0m
job-stats	Generated actually Pull Request	2025-08-26T02:07:35.4139763Z [36;1m    closed: (.state == "closed"),[0m
job-stats	Generated actually Pull Request	2025-08-26T02:07:35.4140044Z [36;1m    closedAt: (.closed_at // ""),[0m
job-stats	Generated actually Pull Request	2025-08-26T02:07:35.4140322Z [36;1m    comments: (.comments // 0),[0m
job-stats	Generated actually Pull Request	2025-08-26T02:07:35.4140590Z [36;1m    commits: (.commits // 0),[0m
job-stats	Generated actually Pull Request	2025-08-26T02:07:35.4140839Z [36;1m    createdAt,[0m
job-stats	Generated actually Pull Request	2025-08-26T02:07:35.4141060Z [36;1m    deletions,[0m
job-stats	Generated actually Pull Request	2025-08-26T02:07:35.4141731Z [36;1m    files: ((.files // []) | map(.filename) | join(";")),[0m
job-stats	Generated actually Pull Request	2025-08-26T02:07:35.4142080Z [36;1m    fullDatabaseId,[0m
job-stats	Generated actually Pull Request	2025-08-26T02:07:35.4142455Z [36;1m    headRefName,[0m
job-stats	Generated actually Pull Request	2025-08-26T02:07:35.4142742Z [36;1m    headRepository: (.head.repo.full_name // ""),[0m
job-stats	Generated actually Pull Request	2025-08-26T02:07:35.4143143Z [36;1m    headRepositoryOwner: (.head.repo.owner.login // ""),[0m
job-stats	Generated actually Pull Request	2025-08-26T02:07:35.4143598Z [36;1m    id,[0m
job-stats	Generated actually Pull Request	2025-08-26T02:07:35.4143884Z [36;1m    isCrossRepository: (.head.repo.id != .base.repo.id),[0m
job-stats	Generated actually Pull Request	2025-08-26T02:07:35.4144216Z [36;1m    isDraft,[0m
job-stats	Generated actually Pull Request	2025-08-26T02:07:35.4144482Z [36;1m    labels: ((.labels // []) | map(.name) | join(";")),[0m
job-stats	Generated actually Pull Request	2025-08-26T02:07:35.4144894Z [36;1m    latestReviews: ((.latest_reviews // []) | map(.state) | join(";")),[0m
job-stats	Generated actually Pull Request	2025-08-26T02:07:35.4145270Z [36;1m    maintainerCanModify,[0m
job-stats	Generated actually Pull Request	2025-08-26T02:07:35.4145551Z [36;1m    mergeCommit: (.merge_commit_sha // ""),[0m
job-stats	Generated actually Pull Request	2025-08-26T02:07:35.4145849Z [36;1m    mergeStateStatus,[0m
job-stats	Generated actually Pull Request	2025-08-26T02:07:35.4146091Z [36;1m    mergeable,[0m
job-stats	Generated actually Pull Request	2025-08-26T02:07:35.4146328Z [36;1m    mergedAt: (.merged_at // ""),[0m
job-stats	Generated actually Pull Request	2025-08-26T02:07:35.4146618Z [36;1m    mergedBy: (.merged_by.login // ""),[0m
job-stats	Generated actually Pull Request	2025-08-26T02:07:35.4146925Z [36;1m    milestone: (.milestone.title // ""),[0m
job-stats	Generated actually Pull Request	2025-08-26T02:07:35.4147204Z [36;1m    number,[0m
job-stats	Generated actually Pull Request	2025-08-26T02:07:35.4147508Z [36;1m    projectCards: ((.project_cards // []) | map(.url) | join(";")),[0m
job-stats	Generated actually Pull Request	2025-08-26T02:07:35.4147958Z [36;1m    projectItems: ((.project_items // []) | map(.url) | join(";")),[0m
job-stats	Generated actually Pull Request	2025-08-26T02:07:35.4148459Z [36;1m    reactionGroups: ((.reactions // {}) | to_entries | map("\(.key)=\(.value)") | join(";")),[0m
job-stats	Generated actually Pull Request	2025-08-26T02:07:35.4148875Z [36;1m    reviewDecision,[0m
job-stats	Generated actually Pull Request	2025-08-26T02:07:35.4149219Z [36;1m    reviewRequests: ((.review_requests // []) | map(.login) | join(";")),[0m
job-stats	Generated actually Pull Request	2025-08-26T02:07:35.4149653Z [36;1m    reviews: ((.reviews // []) | map(.state) | join(";")),[0m
job-stats	Generated actually Pull Request	2025-08-26T02:07:35.4149966Z [36;1m    state,[0m
job-stats	Generated actually Pull Request	2025-08-26T02:07:35.4150309Z [36;1m    statusCheckRollup: ((.status_check_rollup // []) | map(.context) | join(";")),[0m
job-stats	Generated actually Pull Request	2025-08-26T02:07:35.4150705Z [36;1m    title,[0m
job-stats	Generated actually Pull Request	2025-08-26T02:07:35.4150914Z [36;1m    updatedAt,[0m
job-stats	Generated actually Pull Request	2025-08-26T02:07:35.4151525Z [36;1m    url: .html_url[0m
job-stats	Generated actually Pull Request	2025-08-26T02:07:35.4152002Z [36;1m  }]' \[0m
job-stats	Generated actually Pull Request	2025-08-26T02:07:35.4152253Z [36;1m  | tee ${KAOS_PATH_RESUME}pr-log-${KAOS_CODE}.json \[0m
job-stats	Generated actually Pull Request	2025-08-26T02:07:35.4152564Z [36;1m  | jq -r '[0m
job-stats	Generated actually Pull Request	2025-08-26T02:07:35.4152976Z [36;1m    (if type == "array" and length > 0 then[0m
job-stats	Generated actually Pull Request	2025-08-26T02:07:35.4153251Z [36;1m      [[0m
job-stats	Generated actually Pull Request	2025-08-26T02:07:35.4153447Z [36;1m        "additions",[0m
job-stats	Generated actually Pull Request	2025-08-26T02:07:35.4153681Z [36;1m        "assignees",[0m
job-stats	Generated actually Pull Request	2025-08-26T02:07:35.4153908Z [36;1m        "author",[0m
job-stats	Generated actually Pull Request	2025-08-26T02:07:35.4154141Z [36;1m        "autoMergeRequest",[0m
job-stats	Generated actually Pull Request	2025-08-26T02:07:35.4154394Z [36;1m        "baseRefName",[0m
job-stats	Generated actually Pull Request	2025-08-26T02:07:35.4154630Z [36;1m        "body",[0m
job-stats	Generated actually Pull Request	2025-08-26T02:07:35.4154850Z [36;1m        "changedFiles",[0m
job-stats	Generated actually Pull Request	2025-08-26T02:07:35.4155094Z [36;1m        "closed",[0m
job-stats	Generated actually Pull Request	2025-08-26T02:07:35.4155317Z [36;1m        "closedAt",[0m
job-stats	Generated actually Pull Request	2025-08-26T02:07:35.4155546Z [36;1m        "comments",[0m
job-stats	Generated actually Pull Request	2025-08-26T02:07:35.4155768Z [36;1m        "commits",[0m
job-stats	Generated actually Pull Request	2025-08-26T02:07:35.4155996Z [36;1m        "createdAt",[0m
job-stats	Generated actually Pull Request	2025-08-26T02:07:35.4156229Z [36;1m        "deletions",[0m
job-stats	Generated actually Pull Request	2025-08-26T02:07:35.4156573Z [36;1m        "files",[0m
job-stats	Generated actually Pull Request	2025-08-26T02:07:35.4156807Z [36;1m        "fullDatabaseId",[0m
job-stats	Generated actually Pull Request	2025-08-26T02:07:35.4157058Z [36;1m        "headRefName",[0m
job-stats	Generated actually Pull Request	2025-08-26T02:07:35.4157300Z [36;1m        "headRepository",[0m
job-stats	Generated actually Pull Request	2025-08-26T02:07:35.4157565Z [36;1m        "headRepositoryOwner",[0m
job-stats	Generated actually Pull Request	2025-08-26T02:07:35.4157825Z [36;1m        "id",[0m
job-stats	Generated actually Pull Request	2025-08-26T02:07:35.4158048Z [36;1m        "isCrossRepository",[0m
job-stats	Generated actually Pull Request	2025-08-26T02:07:35.4158305Z [36;1m        "isDraft",[0m
job-stats	Generated actually Pull Request	2025-08-26T02:07:35.4158530Z [36;1m        "labels",[0m
job-stats	Generated actually Pull Request	2025-08-26T02:07:35.4158757Z [36;1m        "latestReviews",[0m
job-stats	Generated actually Pull Request	2025-08-26T02:07:35.4159019Z [36;1m        "maintainerCanModify",[0m
job-stats	Generated actually Pull Request	2025-08-26T02:07:35.4159287Z [36;1m        "mergeCommit",[0m
job-stats	Generated actually Pull Request	2025-08-26T02:07:35.4159537Z [36;1m        "mergeStateStatus",[0m
job-stats	Generated actually Pull Request	2025-08-26T02:07:35.4159790Z [36;1m        "mergeable",[0m
job-stats	Generated actually Pull Request	2025-08-26T02:07:35.4160021Z [36;1m        "mergedAt",[0m
job-stats	Generated actually Pull Request	2025-08-26T02:07:35.4160244Z [36;1m        "mergedBy",[0m
job-stats	Generated actually Pull Request	2025-08-26T02:07:35.4160476Z [36;1m        "milestone",[0m
job-stats	Generated actually Pull Request	2025-08-26T02:07:35.4160706Z [36;1m        "number",[0m
job-stats	Generated actually Pull Request	2025-08-26T02:07:35.4160946Z [36;1m        "projectCards",[0m
job-stats	Generated actually Pull Request	2025-08-26T02:07:35.4161571Z [36;1m        "projectItems",[0m
job-stats	Generated actually Pull Request	2025-08-26T02:07:35.4162090Z [36;1m        "reactionGroups",[0m
job-stats	Generated actually Pull Request	2025-08-26T02:07:35.4162360Z [36;1m        "reviewDecision",[0m
job-stats	Generated actually Pull Request	2025-08-26T02:07:35.4162631Z [36;1m        "reviewRequests",[0m
job-stats	Generated actually Pull Request	2025-08-26T02:07:35.4162893Z [36;1m        "reviews",[0m
job-stats	Generated actually Pull Request	2025-08-26T02:07:35.4163137Z [36;1m        "state",[0m
job-stats	Generated actually Pull Request	2025-08-26T02:07:35.4163389Z [36;1m        "statusCheckRollup",[0m
job-stats	Generated actually Pull Request	2025-08-26T02:07:35.4163662Z [36;1m        "title",[0m
job-stats	Generated actually Pull Request	2025-08-26T02:07:35.4163895Z [36;1m        "updatedAt",[0m
job-stats	Generated actually Pull Request	2025-08-26T02:07:35.4164137Z [36;1m        "url"[0m
job-stats	Generated actually Pull Request	2025-08-26T02:07:35.4164355Z [36;1m      ],[0m
job-stats	Generated actually Pull Request	2025-08-26T02:07:35.4164559Z [36;1m      (.[] | [[0m
job-stats	Generated actually Pull Request	2025-08-26T02:07:35.4164790Z [36;1m        .additions,[0m
job-stats	Generated actually Pull Request	2025-08-26T02:07:35.4165036Z [36;1m        .assignees,[0m
job-stats	Generated actually Pull Request	2025-08-26T02:07:35.4165277Z [36;1m        .author,[0m
job-stats	Generated actually Pull Request	2025-08-26T02:07:35.4165527Z [36;1m        .autoMergeRequest,[0m
job-stats	Generated actually Pull Request	2025-08-26T02:07:35.4165805Z [36;1m        .baseRefName,[0m
job-stats	Generated actually Pull Request	2025-08-26T02:07:35.4166052Z [36;1m        .body,[0m
job-stats	Generated actually Pull Request	2025-08-26T02:07:35.4166285Z [36;1m        .changedFiles,[0m
job-stats	Generated actually Pull Request	2025-08-26T02:07:35.4166547Z [36;1m        .closed,[0m
job-stats	Generated actually Pull Request	2025-08-26T02:07:35.4166777Z [36;1m        .closedAt,[0m
job-stats	Generated actually Pull Request	2025-08-26T02:07:35.4167022Z [36;1m        .comments,[0m
job-stats	Generated actually Pull Request	2025-08-26T02:07:35.4167271Z [36;1m        .commits,[0m
job-stats	Generated actually Pull Request	2025-08-26T02:07:35.4167510Z [36;1m        .createdAt,[0m
job-stats	Generated actually Pull Request	2025-08-26T02:07:35.4167760Z [36;1m        .deletions,[0m
job-stats	Generated actually Pull Request	2025-08-26T02:07:35.4168002Z [36;1m        .files,[0m
job-stats	Generated actually Pull Request	2025-08-26T02:07:35.4168242Z [36;1m        .fullDatabaseId,[0m
job-stats	Generated actually Pull Request	2025-08-26T02:07:35.4168513Z [36;1m        .headRefName,[0m
job-stats	Generated actually Pull Request	2025-08-26T02:07:35.4168779Z [36;1m        .headRepository,[0m
job-stats	Generated actually Pull Request	2025-08-26T02:07:35.4169068Z [36;1m        .headRepositoryOwner,[0m
job-stats	Generated actually Pull Request	2025-08-26T02:07:35.4169348Z [36;1m        .id,[0m
job-stats	Generated actually Pull Request	2025-08-26T02:07:35.4169598Z [36;1m        .isCrossRepository,[0m
job-stats	Generated actually Pull Request	2025-08-26T02:07:35.4170014Z [36;1m        .isDraft,[0m
job-stats	Generated actually Pull Request	2025-08-26T02:07:35.4170255Z [36;1m        .labels,[0m
job-stats	Generated actually Pull Request	2025-08-26T02:07:35.4170501Z [36;1m        .latestReviews,[0m
job-stats	Generated actually Pull Request	2025-08-26T02:07:35.4170780Z [36;1m        .maintainerCanModify,[0m
job-stats	Generated actually Pull Request	2025-08-26T02:07:35.4171110Z [36;1m        .mergeCommit,[0m
job-stats	Generated actually Pull Request	2025-08-26T02:07:35.4171375Z [36;1m        .mergeStateStatus,[0m
job-stats	Generated actually Pull Request	2025-08-26T02:07:35.4171649Z [36;1m        .mergeable,[0m
job-stats	Generated actually Pull Request	2025-08-26T02:07:35.4171944Z [36;1m        .mergedAt,[0m
job-stats	Generated actually Pull Request	2025-08-26T02:07:35.4172257Z [36;1m        .mergedBy,[0m
job-stats	Generated actually Pull Request	2025-08-26T02:07:35.4172502Z [36;1m        .milestone,[0m
job-stats	Generated actually Pull Request	2025-08-26T02:07:35.4172749Z [36;1m        .number,[0m
job-stats	Generated actually Pull Request	2025-08-26T02:07:35.4172996Z [36;1m        .projectCards,[0m
job-stats	Generated actually Pull Request	2025-08-26T02:07:35.4173266Z [36;1m        .projectItems,[0m
job-stats	Generated actually Pull Request	2025-08-26T02:07:35.4173547Z [36;1m        .reactionGroups,[0m
job-stats	Generated actually Pull Request	2025-08-26T02:07:35.4173834Z [36;1m        .reviewDecision,[0m
job-stats	Generated actually Pull Request	2025-08-26T02:07:35.4174246Z [36;1m        .reviewRequests,[0m
job-stats	Generated actually Pull Request	2025-08-26T02:07:35.4174511Z [36;1m        .reviews,[0m
job-stats	Generated actually Pull Request	2025-08-26T02:07:35.4174755Z [36;1m        .state,[0m
job-stats	Generated actually Pull Request	2025-08-26T02:07:35.4175006Z [36;1m        .statusCheckRollup,[0m
job-stats	Generated actually Pull Request	2025-08-26T02:07:35.4175280Z [36;1m        .title,[0m
job-stats	Generated actually Pull Request	2025-08-26T02:07:35.4175512Z [36;1m        .updatedAt,[0m
job-stats	Generated actually Pull Request	2025-08-26T02:07:35.4175750Z [36;1m        .url[0m
job-stats	Generated actually Pull Request	2025-08-26T02:07:35.4175979Z [36;1m      ])[0m
job-stats	Generated actually Pull Request	2025-08-26T02:07:35.4176182Z [36;1m    else[0m
job-stats	Generated actually Pull Request	2025-08-26T02:07:35.4176391Z [36;1m      empty[0m
job-stats	Generated actually Pull Request	2025-08-26T02:07:35.4176605Z [36;1m    end) | @csv[0m
job-stats	Generated actually Pull Request	2025-08-26T02:07:35.4176873Z [36;1m  ' > ${KAOS_PATH_RESUME}actually-pr.csv[0m
job-stats	Generated actually Pull Request	2025-08-26T02:07:35.4177170Z [36;1m[0m
job-stats	Generated actually Pull Request	2025-08-26T02:07:35.4177378Z [36;1m# Formatear JSON final[0m
job-stats	Generated actually Pull Request	2025-08-26T02:07:35.4177836Z [36;1mcat ${KAOS_PATH_RESUME}pr-log-${KAOS_CODE}.json | jq -s '.' > ${KAOS_PATH_RESUME}actually-pr.json[0m
job-stats	Generated actually Pull Request	2025-08-26T02:07:35.4178352Z [36;1mecho "Mostramos el contenido del fichero"[0m
job-stats	Generated actually Pull Request	2025-08-26T02:07:35.4178711Z [36;1m#cat audit/workflows/actually-pr.json[0m
job-stats	Generated actually Pull Request	2025-08-26T02:07:35.4185198Z shell: /usr/bin/bash -e {0}
job-stats	Generated actually Pull Request	2025-08-26T02:07:35.4185466Z env:
job-stats	Generated actually Pull Request	2025-08-26T02:07:35.4185671Z   KAOS_CODE: 17225724989
job-stats	Generated actually Pull Request	2025-08-26T02:07:35.4185914Z   KAOS_EVENT_NAME: schedule
job-stats	Generated actually Pull Request	2025-08-26T02:07:35.4186155Z   KAOS_ACTION: 
job-stats	Generated actually Pull Request	2025-08-26T02:07:35.4186373Z   KAOS_REF: refs/heads/main
job-stats	Generated actually Pull Request	2025-08-26T02:07:35.4186650Z   KAOS_MODULE: [Ka0S] Workflow Statistics Summary
job-stats	Generated actually Pull Request	2025-08-26T02:07:35.4186981Z   KAOS_PATH_RESUME: audit/workflows/
job-stats	Generated actually Pull Request	2025-08-26T02:07:35.4187259Z   KAOS_ACTOR: santakloud
job-stats	Generated actually Pull Request	2025-08-26T02:07:35.4187500Z   GH_REPO: Ka0s-Klaus/ka0s
job-stats	Generated actually Pull Request	2025-08-26T02:07:35.4188032Z   GH_TOKEN: ***
job-stats	Generated actually Pull Request	2025-08-26T02:07:35.4188247Z ##[endgroup]
job-stats	Generated actually Pull Request	2025-08-26T02:07:35.4233019Z Extraemos toda la información de las PR hasta el momento
job-stats	Generated actually Pull Request	2025-08-26T02:07:38.7578737Z Mostramos el contenido del fichero
job-stats	Upload Files	﻿2025-08-26T02:07:38.7609939Z ##[group]Run echo "Downloading files to the repository..."
job-stats	Upload Files	2025-08-26T02:07:38.7610419Z [36;1mecho "Downloading files to the repository..."[0m
job-stats	Upload Files	2025-08-26T02:07:38.7610920Z [36;1mgit config --global user.name "***"[0m
job-stats	Upload Files	2025-08-26T02:07:38.7611824Z [36;1mgit config --global user.email "***"[0m
job-stats	Upload Files	2025-08-26T02:07:38.7612114Z [36;1mgit pull[0m
job-stats	Upload Files	2025-08-26T02:07:38.7612367Z [36;1mecho "Uploading files to the repository..."[0m
job-stats	Upload Files	2025-08-26T02:07:38.7612690Z [36;1mgit add audit/workflows/*[0m
job-stats	Upload Files	2025-08-26T02:07:38.7613126Z [36;1mgit commit -m "[Ka0S] Uploading resume workflows execution files to the repository..."[0m
job-stats	Upload Files	2025-08-26T02:07:38.7613591Z [36;1mgit push origin refs/heads/main[0m
job-stats	Upload Files	2025-08-26T02:07:38.7621096Z shell: /usr/bin/bash -e {0}
job-stats	Upload Files	2025-08-26T02:07:38.7621553Z env:
job-stats	Upload Files	2025-08-26T02:07:38.7621999Z   KAOS_CODE: 17225724989
job-stats	Upload Files	2025-08-26T02:07:38.7622239Z   KAOS_EVENT_NAME: schedule
job-stats	Upload Files	2025-08-26T02:07:38.7622470Z   KAOS_ACTION: 
job-stats	Upload Files	2025-08-26T02:07:38.7622684Z   KAOS_REF: refs/heads/main
job-stats	Upload Files	2025-08-26T02:07:38.7622994Z   KAOS_MODULE: [Ka0S] Workflow Statistics Summary
job-stats	Upload Files	2025-08-26T02:07:38.7623342Z   KAOS_PATH_RESUME: audit/workflows/
job-stats	Upload Files	2025-08-26T02:07:38.7623675Z   KAOS_ACTOR: santakloud
job-stats	Upload Files	2025-08-26T02:07:38.7623908Z   GH_REPO: Ka0s-Klaus/ka0s
job-stats	Upload Files	2025-08-26T02:07:38.7624323Z   GH_TOKEN: ***
job-stats	Upload Files	2025-08-26T02:07:38.7624540Z ##[endgroup]
job-stats	Upload Files	2025-08-26T02:07:38.7654096Z Downloading files to the repository...
job-stats	Upload Files	2025-08-26T02:07:39.6232066Z From https://github.com/Ka0s-Klaus/ka0s
job-stats	Upload Files	2025-08-26T02:07:39.6232490Z    6dfdf228..a8b709a8  main       -> origin/main
job-stats	Upload Files	2025-08-26T02:07:39.6410912Z Updating 6dfdf228..a8b709a8
job-stats	Upload Files	2025-08-26T02:07:39.6411316Z Fast-forward
job-stats	Upload Files	2025-08-26T02:07:39.6459269Z  audit/mongodb/17225814607.json | 12482 +++++++++++++++++++++++++++++++++++++++
job-stats	Upload Files	2025-08-26T02:07:39.6460212Z  1 file changed, 12482 insertions(+)
job-stats	Upload Files	2025-08-26T02:07:39.6460843Z  create mode 100644 audit/mongodb/17225814607.json
job-stats	Upload Files	2025-08-26T02:07:39.6464283Z Uploading files to the repository...
job-stats	Upload Files	2025-08-26T02:07:39.9164774Z [main c892b277] [Ka0S] Uploading resume workflows execution files to the repository...
job-stats	Upload Files	2025-08-26T02:07:39.9165780Z  11 files changed, 540902 insertions(+)
job-stats	Upload Files	2025-08-26T02:07:39.9167007Z  create mode 100644 audit/workflows/actually-issue.csv
job-stats	Upload Files	2025-08-26T02:07:39.9170280Z  create mode 100644 audit/workflows/actually-issue.json
job-stats	Upload Files	2025-08-26T02:07:39.9171723Z  create mode 100644 audit/workflows/actually-pr.csv
job-stats	Upload Files	2025-08-26T02:07:39.9172136Z  create mode 100644 audit/workflows/actually-pr.json
job-stats	Upload Files	2025-08-26T02:07:39.9172569Z  create mode 100644 audit/workflows/actually-workflows-runs.csv
job-stats	Upload Files	2025-08-26T02:07:39.9173169Z  create mode 100644 audit/workflows/actually-workflows-runs.json
job-stats	Upload Files	2025-08-26T02:07:39.9173626Z  create mode 100644 audit/workflows/actually-workflows.csv
job-stats	Upload Files	2025-08-26T02:07:39.9174063Z  create mode 100644 audit/workflows/actually-workflows.json
job-stats	Upload Files	2025-08-26T02:07:39.9174506Z  create mode 100644 audit/workflows/issue-log-17225724989.json
job-stats	Upload Files	2025-08-26T02:07:39.9174946Z  create mode 100644 audit/workflows/pr-log-17225724989.json
job-stats	Upload Files	2025-08-26T02:07:39.9175410Z  create mode 100644 audit/workflows/workflows-runs-17225724989.json
job-stats	Upload Files	2025-08-26T02:07:46.9509744Z To https://github.com/Ka0s-Klaus/ka0s
job-stats	Upload Files	2025-08-26T02:07:46.9510410Z    a8b709a8..c892b277  main -> main
job-stats	Post Checkout	﻿2025-08-26T02:07:46.9637662Z Post job cleanup.
job-stats	Post Checkout	2025-08-26T02:07:47.0667400Z [command]/usr/bin/git version
job-stats	Post Checkout	2025-08-26T02:07:47.0709870Z git version 2.43.0
job-stats	Post Checkout	2025-08-26T02:07:47.0750824Z Copying '/home/kaos/.gitconfig' to '/actions-runner/_work/_temp/34878076-11bb-4c12-a90a-a4313f7fa65f/.gitconfig'
job-stats	Post Checkout	2025-08-26T02:07:47.0766215Z Temporarily overriding HOME='/actions-runner/_work/_temp/34878076-11bb-4c12-a90a-a4313f7fa65f' before making global git config changes
job-stats	Post Checkout	2025-08-26T02:07:47.0767202Z Adding repository directory to the temporary git global config as a safe directory
job-stats	Post Checkout	2025-08-26T02:07:47.0773017Z [command]/usr/bin/git config --global --add safe.directory /actions-runner/_work/ka0s/ka0s
job-stats	Post Checkout	2025-08-26T02:07:47.0813293Z [command]/usr/bin/git config --local --name-only --get-regexp core\.sshCommand
job-stats	Post Checkout	2025-08-26T02:07:47.0850649Z [command]/usr/bin/git submodule foreach --recursive sh -c "git config --local --name-only --get-regexp 'core\.sshCommand' && git config --local --unset-all 'core.sshCommand' || :"
job-stats	Post Checkout	2025-08-26T02:07:47.1105937Z [command]/usr/bin/git config --local --name-only --get-regexp http\.https\:\/\/github\.com\/\.extraheader
job-stats	Post Checkout	2025-08-26T02:07:47.1130150Z http.https://github.com/.extraheader
job-stats	Post Checkout	2025-08-26T02:07:47.1141244Z [command]/usr/bin/git config --local --unset-all http.https://github.com/.extraheader
job-stats	Post Checkout	2025-08-26T02:07:47.1177227Z [command]/usr/bin/git submodule foreach --recursive sh -c "git config --local --name-only --get-regexp 'http\.https\:\/\/github\.com\/\.extraheader' && git config --local --unset-all 'http.https://github.com/.extraheader' || :"
job-stats	Complete job	﻿2025-08-26T02:07:47.1549097Z Cleaning up orphan processes
handle-success	Set up job	﻿2025-08-26T02:07:52.0833102Z Current runner version: '2.328.0'
handle-success	Set up job	2025-08-26T02:07:52.0840359Z Runner name: 'ka0s-ka0s-2'
handle-success	Set up job	2025-08-26T02:07:52.0841511Z Runner group name: 'ka0s'
handle-success	Set up job	2025-08-26T02:07:52.0842426Z Machine name: '194f155ad019'
handle-success	Set up job	2025-08-26T02:07:52.0845211Z ##[group]GITHUB_TOKEN Permissions
handle-success	Set up job	2025-08-26T02:07:52.0847435Z Actions: write
handle-success	Set up job	2025-08-26T02:07:52.0848044Z Contents: write
handle-success	Set up job	2025-08-26T02:07:52.0848624Z Issues: write
handle-success	Set up job	2025-08-26T02:07:52.0849158Z Metadata: read
handle-success	Set up job	2025-08-26T02:07:52.0849665Z ##[endgroup]
handle-success	Set up job	2025-08-26T02:07:52.0852141Z Secret source: Actions
handle-success	Set up job	2025-08-26T02:07:52.0852807Z Prepare workflow directory
handle-success	Set up job	2025-08-26T02:07:52.1497848Z Prepare all required actions
handle-success	Set up job	2025-08-26T02:07:52.1538223Z Getting action download info
handle-success	Set up job	2025-08-26T02:07:52.7087521Z Download action repository 'actions/checkout@v4' (SHA:08eba0b27e820071cde6df949e0beb9ba4906955)
handle-success	Set up job	2025-08-26T02:07:53.6208435Z Complete job name: handle-success
handle-success	Checkout code	﻿2025-08-26T02:07:53.6728650Z ##[group]Run actions/checkout@v4
handle-success	Checkout code	2025-08-26T02:07:53.6729514Z with:
handle-success	Checkout code	2025-08-26T02:07:53.6729919Z   fetch-depth: 0
handle-success	Checkout code	2025-08-26T02:07:53.6730603Z   token: ***
handle-success	Checkout code	2025-08-26T02:07:53.6731075Z   repository: Ka0s-Klaus/ka0s
handle-success	Checkout code	2025-08-26T02:07:53.6731540Z   ssh-strict: true
handle-success	Checkout code	2025-08-26T02:07:53.6731936Z   ssh-user: git
handle-success	Checkout code	2025-08-26T02:07:53.6732347Z   persist-credentials: true
handle-success	Checkout code	2025-08-26T02:07:53.6732804Z   clean: true
handle-success	Checkout code	2025-08-26T02:07:53.6733207Z   sparse-checkout-cone-mode: true
handle-success	Checkout code	2025-08-26T02:07:53.6733702Z   fetch-tags: false
handle-success	Checkout code	2025-08-26T02:07:53.6734102Z   show-progress: true
handle-success	Checkout code	2025-08-26T02:07:53.6734519Z   lfs: false
handle-success	Checkout code	2025-08-26T02:07:53.6734900Z   submodules: false
handle-success	Checkout code	2025-08-26T02:07:53.6735313Z   set-safe-directory: true
handle-success	Checkout code	2025-08-26T02:07:53.6736144Z env:
handle-success	Checkout code	2025-08-26T02:07:53.6736664Z   KAOS_CODE: 17225724989
handle-success	Checkout code	2025-08-26T02:07:53.6737108Z   KAOS_EVENT_NAME: schedule
handle-success	Checkout code	2025-08-26T02:07:53.6737552Z   KAOS_ACTION: 
handle-success	Checkout code	2025-08-26T02:07:53.6737942Z   KAOS_REF: refs/heads/main
handle-success	Checkout code	2025-08-26T02:07:53.6738448Z   KAOS_MODULE: [Ka0S] Workflow Statistics Summary
handle-success	Checkout code	2025-08-26T02:07:53.6753616Z   KAOS_PATH_RESUME: audit/workflows/
handle-success	Checkout code	2025-08-26T02:07:53.6754335Z   KAOS_ACTOR: santakloud
handle-success	Checkout code	2025-08-26T02:07:53.6754786Z   GH_REPO: Ka0s-Klaus/ka0s
handle-success	Checkout code	2025-08-26T02:07:53.6755227Z ##[endgroup]
handle-success	Checkout code	2025-08-26T02:07:53.7922517Z Syncing repository: Ka0s-Klaus/ka0s
handle-success	Checkout code	2025-08-26T02:07:53.7924558Z ##[group]Getting Git version info
handle-success	Checkout code	2025-08-26T02:07:53.7925407Z Working directory is '/actions-runner/_work/ka0s/ka0s'
handle-success	Checkout code	2025-08-26T02:07:53.7926365Z [command]/usr/bin/git version
handle-success	Checkout code	2025-08-26T02:07:53.7926843Z git version 2.43.0
handle-success	Checkout code	2025-08-26T02:07:53.7946452Z ##[endgroup]
handle-success	Checkout code	2025-08-26T02:07:53.7957961Z Copying '/home/kaos/.gitconfig' to '/actions-runner/_work/_temp/c06037fc-9f3f-4415-9e23-fa94353278ae/.gitconfig'
handle-success	Checkout code	2025-08-26T02:07:53.7968111Z Temporarily overriding HOME='/actions-runner/_work/_temp/c06037fc-9f3f-4415-9e23-fa94353278ae' before making global git config changes
handle-success	Checkout code	2025-08-26T02:07:53.7969785Z Adding repository directory to the temporary git global config as a safe directory
handle-success	Checkout code	2025-08-26T02:07:53.7973627Z [command]/usr/bin/git config --global --add safe.directory /actions-runner/_work/ka0s/ka0s
handle-success	Checkout code	2025-08-26T02:07:53.8018531Z [command]/usr/bin/git config --local --get remote.origin.url
handle-success	Checkout code	2025-08-26T02:07:53.8042287Z https://github.com/Ka0s-Klaus/ka0s
handle-success	Checkout code	2025-08-26T02:07:53.8061036Z ##[group]Removing previously created refs, to avoid conflicts
handle-success	Checkout code	2025-08-26T02:07:53.8066489Z [command]/usr/bin/git rev-parse --symbolic-full-name --verify --quiet HEAD
handle-success	Checkout code	2025-08-26T02:07:53.8089105Z refs/heads/main
handle-success	Checkout code	2025-08-26T02:07:53.8099781Z [command]/usr/bin/git checkout --detach
handle-success	Checkout code	2025-08-26T02:07:53.8182072Z HEAD is now at 13cc75d9 [Ka0S] Inspector uploading resume execution files to the repository...
handle-success	Checkout code	2025-08-26T02:07:53.8229359Z [command]/usr/bin/git branch --delete --force main
handle-success	Checkout code	2025-08-26T02:07:53.8268857Z Deleted branch main (was 13cc75d9).
handle-success	Checkout code	2025-08-26T02:07:53.8356313Z ##[endgroup]
handle-success	Checkout code	2025-08-26T02:07:53.8357824Z [command]/usr/bin/git submodule status
handle-success	Checkout code	2025-08-26T02:07:53.8608376Z ##[group]Cleaning the repository
handle-success	Checkout code	2025-08-26T02:07:53.8611498Z [command]/usr/bin/git clean -ffdx
handle-success	Checkout code	2025-08-26T02:07:53.8670218Z [command]/usr/bin/git reset --hard HEAD
handle-success	Checkout code	2025-08-26T02:07:53.8758186Z HEAD is now at 13cc75d9 [Ka0S] Inspector uploading resume execution files to the repository...
handle-success	Checkout code	2025-08-26T02:07:53.8762469Z ##[endgroup]
handle-success	Checkout code	2025-08-26T02:07:53.8763784Z ##[group]Disabling automatic garbage collection
handle-success	Checkout code	2025-08-26T02:07:53.8768491Z [command]/usr/bin/git config --local gc.auto 0
handle-success	Checkout code	2025-08-26T02:07:53.8799300Z ##[endgroup]
handle-success	Checkout code	2025-08-26T02:07:53.8800128Z ##[group]Setting up auth
handle-success	Checkout code	2025-08-26T02:07:53.8815927Z [command]/usr/bin/git config --local --name-only --get-regexp core\.sshCommand
handle-success	Checkout code	2025-08-26T02:07:53.8850005Z [command]/usr/bin/git submodule foreach --recursive sh -c "git config --local --name-only --get-regexp 'core\.sshCommand' && git config --local --unset-all 'core.sshCommand' || :"
handle-success	Checkout code	2025-08-26T02:07:53.9097574Z [command]/usr/bin/git config --local --name-only --get-regexp http\.https\:\/\/github\.com\/\.extraheader
handle-success	Checkout code	2025-08-26T02:07:53.9128587Z [command]/usr/bin/git submodule foreach --recursive sh -c "git config --local --name-only --get-regexp 'http\.https\:\/\/github\.com\/\.extraheader' && git config --local --unset-all 'http.https://github.com/.extraheader' || :"
handle-success	Checkout code	2025-08-26T02:07:53.9378133Z [command]/usr/bin/git config --local http.https://github.com/.extraheader AUTHORIZATION: basic ***
handle-success	Checkout code	2025-08-26T02:07:53.9421803Z ##[endgroup]
handle-success	Checkout code	2025-08-26T02:07:53.9422712Z ##[group]Fetching the repository
handle-success	Checkout code	2025-08-26T02:07:53.9429995Z [command]/usr/bin/git -c protocol.version=2 fetch --prune --no-recurse-submodules origin +refs/heads/*:refs/remotes/origin/* +refs/tags/*:refs/tags/*
handle-success	Checkout code	2025-08-26T02:07:55.2110917Z From https://github.com/Ka0s-Klaus/ka0s
handle-success	Checkout code	2025-08-26T02:07:55.2113213Z    13cc75d9..c892b277  main       -> origin/main
handle-success	Checkout code	2025-08-26T02:07:55.2187250Z [command]/usr/bin/git branch --list --remote origin/main
handle-success	Checkout code	2025-08-26T02:07:55.2220788Z   origin/main
handle-success	Checkout code	2025-08-26T02:07:55.2230559Z [command]/usr/bin/git rev-parse refs/remotes/origin/main
handle-success	Checkout code	2025-08-26T02:07:55.2255533Z c892b27728331f9263ea4798fa809afc23507a1b
handle-success	Checkout code	2025-08-26T02:07:55.2268295Z [command]/usr/bin/git -c protocol.version=2 fetch --no-tags --prune --no-recurse-submodules origin +6dfdf228a46fb802fee3429feaf4f9337ba8ebe7:refs/remotes/origin/main
handle-success	Checkout code	2025-08-26T02:07:55.2459239Z From https://github.com/Ka0s-Klaus/ka0s
handle-success	Checkout code	2025-08-26T02:07:55.2460853Z  + c892b277...6dfdf228 6dfdf228a46fb802fee3429feaf4f9337ba8ebe7 -> origin/main  (forced update)
handle-success	Checkout code	2025-08-26T02:07:55.2485795Z ##[endgroup]
handle-success	Checkout code	2025-08-26T02:07:55.2486946Z ##[group]Determining the checkout info
handle-success	Checkout code	2025-08-26T02:07:55.2487974Z ##[endgroup]
handle-success	Checkout code	2025-08-26T02:07:55.2490647Z [command]/usr/bin/git sparse-checkout disable
handle-success	Checkout code	2025-08-26T02:07:55.2541517Z [command]/usr/bin/git config --local --unset-all extensions.worktreeConfig
handle-success	Checkout code	2025-08-26T02:07:55.2573767Z ##[group]Checking out the ref
handle-success	Checkout code	2025-08-26T02:07:55.2577224Z [command]/usr/bin/git checkout --progress --force -B main refs/remotes/origin/main
handle-success	Checkout code	2025-08-26T02:07:55.2741709Z Previous HEAD position was 13cc75d9 [Ka0S] Inspector uploading resume execution files to the repository...
handle-success	Checkout code	2025-08-26T02:07:55.2749920Z Switched to a new branch 'main'
handle-success	Checkout code	2025-08-26T02:07:55.2750923Z branch 'main' set up to track 'origin/main'.
handle-success	Checkout code	2025-08-26T02:07:55.2759155Z ##[endgroup]
handle-success	Checkout code	2025-08-26T02:07:55.2805517Z [command]/usr/bin/git log -1 --format=%H
handle-success	Checkout code	2025-08-26T02:07:55.2838266Z 6dfdf228a46fb802fee3429feaf4f9337ba8ebe7
handle-success	handle-success-execution	﻿2025-08-26T02:07:55.3074988Z ##[group]Run # RNNUMBER=$(echo "refs/heads/main" | grep -o '[0-9]*')
handle-success	handle-success-execution	2025-08-26T02:07:55.3076240Z [36;1m# RNNUMBER=$(echo "refs/heads/main" | grep -o '[0-9]*')[0m
handle-success	handle-success-execution	2025-08-26T02:07:55.3077746Z [36;1m# gh issue comment $RNNUMBER --body "El proceso ha finalizado correctamente 17225724989. El resultado está en el fichero core/results/event_data_17225724989.log"[0m
handle-success	handle-success-execution	2025-08-26T02:07:55.3079914Z [36;1mecho "El proceso ha finalizado correctamente 17225724989. El resultado está en el fichero core/results/event_data_17225724989.log"[0m
handle-success	handle-success-execution	2025-08-26T02:07:55.3091776Z shell: /usr/bin/bash -e {0}
handle-success	handle-success-execution	2025-08-26T02:07:55.3092505Z env:
handle-success	handle-success-execution	2025-08-26T02:07:55.3092975Z   KAOS_CODE: 17225724989
handle-success	handle-success-execution	2025-08-26T02:07:55.3093526Z   KAOS_EVENT_NAME: schedule
handle-success	handle-success-execution	2025-08-26T02:07:55.3094424Z   KAOS_ACTION: 
handle-success	handle-success-execution	2025-08-26T02:07:55.3094919Z   KAOS_REF: refs/heads/main
handle-success	handle-success-execution	2025-08-26T02:07:55.3095514Z   KAOS_MODULE: [Ka0S] Workflow Statistics Summary
handle-success	handle-success-execution	2025-08-26T02:07:55.3096199Z   KAOS_PATH_RESUME: audit/workflows/
handle-success	handle-success-execution	2025-08-26T02:07:55.3096954Z   KAOS_ACTOR: santakloud
handle-success	handle-success-execution	2025-08-26T02:07:55.3097688Z   GH_REPO: Ka0s-Klaus/ka0s
handle-success	handle-success-execution	2025-08-26T02:07:55.3098509Z   GH_TOKEN: ***
handle-success	handle-success-execution	2025-08-26T02:07:55.3099006Z ##[endgroup]
handle-success	handle-success-execution	2025-08-26T02:07:55.3158868Z El proceso ha finalizado correctamente 17225724989. El resultado está en el fichero core/results/event_data_17225724989.log
handle-success	Post Checkout code	﻿2025-08-26T02:07:55.3288055Z Post job cleanup.
handle-success	Post Checkout code	2025-08-26T02:07:55.4300660Z [command]/usr/bin/git version
handle-success	Post Checkout code	2025-08-26T02:07:55.4342822Z git version 2.43.0
handle-success	Post Checkout code	2025-08-26T02:07:55.4385477Z Copying '/home/kaos/.gitconfig' to '/actions-runner/_work/_temp/71fc2289-19aa-4a55-adc4-e8c6f498e698/.gitconfig'
handle-success	Post Checkout code	2025-08-26T02:07:55.4400058Z Temporarily overriding HOME='/actions-runner/_work/_temp/71fc2289-19aa-4a55-adc4-e8c6f498e698' before making global git config changes
handle-success	Post Checkout code	2025-08-26T02:07:55.4402083Z Adding repository directory to the temporary git global config as a safe directory
handle-success	Post Checkout code	2025-08-26T02:07:55.4405937Z [command]/usr/bin/git config --global --add safe.directory /actions-runner/_work/ka0s/ka0s
handle-success	Post Checkout code	2025-08-26T02:07:55.4447023Z [command]/usr/bin/git config --local --name-only --get-regexp core\.sshCommand
handle-success	Post Checkout code	2025-08-26T02:07:55.4499115Z [command]/usr/bin/git submodule foreach --recursive sh -c "git config --local --name-only --get-regexp 'core\.sshCommand' && git config --local --unset-all 'core.sshCommand' || :"
handle-success	Post Checkout code	2025-08-26T02:07:55.4760801Z [command]/usr/bin/git config --local --name-only --get-regexp http\.https\:\/\/github\.com\/\.extraheader
handle-success	Post Checkout code	2025-08-26T02:07:55.4787391Z http.https://github.com/.extraheader
handle-success	Post Checkout code	2025-08-26T02:07:55.4798890Z [command]/usr/bin/git config --local --unset-all http.https://github.com/.extraheader
handle-success	Post Checkout code	2025-08-26T02:07:55.4835115Z [command]/usr/bin/git submodule foreach --recursive sh -c "git config --local --name-only --get-regexp 'http\.https\:\/\/github\.com\/\.extraheader' && git config --local --unset-all 'http.https://github.com/.extraheader' || :"
handle-success	Complete job	﻿2025-08-26T02:07:55.5213758Z Cleaning up orphan processes
end-workflow	Set up job	﻿2025-08-26T02:08:00.7934424Z Current runner version: '2.328.0'
end-workflow	Set up job	2025-08-26T02:08:00.7942698Z Runner name: 'ka0s-ka0s-3'
end-workflow	Set up job	2025-08-26T02:08:00.7943459Z Runner group name: 'ka0s'
end-workflow	Set up job	2025-08-26T02:08:00.7944496Z Machine name: '3951c78e42d6'
end-workflow	Set up job	2025-08-26T02:08:00.7947573Z ##[group]GITHUB_TOKEN Permissions
end-workflow	Set up job	2025-08-26T02:08:00.7950359Z Actions: write
end-workflow	Set up job	2025-08-26T02:08:00.7951042Z Contents: write
end-workflow	Set up job	2025-08-26T02:08:00.7951834Z Issues: write
end-workflow	Set up job	2025-08-26T02:08:00.7952533Z Metadata: read
end-workflow	Set up job	2025-08-26T02:08:00.7953035Z ##[endgroup]
end-workflow	Set up job	2025-08-26T02:08:00.7955169Z Secret source: Actions
end-workflow	Set up job	2025-08-26T02:08:00.7955933Z Prepare workflow directory
end-workflow	Set up job	2025-08-26T02:08:00.8576321Z Prepare all required actions
end-workflow	Set up job	2025-08-26T02:08:00.8617829Z Getting action download info
end-workflow	Set up job	2025-08-26T02:08:01.4463031Z Download action repository 'actions/checkout@v4' (SHA:08eba0b27e820071cde6df949e0beb9ba4906955)
end-workflow	Set up job	2025-08-26T02:08:02.2848171Z Complete job name: end-workflow
end-workflow	Checkout code	﻿2025-08-26T02:08:02.3376774Z ##[group]Run actions/checkout@v4
end-workflow	Checkout code	2025-08-26T02:08:02.3377698Z with:
end-workflow	Checkout code	2025-08-26T02:08:02.3378137Z   fetch-depth: 0
end-workflow	Checkout code	2025-08-26T02:08:02.3378857Z   token: ***
end-workflow	Checkout code	2025-08-26T02:08:02.3379285Z   repository: Ka0s-Klaus/ka0s
end-workflow	Checkout code	2025-08-26T02:08:02.3379768Z   ssh-strict: true
end-workflow	Checkout code	2025-08-26T02:08:02.3380175Z   ssh-user: git
end-workflow	Checkout code	2025-08-26T02:08:02.3380750Z   persist-credentials: true
end-workflow	Checkout code	2025-08-26T02:08:02.3381460Z   clean: true
end-workflow	Checkout code	2025-08-26T02:08:02.3382162Z   sparse-checkout-cone-mode: true
end-workflow	Checkout code	2025-08-26T02:08:02.3382669Z   fetch-tags: false
end-workflow	Checkout code	2025-08-26T02:08:02.3383095Z   show-progress: true
end-workflow	Checkout code	2025-08-26T02:08:02.3383526Z   lfs: false
end-workflow	Checkout code	2025-08-26T02:08:02.3383918Z   submodules: false
end-workflow	Checkout code	2025-08-26T02:08:02.3384371Z   set-safe-directory: true
end-workflow	Checkout code	2025-08-26T02:08:02.3385079Z env:
end-workflow	Checkout code	2025-08-26T02:08:02.3385485Z   KAOS_CODE: 17225724989
end-workflow	Checkout code	2025-08-26T02:08:02.3385946Z   KAOS_EVENT_NAME: schedule
end-workflow	Checkout code	2025-08-26T02:08:02.3386404Z   KAOS_ACTION: 
end-workflow	Checkout code	2025-08-26T02:08:02.3386820Z   KAOS_REF: refs/heads/main
end-workflow	Checkout code	2025-08-26T02:08:02.3387346Z   KAOS_MODULE: [Ka0S] Workflow Statistics Summary
end-workflow	Checkout code	2025-08-26T02:08:02.3387982Z   KAOS_PATH_RESUME: audit/workflows/
end-workflow	Checkout code	2025-08-26T02:08:02.3388522Z   KAOS_ACTOR: santakloud
end-workflow	Checkout code	2025-08-26T02:08:02.3388983Z   GH_REPO: Ka0s-Klaus/ka0s
end-workflow	Checkout code	2025-08-26T02:08:02.3389815Z   GH_TOKEN: ***
end-workflow	Checkout code	2025-08-26T02:08:02.3390246Z ##[endgroup]
end-workflow	Checkout code	2025-08-26T02:08:02.4566601Z Syncing repository: Ka0s-Klaus/ka0s
end-workflow	Checkout code	2025-08-26T02:08:02.4568675Z ##[group]Getting Git version info
end-workflow	Checkout code	2025-08-26T02:08:02.4569444Z Working directory is '/actions-runner/_work/ka0s/ka0s'
end-workflow	Checkout code	2025-08-26T02:08:02.4570504Z [command]/usr/bin/git version
end-workflow	Checkout code	2025-08-26T02:08:02.4571335Z git version 2.43.0
end-workflow	Checkout code	2025-08-26T02:08:02.4583997Z ##[endgroup]
end-workflow	Checkout code	2025-08-26T02:08:02.4598161Z Copying '/home/kaos/.gitconfig' to '/actions-runner/_work/_temp/4ad30268-c082-49ef-86e0-b54a9c1294e7/.gitconfig'
end-workflow	Checkout code	2025-08-26T02:08:02.4610504Z Temporarily overriding HOME='/actions-runner/_work/_temp/4ad30268-c082-49ef-86e0-b54a9c1294e7' before making global git config changes
end-workflow	Checkout code	2025-08-26T02:08:02.4614706Z Adding repository directory to the temporary git global config as a safe directory
end-workflow	Checkout code	2025-08-26T02:08:02.4617889Z [command]/usr/bin/git config --global --add safe.directory /actions-runner/_work/ka0s/ka0s
end-workflow	Checkout code	2025-08-26T02:08:02.4663809Z [command]/usr/bin/git config --local --get remote.origin.url
end-workflow	Checkout code	2025-08-26T02:08:02.4688259Z https://github.com/Ka0s-Klaus/ka0s
end-workflow	Checkout code	2025-08-26T02:08:02.4708887Z ##[group]Removing previously created refs, to avoid conflicts
end-workflow	Checkout code	2025-08-26T02:08:02.4713488Z [command]/usr/bin/git rev-parse --symbolic-full-name --verify --quiet HEAD
end-workflow	Checkout code	2025-08-26T02:08:02.4738720Z refs/heads/main
end-workflow	Checkout code	2025-08-26T02:08:02.4751681Z [command]/usr/bin/git checkout --detach
end-workflow	Checkout code	2025-08-26T02:08:02.4847604Z HEAD is now at 6dfdf228 Ka0S] Uploading files to MongoDB update repository ...
end-workflow	Checkout code	2025-08-26T02:08:02.4897171Z [command]/usr/bin/git branch --delete --force main
end-workflow	Checkout code	2025-08-26T02:08:02.4940150Z Deleted branch main (was 6dfdf228).
end-workflow	Checkout code	2025-08-26T02:08:02.5033145Z ##[endgroup]
end-workflow	Checkout code	2025-08-26T02:08:02.5034758Z [command]/usr/bin/git submodule status
end-workflow	Checkout code	2025-08-26T02:08:02.5288258Z ##[group]Cleaning the repository
end-workflow	Checkout code	2025-08-26T02:08:02.5292778Z [command]/usr/bin/git clean -ffdx
end-workflow	Checkout code	2025-08-26T02:08:02.5351388Z [command]/usr/bin/git reset --hard HEAD
end-workflow	Checkout code	2025-08-26T02:08:02.5438713Z HEAD is now at 6dfdf228 Ka0S] Uploading files to MongoDB update repository ...
end-workflow	Checkout code	2025-08-26T02:08:02.5444841Z ##[endgroup]
end-workflow	Checkout code	2025-08-26T02:08:02.5446444Z ##[group]Disabling automatic garbage collection
end-workflow	Checkout code	2025-08-26T02:08:02.5451784Z [command]/usr/bin/git config --local gc.auto 0
end-workflow	Checkout code	2025-08-26T02:08:02.5484651Z ##[endgroup]
end-workflow	Checkout code	2025-08-26T02:08:02.5485494Z ##[group]Setting up auth
end-workflow	Checkout code	2025-08-26T02:08:02.5501365Z [command]/usr/bin/git config --local --name-only --get-regexp core\.sshCommand
end-workflow	Checkout code	2025-08-26T02:08:02.5537573Z [command]/usr/bin/git submodule foreach --recursive sh -c "git config --local --name-only --get-regexp 'core\.sshCommand' && git config --local --unset-all 'core.sshCommand' || :"
end-workflow	Checkout code	2025-08-26T02:08:02.5800514Z [command]/usr/bin/git config --local --name-only --get-regexp http\.https\:\/\/github\.com\/\.extraheader
end-workflow	Checkout code	2025-08-26T02:08:02.5835744Z [command]/usr/bin/git submodule foreach --recursive sh -c "git config --local --name-only --get-regexp 'http\.https\:\/\/github\.com\/\.extraheader' && git config --local --unset-all 'http.https://github.com/.extraheader' || :"
end-workflow	Checkout code	2025-08-26T02:08:02.6097502Z [command]/usr/bin/git config --local http.https://github.com/.extraheader AUTHORIZATION: basic ***
end-workflow	Checkout code	2025-08-26T02:08:02.6142063Z ##[endgroup]
end-workflow	Checkout code	2025-08-26T02:08:02.6143134Z ##[group]Fetching the repository
end-workflow	Checkout code	2025-08-26T02:08:02.6150293Z [command]/usr/bin/git -c protocol.version=2 fetch --prune --no-recurse-submodules origin +refs/heads/*:refs/remotes/origin/* +refs/tags/*:refs/tags/*
end-workflow	Checkout code	2025-08-26T02:08:04.0006587Z From https://github.com/Ka0s-Klaus/ka0s
end-workflow	Checkout code	2025-08-26T02:08:04.0009372Z    6dfdf228..c892b277  main       -> origin/main
end-workflow	Checkout code	2025-08-26T02:08:04.0087100Z [command]/usr/bin/git branch --list --remote origin/main
end-workflow	Checkout code	2025-08-26T02:08:04.0130279Z   origin/main
end-workflow	Checkout code	2025-08-26T02:08:04.0152417Z [command]/usr/bin/git rev-parse refs/remotes/origin/main
end-workflow	Checkout code	2025-08-26T02:08:04.0194130Z c892b27728331f9263ea4798fa809afc23507a1b
end-workflow	Checkout code	2025-08-26T02:08:04.0210141Z [command]/usr/bin/git -c protocol.version=2 fetch --no-tags --prune --no-recurse-submodules origin +6dfdf228a46fb802fee3429feaf4f9337ba8ebe7:refs/remotes/origin/main
end-workflow	Checkout code	2025-08-26T02:08:04.0421319Z From https://github.com/Ka0s-Klaus/ka0s
end-workflow	Checkout code	2025-08-26T02:08:04.0426954Z  + c892b277...6dfdf228 6dfdf228a46fb802fee3429feaf4f9337ba8ebe7 -> origin/main  (forced update)
end-workflow	Checkout code	2025-08-26T02:08:04.0467577Z ##[endgroup]
end-workflow	Checkout code	2025-08-26T02:08:04.0472609Z ##[group]Determining the checkout info
end-workflow	Checkout code	2025-08-26T02:08:04.0484159Z ##[endgroup]
end-workflow	Checkout code	2025-08-26T02:08:04.0503704Z [command]/usr/bin/git sparse-checkout disable
end-workflow	Checkout code	2025-08-26T02:08:04.0572642Z [command]/usr/bin/git config --local --unset-all extensions.worktreeConfig
end-workflow	Checkout code	2025-08-26T02:08:04.0629924Z ##[group]Checking out the ref
end-workflow	Checkout code	2025-08-26T02:08:04.0637727Z [command]/usr/bin/git checkout --progress --force -B main refs/remotes/origin/main
end-workflow	Checkout code	2025-08-26T02:08:04.0733371Z Switched to a new branch 'main'
end-workflow	Checkout code	2025-08-26T02:08:04.0740265Z branch 'main' set up to track 'origin/main'.
end-workflow	Checkout code	2025-08-26T02:08:04.0760508Z ##[endgroup]
end-workflow	Checkout code	2025-08-26T02:08:04.0826098Z [command]/usr/bin/git log -1 --format=%H
end-workflow	Checkout code	2025-08-26T02:08:04.0869800Z 6dfdf228a46fb802fee3429feaf4f9337ba8ebe7
end-workflow	Finaliza el workflow	﻿2025-08-26T02:08:04.1187380Z ##[group]Run echo "End process"
end-workflow	Finaliza el workflow	2025-08-26T02:08:04.1188781Z [36;1mecho "End process"[0m
end-workflow	Finaliza el workflow	2025-08-26T02:08:04.1190165Z [36;1m# RNNUMBER=$(echo "refs/heads/main" | grep -o '[0-9]*')[0m
end-workflow	Finaliza el workflow	2025-08-26T02:08:04.1192228Z [36;1m# gh issue comment $RNNUMBER --body "Se finaliza Ka0s 17225724989"[0m
end-workflow	Finaliza el workflow	2025-08-26T02:08:04.1193962Z [36;1mecho "Se finaliza Ka0s 17225724989"[0m
end-workflow	Finaliza el workflow	2025-08-26T02:08:04.1196471Z [36;1mgh workflow run inspector.yml --ref 'main' -f kaos-workflow-id="17225724989" -f kaos-user-start=""[0m
end-workflow	Finaliza el workflow	2025-08-26T02:08:04.1210398Z shell: /usr/bin/bash -e {0}
end-workflow	Finaliza el workflow	2025-08-26T02:08:04.1211593Z env:
end-workflow	Finaliza el workflow	2025-08-26T02:08:04.1212456Z   KAOS_CODE: 17225724989
end-workflow	Finaliza el workflow	2025-08-26T02:08:04.1213512Z   KAOS_EVENT_NAME: schedule
end-workflow	Finaliza el workflow	2025-08-26T02:08:04.1214561Z   KAOS_ACTION: 
end-workflow	Finaliza el workflow	2025-08-26T02:08:04.1215477Z   KAOS_REF: refs/heads/main
end-workflow	Finaliza el workflow	2025-08-26T02:08:04.1216682Z   KAOS_MODULE: [Ka0S] Workflow Statistics Summary
end-workflow	Finaliza el workflow	2025-08-26T02:08:04.1218467Z   KAOS_PATH_RESUME: audit/workflows/
end-workflow	Finaliza el workflow	2025-08-26T02:08:04.1219646Z   KAOS_ACTOR: santakloud
end-workflow	Finaliza el workflow	2025-08-26T02:08:04.1220744Z   GH_REPO: Ka0s-Klaus/ka0s
end-workflow	Finaliza el workflow	2025-08-26T02:08:04.1252953Z   GH_TOKEN: ***
end-workflow	Finaliza el workflow	2025-08-26T02:08:04.1253955Z ##[endgroup]
end-workflow	Finaliza el workflow	2025-08-26T02:08:04.1329581Z End process
end-workflow	Finaliza el workflow	2025-08-26T02:08:04.1335674Z Se finaliza Ka0s 17225724989
end-workflow	Post Checkout code	﻿2025-08-26T02:08:04.8490895Z Post job cleanup.
end-workflow	Post Checkout code	2025-08-26T02:08:04.9568062Z [command]/usr/bin/git version
end-workflow	Post Checkout code	2025-08-26T02:08:04.9609586Z git version 2.43.0
end-workflow	Post Checkout code	2025-08-26T02:08:04.9652112Z Copying '/home/kaos/.gitconfig' to '/actions-runner/_work/_temp/f16dc68a-eae6-492b-b1ad-d51aaf788eaf/.gitconfig'
end-workflow	Post Checkout code	2025-08-26T02:08:04.9664925Z Temporarily overriding HOME='/actions-runner/_work/_temp/f16dc68a-eae6-492b-b1ad-d51aaf788eaf' before making global git config changes
end-workflow	Post Checkout code	2025-08-26T02:08:04.9668284Z Adding repository directory to the temporary git global config as a safe directory
end-workflow	Post Checkout code	2025-08-26T02:08:04.9670838Z [command]/usr/bin/git config --global --add safe.directory /actions-runner/_work/ka0s/ka0s
end-workflow	Post Checkout code	2025-08-26T02:08:04.9711064Z [command]/usr/bin/git config --local --name-only --get-regexp core\.sshCommand
end-workflow	Post Checkout code	2025-08-26T02:08:04.9751043Z [command]/usr/bin/git submodule foreach --recursive sh -c "git config --local --name-only --get-regexp 'core\.sshCommand' && git config --local --unset-all 'core.sshCommand' || :"
end-workflow	Post Checkout code	2025-08-26T02:08:05.0020456Z [command]/usr/bin/git config --local --name-only --get-regexp http\.https\:\/\/github\.com\/\.extraheader
end-workflow	Post Checkout code	2025-08-26T02:08:05.0048286Z http.https://github.com/.extraheader
end-workflow	Post Checkout code	2025-08-26T02:08:05.0061249Z [command]/usr/bin/git config --local --unset-all http.https://github.com/.extraheader
end-workflow	Post Checkout code	2025-08-26T02:08:05.0100937Z [command]/usr/bin/git submodule foreach --recursive sh -c "git config --local --name-only --get-regexp 'http\.https\:\/\/github\.com\/\.extraheader' && git config --local --unset-all 'http.https://github.com/.extraheader' || :"
end-workflow	Complete job	﻿2025-08-26T02:08:05.0591047Z Cleaning up orphan processes
