job-core	Set up job	﻿2025-09-03T01:03:00.4586354Z Current runner version: '2.328.0'
job-core	Set up job	2025-09-03T01:03:00.4593947Z Runner name: 'ka0s-test-2'
job-core	Set up job	2025-09-03T01:03:00.4594699Z Runner group name: 'test'
job-core	Set up job	2025-09-03T01:03:00.4595514Z Machine name: '35a4aa2135de'
job-core	Set up job	2025-09-03T01:03:00.4598442Z ##[group]GITHUB_TOKEN Permissions
job-core	Set up job	2025-09-03T01:03:00.4601043Z Actions: write
job-core	Set up job	2025-09-03T01:03:00.4602027Z Contents: write
job-core	Set up job	2025-09-03T01:03:00.4602487Z Issues: write
job-core	Set up job	2025-09-03T01:03:00.4603115Z Metadata: read
job-core	Set up job	2025-09-03T01:03:00.4603585Z PullRequests: write
job-core	Set up job	2025-09-03T01:03:00.4604093Z ##[endgroup]
job-core	Set up job	2025-09-03T01:03:00.4606177Z Secret source: Actions
job-core	Set up job	2025-09-03T01:03:00.4606823Z Prepare workflow directory
job-core	Set up job	2025-09-03T01:03:00.5212247Z Prepare all required actions
job-core	Set up job	2025-09-03T01:03:00.5252836Z Getting action download info
job-core	Set up job	2025-09-03T01:03:01.0782376Z Download action repository 'actions/checkout@v4' (SHA:08eba0b27e820071cde6df949e0beb9ba4906955)
job-core	Set up job	2025-09-03T01:03:01.9478453Z Complete job name: job-core
job-core	Checkout repository	﻿2025-09-03T01:03:01.9937008Z ##[group]Run actions/checkout@v4
job-core	Checkout repository	2025-09-03T01:03:01.9937879Z with:
job-core	Checkout repository	2025-09-03T01:03:01.9938241Z   fetch-depth: 0
job-core	Checkout repository	2025-09-03T01:03:01.9938833Z   token: ***
job-core	Checkout repository	2025-09-03T01:03:01.9939194Z   repository: Ka0s-Klaus/ka0s
job-core	Checkout repository	2025-09-03T01:03:01.9939625Z   ssh-strict: true
job-core	Checkout repository	2025-09-03T01:03:01.9940000Z   ssh-user: git
job-core	Checkout repository	2025-09-03T01:03:01.9940389Z   persist-credentials: true
job-core	Checkout repository	2025-09-03T01:03:01.9940812Z   clean: true
job-core	Checkout repository	2025-09-03T01:03:01.9941822Z   sparse-checkout-cone-mode: true
job-core	Checkout repository	2025-09-03T01:03:01.9942290Z   fetch-tags: false
job-core	Checkout repository	2025-09-03T01:03:01.9942777Z   show-progress: true
job-core	Checkout repository	2025-09-03T01:03:01.9943158Z   lfs: false
job-core	Checkout repository	2025-09-03T01:03:01.9943502Z   submodules: false
job-core	Checkout repository	2025-09-03T01:03:01.9943875Z   set-safe-directory: true
job-core	Checkout repository	2025-09-03T01:03:01.9944522Z env:
job-core	Checkout repository	2025-09-03T01:03:01.9944882Z   KAOS_MODULE: [Ka0S] Audit Host
job-core	Checkout repository	2025-09-03T01:03:01.9945336Z   KAOS_PATH_RESUME: audit/hosts/
job-core	Checkout repository	2025-09-03T01:03:01.9945779Z   KAOS_FILE_HOST: 17419955480
job-core	Checkout repository	2025-09-03T01:03:01.9946191Z   KAOS_CODE: 17419955480
job-core	Checkout repository	2025-09-03T01:03:01.9946576Z ##[endgroup]
job-core	Checkout repository	2025-09-03T01:03:02.1135232Z Syncing repository: Ka0s-Klaus/ka0s
job-core	Checkout repository	2025-09-03T01:03:02.1137461Z ##[group]Getting Git version info
job-core	Checkout repository	2025-09-03T01:03:02.1138127Z Working directory is '/actions-runner/_work/ka0s/ka0s'
job-core	Checkout repository	2025-09-03T01:03:02.1139170Z [command]/usr/bin/git version
job-core	Checkout repository	2025-09-03T01:03:02.1139752Z git version 2.43.0
job-core	Checkout repository	2025-09-03T01:03:02.1141726Z ##[endgroup]
job-core	Checkout repository	2025-09-03T01:03:02.1155750Z Temporarily overriding HOME='/actions-runner/_work/_temp/995f94cd-3c95-47a5-b620-be2db0ec50b0' before making global git config changes
job-core	Checkout repository	2025-09-03T01:03:02.1157294Z Adding repository directory to the temporary git global config as a safe directory
job-core	Checkout repository	2025-09-03T01:03:02.1162076Z [command]/usr/bin/git config --global --add safe.directory /actions-runner/_work/ka0s/ka0s
job-core	Checkout repository	2025-09-03T01:03:02.1205884Z [command]/usr/bin/git config --local --get remote.origin.url
job-core	Checkout repository	2025-09-03T01:03:02.1237412Z https://github.com/Ka0s-Klaus/ka0s
job-core	Checkout repository	2025-09-03T01:03:02.1258826Z ##[group]Removing previously created refs, to avoid conflicts
job-core	Checkout repository	2025-09-03T01:03:02.1264114Z [command]/usr/bin/git rev-parse --symbolic-full-name --verify --quiet HEAD
job-core	Checkout repository	2025-09-03T01:03:02.1288834Z refs/heads/main
job-core	Checkout repository	2025-09-03T01:03:02.1298083Z [command]/usr/bin/git checkout --detach
job-core	Checkout repository	2025-09-03T01:03:02.1408699Z HEAD is now at 04df377a Ka0S] Uploading files to MongoDB update repository ...
job-core	Checkout repository	2025-09-03T01:03:02.1456652Z [command]/usr/bin/git branch --delete --force main
job-core	Checkout repository	2025-09-03T01:03:02.1499308Z Deleted branch main (was 04df377a).
job-core	Checkout repository	2025-09-03T01:03:02.1590037Z ##[endgroup]
job-core	Checkout repository	2025-09-03T01:03:02.1591902Z [command]/usr/bin/git submodule status
job-core	Checkout repository	2025-09-03T01:03:02.1847027Z ##[group]Cleaning the repository
job-core	Checkout repository	2025-09-03T01:03:02.1851553Z [command]/usr/bin/git clean -ffdx
job-core	Checkout repository	2025-09-03T01:03:02.1912505Z [command]/usr/bin/git reset --hard HEAD
job-core	Checkout repository	2025-09-03T01:03:02.1990429Z HEAD is now at 04df377a Ka0S] Uploading files to MongoDB update repository ...
job-core	Checkout repository	2025-09-03T01:03:02.1996162Z ##[endgroup]
job-core	Checkout repository	2025-09-03T01:03:02.1997997Z ##[group]Disabling automatic garbage collection
job-core	Checkout repository	2025-09-03T01:03:02.2003387Z [command]/usr/bin/git config --local gc.auto 0
job-core	Checkout repository	2025-09-03T01:03:02.2033456Z ##[endgroup]
job-core	Checkout repository	2025-09-03T01:03:02.2034212Z ##[group]Setting up auth
job-core	Checkout repository	2025-09-03T01:03:02.2040527Z [command]/usr/bin/git config --local --name-only --get-regexp core\.sshCommand
job-core	Checkout repository	2025-09-03T01:03:02.2076798Z [command]/usr/bin/git submodule foreach --recursive sh -c "git config --local --name-only --get-regexp 'core\.sshCommand' && git config --local --unset-all 'core.sshCommand' || :"
job-core	Checkout repository	2025-09-03T01:03:02.2330763Z [command]/usr/bin/git config --local --name-only --get-regexp http\.https\:\/\/github\.com\/\.extraheader
job-core	Checkout repository	2025-09-03T01:03:02.2362386Z [command]/usr/bin/git submodule foreach --recursive sh -c "git config --local --name-only --get-regexp 'http\.https\:\/\/github\.com\/\.extraheader' && git config --local --unset-all 'http.https://github.com/.extraheader' || :"
job-core	Checkout repository	2025-09-03T01:03:02.2614958Z [command]/usr/bin/git config --local http.https://github.com/.extraheader AUTHORIZATION: basic ***
job-core	Checkout repository	2025-09-03T01:03:02.2657994Z ##[endgroup]
job-core	Checkout repository	2025-09-03T01:03:02.2659200Z ##[group]Fetching the repository
job-core	Checkout repository	2025-09-03T01:03:02.2666003Z [command]/usr/bin/git -c protocol.version=2 fetch --prune --no-recurse-submodules origin +refs/heads/*:refs/remotes/origin/* +refs/tags/*:refs/tags/*
job-core	Checkout repository	2025-09-03T01:03:03.6140567Z From https://github.com/Ka0s-Klaus/ka0s
job-core	Checkout repository	2025-09-03T01:03:03.6141922Z    04df377a..0c15a861  main       -> origin/main
job-core	Checkout repository	2025-09-03T01:03:03.6211615Z [command]/usr/bin/git branch --list --remote origin/main
job-core	Checkout repository	2025-09-03T01:03:03.6241983Z   origin/main
job-core	Checkout repository	2025-09-03T01:03:03.6248994Z [command]/usr/bin/git rev-parse refs/remotes/origin/main
job-core	Checkout repository	2025-09-03T01:03:03.6273352Z 0c15a86149db4e6c2a5397f56a3396d39b0b9f67
job-core	Checkout repository	2025-09-03T01:03:03.6276992Z ##[endgroup]
job-core	Checkout repository	2025-09-03T01:03:03.6277535Z ##[group]Determining the checkout info
job-core	Checkout repository	2025-09-03T01:03:03.6278710Z ##[endgroup]
job-core	Checkout repository	2025-09-03T01:03:03.6284073Z [command]/usr/bin/git sparse-checkout disable
job-core	Checkout repository	2025-09-03T01:03:03.6334283Z [command]/usr/bin/git config --local --unset-all extensions.worktreeConfig
job-core	Checkout repository	2025-09-03T01:03:03.6365000Z ##[group]Checking out the ref
job-core	Checkout repository	2025-09-03T01:03:03.6369072Z [command]/usr/bin/git checkout --progress --force -B main refs/remotes/origin/main
job-core	Checkout repository	2025-09-03T01:03:03.6546226Z Previous HEAD position was 04df377a Ka0S] Uploading files to MongoDB update repository ...
job-core	Checkout repository	2025-09-03T01:03:03.6557871Z Switched to a new branch 'main'
job-core	Checkout repository	2025-09-03T01:03:03.6558550Z branch 'main' set up to track 'origin/main'.
job-core	Checkout repository	2025-09-03T01:03:03.6567954Z ##[endgroup]
job-core	Checkout repository	2025-09-03T01:03:03.6607990Z [command]/usr/bin/git log -1 --format=%H
job-core	Checkout repository	2025-09-03T01:03:03.6636438Z 0c15a86149db4e6c2a5397f56a3396d39b0b9f67
job-core	Post Checkout repository	﻿2025-09-03T01:03:03.6889435Z Post job cleanup.
job-core	Post Checkout repository	2025-09-03T01:03:03.7897679Z [command]/usr/bin/git version
job-core	Post Checkout repository	2025-09-03T01:03:03.7937495Z git version 2.43.0
job-core	Post Checkout repository	2025-09-03T01:03:03.7986070Z Temporarily overriding HOME='/actions-runner/_work/_temp/8b6515df-1a51-4d9d-bc0e-9b42f65df29a' before making global git config changes
job-core	Post Checkout repository	2025-09-03T01:03:03.7987386Z Adding repository directory to the temporary git global config as a safe directory
job-core	Post Checkout repository	2025-09-03T01:03:03.7992962Z [command]/usr/bin/git config --global --add safe.directory /actions-runner/_work/ka0s/ka0s
job-core	Post Checkout repository	2025-09-03T01:03:03.8034094Z [command]/usr/bin/git config --local --name-only --get-regexp core\.sshCommand
job-core	Post Checkout repository	2025-09-03T01:03:03.8074200Z [command]/usr/bin/git submodule foreach --recursive sh -c "git config --local --name-only --get-regexp 'core\.sshCommand' && git config --local --unset-all 'core.sshCommand' || :"
job-core	Post Checkout repository	2025-09-03T01:03:03.8349368Z [command]/usr/bin/git config --local --name-only --get-regexp http\.https\:\/\/github\.com\/\.extraheader
job-core	Post Checkout repository	2025-09-03T01:03:03.8376924Z http.https://github.com/.extraheader
job-core	Post Checkout repository	2025-09-03T01:03:03.8389897Z [command]/usr/bin/git config --local --unset-all http.https://github.com/.extraheader
job-core	Post Checkout repository	2025-09-03T01:03:03.8427200Z [command]/usr/bin/git submodule foreach --recursive sh -c "git config --local --name-only --get-regexp 'http\.https\:\/\/github\.com\/\.extraheader' && git config --local --unset-all 'http.https://github.com/.extraheader' || :"
job-core	Complete job	﻿2025-09-03T01:03:03.8798705Z Cleaning up orphan processes
job-audit	Set up job	﻿2025-09-03T01:03:08.9089652Z Current runner version: '2.328.0'
job-audit	Set up job	2025-09-03T01:03:08.9098030Z Runner name: 'ka0s-test-1'
job-audit	Set up job	2025-09-03T01:03:08.9098849Z Runner group name: 'test'
job-audit	Set up job	2025-09-03T01:03:08.9099834Z Machine name: '247b0c1cb843'
job-audit	Set up job	2025-09-03T01:03:08.9103135Z ##[group]GITHUB_TOKEN Permissions
job-audit	Set up job	2025-09-03T01:03:08.9105468Z Actions: write
job-audit	Set up job	2025-09-03T01:03:08.9106199Z Contents: write
job-audit	Set up job	2025-09-03T01:03:08.9106846Z Issues: write
job-audit	Set up job	2025-09-03T01:03:08.9107540Z Metadata: read
job-audit	Set up job	2025-09-03T01:03:08.9108207Z PullRequests: write
job-audit	Set up job	2025-09-03T01:03:08.9108868Z ##[endgroup]
job-audit	Set up job	2025-09-03T01:03:08.9111289Z Secret source: Actions
job-audit	Set up job	2025-09-03T01:03:08.9112244Z Prepare workflow directory
job-audit	Set up job	2025-09-03T01:03:08.9722666Z Prepare all required actions
job-audit	Set up job	2025-09-03T01:03:08.9763602Z Getting action download info
job-audit	Set up job	2025-09-03T01:03:09.4908850Z Download action repository 'appleboy/ssh-action@v1.2.2' (SHA:2ead5e36573f08b82fbfce1504f1a4b05a647c6f)
job-audit	Set up job	2025-09-03T01:03:10.3963917Z Complete job name: job-audit
job-audit	Execute audit	﻿2025-09-03T01:03:10.4578162Z ##[group]Run appleboy/ssh-action@v1.2.2
job-audit	Execute audit	2025-09-03T01:03:10.4579278Z with:
job-audit	Execute audit	2025-09-03T01:03:10.4579918Z   host: ***
job-audit	Execute audit	2025-09-03T01:03:10.4580440Z   username: ***
job-audit	Execute audit	2025-09-03T01:03:10.4584642Z   key: ***
job-audit	Execute audit	2025-09-03T01:03:10.4585168Z   port: ***
job-audit	Execute audit	2025-09-03T01:03:10.4585928Z   script: echo "***" | sudo -S lynis audit system --pentest --forensics 
job-audit	Execute audit	
job-audit	Execute audit	2025-09-03T01:03:10.4586759Z   protocol: tcp
job-audit	Execute audit	2025-09-03T01:03:10.4587279Z   timeout: 30s
job-audit	Execute audit	2025-09-03T01:03:10.4587793Z   command_timeout: 10m
job-audit	Execute audit	2025-09-03T01:03:10.4588340Z   proxy_port: 22
job-audit	Execute audit	2025-09-03T01:03:10.4588883Z   proxy_protocol: tcp
job-audit	Execute audit	2025-09-03T01:03:10.4589437Z   proxy_timeout: 30s
job-audit	Execute audit	2025-09-03T01:03:10.4589982Z   capture_stdout: false
job-audit	Execute audit	2025-09-03T01:03:10.4591165Z env:
job-audit	Execute audit	2025-09-03T01:03:10.4592110Z   KAOS_MODULE: [Ka0S] Audit Host
job-audit	Execute audit	2025-09-03T01:03:10.4592876Z   KAOS_PATH_RESUME: audit/hosts/
job-audit	Execute audit	2025-09-03T01:03:10.4593495Z   KAOS_FILE_HOST: 17419955480
job-audit	Execute audit	2025-09-03T01:03:10.4594090Z   KAOS_CODE: 17419955480
job-audit	Execute audit	2025-09-03T01:03:10.4594641Z ##[endgroup]
job-audit	Execute audit	2025-09-03T01:03:10.4716396Z ##[group]Run echo "$GITHUB_ACTION_PATH" >> $GITHUB_PATH
job-audit	Execute audit	2025-09-03T01:03:10.4717543Z [36;1mecho "$GITHUB_ACTION_PATH" >> $GITHUB_PATH[0m
job-audit	Execute audit	2025-09-03T01:03:10.4729015Z shell: /usr/bin/bash --noprofile --norc -e -o pipefail {0}
job-audit	Execute audit	2025-09-03T01:03:10.4729829Z env:
job-audit	Execute audit	2025-09-03T01:03:10.4730340Z   KAOS_MODULE: [Ka0S] Audit Host
job-audit	Execute audit	2025-09-03T01:03:10.4730962Z   KAOS_PATH_RESUME: audit/hosts/
job-audit	Execute audit	2025-09-03T01:03:10.4731920Z   KAOS_FILE_HOST: 17419955480
job-audit	Execute audit	2025-09-03T01:03:10.4732506Z   KAOS_CODE: 17419955480
job-audit	Execute audit	2025-09-03T01:03:10.4733347Z   GITHUB_ACTION_PATH: /actions-runner/_work/_actions/appleboy/ssh-action/v1.2.2
job-audit	Execute audit	2025-09-03T01:03:10.4734242Z ##[endgroup]
job-audit	Execute audit	2025-09-03T01:03:10.4919287Z ##[group]Run entrypoint.sh
job-audit	Execute audit	2025-09-03T01:03:10.4919973Z [36;1mentrypoint.sh[0m
job-audit	Execute audit	2025-09-03T01:03:10.4930059Z shell: /usr/bin/bash --noprofile --norc -e -o pipefail {0}
job-audit	Execute audit	2025-09-03T01:03:10.4931071Z env:
job-audit	Execute audit	2025-09-03T01:03:10.4931993Z   KAOS_MODULE: [Ka0S] Audit Host
job-audit	Execute audit	2025-09-03T01:03:10.4932625Z   KAOS_PATH_RESUME: audit/hosts/
job-audit	Execute audit	2025-09-03T01:03:10.4933262Z   KAOS_FILE_HOST: 17419955480
job-audit	Execute audit	2025-09-03T01:03:10.4933861Z   KAOS_CODE: 17419955480
job-audit	Execute audit	2025-09-03T01:03:10.4934675Z   GITHUB_ACTION_PATH: /actions-runner/_work/_actions/appleboy/ssh-action/v1.2.2
job-audit	Execute audit	2025-09-03T01:03:10.4935669Z   INPUT_HOST: ***
job-audit	Execute audit	2025-09-03T01:03:10.4936238Z   INPUT_PORT: ***
job-audit	Execute audit	2025-09-03T01:03:10.4936768Z   INPUT_PROTOCOL: tcp
job-audit	Execute audit	2025-09-03T01:03:10.4937340Z   INPUT_USERNAME: ***
job-audit	Execute audit	2025-09-03T01:03:10.4937881Z   INPUT_PASSWORD: 
job-audit	Execute audit	2025-09-03T01:03:10.4938410Z   INPUT_PASSPHRASE: 
job-audit	Execute audit	2025-09-03T01:03:10.4942917Z   INPUT_KEY: ***
job-audit	Execute audit	2025-09-03T01:03:10.4943581Z   INPUT_KEY_PATH: 
job-audit	Execute audit	2025-09-03T01:03:10.4944125Z   INPUT_FINGERPRINT: 
job-audit	Execute audit	2025-09-03T01:03:10.4944949Z   INPUT_PROXY_HOST: 
job-audit	Execute audit	2025-09-03T01:03:10.4954858Z   INPUT_PROXY_PORT: 22
job-audit	Execute audit	2025-09-03T01:03:10.4955682Z   INPUT_PROXY_USERNAME: 
job-audit	Execute audit	2025-09-03T01:03:10.4956261Z   INPUT_PROXY_PASSWORD: 
job-audit	Execute audit	2025-09-03T01:03:10.4956833Z   INPUT_PROXY_PASSPHRASE: 
job-audit	Execute audit	2025-09-03T01:03:10.4957406Z   INPUT_PROXY_KEY: 
job-audit	Execute audit	2025-09-03T01:03:10.4957941Z   INPUT_PROXY_KEY_PATH: 
job-audit	Execute audit	2025-09-03T01:03:10.4958536Z   INPUT_PROXY_FINGERPRINT: 
job-audit	Execute audit	2025-09-03T01:03:10.4959467Z   INPUT_TIMEOUT: 30s
job-audit	Execute audit	2025-09-03T01:03:10.4960011Z   INPUT_PROXY_TIMEOUT: 30s
job-audit	Execute audit	2025-09-03T01:03:10.4960596Z   INPUT_COMMAND_TIMEOUT: 10m
job-audit	Execute audit	2025-09-03T01:03:10.4961977Z   INPUT_SCRIPT: echo "***" | sudo -S lynis audit system --pentest --forensics 
job-audit	Execute audit	
job-audit	Execute audit	2025-09-03T01:03:10.4963010Z   INPUT_SCRIPT_FILE: 
job-audit	Execute audit	2025-09-03T01:03:10.4963549Z   INPUT_ENVS: 
job-audit	Execute audit	2025-09-03T01:03:10.4964054Z   INPUT_ENVS_FORMAT: 
job-audit	Execute audit	2025-09-03T01:03:10.4964589Z   INPUT_DEBUG: 
job-audit	Execute audit	2025-09-03T01:03:10.4965094Z   INPUT_ALL_ENVS: 
job-audit	Execute audit	2025-09-03T01:03:10.4965611Z   INPUT_REQUEST_PTY: 
job-audit	Execute audit	2025-09-03T01:03:10.4966168Z   INPUT_USE_INSECURE_CIPHER: 
job-audit	Execute audit	2025-09-03T01:03:10.4966759Z   INPUT_CIPHER: 
job-audit	Execute audit	2025-09-03T01:03:10.4967296Z   INPUT_PROXY_USE_INSECURE_CIPHER: 
job-audit	Execute audit	2025-09-03T01:03:10.4967918Z   INPUT_PROXY_CIPHER: 
job-audit	Execute audit	2025-09-03T01:03:10.4968457Z   INPUT_SYNC: 
job-audit	Execute audit	2025-09-03T01:03:10.4968978Z   INPUT_CAPTURE_STDOUT: false
job-audit	Execute audit	2025-09-03T01:03:10.4969562Z ##[endgroup]
job-audit	Execute audit	2025-09-03T01:03:10.5062541Z Will download drone-ssh-1.8.1-linux-amd64 from https://github.com/appleboy/drone-ssh/releases/download/v1.8.1
job-audit	Execute audit	2025-09-03T01:03:11.0530766Z ======= CLI Version =======
job-audit	Execute audit	2025-09-03T01:03:11.0560832Z Drone SSH version 1.8.1
job-audit	Execute audit	2025-09-03T01:03:11.0566605Z ===========================
job-audit	Execute audit	2025-09-03T01:03:14.1715757Z 2025/09/03 03:03:14 dial tcp ***:***: connect: no route to host
job-audit	Execute audit	2025-09-03T01:03:14.1787867Z ##[error]Process completed with exit code 1.
job-audit	Complete job	﻿2025-09-03T01:03:14.2169554Z Cleaning up orphan processes
handle_failure	Set up job	﻿2025-09-03T01:03:18.7030498Z Current runner version: '2.328.0'
handle_failure	Set up job	2025-09-03T01:03:18.7038076Z Runner name: 'ka0s-test-2'
handle_failure	Set up job	2025-09-03T01:03:18.7038831Z Runner group name: 'test'
handle_failure	Set up job	2025-09-03T01:03:18.7039753Z Machine name: '35a4aa2135de'
handle_failure	Set up job	2025-09-03T01:03:18.7043054Z ##[group]GITHUB_TOKEN Permissions
handle_failure	Set up job	2025-09-03T01:03:18.7045223Z Actions: write
handle_failure	Set up job	2025-09-03T01:03:18.7045804Z Contents: write
handle_failure	Set up job	2025-09-03T01:03:18.7046393Z Issues: write
handle_failure	Set up job	2025-09-03T01:03:18.7046919Z Metadata: read
handle_failure	Set up job	2025-09-03T01:03:18.7047446Z PullRequests: write
handle_failure	Set up job	2025-09-03T01:03:18.7047912Z ##[endgroup]
handle_failure	Set up job	2025-09-03T01:03:18.7050042Z Secret source: Actions
handle_failure	Set up job	2025-09-03T01:03:18.7051076Z Prepare workflow directory
handle_failure	Set up job	2025-09-03T01:03:18.7678795Z Prepare all required actions
handle_failure	Set up job	2025-09-03T01:03:18.7776374Z Complete job name: handle_failure
handle_failure	Run # si ha existido un error dejamos la tarjeta In Review	﻿2025-09-03T01:03:18.8282389Z ##[group]Run # si ha existido un error dejamos la tarjeta In Review
handle_failure	Run # si ha existido un error dejamos la tarjeta In Review	2025-09-03T01:03:18.8283752Z [36;1m# si ha existido un error dejamos la tarjeta In Review[0m
handle_failure	Run # si ha existido un error dejamos la tarjeta In Review	2025-09-03T01:03:18.8284540Z [36;1mecho "Error detected in [Ka0S] Audit Host, creating issue..."[0m
handle_failure	Run # si ha existido un error dejamos la tarjeta In Review	2025-09-03T01:03:18.8302692Z shell: /usr/bin/bash -e {0}
handle_failure	Run # si ha existido un error dejamos la tarjeta In Review	2025-09-03T01:03:18.8303428Z env:
handle_failure	Run # si ha existido un error dejamos la tarjeta In Review	2025-09-03T01:03:18.8303797Z   KAOS_MODULE: [Ka0S] Audit Host
handle_failure	Run # si ha existido un error dejamos la tarjeta In Review	2025-09-03T01:03:18.8304268Z   KAOS_PATH_RESUME: audit/hosts/
handle_failure	Run # si ha existido un error dejamos la tarjeta In Review	2025-09-03T01:03:18.8304720Z   KAOS_FILE_HOST: 17419955480
handle_failure	Run # si ha existido un error dejamos la tarjeta In Review	2025-09-03T01:03:18.8305154Z   KAOS_CODE: 17419955480
handle_failure	Run # si ha existido un error dejamos la tarjeta In Review	2025-09-03T01:03:18.8305547Z ##[endgroup]
handle_failure	Run # si ha existido un error dejamos la tarjeta In Review	2025-09-03T01:03:18.8460055Z Error detected in [Ka0S] Audit Host, creating issue...
handle_failure	Complete job	﻿2025-09-03T01:03:18.8568681Z Cleaning up orphan processes
end-workflow	Set up job	﻿2025-09-03T01:03:25.1417125Z Current runner version: '2.328.0'
end-workflow	Set up job	2025-09-03T01:03:25.1424656Z Runner name: 'ka0s-test-3'
end-workflow	Set up job	2025-09-03T01:03:25.1425417Z Runner group name: 'test'
end-workflow	Set up job	2025-09-03T01:03:25.1426291Z Machine name: 'a5e37c0e7ffd'
end-workflow	Set up job	2025-09-03T01:03:25.1429192Z ##[group]GITHUB_TOKEN Permissions
end-workflow	Set up job	2025-09-03T01:03:25.1431593Z Actions: write
end-workflow	Set up job	2025-09-03T01:03:25.1432145Z Contents: write
end-workflow	Set up job	2025-09-03T01:03:25.1432669Z Issues: write
end-workflow	Set up job	2025-09-03T01:03:25.1433271Z Metadata: read
end-workflow	Set up job	2025-09-03T01:03:25.1433820Z PullRequests: write
end-workflow	Set up job	2025-09-03T01:03:25.1434370Z ##[endgroup]
end-workflow	Set up job	2025-09-03T01:03:25.1436425Z Secret source: Actions
end-workflow	Set up job	2025-09-03T01:03:25.1437151Z Prepare workflow directory
end-workflow	Set up job	2025-09-03T01:03:25.2037524Z Prepare all required actions
end-workflow	Set up job	2025-09-03T01:03:25.2097231Z Complete job name: end-workflow
end-workflow	Finaliza el workflow	﻿2025-09-03T01:03:25.2631589Z ##[group]Run echo "End process"
end-workflow	Finaliza el workflow	2025-09-03T01:03:25.2632290Z [36;1mecho "End process"[0m
end-workflow	Finaliza el workflow	2025-09-03T01:03:25.2633033Z [36;1mgh workflow run inspector.yml --ref refs/heads/main -f kaos-workflow-id="17419955480"[0m
end-workflow	Finaliza el workflow	2025-09-03T01:03:25.2652032Z shell: /usr/bin/bash -e {0}
end-workflow	Finaliza el workflow	2025-09-03T01:03:25.2652801Z env:
end-workflow	Finaliza el workflow	2025-09-03T01:03:25.2653193Z   KAOS_MODULE: [Ka0S] Audit Host
end-workflow	Finaliza el workflow	2025-09-03T01:03:25.2653659Z   KAOS_PATH_RESUME: audit/hosts/
end-workflow	Finaliza el workflow	2025-09-03T01:03:25.2654120Z   KAOS_FILE_HOST: 17419955480
end-workflow	Finaliza el workflow	2025-09-03T01:03:25.2654558Z   KAOS_CODE: 17419955480
end-workflow	Finaliza el workflow	2025-09-03T01:03:25.2655197Z   GH_TOKEN: ***
end-workflow	Finaliza el workflow	2025-09-03T01:03:25.2655713Z ##[endgroup]
end-workflow	Finaliza el workflow	2025-09-03T01:03:25.2818473Z End process
end-workflow	Complete job	﻿2025-09-03T01:03:25.9353782Z Cleaning up orphan processes
