end-workflow	Set up job	﻿2025-09-11T20:19:50.7596166Z Current runner version: '2.328.0'
end-workflow	Set up job	2025-09-11T20:19:50.7604320Z Runner name: 'ka0s-execution-3'
end-workflow	Set up job	2025-09-11T20:19:50.7605115Z Runner group name: 'execution'
end-workflow	Set up job	2025-09-11T20:19:50.7606192Z Machine name: '9749d95d8c60'
end-workflow	Set up job	2025-09-11T20:19:50.7609102Z ##[group]GITHUB_TOKEN Permissions
end-workflow	Set up job	2025-09-11T20:19:50.7611850Z Actions: write
end-workflow	Set up job	2025-09-11T20:19:50.7612397Z Contents: write
end-workflow	Set up job	2025-09-11T20:19:50.7613048Z Issues: write
end-workflow	Set up job	2025-09-11T20:19:50.7613597Z Metadata: read
end-workflow	Set up job	2025-09-11T20:19:50.7614074Z PullRequests: write
end-workflow	Set up job	2025-09-11T20:19:50.7614723Z ##[endgroup]
end-workflow	Set up job	2025-09-11T20:19:50.7617186Z Secret source: Actions
end-workflow	Set up job	2025-09-11T20:19:50.7618103Z Prepare workflow directory
end-workflow	Set up job	2025-09-11T20:19:50.8317565Z Prepare all required actions
end-workflow	Set up job	2025-09-11T20:19:50.8387986Z Getting action download info
end-workflow	Set up job	2025-09-11T20:19:51.3258356Z Download action repository 'actions/checkout@v4' (SHA:08eba0b27e820071cde6df949e0beb9ba4906955)
end-workflow	Set up job	2025-09-11T20:19:52.1507414Z Complete job name: end-workflow
end-workflow	Checkout repository	﻿2025-09-11T20:19:52.2055086Z ##[group]Run actions/checkout@v4
end-workflow	Checkout repository	2025-09-11T20:19:52.2056039Z with:
end-workflow	Checkout repository	2025-09-11T20:19:52.2056434Z   fetch-depth: 0
end-workflow	Checkout repository	2025-09-11T20:19:52.2057112Z   token: ***
end-workflow	Checkout repository	2025-09-11T20:19:52.2057519Z   repository: Ka0s-Klaus/ka0s
end-workflow	Checkout repository	2025-09-11T20:19:52.2058010Z   ssh-strict: true
end-workflow	Checkout repository	2025-09-11T20:19:52.2058401Z   ssh-user: git
end-workflow	Checkout repository	2025-09-11T20:19:52.2058814Z   persist-credentials: true
end-workflow	Checkout repository	2025-09-11T20:19:52.2059275Z   clean: true
end-workflow	Checkout repository	2025-09-11T20:19:52.2059688Z   sparse-checkout-cone-mode: true
end-workflow	Checkout repository	2025-09-11T20:19:52.2060204Z   fetch-tags: false
end-workflow	Checkout repository	2025-09-11T20:19:52.2060617Z   show-progress: true
end-workflow	Checkout repository	2025-09-11T20:19:52.2061100Z   lfs: false
end-workflow	Checkout repository	2025-09-11T20:19:52.2061481Z   submodules: false
end-workflow	Checkout repository	2025-09-11T20:19:52.2061919Z   set-safe-directory: true
end-workflow	Checkout repository	2025-09-11T20:19:52.2062621Z env:
end-workflow	Checkout repository	2025-09-11T20:19:52.2063003Z   KAOS_MODULE: [Ka0S] Execution
end-workflow	Checkout repository	2025-09-11T20:19:52.2063669Z   GH_TOKEN: ***
end-workflow	Checkout repository	2025-09-11T20:19:52.2064079Z   BRANCH_NAME: refs/heads/main
end-workflow	Checkout repository	2025-09-11T20:19:52.2064667Z   KAOS_AUTOMATION_COMPLIANCE: compliance/core/core.json
end-workflow	Checkout repository	2025-09-11T20:19:52.2065380Z   KAOS_PATH_RESUME: audit/eresults/
end-workflow	Checkout repository	2025-09-11T20:19:52.2065942Z   KAOS_PATH_OUTPUT: audit/execution/
end-workflow	Checkout repository	2025-09-11T20:19:52.2066518Z   KAOS_REPO: /actions-runner/_work/kaos/kaos
end-workflow	Checkout repository	2025-09-11T20:19:52.2067086Z   KAOS_STEP_MODULE: 
end-workflow	Checkout repository	2025-09-11T20:19:52.2067506Z   KAOS_CODE: 17656307578
end-workflow	Checkout repository	2025-09-11T20:19:52.2067942Z   KAOS_ISSUE_NUMBER: 1484
end-workflow	Checkout repository	2025-09-11T20:19:52.2068523Z   KAOS_ISSUE_TITLE: [Ka0S] Error detected in [Ka0s] MongoDB
end-workflow	Checkout repository	2025-09-11T20:19:52.2069706Z   KAOS_ISSUE_BODY: Error detected in [Ka0s] MongoDB. Please check the logs for 17656298897 more information of error.
end-workflow	Checkout repository	2025-09-11T20:19:52.2070796Z   KAOS_ISSUE_MESSAGE: 
end-workflow	Checkout repository	2025-09-11T20:19:52.2071322Z   KAOS_ISSUE_USER: ka0score
end-workflow	Checkout repository	2025-09-11T20:19:52.2071782Z ##[endgroup]
end-workflow	Checkout repository	2025-09-11T20:19:52.3236846Z Syncing repository: Ka0s-Klaus/ka0s
end-workflow	Checkout repository	2025-09-11T20:19:52.3238832Z ##[group]Getting Git version info
end-workflow	Checkout repository	2025-09-11T20:19:52.3239637Z Working directory is '/actions-runner/_work/ka0s/ka0s'
end-workflow	Checkout repository	2025-09-11T20:19:52.3241643Z [command]/usr/bin/git version
end-workflow	Checkout repository	2025-09-11T20:19:52.3242233Z git version 2.43.0
end-workflow	Checkout repository	2025-09-11T20:19:52.3258003Z ##[endgroup]
end-workflow	Checkout repository	2025-09-11T20:19:52.3275136Z Temporarily overriding HOME='/actions-runner/_work/_temp/1f7acc14-ef44-44b0-9794-9f036bebfd20' before making global git config changes
end-workflow	Checkout repository	2025-09-11T20:19:52.3276976Z Adding repository directory to the temporary git global config as a safe directory
end-workflow	Checkout repository	2025-09-11T20:19:52.3281075Z [command]/usr/bin/git config --global --add safe.directory /actions-runner/_work/ka0s/ka0s
end-workflow	Checkout repository	2025-09-11T20:19:52.3323962Z [command]/usr/bin/git config --local --get remote.origin.url
end-workflow	Checkout repository	2025-09-11T20:19:52.3354370Z https://github.com/Ka0s-Klaus/ka0s
end-workflow	Checkout repository	2025-09-11T20:19:52.3375189Z ##[group]Removing previously created refs, to avoid conflicts
end-workflow	Checkout repository	2025-09-11T20:19:52.3380290Z [command]/usr/bin/git rev-parse --symbolic-full-name --verify --quiet HEAD
end-workflow	Checkout repository	2025-09-11T20:19:52.3403909Z refs/heads/main
end-workflow	Checkout repository	2025-09-11T20:19:52.3414347Z [command]/usr/bin/git checkout --detach
end-workflow	Checkout repository	2025-09-11T20:19:52.3496216Z HEAD is now at 30589b50 [Ka0S] Inspector uploading resume execution files to the repository...
end-workflow	Checkout repository	2025-09-11T20:19:52.3545714Z [command]/usr/bin/git branch --delete --force main
end-workflow	Checkout repository	2025-09-11T20:19:52.3578418Z Deleted branch main (was 30589b50).
end-workflow	Checkout repository	2025-09-11T20:19:52.3665342Z ##[endgroup]
end-workflow	Checkout repository	2025-09-11T20:19:52.3665991Z [command]/usr/bin/git submodule status
end-workflow	Checkout repository	2025-09-11T20:19:52.3916278Z ##[group]Cleaning the repository
end-workflow	Checkout repository	2025-09-11T20:19:52.3919563Z [command]/usr/bin/git clean -ffdx
end-workflow	Checkout repository	2025-09-11T20:19:52.3978034Z [command]/usr/bin/git reset --hard HEAD
end-workflow	Checkout repository	2025-09-11T20:19:52.4061241Z HEAD is now at 30589b50 [Ka0S] Inspector uploading resume execution files to the repository...
end-workflow	Checkout repository	2025-09-11T20:19:52.4067599Z ##[endgroup]
end-workflow	Checkout repository	2025-09-11T20:19:52.4068527Z ##[group]Disabling automatic garbage collection
end-workflow	Checkout repository	2025-09-11T20:19:52.4074734Z [command]/usr/bin/git config --local gc.auto 0
end-workflow	Checkout repository	2025-09-11T20:19:52.4110177Z ##[endgroup]
end-workflow	Checkout repository	2025-09-11T20:19:52.4111239Z ##[group]Setting up auth
end-workflow	Checkout repository	2025-09-11T20:19:52.4118115Z [command]/usr/bin/git config --local --name-only --get-regexp core\.sshCommand
end-workflow	Checkout repository	2025-09-11T20:19:52.4161888Z [command]/usr/bin/git submodule foreach --recursive sh -c "git config --local --name-only --get-regexp 'core\.sshCommand' && git config --local --unset-all 'core.sshCommand' || :"
end-workflow	Checkout repository	2025-09-11T20:19:52.4425231Z [command]/usr/bin/git config --local --name-only --get-regexp http\.https\:\/\/github\.com\/\.extraheader
end-workflow	Checkout repository	2025-09-11T20:19:52.4459536Z [command]/usr/bin/git submodule foreach --recursive sh -c "git config --local --name-only --get-regexp 'http\.https\:\/\/github\.com\/\.extraheader' && git config --local --unset-all 'http.https://github.com/.extraheader' || :"
end-workflow	Checkout repository	2025-09-11T20:19:52.4727025Z [command]/usr/bin/git config --local http.https://github.com/.extraheader AUTHORIZATION: basic ***
end-workflow	Checkout repository	2025-09-11T20:19:52.4769479Z ##[endgroup]
end-workflow	Checkout repository	2025-09-11T20:19:52.4770518Z ##[group]Fetching the repository
end-workflow	Checkout repository	2025-09-11T20:19:52.4776885Z [command]/usr/bin/git -c protocol.version=2 fetch --prune --no-recurse-submodules origin +refs/heads/*:refs/remotes/origin/* +refs/tags/*:refs/tags/*
end-workflow	Checkout repository	2025-09-11T20:19:53.2603069Z From https://github.com/Ka0s-Klaus/ka0s
end-workflow	Checkout repository	2025-09-11T20:19:53.2604479Z    30589b50..c5192679  main       -> origin/main
end-workflow	Checkout repository	2025-09-11T20:19:53.2750586Z [command]/usr/bin/git branch --list --remote origin/main
end-workflow	Checkout repository	2025-09-11T20:19:53.2796880Z   origin/main
end-workflow	Checkout repository	2025-09-11T20:19:53.2806336Z [command]/usr/bin/git rev-parse refs/remotes/origin/main
end-workflow	Checkout repository	2025-09-11T20:19:53.2832248Z c51926797d3a2dde9de843c59969ddddc306bea1
end-workflow	Checkout repository	2025-09-11T20:19:53.2837891Z ##[endgroup]
end-workflow	Checkout repository	2025-09-11T20:19:53.2839274Z ##[group]Determining the checkout info
end-workflow	Checkout repository	2025-09-11T20:19:53.2842159Z ##[endgroup]
end-workflow	Checkout repository	2025-09-11T20:19:53.2844615Z [command]/usr/bin/git sparse-checkout disable
end-workflow	Checkout repository	2025-09-11T20:19:53.2896169Z [command]/usr/bin/git config --local --unset-all extensions.worktreeConfig
end-workflow	Checkout repository	2025-09-11T20:19:53.2931268Z ##[group]Checking out the ref
end-workflow	Checkout repository	2025-09-11T20:19:53.2932972Z [command]/usr/bin/git checkout --progress --force -B main refs/remotes/origin/main
end-workflow	Checkout repository	2025-09-11T20:19:53.3087616Z Previous HEAD position was 30589b50 [Ka0S] Inspector uploading resume execution files to the repository...
end-workflow	Checkout repository	2025-09-11T20:19:53.3111531Z Switched to a new branch 'main'
end-workflow	Checkout repository	2025-09-11T20:19:53.3112869Z branch 'main' set up to track 'origin/main'.
end-workflow	Checkout repository	2025-09-11T20:19:53.3116151Z ##[endgroup]
end-workflow	Checkout repository	2025-09-11T20:19:53.3146714Z [command]/usr/bin/git log -1 --format=%H
end-workflow	Checkout repository	2025-09-11T20:19:53.3177006Z c51926797d3a2dde9de843c59969ddddc306bea1
end-workflow	Finaliza el workflow	﻿2025-09-11T20:19:53.3441407Z ##[group]Run echo "End process"
end-workflow	Finaliza el workflow	2025-09-11T20:19:53.3442726Z [36;1mecho "End process"[0m
end-workflow	Finaliza el workflow	2025-09-11T20:19:53.3444183Z [36;1mgh issue comment 1484 --body "Se finaliza Ka0s 17656307578"[0m
end-workflow	Finaliza el workflow	2025-09-11T20:19:53.3448000Z [36;1mgh workflow run inspector.yml --ref 'main' -f kaos-issue-id=$KAOS_ISSUE_NUMBER -f kaos-workflow-id="17656307578" -f kaos-user-start=""[0m
end-workflow	Finaliza el workflow	2025-09-11T20:19:53.3462931Z shell: /usr/bin/bash -e {0}
end-workflow	Finaliza el workflow	2025-09-11T20:19:53.3463993Z env:
end-workflow	Finaliza el workflow	2025-09-11T20:19:53.3464964Z   KAOS_MODULE: [Ka0S] Execution
end-workflow	Finaliza el workflow	2025-09-11T20:19:53.3466923Z   GH_TOKEN: ***
end-workflow	Finaliza el workflow	2025-09-11T20:19:53.3468106Z   BRANCH_NAME: refs/heads/main
end-workflow	Finaliza el workflow	2025-09-11T20:19:53.3469348Z   KAOS_AUTOMATION_COMPLIANCE: compliance/core/core.json
end-workflow	Finaliza el workflow	2025-09-11T20:19:53.3471276Z   KAOS_PATH_RESUME: audit/eresults/
end-workflow	Finaliza el workflow	2025-09-11T20:19:53.3472656Z   KAOS_PATH_OUTPUT: audit/execution/
end-workflow	Finaliza el workflow	2025-09-11T20:19:53.3474028Z   KAOS_REPO: /actions-runner/_work/kaos/kaos
end-workflow	Finaliza el workflow	2025-09-11T20:19:53.3475363Z   KAOS_STEP_MODULE: 
end-workflow	Finaliza el workflow	2025-09-11T20:19:53.3476413Z   KAOS_CODE: 17656307578
end-workflow	Finaliza el workflow	2025-09-11T20:19:53.3477564Z   KAOS_ISSUE_NUMBER: 1484
end-workflow	Finaliza el workflow	2025-09-11T20:19:53.3478915Z   KAOS_ISSUE_TITLE: [Ka0S] Error detected in [Ka0s] MongoDB
end-workflow	Finaliza el workflow	2025-09-11T20:19:53.3481465Z   KAOS_ISSUE_BODY: Error detected in [Ka0s] MongoDB. Please check the logs for 17656298897 more information of error.
end-workflow	Finaliza el workflow	2025-09-11T20:19:53.3483747Z   KAOS_ISSUE_MESSAGE: 
end-workflow	Finaliza el workflow	2025-09-11T20:19:53.3484816Z   KAOS_ISSUE_USER: ka0score
end-workflow	Finaliza el workflow	2025-09-11T20:19:53.3485945Z ##[endgroup]
end-workflow	Finaliza el workflow	2025-09-11T20:19:53.3555689Z End process
end-workflow	Finaliza el workflow	2025-09-11T20:19:54.4130850Z https://github.com/Ka0s-Klaus/ka0s/issues/1484#issuecomment-3282503036
end-workflow	Post Checkout repository	﻿2025-09-11T20:19:55.1132163Z Post job cleanup.
end-workflow	Post Checkout repository	2025-09-11T20:19:55.2181367Z [command]/usr/bin/git version
end-workflow	Post Checkout repository	2025-09-11T20:19:55.2228232Z git version 2.43.0
end-workflow	Post Checkout repository	2025-09-11T20:19:55.2296748Z Temporarily overriding HOME='/actions-runner/_work/_temp/8bcc71db-d3a2-4145-8c13-b045c2ba76b8' before making global git config changes
end-workflow	Post Checkout repository	2025-09-11T20:19:55.2300570Z Adding repository directory to the temporary git global config as a safe directory
end-workflow	Post Checkout repository	2025-09-11T20:19:55.2301530Z [command]/usr/bin/git config --global --add safe.directory /actions-runner/_work/ka0s/ka0s
end-workflow	Post Checkout repository	2025-09-11T20:19:55.2340714Z [command]/usr/bin/git config --local --name-only --get-regexp core\.sshCommand
end-workflow	Post Checkout repository	2025-09-11T20:19:55.2386545Z [command]/usr/bin/git submodule foreach --recursive sh -c "git config --local --name-only --get-regexp 'core\.sshCommand' && git config --local --unset-all 'core.sshCommand' || :"
end-workflow	Post Checkout repository	2025-09-11T20:19:55.2709789Z [command]/usr/bin/git config --local --name-only --get-regexp http\.https\:\/\/github\.com\/\.extraheader
end-workflow	Post Checkout repository	2025-09-11T20:19:55.2732347Z http.https://github.com/.extraheader
end-workflow	Post Checkout repository	2025-09-11T20:19:55.2756201Z [command]/usr/bin/git config --local --unset-all http.https://github.com/.extraheader
end-workflow	Post Checkout repository	2025-09-11T20:19:55.2885500Z [command]/usr/bin/git submodule foreach --recursive sh -c "git config --local --name-only --get-regexp 'http\.https\:\/\/github\.com\/\.extraheader' && git config --local --unset-all 'http.https://github.com/.extraheader' || :"
end-workflow	Complete job	﻿2025-09-11T20:19:55.3263556Z Cleaning up orphan processes
