end-workflow	Set up job	﻿2025-09-25T18:28:22.2309386Z Current runner version: '2.328.0'
end-workflow	Set up job	2025-09-25T18:28:22.2321379Z Runner name: '3b0cf19e1ed3'
end-workflow	Set up job	2025-09-25T18:28:22.2322294Z Runner group name: 'swarm-runners'
end-workflow	Set up job	2025-09-25T18:28:22.2323433Z Machine name: '3b0cf19e1ed3'
end-workflow	Set up job	2025-09-25T18:28:22.2330473Z ##[group]GITHUB_TOKEN Permissions
end-workflow	Set up job	2025-09-25T18:28:22.2333627Z Actions: write
end-workflow	Set up job	2025-09-25T18:28:22.2334231Z Contents: write
end-workflow	Set up job	2025-09-25T18:28:22.2334750Z Issues: write
end-workflow	Set up job	2025-09-25T18:28:22.2335240Z Metadata: read
end-workflow	Set up job	2025-09-25T18:28:22.2335763Z PullRequests: write
end-workflow	Set up job	2025-09-25T18:28:22.2336297Z ##[endgroup]
end-workflow	Set up job	2025-09-25T18:28:22.2339122Z Secret source: Actions
end-workflow	Set up job	2025-09-25T18:28:22.2340629Z Prepare workflow directory
end-workflow	Set up job	2025-09-25T18:28:22.3144856Z Prepare all required actions
end-workflow	Set up job	2025-09-25T18:28:22.3198157Z Getting action download info
end-workflow	Set up job	2025-09-25T18:28:22.9446133Z Download action repository 'actions/checkout@v4' (SHA:08eba0b27e820071cde6df949e0beb9ba4906955)
end-workflow	Set up job	2025-09-25T18:28:23.8595253Z Complete job name: end-workflow
end-workflow	Checkout repository	﻿2025-09-25T18:28:23.9467380Z ##[group]Run actions/checkout@v4
end-workflow	Checkout repository	2025-09-25T18:28:23.9468615Z with:
end-workflow	Checkout repository	2025-09-25T18:28:23.9469123Z   fetch-depth: 0
end-workflow	Checkout repository	2025-09-25T18:28:23.9470308Z   token: ***
end-workflow	Checkout repository	2025-09-25T18:28:23.9470820Z   repository: Ka0s-Klaus/ka0s
end-workflow	Checkout repository	2025-09-25T18:28:23.9471411Z   ssh-strict: true
end-workflow	Checkout repository	2025-09-25T18:28:23.9472310Z   ssh-user: git
end-workflow	Checkout repository	2025-09-25T18:28:23.9472817Z   persist-credentials: true
end-workflow	Checkout repository	2025-09-25T18:28:23.9473366Z   clean: true
end-workflow	Checkout repository	2025-09-25T18:28:23.9473859Z   sparse-checkout-cone-mode: true
end-workflow	Checkout repository	2025-09-25T18:28:23.9474455Z   fetch-tags: false
end-workflow	Checkout repository	2025-09-25T18:28:23.9474939Z   show-progress: true
end-workflow	Checkout repository	2025-09-25T18:28:23.9475447Z   lfs: false
end-workflow	Checkout repository	2025-09-25T18:28:23.9475900Z   submodules: false
end-workflow	Checkout repository	2025-09-25T18:28:23.9476596Z   set-safe-directory: true
end-workflow	Checkout repository	2025-09-25T18:28:23.9477490Z env:
end-workflow	Checkout repository	2025-09-25T18:28:23.9477978Z   KAOS_MODULE: [Ka0S] Execution
end-workflow	Checkout repository	2025-09-25T18:28:23.9478743Z   GH_TOKEN: ***
end-workflow	Checkout repository	2025-09-25T18:28:23.9479258Z   BRANCH_NAME: refs/heads/main
end-workflow	Checkout repository	2025-09-25T18:28:23.9480065Z   KAOS_AUTOMATION_COMPLIANCE: compliance/core/core.json
end-workflow	Checkout repository	2025-09-25T18:28:23.9480880Z   KAOS_PATH_RESUME: audit/eresults/
end-workflow	Checkout repository	2025-09-25T18:28:23.9481543Z   KAOS_PATH_OUTPUT: audit/execution/
end-workflow	Checkout repository	2025-09-25T18:28:23.9482844Z   KAOS_REPO: /actions-runner/_work/kaos/kaos
end-workflow	Checkout repository	2025-09-25T18:28:23.9483989Z   KAOS_STEP_MODULE: 
end-workflow	Checkout repository	2025-09-25T18:28:23.9485391Z   KAOS_CODE: 18017069071
end-workflow	Checkout repository	2025-09-25T18:28:23.9488327Z   KAOS_ISSUE_NUMBER: 1613
end-workflow	Checkout repository	2025-09-25T18:28:23.9492141Z   KAOS_ISSUE_TITLE: [Ka0S] Error detected in [Ka0s] Personalized Image Runners
end-workflow	Checkout repository	2025-09-25T18:28:23.9500333Z   KAOS_ISSUE_BODY: Error detected in [Ka0s] Personalized Image Runners. Please check the logs for 18016750604 more information of error.
end-workflow	Checkout repository	2025-09-25T18:28:23.9505894Z   KAOS_ISSUE_MESSAGE: 
end-workflow	Checkout repository	2025-09-25T18:28:23.9508545Z   KAOS_ISSUE_USER: ka0score
end-workflow	Checkout repository	2025-09-25T18:28:23.9511463Z ##[endgroup]
end-workflow	Checkout repository	2025-09-25T18:28:24.1203981Z Syncing repository: Ka0s-Klaus/ka0s
end-workflow	Checkout repository	2025-09-25T18:28:24.1208815Z ##[group]Getting Git version info
end-workflow	Checkout repository	2025-09-25T18:28:24.1210620Z Working directory is '/home/runner/_work/ka0s/ka0s'
end-workflow	Checkout repository	2025-09-25T18:28:24.1212734Z [command]/usr/bin/git version
end-workflow	Checkout repository	2025-09-25T18:28:24.1213858Z git version 2.51.0
end-workflow	Checkout repository	2025-09-25T18:28:24.1218025Z ##[endgroup]
end-workflow	Checkout repository	2025-09-25T18:28:24.1233071Z Temporarily overriding HOME='/home/runner/_work/_temp/40aeb0dd-d2b3-4131-9b5c-c6463e28b57d' before making global git config changes
end-workflow	Checkout repository	2025-09-25T18:28:24.1236564Z Adding repository directory to the temporary git global config as a safe directory
end-workflow	Checkout repository	2025-09-25T18:28:24.1244127Z [command]/usr/bin/git config --global --add safe.directory /home/runner/_work/ka0s/ka0s
end-workflow	Checkout repository	2025-09-25T18:28:24.1296618Z Deleting the contents of '/home/runner/_work/ka0s/ka0s'
end-workflow	Checkout repository	2025-09-25T18:28:24.1300991Z ##[group]Initializing the repository
end-workflow	Checkout repository	2025-09-25T18:28:24.1309302Z [command]/usr/bin/git init /home/runner/_work/ka0s/ka0s
end-workflow	Checkout repository	2025-09-25T18:28:24.1364878Z hint: Using 'master' as the name for the initial branch. This default branch name
end-workflow	Checkout repository	2025-09-25T18:28:24.1367305Z hint: is subject to change. To configure the initial branch name to use in all
end-workflow	Checkout repository	2025-09-25T18:28:24.1369751Z hint: of your new repositories, which will suppress this warning, call:
end-workflow	Checkout repository	2025-09-25T18:28:24.1372207Z hint:
end-workflow	Checkout repository	2025-09-25T18:28:24.1373592Z hint: 	git config --global init.defaultBranch <name>
end-workflow	Checkout repository	2025-09-25T18:28:24.1375146Z hint:
end-workflow	Checkout repository	2025-09-25T18:28:24.1376835Z hint: Names commonly chosen instead of 'master' are 'main', 'trunk' and
end-workflow	Checkout repository	2025-09-25T18:28:24.1379090Z hint: 'development'. The just-created branch can be renamed via this command:
end-workflow	Checkout repository	2025-09-25T18:28:24.1381626Z hint:
end-workflow	Checkout repository	2025-09-25T18:28:24.1382509Z hint: 	git branch -m <name>
end-workflow	Checkout repository	2025-09-25T18:28:24.1383422Z hint:
end-workflow	Checkout repository	2025-09-25T18:28:24.1384827Z hint: Disable this message with "git config set advice.defaultBranchName false"
end-workflow	Checkout repository	2025-09-25T18:28:24.1386829Z Initialized empty Git repository in /home/runner/_work/ka0s/ka0s/.git/
end-workflow	Checkout repository	2025-09-25T18:28:24.1390677Z [command]/usr/bin/git remote add origin https://github.com/Ka0s-Klaus/ka0s
end-workflow	Checkout repository	2025-09-25T18:28:24.1437836Z ##[endgroup]
end-workflow	Checkout repository	2025-09-25T18:28:24.1440641Z ##[group]Disabling automatic garbage collection
end-workflow	Checkout repository	2025-09-25T18:28:24.1442332Z [command]/usr/bin/git config --local gc.auto 0
end-workflow	Checkout repository	2025-09-25T18:28:24.1485118Z ##[endgroup]
end-workflow	Checkout repository	2025-09-25T18:28:24.1486823Z ##[group]Setting up auth
end-workflow	Checkout repository	2025-09-25T18:28:24.1496829Z [command]/usr/bin/git config --local --name-only --get-regexp core\.sshCommand
end-workflow	Checkout repository	2025-09-25T18:28:24.1543069Z [command]/usr/bin/git submodule foreach --recursive sh -c "git config --local --name-only --get-regexp 'core\.sshCommand' && git config --local --unset-all 'core.sshCommand' || :"
end-workflow	Checkout repository	2025-09-25T18:28:24.1896410Z [command]/usr/bin/git config --local --name-only --get-regexp http\.https\:\/\/github\.com\/\.extraheader
end-workflow	Checkout repository	2025-09-25T18:28:24.1944019Z [command]/usr/bin/git submodule foreach --recursive sh -c "git config --local --name-only --get-regexp 'http\.https\:\/\/github\.com\/\.extraheader' && git config --local --unset-all 'http.https://github.com/.extraheader' || :"
end-workflow	Checkout repository	2025-09-25T18:28:24.2285559Z [command]/usr/bin/git config --local http.https://github.com/.extraheader AUTHORIZATION: basic ***
end-workflow	Checkout repository	2025-09-25T18:28:24.2349723Z ##[endgroup]
end-workflow	Checkout repository	2025-09-25T18:28:24.2351892Z ##[group]Fetching the repository
end-workflow	Checkout repository	2025-09-25T18:28:24.2363474Z [command]/usr/bin/git -c protocol.version=2 fetch --prune --no-recurse-submodules origin +refs/heads/*:refs/remotes/origin/* +refs/tags/*:refs/tags/*
end-workflow	Checkout repository	2025-09-25T18:28:37.6015353Z From https://github.com/Ka0s-Klaus/ka0s
end-workflow	Checkout repository	2025-09-25T18:28:37.6017018Z  * [new branch]        F1149-desarrollo-de-orchestrator -> origin/F1149-desarrollo-de-orchestrator
end-workflow	Checkout repository	2025-09-25T18:28:37.6019354Z  * [new branch]        F1183-personalización-módulo-finops -> origin/F1183-personalización-módulo-finops
end-workflow	Checkout repository	2025-09-25T18:28:37.6021591Z  * [new branch]        F1224-new-module-mongodb -> origin/F1224-new-module-mongodb
end-workflow	Checkout repository	2025-09-25T18:28:37.6023277Z  * [new branch]        F220-web-de-resultados  -> origin/F220-web-de-resultados
end-workflow	Checkout repository	2025-09-25T18:28:37.6025496Z  * [new branch]        F227-despliegue-de-kube-independiente-del-clouder -> origin/F227-despliegue-de-kube-independiente-del-clouder
end-workflow	Checkout repository	2025-09-25T18:28:37.6028393Z  * [new branch]        F329-documentacion-metodologia-de-kaos -> origin/F329-documentacion-metodologia-de-kaos
end-workflow	Checkout repository	2025-09-25T18:28:37.6030626Z  * [new branch]        F44-creación-módulo-versionado -> origin/F44-creación-módulo-versionado
end-workflow	Checkout repository	2025-09-25T18:28:37.6031663Z  * [new branch]        H1128-módulo-de-observabilidad -> origin/H1128-módulo-de-observabilidad
end-workflow	Checkout repository	2025-09-25T18:28:37.6032526Z  * [new branch]        H1139-como-instalar-arc-control -> origin/H1139-como-instalar-arc-control
end-workflow	Checkout repository	2025-09-25T18:28:37.6033420Z  * [new branch]        H1149-desarrollo-de-orchestrator -> origin/H1149-desarrollo-de-orchestrator
end-workflow	Checkout repository	2025-09-25T18:28:37.6034665Z  * [new branch]        H1150-desarrollo-de-secciones -> origin/H1150-desarrollo-de-secciones
end-workflow	Checkout repository	2025-09-25T18:28:37.6036406Z  * [new branch]        H1151-desarrollo-de-secciones-ii -> origin/H1151-desarrollo-de-secciones-ii
end-workflow	Checkout repository	2025-09-25T18:28:37.6037989Z  * [new branch]        H1152-desarrollo-inicio -> origin/H1152-desarrollo-inicio
end-workflow	Checkout repository	2025-09-25T18:28:37.6040281Z  * [new branch]        H1183-personalización-módulo-finops -> origin/H1183-personalización-módulo-finops
end-workflow	Checkout repository	2025-09-25T18:28:37.6042273Z  * [new branch]        H1193-ejemplo-web-documentacion -> origin/H1193-ejemplo-web-documentacion
end-workflow	Checkout repository	2025-09-25T18:28:37.6044504Z  * [new branch]        H1205-web-creation      -> origin/H1205-web-creation
end-workflow	Checkout repository	2025-09-25T18:28:37.6045914Z  * [new branch]        H1224-new-module-mongodb -> origin/H1224-new-module-mongodb
end-workflow	Checkout repository	2025-09-25T18:28:37.6047306Z  * [new branch]        H1410-modulo-execution  -> origin/H1410-modulo-execution
end-workflow	Checkout repository	2025-09-25T18:28:37.6049847Z  * [new branch]        H1514-new-swarm-deployment-stack-with-actions-runners-autoscale -> origin/H1514-new-swarm-deployment-stack-with-actions-runners-autoscale
end-workflow	Checkout repository	2025-09-25T18:28:37.6051897Z  * [new branch]        H215-modulo-de-summary  -> origin/H215-modulo-de-summary
end-workflow	Checkout repository	2025-09-25T18:28:37.6053479Z  * [new branch]        H220-web-de-resultados  -> origin/H220-web-de-resultados
end-workflow	Checkout repository	2025-09-25T18:28:37.6055962Z  * [new branch]        H227-despliegue-de-kube-independiente-del-clouder -> origin/H227-despliegue-de-kube-independiente-del-clouder
end-workflow	Checkout repository	2025-09-25T18:28:37.6059714Z  * [new branch]        H306-ficheros-de-estadisticas -> origin/H306-ficheros-de-estadisticas
end-workflow	Checkout repository	2025-09-25T18:28:37.6060955Z  * [new branch]        H328-documentacion-modulo-principal-de-kaos -> origin/H328-documentacion-modulo-principal-de-kaos
end-workflow	Checkout repository	2025-09-25T18:28:37.6062193Z  * [new branch]        H329-documentacion-metodologia-de-kaos -> origin/H329-documentacion-metodologia-de-kaos
end-workflow	Checkout repository	2025-09-25T18:28:37.6064297Z  * [new branch]        H338-relanzador-de-jobs-en-caso-de-pattern -> origin/H338-relanzador-de-jobs-en-caso-de-pattern
end-workflow	Checkout repository	2025-09-25T18:28:37.6066791Z  * [new branch]        H38-documentacion-basica-del-proyecto -> origin/H38-documentacion-basica-del-proyecto
end-workflow	Checkout repository	2025-09-25T18:28:37.6069909Z  * [new branch]        H44-creación-módulo-versionado -> origin/H44-creación-módulo-versionado
end-workflow	Checkout repository	2025-09-25T18:28:37.6071801Z  * [new branch]        RN1149-desarrollo-de-orchestrator -> origin/RN1149-desarrollo-de-orchestrator
end-workflow	Checkout repository	2025-09-25T18:28:37.6073969Z  * [new branch]        RN1183-personalización-módulo-finops -> origin/RN1183-personalización-módulo-finops
end-workflow	Checkout repository	2025-09-25T18:28:37.6075459Z  * [new branch]        RN1282-ka0s-error-detected-in-ka0s-workflow-statistics-summary -> origin/RN1282-ka0s-error-detected-in-ka0s-workflow-statistics-summary
end-workflow	Checkout repository	2025-09-25T18:28:37.6076630Z  * [new branch]        RN220-web-de-resultados -> origin/RN220-web-de-resultados
end-workflow	Checkout repository	2025-09-25T18:28:37.6077652Z  * [new branch]        RN227-despliegue-de-kube-independiente-del-clouder -> origin/RN227-despliegue-de-kube-independiente-del-clouder
end-workflow	Checkout repository	2025-09-25T18:28:37.6079897Z  * [new branch]        RN329-documentacion-metodologia-de-kaos -> origin/RN329-documentacion-metodologia-de-kaos
end-workflow	Checkout repository	2025-09-25T18:28:37.6080943Z  * [new branch]        main                    -> origin/main
end-workflow	Checkout repository	2025-09-25T18:28:37.6081669Z  * [new tag]           0.0.0                   -> 0.0.0
end-workflow	Checkout repository	2025-09-25T18:28:37.6082712Z  * [new tag]           0.0.1                   -> 0.0.1
end-workflow	Checkout repository	2025-09-25T18:28:37.6083866Z  * [new tag]           0.0.10                  -> 0.0.10
end-workflow	Checkout repository	2025-09-25T18:28:37.6085270Z  * [new tag]           0.0.100                 -> 0.0.100
end-workflow	Checkout repository	2025-09-25T18:28:37.6086800Z  * [new tag]           0.0.101                 -> 0.0.101
end-workflow	Checkout repository	2025-09-25T18:28:37.6088302Z  * [new tag]           0.0.102                 -> 0.0.102
end-workflow	Checkout repository	2025-09-25T18:28:37.6089717Z  * [new tag]           0.0.103                 -> 0.0.103
end-workflow	Checkout repository	2025-09-25T18:28:37.6090670Z  * [new tag]           0.0.104                 -> 0.0.104
end-workflow	Checkout repository	2025-09-25T18:28:37.6091626Z  * [new tag]           0.0.105                 -> 0.0.105
end-workflow	Checkout repository	2025-09-25T18:28:37.6093017Z  * [new tag]           0.0.106                 -> 0.0.106
end-workflow	Checkout repository	2025-09-25T18:28:37.6094714Z  * [new tag]           0.0.107                 -> 0.0.107
end-workflow	Checkout repository	2025-09-25T18:28:37.6096191Z  * [new tag]           0.0.108                 -> 0.0.108
end-workflow	Checkout repository	2025-09-25T18:28:37.6097656Z  * [new tag]           0.0.109                 -> 0.0.109
end-workflow	Checkout repository	2025-09-25T18:28:37.6098806Z  * [new tag]           0.0.11                  -> 0.0.11
end-workflow	Checkout repository	2025-09-25T18:28:37.6100393Z  * [new tag]           0.0.110                 -> 0.0.110
end-workflow	Checkout repository	2025-09-25T18:28:37.6101921Z  * [new tag]           0.0.111                 -> 0.0.111
end-workflow	Checkout repository	2025-09-25T18:28:37.6103449Z  * [new tag]           0.0.112                 -> 0.0.112
end-workflow	Checkout repository	2025-09-25T18:28:37.6104397Z  * [new tag]           0.0.113                 -> 0.0.113
end-workflow	Checkout repository	2025-09-25T18:28:37.6105363Z  * [new tag]           0.0.114                 -> 0.0.114
end-workflow	Checkout repository	2025-09-25T18:28:37.6106330Z  * [new tag]           0.0.115                 -> 0.0.115
end-workflow	Checkout repository	2025-09-25T18:28:37.6107844Z  * [new tag]           0.0.116                 -> 0.0.116
end-workflow	Checkout repository	2025-09-25T18:28:37.6109318Z  * [new tag]           0.0.117                 -> 0.0.117
end-workflow	Checkout repository	2025-09-25T18:28:37.6110063Z  * [new tag]           0.0.118                 -> 0.0.118
end-workflow	Checkout repository	2025-09-25T18:28:37.6110542Z  * [new tag]           0.0.119                 -> 0.0.119
end-workflow	Checkout repository	2025-09-25T18:28:37.6111010Z  * [new tag]           0.0.12                  -> 0.0.12
end-workflow	Checkout repository	2025-09-25T18:28:37.6111478Z  * [new tag]           0.0.120                 -> 0.0.120
end-workflow	Checkout repository	2025-09-25T18:28:37.6127038Z  * [new tag]           0.0.121                 -> 0.0.121
end-workflow	Checkout repository	2025-09-25T18:28:37.6128997Z  * [new tag]           0.0.122                 -> 0.0.122
end-workflow	Checkout repository	2025-09-25T18:28:37.6130252Z  * [new tag]           0.0.123                 -> 0.0.123
end-workflow	Checkout repository	2025-09-25T18:28:37.6131459Z  * [new tag]           0.0.124                 -> 0.0.124
end-workflow	Checkout repository	2025-09-25T18:28:37.6132595Z  * [new tag]           0.0.125                 -> 0.0.125
end-workflow	Checkout repository	2025-09-25T18:28:37.6133103Z  * [new tag]           0.0.126                 -> 0.0.126
end-workflow	Checkout repository	2025-09-25T18:28:37.6133573Z  * [new tag]           0.0.127                 -> 0.0.127
end-workflow	Checkout repository	2025-09-25T18:28:37.6134042Z  * [new tag]           0.0.128                 -> 0.0.128
end-workflow	Checkout repository	2025-09-25T18:28:37.6134517Z  * [new tag]           0.0.129                 -> 0.0.129
end-workflow	Checkout repository	2025-09-25T18:28:37.6134984Z  * [new tag]           0.0.13                  -> 0.0.13
end-workflow	Checkout repository	2025-09-25T18:28:37.6135459Z  * [new tag]           0.0.130                 -> 0.0.130
end-workflow	Checkout repository	2025-09-25T18:28:37.6136212Z  * [new tag]           0.0.131                 -> 0.0.131
end-workflow	Checkout repository	2025-09-25T18:28:37.6137147Z  * [new tag]           0.0.132                 -> 0.0.132
end-workflow	Checkout repository	2025-09-25T18:28:37.6138279Z  * [new tag]           0.0.133                 -> 0.0.133
end-workflow	Checkout repository	2025-09-25T18:28:37.6139718Z  * [new tag]           0.0.134                 -> 0.0.134
end-workflow	Checkout repository	2025-09-25T18:28:37.6140240Z  * [new tag]           0.0.135                 -> 0.0.135
end-workflow	Checkout repository	2025-09-25T18:28:37.6140720Z  * [new tag]           0.0.136                 -> 0.0.136
end-workflow	Checkout repository	2025-09-25T18:28:37.6141200Z  * [new tag]           0.0.137                 -> 0.0.137
end-workflow	Checkout repository	2025-09-25T18:28:37.6141668Z  * [new tag]           0.0.138                 -> 0.0.138
end-workflow	Checkout repository	2025-09-25T18:28:37.6142146Z  * [new tag]           0.0.139                 -> 0.0.139
end-workflow	Checkout repository	2025-09-25T18:28:37.6142623Z  * [new tag]           0.0.14                  -> 0.0.14
end-workflow	Checkout repository	2025-09-25T18:28:37.6143093Z  * [new tag]           0.0.140                 -> 0.0.140
end-workflow	Checkout repository	2025-09-25T18:28:37.6143581Z  * [new tag]           0.0.141                 -> 0.0.141
end-workflow	Checkout repository	2025-09-25T18:28:37.6144059Z  * [new tag]           0.0.142                 -> 0.0.142
end-workflow	Checkout repository	2025-09-25T18:28:37.6144530Z  * [new tag]           0.0.143                 -> 0.0.143
end-workflow	Checkout repository	2025-09-25T18:28:37.6145037Z  * [new tag]           0.0.144                 -> 0.0.144
end-workflow	Checkout repository	2025-09-25T18:28:37.6145511Z  * [new tag]           0.0.145                 -> 0.0.145
end-workflow	Checkout repository	2025-09-25T18:28:37.6145981Z  * [new tag]           0.0.146                 -> 0.0.146
end-workflow	Checkout repository	2025-09-25T18:28:37.6146447Z  * [new tag]           0.0.147                 -> 0.0.147
end-workflow	Checkout repository	2025-09-25T18:28:37.6146920Z  * [new tag]           0.0.148                 -> 0.0.148
end-workflow	Checkout repository	2025-09-25T18:28:37.6147393Z  * [new tag]           0.0.149                 -> 0.0.149
end-workflow	Checkout repository	2025-09-25T18:28:37.6147858Z  * [new tag]           0.0.15                  -> 0.0.15
end-workflow	Checkout repository	2025-09-25T18:28:37.6148330Z  * [new tag]           0.0.150                 -> 0.0.150
end-workflow	Checkout repository	2025-09-25T18:28:37.6148804Z  * [new tag]           0.0.151                 -> 0.0.151
end-workflow	Checkout repository	2025-09-25T18:28:37.6149272Z  * [new tag]           0.0.152                 -> 0.0.152
end-workflow	Checkout repository	2025-09-25T18:28:37.6149804Z  * [new tag]           0.0.153                 -> 0.0.153
end-workflow	Checkout repository	2025-09-25T18:28:37.6150291Z  * [new tag]           0.0.154                 -> 0.0.154
end-workflow	Checkout repository	2025-09-25T18:28:37.6151043Z  * [new tag]           0.0.155                 -> 0.0.155
end-workflow	Checkout repository	2025-09-25T18:28:37.6151508Z  * [new tag]           0.0.156                 -> 0.0.156
end-workflow	Checkout repository	2025-09-25T18:28:37.6151973Z  * [new tag]           0.0.157                 -> 0.0.157
end-workflow	Checkout repository	2025-09-25T18:28:37.6152443Z  * [new tag]           0.0.158                 -> 0.0.158
end-workflow	Checkout repository	2025-09-25T18:28:37.6152908Z  * [new tag]           0.0.159                 -> 0.0.159
end-workflow	Checkout repository	2025-09-25T18:28:37.6153371Z  * [new tag]           0.0.16                  -> 0.0.16
end-workflow	Checkout repository	2025-09-25T18:28:37.6153838Z  * [new tag]           0.0.160                 -> 0.0.160
end-workflow	Checkout repository	2025-09-25T18:28:37.6154305Z  * [new tag]           0.0.161                 -> 0.0.161
end-workflow	Checkout repository	2025-09-25T18:28:37.6154767Z  * [new tag]           0.0.162                 -> 0.0.162
end-workflow	Checkout repository	2025-09-25T18:28:37.6155235Z  * [new tag]           0.0.163                 -> 0.0.163
end-workflow	Checkout repository	2025-09-25T18:28:37.6155699Z  * [new tag]           0.0.164                 -> 0.0.164
end-workflow	Checkout repository	2025-09-25T18:28:37.6156365Z  * [new tag]           0.0.165                 -> 0.0.165
end-workflow	Checkout repository	2025-09-25T18:28:37.6156837Z  * [new tag]           0.0.166                 -> 0.0.166
end-workflow	Checkout repository	2025-09-25T18:28:37.6157300Z  * [new tag]           0.0.167                 -> 0.0.167
end-workflow	Checkout repository	2025-09-25T18:28:37.6157765Z  * [new tag]           0.0.168                 -> 0.0.168
end-workflow	Checkout repository	2025-09-25T18:28:37.6158226Z  * [new tag]           0.0.169                 -> 0.0.169
end-workflow	Checkout repository	2025-09-25T18:28:37.6158690Z  * [new tag]           0.0.17                  -> 0.0.17
end-workflow	Checkout repository	2025-09-25T18:28:37.6159164Z  * [new tag]           0.0.170                 -> 0.0.170
end-workflow	Checkout repository	2025-09-25T18:28:37.6159682Z  * [new tag]           0.0.171                 -> 0.0.171
end-workflow	Checkout repository	2025-09-25T18:28:37.6160158Z  * [new tag]           0.0.172                 -> 0.0.172
end-workflow	Checkout repository	2025-09-25T18:28:37.6160624Z  * [new tag]           0.0.173                 -> 0.0.173
end-workflow	Checkout repository	2025-09-25T18:28:37.6161089Z  * [new tag]           0.0.174                 -> 0.0.174
end-workflow	Checkout repository	2025-09-25T18:28:37.6161544Z  * [new tag]           0.0.175                 -> 0.0.175
end-workflow	Checkout repository	2025-09-25T18:28:37.6162025Z  * [new tag]           0.0.176                 -> 0.0.176
end-workflow	Checkout repository	2025-09-25T18:28:37.6162492Z  * [new tag]           0.0.177                 -> 0.0.177
end-workflow	Checkout repository	2025-09-25T18:28:37.6162951Z  * [new tag]           0.0.178                 -> 0.0.178
end-workflow	Checkout repository	2025-09-25T18:28:37.6163419Z  * [new tag]           0.0.179                 -> 0.0.179
end-workflow	Checkout repository	2025-09-25T18:28:37.6163884Z  * [new tag]           0.0.18                  -> 0.0.18
end-workflow	Checkout repository	2025-09-25T18:28:37.6164351Z  * [new tag]           0.0.19                  -> 0.0.19
end-workflow	Checkout repository	2025-09-25T18:28:37.6164808Z  * [new tag]           0.0.2                   -> 0.0.2
end-workflow	Checkout repository	2025-09-25T18:28:37.6165269Z  * [new tag]           0.0.20                  -> 0.0.20
end-workflow	Checkout repository	2025-09-25T18:28:37.6165730Z  * [new tag]           0.0.21                  -> 0.0.21
end-workflow	Checkout repository	2025-09-25T18:28:37.6166188Z  * [new tag]           0.0.22                  -> 0.0.22
end-workflow	Checkout repository	2025-09-25T18:28:37.6166657Z  * [new tag]           0.0.23                  -> 0.0.23
end-workflow	Checkout repository	2025-09-25T18:28:37.6167118Z  * [new tag]           0.0.24                  -> 0.0.24
end-workflow	Checkout repository	2025-09-25T18:28:37.6167597Z  * [new tag]           0.0.25                  -> 0.0.25
end-workflow	Checkout repository	2025-09-25T18:28:37.6168055Z  * [new tag]           0.0.26                  -> 0.0.26
end-workflow	Checkout repository	2025-09-25T18:28:37.6168514Z  * [new tag]           0.0.27                  -> 0.0.27
end-workflow	Checkout repository	2025-09-25T18:28:37.6175523Z  * [new tag]           0.0.28                  -> 0.0.28
end-workflow	Checkout repository	2025-09-25T18:28:37.6176094Z  * [new tag]           0.0.29                  -> 0.0.29
end-workflow	Checkout repository	2025-09-25T18:28:37.6176563Z  * [new tag]           0.0.3                   -> 0.0.3
end-workflow	Checkout repository	2025-09-25T18:28:37.6177027Z  * [new tag]           0.0.30                  -> 0.0.30
end-workflow	Checkout repository	2025-09-25T18:28:37.6177493Z  * [new tag]           0.0.31                  -> 0.0.31
end-workflow	Checkout repository	2025-09-25T18:28:37.6177957Z  * [new tag]           0.0.32                  -> 0.0.32
end-workflow	Checkout repository	2025-09-25T18:28:37.6178421Z  * [new tag]           0.0.33                  -> 0.0.33
end-workflow	Checkout repository	2025-09-25T18:28:37.6178878Z  * [new tag]           0.0.34                  -> 0.0.34
end-workflow	Checkout repository	2025-09-25T18:28:37.6179337Z  * [new tag]           0.0.35                  -> 0.0.35
end-workflow	Checkout repository	2025-09-25T18:28:37.6180306Z  * [new tag]           0.0.36                  -> 0.0.36
end-workflow	Checkout repository	2025-09-25T18:28:37.6180776Z  * [new tag]           0.0.37                  -> 0.0.37
end-workflow	Checkout repository	2025-09-25T18:28:37.6181239Z  * [new tag]           0.0.38                  -> 0.0.38
end-workflow	Checkout repository	2025-09-25T18:28:37.6181703Z  * [new tag]           0.0.39                  -> 0.0.39
end-workflow	Checkout repository	2025-09-25T18:28:37.6182160Z  * [new tag]           0.0.4                   -> 0.0.4
end-workflow	Checkout repository	2025-09-25T18:28:37.6182617Z  * [new tag]           0.0.40                  -> 0.0.40
end-workflow	Checkout repository	2025-09-25T18:28:37.6183079Z  * [new tag]           0.0.41                  -> 0.0.41
end-workflow	Checkout repository	2025-09-25T18:28:37.6183535Z  * [new tag]           0.0.42                  -> 0.0.42
end-workflow	Checkout repository	2025-09-25T18:28:37.6183992Z  * [new tag]           0.0.43                  -> 0.0.43
end-workflow	Checkout repository	2025-09-25T18:28:37.6184452Z  * [new tag]           0.0.44                  -> 0.0.44
end-workflow	Checkout repository	2025-09-25T18:28:37.6184910Z  * [new tag]           0.0.45                  -> 0.0.45
end-workflow	Checkout repository	2025-09-25T18:28:37.6185368Z  * [new tag]           0.0.46                  -> 0.0.46
end-workflow	Checkout repository	2025-09-25T18:28:37.6186028Z  * [new tag]           0.0.47                  -> 0.0.47
end-workflow	Checkout repository	2025-09-25T18:28:37.6186486Z  * [new tag]           0.0.48                  -> 0.0.48
end-workflow	Checkout repository	2025-09-25T18:28:37.6186946Z  * [new tag]           0.0.49                  -> 0.0.49
end-workflow	Checkout repository	2025-09-25T18:28:37.6187551Z  * [new tag]           0.0.5                   -> 0.0.5
end-workflow	Checkout repository	2025-09-25T18:28:37.6188008Z  * [new tag]           0.0.50                  -> 0.0.50
end-workflow	Checkout repository	2025-09-25T18:28:37.6188471Z  * [new tag]           0.0.51                  -> 0.0.51
end-workflow	Checkout repository	2025-09-25T18:28:37.6188931Z  * [new tag]           0.0.52                  -> 0.0.52
end-workflow	Checkout repository	2025-09-25T18:28:37.6189389Z  * [new tag]           0.0.53                  -> 0.0.53
end-workflow	Checkout repository	2025-09-25T18:28:37.6189958Z  * [new tag]           0.0.54                  -> 0.0.54
end-workflow	Checkout repository	2025-09-25T18:28:37.6190420Z  * [new tag]           0.0.55                  -> 0.0.55
end-workflow	Checkout repository	2025-09-25T18:28:37.6190881Z  * [new tag]           0.0.56                  -> 0.0.56
end-workflow	Checkout repository	2025-09-25T18:28:37.6191336Z  * [new tag]           0.0.57                  -> 0.0.57
end-workflow	Checkout repository	2025-09-25T18:28:37.6191816Z  * [new tag]           0.0.58                  -> 0.0.58
end-workflow	Checkout repository	2025-09-25T18:28:37.6192276Z  * [new tag]           0.0.59                  -> 0.0.59
end-workflow	Checkout repository	2025-09-25T18:28:37.6192727Z  * [new tag]           0.0.6                   -> 0.0.6
end-workflow	Checkout repository	2025-09-25T18:28:37.6193183Z  * [new tag]           0.0.60                  -> 0.0.60
end-workflow	Checkout repository	2025-09-25T18:28:37.6193641Z  * [new tag]           0.0.61                  -> 0.0.61
end-workflow	Checkout repository	2025-09-25T18:28:37.6194102Z  * [new tag]           0.0.62                  -> 0.0.62
end-workflow	Checkout repository	2025-09-25T18:28:37.6194558Z  * [new tag]           0.0.63                  -> 0.0.63
end-workflow	Checkout repository	2025-09-25T18:28:37.6195018Z  * [new tag]           0.0.64                  -> 0.0.64
end-workflow	Checkout repository	2025-09-25T18:28:37.6195757Z  * [new tag]           0.0.65                  -> 0.0.65
end-workflow	Checkout repository	2025-09-25T18:28:37.6196235Z  * [new tag]           0.0.66                  -> 0.0.66
end-workflow	Checkout repository	2025-09-25T18:28:37.6196701Z  * [new tag]           0.0.67                  -> 0.0.67
end-workflow	Checkout repository	2025-09-25T18:28:37.6197180Z  * [new tag]           0.0.68                  -> 0.0.68
end-workflow	Checkout repository	2025-09-25T18:28:37.6197647Z  * [new tag]           0.0.69                  -> 0.0.69
end-workflow	Checkout repository	2025-09-25T18:28:37.6198113Z  * [new tag]           0.0.7                   -> 0.0.7
end-workflow	Checkout repository	2025-09-25T18:28:37.6198575Z  * [new tag]           0.0.70                  -> 0.0.70
end-workflow	Checkout repository	2025-09-25T18:28:37.6199041Z  * [new tag]           0.0.71                  -> 0.0.71
end-workflow	Checkout repository	2025-09-25T18:28:37.6199501Z  * [new tag]           0.0.72                  -> 0.0.72
end-workflow	Checkout repository	2025-09-25T18:28:37.6200076Z  * [new tag]           0.0.73                  -> 0.0.73
end-workflow	Checkout repository	2025-09-25T18:28:37.6200544Z  * [new tag]           0.0.74                  -> 0.0.74
end-workflow	Checkout repository	2025-09-25T18:28:37.6201006Z  * [new tag]           0.0.75                  -> 0.0.75
end-workflow	Checkout repository	2025-09-25T18:28:37.6201473Z  * [new tag]           0.0.76                  -> 0.0.76
end-workflow	Checkout repository	2025-09-25T18:28:37.6201937Z  * [new tag]           0.0.77                  -> 0.0.77
end-workflow	Checkout repository	2025-09-25T18:28:37.6202400Z  * [new tag]           0.0.78                  -> 0.0.78
end-workflow	Checkout repository	2025-09-25T18:28:37.6202899Z  * [new tag]           0.0.79                  -> 0.0.79
end-workflow	Checkout repository	2025-09-25T18:28:37.6203579Z  * [new tag]           0.0.8                   -> 0.0.8
end-workflow	Checkout repository	2025-09-25T18:28:37.6204050Z  * [new tag]           0.0.80                  -> 0.0.80
end-workflow	Checkout repository	2025-09-25T18:28:37.6204511Z  * [new tag]           0.0.81                  -> 0.0.81
end-workflow	Checkout repository	2025-09-25T18:28:37.6204975Z  * [new tag]           0.0.82                  -> 0.0.82
end-workflow	Checkout repository	2025-09-25T18:28:37.6205434Z  * [new tag]           0.0.83                  -> 0.0.83
end-workflow	Checkout repository	2025-09-25T18:28:37.6205893Z  * [new tag]           0.0.84                  -> 0.0.84
end-workflow	Checkout repository	2025-09-25T18:28:37.6206375Z  * [new tag]           0.0.85                  -> 0.0.85
end-workflow	Checkout repository	2025-09-25T18:28:37.6206838Z  * [new tag]           0.0.86                  -> 0.0.86
end-workflow	Checkout repository	2025-09-25T18:28:37.6207303Z  * [new tag]           0.0.87                  -> 0.0.87
end-workflow	Checkout repository	2025-09-25T18:28:37.6207765Z  * [new tag]           0.0.88                  -> 0.0.88
end-workflow	Checkout repository	2025-09-25T18:28:37.6208230Z  * [new tag]           0.0.89                  -> 0.0.89
end-workflow	Checkout repository	2025-09-25T18:28:37.6208888Z  * [new tag]           0.0.9                   -> 0.0.9
end-workflow	Checkout repository	2025-09-25T18:28:37.6209360Z  * [new tag]           0.0.90                  -> 0.0.90
end-workflow	Checkout repository	2025-09-25T18:28:37.6218283Z  * [new tag]           0.0.91                  -> 0.0.91
end-workflow	Checkout repository	2025-09-25T18:28:37.6219006Z  * [new tag]           0.0.92                  -> 0.0.92
end-workflow	Checkout repository	2025-09-25T18:28:37.6219485Z  * [new tag]           0.0.93                  -> 0.0.93
end-workflow	Checkout repository	2025-09-25T18:28:37.6220173Z  * [new tag]           0.0.94                  -> 0.0.94
end-workflow	Checkout repository	2025-09-25T18:28:37.6220639Z  * [new tag]           0.0.95                  -> 0.0.95
end-workflow	Checkout repository	2025-09-25T18:28:37.6221106Z  * [new tag]           0.0.96                  -> 0.0.96
end-workflow	Checkout repository	2025-09-25T18:28:37.6221571Z  * [new tag]           0.0.97                  -> 0.0.97
end-workflow	Checkout repository	2025-09-25T18:28:37.6222027Z  * [new tag]           0.0.98                  -> 0.0.98
end-workflow	Checkout repository	2025-09-25T18:28:37.6222488Z  * [new tag]           0.0.99                  -> 0.0.99
end-workflow	Checkout repository	2025-09-25T18:28:37.6222956Z  * [new tag]           0.1.0                   -> 0.1.0
end-workflow	Checkout repository	2025-09-25T18:28:37.6223451Z  * [new tag]           0.1.1                   -> 0.1.1
end-workflow	Checkout repository	2025-09-25T18:28:37.6223915Z  * [new tag]           0.2.0                   -> 0.2.0
end-workflow	Checkout repository	2025-09-25T18:28:37.6224369Z  * [new tag]           0.3.0                   -> 0.3.0
end-workflow	Checkout repository	2025-09-25T18:28:37.6224822Z  * [new tag]           0.3.1                   -> 0.3.1
end-workflow	Checkout repository	2025-09-25T18:28:37.6225283Z  * [new tag]           0.3.10                  -> 0.3.10
end-workflow	Checkout repository	2025-09-25T18:28:37.6225754Z  * [new tag]           0.3.11                  -> 0.3.11
end-workflow	Checkout repository	2025-09-25T18:28:37.6226216Z  * [new tag]           0.3.12                  -> 0.3.12
end-workflow	Checkout repository	2025-09-25T18:28:37.6226673Z  * [new tag]           0.3.13                  -> 0.3.13
end-workflow	Checkout repository	2025-09-25T18:28:37.6227136Z  * [new tag]           0.3.14                  -> 0.3.14
end-workflow	Checkout repository	2025-09-25T18:28:37.6227596Z  * [new tag]           0.3.15                  -> 0.3.15
end-workflow	Checkout repository	2025-09-25T18:28:37.6228059Z  * [new tag]           0.3.16                  -> 0.3.16
end-workflow	Checkout repository	2025-09-25T18:28:37.6228519Z  * [new tag]           0.3.17                  -> 0.3.17
end-workflow	Checkout repository	2025-09-25T18:28:37.6228987Z  * [new tag]           0.3.2                   -> 0.3.2
end-workflow	Checkout repository	2025-09-25T18:28:37.6229455Z  * [new tag]           0.3.3                   -> 0.3.3
end-workflow	Checkout repository	2025-09-25T18:28:37.6230009Z  * [new tag]           0.3.4                   -> 0.3.4
end-workflow	Checkout repository	2025-09-25T18:28:37.6230475Z  * [new tag]           0.3.5                   -> 0.3.5
end-workflow	Checkout repository	2025-09-25T18:28:37.6230931Z  * [new tag]           0.3.6                   -> 0.3.6
end-workflow	Checkout repository	2025-09-25T18:28:37.6231391Z  * [new tag]           0.3.7                   -> 0.3.7
end-workflow	Checkout repository	2025-09-25T18:28:37.6231841Z  * [new tag]           0.3.8                   -> 0.3.8
end-workflow	Checkout repository	2025-09-25T18:28:37.6232294Z  * [new tag]           0.3.9                   -> 0.3.9
end-workflow	Checkout repository	2025-09-25T18:28:37.6232747Z  * [new tag]           0.4.0                   -> 0.4.0
end-workflow	Checkout repository	2025-09-25T18:28:37.6233196Z  * [new tag]           0.4.1                   -> 0.4.1
end-workflow	Checkout repository	2025-09-25T18:28:37.6233648Z  * [new tag]           0.4.2                   -> 0.4.2
end-workflow	Checkout repository	2025-09-25T18:28:37.6234101Z  * [new tag]           0.4.3                   -> 0.4.3
end-workflow	Checkout repository	2025-09-25T18:28:37.6234561Z  * [new tag]           0.4.4                   -> 0.4.4
end-workflow	Checkout repository	2025-09-25T18:28:37.6235334Z  * [new tag]           0.4.5                   -> 0.4.5
end-workflow	Checkout repository	2025-09-25T18:28:37.6235791Z  * [new tag]           0.4.6                   -> 0.4.6
end-workflow	Checkout repository	2025-09-25T18:28:37.6507133Z [command]/usr/bin/git branch --list --remote origin/main
end-workflow	Checkout repository	2025-09-25T18:28:37.6587396Z   origin/main
end-workflow	Checkout repository	2025-09-25T18:28:37.6602456Z [command]/usr/bin/git rev-parse refs/remotes/origin/main
end-workflow	Checkout repository	2025-09-25T18:28:37.6636988Z c38f488bbc937b2e314b678a645dff44acad7d51
end-workflow	Checkout repository	2025-09-25T18:28:37.6646658Z ##[endgroup]
end-workflow	Checkout repository	2025-09-25T18:28:37.6648062Z ##[group]Determining the checkout info
end-workflow	Checkout repository	2025-09-25T18:28:37.6649385Z ##[endgroup]
end-workflow	Checkout repository	2025-09-25T18:28:37.6656888Z [command]/usr/bin/git sparse-checkout disable
end-workflow	Checkout repository	2025-09-25T18:28:37.6716849Z [command]/usr/bin/git config --local --unset-all extensions.worktreeConfig
end-workflow	Checkout repository	2025-09-25T18:28:37.6755881Z ##[group]Checking out the ref
end-workflow	Checkout repository	2025-09-25T18:28:37.6763562Z [command]/usr/bin/git checkout --progress --force -B main refs/remotes/origin/main
end-workflow	Checkout repository	2025-09-25T18:28:38.5737413Z Switched to a new branch 'main'
end-workflow	Checkout repository	2025-09-25T18:28:38.5742333Z branch 'main' set up to track 'origin/main'.
end-workflow	Checkout repository	2025-09-25T18:28:38.5870383Z ##[endgroup]
end-workflow	Checkout repository	2025-09-25T18:28:38.5929504Z [command]/usr/bin/git log -1 --format=%H
end-workflow	Checkout repository	2025-09-25T18:28:38.5964003Z c38f488bbc937b2e314b678a645dff44acad7d51
end-workflow	Finaliza el workflow	﻿2025-09-25T18:28:38.6292650Z ##[group]Run echo "End process"
end-workflow	Finaliza el workflow	2025-09-25T18:28:38.6294011Z [36;1mecho "End process"[0m
end-workflow	Finaliza el workflow	2025-09-25T18:28:38.6295495Z [36;1mgh issue comment 1613 --body "Se finaliza Ka0s 18017069071"[0m
end-workflow	Finaliza el workflow	2025-09-25T18:28:38.6298034Z [36;1mgh workflow run inspector.yml --ref 'main' -f kaos-issue-id=$KAOS_ISSUE_NUMBER -f kaos-workflow-id="18017069071" -f kaos-user-start=""[0m
end-workflow	Finaliza el workflow	2025-09-25T18:28:38.6323254Z shell: /usr/bin/bash -e {0}
end-workflow	Finaliza el workflow	2025-09-25T18:28:38.6323679Z env:
end-workflow	Finaliza el workflow	2025-09-25T18:28:38.6323990Z   KAOS_MODULE: [Ka0S] Execution
end-workflow	Finaliza el workflow	2025-09-25T18:28:38.6324761Z   GH_TOKEN: ***
end-workflow	Finaliza el workflow	2025-09-25T18:28:38.6325084Z   BRANCH_NAME: refs/heads/main
end-workflow	Finaliza el workflow	2025-09-25T18:28:38.6325507Z   KAOS_AUTOMATION_COMPLIANCE: compliance/core/core.json
end-workflow	Finaliza el workflow	2025-09-25T18:28:38.6326047Z   KAOS_PATH_RESUME: audit/eresults/
end-workflow	Finaliza el workflow	2025-09-25T18:28:38.6326427Z   KAOS_PATH_OUTPUT: audit/execution/
end-workflow	Finaliza el workflow	2025-09-25T18:28:38.6326828Z   KAOS_REPO: /actions-runner/_work/kaos/kaos
end-workflow	Finaliza el workflow	2025-09-25T18:28:38.6327228Z   KAOS_STEP_MODULE: 
end-workflow	Finaliza el workflow	2025-09-25T18:28:38.6327533Z   KAOS_CODE: 18017069071
end-workflow	Finaliza el workflow	2025-09-25T18:28:38.6327896Z   KAOS_ISSUE_NUMBER: 1613
end-workflow	Finaliza el workflow	2025-09-25T18:28:38.6328382Z   KAOS_ISSUE_TITLE: [Ka0S] Error detected in [Ka0s] Personalized Image Runners
end-workflow	Finaliza el workflow	2025-09-25T18:28:38.6329295Z   KAOS_ISSUE_BODY: Error detected in [Ka0s] Personalized Image Runners. Please check the logs for 18016750604 more information of error.
end-workflow	Finaliza el workflow	2025-09-25T18:28:38.6330571Z   KAOS_ISSUE_MESSAGE: 
end-workflow	Finaliza el workflow	2025-09-25T18:28:38.6330898Z   KAOS_ISSUE_USER: ka0score
end-workflow	Finaliza el workflow	2025-09-25T18:28:38.6331230Z ##[endgroup]
end-workflow	Finaliza el workflow	2025-09-25T18:28:38.6426338Z End process
end-workflow	Finaliza el workflow	2025-09-25T18:28:39.6799124Z https://github.com/Ka0s-Klaus/ka0s/issues/1613#issuecomment-3335423669
end-workflow	Post Checkout repository	﻿2025-09-25T18:28:40.4435468Z Post job cleanup.
end-workflow	Post Checkout repository	2025-09-25T18:28:40.5803063Z [command]/usr/bin/git version
end-workflow	Post Checkout repository	2025-09-25T18:28:40.5853441Z git version 2.51.0
end-workflow	Post Checkout repository	2025-09-25T18:28:40.5929752Z Temporarily overriding HOME='/home/runner/_work/_temp/1bb61178-c7ff-4701-92cb-982068fc0a99' before making global git config changes
end-workflow	Post Checkout repository	2025-09-25T18:28:40.5931853Z Adding repository directory to the temporary git global config as a safe directory
end-workflow	Post Checkout repository	2025-09-25T18:28:40.5941403Z [command]/usr/bin/git config --global --add safe.directory /home/runner/_work/ka0s/ka0s
end-workflow	Post Checkout repository	2025-09-25T18:28:40.5992010Z [command]/usr/bin/git config --local --name-only --get-regexp core\.sshCommand
end-workflow	Post Checkout repository	2025-09-25T18:28:40.6062942Z [command]/usr/bin/git submodule foreach --recursive sh -c "git config --local --name-only --get-regexp 'core\.sshCommand' && git config --local --unset-all 'core.sshCommand' || :"
end-workflow	Post Checkout repository	2025-09-25T18:28:40.6430468Z [command]/usr/bin/git config --local --name-only --get-regexp http\.https\:\/\/github\.com\/\.extraheader
end-workflow	Post Checkout repository	2025-09-25T18:28:40.6468378Z http.https://github.com/.extraheader
end-workflow	Post Checkout repository	2025-09-25T18:28:40.6486047Z [command]/usr/bin/git config --local --unset-all http.https://github.com/.extraheader
end-workflow	Post Checkout repository	2025-09-25T18:28:40.6532668Z [command]/usr/bin/git submodule foreach --recursive sh -c "git config --local --name-only --get-regexp 'http\.https\:\/\/github\.com\/\.extraheader' && git config --local --unset-all 'http.https://github.com/.extraheader' || :"
end-workflow	Complete job	﻿2025-09-25T18:28:40.7013719Z Cleaning up orphan processes
