job-core	Set up job	﻿2025-10-07T08:42:48.1932311Z Current runner version: '2.328.0'
job-core	Set up job	2025-10-07T08:42:48.1941516Z Runner name: 'ed1de4313fe4'
job-core	Set up job	2025-10-07T08:42:48.1942368Z Runner group name: 'swarm-runners'
job-core	Set up job	2025-10-07T08:42:48.1943439Z Machine name: 'ed1de4313fe4'
job-core	Set up job	2025-10-07T08:42:48.1947088Z ##[group]GITHUB_TOKEN Permissions
job-core	Set up job	2025-10-07T08:42:48.1949963Z Actions: write
job-core	Set up job	2025-10-07T08:42:48.1950618Z Contents: write
job-core	Set up job	2025-10-07T08:42:48.1951312Z Issues: write
job-core	Set up job	2025-10-07T08:42:48.1951901Z Metadata: read
job-core	Set up job	2025-10-07T08:42:48.1952456Z PullRequests: write
job-core	Set up job	2025-10-07T08:42:48.1953135Z ##[endgroup]
job-core	Set up job	2025-10-07T08:42:48.1955404Z Secret source: Actions
job-core	Set up job	2025-10-07T08:42:48.1956174Z Prepare workflow directory
job-core	Set up job	2025-10-07T08:42:48.2649095Z Prepare all required actions
job-core	Set up job	2025-10-07T08:42:48.2735189Z Getting action download info
job-core	Set up job	2025-10-07T08:42:48.8281801Z Download action repository 'actions/checkout@v4' (SHA:08eba0b27e820071cde6df949e0beb9ba4906955)
job-core	Set up job	2025-10-07T08:42:49.5180020Z Download action repository 'actions/setup-node@v2' (SHA:7c12f8017d5436eb855f1ed4399f037a36fbd9e8)
job-core	Set up job	2025-10-07T08:42:50.4561294Z Complete job name: job-core
job-core	Checkout code	﻿2025-10-07T08:42:50.5270275Z ##[group]Run actions/checkout@v4
job-core	Checkout code	2025-10-07T08:42:50.5271795Z with:
job-core	Checkout code	2025-10-07T08:42:50.5272599Z   fetch-depth: 0
job-core	Checkout code	2025-10-07T08:42:50.5273928Z   token: ***
job-core	Checkout code	2025-10-07T08:42:50.5274754Z   repository: Ka0s-Klaus/ka0s
job-core	Checkout code	2025-10-07T08:42:50.5275716Z   ssh-strict: true
job-core	Checkout code	2025-10-07T08:42:50.5276520Z   ssh-user: git
job-core	Checkout code	2025-10-07T08:42:50.5277433Z   persist-credentials: true
job-core	Checkout code	2025-10-07T08:42:50.5278791Z   clean: true
job-core	Checkout code	2025-10-07T08:42:50.5279645Z   sparse-checkout-cone-mode: true
job-core	Checkout code	2025-10-07T08:42:50.5280647Z   fetch-tags: false
job-core	Checkout code	2025-10-07T08:42:50.5281496Z   show-progress: true
job-core	Checkout code	2025-10-07T08:42:50.5282345Z   lfs: false
job-core	Checkout code	2025-10-07T08:42:50.5283116Z   submodules: false
job-core	Checkout code	2025-10-07T08:42:50.5284127Z   set-safe-directory: true
job-core	Checkout code	2025-10-07T08:42:50.5285506Z env:
job-core	Checkout code	2025-10-07T08:42:50.5286288Z   KAOS_MODULE: [Ka0S] JSONLINT
job-core	Checkout code	2025-10-07T08:42:50.5288021Z   GH_TOKEN: ***
job-core	Checkout code	2025-10-07T08:42:50.5289100Z   KAOS_JSONLINT_CONFIG: core/config/.jsonlint.json
job-core	Checkout code	2025-10-07T08:42:50.5290339Z   KAOS_PATH_RESUME: audit/jsonlint/
job-core	Checkout code	2025-10-07T08:42:50.5291495Z   KAOS_REPO: /actions-runner/_work/kaos/kaos
job-core	Checkout code	2025-10-07T08:42:50.5292592Z   KAOS_STEP_MODULE: 
job-core	Checkout code	2025-10-07T08:42:50.5293446Z   KAOS_CODE: 18307074392
job-core	Checkout code	2025-10-07T08:42:50.5294330Z   KAOS_REF_BRANCH: main
job-core	Checkout code	2025-10-07T08:42:50.5295195Z ##[endgroup]
job-core	Checkout code	2025-10-07T08:42:50.6696871Z Syncing repository: Ka0s-Klaus/ka0s
job-core	Checkout code	2025-10-07T08:42:50.6700595Z ##[group]Getting Git version info
job-core	Checkout code	2025-10-07T08:42:50.6702075Z Working directory is '/home/runner/_work/ka0s/ka0s'
job-core	Checkout code	2025-10-07T08:42:50.6704181Z [command]/usr/bin/git version
job-core	Checkout code	2025-10-07T08:42:50.6705196Z git version 2.51.0
job-core	Checkout code	2025-10-07T08:42:50.6708665Z ##[endgroup]
job-core	Checkout code	2025-10-07T08:42:50.6718177Z Temporarily overriding HOME='/home/runner/_work/_temp/98417837-e3a7-48f0-91a4-8a351440eaac' before making global git config changes
job-core	Checkout code	2025-10-07T08:42:50.6721451Z Adding repository directory to the temporary git global config as a safe directory
job-core	Checkout code	2025-10-07T08:42:50.6723766Z [command]/usr/bin/git config --global --add safe.directory /home/runner/_work/ka0s/ka0s
job-core	Checkout code	2025-10-07T08:42:50.6748910Z [command]/usr/bin/git config --local --get remote.origin.url
job-core	Checkout code	2025-10-07T08:42:50.6777970Z https://github.com/Ka0s-Klaus/ka0s
job-core	Checkout code	2025-10-07T08:42:50.6801427Z ##[group]Removing previously created refs, to avoid conflicts
job-core	Checkout code	2025-10-07T08:42:50.6806603Z [command]/usr/bin/git rev-parse --symbolic-full-name --verify --quiet HEAD
job-core	Checkout code	2025-10-07T08:42:50.6837840Z refs/heads/H1646-modulo-de-control-de-runners
job-core	Checkout code	2025-10-07T08:42:50.6853456Z [command]/usr/bin/git checkout --detach
job-core	Checkout code	2025-10-07T08:42:50.6942282Z HEAD is now at 69f923cc [Ka0S] Uploading resume execution files to the repository...
job-core	Checkout code	2025-10-07T08:42:50.6994228Z [command]/usr/bin/git branch --delete --force H1646-modulo-de-control-de-runners
job-core	Checkout code	2025-10-07T08:42:50.7027969Z Deleted branch H1646-modulo-de-control-de-runners (was 69f923cc).
job-core	Checkout code	2025-10-07T08:42:50.7125490Z ##[endgroup]
job-core	Checkout code	2025-10-07T08:42:50.7126555Z [command]/usr/bin/git submodule status
job-core	Checkout code	2025-10-07T08:42:50.7387130Z ##[group]Cleaning the repository
job-core	Checkout code	2025-10-07T08:42:50.7389260Z [command]/usr/bin/git clean -ffdx
job-core	Checkout code	2025-10-07T08:42:50.7454896Z [command]/usr/bin/git reset --hard HEAD
job-core	Checkout code	2025-10-07T08:42:50.7543173Z HEAD is now at 69f923cc [Ka0S] Uploading resume execution files to the repository...
job-core	Checkout code	2025-10-07T08:42:50.7552436Z ##[endgroup]
job-core	Checkout code	2025-10-07T08:42:50.7554366Z ##[group]Disabling automatic garbage collection
job-core	Checkout code	2025-10-07T08:42:50.7557528Z [command]/usr/bin/git config --local gc.auto 0
job-core	Checkout code	2025-10-07T08:42:50.7607433Z ##[endgroup]
job-core	Checkout code	2025-10-07T08:42:50.7609064Z ##[group]Setting up auth
job-core	Checkout code	2025-10-07T08:42:50.7610506Z [command]/usr/bin/git config --local --name-only --get-regexp core\.sshCommand
job-core	Checkout code	2025-10-07T08:42:50.7644053Z [command]/usr/bin/git submodule foreach --recursive sh -c "git config --local --name-only --get-regexp 'core\.sshCommand' && git config --local --unset-all 'core.sshCommand' || :"
job-core	Checkout code	2025-10-07T08:42:50.8016150Z [command]/usr/bin/git config --local --name-only --get-regexp http\.https\:\/\/github\.com\/\.extraheader
job-core	Checkout code	2025-10-07T08:42:50.8021967Z [command]/usr/bin/git submodule foreach --recursive sh -c "git config --local --name-only --get-regexp 'http\.https\:\/\/github\.com\/\.extraheader' && git config --local --unset-all 'http.https://github.com/.extraheader' || :"
job-core	Checkout code	2025-10-07T08:42:50.8339254Z [command]/usr/bin/git config --local http.https://github.com/.extraheader AUTHORIZATION: basic ***
job-core	Checkout code	2025-10-07T08:42:50.8398501Z ##[endgroup]
job-core	Checkout code	2025-10-07T08:42:50.8400156Z ##[group]Fetching the repository
job-core	Checkout code	2025-10-07T08:42:50.8402548Z [command]/usr/bin/git -c protocol.version=2 fetch --prune --no-recurse-submodules origin +refs/heads/*:refs/remotes/origin/* +refs/tags/*:refs/tags/*
job-core	Checkout code	2025-10-07T08:42:51.3842103Z [command]/usr/bin/git branch --list --remote origin/H1646-modulo-de-control-de-runners
job-core	Checkout code	2025-10-07T08:42:51.3901119Z   origin/H1646-modulo-de-control-de-runners
job-core	Checkout code	2025-10-07T08:42:51.3909827Z [command]/usr/bin/git rev-parse refs/remotes/origin/H1646-modulo-de-control-de-runners
job-core	Checkout code	2025-10-07T08:42:51.3932488Z 69f923ccbc01576fbbd9edf105ea5db34249540c
job-core	Checkout code	2025-10-07T08:42:51.3937101Z ##[endgroup]
job-core	Checkout code	2025-10-07T08:42:51.3938037Z ##[group]Determining the checkout info
job-core	Checkout code	2025-10-07T08:42:51.3938807Z ##[endgroup]
job-core	Checkout code	2025-10-07T08:42:51.3944486Z [command]/usr/bin/git sparse-checkout disable
job-core	Checkout code	2025-10-07T08:42:51.3996505Z [command]/usr/bin/git config --local --unset-all extensions.worktreeConfig
job-core	Checkout code	2025-10-07T08:42:51.4026428Z ##[group]Checking out the ref
job-core	Checkout code	2025-10-07T08:42:51.4030773Z [command]/usr/bin/git checkout --progress --force -B H1646-modulo-de-control-de-runners refs/remotes/origin/H1646-modulo-de-control-de-runners
job-core	Checkout code	2025-10-07T08:42:51.4112582Z Switched to a new branch 'H1646-modulo-de-control-de-runners'
job-core	Checkout code	2025-10-07T08:42:51.4114939Z branch 'H1646-modulo-de-control-de-runners' set up to track 'origin/H1646-modulo-de-control-de-runners'.
job-core	Checkout code	2025-10-07T08:42:51.4121524Z ##[endgroup]
job-core	Checkout code	2025-10-07T08:42:51.4162560Z [command]/usr/bin/git log -1 --format=%H
job-core	Checkout code	2025-10-07T08:42:51.4190033Z 69f923ccbc01576fbbd9edf105ea5db34249540c
job-core	Install Node.js	﻿2025-10-07T08:42:51.4492089Z ##[group]Run actions/setup-node@v2
job-core	Install Node.js	2025-10-07T08:42:51.4492589Z with:
job-core	Install Node.js	2025-10-07T08:42:51.4492876Z   node-version: 14
job-core	Install Node.js	2025-10-07T08:42:51.4493179Z   always-auth: false
job-core	Install Node.js	2025-10-07T08:42:51.4493499Z   check-latest: false
job-core	Install Node.js	2025-10-07T08:42:51.4494089Z   token: ***
job-core	Install Node.js	2025-10-07T08:42:51.4494362Z env:
job-core	Install Node.js	2025-10-07T08:42:51.4494644Z   KAOS_MODULE: [Ka0S] JSONLINT
job-core	Install Node.js	2025-10-07T08:42:51.4495082Z   GH_TOKEN: ***
job-core	Install Node.js	2025-10-07T08:42:51.4495425Z   KAOS_JSONLINT_CONFIG: core/config/.jsonlint.json
job-core	Install Node.js	2025-10-07T08:42:51.4495850Z   KAOS_PATH_RESUME: audit/jsonlint/
job-core	Install Node.js	2025-10-07T08:42:51.4496243Z   KAOS_REPO: /actions-runner/_work/kaos/kaos
job-core	Install Node.js	2025-10-07T08:42:51.4496633Z   KAOS_STEP_MODULE: 
job-core	Install Node.js	2025-10-07T08:42:51.4496932Z   KAOS_CODE: 18307074392
job-core	Install Node.js	2025-10-07T08:42:51.4497260Z   KAOS_REF_BRANCH: main
job-core	Install Node.js	2025-10-07T08:42:51.4497833Z ##[endgroup]
job-core	Install Node.js	2025-10-07T08:42:51.6005689Z Found in cache @ /home/runner/_work/_tool/node/14.21.3/x64
job-core	Install jsonlint	﻿2025-10-07T08:42:51.6162941Z ##[group]Run if ! command -v jsonlint &> /dev/null; then
job-core	Install jsonlint	2025-10-07T08:42:51.6163634Z [36;1mif ! command -v jsonlint &> /dev/null; then[0m
job-core	Install jsonlint	2025-10-07T08:42:51.6164345Z [36;1m  echo "Installing jsonlint..."[0m
job-core	Install jsonlint	2025-10-07T08:42:51.6164725Z [36;1m  npm install -g jsonlint[0m
job-core	Install jsonlint	2025-10-07T08:42:51.6165062Z [36;1melse[0m
job-core	Install jsonlint	2025-10-07T08:42:51.6165443Z [36;1m  echo "jsonlint already installed, skipping installation"[0m
job-core	Install jsonlint	2025-10-07T08:42:51.6166022Z [36;1mfi[0m
job-core	Install jsonlint	2025-10-07T08:42:51.6166314Z [36;1mmkdir -p audit/jsonlint/[0m
job-core	Install jsonlint	2025-10-07T08:42:51.6184365Z shell: /usr/bin/bash -e {0}
job-core	Install jsonlint	2025-10-07T08:42:51.6184802Z env:
job-core	Install jsonlint	2025-10-07T08:42:51.6185335Z   KAOS_MODULE: [Ka0S] JSONLINT
job-core	Install jsonlint	2025-10-07T08:42:51.6185943Z   GH_TOKEN: ***
job-core	Install jsonlint	2025-10-07T08:42:51.6186278Z   KAOS_JSONLINT_CONFIG: core/config/.jsonlint.json
job-core	Install jsonlint	2025-10-07T08:42:51.6186674Z   KAOS_PATH_RESUME: audit/jsonlint/
job-core	Install jsonlint	2025-10-07T08:42:51.6187035Z   KAOS_REPO: /actions-runner/_work/kaos/kaos
job-core	Install jsonlint	2025-10-07T08:42:51.6187619Z   KAOS_STEP_MODULE: 
job-core	Install jsonlint	2025-10-07T08:42:51.6188222Z   KAOS_CODE: 18307074392
job-core	Install jsonlint	2025-10-07T08:42:51.6188517Z   KAOS_REF_BRANCH: main
job-core	Install jsonlint	2025-10-07T08:42:51.6188799Z ##[endgroup]
job-core	Install jsonlint	2025-10-07T08:42:51.6264194Z jsonlint already installed, skipping installation
job-core	Check JSON	﻿2025-10-07T08:42:51.6390640Z ##[group]Run # Invocamos la primera comprobación de base, sino se supera el proceso no continua
job-core	Check JSON	2025-10-07T08:42:51.6391977Z [36;1m# Invocamos la primera comprobación de base, sino se supera el proceso no continua[0m
job-core	Check JSON	2025-10-07T08:42:51.6392775Z [36;1m# Extraemos el nombre del fichero[0m
job-core	Check JSON	2025-10-07T08:42:51.6393350Z [36;1mfile_name=$(basename "audit/inspector/18305623434.json")[0m
job-core	Check JSON	2025-10-07T08:42:51.6393942Z [36;1m# Generamos el fichero de resultados vacio[0m
job-core	Check JSON	2025-10-07T08:42:51.6394463Z [36;1mtouch audit/jsonlint/jsonlint-results-18307074392.txt[0m
job-core	Check JSON	2025-10-07T08:42:51.6394974Z [36;1m# Realizamos el check del documento json [0m
job-core	Check JSON	2025-10-07T08:42:51.6395732Z [36;1mjsonlint --pretty-print audit/inspector/18305623434.json > audit/jsonlint/jsonlint-results-18307074392.txt || true[0m
job-core	Check JSON	2025-10-07T08:42:51.6396471Z [36;1m# Check if exist errors in file[0m
job-core	Check JSON	2025-10-07T08:42:51.6396981Z [36;1mif [ ! -s audit/jsonlint/jsonlint-results-18307074392.txt ]; then[0m
job-core	Check JSON	2025-10-07T08:42:51.6397895Z [36;1m  echo "File audit/jsonlint/jsonlint-results-18307074392.txt is empty and is content correct"[0m
job-core	Check JSON	2025-10-07T08:42:51.6399331Z [36;1m  KAOS_ISSUE_BODY="The [Ka0S] JSONLINT process (18307053292) launch the check (18307074392) over file (audit/inspector/18305623434.json) and its result has been SUCCESS. Please review all files implicated in pull request and approve to merge"[0m
job-core	Check JSON	2025-10-07T08:42:51.6400616Z [36;1m  # Añadimos la versión de jsonlint con la que se realiza la comprobacion[0m
job-core	Check JSON	2025-10-07T08:42:51.6401278Z [36;1m  jsonlint --version >> audit/jsonlint/jsonlint-results-18307074392.txt[0m
job-core	Check JSON	2025-10-07T08:42:51.6401886Z [36;1m  # añadimos el nombre del fichero que vamos a comprobar[0m
job-core	Check JSON	2025-10-07T08:42:51.6402595Z [36;1m  echo "Finding: audit/inspector/18305623434.json" >> audit/jsonlint/jsonlint-results-18307074392.txt[0m
job-core	Check JSON	2025-10-07T08:42:51.6403283Z [36;1m  gh issue comment  1646 -b "$KAOS_ISSUE_BODY" [0m
job-core	Check JSON	2025-10-07T08:42:51.6403735Z [36;1melse[0m
job-core	Check JSON	2025-10-07T08:42:51.6404126Z [36;1m  cat audit/jsonlint/jsonlint-results-18307074392.txt[0m
job-core	Check JSON	2025-10-07T08:42:51.6404946Z [36;1m  echo "File audit/jsonlint/jsonlint-results-18307074392.txt is not empty and is content not correct and write commit info"[0m
job-core	Check JSON	2025-10-07T08:42:51.6406248Z [36;1m  KAOS_ISSUE_BODY="The [Ka0S] JSONLINT process (18307053292) launch the check (18307074392) over file (audit/inspector/18305623434.json) and its result has been FAILED, please check and solved it"[0m
job-core	Check JSON	2025-10-07T08:42:51.6407375Z [36;1m  # Añadimos la versión de jsonlint con la que se realiza la comprobacion[0m
job-core	Check JSON	2025-10-07T08:42:51.6408053Z [36;1m  jsonlint --version || true >> audit/jsonlint/jsonlint-results-18307074392.txt[0m
job-core	Check JSON	2025-10-07T08:42:51.6408675Z [36;1m  # añadimos el nombre del fichero que vamos a comprobar[0m
job-core	Check JSON	2025-10-07T08:42:51.6409380Z [36;1m  echo "Finding: audit/inspector/18305623434.json" >> audit/jsonlint/jsonlint-results-18307074392.txt[0m
job-core	Check JSON	2025-10-07T08:42:51.6410298Z [36;1m  gh issue comment  1646 -b "$KAOS_ISSUE_BODY" [0m
job-core	Check JSON	2025-10-07T08:42:51.6410744Z [36;1mfi[0m
job-core	Check JSON	2025-10-07T08:42:51.6411100Z [36;1mecho "Uploading files to the repository..."[0m
job-core	Check JSON	2025-10-07T08:42:51.6411727Z [36;1mgit config --global user.name "***"[0m
job-core	Check JSON	2025-10-07T08:42:51.6412212Z [36;1mgit config --global user.email "***"[0m
job-core	Check JSON	2025-10-07T08:42:51.6412626Z [36;1mgit pull --rebase[0m
job-core	Check JSON	2025-10-07T08:42:51.6412991Z [36;1mgit add audit/jsonlint/*[0m
job-core	Check JSON	2025-10-07T08:42:51.6413398Z [36;1mif ! git diff --staged --quiet; then[0m
job-core	Check JSON	2025-10-07T08:42:51.6413990Z [36;1m  git commit -m "[Ka0S] Uploading jsonlint resume execution files to the repository..."[0m
job-core	Check JSON	2025-10-07T08:42:51.6414757Z [36;1m  git push origin refs/heads/H1646-modulo-de-control-de-runners --force-with-lease[0m
job-core	Check JSON	2025-10-07T08:42:51.6415321Z [36;1mfi[0m
job-core	Check JSON	2025-10-07T08:42:51.6425023Z shell: /usr/bin/bash -e {0}
job-core	Check JSON	2025-10-07T08:42:51.6425406Z env:
job-core	Check JSON	2025-10-07T08:42:51.6425723Z   KAOS_MODULE: [Ka0S] JSONLINT
job-core	Check JSON	2025-10-07T08:42:51.6426614Z   GH_TOKEN: ***
job-core	Check JSON	2025-10-07T08:42:51.6427004Z   KAOS_JSONLINT_CONFIG: core/config/.jsonlint.json
job-core	Check JSON	2025-10-07T08:42:51.6427882Z   KAOS_PATH_RESUME: audit/jsonlint/
job-core	Check JSON	2025-10-07T08:42:51.6428294Z   KAOS_REPO: /actions-runner/_work/kaos/kaos
job-core	Check JSON	2025-10-07T08:42:51.6428694Z   KAOS_STEP_MODULE: 
job-core	Check JSON	2025-10-07T08:42:51.6429157Z   KAOS_CODE: 18307074392
job-core	Check JSON	2025-10-07T08:42:51.6429491Z   KAOS_REF_BRANCH: main
job-core	Check JSON	2025-10-07T08:42:51.6429818Z ##[endgroup]
job-core	Check JSON	2025-10-07T08:42:51.7712701Z internal/fs/utils.js:332
job-core	Check JSON	2025-10-07T08:42:51.7719303Z     throw err;
job-core	Check JSON	2025-10-07T08:42:51.7720274Z     ^
job-core	Check JSON	2025-10-07T08:42:51.7720767Z 
job-core	Check JSON	2025-10-07T08:42:51.7721462Z Error: ENOENT: no such file or directory, open 'audit/inspector/18305623434.json'
job-core	Check JSON	2025-10-07T08:42:51.7722626Z     at Object.openSync (fs.js:498:3)
job-core	Check JSON	2025-10-07T08:42:51.7724660Z     at Object.readFileSync (fs.js:394:35)
job-core	Check JSON	2025-10-07T08:42:51.7727524Z     at main (/home/runner/_work/_tool/node/14.21.3/x64/lib/node_modules/jsonlint/lib/cli.js:135:23)
job-core	Check JSON	2025-10-07T08:42:51.7729003Z     at Object.<anonymous> (/home/runner/_work/_tool/node/14.21.3/x64/lib/node_modules/jsonlint/lib/cli.js:179:1)
job-core	Check JSON	2025-10-07T08:42:51.7730258Z     at Module._compile (internal/modules/cjs/loader.js:1114:14)
job-core	Check JSON	2025-10-07T08:42:51.7731159Z     at Object.Module._extensions..js (internal/modules/cjs/loader.js:1143:10)
job-core	Check JSON	2025-10-07T08:42:51.7738959Z     at Module.load (internal/modules/cjs/loader.js:979:32)
job-core	Check JSON	2025-10-07T08:42:51.7739629Z     at Function.Module._load (internal/modules/cjs/loader.js:819:12)
job-core	Check JSON	2025-10-07T08:42:51.7740382Z     at Function.executeUserEntryPoint [as runMain] (internal/modules/run_main.js:75:12)
job-core	Check JSON	2025-10-07T08:42:51.7741077Z     at internal/main/run_main_module.js:17:47 {
job-core	Check JSON	2025-10-07T08:42:51.7741542Z   errno: -2,
job-core	Check JSON	2025-10-07T08:42:51.7741893Z   syscall: 'open',
job-core	Check JSON	2025-10-07T08:42:51.7742240Z   code: 'ENOENT',
job-core	Check JSON	2025-10-07T08:42:51.7742635Z   path: 'audit/inspector/18305623434.json'
job-core	Check JSON	2025-10-07T08:42:51.7743150Z }
job-core	Check JSON	2025-10-07T08:42:51.7743883Z File audit/jsonlint/jsonlint-results-18307074392.txt is empty and is content correct
job-core	Check JSON	2025-10-07T08:42:51.9003903Z ##[error]Process completed with exit code 1.
job-core	Post Checkout code	﻿2025-10-07T08:42:51.9234677Z Post job cleanup.
job-core	Post Checkout code	2025-10-07T08:42:52.0392630Z [command]/usr/bin/git version
job-core	Post Checkout code	2025-10-07T08:42:52.0434157Z git version 2.51.0
job-core	Post Checkout code	2025-10-07T08:42:52.0490952Z Temporarily overriding HOME='/home/runner/_work/_temp/5efdc478-0930-4d33-9022-57b63f48a70c' before making global git config changes
job-core	Post Checkout code	2025-10-07T08:42:52.0492783Z Adding repository directory to the temporary git global config as a safe directory
job-core	Post Checkout code	2025-10-07T08:42:52.0496696Z [command]/usr/bin/git config --global --add safe.directory /home/runner/_work/ka0s/ka0s
job-core	Post Checkout code	2025-10-07T08:42:52.0539078Z [command]/usr/bin/git config --local --name-only --get-regexp core\.sshCommand
job-core	Post Checkout code	2025-10-07T08:42:52.0584834Z [command]/usr/bin/git submodule foreach --recursive sh -c "git config --local --name-only --get-regexp 'core\.sshCommand' && git config --local --unset-all 'core.sshCommand' || :"
job-core	Post Checkout code	2025-10-07T08:42:52.0892995Z [command]/usr/bin/git config --local --name-only --get-regexp http\.https\:\/\/github\.com\/\.extraheader
job-core	Post Checkout code	2025-10-07T08:42:52.0919590Z http.https://github.com/.extraheader
job-core	Post Checkout code	2025-10-07T08:42:52.0945062Z [command]/usr/bin/git config --local --unset-all http.https://github.com/.extraheader
job-core	Post Checkout code	2025-10-07T08:42:52.0985095Z [command]/usr/bin/git submodule foreach --recursive sh -c "git config --local --name-only --get-regexp 'http\.https\:\/\/github\.com\/\.extraheader' && git config --local --unset-all 'http.https://github.com/.extraheader' || :"
job-core	Complete job	﻿2025-10-07T08:42:52.1380650Z Cleaning up orphan processes
handle_failure	Set up job	﻿2025-10-07T08:43:54.2093642Z Current runner version: '2.328.0'
handle_failure	Set up job	2025-10-07T08:43:54.2102590Z Runner name: 'ed1de4313fe4'
handle_failure	Set up job	2025-10-07T08:43:54.2103569Z Runner group name: 'swarm-runners'
handle_failure	Set up job	2025-10-07T08:43:54.2104829Z Machine name: 'ed1de4313fe4'
handle_failure	Set up job	2025-10-07T08:43:54.2108555Z ##[group]GITHUB_TOKEN Permissions
handle_failure	Set up job	2025-10-07T08:43:54.2111604Z Actions: write
handle_failure	Set up job	2025-10-07T08:43:54.2112305Z Contents: write
handle_failure	Set up job	2025-10-07T08:43:54.2113158Z Issues: write
handle_failure	Set up job	2025-10-07T08:43:54.2113955Z Metadata: read
handle_failure	Set up job	2025-10-07T08:43:54.2114496Z PullRequests: write
handle_failure	Set up job	2025-10-07T08:43:54.2115167Z ##[endgroup]
handle_failure	Set up job	2025-10-07T08:43:54.2117712Z Secret source: Actions
handle_failure	Set up job	2025-10-07T08:43:54.2118710Z Prepare workflow directory
handle_failure	Set up job	2025-10-07T08:43:54.2770792Z Prepare all required actions
handle_failure	Set up job	2025-10-07T08:43:54.2814773Z Getting action download info
handle_failure	Set up job	2025-10-07T08:43:54.8206777Z Download action repository 'actions/checkout@v4' (SHA:08eba0b27e820071cde6df949e0beb9ba4906955)
handle_failure	Set up job	2025-10-07T08:43:55.6342955Z Complete job name: handle_failure
handle_failure	Checkout code	﻿2025-10-07T08:43:55.7079457Z ##[group]Run actions/checkout@v4
handle_failure	Checkout code	2025-10-07T08:43:55.7080734Z with:
handle_failure	Checkout code	2025-10-07T08:43:55.7081195Z   fetch-depth: 0
handle_failure	Checkout code	2025-10-07T08:43:55.7081962Z   token: ***
handle_failure	Checkout code	2025-10-07T08:43:55.7082429Z   repository: Ka0s-Klaus/ka0s
handle_failure	Checkout code	2025-10-07T08:43:55.7082966Z   ssh-strict: true
handle_failure	Checkout code	2025-10-07T08:43:55.7083424Z   ssh-user: git
handle_failure	Checkout code	2025-10-07T08:43:55.7083893Z   persist-credentials: true
handle_failure	Checkout code	2025-10-07T08:43:55.7084411Z   clean: true
handle_failure	Checkout code	2025-10-07T08:43:55.7084887Z   sparse-checkout-cone-mode: true
handle_failure	Checkout code	2025-10-07T08:43:55.7085484Z   fetch-tags: false
handle_failure	Checkout code	2025-10-07T08:43:55.7085961Z   show-progress: true
handle_failure	Checkout code	2025-10-07T08:43:55.7086438Z   lfs: false
handle_failure	Checkout code	2025-10-07T08:43:55.7086875Z   submodules: false
handle_failure	Checkout code	2025-10-07T08:43:55.7087673Z   set-safe-directory: true
handle_failure	Checkout code	2025-10-07T08:43:55.7088760Z env:
handle_failure	Checkout code	2025-10-07T08:43:55.7089213Z   KAOS_MODULE: [Ka0S] JSONLINT
handle_failure	Checkout code	2025-10-07T08:43:55.7089967Z   GH_TOKEN: ***
handle_failure	Checkout code	2025-10-07T08:43:55.7090507Z   KAOS_JSONLINT_CONFIG: core/config/.jsonlint.json
handle_failure	Checkout code	2025-10-07T08:43:55.7091178Z   KAOS_PATH_RESUME: audit/jsonlint/
handle_failure	Checkout code	2025-10-07T08:43:55.7091877Z   KAOS_REPO: /actions-runner/_work/kaos/kaos
handle_failure	Checkout code	2025-10-07T08:43:55.7092521Z   KAOS_STEP_MODULE: 
handle_failure	Checkout code	2025-10-07T08:43:55.7093006Z   KAOS_CODE: 18307074392
handle_failure	Checkout code	2025-10-07T08:43:55.7093497Z   KAOS_REF_BRANCH: main
handle_failure	Checkout code	2025-10-07T08:43:55.7093979Z ##[endgroup]
handle_failure	Checkout code	2025-10-07T08:43:55.8455723Z Syncing repository: Ka0s-Klaus/ka0s
handle_failure	Checkout code	2025-10-07T08:43:55.8461218Z ##[group]Getting Git version info
handle_failure	Checkout code	2025-10-07T08:43:55.8462128Z Working directory is '/home/runner/_work/ka0s/ka0s'
handle_failure	Checkout code	2025-10-07T08:43:55.8463436Z [command]/usr/bin/git version
handle_failure	Checkout code	2025-10-07T08:43:55.8464059Z git version 2.51.0
handle_failure	Checkout code	2025-10-07T08:43:55.8465913Z ##[endgroup]
handle_failure	Checkout code	2025-10-07T08:43:55.8490343Z Copying '/home/runner/.gitconfig' to '/home/runner/_work/_temp/4ba6a313-7f89-49f0-81a6-7ff3555c0e97/.gitconfig'
handle_failure	Checkout code	2025-10-07T08:43:55.8497008Z Temporarily overriding HOME='/home/runner/_work/_temp/4ba6a313-7f89-49f0-81a6-7ff3555c0e97' before making global git config changes
handle_failure	Checkout code	2025-10-07T08:43:55.8499120Z Adding repository directory to the temporary git global config as a safe directory
handle_failure	Checkout code	2025-10-07T08:43:55.8500436Z [command]/usr/bin/git config --global --add safe.directory /home/runner/_work/ka0s/ka0s
handle_failure	Checkout code	2025-10-07T08:43:55.8510973Z [command]/usr/bin/git config --local --get remote.origin.url
handle_failure	Checkout code	2025-10-07T08:43:55.8547686Z https://github.com/Ka0s-Klaus/ka0s
handle_failure	Checkout code	2025-10-07T08:43:55.8579859Z ##[group]Removing previously created refs, to avoid conflicts
handle_failure	Checkout code	2025-10-07T08:43:55.8594480Z [command]/usr/bin/git rev-parse --symbolic-full-name --verify --quiet HEAD
handle_failure	Checkout code	2025-10-07T08:43:55.8626617Z refs/heads/H1646-modulo-de-control-de-runners
handle_failure	Checkout code	2025-10-07T08:43:55.8646256Z [command]/usr/bin/git checkout --detach
handle_failure	Checkout code	2025-10-07T08:43:55.8821125Z HEAD is now at 69f923cc [Ka0S] Uploading resume execution files to the repository...
handle_failure	Checkout code	2025-10-07T08:43:55.8880390Z [command]/usr/bin/git branch --delete --force H1646-modulo-de-control-de-runners
handle_failure	Checkout code	2025-10-07T08:43:55.8904122Z Deleted branch H1646-modulo-de-control-de-runners (was 69f923cc).
handle_failure	Checkout code	2025-10-07T08:43:55.9030206Z ##[endgroup]
handle_failure	Checkout code	2025-10-07T08:43:55.9038948Z [command]/usr/bin/git submodule status
handle_failure	Checkout code	2025-10-07T08:43:55.9821871Z ##[group]Cleaning the repository
handle_failure	Checkout code	2025-10-07T08:43:55.9831971Z [command]/usr/bin/git clean -ffdx
handle_failure	Checkout code	2025-10-07T08:43:55.9918182Z [command]/usr/bin/git reset --hard HEAD
handle_failure	Checkout code	2025-10-07T08:43:56.0020781Z HEAD is now at 69f923cc [Ka0S] Uploading resume execution files to the repository...
handle_failure	Checkout code	2025-10-07T08:43:56.0046792Z ##[endgroup]
handle_failure	Checkout code	2025-10-07T08:43:56.0052189Z ##[group]Disabling automatic garbage collection
handle_failure	Checkout code	2025-10-07T08:43:56.0063724Z [command]/usr/bin/git config --local gc.auto 0
handle_failure	Checkout code	2025-10-07T08:43:56.0130099Z ##[endgroup]
handle_failure	Checkout code	2025-10-07T08:43:56.0131322Z ##[group]Setting up auth
handle_failure	Checkout code	2025-10-07T08:43:56.0137731Z [command]/usr/bin/git config --local --name-only --get-regexp core\.sshCommand
handle_failure	Checkout code	2025-10-07T08:43:56.0196069Z [command]/usr/bin/git submodule foreach --recursive sh -c "git config --local --name-only --get-regexp 'core\.sshCommand' && git config --local --unset-all 'core.sshCommand' || :"
handle_failure	Checkout code	2025-10-07T08:43:56.0766097Z [command]/usr/bin/git config --local --name-only --get-regexp http\.https\:\/\/github\.com\/\.extraheader
handle_failure	Checkout code	2025-10-07T08:43:56.0825235Z [command]/usr/bin/git submodule foreach --recursive sh -c "git config --local --name-only --get-regexp 'http\.https\:\/\/github\.com\/\.extraheader' && git config --local --unset-all 'http.https://github.com/.extraheader' || :"
handle_failure	Checkout code	2025-10-07T08:43:56.1149707Z [command]/usr/bin/git config --local http.https://github.com/.extraheader AUTHORIZATION: basic ***
handle_failure	Checkout code	2025-10-07T08:43:56.1214701Z ##[endgroup]
handle_failure	Checkout code	2025-10-07T08:43:56.1228040Z ##[group]Fetching the repository
handle_failure	Checkout code	2025-10-07T08:43:56.1233976Z [command]/usr/bin/git -c protocol.version=2 fetch --prune --no-recurse-submodules origin +refs/heads/*:refs/remotes/origin/* +refs/tags/*:refs/tags/*
handle_failure	Checkout code	2025-10-07T08:43:56.9088254Z From https://github.com/Ka0s-Klaus/ka0s
handle_failure	Checkout code	2025-10-07T08:43:56.9092470Z    69f923cc..2119942a  H1646-modulo-de-control-de-runners -> origin/H1646-modulo-de-control-de-runners
handle_failure	Checkout code	2025-10-07T08:43:56.9098515Z    9113c954..e840dd51  main       -> origin/main
handle_failure	Checkout code	2025-10-07T08:43:56.9147498Z [command]/usr/bin/git branch --list --remote origin/H1646-modulo-de-control-de-runners
handle_failure	Checkout code	2025-10-07T08:43:56.9213552Z   origin/H1646-modulo-de-control-de-runners
handle_failure	Checkout code	2025-10-07T08:43:56.9251736Z [command]/usr/bin/git rev-parse refs/remotes/origin/H1646-modulo-de-control-de-runners
handle_failure	Checkout code	2025-10-07T08:43:56.9277146Z 2119942aa0e06048e59b6205cfc5a041673fa7b0
handle_failure	Checkout code	2025-10-07T08:43:56.9297938Z [command]/usr/bin/git -c protocol.version=2 fetch --no-tags --prune --no-recurse-submodules origin +69f923ccbc01576fbbd9edf105ea5db34249540c:refs/remotes/origin/H1646-modulo-de-control-de-runners
handle_failure	Checkout code	2025-10-07T08:43:56.9490550Z From https://github.com/Ka0s-Klaus/ka0s
handle_failure	Checkout code	2025-10-07T08:43:56.9493169Z  + 2119942a...69f923cc 69f923ccbc01576fbbd9edf105ea5db34249540c -> origin/H1646-modulo-de-control-de-runners  (forced update)
handle_failure	Checkout code	2025-10-07T08:43:56.9547864Z ##[endgroup]
handle_failure	Checkout code	2025-10-07T08:43:56.9549679Z ##[group]Determining the checkout info
handle_failure	Checkout code	2025-10-07T08:43:56.9551651Z ##[endgroup]
handle_failure	Checkout code	2025-10-07T08:43:56.9560439Z [command]/usr/bin/git sparse-checkout disable
handle_failure	Checkout code	2025-10-07T08:43:56.9641596Z [command]/usr/bin/git config --local --unset-all extensions.worktreeConfig
handle_failure	Checkout code	2025-10-07T08:43:56.9744673Z ##[group]Checking out the ref
handle_failure	Checkout code	2025-10-07T08:43:56.9756625Z [command]/usr/bin/git checkout --progress --force -B H1646-modulo-de-control-de-runners refs/remotes/origin/H1646-modulo-de-control-de-runners
handle_failure	Checkout code	2025-10-07T08:43:56.9870020Z Switched to a new branch 'H1646-modulo-de-control-de-runners'
handle_failure	Checkout code	2025-10-07T08:43:56.9877920Z branch 'H1646-modulo-de-control-de-runners' set up to track 'origin/H1646-modulo-de-control-de-runners'.
handle_failure	Checkout code	2025-10-07T08:43:56.9903525Z ##[endgroup]
handle_failure	Checkout code	2025-10-07T08:43:56.9977283Z [command]/usr/bin/git log -1 --format=%H
handle_failure	Checkout code	2025-10-07T08:43:57.0030356Z 69f923ccbc01576fbbd9edf105ea5db34249540c
handle_failure	handle-failure-execution	﻿2025-10-07T08:43:57.0352133Z ##[group]Run echo "Error detected in process"
handle_failure	handle-failure-execution	2025-10-07T08:43:57.0353718Z [36;1mecho "Error detected in process"[0m
handle_failure	handle-failure-execution	2025-10-07T08:43:57.0354972Z [36;1mecho "Created issue"[0m
handle_failure	handle-failure-execution	2025-10-07T08:43:57.0358628Z [36;1mgh issue create  --title "[Ka0S] Error detected in [Ka0S] JSONLINT" --label "bug" --body "Error detected in [Ka0S] JSONLINT. Please check the logs for 18307074392 more information of error."[0m
handle_failure	handle-failure-execution	2025-10-07T08:43:57.0364243Z [36;1mecho "Add comment to origin target"[0m
handle_failure	handle-failure-execution	2025-10-07T08:43:57.0366780Z [36;1mRNNUMBER=$(echo "refs/heads/H1646-modulo-de-control-de-runners" | grep -o '[0-9]*')[0m
handle_failure	handle-failure-execution	2025-10-07T08:43:57.0371230Z [36;1mgh issue comment $RNNUMBER --body "El proceso no ha finalizado correctamente 18307074392. El resultado está en el fichero 18307074392.log"[0m
handle_failure	handle-failure-execution	2025-10-07T08:43:57.0399792Z shell: /usr/bin/bash -e {0}
handle_failure	handle-failure-execution	2025-10-07T08:43:57.0400978Z env:
handle_failure	handle-failure-execution	2025-10-07T08:43:57.0401813Z   KAOS_MODULE: [Ka0S] JSONLINT
handle_failure	handle-failure-execution	2025-10-07T08:43:57.0403430Z   GH_TOKEN: ***
handle_failure	handle-failure-execution	2025-10-07T08:43:57.0404467Z   KAOS_JSONLINT_CONFIG: core/config/.jsonlint.json
handle_failure	handle-failure-execution	2025-10-07T08:43:57.0405919Z   KAOS_PATH_RESUME: audit/jsonlint/
handle_failure	handle-failure-execution	2025-10-07T08:43:57.0407151Z   KAOS_REPO: /actions-runner/_work/kaos/kaos
handle_failure	handle-failure-execution	2025-10-07T08:43:57.0408746Z   KAOS_STEP_MODULE: 
handle_failure	handle-failure-execution	2025-10-07T08:43:57.0409681Z   KAOS_CODE: 18307074392
handle_failure	handle-failure-execution	2025-10-07T08:43:57.0410722Z   KAOS_REF_BRANCH: main
handle_failure	handle-failure-execution	2025-10-07T08:43:57.0411677Z ##[endgroup]
handle_failure	handle-failure-execution	2025-10-07T08:43:57.0518950Z Error detected in process
handle_failure	handle-failure-execution	2025-10-07T08:43:57.0520142Z Created issue
handle_failure	handle-failure-execution	2025-10-07T08:43:58.2018689Z https://github.com/Ka0s-Klaus/ka0s/issues/1712
handle_failure	handle-failure-execution	2025-10-07T08:43:58.2038340Z Add comment to origin target
handle_failure	handle-failure-execution	2025-10-07T08:43:59.1484960Z https://github.com/Ka0s-Klaus/ka0s/issues/1646#issuecomment-3375821142
handle_failure	Post Checkout code	﻿2025-10-07T08:43:59.2218150Z Post job cleanup.
handle_failure	Post Checkout code	2025-10-07T08:43:59.3520327Z [command]/usr/bin/git version
handle_failure	Post Checkout code	2025-10-07T08:43:59.3578472Z git version 2.51.0
handle_failure	Post Checkout code	2025-10-07T08:43:59.3616615Z Copying '/home/runner/.gitconfig' to '/home/runner/_work/_temp/e8083a5c-4c1a-4009-94e0-7276d8b837db/.gitconfig'
handle_failure	Post Checkout code	2025-10-07T08:43:59.3631064Z Temporarily overriding HOME='/home/runner/_work/_temp/e8083a5c-4c1a-4009-94e0-7276d8b837db' before making global git config changes
handle_failure	Post Checkout code	2025-10-07T08:43:59.3632994Z Adding repository directory to the temporary git global config as a safe directory
handle_failure	Post Checkout code	2025-10-07T08:43:59.3634690Z [command]/usr/bin/git config --global --add safe.directory /home/runner/_work/ka0s/ka0s
handle_failure	Post Checkout code	2025-10-07T08:43:59.3696651Z [command]/usr/bin/git config --local --name-only --get-regexp core\.sshCommand
handle_failure	Post Checkout code	2025-10-07T08:43:59.3761209Z [command]/usr/bin/git submodule foreach --recursive sh -c "git config --local --name-only --get-regexp 'core\.sshCommand' && git config --local --unset-all 'core.sshCommand' || :"
handle_failure	Post Checkout code	2025-10-07T08:43:59.4058325Z [command]/usr/bin/git config --local --name-only --get-regexp http\.https\:\/\/github\.com\/\.extraheader
handle_failure	Post Checkout code	2025-10-07T08:43:59.4110811Z http.https://github.com/.extraheader
handle_failure	Post Checkout code	2025-10-07T08:43:59.4153076Z [command]/usr/bin/git config --local --unset-all http.https://github.com/.extraheader
handle_failure	Post Checkout code	2025-10-07T08:43:59.4215559Z [command]/usr/bin/git submodule foreach --recursive sh -c "git config --local --name-only --get-regexp 'http\.https\:\/\/github\.com\/\.extraheader' && git config --local --unset-all 'http.https://github.com/.extraheader' || :"
handle_failure	Complete job	﻿2025-10-07T08:43:59.4694796Z Cleaning up orphan processes
end-workflow	Set up job	﻿2025-10-07T08:45:02.2622162Z Current runner version: '2.328.0'
end-workflow	Set up job	2025-10-07T08:45:02.2728501Z Runner name: 'e05e27384e83'
end-workflow	Set up job	2025-10-07T08:45:02.2729442Z Runner group name: 'swarm-runners'
end-workflow	Set up job	2025-10-07T08:45:02.2730635Z Machine name: 'e05e27384e83'
end-workflow	Set up job	2025-10-07T08:45:02.2934732Z ##[group]GITHUB_TOKEN Permissions
end-workflow	Set up job	2025-10-07T08:45:02.2998704Z Actions: write
end-workflow	Set up job	2025-10-07T08:45:02.2999780Z Contents: write
end-workflow	Set up job	2025-10-07T08:45:02.3000406Z Issues: write
end-workflow	Set up job	2025-10-07T08:45:02.3000926Z Metadata: read
end-workflow	Set up job	2025-10-07T08:45:02.3001601Z PullRequests: write
end-workflow	Set up job	2025-10-07T08:45:02.3002230Z ##[endgroup]
end-workflow	Set up job	2025-10-07T08:45:02.3005016Z Secret source: Actions
end-workflow	Set up job	2025-10-07T08:45:02.3006309Z Prepare workflow directory
end-workflow	Set up job	2025-10-07T08:45:03.6993167Z Prepare all required actions
end-workflow	Set up job	2025-10-07T08:45:03.8066145Z Getting action download info
end-workflow	Set up job	2025-10-07T08:45:06.3046516Z Download action repository 'actions/checkout@v4' (SHA:08eba0b27e820071cde6df949e0beb9ba4906955)
end-workflow	Set up job	2025-10-07T08:45:08.6411951Z Complete job name: end-workflow
end-workflow	Checkout code	﻿2025-10-07T08:45:09.4005103Z ##[group]Run actions/checkout@v4
end-workflow	Checkout code	2025-10-07T08:45:09.4006735Z with:
end-workflow	Checkout code	2025-10-07T08:45:09.4007250Z   fetch-depth: 0
end-workflow	Checkout code	2025-10-07T08:45:09.4094403Z   token: ***
end-workflow	Checkout code	2025-10-07T08:45:09.4095022Z   repository: Ka0s-Klaus/ka0s
end-workflow	Checkout code	2025-10-07T08:45:09.4095556Z   ssh-strict: true
end-workflow	Checkout code	2025-10-07T08:45:09.4096013Z   ssh-user: git
end-workflow	Checkout code	2025-10-07T08:45:09.4096470Z   persist-credentials: true
end-workflow	Checkout code	2025-10-07T08:45:09.4096979Z   clean: true
end-workflow	Checkout code	2025-10-07T08:45:09.4097549Z   sparse-checkout-cone-mode: true
end-workflow	Checkout code	2025-10-07T08:45:09.4098150Z   fetch-tags: false
end-workflow	Checkout code	2025-10-07T08:45:09.4098682Z   show-progress: true
end-workflow	Checkout code	2025-10-07T08:45:09.4099183Z   lfs: false
end-workflow	Checkout code	2025-10-07T08:45:09.4099654Z   submodules: false
end-workflow	Checkout code	2025-10-07T08:45:09.4100136Z   set-safe-directory: true
end-workflow	Checkout code	2025-10-07T08:45:09.4101235Z env:
end-workflow	Checkout code	2025-10-07T08:45:09.4101702Z   KAOS_MODULE: [Ka0S] JSONLINT
end-workflow	Checkout code	2025-10-07T08:45:09.4102488Z   GH_TOKEN: ***
end-workflow	Checkout code	2025-10-07T08:45:09.4103026Z   KAOS_JSONLINT_CONFIG: core/config/.jsonlint.json
end-workflow	Checkout code	2025-10-07T08:45:09.4103694Z   KAOS_PATH_RESUME: audit/jsonlint/
end-workflow	Checkout code	2025-10-07T08:45:09.4104407Z   KAOS_REPO: /actions-runner/_work/kaos/kaos
end-workflow	Checkout code	2025-10-07T08:45:09.4105054Z   KAOS_STEP_MODULE: 
end-workflow	Checkout code	2025-10-07T08:45:09.4105527Z   KAOS_CODE: 18307074392
end-workflow	Checkout code	2025-10-07T08:45:09.4106022Z   KAOS_REF_BRANCH: main
end-workflow	Checkout code	2025-10-07T08:45:09.4106518Z ##[endgroup]
end-workflow	Checkout code	2025-10-07T08:45:11.7950797Z Syncing repository: Ka0s-Klaus/ka0s
end-workflow	Checkout code	2025-10-07T08:45:11.7953620Z ##[group]Getting Git version info
end-workflow	Checkout code	2025-10-07T08:45:11.7954476Z Working directory is '/home/runner/_work/ka0s/ka0s'
end-workflow	Checkout code	2025-10-07T08:45:11.7955807Z [command]/usr/bin/git version
end-workflow	Checkout code	2025-10-07T08:45:11.7956390Z git version 2.51.0
end-workflow	Checkout code	2025-10-07T08:45:11.8509321Z ##[endgroup]
end-workflow	Checkout code	2025-10-07T08:45:11.8636138Z Copying '/home/runner/.gitconfig' to '/home/runner/_work/_temp/afe765f7-00a1-4325-8d88-9d0d56b11ce4/.gitconfig'
end-workflow	Checkout code	2025-10-07T08:45:11.8638137Z Temporarily overriding HOME='/home/runner/_work/_temp/afe765f7-00a1-4325-8d88-9d0d56b11ce4' before making global git config changes
end-workflow	Checkout code	2025-10-07T08:45:11.8639706Z Adding repository directory to the temporary git global config as a safe directory
end-workflow	Checkout code	2025-10-07T08:45:11.8641100Z [command]/usr/bin/git config --global --add safe.directory /home/runner/_work/ka0s/ka0s
end-workflow	Checkout code	2025-10-07T08:45:11.9406112Z [command]/usr/bin/git config --local --get remote.origin.url
end-workflow	Checkout code	2025-10-07T08:45:11.9469432Z https://github.com/Ka0s-Klaus/ka0s
end-workflow	Checkout code	2025-10-07T08:45:11.9755498Z ##[group]Removing previously created refs, to avoid conflicts
end-workflow	Checkout code	2025-10-07T08:45:11.9799273Z [command]/usr/bin/git rev-parse --symbolic-full-name --verify --quiet HEAD
end-workflow	Checkout code	2025-10-07T08:45:12.0414336Z refs/heads/main
end-workflow	Checkout code	2025-10-07T08:45:12.0606589Z [command]/usr/bin/git checkout --detach
end-workflow	Checkout code	2025-10-07T08:45:12.1961093Z HEAD is now at e391ba63 [Ka0S] Inspector uploading resume execution files to the repository...
end-workflow	Checkout code	2025-10-07T08:45:12.2939229Z [command]/usr/bin/git branch --delete --force main
end-workflow	Checkout code	2025-10-07T08:45:12.3711673Z Deleted branch main (was e391ba63).
end-workflow	Checkout code	2025-10-07T08:45:12.5188594Z ##[endgroup]
end-workflow	Checkout code	2025-10-07T08:45:12.5256087Z [command]/usr/bin/git submodule status
end-workflow	Checkout code	2025-10-07T08:45:13.2361493Z ##[group]Cleaning the repository
end-workflow	Checkout code	2025-10-07T08:45:13.2362295Z [command]/usr/bin/git clean -ffdx
end-workflow	Checkout code	2025-10-07T08:45:13.2409566Z [command]/usr/bin/git reset --hard HEAD
end-workflow	Checkout code	2025-10-07T08:45:13.3486784Z HEAD is now at e391ba63 [Ka0S] Inspector uploading resume execution files to the repository...
end-workflow	Checkout code	2025-10-07T08:45:13.3789987Z ##[endgroup]
end-workflow	Checkout code	2025-10-07T08:45:13.3791404Z ##[group]Disabling automatic garbage collection
end-workflow	Checkout code	2025-10-07T08:45:13.3947778Z [command]/usr/bin/git config --local gc.auto 0
end-workflow	Checkout code	2025-10-07T08:45:13.4642535Z ##[endgroup]
end-workflow	Checkout code	2025-10-07T08:45:13.4879820Z ##[group]Setting up auth
end-workflow	Checkout code	2025-10-07T08:45:13.5009540Z [command]/usr/bin/git config --local --name-only --get-regexp core\.sshCommand
end-workflow	Checkout code	2025-10-07T08:45:13.6379183Z [command]/usr/bin/git submodule foreach --recursive sh -c "git config --local --name-only --get-regexp 'core\.sshCommand' && git config --local --unset-all 'core.sshCommand' || :"
end-workflow	Checkout code	2025-10-07T08:45:14.4085462Z [command]/usr/bin/git config --local --name-only --get-regexp http\.https\:\/\/github\.com\/\.extraheader
end-workflow	Checkout code	2025-10-07T08:45:14.5366041Z [command]/usr/bin/git submodule foreach --recursive sh -c "git config --local --name-only --get-regexp 'http\.https\:\/\/github\.com\/\.extraheader' && git config --local --unset-all 'http.https://github.com/.extraheader' || :"
end-workflow	Checkout code	2025-10-07T08:45:15.2299536Z [command]/usr/bin/git config --local http.https://github.com/.extraheader AUTHORIZATION: basic ***
end-workflow	Checkout code	2025-10-07T08:45:15.2679814Z ##[endgroup]
end-workflow	Checkout code	2025-10-07T08:45:15.2711060Z ##[group]Fetching the repository
end-workflow	Checkout code	2025-10-07T08:45:15.2805507Z [command]/usr/bin/git -c protocol.version=2 fetch --prune --no-recurse-submodules origin +refs/heads/*:refs/remotes/origin/* +refs/tags/*:refs/tags/*
end-workflow	Checkout code	2025-10-07T08:45:17.2344497Z From https://github.com/Ka0s-Klaus/ka0s
end-workflow	Checkout code	2025-10-07T08:45:17.2348359Z    e391ba63..7b89d390  main       -> origin/main
end-workflow	Checkout code	2025-10-07T08:45:17.3776886Z [command]/usr/bin/git branch --list --remote origin/H1646-modulo-de-control-de-runners
end-workflow	Checkout code	2025-10-07T08:45:17.4980131Z   origin/H1646-modulo-de-control-de-runners
end-workflow	Checkout code	2025-10-07T08:45:17.4988711Z [command]/usr/bin/git rev-parse refs/remotes/origin/H1646-modulo-de-control-de-runners
end-workflow	Checkout code	2025-10-07T08:45:17.6145430Z 2119942aa0e06048e59b6205cfc5a041673fa7b0
end-workflow	Checkout code	2025-10-07T08:45:17.6152681Z [command]/usr/bin/git -c protocol.version=2 fetch --no-tags --prune --no-recurse-submodules origin +69f923ccbc01576fbbd9edf105ea5db34249540c:refs/remotes/origin/H1646-modulo-de-control-de-runners
end-workflow	Checkout code	2025-10-07T08:45:17.9516849Z From https://github.com/Ka0s-Klaus/ka0s
end-workflow	Checkout code	2025-10-07T08:45:17.9522633Z  + 2119942a...69f923cc 69f923ccbc01576fbbd9edf105ea5db34249540c -> origin/H1646-modulo-de-control-de-runners  (forced update)
end-workflow	Checkout code	2025-10-07T08:45:18.0141662Z ##[endgroup]
end-workflow	Checkout code	2025-10-07T08:45:18.0230090Z ##[group]Determining the checkout info
end-workflow	Checkout code	2025-10-07T08:45:18.0232835Z ##[endgroup]
end-workflow	Checkout code	2025-10-07T08:45:18.0396218Z [command]/usr/bin/git sparse-checkout disable
end-workflow	Checkout code	2025-10-07T08:45:18.1939467Z [command]/usr/bin/git config --local --unset-all extensions.worktreeConfig
end-workflow	Checkout code	2025-10-07T08:45:18.2164145Z ##[group]Checking out the ref
end-workflow	Checkout code	2025-10-07T08:45:18.2372839Z [command]/usr/bin/git checkout --progress --force -B H1646-modulo-de-control-de-runners refs/remotes/origin/H1646-modulo-de-control-de-runners
end-workflow	Checkout code	2025-10-07T08:45:18.4920787Z Previous HEAD position was e391ba63 [Ka0S] Inspector uploading resume execution files to the repository...
end-workflow	Checkout code	2025-10-07T08:45:18.5064065Z Switched to a new branch 'H1646-modulo-de-control-de-runners'
end-workflow	Checkout code	2025-10-07T08:45:18.5138009Z branch 'H1646-modulo-de-control-de-runners' set up to track 'origin/H1646-modulo-de-control-de-runners'.
end-workflow	Checkout code	2025-10-07T08:45:18.5154419Z ##[endgroup]
end-workflow	Checkout code	2025-10-07T08:45:18.6061985Z [command]/usr/bin/git log -1 --format=%H
end-workflow	Checkout code	2025-10-07T08:45:18.6625106Z 69f923ccbc01576fbbd9edf105ea5db34249540c
end-workflow	Finaliza el workflow	﻿2025-10-07T08:45:19.1216520Z ##[group]Run echo "End process"
end-workflow	Finaliza el workflow	2025-10-07T08:45:19.1441261Z [36;1mecho "End process"[0m
end-workflow	Finaliza el workflow	2025-10-07T08:45:19.1444763Z [36;1mRNNUMBER=$(echo "refs/heads/H1646-modulo-de-control-de-runners" | grep -o '[0-9]*')[0m
end-workflow	Finaliza el workflow	2025-10-07T08:45:19.1447558Z [36;1mgh issue comment $RNNUMBER --body "Se finaliza Ka0s 18307074392"[0m
end-workflow	Finaliza el workflow	2025-10-07T08:45:19.1450581Z [36;1mgh workflow run inspector.yml --ref 'main' -f kaos-issue-id=$RNNUMBER -f kaos-workflow-id="18307074392" -f kaos-user-start=""[0m
end-workflow	Finaliza el workflow	2025-10-07T08:45:19.1921916Z shell: /usr/bin/bash -e {0}
end-workflow	Finaliza el workflow	2025-10-07T08:45:19.1923155Z env:
end-workflow	Finaliza el workflow	2025-10-07T08:45:19.1924030Z   KAOS_MODULE: [Ka0S] JSONLINT
end-workflow	Finaliza el workflow	2025-10-07T08:45:19.1925781Z   GH_TOKEN: ***
end-workflow	Finaliza el workflow	2025-10-07T08:45:19.1926851Z   KAOS_JSONLINT_CONFIG: core/config/.jsonlint.json
end-workflow	Finaliza el workflow	2025-10-07T08:45:19.2049928Z   KAOS_PATH_RESUME: audit/jsonlint/
end-workflow	Finaliza el workflow	2025-10-07T08:45:19.2051556Z   KAOS_REPO: /actions-runner/_work/kaos/kaos
end-workflow	Finaliza el workflow	2025-10-07T08:45:19.2052851Z   KAOS_STEP_MODULE: 
end-workflow	Finaliza el workflow	2025-10-07T08:45:19.2053878Z   KAOS_CODE: 18307074392
end-workflow	Finaliza el workflow	2025-10-07T08:45:19.2055041Z   KAOS_REF_BRANCH: main
end-workflow	Finaliza el workflow	2025-10-07T08:45:19.2056056Z ##[endgroup]
end-workflow	Finaliza el workflow	2025-10-07T08:45:19.3394238Z End process
end-workflow	Finaliza el workflow	2025-10-07T08:45:20.9157471Z https://github.com/Ka0s-Klaus/ka0s/issues/1646#issuecomment-3375826648
end-workflow	Post Checkout code	﻿2025-10-07T08:45:22.4400009Z Post job cleanup.
end-workflow	Post Checkout code	2025-10-07T08:45:24.4209239Z [command]/usr/bin/git version
end-workflow	Post Checkout code	2025-10-07T08:45:24.5135551Z git version 2.51.0
end-workflow	Post Checkout code	2025-10-07T08:45:24.5959861Z Copying '/home/runner/.gitconfig' to '/home/runner/_work/_temp/7c73b006-9e5e-4b28-89d7-b90c8a79016e/.gitconfig'
end-workflow	Post Checkout code	2025-10-07T08:45:24.6041487Z Temporarily overriding HOME='/home/runner/_work/_temp/7c73b006-9e5e-4b28-89d7-b90c8a79016e' before making global git config changes
end-workflow	Post Checkout code	2025-10-07T08:45:24.6203885Z Adding repository directory to the temporary git global config as a safe directory
end-workflow	Post Checkout code	2025-10-07T08:45:24.6333417Z [command]/usr/bin/git config --global --add safe.directory /home/runner/_work/ka0s/ka0s
end-workflow	Post Checkout code	2025-10-07T08:45:24.6963649Z [command]/usr/bin/git config --local --name-only --get-regexp core\.sshCommand
end-workflow	Post Checkout code	2025-10-07T08:45:24.7721098Z [command]/usr/bin/git submodule foreach --recursive sh -c "git config --local --name-only --get-regexp 'core\.sshCommand' && git config --local --unset-all 'core.sshCommand' || :"
end-workflow	Post Checkout code	2025-10-07T08:45:25.4549663Z [command]/usr/bin/git config --local --name-only --get-regexp http\.https\:\/\/github\.com\/\.extraheader
end-workflow	Post Checkout code	2025-10-07T08:45:25.5105996Z http.https://github.com/.extraheader
end-workflow	Post Checkout code	2025-10-07T08:45:25.5402724Z [command]/usr/bin/git config --local --unset-all http.https://github.com/.extraheader
end-workflow	Post Checkout code	2025-10-07T08:45:25.6560364Z [command]/usr/bin/git submodule foreach --recursive sh -c "git config --local --name-only --get-regexp 'http\.https\:\/\/github\.com\/\.extraheader' && git config --local --unset-all 'http.https://github.com/.extraheader' || :"
end-workflow	Complete job	﻿2025-10-07T08:45:26.4982909Z Cleaning up orphan processes
