end-workflow	Set up job	﻿2025-10-07T06:42:19.6789465Z Current runner version: '2.328.0'
end-workflow	Set up job	2025-10-07T06:42:19.6797510Z Runner name: '2fd4ac61dcd0'
end-workflow	Set up job	2025-10-07T06:42:19.6798651Z Runner group name: 'swarm-runners'
end-workflow	Set up job	2025-10-07T06:42:19.6799696Z Machine name: '2fd4ac61dcd0'
end-workflow	Set up job	2025-10-07T06:42:19.6803299Z ##[group]GITHUB_TOKEN Permissions
end-workflow	Set up job	2025-10-07T06:42:19.6806132Z Actions: write
end-workflow	Set up job	2025-10-07T06:42:19.6806773Z Contents: write
end-workflow	Set up job	2025-10-07T06:42:19.6807582Z Issues: write
end-workflow	Set up job	2025-10-07T06:42:19.6808161Z Metadata: read
end-workflow	Set up job	2025-10-07T06:42:19.6808836Z PullRequests: write
end-workflow	Set up job	2025-10-07T06:42:19.6809429Z ##[endgroup]
end-workflow	Set up job	2025-10-07T06:42:19.6811549Z Secret source: Actions
end-workflow	Set up job	2025-10-07T06:42:19.6812355Z Prepare workflow directory
end-workflow	Set up job	2025-10-07T06:42:19.7448040Z Prepare all required actions
end-workflow	Set up job	2025-10-07T06:42:19.7490945Z Getting action download info
end-workflow	Set up job	2025-10-07T06:42:20.2929075Z Download action repository 'actions/checkout@v4' (SHA:08eba0b27e820071cde6df949e0beb9ba4906955)
end-workflow	Set up job	2025-10-07T06:42:21.1456571Z Complete job name: end-workflow
end-workflow	Checkout repository	﻿2025-10-07T06:42:21.2011104Z ##[group]Run actions/checkout@v4
end-workflow	Checkout repository	2025-10-07T06:42:21.2012149Z with:
end-workflow	Checkout repository	2025-10-07T06:42:21.2012555Z   fetch-depth: 0
end-workflow	Checkout repository	2025-10-07T06:42:21.2013213Z   token: ***
end-workflow	Checkout repository	2025-10-07T06:42:21.2013615Z   repository: Ka0s-Klaus/ka0s
end-workflow	Checkout repository	2025-10-07T06:42:21.2014078Z   ssh-strict: true
end-workflow	Checkout repository	2025-10-07T06:42:21.2014470Z   ssh-user: git
end-workflow	Checkout repository	2025-10-07T06:42:21.2014880Z   persist-credentials: true
end-workflow	Checkout repository	2025-10-07T06:42:21.2015325Z   clean: true
end-workflow	Checkout repository	2025-10-07T06:42:21.2015722Z   sparse-checkout-cone-mode: true
end-workflow	Checkout repository	2025-10-07T06:42:21.2016207Z   fetch-tags: false
end-workflow	Checkout repository	2025-10-07T06:42:21.2016608Z   show-progress: true
end-workflow	Checkout repository	2025-10-07T06:42:21.2017020Z   lfs: false
end-workflow	Checkout repository	2025-10-07T06:42:21.2017500Z   submodules: false
end-workflow	Checkout repository	2025-10-07T06:42:21.2018039Z   set-safe-directory: true
end-workflow	Checkout repository	2025-10-07T06:42:21.2018726Z env:
end-workflow	Checkout repository	2025-10-07T06:42:21.2019108Z   KAOS_MODULE: [Ka0S] Execution
end-workflow	Checkout repository	2025-10-07T06:42:21.2019707Z   GH_TOKEN: ***
end-workflow	Checkout repository	2025-10-07T06:42:21.2020105Z   BRANCH_NAME: refs/heads/main
end-workflow	Checkout repository	2025-10-07T06:42:21.2020785Z   KAOS_AUTOMATION_COMPLIANCE: compliance/core/core.json
end-workflow	Checkout repository	2025-10-07T06:42:21.2021552Z   KAOS_PATH_RESUME: audit/eresults/
end-workflow	Checkout repository	2025-10-07T06:42:21.2022068Z   KAOS_PATH_OUTPUT: audit/execution/
end-workflow	Checkout repository	2025-10-07T06:42:21.2022593Z   KAOS_REPO: /actions-runner/_work/kaos/kaos
end-workflow	Checkout repository	2025-10-07T06:42:21.2023103Z   KAOS_STEP_MODULE: 
end-workflow	Checkout repository	2025-10-07T06:42:21.2023504Z   KAOS_CODE: 18304347934
end-workflow	Checkout repository	2025-10-07T06:42:21.2023927Z   KAOS_ISSUE_NUMBER: 1662
end-workflow	Checkout repository	2025-10-07T06:42:21.2024436Z   KAOS_ISSUE_TITLE: [swarm-runners] Error detected in 
end-workflow	Checkout repository	2025-10-07T06:42:21.2025326Z   KAOS_ISSUE_BODY: Error detected in . Please check the logs for 18304272830 more information of error.
end-workflow	Checkout repository	2025-10-07T06:42:21.2026131Z   KAOS_ISSUE_MESSAGE: 
end-workflow	Checkout repository	2025-10-07T06:42:21.2026553Z   KAOS_ISSUE_USER: ka0score
end-workflow	Checkout repository	2025-10-07T06:42:21.2026983Z ##[endgroup]
end-workflow	Checkout repository	2025-10-07T06:42:21.3349534Z Syncing repository: Ka0s-Klaus/ka0s
end-workflow	Checkout repository	2025-10-07T06:42:21.3351519Z ##[group]Getting Git version info
end-workflow	Checkout repository	2025-10-07T06:42:21.3352292Z Working directory is '/home/runner/_work/ka0s/ka0s'
end-workflow	Checkout repository	2025-10-07T06:42:21.3353199Z [command]/usr/bin/git version
end-workflow	Checkout repository	2025-10-07T06:42:21.3354404Z git version 2.51.0
end-workflow	Checkout repository	2025-10-07T06:42:21.3383745Z ##[endgroup]
end-workflow	Checkout repository	2025-10-07T06:42:21.3405534Z Copying '/home/runner/.gitconfig' to '/home/runner/_work/_temp/0f58e574-793f-41dc-8193-2efddf6c61f9/.gitconfig'
end-workflow	Checkout repository	2025-10-07T06:42:21.3425162Z Temporarily overriding HOME='/home/runner/_work/_temp/0f58e574-793f-41dc-8193-2efddf6c61f9' before making global git config changes
end-workflow	Checkout repository	2025-10-07T06:42:21.3426547Z Adding repository directory to the temporary git global config as a safe directory
end-workflow	Checkout repository	2025-10-07T06:42:21.3435340Z [command]/usr/bin/git config --global --add safe.directory /home/runner/_work/ka0s/ka0s
end-workflow	Checkout repository	2025-10-07T06:42:21.3483716Z [command]/usr/bin/git config --local --get remote.origin.url
end-workflow	Checkout repository	2025-10-07T06:42:21.3508025Z https://github.com/Ka0s-Klaus/ka0s
end-workflow	Checkout repository	2025-10-07T06:42:21.3526751Z ##[group]Removing previously created refs, to avoid conflicts
end-workflow	Checkout repository	2025-10-07T06:42:21.3532293Z [command]/usr/bin/git rev-parse --symbolic-full-name --verify --quiet HEAD
end-workflow	Checkout repository	2025-10-07T06:42:21.3555613Z refs/heads/main
end-workflow	Checkout repository	2025-10-07T06:42:21.3567644Z [command]/usr/bin/git checkout --detach
end-workflow	Checkout repository	2025-10-07T06:42:21.3645117Z HEAD is now at 026fcf56 [Ka0S] Inspector uploading resume execution files to the repository...
end-workflow	Checkout repository	2025-10-07T06:42:21.3697430Z [command]/usr/bin/git branch --delete --force main
end-workflow	Checkout repository	2025-10-07T06:42:21.3729470Z Deleted branch main (was 026fcf56).
end-workflow	Checkout repository	2025-10-07T06:42:21.3840608Z ##[endgroup]
end-workflow	Checkout repository	2025-10-07T06:42:21.3841297Z [command]/usr/bin/git submodule status
end-workflow	Checkout repository	2025-10-07T06:42:21.4098012Z ##[group]Cleaning the repository
end-workflow	Checkout repository	2025-10-07T06:42:21.4102037Z [command]/usr/bin/git clean -ffdx
end-workflow	Checkout repository	2025-10-07T06:42:21.4166776Z [command]/usr/bin/git reset --hard HEAD
end-workflow	Checkout repository	2025-10-07T06:42:21.4255082Z HEAD is now at 026fcf56 [Ka0S] Inspector uploading resume execution files to the repository...
end-workflow	Checkout repository	2025-10-07T06:42:21.4263038Z ##[endgroup]
end-workflow	Checkout repository	2025-10-07T06:42:21.4263870Z ##[group]Disabling automatic garbage collection
end-workflow	Checkout repository	2025-10-07T06:42:21.4267523Z [command]/usr/bin/git config --local gc.auto 0
end-workflow	Checkout repository	2025-10-07T06:42:21.4309292Z ##[endgroup]
end-workflow	Checkout repository	2025-10-07T06:42:21.4310302Z ##[group]Setting up auth
end-workflow	Checkout repository	2025-10-07T06:42:21.4314820Z [command]/usr/bin/git config --local --name-only --get-regexp core\.sshCommand
end-workflow	Checkout repository	2025-10-07T06:42:21.4350693Z [command]/usr/bin/git submodule foreach --recursive sh -c "git config --local --name-only --get-regexp 'core\.sshCommand' && git config --local --unset-all 'core.sshCommand' || :"
end-workflow	Checkout repository	2025-10-07T06:42:21.4624130Z [command]/usr/bin/git config --local --name-only --get-regexp http\.https\:\/\/github\.com\/\.extraheader
end-workflow	Checkout repository	2025-10-07T06:42:21.4654941Z [command]/usr/bin/git submodule foreach --recursive sh -c "git config --local --name-only --get-regexp 'http\.https\:\/\/github\.com\/\.extraheader' && git config --local --unset-all 'http.https://github.com/.extraheader' || :"
end-workflow	Checkout repository	2025-10-07T06:42:21.4917526Z [command]/usr/bin/git config --local http.https://github.com/.extraheader AUTHORIZATION: basic ***
end-workflow	Checkout repository	2025-10-07T06:42:21.4963238Z ##[endgroup]
end-workflow	Checkout repository	2025-10-07T06:42:21.4965434Z ##[group]Fetching the repository
end-workflow	Checkout repository	2025-10-07T06:42:21.4975954Z [command]/usr/bin/git -c protocol.version=2 fetch --prune --no-recurse-submodules origin +refs/heads/*:refs/remotes/origin/* +refs/tags/*:refs/tags/*
end-workflow	Checkout repository	2025-10-07T06:42:22.2166916Z From https://github.com/Ka0s-Klaus/ka0s
end-workflow	Checkout repository	2025-10-07T06:42:22.2170323Z    026fcf56..dddb989f  main       -> origin/main
end-workflow	Checkout repository	2025-10-07T06:42:22.2210633Z [command]/usr/bin/git branch --list --remote origin/main
end-workflow	Checkout repository	2025-10-07T06:42:22.2279960Z   origin/main
end-workflow	Checkout repository	2025-10-07T06:42:22.2290495Z [command]/usr/bin/git rev-parse refs/remotes/origin/main
end-workflow	Checkout repository	2025-10-07T06:42:22.2319232Z dddb989fcd648838585f9afbae8983017c79038a
end-workflow	Checkout repository	2025-10-07T06:42:22.2324631Z ##[endgroup]
end-workflow	Checkout repository	2025-10-07T06:42:22.2326121Z ##[group]Determining the checkout info
end-workflow	Checkout repository	2025-10-07T06:42:22.2328223Z ##[endgroup]
end-workflow	Checkout repository	2025-10-07T06:42:22.2330992Z [command]/usr/bin/git sparse-checkout disable
end-workflow	Checkout repository	2025-10-07T06:42:22.2388417Z [command]/usr/bin/git config --local --unset-all extensions.worktreeConfig
end-workflow	Checkout repository	2025-10-07T06:42:22.2425483Z ##[group]Checking out the ref
end-workflow	Checkout repository	2025-10-07T06:42:22.2427550Z [command]/usr/bin/git checkout --progress --force -B main refs/remotes/origin/main
end-workflow	Checkout repository	2025-10-07T06:42:22.2607274Z Previous HEAD position was 026fcf56 [Ka0S] Inspector uploading resume execution files to the repository...
end-workflow	Checkout repository	2025-10-07T06:42:22.2609747Z Switched to a new branch 'main'
end-workflow	Checkout repository	2025-10-07T06:42:22.2610983Z branch 'main' set up to track 'origin/main'.
end-workflow	Checkout repository	2025-10-07T06:42:22.2614667Z ##[endgroup]
end-workflow	Checkout repository	2025-10-07T06:42:22.2656050Z [command]/usr/bin/git log -1 --format=%H
end-workflow	Checkout repository	2025-10-07T06:42:22.2685715Z dddb989fcd648838585f9afbae8983017c79038a
end-workflow	Finaliza el workflow	﻿2025-10-07T06:42:22.2973484Z ##[group]Run echo "End process"
end-workflow	Finaliza el workflow	2025-10-07T06:42:22.2975092Z [36;1mecho "End process"[0m
end-workflow	Finaliza el workflow	2025-10-07T06:42:22.2976791Z [36;1mgh issue comment 1662 --body "Se finaliza Ka0s 18304347934"[0m
end-workflow	Finaliza el workflow	2025-10-07T06:42:22.2980445Z [36;1mgh workflow run inspector.yml --ref 'main' -f kaos-issue-id=$KAOS_ISSUE_NUMBER -f kaos-workflow-id="18304347934" -f kaos-user-start=""[0m
end-workflow	Finaliza el workflow	2025-10-07T06:42:22.2996859Z shell: /usr/bin/bash -e {0}
end-workflow	Finaliza el workflow	2025-10-07T06:42:22.2998337Z env:
end-workflow	Finaliza el workflow	2025-10-07T06:42:22.2999323Z   KAOS_MODULE: [Ka0S] Execution
end-workflow	Finaliza el workflow	2025-10-07T06:42:22.3000980Z   GH_TOKEN: ***
end-workflow	Finaliza el workflow	2025-10-07T06:42:22.3001902Z   BRANCH_NAME: refs/heads/main
end-workflow	Finaliza el workflow	2025-10-07T06:42:22.3003531Z   KAOS_AUTOMATION_COMPLIANCE: compliance/core/core.json
end-workflow	Finaliza el workflow	2025-10-07T06:42:22.3005000Z   KAOS_PATH_RESUME: audit/eresults/
end-workflow	Finaliza el workflow	2025-10-07T06:42:22.3006217Z   KAOS_PATH_OUTPUT: audit/execution/
end-workflow	Finaliza el workflow	2025-10-07T06:42:22.3007822Z   KAOS_REPO: /actions-runner/_work/kaos/kaos
end-workflow	Finaliza el workflow	2025-10-07T06:42:22.3009346Z   KAOS_STEP_MODULE: 
end-workflow	Finaliza el workflow	2025-10-07T06:42:22.3010288Z   KAOS_CODE: 18304347934
end-workflow	Finaliza el workflow	2025-10-07T06:42:22.3011348Z   KAOS_ISSUE_NUMBER: 1662
end-workflow	Finaliza el workflow	2025-10-07T06:42:22.3012552Z   KAOS_ISSUE_TITLE: [swarm-runners] Error detected in 
end-workflow	Finaliza el workflow	2025-10-07T06:42:22.3014677Z   KAOS_ISSUE_BODY: Error detected in . Please check the logs for 18304272830 more information of error.
end-workflow	Finaliza el workflow	2025-10-07T06:42:22.3016638Z   KAOS_ISSUE_MESSAGE: 
end-workflow	Finaliza el workflow	2025-10-07T06:42:22.3017960Z   KAOS_ISSUE_USER: ka0score
end-workflow	Finaliza el workflow	2025-10-07T06:42:22.3019100Z ##[endgroup]
end-workflow	Finaliza el workflow	2025-10-07T06:42:22.3089157Z End process
end-workflow	Finaliza el workflow	2025-10-07T06:42:23.3842166Z https://github.com/Ka0s-Klaus/ka0s/issues/1662#issuecomment-3375434888
end-workflow	Post Checkout repository	﻿2025-10-07T06:42:24.0459112Z Post job cleanup.
end-workflow	Post Checkout repository	2025-10-07T06:42:24.1551190Z [command]/usr/bin/git version
end-workflow	Post Checkout repository	2025-10-07T06:42:24.1590250Z git version 2.51.0
end-workflow	Post Checkout repository	2025-10-07T06:42:24.1629908Z Copying '/home/runner/.gitconfig' to '/home/runner/_work/_temp/66e5c8ae-76f6-40c1-a7cf-a94761556adf/.gitconfig'
end-workflow	Post Checkout repository	2025-10-07T06:42:24.1642754Z Temporarily overriding HOME='/home/runner/_work/_temp/66e5c8ae-76f6-40c1-a7cf-a94761556adf' before making global git config changes
end-workflow	Post Checkout repository	2025-10-07T06:42:24.1644373Z Adding repository directory to the temporary git global config as a safe directory
end-workflow	Post Checkout repository	2025-10-07T06:42:24.1648186Z [command]/usr/bin/git config --global --add safe.directory /home/runner/_work/ka0s/ka0s
end-workflow	Post Checkout repository	2025-10-07T06:42:24.1690848Z [command]/usr/bin/git config --local --name-only --get-regexp core\.sshCommand
end-workflow	Post Checkout repository	2025-10-07T06:42:24.1736609Z [command]/usr/bin/git submodule foreach --recursive sh -c "git config --local --name-only --get-regexp 'core\.sshCommand' && git config --local --unset-all 'core.sshCommand' || :"
end-workflow	Post Checkout repository	2025-10-07T06:42:24.2006914Z [command]/usr/bin/git config --local --name-only --get-regexp http\.https\:\/\/github\.com\/\.extraheader
end-workflow	Post Checkout repository	2025-10-07T06:42:24.2031989Z http.https://github.com/.extraheader
end-workflow	Post Checkout repository	2025-10-07T06:42:24.2044104Z [command]/usr/bin/git config --local --unset-all http.https://github.com/.extraheader
end-workflow	Post Checkout repository	2025-10-07T06:42:24.2082493Z [command]/usr/bin/git submodule foreach --recursive sh -c "git config --local --name-only --get-regexp 'http\.https\:\/\/github\.com\/\.extraheader' && git config --local --unset-all 'http.https://github.com/.extraheader' || :"
end-workflow	Complete job	﻿2025-10-07T06:42:24.2455754Z Cleaning up orphan processes
