job-core	Set up job	﻿2025-10-07T08:04:32.9194711Z Current runner version: '2.328.0'
job-core	Set up job	2025-10-07T08:04:32.9204146Z Runner name: '8e659958b594'
job-core	Set up job	2025-10-07T08:04:32.9205109Z Runner group name: 'swarm-runners'
job-core	Set up job	2025-10-07T08:04:32.9206253Z Machine name: '8e659958b594'
job-core	Set up job	2025-10-07T08:04:32.9210416Z ##[group]GITHUB_TOKEN Permissions
job-core	Set up job	2025-10-07T08:04:32.9213329Z Actions: write
job-core	Set up job	2025-10-07T08:04:32.9213977Z Contents: write
job-core	Set up job	2025-10-07T08:04:32.9214553Z Issues: write
job-core	Set up job	2025-10-07T08:04:32.9215073Z Metadata: read
job-core	Set up job	2025-10-07T08:04:32.9215726Z PullRequests: write
job-core	Set up job	2025-10-07T08:04:32.9216264Z ##[endgroup]
job-core	Set up job	2025-10-07T08:04:32.9218774Z Secret source: Actions
job-core	Set up job	2025-10-07T08:04:32.9219632Z Prepare workflow directory
job-core	Set up job	2025-10-07T08:04:32.9884650Z Prepare all required actions
job-core	Set up job	2025-10-07T08:04:32.9925272Z Getting action download info
job-core	Set up job	2025-10-07T08:04:33.5634650Z Download action repository 'actions/checkout@v4' (SHA:08eba0b27e820071cde6df949e0beb9ba4906955)
job-core	Set up job	2025-10-07T08:04:34.2999342Z Download action repository 'actions/setup-node@v2' (SHA:7c12f8017d5436eb855f1ed4399f037a36fbd9e8)
job-core	Set up job	2025-10-07T08:04:35.1438642Z Complete job name: job-core
job-core	Checkout code	﻿2025-10-07T08:04:35.2109386Z ##[group]Run actions/checkout@v4
job-core	Checkout code	2025-10-07T08:04:35.2110896Z with:
job-core	Checkout code	2025-10-07T08:04:35.2111648Z   fetch-depth: 0
job-core	Checkout code	2025-10-07T08:04:35.2113046Z   token: ***
job-core	Checkout code	2025-10-07T08:04:35.2113830Z   repository: Ka0s-Klaus/ka0s
job-core	Checkout code	2025-10-07T08:04:35.2114759Z   ssh-strict: true
job-core	Checkout code	2025-10-07T08:04:35.2115525Z   ssh-user: git
job-core	Checkout code	2025-10-07T08:04:35.2116311Z   persist-credentials: true
job-core	Checkout code	2025-10-07T08:04:35.2117188Z   clean: true
job-core	Checkout code	2025-10-07T08:04:35.2118294Z   sparse-checkout-cone-mode: true
job-core	Checkout code	2025-10-07T08:04:35.2119419Z   fetch-tags: false
job-core	Checkout code	2025-10-07T08:04:35.2120264Z   show-progress: true
job-core	Checkout code	2025-10-07T08:04:35.2121104Z   lfs: false
job-core	Checkout code	2025-10-07T08:04:35.2121899Z   submodules: false
job-core	Checkout code	2025-10-07T08:04:35.2122731Z   set-safe-directory: true
job-core	Checkout code	2025-10-07T08:04:35.2123998Z env:
job-core	Checkout code	2025-10-07T08:04:35.2124748Z   KAOS_MODULE: [Ka0S] JSONLINT
job-core	Checkout code	2025-10-07T08:04:35.2126293Z   GH_TOKEN: ***
job-core	Checkout code	2025-10-07T08:04:35.2127273Z   KAOS_JSONLINT_CONFIG: core/config/.jsonlint.json
job-core	Checkout code	2025-10-07T08:04:35.2128819Z   KAOS_PATH_RESUME: audit/jsonlint/
job-core	Checkout code	2025-10-07T08:04:35.2129926Z   KAOS_REPO: /actions-runner/_work/kaos/kaos
job-core	Checkout code	2025-10-07T08:04:35.2130972Z   KAOS_STEP_MODULE: 
job-core	Checkout code	2025-10-07T08:04:35.2131783Z   KAOS_CODE: 18306119887
job-core	Checkout code	2025-10-07T08:04:35.2132622Z   KAOS_REF_BRANCH: main
job-core	Checkout code	2025-10-07T08:04:35.2133416Z ##[endgroup]
job-core	Checkout code	2025-10-07T08:04:35.3413573Z Syncing repository: Ka0s-Klaus/ka0s
job-core	Checkout code	2025-10-07T08:04:35.3416367Z ##[group]Getting Git version info
job-core	Checkout code	2025-10-07T08:04:35.3417991Z Working directory is '/home/runner/_work/ka0s/ka0s'
job-core	Checkout code	2025-10-07T08:04:35.3419842Z [command]/usr/bin/git version
job-core	Checkout code	2025-10-07T08:04:35.3420776Z git version 2.51.0
job-core	Checkout code	2025-10-07T08:04:35.3438378Z ##[endgroup]
job-core	Checkout code	2025-10-07T08:04:35.3447904Z Copying '/home/runner/.gitconfig' to '/home/runner/_work/_temp/8397369f-d38c-43d9-9cbb-db15b42a063d/.gitconfig'
job-core	Checkout code	2025-10-07T08:04:35.3466979Z Temporarily overriding HOME='/home/runner/_work/_temp/8397369f-d38c-43d9-9cbb-db15b42a063d' before making global git config changes
job-core	Checkout code	2025-10-07T08:04:35.3470266Z Adding repository directory to the temporary git global config as a safe directory
job-core	Checkout code	2025-10-07T08:04:35.3472642Z [command]/usr/bin/git config --global --add safe.directory /home/runner/_work/ka0s/ka0s
job-core	Checkout code	2025-10-07T08:04:35.3516128Z [command]/usr/bin/git config --local --get remote.origin.url
job-core	Checkout code	2025-10-07T08:04:35.3555555Z https://github.com/Ka0s-Klaus/ka0s
job-core	Checkout code	2025-10-07T08:04:35.3577917Z ##[group]Removing previously created refs, to avoid conflicts
job-core	Checkout code	2025-10-07T08:04:35.3582130Z [command]/usr/bin/git rev-parse --symbolic-full-name --verify --quiet HEAD
job-core	Checkout code	2025-10-07T08:04:35.3608870Z refs/heads/H1646-modulo-de-control-de-runners
job-core	Checkout code	2025-10-07T08:04:35.3617668Z [command]/usr/bin/git checkout --detach
job-core	Checkout code	2025-10-07T08:04:35.3710517Z HEAD is now at a1863af2 [Ka0S] Uploading jsonlint resume execution files to the repository...
job-core	Checkout code	2025-10-07T08:04:35.3769602Z [command]/usr/bin/git branch --delete --force H1646-modulo-de-control-de-runners
job-core	Checkout code	2025-10-07T08:04:35.3806155Z Deleted branch H1646-modulo-de-control-de-runners (was a1863af2).
job-core	Checkout code	2025-10-07T08:04:35.3900401Z ##[endgroup]
job-core	Checkout code	2025-10-07T08:04:35.3903950Z [command]/usr/bin/git submodule status
job-core	Checkout code	2025-10-07T08:04:35.4185191Z ##[group]Cleaning the repository
job-core	Checkout code	2025-10-07T08:04:35.4186511Z [command]/usr/bin/git clean -ffdx
job-core	Checkout code	2025-10-07T08:04:35.4261718Z [command]/usr/bin/git reset --hard HEAD
job-core	Checkout code	2025-10-07T08:04:35.4355532Z HEAD is now at a1863af2 [Ka0S] Uploading jsonlint resume execution files to the repository...
job-core	Checkout code	2025-10-07T08:04:35.4370688Z ##[endgroup]
job-core	Checkout code	2025-10-07T08:04:35.4372781Z ##[group]Disabling automatic garbage collection
job-core	Checkout code	2025-10-07T08:04:35.4374128Z [command]/usr/bin/git config --local gc.auto 0
job-core	Checkout code	2025-10-07T08:04:35.4427793Z ##[endgroup]
job-core	Checkout code	2025-10-07T08:04:35.4429639Z ##[group]Setting up auth
job-core	Checkout code	2025-10-07T08:04:35.4431079Z [command]/usr/bin/git config --local --name-only --get-regexp core\.sshCommand
job-core	Checkout code	2025-10-07T08:04:35.4469674Z [command]/usr/bin/git submodule foreach --recursive sh -c "git config --local --name-only --get-regexp 'core\.sshCommand' && git config --local --unset-all 'core.sshCommand' || :"
job-core	Checkout code	2025-10-07T08:04:35.4749133Z [command]/usr/bin/git config --local --name-only --get-regexp http\.https\:\/\/github\.com\/\.extraheader
job-core	Checkout code	2025-10-07T08:04:35.4795124Z [command]/usr/bin/git submodule foreach --recursive sh -c "git config --local --name-only --get-regexp 'http\.https\:\/\/github\.com\/\.extraheader' && git config --local --unset-all 'http.https://github.com/.extraheader' || :"
job-core	Checkout code	2025-10-07T08:04:35.5090427Z [command]/usr/bin/git config --local http.https://github.com/.extraheader AUTHORIZATION: basic ***
job-core	Checkout code	2025-10-07T08:04:35.5171302Z ##[endgroup]
job-core	Checkout code	2025-10-07T08:04:35.5176213Z ##[group]Fetching the repository
job-core	Checkout code	2025-10-07T08:04:35.5183297Z [command]/usr/bin/git -c protocol.version=2 fetch --prune --no-recurse-submodules origin +refs/heads/*:refs/remotes/origin/* +refs/tags/*:refs/tags/*
job-core	Checkout code	2025-10-07T08:04:36.3504712Z From https://github.com/Ka0s-Klaus/ka0s
job-core	Checkout code	2025-10-07T08:04:36.3505655Z    a1863af2..b43e9010  H1646-modulo-de-control-de-runners -> origin/H1646-modulo-de-control-de-runners
job-core	Checkout code	2025-10-07T08:04:36.3556502Z [command]/usr/bin/git branch --list --remote origin/H1646-modulo-de-control-de-runners
job-core	Checkout code	2025-10-07T08:04:36.3639877Z   origin/H1646-modulo-de-control-de-runners
job-core	Checkout code	2025-10-07T08:04:36.3650677Z [command]/usr/bin/git rev-parse refs/remotes/origin/H1646-modulo-de-control-de-runners
job-core	Checkout code	2025-10-07T08:04:36.3680009Z b43e9010828e1b59b266ad7303a82674df008b84
job-core	Checkout code	2025-10-07T08:04:36.3692541Z [command]/usr/bin/git -c protocol.version=2 fetch --no-tags --prune --no-recurse-submodules origin +5c58d8127b900e21574c32ea8c22511d44b80051:refs/remotes/origin/H1646-modulo-de-control-de-runners
job-core	Checkout code	2025-10-07T08:04:36.3879728Z From https://github.com/Ka0s-Klaus/ka0s
job-core	Checkout code	2025-10-07T08:04:36.3882776Z  + b43e9010...5c58d812 5c58d8127b900e21574c32ea8c22511d44b80051 -> origin/H1646-modulo-de-control-de-runners  (forced update)
job-core	Checkout code	2025-10-07T08:04:36.3995842Z ##[endgroup]
job-core	Checkout code	2025-10-07T08:04:36.3996474Z ##[group]Determining the checkout info
job-core	Checkout code	2025-10-07T08:04:36.3996942Z ##[endgroup]
job-core	Checkout code	2025-10-07T08:04:36.3997254Z [command]/usr/bin/git sparse-checkout disable
job-core	Checkout code	2025-10-07T08:04:36.3999038Z [command]/usr/bin/git config --local --unset-all extensions.worktreeConfig
job-core	Checkout code	2025-10-07T08:04:36.4059683Z ##[group]Checking out the ref
job-core	Checkout code	2025-10-07T08:04:36.4060598Z [command]/usr/bin/git checkout --progress --force -B H1646-modulo-de-control-de-runners refs/remotes/origin/H1646-modulo-de-control-de-runners
job-core	Checkout code	2025-10-07T08:04:36.4242511Z Warning: you are leaving 13 commits behind, not connected to
job-core	Checkout code	2025-10-07T08:04:36.4243073Z any of your branches:
job-core	Checkout code	2025-10-07T08:04:36.4243237Z 
job-core	Checkout code	2025-10-07T08:04:36.4243506Z   a1863af2 [Ka0S] Uploading jsonlint resume execution files to the repository...
job-core	Checkout code	2025-10-07T08:04:36.4244112Z   2fc20050 [Ka0S] Uploading jsonlint resume execution files to the repository...
job-core	Checkout code	2025-10-07T08:04:36.4244707Z   f518dc61 [Ka0S] Uploading jsonlint resume execution files to the repository...
job-core	Checkout code	2025-10-07T08:04:36.4245271Z   885ade40 [Ka0S] Uploading jsonlint resume execution files to the repository...
job-core	Checkout code	2025-10-07T08:04:36.4245679Z  ... and 9 more.
job-core	Checkout code	2025-10-07T08:04:36.4246170Z 
job-core	Checkout code	2025-10-07T08:04:36.4246400Z If you want to keep them by creating a new branch, this may be a good time
job-core	Checkout code	2025-10-07T08:04:36.4246808Z to do so with:
job-core	Checkout code	2025-10-07T08:04:36.4246939Z 
job-core	Checkout code	2025-10-07T08:04:36.4247104Z  git branch <new-branch-name> a1863af2
job-core	Checkout code	2025-10-07T08:04:36.4247307Z 
job-core	Checkout code	2025-10-07T08:04:36.4259915Z Switched to a new branch 'H1646-modulo-de-control-de-runners'
job-core	Checkout code	2025-10-07T08:04:36.4265312Z branch 'H1646-modulo-de-control-de-runners' set up to track 'origin/H1646-modulo-de-control-de-runners'.
job-core	Checkout code	2025-10-07T08:04:36.4279889Z ##[endgroup]
job-core	Checkout code	2025-10-07T08:04:36.4325173Z [command]/usr/bin/git log -1 --format=%H
job-core	Checkout code	2025-10-07T08:04:36.4359482Z 5c58d8127b900e21574c32ea8c22511d44b80051
job-core	Install Node.js	﻿2025-10-07T08:04:36.4730421Z ##[group]Run actions/setup-node@v2
job-core	Install Node.js	2025-10-07T08:04:36.4730822Z with:
job-core	Install Node.js	2025-10-07T08:04:36.4731018Z   node-version: 14
job-core	Install Node.js	2025-10-07T08:04:36.4731241Z   always-auth: false
job-core	Install Node.js	2025-10-07T08:04:36.4731465Z   check-latest: false
job-core	Install Node.js	2025-10-07T08:04:36.4731968Z   token: ***
job-core	Install Node.js	2025-10-07T08:04:36.4732163Z env:
job-core	Install Node.js	2025-10-07T08:04:36.4732396Z   KAOS_MODULE: [Ka0S] JSONLINT
job-core	Install Node.js	2025-10-07T08:04:36.4732734Z   GH_TOKEN: ***
job-core	Install Node.js	2025-10-07T08:04:36.4733014Z   KAOS_JSONLINT_CONFIG: core/config/.jsonlint.json
job-core	Install Node.js	2025-10-07T08:04:36.4733373Z   KAOS_PATH_RESUME: audit/jsonlint/
job-core	Install Node.js	2025-10-07T08:04:36.4733697Z   KAOS_REPO: /actions-runner/_work/kaos/kaos
job-core	Install Node.js	2025-10-07T08:04:36.4734039Z   KAOS_STEP_MODULE: 
job-core	Install Node.js	2025-10-07T08:04:36.4734297Z   KAOS_CODE: 18306119887
job-core	Install Node.js	2025-10-07T08:04:36.4734564Z   KAOS_REF_BRANCH: main
job-core	Install Node.js	2025-10-07T08:04:36.4734790Z ##[endgroup]
job-core	Install Node.js	2025-10-07T08:04:36.6162934Z Found in cache @ /home/runner/_work/_tool/node/14.21.3/x64
job-core	Install jsonlint	﻿2025-10-07T08:04:36.6332128Z ##[group]Run if ! command -v jsonlint &> /dev/null; then
job-core	Install jsonlint	2025-10-07T08:04:36.6332774Z [36;1mif ! command -v jsonlint &> /dev/null; then[0m
job-core	Install jsonlint	2025-10-07T08:04:36.6333111Z [36;1m  echo "Installing jsonlint..."[0m
job-core	Install jsonlint	2025-10-07T08:04:36.6333408Z [36;1m  npm install -g jsonlint[0m
job-core	Install jsonlint	2025-10-07T08:04:36.6333664Z [36;1melse[0m
job-core	Install jsonlint	2025-10-07T08:04:36.6334076Z [36;1m  echo "jsonlint already installed, skipping installation"[0m
job-core	Install jsonlint	2025-10-07T08:04:36.6334429Z [36;1mfi[0m
job-core	Install jsonlint	2025-10-07T08:04:36.6334633Z [36;1mmkdir -p audit/jsonlint/[0m
job-core	Install jsonlint	2025-10-07T08:04:36.6352103Z shell: /usr/bin/bash -e {0}
job-core	Install jsonlint	2025-10-07T08:04:36.6352421Z env:
job-core	Install jsonlint	2025-10-07T08:04:36.6352627Z   KAOS_MODULE: [Ka0S] JSONLINT
job-core	Install jsonlint	2025-10-07T08:04:36.6353136Z   GH_TOKEN: ***
job-core	Install jsonlint	2025-10-07T08:04:36.6353513Z   KAOS_JSONLINT_CONFIG: core/config/.jsonlint.json
job-core	Install jsonlint	2025-10-07T08:04:36.6369397Z   KAOS_PATH_RESUME: audit/jsonlint/
job-core	Install jsonlint	2025-10-07T08:04:36.6369984Z   KAOS_REPO: /actions-runner/_work/kaos/kaos
job-core	Install jsonlint	2025-10-07T08:04:36.6370280Z   KAOS_STEP_MODULE: 
job-core	Install jsonlint	2025-10-07T08:04:36.6370673Z   KAOS_CODE: 18306119887
job-core	Install jsonlint	2025-10-07T08:04:36.6370901Z   KAOS_REF_BRANCH: main
job-core	Install jsonlint	2025-10-07T08:04:36.6371128Z ##[endgroup]
job-core	Install jsonlint	2025-10-07T08:04:36.6453057Z jsonlint already installed, skipping installation
job-core	Check JSON	﻿2025-10-07T08:04:36.6523716Z ##[group]Run # Invocamos la primera comprobación de base, sino se supera el proceso no continua
job-core	Check JSON	2025-10-07T08:04:36.6524577Z [36;1m# Invocamos la primera comprobación de base, sino se supera el proceso no continua[0m
job-core	Check JSON	2025-10-07T08:04:36.6525062Z [36;1m# Extraemos el nombre del fichero[0m
job-core	Check JSON	2025-10-07T08:04:36.6525427Z [36;1mfile_name=$(basename "audit/inspector/18305615628.json")[0m
job-core	Check JSON	2025-10-07T08:04:36.6525815Z [36;1m# Generamos el fichero de resultados vacio[0m
job-core	Check JSON	2025-10-07T08:04:36.6526206Z [36;1mtouch audit/jsonlint/jsonlint-results-18306119887.txt[0m
job-core	Check JSON	2025-10-07T08:04:36.6526594Z [36;1m# Realizamos el check del documento json [0m
job-core	Check JSON	2025-10-07T08:04:36.6527202Z [36;1mjsonlint --pretty-print audit/inspector/18305615628.json > audit/jsonlint/jsonlint-results-18306119887.txt || true[0m
job-core	Check JSON	2025-10-07T08:04:36.6527900Z [36;1m# Check if exist errors in file[0m
job-core	Check JSON	2025-10-07T08:04:36.6528321Z [36;1mif [ ! -s audit/jsonlint/jsonlint-results-18306119887.txt ]; then[0m
job-core	Check JSON	2025-10-07T08:04:36.6528917Z [36;1m  echo "File audit/jsonlint/jsonlint-results-18306119887.txt is empty and is content correct"[0m
job-core	Check JSON	2025-10-07T08:04:36.6530111Z [36;1m  KAOS_ISSUE_BODY="The [Ka0S] JSONLINT process (18306095664) launch the check (18306119887) over file (audit/inspector/18305615628.json) and its result has been SUCCESS. Please review all files implicated in pull request and approve to merge"[0m
job-core	Check JSON	2025-10-07T08:04:36.6531495Z [36;1m  # Añadimos la versión de jsonlint con la que se realiza la comprobacion[0m
job-core	Check JSON	2025-10-07T08:04:36.6532006Z [36;1m  jsonlint --version >> audit/jsonlint/jsonlint-results-18306119887.txt[0m
job-core	Check JSON	2025-10-07T08:04:36.6532474Z [36;1m  # añadimos el nombre del fichero que vamos a comprobar[0m
job-core	Check JSON	2025-10-07T08:04:36.6533021Z [36;1m  echo "Finding: audit/inspector/18305615628.json" >> audit/jsonlint/jsonlint-results-18306119887.txt[0m
job-core	Check JSON	2025-10-07T08:04:36.6533555Z [36;1m  gh issue comment  1646 -b "$KAOS_ISSUE_BODY" [0m
job-core	Check JSON	2025-10-07T08:04:36.6533854Z [36;1melse[0m
job-core	Check JSON	2025-10-07T08:04:36.6534127Z [36;1m  cat audit/jsonlint/jsonlint-results-18306119887.txt[0m
job-core	Check JSON	2025-10-07T08:04:36.6534763Z [36;1m  echo "File audit/jsonlint/jsonlint-results-18306119887.txt is not empty and is content not correct and write commit info"[0m
job-core	Check JSON	2025-10-07T08:04:36.6535826Z [36;1m  KAOS_ISSUE_BODY="The [Ka0S] JSONLINT process (18306095664) launch the check (18306119887) over file (audit/inspector/18305615628.json) and its result has been FAILED, please check and solved it"[0m
job-core	Check JSON	2025-10-07T08:04:36.6536702Z [36;1m  # Añadimos la versión de jsonlint con la que se realiza la comprobacion[0m
job-core	Check JSON	2025-10-07T08:04:36.6537222Z [36;1m  jsonlint --version || true >> audit/jsonlint/jsonlint-results-18306119887.txt[0m
job-core	Check JSON	2025-10-07T08:04:36.6538276Z [36;1m  # añadimos el nombre del fichero que vamos a comprobar[0m
job-core	Check JSON	2025-10-07T08:04:36.6538826Z [36;1m  echo "Finding: audit/inspector/18305615628.json" >> audit/jsonlint/jsonlint-results-18306119887.txt[0m
job-core	Check JSON	2025-10-07T08:04:36.6539355Z [36;1m  gh issue comment  1646 -b "$KAOS_ISSUE_BODY" [0m
job-core	Check JSON	2025-10-07T08:04:36.6539657Z [36;1mfi[0m
job-core	Check JSON	2025-10-07T08:04:36.6539900Z [36;1mecho "Uploading files to the repository..."[0m
job-core	Check JSON	2025-10-07T08:04:36.6540389Z [36;1mgit config --global user.name "***"[0m
job-core	Check JSON	2025-10-07T08:04:36.6540748Z [36;1mgit config --global user.email "***"[0m
job-core	Check JSON	2025-10-07T08:04:36.6541041Z [36;1mgit pull --rebase[0m
job-core	Check JSON	2025-10-07T08:04:36.6541286Z [36;1mgit add audit/jsonlint/*[0m
job-core	Check JSON	2025-10-07T08:04:36.6541560Z [36;1mif ! git diff --staged --quiet; then[0m
job-core	Check JSON	2025-10-07T08:04:36.6542018Z [36;1m  git commit -m "[Ka0S] Uploading jsonlint resume execution files to the repository..."[0m
job-core	Check JSON	2025-10-07T08:04:36.6551685Z [36;1m  git push origin refs/heads/H1646-modulo-de-control-de-runners --force-with-lease[0m
job-core	Check JSON	2025-10-07T08:04:36.6552397Z [36;1mfi[0m
job-core	Check JSON	2025-10-07T08:04:36.6562094Z shell: /usr/bin/bash -e {0}
job-core	Check JSON	2025-10-07T08:04:36.6562357Z env:
job-core	Check JSON	2025-10-07T08:04:36.6562564Z   KAOS_MODULE: [Ka0S] JSONLINT
job-core	Check JSON	2025-10-07T08:04:36.6563037Z   GH_TOKEN: ***
job-core	Check JSON	2025-10-07T08:04:36.6563288Z   KAOS_JSONLINT_CONFIG: core/config/.jsonlint.json
job-core	Check JSON	2025-10-07T08:04:36.6563872Z   KAOS_PATH_RESUME: audit/jsonlint/
job-core	Check JSON	2025-10-07T08:04:36.6564168Z   KAOS_REPO: /actions-runner/_work/kaos/kaos
job-core	Check JSON	2025-10-07T08:04:36.6564463Z   KAOS_STEP_MODULE: 
job-core	Check JSON	2025-10-07T08:04:36.6564675Z   KAOS_CODE: 18306119887
job-core	Check JSON	2025-10-07T08:04:36.6565034Z   KAOS_REF_BRANCH: main
job-core	Check JSON	2025-10-07T08:04:36.6565258Z ##[endgroup]
job-core	Check JSON	2025-10-07T08:04:36.7798649Z {
job-core	Check JSON	2025-10-07T08:04:36.7799006Z   "conclusion": "failure",
job-core	Check JSON	2025-10-07T08:04:36.7799349Z   "createdAt": "2025-10-07T07:40:15Z",
job-core	Check JSON	2025-10-07T08:04:36.7799628Z   "databaseId": 18305615628,
job-core	Check JSON	2025-10-07T08:04:36.7799912Z   "event": "workflow_dispatch",
job-core	Check JSON	2025-10-07T08:04:36.7800172Z   "headBranch": "main",
job-core	Check JSON	2025-10-07T08:04:36.7800501Z   "headSha": "380255fd2be3bc1f36277861fab58cb5ba122872",
job-core	Check JSON	2025-10-07T08:04:36.7800831Z   "name": "Ka0s Scan Images",
job-core	Check JSON	2025-10-07T08:04:36.7801086Z   "status": "completed",
job-core	Check JSON	2025-10-07T08:04:36.7801360Z   "updatedAt": "2025-10-07T07:48:56Z",
job-core	Check JSON	2025-10-07T08:04:36.7801788Z   "url": "https://github.com/Ka0s-Klaus/ka0s/actions/runs/18305615628",
job-core	Check JSON	2025-10-07T08:04:36.7802224Z   "workflowDatabaseId": 192167605
job-core	Check JSON	2025-10-07T08:04:36.7802487Z }
job-core	Check JSON	2025-10-07T08:04:36.7806018Z File audit/jsonlint/jsonlint-results-18306119887.txt is not empty and is content not correct and write commit info
job-core	Check JSON	2025-10-07T08:04:36.9006578Z 1.6.3
job-core	Check JSON	2025-10-07T08:04:37.8530614Z https://github.com/Ka0s-Klaus/ka0s/issues/1646#issuecomment-3375666371
job-core	Check JSON	2025-10-07T08:04:37.8584992Z Uploading files to the repository...
job-core	Check JSON	2025-10-07T08:04:38.4362829Z From https://github.com/Ka0s-Klaus/ka0s
job-core	Check JSON	2025-10-07T08:04:38.4364788Z    5c58d812..b43e9010  H1646-modulo-de-control-de-runners -> origin/H1646-modulo-de-control-de-runners
job-core	Check JSON	2025-10-07T08:04:38.4522573Z Updating 5c58d812..b43e9010
job-core	Check JSON	2025-10-07T08:04:38.4523001Z Fast-forward
job-core	Check JSON	2025-10-07T08:04:38.4551552Z  audit/jsonlint/jsonlint-results-18306106584.txt | 14 ++++++++++++++
job-core	Check JSON	2025-10-07T08:04:38.4552807Z  audit/jsonlint/jsonlint-results-18306107398.txt | 14 ++++++++++++++
job-core	Check JSON	2025-10-07T08:04:38.4553356Z  audit/jsonlint/jsonlint-results-18306108115.txt | 14 ++++++++++++++
job-core	Check JSON	2025-10-07T08:04:38.4553919Z  audit/jsonlint/jsonlint-results-18306108805.txt | 14 ++++++++++++++
job-core	Check JSON	2025-10-07T08:04:38.4554446Z  audit/jsonlint/jsonlint-results-18306109564.txt | 14 ++++++++++++++
job-core	Check JSON	2025-10-07T08:04:38.4554986Z  audit/jsonlint/jsonlint-results-18306110970.txt | 14 ++++++++++++++
job-core	Check JSON	2025-10-07T08:04:38.4555509Z  audit/jsonlint/jsonlint-results-18306111761.txt | 14 ++++++++++++++
job-core	Check JSON	2025-10-07T08:04:38.4556054Z  audit/jsonlint/jsonlint-results-18306112589.txt | 14 ++++++++++++++
job-core	Check JSON	2025-10-07T08:04:38.4556598Z  audit/jsonlint/jsonlint-results-18306113372.txt | 14 ++++++++++++++
job-core	Check JSON	2025-10-07T08:04:38.4557163Z  audit/jsonlint/jsonlint-results-18306113964.txt | 14 ++++++++++++++
job-core	Check JSON	2025-10-07T08:04:38.4557911Z  audit/jsonlint/jsonlint-results-18306114924.txt | 14 ++++++++++++++
job-core	Check JSON	2025-10-07T08:04:38.4558450Z  audit/jsonlint/jsonlint-results-18306115631.txt | 14 ++++++++++++++
job-core	Check JSON	2025-10-07T08:04:38.4558977Z  audit/jsonlint/jsonlint-results-18306116471.txt | 14 ++++++++++++++
job-core	Check JSON	2025-10-07T08:04:38.4559531Z  audit/jsonlint/jsonlint-results-18306117320.txt | 14 ++++++++++++++
job-core	Check JSON	2025-10-07T08:04:38.4560072Z  audit/jsonlint/jsonlint-results-18306118046.txt | 14 ++++++++++++++
job-core	Check JSON	2025-10-07T08:04:38.4560631Z  audit/jsonlint/jsonlint-results-18306119103.txt | 14 ++++++++++++++
job-core	Check JSON	2025-10-07T08:04:38.4561059Z  16 files changed, 224 insertions(+)
job-core	Check JSON	2025-10-07T08:04:38.4561489Z  create mode 100644 audit/jsonlint/jsonlint-results-18306106584.txt
job-core	Check JSON	2025-10-07T08:04:38.4562026Z  create mode 100644 audit/jsonlint/jsonlint-results-18306107398.txt
job-core	Check JSON	2025-10-07T08:04:38.4562541Z  create mode 100644 audit/jsonlint/jsonlint-results-18306108115.txt
job-core	Check JSON	2025-10-07T08:04:38.4563052Z  create mode 100644 audit/jsonlint/jsonlint-results-18306108805.txt
job-core	Check JSON	2025-10-07T08:04:38.4563599Z  create mode 100644 audit/jsonlint/jsonlint-results-18306109564.txt
job-core	Check JSON	2025-10-07T08:04:38.4564116Z  create mode 100644 audit/jsonlint/jsonlint-results-18306110970.txt
job-core	Check JSON	2025-10-07T08:04:38.4564734Z  create mode 100644 audit/jsonlint/jsonlint-results-18306111761.txt
job-core	Check JSON	2025-10-07T08:04:38.4565598Z  create mode 100644 audit/jsonlint/jsonlint-results-18306112589.txt
job-core	Check JSON	2025-10-07T08:04:38.4566115Z  create mode 100644 audit/jsonlint/jsonlint-results-18306113372.txt
job-core	Check JSON	2025-10-07T08:04:38.4566634Z  create mode 100644 audit/jsonlint/jsonlint-results-18306113964.txt
job-core	Check JSON	2025-10-07T08:04:38.4567151Z  create mode 100644 audit/jsonlint/jsonlint-results-18306114924.txt
job-core	Check JSON	2025-10-07T08:04:38.4567735Z  create mode 100644 audit/jsonlint/jsonlint-results-18306115631.txt
job-core	Check JSON	2025-10-07T08:04:38.4568251Z  create mode 100644 audit/jsonlint/jsonlint-results-18306116471.txt
job-core	Check JSON	2025-10-07T08:04:38.4568759Z  create mode 100644 audit/jsonlint/jsonlint-results-18306117320.txt
job-core	Check JSON	2025-10-07T08:04:38.4569272Z  create mode 100644 audit/jsonlint/jsonlint-results-18306118046.txt
job-core	Check JSON	2025-10-07T08:04:38.4569786Z  create mode 100644 audit/jsonlint/jsonlint-results-18306119103.txt
job-core	Check JSON	2025-10-07T08:04:38.4734816Z [H1646-modulo-de-control-de-runners a708b408] [Ka0S] Uploading jsonlint resume execution files to the repository...
job-core	Check JSON	2025-10-07T08:04:38.4738536Z  1 file changed, 14 insertions(+)
job-core	Check JSON	2025-10-07T08:04:38.4738977Z  create mode 100644 audit/jsonlint/jsonlint-results-18306119887.txt
job-core	Check JSON	2025-10-07T08:04:39.3936777Z To https://github.com/Ka0s-Klaus/ka0s
job-core	Check JSON	2025-10-07T08:04:39.3937532Z    b43e9010..a708b408  H1646-modulo-de-control-de-runners -> H1646-modulo-de-control-de-runners
job-core	Post Install Node.js	﻿2025-10-07T08:04:39.4110661Z Post job cleanup.
job-core	Post Checkout code	﻿2025-10-07T08:04:39.5548126Z Post job cleanup.
job-core	Post Checkout code	2025-10-07T08:04:39.6675392Z [command]/usr/bin/git version
job-core	Post Checkout code	2025-10-07T08:04:39.6718423Z git version 2.51.0
job-core	Post Checkout code	2025-10-07T08:04:39.6765056Z Copying '/home/runner/.gitconfig' to '/home/runner/_work/_temp/8c0c062c-aad9-4c12-aaee-828cf8596a5c/.gitconfig'
job-core	Post Checkout code	2025-10-07T08:04:39.6779694Z Temporarily overriding HOME='/home/runner/_work/_temp/8c0c062c-aad9-4c12-aaee-828cf8596a5c' before making global git config changes
job-core	Post Checkout code	2025-10-07T08:04:39.6780673Z Adding repository directory to the temporary git global config as a safe directory
job-core	Post Checkout code	2025-10-07T08:04:39.6784817Z [command]/usr/bin/git config --global --add safe.directory /home/runner/_work/ka0s/ka0s
job-core	Post Checkout code	2025-10-07T08:04:39.6828950Z [command]/usr/bin/git config --local --name-only --get-regexp core\.sshCommand
job-core	Post Checkout code	2025-10-07T08:04:39.6885836Z [command]/usr/bin/git submodule foreach --recursive sh -c "git config --local --name-only --get-regexp 'core\.sshCommand' && git config --local --unset-all 'core.sshCommand' || :"
job-core	Post Checkout code	2025-10-07T08:04:39.7150011Z [command]/usr/bin/git config --local --name-only --get-regexp http\.https\:\/\/github\.com\/\.extraheader
job-core	Post Checkout code	2025-10-07T08:04:39.7178135Z http.https://github.com/.extraheader
job-core	Post Checkout code	2025-10-07T08:04:39.7192705Z [command]/usr/bin/git config --local --unset-all http.https://github.com/.extraheader
job-core	Post Checkout code	2025-10-07T08:04:39.7231790Z [command]/usr/bin/git submodule foreach --recursive sh -c "git config --local --name-only --get-regexp 'http\.https\:\/\/github\.com\/\.extraheader' && git config --local --unset-all 'http.https://github.com/.extraheader' || :"
job-core	Complete job	﻿2025-10-07T08:04:39.7635399Z Cleaning up orphan processes
handle-success	Set up job	﻿2025-10-07T08:06:24.5313544Z Current runner version: '2.328.0'
handle-success	Set up job	2025-10-07T08:06:24.5328921Z Runner name: 'b5d6ec22adc7'
handle-success	Set up job	2025-10-07T08:06:24.5952091Z Runner group name: 'swarm-runners'
handle-success	Set up job	2025-10-07T08:06:24.5954172Z Machine name: 'b5d6ec22adc7'
handle-success	Set up job	2025-10-07T08:06:24.6621708Z ##[group]GITHUB_TOKEN Permissions
handle-success	Set up job	2025-10-07T08:06:24.6628550Z Actions: write
handle-success	Set up job	2025-10-07T08:06:24.6630872Z Contents: write
handle-success	Set up job	2025-10-07T08:06:24.6632617Z Issues: write
handle-success	Set up job	2025-10-07T08:06:24.6634166Z Metadata: read
handle-success	Set up job	2025-10-07T08:06:24.6635693Z PullRequests: write
handle-success	Set up job	2025-10-07T08:06:24.6636849Z ##[endgroup]
handle-success	Set up job	2025-10-07T08:06:24.6973078Z Secret source: Actions
handle-success	Set up job	2025-10-07T08:06:24.6974871Z Prepare workflow directory
handle-success	Set up job	2025-10-07T08:06:27.6129847Z Prepare all required actions
handle-success	Set up job	2025-10-07T08:06:27.7635582Z Getting action download info
handle-success	Set up job	2025-10-07T08:06:34.9689217Z Download action repository 'actions/checkout@v4' (SHA:08eba0b27e820071cde6df949e0beb9ba4906955)
handle-success	Set up job	2025-10-07T08:06:37.8567819Z Complete job name: handle-success
handle-success	Checkout code	﻿2025-10-07T08:06:39.2394800Z ##[group]Run actions/checkout@v4
handle-success	Checkout code	2025-10-07T08:06:39.2398171Z with:
handle-success	Checkout code	2025-10-07T08:06:39.2400380Z   fetch-depth: 0
handle-success	Checkout code	2025-10-07T08:06:39.2402330Z   token: ***
handle-success	Checkout code	2025-10-07T08:06:39.2403700Z   repository: Ka0s-Klaus/ka0s
handle-success	Checkout code	2025-10-07T08:06:39.2405239Z   ssh-strict: true
handle-success	Checkout code	2025-10-07T08:06:39.2406622Z   ssh-user: git
handle-success	Checkout code	2025-10-07T08:06:39.2407940Z   persist-credentials: true
handle-success	Checkout code	2025-10-07T08:06:39.2534399Z   clean: true
handle-success	Checkout code	2025-10-07T08:06:39.2537091Z   sparse-checkout-cone-mode: true
handle-success	Checkout code	2025-10-07T08:06:39.2538828Z   fetch-tags: false
handle-success	Checkout code	2025-10-07T08:06:39.2540363Z   show-progress: true
handle-success	Checkout code	2025-10-07T08:06:39.2541857Z   lfs: false
handle-success	Checkout code	2025-10-07T08:06:39.2543397Z   submodules: false
handle-success	Checkout code	2025-10-07T08:06:39.2544970Z   set-safe-directory: true
handle-success	Checkout code	2025-10-07T08:06:39.2547589Z env:
handle-success	Checkout code	2025-10-07T08:06:39.2548989Z   KAOS_MODULE: [Ka0S] JSONLINT
handle-success	Checkout code	2025-10-07T08:06:39.2551962Z   GH_TOKEN: ***
handle-success	Checkout code	2025-10-07T08:06:39.2555060Z   KAOS_JSONLINT_CONFIG: core/config/.jsonlint.json
handle-success	Checkout code	2025-10-07T08:06:39.2558359Z   KAOS_PATH_RESUME: audit/jsonlint/
handle-success	Checkout code	2025-10-07T08:06:39.2784938Z   KAOS_REPO: /actions-runner/_work/kaos/kaos
handle-success	Checkout code	2025-10-07T08:06:39.2792018Z   KAOS_STEP_MODULE: 
handle-success	Checkout code	2025-10-07T08:06:39.2794012Z   KAOS_CODE: 18306119887
handle-success	Checkout code	2025-10-07T08:06:39.2795822Z   KAOS_REF_BRANCH: main
handle-success	Checkout code	2025-10-07T08:06:39.2797441Z ##[endgroup]
handle-success	Checkout code	2025-10-07T08:06:41.6448115Z Syncing repository: Ka0s-Klaus/ka0s
handle-success	Checkout code	2025-10-07T08:06:41.6643702Z ##[group]Getting Git version info
handle-success	Checkout code	2025-10-07T08:06:41.6646002Z Working directory is '/home/runner/_work/ka0s/ka0s'
handle-success	Checkout code	2025-10-07T08:06:41.6650857Z [command]/usr/bin/git version
handle-success	Checkout code	2025-10-07T08:06:41.6652863Z git version 2.51.0
handle-success	Checkout code	2025-10-07T08:06:41.6902105Z ##[endgroup]
handle-success	Checkout code	2025-10-07T08:06:41.6914667Z Temporarily overriding HOME='/home/runner/_work/_temp/28e9a437-d26d-4edd-9f9c-04a9b22e5123' before making global git config changes
handle-success	Checkout code	2025-10-07T08:06:41.6918895Z Adding repository directory to the temporary git global config as a safe directory
handle-success	Checkout code	2025-10-07T08:06:41.6922640Z [command]/usr/bin/git config --global --add safe.directory /home/runner/_work/ka0s/ka0s
handle-success	Checkout code	2025-10-07T08:06:41.7526812Z Deleting the contents of '/home/runner/_work/ka0s/ka0s'
handle-success	Checkout code	2025-10-07T08:06:41.7753534Z ##[group]Initializing the repository
handle-success	Checkout code	2025-10-07T08:06:41.8019151Z [command]/usr/bin/git init /home/runner/_work/ka0s/ka0s
handle-success	Checkout code	2025-10-07T08:06:41.8468549Z hint: Using 'master' as the name for the initial branch. This default branch name
handle-success	Checkout code	2025-10-07T08:06:41.8473253Z hint: is subject to change. To configure the initial branch name to use in all
handle-success	Checkout code	2025-10-07T08:06:41.8476776Z hint: of your new repositories, which will suppress this warning, call:
handle-success	Checkout code	2025-10-07T08:06:41.8479389Z hint:
handle-success	Checkout code	2025-10-07T08:06:41.8481450Z hint: 	git config --global init.defaultBranch <name>
handle-success	Checkout code	2025-10-07T08:06:41.8483466Z hint:
handle-success	Checkout code	2025-10-07T08:06:41.8485459Z hint: Names commonly chosen instead of 'master' are 'main', 'trunk' and
handle-success	Checkout code	2025-10-07T08:06:41.8488508Z hint: 'development'. The just-created branch can be renamed via this command:
handle-success	Checkout code	2025-10-07T08:06:41.8691853Z hint:
handle-success	Checkout code	2025-10-07T08:06:41.8693846Z hint: 	git branch -m <name>
handle-success	Checkout code	2025-10-07T08:06:41.8695692Z hint:
handle-success	Checkout code	2025-10-07T08:06:41.8698135Z hint: Disable this message with "git config set advice.defaultBranchName false"
handle-success	Checkout code	2025-10-07T08:06:41.8819338Z Initialized empty Git repository in /home/runner/_work/ka0s/ka0s/.git/
handle-success	Checkout code	2025-10-07T08:06:41.8824765Z [command]/usr/bin/git remote add origin https://github.com/Ka0s-Klaus/ka0s
handle-success	Checkout code	2025-10-07T08:06:41.9459117Z ##[endgroup]
handle-success	Checkout code	2025-10-07T08:06:41.9462236Z ##[group]Disabling automatic garbage collection
handle-success	Checkout code	2025-10-07T08:06:41.9547649Z [command]/usr/bin/git config --local gc.auto 0
handle-success	Checkout code	2025-10-07T08:06:42.0146115Z ##[endgroup]
handle-success	Checkout code	2025-10-07T08:06:42.0148691Z ##[group]Setting up auth
handle-success	Checkout code	2025-10-07T08:06:42.0700509Z [command]/usr/bin/git config --local --name-only --get-regexp core\.sshCommand
handle-success	Checkout code	2025-10-07T08:06:42.1364296Z [command]/usr/bin/git submodule foreach --recursive sh -c "git config --local --name-only --get-regexp 'core\.sshCommand' && git config --local --unset-all 'core.sshCommand' || :"
handle-success	Checkout code	2025-10-07T08:06:42.5262731Z [command]/usr/bin/git config --local --name-only --get-regexp http\.https\:\/\/github\.com\/\.extraheader
handle-success	Checkout code	2025-10-07T08:06:42.6778304Z [command]/usr/bin/git submodule foreach --recursive sh -c "git config --local --name-only --get-regexp 'http\.https\:\/\/github\.com\/\.extraheader' && git config --local --unset-all 'http.https://github.com/.extraheader' || :"
handle-success	Checkout code	2025-10-07T08:06:43.3064240Z [command]/usr/bin/git config --local http.https://github.com/.extraheader AUTHORIZATION: basic ***
handle-success	Checkout code	2025-10-07T08:06:43.3759304Z ##[endgroup]
handle-success	Checkout code	2025-10-07T08:06:43.3866368Z ##[group]Fetching the repository
handle-success	Checkout code	2025-10-07T08:06:43.3994403Z [command]/usr/bin/git -c protocol.version=2 fetch --prune --no-recurse-submodules origin +refs/heads/*:refs/remotes/origin/* +refs/tags/*:refs/tags/*
handle-success	Checkout code	2025-10-07T08:10:41.5123508Z From https://github.com/Ka0s-Klaus/ka0s
handle-success	Checkout code	2025-10-07T08:10:41.5193056Z  * [new branch]        F1149-desarrollo-de-orchestrator -> origin/F1149-desarrollo-de-orchestrator
handle-success	Checkout code	2025-10-07T08:10:41.5225100Z  * [new branch]        F1183-personalización-módulo-finops -> origin/F1183-personalización-módulo-finops
handle-success	Checkout code	2025-10-07T08:10:41.5321064Z  * [new branch]        F1224-new-module-mongodb -> origin/F1224-new-module-mongodb
handle-success	Checkout code	2025-10-07T08:10:41.5322641Z  * [new branch]        F220-web-de-resultados  -> origin/F220-web-de-resultados
handle-success	Checkout code	2025-10-07T08:10:41.5324734Z  * [new branch]        F227-despliegue-de-kube-independiente-del-clouder -> origin/F227-despliegue-de-kube-independiente-del-clouder
handle-success	Checkout code	2025-10-07T08:10:41.5327116Z  * [new branch]        F329-documentacion-metodologia-de-kaos -> origin/F329-documentacion-metodologia-de-kaos
handle-success	Checkout code	2025-10-07T08:10:41.5544537Z  * [new branch]        F44-creación-módulo-versionado -> origin/F44-creación-módulo-versionado
handle-success	Checkout code	2025-10-07T08:10:41.5547266Z  * [new branch]        H1128-módulo-de-observabilidad -> origin/H1128-módulo-de-observabilidad
handle-success	Checkout code	2025-10-07T08:10:41.5549102Z  * [new branch]        H1139-como-instalar-arc-control -> origin/H1139-como-instalar-arc-control
handle-success	Checkout code	2025-10-07T08:10:41.5551045Z  * [new branch]        H1149-desarrollo-de-orchestrator -> origin/H1149-desarrollo-de-orchestrator
handle-success	Checkout code	2025-10-07T08:10:41.5552934Z  * [new branch]        H1150-desarrollo-de-secciones -> origin/H1150-desarrollo-de-secciones
handle-success	Checkout code	2025-10-07T08:10:41.5554726Z  * [new branch]        H1151-desarrollo-de-secciones-ii -> origin/H1151-desarrollo-de-secciones-ii
handle-success	Checkout code	2025-10-07T08:10:41.5556437Z  * [new branch]        H1152-desarrollo-inicio -> origin/H1152-desarrollo-inicio
handle-success	Checkout code	2025-10-07T08:10:41.5558906Z  * [new branch]        H1183-personalización-módulo-finops -> origin/H1183-personalización-módulo-finops
handle-success	Checkout code	2025-10-07T08:10:41.5857440Z  * [new branch]        H1193-ejemplo-web-documentacion -> origin/H1193-ejemplo-web-documentacion
handle-success	Checkout code	2025-10-07T08:10:41.5859071Z  * [new branch]        H1205-web-creation      -> origin/H1205-web-creation
handle-success	Checkout code	2025-10-07T08:10:41.5861263Z  * [new branch]        H1224-new-module-mongodb -> origin/H1224-new-module-mongodb
handle-success	Checkout code	2025-10-07T08:10:41.5863031Z  * [new branch]        H1410-modulo-execution  -> origin/H1410-modulo-execution
handle-success	Checkout code	2025-10-07T08:10:41.5865763Z  * [new branch]        H1514-new-swarm-deployment-stack-with-actions-runners-autoscale -> origin/H1514-new-swarm-deployment-stack-with-actions-runners-autoscale
handle-success	Checkout code	2025-10-07T08:10:41.5869006Z  * [new branch]        H1646-modulo-de-control-de-runners -> origin/H1646-modulo-de-control-de-runners
handle-success	Checkout code	2025-10-07T08:10:41.5871076Z  * [new branch]        H215-modulo-de-summary  -> origin/H215-modulo-de-summary
handle-success	Checkout code	2025-10-07T08:10:41.5872451Z  * [new branch]        H220-web-de-resultados  -> origin/H220-web-de-resultados
handle-success	Checkout code	2025-10-07T08:10:41.5874413Z  * [new branch]        H227-despliegue-de-kube-independiente-del-clouder -> origin/H227-despliegue-de-kube-independiente-del-clouder
handle-success	Checkout code	2025-10-07T08:10:41.5876521Z  * [new branch]        H306-ficheros-de-estadisticas -> origin/H306-ficheros-de-estadisticas
handle-success	Checkout code	2025-10-07T08:10:41.5878521Z  * [new branch]        H328-documentacion-modulo-principal-de-kaos -> origin/H328-documentacion-modulo-principal-de-kaos
handle-success	Checkout code	2025-10-07T08:10:41.6271494Z  * [new branch]        H329-documentacion-metodologia-de-kaos -> origin/H329-documentacion-metodologia-de-kaos
handle-success	Checkout code	2025-10-07T08:10:41.6274339Z  * [new branch]        H338-relanzador-de-jobs-en-caso-de-pattern -> origin/H338-relanzador-de-jobs-en-caso-de-pattern
handle-success	Checkout code	2025-10-07T08:10:41.6277162Z  * [new branch]        H38-documentacion-basica-del-proyecto -> origin/H38-documentacion-basica-del-proyecto
handle-success	Checkout code	2025-10-07T08:10:41.6280533Z  * [new branch]        H44-creación-módulo-versionado -> origin/H44-creación-módulo-versionado
handle-success	Checkout code	2025-10-07T08:10:41.6283009Z  * [new branch]        RN1149-desarrollo-de-orchestrator -> origin/RN1149-desarrollo-de-orchestrator
handle-success	Checkout code	2025-10-07T08:10:41.6285421Z  * [new branch]        RN1183-personalización-módulo-finops -> origin/RN1183-personalización-módulo-finops
handle-success	Checkout code	2025-10-07T08:10:41.6288605Z  * [new branch]        RN1282-ka0s-error-detected-in-ka0s-workflow-statistics-summary -> origin/RN1282-ka0s-error-detected-in-ka0s-workflow-statistics-summary
handle-success	Checkout code	2025-10-07T08:10:41.6291936Z  * [new branch]        RN220-web-de-resultados -> origin/RN220-web-de-resultados
handle-success	Checkout code	2025-10-07T08:10:41.6294119Z  * [new branch]        RN227-despliegue-de-kube-independiente-del-clouder -> origin/RN227-despliegue-de-kube-independiente-del-clouder
handle-success	Checkout code	2025-10-07T08:10:41.6686700Z  * [new branch]        RN329-documentacion-metodologia-de-kaos -> origin/RN329-documentacion-metodologia-de-kaos
handle-success	Checkout code	2025-10-07T08:10:41.6688377Z  * [new branch]        main                    -> origin/main
handle-success	Checkout code	2025-10-07T08:10:41.6689308Z  * [new tag]           0.0.0                   -> 0.0.0
handle-success	Checkout code	2025-10-07T08:10:41.6690425Z  * [new tag]           0.0.1                   -> 0.0.1
handle-success	Checkout code	2025-10-07T08:10:41.6691267Z  * [new tag]           0.0.10                  -> 0.0.10
handle-success	Checkout code	2025-10-07T08:10:41.6692148Z  * [new tag]           0.0.100                 -> 0.0.100
handle-success	Checkout code	2025-10-07T08:10:41.6693106Z  * [new tag]           0.0.101                 -> 0.0.101
handle-success	Checkout code	2025-10-07T08:10:41.6693961Z  * [new tag]           0.0.102                 -> 0.0.102
handle-success	Checkout code	2025-10-07T08:10:41.6694815Z  * [new tag]           0.0.103                 -> 0.0.103
handle-success	Checkout code	2025-10-07T08:10:41.6695665Z  * [new tag]           0.0.104                 -> 0.0.104
handle-success	Checkout code	2025-10-07T08:10:41.6696544Z  * [new tag]           0.0.105                 -> 0.0.105
handle-success	Checkout code	2025-10-07T08:10:41.6697398Z  * [new tag]           0.0.106                 -> 0.0.106
handle-success	Checkout code	2025-10-07T08:10:41.6698240Z  * [new tag]           0.0.107                 -> 0.0.107
handle-success	Checkout code	2025-10-07T08:10:41.6699083Z  * [new tag]           0.0.108                 -> 0.0.108
handle-success	Checkout code	2025-10-07T08:10:41.6700150Z  * [new tag]           0.0.109                 -> 0.0.109
handle-success	Checkout code	2025-10-07T08:10:41.6701006Z  * [new tag]           0.0.11                  -> 0.0.11
handle-success	Checkout code	2025-10-07T08:10:41.6702160Z  * [new tag]           0.0.110                 -> 0.0.110
handle-success	Checkout code	2025-10-07T08:10:41.6703031Z  * [new tag]           0.0.111                 -> 0.0.111
handle-success	Checkout code	2025-10-07T08:10:41.6703899Z  * [new tag]           0.0.112                 -> 0.0.112
handle-success	Checkout code	2025-10-07T08:10:41.6704774Z  * [new tag]           0.0.113                 -> 0.0.113
handle-success	Checkout code	2025-10-07T08:10:41.6705692Z  * [new tag]           0.0.114                 -> 0.0.114
handle-success	Checkout code	2025-10-07T08:10:41.7118713Z  * [new tag]           0.0.115                 -> 0.0.115
handle-success	Checkout code	2025-10-07T08:10:41.7120487Z  * [new tag]           0.0.116                 -> 0.0.116
handle-success	Checkout code	2025-10-07T08:10:41.7121291Z  * [new tag]           0.0.117                 -> 0.0.117
handle-success	Checkout code	2025-10-07T08:10:41.7122072Z  * [new tag]           0.0.118                 -> 0.0.118
handle-success	Checkout code	2025-10-07T08:10:41.7122866Z  * [new tag]           0.0.119                 -> 0.0.119
handle-success	Checkout code	2025-10-07T08:10:41.7123669Z  * [new tag]           0.0.12                  -> 0.0.12
handle-success	Checkout code	2025-10-07T08:10:41.7124407Z  * [new tag]           0.0.120                 -> 0.0.120
handle-success	Checkout code	2025-10-07T08:10:41.7125141Z  * [new tag]           0.0.121                 -> 0.0.121
handle-success	Checkout code	2025-10-07T08:10:41.7125898Z  * [new tag]           0.0.122                 -> 0.0.122
handle-success	Checkout code	2025-10-07T08:10:41.7126662Z  * [new tag]           0.0.123                 -> 0.0.123
handle-success	Checkout code	2025-10-07T08:10:41.7127432Z  * [new tag]           0.0.124                 -> 0.0.124
handle-success	Checkout code	2025-10-07T08:10:41.7128209Z  * [new tag]           0.0.125                 -> 0.0.125
handle-success	Checkout code	2025-10-07T08:10:41.7129474Z  * [new tag]           0.0.126                 -> 0.0.126
handle-success	Checkout code	2025-10-07T08:10:41.7130711Z  * [new tag]           0.0.127                 -> 0.0.127
handle-success	Checkout code	2025-10-07T08:10:41.7131614Z  * [new tag]           0.0.128                 -> 0.0.128
handle-success	Checkout code	2025-10-07T08:10:41.7132456Z  * [new tag]           0.0.129                 -> 0.0.129
handle-success	Checkout code	2025-10-07T08:10:41.7133342Z  * [new tag]           0.0.13                  -> 0.0.13
handle-success	Checkout code	2025-10-07T08:10:41.7134253Z  * [new tag]           0.0.130                 -> 0.0.130
handle-success	Checkout code	2025-10-07T08:10:41.7135094Z  * [new tag]           0.0.131                 -> 0.0.131
handle-success	Checkout code	2025-10-07T08:10:41.7135949Z  * [new tag]           0.0.132                 -> 0.0.132
handle-success	Checkout code	2025-10-07T08:10:41.7136811Z  * [new tag]           0.0.133                 -> 0.0.133
handle-success	Checkout code	2025-10-07T08:10:41.7137651Z  * [new tag]           0.0.134                 -> 0.0.134
handle-success	Checkout code	2025-10-07T08:10:41.7138510Z  * [new tag]           0.0.135                 -> 0.0.135
handle-success	Checkout code	2025-10-07T08:10:41.7139366Z  * [new tag]           0.0.136                 -> 0.0.136
handle-success	Checkout code	2025-10-07T08:10:41.8425352Z  * [new tag]           0.0.137                 -> 0.0.137
handle-success	Checkout code	2025-10-07T08:10:41.8426336Z  * [new tag]           0.0.138                 -> 0.0.138
handle-success	Checkout code	2025-10-07T08:10:41.8427183Z  * [new tag]           0.0.139                 -> 0.0.139
handle-success	Checkout code	2025-10-07T08:10:41.8429314Z  * [new tag]           0.0.14                  -> 0.0.14
handle-success	Checkout code	2025-10-07T08:10:41.8431008Z  * [new tag]           0.0.140                 -> 0.0.140
handle-success	Checkout code	2025-10-07T08:10:41.8432102Z  * [new tag]           0.0.141                 -> 0.0.141
handle-success	Checkout code	2025-10-07T08:10:41.8432954Z  * [new tag]           0.0.142                 -> 0.0.142
handle-success	Checkout code	2025-10-07T08:10:41.8470040Z  * [new tag]           0.0.143                 -> 0.0.143
handle-success	Checkout code	2025-10-07T08:10:41.8471107Z  * [new tag]           0.0.144                 -> 0.0.144
handle-success	Checkout code	2025-10-07T08:10:41.8471960Z  * [new tag]           0.0.145                 -> 0.0.145
handle-success	Checkout code	2025-10-07T08:10:41.8472833Z  * [new tag]           0.0.146                 -> 0.0.146
handle-success	Checkout code	2025-10-07T08:10:41.8473667Z  * [new tag]           0.0.147                 -> 0.0.147
handle-success	Checkout code	2025-10-07T08:10:41.8474546Z  * [new tag]           0.0.148                 -> 0.0.148
handle-success	Checkout code	2025-10-07T08:10:41.8475387Z  * [new tag]           0.0.149                 -> 0.0.149
handle-success	Checkout code	2025-10-07T08:10:41.8476233Z  * [new tag]           0.0.15                  -> 0.0.15
handle-success	Checkout code	2025-10-07T08:10:41.8477078Z  * [new tag]           0.0.150                 -> 0.0.150
handle-success	Checkout code	2025-10-07T08:10:41.8477919Z  * [new tag]           0.0.151                 -> 0.0.151
handle-success	Checkout code	2025-10-07T08:10:41.8478761Z  * [new tag]           0.0.152                 -> 0.0.152
handle-success	Checkout code	2025-10-07T08:10:41.8631404Z  * [new tag]           0.0.153                 -> 0.0.153
handle-success	Checkout code	2025-10-07T08:10:41.8632753Z  * [new tag]           0.0.154                 -> 0.0.154
handle-success	Checkout code	2025-10-07T08:10:41.8633783Z  * [new tag]           0.0.155                 -> 0.0.155
handle-success	Checkout code	2025-10-07T08:10:41.8634795Z  * [new tag]           0.0.156                 -> 0.0.156
handle-success	Checkout code	2025-10-07T08:10:41.8635785Z  * [new tag]           0.0.157                 -> 0.0.157
handle-success	Checkout code	2025-10-07T08:10:41.8636780Z  * [new tag]           0.0.158                 -> 0.0.158
handle-success	Checkout code	2025-10-07T08:10:41.8638456Z  * [new tag]           0.0.159                 -> 0.0.159
handle-success	Checkout code	2025-10-07T08:10:41.8639363Z  * [new tag]           0.0.16                  -> 0.0.16
handle-success	Checkout code	2025-10-07T08:10:41.8640375Z  * [new tag]           0.0.160                 -> 0.0.160
handle-success	Checkout code	2025-10-07T08:10:41.8641219Z  * [new tag]           0.0.161                 -> 0.0.161
handle-success	Checkout code	2025-10-07T08:10:41.8642074Z  * [new tag]           0.0.162                 -> 0.0.162
handle-success	Checkout code	2025-10-07T08:10:41.8642934Z  * [new tag]           0.0.163                 -> 0.0.163
handle-success	Checkout code	2025-10-07T08:10:41.8643790Z  * [new tag]           0.0.164                 -> 0.0.164
handle-success	Checkout code	2025-10-07T08:10:41.8644644Z  * [new tag]           0.0.165                 -> 0.0.165
handle-success	Checkout code	2025-10-07T08:10:41.8645503Z  * [new tag]           0.0.166                 -> 0.0.166
handle-success	Checkout code	2025-10-07T08:10:41.8646351Z  * [new tag]           0.0.167                 -> 0.0.167
handle-success	Checkout code	2025-10-07T08:10:41.8647216Z  * [new tag]           0.0.168                 -> 0.0.168
handle-success	Checkout code	2025-10-07T08:10:41.8648073Z  * [new tag]           0.0.169                 -> 0.0.169
handle-success	Checkout code	2025-10-07T08:10:41.8649260Z  * [new tag]           0.0.17                  -> 0.0.17
handle-success	Checkout code	2025-10-07T08:10:41.8650184Z  * [new tag]           0.0.170                 -> 0.0.170
handle-success	Checkout code	2025-10-07T08:10:41.8651035Z  * [new tag]           0.0.171                 -> 0.0.171
handle-success	Checkout code	2025-10-07T08:10:41.8651886Z  * [new tag]           0.0.172                 -> 0.0.172
handle-success	Checkout code	2025-10-07T08:10:41.8652721Z  * [new tag]           0.0.173                 -> 0.0.173
handle-success	Checkout code	2025-10-07T08:10:41.8653563Z  * [new tag]           0.0.174                 -> 0.0.174
handle-success	Checkout code	2025-10-07T08:10:41.8654552Z  * [new tag]           0.0.175                 -> 0.0.175
handle-success	Checkout code	2025-10-07T08:10:41.8655485Z  * [new tag]           0.0.176                 -> 0.0.176
handle-success	Checkout code	2025-10-07T08:10:41.8656400Z  * [new tag]           0.0.177                 -> 0.0.177
handle-success	Checkout code	2025-10-07T08:10:41.8657330Z  * [new tag]           0.0.178                 -> 0.0.178
handle-success	Checkout code	2025-10-07T08:10:41.8658247Z  * [new tag]           0.0.179                 -> 0.0.179
handle-success	Checkout code	2025-10-07T08:10:41.8659159Z  * [new tag]           0.0.18                  -> 0.0.18
handle-success	Checkout code	2025-10-07T08:10:41.9186199Z  * [new tag]           0.0.19                  -> 0.0.19
handle-success	Checkout code	2025-10-07T08:10:41.9187199Z  * [new tag]           0.0.2                   -> 0.0.2
handle-success	Checkout code	2025-10-07T08:10:41.9188091Z  * [new tag]           0.0.20                  -> 0.0.20
handle-success	Checkout code	2025-10-07T08:10:41.9188959Z  * [new tag]           0.0.21                  -> 0.0.21
handle-success	Checkout code	2025-10-07T08:10:41.9260302Z  * [new tag]           0.0.22                  -> 0.0.22
handle-success	Checkout code	2025-10-07T08:10:41.9261558Z  * [new tag]           0.0.23                  -> 0.0.23
handle-success	Checkout code	2025-10-07T08:10:41.9262431Z  * [new tag]           0.0.24                  -> 0.0.24
handle-success	Checkout code	2025-10-07T08:10:41.9263256Z  * [new tag]           0.0.25                  -> 0.0.25
handle-success	Checkout code	2025-10-07T08:10:41.9264224Z  * [new tag]           0.0.26                  -> 0.0.26
handle-success	Checkout code	2025-10-07T08:10:41.9265100Z  * [new tag]           0.0.27                  -> 0.0.27
handle-success	Checkout code	2025-10-07T08:10:41.9265977Z  * [new tag]           0.0.28                  -> 0.0.28
handle-success	Checkout code	2025-10-07T08:10:41.9266888Z  * [new tag]           0.0.29                  -> 0.0.29
handle-success	Checkout code	2025-10-07T08:10:41.9676265Z  * [new tag]           0.0.3                   -> 0.0.3
handle-success	Checkout code	2025-10-07T08:10:41.9677298Z  * [new tag]           0.0.30                  -> 0.0.30
handle-success	Checkout code	2025-10-07T08:10:41.9678237Z  * [new tag]           0.0.31                  -> 0.0.31
handle-success	Checkout code	2025-10-07T08:10:41.9679102Z  * [new tag]           0.0.32                  -> 0.0.32
handle-success	Checkout code	2025-10-07T08:10:41.9680127Z  * [new tag]           0.0.33                  -> 0.0.33
handle-success	Checkout code	2025-10-07T08:10:41.9680989Z  * [new tag]           0.0.34                  -> 0.0.34
handle-success	Checkout code	2025-10-07T08:10:41.9681875Z  * [new tag]           0.0.35                  -> 0.0.35
handle-success	Checkout code	2025-10-07T08:10:41.9682758Z  * [new tag]           0.0.36                  -> 0.0.36
handle-success	Checkout code	2025-10-07T08:10:41.9683615Z  * [new tag]           0.0.37                  -> 0.0.37
handle-success	Checkout code	2025-10-07T08:10:41.9684485Z  * [new tag]           0.0.38                  -> 0.0.38
handle-success	Checkout code	2025-10-07T08:10:41.9685360Z  * [new tag]           0.0.39                  -> 0.0.39
handle-success	Checkout code	2025-10-07T08:10:41.9686339Z  * [new tag]           0.0.4                   -> 0.0.4
handle-success	Checkout code	2025-10-07T08:10:41.9687648Z  * [new tag]           0.0.40                  -> 0.0.40
handle-success	Checkout code	2025-10-07T08:10:41.9688516Z  * [new tag]           0.0.41                  -> 0.0.41
handle-success	Checkout code	2025-10-07T08:10:41.9689391Z  * [new tag]           0.0.42                  -> 0.0.42
handle-success	Checkout code	2025-10-07T08:10:41.9690425Z  * [new tag]           0.0.43                  -> 0.0.43
handle-success	Checkout code	2025-10-07T08:10:41.9691348Z  * [new tag]           0.0.44                  -> 0.0.44
handle-success	Checkout code	2025-10-07T08:10:41.9692183Z  * [new tag]           0.0.45                  -> 0.0.45
handle-success	Checkout code	2025-10-07T08:10:41.9693004Z  * [new tag]           0.0.46                  -> 0.0.46
handle-success	Checkout code	2025-10-07T08:10:41.9693822Z  * [new tag]           0.0.47                  -> 0.0.47
handle-success	Checkout code	2025-10-07T08:10:41.9694647Z  * [new tag]           0.0.48                  -> 0.0.48
handle-success	Checkout code	2025-10-07T08:10:41.9695465Z  * [new tag]           0.0.49                  -> 0.0.49
handle-success	Checkout code	2025-10-07T08:10:41.9696282Z  * [new tag]           0.0.5                   -> 0.0.5
handle-success	Checkout code	2025-10-07T08:10:41.9697370Z  * [new tag]           0.0.50                  -> 0.0.50
handle-success	Checkout code	2025-10-07T08:10:41.9698202Z  * [new tag]           0.0.51                  -> 0.0.51
handle-success	Checkout code	2025-10-07T08:10:41.9699021Z  * [new tag]           0.0.52                  -> 0.0.52
handle-success	Checkout code	2025-10-07T08:10:41.9952487Z  * [new tag]           0.0.53                  -> 0.0.53
handle-success	Checkout code	2025-10-07T08:10:41.9954898Z  * [new tag]           0.0.54                  -> 0.0.54
handle-success	Checkout code	2025-10-07T08:10:41.9955671Z  * [new tag]           0.0.55                  -> 0.0.55
handle-success	Checkout code	2025-10-07T08:10:41.9956420Z  * [new tag]           0.0.56                  -> 0.0.56
handle-success	Checkout code	2025-10-07T08:10:41.9957212Z  * [new tag]           0.0.57                  -> 0.0.57
handle-success	Checkout code	2025-10-07T08:10:41.9957958Z  * [new tag]           0.0.58                  -> 0.0.58
handle-success	Checkout code	2025-10-07T08:10:41.9958714Z  * [new tag]           0.0.59                  -> 0.0.59
handle-success	Checkout code	2025-10-07T08:10:41.9959511Z  * [new tag]           0.0.6                   -> 0.0.6
handle-success	Checkout code	2025-10-07T08:10:41.9960529Z  * [new tag]           0.0.60                  -> 0.0.60
handle-success	Checkout code	2025-10-07T08:10:41.9961366Z  * [new tag]           0.0.61                  -> 0.0.61
handle-success	Checkout code	2025-10-07T08:10:41.9962222Z  * [new tag]           0.0.62                  -> 0.0.62
handle-success	Checkout code	2025-10-07T08:10:41.9963112Z  * [new tag]           0.0.63                  -> 0.0.63
handle-success	Checkout code	2025-10-07T08:10:41.9964032Z  * [new tag]           0.0.64                  -> 0.0.64
handle-success	Checkout code	2025-10-07T08:10:41.9964933Z  * [new tag]           0.0.65                  -> 0.0.65
handle-success	Checkout code	2025-10-07T08:10:41.9965725Z  * [new tag]           0.0.66                  -> 0.0.66
handle-success	Checkout code	2025-10-07T08:10:41.9966556Z  * [new tag]           0.0.67                  -> 0.0.67
handle-success	Checkout code	2025-10-07T08:10:41.9967319Z  * [new tag]           0.0.68                  -> 0.0.68
handle-success	Checkout code	2025-10-07T08:10:41.9968061Z  * [new tag]           0.0.69                  -> 0.0.69
handle-success	Checkout code	2025-10-07T08:10:41.9968835Z  * [new tag]           0.0.7                   -> 0.0.7
handle-success	Checkout code	2025-10-07T08:10:41.9969753Z  * [new tag]           0.0.70                  -> 0.0.70
handle-success	Checkout code	2025-10-07T08:10:41.9970532Z  * [new tag]           0.0.71                  -> 0.0.71
handle-success	Checkout code	2025-10-07T08:10:41.9971432Z  * [new tag]           0.0.72                  -> 0.0.72
handle-success	Checkout code	2025-10-07T08:10:41.9972184Z  * [new tag]           0.0.73                  -> 0.0.73
handle-success	Checkout code	2025-10-07T08:10:41.9972920Z  * [new tag]           0.0.74                  -> 0.0.74
handle-success	Checkout code	2025-10-07T08:10:41.9973677Z  * [new tag]           0.0.75                  -> 0.0.75
handle-success	Checkout code	2025-10-07T08:10:41.9974430Z  * [new tag]           0.0.76                  -> 0.0.76
handle-success	Checkout code	2025-10-07T08:10:41.9975198Z  * [new tag]           0.0.77                  -> 0.0.77
handle-success	Checkout code	2025-10-07T08:10:41.9976022Z  * [new tag]           0.0.78                  -> 0.0.78
handle-success	Checkout code	2025-10-07T08:10:41.9976856Z  * [new tag]           0.0.79                  -> 0.0.79
handle-success	Checkout code	2025-10-07T08:10:41.9977633Z  * [new tag]           0.0.8                   -> 0.0.8
handle-success	Checkout code	2025-10-07T08:10:41.9978437Z  * [new tag]           0.0.80                  -> 0.0.80
handle-success	Checkout code	2025-10-07T08:10:41.9979187Z  * [new tag]           0.0.81                  -> 0.0.81
handle-success	Checkout code	2025-10-07T08:10:42.0530603Z  * [new tag]           0.0.82                  -> 0.0.82
handle-success	Checkout code	2025-10-07T08:10:42.0771994Z  * [new tag]           0.0.83                  -> 0.0.83
handle-success	Checkout code	2025-10-07T08:10:42.0773034Z  * [new tag]           0.0.84                  -> 0.0.84
handle-success	Checkout code	2025-10-07T08:10:42.0773899Z  * [new tag]           0.0.85                  -> 0.0.85
handle-success	Checkout code	2025-10-07T08:10:42.0774782Z  * [new tag]           0.0.86                  -> 0.0.86
handle-success	Checkout code	2025-10-07T08:10:42.0775675Z  * [new tag]           0.0.87                  -> 0.0.87
handle-success	Checkout code	2025-10-07T08:10:42.0776547Z  * [new tag]           0.0.88                  -> 0.0.88
handle-success	Checkout code	2025-10-07T08:10:42.0777378Z  * [new tag]           0.0.89                  -> 0.0.89
handle-success	Checkout code	2025-10-07T08:10:42.0778254Z  * [new tag]           0.0.9                   -> 0.0.9
handle-success	Checkout code	2025-10-07T08:10:42.0779071Z  * [new tag]           0.0.90                  -> 0.0.90
handle-success	Checkout code	2025-10-07T08:10:42.0780103Z  * [new tag]           0.0.91                  -> 0.0.91
handle-success	Checkout code	2025-10-07T08:10:42.0780994Z  * [new tag]           0.0.92                  -> 0.0.92
handle-success	Checkout code	2025-10-07T08:10:42.0781861Z  * [new tag]           0.0.93                  -> 0.0.93
handle-success	Checkout code	2025-10-07T08:10:42.0783291Z  * [new tag]           0.0.94                  -> 0.0.94
handle-success	Checkout code	2025-10-07T08:10:42.0784258Z  * [new tag]           0.0.95                  -> 0.0.95
handle-success	Checkout code	2025-10-07T08:10:42.0785197Z  * [new tag]           0.0.96                  -> 0.0.96
handle-success	Checkout code	2025-10-07T08:10:42.0785930Z  * [new tag]           0.0.97                  -> 0.0.97
handle-success	Checkout code	2025-10-07T08:10:42.0786692Z  * [new tag]           0.0.98                  -> 0.0.98
handle-success	Checkout code	2025-10-07T08:10:42.0787529Z  * [new tag]           0.0.99                  -> 0.0.99
handle-success	Checkout code	2025-10-07T08:10:42.0788369Z  * [new tag]           0.1.0                   -> 0.1.0
handle-success	Checkout code	2025-10-07T08:10:42.0789170Z  * [new tag]           0.1.1                   -> 0.1.1
handle-success	Checkout code	2025-10-07T08:10:42.1202295Z  * [new tag]           0.2.0                   -> 0.2.0
handle-success	Checkout code	2025-10-07T08:10:42.1203214Z  * [new tag]           0.3.0                   -> 0.3.0
handle-success	Checkout code	2025-10-07T08:10:42.1204000Z  * [new tag]           0.3.1                   -> 0.3.1
handle-success	Checkout code	2025-10-07T08:10:42.1204935Z  * [new tag]           0.3.10                  -> 0.3.10
handle-success	Checkout code	2025-10-07T08:10:42.1205851Z  * [new tag]           0.3.11                  -> 0.3.11
handle-success	Checkout code	2025-10-07T08:10:42.1206701Z  * [new tag]           0.3.12                  -> 0.3.12
handle-success	Checkout code	2025-10-07T08:10:42.1207678Z  * [new tag]           0.3.13                  -> 0.3.13
handle-success	Checkout code	2025-10-07T08:10:42.1208598Z  * [new tag]           0.3.14                  -> 0.3.14
handle-success	Checkout code	2025-10-07T08:10:42.1209673Z  * [new tag]           0.3.15                  -> 0.3.15
handle-success	Checkout code	2025-10-07T08:10:42.1210555Z  * [new tag]           0.3.16                  -> 0.3.16
handle-success	Checkout code	2025-10-07T08:10:42.1211410Z  * [new tag]           0.3.17                  -> 0.3.17
handle-success	Checkout code	2025-10-07T08:10:42.1212269Z  * [new tag]           0.3.2                   -> 0.3.2
handle-success	Checkout code	2025-10-07T08:10:42.1213116Z  * [new tag]           0.3.3                   -> 0.3.3
handle-success	Checkout code	2025-10-07T08:10:42.1213959Z  * [new tag]           0.3.4                   -> 0.3.4
handle-success	Checkout code	2025-10-07T08:10:42.1214790Z  * [new tag]           0.3.5                   -> 0.3.5
handle-success	Checkout code	2025-10-07T08:10:42.1215629Z  * [new tag]           0.3.6                   -> 0.3.6
handle-success	Checkout code	2025-10-07T08:10:42.1216511Z  * [new tag]           0.3.7                   -> 0.3.7
handle-success	Checkout code	2025-10-07T08:10:42.1217342Z  * [new tag]           0.3.8                   -> 0.3.8
handle-success	Checkout code	2025-10-07T08:10:42.1218181Z  * [new tag]           0.3.9                   -> 0.3.9
handle-success	Checkout code	2025-10-07T08:10:42.1219023Z  * [new tag]           0.4.0                   -> 0.4.0
handle-success	Checkout code	2025-10-07T08:10:42.1220827Z  * [new tag]           0.4.1                   -> 0.4.1
handle-success	Checkout code	2025-10-07T08:10:42.1222330Z  * [new tag]           0.4.10                  -> 0.4.10
handle-success	Checkout code	2025-10-07T08:10:42.1223301Z  * [new tag]           0.4.2                   -> 0.4.2
handle-success	Checkout code	2025-10-07T08:10:42.1224222Z  * [new tag]           0.4.3                   -> 0.4.3
handle-success	Checkout code	2025-10-07T08:10:42.1225089Z  * [new tag]           0.4.4                   -> 0.4.4
handle-success	Checkout code	2025-10-07T08:10:42.1225996Z  * [new tag]           0.4.5                   -> 0.4.5
handle-success	Checkout code	2025-10-07T08:10:42.1226873Z  * [new tag]           0.4.6                   -> 0.4.6
handle-success	Checkout code	2025-10-07T08:10:42.1227796Z  * [new tag]           0.4.7                   -> 0.4.7
handle-success	Checkout code	2025-10-07T08:10:42.1229236Z  * [new tag]           0.4.8                   -> 0.4.8
handle-success	Checkout code	2025-10-07T08:10:42.1669374Z  * [new tag]           0.4.9                   -> 0.4.9
handle-success	Checkout code	2025-10-07T08:10:42.6137371Z [command]/usr/bin/git branch --list --remote origin/H1646-modulo-de-control-de-runners
handle-success	Checkout code	2025-10-07T08:10:42.8722235Z   origin/H1646-modulo-de-control-de-runners
handle-success	Checkout code	2025-10-07T08:10:42.9143882Z [command]/usr/bin/git rev-parse refs/remotes/origin/H1646-modulo-de-control-de-runners
handle-success	Checkout code	2025-10-07T08:10:43.0099133Z ebac8cbb3d11c7ac51e5d76e8079c21121a3afe9
handle-success	Checkout code	2025-10-07T08:10:43.0512432Z [command]/usr/bin/git -c protocol.version=2 fetch --no-tags --prune --no-recurse-submodules origin +5c58d8127b900e21574c32ea8c22511d44b80051:refs/remotes/origin/H1646-modulo-de-control-de-runners
handle-success	Checkout code	2025-10-07T08:10:43.6803301Z From https://github.com/Ka0s-Klaus/ka0s
handle-success	Checkout code	2025-10-07T08:10:43.6805789Z  + ebac8cbb...5c58d812 5c58d8127b900e21574c32ea8c22511d44b80051 -> origin/H1646-modulo-de-control-de-runners  (forced update)
handle-success	Checkout code	2025-10-07T08:10:43.7655827Z ##[endgroup]
handle-success	Checkout code	2025-10-07T08:10:43.7674002Z ##[group]Determining the checkout info
handle-success	Checkout code	2025-10-07T08:10:43.7680097Z ##[endgroup]
handle-success	Checkout code	2025-10-07T08:10:43.7689021Z [command]/usr/bin/git sparse-checkout disable
handle-success	Checkout code	2025-10-07T08:10:43.9613314Z [command]/usr/bin/git config --local --unset-all extensions.worktreeConfig
handle-success	Checkout code	2025-10-07T08:10:44.0720755Z ##[group]Checking out the ref
handle-success	Checkout code	2025-10-07T08:10:44.1088226Z [command]/usr/bin/git checkout --progress --force -B H1646-modulo-de-control-de-runners refs/remotes/origin/H1646-modulo-de-control-de-runners
handle-success	Checkout code	2025-10-07T08:10:45.5711305Z Updating files:  23% (193/839)
handle-success	Checkout code	2025-10-07T08:10:45.7063134Z Updating files:  24% (202/839)
handle-success	Checkout code	2025-10-07T08:10:45.7110775Z Updating files:  25% (210/839)
handle-success	Checkout code	2025-10-07T08:10:46.7240748Z Updating files:  26% (219/839)
handle-success	Checkout code	2025-10-07T08:10:46.7442685Z Updating files:  26% (223/839)
handle-success	Checkout code	2025-10-07T08:10:46.8194887Z Updating files:  27% (227/839)
handle-success	Checkout code	2025-10-07T08:10:46.8742332Z Updating files:  28% (235/839)
handle-success	Checkout code	2025-10-07T08:10:46.9092905Z Updating files:  29% (244/839)
handle-success	Checkout code	2025-10-07T08:10:46.9463738Z Updating files:  30% (252/839)
handle-success	Checkout code	2025-10-07T08:10:47.0212659Z Updating files:  31% (261/839)
handle-success	Checkout code	2025-10-07T08:10:47.1467030Z Updating files:  32% (269/839)
handle-success	Checkout code	2025-10-07T08:10:47.3121170Z Updating files:  33% (277/839)
handle-success	Checkout code	2025-10-07T08:10:47.5951272Z Updating files:  33% (281/839)
handle-success	Checkout code	2025-10-07T08:10:47.7293532Z Updating files:  34% (286/839)
handle-success	Checkout code	2025-10-07T08:10:47.8201821Z Updating files:  35% (294/839)
handle-success	Checkout code	2025-10-07T08:10:47.8676908Z Updating files:  36% (303/839)
handle-success	Checkout code	2025-10-07T08:10:47.8732213Z Updating files:  37% (311/839)
handle-success	Checkout code	2025-10-07T08:10:47.8733272Z Updating files:  38% (319/839)
handle-success	Checkout code	2025-10-07T08:10:47.8921905Z Updating files:  39% (328/839)
handle-success	Checkout code	2025-10-07T08:10:47.9424399Z Updating files:  40% (336/839)
handle-success	Checkout code	2025-10-07T08:10:47.9687379Z Updating files:  41% (344/839)
handle-success	Checkout code	2025-10-07T08:10:47.9688117Z Updating files:  42% (353/839)
handle-success	Checkout code	2025-10-07T08:10:47.9688726Z Updating files:  43% (361/839)
handle-success	Checkout code	2025-10-07T08:10:48.2090438Z Updating files:  44% (370/839)
handle-success	Checkout code	2025-10-07T08:10:48.8181978Z Updating files:  45% (378/839)
handle-success	Checkout code	2025-10-07T08:10:48.8186104Z Updating files:  45% (382/839)
handle-success	Checkout code	2025-10-07T08:10:48.8543200Z Updating files:  46% (386/839)
handle-success	Checkout code	2025-10-07T08:10:48.8544524Z Updating files:  47% (395/839)
handle-success	Checkout code	2025-10-07T08:10:48.8545506Z Updating files:  48% (403/839)
handle-success	Checkout code	2025-10-07T08:10:48.8546371Z Updating files:  49% (412/839)
handle-success	Checkout code	2025-10-07T08:10:48.8929902Z Updating files:  50% (420/839)
handle-success	Checkout code	2025-10-07T08:10:48.9021723Z Updating files:  51% (428/839)
handle-success	Checkout code	2025-10-07T08:10:48.9270657Z Updating files:  52% (437/839)
handle-success	Checkout code	2025-10-07T08:10:48.9320723Z Updating files:  53% (445/839)
handle-success	Checkout code	2025-10-07T08:10:48.9703334Z Updating files:  54% (454/839)
handle-success	Checkout code	2025-10-07T08:10:48.9801174Z Updating files:  55% (462/839)
handle-success	Checkout code	2025-10-07T08:10:48.9803283Z Updating files:  56% (470/839)
handle-success	Checkout code	2025-10-07T08:10:49.0147847Z Updating files:  57% (479/839)
handle-success	Checkout code	2025-10-07T08:10:49.3382641Z Updating files:  58% (487/839)
handle-success	Checkout code	2025-10-07T08:10:49.3893996Z Updating files:  58% (494/839)
handle-success	Checkout code	2025-10-07T08:10:49.6370889Z Updating files:  59% (496/839)
handle-success	Checkout code	2025-10-07T08:10:49.8788682Z Updating files:  60% (504/839)
handle-success	Checkout code	2025-10-07T08:10:50.2511613Z Updating files:  61% (512/839)
handle-success	Checkout code	2025-10-07T08:10:50.4383797Z Updating files:  61% (517/839)
handle-success	Checkout code	2025-10-07T08:10:50.6336616Z Updating files:  62% (521/839)
handle-success	Checkout code	2025-10-07T08:10:50.8637478Z Updating files:  63% (529/839)
handle-success	Checkout code	2025-10-07T08:10:51.2665894Z Updating files:  64% (537/839)
handle-success	Checkout code	2025-10-07T08:10:51.8862981Z Updating files:  65% (546/839)
handle-success	Checkout code	2025-10-07T08:10:52.2562594Z Updating files:  66% (554/839)
handle-success	Checkout code	2025-10-07T08:10:52.4271783Z Updating files:  66% (560/839)
handle-success	Checkout code	2025-10-07T08:10:52.9613230Z Updating files:  67% (563/839)
handle-success	Checkout code	2025-10-07T08:10:53.2781741Z Updating files:  68% (571/839)
handle-success	Checkout code	2025-10-07T08:10:53.6213393Z Updating files:  68% (575/839)
handle-success	Checkout code	2025-10-07T08:10:54.2538409Z Updating files:  69% (579/839)
handle-success	Checkout code	2025-10-07T08:10:54.4198256Z Updating files:  69% (586/839)
handle-success	Checkout code	2025-10-07T08:10:55.3050822Z Updating files:  70% (588/839)
handle-success	Checkout code	2025-10-07T08:10:55.3528650Z Updating files:  70% (595/839)
handle-success	Checkout code	2025-10-07T08:10:55.7628295Z Updating files:  71% (596/839)
handle-success	Checkout code	2025-10-07T08:10:55.7697159Z Updating files:  72% (605/839)
handle-success	Checkout code	2025-10-07T08:10:55.7990810Z Updating files:  73% (613/839)
handle-success	Checkout code	2025-10-07T08:10:55.8047402Z Updating files:  74% (621/839)
handle-success	Checkout code	2025-10-07T08:10:55.8048428Z Updating files:  75% (630/839)
handle-success	Checkout code	2025-10-07T08:10:55.8130826Z Updating files:  76% (638/839)
handle-success	Checkout code	2025-10-07T08:10:55.8235388Z Updating files:  77% (647/839)
handle-success	Checkout code	2025-10-07T08:10:55.8890866Z Updating files:  78% (655/839)
handle-success	Checkout code	2025-10-07T08:10:55.9112856Z Updating files:  79% (663/839)
handle-success	Checkout code	2025-10-07T08:10:55.9290986Z Updating files:  80% (672/839)
handle-success	Checkout code	2025-10-07T08:10:55.9527133Z Updating files:  81% (680/839)
handle-success	Checkout code	2025-10-07T08:10:55.9844142Z Updating files:  82% (688/839)
handle-success	Checkout code	2025-10-07T08:10:55.9861255Z Updating files:  83% (697/839)
handle-success	Checkout code	2025-10-07T08:10:56.0226547Z Updating files:  84% (705/839)
handle-success	Checkout code	2025-10-07T08:10:56.2284400Z Updating files:  85% (714/839)
handle-success	Checkout code	2025-10-07T08:10:56.2298460Z Updating files:  86% (722/839)
handle-success	Checkout code	2025-10-07T08:10:56.2302012Z Updating files:  87% (730/839)
handle-success	Checkout code	2025-10-07T08:10:56.2309738Z Updating files:  88% (739/839)
handle-success	Checkout code	2025-10-07T08:10:56.2910837Z Updating files:  89% (747/839)
handle-success	Checkout code	2025-10-07T08:10:56.3461685Z Updating files:  89% (754/839)
handle-success	Checkout code	2025-10-07T08:10:56.3470653Z Updating files:  90% (756/839)
handle-success	Checkout code	2025-10-07T08:10:56.3613919Z Updating files:  91% (764/839)
handle-success	Checkout code	2025-10-07T08:10:56.3670868Z Updating files:  92% (772/839)
handle-success	Checkout code	2025-10-07T08:10:56.3932930Z Updating files:  93% (781/839)
handle-success	Checkout code	2025-10-07T08:10:56.3933836Z Updating files:  94% (789/839)
handle-success	Checkout code	2025-10-07T08:10:56.3934510Z Updating files:  95% (798/839)
handle-success	Checkout code	2025-10-07T08:10:56.4030804Z Updating files:  96% (806/839)
handle-success	Checkout code	2025-10-07T08:10:56.4181415Z Updating files:  97% (814/839)
handle-success	Checkout code	2025-10-07T08:10:56.4472900Z Updating files:  98% (823/839)
handle-success	Checkout code	2025-10-07T08:10:56.4541843Z Updating files:  99% (831/839)
handle-success	Checkout code	2025-10-07T08:10:56.4604468Z Updating files: 100% (839/839)
handle-success	Checkout code	2025-10-07T08:10:56.4609273Z Updating files: 100% (839/839), done.
handle-success	Checkout code	2025-10-07T08:10:56.5647950Z Switched to a new branch 'H1646-modulo-de-control-de-runners'
handle-success	Checkout code	2025-10-07T08:10:56.6282443Z branch 'H1646-modulo-de-control-de-runners' set up to track 'origin/H1646-modulo-de-control-de-runners'.
handle-success	Checkout code	2025-10-07T08:10:56.7832834Z ##[endgroup]
handle-success	Checkout code	2025-10-07T08:10:56.8552480Z [command]/usr/bin/git log -1 --format=%H
handle-success	Checkout code	2025-10-07T08:10:56.9175729Z 5c58d8127b900e21574c32ea8c22511d44b80051
handle-success	handle-success-execution	﻿2025-10-07T08:10:57.6271390Z ##[group]Run # Si todo ha ido correcto añadimos el contenido del fichero 
handle-success	handle-success-execution	2025-10-07T08:10:57.6272782Z [36;1m# Si todo ha ido correcto añadimos el contenido del fichero [0m
handle-success	handle-success-execution	2025-10-07T08:10:57.6274190Z [36;1mRNNUMBER=$(echo "refs/heads/H1646-modulo-de-control-de-runners" | grep -o '[0-9]*')[0m
handle-success	handle-success-execution	2025-10-07T08:10:57.6276275Z [36;1mgh issue comment $RNNUMBER --body "El proceso ha finalizado correctamente 18306119887. El resultado está en el fichero 18306119887.log"[0m
handle-success	handle-success-execution	2025-10-07T08:10:57.6665031Z shell: /usr/bin/bash -e {0}
handle-success	handle-success-execution	2025-10-07T08:10:57.6666376Z env:
handle-success	handle-success-execution	2025-10-07T08:10:57.6667532Z   KAOS_MODULE: [Ka0S] JSONLINT
handle-success	handle-success-execution	2025-10-07T08:10:57.6668876Z   GH_TOKEN: ***
handle-success	handle-success-execution	2025-10-07T08:10:57.6669370Z   KAOS_JSONLINT_CONFIG: core/config/.jsonlint.json
handle-success	handle-success-execution	2025-10-07T08:10:57.6951018Z   KAOS_PATH_RESUME: audit/jsonlint/
handle-success	handle-success-execution	2025-10-07T08:10:57.6951828Z   KAOS_REPO: /actions-runner/_work/kaos/kaos
handle-success	handle-success-execution	2025-10-07T08:10:57.6953158Z   KAOS_STEP_MODULE: 
handle-success	handle-success-execution	2025-10-07T08:10:57.6953684Z   KAOS_CODE: 18306119887
handle-success	handle-success-execution	2025-10-07T08:10:57.6954221Z   KAOS_REF_BRANCH: main
handle-success	handle-success-execution	2025-10-07T08:10:57.6954814Z ##[endgroup]
handle-success	handle-success-execution	2025-10-07T08:11:00.0808267Z https://github.com/Ka0s-Klaus/ka0s/issues/1646#issuecomment-3375695055
handle-success	Post Checkout code	﻿2025-10-07T08:11:00.4804225Z Post job cleanup.
handle-success	Post Checkout code	2025-10-07T08:11:04.6824159Z [command]/usr/bin/git version
handle-success	Post Checkout code	2025-10-07T08:11:04.7391991Z git version 2.51.0
handle-success	Post Checkout code	2025-10-07T08:11:04.8243962Z Temporarily overriding HOME='/home/runner/_work/_temp/efed37f7-a1b1-4837-b327-9669eaaf65a9' before making global git config changes
handle-success	Post Checkout code	2025-10-07T08:11:04.8275561Z Adding repository directory to the temporary git global config as a safe directory
handle-success	Post Checkout code	2025-10-07T08:11:04.8380029Z [command]/usr/bin/git config --global --add safe.directory /home/runner/_work/ka0s/ka0s
handle-success	Post Checkout code	2025-10-07T08:11:04.9379050Z [command]/usr/bin/git config --local --name-only --get-regexp core\.sshCommand
handle-success	Post Checkout code	2025-10-07T08:11:05.0032079Z [command]/usr/bin/git submodule foreach --recursive sh -c "git config --local --name-only --get-regexp 'core\.sshCommand' && git config --local --unset-all 'core.sshCommand' || :"
handle-success	Post Checkout code	2025-10-07T08:11:05.7326249Z [command]/usr/bin/git config --local --name-only --get-regexp http\.https\:\/\/github\.com\/\.extraheader
handle-success	Post Checkout code	2025-10-07T08:11:05.8341351Z http.https://github.com/.extraheader
handle-success	Post Checkout code	2025-10-07T08:11:05.8957975Z [command]/usr/bin/git config --local --unset-all http.https://github.com/.extraheader
handle-success	Post Checkout code	2025-10-07T08:11:05.9838606Z [command]/usr/bin/git submodule foreach --recursive sh -c "git config --local --name-only --get-regexp 'http\.https\:\/\/github\.com\/\.extraheader' && git config --local --unset-all 'http.https://github.com/.extraheader' || :"
handle-success	Complete job	﻿2025-10-07T08:11:06.9974988Z Cleaning up orphan processes
end-workflow	Set up job	﻿2025-10-07T08:11:12.7171129Z Current runner version: '2.328.0'
end-workflow	Set up job	2025-10-07T08:11:12.7180471Z Runner name: 'be30fae82f60'
end-workflow	Set up job	2025-10-07T08:11:12.7181494Z Runner group name: 'swarm-runners'
end-workflow	Set up job	2025-10-07T08:11:12.7182637Z Machine name: 'be30fae82f60'
end-workflow	Set up job	2025-10-07T08:11:12.7186075Z ##[group]GITHUB_TOKEN Permissions
end-workflow	Set up job	2025-10-07T08:11:12.7189123Z Actions: write
end-workflow	Set up job	2025-10-07T08:11:12.7189730Z Contents: write
end-workflow	Set up job	2025-10-07T08:11:12.7190425Z Issues: write
end-workflow	Set up job	2025-10-07T08:11:12.7190943Z Metadata: read
end-workflow	Set up job	2025-10-07T08:11:12.7191493Z PullRequests: write
end-workflow	Set up job	2025-10-07T08:11:12.7192166Z ##[endgroup]
end-workflow	Set up job	2025-10-07T08:11:12.7194401Z Secret source: Actions
end-workflow	Set up job	2025-10-07T08:11:12.7195146Z Prepare workflow directory
end-workflow	Set up job	2025-10-07T08:11:12.7875219Z Prepare all required actions
end-workflow	Set up job	2025-10-07T08:11:12.7926576Z Getting action download info
end-workflow	Set up job	2025-10-07T08:11:13.4178504Z Download action repository 'actions/checkout@v4' (SHA:08eba0b27e820071cde6df949e0beb9ba4906955)
end-workflow	Set up job	2025-10-07T08:11:14.4619995Z Complete job name: end-workflow
end-workflow	Checkout code	﻿2025-10-07T08:11:14.5431496Z ##[group]Run actions/checkout@v4
end-workflow	Checkout code	2025-10-07T08:11:14.5433134Z with:
end-workflow	Checkout code	2025-10-07T08:11:14.5433920Z   fetch-depth: 0
end-workflow	Checkout code	2025-10-07T08:11:14.5435355Z   token: ***
end-workflow	Checkout code	2025-10-07T08:11:14.5436209Z   repository: Ka0s-Klaus/ka0s
end-workflow	Checkout code	2025-10-07T08:11:14.5437203Z   ssh-strict: true
end-workflow	Checkout code	2025-10-07T08:11:14.5438398Z   ssh-user: git
end-workflow	Checkout code	2025-10-07T08:11:14.5439246Z   persist-credentials: true
end-workflow	Checkout code	2025-10-07T08:11:14.5440191Z   clean: true
end-workflow	Checkout code	2025-10-07T08:11:14.5441073Z   sparse-checkout-cone-mode: true
end-workflow	Checkout code	2025-10-07T08:11:14.5442104Z   fetch-tags: false
end-workflow	Checkout code	2025-10-07T08:11:14.5442970Z   show-progress: true
end-workflow	Checkout code	2025-10-07T08:11:14.5443839Z   lfs: false
end-workflow	Checkout code	2025-10-07T08:11:14.5444655Z   submodules: false
end-workflow	Checkout code	2025-10-07T08:11:14.5445544Z   set-safe-directory: true
end-workflow	Checkout code	2025-10-07T08:11:14.5446787Z env:
end-workflow	Checkout code	2025-10-07T08:11:14.5447888Z   KAOS_MODULE: [Ka0S] JSONLINT
end-workflow	Checkout code	2025-10-07T08:11:14.5449276Z   GH_TOKEN: ***
end-workflow	Checkout code	2025-10-07T08:11:14.5450282Z   KAOS_JSONLINT_CONFIG: core/config/.jsonlint.json
end-workflow	Checkout code	2025-10-07T08:11:14.5451576Z   KAOS_PATH_RESUME: audit/jsonlint/
end-workflow	Checkout code	2025-10-07T08:11:14.5452830Z   KAOS_REPO: /actions-runner/_work/kaos/kaos
end-workflow	Checkout code	2025-10-07T08:11:14.5454017Z   KAOS_STEP_MODULE: 
end-workflow	Checkout code	2025-10-07T08:11:14.5454915Z   KAOS_CODE: 18306119887
end-workflow	Checkout code	2025-10-07T08:11:14.5455878Z   KAOS_REF_BRANCH: main
end-workflow	Checkout code	2025-10-07T08:11:14.5456804Z ##[endgroup]
end-workflow	Checkout code	2025-10-07T08:11:14.6833662Z Syncing repository: Ka0s-Klaus/ka0s
end-workflow	Checkout code	2025-10-07T08:11:14.6836807Z ##[group]Getting Git version info
end-workflow	Checkout code	2025-10-07T08:11:14.6838739Z Working directory is '/home/runner/_work/ka0s/ka0s'
end-workflow	Checkout code	2025-10-07T08:11:14.6840957Z [command]/usr/bin/git version
end-workflow	Checkout code	2025-10-07T08:11:14.6842096Z git version 2.51.0
end-workflow	Checkout code	2025-10-07T08:11:14.6845840Z ##[endgroup]
end-workflow	Checkout code	2025-10-07T08:11:14.6854042Z Copying '/home/runner/.gitconfig' to '/home/runner/_work/_temp/7626eabd-7c64-4df7-bff2-fd63599ae2ca/.gitconfig'
end-workflow	Checkout code	2025-10-07T08:11:14.6878740Z Temporarily overriding HOME='/home/runner/_work/_temp/7626eabd-7c64-4df7-bff2-fd63599ae2ca' before making global git config changes
end-workflow	Checkout code	2025-10-07T08:11:14.6882086Z Adding repository directory to the temporary git global config as a safe directory
end-workflow	Checkout code	2025-10-07T08:11:14.6891972Z [command]/usr/bin/git config --global --add safe.directory /home/runner/_work/ka0s/ka0s
end-workflow	Checkout code	2025-10-07T08:11:14.6942292Z [command]/usr/bin/git config --local --get remote.origin.url
end-workflow	Checkout code	2025-10-07T08:11:14.6976574Z https://github.com/Ka0s-Klaus/ka0s
end-workflow	Checkout code	2025-10-07T08:11:14.6999683Z ##[group]Removing previously created refs, to avoid conflicts
end-workflow	Checkout code	2025-10-07T08:11:14.7009996Z [command]/usr/bin/git rev-parse --symbolic-full-name --verify --quiet HEAD
end-workflow	Checkout code	2025-10-07T08:11:14.7035307Z refs/heads/H1646-modulo-de-control-de-runners
end-workflow	Checkout code	2025-10-07T08:11:14.7045187Z [command]/usr/bin/git checkout --detach
end-workflow	Checkout code	2025-10-07T08:11:14.7151637Z HEAD is now at 5c58d812 [Ka0S] Uploading resume execution files to the repository...
end-workflow	Checkout code	2025-10-07T08:11:14.7189592Z [command]/usr/bin/git branch --delete --force H1646-modulo-de-control-de-runners
end-workflow	Checkout code	2025-10-07T08:11:14.7223629Z Deleted branch H1646-modulo-de-control-de-runners (was 5c58d812).
end-workflow	Checkout code	2025-10-07T08:11:14.7322086Z ##[endgroup]
end-workflow	Checkout code	2025-10-07T08:11:14.7325635Z [command]/usr/bin/git submodule status
end-workflow	Checkout code	2025-10-07T08:11:14.7810989Z ##[group]Cleaning the repository
end-workflow	Checkout code	2025-10-07T08:11:14.7820367Z [command]/usr/bin/git clean -ffdx
end-workflow	Checkout code	2025-10-07T08:11:14.7938462Z [command]/usr/bin/git reset --hard HEAD
end-workflow	Checkout code	2025-10-07T08:11:14.8071006Z HEAD is now at 5c58d812 [Ka0S] Uploading resume execution files to the repository...
end-workflow	Checkout code	2025-10-07T08:11:14.8079815Z ##[endgroup]
end-workflow	Checkout code	2025-10-07T08:11:14.8081379Z ##[group]Disabling automatic garbage collection
end-workflow	Checkout code	2025-10-07T08:11:14.8082733Z [command]/usr/bin/git config --local gc.auto 0
end-workflow	Checkout code	2025-10-07T08:11:14.8103492Z ##[endgroup]
end-workflow	Checkout code	2025-10-07T08:11:14.8121218Z ##[group]Setting up auth
end-workflow	Checkout code	2025-10-07T08:11:14.8124267Z [command]/usr/bin/git config --local --name-only --get-regexp core\.sshCommand
end-workflow	Checkout code	2025-10-07T08:11:14.8190474Z [command]/usr/bin/git submodule foreach --recursive sh -c "git config --local --name-only --get-regexp 'core\.sshCommand' && git config --local --unset-all 'core.sshCommand' || :"
end-workflow	Checkout code	2025-10-07T08:11:14.8473135Z [command]/usr/bin/git config --local --name-only --get-regexp http\.https\:\/\/github\.com\/\.extraheader
end-workflow	Checkout code	2025-10-07T08:11:14.8546899Z [command]/usr/bin/git submodule foreach --recursive sh -c "git config --local --name-only --get-regexp 'http\.https\:\/\/github\.com\/\.extraheader' && git config --local --unset-all 'http.https://github.com/.extraheader' || :"
end-workflow	Checkout code	2025-10-07T08:11:14.9594565Z [command]/usr/bin/git config --local http.https://github.com/.extraheader AUTHORIZATION: basic ***
end-workflow	Checkout code	2025-10-07T08:11:14.9676738Z ##[endgroup]
end-workflow	Checkout code	2025-10-07T08:11:14.9679402Z ##[group]Fetching the repository
end-workflow	Checkout code	2025-10-07T08:11:14.9686850Z [command]/usr/bin/git -c protocol.version=2 fetch --prune --no-recurse-submodules origin +refs/heads/*:refs/remotes/origin/* +refs/tags/*:refs/tags/*
end-workflow	Checkout code	2025-10-07T08:11:15.4938704Z From https://github.com/Ka0s-Klaus/ka0s
end-workflow	Checkout code	2025-10-07T08:11:15.4943820Z    5c58d812..4762e482  H1646-modulo-de-control-de-runners -> origin/H1646-modulo-de-control-de-runners
end-workflow	Checkout code	2025-10-07T08:11:15.5062307Z [command]/usr/bin/git branch --list --remote origin/H1646-modulo-de-control-de-runners
end-workflow	Checkout code	2025-10-07T08:11:15.5126337Z   origin/H1646-modulo-de-control-de-runners
end-workflow	Checkout code	2025-10-07T08:11:15.5135520Z [command]/usr/bin/git rev-parse refs/remotes/origin/H1646-modulo-de-control-de-runners
end-workflow	Checkout code	2025-10-07T08:11:15.5164065Z 4762e4821ca38866e1d47864ce92173f9d3176ef
end-workflow	Checkout code	2025-10-07T08:11:15.5180331Z [command]/usr/bin/git -c protocol.version=2 fetch --no-tags --prune --no-recurse-submodules origin +5c58d8127b900e21574c32ea8c22511d44b80051:refs/remotes/origin/H1646-modulo-de-control-de-runners
end-workflow	Checkout code	2025-10-07T08:11:15.5366367Z From https://github.com/Ka0s-Klaus/ka0s
end-workflow	Checkout code	2025-10-07T08:11:15.5373553Z  + 4762e482...5c58d812 5c58d8127b900e21574c32ea8c22511d44b80051 -> origin/H1646-modulo-de-control-de-runners  (forced update)
end-workflow	Checkout code	2025-10-07T08:11:15.5404649Z ##[endgroup]
end-workflow	Checkout code	2025-10-07T08:11:15.5410789Z ##[group]Determining the checkout info
end-workflow	Checkout code	2025-10-07T08:11:15.5415219Z ##[endgroup]
end-workflow	Checkout code	2025-10-07T08:11:15.5427636Z [command]/usr/bin/git sparse-checkout disable
end-workflow	Checkout code	2025-10-07T08:11:15.5531409Z [command]/usr/bin/git config --local --unset-all extensions.worktreeConfig
end-workflow	Checkout code	2025-10-07T08:11:15.5587253Z ##[group]Checking out the ref
end-workflow	Checkout code	2025-10-07T08:11:15.5597925Z [command]/usr/bin/git checkout --progress --force -B H1646-modulo-de-control-de-runners refs/remotes/origin/H1646-modulo-de-control-de-runners
end-workflow	Checkout code	2025-10-07T08:11:15.5728963Z Switched to a new branch 'H1646-modulo-de-control-de-runners'
end-workflow	Checkout code	2025-10-07T08:11:15.5739728Z branch 'H1646-modulo-de-control-de-runners' set up to track 'origin/H1646-modulo-de-control-de-runners'.
end-workflow	Checkout code	2025-10-07T08:11:15.5790436Z ##[endgroup]
end-workflow	Checkout code	2025-10-07T08:11:15.5853663Z [command]/usr/bin/git log -1 --format=%H
end-workflow	Checkout code	2025-10-07T08:11:15.5894451Z 5c58d8127b900e21574c32ea8c22511d44b80051
end-workflow	Finaliza el workflow	﻿2025-10-07T08:11:15.6255338Z ##[group]Run echo "End process"
end-workflow	Finaliza el workflow	2025-10-07T08:11:15.6256536Z [36;1mecho "End process"[0m
end-workflow	Finaliza el workflow	2025-10-07T08:11:15.6258295Z [36;1mRNNUMBER=$(echo "refs/heads/H1646-modulo-de-control-de-runners" | grep -o '[0-9]*')[0m
end-workflow	Finaliza el workflow	2025-10-07T08:11:15.6260299Z [36;1mgh issue comment $RNNUMBER --body "Se finaliza Ka0s 18306119887"[0m
end-workflow	Finaliza el workflow	2025-10-07T08:11:15.6262543Z [36;1mgh workflow run inspector.yml --ref 'main' -f kaos-issue-id=$RNNUMBER -f kaos-workflow-id="18306119887" -f kaos-user-start=""[0m
end-workflow	Finaliza el workflow	2025-10-07T08:11:15.6284428Z shell: /usr/bin/bash -e {0}
end-workflow	Finaliza el workflow	2025-10-07T08:11:15.6285596Z env:
end-workflow	Finaliza el workflow	2025-10-07T08:11:15.6286393Z   KAOS_MODULE: [Ka0S] JSONLINT
end-workflow	Finaliza el workflow	2025-10-07T08:11:15.6287967Z   GH_TOKEN: ***
end-workflow	Finaliza el workflow	2025-10-07T08:11:15.6288957Z   KAOS_JSONLINT_CONFIG: core/config/.jsonlint.json
end-workflow	Finaliza el workflow	2025-10-07T08:11:15.6290374Z   KAOS_PATH_RESUME: audit/jsonlint/
end-workflow	Finaliza el workflow	2025-10-07T08:11:15.6291400Z   KAOS_REPO: /actions-runner/_work/kaos/kaos
end-workflow	Finaliza el workflow	2025-10-07T08:11:15.6292592Z   KAOS_STEP_MODULE: 
end-workflow	Finaliza el workflow	2025-10-07T08:11:15.6293427Z   KAOS_CODE: 18306119887
end-workflow	Finaliza el workflow	2025-10-07T08:11:15.6294387Z   KAOS_REF_BRANCH: main
end-workflow	Finaliza el workflow	2025-10-07T08:11:15.6295215Z ##[endgroup]
end-workflow	Finaliza el workflow	2025-10-07T08:11:15.6367695Z End process
end-workflow	Finaliza el workflow	2025-10-07T08:11:16.6988740Z https://github.com/Ka0s-Klaus/ka0s/issues/1646#issuecomment-3375695946
end-workflow	Post Checkout code	﻿2025-10-07T08:11:17.5953216Z Post job cleanup.
end-workflow	Post Checkout code	2025-10-07T08:11:17.7173099Z [command]/usr/bin/git version
end-workflow	Post Checkout code	2025-10-07T08:11:17.7219303Z git version 2.51.0
end-workflow	Post Checkout code	2025-10-07T08:11:17.7262546Z Copying '/home/runner/.gitconfig' to '/home/runner/_work/_temp/ce3af6f6-a0e7-46cd-8ad7-754fc62cf9ec/.gitconfig'
end-workflow	Post Checkout code	2025-10-07T08:11:17.7290179Z Temporarily overriding HOME='/home/runner/_work/_temp/ce3af6f6-a0e7-46cd-8ad7-754fc62cf9ec' before making global git config changes
end-workflow	Post Checkout code	2025-10-07T08:11:17.7291552Z Adding repository directory to the temporary git global config as a safe directory
end-workflow	Post Checkout code	2025-10-07T08:11:17.7292238Z [command]/usr/bin/git config --global --add safe.directory /home/runner/_work/ka0s/ka0s
end-workflow	Post Checkout code	2025-10-07T08:11:17.7337146Z [command]/usr/bin/git config --local --name-only --get-regexp core\.sshCommand
end-workflow	Post Checkout code	2025-10-07T08:11:17.7396505Z [command]/usr/bin/git submodule foreach --recursive sh -c "git config --local --name-only --get-regexp 'core\.sshCommand' && git config --local --unset-all 'core.sshCommand' || :"
end-workflow	Post Checkout code	2025-10-07T08:11:17.7683547Z [command]/usr/bin/git config --local --name-only --get-regexp http\.https\:\/\/github\.com\/\.extraheader
end-workflow	Post Checkout code	2025-10-07T08:11:17.7708870Z http.https://github.com/.extraheader
end-workflow	Post Checkout code	2025-10-07T08:11:17.7723513Z [command]/usr/bin/git config --local --unset-all http.https://github.com/.extraheader
end-workflow	Post Checkout code	2025-10-07T08:11:17.7763991Z [command]/usr/bin/git submodule foreach --recursive sh -c "git config --local --name-only --get-regexp 'http\.https\:\/\/github\.com\/\.extraheader' && git config --local --unset-all 'http.https://github.com/.extraheader' || :"
end-workflow	Complete job	﻿2025-10-07T08:11:17.8277594Z Cleaning up orphan processes
