job-core	Set up job	﻿2025-10-07T11:52:32.1706307Z Current runner version: '2.328.0'
job-core	Set up job	2025-10-07T11:52:32.1716129Z Runner name: 'fd583bd3359c'
job-core	Set up job	2025-10-07T11:52:32.1717190Z Runner group name: 'swarm-runners'
job-core	Set up job	2025-10-07T11:52:32.1718790Z Machine name: 'fd583bd3359c'
job-core	Set up job	2025-10-07T11:52:32.1723350Z ##[group]GITHUB_TOKEN Permissions
job-core	Set up job	2025-10-07T11:52:32.1726498Z Actions: write
job-core	Set up job	2025-10-07T11:52:32.1727238Z Contents: read
job-core	Set up job	2025-10-07T11:52:32.1728175Z Issues: write
job-core	Set up job	2025-10-07T11:52:32.1728942Z Metadata: read
job-core	Set up job	2025-10-07T11:52:32.1729751Z ##[endgroup]
job-core	Set up job	2025-10-07T11:52:32.1732747Z Secret source: Actions
job-core	Set up job	2025-10-07T11:52:32.1733596Z Prepare workflow directory
job-core	Set up job	2025-10-07T11:52:32.2341822Z Prepare all required actions
job-core	Set up job	2025-10-07T11:52:32.2390138Z Getting action download info
job-core	Set up job	2025-10-07T11:52:32.8008696Z Download action repository 'actions/checkout@v4' (SHA:08eba0b27e820071cde6df949e0beb9ba4906955)
job-core	Set up job	2025-10-07T11:52:33.6372195Z Download action repository 'docker/login-action@v3' (SHA:5e57cd118135c172c3672efd75eb46360885c0ef)
job-core	Set up job	2025-10-07T11:52:34.7546235Z Complete job name: job-core
job-core	Checkout code	﻿2025-10-07T11:52:34.8296743Z ##[group]Run actions/checkout@v4
job-core	Checkout code	2025-10-07T11:52:34.8298080Z with:
job-core	Checkout code	2025-10-07T11:52:34.8298516Z   fetch-depth: 0
job-core	Checkout code	2025-10-07T11:52:34.8299247Z   token: ***
job-core	Checkout code	2025-10-07T11:52:34.8299666Z   repository: Ka0s-Klaus/ka0s
job-core	Checkout code	2025-10-07T11:52:34.8300160Z   ssh-strict: true
job-core	Checkout code	2025-10-07T11:52:34.8300572Z   ssh-user: git
job-core	Checkout code	2025-10-07T11:52:34.8301135Z   persist-credentials: true
job-core	Checkout code	2025-10-07T11:52:34.8301629Z   clean: true
job-core	Checkout code	2025-10-07T11:52:34.8302192Z   sparse-checkout-cone-mode: true
job-core	Checkout code	2025-10-07T11:52:34.8302714Z   fetch-tags: false
job-core	Checkout code	2025-10-07T11:52:34.8303163Z   show-progress: true
job-core	Checkout code	2025-10-07T11:52:34.8303606Z   lfs: false
job-core	Checkout code	2025-10-07T11:52:34.8304010Z   submodules: false
job-core	Checkout code	2025-10-07T11:52:34.8304471Z   set-safe-directory: true
job-core	Checkout code	2025-10-07T11:52:34.8305176Z env:
job-core	Checkout code	2025-10-07T11:52:34.8306119Z   GITHUB_TOKEN: ***
job-core	Checkout code	2025-10-07T11:52:34.8306619Z   KAOS_MODULE: [Ka0s] Personalized Image Runners
job-core	Checkout code	2025-10-07T11:52:34.8307199Z   KAOS_CODE: 18311723382
job-core	Checkout code	2025-10-07T11:52:34.8308026Z   KAOS_PATH_SCAN: audit/scan/
job-core	Checkout code	2025-10-07T11:52:34.8308657Z ##[endgroup]
job-core	Checkout code	2025-10-07T11:52:34.9605482Z Syncing repository: Ka0s-Klaus/ka0s
job-core	Checkout code	2025-10-07T11:52:34.9608153Z ##[group]Getting Git version info
job-core	Checkout code	2025-10-07T11:52:34.9609214Z Working directory is '/home/runner/_work/ka0s/ka0s'
job-core	Checkout code	2025-10-07T11:52:34.9610338Z [command]/usr/bin/git version
job-core	Checkout code	2025-10-07T11:52:34.9610850Z git version 2.51.0
job-core	Checkout code	2025-10-07T11:52:34.9612528Z ##[endgroup]
job-core	Checkout code	2025-10-07T11:52:34.9625602Z Copying '/home/runner/.gitconfig' to '/home/runner/_work/_temp/7cc48dec-2e3d-46bb-9594-29e069e74b23/.gitconfig'
job-core	Checkout code	2025-10-07T11:52:34.9634265Z Temporarily overriding HOME='/home/runner/_work/_temp/7cc48dec-2e3d-46bb-9594-29e069e74b23' before making global git config changes
job-core	Checkout code	2025-10-07T11:52:34.9636630Z Adding repository directory to the temporary git global config as a safe directory
job-core	Checkout code	2025-10-07T11:52:34.9644089Z [command]/usr/bin/git config --global --add safe.directory /home/runner/_work/ka0s/ka0s
job-core	Checkout code	2025-10-07T11:52:34.9695505Z [command]/usr/bin/git config --local --get remote.origin.url
job-core	Checkout code	2025-10-07T11:52:34.9744947Z https://github.com/Ka0s-Klaus/ka0s
job-core	Checkout code	2025-10-07T11:52:34.9773498Z ##[group]Removing previously created refs, to avoid conflicts
job-core	Checkout code	2025-10-07T11:52:34.9800966Z [command]/usr/bin/git rev-parse --symbolic-full-name --verify --quiet HEAD
job-core	Checkout code	2025-10-07T11:52:34.9836716Z refs/heads/main
job-core	Checkout code	2025-10-07T11:52:34.9843024Z [command]/usr/bin/git checkout --detach
job-core	Checkout code	2025-10-07T11:52:34.9927549Z HEAD is now at a6a2cc03 [Ka0s] 📊 Directory scan report: core/runner
job-core	Checkout code	2025-10-07T11:52:34.9984010Z [command]/usr/bin/git branch --delete --force main
job-core	Checkout code	2025-10-07T11:52:35.0018487Z Deleted branch main (was a6a2cc03).
job-core	Checkout code	2025-10-07T11:52:35.0143760Z ##[endgroup]
job-core	Checkout code	2025-10-07T11:52:35.0145212Z [command]/usr/bin/git submodule status
job-core	Checkout code	2025-10-07T11:52:35.0412747Z ##[group]Cleaning the repository
job-core	Checkout code	2025-10-07T11:52:35.0418339Z [command]/usr/bin/git clean -ffdx
job-core	Checkout code	2025-10-07T11:52:35.0492620Z [command]/usr/bin/git reset --hard HEAD
job-core	Checkout code	2025-10-07T11:52:35.0585799Z HEAD is now at a6a2cc03 [Ka0s] 📊 Directory scan report: core/runner
job-core	Checkout code	2025-10-07T11:52:35.0591958Z ##[endgroup]
job-core	Checkout code	2025-10-07T11:52:35.0592833Z ##[group]Disabling automatic garbage collection
job-core	Checkout code	2025-10-07T11:52:35.0595164Z [command]/usr/bin/git config --local gc.auto 0
job-core	Checkout code	2025-10-07T11:52:35.0627671Z ##[endgroup]
job-core	Checkout code	2025-10-07T11:52:35.0628535Z ##[group]Setting up auth
job-core	Checkout code	2025-10-07T11:52:35.0634206Z [command]/usr/bin/git config --local --name-only --get-regexp core\.sshCommand
job-core	Checkout code	2025-10-07T11:52:35.0673241Z [command]/usr/bin/git submodule foreach --recursive sh -c "git config --local --name-only --get-regexp 'core\.sshCommand' && git config --local --unset-all 'core.sshCommand' || :"
job-core	Checkout code	2025-10-07T11:52:35.0942442Z [command]/usr/bin/git config --local --name-only --get-regexp http\.https\:\/\/github\.com\/\.extraheader
job-core	Checkout code	2025-10-07T11:52:35.0977186Z [command]/usr/bin/git submodule foreach --recursive sh -c "git config --local --name-only --get-regexp 'http\.https\:\/\/github\.com\/\.extraheader' && git config --local --unset-all 'http.https://github.com/.extraheader' || :"
job-core	Checkout code	2025-10-07T11:52:35.1251325Z [command]/usr/bin/git config --local http.https://github.com/.extraheader AUTHORIZATION: basic ***
job-core	Checkout code	2025-10-07T11:52:35.1298108Z ##[endgroup]
job-core	Checkout code	2025-10-07T11:52:35.1299023Z ##[group]Fetching the repository
job-core	Checkout code	2025-10-07T11:52:35.1305272Z [command]/usr/bin/git -c protocol.version=2 fetch --prune --no-recurse-submodules origin +refs/heads/*:refs/remotes/origin/* +refs/tags/*:refs/tags/*
job-core	Checkout code	2025-10-07T11:52:35.6795977Z [command]/usr/bin/git branch --list --remote origin/main
job-core	Checkout code	2025-10-07T11:52:35.6877290Z   origin/main
job-core	Checkout code	2025-10-07T11:52:35.6888231Z [command]/usr/bin/git rev-parse refs/remotes/origin/main
job-core	Checkout code	2025-10-07T11:52:35.6921992Z a6a2cc037b7f3e0a26136610ad4b7de934f4a54c
job-core	Checkout code	2025-10-07T11:52:35.6928026Z ##[endgroup]
job-core	Checkout code	2025-10-07T11:52:35.6929174Z ##[group]Determining the checkout info
job-core	Checkout code	2025-10-07T11:52:35.6933917Z ##[endgroup]
job-core	Checkout code	2025-10-07T11:52:35.6935719Z [command]/usr/bin/git sparse-checkout disable
job-core	Checkout code	2025-10-07T11:52:35.7017947Z [command]/usr/bin/git config --local --unset-all extensions.worktreeConfig
job-core	Checkout code	2025-10-07T11:52:35.7060019Z ##[group]Checking out the ref
job-core	Checkout code	2025-10-07T11:52:35.7068183Z [command]/usr/bin/git checkout --progress --force -B main refs/remotes/origin/main
job-core	Checkout code	2025-10-07T11:52:35.7178259Z Switched to a new branch 'main'
job-core	Checkout code	2025-10-07T11:52:35.7182696Z branch 'main' set up to track 'origin/main'.
job-core	Checkout code	2025-10-07T11:52:35.7192968Z ##[endgroup]
job-core	Checkout code	2025-10-07T11:52:35.7243891Z [command]/usr/bin/git log -1 --format=%H
job-core	Checkout code	2025-10-07T11:52:35.7278302Z a6a2cc037b7f3e0a26136610ad4b7de934f4a54c
job-core	Login to Docker Hub	﻿2025-10-07T11:52:35.7578584Z ##[group]Run docker/login-action@v3
job-core	Login to Docker Hub	2025-10-07T11:52:35.7579283Z with:
job-core	Login to Docker Hub	2025-10-07T11:52:35.7579818Z   username: ***
job-core	Login to Docker Hub	2025-10-07T11:52:35.7580532Z   password: ***
job-core	Login to Docker Hub	2025-10-07T11:52:35.7580977Z   logout: true
job-core	Login to Docker Hub	2025-10-07T11:52:35.7581374Z env:
job-core	Login to Docker Hub	2025-10-07T11:52:35.7582325Z   GITHUB_TOKEN: ***
job-core	Login to Docker Hub	2025-10-07T11:52:35.7582856Z   KAOS_MODULE: [Ka0s] Personalized Image Runners
job-core	Login to Docker Hub	2025-10-07T11:52:35.7583451Z   KAOS_CODE: 18311723382
job-core	Login to Docker Hub	2025-10-07T11:52:35.7583951Z   KAOS_PATH_SCAN: audit/scan/
job-core	Login to Docker Hub	2025-10-07T11:52:35.7584475Z ##[endgroup]
job-core	Login to Docker Hub	2025-10-07T11:52:36.0796427Z Logging into docker.io...
job-core	Login to Docker Hub	2025-10-07T11:52:37.1182746Z Login Succeeded!
job-core	Build image	﻿2025-10-07T11:52:37.1364802Z ##[group]Run # Construimos la imagen
job-core	Build image	2025-10-07T11:52:37.1365365Z [36;1m# Construimos la imagen[0m
job-core	Build image	2025-10-07T11:52:37.1365970Z [36;1msudo docker build -t actions-runner:latest -f core/runner/actions-runner//latest//Dockerfile . || true[0m
job-core	Build image	2025-10-07T11:52:37.1366641Z [36;1mecho "Se ha generado la imagen actions-runner:latest...."[0m
job-core	Build image	2025-10-07T11:52:37.1367067Z [36;1msudo usermod -aG docker runner [0m
job-core	Build image	2025-10-07T11:52:37.1381625Z shell: /usr/bin/bash -e {0}
job-core	Build image	2025-10-07T11:52:37.1392694Z env:
job-core	Build image	2025-10-07T11:52:37.1393840Z   GITHUB_TOKEN: ***
job-core	Build image	2025-10-07T11:52:37.1394297Z   KAOS_MODULE: [Ka0s] Personalized Image Runners
job-core	Build image	2025-10-07T11:52:37.1394652Z   KAOS_CODE: 18311723382
job-core	Build image	2025-10-07T11:52:37.1394943Z   KAOS_PATH_SCAN: audit/scan/
job-core	Build image	2025-10-07T11:52:37.1395244Z ##[endgroup]
job-core	Build image	2025-10-07T11:52:37.3756534Z #0 building with "default" instance using docker driver
job-core	Build image	2025-10-07T11:52:37.3756999Z 
job-core	Build image	2025-10-07T11:52:37.3758004Z #1 [internal] load build definition from Dockerfile
job-core	Build image	2025-10-07T11:52:37.3758433Z #1 transferring dockerfile: 1.69kB done
job-core	Build image	2025-10-07T11:52:37.3758850Z #1 DONE 0.0s
job-core	Build image	2025-10-07T11:52:37.3758999Z 
job-core	Build image	2025-10-07T11:52:37.3759250Z #2 [internal] load metadata for ghcr.io/actions/actions-runner:latest
job-core	Build image	2025-10-07T11:52:37.3759695Z #2 DONE 0.0s
job-core	Build image	2025-10-07T11:52:37.3759844Z 
job-core	Build image	2025-10-07T11:52:37.3759995Z #3 [internal] load .dockerignore
job-core	Build image	2025-10-07T11:52:37.3760479Z #3 transferring context: 2B done
job-core	Build image	2025-10-07T11:52:37.3760797Z #3 DONE 0.0s
job-core	Build image	2025-10-07T11:52:37.3760943Z 
job-core	Build image	2025-10-07T11:52:37.3761119Z #4 [1/6] FROM ghcr.io/actions/actions-runner:latest
job-core	Build image	2025-10-07T11:52:37.3761486Z #4 DONE 0.0s
job-core	Build image	2025-10-07T11:52:37.3761654Z 
job-core	Build image	2025-10-07T11:52:37.3762532Z #5 [5/6] RUN apt-get update &&     export DEBIAN_FRONTEND=noninteractive &&     ln -fs /usr/share/zoneinfo/Europe/Madrid /etc/localtime &&     dpkg-reconfigure --frontend noninteractive tzdata &&     apt-get upgrade -y
job-core	Build image	2025-10-07T11:52:37.3763515Z #5 CACHED
job-core	Build image	2025-10-07T11:52:37.3763675Z 
job-core	Build image	2025-10-07T11:52:37.3764704Z #6 [4/6] RUN apt-get update &&     apt-get install -y --no-install-recommends mongodb-org-tools jq python3 pip bc ca-certificates     tzdata apt-utils apt-transport-https curl wget git gnupg gh &&     openssl &&     dpkg-reconfigure --frontend noninteractive tzdata
job-core	Build image	2025-10-07T11:52:37.3766029Z #6 CACHED
job-core	Build image	2025-10-07T11:52:37.3766179Z 
job-core	Build image	2025-10-07T11:52:37.3767844Z #7 [2/6] RUN apt-get update &&     apt-get install -y wget gnupg &&     curl -fsSL https://pgp.mongodb.com/server-7.0.asc | gpg -o /usr/share/keyrings/mongodb-server-7.0.gpg --dearmor &&     echo "deb [ arch=amd64,arm64 signed-by=/usr/share/keyrings/mongodb-server-7.0.gpg ] https://repo.mongodb.org/apt/ubuntu jammy/mongodb-org/7.0 multiverse"  | tee /etc/apt/sources.list.d/mongodb-org-7.0.list
job-core	Build image	2025-10-07T11:52:37.3769445Z #7 CACHED
job-core	Build image	2025-10-07T11:52:37.3769615Z 
job-core	Build image	2025-10-07T11:52:37.3771079Z #8 [3/6] RUN wget -qO - https://aquasecurity.github.io/trivy-repo/deb/public.key | gpg --dearmor | tee /usr/share/keyrings/trivy.gpg > /dev/null &&    echo "deb [signed-by=/usr/share/keyrings/trivy.gpg] https://aquasecurity.github.io/trivy-repo/deb generic main" | tee -a /etc/apt/sources.list.d/trivy.list &&    apt-get update &&    apt-get install trivy
job-core	Build image	2025-10-07T11:52:37.3772639Z #8 CACHED
job-core	Build image	2025-10-07T11:52:37.3772792Z 
job-core	Build image	2025-10-07T11:52:37.3772965Z #9 [6/6] WORKDIR /home/runner
job-core	Build image	2025-10-07T11:52:37.3773280Z #9 CACHED
job-core	Build image	2025-10-07T11:52:37.3773598Z 
job-core	Build image	2025-10-07T11:52:37.3773806Z #10 exporting to image
job-core	Build image	2025-10-07T11:52:37.3774113Z #10 exporting layers done
job-core	Build image	2025-10-07T11:52:37.3774649Z #10 writing image sha256:84c5996206927aa852346650fe802c7299f5fb3e23cc393250caadb54245c74a done
job-core	Build image	2025-10-07T11:52:37.3775282Z #10 naming to docker.io/library/actions-runner:latest done
job-core	Build image	2025-10-07T11:52:37.3775678Z #10 DONE 0.0s
job-core	Build image	2025-10-07T11:52:37.3817117Z Se ha generado la imagen actions-runner:latest....
job-core	Install Trivy vulnerability scanner	﻿2025-10-07T11:52:37.3968322Z ##[group]Run # Instalamos Trivy directamente desde el script oficial
job-core	Install Trivy vulnerability scanner	2025-10-07T11:52:37.3969035Z [36;1m# Instalamos Trivy directamente desde el script oficial[0m
job-core	Install Trivy vulnerability scanner	2025-10-07T11:52:37.3969931Z [36;1m# curl -sfL https://raw.githubusercontent.com/aquasecurity/trivy/main/contrib/install.sh | sudo sh -s -- -b /usr/local/bin v0.48.3[0m
job-core	Install Trivy vulnerability scanner	2025-10-07T11:52:37.3970669Z [36;1m[0m
job-core	Install Trivy vulnerability scanner	2025-10-07T11:52:37.3970949Z [36;1m# Ejecutamos el escaneo de la imagen[0m
job-core	Install Trivy vulnerability scanner	2025-10-07T11:52:37.3971544Z [36;1msudo trivy image --severity HIGH,CRITICAL --ignore-unfixed --format table actions-runner:latest[0m
job-core	Install Trivy vulnerability scanner	2025-10-07T11:52:37.3972450Z [36;1msudo trivy image --severity HIGH,CRITICAL --ignore-unfixed --format json actions-runner:latest > audit/scan/18311723382.json[0m
job-core	Install Trivy vulnerability scanner	2025-10-07T11:52:37.3973250Z [36;1mecho "Subimos el scan_image_from_18311723382.json a la ruta audit/scan/"[0m
job-core	Install Trivy vulnerability scanner	2025-10-07T11:52:37.3973770Z [36;1mecho "Uploading files to the repository..."[0m
job-core	Install Trivy vulnerability scanner	2025-10-07T11:52:37.3974363Z [36;1mgit config --global user.name "***"[0m
job-core	Install Trivy vulnerability scanner	2025-10-07T11:52:37.3974849Z [36;1mgit config --global user.email "***"[0m
job-core	Install Trivy vulnerability scanner	2025-10-07T11:52:37.3975456Z [36;1mgit pull --rebase[0m
job-core	Install Trivy vulnerability scanner	2025-10-07T11:52:37.3975766Z [36;1mgit add audit/scan/*[0m
job-core	Install Trivy vulnerability scanner	2025-10-07T11:52:37.3976237Z [36;1mgit commit -m "[Ka0s] Add scan image from 18311723382" || echo "No changes to commit"[0m
job-core	Install Trivy vulnerability scanner	2025-10-07T11:52:37.3976737Z [36;1mMAX_RETRIES=3[0m
job-core	Install Trivy vulnerability scanner	2025-10-07T11:52:37.3977018Z [36;1mCOUNT=0[0m
job-core	Install Trivy vulnerability scanner	2025-10-07T11:52:37.3977597Z [36;1muntil git push origin refs/heads/main --force-with-lease; do[0m
job-core	Install Trivy vulnerability scanner	2025-10-07T11:52:37.3978054Z [36;1m  COUNT=$((COUNT+1))[0m
job-core	Install Trivy vulnerability scanner	2025-10-07T11:52:37.3978394Z [36;1m  if [ $COUNT -ge $MAX_RETRIES ]; then[0m
job-core	Install Trivy vulnerability scanner	2025-10-07T11:52:37.3978874Z [36;1m    echo "❌ Error: git push failed after $MAX_RETRIES attempts."[0m
job-core	Install Trivy vulnerability scanner	2025-10-07T11:52:37.3979329Z [36;1m    exit 1[0m
job-core	Install Trivy vulnerability scanner	2025-10-07T11:52:37.3979617Z [36;1m  fi[0m
job-core	Install Trivy vulnerability scanner	2025-10-07T11:52:37.3980006Z [36;1m  echo "⚠️ git push failed, retrying ($COUNT/$MAX_RETRIES)..."[0m
job-core	Install Trivy vulnerability scanner	2025-10-07T11:52:37.3980492Z [36;1m  git pull --rebase[0m
job-core	Install Trivy vulnerability scanner	2025-10-07T11:52:37.3980850Z [36;1m  sleep 2[0m
job-core	Install Trivy vulnerability scanner	2025-10-07T11:52:37.3981134Z [36;1mdone[0m
job-core	Install Trivy vulnerability scanner	2025-10-07T11:52:37.3990139Z shell: /usr/bin/bash -e {0}
job-core	Install Trivy vulnerability scanner	2025-10-07T11:52:37.3990514Z env:
job-core	Install Trivy vulnerability scanner	2025-10-07T11:52:37.3991323Z   GITHUB_TOKEN: ***
job-core	Install Trivy vulnerability scanner	2025-10-07T11:52:37.3991663Z   KAOS_MODULE: [Ka0s] Personalized Image Runners
job-core	Install Trivy vulnerability scanner	2025-10-07T11:52:37.3992049Z   KAOS_CODE: 18311723382
job-core	Install Trivy vulnerability scanner	2025-10-07T11:52:37.3992368Z   KAOS_PATH_SCAN: audit/scan/
job-core	Install Trivy vulnerability scanner	2025-10-07T11:52:37.3992687Z ##[endgroup]
job-core	Install Trivy vulnerability scanner	2025-10-07T11:52:37.4078485Z sudo: trivy: command not found
job-core	Install Trivy vulnerability scanner	2025-10-07T11:52:37.4096359Z ##[error]Process completed with exit code 1.
job-core	Post Login to Docker Hub	﻿2025-10-07T11:52:37.4190988Z Post job cleanup.
job-core	Post Login to Docker Hub	2025-10-07T11:52:37.7750516Z [command]/usr/bin/docker logout docker.io
job-core	Post Login to Docker Hub	2025-10-07T11:52:37.7915055Z Removing login credentials for docker.io
job-core	Post Login to Docker Hub	2025-10-07T11:52:37.8015927Z ##[group]Post cache
job-core	Post Login to Docker Hub	2025-10-07T11:52:37.8017634Z State not set
job-core	Post Login to Docker Hub	2025-10-07T11:52:37.8019227Z ##[endgroup]
job-core	Post Checkout code	﻿2025-10-07T11:52:37.8326596Z Post job cleanup.
job-core	Post Checkout code	2025-10-07T11:52:37.9388082Z [command]/usr/bin/git version
job-core	Post Checkout code	2025-10-07T11:52:37.9427231Z git version 2.51.0
job-core	Post Checkout code	2025-10-07T11:52:37.9468583Z Copying '/home/runner/.gitconfig' to '/home/runner/_work/_temp/21ed4e5f-a573-4226-9639-e2f37ddfddec/.gitconfig'
job-core	Post Checkout code	2025-10-07T11:52:37.9483293Z Temporarily overriding HOME='/home/runner/_work/_temp/21ed4e5f-a573-4226-9639-e2f37ddfddec' before making global git config changes
job-core	Post Checkout code	2025-10-07T11:52:37.9484150Z Adding repository directory to the temporary git global config as a safe directory
job-core	Post Checkout code	2025-10-07T11:52:37.9490041Z [command]/usr/bin/git config --global --add safe.directory /home/runner/_work/ka0s/ka0s
job-core	Post Checkout code	2025-10-07T11:52:37.9531154Z [command]/usr/bin/git config --local --name-only --get-regexp core\.sshCommand
job-core	Post Checkout code	2025-10-07T11:52:37.9569793Z [command]/usr/bin/git submodule foreach --recursive sh -c "git config --local --name-only --get-regexp 'core\.sshCommand' && git config --local --unset-all 'core.sshCommand' || :"
job-core	Post Checkout code	2025-10-07T11:52:37.9835194Z [command]/usr/bin/git config --local --name-only --get-regexp http\.https\:\/\/github\.com\/\.extraheader
job-core	Post Checkout code	2025-10-07T11:52:37.9863600Z http.https://github.com/.extraheader
job-core	Post Checkout code	2025-10-07T11:52:37.9877064Z [command]/usr/bin/git config --local --unset-all http.https://github.com/.extraheader
job-core	Post Checkout code	2025-10-07T11:52:37.9916043Z [command]/usr/bin/git submodule foreach --recursive sh -c "git config --local --name-only --get-regexp 'http\.https\:\/\/github\.com\/\.extraheader' && git config --local --unset-all 'http.https://github.com/.extraheader' || :"
job-core	Complete job	﻿2025-10-07T11:52:38.0304623Z Cleaning up orphan processes
handle_failure	Set up job	﻿2025-10-07T11:53:20.2854777Z Current runner version: '2.328.0'
handle_failure	Set up job	2025-10-07T11:53:20.2899188Z Runner name: '57e6ba57c815'
handle_failure	Set up job	2025-10-07T11:53:20.2902808Z Runner group name: 'swarm-runners'
handle_failure	Set up job	2025-10-07T11:53:20.2906356Z Machine name: '57e6ba57c815'
handle_failure	Set up job	2025-10-07T11:53:20.2940905Z ##[group]GITHUB_TOKEN Permissions
handle_failure	Set up job	2025-10-07T11:53:20.2947539Z Actions: write
handle_failure	Set up job	2025-10-07T11:53:20.2949718Z Contents: read
handle_failure	Set up job	2025-10-07T11:53:20.2951427Z Issues: write
handle_failure	Set up job	2025-10-07T11:53:20.2952666Z Metadata: read
handle_failure	Set up job	2025-10-07T11:53:20.2953465Z ##[endgroup]
handle_failure	Set up job	2025-10-07T11:53:20.3038494Z Secret source: Actions
handle_failure	Set up job	2025-10-07T11:53:20.3040395Z Prepare workflow directory
handle_failure	Set up job	2025-10-07T11:53:20.4532713Z Prepare all required actions
handle_failure	Set up job	2025-10-07T11:53:20.4650977Z Getting action download info
handle_failure	Set up job	2025-10-07T11:53:21.0651060Z Download action repository 'actions/checkout@v4' (SHA:08eba0b27e820071cde6df949e0beb9ba4906955)
handle_failure	Set up job	2025-10-07T11:53:21.9673791Z Complete job name: handle_failure
handle_failure	Checkout code	﻿2025-10-07T11:53:22.0742965Z ##[group]Run actions/checkout@v4
handle_failure	Checkout code	2025-10-07T11:53:22.0744490Z with:
handle_failure	Checkout code	2025-10-07T11:53:22.0745184Z   fetch-depth: 0
handle_failure	Checkout code	2025-10-07T11:53:22.0747009Z   token: ***
handle_failure	Checkout code	2025-10-07T11:53:22.0748070Z   repository: Ka0s-Klaus/ka0s
handle_failure	Checkout code	2025-10-07T11:53:22.0748789Z   ssh-strict: true
handle_failure	Checkout code	2025-10-07T11:53:22.0749386Z   ssh-user: git
handle_failure	Checkout code	2025-10-07T11:53:22.0750139Z   persist-credentials: true
handle_failure	Checkout code	2025-10-07T11:53:22.0750825Z   clean: true
handle_failure	Checkout code	2025-10-07T11:53:22.0751445Z   sparse-checkout-cone-mode: true
handle_failure	Checkout code	2025-10-07T11:53:22.0752202Z   fetch-tags: false
handle_failure	Checkout code	2025-10-07T11:53:22.0752822Z   show-progress: true
handle_failure	Checkout code	2025-10-07T11:53:22.0753448Z   lfs: false
handle_failure	Checkout code	2025-10-07T11:53:22.0754019Z   submodules: false
handle_failure	Checkout code	2025-10-07T11:53:22.0754670Z   set-safe-directory: true
handle_failure	Checkout code	2025-10-07T11:53:22.0756062Z env:
handle_failure	Checkout code	2025-10-07T11:53:22.0757536Z   GITHUB_TOKEN: ***
handle_failure	Checkout code	2025-10-07T11:53:22.0758242Z   KAOS_MODULE: [Ka0s] Personalized Image Runners
handle_failure	Checkout code	2025-10-07T11:53:22.0759083Z   KAOS_CODE: 18311723382
handle_failure	Checkout code	2025-10-07T11:53:22.0759900Z   KAOS_PATH_SCAN: audit/scan/
handle_failure	Checkout code	2025-10-07T11:53:22.0760614Z ##[endgroup]
handle_failure	Checkout code	2025-10-07T11:53:22.2465507Z Syncing repository: Ka0s-Klaus/ka0s
handle_failure	Checkout code	2025-10-07T11:53:22.2470393Z ##[group]Getting Git version info
handle_failure	Checkout code	2025-10-07T11:53:22.2472355Z Working directory is '/home/runner/_work/ka0s/ka0s'
handle_failure	Checkout code	2025-10-07T11:53:22.2514851Z [command]/usr/bin/git version
handle_failure	Checkout code	2025-10-07T11:53:22.2516562Z git version 2.51.0
handle_failure	Checkout code	2025-10-07T11:53:22.2528984Z ##[endgroup]
handle_failure	Checkout code	2025-10-07T11:53:22.2546674Z Temporarily overriding HOME='/home/runner/_work/_temp/ae3cec94-904a-4359-a455-d8430bd15618' before making global git config changes
handle_failure	Checkout code	2025-10-07T11:53:22.2556203Z Adding repository directory to the temporary git global config as a safe directory
handle_failure	Checkout code	2025-10-07T11:53:22.2561961Z [command]/usr/bin/git config --global --add safe.directory /home/runner/_work/ka0s/ka0s
handle_failure	Checkout code	2025-10-07T11:53:22.2589711Z [command]/usr/bin/git config --local --get remote.origin.url
handle_failure	Checkout code	2025-10-07T11:53:22.2622107Z https://github.com/Ka0s-Klaus/ka0s
handle_failure	Checkout code	2025-10-07T11:53:22.2655187Z ##[group]Removing previously created refs, to avoid conflicts
handle_failure	Checkout code	2025-10-07T11:53:22.2664232Z [command]/usr/bin/git rev-parse --symbolic-full-name --verify --quiet HEAD
handle_failure	Checkout code	2025-10-07T11:53:22.2700946Z refs/heads/main
handle_failure	Checkout code	2025-10-07T11:53:22.2717637Z [command]/usr/bin/git checkout --detach
handle_failure	Checkout code	2025-10-07T11:53:22.2824186Z HEAD is now at a6a2cc03 [Ka0s] 📊 Directory scan report: core/runner
handle_failure	Checkout code	2025-10-07T11:53:22.2894733Z [command]/usr/bin/git branch --delete --force main
handle_failure	Checkout code	2025-10-07T11:53:22.2937904Z Deleted branch main (was a6a2cc03).
handle_failure	Checkout code	2025-10-07T11:53:22.3073138Z ##[endgroup]
handle_failure	Checkout code	2025-10-07T11:53:22.3077636Z [command]/usr/bin/git submodule status
handle_failure	Checkout code	2025-10-07T11:53:22.3460228Z ##[group]Cleaning the repository
handle_failure	Checkout code	2025-10-07T11:53:22.3467503Z [command]/usr/bin/git clean -ffdx
handle_failure	Checkout code	2025-10-07T11:53:22.3548265Z [command]/usr/bin/git reset --hard HEAD
handle_failure	Checkout code	2025-10-07T11:53:22.3653767Z HEAD is now at a6a2cc03 [Ka0s] 📊 Directory scan report: core/runner
handle_failure	Checkout code	2025-10-07T11:53:22.3663893Z ##[endgroup]
handle_failure	Checkout code	2025-10-07T11:53:22.3666580Z ##[group]Disabling automatic garbage collection
handle_failure	Checkout code	2025-10-07T11:53:22.3673973Z [command]/usr/bin/git config --local gc.auto 0
handle_failure	Checkout code	2025-10-07T11:53:22.3735639Z ##[endgroup]
handle_failure	Checkout code	2025-10-07T11:53:22.3737915Z ##[group]Setting up auth
handle_failure	Checkout code	2025-10-07T11:53:22.3757944Z [command]/usr/bin/git config --local --name-only --get-regexp core\.sshCommand
handle_failure	Checkout code	2025-10-07T11:53:22.3817697Z [command]/usr/bin/git submodule foreach --recursive sh -c "git config --local --name-only --get-regexp 'core\.sshCommand' && git config --local --unset-all 'core.sshCommand' || :"
handle_failure	Checkout code	2025-10-07T11:53:22.4314163Z [command]/usr/bin/git config --local --name-only --get-regexp http\.https\:\/\/github\.com\/\.extraheader
handle_failure	Checkout code	2025-10-07T11:53:22.4376145Z [command]/usr/bin/git submodule foreach --recursive sh -c "git config --local --name-only --get-regexp 'http\.https\:\/\/github\.com\/\.extraheader' && git config --local --unset-all 'http.https://github.com/.extraheader' || :"
handle_failure	Checkout code	2025-10-07T11:53:22.4800407Z [command]/usr/bin/git config --local http.https://github.com/.extraheader AUTHORIZATION: basic ***
handle_failure	Checkout code	2025-10-07T11:53:22.4851688Z ##[endgroup]
handle_failure	Checkout code	2025-10-07T11:53:22.4852965Z ##[group]Fetching the repository
handle_failure	Checkout code	2025-10-07T11:53:22.4865699Z [command]/usr/bin/git -c protocol.version=2 fetch --prune --no-recurse-submodules origin +refs/heads/*:refs/remotes/origin/* +refs/tags/*:refs/tags/*
handle_failure	Checkout code	2025-10-07T11:53:23.2150642Z [command]/usr/bin/git branch --list --remote origin/main
handle_failure	Checkout code	2025-10-07T11:53:23.2338178Z   origin/main
handle_failure	Checkout code	2025-10-07T11:53:23.2402398Z [command]/usr/bin/git rev-parse refs/remotes/origin/main
handle_failure	Checkout code	2025-10-07T11:53:23.2473921Z a6a2cc037b7f3e0a26136610ad4b7de934f4a54c
handle_failure	Checkout code	2025-10-07T11:53:23.2511505Z ##[endgroup]
handle_failure	Checkout code	2025-10-07T11:53:23.2524506Z ##[group]Determining the checkout info
handle_failure	Checkout code	2025-10-07T11:53:23.2534278Z ##[endgroup]
handle_failure	Checkout code	2025-10-07T11:53:23.2552883Z [command]/usr/bin/git sparse-checkout disable
handle_failure	Checkout code	2025-10-07T11:53:23.2681081Z [command]/usr/bin/git config --local --unset-all extensions.worktreeConfig
handle_failure	Checkout code	2025-10-07T11:53:23.2780662Z ##[group]Checking out the ref
handle_failure	Checkout code	2025-10-07T11:53:23.2806834Z [command]/usr/bin/git checkout --progress --force -B main refs/remotes/origin/main
handle_failure	Checkout code	2025-10-07T11:53:23.3044317Z Switched to a new branch 'main'
handle_failure	Checkout code	2025-10-07T11:53:23.3047898Z branch 'main' set up to track 'origin/main'.
handle_failure	Checkout code	2025-10-07T11:53:23.3059933Z ##[endgroup]
handle_failure	Checkout code	2025-10-07T11:53:23.3351089Z [command]/usr/bin/git log -1 --format=%H
handle_failure	Checkout code	2025-10-07T11:53:23.3407848Z a6a2cc037b7f3e0a26136610ad4b7de934f4a54c
handle_failure	handle-failure-execution	﻿2025-10-07T11:53:23.4318110Z ##[group]Run echo "Error detected in process actions-runner:latest ka0score/actions-runner:latest"
handle_failure	handle-failure-execution	2025-10-07T11:53:23.4321678Z [36;1mecho "Error detected in process actions-runner:latest ka0score/actions-runner:latest"[0m
handle_failure	handle-failure-execution	2025-10-07T11:53:23.4324198Z [36;1m# RNNUMBER=$(echo "refs/heads/main" | grep -o '[0-9]*')[0m
handle_failure	handle-failure-execution	2025-10-07T11:53:23.4327411Z [36;1m# gh issue comment $RNNUMBER --body "El proceso no ha finalizado correctamente 18311723382. El resultado está en el fichero core/results/event_data18311723382.log"[0m
handle_failure	handle-failure-execution	2025-10-07T11:53:23.4331090Z [36;1m# Creamos la issue dado que ha fallado el modulo principal[0m
handle_failure	handle-failure-execution	2025-10-07T11:53:23.4335683Z [36;1mgh issue create  --title "[Ka0S] Error detected in [Ka0s] Personalized Image Runners" --body "Error detected in [Ka0s] Personalized Image Runners. Please check the logs for 18311723382 more information of error."[0m
handle_failure	handle-failure-execution	2025-10-07T11:53:23.4376197Z shell: /usr/bin/bash -e {0}
handle_failure	handle-failure-execution	2025-10-07T11:53:23.4377309Z env:
handle_failure	handle-failure-execution	2025-10-07T11:53:23.4379449Z   GITHUB_TOKEN: ***
handle_failure	handle-failure-execution	2025-10-07T11:53:23.4380808Z   KAOS_MODULE: [Ka0s] Personalized Image Runners
handle_failure	handle-failure-execution	2025-10-07T11:53:23.4382241Z   KAOS_CODE: 18311723382
handle_failure	handle-failure-execution	2025-10-07T11:53:23.4383282Z   KAOS_PATH_SCAN: audit/scan/
handle_failure	handle-failure-execution	2025-10-07T11:53:23.4384686Z   GH_TOKEN: ***
handle_failure	handle-failure-execution	2025-10-07T11:53:23.4385588Z ##[endgroup]
handle_failure	handle-failure-execution	2025-10-07T11:53:23.4588034Z Error detected in process actions-runner:latest ka0score/actions-runner:latest
handle_failure	handle-failure-execution	2025-10-07T11:53:24.4286580Z https://github.com/Ka0s-Klaus/ka0s/issues/1776
handle_failure	Post Checkout code	﻿2025-10-07T11:53:24.4686554Z Post job cleanup.
handle_failure	Post Checkout code	2025-10-07T11:53:24.6136392Z [command]/usr/bin/git version
handle_failure	Post Checkout code	2025-10-07T11:53:24.6197394Z git version 2.51.0
handle_failure	Post Checkout code	2025-10-07T11:53:24.6273302Z Temporarily overriding HOME='/home/runner/_work/_temp/a334fb85-3954-428f-b506-3f85a5d1cf53' before making global git config changes
handle_failure	Post Checkout code	2025-10-07T11:53:24.6280336Z Adding repository directory to the temporary git global config as a safe directory
handle_failure	Post Checkout code	2025-10-07T11:53:24.6284311Z [command]/usr/bin/git config --global --add safe.directory /home/runner/_work/ka0s/ka0s
handle_failure	Post Checkout code	2025-10-07T11:53:24.6338419Z [command]/usr/bin/git config --local --name-only --get-regexp core\.sshCommand
handle_failure	Post Checkout code	2025-10-07T11:53:24.6402424Z [command]/usr/bin/git submodule foreach --recursive sh -c "git config --local --name-only --get-regexp 'core\.sshCommand' && git config --local --unset-all 'core.sshCommand' || :"
handle_failure	Post Checkout code	2025-10-07T11:53:24.6745564Z [command]/usr/bin/git config --local --name-only --get-regexp http\.https\:\/\/github\.com\/\.extraheader
handle_failure	Post Checkout code	2025-10-07T11:53:24.6776581Z http.https://github.com/.extraheader
handle_failure	Post Checkout code	2025-10-07T11:53:24.6801556Z [command]/usr/bin/git config --local --unset-all http.https://github.com/.extraheader
handle_failure	Post Checkout code	2025-10-07T11:53:24.6860455Z [command]/usr/bin/git submodule foreach --recursive sh -c "git config --local --name-only --get-regexp 'http\.https\:\/\/github\.com\/\.extraheader' && git config --local --unset-all 'http.https://github.com/.extraheader' || :"
handle_failure	Complete job	﻿2025-10-07T11:53:24.7631159Z Cleaning up orphan processes
end-workflow	Set up job	﻿2025-10-07T11:53:48.5146752Z Current runner version: '2.328.0'
end-workflow	Set up job	2025-10-07T11:53:48.5163480Z Runner name: '57e6ba57c815'
end-workflow	Set up job	2025-10-07T11:53:48.5166282Z Runner group name: 'swarm-runners'
end-workflow	Set up job	2025-10-07T11:53:48.5167618Z Machine name: '57e6ba57c815'
end-workflow	Set up job	2025-10-07T11:53:48.5176696Z ##[group]GITHUB_TOKEN Permissions
end-workflow	Set up job	2025-10-07T11:53:48.5180783Z Actions: write
end-workflow	Set up job	2025-10-07T11:53:48.5181810Z Contents: read
end-workflow	Set up job	2025-10-07T11:53:48.5182586Z Issues: write
end-workflow	Set up job	2025-10-07T11:53:48.5183268Z Metadata: read
end-workflow	Set up job	2025-10-07T11:53:48.5184108Z ##[endgroup]
end-workflow	Set up job	2025-10-07T11:53:48.5267068Z Secret source: Actions
end-workflow	Set up job	2025-10-07T11:53:48.5269697Z Prepare workflow directory
end-workflow	Set up job	2025-10-07T11:53:48.6334308Z Prepare all required actions
end-workflow	Set up job	2025-10-07T11:53:48.6389774Z Getting action download info
end-workflow	Set up job	2025-10-07T11:53:49.2784874Z Download action repository 'actions/checkout@v4' (SHA:08eba0b27e820071cde6df949e0beb9ba4906955)
end-workflow	Set up job	2025-10-07T11:53:50.1444177Z Complete job name: end-workflow
end-workflow	Checkout code	﻿2025-10-07T11:53:50.2667552Z ##[group]Run actions/checkout@v4
end-workflow	Checkout code	2025-10-07T11:53:50.2670389Z with:
end-workflow	Checkout code	2025-10-07T11:53:50.2671699Z   fetch-depth: 0
end-workflow	Checkout code	2025-10-07T11:53:50.2673339Z   token: ***
end-workflow	Checkout code	2025-10-07T11:53:50.2674475Z   repository: Ka0s-Klaus/ka0s
end-workflow	Checkout code	2025-10-07T11:53:50.2675832Z   ssh-strict: true
end-workflow	Checkout code	2025-10-07T11:53:50.2677374Z   ssh-user: git
end-workflow	Checkout code	2025-10-07T11:53:50.2678557Z   persist-credentials: true
end-workflow	Checkout code	2025-10-07T11:53:50.2680136Z   clean: true
end-workflow	Checkout code	2025-10-07T11:53:50.2681492Z   sparse-checkout-cone-mode: true
end-workflow	Checkout code	2025-10-07T11:53:50.2683113Z   fetch-tags: false
end-workflow	Checkout code	2025-10-07T11:53:50.2684318Z   show-progress: true
end-workflow	Checkout code	2025-10-07T11:53:50.2685497Z   lfs: false
end-workflow	Checkout code	2025-10-07T11:53:50.2686632Z   submodules: false
end-workflow	Checkout code	2025-10-07T11:53:50.2687828Z   set-safe-directory: true
end-workflow	Checkout code	2025-10-07T11:53:50.2690160Z env:
end-workflow	Checkout code	2025-10-07T11:53:50.2693149Z   GITHUB_TOKEN: ***
end-workflow	Checkout code	2025-10-07T11:53:50.2694488Z   KAOS_MODULE: [Ka0s] Personalized Image Runners
end-workflow	Checkout code	2025-10-07T11:53:50.2696199Z   KAOS_CODE: 18311723382
end-workflow	Checkout code	2025-10-07T11:53:50.2697506Z   KAOS_PATH_SCAN: audit/scan/
end-workflow	Checkout code	2025-10-07T11:53:50.2699292Z   GH_TOKEN: ***
end-workflow	Checkout code	2025-10-07T11:53:50.2701462Z ##[endgroup]
end-workflow	Checkout code	2025-10-07T11:53:50.4623017Z Syncing repository: Ka0s-Klaus/ka0s
end-workflow	Checkout code	2025-10-07T11:53:50.4630924Z ##[group]Getting Git version info
end-workflow	Checkout code	2025-10-07T11:53:50.4634063Z Working directory is '/home/runner/_work/ka0s/ka0s'
end-workflow	Checkout code	2025-10-07T11:53:50.4639157Z [command]/usr/bin/git version
end-workflow	Checkout code	2025-10-07T11:53:50.4665678Z git version 2.51.0
end-workflow	Checkout code	2025-10-07T11:53:50.4672326Z ##[endgroup]
end-workflow	Checkout code	2025-10-07T11:53:50.4738645Z Temporarily overriding HOME='/home/runner/_work/_temp/b1166904-eaf4-4b4b-a2ca-ed1295b63bb2' before making global git config changes
end-workflow	Checkout code	2025-10-07T11:53:50.4745336Z Adding repository directory to the temporary git global config as a safe directory
end-workflow	Checkout code	2025-10-07T11:53:50.4748727Z [command]/usr/bin/git config --global --add safe.directory /home/runner/_work/ka0s/ka0s
end-workflow	Checkout code	2025-10-07T11:53:50.4753194Z [command]/usr/bin/git config --local --get remote.origin.url
end-workflow	Checkout code	2025-10-07T11:53:50.4810306Z https://github.com/Ka0s-Klaus/ka0s
end-workflow	Checkout code	2025-10-07T11:53:50.4852035Z ##[group]Removing previously created refs, to avoid conflicts
end-workflow	Checkout code	2025-10-07T11:53:50.4856353Z [command]/usr/bin/git rev-parse --symbolic-full-name --verify --quiet HEAD
end-workflow	Checkout code	2025-10-07T11:53:50.4894100Z refs/heads/main
end-workflow	Checkout code	2025-10-07T11:53:50.4909950Z [command]/usr/bin/git checkout --detach
end-workflow	Checkout code	2025-10-07T11:53:50.5076064Z HEAD is now at a6a2cc03 [Ka0s] 📊 Directory scan report: core/runner
end-workflow	Checkout code	2025-10-07T11:53:50.5213807Z [command]/usr/bin/git branch --delete --force main
end-workflow	Checkout code	2025-10-07T11:53:50.5253926Z Deleted branch main (was a6a2cc03).
end-workflow	Checkout code	2025-10-07T11:53:50.5461835Z ##[endgroup]
end-workflow	Checkout code	2025-10-07T11:53:50.5463523Z [command]/usr/bin/git submodule status
end-workflow	Checkout code	2025-10-07T11:53:50.5950268Z ##[group]Cleaning the repository
end-workflow	Checkout code	2025-10-07T11:53:50.5953129Z [command]/usr/bin/git clean -ffdx
end-workflow	Checkout code	2025-10-07T11:53:50.6047013Z [command]/usr/bin/git reset --hard HEAD
end-workflow	Checkout code	2025-10-07T11:53:50.6208366Z HEAD is now at a6a2cc03 [Ka0s] 📊 Directory scan report: core/runner
end-workflow	Checkout code	2025-10-07T11:53:50.6247606Z ##[endgroup]
end-workflow	Checkout code	2025-10-07T11:53:50.6251974Z ##[group]Disabling automatic garbage collection
end-workflow	Checkout code	2025-10-07T11:53:50.6267570Z [command]/usr/bin/git config --local gc.auto 0
end-workflow	Checkout code	2025-10-07T11:53:50.6374876Z ##[endgroup]
end-workflow	Checkout code	2025-10-07T11:53:50.6378666Z ##[group]Setting up auth
end-workflow	Checkout code	2025-10-07T11:53:50.6381671Z [command]/usr/bin/git config --local --name-only --get-regexp core\.sshCommand
end-workflow	Checkout code	2025-10-07T11:53:50.6488260Z [command]/usr/bin/git submodule foreach --recursive sh -c "git config --local --name-only --get-regexp 'core\.sshCommand' && git config --local --unset-all 'core.sshCommand' || :"
end-workflow	Checkout code	2025-10-07T11:53:50.6936163Z [command]/usr/bin/git config --local --name-only --get-regexp http\.https\:\/\/github\.com\/\.extraheader
end-workflow	Checkout code	2025-10-07T11:53:50.7028215Z [command]/usr/bin/git submodule foreach --recursive sh -c "git config --local --name-only --get-regexp 'http\.https\:\/\/github\.com\/\.extraheader' && git config --local --unset-all 'http.https://github.com/.extraheader' || :"
end-workflow	Checkout code	2025-10-07T11:53:50.7421386Z [command]/usr/bin/git config --local http.https://github.com/.extraheader AUTHORIZATION: basic ***
end-workflow	Checkout code	2025-10-07T11:53:50.7517180Z ##[endgroup]
end-workflow	Checkout code	2025-10-07T11:53:50.7521795Z ##[group]Fetching the repository
end-workflow	Checkout code	2025-10-07T11:53:50.7546676Z [command]/usr/bin/git -c protocol.version=2 fetch --prune --no-recurse-submodules origin +refs/heads/*:refs/remotes/origin/* +refs/tags/*:refs/tags/*
end-workflow	Checkout code	2025-10-07T11:53:51.4078035Z [command]/usr/bin/git branch --list --remote origin/main
end-workflow	Checkout code	2025-10-07T11:53:51.4163530Z   origin/main
end-workflow	Checkout code	2025-10-07T11:53:51.4180747Z [command]/usr/bin/git rev-parse refs/remotes/origin/main
end-workflow	Checkout code	2025-10-07T11:53:51.4216421Z a6a2cc037b7f3e0a26136610ad4b7de934f4a54c
end-workflow	Checkout code	2025-10-07T11:53:51.4225142Z ##[endgroup]
end-workflow	Checkout code	2025-10-07T11:53:51.4228220Z ##[group]Determining the checkout info
end-workflow	Checkout code	2025-10-07T11:53:51.4240493Z ##[endgroup]
end-workflow	Checkout code	2025-10-07T11:53:51.4243217Z [command]/usr/bin/git sparse-checkout disable
end-workflow	Checkout code	2025-10-07T11:53:51.4358966Z [command]/usr/bin/git config --local --unset-all extensions.worktreeConfig
end-workflow	Checkout code	2025-10-07T11:53:51.4433150Z ##[group]Checking out the ref
end-workflow	Checkout code	2025-10-07T11:53:51.4436640Z [command]/usr/bin/git checkout --progress --force -B main refs/remotes/origin/main
end-workflow	Checkout code	2025-10-07T11:53:51.4572237Z Switched to a new branch 'main'
end-workflow	Checkout code	2025-10-07T11:53:51.4579193Z branch 'main' set up to track 'origin/main'.
end-workflow	Checkout code	2025-10-07T11:53:51.4589496Z ##[endgroup]
end-workflow	Checkout code	2025-10-07T11:53:51.4649375Z [command]/usr/bin/git log -1 --format=%H
end-workflow	Checkout code	2025-10-07T11:53:51.4691370Z a6a2cc037b7f3e0a26136610ad4b7de934f4a54c
end-workflow	Finaliza el workflow	﻿2025-10-07T11:53:51.5220526Z ##[group]Run echo "End process"
end-workflow	Finaliza el workflow	2025-10-07T11:53:51.5223388Z [36;1mecho "End process"[0m
end-workflow	Finaliza el workflow	2025-10-07T11:53:51.5226574Z [36;1m# RNNUMBER=$(echo "refs/heads/main" | grep -o '[0-9]*')[0m
end-workflow	Finaliza el workflow	2025-10-07T11:53:51.5231842Z [36;1m# gh issue comment $RNNUMBER --body "Se finaliza Ka0s 18311723382"[0m
end-workflow	Finaliza el workflow	2025-10-07T11:53:51.5236006Z [36;1mecho "Se finaliza Ka0s 18311723382"[0m
end-workflow	Finaliza el workflow	2025-10-07T11:53:51.5240323Z [36;1mgh workflow run inspector.yml --ref 'main' -f kaos-workflow-id="18311723382"[0m
end-workflow	Finaliza el workflow	2025-10-07T11:53:51.5272030Z shell: /usr/bin/bash -e {0}
end-workflow	Finaliza el workflow	2025-10-07T11:53:51.5275970Z env:
end-workflow	Finaliza el workflow	2025-10-07T11:53:51.5282535Z   GITHUB_TOKEN: ***
end-workflow	Finaliza el workflow	2025-10-07T11:53:51.5286420Z   KAOS_MODULE: [Ka0s] Personalized Image Runners
end-workflow	Finaliza el workflow	2025-10-07T11:53:51.5290240Z   KAOS_CODE: 18311723382
end-workflow	Finaliza el workflow	2025-10-07T11:53:51.5291614Z   KAOS_PATH_SCAN: audit/scan/
end-workflow	Finaliza el workflow	2025-10-07T11:53:51.5293372Z   GH_TOKEN: ***
end-workflow	Finaliza el workflow	2025-10-07T11:53:51.5294505Z ##[endgroup]
end-workflow	Finaliza el workflow	2025-10-07T11:53:51.5399906Z End process
end-workflow	Finaliza el workflow	2025-10-07T11:53:51.5402722Z Se finaliza Ka0s 18311723382
end-workflow	Post Checkout code	﻿2025-10-07T11:53:52.2255495Z Post job cleanup.
end-workflow	Post Checkout code	2025-10-07T11:53:52.3713747Z [command]/usr/bin/git version
end-workflow	Post Checkout code	2025-10-07T11:53:52.3762739Z git version 2.51.0
end-workflow	Post Checkout code	2025-10-07T11:53:52.3828061Z Temporarily overriding HOME='/home/runner/_work/_temp/482dffde-95ea-4729-90b3-ecdb1098e8a9' before making global git config changes
end-workflow	Post Checkout code	2025-10-07T11:53:52.3832359Z Adding repository directory to the temporary git global config as a safe directory
end-workflow	Post Checkout code	2025-10-07T11:53:52.3838021Z [command]/usr/bin/git config --global --add safe.directory /home/runner/_work/ka0s/ka0s
end-workflow	Post Checkout code	2025-10-07T11:53:52.3890757Z [command]/usr/bin/git config --local --name-only --get-regexp core\.sshCommand
end-workflow	Post Checkout code	2025-10-07T11:53:52.3952733Z [command]/usr/bin/git submodule foreach --recursive sh -c "git config --local --name-only --get-regexp 'core\.sshCommand' && git config --local --unset-all 'core.sshCommand' || :"
end-workflow	Post Checkout code	2025-10-07T11:53:52.4290859Z [command]/usr/bin/git config --local --name-only --get-regexp http\.https\:\/\/github\.com\/\.extraheader
end-workflow	Post Checkout code	2025-10-07T11:53:52.4321407Z http.https://github.com/.extraheader
end-workflow	Post Checkout code	2025-10-07T11:53:52.4340812Z [command]/usr/bin/git config --local --unset-all http.https://github.com/.extraheader
end-workflow	Post Checkout code	2025-10-07T11:53:52.4384502Z [command]/usr/bin/git submodule foreach --recursive sh -c "git config --local --name-only --get-regexp 'http\.https\:\/\/github\.com\/\.extraheader' && git config --local --unset-all 'http.https://github.com/.extraheader' || :"
end-workflow	Complete job	﻿2025-10-07T11:53:52.5018113Z Cleaning up orphan processes
