job-core	Set up job	﻿2025-10-07T16:16:32.8979590Z Current runner version: '2.328.0'
job-core	Set up job	2025-10-07T16:16:32.9033812Z Runner name: 'f7747794c9a8'
job-core	Set up job	2025-10-07T16:16:32.9034707Z Runner group name: 'swarm-runners'
job-core	Set up job	2025-10-07T16:16:32.9158483Z Machine name: 'f7747794c9a8'
job-core	Set up job	2025-10-07T16:16:32.9162151Z ##[group]GITHUB_TOKEN Permissions
job-core	Set up job	2025-10-07T16:16:32.9165086Z Actions: write
job-core	Set up job	2025-10-07T16:16:32.9165593Z Contents: write
job-core	Set up job	2025-10-07T16:16:32.9166040Z Issues: write
job-core	Set up job	2025-10-07T16:16:32.9166479Z Metadata: read
job-core	Set up job	2025-10-07T16:16:32.9166930Z PullRequests: write
job-core	Set up job	2025-10-07T16:16:32.9218048Z ##[endgroup]
job-core	Set up job	2025-10-07T16:16:32.9220812Z Secret source: Actions
job-core	Set up job	2025-10-07T16:16:32.9221851Z Prepare workflow directory
job-core	Set up job	2025-10-07T16:16:33.9253691Z Prepare all required actions
job-core	Set up job	2025-10-07T16:16:34.0118212Z Getting action download info
job-core	Set up job	2025-10-07T16:16:36.0509514Z Download action repository 'actions/checkout@v4' (SHA:08eba0b27e820071cde6df949e0beb9ba4906955)
job-core	Set up job	2025-10-07T16:16:37.4236504Z Download action repository 'actions/setup-node@v2' (SHA:7c12f8017d5436eb855f1ed4399f037a36fbd9e8)
job-core	Set up job	2025-10-07T16:16:39.9743589Z Complete job name: job-core
job-core	Checkout code	﻿2025-10-07T16:16:41.1104556Z ##[group]Run actions/checkout@v4
job-core	Checkout code	2025-10-07T16:16:41.1148598Z with:
job-core	Checkout code	2025-10-07T16:16:41.1149669Z   fetch-depth: 0
job-core	Checkout code	2025-10-07T16:16:41.1150722Z   token: ***
job-core	Checkout code	2025-10-07T16:16:41.1151283Z   repository: Ka0s-Klaus/ka0s
job-core	Checkout code	2025-10-07T16:16:41.1151973Z   ssh-strict: true
job-core	Checkout code	2025-10-07T16:16:41.1152526Z   ssh-user: git
job-core	Checkout code	2025-10-07T16:16:41.1153100Z   persist-credentials: true
job-core	Checkout code	2025-10-07T16:16:41.1153755Z   clean: true
job-core	Checkout code	2025-10-07T16:16:41.1154368Z   sparse-checkout-cone-mode: true
job-core	Checkout code	2025-10-07T16:16:41.1155146Z   fetch-tags: false
job-core	Checkout code	2025-10-07T16:16:41.1155731Z   show-progress: true
job-core	Checkout code	2025-10-07T16:16:41.1156389Z   lfs: false
job-core	Checkout code	2025-10-07T16:16:41.1156968Z   submodules: false
job-core	Checkout code	2025-10-07T16:16:41.1294359Z   set-safe-directory: true
job-core	Checkout code	2025-10-07T16:16:41.1295943Z env:
job-core	Checkout code	2025-10-07T16:16:41.1296497Z   KAOS_MODULE: [Ka0S] JSONLINT
job-core	Checkout code	2025-10-07T16:16:41.1297745Z   GH_TOKEN: ***
job-core	Checkout code	2025-10-07T16:16:41.1298458Z   KAOS_JSONLINT_CONFIG: core/config/.jsonlint.json
job-core	Checkout code	2025-10-07T16:16:41.1299467Z   KAOS_PATH_RESUME: audit/jsonlint/
job-core	Checkout code	2025-10-07T16:16:41.1353282Z   KAOS_REPO: /actions-runner/_work/kaos/kaos
job-core	Checkout code	2025-10-07T16:16:41.1354304Z   KAOS_STEP_MODULE: 
job-core	Checkout code	2025-10-07T16:16:41.1354901Z   KAOS_CODE: 18319063795
job-core	Checkout code	2025-10-07T16:16:41.1355529Z   KAOS_REF_BRANCH: main
job-core	Checkout code	2025-10-07T16:16:41.1356118Z ##[endgroup]
job-core	Checkout code	2025-10-07T16:16:43.1747791Z Syncing repository: Ka0s-Klaus/ka0s
job-core	Checkout code	2025-10-07T16:16:43.1750618Z ##[group]Getting Git version info
job-core	Checkout code	2025-10-07T16:16:43.1751776Z Working directory is '/home/runner/_work/ka0s/ka0s'
job-core	Checkout code	2025-10-07T16:16:43.1833084Z [command]/usr/bin/git version
job-core	Checkout code	2025-10-07T16:16:43.1877056Z git version 2.51.0
job-core	Checkout code	2025-10-07T16:16:43.2031191Z ##[endgroup]
job-core	Checkout code	2025-10-07T16:16:43.2138469Z Temporarily overriding HOME='/home/runner/_work/_temp/243fa133-f3c9-4979-a253-e7ad0c7af692' before making global git config changes
job-core	Checkout code	2025-10-07T16:16:43.2184020Z Adding repository directory to the temporary git global config as a safe directory
job-core	Checkout code	2025-10-07T16:16:43.2261155Z [command]/usr/bin/git config --global --add safe.directory /home/runner/_work/ka0s/ka0s
job-core	Checkout code	2025-10-07T16:16:43.2563657Z Deleting the contents of '/home/runner/_work/ka0s/ka0s'
job-core	Checkout code	2025-10-07T16:16:43.2626637Z ##[group]Initializing the repository
job-core	Checkout code	2025-10-07T16:16:43.2762236Z [command]/usr/bin/git init /home/runner/_work/ka0s/ka0s
job-core	Checkout code	2025-10-07T16:16:43.3870000Z hint: Using 'master' as the name for the initial branch. This default branch name
job-core	Checkout code	2025-10-07T16:16:43.4110188Z hint: is subject to change. To configure the initial branch name to use in all
job-core	Checkout code	2025-10-07T16:16:43.4152676Z hint: of your new repositories, which will suppress this warning, call:
job-core	Checkout code	2025-10-07T16:16:43.4205044Z hint:
job-core	Checkout code	2025-10-07T16:16:43.4227848Z hint: 	git config --global init.defaultBranch <name>
job-core	Checkout code	2025-10-07T16:16:43.4407541Z hint:
job-core	Checkout code	2025-10-07T16:16:43.4409715Z hint: Names commonly chosen instead of 'master' are 'main', 'trunk' and
job-core	Checkout code	2025-10-07T16:16:43.4412180Z hint: 'development'. The just-created branch can be renamed via this command:
job-core	Checkout code	2025-10-07T16:16:43.4418438Z hint:
job-core	Checkout code	2025-10-07T16:16:43.4441331Z hint: 	git branch -m <name>
job-core	Checkout code	2025-10-07T16:16:43.4472688Z hint:
job-core	Checkout code	2025-10-07T16:16:43.4517188Z hint: Disable this message with "git config set advice.defaultBranchName false"
job-core	Checkout code	2025-10-07T16:16:43.4616735Z Initialized empty Git repository in /home/runner/_work/ka0s/ka0s/.git/
job-core	Checkout code	2025-10-07T16:16:43.5145103Z [command]/usr/bin/git remote add origin https://github.com/Ka0s-Klaus/ka0s
job-core	Checkout code	2025-10-07T16:16:43.5533718Z ##[endgroup]
job-core	Checkout code	2025-10-07T16:16:43.5537132Z ##[group]Disabling automatic garbage collection
job-core	Checkout code	2025-10-07T16:16:43.5541364Z [command]/usr/bin/git config --local gc.auto 0
job-core	Checkout code	2025-10-07T16:16:43.6741300Z ##[endgroup]
job-core	Checkout code	2025-10-07T16:16:43.6743441Z ##[group]Setting up auth
job-core	Checkout code	2025-10-07T16:16:43.6791650Z [command]/usr/bin/git config --local --name-only --get-regexp core\.sshCommand
job-core	Checkout code	2025-10-07T16:16:43.7031410Z [command]/usr/bin/git submodule foreach --recursive sh -c "git config --local --name-only --get-regexp 'core\.sshCommand' && git config --local --unset-all 'core.sshCommand' || :"
job-core	Checkout code	2025-10-07T16:16:44.0405674Z [command]/usr/bin/git config --local --name-only --get-regexp http\.https\:\/\/github\.com\/\.extraheader
job-core	Checkout code	2025-10-07T16:16:44.0692491Z [command]/usr/bin/git submodule foreach --recursive sh -c "git config --local --name-only --get-regexp 'http\.https\:\/\/github\.com\/\.extraheader' && git config --local --unset-all 'http.https://github.com/.extraheader' || :"
job-core	Checkout code	2025-10-07T16:16:44.4395178Z [command]/usr/bin/git config --local http.https://github.com/.extraheader AUTHORIZATION: basic ***
job-core	Checkout code	2025-10-07T16:16:44.5205384Z ##[endgroup]
job-core	Checkout code	2025-10-07T16:16:44.5206991Z ##[group]Fetching the repository
job-core	Checkout code	2025-10-07T16:16:44.5209685Z [command]/usr/bin/git -c protocol.version=2 fetch --prune --no-recurse-submodules origin +refs/heads/*:refs/remotes/origin/* +refs/tags/*:refs/tags/*
job-core	Checkout code	2025-10-07T16:18:37.5773169Z From https://github.com/Ka0s-Klaus/ka0s
job-core	Checkout code	2025-10-07T16:18:37.5774120Z  * [new branch]        F1149-desarrollo-de-orchestrator -> origin/F1149-desarrollo-de-orchestrator
job-core	Checkout code	2025-10-07T16:18:37.5867137Z  * [new branch]        F1183-personalización-módulo-finops -> origin/F1183-personalización-módulo-finops
job-core	Checkout code	2025-10-07T16:18:37.5905480Z  * [new branch]        F1224-new-module-mongodb -> origin/F1224-new-module-mongodb
job-core	Checkout code	2025-10-07T16:18:37.5906663Z  * [new branch]        F220-web-de-resultados  -> origin/F220-web-de-resultados
job-core	Checkout code	2025-10-07T16:18:37.5907816Z  * [new branch]        F227-despliegue-de-kube-independiente-del-clouder -> origin/F227-despliegue-de-kube-independiente-del-clouder
job-core	Checkout code	2025-10-07T16:18:37.5939107Z  * [new branch]        F329-documentacion-metodologia-de-kaos -> origin/F329-documentacion-metodologia-de-kaos
job-core	Checkout code	2025-10-07T16:18:37.5940752Z  * [new branch]        F44-creación-módulo-versionado -> origin/F44-creación-módulo-versionado
job-core	Checkout code	2025-10-07T16:18:37.5941729Z  * [new branch]        H1128-módulo-de-observabilidad -> origin/H1128-módulo-de-observabilidad
job-core	Checkout code	2025-10-07T16:18:37.5942547Z  * [new branch]        H1139-como-instalar-arc-control -> origin/H1139-como-instalar-arc-control
job-core	Checkout code	2025-10-07T16:18:37.5943431Z  * [new branch]        H1149-desarrollo-de-orchestrator -> origin/H1149-desarrollo-de-orchestrator
job-core	Checkout code	2025-10-07T16:18:37.5944447Z  * [new branch]        H1150-desarrollo-de-secciones -> origin/H1150-desarrollo-de-secciones
job-core	Checkout code	2025-10-07T16:18:37.5945380Z  * [new branch]        H1151-desarrollo-de-secciones-ii -> origin/H1151-desarrollo-de-secciones-ii
job-core	Checkout code	2025-10-07T16:18:37.5946331Z  * [new branch]        H1152-desarrollo-inicio -> origin/H1152-desarrollo-inicio
job-core	Checkout code	2025-10-07T16:18:37.5947647Z  * [new branch]        H1183-personalización-módulo-finops -> origin/H1183-personalización-módulo-finops
job-core	Checkout code	2025-10-07T16:18:37.5951673Z  * [new branch]        H1193-ejemplo-web-documentacion -> origin/H1193-ejemplo-web-documentacion
job-core	Checkout code	2025-10-07T16:18:37.5969737Z  * [new branch]        H1205-web-creation      -> origin/H1205-web-creation
job-core	Checkout code	2025-10-07T16:18:37.5971174Z  * [new branch]        H1224-new-module-mongodb -> origin/H1224-new-module-mongodb
job-core	Checkout code	2025-10-07T16:18:37.5985089Z  * [new branch]        H1410-modulo-execution  -> origin/H1410-modulo-execution
job-core	Checkout code	2025-10-07T16:18:37.6029332Z  * [new branch]        H1514-new-swarm-deployment-stack-with-actions-runners-autoscale -> origin/H1514-new-swarm-deployment-stack-with-actions-runners-autoscale
job-core	Checkout code	2025-10-07T16:18:37.6030593Z  * [new branch]        H1646-modulo-de-control-de-runners -> origin/H1646-modulo-de-control-de-runners
job-core	Checkout code	2025-10-07T16:18:37.6031256Z  * [new branch]        H215-modulo-de-summary  -> origin/H215-modulo-de-summary
job-core	Checkout code	2025-10-07T16:18:37.6031810Z  * [new branch]        H220-web-de-resultados  -> origin/H220-web-de-resultados
job-core	Checkout code	2025-10-07T16:18:37.6032643Z  * [new branch]        H227-despliegue-de-kube-independiente-del-clouder -> origin/H227-despliegue-de-kube-independiente-del-clouder
job-core	Checkout code	2025-10-07T16:18:37.6033551Z  * [new branch]        H306-ficheros-de-estadisticas -> origin/H306-ficheros-de-estadisticas
job-core	Checkout code	2025-10-07T16:18:37.6034364Z  * [new branch]        H328-documentacion-modulo-principal-de-kaos -> origin/H328-documentacion-modulo-principal-de-kaos
job-core	Checkout code	2025-10-07T16:18:37.6035304Z  * [new branch]        H329-documentacion-metodologia-de-kaos -> origin/H329-documentacion-metodologia-de-kaos
job-core	Checkout code	2025-10-07T16:18:37.6037007Z  * [new branch]        H338-relanzador-de-jobs-en-caso-de-pattern -> origin/H338-relanzador-de-jobs-en-caso-de-pattern
job-core	Checkout code	2025-10-07T16:18:37.6038011Z  * [new branch]        H38-documentacion-basica-del-proyecto -> origin/H38-documentacion-basica-del-proyecto
job-core	Checkout code	2025-10-07T16:18:37.6039218Z  * [new branch]        H44-creación-módulo-versionado -> origin/H44-creación-módulo-versionado
job-core	Checkout code	2025-10-07T16:18:37.6040233Z  * [new branch]        RN1149-desarrollo-de-orchestrator -> origin/RN1149-desarrollo-de-orchestrator
job-core	Checkout code	2025-10-07T16:18:37.6041344Z  * [new branch]        RN1183-personalización-módulo-finops -> origin/RN1183-personalización-módulo-finops
job-core	Checkout code	2025-10-07T16:18:37.6042591Z  * [new branch]        RN1282-ka0s-error-detected-in-ka0s-workflow-statistics-summary -> origin/RN1282-ka0s-error-detected-in-ka0s-workflow-statistics-summary
job-core	Checkout code	2025-10-07T16:18:37.6043825Z  * [new branch]        RN220-web-de-resultados -> origin/RN220-web-de-resultados
job-core	Checkout code	2025-10-07T16:18:37.6045259Z  * [new branch]        RN227-despliegue-de-kube-independiente-del-clouder -> origin/RN227-despliegue-de-kube-independiente-del-clouder
job-core	Checkout code	2025-10-07T16:18:37.6046474Z  * [new branch]        RN329-documentacion-metodologia-de-kaos -> origin/RN329-documentacion-metodologia-de-kaos
job-core	Checkout code	2025-10-07T16:18:37.6047235Z  * [new branch]        main                    -> origin/main
job-core	Checkout code	2025-10-07T16:18:37.6450594Z  * [new tag]           0.0.0                   -> 0.0.0
job-core	Checkout code	2025-10-07T16:18:37.6451300Z  * [new tag]           0.0.1                   -> 0.0.1
job-core	Checkout code	2025-10-07T16:18:37.6451751Z  * [new tag]           0.0.10                  -> 0.0.10
job-core	Checkout code	2025-10-07T16:18:37.6452204Z  * [new tag]           0.0.100                 -> 0.0.100
job-core	Checkout code	2025-10-07T16:18:37.6452601Z  * [new tag]           0.0.101                 -> 0.0.101
job-core	Checkout code	2025-10-07T16:18:37.6452990Z  * [new tag]           0.0.102                 -> 0.0.102
job-core	Checkout code	2025-10-07T16:18:37.6453367Z  * [new tag]           0.0.103                 -> 0.0.103
job-core	Checkout code	2025-10-07T16:18:37.6453829Z  * [new tag]           0.0.104                 -> 0.0.104
job-core	Checkout code	2025-10-07T16:18:37.6454267Z  * [new tag]           0.0.105                 -> 0.0.105
job-core	Checkout code	2025-10-07T16:18:37.6454684Z  * [new tag]           0.0.106                 -> 0.0.106
job-core	Checkout code	2025-10-07T16:18:37.6455078Z  * [new tag]           0.0.107                 -> 0.0.107
job-core	Checkout code	2025-10-07T16:18:37.6455500Z  * [new tag]           0.0.108                 -> 0.0.108
job-core	Checkout code	2025-10-07T16:18:37.6455884Z  * [new tag]           0.0.109                 -> 0.0.109
job-core	Checkout code	2025-10-07T16:18:37.6456273Z  * [new tag]           0.0.11                  -> 0.0.11
job-core	Checkout code	2025-10-07T16:18:37.6456710Z  * [new tag]           0.0.110                 -> 0.0.110
job-core	Checkout code	2025-10-07T16:18:37.6457214Z  * [new tag]           0.0.111                 -> 0.0.111
job-core	Checkout code	2025-10-07T16:18:37.6623372Z  * [new tag]           0.0.112                 -> 0.0.112
job-core	Checkout code	2025-10-07T16:18:37.6623940Z  * [new tag]           0.0.113                 -> 0.0.113
job-core	Checkout code	2025-10-07T16:18:37.6624457Z  * [new tag]           0.0.114                 -> 0.0.114
job-core	Checkout code	2025-10-07T16:18:37.6625566Z  * [new tag]           0.0.115                 -> 0.0.115
job-core	Checkout code	2025-10-07T16:18:37.6626006Z  * [new tag]           0.0.116                 -> 0.0.116
job-core	Checkout code	2025-10-07T16:18:37.6626432Z  * [new tag]           0.0.117                 -> 0.0.117
job-core	Checkout code	2025-10-07T16:18:37.6626842Z  * [new tag]           0.0.118                 -> 0.0.118
job-core	Checkout code	2025-10-07T16:18:37.6627231Z  * [new tag]           0.0.119                 -> 0.0.119
job-core	Checkout code	2025-10-07T16:18:37.6714833Z  * [new tag]           0.0.12                  -> 0.0.12
job-core	Checkout code	2025-10-07T16:18:37.6715337Z  * [new tag]           0.0.120                 -> 0.0.120
job-core	Checkout code	2025-10-07T16:18:37.6715720Z  * [new tag]           0.0.121                 -> 0.0.121
job-core	Checkout code	2025-10-07T16:18:37.6716106Z  * [new tag]           0.0.122                 -> 0.0.122
job-core	Checkout code	2025-10-07T16:18:37.6716479Z  * [new tag]           0.0.123                 -> 0.0.123
job-core	Checkout code	2025-10-07T16:18:37.6716833Z  * [new tag]           0.0.124                 -> 0.0.124
job-core	Checkout code	2025-10-07T16:18:37.6717229Z  * [new tag]           0.0.125                 -> 0.0.125
job-core	Checkout code	2025-10-07T16:18:37.6718318Z  * [new tag]           0.0.126                 -> 0.0.126
job-core	Checkout code	2025-10-07T16:18:37.6718682Z  * [new tag]           0.0.127                 -> 0.0.127
job-core	Checkout code	2025-10-07T16:18:37.6719043Z  * [new tag]           0.0.128                 -> 0.0.128
job-core	Checkout code	2025-10-07T16:18:37.6719400Z  * [new tag]           0.0.129                 -> 0.0.129
job-core	Checkout code	2025-10-07T16:18:37.6719747Z  * [new tag]           0.0.13                  -> 0.0.13
job-core	Checkout code	2025-10-07T16:18:37.6720109Z  * [new tag]           0.0.130                 -> 0.0.130
job-core	Checkout code	2025-10-07T16:18:37.6720464Z  * [new tag]           0.0.131                 -> 0.0.131
job-core	Checkout code	2025-10-07T16:18:37.6720819Z  * [new tag]           0.0.132                 -> 0.0.132
job-core	Checkout code	2025-10-07T16:18:37.6721173Z  * [new tag]           0.0.133                 -> 0.0.133
job-core	Checkout code	2025-10-07T16:18:37.6721533Z  * [new tag]           0.0.134                 -> 0.0.134
job-core	Checkout code	2025-10-07T16:18:37.6736670Z  * [new tag]           0.0.135                 -> 0.0.135
job-core	Checkout code	2025-10-07T16:18:37.7378313Z  * [new tag]           0.0.136                 -> 0.0.136
job-core	Checkout code	2025-10-07T16:18:37.7379228Z  * [new tag]           0.0.137                 -> 0.0.137
job-core	Checkout code	2025-10-07T16:18:37.7379612Z  * [new tag]           0.0.138                 -> 0.0.138
job-core	Checkout code	2025-10-07T16:18:37.7379992Z  * [new tag]           0.0.139                 -> 0.0.139
job-core	Checkout code	2025-10-07T16:18:37.7380368Z  * [new tag]           0.0.14                  -> 0.0.14
job-core	Checkout code	2025-10-07T16:18:37.7380744Z  * [new tag]           0.0.140                 -> 0.0.140
job-core	Checkout code	2025-10-07T16:18:37.7381099Z  * [new tag]           0.0.141                 -> 0.0.141
job-core	Checkout code	2025-10-07T16:18:37.7381456Z  * [new tag]           0.0.142                 -> 0.0.142
job-core	Checkout code	2025-10-07T16:18:37.7381818Z  * [new tag]           0.0.143                 -> 0.0.143
job-core	Checkout code	2025-10-07T16:18:37.7382179Z  * [new tag]           0.0.144                 -> 0.0.144
job-core	Checkout code	2025-10-07T16:18:37.7382545Z  * [new tag]           0.0.145                 -> 0.0.145
job-core	Checkout code	2025-10-07T16:18:37.7382914Z  * [new tag]           0.0.146                 -> 0.0.146
job-core	Checkout code	2025-10-07T16:18:37.7383317Z  * [new tag]           0.0.147                 -> 0.0.147
job-core	Checkout code	2025-10-07T16:18:37.7383710Z  * [new tag]           0.0.148                 -> 0.0.148
job-core	Checkout code	2025-10-07T16:18:37.7384094Z  * [new tag]           0.0.149                 -> 0.0.149
job-core	Checkout code	2025-10-07T16:18:37.7384468Z  * [new tag]           0.0.15                  -> 0.0.15
job-core	Checkout code	2025-10-07T16:18:37.7384856Z  * [new tag]           0.0.150                 -> 0.0.150
job-core	Checkout code	2025-10-07T16:18:37.7385236Z  * [new tag]           0.0.151                 -> 0.0.151
job-core	Checkout code	2025-10-07T16:18:37.7385659Z  * [new tag]           0.0.152                 -> 0.0.152
job-core	Checkout code	2025-10-07T16:18:37.7386064Z  * [new tag]           0.0.153                 -> 0.0.153
job-core	Checkout code	2025-10-07T16:18:37.7386453Z  * [new tag]           0.0.154                 -> 0.0.154
job-core	Checkout code	2025-10-07T16:18:37.7386849Z  * [new tag]           0.0.155                 -> 0.0.155
job-core	Checkout code	2025-10-07T16:18:37.7387241Z  * [new tag]           0.0.156                 -> 0.0.156
job-core	Checkout code	2025-10-07T16:18:37.7387861Z  * [new tag]           0.0.157                 -> 0.0.157
job-core	Checkout code	2025-10-07T16:18:37.7388964Z  * [new tag]           0.0.158                 -> 0.0.158
job-core	Checkout code	2025-10-07T16:18:37.7389389Z  * [new tag]           0.0.159                 -> 0.0.159
job-core	Checkout code	2025-10-07T16:18:37.7389766Z  * [new tag]           0.0.16                  -> 0.0.16
job-core	Checkout code	2025-10-07T16:18:37.7390151Z  * [new tag]           0.0.160                 -> 0.0.160
job-core	Checkout code	2025-10-07T16:18:37.7390543Z  * [new tag]           0.0.161                 -> 0.0.161
job-core	Checkout code	2025-10-07T16:18:37.7390967Z  * [new tag]           0.0.162                 -> 0.0.162
job-core	Checkout code	2025-10-07T16:18:37.7391379Z  * [new tag]           0.0.163                 -> 0.0.163
job-core	Checkout code	2025-10-07T16:18:37.7391849Z  * [new tag]           0.0.164                 -> 0.0.164
job-core	Checkout code	2025-10-07T16:18:37.7392304Z  * [new tag]           0.0.165                 -> 0.0.165
job-core	Checkout code	2025-10-07T16:18:37.7392770Z  * [new tag]           0.0.166                 -> 0.0.166
job-core	Checkout code	2025-10-07T16:18:37.7393220Z  * [new tag]           0.0.167                 -> 0.0.167
job-core	Checkout code	2025-10-07T16:18:37.7393597Z  * [new tag]           0.0.168                 -> 0.0.168
job-core	Checkout code	2025-10-07T16:18:37.7393997Z  * [new tag]           0.0.169                 -> 0.0.169
job-core	Checkout code	2025-10-07T16:18:37.7394914Z  * [new tag]           0.0.17                  -> 0.0.17
job-core	Checkout code	2025-10-07T16:18:37.7395309Z  * [new tag]           0.0.170                 -> 0.0.170
job-core	Checkout code	2025-10-07T16:18:37.7395713Z  * [new tag]           0.0.171                 -> 0.0.171
job-core	Checkout code	2025-10-07T16:18:37.7396133Z  * [new tag]           0.0.172                 -> 0.0.172
job-core	Checkout code	2025-10-07T16:18:37.7396551Z  * [new tag]           0.0.173                 -> 0.0.173
job-core	Checkout code	2025-10-07T16:18:37.7928509Z  * [new tag]           0.0.174                 -> 0.0.174
job-core	Checkout code	2025-10-07T16:18:37.7929276Z  * [new tag]           0.0.175                 -> 0.0.175
job-core	Checkout code	2025-10-07T16:18:37.7929702Z  * [new tag]           0.0.176                 -> 0.0.176
job-core	Checkout code	2025-10-07T16:18:37.7930082Z  * [new tag]           0.0.177                 -> 0.0.177
job-core	Checkout code	2025-10-07T16:18:37.7930471Z  * [new tag]           0.0.178                 -> 0.0.178
job-core	Checkout code	2025-10-07T16:18:37.7930937Z  * [new tag]           0.0.179                 -> 0.0.179
job-core	Checkout code	2025-10-07T16:18:37.7931368Z  * [new tag]           0.0.18                  -> 0.0.18
job-core	Checkout code	2025-10-07T16:18:37.7931796Z  * [new tag]           0.0.19                  -> 0.0.19
job-core	Checkout code	2025-10-07T16:18:37.7932182Z  * [new tag]           0.0.2                   -> 0.0.2
job-core	Checkout code	2025-10-07T16:18:37.7932547Z  * [new tag]           0.0.20                  -> 0.0.20
job-core	Checkout code	2025-10-07T16:18:37.7932922Z  * [new tag]           0.0.21                  -> 0.0.21
job-core	Checkout code	2025-10-07T16:18:37.7933300Z  * [new tag]           0.0.22                  -> 0.0.22
job-core	Checkout code	2025-10-07T16:18:37.7933691Z  * [new tag]           0.0.23                  -> 0.0.23
job-core	Checkout code	2025-10-07T16:18:37.7934096Z  * [new tag]           0.0.24                  -> 0.0.24
job-core	Checkout code	2025-10-07T16:18:37.7934502Z  * [new tag]           0.0.25                  -> 0.0.25
job-core	Checkout code	2025-10-07T16:18:37.7934929Z  * [new tag]           0.0.26                  -> 0.0.26
job-core	Checkout code	2025-10-07T16:18:37.7935310Z  * [new tag]           0.0.27                  -> 0.0.27
job-core	Checkout code	2025-10-07T16:18:37.7935692Z  * [new tag]           0.0.28                  -> 0.0.28
job-core	Checkout code	2025-10-07T16:18:37.7936128Z  * [new tag]           0.0.29                  -> 0.0.29
job-core	Checkout code	2025-10-07T16:18:37.7936519Z  * [new tag]           0.0.3                   -> 0.0.3
job-core	Checkout code	2025-10-07T16:18:37.7936906Z  * [new tag]           0.0.30                  -> 0.0.30
job-core	Checkout code	2025-10-07T16:18:37.7937286Z  * [new tag]           0.0.31                  -> 0.0.31
job-core	Checkout code	2025-10-07T16:18:37.7937782Z  * [new tag]           0.0.32                  -> 0.0.32
job-core	Checkout code	2025-10-07T16:18:37.7938145Z  * [new tag]           0.0.33                  -> 0.0.33
job-core	Checkout code	2025-10-07T16:18:37.8277084Z  * [new tag]           0.0.34                  -> 0.0.34
job-core	Checkout code	2025-10-07T16:18:37.8277682Z  * [new tag]           0.0.35                  -> 0.0.35
job-core	Checkout code	2025-10-07T16:18:37.8278040Z  * [new tag]           0.0.36                  -> 0.0.36
job-core	Checkout code	2025-10-07T16:18:37.8278389Z  * [new tag]           0.0.37                  -> 0.0.37
job-core	Checkout code	2025-10-07T16:18:37.8278749Z  * [new tag]           0.0.38                  -> 0.0.38
job-core	Checkout code	2025-10-07T16:18:37.8279497Z  * [new tag]           0.0.39                  -> 0.0.39
job-core	Checkout code	2025-10-07T16:18:37.8279872Z  * [new tag]           0.0.4                   -> 0.0.4
job-core	Checkout code	2025-10-07T16:18:37.8280240Z  * [new tag]           0.0.40                  -> 0.0.40
job-core	Checkout code	2025-10-07T16:18:37.8280617Z  * [new tag]           0.0.41                  -> 0.0.41
job-core	Checkout code	2025-10-07T16:18:37.8280966Z  * [new tag]           0.0.42                  -> 0.0.42
job-core	Checkout code	2025-10-07T16:18:37.8281313Z  * [new tag]           0.0.43                  -> 0.0.43
job-core	Checkout code	2025-10-07T16:18:37.8281666Z  * [new tag]           0.0.44                  -> 0.0.44
job-core	Checkout code	2025-10-07T16:18:37.8282020Z  * [new tag]           0.0.45                  -> 0.0.45
job-core	Checkout code	2025-10-07T16:18:37.8282368Z  * [new tag]           0.0.46                  -> 0.0.46
job-core	Checkout code	2025-10-07T16:18:37.8282718Z  * [new tag]           0.0.47                  -> 0.0.47
job-core	Checkout code	2025-10-07T16:18:37.8283069Z  * [new tag]           0.0.48                  -> 0.0.48
job-core	Checkout code	2025-10-07T16:18:37.8283422Z  * [new tag]           0.0.49                  -> 0.0.49
job-core	Checkout code	2025-10-07T16:18:37.8283788Z  * [new tag]           0.0.5                   -> 0.0.5
job-core	Checkout code	2025-10-07T16:18:37.8284331Z  * [new tag]           0.0.50                  -> 0.0.50
job-core	Checkout code	2025-10-07T16:18:37.8284678Z  * [new tag]           0.0.51                  -> 0.0.51
job-core	Checkout code	2025-10-07T16:18:37.8285024Z  * [new tag]           0.0.52                  -> 0.0.52
job-core	Checkout code	2025-10-07T16:18:37.8285365Z  * [new tag]           0.0.53                  -> 0.0.53
job-core	Checkout code	2025-10-07T16:18:37.8285944Z  * [new tag]           0.0.54                  -> 0.0.54
job-core	Checkout code	2025-10-07T16:18:37.8286301Z  * [new tag]           0.0.55                  -> 0.0.55
job-core	Checkout code	2025-10-07T16:18:37.8286655Z  * [new tag]           0.0.56                  -> 0.0.56
job-core	Checkout code	2025-10-07T16:18:37.8287008Z  * [new tag]           0.0.57                  -> 0.0.57
job-core	Checkout code	2025-10-07T16:18:37.8873749Z  * [new tag]           0.0.58                  -> 0.0.58
job-core	Checkout code	2025-10-07T16:18:37.8874720Z  * [new tag]           0.0.59                  -> 0.0.59
job-core	Checkout code	2025-10-07T16:18:37.8875087Z  * [new tag]           0.0.6                   -> 0.0.6
job-core	Checkout code	2025-10-07T16:18:37.8875505Z  * [new tag]           0.0.60                  -> 0.0.60
job-core	Checkout code	2025-10-07T16:18:37.8875909Z  * [new tag]           0.0.61                  -> 0.0.61
job-core	Checkout code	2025-10-07T16:18:37.8876357Z  * [new tag]           0.0.62                  -> 0.0.62
job-core	Checkout code	2025-10-07T16:18:37.8876775Z  * [new tag]           0.0.63                  -> 0.0.63
job-core	Checkout code	2025-10-07T16:18:37.8877182Z  * [new tag]           0.0.64                  -> 0.0.64
job-core	Checkout code	2025-10-07T16:18:37.8877728Z  * [new tag]           0.0.65                  -> 0.0.65
job-core	Checkout code	2025-10-07T16:18:37.8878103Z  * [new tag]           0.0.66                  -> 0.0.66
job-core	Checkout code	2025-10-07T16:18:37.8878541Z  * [new tag]           0.0.67                  -> 0.0.67
job-core	Checkout code	2025-10-07T16:18:37.8878942Z  * [new tag]           0.0.68                  -> 0.0.68
job-core	Checkout code	2025-10-07T16:18:37.8879390Z  * [new tag]           0.0.69                  -> 0.0.69
job-core	Checkout code	2025-10-07T16:18:37.8879814Z  * [new tag]           0.0.7                   -> 0.0.7
job-core	Checkout code	2025-10-07T16:18:37.8880199Z  * [new tag]           0.0.70                  -> 0.0.70
job-core	Checkout code	2025-10-07T16:18:37.8880655Z  * [new tag]           0.0.71                  -> 0.0.71
job-core	Checkout code	2025-10-07T16:18:37.8881070Z  * [new tag]           0.0.72                  -> 0.0.72
job-core	Checkout code	2025-10-07T16:18:37.8881471Z  * [new tag]           0.0.73                  -> 0.0.73
job-core	Checkout code	2025-10-07T16:18:37.8881921Z  * [new tag]           0.0.74                  -> 0.0.74
job-core	Checkout code	2025-10-07T16:18:37.8882348Z  * [new tag]           0.0.75                  -> 0.0.75
job-core	Checkout code	2025-10-07T16:18:37.8882767Z  * [new tag]           0.0.76                  -> 0.0.76
job-core	Checkout code	2025-10-07T16:18:37.8883127Z  * [new tag]           0.0.77                  -> 0.0.77
job-core	Checkout code	2025-10-07T16:18:37.8883503Z  * [new tag]           0.0.78                  -> 0.0.78
job-core	Checkout code	2025-10-07T16:18:37.8883901Z  * [new tag]           0.0.79                  -> 0.0.79
job-core	Checkout code	2025-10-07T16:18:37.8884269Z  * [new tag]           0.0.8                   -> 0.0.8
job-core	Checkout code	2025-10-07T16:18:37.8884641Z  * [new tag]           0.0.80                  -> 0.0.80
job-core	Checkout code	2025-10-07T16:18:37.8885028Z  * [new tag]           0.0.81                  -> 0.0.81
job-core	Checkout code	2025-10-07T16:18:37.8886306Z  * [new tag]           0.0.82                  -> 0.0.82
job-core	Checkout code	2025-10-07T16:18:37.8886745Z  * [new tag]           0.0.83                  -> 0.0.83
job-core	Checkout code	2025-10-07T16:18:37.8887124Z  * [new tag]           0.0.84                  -> 0.0.84
job-core	Checkout code	2025-10-07T16:18:37.9111165Z  * [new tag]           0.0.85                  -> 0.0.85
job-core	Checkout code	2025-10-07T16:18:37.9111831Z  * [new tag]           0.0.86                  -> 0.0.86
job-core	Checkout code	2025-10-07T16:18:37.9112342Z  * [new tag]           0.0.87                  -> 0.0.87
job-core	Checkout code	2025-10-07T16:18:37.9112787Z  * [new tag]           0.0.88                  -> 0.0.88
job-core	Checkout code	2025-10-07T16:18:37.9113264Z  * [new tag]           0.0.89                  -> 0.0.89
job-core	Checkout code	2025-10-07T16:18:37.9113760Z  * [new tag]           0.0.9                   -> 0.0.9
job-core	Checkout code	2025-10-07T16:18:37.9114151Z  * [new tag]           0.0.90                  -> 0.0.90
job-core	Checkout code	2025-10-07T16:18:37.9114548Z  * [new tag]           0.0.91                  -> 0.0.91
job-core	Checkout code	2025-10-07T16:18:37.9114978Z  * [new tag]           0.0.92                  -> 0.0.92
job-core	Checkout code	2025-10-07T16:18:37.9115621Z  * [new tag]           0.0.93                  -> 0.0.93
job-core	Checkout code	2025-10-07T16:18:37.9117050Z  * [new tag]           0.0.94                  -> 0.0.94
job-core	Checkout code	2025-10-07T16:18:37.9117654Z  * [new tag]           0.0.95                  -> 0.0.95
job-core	Checkout code	2025-10-07T16:18:37.9298705Z  * [new tag]           0.0.96                  -> 0.0.96
job-core	Checkout code	2025-10-07T16:18:37.9299282Z  * [new tag]           0.0.97                  -> 0.0.97
job-core	Checkout code	2025-10-07T16:18:37.9299650Z  * [new tag]           0.0.98                  -> 0.0.98
job-core	Checkout code	2025-10-07T16:18:37.9300010Z  * [new tag]           0.0.99                  -> 0.0.99
job-core	Checkout code	2025-10-07T16:18:37.9300383Z  * [new tag]           0.1.0                   -> 0.1.0
job-core	Checkout code	2025-10-07T16:18:37.9300732Z  * [new tag]           0.1.1                   -> 0.1.1
job-core	Checkout code	2025-10-07T16:18:37.9301081Z  * [new tag]           0.2.0                   -> 0.2.0
job-core	Checkout code	2025-10-07T16:18:37.9301428Z  * [new tag]           0.3.0                   -> 0.3.0
job-core	Checkout code	2025-10-07T16:18:37.9301777Z  * [new tag]           0.3.1                   -> 0.3.1
job-core	Checkout code	2025-10-07T16:18:37.9302206Z  * [new tag]           0.3.10                  -> 0.3.10
job-core	Checkout code	2025-10-07T16:18:37.9302623Z  * [new tag]           0.3.11                  -> 0.3.11
job-core	Checkout code	2025-10-07T16:18:37.9302985Z  * [new tag]           0.3.12                  -> 0.3.12
job-core	Checkout code	2025-10-07T16:18:37.9303360Z  * [new tag]           0.3.13                  -> 0.3.13
job-core	Checkout code	2025-10-07T16:18:37.9303791Z  * [new tag]           0.3.14                  -> 0.3.14
job-core	Checkout code	2025-10-07T16:18:37.9304242Z  * [new tag]           0.3.15                  -> 0.3.15
job-core	Checkout code	2025-10-07T16:18:37.9304707Z  * [new tag]           0.3.16                  -> 0.3.16
job-core	Checkout code	2025-10-07T16:18:37.9305143Z  * [new tag]           0.3.17                  -> 0.3.17
job-core	Checkout code	2025-10-07T16:18:37.9305649Z  * [new tag]           0.3.2                   -> 0.3.2
job-core	Checkout code	2025-10-07T16:18:37.9306116Z  * [new tag]           0.3.3                   -> 0.3.3
job-core	Checkout code	2025-10-07T16:18:37.9306553Z  * [new tag]           0.3.4                   -> 0.3.4
job-core	Checkout code	2025-10-07T16:18:37.9307007Z  * [new tag]           0.3.5                   -> 0.3.5
job-core	Checkout code	2025-10-07T16:18:37.9744818Z  * [new tag]           0.3.6                   -> 0.3.6
job-core	Checkout code	2025-10-07T16:18:37.9745526Z  * [new tag]           0.3.7                   -> 0.3.7
job-core	Checkout code	2025-10-07T16:18:37.9745913Z  * [new tag]           0.3.8                   -> 0.3.8
job-core	Checkout code	2025-10-07T16:18:37.9746283Z  * [new tag]           0.3.9                   -> 0.3.9
job-core	Checkout code	2025-10-07T16:18:37.9746674Z  * [new tag]           0.4.0                   -> 0.4.0
job-core	Checkout code	2025-10-07T16:18:37.9747053Z  * [new tag]           0.4.1                   -> 0.4.1
job-core	Checkout code	2025-10-07T16:18:37.9985460Z  * [new tag]           0.4.10                  -> 0.4.10
job-core	Checkout code	2025-10-07T16:18:37.9986543Z  * [new tag]           0.4.2                   -> 0.4.2
job-core	Checkout code	2025-10-07T16:18:37.9986957Z  * [new tag]           0.4.3                   -> 0.4.3
job-core	Checkout code	2025-10-07T16:18:37.9987476Z  * [new tag]           0.4.4                   -> 0.4.4
job-core	Checkout code	2025-10-07T16:18:37.9987926Z  * [new tag]           0.4.5                   -> 0.4.5
job-core	Checkout code	2025-10-07T16:18:37.9988360Z  * [new tag]           0.4.6                   -> 0.4.6
job-core	Checkout code	2025-10-07T16:18:37.9989247Z  * [new tag]           0.4.7                   -> 0.4.7
job-core	Checkout code	2025-10-07T16:18:37.9989655Z  * [new tag]           0.4.8                   -> 0.4.8
job-core	Checkout code	2025-10-07T16:18:37.9990054Z  * [new tag]           0.4.9                   -> 0.4.9
job-core	Checkout code	2025-10-07T16:18:38.4843383Z [command]/usr/bin/git branch --list --remote origin/H1646-modulo-de-control-de-runners
job-core	Checkout code	2025-10-07T16:18:38.5200970Z   origin/H1646-modulo-de-control-de-runners
job-core	Checkout code	2025-10-07T16:18:38.5586805Z [command]/usr/bin/git rev-parse refs/remotes/origin/H1646-modulo-de-control-de-runners
job-core	Checkout code	2025-10-07T16:18:38.6037077Z 903759d54158e6df6241d433e53583757719978a
job-core	Checkout code	2025-10-07T16:18:38.6266506Z ##[endgroup]
job-core	Checkout code	2025-10-07T16:18:38.6410970Z ##[group]Determining the checkout info
job-core	Checkout code	2025-10-07T16:18:38.6466486Z ##[endgroup]
job-core	Checkout code	2025-10-07T16:18:38.6561558Z [command]/usr/bin/git sparse-checkout disable
job-core	Checkout code	2025-10-07T16:18:38.7493197Z [command]/usr/bin/git config --local --unset-all extensions.worktreeConfig
job-core	Checkout code	2025-10-07T16:18:38.8065755Z ##[group]Checking out the ref
job-core	Checkout code	2025-10-07T16:18:38.8369374Z [command]/usr/bin/git checkout --progress --force -B H1646-modulo-de-control-de-runners refs/remotes/origin/H1646-modulo-de-control-de-runners
job-core	Checkout code	2025-10-07T16:18:39.9323092Z Updating files:  30% (248/807)
job-core	Checkout code	2025-10-07T16:18:40.0355529Z Updating files:  31% (251/807)
job-core	Checkout code	2025-10-07T16:18:40.2339350Z Updating files:  32% (259/807)
job-core	Checkout code	2025-10-07T16:18:40.3600560Z Updating files:  33% (267/807)
job-core	Checkout code	2025-10-07T16:18:40.3606589Z Updating files:  34% (275/807)
job-core	Checkout code	2025-10-07T16:18:40.3606878Z Updating files:  35% (283/807)
job-core	Checkout code	2025-10-07T16:18:40.3696416Z Updating files:  36% (291/807)
job-core	Checkout code	2025-10-07T16:18:40.3699298Z Updating files:  37% (299/807)
job-core	Checkout code	2025-10-07T16:18:40.4285316Z Updating files:  38% (307/807)
job-core	Checkout code	2025-10-07T16:18:40.4286450Z Updating files:  39% (315/807)
job-core	Checkout code	2025-10-07T16:18:40.4290514Z Updating files:  40% (323/807)
job-core	Checkout code	2025-10-07T16:18:40.4290968Z Updating files:  41% (331/807)
job-core	Checkout code	2025-10-07T16:18:40.4291383Z Updating files:  42% (339/807)
job-core	Checkout code	2025-10-07T16:18:40.4291835Z Updating files:  43% (348/807)
job-core	Checkout code	2025-10-07T16:18:40.4644169Z Updating files:  44% (356/807)
job-core	Checkout code	2025-10-07T16:18:40.4644582Z Updating files:  45% (364/807)
job-core	Checkout code	2025-10-07T16:18:40.4644837Z Updating files:  46% (372/807)
job-core	Checkout code	2025-10-07T16:18:40.4645091Z Updating files:  47% (380/807)
job-core	Checkout code	2025-10-07T16:18:40.4645341Z Updating files:  48% (388/807)
job-core	Checkout code	2025-10-07T16:18:40.4645591Z Updating files:  49% (396/807)
job-core	Checkout code	2025-10-07T16:18:40.4645833Z Updating files:  50% (404/807)
job-core	Checkout code	2025-10-07T16:18:40.4646068Z Updating files:  51% (412/807)
job-core	Checkout code	2025-10-07T16:18:40.4646354Z Updating files:  52% (420/807)
job-core	Checkout code	2025-10-07T16:18:40.4646610Z Updating files:  53% (428/807)
job-core	Checkout code	2025-10-07T16:18:40.4646860Z Updating files:  54% (436/807)
job-core	Checkout code	2025-10-07T16:18:40.4647102Z Updating files:  55% (444/807)
job-core	Checkout code	2025-10-07T16:18:40.4647483Z Updating files:  56% (452/807)
job-core	Checkout code	2025-10-07T16:18:40.4647739Z Updating files:  57% (460/807)
job-core	Checkout code	2025-10-07T16:18:40.5500429Z Updating files:  58% (469/807)
job-core	Checkout code	2025-10-07T16:18:40.5504134Z Updating files:  59% (477/807)
job-core	Checkout code	2025-10-07T16:18:40.8124919Z Updating files:  60% (485/807)
job-core	Checkout code	2025-10-07T16:18:40.8581823Z Updating files:  61% (493/807)
job-core	Checkout code	2025-10-07T16:18:41.3841109Z Updating files:  61% (494/807)
job-core	Checkout code	2025-10-07T16:18:41.9047282Z Updating files:  62% (501/807)
job-core	Checkout code	2025-10-07T16:18:42.1545965Z Updating files:  62% (507/807)
job-core	Checkout code	2025-10-07T16:18:42.8510978Z Updating files:  63% (509/807)
job-core	Checkout code	2025-10-07T16:18:43.3765814Z Updating files:  63% (513/807)
job-core	Checkout code	2025-10-07T16:18:43.8625978Z Updating files:  64% (517/807)
job-core	Checkout code	2025-10-07T16:18:44.1462255Z Updating files:  64% (522/807)
job-core	Checkout code	2025-10-07T16:18:44.8089938Z Updating files:  65% (525/807)
job-core	Checkout code	2025-10-07T16:18:44.9557667Z Updating files:  66% (533/807)
job-core	Checkout code	2025-10-07T16:18:45.7017024Z Updating files:  66% (535/807)
job-core	Checkout code	2025-10-07T16:18:45.9259212Z Updating files:  67% (541/807)
job-core	Checkout code	2025-10-07T16:18:46.3164918Z Updating files:  67% (543/807)
job-core	Checkout code	2025-10-07T16:18:46.8210579Z Updating files:  68% (549/807)
job-core	Checkout code	2025-10-07T16:18:46.8588708Z Updating files:  69% (557/807)
job-core	Checkout code	2025-10-07T16:18:46.9987778Z Updating files:  69% (559/807)
job-core	Checkout code	2025-10-07T16:18:47.2629264Z Updating files:  70% (565/807)
job-core	Checkout code	2025-10-07T16:18:47.3981893Z Updating files:  71% (573/807)
job-core	Checkout code	2025-10-07T16:18:47.4003778Z Updating files:  72% (582/807)
job-core	Checkout code	2025-10-07T16:18:47.4036259Z Updating files:  73% (590/807)
job-core	Checkout code	2025-10-07T16:18:47.4036626Z Updating files:  74% (598/807)
job-core	Checkout code	2025-10-07T16:18:47.4076968Z Updating files:  75% (606/807)
job-core	Checkout code	2025-10-07T16:18:47.4077485Z Updating files:  76% (614/807)
job-core	Checkout code	2025-10-07T16:18:47.4118288Z Updating files:  77% (622/807)
job-core	Checkout code	2025-10-07T16:18:47.4623238Z Updating files:  78% (630/807)
job-core	Checkout code	2025-10-07T16:18:47.4654495Z Updating files:  79% (638/807)
job-core	Checkout code	2025-10-07T16:18:47.4655275Z Updating files:  80% (646/807)
job-core	Checkout code	2025-10-07T16:18:47.4784197Z Updating files:  81% (654/807)
job-core	Checkout code	2025-10-07T16:18:47.4849344Z Updating files:  82% (662/807)
job-core	Checkout code	2025-10-07T16:18:47.4985572Z Updating files:  83% (670/807)
job-core	Checkout code	2025-10-07T16:18:47.5099986Z Updating files:  84% (678/807)
job-core	Checkout code	2025-10-07T16:18:47.5366927Z Updating files:  85% (686/807)
job-core	Checkout code	2025-10-07T16:18:47.5474794Z Updating files:  86% (695/807)
job-core	Checkout code	2025-10-07T16:18:47.5888914Z Updating files:  87% (703/807)
job-core	Checkout code	2025-10-07T16:18:47.5990909Z Updating files:  88% (711/807)
job-core	Checkout code	2025-10-07T16:18:47.5998602Z Updating files:  89% (719/807)
job-core	Checkout code	2025-10-07T16:18:47.6148256Z Updating files:  90% (727/807)
job-core	Checkout code	2025-10-07T16:18:47.6326139Z Updating files:  91% (735/807)
job-core	Checkout code	2025-10-07T16:18:47.6404757Z Updating files:  92% (743/807)
job-core	Checkout code	2025-10-07T16:18:47.6409676Z Updating files:  93% (751/807)
job-core	Checkout code	2025-10-07T16:18:47.6409965Z Updating files:  94% (759/807)
job-core	Checkout code	2025-10-07T16:18:47.6530072Z Updating files:  95% (767/807)
job-core	Checkout code	2025-10-07T16:18:47.6559968Z Updating files:  96% (775/807)
job-core	Checkout code	2025-10-07T16:18:47.6572978Z Updating files:  97% (783/807)
job-core	Checkout code	2025-10-07T16:18:47.6618473Z Updating files:  98% (791/807)
job-core	Checkout code	2025-10-07T16:18:47.6619315Z Updating files:  99% (799/807)
job-core	Checkout code	2025-10-07T16:18:47.6622759Z Updating files: 100% (807/807)
job-core	Checkout code	2025-10-07T16:18:47.6623088Z Updating files: 100% (807/807), done.
job-core	Checkout code	2025-10-07T16:18:47.8387064Z Switched to a new branch 'H1646-modulo-de-control-de-runners'
job-core	Checkout code	2025-10-07T16:18:47.8413962Z branch 'H1646-modulo-de-control-de-runners' set up to track 'origin/H1646-modulo-de-control-de-runners'.
job-core	Checkout code	2025-10-07T16:18:47.9358325Z ##[endgroup]
job-core	Checkout code	2025-10-07T16:18:47.9909787Z [command]/usr/bin/git log -1 --format=%H
job-core	Checkout code	2025-10-07T16:18:48.0032763Z 903759d54158e6df6241d433e53583757719978a
job-core	Install Node.js	﻿2025-10-07T16:18:48.2856815Z ##[group]Run actions/setup-node@v2
job-core	Install Node.js	2025-10-07T16:18:48.2857161Z with:
job-core	Install Node.js	2025-10-07T16:18:48.2942599Z   node-version: 14
job-core	Install Node.js	2025-10-07T16:18:48.2943042Z   always-auth: false
job-core	Install Node.js	2025-10-07T16:18:48.2943279Z   check-latest: false
job-core	Install Node.js	2025-10-07T16:18:48.2943803Z   token: ***
job-core	Install Node.js	2025-10-07T16:18:48.2944012Z env:
job-core	Install Node.js	2025-10-07T16:18:48.2944211Z   KAOS_MODULE: [Ka0S] JSONLINT
job-core	Install Node.js	2025-10-07T16:18:48.2944587Z   GH_TOKEN: ***
job-core	Install Node.js	2025-10-07T16:18:48.2944839Z   KAOS_JSONLINT_CONFIG: core/config/.jsonlint.json
job-core	Install Node.js	2025-10-07T16:18:48.2945168Z   KAOS_PATH_RESUME: audit/jsonlint/
job-core	Install Node.js	2025-10-07T16:18:48.2945461Z   KAOS_REPO: /actions-runner/_work/kaos/kaos
job-core	Install Node.js	2025-10-07T16:18:48.2945756Z   KAOS_STEP_MODULE: 
job-core	Install Node.js	2025-10-07T16:18:48.2945976Z   KAOS_CODE: 18319063795
job-core	Install Node.js	2025-10-07T16:18:48.2946207Z   KAOS_REF_BRANCH: main
job-core	Install Node.js	2025-10-07T16:18:48.2946493Z ##[endgroup]
job-core	Install Node.js	2025-10-07T16:18:49.3582769Z Attempting to download 14...
job-core	Install Node.js	2025-10-07T16:18:51.0453088Z Acquiring 14.21.3 - x64 from https://github.com/actions/node-versions/releases/download/14.21.3-4202774076/node-14.21.3-linux-x64.tar.gz
job-core	Install Node.js	2025-10-07T16:20:22.1674509Z Client network socket disconnected before secure TLS connection was established
job-core	Install Node.js	2025-10-07T16:20:22.1675563Z Waiting 15 seconds before trying again
job-core	Install Node.js	2025-10-07T16:22:08.2961149Z Client network socket disconnected before secure TLS connection was established
job-core	Install Node.js	2025-10-07T16:22:08.2962079Z Waiting 19 seconds before trying again
job-core	Install Node.js	2025-10-07T16:22:30.7418239Z Extracting ...
job-core	Install Node.js	2025-10-07T16:22:30.8326442Z [command]/usr/bin/tar xz --strip 1 --warning=no-unknown-keyword --overwrite -C /home/runner/_work/_temp/2eaf8a06-459c-41c5-91f5-91d1658a661a -f /home/runner/_work/_temp/6315ff98-1486-418a-ad2c-7b64b9540042
job-core	Install Node.js	2025-10-07T16:22:35.6597005Z Adding to the cache ...
job-core	Install Node.js	2025-10-07T16:23:11.9835878Z Done
job-core	Install jsonlint	﻿2025-10-07T16:23:12.0564844Z ##[group]Run if ! command -v jsonlint &> /dev/null; then
job-core	Install jsonlint	2025-10-07T16:23:12.0565444Z [36;1mif ! command -v jsonlint &> /dev/null; then[0m
job-core	Install jsonlint	2025-10-07T16:23:12.0565792Z [36;1m  echo "Installing jsonlint..."[0m
job-core	Install jsonlint	2025-10-07T16:23:12.0566117Z [36;1m  npm install -g jsonlint[0m
job-core	Install jsonlint	2025-10-07T16:23:12.0566394Z [36;1melse[0m
job-core	Install jsonlint	2025-10-07T16:23:12.0566697Z [36;1m  echo "jsonlint already installed, skipping installation"[0m
job-core	Install jsonlint	2025-10-07T16:23:12.0567063Z [36;1mfi[0m
job-core	Install jsonlint	2025-10-07T16:23:12.0567287Z [36;1mmkdir -p audit/jsonlint/[0m
job-core	Install jsonlint	2025-10-07T16:23:12.0611421Z shell: /usr/bin/bash -e {0}
job-core	Install jsonlint	2025-10-07T16:23:12.0611779Z env:
job-core	Install jsonlint	2025-10-07T16:23:12.0611993Z   KAOS_MODULE: [Ka0S] JSONLINT
job-core	Install jsonlint	2025-10-07T16:23:12.0612547Z   GH_TOKEN: ***
job-core	Install jsonlint	2025-10-07T16:23:12.0612805Z   KAOS_JSONLINT_CONFIG: core/config/.jsonlint.json
job-core	Install jsonlint	2025-10-07T16:23:12.0613128Z   KAOS_PATH_RESUME: audit/jsonlint/
job-core	Install jsonlint	2025-10-07T16:23:12.0613424Z   KAOS_REPO: /actions-runner/_work/kaos/kaos
job-core	Install jsonlint	2025-10-07T16:23:12.0613715Z   KAOS_STEP_MODULE: 
job-core	Install jsonlint	2025-10-07T16:23:12.0614019Z   KAOS_CODE: 18319063795
job-core	Install jsonlint	2025-10-07T16:23:12.0614250Z   KAOS_REF_BRANCH: main
job-core	Install jsonlint	2025-10-07T16:23:12.0614476Z ##[endgroup]
job-core	Install jsonlint	2025-10-07T16:23:12.0805128Z Installing jsonlint...
job-core	Install jsonlint	2025-10-07T16:23:15.1617101Z npm WARN deprecated nomnom@1.8.1: Package no longer supported. Contact support@npmjs.com for more info.
job-core	Install jsonlint	2025-10-07T16:23:16.9964448Z /home/runner/_work/_tool/node/14.21.3/x64/bin/jsonlint -> /home/runner/_work/_tool/node/14.21.3/x64/lib/node_modules/jsonlint/lib/cli.js
job-core	Install jsonlint	2025-10-07T16:23:17.0276339Z + jsonlint@1.6.3
job-core	Install jsonlint	2025-10-07T16:23:17.0279776Z added 8 packages from 5 contributors in 3.27s
job-core	Check JSON	﻿2025-10-07T16:23:17.1101184Z ##[group]Run # Invocamos la primera comprobación de base, sino se supera el proceso no continua
job-core	Check JSON	2025-10-07T16:23:17.1101993Z [36;1m# Invocamos la primera comprobación de base, sino se supera el proceso no continua[0m
job-core	Check JSON	2025-10-07T16:23:17.1102462Z [36;1m# Extraemos el nombre del fichero[0m
job-core	Check JSON	2025-10-07T16:23:17.1102826Z [36;1mfile_name=$(basename "audit/inspector/18318504365.json")[0m
job-core	Check JSON	2025-10-07T16:23:17.1103245Z [36;1m# Generamos el fichero de resultados vacio[0m
job-core	Check JSON	2025-10-07T16:23:17.1103642Z [36;1mtouch audit/jsonlint/jsonlint-results-18319063795.txt[0m
job-core	Check JSON	2025-10-07T16:23:17.1104026Z [36;1m# Realizamos el check del documento json [0m
job-core	Check JSON	2025-10-07T16:23:17.1104638Z [36;1mjsonlint --pretty-print audit/inspector/18318504365.json > audit/jsonlint/jsonlint-results-18319063795.txt || true[0m
job-core	Check JSON	2025-10-07T16:23:17.1105229Z [36;1m# Check if exist errors in file[0m
job-core	Check JSON	2025-10-07T16:23:17.1105611Z [36;1mif [ ! -s audit/jsonlint/jsonlint-results-18319063795.txt ]; then[0m
job-core	Check JSON	2025-10-07T16:23:17.1106210Z [36;1m  echo "File audit/jsonlint/jsonlint-results-18319063795.txt is empty and is content correct"[0m
job-core	Check JSON	2025-10-07T16:23:17.1231392Z [36;1m  KAOS_ISSUE_BODY="The [Ka0S] JSONLINT process (18319033750) launch the check (18319063795) over file (audit/inspector/18318504365.json) and its result has been SUCCESS. Please review all files implicated in pull request and approve to merge"[0m
job-core	Check JSON	2025-10-07T16:23:17.1232802Z [36;1m  # Añadimos la versión de jsonlint con la que se realiza la comprobacion[0m
job-core	Check JSON	2025-10-07T16:23:17.1233388Z [36;1m  jsonlint --version >> audit/jsonlint/jsonlint-results-18319063795.txt[0m
job-core	Check JSON	2025-10-07T16:23:17.1233938Z [36;1m  # añadimos el nombre del fichero que vamos a comprobar[0m
job-core	Check JSON	2025-10-07T16:23:17.1234537Z [36;1m  echo "Finding: audit/inspector/18318504365.json" >> audit/jsonlint/jsonlint-results-18319063795.txt[0m
job-core	Check JSON	2025-10-07T16:23:17.1235148Z [36;1m  gh issue comment  1646 -b "$KAOS_ISSUE_BODY" [0m
job-core	Check JSON	2025-10-07T16:23:17.1235477Z [36;1melse[0m
job-core	Check JSON	2025-10-07T16:23:17.1235804Z [36;1m  cat audit/jsonlint/jsonlint-results-18319063795.txt[0m
job-core	Check JSON	2025-10-07T16:23:17.1236527Z [36;1m  echo "File audit/jsonlint/jsonlint-results-18319063795.txt is not empty and is content not correct and write commit info"[0m
job-core	Check JSON	2025-10-07T16:23:17.1237884Z [36;1m  KAOS_ISSUE_BODY="The [Ka0S] JSONLINT process (18319033750) launch the check (18319063795) over file (audit/inspector/18318504365.json) and its result has been FAILED, please check and solved it"[0m
job-core	Check JSON	2025-10-07T16:23:17.1239317Z [36;1m  # Añadimos la versión de jsonlint con la que se realiza la comprobacion[0m
job-core	Check JSON	2025-10-07T16:23:17.1239868Z [36;1m  jsonlint --version || true >> audit/jsonlint/jsonlint-results-18319063795.txt[0m
job-core	Check JSON	2025-10-07T16:23:17.1240355Z [36;1m  # añadimos el nombre del fichero que vamos a comprobar[0m
job-core	Check JSON	2025-10-07T16:23:17.1240930Z [36;1m  echo "Finding: audit/inspector/18318504365.json" >> audit/jsonlint/jsonlint-results-18319063795.txt[0m
job-core	Check JSON	2025-10-07T16:23:17.1241498Z [36;1m  gh issue comment  1646 -b "$KAOS_ISSUE_BODY" [0m
job-core	Check JSON	2025-10-07T16:23:17.1241837Z [36;1mfi[0m
job-core	Check JSON	2025-10-07T16:23:17.1242093Z [36;1mecho "Uploading files to the repository..."[0m
job-core	Check JSON	2025-10-07T16:23:17.1242689Z [36;1mgit config --global user.name "***"[0m
job-core	Check JSON	2025-10-07T16:23:17.1243087Z [36;1mgit config --global user.email "***"[0m
job-core	Check JSON	2025-10-07T16:23:17.1243397Z [36;1mgit pull --rebase[0m
job-core	Check JSON	2025-10-07T16:23:17.1243674Z [36;1mgit add audit/jsonlint/*[0m
job-core	Check JSON	2025-10-07T16:23:17.1243993Z [36;1mif ! git diff --staged --quiet; then[0m
job-core	Check JSON	2025-10-07T16:23:17.1244481Z [36;1m  git commit -m "[Ka0S] Uploading jsonlint resume execution files to the repository..."[0m
job-core	Check JSON	2025-10-07T16:23:17.1245140Z [36;1m  git push origin refs/heads/H1646-modulo-de-control-de-runners --force-with-lease[0m
job-core	Check JSON	2025-10-07T16:23:17.1245594Z [36;1mfi[0m
job-core	Check JSON	2025-10-07T16:23:17.1360905Z shell: /usr/bin/bash -e {0}
job-core	Check JSON	2025-10-07T16:23:17.1361232Z env:
job-core	Check JSON	2025-10-07T16:23:17.1361448Z   KAOS_MODULE: [Ka0S] JSONLINT
job-core	Check JSON	2025-10-07T16:23:17.1362031Z   GH_TOKEN: ***
job-core	Check JSON	2025-10-07T16:23:17.1362294Z   KAOS_JSONLINT_CONFIG: core/config/.jsonlint.json
job-core	Check JSON	2025-10-07T16:23:17.1363117Z   KAOS_PATH_RESUME: audit/jsonlint/
job-core	Check JSON	2025-10-07T16:23:17.1363411Z   KAOS_REPO: /actions-runner/_work/kaos/kaos
job-core	Check JSON	2025-10-07T16:23:17.1387981Z   KAOS_STEP_MODULE: 
job-core	Check JSON	2025-10-07T16:23:17.1388292Z   KAOS_CODE: 18319063795
job-core	Check JSON	2025-10-07T16:23:17.1388527Z   KAOS_REF_BRANCH: main
job-core	Check JSON	2025-10-07T16:23:17.1388750Z ##[endgroup]
job-core	Check JSON	2025-10-07T16:23:17.9758915Z {
job-core	Check JSON	2025-10-07T16:23:17.9761391Z   "conclusion": "failure",
job-core	Check JSON	2025-10-07T16:23:17.9767105Z   "createdAt": "2025-10-07T15:55:13Z",
job-core	Check JSON	2025-10-07T16:23:17.9770639Z   "databaseId": 18318504365,
job-core	Check JSON	2025-10-07T16:23:17.9771363Z   "event": "workflow_dispatch",
job-core	Check JSON	2025-10-07T16:23:17.9774676Z   "headBranch": "main",
job-core	Check JSON	2025-10-07T16:23:17.9775482Z   "headSha": "1cda37a1e62df52bce3392841e5c750f8a16b5f5",
job-core	Check JSON	2025-10-07T16:23:17.9786061Z   "name": "Ka0s Scan Images",
job-core	Check JSON	2025-10-07T16:23:17.9786581Z   "status": "completed",
job-core	Check JSON	2025-10-07T16:23:17.9787088Z   "updatedAt": "2025-10-07T16:04:20Z",
job-core	Check JSON	2025-10-07T16:23:17.9787745Z   "url": "https://github.com/Ka0s-Klaus/ka0s/actions/runs/18318504365",
job-core	Check JSON	2025-10-07T16:23:17.9788344Z   "workflowDatabaseId": 192167605
job-core	Check JSON	2025-10-07T16:23:17.9789947Z }
job-core	Check JSON	2025-10-07T16:23:17.9790759Z File audit/jsonlint/jsonlint-results-18319063795.txt is not empty and is content not correct and write commit info
job-core	Check JSON	2025-10-07T16:23:18.7573604Z 1.6.3
job-core	Check JSON	2025-10-07T16:23:20.0323500Z https://github.com/Ka0s-Klaus/ka0s/issues/1646#issuecomment-3377641549
job-core	Check JSON	2025-10-07T16:23:20.0366937Z Uploading files to the repository...
job-core	Check JSON	2025-10-07T16:23:22.1758104Z From https://github.com/Ka0s-Klaus/ka0s
job-core	Check JSON	2025-10-07T16:23:22.1758870Z    903759d5..1b63f9cd  H1646-modulo-de-control-de-runners -> origin/H1646-modulo-de-control-de-runners
job-core	Check JSON	2025-10-07T16:23:22.1780159Z    f95bd081..0823ba42  main       -> origin/main
job-core	Check JSON	2025-10-07T16:23:22.2315552Z Updating 903759d5..1b63f9cd
job-core	Check JSON	2025-10-07T16:23:22.2316678Z Fast-forward
job-core	Check JSON	2025-10-07T16:23:22.2519434Z  audit/jsonlint/jsonlint-results-18319053452.txt |  14 +
job-core	Check JSON	2025-10-07T16:23:22.2538601Z  audit/jsonlint/jsonlint-results-18319054909.txt |  14 +
job-core	Check JSON	2025-10-07T16:23:22.2630319Z  audit/jsonlint/jsonlint-results-18319059281.txt |  14 +
job-core	Check JSON	2025-10-07T16:23:22.2630901Z  audit/jsonlint/jsonlint-results-18319059916.txt |  14 +
job-core	Check JSON	2025-10-07T16:23:22.2631362Z  audit/jsonlint/jsonlint-results-18319062074.txt |  14 +
job-core	Check JSON	2025-10-07T16:23:22.2631898Z  audit/jsonlint/jsonlint-results-18319073636.txt | 354 ++++++++++++++++++++++++
job-core	Check JSON	2025-10-07T16:23:22.2632467Z  audit/jsonlint/jsonlint-results-18319074101.txt | 178 ++++++++++++
job-core	Check JSON	2025-10-07T16:23:22.2633474Z  audit/jsonlint/jsonlint-results-18319074357.txt | 178 ++++++++++++
job-core	Check JSON	2025-10-07T16:23:22.2634052Z  audit/jsonlint/jsonlint-results-18319075007.txt | 354 ++++++++++++++++++++++++
job-core	Check JSON	2025-10-07T16:23:22.2634631Z  audit/jsonlint/jsonlint-results-18319075500.txt | 178 ++++++++++++
job-core	Check JSON	2025-10-07T16:23:22.2635213Z  audit/jsonlint/jsonlint-results-18319076238.txt | 339 +++++++++++++++++++++++
job-core	Check JSON	2025-10-07T16:23:22.2635810Z  audit/jsonlint/jsonlint-results-18319077898.txt | 354 ++++++++++++++++++++++++
job-core	Check JSON	2025-10-07T16:23:22.2636426Z  audit/jsonlint/jsonlint-results-18319077917.txt | 354 ++++++++++++++++++++++++
job-core	Check JSON	2025-10-07T16:23:22.2637014Z  audit/jsonlint/jsonlint-results-18319079969.txt | 178 ++++++++++++
job-core	Check JSON	2025-10-07T16:23:22.2637776Z  audit/jsonlint/jsonlint-results-18319079972.txt | 336 ++++++++++++++++++++++
job-core	Check JSON	2025-10-07T16:23:22.2638341Z  audit/jsonlint/jsonlint-results-18319080087.txt | 178 ++++++++++++
job-core	Check JSON	2025-10-07T16:23:22.2638802Z  audit/mdlint/18319072484.txt                    |   4 +
job-core	Check JSON	2025-10-07T16:23:22.2714674Z  audit/mdlint/18319072943.txt                    |   4 +
job-core	Check JSON	2025-10-07T16:23:22.2715514Z  audit/mdlint/18319073026.txt                    |   4 +
job-core	Check JSON	2025-10-07T16:23:22.2715883Z  19 files changed, 3063 insertions(+)
job-core	Check JSON	2025-10-07T16:23:22.2716299Z  create mode 100644 audit/jsonlint/jsonlint-results-18319053452.txt
job-core	Check JSON	2025-10-07T16:23:22.2716815Z  create mode 100644 audit/jsonlint/jsonlint-results-18319054909.txt
job-core	Check JSON	2025-10-07T16:23:22.2717462Z  create mode 100644 audit/jsonlint/jsonlint-results-18319059281.txt
job-core	Check JSON	2025-10-07T16:23:22.2718012Z  create mode 100644 audit/jsonlint/jsonlint-results-18319059916.txt
job-core	Check JSON	2025-10-07T16:23:22.2718945Z  create mode 100644 audit/jsonlint/jsonlint-results-18319062074.txt
job-core	Check JSON	2025-10-07T16:23:22.2719456Z  create mode 100644 audit/jsonlint/jsonlint-results-18319073636.txt
job-core	Check JSON	2025-10-07T16:23:22.2719968Z  create mode 100644 audit/jsonlint/jsonlint-results-18319074101.txt
job-core	Check JSON	2025-10-07T16:23:22.2720484Z  create mode 100644 audit/jsonlint/jsonlint-results-18319074357.txt
job-core	Check JSON	2025-10-07T16:23:22.2721010Z  create mode 100644 audit/jsonlint/jsonlint-results-18319075007.txt
job-core	Check JSON	2025-10-07T16:23:22.2721514Z  create mode 100644 audit/jsonlint/jsonlint-results-18319075500.txt
job-core	Check JSON	2025-10-07T16:23:22.2722015Z  create mode 100644 audit/jsonlint/jsonlint-results-18319076238.txt
job-core	Check JSON	2025-10-07T16:23:22.2722526Z  create mode 100644 audit/jsonlint/jsonlint-results-18319077898.txt
job-core	Check JSON	2025-10-07T16:23:22.2723033Z  create mode 100644 audit/jsonlint/jsonlint-results-18319077917.txt
job-core	Check JSON	2025-10-07T16:23:22.2723537Z  create mode 100644 audit/jsonlint/jsonlint-results-18319079969.txt
job-core	Check JSON	2025-10-07T16:23:22.2724051Z  create mode 100644 audit/jsonlint/jsonlint-results-18319079972.txt
job-core	Check JSON	2025-10-07T16:23:22.2724557Z  create mode 100644 audit/jsonlint/jsonlint-results-18319080087.txt
job-core	Check JSON	2025-10-07T16:23:22.2724982Z  create mode 100644 audit/mdlint/18319072484.txt
job-core	Check JSON	2025-10-07T16:23:22.2725343Z  create mode 100644 audit/mdlint/18319072943.txt
job-core	Check JSON	2025-10-07T16:23:22.2725706Z  create mode 100644 audit/mdlint/18319073026.txt
job-core	Check JSON	2025-10-07T16:23:22.3159629Z [H1646-modulo-de-control-de-runners 3809710d] [Ka0S] Uploading jsonlint resume execution files to the repository...
job-core	Check JSON	2025-10-07T16:23:22.3160321Z  1 file changed, 14 insertions(+)
job-core	Check JSON	2025-10-07T16:23:22.3160749Z  create mode 100644 audit/jsonlint/jsonlint-results-18319063795.txt
job-core	Check JSON	2025-10-07T16:23:23.2940935Z To https://github.com/Ka0s-Klaus/ka0s
job-core	Check JSON	2025-10-07T16:23:23.2946097Z    1b63f9cd..3809710d  H1646-modulo-de-control-de-runners -> H1646-modulo-de-control-de-runners
job-core	Post Install Node.js	﻿2025-10-07T16:23:23.3804042Z Post job cleanup.
job-core	Post Checkout code	﻿2025-10-07T16:23:24.0601296Z Post job cleanup.
job-core	Post Checkout code	2025-10-07T16:23:24.4370052Z [command]/usr/bin/git version
job-core	Post Checkout code	2025-10-07T16:23:24.4630047Z git version 2.51.0
job-core	Post Checkout code	2025-10-07T16:23:24.4703621Z Copying '/home/runner/.gitconfig' to '/home/runner/_work/_temp/1c8e46d9-a0b2-4c3a-a8bb-a460c6781e6d/.gitconfig'
job-core	Post Checkout code	2025-10-07T16:23:24.4810574Z Temporarily overriding HOME='/home/runner/_work/_temp/1c8e46d9-a0b2-4c3a-a8bb-a460c6781e6d' before making global git config changes
job-core	Post Checkout code	2025-10-07T16:23:24.4815459Z Adding repository directory to the temporary git global config as a safe directory
job-core	Post Checkout code	2025-10-07T16:23:24.4816192Z [command]/usr/bin/git config --global --add safe.directory /home/runner/_work/ka0s/ka0s
job-core	Post Checkout code	2025-10-07T16:23:24.4983151Z [command]/usr/bin/git config --local --name-only --get-regexp core\.sshCommand
job-core	Post Checkout code	2025-10-07T16:23:24.5162645Z [command]/usr/bin/git submodule foreach --recursive sh -c "git config --local --name-only --get-regexp 'core\.sshCommand' && git config --local --unset-all 'core.sshCommand' || :"
job-core	Post Checkout code	2025-10-07T16:23:24.5809634Z [command]/usr/bin/git config --local --name-only --get-regexp http\.https\:\/\/github\.com\/\.extraheader
job-core	Post Checkout code	2025-10-07T16:23:24.5914298Z http.https://github.com/.extraheader
job-core	Post Checkout code	2025-10-07T16:23:24.5973322Z [command]/usr/bin/git config --local --unset-all http.https://github.com/.extraheader
job-core	Post Checkout code	2025-10-07T16:23:24.6060807Z [command]/usr/bin/git submodule foreach --recursive sh -c "git config --local --name-only --get-regexp 'http\.https\:\/\/github\.com\/\.extraheader' && git config --local --unset-all 'http.https://github.com/.extraheader' || :"
job-core	Complete job	﻿2025-10-07T16:23:24.6604889Z Cleaning up orphan processes
handle-success	Set up job	﻿2025-10-07T16:23:41.1443948Z Current runner version: '2.328.0'
handle-success	Set up job	2025-10-07T16:23:41.2733198Z Runner name: '87033c828aa6'
handle-success	Set up job	2025-10-07T16:23:41.2735010Z Runner group name: 'swarm-runners'
handle-success	Set up job	2025-10-07T16:23:41.2736916Z Machine name: '87033c828aa6'
handle-success	Set up job	2025-10-07T16:23:41.3086937Z ##[group]GITHUB_TOKEN Permissions
handle-success	Set up job	2025-10-07T16:23:41.3164144Z Actions: write
handle-success	Set up job	2025-10-07T16:23:41.3165411Z Contents: write
handle-success	Set up job	2025-10-07T16:23:41.3166499Z Issues: write
handle-success	Set up job	2025-10-07T16:23:41.3167572Z Metadata: read
handle-success	Set up job	2025-10-07T16:23:41.3168651Z PullRequests: write
handle-success	Set up job	2025-10-07T16:23:41.3400155Z ##[endgroup]
handle-success	Set up job	2025-10-07T16:23:41.3405634Z Secret source: Actions
handle-success	Set up job	2025-10-07T16:23:41.3407555Z Prepare workflow directory
handle-success	Set up job	2025-10-07T16:23:44.3596935Z Prepare all required actions
handle-success	Set up job	2025-10-07T16:23:44.5156289Z Getting action download info
handle-success	Set up job	2025-10-07T16:23:49.0991444Z Download action repository 'actions/checkout@v4' (SHA:08eba0b27e820071cde6df949e0beb9ba4906955)
handle-success	Set up job	2025-10-07T16:23:56.3658095Z Complete job name: handle-success
handle-success	Checkout code	﻿2025-10-07T16:23:57.5405139Z ##[group]Run actions/checkout@v4
handle-success	Checkout code	2025-10-07T16:23:57.5408911Z with:
handle-success	Checkout code	2025-10-07T16:23:57.5411498Z   fetch-depth: 0
handle-success	Checkout code	2025-10-07T16:23:57.5414828Z   token: ***
handle-success	Checkout code	2025-10-07T16:23:57.5417372Z   repository: Ka0s-Klaus/ka0s
handle-success	Checkout code	2025-10-07T16:23:57.5560610Z   ssh-strict: true
handle-success	Checkout code	2025-10-07T16:23:57.5562702Z   ssh-user: git
handle-success	Checkout code	2025-10-07T16:23:57.5564588Z   persist-credentials: true
handle-success	Checkout code	2025-10-07T16:23:57.5566698Z   clean: true
handle-success	Checkout code	2025-10-07T16:23:57.5568577Z   sparse-checkout-cone-mode: true
handle-success	Checkout code	2025-10-07T16:23:57.5744967Z   fetch-tags: false
handle-success	Checkout code	2025-10-07T16:23:57.5746901Z   show-progress: true
handle-success	Checkout code	2025-10-07T16:23:57.5748849Z   lfs: false
handle-success	Checkout code	2025-10-07T16:23:57.5750769Z   submodules: false
handle-success	Checkout code	2025-10-07T16:23:57.5752811Z   set-safe-directory: true
handle-success	Checkout code	2025-10-07T16:23:57.5756711Z env:
handle-success	Checkout code	2025-10-07T16:23:57.5759045Z   KAOS_MODULE: [Ka0S] JSONLINT
handle-success	Checkout code	2025-10-07T16:23:57.5771311Z   GH_TOKEN: ***
handle-success	Checkout code	2025-10-07T16:23:57.5773497Z   KAOS_JSONLINT_CONFIG: core/config/.jsonlint.json
handle-success	Checkout code	2025-10-07T16:23:57.5776306Z   KAOS_PATH_RESUME: audit/jsonlint/
handle-success	Checkout code	2025-10-07T16:23:57.5778941Z   KAOS_REPO: /actions-runner/_work/kaos/kaos
handle-success	Checkout code	2025-10-07T16:23:57.5856991Z   KAOS_STEP_MODULE: 
handle-success	Checkout code	2025-10-07T16:23:57.5910516Z   KAOS_CODE: 18319063795
handle-success	Checkout code	2025-10-07T16:23:57.5912712Z   KAOS_REF_BRANCH: main
handle-success	Checkout code	2025-10-07T16:23:57.5914649Z ##[endgroup]
handle-success	Checkout code	2025-10-07T16:23:59.2320429Z Syncing repository: Ka0s-Klaus/ka0s
handle-success	Checkout code	2025-10-07T16:23:59.2327063Z ##[group]Getting Git version info
handle-success	Checkout code	2025-10-07T16:23:59.2330094Z Working directory is '/home/runner/_work/ka0s/ka0s'
handle-success	Checkout code	2025-10-07T16:23:59.2335081Z [command]/usr/bin/git version
handle-success	Checkout code	2025-10-07T16:23:59.2781303Z git version 2.51.0
handle-success	Checkout code	2025-10-07T16:23:59.3210976Z ##[endgroup]
handle-success	Checkout code	2025-10-07T16:23:59.3410997Z Copying '/home/runner/.gitconfig' to '/home/runner/_work/_temp/1d90fd0c-676f-42ff-a6ba-23bd6b3b613b/.gitconfig'
handle-success	Checkout code	2025-10-07T16:23:59.4961846Z Temporarily overriding HOME='/home/runner/_work/_temp/1d90fd0c-676f-42ff-a6ba-23bd6b3b613b' before making global git config changes
handle-success	Checkout code	2025-10-07T16:23:59.4969219Z Adding repository directory to the temporary git global config as a safe directory
handle-success	Checkout code	2025-10-07T16:23:59.5103339Z [command]/usr/bin/git config --global --add safe.directory /home/runner/_work/ka0s/ka0s
handle-success	Checkout code	2025-10-07T16:23:59.6328922Z [command]/usr/bin/git config --local --get remote.origin.url
handle-success	Checkout code	2025-10-07T16:23:59.6893689Z https://github.com/Ka0s-Klaus/ka0s
handle-success	Checkout code	2025-10-07T16:23:59.7044970Z ##[group]Removing previously created refs, to avoid conflicts
handle-success	Checkout code	2025-10-07T16:23:59.7065226Z [command]/usr/bin/git rev-parse --symbolic-full-name --verify --quiet HEAD
handle-success	Checkout code	2025-10-07T16:23:59.7862592Z refs/heads/main
handle-success	Checkout code	2025-10-07T16:23:59.8166797Z [command]/usr/bin/git checkout --detach
handle-success	Checkout code	2025-10-07T16:24:00.5703761Z HEAD is now at ca432e16 [Ka0S] Inspector uploading resume execution files to the repository...
handle-success	Checkout code	2025-10-07T16:24:01.1421733Z [command]/usr/bin/git branch --delete --force main
handle-success	Checkout code	2025-10-07T16:24:01.3741604Z Deleted branch main (was ca432e16).
handle-success	Checkout code	2025-10-07T16:24:01.6791186Z ##[endgroup]
handle-success	Checkout code	2025-10-07T16:24:01.7058332Z [command]/usr/bin/git submodule status
handle-success	Checkout code	2025-10-07T16:24:02.2450825Z ##[group]Cleaning the repository
handle-success	Checkout code	2025-10-07T16:24:02.2453120Z [command]/usr/bin/git clean -ffdx
handle-success	Checkout code	2025-10-07T16:24:02.3586235Z [command]/usr/bin/git reset --hard HEAD
handle-success	Checkout code	2025-10-07T16:24:02.5621490Z HEAD is now at ca432e16 [Ka0S] Inspector uploading resume execution files to the repository...
handle-success	Checkout code	2025-10-07T16:24:02.5707664Z ##[endgroup]
handle-success	Checkout code	2025-10-07T16:24:02.5710227Z ##[group]Disabling automatic garbage collection
handle-success	Checkout code	2025-10-07T16:24:02.5712624Z [command]/usr/bin/git config --local gc.auto 0
handle-success	Checkout code	2025-10-07T16:24:02.6565202Z ##[endgroup]
handle-success	Checkout code	2025-10-07T16:24:02.6567703Z ##[group]Setting up auth
handle-success	Checkout code	2025-10-07T16:24:02.6779701Z [command]/usr/bin/git config --local --name-only --get-regexp core\.sshCommand
handle-success	Checkout code	2025-10-07T16:24:02.8035514Z [command]/usr/bin/git submodule foreach --recursive sh -c "git config --local --name-only --get-regexp 'core\.sshCommand' && git config --local --unset-all 'core.sshCommand' || :"
handle-success	Checkout code	2025-10-07T16:24:03.3660395Z [command]/usr/bin/git config --local --name-only --get-regexp http\.https\:\/\/github\.com\/\.extraheader
handle-success	Checkout code	2025-10-07T16:24:03.4316988Z [command]/usr/bin/git submodule foreach --recursive sh -c "git config --local --name-only --get-regexp 'http\.https\:\/\/github\.com\/\.extraheader' && git config --local --unset-all 'http.https://github.com/.extraheader' || :"
handle-success	Checkout code	2025-10-07T16:24:04.0823484Z [command]/usr/bin/git config --local http.https://github.com/.extraheader AUTHORIZATION: basic ***
handle-success	Checkout code	2025-10-07T16:24:04.1737725Z ##[endgroup]
handle-success	Checkout code	2025-10-07T16:24:04.1758702Z ##[group]Fetching the repository
handle-success	Checkout code	2025-10-07T16:24:04.2061172Z [command]/usr/bin/git -c protocol.version=2 fetch --prune --no-recurse-submodules origin +refs/heads/*:refs/remotes/origin/* +refs/tags/*:refs/tags/*
handle-success	Checkout code	2025-10-07T16:24:08.8635466Z From https://github.com/Ka0s-Klaus/ka0s
handle-success	Checkout code	2025-10-07T16:24:08.8637675Z    1b63f9cd..3809710d  H1646-modulo-de-control-de-runners -> origin/H1646-modulo-de-control-de-runners
handle-success	Checkout code	2025-10-07T16:24:08.8662678Z    ca432e16..21c8c77e  main       -> origin/main
handle-success	Checkout code	2025-10-07T16:24:08.9491483Z [command]/usr/bin/git branch --list --remote origin/H1646-modulo-de-control-de-runners
handle-success	Checkout code	2025-10-07T16:24:09.0337952Z   origin/H1646-modulo-de-control-de-runners
handle-success	Checkout code	2025-10-07T16:24:09.0438253Z [command]/usr/bin/git rev-parse refs/remotes/origin/H1646-modulo-de-control-de-runners
handle-success	Checkout code	2025-10-07T16:24:09.0781885Z 3809710d217131041d78e73e2e8ffe442d6863a4
handle-success	Checkout code	2025-10-07T16:24:09.1016616Z [command]/usr/bin/git -c protocol.version=2 fetch --no-tags --prune --no-recurse-submodules origin +903759d54158e6df6241d433e53583757719978a:refs/remotes/origin/H1646-modulo-de-control-de-runners
handle-success	Checkout code	2025-10-07T16:24:09.5391931Z From https://github.com/Ka0s-Klaus/ka0s
handle-success	Checkout code	2025-10-07T16:24:09.5394666Z  + 3809710d...903759d5 903759d54158e6df6241d433e53583757719978a -> origin/H1646-modulo-de-control-de-runners  (forced update)
handle-success	Checkout code	2025-10-07T16:24:09.5926340Z ##[endgroup]
handle-success	Checkout code	2025-10-07T16:24:09.5928163Z ##[group]Determining the checkout info
handle-success	Checkout code	2025-10-07T16:24:09.5930216Z ##[endgroup]
handle-success	Checkout code	2025-10-07T16:24:09.5931546Z [command]/usr/bin/git sparse-checkout disable
handle-success	Checkout code	2025-10-07T16:24:09.8041051Z [command]/usr/bin/git config --local --unset-all extensions.worktreeConfig
handle-success	Checkout code	2025-10-07T16:24:09.9389300Z ##[group]Checking out the ref
handle-success	Checkout code	2025-10-07T16:24:09.9414025Z [command]/usr/bin/git checkout --progress --force -B H1646-modulo-de-control-de-runners refs/remotes/origin/H1646-modulo-de-control-de-runners
handle-success	Checkout code	2025-10-07T16:24:10.4626793Z Previous HEAD position was ca432e16 [Ka0S] Inspector uploading resume execution files to the repository...
handle-success	Checkout code	2025-10-07T16:24:10.4927823Z Switched to a new branch 'H1646-modulo-de-control-de-runners'
handle-success	Checkout code	2025-10-07T16:24:10.5310729Z branch 'H1646-modulo-de-control-de-runners' set up to track 'origin/H1646-modulo-de-control-de-runners'.
handle-success	Checkout code	2025-10-07T16:24:10.5326411Z ##[endgroup]
handle-success	Checkout code	2025-10-07T16:24:10.6172646Z [command]/usr/bin/git log -1 --format=%H
handle-success	Checkout code	2025-10-07T16:24:10.6828197Z 903759d54158e6df6241d433e53583757719978a
handle-success	handle-success-execution	﻿2025-10-07T16:24:11.2863397Z ##[group]Run # Si todo ha ido correcto añadimos el contenido del fichero 
handle-success	handle-success-execution	2025-10-07T16:24:11.2865748Z [36;1m# Si todo ha ido correcto añadimos el contenido del fichero [0m
handle-success	handle-success-execution	2025-10-07T16:24:11.2867275Z [36;1mRNNUMBER=$(echo "refs/heads/H1646-modulo-de-control-de-runners" | grep -o '[0-9]*')[0m
handle-success	handle-success-execution	2025-10-07T16:24:11.2869970Z [36;1mgh issue comment $RNNUMBER --body "El proceso ha finalizado correctamente 18319063795. El resultado está en el fichero 18319063795.log"[0m
handle-success	handle-success-execution	2025-10-07T16:24:11.3296463Z shell: /usr/bin/bash -e {0}
handle-success	handle-success-execution	2025-10-07T16:24:11.3297993Z env:
handle-success	handle-success-execution	2025-10-07T16:24:11.3298632Z   KAOS_MODULE: [Ka0S] JSONLINT
handle-success	handle-success-execution	2025-10-07T16:24:11.3321084Z   GH_TOKEN: ***
handle-success	handle-success-execution	2025-10-07T16:24:11.3321904Z   KAOS_JSONLINT_CONFIG: core/config/.jsonlint.json
handle-success	handle-success-execution	2025-10-07T16:24:11.3322893Z   KAOS_PATH_RESUME: audit/jsonlint/
handle-success	handle-success-execution	2025-10-07T16:24:11.3323670Z   KAOS_REPO: /actions-runner/_work/kaos/kaos
handle-success	handle-success-execution	2025-10-07T16:24:11.3343831Z   KAOS_STEP_MODULE: 
handle-success	handle-success-execution	2025-10-07T16:24:11.3351958Z   KAOS_CODE: 18319063795
handle-success	handle-success-execution	2025-10-07T16:24:11.3352805Z   KAOS_REF_BRANCH: main
handle-success	handle-success-execution	2025-10-07T16:24:11.3353538Z ##[endgroup]
handle-success	handle-success-execution	2025-10-07T16:24:13.0237624Z https://github.com/Ka0s-Klaus/ka0s/issues/1646#issuecomment-3377644278
handle-success	Post Checkout code	﻿2025-10-07T16:24:13.3548025Z Post job cleanup.
handle-success	Post Checkout code	2025-10-07T16:24:15.4198036Z [command]/usr/bin/git version
handle-success	Post Checkout code	2025-10-07T16:24:15.5479845Z git version 2.51.0
handle-success	Post Checkout code	2025-10-07T16:24:15.7115084Z Copying '/home/runner/.gitconfig' to '/home/runner/_work/_temp/74edaa17-2cf0-493b-a9c2-a9a00aaa4498/.gitconfig'
handle-success	Post Checkout code	2025-10-07T16:24:15.7393527Z Temporarily overriding HOME='/home/runner/_work/_temp/74edaa17-2cf0-493b-a9c2-a9a00aaa4498' before making global git config changes
handle-success	Post Checkout code	2025-10-07T16:24:15.7522754Z Adding repository directory to the temporary git global config as a safe directory
handle-success	Post Checkout code	2025-10-07T16:24:15.7615232Z [command]/usr/bin/git config --global --add safe.directory /home/runner/_work/ka0s/ka0s
handle-success	Post Checkout code	2025-10-07T16:24:15.8902042Z [command]/usr/bin/git config --local --name-only --get-regexp core\.sshCommand
handle-success	Post Checkout code	2025-10-07T16:24:16.0080578Z [command]/usr/bin/git submodule foreach --recursive sh -c "git config --local --name-only --get-regexp 'core\.sshCommand' && git config --local --unset-all 'core.sshCommand' || :"
handle-success	Post Checkout code	2025-10-07T16:24:16.6599820Z [command]/usr/bin/git config --local --name-only --get-regexp http\.https\:\/\/github\.com\/\.extraheader
handle-success	Post Checkout code	2025-10-07T16:24:16.7264219Z http.https://github.com/.extraheader
handle-success	Post Checkout code	2025-10-07T16:24:16.7652679Z [command]/usr/bin/git config --local --unset-all http.https://github.com/.extraheader
handle-success	Post Checkout code	2025-10-07T16:24:16.9071360Z [command]/usr/bin/git submodule foreach --recursive sh -c "git config --local --name-only --get-regexp 'http\.https\:\/\/github\.com\/\.extraheader' && git config --local --unset-all 'http.https://github.com/.extraheader' || :"
handle-success	Complete job	﻿2025-10-07T16:24:17.9786174Z Cleaning up orphan processes
end-workflow	Set up job	﻿2025-10-07T16:24:23.9460690Z Current runner version: '2.328.0'
end-workflow	Set up job	2025-10-07T16:24:23.9468973Z Runner name: '9680834e566b'
end-workflow	Set up job	2025-10-07T16:24:23.9469996Z Runner group name: 'swarm-runners'
end-workflow	Set up job	2025-10-07T16:24:23.9471105Z Machine name: '9680834e566b'
end-workflow	Set up job	2025-10-07T16:24:23.9475082Z ##[group]GITHUB_TOKEN Permissions
end-workflow	Set up job	2025-10-07T16:24:23.9479316Z Actions: write
end-workflow	Set up job	2025-10-07T16:24:23.9479933Z Contents: write
end-workflow	Set up job	2025-10-07T16:24:23.9480539Z Issues: write
end-workflow	Set up job	2025-10-07T16:24:23.9481092Z Metadata: read
end-workflow	Set up job	2025-10-07T16:24:23.9481656Z PullRequests: write
end-workflow	Set up job	2025-10-07T16:24:23.9482271Z ##[endgroup]
end-workflow	Set up job	2025-10-07T16:24:23.9484469Z Secret source: Actions
end-workflow	Set up job	2025-10-07T16:24:23.9485198Z Prepare workflow directory
end-workflow	Set up job	2025-10-07T16:24:24.0077059Z Prepare all required actions
end-workflow	Set up job	2025-10-07T16:24:24.0122860Z Getting action download info
end-workflow	Set up job	2025-10-07T16:24:24.5531956Z Download action repository 'actions/checkout@v4' (SHA:08eba0b27e820071cde6df949e0beb9ba4906955)
end-workflow	Set up job	2025-10-07T16:24:25.5743964Z Complete job name: end-workflow
end-workflow	Checkout code	﻿2025-10-07T16:24:25.6303194Z ##[group]Run actions/checkout@v4
end-workflow	Checkout code	2025-10-07T16:24:25.6304143Z with:
end-workflow	Checkout code	2025-10-07T16:24:25.6304550Z   fetch-depth: 0
end-workflow	Checkout code	2025-10-07T16:24:25.6305207Z   token: ***
end-workflow	Checkout code	2025-10-07T16:24:25.6305615Z   repository: Ka0s-Klaus/ka0s
end-workflow	Checkout code	2025-10-07T16:24:25.6306113Z   ssh-strict: true
end-workflow	Checkout code	2025-10-07T16:24:25.6306526Z   ssh-user: git
end-workflow	Checkout code	2025-10-07T16:24:25.6306938Z   persist-credentials: true
end-workflow	Checkout code	2025-10-07T16:24:25.6307485Z   clean: true
end-workflow	Checkout code	2025-10-07T16:24:25.6307913Z   sparse-checkout-cone-mode: true
end-workflow	Checkout code	2025-10-07T16:24:25.6308520Z   fetch-tags: false
end-workflow	Checkout code	2025-10-07T16:24:25.6308931Z   show-progress: true
end-workflow	Checkout code	2025-10-07T16:24:25.6309344Z   lfs: false
end-workflow	Checkout code	2025-10-07T16:24:25.6309968Z   submodules: false
end-workflow	Checkout code	2025-10-07T16:24:25.6310536Z   set-safe-directory: true
end-workflow	Checkout code	2025-10-07T16:24:25.6311260Z env:
end-workflow	Checkout code	2025-10-07T16:24:25.6311652Z   KAOS_MODULE: [Ka0S] JSONLINT
end-workflow	Checkout code	2025-10-07T16:24:25.6312280Z   GH_TOKEN: ***
end-workflow	Checkout code	2025-10-07T16:24:25.6312748Z   KAOS_JSONLINT_CONFIG: core/config/.jsonlint.json
end-workflow	Checkout code	2025-10-07T16:24:25.6313329Z   KAOS_PATH_RESUME: audit/jsonlint/
end-workflow	Checkout code	2025-10-07T16:24:25.6313912Z   KAOS_REPO: /actions-runner/_work/kaos/kaos
end-workflow	Checkout code	2025-10-07T16:24:25.6314463Z   KAOS_STEP_MODULE: 
end-workflow	Checkout code	2025-10-07T16:24:25.6314881Z   KAOS_CODE: 18319063795
end-workflow	Checkout code	2025-10-07T16:24:25.6315314Z   KAOS_REF_BRANCH: main
end-workflow	Checkout code	2025-10-07T16:24:25.6315736Z ##[endgroup]
end-workflow	Checkout code	2025-10-07T16:24:25.7511250Z Syncing repository: Ka0s-Klaus/ka0s
end-workflow	Checkout code	2025-10-07T16:24:25.7513483Z ##[group]Getting Git version info
end-workflow	Checkout code	2025-10-07T16:24:25.7514158Z Working directory is '/home/runner/_work/ka0s/ka0s'
end-workflow	Checkout code	2025-10-07T16:24:25.7515188Z [command]/usr/bin/git version
end-workflow	Checkout code	2025-10-07T16:24:25.7515694Z git version 2.51.0
end-workflow	Checkout code	2025-10-07T16:24:25.7541247Z ##[endgroup]
end-workflow	Checkout code	2025-10-07T16:24:25.7557980Z Temporarily overriding HOME='/home/runner/_work/_temp/d10cb886-3e88-4fe5-b37e-e7c398cfe1d0' before making global git config changes
end-workflow	Checkout code	2025-10-07T16:24:25.7559551Z Adding repository directory to the temporary git global config as a safe directory
end-workflow	Checkout code	2025-10-07T16:24:25.7564118Z [command]/usr/bin/git config --global --add safe.directory /home/runner/_work/ka0s/ka0s
end-workflow	Checkout code	2025-10-07T16:24:25.7619331Z [command]/usr/bin/git config --local --get remote.origin.url
end-workflow	Checkout code	2025-10-07T16:24:25.7643185Z https://github.com/Ka0s-Klaus/ka0s
end-workflow	Checkout code	2025-10-07T16:24:25.7666968Z ##[group]Removing previously created refs, to avoid conflicts
end-workflow	Checkout code	2025-10-07T16:24:25.7673574Z [command]/usr/bin/git rev-parse --symbolic-full-name --verify --quiet HEAD
end-workflow	Checkout code	2025-10-07T16:24:25.7695905Z refs/heads/H1646-modulo-de-control-de-runners
end-workflow	Checkout code	2025-10-07T16:24:25.7706468Z [command]/usr/bin/git checkout --detach
end-workflow	Checkout code	2025-10-07T16:24:26.7080912Z HEAD is now at 903759d5 [Ka0S] Uploading resume execution files to the repository...
end-workflow	Checkout code	2025-10-07T16:24:26.7139726Z [command]/usr/bin/git branch --delete --force H1646-modulo-de-control-de-runners
end-workflow	Checkout code	2025-10-07T16:24:26.7169990Z Deleted branch H1646-modulo-de-control-de-runners (was 903759d5).
end-workflow	Checkout code	2025-10-07T16:24:26.7262554Z ##[endgroup]
end-workflow	Checkout code	2025-10-07T16:24:26.7263653Z [command]/usr/bin/git submodule status
end-workflow	Checkout code	2025-10-07T16:24:26.7516322Z ##[group]Cleaning the repository
end-workflow	Checkout code	2025-10-07T16:24:26.7517837Z [command]/usr/bin/git clean -ffdx
end-workflow	Checkout code	2025-10-07T16:24:26.7583471Z [command]/usr/bin/git reset --hard HEAD
end-workflow	Checkout code	2025-10-07T16:24:26.7668372Z HEAD is now at 903759d5 [Ka0S] Uploading resume execution files to the repository...
end-workflow	Checkout code	2025-10-07T16:24:26.7674212Z ##[endgroup]
end-workflow	Checkout code	2025-10-07T16:24:26.7676234Z ##[group]Disabling automatic garbage collection
end-workflow	Checkout code	2025-10-07T16:24:26.7679699Z [command]/usr/bin/git config --local gc.auto 0
end-workflow	Checkout code	2025-10-07T16:24:26.7740571Z ##[endgroup]
end-workflow	Checkout code	2025-10-07T16:24:26.7742670Z ##[group]Setting up auth
end-workflow	Checkout code	2025-10-07T16:24:26.7744633Z [command]/usr/bin/git config --local --name-only --get-regexp core\.sshCommand
end-workflow	Checkout code	2025-10-07T16:24:26.7760229Z [command]/usr/bin/git submodule foreach --recursive sh -c "git config --local --name-only --get-regexp 'core\.sshCommand' && git config --local --unset-all 'core.sshCommand' || :"
end-workflow	Checkout code	2025-10-07T16:24:26.8015709Z [command]/usr/bin/git config --local --name-only --get-regexp http\.https\:\/\/github\.com\/\.extraheader
end-workflow	Checkout code	2025-10-07T16:24:26.8053996Z [command]/usr/bin/git submodule foreach --recursive sh -c "git config --local --name-only --get-regexp 'http\.https\:\/\/github\.com\/\.extraheader' && git config --local --unset-all 'http.https://github.com/.extraheader' || :"
end-workflow	Checkout code	2025-10-07T16:24:26.8307915Z [command]/usr/bin/git config --local http.https://github.com/.extraheader AUTHORIZATION: basic ***
end-workflow	Checkout code	2025-10-07T16:24:26.8348593Z ##[endgroup]
end-workflow	Checkout code	2025-10-07T16:24:26.8350855Z ##[group]Fetching the repository
end-workflow	Checkout code	2025-10-07T16:24:26.8358879Z [command]/usr/bin/git -c protocol.version=2 fetch --prune --no-recurse-submodules origin +refs/heads/*:refs/remotes/origin/* +refs/tags/*:refs/tags/*
end-workflow	Checkout code	2025-10-07T16:24:27.8233019Z From https://github.com/Ka0s-Klaus/ka0s
end-workflow	Checkout code	2025-10-07T16:24:27.8235643Z    903759d5..3809710d  H1646-modulo-de-control-de-runners -> origin/H1646-modulo-de-control-de-runners
end-workflow	Checkout code	2025-10-07T16:24:27.8236476Z    4dc177a9..7dd40127  main       -> origin/main
end-workflow	Checkout code	2025-10-07T16:24:27.8285669Z [command]/usr/bin/git branch --list --remote origin/H1646-modulo-de-control-de-runners
end-workflow	Checkout code	2025-10-07T16:24:27.8356351Z   origin/H1646-modulo-de-control-de-runners
end-workflow	Checkout code	2025-10-07T16:24:27.8358619Z [command]/usr/bin/git rev-parse refs/remotes/origin/H1646-modulo-de-control-de-runners
end-workflow	Checkout code	2025-10-07T16:24:27.8386112Z 3809710d217131041d78e73e2e8ffe442d6863a4
end-workflow	Checkout code	2025-10-07T16:24:27.8399330Z [command]/usr/bin/git -c protocol.version=2 fetch --no-tags --prune --no-recurse-submodules origin +903759d54158e6df6241d433e53583757719978a:refs/remotes/origin/H1646-modulo-de-control-de-runners
end-workflow	Checkout code	2025-10-07T16:24:27.8569704Z From https://github.com/Ka0s-Klaus/ka0s
end-workflow	Checkout code	2025-10-07T16:24:27.8571968Z  + 3809710d...903759d5 903759d54158e6df6241d433e53583757719978a -> origin/H1646-modulo-de-control-de-runners  (forced update)
end-workflow	Checkout code	2025-10-07T16:24:27.8604992Z ##[endgroup]
end-workflow	Checkout code	2025-10-07T16:24:27.8605921Z ##[group]Determining the checkout info
end-workflow	Checkout code	2025-10-07T16:24:27.8614302Z ##[endgroup]
end-workflow	Checkout code	2025-10-07T16:24:27.8614813Z [command]/usr/bin/git sparse-checkout disable
end-workflow	Checkout code	2025-10-07T16:24:27.8671849Z [command]/usr/bin/git config --local --unset-all extensions.worktreeConfig
end-workflow	Checkout code	2025-10-07T16:24:27.8705970Z ##[group]Checking out the ref
end-workflow	Checkout code	2025-10-07T16:24:27.8713488Z [command]/usr/bin/git checkout --progress --force -B H1646-modulo-de-control-de-runners refs/remotes/origin/H1646-modulo-de-control-de-runners
end-workflow	Checkout code	2025-10-07T16:24:27.8805595Z Switched to a new branch 'H1646-modulo-de-control-de-runners'
end-workflow	Checkout code	2025-10-07T16:24:27.8807592Z branch 'H1646-modulo-de-control-de-runners' set up to track 'origin/H1646-modulo-de-control-de-runners'.
end-workflow	Checkout code	2025-10-07T16:24:27.8813982Z ##[endgroup]
end-workflow	Checkout code	2025-10-07T16:24:27.8859900Z [command]/usr/bin/git log -1 --format=%H
end-workflow	Checkout code	2025-10-07T16:24:27.8891464Z 903759d54158e6df6241d433e53583757719978a
end-workflow	Finaliza el workflow	﻿2025-10-07T16:24:27.9147382Z ##[group]Run echo "End process"
end-workflow	Finaliza el workflow	2025-10-07T16:24:27.9148194Z [36;1mecho "End process"[0m
end-workflow	Finaliza el workflow	2025-10-07T16:24:27.9148755Z [36;1mRNNUMBER=$(echo "refs/heads/H1646-modulo-de-control-de-runners" | grep -o '[0-9]*')[0m
end-workflow	Finaliza el workflow	2025-10-07T16:24:27.9149431Z [36;1mgh issue comment $RNNUMBER --body "Se finaliza Ka0s 18319063795"[0m
end-workflow	Finaliza el workflow	2025-10-07T16:24:27.9150219Z [36;1mgh workflow run inspector.yml --ref 'main' -f kaos-issue-id=$RNNUMBER -f kaos-workflow-id="18319063795" -f kaos-user-start=""[0m
end-workflow	Finaliza el workflow	2025-10-07T16:24:27.9166183Z shell: /usr/bin/bash -e {0}
end-workflow	Finaliza el workflow	2025-10-07T16:24:27.9166598Z env:
end-workflow	Finaliza el workflow	2025-10-07T16:24:27.9166992Z   KAOS_MODULE: [Ka0S] JSONLINT
end-workflow	Finaliza el workflow	2025-10-07T16:24:27.9168026Z   GH_TOKEN: ***
end-workflow	Finaliza el workflow	2025-10-07T16:24:27.9168378Z   KAOS_JSONLINT_CONFIG: core/config/.jsonlint.json
end-workflow	Finaliza el workflow	2025-10-07T16:24:27.9168792Z   KAOS_PATH_RESUME: audit/jsonlint/
end-workflow	Finaliza el workflow	2025-10-07T16:24:27.9169386Z   KAOS_REPO: /actions-runner/_work/kaos/kaos
end-workflow	Finaliza el workflow	2025-10-07T16:24:27.9169752Z   KAOS_STEP_MODULE: 
end-workflow	Finaliza el workflow	2025-10-07T16:24:27.9170046Z   KAOS_CODE: 18319063795
end-workflow	Finaliza el workflow	2025-10-07T16:24:27.9170428Z   KAOS_REF_BRANCH: main
end-workflow	Finaliza el workflow	2025-10-07T16:24:27.9170724Z ##[endgroup]
end-workflow	Finaliza el workflow	2025-10-07T16:24:27.9232571Z End process
end-workflow	Finaliza el workflow	2025-10-07T16:24:28.8536920Z https://github.com/Ka0s-Klaus/ka0s/issues/1646#issuecomment-3377645372
end-workflow	Post Checkout code	﻿2025-10-07T16:24:29.5431631Z Post job cleanup.
end-workflow	Post Checkout code	2025-10-07T16:24:29.6491825Z [command]/usr/bin/git version
end-workflow	Post Checkout code	2025-10-07T16:24:29.6532992Z git version 2.51.0
end-workflow	Post Checkout code	2025-10-07T16:24:29.6578053Z Temporarily overriding HOME='/home/runner/_work/_temp/7fe81550-8a0a-4319-bba5-e7e965da2d31' before making global git config changes
end-workflow	Post Checkout code	2025-10-07T16:24:29.6579032Z Adding repository directory to the temporary git global config as a safe directory
end-workflow	Post Checkout code	2025-10-07T16:24:29.6584653Z [command]/usr/bin/git config --global --add safe.directory /home/runner/_work/ka0s/ka0s
end-workflow	Post Checkout code	2025-10-07T16:24:29.6624169Z [command]/usr/bin/git config --local --name-only --get-regexp core\.sshCommand
end-workflow	Post Checkout code	2025-10-07T16:24:29.6665601Z [command]/usr/bin/git submodule foreach --recursive sh -c "git config --local --name-only --get-regexp 'core\.sshCommand' && git config --local --unset-all 'core.sshCommand' || :"
end-workflow	Post Checkout code	2025-10-07T16:24:29.6923914Z [command]/usr/bin/git config --local --name-only --get-regexp http\.https\:\/\/github\.com\/\.extraheader
end-workflow	Post Checkout code	2025-10-07T16:24:29.6960757Z http.https://github.com/.extraheader
end-workflow	Post Checkout code	2025-10-07T16:24:29.6962876Z [command]/usr/bin/git config --local --unset-all http.https://github.com/.extraheader
end-workflow	Post Checkout code	2025-10-07T16:24:29.6998037Z [command]/usr/bin/git submodule foreach --recursive sh -c "git config --local --name-only --get-regexp 'http\.https\:\/\/github\.com\/\.extraheader' && git config --local --unset-all 'http.https://github.com/.extraheader' || :"
end-workflow	Complete job	﻿2025-10-07T16:24:29.7387638Z Cleaning up orphan processes
