job-core	Set up job	﻿2025-10-09T11:25:11.6891198Z Current runner version: '2.328.0'
job-core	Set up job	2025-10-09T11:25:11.6899702Z Runner name: '0d720c3ae00f'
job-core	Set up job	2025-10-09T11:25:11.6900714Z Runner group name: 'swarm-runners'
job-core	Set up job	2025-10-09T11:25:11.6902169Z Machine name: '0d720c3ae00f'
job-core	Set up job	2025-10-09T11:25:11.6905201Z ##[group]GITHUB_TOKEN Permissions
job-core	Set up job	2025-10-09T11:25:11.6907647Z Actions: write
job-core	Set up job	2025-10-09T11:25:11.6908311Z Contents: read
job-core	Set up job	2025-10-09T11:25:11.6908918Z Issues: write
job-core	Set up job	2025-10-09T11:25:11.6909705Z Metadata: read
job-core	Set up job	2025-10-09T11:25:11.6910617Z ##[endgroup]
job-core	Set up job	2025-10-09T11:25:11.6913357Z Secret source: Actions
job-core	Set up job	2025-10-09T11:25:11.6914546Z Prepare workflow directory
job-core	Set up job	2025-10-09T11:25:11.7487847Z Prepare all required actions
job-core	Set up job	2025-10-09T11:25:11.7534237Z Getting action download info
job-core	Set up job	2025-10-09T11:25:12.3258028Z Download action repository 'actions/checkout@v4' (SHA:08eba0b27e820071cde6df949e0beb9ba4906955)
job-core	Set up job	2025-10-09T11:25:13.1798547Z Download action repository 'docker/login-action@v3' (SHA:5e57cd118135c172c3672efd75eb46360885c0ef)
job-core	Set up job	2025-10-09T11:25:14.3395656Z Complete job name: job-core
job-core	Checkout code	﻿2025-10-09T11:25:14.4051920Z ##[group]Run actions/checkout@v4
job-core	Checkout code	2025-10-09T11:25:14.4053249Z with:
job-core	Checkout code	2025-10-09T11:25:14.4053994Z   fetch-depth: 0
job-core	Checkout code	2025-10-09T11:25:14.4055262Z   token: ***
job-core	Checkout code	2025-10-09T11:25:14.4056047Z   repository: Ka0s-Klaus/ka0s
job-core	Checkout code	2025-10-09T11:25:14.4057095Z   ssh-strict: true
job-core	Checkout code	2025-10-09T11:25:14.4057851Z   ssh-user: git
job-core	Checkout code	2025-10-09T11:25:14.4058625Z   persist-credentials: true
job-core	Checkout code	2025-10-09T11:25:14.4059738Z   clean: true
job-core	Checkout code	2025-10-09T11:25:14.4060770Z   sparse-checkout-cone-mode: true
job-core	Checkout code	2025-10-09T11:25:14.4061721Z   fetch-tags: false
job-core	Checkout code	2025-10-09T11:25:14.4062503Z   show-progress: true
job-core	Checkout code	2025-10-09T11:25:14.4063288Z   lfs: false
job-core	Checkout code	2025-10-09T11:25:14.4064004Z   submodules: false
job-core	Checkout code	2025-10-09T11:25:14.4064822Z   set-safe-directory: true
job-core	Checkout code	2025-10-09T11:25:14.4065906Z env:
job-core	Checkout code	2025-10-09T11:25:14.4067596Z   GITHUB_TOKEN: ***
job-core	Checkout code	2025-10-09T11:25:14.4068491Z   KAOS_MODULE: [Ka0s] Personalized Image Runners
job-core	Checkout code	2025-10-09T11:25:14.4069916Z   KAOS_CODE: 18374708576
job-core	Checkout code	2025-10-09T11:25:14.4070798Z   KAOS_PATH_SCAN: audit/scan/
job-core	Checkout code	2025-10-09T11:25:14.4071837Z ##[endgroup]
job-core	Checkout code	2025-10-09T11:25:14.5293541Z Syncing repository: Ka0s-Klaus/ka0s
job-core	Checkout code	2025-10-09T11:25:14.5296968Z ##[group]Getting Git version info
job-core	Checkout code	2025-10-09T11:25:14.5298210Z Working directory is '/home/runner/_work/ka0s/ka0s'
job-core	Checkout code	2025-10-09T11:25:14.5300814Z [command]/usr/bin/git version
job-core	Checkout code	2025-10-09T11:25:14.5301835Z git version 2.51.0
job-core	Checkout code	2025-10-09T11:25:14.5305106Z ##[endgroup]
job-core	Checkout code	2025-10-09T11:25:14.5312591Z Copying '/home/runner/.gitconfig' to '/home/runner/_work/_temp/fc044849-256f-4ce9-b8c4-8713a23f79fe/.gitconfig'
job-core	Checkout code	2025-10-09T11:25:14.5316200Z Temporarily overriding HOME='/home/runner/_work/_temp/fc044849-256f-4ce9-b8c4-8713a23f79fe' before making global git config changes
job-core	Checkout code	2025-10-09T11:25:14.5318868Z Adding repository directory to the temporary git global config as a safe directory
job-core	Checkout code	2025-10-09T11:25:14.5324511Z [command]/usr/bin/git config --global --add safe.directory /home/runner/_work/ka0s/ka0s
job-core	Checkout code	2025-10-09T11:25:14.5360124Z [command]/usr/bin/git config --local --get remote.origin.url
job-core	Checkout code	2025-10-09T11:25:14.5391514Z https://github.com/Ka0s-Klaus/ka0s
job-core	Checkout code	2025-10-09T11:25:14.5410443Z ##[group]Removing previously created refs, to avoid conflicts
job-core	Checkout code	2025-10-09T11:25:14.5415030Z [command]/usr/bin/git rev-parse --symbolic-full-name --verify --quiet HEAD
job-core	Checkout code	2025-10-09T11:25:14.5437479Z refs/heads/H1646-modulo-de-control-de-runners
job-core	Checkout code	2025-10-09T11:25:14.5448902Z [command]/usr/bin/git checkout --detach
job-core	Checkout code	2025-10-09T11:25:14.5631250Z HEAD is now at b1703108 [Ka0s] 📊 Directory scan report: core/runner
job-core	Checkout code	2025-10-09T11:25:14.5683029Z [command]/usr/bin/git branch --delete --force H1646-modulo-de-control-de-runners
job-core	Checkout code	2025-10-09T11:25:14.5714828Z Deleted branch H1646-modulo-de-control-de-runners (was b1703108).
job-core	Checkout code	2025-10-09T11:25:14.5801315Z ##[endgroup]
job-core	Checkout code	2025-10-09T11:25:14.5802397Z [command]/usr/bin/git submodule status
job-core	Checkout code	2025-10-09T11:25:14.6057829Z ##[group]Cleaning the repository
job-core	Checkout code	2025-10-09T11:25:14.6060470Z [command]/usr/bin/git clean -ffdx
job-core	Checkout code	2025-10-09T11:25:14.6124514Z [command]/usr/bin/git reset --hard HEAD
job-core	Checkout code	2025-10-09T11:25:14.6209624Z HEAD is now at b1703108 [Ka0s] 📊 Directory scan report: core/runner
job-core	Checkout code	2025-10-09T11:25:14.6215805Z ##[endgroup]
job-core	Checkout code	2025-10-09T11:25:14.6217353Z ##[group]Disabling automatic garbage collection
job-core	Checkout code	2025-10-09T11:25:14.6219896Z [command]/usr/bin/git config --local gc.auto 0
job-core	Checkout code	2025-10-09T11:25:14.6251665Z ##[endgroup]
job-core	Checkout code	2025-10-09T11:25:14.6253027Z ##[group]Setting up auth
job-core	Checkout code	2025-10-09T11:25:14.6267332Z [command]/usr/bin/git config --local --name-only --get-regexp core\.sshCommand
job-core	Checkout code	2025-10-09T11:25:14.6301167Z [command]/usr/bin/git submodule foreach --recursive sh -c "git config --local --name-only --get-regexp 'core\.sshCommand' && git config --local --unset-all 'core.sshCommand' || :"
job-core	Checkout code	2025-10-09T11:25:14.6573800Z [command]/usr/bin/git config --local --name-only --get-regexp http\.https\:\/\/github\.com\/\.extraheader
job-core	Checkout code	2025-10-09T11:25:14.6609970Z [command]/usr/bin/git submodule foreach --recursive sh -c "git config --local --name-only --get-regexp 'http\.https\:\/\/github\.com\/\.extraheader' && git config --local --unset-all 'http.https://github.com/.extraheader' || :"
job-core	Checkout code	2025-10-09T11:25:14.6902549Z [command]/usr/bin/git config --local http.https://github.com/.extraheader AUTHORIZATION: basic ***
job-core	Checkout code	2025-10-09T11:25:14.6954441Z ##[endgroup]
job-core	Checkout code	2025-10-09T11:25:14.6956247Z ##[group]Fetching the repository
job-core	Checkout code	2025-10-09T11:25:14.6959264Z [command]/usr/bin/git -c protocol.version=2 fetch --prune --no-recurse-submodules origin +refs/heads/*:refs/remotes/origin/* +refs/tags/*:refs/tags/*
job-core	Checkout code	2025-10-09T11:25:15.5640692Z From https://github.com/Ka0s-Klaus/ka0s
job-core	Checkout code	2025-10-09T11:25:15.5643336Z    324a2378..20cd7943  main       -> origin/main
job-core	Checkout code	2025-10-09T11:25:15.5674150Z [command]/usr/bin/git branch --list --remote origin/main
job-core	Checkout code	2025-10-09T11:25:15.5733643Z   origin/main
job-core	Checkout code	2025-10-09T11:25:15.5742019Z [command]/usr/bin/git rev-parse refs/remotes/origin/main
job-core	Checkout code	2025-10-09T11:25:15.5769327Z 20cd7943f18fdc2be1942b82c3695fc84dcb723d
job-core	Checkout code	2025-10-09T11:25:15.5780306Z [command]/usr/bin/git -c protocol.version=2 fetch --no-tags --prune --no-recurse-submodules origin +324a23785c95d2a1334bb3068d3962fdbead8348:refs/remotes/origin/main
job-core	Checkout code	2025-10-09T11:25:15.5952862Z From https://github.com/Ka0s-Klaus/ka0s
job-core	Checkout code	2025-10-09T11:25:15.5954616Z  + 20cd7943...324a2378 324a23785c95d2a1334bb3068d3962fdbead8348 -> origin/main  (forced update)
job-core	Checkout code	2025-10-09T11:25:15.6028633Z ##[endgroup]
job-core	Checkout code	2025-10-09T11:25:15.6030844Z ##[group]Determining the checkout info
job-core	Checkout code	2025-10-09T11:25:15.6032339Z ##[endgroup]
job-core	Checkout code	2025-10-09T11:25:15.6033358Z [command]/usr/bin/git sparse-checkout disable
job-core	Checkout code	2025-10-09T11:25:15.6054815Z [command]/usr/bin/git config --local --unset-all extensions.worktreeConfig
job-core	Checkout code	2025-10-09T11:25:15.6089208Z ##[group]Checking out the ref
job-core	Checkout code	2025-10-09T11:25:15.6091390Z [command]/usr/bin/git checkout --progress --force -B main refs/remotes/origin/main
job-core	Checkout code	2025-10-09T11:25:15.6503027Z Previous HEAD position was b1703108 [Ka0s] 📊 Directory scan report: core/runner
job-core	Checkout code	2025-10-09T11:25:15.6516441Z Switched to a new branch 'main'
job-core	Checkout code	2025-10-09T11:25:15.6517674Z branch 'main' set up to track 'origin/main'.
job-core	Checkout code	2025-10-09T11:25:15.6528655Z ##[endgroup]
job-core	Checkout code	2025-10-09T11:25:15.6580648Z [command]/usr/bin/git log -1 --format=%H
job-core	Checkout code	2025-10-09T11:25:15.6624488Z 324a23785c95d2a1334bb3068d3962fdbead8348
job-core	Login to Docker Hub	﻿2025-10-09T11:25:15.6882748Z ##[group]Run docker/login-action@v3
job-core	Login to Docker Hub	2025-10-09T11:25:15.6883606Z with:
job-core	Login to Docker Hub	2025-10-09T11:25:15.6884524Z   username: ***
job-core	Login to Docker Hub	2025-10-09T11:25:15.6885305Z   password: ***
job-core	Login to Docker Hub	2025-10-09T11:25:15.6886157Z   logout: true
job-core	Login to Docker Hub	2025-10-09T11:25:15.6886779Z env:
job-core	Login to Docker Hub	2025-10-09T11:25:15.6887932Z   GITHUB_TOKEN: ***
job-core	Login to Docker Hub	2025-10-09T11:25:15.6888803Z   KAOS_MODULE: [Ka0s] Personalized Image Runners
job-core	Login to Docker Hub	2025-10-09T11:25:15.6889904Z   KAOS_CODE: 18374708576
job-core	Login to Docker Hub	2025-10-09T11:25:15.6890586Z   KAOS_PATH_SCAN: audit/scan/
job-core	Login to Docker Hub	2025-10-09T11:25:15.6891264Z ##[endgroup]
job-core	Login to Docker Hub	2025-10-09T11:25:16.0410536Z Logging into docker.io...
job-core	Login to Docker Hub	2025-10-09T11:25:17.1003254Z Login Succeeded!
job-core	Build image	﻿2025-10-09T11:25:17.1206807Z ##[group]Run # Construimos la imagen
job-core	Build image	2025-10-09T11:25:17.1207276Z [36;1m# Construimos la imagen[0m
job-core	Build image	2025-10-09T11:25:17.1207786Z [36;1msudo docker build -t portal-runner:0.0.1 -f core/runner/portal-runner//0.0.1//Dockerfile . || true[0m
job-core	Build image	2025-10-09T11:25:17.1208619Z [36;1mecho "Se ha generado la imagen portal-runner:0.0.1...."[0m
job-core	Build image	2025-10-09T11:25:17.1208979Z [36;1msudo usermod -aG docker runner [0m
job-core	Build image	2025-10-09T11:25:17.1226068Z shell: /usr/bin/bash -e {0}
job-core	Build image	2025-10-09T11:25:17.1226502Z env:
job-core	Build image	2025-10-09T11:25:17.1227209Z   GITHUB_TOKEN: ***
job-core	Build image	2025-10-09T11:25:17.1227469Z   KAOS_MODULE: [Ka0s] Personalized Image Runners
job-core	Build image	2025-10-09T11:25:17.1227769Z   KAOS_CODE: 18374708576
job-core	Build image	2025-10-09T11:25:17.1227996Z   KAOS_PATH_SCAN: audit/scan/
job-core	Build image	2025-10-09T11:25:17.1228235Z ##[endgroup]
job-core	Build image	2025-10-09T11:25:17.2650687Z #0 building with "default" instance using docker driver
job-core	Build image	2025-10-09T11:25:17.2651034Z 
job-core	Build image	2025-10-09T11:25:17.2651232Z #1 [internal] load build definition from Dockerfile
job-core	Build image	2025-10-09T11:25:17.3965751Z #1 transferring dockerfile: 1.27kB done
job-core	Build image	2025-10-09T11:25:17.3966935Z #1 DONE 0.0s
job-core	Build image	2025-10-09T11:25:17.3967315Z 
job-core	Build image	2025-10-09T11:25:17.3967859Z #2 [internal] load metadata for docker.io/library/ubuntu:latest
job-core	Build image	2025-10-09T11:25:17.3969697Z #2 DONE 0.0s
job-core	Build image	2025-10-09T11:25:17.3970090Z 
job-core	Build image	2025-10-09T11:25:17.3970729Z #3 [internal] load .dockerignore
job-core	Build image	2025-10-09T11:25:17.3971562Z #3 transferring context: 2B done
job-core	Build image	2025-10-09T11:25:17.3972318Z #3 DONE 0.0s
job-core	Build image	2025-10-09T11:25:17.3972666Z 
job-core	Build image	2025-10-09T11:25:17.3973078Z #4 [1/6] FROM docker.io/library/ubuntu:latest
job-core	Build image	2025-10-09T11:25:17.3973943Z #4 DONE 0.0s
job-core	Build image	2025-10-09T11:25:17.3974285Z 
job-core	Build image	2025-10-09T11:25:17.3976503Z #5 [3/6] RUN apt-get update &&     export DEBIAN_FRONTEND=noninteractive &&     ln -fs /usr/share/zoneinfo/Europe/Madrid /etc/localtime &&     dpkg-reconfigure --frontend noninteractive tzdata &&     apt-get upgrade -y
job-core	Build image	2025-10-09T11:25:17.3979097Z #5 CACHED
job-core	Build image	2025-10-09T11:25:17.3979571Z 
job-core	Build image	2025-10-09T11:25:17.3983532Z #6 [2/6] RUN apt-get update &&     apt-get install -y --no-install-recommends jq python3 pip bc ca-certificates     tzdata apt-utils apt-transport-https curl wget git gnupg gh &&     openssl &&     dpkg-reconfigure --frontend noninteractive tzdata
job-core	Build image	2025-10-09T11:25:17.3986474Z #6 CACHED
job-core	Build image	2025-10-09T11:25:17.3986823Z 
job-core	Build image	2025-10-09T11:25:17.3987706Z #7 [5/6] RUN curl -o- https://raw.githubusercontent.com/nvm-sh/nvm/v0.40.3/install.sh | bash
job-core	Build image	2025-10-09T11:25:17.3989055Z #7 CACHED
job-core	Build image	2025-10-09T11:25:17.3989750Z 
job-core	Build image	2025-10-09T11:25:17.3990496Z #8 [4/6] RUN useradd -m -s /bin/bash kaos &&     mkdir -p /app &&     chown -R kaos:kaos /app
job-core	Build image	2025-10-09T11:25:17.3991717Z #8 CACHED
job-core	Build image	2025-10-09T11:25:17.3992041Z 
job-core	Build image	2025-10-09T11:25:17.3992574Z #9 [6/6] RUN bash -c "source /root/.nvm/nvm.sh && nvm install 22"
job-core	Build image	2025-10-09T11:25:17.3993568Z #9 CACHED
job-core	Build image	2025-10-09T11:25:17.3993892Z 
job-core	Build image	2025-10-09T11:25:17.3994176Z #10 exporting to image
job-core	Build image	2025-10-09T11:25:17.3994892Z #10 exporting layers done
job-core	Build image	2025-10-09T11:25:17.3996233Z #10 writing image sha256:6b4a0ed02204d65fe23d91e14ca462f8649ab56132c2b1e2620255e9ab4bf72a done
job-core	Build image	2025-10-09T11:25:17.3997881Z #10 naming to docker.io/library/portal-runner:0.0.1 done
job-core	Build image	2025-10-09T11:25:17.3998847Z #10 DONE 0.0s
job-core	Build image	2025-10-09T11:25:17.4147548Z Se ha generado la imagen portal-runner:0.0.1....
job-core	Install Trivy vulnerability scanner	﻿2025-10-09T11:25:17.4393704Z ##[group]Run # Instalamos Trivy directamente desde el script oficial
job-core	Install Trivy vulnerability scanner	2025-10-09T11:25:17.4394582Z [36;1m# Instalamos Trivy directamente desde el script oficial[0m
job-core	Install Trivy vulnerability scanner	2025-10-09T11:25:17.4395734Z [36;1mcurl -sfL https://raw.githubusercontent.com/aquasecurity/trivy/main/contrib/install.sh | sudo sh -s -- -b /usr/local/bin v0.48.3[0m
job-core	Install Trivy vulnerability scanner	2025-10-09T11:25:17.4396734Z [36;1m[0m
job-core	Install Trivy vulnerability scanner	2025-10-09T11:25:17.4397068Z [36;1m# Ejecutamos el escaneo de la imagen[0m
job-core	Install Trivy vulnerability scanner	2025-10-09T11:25:17.4397840Z [36;1msudo trivy image --severity HIGH,CRITICAL --ignore-unfixed --format table portal-runner:0.0.1[0m
job-core	Install Trivy vulnerability scanner	2025-10-09T11:25:17.4399032Z [36;1msudo trivy image --severity HIGH,CRITICAL --ignore-unfixed --format json portal-runner:0.0.1 > audit/scan/18374708576.json[0m
job-core	Install Trivy vulnerability scanner	2025-10-09T11:25:17.4400186Z [36;1mecho "Subimos el scan_image_from_18374708576.json a la ruta audit/scan/"[0m
job-core	Install Trivy vulnerability scanner	2025-10-09T11:25:17.4400867Z [36;1mecho "Uploading files to the repository..."[0m
job-core	Install Trivy vulnerability scanner	2025-10-09T11:25:17.4401819Z [36;1mgit config --global user.name "***"[0m
job-core	Install Trivy vulnerability scanner	2025-10-09T11:25:17.4402426Z [36;1mgit config --global user.email "***"[0m
job-core	Install Trivy vulnerability scanner	2025-10-09T11:25:17.4402883Z [36;1mgit pull --rebase[0m
job-core	Install Trivy vulnerability scanner	2025-10-09T11:25:17.4403262Z [36;1mgit add audit/scan/*[0m
job-core	Install Trivy vulnerability scanner	2025-10-09T11:25:17.4403870Z [36;1mgit commit -m "[Ka0s] Add scan image from 18374708576" || echo "No changes to commit"[0m
job-core	Install Trivy vulnerability scanner	2025-10-09T11:25:17.4404517Z [36;1mMAX_RETRIES=3[0m
job-core	Install Trivy vulnerability scanner	2025-10-09T11:25:17.4404858Z [36;1mCOUNT=0[0m
job-core	Install Trivy vulnerability scanner	2025-10-09T11:25:17.4405327Z [36;1muntil git push origin refs/heads/main --force-with-lease; do[0m
job-core	Install Trivy vulnerability scanner	2025-10-09T11:25:17.4405889Z [36;1m  COUNT=$((COUNT+1))[0m
job-core	Install Trivy vulnerability scanner	2025-10-09T11:25:17.4406297Z [36;1m  if [ $COUNT -ge $MAX_RETRIES ]; then[0m
job-core	Install Trivy vulnerability scanner	2025-10-09T11:25:17.4406902Z [36;1m    echo "❌ Error: git push failed after $MAX_RETRIES attempts."[0m
job-core	Install Trivy vulnerability scanner	2025-10-09T11:25:17.4407467Z [36;1m    exit 1[0m
job-core	Install Trivy vulnerability scanner	2025-10-09T11:25:17.4407786Z [36;1m  fi[0m
job-core	Install Trivy vulnerability scanner	2025-10-09T11:25:17.4408219Z [36;1m  echo "⚠️ git push failed, retrying ($COUNT/$MAX_RETRIES)..."[0m
job-core	Install Trivy vulnerability scanner	2025-10-09T11:25:17.4408781Z [36;1m  git pull --rebase[0m
job-core	Install Trivy vulnerability scanner	2025-10-09T11:25:17.4409160Z [36;1m  sleep 2[0m
job-core	Install Trivy vulnerability scanner	2025-10-09T11:25:17.4409547Z [36;1mdone[0m
job-core	Install Trivy vulnerability scanner	2025-10-09T11:25:17.4421284Z shell: /usr/bin/bash -e {0}
job-core	Install Trivy vulnerability scanner	2025-10-09T11:25:17.4421635Z env:
job-core	Install Trivy vulnerability scanner	2025-10-09T11:25:17.4422420Z   GITHUB_TOKEN: ***
job-core	Install Trivy vulnerability scanner	2025-10-09T11:25:17.4422757Z   KAOS_MODULE: [Ka0s] Personalized Image Runners
job-core	Install Trivy vulnerability scanner	2025-10-09T11:25:17.4423163Z   KAOS_CODE: 18374708576
job-core	Install Trivy vulnerability scanner	2025-10-09T11:25:17.4423476Z   KAOS_PATH_SCAN: audit/scan/
job-core	Install Trivy vulnerability scanner	2025-10-09T11:25:17.4423817Z ##[endgroup]
job-core	Install Trivy vulnerability scanner	2025-10-09T11:25:17.5289782Z aquasecurity/trivy info checking GitHub for tag 'v0.48.3'
job-core	Install Trivy vulnerability scanner	2025-10-09T11:25:17.6828148Z aquasecurity/trivy info found version: 0.48.3 for v0.48.3/Linux/64bit
job-core	Install Trivy vulnerability scanner	2025-10-09T11:25:20.3005475Z aquasecurity/trivy info installed /usr/local/bin/trivy
job-core	Install Trivy vulnerability scanner	2025-10-09T11:25:21.0363720Z 2025-10-09T13:25:21.036+0200	[34mINFO[0m	Need to update DB
job-core	Install Trivy vulnerability scanner	2025-10-09T11:25:21.0364586Z 2025-10-09T13:25:21.036+0200	[34mINFO[0m	DB Repository: ghcr.io/aquasecurity/trivy-db
job-core	Install Trivy vulnerability scanner	2025-10-09T11:25:21.0365186Z 2025-10-09T13:25:21.036+0200	[34mINFO[0m	Downloading DB...
job-core	Install Trivy vulnerability scanner	2025-10-09T11:25:25.8364773Z 12.04 MiB / 72.42 MiB [---------->__________________________________________________] 16.62% ? p/s ?22.87 MiB / 72.42 MiB [------------------->_________________________________________] 31.58% ? p/s ?32.77 MiB / 72.42 MiB [--------------------------->_________________________________] 45.25% ? p/s ?43.59 MiB / 72.42 MiB [---------------------------->___________________] 60.19% 52.64 MiB p/s ETA 0s54.50 MiB / 72.42 MiB [------------------------------------>___________] 75.26% 52.64 MiB p/s ETA 0s65.24 MiB / 72.42 MiB [------------------------------------------->____] 90.08% 52.64 MiB p/s ETA 0s72.42 MiB / 72.42 MiB [---------------------------------------------->] 100.00% 52.34 MiB p/s ETA 0s72.42 MiB / 72.42 MiB [---------------------------------------------->] 100.00% 52.34 MiB p/s ETA 0s72.42 MiB / 72.42 MiB [---------------------------------------------->] 100.00% 52.34 MiB p/s ETA 0s72.42 MiB / 72.42 MiB [---------------------------------------------->] 100.00% 48.96 MiB p/s ETA 0s72.42 MiB / 72.42 MiB [---------------------------------------------->] 100.00% 48.96 MiB p/s ETA 0s72.42 MiB / 72.42 MiB [---------------------------------------------->] 100.00% 48.96 MiB p/s ETA 0s72.42 MiB / 72.42 MiB [---------------------------------------------->] 100.00% 45.81 MiB p/s ETA 0s72.42 MiB / 72.42 MiB [---------------------------------------------->] 100.00% 45.81 MiB p/s ETA 0s72.42 MiB / 72.42 MiB [---------------------------------------------->] 100.00% 45.81 MiB p/s ETA 0s72.42 MiB / 72.42 MiB [---------------------------------------------->] 100.00% 42.85 MiB p/s ETA 0s72.42 MiB / 72.42 MiB [---------------------------------------------->] 100.00% 42.85 MiB p/s ETA 0s72.42 MiB / 72.42 MiB [-------------------------------------------------] 100.00% 21.94 MiB p/s 3.5s2025-10-09T13:25:25.835+0200	[34mINFO[0m	Vulnerability scanning is enabled
job-core	Install Trivy vulnerability scanner	2025-10-09T11:25:25.8369427Z 2025-10-09T13:25:25.835+0200	[34mINFO[0m	Secret scanning is enabled
job-core	Install Trivy vulnerability scanner	2025-10-09T11:25:25.8370462Z 2025-10-09T13:25:25.835+0200	[34mINFO[0m	If your scanning is slow, please try '--scanners vuln' to disable secret scanning
job-core	Install Trivy vulnerability scanner	2025-10-09T11:25:25.8371598Z 2025-10-09T13:25:25.835+0200	[34mINFO[0m	Please see also https://aquasecurity.github.io/trivy/v0.48/docs/scanner/secret/#recommendation for faster secret detection
job-core	Install Trivy vulnerability scanner	2025-10-09T11:25:49.2654379Z 2025-10-09T13:25:49.264+0200	[34mINFO[0m	Detected OS: ubuntu
job-core	Install Trivy vulnerability scanner	2025-10-09T11:25:49.2660548Z 2025-10-09T13:25:49.265+0200	[33mWARN[0m	This OS version is not on the EOL list: ubuntu 24.04
job-core	Install Trivy vulnerability scanner	2025-10-09T11:25:49.2666401Z 2025-10-09T13:25:49.265+0200	[34mINFO[0m	Detecting Ubuntu vulnerabilities...
job-core	Install Trivy vulnerability scanner	2025-10-09T11:25:49.2794590Z 2025-10-09T13:25:49.277+0200	[34mINFO[0m	Number of language-specific files: 1
job-core	Install Trivy vulnerability scanner	2025-10-09T11:25:49.2812561Z 2025-10-09T13:25:49.278+0200	[34mINFO[0m	Detecting node-pkg vulnerabilities...
job-core	Install Trivy vulnerability scanner	2025-10-09T11:25:49.4374158Z 
job-core	Install Trivy vulnerability scanner	2025-10-09T11:25:49.4374633Z portal-runner:0.0.1 (ubuntu 24.04)
job-core	Install Trivy vulnerability scanner	2025-10-09T11:25:49.4375050Z ==================================
job-core	Install Trivy vulnerability scanner	2025-10-09T11:25:49.4375394Z Total: 0 (HIGH: 0, CRITICAL: 0)
job-core	Install Trivy vulnerability scanner	2025-10-09T11:25:49.4375576Z 
job-core	Install Trivy vulnerability scanner	2025-10-09T11:25:50.1573554Z 2025-10-09T13:25:50.157+0200	[34mINFO[0m	Vulnerability scanning is enabled
job-core	Install Trivy vulnerability scanner	2025-10-09T11:25:50.1574190Z 2025-10-09T13:25:50.157+0200	[34mINFO[0m	Secret scanning is enabled
job-core	Install Trivy vulnerability scanner	2025-10-09T11:25:50.1574928Z 2025-10-09T13:25:50.157+0200	[34mINFO[0m	If your scanning is slow, please try '--scanners vuln' to disable secret scanning
job-core	Install Trivy vulnerability scanner	2025-10-09T11:25:50.1576212Z 2025-10-09T13:25:50.157+0200	[34mINFO[0m	Please see also https://aquasecurity.github.io/trivy/v0.48/docs/scanner/secret/#recommendation for faster secret detection
job-core	Install Trivy vulnerability scanner	2025-10-09T11:25:50.1750295Z 2025-10-09T13:25:50.174+0200	[34mINFO[0m	Detected OS: ubuntu
job-core	Install Trivy vulnerability scanner	2025-10-09T11:25:50.1759302Z 2025-10-09T13:25:50.174+0200	[33mWARN[0m	This OS version is not on the EOL list: ubuntu 24.04
job-core	Install Trivy vulnerability scanner	2025-10-09T11:25:50.1761828Z 2025-10-09T13:25:50.174+0200	[34mINFO[0m	Detecting Ubuntu vulnerabilities...
job-core	Install Trivy vulnerability scanner	2025-10-09T11:25:50.1791114Z 2025-10-09T13:25:50.177+0200	[34mINFO[0m	Number of language-specific files: 1
job-core	Install Trivy vulnerability scanner	2025-10-09T11:25:50.1793165Z 2025-10-09T13:25:50.177+0200	[34mINFO[0m	Detecting node-pkg vulnerabilities...
job-core	Install Trivy vulnerability scanner	2025-10-09T11:25:50.1955536Z Subimos el scan_image_from_18374708576.json a la ruta audit/scan/
job-core	Install Trivy vulnerability scanner	2025-10-09T11:25:50.1956677Z Uploading files to the repository...
job-core	Install Trivy vulnerability scanner	2025-10-09T11:25:50.9821265Z From https://github.com/Ka0s-Klaus/ka0s
job-core	Install Trivy vulnerability scanner	2025-10-09T11:25:50.9822071Z    324a2378..d812b564  main       -> origin/main
job-core	Install Trivy vulnerability scanner	2025-10-09T11:25:50.9985692Z Updating 324a2378..d812b564
job-core	Install Trivy vulnerability scanner	2025-10-09T11:25:50.9986072Z Fast-forward
job-core	Install Trivy vulnerability scanner	2025-10-09T11:25:51.0072426Z  audit/mongodb/18374675462.json | 16529 +++++++++++++++++++++++++++++++++++++++
job-core	Install Trivy vulnerability scanner	2025-10-09T11:25:51.0072927Z  audit/scan/18374648622.json    |   349 +
job-core	Install Trivy vulnerability scanner	2025-10-09T11:25:51.0073232Z  audit/scan/18374648934.json    |   353 +
job-core	Install Trivy vulnerability scanner	2025-10-09T11:25:51.0073537Z  audit/scan/18374675449.json    |   353 +
job-core	Install Trivy vulnerability scanner	2025-10-09T11:25:51.0073827Z  audit/scan/18374724156.json    |   353 +
job-core	Install Trivy vulnerability scanner	2025-10-09T11:25:51.0074147Z  audit/scan/18374727659.json    |   353 +
job-core	Install Trivy vulnerability scanner	2025-10-09T11:25:51.0074780Z  6 files changed, 18290 insertions(+)
job-core	Install Trivy vulnerability scanner	2025-10-09T11:25:51.0075098Z  create mode 100644 audit/mongodb/18374675462.json
job-core	Install Trivy vulnerability scanner	2025-10-09T11:25:51.0075440Z  create mode 100644 audit/scan/18374648622.json
job-core	Install Trivy vulnerability scanner	2025-10-09T11:25:51.0075766Z  create mode 100644 audit/scan/18374648934.json
job-core	Install Trivy vulnerability scanner	2025-10-09T11:25:51.0076077Z  create mode 100644 audit/scan/18374675449.json
job-core	Install Trivy vulnerability scanner	2025-10-09T11:25:51.0076401Z  create mode 100644 audit/scan/18374724156.json
job-core	Install Trivy vulnerability scanner	2025-10-09T11:25:51.0076725Z  create mode 100644 audit/scan/18374727659.json
job-core	Install Trivy vulnerability scanner	2025-10-09T11:25:51.0278413Z [main b33fe686] [Ka0s] Add scan image from 18374708576
job-core	Install Trivy vulnerability scanner	2025-10-09T11:25:51.0293540Z  1 file changed, 177 insertions(+)
job-core	Install Trivy vulnerability scanner	2025-10-09T11:25:51.0294167Z  create mode 100644 audit/scan/18374708576.json
job-core	Install Trivy vulnerability scanner	2025-10-09T11:25:51.8602941Z To https://github.com/Ka0s-Klaus/ka0s
job-core	Install Trivy vulnerability scanner	2025-10-09T11:25:51.8603331Z    d812b564..b33fe686  main -> main
job-core	Tag and Push if scan passes	﻿2025-10-09T11:25:51.8714099Z ##[group]Run # Logeamos en docker hub
job-core	Tag and Push if scan passes	2025-10-09T11:25:51.8714692Z [36;1m# Logeamos en docker hub[0m
job-core	Tag and Push if scan passes	2025-10-09T11:25:51.8715240Z [36;1msudo docker login -u *** -p ***[0m
job-core	Tag and Push if scan passes	2025-10-09T11:25:51.8715581Z [36;1m# Añadimos la imagen a la version[0m
job-core	Tag and Push if scan passes	2025-10-09T11:25:51.8715983Z [36;1msudo docker tag portal-runner:0.0.1 ***/portal-runner:0.0.1[0m
job-core	Tag and Push if scan passes	2025-10-09T11:25:51.8716472Z [36;1mecho "Se ha generado la version ***/portal-runner:0.0.1 ...."[0m
job-core	Tag and Push if scan passes	2025-10-09T11:25:51.8716827Z [36;1m# Subimos las imagenes[0m
job-core	Tag and Push if scan passes	2025-10-09T11:25:51.8717131Z [36;1msudo docker push ***/portal-runner:0.0.1[0m
job-core	Tag and Push if scan passes	2025-10-09T11:25:51.8728160Z shell: /usr/bin/bash -e {0}
job-core	Tag and Push if scan passes	2025-10-09T11:25:51.8728442Z env:
job-core	Tag and Push if scan passes	2025-10-09T11:25:51.8729139Z   GITHUB_TOKEN: ***
job-core	Tag and Push if scan passes	2025-10-09T11:25:51.8729483Z   KAOS_MODULE: [Ka0s] Personalized Image Runners
job-core	Tag and Push if scan passes	2025-10-09T11:25:51.8729796Z   KAOS_CODE: 18374708576
job-core	Tag and Push if scan passes	2025-10-09T11:25:51.8730035Z   KAOS_PATH_SCAN: audit/scan/
job-core	Tag and Push if scan passes	2025-10-09T11:25:51.8730278Z ##[endgroup]
job-core	Tag and Push if scan passes	2025-10-09T11:25:51.8914666Z WARNING! Using --password via the CLI is insecure. Use --password-stdin.
job-core	Tag and Push if scan passes	2025-10-09T11:25:52.8817493Z 
job-core	Tag and Push if scan passes	2025-10-09T11:25:52.8817943Z Login Succeeded
job-core	Tag and Push if scan passes	2025-10-09T11:25:52.8819125Z WARNING! Your credentials are stored unencrypted in '/root/.docker/config.json'.
job-core	Tag and Push if scan passes	2025-10-09T11:25:52.8820699Z Configure a credential helper to remove this warning. See
job-core	Tag and Push if scan passes	2025-10-09T11:25:52.8821112Z https://docs.docker.com/go/credential-store/
job-core	Tag and Push if scan passes	2025-10-09T11:25:52.8821339Z 
job-core	Tag and Push if scan passes	2025-10-09T11:25:52.9078251Z Se ha generado la version ***/portal-runner:0.0.1 ....
job-core	Tag and Push if scan passes	2025-10-09T11:25:52.9286225Z The push refers to repository [docker.io/***/portal-runner]
job-core	Tag and Push if scan passes	2025-10-09T11:25:53.2409929Z b82b1bf57491: Preparing
job-core	Tag and Push if scan passes	2025-10-09T11:25:53.2411784Z e492a57e20fa: Preparing
job-core	Tag and Push if scan passes	2025-10-09T11:25:53.2412031Z 9f54d7716240: Preparing
job-core	Tag and Push if scan passes	2025-10-09T11:25:53.2412267Z b2791f2a9784: Preparing
job-core	Tag and Push if scan passes	2025-10-09T11:25:53.2412498Z 933087c8074a: Preparing
job-core	Tag and Push if scan passes	2025-10-09T11:25:53.2412741Z 65b08cd99c60: Preparing
job-core	Tag and Push if scan passes	2025-10-09T11:25:53.2412970Z 65b08cd99c60: Waiting
job-core	Tag and Push if scan passes	2025-10-09T11:25:53.8917283Z 9f54d7716240: Layer already exists
job-core	Tag and Push if scan passes	2025-10-09T11:25:53.9011563Z 933087c8074a: Layer already exists
job-core	Tag and Push if scan passes	2025-10-09T11:25:53.9028606Z b82b1bf57491: Layer already exists
job-core	Tag and Push if scan passes	2025-10-09T11:25:53.9069979Z e492a57e20fa: Layer already exists
job-core	Tag and Push if scan passes	2025-10-09T11:25:54.1757277Z b2791f2a9784: Layer already exists
job-core	Tag and Push if scan passes	2025-10-09T11:25:54.3938690Z 65b08cd99c60: Layer already exists
job-core	Tag and Push if scan passes	2025-10-09T11:25:56.7416588Z 0.0.1: digest: sha256:9a11870d30832799a2f252d12c91ae8a59354ed89abc03ff57ce818919b6cd6f size: 1579
job-core	Post Login to Docker Hub	﻿2025-10-09T11:25:56.7546351Z Post job cleanup.
job-core	Post Login to Docker Hub	2025-10-09T11:25:57.1111044Z [command]/usr/bin/docker logout docker.io
job-core	Post Login to Docker Hub	2025-10-09T11:25:57.1253355Z Removing login credentials for docker.io
job-core	Post Login to Docker Hub	2025-10-09T11:25:57.1273410Z ##[group]Post cache
job-core	Post Login to Docker Hub	2025-10-09T11:25:57.1283769Z State not set
job-core	Post Login to Docker Hub	2025-10-09T11:25:57.1285010Z ##[endgroup]
job-core	Post Checkout code	﻿2025-10-09T11:25:57.1491644Z Post job cleanup.
job-core	Post Checkout code	2025-10-09T11:25:57.2535940Z [command]/usr/bin/git version
job-core	Post Checkout code	2025-10-09T11:25:57.2574469Z git version 2.51.0
job-core	Post Checkout code	2025-10-09T11:25:57.2618087Z Copying '/home/runner/.gitconfig' to '/home/runner/_work/_temp/e52b3477-b0ca-4c81-a19a-c0357497263a/.gitconfig'
job-core	Post Checkout code	2025-10-09T11:25:57.2629954Z Temporarily overriding HOME='/home/runner/_work/_temp/e52b3477-b0ca-4c81-a19a-c0357497263a' before making global git config changes
job-core	Post Checkout code	2025-10-09T11:25:57.2630932Z Adding repository directory to the temporary git global config as a safe directory
job-core	Post Checkout code	2025-10-09T11:25:57.2637275Z [command]/usr/bin/git config --global --add safe.directory /home/runner/_work/ka0s/ka0s
job-core	Post Checkout code	2025-10-09T11:25:57.2686350Z [command]/usr/bin/git config --local --name-only --get-regexp core\.sshCommand
job-core	Post Checkout code	2025-10-09T11:25:57.2726250Z [command]/usr/bin/git submodule foreach --recursive sh -c "git config --local --name-only --get-regexp 'core\.sshCommand' && git config --local --unset-all 'core.sshCommand' || :"
job-core	Post Checkout code	2025-10-09T11:25:57.3000640Z [command]/usr/bin/git config --local --name-only --get-regexp http\.https\:\/\/github\.com\/\.extraheader
job-core	Post Checkout code	2025-10-09T11:25:57.3033590Z http.https://github.com/.extraheader
job-core	Post Checkout code	2025-10-09T11:25:57.3050465Z [command]/usr/bin/git config --local --unset-all http.https://github.com/.extraheader
job-core	Post Checkout code	2025-10-09T11:25:57.3104708Z [command]/usr/bin/git submodule foreach --recursive sh -c "git config --local --name-only --get-regexp 'http\.https\:\/\/github\.com\/\.extraheader' && git config --local --unset-all 'http.https://github.com/.extraheader' || :"
job-core	Complete job	﻿2025-10-09T11:25:57.3475067Z Cleaning up orphan processes
handle-success	Set up job	﻿2025-10-09T11:26:24.2545803Z Current runner version: '2.328.0'
handle-success	Set up job	2025-10-09T11:26:24.2561803Z Runner name: '117a1a86cf62'
handle-success	Set up job	2025-10-09T11:26:24.2563357Z Runner group name: 'swarm-runners'
handle-success	Set up job	2025-10-09T11:26:24.2565512Z Machine name: '117a1a86cf62'
handle-success	Set up job	2025-10-09T11:26:24.2571829Z ##[group]GITHUB_TOKEN Permissions
handle-success	Set up job	2025-10-09T11:26:24.2576239Z Actions: write
handle-success	Set up job	2025-10-09T11:26:24.2577271Z Contents: read
handle-success	Set up job	2025-10-09T11:26:24.2578867Z Issues: write
handle-success	Set up job	2025-10-09T11:26:24.2600684Z Metadata: read
handle-success	Set up job	2025-10-09T11:26:24.2601962Z ##[endgroup]
handle-success	Set up job	2025-10-09T11:26:24.2607010Z Secret source: Actions
handle-success	Set up job	2025-10-09T11:26:24.2608713Z Prepare workflow directory
handle-success	Set up job	2025-10-09T11:26:24.4837156Z Prepare all required actions
handle-success	Set up job	2025-10-09T11:26:24.4996540Z Getting action download info
handle-success	Set up job	2025-10-09T11:26:25.2893188Z Download action repository 'actions/checkout@v4' (SHA:08eba0b27e820071cde6df949e0beb9ba4906955)
handle-success	Set up job	2025-10-09T11:26:26.4134800Z Complete job name: handle-success
handle-success	Checkout code	﻿2025-10-09T11:26:26.5621286Z ##[group]Run actions/checkout@v4
handle-success	Checkout code	2025-10-09T11:26:26.5623335Z with:
handle-success	Checkout code	2025-10-09T11:26:26.5624406Z   fetch-depth: 0
handle-success	Checkout code	2025-10-09T11:26:26.5625906Z   token: ***
handle-success	Checkout code	2025-10-09T11:26:26.5626914Z   repository: Ka0s-Klaus/ka0s
handle-success	Checkout code	2025-10-09T11:26:26.5628131Z   ssh-strict: true
handle-success	Checkout code	2025-10-09T11:26:26.5629141Z   ssh-user: git
handle-success	Checkout code	2025-10-09T11:26:26.5630424Z   persist-credentials: true
handle-success	Checkout code	2025-10-09T11:26:26.5631612Z   clean: true
handle-success	Checkout code	2025-10-09T11:26:26.5632653Z   sparse-checkout-cone-mode: true
handle-success	Checkout code	2025-10-09T11:26:26.5633940Z   fetch-tags: false
handle-success	Checkout code	2025-10-09T11:26:26.5635217Z   show-progress: true
handle-success	Checkout code	2025-10-09T11:26:26.5636749Z   lfs: false
handle-success	Checkout code	2025-10-09T11:26:26.5638104Z   submodules: false
handle-success	Checkout code	2025-10-09T11:26:26.5639121Z   set-safe-directory: true
handle-success	Checkout code	2025-10-09T11:26:26.5641218Z env:
handle-success	Checkout code	2025-10-09T11:26:26.5643755Z   GITHUB_TOKEN: ***
handle-success	Checkout code	2025-10-09T11:26:26.5644955Z   KAOS_MODULE: [Ka0s] Personalized Image Runners
handle-success	Checkout code	2025-10-09T11:26:26.5646418Z   KAOS_CODE: 18374708576
handle-success	Checkout code	2025-10-09T11:26:26.5647632Z   KAOS_PATH_SCAN: audit/scan/
handle-success	Checkout code	2025-10-09T11:26:26.5648847Z ##[endgroup]
handle-success	Checkout code	2025-10-09T11:26:26.8330424Z Syncing repository: Ka0s-Klaus/ka0s
handle-success	Checkout code	2025-10-09T11:26:26.8334236Z ##[group]Getting Git version info
handle-success	Checkout code	2025-10-09T11:26:26.8335867Z Working directory is '/home/runner/_work/ka0s/ka0s'
handle-success	Checkout code	2025-10-09T11:26:26.8338190Z [command]/usr/bin/git version
handle-success	Checkout code	2025-10-09T11:26:26.8339425Z git version 2.51.0
handle-success	Checkout code	2025-10-09T11:26:26.8390377Z ##[endgroup]
handle-success	Checkout code	2025-10-09T11:26:26.8437676Z Copying '/home/runner/.gitconfig' to '/home/runner/_work/_temp/7b7c7efd-e1df-4f81-acbb-6766b96ebf4c/.gitconfig'
handle-success	Checkout code	2025-10-09T11:26:26.8467063Z Temporarily overriding HOME='/home/runner/_work/_temp/7b7c7efd-e1df-4f81-acbb-6766b96ebf4c' before making global git config changes
handle-success	Checkout code	2025-10-09T11:26:26.8486915Z Adding repository directory to the temporary git global config as a safe directory
handle-success	Checkout code	2025-10-09T11:26:26.8498973Z [command]/usr/bin/git config --global --add safe.directory /home/runner/_work/ka0s/ka0s
handle-success	Checkout code	2025-10-09T11:26:26.8781242Z [command]/usr/bin/git config --local --get remote.origin.url
handle-success	Checkout code	2025-10-09T11:26:26.8795954Z https://github.com/Ka0s-Klaus/ka0s
handle-success	Checkout code	2025-10-09T11:26:26.8809419Z ##[group]Removing previously created refs, to avoid conflicts
handle-success	Checkout code	2025-10-09T11:26:26.8823922Z [command]/usr/bin/git rev-parse --symbolic-full-name --verify --quiet HEAD
handle-success	Checkout code	2025-10-09T11:26:26.8872222Z refs/heads/main
handle-success	Checkout code	2025-10-09T11:26:26.8915047Z [command]/usr/bin/git checkout --detach
handle-success	Checkout code	2025-10-09T11:26:26.9145078Z HEAD is now at 24c3071c [Ka0s] Add scan image from 18374701838
handle-success	Checkout code	2025-10-09T11:26:26.9289935Z [command]/usr/bin/git branch --delete --force main
handle-success	Checkout code	2025-10-09T11:26:26.9404686Z Deleted branch main (was 24c3071c).
handle-success	Checkout code	2025-10-09T11:26:26.9667558Z ##[endgroup]
handle-success	Checkout code	2025-10-09T11:26:26.9676109Z [command]/usr/bin/git submodule status
handle-success	Checkout code	2025-10-09T11:26:27.0536744Z ##[group]Cleaning the repository
handle-success	Checkout code	2025-10-09T11:26:27.0573269Z [command]/usr/bin/git clean -ffdx
handle-success	Checkout code	2025-10-09T11:26:27.0783217Z [command]/usr/bin/git reset --hard HEAD
handle-success	Checkout code	2025-10-09T11:26:27.1046736Z HEAD is now at 24c3071c [Ka0s] Add scan image from 18374701838
handle-success	Checkout code	2025-10-09T11:26:27.1059425Z ##[endgroup]
handle-success	Checkout code	2025-10-09T11:26:27.1062170Z ##[group]Disabling automatic garbage collection
handle-success	Checkout code	2025-10-09T11:26:27.1081385Z [command]/usr/bin/git config --local gc.auto 0
handle-success	Checkout code	2025-10-09T11:26:27.1212314Z ##[endgroup]
handle-success	Checkout code	2025-10-09T11:26:27.1214313Z ##[group]Setting up auth
handle-success	Checkout code	2025-10-09T11:26:27.1216107Z [command]/usr/bin/git config --local --name-only --get-regexp core\.sshCommand
handle-success	Checkout code	2025-10-09T11:26:27.1286062Z [command]/usr/bin/git submodule foreach --recursive sh -c "git config --local --name-only --get-regexp 'core\.sshCommand' && git config --local --unset-all 'core.sshCommand' || :"
handle-success	Checkout code	2025-10-09T11:26:27.2287837Z [command]/usr/bin/git config --local --name-only --get-regexp http\.https\:\/\/github\.com\/\.extraheader
handle-success	Checkout code	2025-10-09T11:26:27.2386100Z [command]/usr/bin/git submodule foreach --recursive sh -c "git config --local --name-only --get-regexp 'http\.https\:\/\/github\.com\/\.extraheader' && git config --local --unset-all 'http.https://github.com/.extraheader' || :"
handle-success	Checkout code	2025-10-09T11:26:27.3247693Z [command]/usr/bin/git config --local http.https://github.com/.extraheader AUTHORIZATION: basic ***
handle-success	Checkout code	2025-10-09T11:26:27.3457758Z ##[endgroup]
handle-success	Checkout code	2025-10-09T11:26:27.3471858Z ##[group]Fetching the repository
handle-success	Checkout code	2025-10-09T11:26:27.3496434Z [command]/usr/bin/git -c protocol.version=2 fetch --prune --no-recurse-submodules origin +refs/heads/*:refs/remotes/origin/* +refs/tags/*:refs/tags/*
handle-success	Checkout code	2025-10-09T11:26:28.0749954Z [command]/usr/bin/git branch --list --remote origin/main
handle-success	Checkout code	2025-10-09T11:26:28.1012012Z   origin/main
handle-success	Checkout code	2025-10-09T11:26:28.1022155Z [command]/usr/bin/git rev-parse refs/remotes/origin/main
handle-success	Checkout code	2025-10-09T11:26:28.1098842Z 24c3071cf4c2222475beb7ffa8c2e5514b09979d
handle-success	Checkout code	2025-10-09T11:26:28.1144173Z [command]/usr/bin/git -c protocol.version=2 fetch --no-tags --prune --no-recurse-submodules origin +324a23785c95d2a1334bb3068d3962fdbead8348:refs/remotes/origin/main
handle-success	Checkout code	2025-10-09T11:26:28.1501424Z From https://github.com/Ka0s-Klaus/ka0s
handle-success	Checkout code	2025-10-09T11:26:28.1506705Z  + 24c3071c...324a2378 324a23785c95d2a1334bb3068d3962fdbead8348 -> origin/main  (forced update)
handle-success	Checkout code	2025-10-09T11:26:28.1582803Z ##[endgroup]
handle-success	Checkout code	2025-10-09T11:26:28.1587619Z ##[group]Determining the checkout info
handle-success	Checkout code	2025-10-09T11:26:28.1610754Z ##[endgroup]
handle-success	Checkout code	2025-10-09T11:26:28.1619108Z [command]/usr/bin/git sparse-checkout disable
handle-success	Checkout code	2025-10-09T11:26:28.2254111Z [command]/usr/bin/git config --local --unset-all extensions.worktreeConfig
handle-success	Checkout code	2025-10-09T11:26:28.2614973Z ##[group]Checking out the ref
handle-success	Checkout code	2025-10-09T11:26:28.2629939Z [command]/usr/bin/git checkout --progress --force -B main refs/remotes/origin/main
handle-success	Checkout code	2025-10-09T11:26:28.3185505Z Warning: you are leaving 8 commits behind, not connected to
handle-success	Checkout code	2025-10-09T11:26:28.3189096Z any of your branches:
handle-success	Checkout code	2025-10-09T11:26:28.3190601Z 
handle-success	Checkout code	2025-10-09T11:26:28.3191786Z   24c3071c [Ka0s] Add scan image from 18374701838
handle-success	Checkout code	2025-10-09T11:26:28.3195095Z   b33fe686 [Ka0s] Add scan image from 18374708576
handle-success	Checkout code	2025-10-09T11:26:28.3198359Z   d812b564 [Ka0s] Add scan image from 18374727659
handle-success	Checkout code	2025-10-09T11:26:28.3210682Z   cac4bf89 [Ka0s] Add scan image from 18374724156
handle-success	Checkout code	2025-10-09T11:26:28.3214157Z  ... and 4 more.
handle-success	Checkout code	2025-10-09T11:26:28.3215507Z 
handle-success	Checkout code	2025-10-09T11:26:28.3217404Z If you want to keep them by creating a new branch, this may be a good time
handle-success	Checkout code	2025-10-09T11:26:28.3221433Z to do so with:
handle-success	Checkout code	2025-10-09T11:26:28.3222685Z 
handle-success	Checkout code	2025-10-09T11:26:28.3223809Z  git branch <new-branch-name> 24c3071c
handle-success	Checkout code	2025-10-09T11:26:28.3225757Z 
handle-success	Checkout code	2025-10-09T11:26:28.3364850Z Switched to a new branch 'main'
handle-success	Checkout code	2025-10-09T11:26:28.3381482Z branch 'main' set up to track 'origin/main'.
handle-success	Checkout code	2025-10-09T11:26:28.3407046Z ##[endgroup]
handle-success	Checkout code	2025-10-09T11:26:28.3520955Z [command]/usr/bin/git log -1 --format=%H
handle-success	Checkout code	2025-10-09T11:26:28.3622159Z 324a23785c95d2a1334bb3068d3962fdbead8348
handle-success	handle-success-execution	﻿2025-10-09T11:26:28.4633096Z ##[group]Run # RNNUMBER=$(echo "refs/heads/main" | grep -o '[0-9]*')
handle-success	handle-success-execution	2025-10-09T11:26:28.4637450Z [36;1m# RNNUMBER=$(echo "refs/heads/main" | grep -o '[0-9]*')[0m
handle-success	handle-success-execution	2025-10-09T11:26:28.4644648Z [36;1m# gh issue comment $RNNUMBER --body "El proceso ha finalizado correctamente 18374708576. El resultado está en el fichero core/results/event_data_18374708576.log"[0m
handle-success	handle-success-execution	2025-10-09T11:26:28.4654056Z [36;1mecho "El proceso ha finalizado correctamente 18374708576. El resultado está en el fichero core/results/event_data_18374708576.log"[0m
handle-success	handle-success-execution	2025-10-09T11:26:28.4697841Z shell: /usr/bin/bash -e {0}
handle-success	handle-success-execution	2025-10-09T11:26:28.4700317Z env:
handle-success	handle-success-execution	2025-10-09T11:26:28.4704999Z   GITHUB_TOKEN: ***
handle-success	handle-success-execution	2025-10-09T11:26:28.4707270Z   KAOS_MODULE: [Ka0s] Personalized Image Runners
handle-success	handle-success-execution	2025-10-09T11:26:28.4710166Z   KAOS_CODE: 18374708576
handle-success	handle-success-execution	2025-10-09T11:26:28.4712393Z   KAOS_PATH_SCAN: audit/scan/
handle-success	handle-success-execution	2025-10-09T11:26:28.4715384Z   GH_TOKEN: ***
handle-success	handle-success-execution	2025-10-09T11:26:28.4717261Z ##[endgroup]
handle-success	handle-success-execution	2025-10-09T11:26:28.4921370Z El proceso ha finalizado correctamente 18374708576. El resultado está en el fichero core/results/event_data_18374708576.log
handle-success	Post Checkout code	﻿2025-10-09T11:26:28.6193078Z Post job cleanup.
handle-success	Post Checkout code	2025-10-09T11:26:29.0311548Z [command]/usr/bin/git version
handle-success	Post Checkout code	2025-10-09T11:26:29.0396418Z git version 2.51.0
handle-success	Post Checkout code	2025-10-09T11:26:29.0560267Z Copying '/home/runner/.gitconfig' to '/home/runner/_work/_temp/9f62380e-486b-4449-9676-4ce27315a906/.gitconfig'
handle-success	Post Checkout code	2025-10-09T11:26:29.0832630Z Temporarily overriding HOME='/home/runner/_work/_temp/9f62380e-486b-4449-9676-4ce27315a906' before making global git config changes
handle-success	Post Checkout code	2025-10-09T11:26:29.0842606Z Adding repository directory to the temporary git global config as a safe directory
handle-success	Post Checkout code	2025-10-09T11:26:29.0887376Z [command]/usr/bin/git config --global --add safe.directory /home/runner/_work/ka0s/ka0s
handle-success	Post Checkout code	2025-10-09T11:26:29.1243259Z [command]/usr/bin/git config --local --name-only --get-regexp core\.sshCommand
handle-success	Post Checkout code	2025-10-09T11:26:29.1521254Z [command]/usr/bin/git submodule foreach --recursive sh -c "git config --local --name-only --get-regexp 'core\.sshCommand' && git config --local --unset-all 'core.sshCommand' || :"
handle-success	Post Checkout code	2025-10-09T11:26:29.2424055Z [command]/usr/bin/git config --local --name-only --get-regexp http\.https\:\/\/github\.com\/\.extraheader
handle-success	Post Checkout code	2025-10-09T11:26:29.2493831Z http.https://github.com/.extraheader
handle-success	Post Checkout code	2025-10-09T11:26:29.2542196Z [command]/usr/bin/git config --local --unset-all http.https://github.com/.extraheader
handle-success	Post Checkout code	2025-10-09T11:26:29.2876704Z [command]/usr/bin/git submodule foreach --recursive sh -c "git config --local --name-only --get-regexp 'http\.https\:\/\/github\.com\/\.extraheader' && git config --local --unset-all 'http.https://github.com/.extraheader' || :"
handle-success	Complete job	﻿2025-10-09T11:26:29.4332788Z Cleaning up orphan processes
end-workflow	Set up job	﻿2025-10-09T11:26:45.1862244Z Current runner version: '2.328.0'
end-workflow	Set up job	2025-10-09T11:26:45.1876837Z Runner name: '117a1a86cf62'
end-workflow	Set up job	2025-10-09T11:26:45.1880301Z Runner group name: 'swarm-runners'
end-workflow	Set up job	2025-10-09T11:26:45.1883344Z Machine name: '117a1a86cf62'
end-workflow	Set up job	2025-10-09T11:26:45.1893834Z ##[group]GITHUB_TOKEN Permissions
end-workflow	Set up job	2025-10-09T11:26:45.1901734Z Actions: write
end-workflow	Set up job	2025-10-09T11:26:45.1903272Z Contents: read
end-workflow	Set up job	2025-10-09T11:26:45.1904403Z Issues: write
end-workflow	Set up job	2025-10-09T11:26:45.1905427Z Metadata: read
end-workflow	Set up job	2025-10-09T11:26:45.1906905Z ##[endgroup]
end-workflow	Set up job	2025-10-09T11:26:45.2009876Z Secret source: Actions
end-workflow	Set up job	2025-10-09T11:26:45.2011845Z Prepare workflow directory
end-workflow	Set up job	2025-10-09T11:26:45.3345224Z Prepare all required actions
end-workflow	Set up job	2025-10-09T11:26:45.3434103Z Getting action download info
end-workflow	Set up job	2025-10-09T11:26:46.0698709Z Download action repository 'actions/checkout@v4' (SHA:08eba0b27e820071cde6df949e0beb9ba4906955)
end-workflow	Set up job	2025-10-09T11:26:47.0387865Z Complete job name: end-workflow
end-workflow	Checkout code	﻿2025-10-09T11:26:47.2101163Z ##[group]Run actions/checkout@v4
end-workflow	Checkout code	2025-10-09T11:26:47.2105371Z with:
end-workflow	Checkout code	2025-10-09T11:26:47.2108147Z   fetch-depth: 0
end-workflow	Checkout code	2025-10-09T11:26:47.2112157Z   token: ***
end-workflow	Checkout code	2025-10-09T11:26:47.2115071Z   repository: Ka0s-Klaus/ka0s
end-workflow	Checkout code	2025-10-09T11:26:47.2149364Z   ssh-strict: true
end-workflow	Checkout code	2025-10-09T11:26:47.2152847Z   ssh-user: git
end-workflow	Checkout code	2025-10-09T11:26:47.2155827Z   persist-credentials: true
end-workflow	Checkout code	2025-10-09T11:26:47.2159164Z   clean: true
end-workflow	Checkout code	2025-10-09T11:26:47.2162588Z   sparse-checkout-cone-mode: true
end-workflow	Checkout code	2025-10-09T11:26:47.2166218Z   fetch-tags: false
end-workflow	Checkout code	2025-10-09T11:26:47.2169210Z   show-progress: true
end-workflow	Checkout code	2025-10-09T11:26:47.2172811Z   lfs: false
end-workflow	Checkout code	2025-10-09T11:26:47.2175601Z   submodules: false
end-workflow	Checkout code	2025-10-09T11:26:47.2178664Z   set-safe-directory: true
end-workflow	Checkout code	2025-10-09T11:26:47.2183115Z env:
end-workflow	Checkout code	2025-10-09T11:26:47.2189937Z   GITHUB_TOKEN: ***
end-workflow	Checkout code	2025-10-09T11:26:47.2193484Z   KAOS_MODULE: [Ka0s] Personalized Image Runners
end-workflow	Checkout code	2025-10-09T11:26:47.2197649Z   KAOS_CODE: 18374708576
end-workflow	Checkout code	2025-10-09T11:26:47.2201462Z   KAOS_PATH_SCAN: audit/scan/
end-workflow	Checkout code	2025-10-09T11:26:47.2205519Z   GH_TOKEN: ***
end-workflow	Checkout code	2025-10-09T11:26:47.2208466Z ##[endgroup]
end-workflow	Checkout code	2025-10-09T11:26:47.4165359Z Syncing repository: Ka0s-Klaus/ka0s
end-workflow	Checkout code	2025-10-09T11:26:47.4168111Z ##[group]Getting Git version info
end-workflow	Checkout code	2025-10-09T11:26:47.4169116Z Working directory is '/home/runner/_work/ka0s/ka0s'
end-workflow	Checkout code	2025-10-09T11:26:47.4174132Z [command]/usr/bin/git version
end-workflow	Checkout code	2025-10-09T11:26:47.4177779Z git version 2.51.0
end-workflow	Checkout code	2025-10-09T11:26:47.4206277Z ##[endgroup]
end-workflow	Checkout code	2025-10-09T11:26:47.4239714Z Copying '/home/runner/.gitconfig' to '/home/runner/_work/_temp/e9e6a4ef-1f29-499e-a74a-06a68a04ebf9/.gitconfig'
end-workflow	Checkout code	2025-10-09T11:26:47.4256850Z Temporarily overriding HOME='/home/runner/_work/_temp/e9e6a4ef-1f29-499e-a74a-06a68a04ebf9' before making global git config changes
end-workflow	Checkout code	2025-10-09T11:26:47.4266662Z Adding repository directory to the temporary git global config as a safe directory
end-workflow	Checkout code	2025-10-09T11:26:47.4269842Z [command]/usr/bin/git config --global --add safe.directory /home/runner/_work/ka0s/ka0s
end-workflow	Checkout code	2025-10-09T11:26:47.4333025Z [command]/usr/bin/git config --local --get remote.origin.url
end-workflow	Checkout code	2025-10-09T11:26:47.4363739Z https://github.com/Ka0s-Klaus/ka0s
end-workflow	Checkout code	2025-10-09T11:26:47.4389083Z ##[group]Removing previously created refs, to avoid conflicts
end-workflow	Checkout code	2025-10-09T11:26:47.4400732Z [command]/usr/bin/git rev-parse --symbolic-full-name --verify --quiet HEAD
end-workflow	Checkout code	2025-10-09T11:26:47.4452432Z refs/heads/main
end-workflow	Checkout code	2025-10-09T11:26:47.4459995Z [command]/usr/bin/git checkout --detach
end-workflow	Checkout code	2025-10-09T11:26:47.4610141Z HEAD is now at 324a2378 Merge branch 'main' of https://github.com/Ka0s-Klaus/ka0s
end-workflow	Checkout code	2025-10-09T11:26:47.4756036Z [command]/usr/bin/git branch --delete --force main
end-workflow	Checkout code	2025-10-09T11:26:47.4766421Z Deleted branch main (was 324a2378).
end-workflow	Checkout code	2025-10-09T11:26:47.4889691Z ##[endgroup]
end-workflow	Checkout code	2025-10-09T11:26:47.4893616Z [command]/usr/bin/git submodule status
end-workflow	Checkout code	2025-10-09T11:26:47.5218077Z ##[group]Cleaning the repository
end-workflow	Checkout code	2025-10-09T11:26:47.5225374Z [command]/usr/bin/git clean -ffdx
end-workflow	Checkout code	2025-10-09T11:26:47.5315345Z [command]/usr/bin/git reset --hard HEAD
end-workflow	Checkout code	2025-10-09T11:26:47.5489364Z HEAD is now at 324a2378 Merge branch 'main' of https://github.com/Ka0s-Klaus/ka0s
end-workflow	Checkout code	2025-10-09T11:26:47.5495033Z ##[endgroup]
end-workflow	Checkout code	2025-10-09T11:26:47.5499947Z ##[group]Disabling automatic garbage collection
end-workflow	Checkout code	2025-10-09T11:26:47.5503400Z [command]/usr/bin/git config --local gc.auto 0
end-workflow	Checkout code	2025-10-09T11:26:47.5569274Z ##[endgroup]
end-workflow	Checkout code	2025-10-09T11:26:47.5571924Z ##[group]Setting up auth
end-workflow	Checkout code	2025-10-09T11:26:47.5612013Z [command]/usr/bin/git config --local --name-only --get-regexp core\.sshCommand
end-workflow	Checkout code	2025-10-09T11:26:47.5666049Z [command]/usr/bin/git submodule foreach --recursive sh -c "git config --local --name-only --get-regexp 'core\.sshCommand' && git config --local --unset-all 'core.sshCommand' || :"
end-workflow	Checkout code	2025-10-09T11:26:47.6045147Z [command]/usr/bin/git config --local --name-only --get-regexp http\.https\:\/\/github\.com\/\.extraheader
end-workflow	Checkout code	2025-10-09T11:26:47.6094797Z [command]/usr/bin/git submodule foreach --recursive sh -c "git config --local --name-only --get-regexp 'http\.https\:\/\/github\.com\/\.extraheader' && git config --local --unset-all 'http.https://github.com/.extraheader' || :"
end-workflow	Checkout code	2025-10-09T11:26:47.6482988Z [command]/usr/bin/git config --local http.https://github.com/.extraheader AUTHORIZATION: basic ***
end-workflow	Checkout code	2025-10-09T11:26:47.6778802Z ##[endgroup]
end-workflow	Checkout code	2025-10-09T11:26:47.6787552Z ##[group]Fetching the repository
end-workflow	Checkout code	2025-10-09T11:26:47.6827906Z [command]/usr/bin/git -c protocol.version=2 fetch --prune --no-recurse-submodules origin +refs/heads/*:refs/remotes/origin/* +refs/tags/*:refs/tags/*
end-workflow	Checkout code	2025-10-09T11:26:48.5731691Z From https://github.com/Ka0s-Klaus/ka0s
end-workflow	Checkout code	2025-10-09T11:26:48.5736680Z    324a2378..b59babee  main       -> origin/main
end-workflow	Checkout code	2025-10-09T11:26:48.5788716Z [command]/usr/bin/git branch --list --remote origin/main
end-workflow	Checkout code	2025-10-09T11:26:48.5865572Z   origin/main
end-workflow	Checkout code	2025-10-09T11:26:48.5880344Z [command]/usr/bin/git rev-parse refs/remotes/origin/main
end-workflow	Checkout code	2025-10-09T11:26:48.5912411Z b59babee06c663bd1dbba732c0911881ad3ce37f
end-workflow	Checkout code	2025-10-09T11:26:48.5927261Z [command]/usr/bin/git -c protocol.version=2 fetch --no-tags --prune --no-recurse-submodules origin +324a23785c95d2a1334bb3068d3962fdbead8348:refs/remotes/origin/main
end-workflow	Checkout code	2025-10-09T11:26:48.6149709Z From https://github.com/Ka0s-Klaus/ka0s
end-workflow	Checkout code	2025-10-09T11:26:48.6155780Z  + b59babee...324a2378 324a23785c95d2a1334bb3068d3962fdbead8348 -> origin/main  (forced update)
end-workflow	Checkout code	2025-10-09T11:26:48.6199784Z ##[endgroup]
end-workflow	Checkout code	2025-10-09T11:26:48.6201958Z ##[group]Determining the checkout info
end-workflow	Checkout code	2025-10-09T11:26:48.6204231Z ##[endgroup]
end-workflow	Checkout code	2025-10-09T11:26:48.6206168Z [command]/usr/bin/git sparse-checkout disable
end-workflow	Checkout code	2025-10-09T11:26:48.6443811Z [command]/usr/bin/git config --local --unset-all extensions.worktreeConfig
end-workflow	Checkout code	2025-10-09T11:26:48.6579163Z ##[group]Checking out the ref
end-workflow	Checkout code	2025-10-09T11:26:48.6592155Z [command]/usr/bin/git checkout --progress --force -B main refs/remotes/origin/main
end-workflow	Checkout code	2025-10-09T11:26:48.7147459Z Switched to a new branch 'main'
end-workflow	Checkout code	2025-10-09T11:26:48.7163162Z branch 'main' set up to track 'origin/main'.
end-workflow	Checkout code	2025-10-09T11:26:48.7211176Z ##[endgroup]
end-workflow	Checkout code	2025-10-09T11:26:48.7373861Z [command]/usr/bin/git log -1 --format=%H
end-workflow	Checkout code	2025-10-09T11:26:48.7465997Z 324a23785c95d2a1334bb3068d3962fdbead8348
end-workflow	Finaliza el workflow	﻿2025-10-09T11:26:48.8415924Z ##[group]Run echo "End process"
end-workflow	Finaliza el workflow	2025-10-09T11:26:48.8420354Z [36;1mecho "End process"[0m
end-workflow	Finaliza el workflow	2025-10-09T11:26:48.8422627Z [36;1m# RNNUMBER=$(echo "refs/heads/main" | grep -o '[0-9]*')[0m
end-workflow	Finaliza el workflow	2025-10-09T11:26:48.8425786Z [36;1m# gh issue comment $RNNUMBER --body "Se finaliza Ka0s 18374708576"[0m
end-workflow	Finaliza el workflow	2025-10-09T11:26:48.8428371Z [36;1mecho "Se finaliza Ka0s 18374708576"[0m
end-workflow	Finaliza el workflow	2025-10-09T11:26:48.8433327Z [36;1mgh workflow run inspector.yml --ref 'main' -f kaos-workflow-id="18374708576"[0m
end-workflow	Finaliza el workflow	2025-10-09T11:26:48.8461755Z shell: /usr/bin/bash -e {0}
end-workflow	Finaliza el workflow	2025-10-09T11:26:48.8463305Z env:
end-workflow	Finaliza el workflow	2025-10-09T11:26:48.8467013Z   GITHUB_TOKEN: ***
end-workflow	Finaliza el workflow	2025-10-09T11:26:48.8470336Z   KAOS_MODULE: [Ka0s] Personalized Image Runners
end-workflow	Finaliza el workflow	2025-10-09T11:26:48.8472537Z   KAOS_CODE: 18374708576
end-workflow	Finaliza el workflow	2025-10-09T11:26:48.8473926Z   KAOS_PATH_SCAN: audit/scan/
end-workflow	Finaliza el workflow	2025-10-09T11:26:48.8475782Z   GH_TOKEN: ***
end-workflow	Finaliza el workflow	2025-10-09T11:26:48.8476976Z ##[endgroup]
end-workflow	Finaliza el workflow	2025-10-09T11:26:48.8834209Z End process
end-workflow	Finaliza el workflow	2025-10-09T11:26:48.8838109Z Se finaliza Ka0s 18374708576
end-workflow	Post Checkout code	﻿2025-10-09T11:26:49.6570599Z Post job cleanup.
end-workflow	Post Checkout code	2025-10-09T11:26:49.8056533Z [command]/usr/bin/git version
end-workflow	Post Checkout code	2025-10-09T11:26:49.8118574Z git version 2.51.0
end-workflow	Post Checkout code	2025-10-09T11:26:49.8191244Z Copying '/home/runner/.gitconfig' to '/home/runner/_work/_temp/53171787-7b02-435d-8899-7d6948f83802/.gitconfig'
end-workflow	Post Checkout code	2025-10-09T11:26:49.8201977Z Temporarily overriding HOME='/home/runner/_work/_temp/53171787-7b02-435d-8899-7d6948f83802' before making global git config changes
end-workflow	Post Checkout code	2025-10-09T11:26:49.8209728Z Adding repository directory to the temporary git global config as a safe directory
end-workflow	Post Checkout code	2025-10-09T11:26:49.8215532Z [command]/usr/bin/git config --global --add safe.directory /home/runner/_work/ka0s/ka0s
end-workflow	Post Checkout code	2025-10-09T11:26:49.8300381Z [command]/usr/bin/git config --local --name-only --get-regexp core\.sshCommand
end-workflow	Post Checkout code	2025-10-09T11:26:49.8378263Z [command]/usr/bin/git submodule foreach --recursive sh -c "git config --local --name-only --get-regexp 'core\.sshCommand' && git config --local --unset-all 'core.sshCommand' || :"
end-workflow	Post Checkout code	2025-10-09T11:26:49.9367875Z [command]/usr/bin/git config --local --name-only --get-regexp http\.https\:\/\/github\.com\/\.extraheader
end-workflow	Post Checkout code	2025-10-09T11:26:49.9984776Z http.https://github.com/.extraheader
end-workflow	Post Checkout code	2025-10-09T11:26:50.0037239Z [command]/usr/bin/git config --local --unset-all http.https://github.com/.extraheader
end-workflow	Post Checkout code	2025-10-09T11:26:50.0083430Z [command]/usr/bin/git submodule foreach --recursive sh -c "git config --local --name-only --get-regexp 'http\.https\:\/\/github\.com\/\.extraheader' && git config --local --unset-all 'http.https://github.com/.extraheader' || :"
end-workflow	Complete job	﻿2025-10-09T11:26:50.0926936Z Cleaning up orphan processes
