job-core	Set up job	﻿2025-10-10T10:03:07.6158019Z Current runner version: '2.328.0'
job-core	Set up job	2025-10-10T10:03:07.6166991Z Runner name: '3ed0481857d5'
job-core	Set up job	2025-10-10T10:03:07.6168049Z Runner group name: 'swarm-runners'
job-core	Set up job	2025-10-10T10:03:07.6169219Z Machine name: '3ed0481857d5'
job-core	Set up job	2025-10-10T10:03:07.6172893Z ##[group]GITHUB_TOKEN Permissions
job-core	Set up job	2025-10-10T10:03:07.6176122Z Contents: read
job-core	Set up job	2025-10-10T10:03:07.6176757Z Metadata: read
job-core	Set up job	2025-10-10T10:03:07.6177348Z Packages: read
job-core	Set up job	2025-10-10T10:03:07.6177979Z ##[endgroup]
job-core	Set up job	2025-10-10T10:03:07.6180183Z Secret source: Actions
job-core	Set up job	2025-10-10T10:03:07.6180925Z Prepare workflow directory
job-core	Set up job	2025-10-10T10:03:07.6861934Z Prepare all required actions
job-core	Set up job	2025-10-10T10:03:07.6904422Z Getting action download info
job-core	Set up job	2025-10-10T10:03:08.2779949Z Download action repository 'actions/checkout@v4' (SHA:08eba0b27e820071cde6df949e0beb9ba4906955)
job-core	Set up job	2025-10-10T10:03:09.2192488Z Complete job name: job-core
job-core	Checkout code	﻿2025-10-10T10:03:09.2740347Z ##[group]Run actions/checkout@v4
job-core	Checkout code	2025-10-10T10:03:09.2741257Z with:
job-core	Checkout code	2025-10-10T10:03:09.2741681Z   fetch-depth: 0
job-core	Checkout code	2025-10-10T10:03:09.2742395Z   token: ***
job-core	Checkout code	2025-10-10T10:03:09.2742829Z   repository: Ka0s-Klaus/ka0s
job-core	Checkout code	2025-10-10T10:03:09.2743399Z   ssh-strict: true
job-core	Checkout code	2025-10-10T10:03:09.2744098Z   ssh-user: git
job-core	Checkout code	2025-10-10T10:03:09.2744533Z   persist-credentials: true
job-core	Checkout code	2025-10-10T10:03:09.2745007Z   clean: true
job-core	Checkout code	2025-10-10T10:03:09.2745445Z   sparse-checkout-cone-mode: true
job-core	Checkout code	2025-10-10T10:03:09.2745959Z   fetch-tags: false
job-core	Checkout code	2025-10-10T10:03:09.2746392Z   show-progress: true
job-core	Checkout code	2025-10-10T10:03:09.2746828Z   lfs: false
job-core	Checkout code	2025-10-10T10:03:09.2747230Z   submodules: false
job-core	Checkout code	2025-10-10T10:03:09.2747673Z   set-safe-directory: true
job-core	Checkout code	2025-10-10T10:03:09.2748379Z env:
job-core	Checkout code	2025-10-10T10:03:09.2748786Z   KAOS_CODE: 18403228931
job-core	Checkout code	2025-10-10T10:03:09.2749250Z   KAOS_EVENT_NAME: push
job-core	Checkout code	2025-10-10T10:03:09.2749699Z   KAOS_ACTION: 
job-core	Checkout code	2025-10-10T10:03:09.2750344Z   KAOS_REF: refs/heads/H1968-modulo-personalización-del-portal-de-kaos-core
job-core	Checkout code	2025-10-10T10:03:09.2751130Z   KAOS_MODULE: [Ka0S] Kaos
job-core	Checkout code	2025-10-10T10:03:09.2751616Z   KAOS_PATH_RESUME: audit/kaos/
job-core	Checkout code	2025-10-10T10:03:09.2752111Z   KAOS_ACTOR: santakloud
job-core	Checkout code	2025-10-10T10:03:09.2752579Z   GITHUB_OUTPUT: 
job-core	Checkout code	2025-10-10T10:03:09.2752999Z ##[endgroup]
job-core	Checkout code	2025-10-10T10:03:09.3910764Z Syncing repository: Ka0s-Klaus/ka0s
job-core	Checkout code	2025-10-10T10:03:09.3912867Z ##[group]Getting Git version info
job-core	Checkout code	2025-10-10T10:03:09.3913805Z Working directory is '/home/runner/_work/ka0s/ka0s'
job-core	Checkout code	2025-10-10T10:03:09.3914764Z [command]/usr/bin/git version
job-core	Checkout code	2025-10-10T10:03:09.3915266Z git version 2.51.0
job-core	Checkout code	2025-10-10T10:03:09.3917046Z ##[endgroup]
job-core	Checkout code	2025-10-10T10:03:09.3932018Z Temporarily overriding HOME='/home/runner/_work/_temp/1cb38f83-7b84-46f4-b72c-2b8d8b198256' before making global git config changes
job-core	Checkout code	2025-10-10T10:03:09.3933837Z Adding repository directory to the temporary git global config as a safe directory
job-core	Checkout code	2025-10-10T10:03:09.3938376Z [command]/usr/bin/git config --global --add safe.directory /home/runner/_work/ka0s/ka0s
job-core	Checkout code	2025-10-10T10:03:09.3991803Z [command]/usr/bin/git config --local --get remote.origin.url
job-core	Checkout code	2025-10-10T10:03:09.4015645Z https://github.com/Ka0s-Klaus/ka0s
job-core	Checkout code	2025-10-10T10:03:09.4036723Z ##[group]Removing previously created refs, to avoid conflicts
job-core	Checkout code	2025-10-10T10:03:09.4041306Z [command]/usr/bin/git rev-parse --symbolic-full-name --verify --quiet HEAD
job-core	Checkout code	2025-10-10T10:03:09.4066626Z refs/heads/H1968-modulo-personalización-del-portal-de-kaos-core
job-core	Checkout code	2025-10-10T10:03:09.4075017Z [command]/usr/bin/git checkout --detach
job-core	Checkout code	2025-10-10T10:03:09.4206378Z HEAD is now at 7080286c6 fix add loggin and upload
job-core	Checkout code	2025-10-10T10:03:09.4272857Z [command]/usr/bin/git branch --delete --force H1968-modulo-personalización-del-portal-de-kaos-core
job-core	Checkout code	2025-10-10T10:03:09.4299423Z Deleted branch H1968-modulo-personalización-del-portal-de-kaos-core (was 7080286c6).
job-core	Checkout code	2025-10-10T10:03:09.4388001Z ##[endgroup]
job-core	Checkout code	2025-10-10T10:03:09.4391320Z [command]/usr/bin/git submodule status
job-core	Checkout code	2025-10-10T10:03:09.4643348Z ##[group]Cleaning the repository
job-core	Checkout code	2025-10-10T10:03:09.4649181Z [command]/usr/bin/git clean -ffdx
job-core	Checkout code	2025-10-10T10:03:09.4714135Z [command]/usr/bin/git reset --hard HEAD
job-core	Checkout code	2025-10-10T10:03:09.4801145Z HEAD is now at 7080286c6 fix add loggin and upload
job-core	Checkout code	2025-10-10T10:03:09.4811520Z ##[endgroup]
job-core	Checkout code	2025-10-10T10:03:09.4812715Z ##[group]Disabling automatic garbage collection
job-core	Checkout code	2025-10-10T10:03:09.4819096Z [command]/usr/bin/git config --local gc.auto 0
job-core	Checkout code	2025-10-10T10:03:09.4852159Z ##[endgroup]
job-core	Checkout code	2025-10-10T10:03:09.4852981Z ##[group]Setting up auth
job-core	Checkout code	2025-10-10T10:03:09.4858743Z [command]/usr/bin/git config --local --name-only --get-regexp core\.sshCommand
job-core	Checkout code	2025-10-10T10:03:09.4893783Z [command]/usr/bin/git submodule foreach --recursive sh -c "git config --local --name-only --get-regexp 'core\.sshCommand' && git config --local --unset-all 'core.sshCommand' || :"
job-core	Checkout code	2025-10-10T10:03:09.5152568Z [command]/usr/bin/git config --local --name-only --get-regexp http\.https\:\/\/github\.com\/\.extraheader
job-core	Checkout code	2025-10-10T10:03:09.5188682Z [command]/usr/bin/git submodule foreach --recursive sh -c "git config --local --name-only --get-regexp 'http\.https\:\/\/github\.com\/\.extraheader' && git config --local --unset-all 'http.https://github.com/.extraheader' || :"
job-core	Checkout code	2025-10-10T10:03:09.5447698Z [command]/usr/bin/git config --local http.https://github.com/.extraheader AUTHORIZATION: basic ***
job-core	Checkout code	2025-10-10T10:03:09.5490062Z ##[endgroup]
job-core	Checkout code	2025-10-10T10:03:09.5490924Z ##[group]Fetching the repository
job-core	Checkout code	2025-10-10T10:03:09.5498597Z [command]/usr/bin/git -c protocol.version=2 fetch --prune --no-recurse-submodules origin +refs/heads/*:refs/remotes/origin/* +refs/tags/*:refs/tags/*
job-core	Checkout code	2025-10-10T10:03:10.2789230Z From https://github.com/Ka0s-Klaus/ka0s
job-core	Checkout code	2025-10-10T10:03:10.2793688Z    7080286c6..4f774ac96  H1968-modulo-personalización-del-portal-de-kaos-core -> origin/H1968-modulo-personalización-del-portal-de-kaos-core
job-core	Checkout code	2025-10-10T10:03:10.2796371Z    4d763368c..9f2a3b1f0  main       -> origin/main
job-core	Checkout code	2025-10-10T10:03:10.2833650Z [command]/usr/bin/git branch --list --remote origin/H1968-modulo-personalización-del-portal-de-kaos-core
job-core	Checkout code	2025-10-10T10:03:10.2897902Z   origin/H1968-modulo-personalización-del-portal-de-kaos-core
job-core	Checkout code	2025-10-10T10:03:10.2905880Z [command]/usr/bin/git rev-parse refs/remotes/origin/H1968-modulo-personalización-del-portal-de-kaos-core
job-core	Checkout code	2025-10-10T10:03:10.2928117Z 4f774ac96ca0814e49f66b633a5f72951d81073b
job-core	Checkout code	2025-10-10T10:03:10.2933738Z ##[endgroup]
job-core	Checkout code	2025-10-10T10:03:10.2935424Z ##[group]Determining the checkout info
job-core	Checkout code	2025-10-10T10:03:10.2937330Z ##[endgroup]
job-core	Checkout code	2025-10-10T10:03:10.2938805Z [command]/usr/bin/git sparse-checkout disable
job-core	Checkout code	2025-10-10T10:03:10.2990053Z [command]/usr/bin/git config --local --unset-all extensions.worktreeConfig
job-core	Checkout code	2025-10-10T10:03:10.3020409Z ##[group]Checking out the ref
job-core	Checkout code	2025-10-10T10:03:10.3024743Z [command]/usr/bin/git checkout --progress --force -B H1968-modulo-personalización-del-portal-de-kaos-core refs/remotes/origin/H1968-modulo-personalización-del-portal-de-kaos-core
job-core	Checkout code	2025-10-10T10:03:10.3178483Z Previous HEAD position was 7080286c6 fix add loggin and upload
job-core	Checkout code	2025-10-10T10:03:10.3191309Z Switched to a new branch 'H1968-modulo-personalización-del-portal-de-kaos-core'
job-core	Checkout code	2025-10-10T10:03:10.3195729Z branch 'H1968-modulo-personalización-del-portal-de-kaos-core' set up to track 'origin/H1968-modulo-personalización-del-portal-de-kaos-core'.
job-core	Checkout code	2025-10-10T10:03:10.3273661Z ##[endgroup]
job-core	Checkout code	2025-10-10T10:03:10.3277378Z [command]/usr/bin/git log -1 --format=%H
job-core	Checkout code	2025-10-10T10:03:10.3279112Z 4f774ac96ca0814e49f66b633a5f72951d81073b
job-core	Validate file extensions	﻿2025-10-10T10:03:10.3537302Z ##[group]Run # Nueva ejecución
job-core	Validate file extensions	2025-10-10T10:03:10.3538801Z [36;1m# Nueva ejecución[0m
job-core	Validate file extensions	2025-10-10T10:03:10.3540666Z [36;1mIFS=',' read -r -a extensions <<< "***"[0m
job-core	Validate file extensions	2025-10-10T10:03:10.3542341Z [36;1mfor file in $(git diff --name-only HEAD~1 HEAD); do[0m
job-core	Validate file extensions	2025-10-10T10:03:10.3543978Z [36;1m  extension="${file##*.}"[0m
job-core	Validate file extensions	2025-10-10T10:03:10.3545456Z [36;1m  if [[ ! " ${extensions[@]} " =~ " ${extension} " ]]; then[0m
job-core	Validate file extensions	2025-10-10T10:03:10.3547279Z [36;1m    echo "File $file has an invalid extension: $extension"[0m
job-core	Validate file extensions	2025-10-10T10:03:10.3548832Z [36;1m  fi[0m
job-core	Validate file extensions	2025-10-10T10:03:10.3549803Z [36;1mdone[0m
job-core	Validate file extensions	2025-10-10T10:03:10.3551740Z [36;1mRNNUMBER=$(echo "H1968-modulo-personalización-del-portal-de-kaos-core" | grep -o '[0-9]*')[0m
job-core	Validate file extensions	2025-10-10T10:03:10.3554739Z [36;1mgh issue comment $RNNUMBER --body "Se inicia Ka0s 18403228931 "[0m
job-core	Validate file extensions	2025-10-10T10:03:10.3571025Z shell: /usr/bin/bash -e {0}
job-core	Validate file extensions	2025-10-10T10:03:10.3572336Z env:
job-core	Validate file extensions	2025-10-10T10:03:10.3573242Z   KAOS_CODE: 18403228931
job-core	Validate file extensions	2025-10-10T10:03:10.3574879Z   KAOS_EVENT_NAME: push
job-core	Validate file extensions	2025-10-10T10:03:10.3575926Z   KAOS_ACTION: 
job-core	Validate file extensions	2025-10-10T10:03:10.3577407Z   KAOS_REF: refs/heads/H1968-modulo-personalización-del-portal-de-kaos-core
job-core	Validate file extensions	2025-10-10T10:03:10.3579183Z   KAOS_MODULE: [Ka0S] Kaos
job-core	Validate file extensions	2025-10-10T10:03:10.3580308Z   KAOS_PATH_RESUME: audit/kaos/
job-core	Validate file extensions	2025-10-10T10:03:10.3581478Z   KAOS_ACTOR: santakloud
job-core	Validate file extensions	2025-10-10T10:03:10.3582549Z   GITHUB_OUTPUT: 
job-core	Validate file extensions	2025-10-10T10:03:10.3584548Z   GH_TOKEN: ***
job-core	Validate file extensions	2025-10-10T10:03:10.3585547Z ##[endgroup]
job-core	Validate file extensions	2025-10-10T10:03:10.3680783Z File audit/kaos/18402990633-files-in-commit.txt has an invalid extension: txt
job-core	Validate file extensions	2025-10-10T10:03:11.5534536Z https://github.com/Ka0s-Klaus/ka0s/issues/1968#issuecomment-3389167371
job-core	Crear JSON	﻿2025-10-10T10:03:11.5972082Z ##[group]Run # Generar JSON válido con comillas escapadas
job-core	Crear JSON	2025-10-10T10:03:11.5974163Z [36;1m# Generar JSON válido con comillas escapadas[0m
job-core	Crear JSON	2025-10-10T10:03:11.5975178Z [36;1mecho '{[0m
job-core	Crear JSON	2025-10-10T10:03:11.5976078Z [36;1m  "after": "4f774ac96ca0814e49f66b633a5f72951d81073b",[0m
job-core	Crear JSON	2025-10-10T10:03:11.5977307Z [36;1m  "base_ref": null,[0m
job-core	Crear JSON	2025-10-10T10:03:11.5978316Z [36;1m  "before": "fb17e8eb61781db744a788034851ef485ff8cd9c",[0m
job-core	Crear JSON	2025-10-10T10:03:11.5979578Z [36;1m  "commits": [[0m
job-core	Crear JSON	2025-10-10T10:03:11.5980338Z [36;1m    {[0m
job-core	Crear JSON	2025-10-10T10:03:11.5981055Z [36;1m      "author": {[0m
job-core	Crear JSON	2025-10-10T10:03:11.5981933Z [36;1m        "email": "asantacana@kyndryl.com",[0m
job-core	Crear JSON	2025-10-10T10:03:11.5982938Z [36;1m        "name": "asantacana1970",[0m
job-core	Crear JSON	2025-10-10T10:03:11.5984029Z [36;1m        "username": "asantacana1970"[0m
job-core	Crear JSON	2025-10-10T10:03:11.5984954Z [36;1m      },[0m
job-core	Crear JSON	2025-10-10T10:03:11.5985674Z [36;1m      "committer": {[0m
job-core	Crear JSON	2025-10-10T10:03:11.5986627Z [36;1m        "email": "asantacana@kyndryl.com",[0m
job-core	Crear JSON	2025-10-10T10:03:11.5987862Z [36;1m        "name": "asantacana1970",[0m
job-core	Crear JSON	2025-10-10T10:03:11.5988632Z [36;1m        "username": "asantacana1970"[0m
job-core	Crear JSON	2025-10-10T10:03:11.5989358Z [36;1m      },[0m
job-core	Crear JSON	2025-10-10T10:03:11.5989941Z [36;1m      "distinct": true,[0m
job-core	Crear JSON	2025-10-10T10:03:11.5990729Z [36;1m      "id": "d94eb24365f54457af55458f667f808045b38ead",[0m
job-core	Crear JSON	2025-10-10T10:03:11.5991659Z [36;1m      "message": "fix new version with more control",[0m
job-core	Crear JSON	2025-10-10T10:03:11.5992553Z [36;1m      "timestamp": "2025-10-10T12:02:47+02:00",[0m
job-core	Crear JSON	2025-10-10T10:03:11.5993559Z [36;1m      "tree_id": "1b611e82e156ff80ae72b172ca4eefc1030e7113",[0m
job-core	Crear JSON	2025-10-10T10:03:11.5994914Z [36;1m      "url": "https://github.com/Ka0s-Klaus/ka0s/commit/d94eb24365f54457af55458f667f808045b38ead"[0m
job-core	Crear JSON	2025-10-10T10:03:11.5996076Z [36;1m    },[0m
job-core	Crear JSON	2025-10-10T10:03:11.5996645Z [36;1m    {[0m
job-core	Crear JSON	2025-10-10T10:03:11.5997202Z [36;1m      "author": {[0m
job-core	Crear JSON	2025-10-10T10:03:11.5997903Z [36;1m        "email": "asantacana@kyndryl.com",[0m
job-core	Crear JSON	2025-10-10T10:03:11.5998771Z [36;1m        "name": "asantacana1970",[0m
job-core	Crear JSON	2025-10-10T10:03:11.5999595Z [36;1m        "username": "asantacana1970"[0m
job-core	Crear JSON	2025-10-10T10:03:11.6000315Z [36;1m      },[0m
job-core	Crear JSON	2025-10-10T10:03:11.6000888Z [36;1m      "committer": {[0m
job-core	Crear JSON	2025-10-10T10:03:11.6001604Z [36;1m        "email": "asantacana@kyndryl.com",[0m
job-core	Crear JSON	2025-10-10T10:03:11.6002405Z [36;1m        "name": "asantacana1970",[0m
job-core	Crear JSON	2025-10-10T10:03:11.6003178Z [36;1m        "username": "asantacana1970"[0m
job-core	Crear JSON	2025-10-10T10:03:11.6003975Z [36;1m      },[0m
job-core	Crear JSON	2025-10-10T10:03:11.6004568Z [36;1m      "distinct": true,[0m
job-core	Crear JSON	2025-10-10T10:03:11.6005347Z [36;1m      "id": "4f774ac96ca0814e49f66b633a5f72951d81073b",[0m
job-core	Crear JSON	2025-10-10T10:03:11.6007344Z [36;1m      "message": "Merge branch 'H1968-modulo-personalización-del-portal-de-kaos-core' of https://github.com/Ka0s-Klaus/ka0s into H1968-modulo-personalización-del-portal-de-kaos-core",[0m
job-core	Crear JSON	2025-10-10T10:03:11.6009253Z [36;1m      "timestamp": "2025-10-10T12:02:53+02:00",[0m
job-core	Crear JSON	2025-10-10T10:03:11.6010199Z [36;1m      "tree_id": "907efbba722fde32d2ff5a2f85b8b88b6f936106",[0m
job-core	Crear JSON	2025-10-10T10:03:11.6011924Z [36;1m      "url": "https://github.com/Ka0s-Klaus/ka0s/commit/4f774ac96ca0814e49f66b633a5f72951d81073b"[0m
job-core	Crear JSON	2025-10-10T10:03:11.6013034Z [36;1m    }[0m
job-core	Crear JSON	2025-10-10T10:03:11.6013646Z [36;1m  ],[0m
job-core	Crear JSON	2025-10-10T10:03:11.6014568Z [36;1m  "compare": "https://github.com/Ka0s-Klaus/ka0s/compare/fb17e8eb6178...4f774ac96ca0",[0m
job-core	Crear JSON	2025-10-10T10:03:11.6015648Z [36;1m  "created": false,[0m
job-core	Crear JSON	2025-10-10T10:03:11.6016309Z [36;1m  "deleted": false,[0m
job-core	Crear JSON	2025-10-10T10:03:11.6016954Z [36;1m  "forced": false,[0m
job-core	Crear JSON	2025-10-10T10:03:11.6017600Z [36;1m  "head_commit": {[0m
job-core	Crear JSON	2025-10-10T10:03:11.6018239Z [36;1m    "author": {[0m
job-core	Crear JSON	2025-10-10T10:03:11.6018917Z [36;1m      "email": "asantacana@kyndryl.com",[0m
job-core	Crear JSON	2025-10-10T10:03:11.6019702Z [36;1m      "name": "asantacana1970",[0m
job-core	Crear JSON	2025-10-10T10:03:11.6020456Z [36;1m      "username": "asantacana1970"[0m
job-core	Crear JSON	2025-10-10T10:03:11.6021162Z [36;1m    },[0m
job-core	Crear JSON	2025-10-10T10:03:11.6022104Z [36;1m    "committer": {[0m
job-core	Crear JSON	2025-10-10T10:03:11.6022817Z [36;1m      "email": "asantacana@kyndryl.com",[0m
job-core	Crear JSON	2025-10-10T10:03:11.6023713Z [36;1m      "name": "asantacana1970",[0m
job-core	Crear JSON	2025-10-10T10:03:11.6024468Z [36;1m      "username": "asantacana1970"[0m
job-core	Crear JSON	2025-10-10T10:03:11.6025177Z [36;1m    },[0m
job-core	Crear JSON	2025-10-10T10:03:11.6025749Z [36;1m    "distinct": true,[0m
job-core	Crear JSON	2025-10-10T10:03:11.6026534Z [36;1m    "id": "4f774ac96ca0814e49f66b633a5f72951d81073b",[0m
job-core	Crear JSON	2025-10-10T10:03:11.6028493Z [36;1m    "message": "Merge branch 'H1968-modulo-personalización-del-portal-de-kaos-core' of https://github.com/Ka0s-Klaus/ka0s into H1968-modulo-personalización-del-portal-de-kaos-core",[0m
job-core	Crear JSON	2025-10-10T10:03:11.6030400Z [36;1m    "timestamp": "2025-10-10T12:02:53+02:00",[0m
job-core	Crear JSON	2025-10-10T10:03:11.6031309Z [36;1m    "tree_id": "907efbba722fde32d2ff5a2f85b8b88b6f936106",[0m
job-core	Crear JSON	2025-10-10T10:03:11.6032642Z [36;1m    "url": "https://github.com/Ka0s-Klaus/ka0s/commit/4f774ac96ca0814e49f66b633a5f72951d81073b"[0m
job-core	Crear JSON	2025-10-10T10:03:11.6034048Z [36;1m  },[0m
job-core	Crear JSON	2025-10-10T10:03:11.6034626Z [36;1m  "organization": {[0m
job-core	Crear JSON	2025-10-10T10:03:11.6035558Z [36;1m    "avatar_url": "https://avatars.githubusercontent.com/u/197099031?v=4",[0m
job-core	Crear JSON	2025-10-10T10:03:11.6037390Z [36;1m    "description": "Albert Einstein dijo una vez: \"... si tu intención es describir la verdad, hazlo con sencillez y la elegancia déjasela al sastre.\"",[0m
job-core	Crear JSON	2025-10-10T10:03:11.6038796Z [36;1m    "events_url": "https://api.github.com/orgs/Ka0s-Klaus/events",[0m
job-core	Crear JSON	2025-10-10T10:03:11.6039725Z [36;1m    "hooks_url": "https://api.github.com/orgs/Ka0s-Klaus/hooks",[0m
job-core	Crear JSON	2025-10-10T10:03:11.6040482Z [36;1m    "id": 197099031,[0m
job-core	Crear JSON	2025-10-10T10:03:11.6041187Z [36;1m    "issues_url": "https://api.github.com/orgs/Ka0s-Klaus/issues",[0m
job-core	Crear JSON	2025-10-10T10:03:11.6041965Z [36;1m    "login": "Ka0s-Klaus",[0m
job-core	Crear JSON	2025-10-10T10:03:11.6042799Z [36;1m    "members_url": "https://api.github.com/orgs/Ka0s-Klaus/members{/member}",[0m
job-core	Crear JSON	2025-10-10T10:03:11.6043725Z [36;1m    "node_id": "O_kgDOC79-Fw",[0m
job-core	Crear JSON	2025-10-10T10:03:11.6044722Z [36;1m    "public_members_url": "https://api.github.com/orgs/Ka0s-Klaus/public_members{/member}",[0m
job-core	Crear JSON	2025-10-10T10:03:11.6045789Z [36;1m    "repos_url": "https://api.github.com/orgs/Ka0s-Klaus/repos",[0m
job-core	Crear JSON	2025-10-10T10:03:11.6046648Z [36;1m    "url": "https://api.github.com/orgs/Ka0s-Klaus"[0m
job-core	Crear JSON	2025-10-10T10:03:11.6047326Z [36;1m  },[0m
job-core	Crear JSON	2025-10-10T10:03:11.6047799Z [36;1m  "pusher": {[0m
job-core	Crear JSON	2025-10-10T10:03:11.6048481Z [36;1m    "email": "73332898+santakloud@users.noreply.github.com",[0m
job-core	Crear JSON	2025-10-10T10:03:11.6049224Z [36;1m    "name": "santakloud"[0m
job-core	Crear JSON	2025-10-10T10:03:11.6049781Z [36;1m  },[0m
job-core	Crear JSON	2025-10-10T10:03:11.6050515Z [36;1m  "ref": "refs/heads/H1968-modulo-personalización-del-portal-de-kaos-core",[0m
job-core	Crear JSON	2025-10-10T10:03:11.6051386Z [36;1m  "repository": {[0m
job-core	Crear JSON	2025-10-10T10:03:11.6051942Z [36;1m    "allow_forking": true,[0m
job-core	Crear JSON	2025-10-10T10:03:11.6052830Z [36;1m    "archive_url": "https://api.github.com/repos/Ka0s-Klaus/ka0s/{archive_format}{/ref}",[0m
job-core	Crear JSON	2025-10-10T10:03:11.6054244Z [36;1m    "archived": false,[0m
job-core	Crear JSON	2025-10-10T10:03:11.6055094Z [36;1m    "assignees_url": "https://api.github.com/repos/Ka0s-Klaus/ka0s/assignees{/user}",[0m
job-core	Crear JSON	2025-10-10T10:03:11.6056197Z [36;1m    "blobs_url": "https://api.github.com/repos/Ka0s-Klaus/ka0s/git/blobs{/sha}",[0m
job-core	Crear JSON	2025-10-10T10:03:11.6057391Z [36;1m    "branches_url": "https://api.github.com/repos/Ka0s-Klaus/ka0s/branches{/branch}",[0m
job-core	Crear JSON	2025-10-10T10:03:11.6058390Z [36;1m    "clone_url": "https://github.com/Ka0s-Klaus/ka0s.git",[0m
job-core	Crear JSON	2025-10-10T10:03:11.6059495Z [36;1m    "collaborators_url": "https://api.github.com/repos/Ka0s-Klaus/ka0s/collaborators{/collaborator}",[0m
job-core	Crear JSON	2025-10-10T10:03:11.6060779Z [36;1m    "comments_url": "https://api.github.com/repos/Ka0s-Klaus/ka0s/comments{/number}",[0m
job-core	Crear JSON	2025-10-10T10:03:11.6061882Z [36;1m    "commits_url": "https://api.github.com/repos/Ka0s-Klaus/ka0s/commits{/sha}",[0m
job-core	Crear JSON	2025-10-10T10:03:11.6063021Z [36;1m    "compare_url": "https://api.github.com/repos/Ka0s-Klaus/ka0s/compare/{base}...{head}",[0m
job-core	Crear JSON	2025-10-10T10:03:11.6064576Z [36;1m    "contents_url": "https://api.github.com/repos/Ka0s-Klaus/ka0s/contents/{+path}",[0m
job-core	Crear JSON	2025-10-10T10:03:11.6065723Z [36;1m    "contributors_url": "https://api.github.com/repos/Ka0s-Klaus/ka0s/contributors",[0m
job-core	Crear JSON	2025-10-10T10:03:11.6066604Z [36;1m    "created_at": 1738252206,[0m
job-core	Crear JSON	2025-10-10T10:03:11.6067207Z [36;1m    "custom_properties": {},[0m
job-core	Crear JSON	2025-10-10T10:03:11.6067799Z [36;1m    "default_branch": "main",[0m
job-core	Crear JSON	2025-10-10T10:03:11.6068655Z [36;1m    "deployments_url": "https://api.github.com/repos/Ka0s-Klaus/ka0s/deployments",[0m
job-core	Crear JSON	2025-10-10T10:03:11.6069557Z [36;1m    "description": "Ka0s versión Klaus",[0m
job-core	Crear JSON	2025-10-10T10:03:11.6070210Z [36;1m    "disabled": false,[0m
job-core	Crear JSON	2025-10-10T10:03:11.6071007Z [36;1m    "downloads_url": "https://api.github.com/repos/Ka0s-Klaus/ka0s/downloads",[0m
job-core	Crear JSON	2025-10-10T10:03:11.6072054Z [36;1m    "events_url": "https://api.github.com/repos/Ka0s-Klaus/ka0s/events",[0m
job-core	Crear JSON	2025-10-10T10:03:11.6072943Z [36;1m    "fork": false,[0m
job-core	Crear JSON	2025-10-10T10:03:11.6073600Z [36;1m    "forks": 0,[0m
job-core	Crear JSON	2025-10-10T10:03:11.6074146Z [36;1m    "forks_count": 0,[0m
job-core	Crear JSON	2025-10-10T10:03:11.6074892Z [36;1m    "forks_url": "https://api.github.com/repos/Ka0s-Klaus/ka0s/forks",[0m
job-core	Crear JSON	2025-10-10T10:03:11.6075718Z [36;1m    "full_name": "Ka0s-Klaus/ka0s",[0m
job-core	Crear JSON	2025-10-10T10:03:11.6076616Z [36;1m    "git_commits_url": "https://api.github.com/repos/Ka0s-Klaus/ka0s/git/commits{/sha}",[0m
job-core	Crear JSON	2025-10-10T10:03:11.6077754Z [36;1m    "git_refs_url": "https://api.github.com/repos/Ka0s-Klaus/ka0s/git/refs{/sha}",[0m
job-core	Crear JSON	2025-10-10T10:03:11.6078920Z [36;1m    "git_tags_url": "https://api.github.com/repos/Ka0s-Klaus/ka0s/git/tags{/sha}",[0m
job-core	Crear JSON	2025-10-10T10:03:11.6079930Z [36;1m    "git_url": "git://github.com/Ka0s-Klaus/ka0s.git",[0m
job-core	Crear JSON	2025-10-10T10:03:11.6080657Z [36;1m    "has_discussions": false,[0m
job-core	Crear JSON	2025-10-10T10:03:11.6081291Z [36;1m    "has_downloads": true,[0m
job-core	Crear JSON	2025-10-10T10:03:11.6081889Z [36;1m    "has_issues": true,[0m
job-core	Crear JSON	2025-10-10T10:03:11.6082505Z [36;1m    "has_pages": false,[0m
job-core	Crear JSON	2025-10-10T10:03:11.6083097Z [36;1m    "has_projects": true,[0m
job-core	Crear JSON	2025-10-10T10:03:11.6083769Z [36;1m    "has_wiki": false,[0m
job-core	Crear JSON	2025-10-10T10:03:11.6084331Z [36;1m    "homepage": null,[0m
job-core	Crear JSON	2025-10-10T10:03:11.6096785Z [36;1m    "hooks_url": "https://api.github.com/repos/Ka0s-Klaus/ka0s/hooks",[0m
job-core	Crear JSON	2025-10-10T10:03:11.6097625Z [36;1m    "html_url": "https://github.com/Ka0s-Klaus/ka0s",[0m
job-core	Crear JSON	2025-10-10T10:03:11.6098213Z [36;1m    "id": 924757528,[0m
job-core	Crear JSON	2025-10-10T10:03:11.6098676Z [36;1m    "is_template": false,[0m
job-core	Crear JSON	2025-10-10T10:03:11.6099462Z [36;1m    "issue_comment_url": "https://api.github.com/repos/Ka0s-Klaus/ka0s/issues/comments{/number}",[0m
job-core	Crear JSON	2025-10-10T10:03:11.6100530Z [36;1m    "issue_events_url": "https://api.github.com/repos/Ka0s-Klaus/ka0s/issues/events{/number}",[0m
job-core	Crear JSON	2025-10-10T10:03:11.6101516Z [36;1m    "issues_url": "https://api.github.com/repos/Ka0s-Klaus/ka0s/issues{/number}",[0m
job-core	Crear JSON	2025-10-10T10:03:11.6102423Z [36;1m    "keys_url": "https://api.github.com/repos/Ka0s-Klaus/ka0s/keys{/key_id}",[0m
job-core	Crear JSON	2025-10-10T10:03:11.6103863Z [36;1m    "labels_url": "https://api.github.com/repos/Ka0s-Klaus/ka0s/labels{/name}",[0m
job-core	Crear JSON	2025-10-10T10:03:11.6104593Z [36;1m    "language": "JavaScript",[0m
job-core	Crear JSON	2025-10-10T10:03:11.6105308Z [36;1m    "languages_url": "https://api.github.com/repos/Ka0s-Klaus/ka0s/languages",[0m
job-core	Crear JSON	2025-10-10T10:03:11.6106015Z [36;1m    "license": {[0m
job-core	Crear JSON	2025-10-10T10:03:11.6106469Z [36;1m      "key": "gpl-3.0",[0m
job-core	Crear JSON	2025-10-10T10:03:11.6107000Z [36;1m      "name": "GNU General Public License v3.0",[0m
job-core	Crear JSON	2025-10-10T10:03:11.6107593Z [36;1m      "node_id": "MDc6TGljZW5zZTk=",[0m
job-core	Crear JSON	2025-10-10T10:03:11.6108126Z [36;1m      "spdx_id": "GPL-3.0",[0m
job-core	Crear JSON	2025-10-10T10:03:11.6108722Z [36;1m      "url": "https://api.github.com/licenses/gpl-3.0"[0m
job-core	Crear JSON	2025-10-10T10:03:11.6109295Z [36;1m    },[0m
job-core	Crear JSON	2025-10-10T10:03:11.6109709Z [36;1m    "master_branch": "main",[0m
job-core	Crear JSON	2025-10-10T10:03:11.6110383Z [36;1m    "merges_url": "https://api.github.com/repos/Ka0s-Klaus/ka0s/merges",[0m
job-core	Crear JSON	2025-10-10T10:03:11.6111538Z [36;1m    "milestones_url": "https://api.github.com/repos/Ka0s-Klaus/ka0s/milestones{/number}",[0m
job-core	Crear JSON	2025-10-10T10:03:11.6112313Z [36;1m    "mirror_url": null,[0m
job-core	Crear JSON	2025-10-10T10:03:11.6112793Z [36;1m    "name": "ka0s",[0m
job-core	Crear JSON	2025-10-10T10:03:11.6113267Z [36;1m    "node_id": "R_kgDONx6uGA",[0m
job-core	Crear JSON	2025-10-10T10:03:11.6114263Z [36;1m    "notifications_url": "https://api.github.com/repos/Ka0s-Klaus/ka0s/notifications{?since,all,participating}",[0m
job-core	Crear JSON	2025-10-10T10:03:11.6115177Z [36;1m    "open_issues": 13,[0m
job-core	Crear JSON	2025-10-10T10:03:11.6115659Z [36;1m    "open_issues_count": 13,[0m
job-core	Crear JSON	2025-10-10T10:03:11.6116199Z [36;1m    "organization": "Ka0s-Klaus",[0m
job-core	Crear JSON	2025-10-10T10:03:11.6116712Z [36;1m    "owner": {[0m
job-core	Crear JSON	2025-10-10T10:03:11.6117356Z [36;1m      "avatar_url": "https://avatars.githubusercontent.com/u/197099031?v=4",[0m
job-core	Crear JSON	2025-10-10T10:03:11.6118078Z [36;1m      "email": "support@ka0s.io",[0m
job-core	Crear JSON	2025-10-10T10:03:11.6118801Z [36;1m      "events_url": "https://api.github.com/users/Ka0s-Klaus/events{/privacy}",[0m
job-core	Crear JSON	2025-10-10T10:03:11.6119727Z [36;1m      "followers_url": "https://api.github.com/users/Ka0s-Klaus/followers",[0m
job-core	Crear JSON	2025-10-10T10:03:11.6120645Z [36;1m      "following_url": "https://api.github.com/users/Ka0s-Klaus/following{/other_user}",[0m
job-core	Crear JSON	2025-10-10T10:03:11.6121573Z [36;1m      "gists_url": "https://api.github.com/users/Ka0s-Klaus/gists{/gist_id}",[0m
job-core	Crear JSON	2025-10-10T10:03:11.6122298Z [36;1m      "gravatar_id": "",[0m
job-core	Crear JSON	2025-10-10T10:03:11.6122871Z [36;1m      "html_url": "https://github.com/Ka0s-Klaus",[0m
job-core	Crear JSON	2025-10-10T10:03:11.6123513Z [36;1m      "id": 197099031,[0m
job-core	Crear JSON	2025-10-10T10:03:11.6123996Z [36;1m      "login": "Ka0s-Klaus",[0m
job-core	Crear JSON	2025-10-10T10:03:11.6124498Z [36;1m      "name": "Ka0s-Klaus",[0m
job-core	Crear JSON	2025-10-10T10:03:11.6125011Z [36;1m      "node_id": "O_kgDOC79-Fw",[0m
job-core	Crear JSON	2025-10-10T10:03:11.6125700Z [36;1m      "organizations_url": "https://api.github.com/users/Ka0s-Klaus/orgs",[0m
job-core	Crear JSON	2025-10-10T10:03:11.6126630Z [36;1m      "received_events_url": "https://api.github.com/users/Ka0s-Klaus/received_events",[0m
job-core	Crear JSON	2025-10-10T10:03:11.6127544Z [36;1m      "repos_url": "https://api.github.com/users/Ka0s-Klaus/repos",[0m
job-core	Crear JSON	2025-10-10T10:03:11.6128208Z [36;1m      "site_admin": false,[0m
job-core	Crear JSON	2025-10-10T10:03:11.6128962Z [36;1m      "starred_url": "https://api.github.com/users/Ka0s-Klaus/starred{/owner}{/repo}",[0m
job-core	Crear JSON	2025-10-10T10:03:11.6129956Z [36;1m      "subscriptions_url": "https://api.github.com/users/Ka0s-Klaus/subscriptions",[0m
job-core	Crear JSON	2025-10-10T10:03:11.6130719Z [36;1m      "type": "Organization",[0m
job-core	Crear JSON	2025-10-10T10:03:11.6131346Z [36;1m      "url": "https://api.github.com/users/Ka0s-Klaus",[0m
job-core	Crear JSON	2025-10-10T10:03:11.6131978Z [36;1m      "user_view_type": "public"[0m
job-core	Crear JSON	2025-10-10T10:03:11.6132481Z [36;1m    },[0m
job-core	Crear JSON	2025-10-10T10:03:11.6132916Z [36;1m    "private": false,[0m
job-core	Crear JSON	2025-10-10T10:03:11.6133680Z [36;1m    "pulls_url": "https://api.github.com/repos/Ka0s-Klaus/ka0s/pulls{/number}",[0m
job-core	Crear JSON	2025-10-10T10:03:11.6134408Z [36;1m    "pushed_at": 1760090582,[0m
job-core	Crear JSON	2025-10-10T10:03:11.6135422Z [36;1m    "releases_url": "https://api.github.com/repos/Ka0s-Klaus/ka0s/releases{/id}",[0m
job-core	Crear JSON	2025-10-10T10:03:11.6136144Z [36;1m    "size": 111415,[0m
job-core	Crear JSON	2025-10-10T10:03:11.6136685Z [36;1m    "ssh_url": "git@github.com:Ka0s-Klaus/ka0s.git",[0m
job-core	Crear JSON	2025-10-10T10:03:11.6137360Z [36;1m    "stargazers": 0,[0m
job-core	Crear JSON	2025-10-10T10:03:11.6137776Z [36;1m    "stargazers_count": 0,[0m
job-core	Crear JSON	2025-10-10T10:03:11.6138394Z [36;1m    "stargazers_url": "https://api.github.com/repos/Ka0s-Klaus/ka0s/stargazers",[0m
job-core	Crear JSON	2025-10-10T10:03:11.6139214Z [36;1m    "statuses_url": "https://api.github.com/repos/Ka0s-Klaus/ka0s/statuses/{sha}",[0m
job-core	Crear JSON	2025-10-10T10:03:11.6140055Z [36;1m    "subscribers_url": "https://api.github.com/repos/Ka0s-Klaus/ka0s/subscribers",[0m
job-core	Crear JSON	2025-10-10T10:03:11.6140931Z [36;1m    "subscription_url": "https://api.github.com/repos/Ka0s-Klaus/ka0s/subscription",[0m
job-core	Crear JSON	2025-10-10T10:03:11.6141662Z [36;1m    "svn_url": "https://github.com/Ka0s-Klaus/ka0s",[0m
job-core	Crear JSON	2025-10-10T10:03:11.6142294Z [36;1m    "tags_url": "https://api.github.com/repos/Ka0s-Klaus/ka0s/tags",[0m
job-core	Crear JSON	2025-10-10T10:03:11.6143199Z [36;1m    "teams_url": "https://api.github.com/repos/Ka0s-Klaus/ka0s/teams",[0m
job-core	Crear JSON	2025-10-10T10:03:11.6143865Z [36;1m    "topics": [],[0m
job-core	Crear JSON	2025-10-10T10:03:11.6144467Z [36;1m    "trees_url": "https://api.github.com/repos/Ka0s-Klaus/ka0s/git/trees{/sha}",[0m
job-core	Crear JSON	2025-10-10T10:03:11.6145137Z [36;1m    "updated_at": "2025-10-10T09:53:51Z",[0m
job-core	Crear JSON	2025-10-10T10:03:11.6145743Z [36;1m    "url": "https://api.github.com/repos/Ka0s-Klaus/ka0s",[0m
job-core	Crear JSON	2025-10-10T10:03:11.6146297Z [36;1m    "visibility": "public",[0m
job-core	Crear JSON	2025-10-10T10:03:11.6146737Z [36;1m    "watchers": 0,[0m
job-core	Crear JSON	2025-10-10T10:03:11.6147155Z [36;1m    "watchers_count": 0,[0m
job-core	Crear JSON	2025-10-10T10:03:11.6147612Z [36;1m    "web_commit_signoff_required": false[0m
job-core	Crear JSON	2025-10-10T10:03:11.6148080Z [36;1m  },[0m
job-core	Crear JSON	2025-10-10T10:03:11.6148453Z [36;1m  "sender": {[0m
job-core	Crear JSON	2025-10-10T10:03:11.6149046Z [36;1m    "avatar_url": "https://avatars.githubusercontent.com/u/73332898?v=4",[0m
job-core	Crear JSON	2025-10-10T10:03:11.6149886Z [36;1m    "events_url": "https://api.github.com/users/santakloud/events{/privacy}",[0m
job-core	Crear JSON	2025-10-10T10:03:11.6150695Z [36;1m    "followers_url": "https://api.github.com/users/santakloud/followers",[0m
job-core	Crear JSON	2025-10-10T10:03:11.6151565Z [36;1m    "following_url": "https://api.github.com/users/santakloud/following{/other_user}",[0m
job-core	Crear JSON	2025-10-10T10:03:11.6152423Z [36;1m    "gists_url": "https://api.github.com/users/santakloud/gists{/gist_id}",[0m
job-core	Crear JSON	2025-10-10T10:03:11.6153079Z [36;1m    "gravatar_id": "",[0m
job-core	Crear JSON	2025-10-10T10:03:11.6153668Z [36;1m    "html_url": "https://github.com/santakloud",[0m
job-core	Crear JSON	2025-10-10T10:03:11.6154211Z [36;1m    "id": 73332898,[0m
job-core	Crear JSON	2025-10-10T10:03:11.6154667Z [36;1m    "login": "santakloud",[0m
job-core	Crear JSON	2025-10-10T10:03:11.6155163Z [36;1m    "node_id": "MDQ6VXNlcjczMzMyODk4",[0m
job-core	Crear JSON	2025-10-10T10:03:11.6155839Z [36;1m    "organizations_url": "https://api.github.com/users/santakloud/orgs",[0m
job-core	Crear JSON	2025-10-10T10:03:11.6156687Z [36;1m    "received_events_url": "https://api.github.com/users/santakloud/received_events",[0m
job-core	Crear JSON	2025-10-10T10:03:11.6157521Z [36;1m    "repos_url": "https://api.github.com/users/santakloud/repos",[0m
job-core	Crear JSON	2025-10-10T10:03:11.6158117Z [36;1m    "site_admin": false,[0m
job-core	Crear JSON	2025-10-10T10:03:11.6158779Z [36;1m    "starred_url": "https://api.github.com/users/santakloud/starred{/owner}{/repo}",[0m
job-core	Crear JSON	2025-10-10T10:03:11.6159645Z [36;1m    "subscriptions_url": "https://api.github.com/users/santakloud/subscriptions",[0m
job-core	Crear JSON	2025-10-10T10:03:11.6160322Z [36;1m    "type": "User",[0m
job-core	Crear JSON	2025-10-10T10:03:11.6160848Z [36;1m    "url": "https://api.github.com/users/santakloud",[0m
job-core	Crear JSON	2025-10-10T10:03:11.6161407Z [36;1m    "user_view_type": "public"[0m
job-core	Crear JSON	2025-10-10T10:03:11.6161870Z [36;1m  }[0m
job-core	Crear JSON	2025-10-10T10:03:11.6162475Z [36;1m}' | jq -c 'walk(if type == "number" then tostring | sub("^0+"; "") else . end)' > audit/kaos/18403228931.json[0m
job-core	Crear JSON	2025-10-10T10:03:11.6174255Z shell: /usr/bin/bash -e {0}
job-core	Crear JSON	2025-10-10T10:03:11.6174749Z env:
job-core	Crear JSON	2025-10-10T10:03:11.6175127Z   KAOS_CODE: 18403228931
job-core	Crear JSON	2025-10-10T10:03:11.6175943Z   KAOS_EVENT_NAME: push
job-core	Crear JSON	2025-10-10T10:03:11.6176347Z   KAOS_ACTION: 
job-core	Crear JSON	2025-10-10T10:03:11.6176913Z   KAOS_REF: refs/heads/H1968-modulo-personalización-del-portal-de-kaos-core
job-core	Crear JSON	2025-10-10T10:03:11.6177557Z   KAOS_MODULE: [Ka0S] Kaos
job-core	Crear JSON	2025-10-10T10:03:11.6177996Z   KAOS_PATH_RESUME: audit/kaos/
job-core	Crear JSON	2025-10-10T10:03:11.6178432Z   KAOS_ACTOR: santakloud
job-core	Crear JSON	2025-10-10T10:03:11.6178838Z   GITHUB_OUTPUT: 
job-core	Crear JSON	2025-10-10T10:03:11.6179220Z ##[endgroup]
job-core	Files in Commit	﻿2025-10-10T10:03:11.6538965Z ##[group]Run # Stored files implicated in the commit
job-core	Files in Commit	2025-10-10T10:03:11.6539770Z [36;1m# Stored files implicated in the commit[0m
job-core	Files in Commit	2025-10-10T10:03:11.6540693Z [36;1mgit diff --name-only fb17e8eb61781db744a788034851ef485ff8cd9c 4f774ac96ca0814e49f66b633a5f72951d81073b > audit/kaos/18403228931-files-in-commit.txt[0m
job-core	Files in Commit	2025-10-10T10:03:11.6550984Z shell: /usr/bin/bash -e {0}
job-core	Files in Commit	2025-10-10T10:03:11.6551399Z env:
job-core	Files in Commit	2025-10-10T10:03:11.6551733Z   KAOS_CODE: 18403228931
job-core	Files in Commit	2025-10-10T10:03:11.6552109Z   KAOS_EVENT_NAME: push
job-core	Files in Commit	2025-10-10T10:03:11.6552517Z   KAOS_ACTION: 
job-core	Files in Commit	2025-10-10T10:03:11.6553031Z   KAOS_REF: refs/heads/H1968-modulo-personalización-del-portal-de-kaos-core
job-core	Files in Commit	2025-10-10T10:03:11.6553796Z   KAOS_MODULE: [Ka0S] Kaos
job-core	Files in Commit	2025-10-10T10:03:11.6554177Z   KAOS_PATH_RESUME: audit/kaos/
job-core	Files in Commit	2025-10-10T10:03:11.6554561Z   KAOS_ACTOR: santakloud
job-core	Files in Commit	2025-10-10T10:03:11.6554926Z   GITHUB_OUTPUT: 
job-core	Files in Commit	2025-10-10T10:03:11.6555259Z ##[endgroup]
job-core	Upload Files	﻿2025-10-10T10:03:11.6666650Z ##[group]Run echo "Downloading files to the repository..."
job-core	Upload Files	2025-10-10T10:03:11.6667312Z [36;1mecho "Downloading files to the repository..."[0m
job-core	Upload Files	2025-10-10T10:03:11.6667988Z [36;1mgit config --global user.name "***"[0m
job-core	Upload Files	2025-10-10T10:03:11.6668502Z [36;1mgit config --global user.email "***"[0m
job-core	Upload Files	2025-10-10T10:03:11.6668941Z [36;1mgit pull --rebase[0m
job-core	Upload Files	2025-10-10T10:03:11.6669512Z [36;1mecho "Uploading files to the repository..."[0m
job-core	Upload Files	2025-10-10T10:03:11.6669980Z [36;1mgit add audit/kaos/*[0m
job-core	Upload Files	2025-10-10T10:03:11.6670524Z [36;1mgit commit -m "[Ka0S] Uploading resume execution files to the repository..."[0m
job-core	Upload Files	2025-10-10T10:03:11.6671469Z [36;1mgit push origin refs/heads/H1968-modulo-personalización-del-portal-de-kaos-core --force-with-lease [0m
job-core	Upload Files	2025-10-10T10:03:11.6680897Z shell: /usr/bin/bash -e {0}
job-core	Upload Files	2025-10-10T10:03:11.6681295Z env:
job-core	Upload Files	2025-10-10T10:03:11.6681630Z   KAOS_CODE: 18403228931
job-core	Upload Files	2025-10-10T10:03:11.6682012Z   KAOS_EVENT_NAME: push
job-core	Upload Files	2025-10-10T10:03:11.6682367Z   KAOS_ACTION: 
job-core	Upload Files	2025-10-10T10:03:11.6682919Z   KAOS_REF: refs/heads/H1968-modulo-personalización-del-portal-de-kaos-core
job-core	Upload Files	2025-10-10T10:03:11.6683735Z   KAOS_MODULE: [Ka0S] Kaos
job-core	Upload Files	2025-10-10T10:03:11.6684121Z   KAOS_PATH_RESUME: audit/kaos/
job-core	Upload Files	2025-10-10T10:03:11.6684500Z   KAOS_ACTOR: santakloud
job-core	Upload Files	2025-10-10T10:03:11.6684858Z   GITHUB_OUTPUT: 
job-core	Upload Files	2025-10-10T10:03:11.6685180Z ##[endgroup]
job-core	Upload Files	2025-10-10T10:03:11.6718454Z Downloading files to the repository...
job-core	Upload Files	2025-10-10T10:03:12.2286282Z Already up to date.
job-core	Upload Files	2025-10-10T10:03:12.2292266Z Uploading files to the repository...
job-core	Upload Files	2025-10-10T10:03:12.2436597Z [H1968-modulo-personalización-del-portal-de-kaos-core 35716b5dd] [Ka0S] Uploading resume execution files to the repository...
job-core	Upload Files	2025-10-10T10:03:12.2437493Z  2 files changed, 2 insertions(+)
job-core	Upload Files	2025-10-10T10:03:12.2437875Z  create mode 100644 audit/kaos/18403228931-files-in-commit.txt
job-core	Upload Files	2025-10-10T10:03:12.2438293Z  create mode 100644 audit/kaos/18403228931.json
job-core	Upload Files	2025-10-10T10:03:13.0567675Z To https://github.com/Ka0s-Klaus/ka0s
job-core	Upload Files	2025-10-10T10:03:13.0572212Z    4f774ac96..35716b5dd  H1968-modulo-personalización-del-portal-de-kaos-core -> H1968-modulo-personalización-del-portal-de-kaos-core
job-core	Run git diff --name-only fb17e8eb61781db744a788034851ef485ff8cd9c 4f774ac96ca0814e49f66b633a5f72951d81073b > files-in-commit.txt	﻿2025-10-10T10:03:13.1001557Z ##[group]Run git diff --name-only fb17e8eb61781db744a788034851ef485ff8cd9c 4f774ac96ca0814e49f66b633a5f72951d81073b > files-in-commit.txt
job-core	Run git diff --name-only fb17e8eb61781db744a788034851ef485ff8cd9c 4f774ac96ca0814e49f66b633a5f72951d81073b > files-in-commit.txt	2025-10-10T10:03:13.1005233Z [36;1mgit diff --name-only fb17e8eb61781db744a788034851ef485ff8cd9c 4f774ac96ca0814e49f66b633a5f72951d81073b > files-in-commit.txt[0m
job-core	Run git diff --name-only fb17e8eb61781db744a788034851ef485ff8cd9c 4f774ac96ca0814e49f66b633a5f72951d81073b > files-in-commit.txt	2025-10-10T10:03:13.1007293Z [36;1mcat files-in-commit.txt[0m
job-core	Run git diff --name-only fb17e8eb61781db744a788034851ef485ff8cd9c 4f774ac96ca0814e49f66b633a5f72951d81073b > files-in-commit.txt	2025-10-10T10:03:13.1008298Z [36;1m# Nuevo proceso de activacion de los modulos[0m
job-core	Run git diff --name-only fb17e8eb61781db744a788034851ef485ff8cd9c 4f774ac96ca0814e49f66b633a5f72951d81073b > files-in-commit.txt	2025-10-10T10:03:13.1009827Z [36;1mwhile IFS= read -r line; do[0m
job-core	Run git diff --name-only fb17e8eb61781db744a788034851ef485ff8cd9c 4f774ac96ca0814e49f66b633a5f72951d81073b > files-in-commit.txt	2025-10-10T10:03:13.1010796Z [36;1m  # Skip files in core/outputs directory[0m
job-core	Run git diff --name-only fb17e8eb61781db744a788034851ef485ff8cd9c 4f774ac96ca0814e49f66b633a5f72951d81073b > files-in-commit.txt	2025-10-10T10:03:13.1012029Z [36;1m  if [[ "$line" == core/outputs/* || "$line" == core/results/* ]]; then[0m
job-core	Run git diff --name-only fb17e8eb61781db744a788034851ef485ff8cd9c 4f774ac96ca0814e49f66b633a5f72951d81073b > files-in-commit.txt	2025-10-10T10:03:13.1013664Z [36;1m    echo "Skipping file in outputs directory: $line"[0m
job-core	Run git diff --name-only fb17e8eb61781db744a788034851ef485ff8cd9c 4f774ac96ca0814e49f66b633a5f72951d81073b > files-in-commit.txt	2025-10-10T10:03:13.1014729Z [36;1m    continue[0m
job-core	Run git diff --name-only fb17e8eb61781db744a788034851ef485ff8cd9c 4f774ac96ca0814e49f66b633a5f72951d81073b > files-in-commit.txt	2025-10-10T10:03:13.1015434Z [36;1m  fi[0m
job-core	Run git diff --name-only fb17e8eb61781db744a788034851ef485ff8cd9c 4f774ac96ca0814e49f66b633a5f72951d81073b > files-in-commit.txt	2025-10-10T10:03:13.1016536Z [36;1m  echo "I Leemos el fichero files-in-commit.txt y extraemos el fichero $line"[0m
job-core	Run git diff --name-only fb17e8eb61781db744a788034851ef485ff8cd9c 4f774ac96ca0814e49f66b633a5f72951d81073b > files-in-commit.txt	2025-10-10T10:03:13.1017987Z [36;1m  module_failed=0[0m
job-core	Run git diff --name-only fb17e8eb61781db744a788034851ef485ff8cd9c 4f774ac96ca0814e49f66b633a5f72951d81073b > files-in-commit.txt	2025-10-10T10:03:13.1018786Z [36;1m  extension_failed=0[0m
job-core	Run git diff --name-only fb17e8eb61781db744a788034851ef485ff8cd9c 4f774ac96ca0814e49f66b633a5f72951d81073b > files-in-commit.txt	2025-10-10T10:03:13.1019626Z [36;1m  file_name=$(basename "$line")[0m
job-core	Run git diff --name-only fb17e8eb61781db744a788034851ef485ff8cd9c 4f774ac96ca0814e49f66b633a5f72951d81073b > files-in-commit.txt	2025-10-10T10:03:13.1020731Z [36;1m  echo "I-1 Calculamos el nombre del fichero $file_name"[0m
job-core	Run git diff --name-only fb17e8eb61781db744a788034851ef485ff8cd9c 4f774ac96ca0814e49f66b633a5f72951d81073b > files-in-commit.txt	2025-10-10T10:03:13.1022228Z [36;1m  file_extension="${file_name##*.}"[0m
job-core	Run git diff --name-only fb17e8eb61781db744a788034851ef485ff8cd9c 4f774ac96ca0814e49f66b633a5f72951d81073b > files-in-commit.txt	2025-10-10T10:03:13.1023558Z [36;1m  echo "I-2 Calculamos la extension del fichero $file_extension"[0m
job-core	Run git diff --name-only fb17e8eb61781db744a788034851ef485ff8cd9c 4f774ac96ca0814e49f66b633a5f72951d81073b > files-in-commit.txt	2025-10-10T10:03:13.1024878Z [36;1m  file_module="$file_extension""lint.yml"[0m
job-core	Run git diff --name-only fb17e8eb61781db744a788034851ef485ff8cd9c 4f774ac96ca0814e49f66b633a5f72951d81073b > files-in-commit.txt	2025-10-10T10:03:13.1026000Z [36;1m  echo "I-3 Calculamos el modulo $file_module"[0m
job-core	Run git diff --name-only fb17e8eb61781db744a788034851ef485ff8cd9c 4f774ac96ca0814e49f66b633a5f72951d81073b > files-in-commit.txt	2025-10-10T10:03:13.1027144Z [36;1m  IFS=',' read -r -a file_array <<< "$files"[0m
job-core	Run git diff --name-only fb17e8eb61781db744a788034851ef485ff8cd9c 4f774ac96ca0814e49f66b633a5f72951d81073b > files-in-commit.txt	2025-10-10T10:03:13.1028188Z [36;1m  for file in "${file_array[@]}"; do[0m
job-core	Run git diff --name-only fb17e8eb61781db744a788034851ef485ff8cd9c 4f774ac96ca0814e49f66b633a5f72951d81073b > files-in-commit.txt	2025-10-10T10:03:13.1029186Z [36;1m    echo "II Leemos el array de $file"[0m
job-core	Run git diff --name-only fb17e8eb61781db744a788034851ef485ff8cd9c 4f774ac96ca0814e49f66b633a5f72951d81073b > files-in-commit.txt	2025-10-10T10:03:13.1030896Z [36;1m    if [[ "$file_extension" == "$file" ]]; then[0m
job-core	Run git diff --name-only fb17e8eb61781db744a788034851ef485ff8cd9c 4f774ac96ca0814e49f66b633a5f72951d81073b > files-in-commit.txt	2025-10-10T10:03:13.1032147Z [36;1m      echo "III Comprobamos si $file_extension es igual a $file"[0m
job-core	Run git diff --name-only fb17e8eb61781db744a788034851ef485ff8cd9c 4f774ac96ca0814e49f66b633a5f72951d81073b > files-in-commit.txt	2025-10-10T10:03:13.1033648Z [36;1m      IFS=',' read -r -a module_array <<< "$modules"[0m
job-core	Run git diff --name-only fb17e8eb61781db744a788034851ef485ff8cd9c 4f774ac96ca0814e49f66b633a5f72951d81073b > files-in-commit.txt	2025-10-10T10:03:13.1034761Z [36;1m      for module in "${module_array[@]}"; do[0m
job-core	Run git diff --name-only fb17e8eb61781db744a788034851ef485ff8cd9c 4f774ac96ca0814e49f66b633a5f72951d81073b > files-in-commit.txt	2025-10-10T10:03:13.1035780Z [36;1m        echo "IV Leemos el array $module"[0m
job-core	Run git diff --name-only fb17e8eb61781db744a788034851ef485ff8cd9c 4f774ac96ca0814e49f66b633a5f72951d81073b > files-in-commit.txt	2025-10-10T10:03:13.1036844Z [36;1m        if [[ "$file_module" == *"$module"* ]]; then[0m
job-core	Run git diff --name-only fb17e8eb61781db744a788034851ef485ff8cd9c 4f774ac96ca0814e49f66b633a5f72951d81073b > files-in-commit.txt	2025-10-10T10:03:13.1038233Z [36;1m          echo "V Comprobamos que el $file_module es igual a $module y ejecutamos el flujo"[0m
job-core	Run git diff --name-only fb17e8eb61781db744a788034851ef485ff8cd9c 4f774ac96ca0814e49f66b633a5f72951d81073b > files-in-commit.txt	2025-10-10T10:03:13.1039433Z [36;1m          # Si hemos llegado hasta aquí ejecutamos el módulo[0m
job-core	Run git diff --name-only fb17e8eb61781db744a788034851ef485ff8cd9c 4f774ac96ca0814e49f66b633a5f72951d81073b > files-in-commit.txt	2025-10-10T10:03:13.1040291Z [36;1m          # Lanzamos el lint del fichero[0m
job-core	Run git diff --name-only fb17e8eb61781db744a788034851ef485ff8cd9c 4f774ac96ca0814e49f66b633a5f72951d81073b > files-in-commit.txt	2025-10-10T10:03:13.1041685Z [36;1m          RNNUMBER=$(echo "refs/heads/H1968-modulo-personalización-del-portal-de-kaos-core" | grep -o '[0-9]*')[0m
job-core	Run git diff --name-only fb17e8eb61781db744a788034851ef485ff8cd9c 4f774ac96ca0814e49f66b633a5f72951d81073b > files-in-commit.txt	2025-10-10T10:03:13.1043120Z [36;1m          echo "El numero de la issue es: $RNNUMBER"[0m
job-core	Run git diff --name-only fb17e8eb61781db744a788034851ef485ff8cd9c 4f774ac96ca0814e49f66b633a5f72951d81073b > files-in-commit.txt	2025-10-10T10:03:13.1045388Z [36;1m          gh workflow run $file_module --ref refs/heads/H1968-modulo-personalización-del-portal-de-kaos-core -f kaos-origin=18403228931 -f kaos-files=$line -f kaos-issue-id=$RNNUMBER -f kaos-user-start=santakloud[0m
job-core	Run git diff --name-only fb17e8eb61781db744a788034851ef485ff8cd9c 4f774ac96ca0814e49f66b633a5f72951d81073b > files-in-commit.txt	2025-10-10T10:03:13.1047526Z [36;1m          module_failed=0[0m
job-core	Run git diff --name-only fb17e8eb61781db744a788034851ef485ff8cd9c 4f774ac96ca0814e49f66b633a5f72951d81073b > files-in-commit.txt	2025-10-10T10:03:13.1048216Z [36;1m          extension_failed=0[0m
job-core	Run git diff --name-only fb17e8eb61781db744a788034851ef485ff8cd9c 4f774ac96ca0814e49f66b633a5f72951d81073b > files-in-commit.txt	2025-10-10T10:03:13.1049083Z [36;1m          break[0m
job-core	Run git diff --name-only fb17e8eb61781db744a788034851ef485ff8cd9c 4f774ac96ca0814e49f66b633a5f72951d81073b > files-in-commit.txt	2025-10-10T10:03:13.1049631Z [36;1m        else[0m
job-core	Run git diff --name-only fb17e8eb61781db744a788034851ef485ff8cd9c 4f774ac96ca0814e49f66b633a5f72951d81073b > files-in-commit.txt	2025-10-10T10:03:13.1050363Z [36;1m          # Control de si existe el modulo para esa extension"[0m
job-core	Run git diff --name-only fb17e8eb61781db744a788034851ef485ff8cd9c 4f774ac96ca0814e49f66b633a5f72951d81073b > files-in-commit.txt	2025-10-10T10:03:13.1051616Z [36;1m          echo "VI No es igual $file_module a $module y lo indicamos en la variable module_failed=1"[0m
job-core	Run git diff --name-only fb17e8eb61781db744a788034851ef485ff8cd9c 4f774ac96ca0814e49f66b633a5f72951d81073b > files-in-commit.txt	2025-10-10T10:03:13.1052709Z [36;1m          module_failed=1[0m
job-core	Run git diff --name-only fb17e8eb61781db744a788034851ef485ff8cd9c 4f774ac96ca0814e49f66b633a5f72951d81073b > files-in-commit.txt	2025-10-10T10:03:13.1053584Z [36;1m        fi[0m
job-core	Run git diff --name-only fb17e8eb61781db744a788034851ef485ff8cd9c 4f774ac96ca0814e49f66b633a5f72951d81073b > files-in-commit.txt	2025-10-10T10:03:13.1054115Z [36;1m      done[0m
job-core	Run git diff --name-only fb17e8eb61781db744a788034851ef485ff8cd9c 4f774ac96ca0814e49f66b633a5f72951d81073b > files-in-commit.txt	2025-10-10T10:03:13.1054609Z [36;1m      break[0m
job-core	Run git diff --name-only fb17e8eb61781db744a788034851ef485ff8cd9c 4f774ac96ca0814e49f66b633a5f72951d81073b > files-in-commit.txt	2025-10-10T10:03:13.1055105Z [36;1m    else[0m
job-core	Run git diff --name-only fb17e8eb61781db744a788034851ef485ff8cd9c 4f774ac96ca0814e49f66b633a5f72951d81073b > files-in-commit.txt	2025-10-10T10:03:13.1055757Z [36;1m      # Control de si existe el modulo para esa extension"[0m
job-core	Run git diff --name-only fb17e8eb61781db744a788034851ef485ff8cd9c 4f774ac96ca0814e49f66b633a5f72951d81073b > files-in-commit.txt	2025-10-10T10:03:13.1057584Z [36;1m      echo "VII No es igual $file_extension a $file y lo indicamos en la variable extension_failed=1"[0m
job-core	Run git diff --name-only fb17e8eb61781db744a788034851ef485ff8cd9c 4f774ac96ca0814e49f66b633a5f72951d81073b > files-in-commit.txt	2025-10-10T10:03:13.1058668Z [36;1m      extension_failed=1[0m
job-core	Run git diff --name-only fb17e8eb61781db744a788034851ef485ff8cd9c 4f774ac96ca0814e49f66b633a5f72951d81073b > files-in-commit.txt	2025-10-10T10:03:13.1059267Z [36;1m    fi  [0m
job-core	Run git diff --name-only fb17e8eb61781db744a788034851ef485ff8cd9c 4f774ac96ca0814e49f66b633a5f72951d81073b > files-in-commit.txt	2025-10-10T10:03:13.1059733Z [36;1m  done[0m
job-core	Run git diff --name-only fb17e8eb61781db744a788034851ef485ff8cd9c 4f774ac96ca0814e49f66b633a5f72951d81073b > files-in-commit.txt	2025-10-10T10:03:13.1060256Z [36;1m  if [[ $module_failed == 1 ]]; then[0m
job-core	Run git diff --name-only fb17e8eb61781db744a788034851ef485ff8cd9c 4f774ac96ca0814e49f66b633a5f72951d81073b > files-in-commit.txt	2025-10-10T10:03:13.1061278Z [36;1m    echo "IX Si el modulo falla ($module_failed) añadimos el comentario a la issue"[0m
job-core	Run git diff --name-only fb17e8eb61781db744a788034851ef485ff8cd9c 4f774ac96ca0814e49f66b633a5f72951d81073b > files-in-commit.txt	2025-10-10T10:03:13.1063525Z [36;1m    # Si hemos llegado hasta aquí añadimos el mensaje de que la extension esta permitida pero no dispone de modulo activo y aqui finaliza el proceso[0m
job-core	Run git diff --name-only fb17e8eb61781db744a788034851ef485ff8cd9c 4f774ac96ca0814e49f66b633a5f72951d81073b > files-in-commit.txt	2025-10-10T10:03:13.1065140Z [36;1m    # Añadimos los valores a las variables de la issue[0m
job-core	Run git diff --name-only fb17e8eb61781db744a788034851ef485ff8cd9c 4f774ac96ca0814e49f66b633a5f72951d81073b > files-in-commit.txt	2025-10-10T10:03:13.1067300Z [36;1m    KAOS_ISSUE_BODY="[Ka0S] Kaos ha detectado que la extensión ($file_extension) esta permitida dentro de KAOS_CORE_FILES, pero el módulo asociado ($file_module) no esta activo. Por favor compruebe que exista y esta activo."[0m
job-core	Run git diff --name-only fb17e8eb61781db744a788034851ef485ff8cd9c 4f774ac96ca0814e49f66b633a5f72951d81073b > files-in-commit.txt	2025-10-10T10:03:13.1069411Z [36;1m    # Añadimos el comentario a la issue[0m
job-core	Run git diff --name-only fb17e8eb61781db744a788034851ef485ff8cd9c 4f774ac96ca0814e49f66b633a5f72951d81073b > files-in-commit.txt	2025-10-10T10:03:13.1070744Z [36;1m    RNNUMBER=$(echo "refs/heads/H1968-modulo-personalización-del-portal-de-kaos-core" | grep -o '[0-9]*')[0m
job-core	Run git diff --name-only fb17e8eb61781db744a788034851ef485ff8cd9c 4f774ac96ca0814e49f66b633a5f72951d81073b > files-in-commit.txt	2025-10-10T10:03:13.1072146Z [36;1m    gh issue comment $RNNUMBER --body "$KAOS_ISSUE_BODY"[0m
job-core	Run git diff --name-only fb17e8eb61781db744a788034851ef485ff8cd9c 4f774ac96ca0814e49f66b633a5f72951d81073b > files-in-commit.txt	2025-10-10T10:03:13.1072917Z [36;1m  fi[0m
job-core	Run git diff --name-only fb17e8eb61781db744a788034851ef485ff8cd9c 4f774ac96ca0814e49f66b633a5f72951d81073b > files-in-commit.txt	2025-10-10T10:03:13.1073618Z [36;1m  if [[ $extension_failed == 1 ]]; then[0m
job-core	Run git diff --name-only fb17e8eb61781db744a788034851ef485ff8cd9c 4f774ac96ca0814e49f66b633a5f72951d81073b > files-in-commit.txt	2025-10-10T10:03:13.1074747Z [36;1m    echo "X Si extension falla falla ($extension_failed) añadimos el comentario a la issue"[0m
job-core	Run git diff --name-only fb17e8eb61781db744a788034851ef485ff8cd9c 4f774ac96ca0814e49f66b633a5f72951d81073b > files-in-commit.txt	2025-10-10T10:03:13.1076174Z [36;1m    # Si hemos llegado hasta aquí añadimos el mensaje de que la extension no esta permitida[0m
job-core	Run git diff --name-only fb17e8eb61781db744a788034851ef485ff8cd9c 4f774ac96ca0814e49f66b633a5f72951d81073b > files-in-commit.txt	2025-10-10T10:03:13.1077335Z [36;1m    # Añadimos los valores a las variables de la issue[0m
job-core	Run git diff --name-only fb17e8eb61781db744a788034851ef485ff8cd9c 4f774ac96ca0814e49f66b633a5f72951d81073b > files-in-commit.txt	2025-10-10T10:03:13.1079080Z [36;1m    KAOS_ISSUE_BODY="[Ka0S] Kaos ha detectado que la extensión ($file_extension) NO esta permitida dentro de KAOS_CORE_FILES. Por favor compruebe que exista y esta activo."[0m
job-core	Run git diff --name-only fb17e8eb61781db744a788034851ef485ff8cd9c 4f774ac96ca0814e49f66b633a5f72951d81073b > files-in-commit.txt	2025-10-10T10:03:13.1080791Z [36;1m    # Añadimos el comentario a la issue[0m
job-core	Run git diff --name-only fb17e8eb61781db744a788034851ef485ff8cd9c 4f774ac96ca0814e49f66b633a5f72951d81073b > files-in-commit.txt	2025-10-10T10:03:13.1082085Z [36;1m    RNNUMBER=$(echo "refs/heads/H1968-modulo-personalización-del-portal-de-kaos-core" | grep -o '[0-9]*')[0m
job-core	Run git diff --name-only fb17e8eb61781db744a788034851ef485ff8cd9c 4f774ac96ca0814e49f66b633a5f72951d81073b > files-in-commit.txt	2025-10-10T10:03:13.1083568Z [36;1m    gh issue comment $RNNUMBER --body "$KAOS_ISSUE_BODY"[0m
job-core	Run git diff --name-only fb17e8eb61781db744a788034851ef485ff8cd9c 4f774ac96ca0814e49f66b633a5f72951d81073b > files-in-commit.txt	2025-10-10T10:03:13.1084343Z [36;1m  fi  [0m
job-core	Run git diff --name-only fb17e8eb61781db744a788034851ef485ff8cd9c 4f774ac96ca0814e49f66b633a5f72951d81073b > files-in-commit.txt	2025-10-10T10:03:13.1084878Z [36;1mdone < files-in-commit.txt      [0m
job-core	Run git diff --name-only fb17e8eb61781db744a788034851ef485ff8cd9c 4f774ac96ca0814e49f66b633a5f72951d81073b > files-in-commit.txt	2025-10-10T10:03:13.1099527Z shell: /usr/bin/bash -e {0}
job-core	Run git diff --name-only fb17e8eb61781db744a788034851ef485ff8cd9c 4f774ac96ca0814e49f66b633a5f72951d81073b > files-in-commit.txt	2025-10-10T10:03:13.1100025Z env:
job-core	Run git diff --name-only fb17e8eb61781db744a788034851ef485ff8cd9c 4f774ac96ca0814e49f66b633a5f72951d81073b > files-in-commit.txt	2025-10-10T10:03:13.1100402Z   KAOS_CODE: 18403228931
job-core	Run git diff --name-only fb17e8eb61781db744a788034851ef485ff8cd9c 4f774ac96ca0814e49f66b633a5f72951d81073b > files-in-commit.txt	2025-10-10T10:03:13.1100845Z   KAOS_EVENT_NAME: push
job-core	Run git diff --name-only fb17e8eb61781db744a788034851ef485ff8cd9c 4f774ac96ca0814e49f66b633a5f72951d81073b > files-in-commit.txt	2025-10-10T10:03:13.1101259Z   KAOS_ACTION: 
job-core	Run git diff --name-only fb17e8eb61781db744a788034851ef485ff8cd9c 4f774ac96ca0814e49f66b633a5f72951d81073b > files-in-commit.txt	2025-10-10T10:03:13.1102076Z   KAOS_REF: refs/heads/H1968-modulo-personalización-del-portal-de-kaos-core
job-core	Run git diff --name-only fb17e8eb61781db744a788034851ef485ff8cd9c 4f774ac96ca0814e49f66b633a5f72951d81073b > files-in-commit.txt	2025-10-10T10:03:13.1102856Z   KAOS_MODULE: [Ka0S] Kaos
job-core	Run git diff --name-only fb17e8eb61781db744a788034851ef485ff8cd9c 4f774ac96ca0814e49f66b633a5f72951d81073b > files-in-commit.txt	2025-10-10T10:03:13.1103518Z   KAOS_PATH_RESUME: audit/kaos/
job-core	Run git diff --name-only fb17e8eb61781db744a788034851ef485ff8cd9c 4f774ac96ca0814e49f66b633a5f72951d81073b > files-in-commit.txt	2025-10-10T10:03:13.1103999Z   KAOS_ACTOR: santakloud
job-core	Run git diff --name-only fb17e8eb61781db744a788034851ef485ff8cd9c 4f774ac96ca0814e49f66b633a5f72951d81073b > files-in-commit.txt	2025-10-10T10:03:13.1117951Z   GITHUB_OUTPUT: 
job-core	Run git diff --name-only fb17e8eb61781db744a788034851ef485ff8cd9c 4f774ac96ca0814e49f66b633a5f72951d81073b > files-in-commit.txt	2025-10-10T10:03:13.1118896Z   modules: ***
job-core	Run git diff --name-only fb17e8eb61781db744a788034851ef485ff8cd9c 4f774ac96ca0814e49f66b633a5f72951d81073b > files-in-commit.txt	2025-10-10T10:03:13.1119334Z   files: ***
job-core	Run git diff --name-only fb17e8eb61781db744a788034851ef485ff8cd9c 4f774ac96ca0814e49f66b633a5f72951d81073b > files-in-commit.txt	2025-10-10T10:03:13.1119912Z   GH_TOKEN: ***
job-core	Run git diff --name-only fb17e8eb61781db744a788034851ef485ff8cd9c 4f774ac96ca0814e49f66b633a5f72951d81073b > files-in-commit.txt	2025-10-10T10:03:13.1120297Z ##[endgroup]
job-core	Run git diff --name-only fb17e8eb61781db744a788034851ef485ff8cd9c 4f774ac96ca0814e49f66b633a5f72951d81073b > files-in-commit.txt	2025-10-10T10:03:13.1205005Z .github/workflows/scan-image.yml
job-core	Run git diff --name-only fb17e8eb61781db744a788034851ef485ff8cd9c 4f774ac96ca0814e49f66b633a5f72951d81073b > files-in-commit.txt	2025-10-10T10:03:13.1208845Z I Leemos el fichero files-in-commit.txt y extraemos el fichero .github/workflows/scan-image.yml
job-core	Run git diff --name-only fb17e8eb61781db744a788034851ef485ff8cd9c 4f774ac96ca0814e49f66b633a5f72951d81073b > files-in-commit.txt	2025-10-10T10:03:13.1221470Z I-1 Calculamos el nombre del fichero scan-image.yml
job-core	Run git diff --name-only fb17e8eb61781db744a788034851ef485ff8cd9c 4f774ac96ca0814e49f66b633a5f72951d81073b > files-in-commit.txt	2025-10-10T10:03:13.1222057Z I-2 Calculamos la extension del fichero yml
job-core	Run git diff --name-only fb17e8eb61781db744a788034851ef485ff8cd9c 4f774ac96ca0814e49f66b633a5f72951d81073b > files-in-commit.txt	2025-10-10T10:03:13.1222510Z I-3 Calculamos el modulo ymllint.yml
job-core	Run git diff --name-only fb17e8eb61781db744a788034851ef485ff8cd9c 4f774ac96ca0814e49f66b633a5f72951d81073b > files-in-commit.txt	2025-10-10T10:03:13.1222903Z II Leemos el array de md
job-core	Run git diff --name-only fb17e8eb61781db744a788034851ef485ff8cd9c 4f774ac96ca0814e49f66b633a5f72951d81073b > files-in-commit.txt	2025-10-10T10:03:13.1223667Z VII No es igual yml a md y lo indicamos en la variable extension_failed=1
job-core	Run git diff --name-only fb17e8eb61781db744a788034851ef485ff8cd9c 4f774ac96ca0814e49f66b633a5f72951d81073b > files-in-commit.txt	2025-10-10T10:03:13.1224233Z II Leemos el array de yaml
job-core	Run git diff --name-only fb17e8eb61781db744a788034851ef485ff8cd9c 4f774ac96ca0814e49f66b633a5f72951d81073b > files-in-commit.txt	2025-10-10T10:03:13.1224729Z VII No es igual yml a yaml y lo indicamos en la variable extension_failed=1
job-core	Run git diff --name-only fb17e8eb61781db744a788034851ef485ff8cd9c 4f774ac96ca0814e49f66b633a5f72951d81073b > files-in-commit.txt	2025-10-10T10:03:13.1225256Z II Leemos el array de json
job-core	Run git diff --name-only fb17e8eb61781db744a788034851ef485ff8cd9c 4f774ac96ca0814e49f66b633a5f72951d81073b > files-in-commit.txt	2025-10-10T10:03:13.1225737Z VII No es igual yml a json y lo indicamos en la variable extension_failed=1
job-core	Run git diff --name-only fb17e8eb61781db744a788034851ef485ff8cd9c 4f774ac96ca0814e49f66b633a5f72951d81073b > files-in-commit.txt	2025-10-10T10:03:13.1226586Z II Leemos el array de html
job-core	Run git diff --name-only fb17e8eb61781db744a788034851ef485ff8cd9c 4f774ac96ca0814e49f66b633a5f72951d81073b > files-in-commit.txt	2025-10-10T10:03:13.1227063Z VII No es igual yml a html y lo indicamos en la variable extension_failed=1
job-core	Run git diff --name-only fb17e8eb61781db744a788034851ef485ff8cd9c 4f774ac96ca0814e49f66b633a5f72951d81073b > files-in-commit.txt	2025-10-10T10:03:13.1227579Z II Leemos el array de py
job-core	Run git diff --name-only fb17e8eb61781db744a788034851ef485ff8cd9c 4f774ac96ca0814e49f66b633a5f72951d81073b > files-in-commit.txt	2025-10-10T10:03:13.1228050Z VII No es igual yml a py y lo indicamos en la variable extension_failed=1
job-core	Run git diff --name-only fb17e8eb61781db744a788034851ef485ff8cd9c 4f774ac96ca0814e49f66b633a5f72951d81073b > files-in-commit.txt	2025-10-10T10:03:13.1228951Z X Si extension falla falla (1) añadimos el comentario a la issue
job-core	Run git diff --name-only fb17e8eb61781db744a788034851ef485ff8cd9c 4f774ac96ca0814e49f66b633a5f72951d81073b > files-in-commit.txt	2025-10-10T10:03:14.2434904Z https://github.com/Ka0s-Klaus/ka0s/issues/1968#issuecomment-3389167518
job-core	Post Checkout code	﻿2025-10-10T10:03:14.2849005Z Post job cleanup.
job-core	Post Checkout code	2025-10-10T10:03:14.3885711Z [command]/usr/bin/git version
job-core	Post Checkout code	2025-10-10T10:03:14.3929876Z git version 2.51.0
job-core	Post Checkout code	2025-10-10T10:03:14.3969948Z Copying '/home/runner/.gitconfig' to '/home/runner/_work/_temp/69b0e8d5-f320-4ce3-bc18-f12bddf21079/.gitconfig'
job-core	Post Checkout code	2025-10-10T10:03:14.3982468Z Temporarily overriding HOME='/home/runner/_work/_temp/69b0e8d5-f320-4ce3-bc18-f12bddf21079' before making global git config changes
job-core	Post Checkout code	2025-10-10T10:03:14.3983382Z Adding repository directory to the temporary git global config as a safe directory
job-core	Post Checkout code	2025-10-10T10:03:14.3988868Z [command]/usr/bin/git config --global --add safe.directory /home/runner/_work/ka0s/ka0s
job-core	Post Checkout code	2025-10-10T10:03:14.4038857Z [command]/usr/bin/git config --local --name-only --get-regexp core\.sshCommand
job-core	Post Checkout code	2025-10-10T10:03:14.4075189Z [command]/usr/bin/git submodule foreach --recursive sh -c "git config --local --name-only --get-regexp 'core\.sshCommand' && git config --local --unset-all 'core.sshCommand' || :"
job-core	Post Checkout code	2025-10-10T10:03:14.4332544Z [command]/usr/bin/git config --local --name-only --get-regexp http\.https\:\/\/github\.com\/\.extraheader
job-core	Post Checkout code	2025-10-10T10:03:14.4357197Z http.https://github.com/.extraheader
job-core	Post Checkout code	2025-10-10T10:03:14.4369165Z [command]/usr/bin/git config --local --unset-all http.https://github.com/.extraheader
job-core	Post Checkout code	2025-10-10T10:03:14.4403763Z [command]/usr/bin/git submodule foreach --recursive sh -c "git config --local --name-only --get-regexp 'http\.https\:\/\/github\.com\/\.extraheader' && git config --local --unset-all 'http.https://github.com/.extraheader' || :"
job-core	Complete job	﻿2025-10-10T10:03:14.4765550Z Cleaning up orphan processes
handle-success	Set up job	﻿2025-10-10T10:03:20.5332421Z Current runner version: '2.328.0'
handle-success	Set up job	2025-10-10T10:03:20.5340257Z Runner name: '3ed0481857d5'
handle-success	Set up job	2025-10-10T10:03:20.5341474Z Runner group name: 'swarm-runners'
handle-success	Set up job	2025-10-10T10:03:20.5342821Z Machine name: '3ed0481857d5'
handle-success	Set up job	2025-10-10T10:03:20.5346923Z ##[group]GITHUB_TOKEN Permissions
handle-success	Set up job	2025-10-10T10:03:20.5350261Z Contents: read
handle-success	Set up job	2025-10-10T10:03:20.5350992Z Metadata: read
handle-success	Set up job	2025-10-10T10:03:20.5351553Z Packages: read
handle-success	Set up job	2025-10-10T10:03:20.5352047Z ##[endgroup]
handle-success	Set up job	2025-10-10T10:03:20.5354692Z Secret source: Actions
handle-success	Set up job	2025-10-10T10:03:20.5355377Z Prepare workflow directory
handle-success	Set up job	2025-10-10T10:03:20.5955640Z Prepare all required actions
handle-success	Set up job	2025-10-10T10:03:20.6055648Z Getting action download info
handle-success	Set up job	2025-10-10T10:03:21.1932440Z Download action repository 'actions/checkout@v4' (SHA:08eba0b27e820071cde6df949e0beb9ba4906955)
handle-success	Set up job	2025-10-10T10:03:21.9773231Z Complete job name: handle-success
handle-success	Checkout code	﻿2025-10-10T10:03:22.0346058Z ##[group]Run actions/checkout@v4
handle-success	Checkout code	2025-10-10T10:03:22.0346954Z with:
handle-success	Checkout code	2025-10-10T10:03:22.0347352Z   fetch-depth: 0
handle-success	Checkout code	2025-10-10T10:03:22.0348019Z   token: ***
handle-success	Checkout code	2025-10-10T10:03:22.0348420Z   repository: Ka0s-Klaus/ka0s
handle-success	Checkout code	2025-10-10T10:03:22.0348884Z   ssh-strict: true
handle-success	Checkout code	2025-10-10T10:03:22.0349273Z   ssh-user: git
handle-success	Checkout code	2025-10-10T10:03:22.0349673Z   persist-credentials: true
handle-success	Checkout code	2025-10-10T10:03:22.0350107Z   clean: true
handle-success	Checkout code	2025-10-10T10:03:22.0350506Z   sparse-checkout-cone-mode: true
handle-success	Checkout code	2025-10-10T10:03:22.0350982Z   fetch-tags: false
handle-success	Checkout code	2025-10-10T10:03:22.0351370Z   show-progress: true
handle-success	Checkout code	2025-10-10T10:03:22.0351771Z   lfs: false
handle-success	Checkout code	2025-10-10T10:03:22.0352134Z   submodules: false
handle-success	Checkout code	2025-10-10T10:03:22.0352540Z   set-safe-directory: true
handle-success	Checkout code	2025-10-10T10:03:22.0353190Z env:
handle-success	Checkout code	2025-10-10T10:03:22.0353919Z   KAOS_CODE: 18403228931
handle-success	Checkout code	2025-10-10T10:03:22.0354483Z   KAOS_EVENT_NAME: push
handle-success	Checkout code	2025-10-10T10:03:22.0354895Z   KAOS_ACTION: 
handle-success	Checkout code	2025-10-10T10:03:22.0355486Z   KAOS_REF: refs/heads/H1968-modulo-personalización-del-portal-de-kaos-core
handle-success	Checkout code	2025-10-10T10:03:22.0356219Z   KAOS_MODULE: [Ka0S] Kaos
handle-success	Checkout code	2025-10-10T10:03:22.0356666Z   KAOS_PATH_RESUME: audit/kaos/
handle-success	Checkout code	2025-10-10T10:03:22.0357125Z   KAOS_ACTOR: santakloud
handle-success	Checkout code	2025-10-10T10:03:22.0357539Z ##[endgroup]
handle-success	Checkout code	2025-10-10T10:03:22.1486191Z Syncing repository: Ka0s-Klaus/ka0s
handle-success	Checkout code	2025-10-10T10:03:22.1488420Z ##[group]Getting Git version info
handle-success	Checkout code	2025-10-10T10:03:22.1489048Z Working directory is '/home/runner/_work/ka0s/ka0s'
handle-success	Checkout code	2025-10-10T10:03:22.1489938Z [command]/usr/bin/git version
handle-success	Checkout code	2025-10-10T10:03:22.1490567Z git version 2.51.0
handle-success	Checkout code	2025-10-10T10:03:22.1516978Z ##[endgroup]
handle-success	Checkout code	2025-10-10T10:03:22.1531278Z Copying '/home/runner/.gitconfig' to '/home/runner/_work/_temp/7741ab8b-7b31-4cd0-8dbe-65dfa6ab7b81/.gitconfig'
handle-success	Checkout code	2025-10-10T10:03:22.1546204Z Temporarily overriding HOME='/home/runner/_work/_temp/7741ab8b-7b31-4cd0-8dbe-65dfa6ab7b81' before making global git config changes
handle-success	Checkout code	2025-10-10T10:03:22.1547945Z Adding repository directory to the temporary git global config as a safe directory
handle-success	Checkout code	2025-10-10T10:03:22.1553075Z [command]/usr/bin/git config --global --add safe.directory /home/runner/_work/ka0s/ka0s
handle-success	Checkout code	2025-10-10T10:03:22.1603139Z [command]/usr/bin/git config --local --get remote.origin.url
handle-success	Checkout code	2025-10-10T10:03:22.1627138Z https://github.com/Ka0s-Klaus/ka0s
handle-success	Checkout code	2025-10-10T10:03:22.1647028Z ##[group]Removing previously created refs, to avoid conflicts
handle-success	Checkout code	2025-10-10T10:03:22.1651406Z [command]/usr/bin/git rev-parse --symbolic-full-name --verify --quiet HEAD
handle-success	Checkout code	2025-10-10T10:03:22.1675206Z refs/heads/H1968-modulo-personalización-del-portal-de-kaos-core
handle-success	Checkout code	2025-10-10T10:03:22.1685366Z [command]/usr/bin/git checkout --detach
handle-success	Checkout code	2025-10-10T10:03:22.1764769Z HEAD is now at 35716b5dd [Ka0S] Uploading resume execution files to the repository...
handle-success	Checkout code	2025-10-10T10:03:22.1813409Z [command]/usr/bin/git branch --delete --force H1968-modulo-personalización-del-portal-de-kaos-core
handle-success	Checkout code	2025-10-10T10:03:22.1845585Z Deleted branch H1968-modulo-personalización-del-portal-de-kaos-core (was 35716b5dd).
handle-success	Checkout code	2025-10-10T10:03:22.1934180Z ##[endgroup]
handle-success	Checkout code	2025-10-10T10:03:22.1937801Z [command]/usr/bin/git submodule status
handle-success	Checkout code	2025-10-10T10:03:22.2187783Z ##[group]Cleaning the repository
handle-success	Checkout code	2025-10-10T10:03:22.2192985Z [command]/usr/bin/git clean -ffdx
handle-success	Checkout code	2025-10-10T10:03:22.2249325Z Removing files-in-commit.txt
handle-success	Checkout code	2025-10-10T10:03:22.2260165Z [command]/usr/bin/git reset --hard HEAD
handle-success	Checkout code	2025-10-10T10:03:22.2344564Z HEAD is now at 35716b5dd [Ka0S] Uploading resume execution files to the repository...
handle-success	Checkout code	2025-10-10T10:03:22.2351192Z ##[endgroup]
handle-success	Checkout code	2025-10-10T10:03:22.2352329Z ##[group]Disabling automatic garbage collection
handle-success	Checkout code	2025-10-10T10:03:22.2365875Z [command]/usr/bin/git config --local gc.auto 0
handle-success	Checkout code	2025-10-10T10:03:22.2397632Z ##[endgroup]
handle-success	Checkout code	2025-10-10T10:03:22.2398403Z ##[group]Setting up auth
handle-success	Checkout code	2025-10-10T10:03:22.2404134Z [command]/usr/bin/git config --local --name-only --get-regexp core\.sshCommand
handle-success	Checkout code	2025-10-10T10:03:22.2438466Z [command]/usr/bin/git submodule foreach --recursive sh -c "git config --local --name-only --get-regexp 'core\.sshCommand' && git config --local --unset-all 'core.sshCommand' || :"
handle-success	Checkout code	2025-10-10T10:03:22.2691564Z [command]/usr/bin/git config --local --name-only --get-regexp http\.https\:\/\/github\.com\/\.extraheader
handle-success	Checkout code	2025-10-10T10:03:22.2726617Z [command]/usr/bin/git submodule foreach --recursive sh -c "git config --local --name-only --get-regexp 'http\.https\:\/\/github\.com\/\.extraheader' && git config --local --unset-all 'http.https://github.com/.extraheader' || :"
handle-success	Checkout code	2025-10-10T10:03:22.2986366Z [command]/usr/bin/git config --local http.https://github.com/.extraheader AUTHORIZATION: basic ***
handle-success	Checkout code	2025-10-10T10:03:22.3030350Z ##[endgroup]
handle-success	Checkout code	2025-10-10T10:03:22.3031294Z ##[group]Fetching the repository
handle-success	Checkout code	2025-10-10T10:03:22.3039323Z [command]/usr/bin/git -c protocol.version=2 fetch --prune --no-recurse-submodules origin +refs/heads/*:refs/remotes/origin/* +refs/tags/*:refs/tags/*
handle-success	Checkout code	2025-10-10T10:03:22.8511273Z [command]/usr/bin/git branch --list --remote origin/H1968-modulo-personalización-del-portal-de-kaos-core
handle-success	Checkout code	2025-10-10T10:03:22.8568602Z   origin/H1968-modulo-personalización-del-portal-de-kaos-core
handle-success	Checkout code	2025-10-10T10:03:22.8578642Z [command]/usr/bin/git rev-parse refs/remotes/origin/H1968-modulo-personalización-del-portal-de-kaos-core
handle-success	Checkout code	2025-10-10T10:03:22.8602288Z 35716b5dd3dfb12e7b487e396479302a049340a1
handle-success	Checkout code	2025-10-10T10:03:22.8614958Z [command]/usr/bin/git -c protocol.version=2 fetch --no-tags --prune --no-recurse-submodules origin +4f774ac96ca0814e49f66b633a5f72951d81073b:refs/remotes/origin/H1968-modulo-personalización-del-portal-de-kaos-core
handle-success	Checkout code	2025-10-10T10:03:22.8775501Z From https://github.com/Ka0s-Klaus/ka0s
handle-success	Checkout code	2025-10-10T10:03:22.8778046Z  + 35716b5dd...4f774ac96 4f774ac96ca0814e49f66b633a5f72951d81073b -> origin/H1968-modulo-personalización-del-portal-de-kaos-core  (forced update)
handle-success	Checkout code	2025-10-10T10:03:22.8803256Z ##[endgroup]
handle-success	Checkout code	2025-10-10T10:03:22.8804156Z ##[group]Determining the checkout info
handle-success	Checkout code	2025-10-10T10:03:22.8805121Z ##[endgroup]
handle-success	Checkout code	2025-10-10T10:03:22.8808738Z [command]/usr/bin/git sparse-checkout disable
handle-success	Checkout code	2025-10-10T10:03:22.8863760Z [command]/usr/bin/git config --local --unset-all extensions.worktreeConfig
handle-success	Checkout code	2025-10-10T10:03:22.8896253Z ##[group]Checking out the ref
handle-success	Checkout code	2025-10-10T10:03:22.8901883Z [command]/usr/bin/git checkout --progress --force -B H1968-modulo-personalización-del-portal-de-kaos-core refs/remotes/origin/H1968-modulo-personalización-del-portal-de-kaos-core
handle-success	Checkout code	2025-10-10T10:03:22.9054267Z Warning: you are leaving 1 commit behind, not connected to
handle-success	Checkout code	2025-10-10T10:03:22.9055196Z any of your branches:
handle-success	Checkout code	2025-10-10T10:03:22.9055507Z 
handle-success	Checkout code	2025-10-10T10:03:22.9055877Z   35716b5dd [Ka0S] Uploading resume execution files to the repository...
handle-success	Checkout code	2025-10-10T10:03:22.9056399Z 
handle-success	Checkout code	2025-10-10T10:03:22.9056904Z If you want to keep it by creating a new branch, this may be a good time
handle-success	Checkout code	2025-10-10T10:03:22.9057863Z to do so with:
handle-success	Checkout code	2025-10-10T10:03:22.9058103Z 
handle-success	Checkout code	2025-10-10T10:03:22.9058323Z  git branch <new-branch-name> 35716b5dd
handle-success	Checkout code	2025-10-10T10:03:22.9058672Z 
handle-success	Checkout code	2025-10-10T10:03:22.9066283Z Switched to a new branch 'H1968-modulo-personalización-del-portal-de-kaos-core'
handle-success	Checkout code	2025-10-10T10:03:22.9070964Z branch 'H1968-modulo-personalización-del-portal-de-kaos-core' set up to track 'origin/H1968-modulo-personalización-del-portal-de-kaos-core'.
handle-success	Checkout code	2025-10-10T10:03:22.9078514Z ##[endgroup]
handle-success	Checkout code	2025-10-10T10:03:22.9121998Z [command]/usr/bin/git log -1 --format=%H
handle-success	Checkout code	2025-10-10T10:03:22.9149463Z 4f774ac96ca0814e49f66b633a5f72951d81073b
handle-success	handle-success-execution	﻿2025-10-10T10:03:22.9388348Z ##[group]Run # Si todo ha ido correcto añadimos el contenido del fichero 
handle-success	handle-success-execution	2025-10-10T10:03:22.9389540Z [36;1m# Si todo ha ido correcto añadimos el contenido del fichero [0m
handle-success	handle-success-execution	2025-10-10T10:03:22.9390627Z [36;1mRNNUMBER=$(echo "refs/heads/H1968-modulo-personalización-del-portal-de-kaos-core" | grep -o '[0-9]*')[0m
handle-success	handle-success-execution	2025-10-10T10:03:22.9392147Z [36;1mgh issue comment $RNNUMBER --body "El proceso ha finalizado correctamente 18403228931. El resultado de la ejecución se guardará en MongoDB"[0m
handle-success	handle-success-execution	2025-10-10T10:03:22.9406940Z shell: /usr/bin/bash -e {0}
handle-success	handle-success-execution	2025-10-10T10:03:22.9407465Z env:
handle-success	handle-success-execution	2025-10-10T10:03:22.9407835Z   KAOS_CODE: 18403228931
handle-success	handle-success-execution	2025-10-10T10:03:22.9408280Z   KAOS_EVENT_NAME: push
handle-success	handle-success-execution	2025-10-10T10:03:22.9408701Z   KAOS_ACTION: 
handle-success	handle-success-execution	2025-10-10T10:03:22.9409315Z   KAOS_REF: refs/heads/H1968-modulo-personalización-del-portal-de-kaos-core
handle-success	handle-success-execution	2025-10-10T10:03:22.9410045Z   KAOS_MODULE: [Ka0S] Kaos
handle-success	handle-success-execution	2025-10-10T10:03:22.9410524Z   KAOS_PATH_RESUME: audit/kaos/
handle-success	handle-success-execution	2025-10-10T10:03:22.9411000Z   KAOS_ACTOR: santakloud
handle-success	handle-success-execution	2025-10-10T10:03:22.9411716Z   GH_TOKEN: ***
handle-success	handle-success-execution	2025-10-10T10:03:22.9412117Z ##[endgroup]
handle-success	handle-success-execution	2025-10-10T10:03:24.2432701Z https://github.com/Ka0s-Klaus/ka0s/issues/1968#issuecomment-3389168041
handle-success	Post Checkout code	﻿2025-10-10T10:03:24.2629026Z Post job cleanup.
handle-success	Post Checkout code	2025-10-10T10:03:24.3652224Z [command]/usr/bin/git version
handle-success	Post Checkout code	2025-10-10T10:03:24.3690862Z git version 2.51.0
handle-success	Post Checkout code	2025-10-10T10:03:24.3732655Z Copying '/home/runner/.gitconfig' to '/home/runner/_work/_temp/3110e12f-b474-4321-a33b-4c3d243022fc/.gitconfig'
handle-success	Post Checkout code	2025-10-10T10:03:24.3745694Z Temporarily overriding HOME='/home/runner/_work/_temp/3110e12f-b474-4321-a33b-4c3d243022fc' before making global git config changes
handle-success	Post Checkout code	2025-10-10T10:03:24.3747535Z Adding repository directory to the temporary git global config as a safe directory
handle-success	Post Checkout code	2025-10-10T10:03:24.3751594Z [command]/usr/bin/git config --global --add safe.directory /home/runner/_work/ka0s/ka0s
handle-success	Post Checkout code	2025-10-10T10:03:24.3799578Z [command]/usr/bin/git config --local --name-only --get-regexp core\.sshCommand
handle-success	Post Checkout code	2025-10-10T10:03:24.3840298Z [command]/usr/bin/git submodule foreach --recursive sh -c "git config --local --name-only --get-regexp 'core\.sshCommand' && git config --local --unset-all 'core.sshCommand' || :"
handle-success	Post Checkout code	2025-10-10T10:03:24.4108307Z [command]/usr/bin/git config --local --name-only --get-regexp http\.https\:\/\/github\.com\/\.extraheader
handle-success	Post Checkout code	2025-10-10T10:03:24.4122511Z http.https://github.com/.extraheader
handle-success	Post Checkout code	2025-10-10T10:03:24.4138396Z [command]/usr/bin/git config --local --unset-all http.https://github.com/.extraheader
handle-success	Post Checkout code	2025-10-10T10:03:24.4179107Z [command]/usr/bin/git submodule foreach --recursive sh -c "git config --local --name-only --get-regexp 'http\.https\:\/\/github\.com\/\.extraheader' && git config --local --unset-all 'http.https://github.com/.extraheader' || :"
handle-success	Complete job	﻿2025-10-10T10:03:24.4558304Z Cleaning up orphan processes
end-workflow	Set up job	﻿2025-10-10T10:03:30.2076971Z Current runner version: '2.328.0'
end-workflow	Set up job	2025-10-10T10:03:30.2086161Z Runner name: '3ed0481857d5'
end-workflow	Set up job	2025-10-10T10:03:30.2087177Z Runner group name: 'swarm-runners'
end-workflow	Set up job	2025-10-10T10:03:30.2088270Z Machine name: '3ed0481857d5'
end-workflow	Set up job	2025-10-10T10:03:30.2091298Z ##[group]GITHUB_TOKEN Permissions
end-workflow	Set up job	2025-10-10T10:03:30.2094237Z Contents: read
end-workflow	Set up job	2025-10-10T10:03:30.2094959Z Metadata: read
end-workflow	Set up job	2025-10-10T10:03:30.2095525Z Packages: read
end-workflow	Set up job	2025-10-10T10:03:30.2096037Z ##[endgroup]
end-workflow	Set up job	2025-10-10T10:03:30.2098456Z Secret source: Actions
end-workflow	Set up job	2025-10-10T10:03:30.2099261Z Prepare workflow directory
end-workflow	Set up job	2025-10-10T10:03:30.2866633Z Prepare all required actions
end-workflow	Set up job	2025-10-10T10:03:30.2910088Z Getting action download info
end-workflow	Set up job	2025-10-10T10:03:30.8855684Z Download action repository 'actions/checkout@v4' (SHA:08eba0b27e820071cde6df949e0beb9ba4906955)
end-workflow	Set up job	2025-10-10T10:03:31.7392679Z Complete job name: end-workflow
end-workflow	Checkout code	﻿2025-10-10T10:03:31.7996376Z ##[group]Run actions/checkout@v4
end-workflow	Checkout code	2025-10-10T10:03:31.7997388Z with:
end-workflow	Checkout code	2025-10-10T10:03:31.7997863Z   fetch-depth: 0
end-workflow	Checkout code	2025-10-10T10:03:31.7998655Z   token: ***
end-workflow	Checkout code	2025-10-10T10:03:31.7999125Z   repository: Ka0s-Klaus/ka0s
end-workflow	Checkout code	2025-10-10T10:03:31.7999670Z   ssh-strict: true
end-workflow	Checkout code	2025-10-10T10:03:31.8000130Z   ssh-user: git
end-workflow	Checkout code	2025-10-10T10:03:31.8000595Z   persist-credentials: true
end-workflow	Checkout code	2025-10-10T10:03:31.8001120Z   clean: true
end-workflow	Checkout code	2025-10-10T10:03:31.8001598Z   sparse-checkout-cone-mode: true
end-workflow	Checkout code	2025-10-10T10:03:31.8002174Z   fetch-tags: false
end-workflow	Checkout code	2025-10-10T10:03:31.8002659Z   show-progress: true
end-workflow	Checkout code	2025-10-10T10:03:31.8003138Z   lfs: false
end-workflow	Checkout code	2025-10-10T10:03:31.8003677Z   submodules: false
end-workflow	Checkout code	2025-10-10T10:03:31.8004196Z   set-safe-directory: true
end-workflow	Checkout code	2025-10-10T10:03:31.8004978Z env:
end-workflow	Checkout code	2025-10-10T10:03:31.8005652Z   KAOS_CODE: 18403228931
end-workflow	Checkout code	2025-10-10T10:03:31.8006292Z   KAOS_EVENT_NAME: push
end-workflow	Checkout code	2025-10-10T10:03:31.8006780Z   KAOS_ACTION: 
end-workflow	Checkout code	2025-10-10T10:03:31.8007513Z   KAOS_REF: refs/heads/H1968-modulo-personalización-del-portal-de-kaos-core
end-workflow	Checkout code	2025-10-10T10:03:31.8008413Z   KAOS_MODULE: [Ka0S] Kaos
end-workflow	Checkout code	2025-10-10T10:03:31.8008952Z   KAOS_PATH_RESUME: audit/kaos/
end-workflow	Checkout code	2025-10-10T10:03:31.8009505Z   KAOS_ACTOR: santakloud
end-workflow	Checkout code	2025-10-10T10:03:31.8010218Z   GH_TOKEN: ***
end-workflow	Checkout code	2025-10-10T10:03:31.8010668Z ##[endgroup]
end-workflow	Checkout code	2025-10-10T10:03:31.9182960Z Syncing repository: Ka0s-Klaus/ka0s
end-workflow	Checkout code	2025-10-10T10:03:31.9185406Z ##[group]Getting Git version info
end-workflow	Checkout code	2025-10-10T10:03:31.9186139Z Working directory is '/home/runner/_work/ka0s/ka0s'
end-workflow	Checkout code	2025-10-10T10:03:31.9187182Z [command]/usr/bin/git version
end-workflow	Checkout code	2025-10-10T10:03:31.9187806Z git version 2.51.0
end-workflow	Checkout code	2025-10-10T10:03:31.9210631Z ##[endgroup]
end-workflow	Checkout code	2025-10-10T10:03:31.9225045Z Copying '/home/runner/.gitconfig' to '/home/runner/_work/_temp/481b4d03-297d-45a5-81ab-21bdc29cd6d1/.gitconfig'
end-workflow	Checkout code	2025-10-10T10:03:31.9236860Z Temporarily overriding HOME='/home/runner/_work/_temp/481b4d03-297d-45a5-81ab-21bdc29cd6d1' before making global git config changes
end-workflow	Checkout code	2025-10-10T10:03:31.9238640Z Adding repository directory to the temporary git global config as a safe directory
end-workflow	Checkout code	2025-10-10T10:03:31.9243355Z [command]/usr/bin/git config --global --add safe.directory /home/runner/_work/ka0s/ka0s
end-workflow	Checkout code	2025-10-10T10:03:31.9288769Z [command]/usr/bin/git config --local --get remote.origin.url
end-workflow	Checkout code	2025-10-10T10:03:31.9312427Z https://github.com/Ka0s-Klaus/ka0s
end-workflow	Checkout code	2025-10-10T10:03:31.9334245Z ##[group]Removing previously created refs, to avoid conflicts
end-workflow	Checkout code	2025-10-10T10:03:31.9338235Z [command]/usr/bin/git rev-parse --symbolic-full-name --verify --quiet HEAD
end-workflow	Checkout code	2025-10-10T10:03:31.9362193Z refs/heads/H1968-modulo-personalización-del-portal-de-kaos-core
end-workflow	Checkout code	2025-10-10T10:03:31.9373870Z [command]/usr/bin/git checkout --detach
end-workflow	Checkout code	2025-10-10T10:03:31.9454776Z HEAD is now at 4f774ac96 Merge branch 'H1968-modulo-personalización-del-portal-de-kaos-core' of https://github.com/Ka0s-Klaus/ka0s into H1968-modulo-personalización-del-portal-de-kaos-core
end-workflow	Checkout code	2025-10-10T10:03:31.9504025Z [command]/usr/bin/git branch --delete --force H1968-modulo-personalización-del-portal-de-kaos-core
end-workflow	Checkout code	2025-10-10T10:03:31.9533267Z Deleted branch H1968-modulo-personalización-del-portal-de-kaos-core (was 4f774ac96).
end-workflow	Checkout code	2025-10-10T10:03:31.9618345Z ##[endgroup]
end-workflow	Checkout code	2025-10-10T10:03:31.9619520Z [command]/usr/bin/git submodule status
end-workflow	Checkout code	2025-10-10T10:03:31.9874834Z ##[group]Cleaning the repository
end-workflow	Checkout code	2025-10-10T10:03:31.9879810Z [command]/usr/bin/git clean -ffdx
end-workflow	Checkout code	2025-10-10T10:03:31.9947879Z [command]/usr/bin/git reset --hard HEAD
end-workflow	Checkout code	2025-10-10T10:03:32.0038910Z HEAD is now at 4f774ac96 Merge branch 'H1968-modulo-personalización-del-portal-de-kaos-core' of https://github.com/Ka0s-Klaus/ka0s into H1968-modulo-personalización-del-portal-de-kaos-core
end-workflow	Checkout code	2025-10-10T10:03:32.0042473Z ##[endgroup]
end-workflow	Checkout code	2025-10-10T10:03:32.0044258Z ##[group]Disabling automatic garbage collection
end-workflow	Checkout code	2025-10-10T10:03:32.0049752Z [command]/usr/bin/git config --local gc.auto 0
end-workflow	Checkout code	2025-10-10T10:03:32.0082351Z ##[endgroup]
end-workflow	Checkout code	2025-10-10T10:03:32.0083389Z ##[group]Setting up auth
end-workflow	Checkout code	2025-10-10T10:03:32.0088491Z [command]/usr/bin/git config --local --name-only --get-regexp core\.sshCommand
end-workflow	Checkout code	2025-10-10T10:03:32.0123145Z [command]/usr/bin/git submodule foreach --recursive sh -c "git config --local --name-only --get-regexp 'core\.sshCommand' && git config --local --unset-all 'core.sshCommand' || :"
end-workflow	Checkout code	2025-10-10T10:03:32.0378453Z [command]/usr/bin/git config --local --name-only --get-regexp http\.https\:\/\/github\.com\/\.extraheader
end-workflow	Checkout code	2025-10-10T10:03:32.0411437Z [command]/usr/bin/git submodule foreach --recursive sh -c "git config --local --name-only --get-regexp 'http\.https\:\/\/github\.com\/\.extraheader' && git config --local --unset-all 'http.https://github.com/.extraheader' || :"
end-workflow	Checkout code	2025-10-10T10:03:32.0670374Z [command]/usr/bin/git config --local http.https://github.com/.extraheader AUTHORIZATION: basic ***
end-workflow	Checkout code	2025-10-10T10:03:32.0719656Z ##[endgroup]
end-workflow	Checkout code	2025-10-10T10:03:32.0720672Z ##[group]Fetching the repository
end-workflow	Checkout code	2025-10-10T10:03:32.0728726Z [command]/usr/bin/git -c protocol.version=2 fetch --prune --no-recurse-submodules origin +refs/heads/*:refs/remotes/origin/* +refs/tags/*:refs/tags/*
end-workflow	Checkout code	2025-10-10T10:03:32.6360083Z From https://github.com/Ka0s-Klaus/ka0s
end-workflow	Checkout code	2025-10-10T10:03:32.6363544Z    4f774ac96..35716b5dd  H1968-modulo-personalización-del-portal-de-kaos-core -> origin/H1968-modulo-personalización-del-portal-de-kaos-core
end-workflow	Checkout code	2025-10-10T10:03:32.6472714Z [command]/usr/bin/git branch --list --remote origin/H1968-modulo-personalización-del-portal-de-kaos-core
end-workflow	Checkout code	2025-10-10T10:03:32.6530172Z   origin/H1968-modulo-personalización-del-portal-de-kaos-core
end-workflow	Checkout code	2025-10-10T10:03:32.6540998Z [command]/usr/bin/git rev-parse refs/remotes/origin/H1968-modulo-personalización-del-portal-de-kaos-core
end-workflow	Checkout code	2025-10-10T10:03:32.6564297Z 35716b5dd3dfb12e7b487e396479302a049340a1
end-workflow	Checkout code	2025-10-10T10:03:32.6577282Z [command]/usr/bin/git -c protocol.version=2 fetch --no-tags --prune --no-recurse-submodules origin +4f774ac96ca0814e49f66b633a5f72951d81073b:refs/remotes/origin/H1968-modulo-personalización-del-portal-de-kaos-core
end-workflow	Checkout code	2025-10-10T10:03:32.6737707Z From https://github.com/Ka0s-Klaus/ka0s
end-workflow	Checkout code	2025-10-10T10:03:32.6741403Z  + 35716b5dd...4f774ac96 4f774ac96ca0814e49f66b633a5f72951d81073b -> origin/H1968-modulo-personalización-del-portal-de-kaos-core  (forced update)
end-workflow	Checkout code	2025-10-10T10:03:32.6766039Z ##[endgroup]
end-workflow	Checkout code	2025-10-10T10:03:32.6768014Z ##[group]Determining the checkout info
end-workflow	Checkout code	2025-10-10T10:03:32.6769856Z ##[endgroup]
end-workflow	Checkout code	2025-10-10T10:03:32.6771439Z [command]/usr/bin/git sparse-checkout disable
end-workflow	Checkout code	2025-10-10T10:03:32.6823773Z [command]/usr/bin/git config --local --unset-all extensions.worktreeConfig
end-workflow	Checkout code	2025-10-10T10:03:32.6855638Z ##[group]Checking out the ref
end-workflow	Checkout code	2025-10-10T10:03:32.6862320Z [command]/usr/bin/git checkout --progress --force -B H1968-modulo-personalización-del-portal-de-kaos-core refs/remotes/origin/H1968-modulo-personalización-del-portal-de-kaos-core
end-workflow	Checkout code	2025-10-10T10:03:32.6942920Z Switched to a new branch 'H1968-modulo-personalización-del-portal-de-kaos-core'
end-workflow	Checkout code	2025-10-10T10:03:32.6947180Z branch 'H1968-modulo-personalización-del-portal-de-kaos-core' set up to track 'origin/H1968-modulo-personalización-del-portal-de-kaos-core'.
end-workflow	Checkout code	2025-10-10T10:03:32.6953008Z ##[endgroup]
end-workflow	Checkout code	2025-10-10T10:03:32.6990044Z [command]/usr/bin/git log -1 --format=%H
end-workflow	Checkout code	2025-10-10T10:03:32.7017042Z 4f774ac96ca0814e49f66b633a5f72951d81073b
end-workflow	Finaliza el workflow	﻿2025-10-10T10:03:32.7273881Z ##[group]Run echo "End process"
end-workflow	Finaliza el workflow	2025-10-10T10:03:32.7275575Z [36;1mecho "End process"[0m
end-workflow	Finaliza el workflow	2025-10-10T10:03:32.7277822Z [36;1mRNNUMBER=$(echo "refs/heads/H1968-modulo-personalización-del-portal-de-kaos-core" | grep -o '[0-9]*')[0m
end-workflow	Finaliza el workflow	2025-10-10T10:03:32.7280598Z [36;1mgh issue comment $RNNUMBER --body "Se finaliza Ka0s 18403228931"[0m
end-workflow	Finaliza el workflow	2025-10-10T10:03:32.7283613Z [36;1mgh workflow run inspector.yml --ref 'main' -f kaos-issue-id=$RNNUMBER -f kaos-workflow-id="18403228931" -f kaos-user-start=""[0m
end-workflow	Finaliza el workflow	2025-10-10T10:03:32.7298531Z shell: /usr/bin/bash -e {0}
end-workflow	Finaliza el workflow	2025-10-10T10:03:32.7299663Z env:
end-workflow	Finaliza el workflow	2025-10-10T10:03:32.7300540Z   KAOS_CODE: 18403228931
end-workflow	Finaliza el workflow	2025-10-10T10:03:32.7301596Z   KAOS_EVENT_NAME: push
end-workflow	Finaliza el workflow	2025-10-10T10:03:32.7302611Z   KAOS_ACTION: 
end-workflow	Finaliza el workflow	2025-10-10T10:03:32.7304267Z   KAOS_REF: refs/heads/H1968-modulo-personalización-del-portal-de-kaos-core
end-workflow	Finaliza el workflow	2025-10-10T10:03:32.7306055Z   KAOS_MODULE: [Ka0S] Kaos
end-workflow	Finaliza el workflow	2025-10-10T10:03:32.7307160Z   KAOS_PATH_RESUME: audit/kaos/
end-workflow	Finaliza el workflow	2025-10-10T10:03:32.7308316Z   KAOS_ACTOR: santakloud
end-workflow	Finaliza el workflow	2025-10-10T10:03:32.7310018Z   GH_TOKEN: ***
end-workflow	Finaliza el workflow	2025-10-10T10:03:32.7310941Z ##[endgroup]
end-workflow	Finaliza el workflow	2025-10-10T10:03:32.7375739Z End process
end-workflow	Finaliza el workflow	2025-10-10T10:03:33.5919590Z https://github.com/Ka0s-Klaus/ka0s/issues/1968#issuecomment-3389168572
end-workflow	Post Checkout code	﻿2025-10-10T10:03:34.2902006Z Post job cleanup.
end-workflow	Post Checkout code	2025-10-10T10:03:34.3939131Z [command]/usr/bin/git version
end-workflow	Post Checkout code	2025-10-10T10:03:34.3978363Z git version 2.51.0
end-workflow	Post Checkout code	2025-10-10T10:03:34.4018181Z Copying '/home/runner/.gitconfig' to '/home/runner/_work/_temp/c0d97b77-7af6-42d9-ab98-15277b3a64fb/.gitconfig'
end-workflow	Post Checkout code	2025-10-10T10:03:34.4030707Z Temporarily overriding HOME='/home/runner/_work/_temp/c0d97b77-7af6-42d9-ab98-15277b3a64fb' before making global git config changes
end-workflow	Post Checkout code	2025-10-10T10:03:34.4031745Z Adding repository directory to the temporary git global config as a safe directory
end-workflow	Post Checkout code	2025-10-10T10:03:34.4035709Z [command]/usr/bin/git config --global --add safe.directory /home/runner/_work/ka0s/ka0s
end-workflow	Post Checkout code	2025-10-10T10:03:34.4077627Z [command]/usr/bin/git config --local --name-only --get-regexp core\.sshCommand
end-workflow	Post Checkout code	2025-10-10T10:03:34.4121770Z [command]/usr/bin/git submodule foreach --recursive sh -c "git config --local --name-only --get-regexp 'core\.sshCommand' && git config --local --unset-all 'core.sshCommand' || :"
end-workflow	Post Checkout code	2025-10-10T10:03:34.4384983Z [command]/usr/bin/git config --local --name-only --get-regexp http\.https\:\/\/github\.com\/\.extraheader
end-workflow	Post Checkout code	2025-10-10T10:03:34.4411116Z http.https://github.com/.extraheader
end-workflow	Post Checkout code	2025-10-10T10:03:34.4423434Z [command]/usr/bin/git config --local --unset-all http.https://github.com/.extraheader
end-workflow	Post Checkout code	2025-10-10T10:03:34.4462690Z [command]/usr/bin/git submodule foreach --recursive sh -c "git config --local --name-only --get-regexp 'http\.https\:\/\/github\.com\/\.extraheader' && git config --local --unset-all 'http.https://github.com/.extraheader' || :"
end-workflow	Complete job	﻿2025-10-10T10:03:34.4828841Z Cleaning up orphan processes
