job-core	Set up job	﻿2025-10-10T10:04:29.9991018Z Current runner version: '2.328.0'
job-core	Set up job	2025-10-10T10:04:29.9998499Z Runner name: '3ed0481857d5'
job-core	Set up job	2025-10-10T10:04:29.9999398Z Runner group name: 'swarm-runners'
job-core	Set up job	2025-10-10T10:04:30.0000389Z Machine name: '3ed0481857d5'
job-core	Set up job	2025-10-10T10:04:30.0003515Z ##[group]GITHUB_TOKEN Permissions
job-core	Set up job	2025-10-10T10:04:30.0006781Z Actions: write
job-core	Set up job	2025-10-10T10:04:30.0007416Z Contents: write
job-core	Set up job	2025-10-10T10:04:30.0007844Z Issues: write
job-core	Set up job	2025-10-10T10:04:30.0008276Z Metadata: read
job-core	Set up job	2025-10-10T10:04:30.0008709Z ##[endgroup]
job-core	Set up job	2025-10-10T10:04:30.0011122Z Secret source: Actions
job-core	Set up job	2025-10-10T10:04:30.0011771Z Prepare workflow directory
job-core	Set up job	2025-10-10T10:04:30.0574727Z Prepare all required actions
job-core	Set up job	2025-10-10T10:04:30.0614996Z Getting action download info
job-core	Set up job	2025-10-10T10:04:30.6509384Z Download action repository 'actions/checkout@v4' (SHA:08eba0b27e820071cde6df949e0beb9ba4906955)
job-core	Set up job	2025-10-10T10:04:31.5573107Z Complete job name: job-core
job-core	Checkout code	﻿2025-10-10T10:04:31.6204096Z ##[group]Run actions/checkout@v4
job-core	Checkout code	2025-10-10T10:04:31.6205089Z with:
job-core	Checkout code	2025-10-10T10:04:31.6205599Z   fetch-depth: 0
job-core	Checkout code	2025-10-10T10:04:31.6206328Z   token: ***
job-core	Checkout code	2025-10-10T10:04:31.6206789Z   repository: Ka0s-Klaus/ka0s
job-core	Checkout code	2025-10-10T10:04:31.6207333Z   ssh-strict: true
job-core	Checkout code	2025-10-10T10:04:31.6207776Z   ssh-user: git
job-core	Checkout code	2025-10-10T10:04:31.6208239Z   persist-credentials: true
job-core	Checkout code	2025-10-10T10:04:31.6208749Z   clean: true
job-core	Checkout code	2025-10-10T10:04:31.6209197Z   sparse-checkout-cone-mode: true
job-core	Checkout code	2025-10-10T10:04:31.6209757Z   fetch-tags: false
job-core	Checkout code	2025-10-10T10:04:31.6210222Z   show-progress: true
job-core	Checkout code	2025-10-10T10:04:31.6210687Z   lfs: false
job-core	Checkout code	2025-10-10T10:04:31.6211106Z   submodules: false
job-core	Checkout code	2025-10-10T10:04:31.6211594Z   set-safe-directory: true
job-core	Checkout code	2025-10-10T10:04:31.6212336Z env:
job-core	Checkout code	2025-10-10T10:04:31.6212806Z   KAOS_MODULE: [Ka0S] VERSION
job-core	Checkout code	2025-10-10T10:04:31.6213901Z   GH_TOKEN: ***
job-core	Checkout code	2025-10-10T10:04:31.6214498Z   PATH_RESUME: core/config/
job-core	Checkout code	2025-10-10T10:04:31.6215062Z   KAOS_REPO: /actions-runner/_work/kaos/kaos
job-core	Checkout code	2025-10-10T10:04:31.6215667Z   KAOS_STEP_MODULE: 
job-core	Checkout code	2025-10-10T10:04:31.6216189Z   KAOS_CODE: 18403263150
job-core	Checkout code	2025-10-10T10:04:31.6216682Z   GH_VERSION: 
job-core	Checkout code	2025-10-10T10:04:31.6217131Z ##[endgroup]
job-core	Checkout code	2025-10-10T10:04:31.7379719Z Syncing repository: Ka0s-Klaus/ka0s
job-core	Checkout code	2025-10-10T10:04:31.7381875Z ##[group]Getting Git version info
job-core	Checkout code	2025-10-10T10:04:31.7382610Z Working directory is '/home/runner/_work/ka0s/ka0s'
job-core	Checkout code	2025-10-10T10:04:31.7384125Z [command]/usr/bin/git version
job-core	Checkout code	2025-10-10T10:04:31.7384816Z git version 2.51.0
job-core	Checkout code	2025-10-10T10:04:31.7394711Z ##[endgroup]
job-core	Checkout code	2025-10-10T10:04:31.7418496Z Copying '/home/runner/.gitconfig' to '/home/runner/_work/_temp/9fcb7690-73c3-4fcb-b8d8-574995e68765/.gitconfig'
job-core	Checkout code	2025-10-10T10:04:31.7431362Z Temporarily overriding HOME='/home/runner/_work/_temp/9fcb7690-73c3-4fcb-b8d8-574995e68765' before making global git config changes
job-core	Checkout code	2025-10-10T10:04:31.7433083Z Adding repository directory to the temporary git global config as a safe directory
job-core	Checkout code	2025-10-10T10:04:31.7436891Z [command]/usr/bin/git config --global --add safe.directory /home/runner/_work/ka0s/ka0s
job-core	Checkout code	2025-10-10T10:04:31.7479880Z [command]/usr/bin/git config --local --get remote.origin.url
job-core	Checkout code	2025-10-10T10:04:31.7503699Z https://github.com/Ka0s-Klaus/ka0s
job-core	Checkout code	2025-10-10T10:04:31.7524571Z ##[group]Removing previously created refs, to avoid conflicts
job-core	Checkout code	2025-10-10T10:04:31.7530332Z [command]/usr/bin/git rev-parse --symbolic-full-name --verify --quiet HEAD
job-core	Checkout code	2025-10-10T10:04:31.7553640Z refs/heads/main
job-core	Checkout code	2025-10-10T10:04:31.7563643Z [command]/usr/bin/git checkout --detach
job-core	Checkout code	2025-10-10T10:04:31.7642385Z HEAD is now at 6db287535 [Ka0S] Inspector uploading resume execution files to the repository...
job-core	Checkout code	2025-10-10T10:04:31.7691391Z [command]/usr/bin/git branch --delete --force main
job-core	Checkout code	2025-10-10T10:04:31.7722226Z Deleted branch main (was 6db287535).
job-core	Checkout code	2025-10-10T10:04:31.7728029Z ##[endgroup]
job-core	Checkout code	2025-10-10T10:04:31.7732490Z [command]/usr/bin/git submodule status
job-core	Checkout code	2025-10-10T10:04:31.7981314Z ##[group]Cleaning the repository
job-core	Checkout code	2025-10-10T10:04:31.7982373Z [command]/usr/bin/git clean -ffdx
job-core	Checkout code	2025-10-10T10:04:31.8049558Z [command]/usr/bin/git reset --hard HEAD
job-core	Checkout code	2025-10-10T10:04:31.8135778Z HEAD is now at 6db287535 [Ka0S] Inspector uploading resume execution files to the repository...
job-core	Checkout code	2025-10-10T10:04:31.8141900Z ##[endgroup]
job-core	Checkout code	2025-10-10T10:04:31.8142865Z ##[group]Disabling automatic garbage collection
job-core	Checkout code	2025-10-10T10:04:31.8148074Z [command]/usr/bin/git config --local gc.auto 0
job-core	Checkout code	2025-10-10T10:04:31.8189935Z ##[endgroup]
job-core	Checkout code	2025-10-10T10:04:31.8190893Z ##[group]Setting up auth
job-core	Checkout code	2025-10-10T10:04:31.8195941Z [command]/usr/bin/git config --local --name-only --get-regexp core\.sshCommand
job-core	Checkout code	2025-10-10T10:04:31.8230315Z [command]/usr/bin/git submodule foreach --recursive sh -c "git config --local --name-only --get-regexp 'core\.sshCommand' && git config --local --unset-all 'core.sshCommand' || :"
job-core	Checkout code	2025-10-10T10:04:31.8484778Z [command]/usr/bin/git config --local --name-only --get-regexp http\.https\:\/\/github\.com\/\.extraheader
job-core	Checkout code	2025-10-10T10:04:31.8515961Z [command]/usr/bin/git submodule foreach --recursive sh -c "git config --local --name-only --get-regexp 'http\.https\:\/\/github\.com\/\.extraheader' && git config --local --unset-all 'http.https://github.com/.extraheader' || :"
job-core	Checkout code	2025-10-10T10:04:31.8772682Z [command]/usr/bin/git config --local http.https://github.com/.extraheader AUTHORIZATION: basic ***
job-core	Checkout code	2025-10-10T10:04:31.8817029Z ##[endgroup]
job-core	Checkout code	2025-10-10T10:04:31.8818014Z ##[group]Fetching the repository
job-core	Checkout code	2025-10-10T10:04:31.8825260Z [command]/usr/bin/git -c protocol.version=2 fetch --prune --no-recurse-submodules origin +refs/heads/*:refs/remotes/origin/* +refs/tags/*:refs/tags/* +b14220def546acb3364f9d3b66760537d838b0e1:refs/remotes/pull/2008/merge
job-core	Checkout code	2025-10-10T10:04:32.6769341Z From https://github.com/Ka0s-Klaus/ka0s
job-core	Checkout code	2025-10-10T10:04:32.6771044Z  * [new ref]             b14220def546acb3364f9d3b66760537d838b0e1 -> pull/2008/merge
job-core	Checkout code	2025-10-10T10:04:32.6810563Z ##[endgroup]
job-core	Checkout code	2025-10-10T10:04:32.6812108Z ##[group]Determining the checkout info
job-core	Checkout code	2025-10-10T10:04:32.6813967Z ##[endgroup]
job-core	Checkout code	2025-10-10T10:04:32.6816886Z [command]/usr/bin/git sparse-checkout disable
job-core	Checkout code	2025-10-10T10:04:32.6928734Z [command]/usr/bin/git config --local --unset-all extensions.worktreeConfig
job-core	Checkout code	2025-10-10T10:04:32.7039361Z ##[group]Checking out the ref
job-core	Checkout code	2025-10-10T10:04:32.7050496Z [command]/usr/bin/git checkout --progress --force refs/remotes/pull/2008/merge
job-core	Checkout code	2025-10-10T10:04:32.7432815Z Previous HEAD position was 6db287535 [Ka0S] Inspector uploading resume execution files to the repository...
job-core	Checkout code	2025-10-10T10:04:32.7437245Z HEAD is now at b14220def Merge 35716b5dd3dfb12e7b487e396479302a049340a1 into 6db2875357dece3b24a5f3d5d5946a422c5e9e3c
job-core	Checkout code	2025-10-10T10:04:32.7489343Z ##[endgroup]
job-core	Checkout code	2025-10-10T10:04:32.7492032Z [command]/usr/bin/git log -1 --format=%H
job-core	Checkout code	2025-10-10T10:04:32.7521225Z b14220def546acb3364f9d3b66760537d838b0e1
job-core	Get commit details	﻿2025-10-10T10:04:32.7790261Z ##[group]Run RNNUMBER=$(echo "H1968 modulo personalización del portal de kaos core" | grep -o '[0-9]*')
job-core	Get commit details	2025-10-10T10:04:32.7793736Z [36;1mRNNUMBER=$(echo "H1968 modulo personalización del portal de kaos core" | grep -o '[0-9]*')[0m
job-core	Get commit details	2025-10-10T10:04:32.7796423Z [36;1mgh issue comment $RNNUMBER --body "Se inicia Version 18403263150"[0m
job-core	Get commit details	2025-10-10T10:04:32.7799424Z [36;1mecho "GH_VERSION=$(gh api repos/:owner/:repo/git/matching-refs/tags --jq '.[-1].ref' | sed 's|refs/tags/||')" >> $GITHUB_ENV[0m
job-core	Get commit details	2025-10-10T10:04:32.7802416Z [36;1mecho "AUTHOR_NAME=$(git log -1 --pretty=format:'%an')" >> $GITHUB_OUTPUT[0m
job-core	Get commit details	2025-10-10T10:04:32.7804922Z [36;1mecho "AUTHOR_EMAIL=$(git log -1 --pretty=format:'%ae')" >> $GITHUB_OUTPUT[0m
job-core	Get commit details	2025-10-10T10:04:32.7807663Z [36;1mecho "COMMIT_MESSAGE=H1968 modulo personalización del portal de kaos core" >> $GITHUB_OUTPUT[0m
job-core	Get commit details	2025-10-10T10:04:32.7810777Z [36;1mRNBRANCH=$(echo "H1968 modulo personalización del portal de kaos core" | grep -o '^[A-Za-z]*')[0m
job-core	Get commit details	2025-10-10T10:04:32.7813911Z [36;1mRNNUMBER=$(echo "H1968 modulo personalización del portal de kaos core" | grep -o '[0-9]*')[0m
job-core	Get commit details	2025-10-10T10:04:32.7816188Z [36;1mecho "Extracted RN Branch: $RNBRANCH"[0m
job-core	Get commit details	2025-10-10T10:04:32.7817697Z [36;1mecho "Extracted RN Number: $RNNUMBER"[0m
job-core	Get commit details	2025-10-10T10:04:32.7819256Z [36;1mecho "RNBRANCH=$RNBRANCH" >> $GITHUB_OUTPUT[0m
job-core	Get commit details	2025-10-10T10:04:32.7821201Z [36;1mecho "RNNUMBER=$RNNUMBER" >> $GITHUB_OUTPUT [0m
job-core	Get commit details	2025-10-10T10:04:32.7835860Z shell: /usr/bin/bash -e {0}
job-core	Get commit details	2025-10-10T10:04:32.7837059Z env:
job-core	Get commit details	2025-10-10T10:04:32.7837992Z   KAOS_MODULE: [Ka0S] VERSION
job-core	Get commit details	2025-10-10T10:04:32.7839673Z   GH_TOKEN: ***
job-core	Get commit details	2025-10-10T10:04:32.7840687Z   PATH_RESUME: core/config/
job-core	Get commit details	2025-10-10T10:04:32.7841922Z   KAOS_REPO: /actions-runner/_work/kaos/kaos
job-core	Get commit details	2025-10-10T10:04:32.7843263Z   KAOS_STEP_MODULE: 
job-core	Get commit details	2025-10-10T10:04:32.7844417Z   KAOS_CODE: 18403263150
job-core	Get commit details	2025-10-10T10:04:32.7845482Z   GH_VERSION: 
job-core	Get commit details	2025-10-10T10:04:32.7846411Z ##[endgroup]
job-core	Get commit details	2025-10-10T10:04:33.9141921Z https://github.com/Ka0s-Klaus/ka0s/issues/1968#issuecomment-3389171564
job-core	Get commit details	2025-10-10T10:04:34.4415957Z Extracted RN Branch: H
job-core	Get commit details	2025-10-10T10:04:34.4417005Z Extracted RN Number: 1968
job-core	Get version	﻿2025-10-10T10:04:34.4574092Z ##[group]Run if [ ! -f 0.4.9 ]; then echo "0.4.9" > version.txt; fi
job-core	Get version	2025-10-10T10:04:34.4575628Z [36;1mif [ ! -f 0.4.9 ]; then echo "0.4.9" > version.txt; fi[0m
job-core	Get version	2025-10-10T10:04:34.4576710Z [36;1mVERSION=0.4.9[0m
job-core	Get version	2025-10-10T10:04:34.4577638Z [36;1mIFS='.' read -r MAJOR MINOR PATCH <<< "$VERSION"[0m
job-core	Get version	2025-10-10T10:04:34.4578685Z [36;1mif [[ "H" =~ (H) ]]; then[0m
job-core	Get version	2025-10-10T10:04:34.4579554Z [36;1m  PATCH=$((PATCH + 1))[0m
job-core	Get version	2025-10-10T10:04:34.4580410Z [36;1melif [[ "H" =~ (F) ]]; then[0m
job-core	Get version	2025-10-10T10:04:34.4581285Z [36;1m  MINOR=$((MINOR + 1))[0m
job-core	Get version	2025-10-10T10:04:34.4582106Z [36;1m  PATCH=0[0m
job-core	Get version	2025-10-10T10:04:34.4582848Z [36;1melif [[ "H" =~ (RN) ]]; then[0m
job-core	Get version	2025-10-10T10:04:34.4583965Z [36;1m  MAJOR=$((MAJOR + 1))[0m
job-core	Get version	2025-10-10T10:04:34.4584768Z [36;1m  MINOR=0[0m
job-core	Get version	2025-10-10T10:04:34.4585542Z [36;1m  PATCH=0[0m
job-core	Get version	2025-10-10T10:04:34.4586238Z [36;1mfi[0m
job-core	Get version	2025-10-10T10:04:34.4586876Z [36;1m[0m
job-core	Get version	2025-10-10T10:04:34.4587595Z [36;1mNEW_VERSION="$MAJOR.$MINOR.$PATCH"[0m
job-core	Get version	2025-10-10T10:04:34.4588751Z [36;1mecho "VERSION=$NEW_VERSION" >> $GITHUB_OUTPUT[0m
job-core	Get version	2025-10-10T10:04:34.4589893Z [36;1mecho "GH_VERSION=$NEW_VERSION" >> $GITHUB_ENV[0m
job-core	Get version	2025-10-10T10:04:34.4611576Z shell: /usr/bin/bash -e {0}
job-core	Get version	2025-10-10T10:04:34.4612470Z env:
job-core	Get version	2025-10-10T10:04:34.4613175Z   KAOS_MODULE: [Ka0S] VERSION
job-core	Get version	2025-10-10T10:04:34.4614801Z   GH_TOKEN: ***
job-core	Get version	2025-10-10T10:04:34.4615562Z   PATH_RESUME: core/config/
job-core	Get version	2025-10-10T10:04:34.4616470Z   KAOS_REPO: /actions-runner/_work/kaos/kaos
job-core	Get version	2025-10-10T10:04:34.4617412Z   KAOS_STEP_MODULE: 
job-core	Get version	2025-10-10T10:04:34.4618144Z   KAOS_CODE: 18403263150
job-core	Get version	2025-10-10T10:04:34.4618961Z   GH_VERSION: 0.4.9
job-core	Get version	2025-10-10T10:04:34.4619716Z ##[endgroup]
job-core	Get changed files	﻿2025-10-10T10:04:34.4763119Z ##[group]Run CHANGED_FILES=$(git diff --name-only HEAD~1 | tr '\n' ' ')
job-core	Get changed files	2025-10-10T10:04:34.4764143Z [36;1mCHANGED_FILES=$(git diff --name-only HEAD~1 | tr '\n' ' ')[0m
job-core	Get changed files	2025-10-10T10:04:34.4764871Z [36;1mecho "CHANGED_FILES=$CHANGED_FILES" >> $GITHUB_OUTPUT[0m
job-core	Get changed files	2025-10-10T10:04:34.4776201Z shell: /usr/bin/bash -e {0}
job-core	Get changed files	2025-10-10T10:04:34.4776647Z env:
job-core	Get changed files	2025-10-10T10:04:34.4776999Z   KAOS_MODULE: [Ka0S] VERSION
job-core	Get changed files	2025-10-10T10:04:34.4777725Z   GH_TOKEN: ***
job-core	Get changed files	2025-10-10T10:04:34.4778112Z   PATH_RESUME: core/config/
job-core	Get changed files	2025-10-10T10:04:34.4778592Z   KAOS_REPO: /actions-runner/_work/kaos/kaos
job-core	Get changed files	2025-10-10T10:04:34.4779087Z   KAOS_STEP_MODULE: 
job-core	Get changed files	2025-10-10T10:04:34.4779479Z   KAOS_CODE: 18403263150
job-core	Get changed files	2025-10-10T10:04:34.4779873Z   GH_VERSION: 0.4.10
job-core	Get changed files	2025-10-10T10:04:34.4780251Z ##[endgroup]
job-core	Update changelog	﻿2025-10-10T10:04:34.4981837Z ##[group]Run echo "## Version 0.4.10" >> CHANGELOG.md
job-core	Update changelog	2025-10-10T10:04:34.4982483Z [36;1mecho "## Version 0.4.10" >> CHANGELOG.md[0m
job-core	Update changelog	2025-10-10T10:04:34.4983033Z [36;1mecho "- **Branch**: refs/pull/2008/merge" >> CHANGELOG.md[0m
job-core	Update changelog	2025-10-10T10:04:34.4983927Z [36;1mecho "- **Commit**: $(git log -1 --pretty=format:'%s' 35716b5dd3dfb12e7b487e396479302a049340a1)" >> CHANGELOG.md[0m
job-core	Update changelog	2025-10-10T10:04:34.4984695Z [36;1mecho "- **Author**: Ka0s" >> CHANGELOG.md[0m
job-core	Update changelog	2025-10-10T10:04:34.4985200Z [36;1mecho "- **Date**: $(date -u)" >> CHANGELOG.md[0m
job-core	Update changelog	2025-10-10T10:04:34.4985929Z [36;1mecho "- **Message**: H1968 modulo personalización del portal de kaos core" >> CHANGELOG.md[0m
job-core	Update changelog	2025-10-10T10:04:34.4986655Z [36;1mecho "- **Files Changed**:" >> CHANGELOG.md[0m
job-core	Update changelog	2025-10-10T10:04:34.4988818Z [36;1mfor file in .github/workflows/kaos.yml .github/workflows/scan-image.yml audit/issues/README.MD audit/kaos/18402990633-files-in-commit.txt audit/kaos/18402990633.json audit/kaos/18403228931-files-in-commit.txt audit/kaos/18403228931.json audit/scan/18402639821-20251010-113652.md version.txt ; do echo "  - $file" >> CHANGELOG.md; done[0m
job-core	Update changelog	2025-10-10T10:04:34.4990808Z [36;1mecho "---------------------------------" >> CHANGELOG.md[0m
job-core	Update changelog	2025-10-10T10:04:34.5000610Z shell: /usr/bin/bash -e {0}
job-core	Update changelog	2025-10-10T10:04:34.5001007Z env:
job-core	Update changelog	2025-10-10T10:04:34.5001308Z   KAOS_MODULE: [Ka0S] VERSION
job-core	Update changelog	2025-10-10T10:04:34.5001957Z   GH_TOKEN: ***
job-core	Update changelog	2025-10-10T10:04:34.5002294Z   PATH_RESUME: core/config/
job-core	Update changelog	2025-10-10T10:04:34.5002694Z   KAOS_REPO: /actions-runner/_work/kaos/kaos
job-core	Update changelog	2025-10-10T10:04:34.5003128Z   KAOS_STEP_MODULE: 
job-core	Update changelog	2025-10-10T10:04:34.5003556Z   KAOS_CODE: 18403263150
job-core	Update changelog	2025-10-10T10:04:34.5003899Z   GH_VERSION: 0.4.10
job-core	Update changelog	2025-10-10T10:04:34.5004240Z   VERSION: 0.4.10
job-core	Update changelog	2025-10-10T10:04:34.5005796Z   CHANGE_FILES: .github/workflows/kaos.yml .github/workflows/scan-image.yml audit/issues/README.MD audit/kaos/18402990633-files-in-commit.txt audit/kaos/18402990633.json audit/kaos/18403228931-files-in-commit.txt audit/kaos/18403228931.json audit/scan/18402639821-20251010-113652.md version.txt 
job-core	Update changelog	2025-10-10T10:04:34.5007439Z   NAME: Ka0s
job-core	Update changelog	2025-10-10T10:04:34.5007790Z   EMAIL: ***
job-core	Update changelog	2025-10-10T10:04:34.5008219Z   MESSAGE: H1968 modulo personalización del portal de kaos core
job-core	Update changelog	2025-10-10T10:04:34.5008734Z ##[endgroup]
job-core	Push log, tag and index	﻿2025-10-10T10:04:34.5131473Z ##[group]Run git config --global user.name '***'
job-core	Push log, tag and index	2025-10-10T10:04:34.5132301Z [36;1mgit config --global user.name '***'[0m
job-core	Push log, tag and index	2025-10-10T10:04:34.5132748Z [36;1mgit config --global user.email '***'[0m
job-core	Push log, tag and index	2025-10-10T10:04:34.5133191Z [36;1mgit tag -a "0.4.10" -m "[Ka0S] VERSION NEW Ka0S version 0.4.10"[0m
job-core	Push log, tag and index	2025-10-10T10:04:34.5133758Z [36;1mgit push origin "0.4.10"[0m
job-core	Push log, tag and index	2025-10-10T10:04:34.5134223Z [36;1mif [ ! -f INDEX_VERSION.md ]; then echo "# Version Index" > INDEX_VERSION.md; fi[0m
job-core	Push log, tag and index	2025-10-10T10:04:34.5135508Z [36;1mecho "- **Version**: 0.4.10 - **Description**: H1968 modulo personalización del portal de kaos core" >> INDEX_VERSION.md[0m
job-core	Push log, tag and index	2025-10-10T10:04:34.5136254Z [36;1mgit add INDEX_VERSION.md CHANGELOG.md[0m
job-core	Push log, tag and index	2025-10-10T10:04:34.5136775Z [36;1mgit commit -m "[Ka0S] VERSION  Upload: CHANGELOG.md, INDEX_VERSION.md with version 0.4.10"[0m
job-core	Push log, tag and index	2025-10-10T10:04:34.5137426Z [36;1mgit push origin HEAD:H1968-modulo-personalización-del-portal-de-kaos-core[0m
job-core	Push log, tag and index	2025-10-10T10:04:34.5146840Z shell: /usr/bin/bash -e {0}
job-core	Push log, tag and index	2025-10-10T10:04:34.5147335Z env:
job-core	Push log, tag and index	2025-10-10T10:04:34.5147723Z   KAOS_MODULE: [Ka0S] VERSION
job-core	Push log, tag and index	2025-10-10T10:04:34.5148231Z   GH_TOKEN: ***
job-core	Push log, tag and index	2025-10-10T10:04:34.5148595Z   PATH_RESUME: core/config/
job-core	Push log, tag and index	2025-10-10T10:04:34.5148923Z   KAOS_REPO: /actions-runner/_work/kaos/kaos
job-core	Push log, tag and index	2025-10-10T10:04:34.5149388Z   KAOS_STEP_MODULE: 
job-core	Push log, tag and index	2025-10-10T10:04:34.5149652Z   KAOS_CODE: 18403263150
job-core	Push log, tag and index	2025-10-10T10:04:34.5150033Z   GH_VERSION: 0.4.10
job-core	Push log, tag and index	2025-10-10T10:04:34.5150321Z   USER_NAME: ***
job-core	Push log, tag and index	2025-10-10T10:04:34.5150587Z   USER_EMAIL: ***
job-core	Push log, tag and index	2025-10-10T10:04:34.5150828Z ##[endgroup]
job-core	Push log, tag and index	2025-10-10T10:04:34.5241736Z fatal: tag '0.4.10' already exists
job-core	Push log, tag and index	2025-10-10T10:04:34.5255054Z ##[error]Process completed with exit code 128.
job-core	Delete tag on failure	﻿2025-10-10T10:04:34.5323505Z ##[group]Run # Antes de nada borramos el tag asignado en el paso anterior
job-core	Delete tag on failure	2025-10-10T10:04:34.5324276Z [36;1m# Antes de nada borramos el tag asignado en el paso anterior[0m
job-core	Delete tag on failure	2025-10-10T10:04:34.5324740Z [36;1mgit push origin --delete "0.4.10"[0m
job-core	Delete tag on failure	2025-10-10T10:04:34.5325346Z [36;1mKAOS_ISSUE_BODY="Sentimos comunicarle que no se cumplen los requerimientos, por favor revise los checks"[0m
job-core	Delete tag on failure	2025-10-10T10:04:34.5326265Z [36;1m# gh workflow run issue.yaml --ref main -f kaos-issue-id="2008" -f kaos-issue-body="$KAOS_ISSUE_BODY" -f kaos-issue-actions=comment[0m
job-core	Delete tag on failure	2025-10-10T10:04:34.5334742Z shell: /usr/bin/bash -e {0}
job-core	Delete tag on failure	2025-10-10T10:04:34.5335069Z env:
job-core	Delete tag on failure	2025-10-10T10:04:34.5335324Z   KAOS_MODULE: [Ka0S] VERSION
job-core	Delete tag on failure	2025-10-10T10:04:34.5336061Z   GH_TOKEN: ***
job-core	Delete tag on failure	2025-10-10T10:04:34.5336335Z   PATH_RESUME: core/config/
job-core	Delete tag on failure	2025-10-10T10:04:34.5336658Z   KAOS_REPO: /actions-runner/_work/kaos/kaos
job-core	Delete tag on failure	2025-10-10T10:04:34.5337008Z   KAOS_STEP_MODULE: 
job-core	Delete tag on failure	2025-10-10T10:04:34.5337276Z   KAOS_CODE: 18403263150
job-core	Delete tag on failure	2025-10-10T10:04:34.5337599Z   GH_VERSION: 0.4.10
job-core	Delete tag on failure	2025-10-10T10:04:34.5337861Z ##[endgroup]
job-core	Delete tag on failure	2025-10-10T10:04:35.3776386Z To https://github.com/Ka0s-Klaus/ka0s
job-core	Delete tag on failure	2025-10-10T10:04:35.3776972Z  - [deleted]             0.4.10
job-core	Post Checkout code	﻿2025-10-10T10:04:35.3957430Z Post job cleanup.
job-core	Post Checkout code	2025-10-10T10:04:35.4989030Z [command]/usr/bin/git version
job-core	Post Checkout code	2025-10-10T10:04:35.5029104Z git version 2.51.0
job-core	Post Checkout code	2025-10-10T10:04:35.5070206Z Copying '/home/runner/.gitconfig' to '/home/runner/_work/_temp/d46decda-2fc8-4f26-ad80-56334bc4feb3/.gitconfig'
job-core	Post Checkout code	2025-10-10T10:04:35.5082609Z Temporarily overriding HOME='/home/runner/_work/_temp/d46decda-2fc8-4f26-ad80-56334bc4feb3' before making global git config changes
job-core	Post Checkout code	2025-10-10T10:04:35.5083763Z Adding repository directory to the temporary git global config as a safe directory
job-core	Post Checkout code	2025-10-10T10:04:35.5088452Z [command]/usr/bin/git config --global --add safe.directory /home/runner/_work/ka0s/ka0s
job-core	Post Checkout code	2025-10-10T10:04:35.5135107Z [command]/usr/bin/git config --local --name-only --get-regexp core\.sshCommand
job-core	Post Checkout code	2025-10-10T10:04:35.5173741Z [command]/usr/bin/git submodule foreach --recursive sh -c "git config --local --name-only --get-regexp 'core\.sshCommand' && git config --local --unset-all 'core.sshCommand' || :"
job-core	Post Checkout code	2025-10-10T10:04:35.5430905Z [command]/usr/bin/git config --local --name-only --get-regexp http\.https\:\/\/github\.com\/\.extraheader
job-core	Post Checkout code	2025-10-10T10:04:35.5455215Z http.https://github.com/.extraheader
job-core	Post Checkout code	2025-10-10T10:04:35.5467619Z [command]/usr/bin/git config --local --unset-all http.https://github.com/.extraheader
job-core	Post Checkout code	2025-10-10T10:04:35.5502971Z [command]/usr/bin/git submodule foreach --recursive sh -c "git config --local --name-only --get-regexp 'http\.https\:\/\/github\.com\/\.extraheader' && git config --local --unset-all 'http.https://github.com/.extraheader' || :"
job-core	Complete job	﻿2025-10-10T10:04:35.5880858Z Evaluate and set job outputs
job-core	Complete job	2025-10-10T10:04:35.5887992Z Set output 'KAOS_BRANCH'
job-core	Complete job	2025-10-10T10:04:35.5889827Z Set output 'KAOS_NUMBER'
job-core	Complete job	2025-10-10T10:04:35.5890471Z Set output 'KAOS_VERSION'
job-core	Complete job	2025-10-10T10:04:35.5891742Z Set output 'KAOS_FILES'
job-core	Complete job	2025-10-10T10:04:35.5892051Z Set output 'AUTHOR_NAME'
job-core	Complete job	2025-10-10T10:04:35.5893820Z ##[warning]Skip output 'AUTHOR_EMAIL' since it may contain secret.
job-core	Complete job	2025-10-10T10:04:35.5894917Z Set output 'COMMIT_MESSAGE'
job-core	Complete job	2025-10-10T10:04:35.5895606Z Cleaning up orphan processes
handle_failure	Set up job	﻿2025-10-10T10:04:43.7006308Z Current runner version: '2.328.0'
handle_failure	Set up job	2025-10-10T10:04:43.7016943Z Runner name: 'd8d11e601cbf'
handle_failure	Set up job	2025-10-10T10:04:43.7019699Z Runner group name: 'swarm-runners'
handle_failure	Set up job	2025-10-10T10:04:43.7021184Z Machine name: 'd8d11e601cbf'
handle_failure	Set up job	2025-10-10T10:04:43.7029107Z ##[group]GITHUB_TOKEN Permissions
handle_failure	Set up job	2025-10-10T10:04:43.7033502Z Actions: write
handle_failure	Set up job	2025-10-10T10:04:43.7034104Z Contents: write
handle_failure	Set up job	2025-10-10T10:04:43.7034615Z Issues: write
handle_failure	Set up job	2025-10-10T10:04:43.7035106Z Metadata: read
handle_failure	Set up job	2025-10-10T10:04:43.7035604Z ##[endgroup]
handle_failure	Set up job	2025-10-10T10:04:43.7038356Z Secret source: Actions
handle_failure	Set up job	2025-10-10T10:04:43.7039308Z Prepare workflow directory
handle_failure	Set up job	2025-10-10T10:04:43.7794667Z Prepare all required actions
handle_failure	Set up job	2025-10-10T10:04:43.7852241Z Getting action download info
handle_failure	Set up job	2025-10-10T10:04:44.4925623Z Download action repository 'actions/checkout@v4' (SHA:08eba0b27e820071cde6df949e0beb9ba4906955)
handle_failure	Set up job	2025-10-10T10:04:45.4159095Z Complete job name: handle_failure
handle_failure	Checkout code	﻿2025-10-10T10:04:45.5164399Z ##[group]Run actions/checkout@v4
handle_failure	Checkout code	2025-10-10T10:04:45.5165664Z with:
handle_failure	Checkout code	2025-10-10T10:04:45.5166291Z   fetch-depth: 0
handle_failure	Checkout code	2025-10-10T10:04:45.5167169Z   token: ***
handle_failure	Checkout code	2025-10-10T10:04:45.5167734Z   repository: Ka0s-Klaus/ka0s
handle_failure	Checkout code	2025-10-10T10:04:45.5168375Z   ssh-strict: true
handle_failure	Checkout code	2025-10-10T10:04:45.5168930Z   ssh-user: git
handle_failure	Checkout code	2025-10-10T10:04:45.5169479Z   persist-credentials: true
handle_failure	Checkout code	2025-10-10T10:04:45.5170528Z   clean: true
handle_failure	Checkout code	2025-10-10T10:04:45.5171099Z   sparse-checkout-cone-mode: true
handle_failure	Checkout code	2025-10-10T10:04:45.5171795Z   fetch-tags: false
handle_failure	Checkout code	2025-10-10T10:04:45.5172367Z   show-progress: true
handle_failure	Checkout code	2025-10-10T10:04:45.5172935Z   lfs: false
handle_failure	Checkout code	2025-10-10T10:04:45.5173451Z   submodules: false
handle_failure	Checkout code	2025-10-10T10:04:45.5174053Z   set-safe-directory: true
handle_failure	Checkout code	2025-10-10T10:04:45.5174975Z env:
handle_failure	Checkout code	2025-10-10T10:04:45.5175518Z   KAOS_MODULE: [Ka0S] VERSION
handle_failure	Checkout code	2025-10-10T10:04:45.5176375Z   GH_TOKEN: ***
handle_failure	Checkout code	2025-10-10T10:04:45.5176939Z   PATH_RESUME: core/config/
handle_failure	Checkout code	2025-10-10T10:04:45.5177631Z   KAOS_REPO: /actions-runner/_work/kaos/kaos
handle_failure	Checkout code	2025-10-10T10:04:45.5178364Z   KAOS_STEP_MODULE: 
handle_failure	Checkout code	2025-10-10T10:04:45.5178988Z   KAOS_CODE: 18403263150
handle_failure	Checkout code	2025-10-10T10:04:45.5179951Z   GH_VERSION: 
handle_failure	Checkout code	2025-10-10T10:04:45.5180655Z ##[endgroup]
handle_failure	Checkout code	2025-10-10T10:04:45.6831971Z Syncing repository: Ka0s-Klaus/ka0s
handle_failure	Checkout code	2025-10-10T10:04:45.6834703Z ##[group]Getting Git version info
handle_failure	Checkout code	2025-10-10T10:04:45.6835692Z Working directory is '/home/runner/_work/ka0s/ka0s'
handle_failure	Checkout code	2025-10-10T10:04:45.6838886Z [command]/usr/bin/git version
handle_failure	Checkout code	2025-10-10T10:04:45.6840345Z git version 2.51.0
handle_failure	Checkout code	2025-10-10T10:04:45.6876447Z ##[endgroup]
handle_failure	Checkout code	2025-10-10T10:04:45.6897524Z Temporarily overriding HOME='/home/runner/_work/_temp/9e64e6b6-b6de-4158-9529-500a1a292cd3' before making global git config changes
handle_failure	Checkout code	2025-10-10T10:04:45.6900772Z Adding repository directory to the temporary git global config as a safe directory
handle_failure	Checkout code	2025-10-10T10:04:45.6904458Z [command]/usr/bin/git config --global --add safe.directory /home/runner/_work/ka0s/ka0s
handle_failure	Checkout code	2025-10-10T10:04:45.6954307Z Deleting the contents of '/home/runner/_work/ka0s/ka0s'
handle_failure	Checkout code	2025-10-10T10:04:45.6960064Z ##[group]Initializing the repository
handle_failure	Checkout code	2025-10-10T10:04:45.6965577Z [command]/usr/bin/git init /home/runner/_work/ka0s/ka0s
handle_failure	Checkout code	2025-10-10T10:04:45.7022757Z hint: Using 'master' as the name for the initial branch. This default branch name
handle_failure	Checkout code	2025-10-10T10:04:45.7027261Z hint: is subject to change. To configure the initial branch name to use in all
handle_failure	Checkout code	2025-10-10T10:04:45.7046928Z hint: of your new repositories, which will suppress this warning, call:
handle_failure	Checkout code	2025-10-10T10:04:45.7050727Z hint:
handle_failure	Checkout code	2025-10-10T10:04:45.7052151Z hint: 	git config --global init.defaultBranch <name>
handle_failure	Checkout code	2025-10-10T10:04:45.7053012Z hint:
handle_failure	Checkout code	2025-10-10T10:04:45.7053839Z hint: Names commonly chosen instead of 'master' are 'main', 'trunk' and
handle_failure	Checkout code	2025-10-10T10:04:45.7055200Z hint: 'development'. The just-created branch can be renamed via this command:
handle_failure	Checkout code	2025-10-10T10:04:45.7056273Z hint:
handle_failure	Checkout code	2025-10-10T10:04:45.7056878Z hint: 	git branch -m <name>
handle_failure	Checkout code	2025-10-10T10:04:45.7057541Z hint:
handle_failure	Checkout code	2025-10-10T10:04:45.7058425Z hint: Disable this message with "git config set advice.defaultBranchName false"
handle_failure	Checkout code	2025-10-10T10:04:45.7060359Z Initialized empty Git repository in /home/runner/_work/ka0s/ka0s/.git/
handle_failure	Checkout code	2025-10-10T10:04:45.7063322Z [command]/usr/bin/git remote add origin https://github.com/Ka0s-Klaus/ka0s
handle_failure	Checkout code	2025-10-10T10:04:45.7090587Z ##[endgroup]
handle_failure	Checkout code	2025-10-10T10:04:45.7092595Z ##[group]Disabling automatic garbage collection
handle_failure	Checkout code	2025-10-10T10:04:45.7094461Z [command]/usr/bin/git config --local gc.auto 0
handle_failure	Checkout code	2025-10-10T10:04:45.7134816Z ##[endgroup]
handle_failure	Checkout code	2025-10-10T10:04:45.7135894Z ##[group]Setting up auth
handle_failure	Checkout code	2025-10-10T10:04:45.7149231Z [command]/usr/bin/git config --local --name-only --get-regexp core\.sshCommand
handle_failure	Checkout code	2025-10-10T10:04:45.7200838Z [command]/usr/bin/git submodule foreach --recursive sh -c "git config --local --name-only --get-regexp 'core\.sshCommand' && git config --local --unset-all 'core.sshCommand' || :"
handle_failure	Checkout code	2025-10-10T10:04:45.7552861Z [command]/usr/bin/git config --local --name-only --get-regexp http\.https\:\/\/github\.com\/\.extraheader
handle_failure	Checkout code	2025-10-10T10:04:45.7598912Z [command]/usr/bin/git submodule foreach --recursive sh -c "git config --local --name-only --get-regexp 'http\.https\:\/\/github\.com\/\.extraheader' && git config --local --unset-all 'http.https://github.com/.extraheader' || :"
handle_failure	Checkout code	2025-10-10T10:04:45.7945287Z [command]/usr/bin/git config --local http.https://github.com/.extraheader AUTHORIZATION: basic ***
handle_failure	Checkout code	2025-10-10T10:04:45.8002039Z ##[endgroup]
handle_failure	Checkout code	2025-10-10T10:04:45.8004388Z ##[group]Fetching the repository
handle_failure	Checkout code	2025-10-10T10:04:45.8020226Z [command]/usr/bin/git -c protocol.version=2 fetch --prune --no-recurse-submodules origin +refs/heads/*:refs/remotes/origin/* +refs/tags/*:refs/tags/* +b14220def546acb3364f9d3b66760537d838b0e1:refs/remotes/pull/2008/merge
handle_failure	Checkout code	2025-10-10T10:05:00.4419632Z From https://github.com/Ka0s-Klaus/ka0s
handle_failure	Checkout code	2025-10-10T10:05:00.4421254Z  * [new branch]          F1149-desarrollo-de-orchestrator -> origin/F1149-desarrollo-de-orchestrator
handle_failure	Checkout code	2025-10-10T10:05:00.4429118Z  * [new branch]          F1183-personalización-módulo-finops -> origin/F1183-personalización-módulo-finops
handle_failure	Checkout code	2025-10-10T10:05:00.4431188Z  * [new branch]          F1224-new-module-mongodb -> origin/F1224-new-module-mongodb
handle_failure	Checkout code	2025-10-10T10:05:00.4432794Z  * [new branch]          F220-web-de-resultados  -> origin/F220-web-de-resultados
handle_failure	Checkout code	2025-10-10T10:05:00.4435436Z  * [new branch]          F227-despliegue-de-kube-independiente-del-clouder -> origin/F227-despliegue-de-kube-independiente-del-clouder
handle_failure	Checkout code	2025-10-10T10:05:00.4437438Z  * [new branch]          F329-documentacion-metodologia-de-kaos -> origin/F329-documentacion-metodologia-de-kaos
handle_failure	Checkout code	2025-10-10T10:05:00.4438647Z  * [new branch]          F44-creación-módulo-versionado -> origin/F44-creación-módulo-versionado
handle_failure	Checkout code	2025-10-10T10:05:00.4455088Z  * [new branch]          H1128-módulo-de-observabilidad -> origin/H1128-módulo-de-observabilidad
handle_failure	Checkout code	2025-10-10T10:05:00.4456705Z  * [new branch]          H1139-como-instalar-arc-control -> origin/H1139-como-instalar-arc-control
handle_failure	Checkout code	2025-10-10T10:05:00.4458351Z  * [new branch]          H1149-desarrollo-de-orchestrator -> origin/H1149-desarrollo-de-orchestrator
handle_failure	Checkout code	2025-10-10T10:05:00.4464474Z  * [new branch]          H1150-desarrollo-de-secciones -> origin/H1150-desarrollo-de-secciones
handle_failure	Checkout code	2025-10-10T10:05:00.4466473Z  * [new branch]          H1151-desarrollo-de-secciones-ii -> origin/H1151-desarrollo-de-secciones-ii
handle_failure	Checkout code	2025-10-10T10:05:00.4468075Z  * [new branch]          H1152-desarrollo-inicio -> origin/H1152-desarrollo-inicio
handle_failure	Checkout code	2025-10-10T10:05:00.4470241Z  * [new branch]          H1183-personalización-módulo-finops -> origin/H1183-personalización-módulo-finops
handle_failure	Checkout code	2025-10-10T10:05:00.4472260Z  * [new branch]          H1193-ejemplo-web-documentacion -> origin/H1193-ejemplo-web-documentacion
handle_failure	Checkout code	2025-10-10T10:05:00.4473932Z  * [new branch]          H1205-web-creation      -> origin/H1205-web-creation
handle_failure	Checkout code	2025-10-10T10:05:00.4475502Z  * [new branch]          H1224-new-module-mongodb -> origin/H1224-new-module-mongodb
handle_failure	Checkout code	2025-10-10T10:05:00.4477415Z  * [new branch]          H1410-modulo-execution  -> origin/H1410-modulo-execution
handle_failure	Checkout code	2025-10-10T10:05:00.4480701Z  * [new branch]          H1514-new-swarm-deployment-stack-with-actions-runners-autoscale -> origin/H1514-new-swarm-deployment-stack-with-actions-runners-autoscale
handle_failure	Checkout code	2025-10-10T10:05:00.4484877Z  * [new branch]          H1968-modulo-personalización-del-portal-de-kaos-core -> origin/H1968-modulo-personalización-del-portal-de-kaos-core
handle_failure	Checkout code	2025-10-10T10:05:00.4486995Z  * [new branch]          H215-modulo-de-summary  -> origin/H215-modulo-de-summary
handle_failure	Checkout code	2025-10-10T10:05:00.4488442Z  * [new branch]          H220-web-de-resultados  -> origin/H220-web-de-resultados
handle_failure	Checkout code	2025-10-10T10:05:00.4490589Z  * [new branch]          H227-despliegue-de-kube-independiente-del-clouder -> origin/H227-despliegue-de-kube-independiente-del-clouder
handle_failure	Checkout code	2025-10-10T10:05:00.4492854Z  * [new branch]          H306-ficheros-de-estadisticas -> origin/H306-ficheros-de-estadisticas
handle_failure	Checkout code	2025-10-10T10:05:00.4494924Z  * [new branch]          H328-documentacion-modulo-principal-de-kaos -> origin/H328-documentacion-modulo-principal-de-kaos
handle_failure	Checkout code	2025-10-10T10:05:00.4497222Z  * [new branch]          H329-documentacion-metodologia-de-kaos -> origin/H329-documentacion-metodologia-de-kaos
handle_failure	Checkout code	2025-10-10T10:05:00.4500121Z  * [new branch]          H338-relanzador-de-jobs-en-caso-de-pattern -> origin/H338-relanzador-de-jobs-en-caso-de-pattern
handle_failure	Checkout code	2025-10-10T10:05:00.4502321Z  * [new branch]          H38-documentacion-basica-del-proyecto -> origin/H38-documentacion-basica-del-proyecto
handle_failure	Checkout code	2025-10-10T10:05:00.4506514Z  * [new branch]          H44-creación-módulo-versionado -> origin/H44-creación-módulo-versionado
handle_failure	Checkout code	2025-10-10T10:05:00.4508430Z  * [new branch]          RN1149-desarrollo-de-orchestrator -> origin/RN1149-desarrollo-de-orchestrator
handle_failure	Checkout code	2025-10-10T10:05:00.4510726Z  * [new branch]          RN1183-personalización-módulo-finops -> origin/RN1183-personalización-módulo-finops
handle_failure	Checkout code	2025-10-10T10:05:00.4513405Z  * [new branch]          RN1282-ka0s-error-detected-in-ka0s-workflow-statistics-summary -> origin/RN1282-ka0s-error-detected-in-ka0s-workflow-statistics-summary
handle_failure	Checkout code	2025-10-10T10:05:00.4515760Z  * [new branch]          RN220-web-de-resultados -> origin/RN220-web-de-resultados
handle_failure	Checkout code	2025-10-10T10:05:00.4518183Z  * [new branch]          RN227-despliegue-de-kube-independiente-del-clouder -> origin/RN227-despliegue-de-kube-independiente-del-clouder
handle_failure	Checkout code	2025-10-10T10:05:00.4521644Z  * [new branch]          RN329-documentacion-metodologia-de-kaos -> origin/RN329-documentacion-metodologia-de-kaos
handle_failure	Checkout code	2025-10-10T10:05:00.4523873Z  * [new branch]          main                    -> origin/main
handle_failure	Checkout code	2025-10-10T10:05:00.4525403Z  * [new tag]             0.0.0                   -> 0.0.0
handle_failure	Checkout code	2025-10-10T10:05:00.4526879Z  * [new tag]             0.0.1                   -> 0.0.1
handle_failure	Checkout code	2025-10-10T10:05:00.4528128Z  * [new tag]             0.0.10                  -> 0.0.10
handle_failure	Checkout code	2025-10-10T10:05:00.4529069Z  * [new tag]             0.0.100                 -> 0.0.100
handle_failure	Checkout code	2025-10-10T10:05:00.4530271Z  * [new tag]             0.0.101                 -> 0.0.101
handle_failure	Checkout code	2025-10-10T10:05:00.4531234Z  * [new tag]             0.0.102                 -> 0.0.102
handle_failure	Checkout code	2025-10-10T10:05:00.4532755Z  * [new tag]             0.0.103                 -> 0.0.103
handle_failure	Checkout code	2025-10-10T10:05:00.4534268Z  * [new tag]             0.0.104                 -> 0.0.104
handle_failure	Checkout code	2025-10-10T10:05:00.4535800Z  * [new tag]             0.0.105                 -> 0.0.105
handle_failure	Checkout code	2025-10-10T10:05:00.4536885Z  * [new tag]             0.0.106                 -> 0.0.106
handle_failure	Checkout code	2025-10-10T10:05:00.4538057Z  * [new tag]             0.0.107                 -> 0.0.107
handle_failure	Checkout code	2025-10-10T10:05:00.4539173Z  * [new tag]             0.0.108                 -> 0.0.108
handle_failure	Checkout code	2025-10-10T10:05:00.4540749Z  * [new tag]             0.0.109                 -> 0.0.109
handle_failure	Checkout code	2025-10-10T10:05:00.4541935Z  * [new tag]             0.0.11                  -> 0.0.11
handle_failure	Checkout code	2025-10-10T10:05:00.4542976Z  * [new tag]             0.0.110                 -> 0.0.110
handle_failure	Checkout code	2025-10-10T10:05:00.4543985Z  * [new tag]             0.0.111                 -> 0.0.111
handle_failure	Checkout code	2025-10-10T10:05:00.4545244Z  * [new tag]             0.0.112                 -> 0.0.112
handle_failure	Checkout code	2025-10-10T10:05:00.4546781Z  * [new tag]             0.0.113                 -> 0.0.113
handle_failure	Checkout code	2025-10-10T10:05:00.4548357Z  * [new tag]             0.0.114                 -> 0.0.114
handle_failure	Checkout code	2025-10-10T10:05:00.4550320Z  * [new tag]             0.0.115                 -> 0.0.115
handle_failure	Checkout code	2025-10-10T10:05:00.4551851Z  * [new tag]             0.0.116                 -> 0.0.116
handle_failure	Checkout code	2025-10-10T10:05:00.4553373Z  * [new tag]             0.0.117                 -> 0.0.117
handle_failure	Checkout code	2025-10-10T10:05:00.4554892Z  * [new tag]             0.0.118                 -> 0.0.118
handle_failure	Checkout code	2025-10-10T10:05:00.4556414Z  * [new tag]             0.0.119                 -> 0.0.119
handle_failure	Checkout code	2025-10-10T10:05:00.4557930Z  * [new tag]             0.0.12                  -> 0.0.12
handle_failure	Checkout code	2025-10-10T10:05:00.4559448Z  * [new tag]             0.0.120                 -> 0.0.120
handle_failure	Checkout code	2025-10-10T10:05:00.4560084Z  * [new tag]             0.0.121                 -> 0.0.121
handle_failure	Checkout code	2025-10-10T10:05:00.4560591Z  * [new tag]             0.0.122                 -> 0.0.122
handle_failure	Checkout code	2025-10-10T10:05:00.4561127Z  * [new tag]             0.0.123                 -> 0.0.123
handle_failure	Checkout code	2025-10-10T10:05:00.4561720Z  * [new tag]             0.0.124                 -> 0.0.124
handle_failure	Checkout code	2025-10-10T10:05:00.4562432Z  * [new tag]             0.0.125                 -> 0.0.125
handle_failure	Checkout code	2025-10-10T10:05:00.4562958Z  * [new tag]             0.0.126                 -> 0.0.126
handle_failure	Checkout code	2025-10-10T10:05:00.4563461Z  * [new tag]             0.0.127                 -> 0.0.127
handle_failure	Checkout code	2025-10-10T10:05:00.4563965Z  * [new tag]             0.0.128                 -> 0.0.128
handle_failure	Checkout code	2025-10-10T10:05:00.4564468Z  * [new tag]             0.0.129                 -> 0.0.129
handle_failure	Checkout code	2025-10-10T10:05:00.4564972Z  * [new tag]             0.0.13                  -> 0.0.13
handle_failure	Checkout code	2025-10-10T10:05:00.4565479Z  * [new tag]             0.0.130                 -> 0.0.130
handle_failure	Checkout code	2025-10-10T10:05:00.4566020Z  * [new tag]             0.0.131                 -> 0.0.131
handle_failure	Checkout code	2025-10-10T10:05:00.4566525Z  * [new tag]             0.0.132                 -> 0.0.132
handle_failure	Checkout code	2025-10-10T10:05:00.4567026Z  * [new tag]             0.0.133                 -> 0.0.133
handle_failure	Checkout code	2025-10-10T10:05:00.4567531Z  * [new tag]             0.0.134                 -> 0.0.134
handle_failure	Checkout code	2025-10-10T10:05:00.4568050Z  * [new tag]             0.0.135                 -> 0.0.135
handle_failure	Checkout code	2025-10-10T10:05:00.4568557Z  * [new tag]             0.0.136                 -> 0.0.136
handle_failure	Checkout code	2025-10-10T10:05:00.4569085Z  * [new tag]             0.0.137                 -> 0.0.137
handle_failure	Checkout code	2025-10-10T10:05:00.4569896Z  * [new tag]             0.0.138                 -> 0.0.138
handle_failure	Checkout code	2025-10-10T10:05:00.4571429Z  * [new tag]             0.0.139                 -> 0.0.139
handle_failure	Checkout code	2025-10-10T10:05:00.4572941Z  * [new tag]             0.0.14                  -> 0.0.14
handle_failure	Checkout code	2025-10-10T10:05:00.4574460Z  * [new tag]             0.0.140                 -> 0.0.140
handle_failure	Checkout code	2025-10-10T10:05:00.4575734Z  * [new tag]             0.0.141                 -> 0.0.141
handle_failure	Checkout code	2025-10-10T10:05:00.4576505Z  * [new tag]             0.0.142                 -> 0.0.142
handle_failure	Checkout code	2025-10-10T10:05:00.4577271Z  * [new tag]             0.0.143                 -> 0.0.143
handle_failure	Checkout code	2025-10-10T10:05:00.4577992Z  * [new tag]             0.0.144                 -> 0.0.144
handle_failure	Checkout code	2025-10-10T10:05:00.4578724Z  * [new tag]             0.0.145                 -> 0.0.145
handle_failure	Checkout code	2025-10-10T10:05:00.4579473Z  * [new tag]             0.0.146                 -> 0.0.146
handle_failure	Checkout code	2025-10-10T10:05:00.4580292Z  * [new tag]             0.0.147                 -> 0.0.147
handle_failure	Checkout code	2025-10-10T10:05:00.4581029Z  * [new tag]             0.0.148                 -> 0.0.148
handle_failure	Checkout code	2025-10-10T10:05:00.4581754Z  * [new tag]             0.0.149                 -> 0.0.149
handle_failure	Checkout code	2025-10-10T10:05:00.4582502Z  * [new tag]             0.0.15                  -> 0.0.15
handle_failure	Checkout code	2025-10-10T10:05:00.4583224Z  * [new tag]             0.0.150                 -> 0.0.150
handle_failure	Checkout code	2025-10-10T10:05:00.4584471Z  * [new tag]             0.0.151                 -> 0.0.151
handle_failure	Checkout code	2025-10-10T10:05:00.4585997Z  * [new tag]             0.0.152                 -> 0.0.152
handle_failure	Checkout code	2025-10-10T10:05:00.4587516Z  * [new tag]             0.0.153                 -> 0.0.153
handle_failure	Checkout code	2025-10-10T10:05:00.4589031Z  * [new tag]             0.0.154                 -> 0.0.154
handle_failure	Checkout code	2025-10-10T10:05:00.4589912Z  * [new tag]             0.0.155                 -> 0.0.155
handle_failure	Checkout code	2025-10-10T10:05:00.4590446Z  * [new tag]             0.0.156                 -> 0.0.156
handle_failure	Checkout code	2025-10-10T10:05:00.4591176Z  * [new tag]             0.0.157                 -> 0.0.157
handle_failure	Checkout code	2025-10-10T10:05:00.4591675Z  * [new tag]             0.0.158                 -> 0.0.158
handle_failure	Checkout code	2025-10-10T10:05:00.4592181Z  * [new tag]             0.0.159                 -> 0.0.159
handle_failure	Checkout code	2025-10-10T10:05:00.4592681Z  * [new tag]             0.0.16                  -> 0.0.16
handle_failure	Checkout code	2025-10-10T10:05:00.4593183Z  * [new tag]             0.0.160                 -> 0.0.160
handle_failure	Checkout code	2025-10-10T10:05:00.4593680Z  * [new tag]             0.0.161                 -> 0.0.161
handle_failure	Checkout code	2025-10-10T10:05:00.4594176Z  * [new tag]             0.0.162                 -> 0.0.162
handle_failure	Checkout code	2025-10-10T10:05:00.4594678Z  * [new tag]             0.0.163                 -> 0.0.163
handle_failure	Checkout code	2025-10-10T10:05:00.4595172Z  * [new tag]             0.0.164                 -> 0.0.164
handle_failure	Checkout code	2025-10-10T10:05:00.4595670Z  * [new tag]             0.0.165                 -> 0.0.165
handle_failure	Checkout code	2025-10-10T10:05:00.4596172Z  * [new tag]             0.0.166                 -> 0.0.166
handle_failure	Checkout code	2025-10-10T10:05:00.4596839Z  * [new tag]             0.0.167                 -> 0.0.167
handle_failure	Checkout code	2025-10-10T10:05:00.4597346Z  * [new tag]             0.0.168                 -> 0.0.168
handle_failure	Checkout code	2025-10-10T10:05:00.4597849Z  * [new tag]             0.0.169                 -> 0.0.169
handle_failure	Checkout code	2025-10-10T10:05:00.4598348Z  * [new tag]             0.0.17                  -> 0.0.17
handle_failure	Checkout code	2025-10-10T10:05:00.4598843Z  * [new tag]             0.0.170                 -> 0.0.170
handle_failure	Checkout code	2025-10-10T10:05:00.4599349Z  * [new tag]             0.0.171                 -> 0.0.171
handle_failure	Checkout code	2025-10-10T10:05:00.4600022Z  * [new tag]             0.0.172                 -> 0.0.172
handle_failure	Checkout code	2025-10-10T10:05:00.4600536Z  * [new tag]             0.0.173                 -> 0.0.173
handle_failure	Checkout code	2025-10-10T10:05:00.4601031Z  * [new tag]             0.0.174                 -> 0.0.174
handle_failure	Checkout code	2025-10-10T10:05:00.4601530Z  * [new tag]             0.0.175                 -> 0.0.175
handle_failure	Checkout code	2025-10-10T10:05:00.4602025Z  * [new tag]             0.0.176                 -> 0.0.176
handle_failure	Checkout code	2025-10-10T10:05:00.4602529Z  * [new tag]             0.0.177                 -> 0.0.177
handle_failure	Checkout code	2025-10-10T10:05:00.4603028Z  * [new tag]             0.0.178                 -> 0.0.178
handle_failure	Checkout code	2025-10-10T10:05:00.4603519Z  * [new tag]             0.0.179                 -> 0.0.179
handle_failure	Checkout code	2025-10-10T10:05:00.4604004Z  * [new tag]             0.0.18                  -> 0.0.18
handle_failure	Checkout code	2025-10-10T10:05:00.4604496Z  * [new tag]             0.0.19                  -> 0.0.19
handle_failure	Checkout code	2025-10-10T10:05:00.4604983Z  * [new tag]             0.0.2                   -> 0.0.2
handle_failure	Checkout code	2025-10-10T10:05:00.4605472Z  * [new tag]             0.0.20                  -> 0.0.20
handle_failure	Checkout code	2025-10-10T10:05:00.4605955Z  * [new tag]             0.0.21                  -> 0.0.21
handle_failure	Checkout code	2025-10-10T10:05:00.4606440Z  * [new tag]             0.0.22                  -> 0.0.22
handle_failure	Checkout code	2025-10-10T10:05:00.4606928Z  * [new tag]             0.0.23                  -> 0.0.23
handle_failure	Checkout code	2025-10-10T10:05:00.4607411Z  * [new tag]             0.0.24                  -> 0.0.24
handle_failure	Checkout code	2025-10-10T10:05:00.4607897Z  * [new tag]             0.0.25                  -> 0.0.25
handle_failure	Checkout code	2025-10-10T10:05:00.4608394Z  * [new tag]             0.0.26                  -> 0.0.26
handle_failure	Checkout code	2025-10-10T10:05:00.4608889Z  * [new tag]             0.0.27                  -> 0.0.27
handle_failure	Checkout code	2025-10-10T10:05:00.4609370Z  * [new tag]             0.0.28                  -> 0.0.28
handle_failure	Checkout code	2025-10-10T10:05:00.4609994Z  * [new tag]             0.0.29                  -> 0.0.29
handle_failure	Checkout code	2025-10-10T10:05:00.4610492Z  * [new tag]             0.0.3                   -> 0.0.3
handle_failure	Checkout code	2025-10-10T10:05:00.4610974Z  * [new tag]             0.0.30                  -> 0.0.30
handle_failure	Checkout code	2025-10-10T10:05:00.4611463Z  * [new tag]             0.0.31                  -> 0.0.31
handle_failure	Checkout code	2025-10-10T10:05:00.4611952Z  * [new tag]             0.0.32                  -> 0.0.32
handle_failure	Checkout code	2025-10-10T10:05:00.4612441Z  * [new tag]             0.0.33                  -> 0.0.33
handle_failure	Checkout code	2025-10-10T10:05:00.4612925Z  * [new tag]             0.0.34                  -> 0.0.34
handle_failure	Checkout code	2025-10-10T10:05:00.4613434Z  * [new tag]             0.0.35                  -> 0.0.35
handle_failure	Checkout code	2025-10-10T10:05:00.4613921Z  * [new tag]             0.0.36                  -> 0.0.36
handle_failure	Checkout code	2025-10-10T10:05:00.4614410Z  * [new tag]             0.0.37                  -> 0.0.37
handle_failure	Checkout code	2025-10-10T10:05:00.4615094Z  * [new tag]             0.0.38                  -> 0.0.38
handle_failure	Checkout code	2025-10-10T10:05:00.4615582Z  * [new tag]             0.0.39                  -> 0.0.39
handle_failure	Checkout code	2025-10-10T10:05:00.4616073Z  * [new tag]             0.0.4                   -> 0.0.4
handle_failure	Checkout code	2025-10-10T10:05:00.4616555Z  * [new tag]             0.0.40                  -> 0.0.40
handle_failure	Checkout code	2025-10-10T10:05:00.4617042Z  * [new tag]             0.0.41                  -> 0.0.41
handle_failure	Checkout code	2025-10-10T10:05:00.4617526Z  * [new tag]             0.0.42                  -> 0.0.42
handle_failure	Checkout code	2025-10-10T10:05:00.4618009Z  * [new tag]             0.0.43                  -> 0.0.43
handle_failure	Checkout code	2025-10-10T10:05:00.4618497Z  * [new tag]             0.0.44                  -> 0.0.44
handle_failure	Checkout code	2025-10-10T10:05:00.4618982Z  * [new tag]             0.0.45                  -> 0.0.45
handle_failure	Checkout code	2025-10-10T10:05:00.4619467Z  * [new tag]             0.0.46                  -> 0.0.46
handle_failure	Checkout code	2025-10-10T10:05:00.4620203Z  * [new tag]             0.0.47                  -> 0.0.47
handle_failure	Checkout code	2025-10-10T10:05:00.4620708Z  * [new tag]             0.0.48                  -> 0.0.48
handle_failure	Checkout code	2025-10-10T10:05:00.4621196Z  * [new tag]             0.0.49                  -> 0.0.49
handle_failure	Checkout code	2025-10-10T10:05:00.4621678Z  * [new tag]             0.0.5                   -> 0.0.5
handle_failure	Checkout code	2025-10-10T10:05:00.4622166Z  * [new tag]             0.0.50                  -> 0.0.50
handle_failure	Checkout code	2025-10-10T10:05:00.4622653Z  * [new tag]             0.0.51                  -> 0.0.51
handle_failure	Checkout code	2025-10-10T10:05:00.4623135Z  * [new tag]             0.0.52                  -> 0.0.52
handle_failure	Checkout code	2025-10-10T10:05:00.4623622Z  * [new tag]             0.0.53                  -> 0.0.53
handle_failure	Checkout code	2025-10-10T10:05:00.4624108Z  * [new tag]             0.0.54                  -> 0.0.54
handle_failure	Checkout code	2025-10-10T10:05:00.4624594Z  * [new tag]             0.0.55                  -> 0.0.55
handle_failure	Checkout code	2025-10-10T10:05:00.4625075Z  * [new tag]             0.0.56                  -> 0.0.56
handle_failure	Checkout code	2025-10-10T10:05:00.4625563Z  * [new tag]             0.0.57                  -> 0.0.57
handle_failure	Checkout code	2025-10-10T10:05:00.4626066Z  * [new tag]             0.0.58                  -> 0.0.58
handle_failure	Checkout code	2025-10-10T10:05:00.4626560Z  * [new tag]             0.0.59                  -> 0.0.59
handle_failure	Checkout code	2025-10-10T10:05:00.4627052Z  * [new tag]             0.0.6                   -> 0.0.6
handle_failure	Checkout code	2025-10-10T10:05:00.4627543Z  * [new tag]             0.0.60                  -> 0.0.60
handle_failure	Checkout code	2025-10-10T10:05:00.4628032Z  * [new tag]             0.0.61                  -> 0.0.61
handle_failure	Checkout code	2025-10-10T10:05:00.4628519Z  * [new tag]             0.0.62                  -> 0.0.62
handle_failure	Checkout code	2025-10-10T10:05:00.4629045Z  * [new tag]             0.0.63                  -> 0.0.63
handle_failure	Checkout code	2025-10-10T10:05:00.4629639Z  * [new tag]             0.0.64                  -> 0.0.64
handle_failure	Checkout code	2025-10-10T10:05:00.4631151Z  * [new tag]             0.0.65                  -> 0.0.65
handle_failure	Checkout code	2025-10-10T10:05:00.4632660Z  * [new tag]             0.0.66                  -> 0.0.66
handle_failure	Checkout code	2025-10-10T10:05:00.4633861Z  * [new tag]             0.0.67                  -> 0.0.67
handle_failure	Checkout code	2025-10-10T10:05:00.4634361Z  * [new tag]             0.0.68                  -> 0.0.68
handle_failure	Checkout code	2025-10-10T10:05:00.4634857Z  * [new tag]             0.0.69                  -> 0.0.69
handle_failure	Checkout code	2025-10-10T10:05:00.4635355Z  * [new tag]             0.0.7                   -> 0.0.7
handle_failure	Checkout code	2025-10-10T10:05:00.4635843Z  * [new tag]             0.0.70                  -> 0.0.70
handle_failure	Checkout code	2025-10-10T10:05:00.4636320Z  * [new tag]             0.0.71                  -> 0.0.71
handle_failure	Checkout code	2025-10-10T10:05:00.4636816Z  * [new tag]             0.0.72                  -> 0.0.72
handle_failure	Checkout code	2025-10-10T10:05:00.4637303Z  * [new tag]             0.0.73                  -> 0.0.73
handle_failure	Checkout code	2025-10-10T10:05:00.4637792Z  * [new tag]             0.0.74                  -> 0.0.74
handle_failure	Checkout code	2025-10-10T10:05:00.4638274Z  * [new tag]             0.0.75                  -> 0.0.75
handle_failure	Checkout code	2025-10-10T10:05:00.4638780Z  * [new tag]             0.0.76                  -> 0.0.76
handle_failure	Checkout code	2025-10-10T10:05:00.4639260Z  * [new tag]             0.0.77                  -> 0.0.77
handle_failure	Checkout code	2025-10-10T10:05:00.4639951Z  * [new tag]             0.0.78                  -> 0.0.78
handle_failure	Checkout code	2025-10-10T10:05:00.4640458Z  * [new tag]             0.0.79                  -> 0.0.79
handle_failure	Checkout code	2025-10-10T10:05:00.4641189Z  * [new tag]             0.0.8                   -> 0.0.8
handle_failure	Checkout code	2025-10-10T10:05:00.4641682Z  * [new tag]             0.0.80                  -> 0.0.80
handle_failure	Checkout code	2025-10-10T10:05:00.4642165Z  * [new tag]             0.0.81                  -> 0.0.81
handle_failure	Checkout code	2025-10-10T10:05:00.4642648Z  * [new tag]             0.0.82                  -> 0.0.82
handle_failure	Checkout code	2025-10-10T10:05:00.4643133Z  * [new tag]             0.0.83                  -> 0.0.83
handle_failure	Checkout code	2025-10-10T10:05:00.4643620Z  * [new tag]             0.0.84                  -> 0.0.84
handle_failure	Checkout code	2025-10-10T10:05:00.4644106Z  * [new tag]             0.0.85                  -> 0.0.85
handle_failure	Checkout code	2025-10-10T10:05:00.4645188Z  * [new tag]             0.0.86                  -> 0.0.86
handle_failure	Checkout code	2025-10-10T10:05:00.4646351Z  * [new tag]             0.0.87                  -> 0.0.87
handle_failure	Checkout code	2025-10-10T10:05:00.4647682Z  * [new tag]             0.0.88                  -> 0.0.88
handle_failure	Checkout code	2025-10-10T10:05:00.4648912Z  * [new tag]             0.0.89                  -> 0.0.89
handle_failure	Checkout code	2025-10-10T10:05:00.4650399Z  * [new tag]             0.0.9                   -> 0.0.9
handle_failure	Checkout code	2025-10-10T10:05:00.4650930Z  * [new tag]             0.0.90                  -> 0.0.90
handle_failure	Checkout code	2025-10-10T10:05:00.4651988Z  * [new tag]             0.0.91                  -> 0.0.91
handle_failure	Checkout code	2025-10-10T10:05:00.4653557Z  * [new tag]             0.0.92                  -> 0.0.92
handle_failure	Checkout code	2025-10-10T10:05:00.4655100Z  * [new tag]             0.0.93                  -> 0.0.93
handle_failure	Checkout code	2025-10-10T10:05:00.4656643Z  * [new tag]             0.0.94                  -> 0.0.94
handle_failure	Checkout code	2025-10-10T10:05:00.4658168Z  * [new tag]             0.0.95                  -> 0.0.95
handle_failure	Checkout code	2025-10-10T10:05:00.4659925Z  * [new tag]             0.0.96                  -> 0.0.96
handle_failure	Checkout code	2025-10-10T10:05:00.4687380Z  * [new tag]             0.0.97                  -> 0.0.97
handle_failure	Checkout code	2025-10-10T10:05:00.4689103Z  * [new tag]             0.0.98                  -> 0.0.98
handle_failure	Checkout code	2025-10-10T10:05:00.4690896Z  * [new tag]             0.0.99                  -> 0.0.99
handle_failure	Checkout code	2025-10-10T10:05:00.4692568Z  * [new tag]             0.1.0                   -> 0.1.0
handle_failure	Checkout code	2025-10-10T10:05:00.4694167Z  * [new tag]             0.1.1                   -> 0.1.1
handle_failure	Checkout code	2025-10-10T10:05:00.4695844Z  * [new tag]             0.2.0                   -> 0.2.0
handle_failure	Checkout code	2025-10-10T10:05:00.4697499Z  * [new tag]             0.3.0                   -> 0.3.0
handle_failure	Checkout code	2025-10-10T10:05:00.4699136Z  * [new tag]             0.3.1                   -> 0.3.1
handle_failure	Checkout code	2025-10-10T10:05:00.4700023Z  * [new tag]             0.3.10                  -> 0.3.10
handle_failure	Checkout code	2025-10-10T10:05:00.4700522Z  * [new tag]             0.3.11                  -> 0.3.11
handle_failure	Checkout code	2025-10-10T10:05:00.4701009Z  * [new tag]             0.3.12                  -> 0.3.12
handle_failure	Checkout code	2025-10-10T10:05:00.4701509Z  * [new tag]             0.3.13                  -> 0.3.13
handle_failure	Checkout code	2025-10-10T10:05:00.4701995Z  * [new tag]             0.3.14                  -> 0.3.14
handle_failure	Checkout code	2025-10-10T10:05:00.4702481Z  * [new tag]             0.3.15                  -> 0.3.15
handle_failure	Checkout code	2025-10-10T10:05:00.4702962Z  * [new tag]             0.3.16                  -> 0.3.16
handle_failure	Checkout code	2025-10-10T10:05:00.4703477Z  * [new tag]             0.3.17                  -> 0.3.17
handle_failure	Checkout code	2025-10-10T10:05:00.4703976Z  * [new tag]             0.3.2                   -> 0.3.2
handle_failure	Checkout code	2025-10-10T10:05:00.4704470Z  * [new tag]             0.3.3                   -> 0.3.3
handle_failure	Checkout code	2025-10-10T10:05:00.4704949Z  * [new tag]             0.3.4                   -> 0.3.4
handle_failure	Checkout code	2025-10-10T10:05:00.4705437Z  * [new tag]             0.3.5                   -> 0.3.5
handle_failure	Checkout code	2025-10-10T10:05:00.4705925Z  * [new tag]             0.3.6                   -> 0.3.6
handle_failure	Checkout code	2025-10-10T10:05:00.4706413Z  * [new tag]             0.3.7                   -> 0.3.7
handle_failure	Checkout code	2025-10-10T10:05:00.4706893Z  * [new tag]             0.3.8                   -> 0.3.8
handle_failure	Checkout code	2025-10-10T10:05:00.4707378Z  * [new tag]             0.3.9                   -> 0.3.9
handle_failure	Checkout code	2025-10-10T10:05:00.4707865Z  * [new tag]             0.4.0                   -> 0.4.0
handle_failure	Checkout code	2025-10-10T10:05:00.4708345Z  * [new tag]             0.4.1                   -> 0.4.1
handle_failure	Checkout code	2025-10-10T10:05:00.4708830Z  * [new tag]             0.4.2                   -> 0.4.2
handle_failure	Checkout code	2025-10-10T10:05:00.4709328Z  * [new tag]             0.4.3                   -> 0.4.3
handle_failure	Checkout code	2025-10-10T10:05:00.4710194Z  * [new tag]             0.4.4                   -> 0.4.4
handle_failure	Checkout code	2025-10-10T10:05:00.4710680Z  * [new tag]             0.4.5                   -> 0.4.5
handle_failure	Checkout code	2025-10-10T10:05:00.4711288Z  * [new tag]             0.4.6                   -> 0.4.6
handle_failure	Checkout code	2025-10-10T10:05:00.4711777Z  * [new tag]             0.4.7                   -> 0.4.7
handle_failure	Checkout code	2025-10-10T10:05:00.4712259Z  * [new tag]             0.4.8                   -> 0.4.8
handle_failure	Checkout code	2025-10-10T10:05:00.4712746Z  * [new tag]             0.4.9                   -> 0.4.9
handle_failure	Checkout code	2025-10-10T10:05:00.4713358Z  * [new ref]             b14220def546acb3364f9d3b66760537d838b0e1 -> pull/2008/merge
handle_failure	Checkout code	2025-10-10T10:05:00.4914789Z ##[endgroup]
handle_failure	Checkout code	2025-10-10T10:05:00.4915974Z ##[group]Determining the checkout info
handle_failure	Checkout code	2025-10-10T10:05:00.4917240Z ##[endgroup]
handle_failure	Checkout code	2025-10-10T10:05:00.4925420Z [command]/usr/bin/git sparse-checkout disable
handle_failure	Checkout code	2025-10-10T10:05:00.4987575Z [command]/usr/bin/git config --local --unset-all extensions.worktreeConfig
handle_failure	Checkout code	2025-10-10T10:05:00.5028696Z ##[group]Checking out the ref
handle_failure	Checkout code	2025-10-10T10:05:00.5034122Z [command]/usr/bin/git checkout --progress --force refs/remotes/pull/2008/merge
handle_failure	Checkout code	2025-10-10T10:05:01.4492956Z Note: switching to 'refs/remotes/pull/2008/merge'.
handle_failure	Checkout code	2025-10-10T10:05:01.4493482Z 
handle_failure	Checkout code	2025-10-10T10:05:01.4493947Z You are in 'detached HEAD' state. You can look around, make experimental
handle_failure	Checkout code	2025-10-10T10:05:01.4494580Z changes and commit them, and you can discard any commits you make in this
handle_failure	Checkout code	2025-10-10T10:05:01.4495213Z state without impacting any branches by switching back to a branch.
handle_failure	Checkout code	2025-10-10T10:05:01.4495590Z 
handle_failure	Checkout code	2025-10-10T10:05:01.4495835Z If you want to create a new branch to retain commits you create, you may
handle_failure	Checkout code	2025-10-10T10:05:01.4496420Z do so (now or later) by using -c with the switch command. Example:
handle_failure	Checkout code	2025-10-10T10:05:01.4496758Z 
handle_failure	Checkout code	2025-10-10T10:05:01.4496894Z   git switch -c <new-branch-name>
handle_failure	Checkout code	2025-10-10T10:05:01.4497133Z 
handle_failure	Checkout code	2025-10-10T10:05:01.4497271Z Or undo this operation with:
handle_failure	Checkout code	2025-10-10T10:05:01.4497511Z 
handle_failure	Checkout code	2025-10-10T10:05:01.4497614Z   git switch -
handle_failure	Checkout code	2025-10-10T10:05:01.4497785Z 
handle_failure	Checkout code	2025-10-10T10:05:01.4498074Z Turn off this advice by setting config variable advice.detachedHead to false
handle_failure	Checkout code	2025-10-10T10:05:01.4498478Z 
handle_failure	Checkout code	2025-10-10T10:05:01.4498947Z HEAD is now at b14220def Merge 35716b5dd3dfb12e7b487e396479302a049340a1 into 6db2875357dece3b24a5f3d5d5946a422c5e9e3c
handle_failure	Checkout code	2025-10-10T10:05:01.4646032Z ##[endgroup]
handle_failure	Checkout code	2025-10-10T10:05:01.4706304Z [command]/usr/bin/git log -1 --format=%H
handle_failure	Checkout code	2025-10-10T10:05:01.4740809Z b14220def546acb3364f9d3b66760537d838b0e1
handle_failure	handle-failure-execution	﻿2025-10-10T10:05:01.5087487Z ##[group]Run echo "Error detected in process"
handle_failure	handle-failure-execution	2025-10-10T10:05:01.5088038Z [36;1mecho "Error detected in process"[0m
handle_failure	handle-failure-execution	2025-10-10T10:05:01.5088391Z [36;1mecho "Created issue"[0m
handle_failure	handle-failure-execution	2025-10-10T10:05:01.5089488Z [36;1mgh issue create  --title "[Ka0S] VERSION Error detected in 18403263150" --label "bug" --body "Please check the logs 'https://github.com/Ka0s-Klaus/ka0s/actions/runs/18403263150' for more information of error."[0m
handle_failure	handle-failure-execution	2025-10-10T10:05:01.5091218Z [36;1mecho "Add comment to origin target"[0m
handle_failure	handle-failure-execution	2025-10-10T10:05:01.5091697Z [36;1mRNNUMBER=$(echo "refs/pull/2008/merge" | grep -o '[0-9]*')[0m
handle_failure	handle-failure-execution	2025-10-10T10:05:01.5092569Z [36;1mgh issue comment $RNNUMBER --body "El proceso no ha finalizado correctamente 18403263150. El resultado está en el fichero 18403263150.log"[0m
handle_failure	handle-failure-execution	2025-10-10T10:05:01.5114040Z shell: /usr/bin/bash -e {0}
handle_failure	handle-failure-execution	2025-10-10T10:05:01.5114370Z env:
handle_failure	handle-failure-execution	2025-10-10T10:05:01.5114619Z   KAOS_MODULE: [Ka0S] VERSION
handle_failure	handle-failure-execution	2025-10-10T10:05:01.5115284Z   GH_TOKEN: ***
handle_failure	handle-failure-execution	2025-10-10T10:05:01.5115547Z   PATH_RESUME: core/config/
handle_failure	handle-failure-execution	2025-10-10T10:05:01.5115932Z   KAOS_REPO: /actions-runner/_work/kaos/kaos
handle_failure	handle-failure-execution	2025-10-10T10:05:01.5116280Z   KAOS_STEP_MODULE: 
handle_failure	handle-failure-execution	2025-10-10T10:05:01.5116533Z   KAOS_CODE: 18403263150
handle_failure	handle-failure-execution	2025-10-10T10:05:01.5125010Z   GH_VERSION: 
handle_failure	handle-failure-execution	2025-10-10T10:05:01.5125359Z ##[endgroup]
handle_failure	handle-failure-execution	2025-10-10T10:05:01.5208817Z Error detected in process
handle_failure	handle-failure-execution	2025-10-10T10:05:01.5209917Z Created issue
handle_failure	handle-failure-execution	2025-10-10T10:05:02.7919023Z https://github.com/Ka0s-Klaus/ka0s/issues/2009
handle_failure	handle-failure-execution	2025-10-10T10:05:02.7972094Z Add comment to origin target
handle_failure	handle-failure-execution	2025-10-10T10:05:04.2240993Z https://github.com/Ka0s-Klaus/ka0s/pull/2008#issuecomment-3389173114
handle_failure	Post Checkout code	﻿2025-10-10T10:05:04.3275321Z Post job cleanup.
handle_failure	Post Checkout code	2025-10-10T10:05:04.5156649Z [command]/usr/bin/git version
handle_failure	Post Checkout code	2025-10-10T10:05:04.5208682Z git version 2.51.0
handle_failure	Post Checkout code	2025-10-10T10:05:04.5270810Z Temporarily overriding HOME='/home/runner/_work/_temp/68f60f68-6eae-4358-b642-3287eb05dd01' before making global git config changes
handle_failure	Post Checkout code	2025-10-10T10:05:04.5272267Z Adding repository directory to the temporary git global config as a safe directory
handle_failure	Post Checkout code	2025-10-10T10:05:04.5282210Z [command]/usr/bin/git config --global --add safe.directory /home/runner/_work/ka0s/ka0s
handle_failure	Post Checkout code	2025-10-10T10:05:04.5336343Z [command]/usr/bin/git config --local --name-only --get-regexp core\.sshCommand
handle_failure	Post Checkout code	2025-10-10T10:05:04.5394414Z [command]/usr/bin/git submodule foreach --recursive sh -c "git config --local --name-only --get-regexp 'core\.sshCommand' && git config --local --unset-all 'core.sshCommand' || :"
handle_failure	Post Checkout code	2025-10-10T10:05:04.5758623Z [command]/usr/bin/git config --local --name-only --get-regexp http\.https\:\/\/github\.com\/\.extraheader
handle_failure	Post Checkout code	2025-10-10T10:05:04.5792727Z http.https://github.com/.extraheader
handle_failure	Post Checkout code	2025-10-10T10:05:04.5815200Z [command]/usr/bin/git config --local --unset-all http.https://github.com/.extraheader
handle_failure	Post Checkout code	2025-10-10T10:05:04.5869827Z [command]/usr/bin/git submodule foreach --recursive sh -c "git config --local --name-only --get-regexp 'http\.https\:\/\/github\.com\/\.extraheader' && git config --local --unset-all 'http.https://github.com/.extraheader' || :"
handle_failure	Complete job	﻿2025-10-10T10:05:04.6386171Z Cleaning up orphan processes
end-workflow	Set up job	﻿2025-10-10T10:05:33.6752805Z Current runner version: '2.328.0'
end-workflow	Set up job	2025-10-10T10:05:33.6759754Z Runner name: '3ed0481857d5'
end-workflow	Set up job	2025-10-10T10:05:33.6760804Z Runner group name: 'swarm-runners'
end-workflow	Set up job	2025-10-10T10:05:33.6761897Z Machine name: '3ed0481857d5'
end-workflow	Set up job	2025-10-10T10:05:33.6765294Z ##[group]GITHUB_TOKEN Permissions
end-workflow	Set up job	2025-10-10T10:05:33.6767779Z Actions: write
end-workflow	Set up job	2025-10-10T10:05:33.6768242Z Contents: write
end-workflow	Set up job	2025-10-10T10:05:33.6768667Z Issues: write
end-workflow	Set up job	2025-10-10T10:05:33.6769079Z Metadata: read
end-workflow	Set up job	2025-10-10T10:05:33.6769488Z ##[endgroup]
end-workflow	Set up job	2025-10-10T10:05:33.6771482Z Secret source: Actions
end-workflow	Set up job	2025-10-10T10:05:33.6772085Z Prepare workflow directory
end-workflow	Set up job	2025-10-10T10:05:33.7351128Z Prepare all required actions
end-workflow	Set up job	2025-10-10T10:05:33.7391081Z Getting action download info
end-workflow	Set up job	2025-10-10T10:05:34.3219391Z Download action repository 'actions/checkout@v4' (SHA:08eba0b27e820071cde6df949e0beb9ba4906955)
end-workflow	Set up job	2025-10-10T10:05:35.2647929Z Complete job name: end-workflow
end-workflow	Checkout code	﻿2025-10-10T10:05:35.3228460Z ##[group]Run actions/checkout@v4
end-workflow	Checkout code	2025-10-10T10:05:35.3229471Z with:
end-workflow	Checkout code	2025-10-10T10:05:35.3229980Z   fetch-depth: 0
end-workflow	Checkout code	2025-10-10T10:05:35.3230713Z   token: ***
end-workflow	Checkout code	2025-10-10T10:05:35.3231174Z   repository: Ka0s-Klaus/ka0s
end-workflow	Checkout code	2025-10-10T10:05:35.3231695Z   ssh-strict: true
end-workflow	Checkout code	2025-10-10T10:05:35.3232141Z   ssh-user: git
end-workflow	Checkout code	2025-10-10T10:05:35.3232601Z   persist-credentials: true
end-workflow	Checkout code	2025-10-10T10:05:35.3233106Z   clean: true
end-workflow	Checkout code	2025-10-10T10:05:35.3233975Z   sparse-checkout-cone-mode: true
end-workflow	Checkout code	2025-10-10T10:05:35.3234558Z   fetch-tags: false
end-workflow	Checkout code	2025-10-10T10:05:35.3235144Z   show-progress: true
end-workflow	Checkout code	2025-10-10T10:05:35.3235607Z   lfs: false
end-workflow	Checkout code	2025-10-10T10:05:35.3236036Z   submodules: false
end-workflow	Checkout code	2025-10-10T10:05:35.3236520Z   set-safe-directory: true
end-workflow	Checkout code	2025-10-10T10:05:35.3237275Z env:
end-workflow	Checkout code	2025-10-10T10:05:35.3237724Z   KAOS_MODULE: [Ka0S] VERSION
end-workflow	Checkout code	2025-10-10T10:05:35.3238427Z   GH_TOKEN: ***
end-workflow	Checkout code	2025-10-10T10:05:35.3238894Z   PATH_RESUME: core/config/
end-workflow	Checkout code	2025-10-10T10:05:35.3239450Z   KAOS_REPO: /actions-runner/_work/kaos/kaos
end-workflow	Checkout code	2025-10-10T10:05:35.3240044Z   KAOS_STEP_MODULE: 
end-workflow	Checkout code	2025-10-10T10:05:35.3240548Z   KAOS_CODE: 18403263150
end-workflow	Checkout code	2025-10-10T10:05:35.3241039Z   GH_VERSION: 
end-workflow	Checkout code	2025-10-10T10:05:35.3241466Z ##[endgroup]
end-workflow	Checkout code	2025-10-10T10:05:35.4432319Z Syncing repository: Ka0s-Klaus/ka0s
end-workflow	Checkout code	2025-10-10T10:05:35.4434673Z ##[group]Getting Git version info
end-workflow	Checkout code	2025-10-10T10:05:35.4435428Z Working directory is '/home/runner/_work/ka0s/ka0s'
end-workflow	Checkout code	2025-10-10T10:05:35.4436452Z [command]/usr/bin/git version
end-workflow	Checkout code	2025-10-10T10:05:35.4437015Z git version 2.51.0
end-workflow	Checkout code	2025-10-10T10:05:35.4454704Z ##[endgroup]
end-workflow	Checkout code	2025-10-10T10:05:35.4474407Z Copying '/home/runner/.gitconfig' to '/home/runner/_work/_temp/f67dd573-c5c0-47f7-9c2c-0a8d6cb41568/.gitconfig'
end-workflow	Checkout code	2025-10-10T10:05:35.4488043Z Temporarily overriding HOME='/home/runner/_work/_temp/f67dd573-c5c0-47f7-9c2c-0a8d6cb41568' before making global git config changes
end-workflow	Checkout code	2025-10-10T10:05:35.4489803Z Adding repository directory to the temporary git global config as a safe directory
end-workflow	Checkout code	2025-10-10T10:05:35.4493620Z [command]/usr/bin/git config --global --add safe.directory /home/runner/_work/ka0s/ka0s
end-workflow	Checkout code	2025-10-10T10:05:35.4535231Z [command]/usr/bin/git config --local --get remote.origin.url
end-workflow	Checkout code	2025-10-10T10:05:35.4558275Z https://github.com/Ka0s-Klaus/ka0s
end-workflow	Checkout code	2025-10-10T10:05:35.4579480Z ##[group]Removing previously created refs, to avoid conflicts
end-workflow	Checkout code	2025-10-10T10:05:35.4583188Z [command]/usr/bin/git rev-parse --symbolic-full-name --verify --quiet HEAD
end-workflow	Checkout code	2025-10-10T10:05:35.4607280Z HEAD
end-workflow	Checkout code	2025-10-10T10:05:35.4651715Z ##[endgroup]
end-workflow	Checkout code	2025-10-10T10:05:35.4655786Z [command]/usr/bin/git submodule status
end-workflow	Checkout code	2025-10-10T10:05:35.4904509Z ##[group]Cleaning the repository
end-workflow	Checkout code	2025-10-10T10:05:35.4907553Z [command]/usr/bin/git clean -ffdx
end-workflow	Checkout code	2025-10-10T10:05:35.4973112Z [command]/usr/bin/git reset --hard HEAD
end-workflow	Checkout code	2025-10-10T10:05:35.5071839Z HEAD is now at b14220def Merge 35716b5dd3dfb12e7b487e396479302a049340a1 into 6db2875357dece3b24a5f3d5d5946a422c5e9e3c
end-workflow	Checkout code	2025-10-10T10:05:35.5077032Z ##[endgroup]
end-workflow	Checkout code	2025-10-10T10:05:35.5078032Z ##[group]Disabling automatic garbage collection
end-workflow	Checkout code	2025-10-10T10:05:35.5084386Z [command]/usr/bin/git config --local gc.auto 0
end-workflow	Checkout code	2025-10-10T10:05:35.5125535Z ##[endgroup]
end-workflow	Checkout code	2025-10-10T10:05:35.5126932Z ##[group]Setting up auth
end-workflow	Checkout code	2025-10-10T10:05:35.5127795Z [command]/usr/bin/git config --local --name-only --get-regexp core\.sshCommand
end-workflow	Checkout code	2025-10-10T10:05:35.5160000Z [command]/usr/bin/git submodule foreach --recursive sh -c "git config --local --name-only --get-regexp 'core\.sshCommand' && git config --local --unset-all 'core.sshCommand' || :"
end-workflow	Checkout code	2025-10-10T10:05:35.5413665Z [command]/usr/bin/git config --local --name-only --get-regexp http\.https\:\/\/github\.com\/\.extraheader
end-workflow	Checkout code	2025-10-10T10:05:35.5444459Z [command]/usr/bin/git submodule foreach --recursive sh -c "git config --local --name-only --get-regexp 'http\.https\:\/\/github\.com\/\.extraheader' && git config --local --unset-all 'http.https://github.com/.extraheader' || :"
end-workflow	Checkout code	2025-10-10T10:05:35.5693027Z [command]/usr/bin/git config --local http.https://github.com/.extraheader AUTHORIZATION: basic ***
end-workflow	Checkout code	2025-10-10T10:05:35.5734658Z ##[endgroup]
end-workflow	Checkout code	2025-10-10T10:05:35.5736058Z ##[group]Fetching the repository
end-workflow	Checkout code	2025-10-10T10:05:35.5743037Z [command]/usr/bin/git -c protocol.version=2 fetch --prune --no-recurse-submodules origin +refs/heads/*:refs/remotes/origin/* +refs/tags/*:refs/tags/* +b14220def546acb3364f9d3b66760537d838b0e1:refs/remotes/pull/2008/merge
end-workflow	Checkout code	2025-10-10T10:05:36.1228600Z From https://github.com/Ka0s-Klaus/ka0s
end-workflow	Checkout code	2025-10-10T10:05:36.1229541Z  - [deleted]             (none)     -> 0.4.10
end-workflow	Checkout code	2025-10-10T10:05:36.1475336Z ##[endgroup]
end-workflow	Checkout code	2025-10-10T10:05:36.1476608Z ##[group]Determining the checkout info
end-workflow	Checkout code	2025-10-10T10:05:36.1477462Z ##[endgroup]
end-workflow	Checkout code	2025-10-10T10:05:36.1482531Z [command]/usr/bin/git sparse-checkout disable
end-workflow	Checkout code	2025-10-10T10:05:36.1555149Z [command]/usr/bin/git config --local --unset-all extensions.worktreeConfig
end-workflow	Checkout code	2025-10-10T10:05:36.1587687Z ##[group]Checking out the ref
end-workflow	Checkout code	2025-10-10T10:05:36.1591771Z [command]/usr/bin/git checkout --progress --force refs/remotes/pull/2008/merge
end-workflow	Checkout code	2025-10-10T10:05:36.1662907Z HEAD is now at b14220def Merge 35716b5dd3dfb12e7b487e396479302a049340a1 into 6db2875357dece3b24a5f3d5d5946a422c5e9e3c
end-workflow	Checkout code	2025-10-10T10:05:36.1670811Z ##[endgroup]
end-workflow	Checkout code	2025-10-10T10:05:36.1710112Z [command]/usr/bin/git log -1 --format=%H
end-workflow	Checkout code	2025-10-10T10:05:36.1738857Z b14220def546acb3364f9d3b66760537d838b0e1
end-workflow	Finaliza el workflow	﻿2025-10-10T10:05:36.2035153Z ##[group]Run echo "End process"
end-workflow	Finaliza el workflow	2025-10-10T10:05:36.2036258Z [36;1mecho "End process"[0m
end-workflow	Finaliza el workflow	2025-10-10T10:05:36.2036923Z [36;1mRNNUMBER=$(echo "refs/pull/2008/merge" | grep -o '[0-9]*')[0m
end-workflow	Finaliza el workflow	2025-10-10T10:05:36.2037776Z [36;1mgh issue comment $RNNUMBER --body "Se finaliza Ka0s 18403263150"[0m
end-workflow	Finaliza el workflow	2025-10-10T10:05:36.2038963Z [36;1mgh workflow run inspector.yml --ref 'main' -f kaos-issue-id=$RNNUMBER -f kaos-workflow-id="18403263150" -f kaos-user-start=""[0m
end-workflow	Finaliza el workflow	2025-10-10T10:05:36.2054456Z shell: /usr/bin/bash -e {0}
end-workflow	Finaliza el workflow	2025-10-10T10:05:36.2055027Z env:
end-workflow	Finaliza el workflow	2025-10-10T10:05:36.2055460Z   KAOS_MODULE: [Ka0S] VERSION
end-workflow	Finaliza el workflow	2025-10-10T10:05:36.2056248Z   GH_TOKEN: ***
end-workflow	Finaliza el workflow	2025-10-10T10:05:36.2056705Z   PATH_RESUME: core/config/
end-workflow	Finaliza el workflow	2025-10-10T10:05:36.2057257Z   KAOS_REPO: /actions-runner/_work/kaos/kaos
end-workflow	Finaliza el workflow	2025-10-10T10:05:36.2057851Z   KAOS_STEP_MODULE: 
end-workflow	Finaliza el workflow	2025-10-10T10:05:36.2058340Z   KAOS_CODE: 18403263150
end-workflow	Finaliza el workflow	2025-10-10T10:05:36.2058800Z   GH_VERSION: 
end-workflow	Finaliza el workflow	2025-10-10T10:05:36.2059223Z ##[endgroup]
end-workflow	Finaliza el workflow	2025-10-10T10:05:36.2119533Z End process
end-workflow	Finaliza el workflow	2025-10-10T10:05:37.2712030Z https://github.com/Ka0s-Klaus/ka0s/pull/2008#issuecomment-3389174770
end-workflow	Post Checkout code	﻿2025-10-10T10:05:37.9897512Z Post job cleanup.
end-workflow	Post Checkout code	2025-10-10T10:05:38.0899899Z [command]/usr/bin/git version
end-workflow	Post Checkout code	2025-10-10T10:05:38.0937784Z git version 2.51.0
end-workflow	Post Checkout code	2025-10-10T10:05:38.0978162Z Copying '/home/runner/.gitconfig' to '/home/runner/_work/_temp/64755461-11e9-490d-9583-3b172d903b18/.gitconfig'
end-workflow	Post Checkout code	2025-10-10T10:05:38.0990332Z Temporarily overriding HOME='/home/runner/_work/_temp/64755461-11e9-490d-9583-3b172d903b18' before making global git config changes
end-workflow	Post Checkout code	2025-10-10T10:05:38.0992145Z Adding repository directory to the temporary git global config as a safe directory
end-workflow	Post Checkout code	2025-10-10T10:05:38.0996307Z [command]/usr/bin/git config --global --add safe.directory /home/runner/_work/ka0s/ka0s
end-workflow	Post Checkout code	2025-10-10T10:05:38.1043217Z [command]/usr/bin/git config --local --name-only --get-regexp core\.sshCommand
end-workflow	Post Checkout code	2025-10-10T10:05:38.1081759Z [command]/usr/bin/git submodule foreach --recursive sh -c "git config --local --name-only --get-regexp 'core\.sshCommand' && git config --local --unset-all 'core.sshCommand' || :"
end-workflow	Post Checkout code	2025-10-10T10:05:38.1339903Z [command]/usr/bin/git config --local --name-only --get-regexp http\.https\:\/\/github\.com\/\.extraheader
end-workflow	Post Checkout code	2025-10-10T10:05:38.1363988Z http.https://github.com/.extraheader
end-workflow	Post Checkout code	2025-10-10T10:05:38.1377503Z [command]/usr/bin/git config --local --unset-all http.https://github.com/.extraheader
end-workflow	Post Checkout code	2025-10-10T10:05:38.1413619Z [command]/usr/bin/git submodule foreach --recursive sh -c "git config --local --name-only --get-regexp 'http\.https\:\/\/github\.com\/\.extraheader' && git config --local --unset-all 'http.https://github.com/.extraheader' || :"
end-workflow	Complete job	﻿2025-10-10T10:05:38.1796084Z Cleaning up orphan processes
