job-core	Set up job	﻿2025-10-10T14:16:07.8555534Z Current runner version: '2.328.0'
job-core	Set up job	2025-10-10T14:16:07.8681909Z Runner name: '16d675845373'
job-core	Set up job	2025-10-10T14:16:07.8683701Z Runner group name: 'swarm-runners'
job-core	Set up job	2025-10-10T14:16:07.8685694Z Machine name: '16d675845373'
job-core	Set up job	2025-10-10T14:16:07.8758527Z ##[group]GITHUB_TOKEN Permissions
job-core	Set up job	2025-10-10T14:16:07.8780728Z Actions: write
job-core	Set up job	2025-10-10T14:16:07.8991028Z Contents: read
job-core	Set up job	2025-10-10T14:16:07.8992910Z Issues: write
job-core	Set up job	2025-10-10T14:16:07.8994534Z Metadata: read
job-core	Set up job	2025-10-10T14:16:07.8996249Z ##[endgroup]
job-core	Set up job	2025-10-10T14:16:07.9004048Z Secret source: Actions
job-core	Set up job	2025-10-10T14:16:07.9006636Z Prepare workflow directory
job-core	Set up job	2025-10-10T14:16:08.1707168Z Prepare all required actions
job-core	Set up job	2025-10-10T14:16:08.1971593Z Getting action download info
job-core	Set up job	2025-10-10T14:16:09.4358326Z Download action repository 'actions/checkout@v4' (SHA:08eba0b27e820071cde6df949e0beb9ba4906955)
job-core	Set up job	2025-10-10T14:16:10.3873151Z Download action repository 'docker/login-action@v3' (SHA:5e57cd118135c172c3672efd75eb46360885c0ef)
job-core	Set up job	2025-10-10T14:16:11.9732830Z Complete job name: job-core
job-core	Checkout code	﻿2025-10-10T14:16:12.1837811Z ##[group]Run actions/checkout@v4
job-core	Checkout code	2025-10-10T14:16:12.1840681Z with:
job-core	Checkout code	2025-10-10T14:16:12.1842354Z   fetch-depth: 0
job-core	Checkout code	2025-10-10T14:16:12.1844680Z   token: ***
job-core	Checkout code	2025-10-10T14:16:12.1846134Z   repository: Ka0s-Klaus/ka0s
job-core	Checkout code	2025-10-10T14:16:12.1847897Z   ssh-strict: true
job-core	Checkout code	2025-10-10T14:16:12.1849330Z   ssh-user: git
job-core	Checkout code	2025-10-10T14:16:12.1851234Z   persist-credentials: true
job-core	Checkout code	2025-10-10T14:16:12.1853029Z   clean: true
job-core	Checkout code	2025-10-10T14:16:12.1854665Z   sparse-checkout-cone-mode: true
job-core	Checkout code	2025-10-10T14:16:12.1856601Z   fetch-tags: false
job-core	Checkout code	2025-10-10T14:16:12.1858410Z   show-progress: true
job-core	Checkout code	2025-10-10T14:16:12.1861089Z   lfs: false
job-core	Checkout code	2025-10-10T14:16:12.1864410Z   submodules: false
job-core	Checkout code	2025-10-10T14:16:12.1868011Z   set-safe-directory: true
job-core	Checkout code	2025-10-10T14:16:12.1871809Z env:
job-core	Checkout code	2025-10-10T14:16:12.1876390Z   GITHUB_TOKEN: ***
job-core	Checkout code	2025-10-10T14:16:12.1878620Z   KAOS_MODULE: [Ka0s] Personalized Image Runners
job-core	Checkout code	2025-10-10T14:16:12.1881270Z   KAOS_CODE: 18409218591
job-core	Checkout code	2025-10-10T14:16:12.1896138Z   KAOS_PATH_SCAN: audit/scan/
job-core	Checkout code	2025-10-10T14:16:12.1900269Z ##[endgroup]
job-core	Checkout code	2025-10-10T14:16:12.4605515Z Syncing repository: Ka0s-Klaus/ka0s
job-core	Checkout code	2025-10-10T14:16:12.4611565Z ##[group]Getting Git version info
job-core	Checkout code	2025-10-10T14:16:12.4614347Z Working directory is '/home/runner/_work/ka0s/ka0s'
job-core	Checkout code	2025-10-10T14:16:12.4618339Z [command]/usr/bin/git version
job-core	Checkout code	2025-10-10T14:16:12.4621421Z git version 2.51.0
job-core	Checkout code	2025-10-10T14:16:12.4644109Z ##[endgroup]
job-core	Checkout code	2025-10-10T14:16:12.4691326Z Temporarily overriding HOME='/home/runner/_work/_temp/cb18de8f-1df9-4366-a3c0-d7c178d47ca4' before making global git config changes
job-core	Checkout code	2025-10-10T14:16:12.4698163Z Adding repository directory to the temporary git global config as a safe directory
job-core	Checkout code	2025-10-10T14:16:12.4710289Z [command]/usr/bin/git config --global --add safe.directory /home/runner/_work/ka0s/ka0s
job-core	Checkout code	2025-10-10T14:16:12.4892246Z Deleting the contents of '/home/runner/_work/ka0s/ka0s'
job-core	Checkout code	2025-10-10T14:16:12.4940846Z ##[group]Initializing the repository
job-core	Checkout code	2025-10-10T14:16:12.4959009Z [command]/usr/bin/git init /home/runner/_work/ka0s/ka0s
job-core	Checkout code	2025-10-10T14:16:12.5242118Z hint: Using 'master' as the name for the initial branch. This default branch name
job-core	Checkout code	2025-10-10T14:16:12.5249808Z hint: is subject to change. To configure the initial branch name to use in all
job-core	Checkout code	2025-10-10T14:16:12.5299105Z hint: of your new repositories, which will suppress this warning, call:
job-core	Checkout code	2025-10-10T14:16:12.5302914Z hint:
job-core	Checkout code	2025-10-10T14:16:12.5305089Z hint: 	git config --global init.defaultBranch <name>
job-core	Checkout code	2025-10-10T14:16:12.5307769Z hint:
job-core	Checkout code	2025-10-10T14:16:12.5310600Z hint: Names commonly chosen instead of 'master' are 'main', 'trunk' and
job-core	Checkout code	2025-10-10T14:16:12.5316565Z hint: 'development'. The just-created branch can be renamed via this command:
job-core	Checkout code	2025-10-10T14:16:12.5333560Z hint:
job-core	Checkout code	2025-10-10T14:16:12.5336229Z hint: 	git branch -m <name>
job-core	Checkout code	2025-10-10T14:16:12.5339314Z hint:
job-core	Checkout code	2025-10-10T14:16:12.5342158Z hint: Disable this message with "git config set advice.defaultBranchName false"
job-core	Checkout code	2025-10-10T14:16:12.5346328Z Initialized empty Git repository in /home/runner/_work/ka0s/ka0s/.git/
job-core	Checkout code	2025-10-10T14:16:12.5354283Z [command]/usr/bin/git remote add origin https://github.com/Ka0s-Klaus/ka0s
job-core	Checkout code	2025-10-10T14:16:12.6025249Z ##[endgroup]
job-core	Checkout code	2025-10-10T14:16:12.6028758Z ##[group]Disabling automatic garbage collection
job-core	Checkout code	2025-10-10T14:16:12.6032028Z [command]/usr/bin/git config --local gc.auto 0
job-core	Checkout code	2025-10-10T14:16:12.6353734Z ##[endgroup]
job-core	Checkout code	2025-10-10T14:16:12.6358055Z ##[group]Setting up auth
job-core	Checkout code	2025-10-10T14:16:12.6362648Z [command]/usr/bin/git config --local --name-only --get-regexp core\.sshCommand
job-core	Checkout code	2025-10-10T14:16:12.6427073Z [command]/usr/bin/git submodule foreach --recursive sh -c "git config --local --name-only --get-regexp 'core\.sshCommand' && git config --local --unset-all 'core.sshCommand' || :"
job-core	Checkout code	2025-10-10T14:16:12.6992567Z [command]/usr/bin/git config --local --name-only --get-regexp http\.https\:\/\/github\.com\/\.extraheader
job-core	Checkout code	2025-10-10T14:16:12.7077225Z [command]/usr/bin/git submodule foreach --recursive sh -c "git config --local --name-only --get-regexp 'http\.https\:\/\/github\.com\/\.extraheader' && git config --local --unset-all 'http.https://github.com/.extraheader' || :"
job-core	Checkout code	2025-10-10T14:16:12.7567735Z [command]/usr/bin/git config --local http.https://github.com/.extraheader AUTHORIZATION: basic ***
job-core	Checkout code	2025-10-10T14:16:12.7666946Z ##[endgroup]
job-core	Checkout code	2025-10-10T14:16:12.7676205Z ##[group]Fetching the repository
job-core	Checkout code	2025-10-10T14:16:12.7710862Z [command]/usr/bin/git -c protocol.version=2 fetch --prune --no-recurse-submodules origin +refs/heads/*:refs/remotes/origin/* +refs/tags/*:refs/tags/*
job-core	Checkout code	2025-10-10T14:16:56.3256941Z From https://github.com/Ka0s-Klaus/ka0s
job-core	Checkout code	2025-10-10T14:16:56.3259186Z  * [new branch]          F1149-desarrollo-de-orchestrator -> origin/F1149-desarrollo-de-orchestrator
job-core	Checkout code	2025-10-10T14:16:56.3292443Z  * [new branch]          F1183-personalización-módulo-finops -> origin/F1183-personalización-módulo-finops
job-core	Checkout code	2025-10-10T14:16:56.3294286Z  * [new branch]          F1224-new-module-mongodb -> origin/F1224-new-module-mongodb
job-core	Checkout code	2025-10-10T14:16:56.3295771Z  * [new branch]          F220-web-de-resultados  -> origin/F220-web-de-resultados
job-core	Checkout code	2025-10-10T14:16:56.3298034Z  * [new branch]          F227-despliegue-de-kube-independiente-del-clouder -> origin/F227-despliegue-de-kube-independiente-del-clouder
job-core	Checkout code	2025-10-10T14:16:56.3300717Z  * [new branch]          F329-documentacion-metodologia-de-kaos -> origin/F329-documentacion-metodologia-de-kaos
job-core	Checkout code	2025-10-10T14:16:56.3303071Z  * [new branch]          F44-creación-módulo-versionado -> origin/F44-creación-módulo-versionado
job-core	Checkout code	2025-10-10T14:16:56.3356093Z  * [new branch]          H1128-módulo-de-observabilidad -> origin/H1128-módulo-de-observabilidad
job-core	Checkout code	2025-10-10T14:16:56.3358353Z  * [new branch]          H1139-como-instalar-arc-control -> origin/H1139-como-instalar-arc-control
job-core	Checkout code	2025-10-10T14:16:56.3360086Z  * [new branch]          H1149-desarrollo-de-orchestrator -> origin/H1149-desarrollo-de-orchestrator
job-core	Checkout code	2025-10-10T14:16:56.3361648Z  * [new branch]          H1150-desarrollo-de-secciones -> origin/H1150-desarrollo-de-secciones
job-core	Checkout code	2025-10-10T14:16:56.3363184Z  * [new branch]          H1151-desarrollo-de-secciones-ii -> origin/H1151-desarrollo-de-secciones-ii
job-core	Checkout code	2025-10-10T14:16:56.3364783Z  * [new branch]          H1152-desarrollo-inicio -> origin/H1152-desarrollo-inicio
job-core	Checkout code	2025-10-10T14:16:56.3366956Z  * [new branch]          H1183-personalización-módulo-finops -> origin/H1183-personalización-módulo-finops
job-core	Checkout code	2025-10-10T14:16:56.3368867Z  * [new branch]          H1193-ejemplo-web-documentacion -> origin/H1193-ejemplo-web-documentacion
job-core	Checkout code	2025-10-10T14:16:56.3370577Z  * [new branch]          H1205-web-creation      -> origin/H1205-web-creation
job-core	Checkout code	2025-10-10T14:16:56.3372029Z  * [new branch]          H1224-new-module-mongodb -> origin/H1224-new-module-mongodb
job-core	Checkout code	2025-10-10T14:16:56.3373386Z  * [new branch]          H1410-modulo-execution  -> origin/H1410-modulo-execution
job-core	Checkout code	2025-10-10T14:16:56.3375941Z  * [new branch]          H1514-new-swarm-deployment-stack-with-actions-runners-autoscale -> origin/H1514-new-swarm-deployment-stack-with-actions-runners-autoscale
job-core	Checkout code	2025-10-10T14:16:56.3379332Z  * [new branch]          H1968-modulo-personalización-del-portal-de-kaos-core -> origin/H1968-modulo-personalización-del-portal-de-kaos-core
job-core	Checkout code	2025-10-10T14:16:56.3658675Z  * [new branch]          H215-modulo-de-summary  -> origin/H215-modulo-de-summary
job-core	Checkout code	2025-10-10T14:16:56.3663216Z  * [new branch]          H220-web-de-resultados  -> origin/H220-web-de-resultados
job-core	Checkout code	2025-10-10T14:16:56.3669410Z  * [new branch]          H227-despliegue-de-kube-independiente-del-clouder -> origin/H227-despliegue-de-kube-independiente-del-clouder
job-core	Checkout code	2025-10-10T14:16:56.3676200Z  * [new branch]          H306-ficheros-de-estadisticas -> origin/H306-ficheros-de-estadisticas
job-core	Checkout code	2025-10-10T14:16:56.3715351Z  * [new branch]          H328-documentacion-modulo-principal-de-kaos -> origin/H328-documentacion-modulo-principal-de-kaos
job-core	Checkout code	2025-10-10T14:16:56.3726343Z  * [new branch]          H329-documentacion-metodologia-de-kaos -> origin/H329-documentacion-metodologia-de-kaos
job-core	Checkout code	2025-10-10T14:16:56.3738523Z  * [new branch]          H338-relanzador-de-jobs-en-caso-de-pattern -> origin/H338-relanzador-de-jobs-en-caso-de-pattern
job-core	Checkout code	2025-10-10T14:16:56.3751979Z  * [new branch]          H38-documentacion-basica-del-proyecto -> origin/H38-documentacion-basica-del-proyecto
job-core	Checkout code	2025-10-10T14:16:56.3764117Z  * [new branch]          H44-creación-módulo-versionado -> origin/H44-creación-módulo-versionado
job-core	Checkout code	2025-10-10T14:16:56.3774082Z  * [new branch]          RN1149-desarrollo-de-orchestrator -> origin/RN1149-desarrollo-de-orchestrator
job-core	Checkout code	2025-10-10T14:16:56.3785943Z  * [new branch]          RN1183-personalización-módulo-finops -> origin/RN1183-personalización-módulo-finops
job-core	Checkout code	2025-10-10T14:16:56.3801347Z  * [new branch]          RN1282-ka0s-error-detected-in-ka0s-workflow-statistics-summary -> origin/RN1282-ka0s-error-detected-in-ka0s-workflow-statistics-summary
job-core	Checkout code	2025-10-10T14:16:56.3814025Z  * [new branch]          RN220-web-de-resultados -> origin/RN220-web-de-resultados
job-core	Checkout code	2025-10-10T14:16:56.3830456Z  * [new branch]          RN227-despliegue-de-kube-independiente-del-clouder -> origin/RN227-despliegue-de-kube-independiente-del-clouder
job-core	Checkout code	2025-10-10T14:16:56.3843820Z  * [new branch]          RN329-documentacion-metodologia-de-kaos -> origin/RN329-documentacion-metodologia-de-kaos
job-core	Checkout code	2025-10-10T14:16:56.3853094Z  * [new branch]          main                    -> origin/main
job-core	Checkout code	2025-10-10T14:16:56.3858764Z  * [new tag]             0.0.0                   -> 0.0.0
job-core	Checkout code	2025-10-10T14:16:56.3864236Z  * [new tag]             0.0.1                   -> 0.0.1
job-core	Checkout code	2025-10-10T14:16:56.3869415Z  * [new tag]             0.0.10                  -> 0.0.10
job-core	Checkout code	2025-10-10T14:16:56.3874776Z  * [new tag]             0.0.100                 -> 0.0.100
job-core	Checkout code	2025-10-10T14:16:56.3880148Z  * [new tag]             0.0.101                 -> 0.0.101
job-core	Checkout code	2025-10-10T14:16:56.3885357Z  * [new tag]             0.0.102                 -> 0.0.102
job-core	Checkout code	2025-10-10T14:16:56.3890940Z  * [new tag]             0.0.103                 -> 0.0.103
job-core	Checkout code	2025-10-10T14:16:56.3896165Z  * [new tag]             0.0.104                 -> 0.0.104
job-core	Checkout code	2025-10-10T14:16:56.3901487Z  * [new tag]             0.0.105                 -> 0.0.105
job-core	Checkout code	2025-10-10T14:16:56.3906769Z  * [new tag]             0.0.106                 -> 0.0.106
job-core	Checkout code	2025-10-10T14:16:56.3912097Z  * [new tag]             0.0.107                 -> 0.0.107
job-core	Checkout code	2025-10-10T14:16:56.3917329Z  * [new tag]             0.0.108                 -> 0.0.108
job-core	Checkout code	2025-10-10T14:16:56.3922662Z  * [new tag]             0.0.109                 -> 0.0.109
job-core	Checkout code	2025-10-10T14:16:56.3927842Z  * [new tag]             0.0.11                  -> 0.0.11
job-core	Checkout code	2025-10-10T14:16:56.3933540Z  * [new tag]             0.0.110                 -> 0.0.110
job-core	Checkout code	2025-10-10T14:16:56.3966276Z  * [new tag]             0.0.111                 -> 0.0.111
job-core	Checkout code	2025-10-10T14:16:56.3971058Z  * [new tag]             0.0.112                 -> 0.0.112
job-core	Checkout code	2025-10-10T14:16:56.3975446Z  * [new tag]             0.0.113                 -> 0.0.113
job-core	Checkout code	2025-10-10T14:16:56.3979919Z  * [new tag]             0.0.114                 -> 0.0.114
job-core	Checkout code	2025-10-10T14:16:56.3985638Z  * [new tag]             0.0.115                 -> 0.0.115
job-core	Checkout code	2025-10-10T14:16:56.3991705Z  * [new tag]             0.0.116                 -> 0.0.116
job-core	Checkout code	2025-10-10T14:16:56.3996482Z  * [new tag]             0.0.117                 -> 0.0.117
job-core	Checkout code	2025-10-10T14:16:56.4001367Z  * [new tag]             0.0.118                 -> 0.0.118
job-core	Checkout code	2025-10-10T14:16:56.4005830Z  * [new tag]             0.0.119                 -> 0.0.119
job-core	Checkout code	2025-10-10T14:16:56.4010814Z  * [new tag]             0.0.12                  -> 0.0.12
job-core	Checkout code	2025-10-10T14:16:56.4015266Z  * [new tag]             0.0.120                 -> 0.0.120
job-core	Checkout code	2025-10-10T14:16:56.4020216Z  * [new tag]             0.0.121                 -> 0.0.121
job-core	Checkout code	2025-10-10T14:16:56.4024500Z  * [new tag]             0.0.122                 -> 0.0.122
job-core	Checkout code	2025-10-10T14:16:56.4029337Z  * [new tag]             0.0.123                 -> 0.0.123
job-core	Checkout code	2025-10-10T14:16:56.4035340Z  * [new tag]             0.0.124                 -> 0.0.124
job-core	Checkout code	2025-10-10T14:16:56.4041234Z  * [new tag]             0.0.125                 -> 0.0.125
job-core	Checkout code	2025-10-10T14:16:56.4046514Z  * [new tag]             0.0.126                 -> 0.0.126
job-core	Checkout code	2025-10-10T14:16:56.4052093Z  * [new tag]             0.0.127                 -> 0.0.127
job-core	Checkout code	2025-10-10T14:16:56.4056557Z  * [new tag]             0.0.128                 -> 0.0.128
job-core	Checkout code	2025-10-10T14:16:56.4061324Z  * [new tag]             0.0.129                 -> 0.0.129
job-core	Checkout code	2025-10-10T14:16:56.4067056Z  * [new tag]             0.0.13                  -> 0.0.13
job-core	Checkout code	2025-10-10T14:16:56.4070604Z  * [new tag]             0.0.130                 -> 0.0.130
job-core	Checkout code	2025-10-10T14:16:56.4073746Z  * [new tag]             0.0.131                 -> 0.0.131
job-core	Checkout code	2025-10-10T14:16:56.4076820Z  * [new tag]             0.0.132                 -> 0.0.132
job-core	Checkout code	2025-10-10T14:16:56.4080115Z  * [new tag]             0.0.133                 -> 0.0.133
job-core	Checkout code	2025-10-10T14:16:56.4083201Z  * [new tag]             0.0.134                 -> 0.0.134
job-core	Checkout code	2025-10-10T14:16:56.4086223Z  * [new tag]             0.0.135                 -> 0.0.135
job-core	Checkout code	2025-10-10T14:16:56.4089270Z  * [new tag]             0.0.136                 -> 0.0.136
job-core	Checkout code	2025-10-10T14:16:56.4134593Z  * [new tag]             0.0.137                 -> 0.0.137
job-core	Checkout code	2025-10-10T14:16:56.4136687Z  * [new tag]             0.0.138                 -> 0.0.138
job-core	Checkout code	2025-10-10T14:16:56.4139062Z  * [new tag]             0.0.139                 -> 0.0.139
job-core	Checkout code	2025-10-10T14:16:56.4141583Z  * [new tag]             0.0.14                  -> 0.0.14
job-core	Checkout code	2025-10-10T14:16:56.4144177Z  * [new tag]             0.0.140                 -> 0.0.140
job-core	Checkout code	2025-10-10T14:16:56.4146545Z  * [new tag]             0.0.141                 -> 0.0.141
job-core	Checkout code	2025-10-10T14:16:56.4148718Z  * [new tag]             0.0.142                 -> 0.0.142
job-core	Checkout code	2025-10-10T14:16:56.4150485Z  * [new tag]             0.0.143                 -> 0.0.143
job-core	Checkout code	2025-10-10T14:16:56.4152208Z  * [new tag]             0.0.144                 -> 0.0.144
job-core	Checkout code	2025-10-10T14:16:56.4154040Z  * [new tag]             0.0.145                 -> 0.0.145
job-core	Checkout code	2025-10-10T14:16:56.4155902Z  * [new tag]             0.0.146                 -> 0.0.146
job-core	Checkout code	2025-10-10T14:16:56.4316282Z  * [new tag]             0.0.147                 -> 0.0.147
job-core	Checkout code	2025-10-10T14:16:56.4318734Z  * [new tag]             0.0.148                 -> 0.0.148
job-core	Checkout code	2025-10-10T14:16:56.4320678Z  * [new tag]             0.0.149                 -> 0.0.149
job-core	Checkout code	2025-10-10T14:16:56.4322099Z  * [new tag]             0.0.15                  -> 0.0.15
job-core	Checkout code	2025-10-10T14:16:56.4324256Z  * [new tag]             0.0.150                 -> 0.0.150
job-core	Checkout code	2025-10-10T14:16:56.4332794Z  * [new tag]             0.0.151                 -> 0.0.151
job-core	Checkout code	2025-10-10T14:16:56.4334461Z  * [new tag]             0.0.152                 -> 0.0.152
job-core	Checkout code	2025-10-10T14:16:56.4335970Z  * [new tag]             0.0.153                 -> 0.0.153
job-core	Checkout code	2025-10-10T14:16:56.4337452Z  * [new tag]             0.0.154                 -> 0.0.154
job-core	Checkout code	2025-10-10T14:16:56.4338843Z  * [new tag]             0.0.155                 -> 0.0.155
job-core	Checkout code	2025-10-10T14:16:56.4353593Z  * [new tag]             0.0.156                 -> 0.0.156
job-core	Checkout code	2025-10-10T14:16:56.4355218Z  * [new tag]             0.0.157                 -> 0.0.157
job-core	Checkout code	2025-10-10T14:16:56.4356963Z  * [new tag]             0.0.158                 -> 0.0.158
job-core	Checkout code	2025-10-10T14:16:56.4358348Z  * [new tag]             0.0.159                 -> 0.0.159
job-core	Checkout code	2025-10-10T14:16:56.4359319Z  * [new tag]             0.0.16                  -> 0.0.16
job-core	Checkout code	2025-10-10T14:16:56.4360790Z  * [new tag]             0.0.160                 -> 0.0.160
job-core	Checkout code	2025-10-10T14:16:56.4362157Z  * [new tag]             0.0.161                 -> 0.0.161
job-core	Checkout code	2025-10-10T14:16:56.4363435Z  * [new tag]             0.0.162                 -> 0.0.162
job-core	Checkout code	2025-10-10T14:16:56.4364746Z  * [new tag]             0.0.163                 -> 0.0.163
job-core	Checkout code	2025-10-10T14:16:56.4366087Z  * [new tag]             0.0.164                 -> 0.0.164
job-core	Checkout code	2025-10-10T14:16:56.4367355Z  * [new tag]             0.0.165                 -> 0.0.165
job-core	Checkout code	2025-10-10T14:16:56.4368688Z  * [new tag]             0.0.166                 -> 0.0.166
job-core	Checkout code	2025-10-10T14:16:56.4381124Z  * [new tag]             0.0.167                 -> 0.0.167
job-core	Checkout code	2025-10-10T14:16:56.4382361Z  * [new tag]             0.0.168                 -> 0.0.168
job-core	Checkout code	2025-10-10T14:16:56.4383758Z  * [new tag]             0.0.169                 -> 0.0.169
job-core	Checkout code	2025-10-10T14:16:56.4384766Z  * [new tag]             0.0.17                  -> 0.0.17
job-core	Checkout code	2025-10-10T14:16:56.4385743Z  * [new tag]             0.0.170                 -> 0.0.170
job-core	Checkout code	2025-10-10T14:16:56.4386715Z  * [new tag]             0.0.171                 -> 0.0.171
job-core	Checkout code	2025-10-10T14:16:56.4387671Z  * [new tag]             0.0.172                 -> 0.0.172
job-core	Checkout code	2025-10-10T14:16:56.4388721Z  * [new tag]             0.0.173                 -> 0.0.173
job-core	Checkout code	2025-10-10T14:16:56.4389822Z  * [new tag]             0.0.174                 -> 0.0.174
job-core	Checkout code	2025-10-10T14:16:56.4390837Z  * [new tag]             0.0.175                 -> 0.0.175
job-core	Checkout code	2025-10-10T14:16:56.4391833Z  * [new tag]             0.0.176                 -> 0.0.176
job-core	Checkout code	2025-10-10T14:16:56.4392806Z  * [new tag]             0.0.177                 -> 0.0.177
job-core	Checkout code	2025-10-10T14:16:56.4393758Z  * [new tag]             0.0.178                 -> 0.0.178
job-core	Checkout code	2025-10-10T14:16:56.4394751Z  * [new tag]             0.0.179                 -> 0.0.179
job-core	Checkout code	2025-10-10T14:16:56.4395773Z  * [new tag]             0.0.18                  -> 0.0.18
job-core	Checkout code	2025-10-10T14:16:56.4396728Z  * [new tag]             0.0.19                  -> 0.0.19
job-core	Checkout code	2025-10-10T14:16:56.4397713Z  * [new tag]             0.0.2                   -> 0.0.2
job-core	Checkout code	2025-10-10T14:16:56.4398729Z  * [new tag]             0.0.20                  -> 0.0.20
job-core	Checkout code	2025-10-10T14:16:56.4399781Z  * [new tag]             0.0.21                  -> 0.0.21
job-core	Checkout code	2025-10-10T14:16:56.4400761Z  * [new tag]             0.0.22                  -> 0.0.22
job-core	Checkout code	2025-10-10T14:16:56.4401703Z  * [new tag]             0.0.23                  -> 0.0.23
job-core	Checkout code	2025-10-10T14:16:56.4402664Z  * [new tag]             0.0.24                  -> 0.0.24
job-core	Checkout code	2025-10-10T14:16:56.4403635Z  * [new tag]             0.0.25                  -> 0.0.25
job-core	Checkout code	2025-10-10T14:16:56.4405004Z  * [new tag]             0.0.26                  -> 0.0.26
job-core	Checkout code	2025-10-10T14:16:56.4406346Z  * [new tag]             0.0.27                  -> 0.0.27
job-core	Checkout code	2025-10-10T14:16:56.4407352Z  * [new tag]             0.0.28                  -> 0.0.28
job-core	Checkout code	2025-10-10T14:16:56.4408322Z  * [new tag]             0.0.29                  -> 0.0.29
job-core	Checkout code	2025-10-10T14:16:56.4409262Z  * [new tag]             0.0.3                   -> 0.0.3
job-core	Checkout code	2025-10-10T14:16:56.4411843Z  * [new tag]             0.0.30                  -> 0.0.30
job-core	Checkout code	2025-10-10T14:16:56.4412799Z  * [new tag]             0.0.31                  -> 0.0.31
job-core	Checkout code	2025-10-10T14:16:56.4413767Z  * [new tag]             0.0.32                  -> 0.0.32
job-core	Checkout code	2025-10-10T14:16:56.4414726Z  * [new tag]             0.0.33                  -> 0.0.33
job-core	Checkout code	2025-10-10T14:16:56.4415675Z  * [new tag]             0.0.34                  -> 0.0.34
job-core	Checkout code	2025-10-10T14:16:56.4416612Z  * [new tag]             0.0.35                  -> 0.0.35
job-core	Checkout code	2025-10-10T14:16:56.4417546Z  * [new tag]             0.0.36                  -> 0.0.36
job-core	Checkout code	2025-10-10T14:16:56.4418493Z  * [new tag]             0.0.37                  -> 0.0.37
job-core	Checkout code	2025-10-10T14:16:56.4419431Z  * [new tag]             0.0.38                  -> 0.0.38
job-core	Checkout code	2025-10-10T14:16:56.4420842Z  * [new tag]             0.0.39                  -> 0.0.39
job-core	Checkout code	2025-10-10T14:16:56.4433617Z  * [new tag]             0.0.4                   -> 0.0.4
job-core	Checkout code	2025-10-10T14:16:56.4434595Z  * [new tag]             0.0.40                  -> 0.0.40
job-core	Checkout code	2025-10-10T14:16:56.4435465Z  * [new tag]             0.0.41                  -> 0.0.41
job-core	Checkout code	2025-10-10T14:16:56.4436296Z  * [new tag]             0.0.42                  -> 0.0.42
job-core	Checkout code	2025-10-10T14:16:56.4437110Z  * [new tag]             0.0.43                  -> 0.0.43
job-core	Checkout code	2025-10-10T14:16:56.4437934Z  * [new tag]             0.0.44                  -> 0.0.44
job-core	Checkout code	2025-10-10T14:16:56.4438751Z  * [new tag]             0.0.45                  -> 0.0.45
job-core	Checkout code	2025-10-10T14:16:56.4439646Z  * [new tag]             0.0.46                  -> 0.0.46
job-core	Checkout code	2025-10-10T14:16:56.4440465Z  * [new tag]             0.0.47                  -> 0.0.47
job-core	Checkout code	2025-10-10T14:16:56.4441272Z  * [new tag]             0.0.48                  -> 0.0.48
job-core	Checkout code	2025-10-10T14:16:56.4442135Z  * [new tag]             0.0.49                  -> 0.0.49
job-core	Checkout code	2025-10-10T14:16:56.4443304Z  * [new tag]             0.0.5                   -> 0.0.5
job-core	Checkout code	2025-10-10T14:16:56.4444141Z  * [new tag]             0.0.50                  -> 0.0.50
job-core	Checkout code	2025-10-10T14:16:56.4444973Z  * [new tag]             0.0.51                  -> 0.0.51
job-core	Checkout code	2025-10-10T14:16:56.4445783Z  * [new tag]             0.0.52                  -> 0.0.52
job-core	Checkout code	2025-10-10T14:16:56.4446588Z  * [new tag]             0.0.53                  -> 0.0.53
job-core	Checkout code	2025-10-10T14:16:56.4447392Z  * [new tag]             0.0.54                  -> 0.0.54
job-core	Checkout code	2025-10-10T14:16:56.4448199Z  * [new tag]             0.0.55                  -> 0.0.55
job-core	Checkout code	2025-10-10T14:16:56.4449032Z  * [new tag]             0.0.56                  -> 0.0.56
job-core	Checkout code	2025-10-10T14:16:56.4449929Z  * [new tag]             0.0.57                  -> 0.0.57
job-core	Checkout code	2025-10-10T14:16:56.4450739Z  * [new tag]             0.0.58                  -> 0.0.58
job-core	Checkout code	2025-10-10T14:16:56.4451560Z  * [new tag]             0.0.59                  -> 0.0.59
job-core	Checkout code	2025-10-10T14:16:56.4452397Z  * [new tag]             0.0.6                   -> 0.0.6
job-core	Checkout code	2025-10-10T14:16:56.4453207Z  * [new tag]             0.0.60                  -> 0.0.60
job-core	Checkout code	2025-10-10T14:16:56.4454008Z  * [new tag]             0.0.61                  -> 0.0.61
job-core	Checkout code	2025-10-10T14:16:56.4454828Z  * [new tag]             0.0.62                  -> 0.0.62
job-core	Checkout code	2025-10-10T14:16:56.4455688Z  * [new tag]             0.0.63                  -> 0.0.63
job-core	Checkout code	2025-10-10T14:16:56.4456490Z  * [new tag]             0.0.64                  -> 0.0.64
job-core	Checkout code	2025-10-10T14:16:56.4457301Z  * [new tag]             0.0.65                  -> 0.0.65
job-core	Checkout code	2025-10-10T14:16:56.4458111Z  * [new tag]             0.0.66                  -> 0.0.66
job-core	Checkout code	2025-10-10T14:16:56.4458941Z  * [new tag]             0.0.67                  -> 0.0.67
job-core	Checkout code	2025-10-10T14:16:56.4459840Z  * [new tag]             0.0.68                  -> 0.0.68
job-core	Checkout code	2025-10-10T14:16:56.4460674Z  * [new tag]             0.0.69                  -> 0.0.69
job-core	Checkout code	2025-10-10T14:16:56.4461526Z  * [new tag]             0.0.7                   -> 0.0.7
job-core	Checkout code	2025-10-10T14:16:56.4462384Z  * [new tag]             0.0.70                  -> 0.0.70
job-core	Checkout code	2025-10-10T14:16:56.4463191Z  * [new tag]             0.0.71                  -> 0.0.71
job-core	Checkout code	2025-10-10T14:16:56.4464010Z  * [new tag]             0.0.72                  -> 0.0.72
job-core	Checkout code	2025-10-10T14:16:56.4464843Z  * [new tag]             0.0.73                  -> 0.0.73
job-core	Checkout code	2025-10-10T14:16:56.4465643Z  * [new tag]             0.0.74                  -> 0.0.74
job-core	Checkout code	2025-10-10T14:16:56.4466501Z  * [new tag]             0.0.75                  -> 0.0.75
job-core	Checkout code	2025-10-10T14:16:56.4467309Z  * [new tag]             0.0.76                  -> 0.0.76
job-core	Checkout code	2025-10-10T14:16:56.4468106Z  * [new tag]             0.0.77                  -> 0.0.77
job-core	Checkout code	2025-10-10T14:16:56.4468911Z  * [new tag]             0.0.78                  -> 0.0.78
job-core	Checkout code	2025-10-10T14:16:56.4469920Z  * [new tag]             0.0.79                  -> 0.0.79
job-core	Checkout code	2025-10-10T14:16:56.4470759Z  * [new tag]             0.0.8                   -> 0.0.8
job-core	Checkout code	2025-10-10T14:16:56.4471926Z  * [new tag]             0.0.80                  -> 0.0.80
job-core	Checkout code	2025-10-10T14:16:56.4472783Z  * [new tag]             0.0.81                  -> 0.0.81
job-core	Checkout code	2025-10-10T14:16:56.4473619Z  * [new tag]             0.0.82                  -> 0.0.82
job-core	Checkout code	2025-10-10T14:16:56.4474424Z  * [new tag]             0.0.83                  -> 0.0.83
job-core	Checkout code	2025-10-10T14:16:56.4475263Z  * [new tag]             0.0.84                  -> 0.0.84
job-core	Checkout code	2025-10-10T14:16:56.4476087Z  * [new tag]             0.0.85                  -> 0.0.85
job-core	Checkout code	2025-10-10T14:16:56.4476928Z  * [new tag]             0.0.86                  -> 0.0.86
job-core	Checkout code	2025-10-10T14:16:56.4477748Z  * [new tag]             0.0.87                  -> 0.0.87
job-core	Checkout code	2025-10-10T14:16:56.4478588Z  * [new tag]             0.0.88                  -> 0.0.88
job-core	Checkout code	2025-10-10T14:16:56.4479403Z  * [new tag]             0.0.89                  -> 0.0.89
job-core	Checkout code	2025-10-10T14:16:56.4480349Z  * [new tag]             0.0.9                   -> 0.0.9
job-core	Checkout code	2025-10-10T14:16:56.4481191Z  * [new tag]             0.0.90                  -> 0.0.90
job-core	Checkout code	2025-10-10T14:16:56.4482254Z  * [new tag]             0.0.91                  -> 0.0.91
job-core	Checkout code	2025-10-10T14:16:56.4483140Z  * [new tag]             0.0.92                  -> 0.0.92
job-core	Checkout code	2025-10-10T14:16:56.4484021Z  * [new tag]             0.0.93                  -> 0.0.93
job-core	Checkout code	2025-10-10T14:16:56.4484899Z  * [new tag]             0.0.94                  -> 0.0.94
job-core	Checkout code	2025-10-10T14:16:56.4485740Z  * [new tag]             0.0.95                  -> 0.0.95
job-core	Checkout code	2025-10-10T14:16:56.4486595Z  * [new tag]             0.0.96                  -> 0.0.96
job-core	Checkout code	2025-10-10T14:16:56.4487476Z  * [new tag]             0.0.97                  -> 0.0.97
job-core	Checkout code	2025-10-10T14:16:56.4497683Z  * [new tag]             0.0.98                  -> 0.0.98
job-core	Checkout code	2025-10-10T14:16:56.4498736Z  * [new tag]             0.0.99                  -> 0.0.99
job-core	Checkout code	2025-10-10T14:16:56.4500157Z  * [new tag]             0.1.0                   -> 0.1.0
job-core	Checkout code	2025-10-10T14:16:56.4501332Z  * [new tag]             0.1.1                   -> 0.1.1
job-core	Checkout code	2025-10-10T14:16:56.4502504Z  * [new tag]             0.2.0                   -> 0.2.0
job-core	Checkout code	2025-10-10T14:16:56.4503485Z  * [new tag]             0.3.0                   -> 0.3.0
job-core	Checkout code	2025-10-10T14:16:56.4504435Z  * [new tag]             0.3.1                   -> 0.3.1
job-core	Checkout code	2025-10-10T14:16:56.4505544Z  * [new tag]             0.3.10                  -> 0.3.10
job-core	Checkout code	2025-10-10T14:16:56.4506494Z  * [new tag]             0.3.11                  -> 0.3.11
job-core	Checkout code	2025-10-10T14:16:56.4507442Z  * [new tag]             0.3.12                  -> 0.3.12
job-core	Checkout code	2025-10-10T14:16:56.4508380Z  * [new tag]             0.3.13                  -> 0.3.13
job-core	Checkout code	2025-10-10T14:16:56.4509479Z  * [new tag]             0.3.14                  -> 0.3.14
job-core	Checkout code	2025-10-10T14:16:56.4510404Z  * [new tag]             0.3.15                  -> 0.3.15
job-core	Checkout code	2025-10-10T14:16:56.4511231Z  * [new tag]             0.3.16                  -> 0.3.16
job-core	Checkout code	2025-10-10T14:16:56.4512105Z  * [new tag]             0.3.17                  -> 0.3.17
job-core	Checkout code	2025-10-10T14:16:56.4513059Z  * [new tag]             0.3.2                   -> 0.3.2
job-core	Checkout code	2025-10-10T14:16:56.4513912Z  * [new tag]             0.3.3                   -> 0.3.3
job-core	Checkout code	2025-10-10T14:16:56.4514766Z  * [new tag]             0.3.4                   -> 0.3.4
job-core	Checkout code	2025-10-10T14:16:56.4515571Z  * [new tag]             0.3.5                   -> 0.3.5
job-core	Checkout code	2025-10-10T14:16:56.4516432Z  * [new tag]             0.3.6                   -> 0.3.6
job-core	Checkout code	2025-10-10T14:16:56.4517264Z  * [new tag]             0.3.7                   -> 0.3.7
job-core	Checkout code	2025-10-10T14:16:56.4518082Z  * [new tag]             0.3.8                   -> 0.3.8
job-core	Checkout code	2025-10-10T14:16:56.4518884Z  * [new tag]             0.3.9                   -> 0.3.9
job-core	Checkout code	2025-10-10T14:16:56.4519767Z  * [new tag]             0.4.0                   -> 0.4.0
job-core	Checkout code	2025-10-10T14:16:56.4520607Z  * [new tag]             0.4.1                   -> 0.4.1
job-core	Checkout code	2025-10-10T14:16:56.4521426Z  * [new tag]             0.4.2                   -> 0.4.2
job-core	Checkout code	2025-10-10T14:16:56.4522198Z  * [new tag]             0.4.3                   -> 0.4.3
job-core	Checkout code	2025-10-10T14:16:56.4523022Z  * [new tag]             0.4.4                   -> 0.4.4
job-core	Checkout code	2025-10-10T14:16:56.4524264Z  * [new tag]             0.4.5                   -> 0.4.5
job-core	Checkout code	2025-10-10T14:16:56.4525112Z  * [new tag]             0.4.6                   -> 0.4.6
job-core	Checkout code	2025-10-10T14:16:56.4525941Z  * [new tag]             0.4.7                   -> 0.4.7
job-core	Checkout code	2025-10-10T14:16:56.4526762Z  * [new tag]             0.4.8                   -> 0.4.8
job-core	Checkout code	2025-10-10T14:16:56.4527604Z  * [new tag]             0.4.9                   -> 0.4.9
job-core	Checkout code	2025-10-10T14:16:56.4592720Z [command]/usr/bin/git branch --list --remote origin/main
job-core	Checkout code	2025-10-10T14:16:56.4675025Z   origin/main
job-core	Checkout code	2025-10-10T14:16:56.4690163Z [command]/usr/bin/git rev-parse refs/remotes/origin/main
job-core	Checkout code	2025-10-10T14:16:56.4718970Z 0e405a8826afda02871f1ba8f95fc4e787758743
job-core	Checkout code	2025-10-10T14:16:56.4727394Z ##[endgroup]
job-core	Checkout code	2025-10-10T14:16:56.4728601Z ##[group]Determining the checkout info
job-core	Checkout code	2025-10-10T14:16:56.4730192Z ##[endgroup]
job-core	Checkout code	2025-10-10T14:16:56.4736680Z [command]/usr/bin/git sparse-checkout disable
job-core	Checkout code	2025-10-10T14:16:56.4942587Z [command]/usr/bin/git config --local --unset-all extensions.worktreeConfig
job-core	Checkout code	2025-10-10T14:16:56.5110683Z ##[group]Checking out the ref
job-core	Checkout code	2025-10-10T14:16:56.5111869Z [command]/usr/bin/git checkout --progress --force -B main refs/remotes/origin/main
job-core	Checkout code	2025-10-10T14:16:57.5432403Z Updating files:  60% (506/830)
job-core	Checkout code	2025-10-10T14:16:57.6090429Z Updating files:  61% (507/830)
job-core	Checkout code	2025-10-10T14:16:57.6940519Z Updating files:  62% (515/830)
job-core	Checkout code	2025-10-10T14:16:57.7940887Z Updating files:  63% (523/830)
job-core	Checkout code	2025-10-10T14:16:57.8903191Z Updating files:  64% (532/830)
job-core	Checkout code	2025-10-10T14:16:58.0275334Z Updating files:  65% (540/830)
job-core	Checkout code	2025-10-10T14:16:58.0353736Z Updating files:  66% (548/830)
job-core	Checkout code	2025-10-10T14:16:58.0366332Z Updating files:  67% (557/830)
job-core	Checkout code	2025-10-10T14:16:58.0401363Z Updating files:  68% (565/830)
job-core	Checkout code	2025-10-10T14:16:58.0591998Z Updating files:  69% (573/830)
job-core	Checkout code	2025-10-10T14:16:58.0595121Z Updating files:  70% (581/830)
job-core	Checkout code	2025-10-10T14:16:58.0597908Z Updating files:  71% (590/830)
job-core	Checkout code	2025-10-10T14:16:58.0620778Z Updating files:  72% (598/830)
job-core	Checkout code	2025-10-10T14:16:58.0622560Z Updating files:  73% (606/830)
job-core	Checkout code	2025-10-10T14:16:58.0715644Z Updating files:  74% (615/830)
job-core	Checkout code	2025-10-10T14:16:58.0742000Z Updating files:  75% (623/830)
job-core	Checkout code	2025-10-10T14:16:58.0743199Z Updating files:  76% (631/830)
job-core	Checkout code	2025-10-10T14:16:58.0744280Z Updating files:  77% (640/830)
job-core	Checkout code	2025-10-10T14:16:58.0745301Z Updating files:  78% (648/830)
job-core	Checkout code	2025-10-10T14:16:58.0872311Z Updating files:  79% (656/830)
job-core	Checkout code	2025-10-10T14:16:58.0876908Z Updating files:  80% (664/830)
job-core	Checkout code	2025-10-10T14:16:58.0880954Z Updating files:  81% (673/830)
job-core	Checkout code	2025-10-10T14:16:58.0882039Z Updating files:  82% (681/830)
job-core	Checkout code	2025-10-10T14:16:58.0916527Z Updating files:  83% (689/830)
job-core	Checkout code	2025-10-10T14:16:58.0917896Z Updating files:  84% (698/830)
job-core	Checkout code	2025-10-10T14:16:58.0976816Z Updating files:  85% (706/830)
job-core	Checkout code	2025-10-10T14:16:58.0979056Z Updating files:  86% (714/830)
job-core	Checkout code	2025-10-10T14:16:58.1006612Z Updating files:  87% (723/830)
job-core	Checkout code	2025-10-10T14:16:58.1063168Z Updating files:  88% (731/830)
job-core	Checkout code	2025-10-10T14:16:58.1069059Z Updating files:  89% (739/830)
job-core	Checkout code	2025-10-10T14:16:58.1070394Z Updating files:  90% (747/830)
job-core	Checkout code	2025-10-10T14:16:58.1087184Z Updating files:  91% (756/830)
job-core	Checkout code	2025-10-10T14:16:58.1101267Z Updating files:  92% (764/830)
job-core	Checkout code	2025-10-10T14:16:58.1115202Z Updating files:  93% (772/830)
job-core	Checkout code	2025-10-10T14:16:58.1231030Z Updating files:  94% (781/830)
job-core	Checkout code	2025-10-10T14:16:58.1232693Z Updating files:  95% (789/830)
job-core	Checkout code	2025-10-10T14:16:58.1233503Z Updating files:  96% (797/830)
job-core	Checkout code	2025-10-10T14:16:58.1234028Z Updating files:  97% (806/830)
job-core	Checkout code	2025-10-10T14:16:58.1234655Z Updating files:  98% (814/830)
job-core	Checkout code	2025-10-10T14:16:58.1235256Z Updating files:  99% (822/830)
job-core	Checkout code	2025-10-10T14:16:58.1235757Z Updating files: 100% (830/830)
job-core	Checkout code	2025-10-10T14:16:58.1236340Z Updating files: 100% (830/830), done.
job-core	Checkout code	2025-10-10T14:16:58.1451893Z Switched to a new branch 'main'
job-core	Checkout code	2025-10-10T14:16:58.1453424Z branch 'main' set up to track 'origin/main'.
job-core	Checkout code	2025-10-10T14:16:58.2200019Z ##[endgroup]
job-core	Checkout code	2025-10-10T14:16:58.2340065Z [command]/usr/bin/git log -1 --format=%H
job-core	Checkout code	2025-10-10T14:16:58.2494819Z 0e405a8826afda02871f1ba8f95fc4e787758743
job-core	Login to Docker Hub	﻿2025-10-10T14:16:58.3411009Z ##[group]Run docker/login-action@v3
job-core	Login to Docker Hub	2025-10-10T14:16:58.3411665Z with:
job-core	Login to Docker Hub	2025-10-10T14:16:58.3412321Z   username: ***
job-core	Login to Docker Hub	2025-10-10T14:16:58.3412912Z   password: ***
job-core	Login to Docker Hub	2025-10-10T14:16:58.3413328Z   logout: true
job-core	Login to Docker Hub	2025-10-10T14:16:58.3413715Z env:
job-core	Login to Docker Hub	2025-10-10T14:16:58.3414928Z   GITHUB_TOKEN: ***
job-core	Login to Docker Hub	2025-10-10T14:16:58.3415473Z   KAOS_MODULE: [Ka0s] Personalized Image Runners
job-core	Login to Docker Hub	2025-10-10T14:16:58.3416141Z   KAOS_CODE: 18409218591
job-core	Login to Docker Hub	2025-10-10T14:16:58.3416649Z   KAOS_PATH_SCAN: audit/scan/
job-core	Login to Docker Hub	2025-10-10T14:16:58.3417175Z ##[endgroup]
job-core	Login to Docker Hub	2025-10-10T14:16:59.3985124Z Logging into docker.io...
job-core	Login to Docker Hub	2025-10-10T14:17:00.5377760Z Login Succeeded!
job-core	Build image	﻿2025-10-10T14:17:00.6116247Z ##[group]Run # Construimos la imagen y guardamos el log
job-core	Build image	2025-10-10T14:17:00.6117493Z [36;1m# Construimos la imagen y guardamos el log[0m
job-core	Build image	2025-10-10T14:17:00.6119115Z [36;1msudo docker build -t portal-backend:0.0.0 -f core/runner/portal-backend//0.0.0//Dockerfile . > audit/scan/build_18409218591.log 2>&1 || {[0m
job-core	Build image	2025-10-10T14:17:00.6121186Z [36;1m  echo "❌ Error en docker build. Log guardado en audit/scan/build_18409218591.log"[0m
job-core	Build image	2025-10-10T14:17:00.6122283Z [36;1m  touch build_error.log[0m
job-core	Build image	2025-10-10T14:17:00.6123046Z [36;1m  cp audit/scan/build_18409218591.log build_error.log[0m
job-core	Build image	2025-10-10T14:17:00.6123749Z [36;1m  exit 10[0m
job-core	Build image	2025-10-10T14:17:00.6124179Z [36;1m}[0m
job-core	Build image	2025-10-10T14:17:00.6124900Z [36;1mecho "Se ha generado la imagen portal-backend:0.0.0...."[0m
job-core	Build image	2025-10-10T14:17:00.6126105Z [36;1msudo usermod -aG docker runner [0m
job-core	Build image	2025-10-10T14:17:00.6196300Z shell: /usr/bin/bash -e {0}
job-core	Build image	2025-10-10T14:17:00.6196883Z env:
job-core	Build image	2025-10-10T14:17:00.6198184Z   GITHUB_TOKEN: ***
job-core	Build image	2025-10-10T14:17:00.6198840Z   KAOS_MODULE: [Ka0s] Personalized Image Runners
job-core	Build image	2025-10-10T14:17:00.6199509Z   KAOS_CODE: 18409218591
job-core	Build image	2025-10-10T14:17:00.6200150Z   KAOS_PATH_SCAN: audit/scan/
job-core	Build image	2025-10-10T14:17:00.6200675Z ##[endgroup]
job-core	Build image	2025-10-10T14:17:02.0403986Z Se ha generado la imagen portal-backend:0.0.0....
job-core	Install Trivy vulnerability scanner	﻿2025-10-10T14:17:02.0862757Z ##[group]Run set -e
job-core	Install Trivy vulnerability scanner	2025-10-10T14:17:02.0863434Z [36;1mset -e[0m
job-core	Install Trivy vulnerability scanner	2025-10-10T14:17:02.0864080Z [36;1mecho "[Ka0s][Trivy] Instalando Trivy v0.48.3..."[0m
job-core	Install Trivy vulnerability scanner	2025-10-10T14:17:02.0865836Z [36;1mcurl -sfL https://raw.githubusercontent.com/aquasecurity/trivy/main/contrib/install.sh | sudo sh -s -- -b /usr/local/bin v0.48.3[0m
job-core	Install Trivy vulnerability scanner	2025-10-10T14:17:02.0867594Z [36;1mecho "[Ka0s][Trivy] Instalación completada."[0m
job-core	Install Trivy vulnerability scanner	2025-10-10T14:17:02.0868354Z [36;1m[0m
job-core	Install Trivy vulnerability scanner	2025-10-10T14:17:02.0869114Z [36;1mecho "[Ka0s][Trivy] Actualizando base de datos de vulnerabilidades..."[0m
job-core	Install Trivy vulnerability scanner	2025-10-10T14:17:02.0902696Z [36;1m# Actualizamos la base de datos ejecutando un escaneo dummy (Trivy descarga la DB automáticamente)[0m
job-core	Install Trivy vulnerability scanner	2025-10-10T14:17:02.0910964Z [36;1msudo trivy image --download-db-only || sudo trivy image alpine:latest > /dev/null 2>&1 || { echo "❌ Error al descargar la base de datos de Trivy"; exit 2; }[0m
job-core	Install Trivy vulnerability scanner	2025-10-10T14:17:02.0912830Z [36;1mecho "[Ka0s][Trivy] Base de datos actualizada."[0m
job-core	Install Trivy vulnerability scanner	2025-10-10T14:17:02.0913596Z [36;1m[0m
job-core	Install Trivy vulnerability scanner	2025-10-10T14:17:02.0914517Z [36;1mecho "[Ka0s][Trivy] Ejecutando escaneo de la imagen: portal-backend:0.0.0"[0m
job-core	Install Trivy vulnerability scanner	2025-10-10T14:17:02.0915762Z [36;1m# Ejecutamos el escaneo en modo tabla y auditamos errores[0m
job-core	Install Trivy vulnerability scanner	2025-10-10T14:17:02.0917613Z [36;1mif ! sudo trivy image --severity HIGH,CRITICAL --ignore-unfixed --format table portal-backend:0.0.0 > audit/scan/trivy_table_18409218591.log 2>&1; then[0m
job-core	Install Trivy vulnerability scanner	2025-10-10T14:17:02.0920096Z [36;1m  echo "❌ Error en el escaneo de la imagen (tabla). Log guardado en audit/scan/trivy_table_18409218591.log"[0m
job-core	Install Trivy vulnerability scanner	2025-10-10T14:17:02.0921257Z [36;1m  exit 3[0m
job-core	Install Trivy vulnerability scanner	2025-10-10T14:17:02.0921722Z [36;1mfi[0m
job-core	Install Trivy vulnerability scanner	2025-10-10T14:17:02.0922235Z [36;1m# Escaneo en formato JSON y guardado[0m
job-core	Install Trivy vulnerability scanner	2025-10-10T14:17:02.0925087Z [36;1mif ! sudo trivy image --severity HIGH,CRITICAL --ignore-unfixed --format json portal-backend:0.0.0 > audit/scan/18409218591.json 2> audit/scan/trivy_json_18409218591.log; then[0m
job-core	Install Trivy vulnerability scanner	2025-10-10T14:17:02.0927429Z [36;1m  echo "❌ Error en el escaneo de la imagen (json). Log guardado en audit/scan/trivy_json_18409218591.log"[0m
job-core	Install Trivy vulnerability scanner	2025-10-10T14:17:02.0929454Z [36;1m  exit 4[0m
job-core	Install Trivy vulnerability scanner	2025-10-10T14:17:02.0929997Z [36;1mfi[0m
job-core	Install Trivy vulnerability scanner	2025-10-10T14:17:02.0935119Z [36;1mecho "[Ka0s][Trivy] Scan completado y guardado en audit/scan/18409218591.json"[0m
job-core	Install Trivy vulnerability scanner	2025-10-10T14:17:02.0942134Z [36;1m[0m
job-core	Install Trivy vulnerability scanner	2025-10-10T14:17:02.0943124Z [36;1mecho "Subimos los logs y el scan_image_from_18409218591.json a la ruta audit/scan/"[0m
job-core	Install Trivy vulnerability scanner	2025-10-10T14:17:02.0944482Z [36;1mecho "Uploading files to the repository..."[0m
job-core	Install Trivy vulnerability scanner	2025-10-10T14:17:02.0974647Z [36;1mgit config --global user.name "***"[0m
job-core	Install Trivy vulnerability scanner	2025-10-10T14:17:02.0975759Z [36;1mgit config --global user.email "***"[0m
job-core	Install Trivy vulnerability scanner	2025-10-10T14:17:02.0976605Z [36;1mgit pull --rebase[0m
job-core	Install Trivy vulnerability scanner	2025-10-10T14:17:02.0977326Z [36;1mgit add audit/scan/*[0m
job-core	Install Trivy vulnerability scanner	2025-10-10T14:17:02.0978254Z [36;1mgit commit -m "[Ka0s] Add scan image and logs from 18409218591" || echo "No changes to commit"[0m
job-core	Install Trivy vulnerability scanner	2025-10-10T14:17:02.0979361Z [36;1mMAX_RETRIES=3[0m
job-core	Install Trivy vulnerability scanner	2025-10-10T14:17:02.0980141Z [36;1mCOUNT=0[0m
job-core	Install Trivy vulnerability scanner	2025-10-10T14:17:02.0981016Z [36;1muntil git push origin refs/heads/main --force-with-lease; do[0m
job-core	Install Trivy vulnerability scanner	2025-10-10T14:17:02.0982001Z [36;1m  COUNT=$((COUNT+1))[0m
job-core	Install Trivy vulnerability scanner	2025-10-10T14:17:02.0982823Z [36;1m  if [ $COUNT -ge $MAX_RETRIES ]; then[0m
job-core	Install Trivy vulnerability scanner	2025-10-10T14:17:02.0983916Z [36;1m    echo "❌ Error: git push failed after $MAX_RETRIES attempts."[0m
job-core	Install Trivy vulnerability scanner	2025-10-10T14:17:02.0985063Z [36;1m    exit 1[0m
job-core	Install Trivy vulnerability scanner	2025-10-10T14:17:02.0985705Z [36;1m  fi[0m
job-core	Install Trivy vulnerability scanner	2025-10-10T14:17:02.0986723Z [36;1m  echo "⚠️ git push failed, retrying ($COUNT/$MAX_RETRIES)..."[0m
job-core	Install Trivy vulnerability scanner	2025-10-10T14:17:02.0987913Z [36;1m  git pull --rebase[0m
job-core	Install Trivy vulnerability scanner	2025-10-10T14:17:02.0988654Z [36;1m  sleep 2[0m
job-core	Install Trivy vulnerability scanner	2025-10-10T14:17:02.0989160Z [36;1mdone[0m
job-core	Install Trivy vulnerability scanner	2025-10-10T14:17:02.1039172Z shell: /usr/bin/bash -e {0}
job-core	Install Trivy vulnerability scanner	2025-10-10T14:17:02.1039894Z env:
job-core	Install Trivy vulnerability scanner	2025-10-10T14:17:02.1041369Z   GITHUB_TOKEN: ***
job-core	Install Trivy vulnerability scanner	2025-10-10T14:17:02.1041962Z   KAOS_MODULE: [Ka0s] Personalized Image Runners
job-core	Install Trivy vulnerability scanner	2025-10-10T14:17:02.1042689Z   KAOS_CODE: 18409218591
job-core	Install Trivy vulnerability scanner	2025-10-10T14:17:02.1043237Z   KAOS_PATH_SCAN: audit/scan/
job-core	Install Trivy vulnerability scanner	2025-10-10T14:17:02.1044349Z ##[endgroup]
job-core	Install Trivy vulnerability scanner	2025-10-10T14:17:02.1202224Z [Ka0s][Trivy] Instalando Trivy v0.48.3...
job-core	Install Trivy vulnerability scanner	2025-10-10T14:17:02.3481084Z aquasecurity/trivy info checking GitHub for tag 'v0.48.3'
job-core	Install Trivy vulnerability scanner	2025-10-10T14:17:02.9286942Z aquasecurity/trivy info found version: 0.48.3 for v0.48.3/Linux/64bit
job-core	Install Trivy vulnerability scanner	2025-10-10T14:17:08.5663977Z aquasecurity/trivy info installed /usr/local/bin/trivy
job-core	Install Trivy vulnerability scanner	2025-10-10T14:17:08.6685887Z [Ka0s][Trivy] Instalación completada.
job-core	Install Trivy vulnerability scanner	2025-10-10T14:17:08.6741238Z [Ka0s][Trivy] Actualizando base de datos de vulnerabilidades...
job-core	Install Trivy vulnerability scanner	2025-10-10T14:17:11.1272238Z 2025-10-10T16:17:11.123+0200	[34mINFO[0m	Need to update DB
job-core	Install Trivy vulnerability scanner	2025-10-10T14:17:11.1273764Z 2025-10-10T16:17:11.123+0200	[34mINFO[0m	DB Repository: ghcr.io/aquasecurity/trivy-db
job-core	Install Trivy vulnerability scanner	2025-10-10T14:17:11.1275055Z 2025-10-10T16:17:11.123+0200	[34mINFO[0m	Downloading DB...
job-core	Install Trivy vulnerability scanner	2025-10-10T14:17:18.8466419Z [Ka0s][Trivy] Base de datos actualizada.
job-core	Install Trivy vulnerability scanner	2025-10-10T14:17:18.8470764Z [Ka0s][Trivy] Ejecutando escaneo de la imagen: portal-backend:0.0.0
job-core	Install Trivy vulnerability scanner	2025-10-10T14:17:33.0560030Z [Ka0s][Trivy] Scan completado y guardado en audit/scan/18409218591.json
job-core	Install Trivy vulnerability scanner	2025-10-10T14:17:33.0562388Z Subimos los logs y el scan_image_from_18409218591.json a la ruta audit/scan/
job-core	Install Trivy vulnerability scanner	2025-10-10T14:17:33.0614249Z Uploading files to the repository...
job-core	Install Trivy vulnerability scanner	2025-10-10T14:17:34.4275798Z 11.62 MiB / 72.52 MiB [--------->___________________________________________________] 16.03% ? p/s ?23.53 MiB / 72.52 MiB [------------------->_________________________________________] 32.45% ? p/s ?36.19 MiB / 72.52 MiB [------------------------------>______________________________] 49.90% ? p/s ?49.69 MiB / 72.52 MiB [-------------------------------->_______________] 68.52% 63.60 MiB p/s ETA 0s63.00 MiB / 72.52 MiB [----------------------------------------->______] 86.88% 63.60 MiB p/s ETA 0s72.52 MiB / 72.52 MiB [---------------------------------------------->] 100.00% 63.60 MiB p/s ETA 0s72.52 MiB / 72.52 MiB [---------------------------------------------->] 100.00% 61.96 MiB p/s ETA 0s72.52 MiB / 72.52 MiB [---------------------------------------------->] 100.00% 61.96 MiB p/s ETA 0s72.52 MiB / 72.52 MiB [---------------------------------------------->] 100.00% 61.96 MiB p/s ETA 0s72.52 MiB / 72.52 MiB [---------------------------------------------->] 100.00% 57.96 MiB p/s ETA 0s72.52 MiB / 72.52 MiB [---------------------------------------------->] 100.00% 57.96 MiB p/s ETA 0s72.52 MiB / 72.52 MiB [---------------------------------------------->] 100.00% 57.96 MiB p/s ETA 0s72.52 MiB / 72.52 MiB [---------------------------------------------->] 100.00% 54.22 MiB p/s ETA 0s72.52 MiB / 72.52 MiB [---------------------------------------------->] 100.00% 54.22 MiB p/s ETA 0s72.52 MiB / 72.52 MiB [---------------------------------------------->] 100.00% 54.22 MiB p/s ETA 0s72.52 MiB / 72.52 MiB [---------------------------------------------->] 100.00% 50.72 MiB p/s ETA 0s72.52 MiB / 72.52 MiB [---------------------------------------------->] 100.00% 50.72 MiB p/s ETA 0s72.52 MiB / 72.52 MiB [---------------------------------------------->] 100.00% 50.72 MiB p/s ETA 0s72.52 MiB / 72.52 MiB [---------------------------------------------->] 100.00% 47.45 MiB p/s ETA 0s72.52 MiB / 72.52 MiB [---------------------------------------------->] 100.00% 47.45 MiB p/s ETA 0s72.52 MiB / 72.52 MiB [---------------------------------------------->] 100.00% 47.45 MiB p/s ETA 0s72.52 MiB / 72.52 MiB [---------------------------------------------->] 100.00% 44.39 MiB p/s ETA 0s72.52 MiB / 72.52 MiB [---------------------------------------------->] 100.00% 44.39 MiB p/s ETA 0s72.52 MiB / 72.52 MiB [---------------------------------------------->] 100.00% 44.39 MiB p/s ETA 0s72.52 MiB / 72.52 MiB [---------------------------------------------->] 100.00% 41.52 MiB p/s ETA 0s72.52 MiB / 72.52 MiB [---------------------------------------------->] 100.00% 41.52 MiB p/s ETA 0s72.52 MiB / 72.52 MiB [---------------------------------------------->] 100.00% 41.52 MiB p/s ETA 0s72.52 MiB / 72.52 MiB [---------------------------------------------->] 100.00% 38.85 MiB p/s ETA 0s72.52 MiB / 72.52 MiB [---------------------------------------------->] 100.00% 38.85 MiB p/s ETA 0s72.52 MiB / 72.52 MiB [---------------------------------------------->] 100.00% 38.85 MiB p/s ETA 0s72.52 MiB / 72.52 MiB [---------------------------------------------->] 100.00% 36.34 MiB p/s ETA 0s72.52 MiB / 72.52 MiB [---------------------------------------------->] 100.00% 36.34 MiB p/s ETA 0s72.52 MiB / 72.52 MiB [-------------------------------------------------] 100.00% 11.42 MiB p/s 6.6sFrom https://github.com/Ka0s-Klaus/ka0s
job-core	Install Trivy vulnerability scanner	2025-10-10T14:17:34.4329039Z    0e405a882..828088122  main       -> origin/main
job-core	Install Trivy vulnerability scanner	2025-10-10T14:17:34.4533280Z Updating 0e405a882..828088122
job-core	Install Trivy vulnerability scanner	2025-10-10T14:17:34.4537121Z Fast-forward
job-core	Install Trivy vulnerability scanner	2025-10-10T14:17:34.4582708Z  audit/inspector/18408629656.json |   1 +
job-core	Install Trivy vulnerability scanner	2025-10-10T14:17:34.4585722Z  audit/inspector/18408629656.log  | 434 +++++++++++++++++++++++++++++++++++++++
job-core	Install Trivy vulnerability scanner	2025-10-10T14:17:34.4593377Z  2 files changed, 435 insertions(+)
job-core	Install Trivy vulnerability scanner	2025-10-10T14:17:34.4594128Z  create mode 100644 audit/inspector/18408629656.json
job-core	Install Trivy vulnerability scanner	2025-10-10T14:17:34.4594978Z  create mode 100644 audit/inspector/18408629656.log
job-core	Install Trivy vulnerability scanner	2025-10-10T14:17:34.5001767Z [main 0af8fc3af] [Ka0s] Add scan image and logs from 18409218591
job-core	Install Trivy vulnerability scanner	2025-10-10T14:17:34.5007416Z  4 files changed, 177 insertions(+)
job-core	Install Trivy vulnerability scanner	2025-10-10T14:17:34.5008142Z  create mode 100644 audit/scan/18409218591.json
job-core	Install Trivy vulnerability scanner	2025-10-10T14:17:34.5008940Z  create mode 100644 audit/scan/build_18409218591.log
job-core	Install Trivy vulnerability scanner	2025-10-10T14:17:34.5009942Z  create mode 100644 audit/scan/trivy_json_18409218591.log
job-core	Install Trivy vulnerability scanner	2025-10-10T14:17:34.5010920Z  create mode 100644 audit/scan/trivy_table_18409218591.log
job-core	Install Trivy vulnerability scanner	2025-10-10T14:17:35.5144690Z To https://github.com/Ka0s-Klaus/ka0s
job-core	Install Trivy vulnerability scanner	2025-10-10T14:17:35.5173034Z    828088122..0af8fc3af  main -> main
job-core	Tag and Push if scan passes	﻿2025-10-10T14:17:35.5462883Z ##[group]Run # Logeamos en docker hub
job-core	Tag and Push if scan passes	2025-10-10T14:17:35.5463640Z [36;1m# Logeamos en docker hub[0m
job-core	Tag and Push if scan passes	2025-10-10T14:17:35.5464992Z [36;1msudo docker login -u *** -p ***[0m
job-core	Tag and Push if scan passes	2025-10-10T14:17:35.5465733Z [36;1m# Añadimos la imagen a la version[0m
job-core	Tag and Push if scan passes	2025-10-10T14:17:35.5466732Z [36;1msudo docker tag portal-backend:0.0.0 ***/portal-backend:0.0.0[0m
job-core	Tag and Push if scan passes	2025-10-10T14:17:35.5468200Z [36;1mecho "Se ha generado la version ***/portal-backend:0.0.0 ...."[0m
job-core	Tag and Push if scan passes	2025-10-10T14:17:35.5469084Z [36;1m# Subimos las imagenes[0m
job-core	Tag and Push if scan passes	2025-10-10T14:17:35.5469996Z [36;1msudo docker push ***/portal-backend:0.0.0[0m
job-core	Tag and Push if scan passes	2025-10-10T14:17:35.5535722Z shell: /usr/bin/bash -e {0}
job-core	Tag and Push if scan passes	2025-10-10T14:17:35.5536340Z env:
job-core	Tag and Push if scan passes	2025-10-10T14:17:35.5537776Z   GITHUB_TOKEN: ***
job-core	Tag and Push if scan passes	2025-10-10T14:17:35.5538384Z   KAOS_MODULE: [Ka0s] Personalized Image Runners
job-core	Tag and Push if scan passes	2025-10-10T14:17:35.5539133Z   KAOS_CODE: 18409218591
job-core	Tag and Push if scan passes	2025-10-10T14:17:35.5539771Z   KAOS_PATH_SCAN: audit/scan/
job-core	Tag and Push if scan passes	2025-10-10T14:17:35.5540361Z ##[endgroup]
job-core	Tag and Push if scan passes	2025-10-10T14:17:35.6095679Z WARNING! Using --password via the CLI is insecure. Use --password-stdin.
job-core	Tag and Push if scan passes	2025-10-10T14:17:36.5548865Z 
job-core	Tag and Push if scan passes	2025-10-10T14:17:36.5555658Z WARNING! Your credentials are stored unencrypted in '/root/.docker/config.json'.
job-core	Tag and Push if scan passes	2025-10-10T14:17:36.5558610Z Configure a credential helper to remove this warning. See
job-core	Tag and Push if scan passes	2025-10-10T14:17:36.5559702Z https://docs.docker.com/go/credential-store/
job-core	Tag and Push if scan passes	2025-10-10T14:17:36.5560741Z 
job-core	Tag and Push if scan passes	2025-10-10T14:17:36.5610602Z Login Succeeded
job-core	Tag and Push if scan passes	2025-10-10T14:17:36.6473227Z Se ha generado la version ***/portal-backend:0.0.0 ....
job-core	Tag and Push if scan passes	2025-10-10T14:17:36.7029184Z The push refers to repository [docker.io/***/portal-backend]
job-core	Tag and Push if scan passes	2025-10-10T14:17:37.0163747Z 65e9b613687a: Preparing
job-core	Tag and Push if scan passes	2025-10-10T14:17:37.0164372Z 8825eb1fa580: Preparing
job-core	Tag and Push if scan passes	2025-10-10T14:17:37.0164917Z 142bebb43266: Preparing
job-core	Tag and Push if scan passes	2025-10-10T14:17:37.0165446Z 81662d26fe24: Preparing
job-core	Tag and Push if scan passes	2025-10-10T14:17:37.0165978Z 03cdf49ab623: Preparing
job-core	Tag and Push if scan passes	2025-10-10T14:17:37.0166510Z aca836066730: Preparing
job-core	Tag and Push if scan passes	2025-10-10T14:17:37.0167029Z aca836066730: Waiting
job-core	Tag and Push if scan passes	2025-10-10T14:17:37.6589195Z 142bebb43266: Layer already exists
job-core	Tag and Push if scan passes	2025-10-10T14:17:37.6843132Z 65e9b613687a: Layer already exists
job-core	Tag and Push if scan passes	2025-10-10T14:17:37.6927298Z 03cdf49ab623: Layer already exists
job-core	Tag and Push if scan passes	2025-10-10T14:17:37.6972387Z 81662d26fe24: Layer already exists
job-core	Tag and Push if scan passes	2025-10-10T14:17:37.8563823Z 8825eb1fa580: Layer already exists
job-core	Tag and Push if scan passes	2025-10-10T14:17:37.9722795Z aca836066730: Layer already exists
job-core	Tag and Push if scan passes	2025-10-10T14:17:42.4685001Z 0.0.0: digest: sha256:d486b9ac97786978929c8f7d4fb35467d8b825b5cc85b3ac02eb2629b7b84cdb size: 1573
job-core	Post Login to Docker Hub	﻿2025-10-10T14:17:42.5214769Z Post job cleanup.
job-core	Post Login to Docker Hub	2025-10-10T14:17:43.2465811Z [command]/usr/bin/docker logout docker.io
job-core	Post Login to Docker Hub	2025-10-10T14:17:43.2761809Z Removing login credentials for docker.io
job-core	Post Login to Docker Hub	2025-10-10T14:17:43.2812279Z ##[group]Post cache
job-core	Post Login to Docker Hub	2025-10-10T14:17:43.2820300Z State not set
job-core	Post Login to Docker Hub	2025-10-10T14:17:43.2826672Z ##[endgroup]
job-core	Post Checkout code	﻿2025-10-10T14:17:43.3375813Z Post job cleanup.
job-core	Post Checkout code	2025-10-10T14:17:43.5702861Z [command]/usr/bin/git version
job-core	Post Checkout code	2025-10-10T14:17:43.5784584Z git version 2.51.0
job-core	Post Checkout code	2025-10-10T14:17:43.5911418Z Copying '/home/runner/.gitconfig' to '/home/runner/_work/_temp/dcf02ce4-3e39-418a-8c02-baddef5c569e/.gitconfig'
job-core	Post Checkout code	2025-10-10T14:17:43.6016289Z Temporarily overriding HOME='/home/runner/_work/_temp/dcf02ce4-3e39-418a-8c02-baddef5c569e' before making global git config changes
job-core	Post Checkout code	2025-10-10T14:17:43.6018538Z Adding repository directory to the temporary git global config as a safe directory
job-core	Post Checkout code	2025-10-10T14:17:43.6051337Z [command]/usr/bin/git config --global --add safe.directory /home/runner/_work/ka0s/ka0s
job-core	Post Checkout code	2025-10-10T14:17:43.6194184Z [command]/usr/bin/git config --local --name-only --get-regexp core\.sshCommand
job-core	Post Checkout code	2025-10-10T14:17:43.6383686Z [command]/usr/bin/git submodule foreach --recursive sh -c "git config --local --name-only --get-regexp 'core\.sshCommand' && git config --local --unset-all 'core.sshCommand' || :"
job-core	Post Checkout code	2025-10-10T14:17:43.7152911Z [command]/usr/bin/git config --local --name-only --get-regexp http\.https\:\/\/github\.com\/\.extraheader
job-core	Post Checkout code	2025-10-10T14:17:43.7233467Z http.https://github.com/.extraheader
job-core	Post Checkout code	2025-10-10T14:17:43.7252903Z [command]/usr/bin/git config --local --unset-all http.https://github.com/.extraheader
job-core	Post Checkout code	2025-10-10T14:17:43.7352789Z [command]/usr/bin/git submodule foreach --recursive sh -c "git config --local --name-only --get-regexp 'http\.https\:\/\/github\.com\/\.extraheader' && git config --local --unset-all 'http.https://github.com/.extraheader' || :"
job-core	Complete job	﻿2025-10-10T14:17:43.8327701Z Cleaning up orphan processes
handle-success	Set up job	﻿2025-10-10T14:17:50.0408494Z Current runner version: '2.328.0'
handle-success	Set up job	2025-10-10T14:17:50.0418619Z Runner name: '5a7980df137e'
handle-success	Set up job	2025-10-10T14:17:50.0419526Z Runner group name: 'swarm-runners'
handle-success	Set up job	2025-10-10T14:17:50.0420576Z Machine name: '5a7980df137e'
handle-success	Set up job	2025-10-10T14:17:50.0423924Z ##[group]GITHUB_TOKEN Permissions
handle-success	Set up job	2025-10-10T14:17:50.0426848Z Actions: write
handle-success	Set up job	2025-10-10T14:17:50.0427425Z Contents: read
handle-success	Set up job	2025-10-10T14:17:50.0428077Z Issues: write
handle-success	Set up job	2025-10-10T14:17:50.0428657Z Metadata: read
handle-success	Set up job	2025-10-10T14:17:50.0429172Z ##[endgroup]
handle-success	Set up job	2025-10-10T14:17:50.0431679Z Secret source: Actions
handle-success	Set up job	2025-10-10T14:17:50.0432479Z Prepare workflow directory
handle-success	Set up job	2025-10-10T14:17:50.1640304Z Prepare all required actions
handle-success	Set up job	2025-10-10T14:17:50.1779103Z Getting action download info
handle-success	Set up job	2025-10-10T14:17:50.9230558Z Download action repository 'actions/checkout@v4' (SHA:08eba0b27e820071cde6df949e0beb9ba4906955)
handle-success	Set up job	2025-10-10T14:17:51.9319694Z Complete job name: handle-success
handle-success	Checkout code	﻿2025-10-10T14:17:52.0676023Z ##[group]Run actions/checkout@v4
handle-success	Checkout code	2025-10-10T14:17:52.0677241Z with:
handle-success	Checkout code	2025-10-10T14:17:52.0677821Z   fetch-depth: 0
handle-success	Checkout code	2025-10-10T14:17:52.0678619Z   token: ***
handle-success	Checkout code	2025-10-10T14:17:52.0679117Z   repository: Ka0s-Klaus/ka0s
handle-success	Checkout code	2025-10-10T14:17:52.0679678Z   ssh-strict: true
handle-success	Checkout code	2025-10-10T14:17:52.0680174Z   ssh-user: git
handle-success	Checkout code	2025-10-10T14:17:52.0680858Z   persist-credentials: true
handle-success	Checkout code	2025-10-10T14:17:52.0681586Z   clean: true
handle-success	Checkout code	2025-10-10T14:17:52.0707537Z   sparse-checkout-cone-mode: true
handle-success	Checkout code	2025-10-10T14:17:52.0708341Z   fetch-tags: false
handle-success	Checkout code	2025-10-10T14:17:52.0708847Z   show-progress: true
handle-success	Checkout code	2025-10-10T14:17:52.0709357Z   lfs: false
handle-success	Checkout code	2025-10-10T14:17:52.0709816Z   submodules: false
handle-success	Checkout code	2025-10-10T14:17:52.0710345Z   set-safe-directory: true
handle-success	Checkout code	2025-10-10T14:17:52.0711850Z env:
handle-success	Checkout code	2025-10-10T14:17:52.0713124Z   GITHUB_TOKEN: ***
handle-success	Checkout code	2025-10-10T14:17:52.0713779Z   KAOS_MODULE: [Ka0s] Personalized Image Runners
handle-success	Checkout code	2025-10-10T14:17:52.0714456Z   KAOS_CODE: 18409218591
handle-success	Checkout code	2025-10-10T14:17:52.0714991Z   KAOS_PATH_SCAN: audit/scan/
handle-success	Checkout code	2025-10-10T14:17:52.0715540Z ##[endgroup]
handle-success	Checkout code	2025-10-10T14:17:52.4742407Z Syncing repository: Ka0s-Klaus/ka0s
handle-success	Checkout code	2025-10-10T14:17:52.4746704Z ##[group]Getting Git version info
handle-success	Checkout code	2025-10-10T14:17:52.4747624Z Working directory is '/home/runner/_work/ka0s/ka0s'
handle-success	Checkout code	2025-10-10T14:17:52.4748927Z [command]/usr/bin/git version
handle-success	Checkout code	2025-10-10T14:17:52.4952150Z git version 2.51.0
handle-success	Checkout code	2025-10-10T14:17:52.5037792Z ##[endgroup]
handle-success	Checkout code	2025-10-10T14:17:52.5099426Z Temporarily overriding HOME='/home/runner/_work/_temp/7a8b8a17-3540-4b4d-b2a2-b00a2a107930' before making global git config changes
handle-success	Checkout code	2025-10-10T14:17:52.5101251Z Adding repository directory to the temporary git global config as a safe directory
handle-success	Checkout code	2025-10-10T14:17:52.5102542Z [command]/usr/bin/git config --global --add safe.directory /home/runner/_work/ka0s/ka0s
handle-success	Checkout code	2025-10-10T14:17:52.5239364Z [command]/usr/bin/git config --local --get remote.origin.url
handle-success	Checkout code	2025-10-10T14:17:52.5385598Z https://github.com/Ka0s-Klaus/ka0s
handle-success	Checkout code	2025-10-10T14:17:52.5414605Z ##[group]Removing previously created refs, to avoid conflicts
handle-success	Checkout code	2025-10-10T14:17:52.5463397Z [command]/usr/bin/git rev-parse --symbolic-full-name --verify --quiet HEAD
handle-success	Checkout code	2025-10-10T14:17:52.5562030Z refs/heads/main
handle-success	Checkout code	2025-10-10T14:17:52.5564848Z [command]/usr/bin/git checkout --detach
handle-success	Checkout code	2025-10-10T14:17:52.5736589Z HEAD is now at 33d475c3f [Ka0S] Inspector uploading resume execution files to the repository...
handle-success	Checkout code	2025-10-10T14:17:52.5837951Z [command]/usr/bin/git branch --delete --force main
handle-success	Checkout code	2025-10-10T14:17:52.5925317Z Deleted branch main (was 33d475c3f).
handle-success	Checkout code	2025-10-10T14:17:52.6097004Z ##[endgroup]
handle-success	Checkout code	2025-10-10T14:17:52.6097985Z [command]/usr/bin/git submodule status
handle-success	Checkout code	2025-10-10T14:17:52.6585017Z ##[group]Cleaning the repository
handle-success	Checkout code	2025-10-10T14:17:52.6592459Z [command]/usr/bin/git clean -ffdx
handle-success	Checkout code	2025-10-10T14:17:52.6732672Z [command]/usr/bin/git reset --hard HEAD
handle-success	Checkout code	2025-10-10T14:17:52.6920421Z HEAD is now at 33d475c3f [Ka0S] Inspector uploading resume execution files to the repository...
handle-success	Checkout code	2025-10-10T14:17:52.6954552Z ##[endgroup]
handle-success	Checkout code	2025-10-10T14:17:52.6956350Z ##[group]Disabling automatic garbage collection
handle-success	Checkout code	2025-10-10T14:17:52.6978632Z [command]/usr/bin/git config --local gc.auto 0
handle-success	Checkout code	2025-10-10T14:17:52.7062582Z ##[endgroup]
handle-success	Checkout code	2025-10-10T14:17:52.7092364Z ##[group]Setting up auth
handle-success	Checkout code	2025-10-10T14:17:52.7099328Z [command]/usr/bin/git config --local --name-only --get-regexp core\.sshCommand
handle-success	Checkout code	2025-10-10T14:17:52.7192914Z [command]/usr/bin/git submodule foreach --recursive sh -c "git config --local --name-only --get-regexp 'core\.sshCommand' && git config --local --unset-all 'core.sshCommand' || :"
handle-success	Checkout code	2025-10-10T14:17:52.7944946Z [command]/usr/bin/git config --local --name-only --get-regexp http\.https\:\/\/github\.com\/\.extraheader
handle-success	Checkout code	2025-10-10T14:17:52.8127539Z [command]/usr/bin/git submodule foreach --recursive sh -c "git config --local --name-only --get-regexp 'http\.https\:\/\/github\.com\/\.extraheader' && git config --local --unset-all 'http.https://github.com/.extraheader' || :"
handle-success	Checkout code	2025-10-10T14:17:52.9009074Z [command]/usr/bin/git config --local http.https://github.com/.extraheader AUTHORIZATION: basic ***
handle-success	Checkout code	2025-10-10T14:17:52.9138915Z ##[endgroup]
handle-success	Checkout code	2025-10-10T14:17:52.9148920Z ##[group]Fetching the repository
handle-success	Checkout code	2025-10-10T14:17:52.9158210Z [command]/usr/bin/git -c protocol.version=2 fetch --prune --no-recurse-submodules origin +refs/heads/*:refs/remotes/origin/* +refs/tags/*:refs/tags/*
handle-success	Checkout code	2025-10-10T14:17:53.7833641Z From https://github.com/Ka0s-Klaus/ka0s
handle-success	Checkout code	2025-10-10T14:17:53.7836147Z    33d475c3f..98bcf3cfa  main       -> origin/main
handle-success	Checkout code	2025-10-10T14:17:53.7991887Z [command]/usr/bin/git branch --list --remote origin/main
handle-success	Checkout code	2025-10-10T14:17:53.8226054Z   origin/main
handle-success	Checkout code	2025-10-10T14:17:53.8270736Z [command]/usr/bin/git rev-parse refs/remotes/origin/main
handle-success	Checkout code	2025-10-10T14:17:53.8325609Z 98bcf3cfa87f68e8a4136f5133d4206770c560a9
handle-success	Checkout code	2025-10-10T14:17:53.8335024Z [command]/usr/bin/git -c protocol.version=2 fetch --no-tags --prune --no-recurse-submodules origin +0e405a8826afda02871f1ba8f95fc4e787758743:refs/remotes/origin/main
handle-success	Checkout code	2025-10-10T14:17:53.8814828Z From https://github.com/Ka0s-Klaus/ka0s
handle-success	Checkout code	2025-10-10T14:17:53.8836206Z  + 98bcf3cfa...0e405a882 0e405a8826afda02871f1ba8f95fc4e787758743 -> origin/main  (forced update)
handle-success	Checkout code	2025-10-10T14:17:53.8954408Z ##[endgroup]
handle-success	Checkout code	2025-10-10T14:17:53.8956675Z ##[group]Determining the checkout info
handle-success	Checkout code	2025-10-10T14:17:53.8986427Z ##[endgroup]
handle-success	Checkout code	2025-10-10T14:17:53.8995501Z [command]/usr/bin/git sparse-checkout disable
handle-success	Checkout code	2025-10-10T14:17:53.9188417Z [command]/usr/bin/git config --local --unset-all extensions.worktreeConfig
handle-success	Checkout code	2025-10-10T14:17:53.9282357Z ##[group]Checking out the ref
handle-success	Checkout code	2025-10-10T14:17:53.9288124Z [command]/usr/bin/git checkout --progress --force -B main refs/remotes/origin/main
handle-success	Checkout code	2025-10-10T14:17:53.9607663Z Previous HEAD position was 33d475c3f [Ka0S] Inspector uploading resume execution files to the repository...
handle-success	Checkout code	2025-10-10T14:17:53.9610795Z Switched to a new branch 'main'
handle-success	Checkout code	2025-10-10T14:17:53.9612407Z branch 'main' set up to track 'origin/main'.
handle-success	Checkout code	2025-10-10T14:17:53.9668315Z ##[endgroup]
handle-success	Checkout code	2025-10-10T14:17:53.9795621Z [command]/usr/bin/git log -1 --format=%H
handle-success	Checkout code	2025-10-10T14:17:53.9964757Z 0e405a8826afda02871f1ba8f95fc4e787758743
handle-success	handle-success-execution	﻿2025-10-10T14:17:54.0741823Z ##[group]Run # RNNUMBER=$(echo "refs/heads/main" | grep -o '[0-9]*')
handle-success	handle-success-execution	2025-10-10T14:17:54.0744316Z [36;1m# RNNUMBER=$(echo "refs/heads/main" | grep -o '[0-9]*')[0m
handle-success	handle-success-execution	2025-10-10T14:17:54.0747687Z [36;1m# gh issue comment $RNNUMBER --body "El proceso ha finalizado correctamente 18409218591. El resultado está en el fichero core/results/event_data_18409218591.log"[0m
handle-success	handle-success-execution	2025-10-10T14:17:54.0752104Z [36;1mecho "El proceso ha finalizado correctamente 18409218591. El resultado está en el fichero core/results/event_data_18409218591.log"[0m
handle-success	handle-success-execution	2025-10-10T14:17:54.0787177Z shell: /usr/bin/bash -e {0}
handle-success	handle-success-execution	2025-10-10T14:17:54.0788381Z env:
handle-success	handle-success-execution	2025-10-10T14:17:54.0790871Z   GITHUB_TOKEN: ***
handle-success	handle-success-execution	2025-10-10T14:17:54.0792075Z   KAOS_MODULE: [Ka0s] Personalized Image Runners
handle-success	handle-success-execution	2025-10-10T14:17:54.0817884Z   KAOS_CODE: 18409218591
handle-success	handle-success-execution	2025-10-10T14:17:54.0819274Z   KAOS_PATH_SCAN: audit/scan/
handle-success	handle-success-execution	2025-10-10T14:17:54.0820944Z   GH_TOKEN: ***
handle-success	handle-success-execution	2025-10-10T14:17:54.0821932Z ##[endgroup]
handle-success	handle-success-execution	2025-10-10T14:17:54.1069083Z El proceso ha finalizado correctamente 18409218591. El resultado está en el fichero core/results/event_data_18409218591.log
handle-success	Post Checkout code	﻿2025-10-10T14:17:54.2296468Z Post job cleanup.
handle-success	Post Checkout code	2025-10-10T14:17:54.5274262Z [command]/usr/bin/git version
handle-success	Post Checkout code	2025-10-10T14:17:54.5414803Z git version 2.51.0
handle-success	Post Checkout code	2025-10-10T14:17:54.5682221Z Temporarily overriding HOME='/home/runner/_work/_temp/3125e411-867e-4cbe-9773-49655890524c' before making global git config changes
handle-success	Post Checkout code	2025-10-10T14:17:54.5729149Z Adding repository directory to the temporary git global config as a safe directory
handle-success	Post Checkout code	2025-10-10T14:17:54.5739683Z [command]/usr/bin/git config --global --add safe.directory /home/runner/_work/ka0s/ka0s
handle-success	Post Checkout code	2025-10-10T14:17:54.5939175Z [command]/usr/bin/git config --local --name-only --get-regexp core\.sshCommand
handle-success	Post Checkout code	2025-10-10T14:17:54.6059926Z [command]/usr/bin/git submodule foreach --recursive sh -c "git config --local --name-only --get-regexp 'core\.sshCommand' && git config --local --unset-all 'core.sshCommand' || :"
handle-success	Post Checkout code	2025-10-10T14:17:54.6541074Z [command]/usr/bin/git config --local --name-only --get-regexp http\.https\:\/\/github\.com\/\.extraheader
handle-success	Post Checkout code	2025-10-10T14:17:54.6616026Z http.https://github.com/.extraheader
handle-success	Post Checkout code	2025-10-10T14:17:54.6668811Z [command]/usr/bin/git config --local --unset-all http.https://github.com/.extraheader
handle-success	Post Checkout code	2025-10-10T14:17:54.6854985Z [command]/usr/bin/git submodule foreach --recursive sh -c "git config --local --name-only --get-regexp 'http\.https\:\/\/github\.com\/\.extraheader' && git config --local --unset-all 'http.https://github.com/.extraheader' || :"
handle-success	Complete job	﻿2025-10-10T14:17:54.8952972Z Cleaning up orphan processes
end-workflow	Set up job	﻿2025-10-10T14:18:00.4953032Z Current runner version: '2.328.0'
end-workflow	Set up job	2025-10-10T14:18:00.4962612Z Runner name: '5a7980df137e'
end-workflow	Set up job	2025-10-10T14:18:00.4963612Z Runner group name: 'swarm-runners'
end-workflow	Set up job	2025-10-10T14:18:00.4964640Z Machine name: '5a7980df137e'
end-workflow	Set up job	2025-10-10T14:18:00.4967790Z ##[group]GITHUB_TOKEN Permissions
end-workflow	Set up job	2025-10-10T14:18:00.4970522Z Actions: write
end-workflow	Set up job	2025-10-10T14:18:00.4971105Z Contents: read
end-workflow	Set up job	2025-10-10T14:18:00.4971682Z Issues: write
end-workflow	Set up job	2025-10-10T14:18:00.4972293Z Metadata: read
end-workflow	Set up job	2025-10-10T14:18:00.4972819Z ##[endgroup]
end-workflow	Set up job	2025-10-10T14:18:00.4996727Z Secret source: Actions
end-workflow	Set up job	2025-10-10T14:18:00.4997890Z Prepare workflow directory
end-workflow	Set up job	2025-10-10T14:18:00.6228477Z Prepare all required actions
end-workflow	Set up job	2025-10-10T14:18:00.6334346Z Getting action download info
end-workflow	Set up job	2025-10-10T14:18:01.2298707Z Download action repository 'actions/checkout@v4' (SHA:08eba0b27e820071cde6df949e0beb9ba4906955)
end-workflow	Set up job	2025-10-10T14:18:02.2483716Z Complete job name: end-workflow
end-workflow	Checkout code	﻿2025-10-10T14:18:02.4671106Z ##[group]Run actions/checkout@v4
end-workflow	Checkout code	2025-10-10T14:18:02.4672269Z with:
end-workflow	Checkout code	2025-10-10T14:18:02.4672821Z   fetch-depth: 0
end-workflow	Checkout code	2025-10-10T14:18:02.4673716Z   token: ***
end-workflow	Checkout code	2025-10-10T14:18:02.4674223Z   repository: Ka0s-Klaus/ka0s
end-workflow	Checkout code	2025-10-10T14:18:02.4674780Z   ssh-strict: true
end-workflow	Checkout code	2025-10-10T14:18:02.4675260Z   ssh-user: git
end-workflow	Checkout code	2025-10-10T14:18:02.4675751Z   persist-credentials: true
end-workflow	Checkout code	2025-10-10T14:18:02.4676583Z   clean: true
end-workflow	Checkout code	2025-10-10T14:18:02.4677092Z   sparse-checkout-cone-mode: true
end-workflow	Checkout code	2025-10-10T14:18:02.4677693Z   fetch-tags: false
end-workflow	Checkout code	2025-10-10T14:18:02.4678176Z   show-progress: true
end-workflow	Checkout code	2025-10-10T14:18:02.4678675Z   lfs: false
end-workflow	Checkout code	2025-10-10T14:18:02.4679128Z   submodules: false
end-workflow	Checkout code	2025-10-10T14:18:02.4679642Z   set-safe-directory: true
end-workflow	Checkout code	2025-10-10T14:18:02.4680496Z env:
end-workflow	Checkout code	2025-10-10T14:18:02.4681636Z   GITHUB_TOKEN: ***
end-workflow	Checkout code	2025-10-10T14:18:02.4682204Z   KAOS_MODULE: [Ka0s] Personalized Image Runners
end-workflow	Checkout code	2025-10-10T14:18:02.4682873Z   KAOS_CODE: 18409218591
end-workflow	Checkout code	2025-10-10T14:18:02.4683484Z   KAOS_PATH_SCAN: audit/scan/
end-workflow	Checkout code	2025-10-10T14:18:02.4684215Z   GH_TOKEN: ***
end-workflow	Checkout code	2025-10-10T14:18:02.4684749Z ##[endgroup]
end-workflow	Checkout code	2025-10-10T14:18:02.6866447Z Syncing repository: Ka0s-Klaus/ka0s
end-workflow	Checkout code	2025-10-10T14:18:02.6869457Z ##[group]Getting Git version info
end-workflow	Checkout code	2025-10-10T14:18:02.6870440Z Working directory is '/home/runner/_work/ka0s/ka0s'
end-workflow	Checkout code	2025-10-10T14:18:02.6871864Z [command]/usr/bin/git version
end-workflow	Checkout code	2025-10-10T14:18:02.6917762Z git version 2.51.0
end-workflow	Checkout code	2025-10-10T14:18:02.7057253Z ##[endgroup]
end-workflow	Checkout code	2025-10-10T14:18:02.7121614Z Temporarily overriding HOME='/home/runner/_work/_temp/3d42a2a8-f70b-41d5-a19c-132e8a797d84' before making global git config changes
end-workflow	Checkout code	2025-10-10T14:18:02.7126720Z Adding repository directory to the temporary git global config as a safe directory
end-workflow	Checkout code	2025-10-10T14:18:02.7139946Z [command]/usr/bin/git config --global --add safe.directory /home/runner/_work/ka0s/ka0s
end-workflow	Checkout code	2025-10-10T14:18:02.7342473Z [command]/usr/bin/git config --local --get remote.origin.url
end-workflow	Checkout code	2025-10-10T14:18:02.7468939Z https://github.com/Ka0s-Klaus/ka0s
end-workflow	Checkout code	2025-10-10T14:18:02.7552295Z ##[group]Removing previously created refs, to avoid conflicts
end-workflow	Checkout code	2025-10-10T14:18:02.7579661Z [command]/usr/bin/git rev-parse --symbolic-full-name --verify --quiet HEAD
end-workflow	Checkout code	2025-10-10T14:18:02.7662473Z refs/heads/main
end-workflow	Checkout code	2025-10-10T14:18:02.7706024Z [command]/usr/bin/git checkout --detach
end-workflow	Checkout code	2025-10-10T14:18:02.7845712Z HEAD is now at 0e405a882 [Ka0s] 📊 Directory scan report: core/runner
end-workflow	Checkout code	2025-10-10T14:18:02.8007560Z [command]/usr/bin/git branch --delete --force main
end-workflow	Checkout code	2025-10-10T14:18:02.8084237Z Deleted branch main (was 0e405a882).
end-workflow	Checkout code	2025-10-10T14:18:02.8353114Z ##[endgroup]
end-workflow	Checkout code	2025-10-10T14:18:02.8366226Z [command]/usr/bin/git submodule status
end-workflow	Checkout code	2025-10-10T14:18:02.9407433Z ##[group]Cleaning the repository
end-workflow	Checkout code	2025-10-10T14:18:02.9440611Z [command]/usr/bin/git clean -ffdx
end-workflow	Checkout code	2025-10-10T14:18:02.9616429Z [command]/usr/bin/git reset --hard HEAD
end-workflow	Checkout code	2025-10-10T14:18:02.9831113Z HEAD is now at 0e405a882 [Ka0s] 📊 Directory scan report: core/runner
end-workflow	Checkout code	2025-10-10T14:18:02.9869916Z ##[endgroup]
end-workflow	Checkout code	2025-10-10T14:18:02.9870912Z ##[group]Disabling automatic garbage collection
end-workflow	Checkout code	2025-10-10T14:18:02.9871786Z [command]/usr/bin/git config --local gc.auto 0
end-workflow	Checkout code	2025-10-10T14:18:02.9921001Z ##[endgroup]
end-workflow	Checkout code	2025-10-10T14:18:02.9923438Z ##[group]Setting up auth
end-workflow	Checkout code	2025-10-10T14:18:02.9941650Z [command]/usr/bin/git config --local --name-only --get-regexp core\.sshCommand
end-workflow	Checkout code	2025-10-10T14:18:03.0057025Z [command]/usr/bin/git submodule foreach --recursive sh -c "git config --local --name-only --get-regexp 'core\.sshCommand' && git config --local --unset-all 'core.sshCommand' || :"
end-workflow	Checkout code	2025-10-10T14:18:03.1588321Z [command]/usr/bin/git config --local --name-only --get-regexp http\.https\:\/\/github\.com\/\.extraheader
end-workflow	Checkout code	2025-10-10T14:18:03.1639217Z [command]/usr/bin/git submodule foreach --recursive sh -c "git config --local --name-only --get-regexp 'http\.https\:\/\/github\.com\/\.extraheader' && git config --local --unset-all 'http.https://github.com/.extraheader' || :"
end-workflow	Checkout code	2025-10-10T14:18:03.2748020Z [command]/usr/bin/git config --local http.https://github.com/.extraheader AUTHORIZATION: basic ***
end-workflow	Checkout code	2025-10-10T14:18:03.2888883Z ##[endgroup]
end-workflow	Checkout code	2025-10-10T14:18:03.2898050Z ##[group]Fetching the repository
end-workflow	Checkout code	2025-10-10T14:18:03.2901473Z [command]/usr/bin/git -c protocol.version=2 fetch --prune --no-recurse-submodules origin +refs/heads/*:refs/remotes/origin/* +refs/tags/*:refs/tags/*
end-workflow	Checkout code	2025-10-10T14:18:04.0399647Z From https://github.com/Ka0s-Klaus/ka0s
end-workflow	Checkout code	2025-10-10T14:18:04.0402054Z    0e405a882..98bcf3cfa  main       -> origin/main
end-workflow	Checkout code	2025-10-10T14:18:04.0592699Z [command]/usr/bin/git branch --list --remote origin/main
end-workflow	Checkout code	2025-10-10T14:18:04.0802919Z   origin/main
end-workflow	Checkout code	2025-10-10T14:18:04.0824137Z [command]/usr/bin/git rev-parse refs/remotes/origin/main
end-workflow	Checkout code	2025-10-10T14:18:04.0966632Z 98bcf3cfa87f68e8a4136f5133d4206770c560a9
end-workflow	Checkout code	2025-10-10T14:18:04.0987861Z [command]/usr/bin/git -c protocol.version=2 fetch --no-tags --prune --no-recurse-submodules origin +0e405a8826afda02871f1ba8f95fc4e787758743:refs/remotes/origin/main
end-workflow	Checkout code	2025-10-10T14:18:04.1436358Z From https://github.com/Ka0s-Klaus/ka0s
end-workflow	Checkout code	2025-10-10T14:18:04.1450945Z  + 98bcf3cfa...0e405a882 0e405a8826afda02871f1ba8f95fc4e787758743 -> origin/main  (forced update)
end-workflow	Checkout code	2025-10-10T14:18:04.1499501Z ##[endgroup]
end-workflow	Checkout code	2025-10-10T14:18:04.1501446Z ##[group]Determining the checkout info
end-workflow	Checkout code	2025-10-10T14:18:04.1524994Z ##[endgroup]
end-workflow	Checkout code	2025-10-10T14:18:04.1530331Z [command]/usr/bin/git sparse-checkout disable
end-workflow	Checkout code	2025-10-10T14:18:04.1699897Z [command]/usr/bin/git config --local --unset-all extensions.worktreeConfig
end-workflow	Checkout code	2025-10-10T14:18:04.1776223Z ##[group]Checking out the ref
end-workflow	Checkout code	2025-10-10T14:18:04.1782742Z [command]/usr/bin/git checkout --progress --force -B main refs/remotes/origin/main
end-workflow	Checkout code	2025-10-10T14:18:04.1884047Z Switched to a new branch 'main'
end-workflow	Checkout code	2025-10-10T14:18:04.1894241Z branch 'main' set up to track 'origin/main'.
end-workflow	Checkout code	2025-10-10T14:18:04.1913591Z ##[endgroup]
end-workflow	Checkout code	2025-10-10T14:18:04.1969370Z [command]/usr/bin/git log -1 --format=%H
end-workflow	Checkout code	2025-10-10T14:18:04.2007844Z 0e405a8826afda02871f1ba8f95fc4e787758743
end-workflow	Finaliza el workflow	﻿2025-10-10T14:18:04.2629235Z ##[group]Run echo "End process"
end-workflow	Finaliza el workflow	2025-10-10T14:18:04.2630786Z [36;1mecho "End process"[0m
end-workflow	Finaliza el workflow	2025-10-10T14:18:04.2632254Z [36;1m# RNNUMBER=$(echo "refs/heads/main" | grep -o '[0-9]*')[0m
end-workflow	Finaliza el workflow	2025-10-10T14:18:04.2664965Z [36;1m# gh issue comment $RNNUMBER --body "Se finaliza Ka0s 18409218591"[0m
end-workflow	Finaliza el workflow	2025-10-10T14:18:04.2666977Z [36;1mecho "Se finaliza Ka0s 18409218591"[0m
end-workflow	Finaliza el workflow	2025-10-10T14:18:04.2668909Z [36;1mgh workflow run inspector.yml --ref 'main' -f kaos-workflow-id="18409218591"[0m
end-workflow	Finaliza el workflow	2025-10-10T14:18:04.2687719Z shell: /usr/bin/bash -e {0}
end-workflow	Finaliza el workflow	2025-10-10T14:18:04.2688900Z env:
end-workflow	Finaliza el workflow	2025-10-10T14:18:04.2691359Z   GITHUB_TOKEN: ***
end-workflow	Finaliza el workflow	2025-10-10T14:18:04.2692502Z   KAOS_MODULE: [Ka0s] Personalized Image Runners
end-workflow	Finaliza el workflow	2025-10-10T14:18:04.2693927Z   KAOS_CODE: 18409218591
end-workflow	Finaliza el workflow	2025-10-10T14:18:04.2695000Z   KAOS_PATH_SCAN: audit/scan/
end-workflow	Finaliza el workflow	2025-10-10T14:18:04.2696421Z   GH_TOKEN: ***
end-workflow	Finaliza el workflow	2025-10-10T14:18:04.2697376Z ##[endgroup]
end-workflow	Finaliza el workflow	2025-10-10T14:18:04.2935063Z End process
end-workflow	Finaliza el workflow	2025-10-10T14:18:04.2936514Z Se finaliza Ka0s 18409218591
end-workflow	Post Checkout code	﻿2025-10-10T14:18:05.1238431Z Post job cleanup.
end-workflow	Post Checkout code	2025-10-10T14:18:05.3069987Z [command]/usr/bin/git version
end-workflow	Post Checkout code	2025-10-10T14:18:05.3235009Z git version 2.51.0
end-workflow	Post Checkout code	2025-10-10T14:18:05.3526435Z Temporarily overriding HOME='/home/runner/_work/_temp/cffcccdb-321e-455c-91e1-94cbcdf65524' before making global git config changes
end-workflow	Post Checkout code	2025-10-10T14:18:05.3551408Z Adding repository directory to the temporary git global config as a safe directory
end-workflow	Post Checkout code	2025-10-10T14:18:05.3564936Z [command]/usr/bin/git config --global --add safe.directory /home/runner/_work/ka0s/ka0s
end-workflow	Post Checkout code	2025-10-10T14:18:05.3697281Z [command]/usr/bin/git config --local --name-only --get-regexp core\.sshCommand
end-workflow	Post Checkout code	2025-10-10T14:18:05.3967708Z [command]/usr/bin/git submodule foreach --recursive sh -c "git config --local --name-only --get-regexp 'core\.sshCommand' && git config --local --unset-all 'core.sshCommand' || :"
end-workflow	Post Checkout code	2025-10-10T14:18:05.5128361Z [command]/usr/bin/git config --local --name-only --get-regexp http\.https\:\/\/github\.com\/\.extraheader
end-workflow	Post Checkout code	2025-10-10T14:18:05.5194267Z http.https://github.com/.extraheader
end-workflow	Post Checkout code	2025-10-10T14:18:05.5269140Z [command]/usr/bin/git config --local --unset-all http.https://github.com/.extraheader
end-workflow	Post Checkout code	2025-10-10T14:18:05.5439632Z [command]/usr/bin/git submodule foreach --recursive sh -c "git config --local --name-only --get-regexp 'http\.https\:\/\/github\.com\/\.extraheader' && git config --local --unset-all 'http.https://github.com/.extraheader' || :"
end-workflow	Complete job	﻿2025-10-10T14:18:05.7043191Z Cleaning up orphan processes
