job-core	Set up job	﻿2025-10-10T15:37:56.6739027Z Current runner version: '2.328.0'
job-core	Set up job	2025-10-10T15:37:56.7062220Z Runner name: '2c84375d175e'
job-core	Set up job	2025-10-10T15:37:56.8777154Z Runner group name: 'swarm-runners'
job-core	Set up job	2025-10-10T15:37:56.8779261Z Machine name: '2c84375d175e'
job-core	Set up job	2025-10-10T15:37:56.9298461Z ##[group]GITHUB_TOKEN Permissions
job-core	Set up job	2025-10-10T15:37:56.9303869Z Actions: write
job-core	Set up job	2025-10-10T15:37:56.9305127Z Contents: write
job-core	Set up job	2025-10-10T15:37:56.9306276Z Issues: write
job-core	Set up job	2025-10-10T15:37:56.9307407Z Metadata: read
job-core	Set up job	2025-10-10T15:37:56.9308605Z PullRequests: write
job-core	Set up job	2025-10-10T15:37:56.9309882Z ##[endgroup]
job-core	Set up job	2025-10-10T15:37:56.9314204Z Secret source: Actions
job-core	Set up job	2025-10-10T15:37:56.9316046Z Prepare workflow directory
job-core	Set up job	2025-10-10T15:38:03.5603574Z Prepare all required actions
job-core	Set up job	2025-10-10T15:38:03.8144587Z Getting action download info
job-core	Set up job	2025-10-10T15:38:17.7401624Z Download action repository 'actions/checkout@v4' (SHA:08eba0b27e820071cde6df949e0beb9ba4906955)
job-core	Set up job	2025-10-10T15:38:24.0536029Z Download action repository 'actions/setup-node@v2' (SHA:7c12f8017d5436eb855f1ed4399f037a36fbd9e8)
job-core	Set up job	2025-10-10T15:38:37.5067901Z Complete job name: job-core
handle_failure	Set up job	﻿2025-10-10T15:54:33.2772421Z Current runner version: '2.328.0'
handle_failure	Set up job	2025-10-10T15:54:33.2790250Z Runner name: 'dc56719ba886'
handle_failure	Set up job	2025-10-10T15:54:33.2792144Z Runner group name: 'swarm-runners'
handle_failure	Set up job	2025-10-10T15:54:33.2794328Z Machine name: 'dc56719ba886'
handle_failure	Set up job	2025-10-10T15:54:33.2803258Z ##[group]GITHUB_TOKEN Permissions
handle_failure	Set up job	2025-10-10T15:54:33.2807911Z Actions: write
handle_failure	Set up job	2025-10-10T15:54:33.2809124Z Contents: write
handle_failure	Set up job	2025-10-10T15:54:33.2810785Z Issues: write
handle_failure	Set up job	2025-10-10T15:54:33.2913627Z Metadata: read
handle_failure	Set up job	2025-10-10T15:54:33.2915024Z PullRequests: write
handle_failure	Set up job	2025-10-10T15:54:33.2915963Z ##[endgroup]
handle_failure	Set up job	2025-10-10T15:54:33.2920317Z Secret source: Actions
handle_failure	Set up job	2025-10-10T15:54:33.2921628Z Prepare workflow directory
handle_failure	Set up job	2025-10-10T15:54:33.5159974Z Prepare all required actions
handle_failure	Set up job	2025-10-10T15:54:33.5410590Z Getting action download info
handle_failure	Set up job	2025-10-10T15:54:34.1517819Z Download action repository 'actions/checkout@v4' (SHA:08eba0b27e820071cde6df949e0beb9ba4906955)
handle_failure	Set up job	2025-10-10T15:54:35.1190209Z Complete job name: handle_failure
handle_failure	Checkout code	﻿2025-10-10T15:54:35.2720405Z ##[group]Run actions/checkout@v4
handle_failure	Checkout code	2025-10-10T15:54:35.2722004Z with:
handle_failure	Checkout code	2025-10-10T15:54:35.2722604Z   fetch-depth: 0
handle_failure	Checkout code	2025-10-10T15:54:35.2723665Z   token: ***
handle_failure	Checkout code	2025-10-10T15:54:35.2724256Z   repository: Ka0s-Klaus/ka0s
handle_failure	Checkout code	2025-10-10T15:54:35.2724945Z   ssh-strict: true
handle_failure	Checkout code	2025-10-10T15:54:35.2725528Z   ssh-user: git
handle_failure	Checkout code	2025-10-10T15:54:35.2726120Z   persist-credentials: true
handle_failure	Checkout code	2025-10-10T15:54:35.2726787Z   clean: true
handle_failure	Checkout code	2025-10-10T15:54:35.2727377Z   sparse-checkout-cone-mode: true
handle_failure	Checkout code	2025-10-10T15:54:35.2728134Z   fetch-tags: false
handle_failure	Checkout code	2025-10-10T15:54:35.2728737Z   show-progress: true
handle_failure	Checkout code	2025-10-10T15:54:35.2729337Z   lfs: false
handle_failure	Checkout code	2025-10-10T15:54:35.2730111Z   submodules: false
handle_failure	Checkout code	2025-10-10T15:54:35.2730764Z   set-safe-directory: true
handle_failure	Checkout code	2025-10-10T15:54:35.2731831Z env:
handle_failure	Checkout code	2025-10-10T15:54:35.2732409Z   KAOS_MODULE: [Ka0S] JSONLINT
handle_failure	Checkout code	2025-10-10T15:54:35.2733322Z   GH_TOKEN: ***
handle_failure	Checkout code	2025-10-10T15:54:35.2734006Z   KAOS_JSONLINT_CONFIG: core/config/.jsonlint.json
handle_failure	Checkout code	2025-10-10T15:54:35.2734859Z   KAOS_PATH_RESUME: audit/jsonlint/
handle_failure	Checkout code	2025-10-10T15:54:35.2735712Z   KAOS_REPO: /actions-runner/_work/kaos/kaos
handle_failure	Checkout code	2025-10-10T15:54:35.2736534Z   KAOS_STEP_MODULE: 
handle_failure	Checkout code	2025-10-10T15:54:35.2737371Z   KAOS_CODE: 18411224066
handle_failure	Checkout code	2025-10-10T15:54:35.2738431Z   KAOS_REF_BRANCH: main
handle_failure	Checkout code	2025-10-10T15:54:35.2739681Z ##[endgroup]
handle_failure	Checkout code	2025-10-10T15:54:35.5399087Z Syncing repository: Ka0s-Klaus/ka0s
handle_failure	Checkout code	2025-10-10T15:54:35.5406638Z ##[group]Getting Git version info
handle_failure	Checkout code	2025-10-10T15:54:35.5409384Z Working directory is '/home/runner/_work/ka0s/ka0s'
handle_failure	Checkout code	2025-10-10T15:54:35.5415289Z [command]/usr/bin/git version
handle_failure	Checkout code	2025-10-10T15:54:35.5418397Z git version 2.51.0
handle_failure	Checkout code	2025-10-10T15:54:35.5445707Z ##[endgroup]
handle_failure	Checkout code	2025-10-10T15:54:35.5459094Z Copying '/home/runner/.gitconfig' to '/home/runner/_work/_temp/1e61e7d8-2210-4b93-a5da-a41f865c1bca/.gitconfig'
handle_failure	Checkout code	2025-10-10T15:54:35.5471299Z Temporarily overriding HOME='/home/runner/_work/_temp/1e61e7d8-2210-4b93-a5da-a41f865c1bca' before making global git config changes
handle_failure	Checkout code	2025-10-10T15:54:35.5475498Z Adding repository directory to the temporary git global config as a safe directory
handle_failure	Checkout code	2025-10-10T15:54:35.5478514Z [command]/usr/bin/git config --global --add safe.directory /home/runner/_work/ka0s/ka0s
handle_failure	Checkout code	2025-10-10T15:54:35.5581527Z [command]/usr/bin/git config --local --get remote.origin.url
handle_failure	Checkout code	2025-10-10T15:54:35.5632213Z https://github.com/Ka0s-Klaus/ka0s
handle_failure	Checkout code	2025-10-10T15:54:35.5675532Z ##[group]Removing previously created refs, to avoid conflicts
handle_failure	Checkout code	2025-10-10T15:54:35.5695483Z [command]/usr/bin/git rev-parse --symbolic-full-name --verify --quiet HEAD
handle_failure	Checkout code	2025-10-10T15:54:35.5748455Z refs/heads/main
handle_failure	Checkout code	2025-10-10T15:54:35.5769766Z [command]/usr/bin/git checkout --detach
handle_failure	Checkout code	2025-10-10T15:54:35.5896209Z HEAD is now at c869becc5 [Ka0S] Inspector uploading resume execution files to the repository...
handle_failure	Checkout code	2025-10-10T15:54:35.5971823Z [command]/usr/bin/git branch --delete --force main
handle_failure	Checkout code	2025-10-10T15:54:35.6031324Z Deleted branch main (was c869becc5).
handle_failure	Checkout code	2025-10-10T15:54:35.6217707Z ##[endgroup]
handle_failure	Checkout code	2025-10-10T15:54:35.6219789Z [command]/usr/bin/git submodule status
handle_failure	Checkout code	2025-10-10T15:54:35.6564131Z ##[group]Cleaning the repository
handle_failure	Checkout code	2025-10-10T15:54:35.6570913Z [command]/usr/bin/git clean -ffdx
handle_failure	Checkout code	2025-10-10T15:54:35.6666262Z [command]/usr/bin/git reset --hard HEAD
handle_failure	Checkout code	2025-10-10T15:54:35.6795925Z HEAD is now at c869becc5 [Ka0S] Inspector uploading resume execution files to the repository...
handle_failure	Checkout code	2025-10-10T15:54:35.6806555Z ##[endgroup]
handle_failure	Checkout code	2025-10-10T15:54:35.6811266Z ##[group]Disabling automatic garbage collection
handle_failure	Checkout code	2025-10-10T15:54:35.6814842Z [command]/usr/bin/git config --local gc.auto 0
handle_failure	Checkout code	2025-10-10T15:54:35.6869054Z ##[endgroup]
handle_failure	Checkout code	2025-10-10T15:54:35.6870959Z ##[group]Setting up auth
handle_failure	Checkout code	2025-10-10T15:54:35.6881662Z [command]/usr/bin/git config --local --name-only --get-regexp core\.sshCommand
handle_failure	Checkout code	2025-10-10T15:54:35.6937747Z [command]/usr/bin/git submodule foreach --recursive sh -c "git config --local --name-only --get-regexp 'core\.sshCommand' && git config --local --unset-all 'core.sshCommand' || :"
handle_failure	Checkout code	2025-10-10T15:54:35.7355807Z [command]/usr/bin/git config --local --name-only --get-regexp http\.https\:\/\/github\.com\/\.extraheader
handle_failure	Checkout code	2025-10-10T15:54:35.7408920Z [command]/usr/bin/git submodule foreach --recursive sh -c "git config --local --name-only --get-regexp 'http\.https\:\/\/github\.com\/\.extraheader' && git config --local --unset-all 'http.https://github.com/.extraheader' || :"
handle_failure	Checkout code	2025-10-10T15:54:35.7836859Z [command]/usr/bin/git config --local http.https://github.com/.extraheader AUTHORIZATION: basic ***
handle_failure	Checkout code	2025-10-10T15:54:35.7931954Z ##[endgroup]
handle_failure	Checkout code	2025-10-10T15:54:35.7934814Z ##[group]Fetching the repository
handle_failure	Checkout code	2025-10-10T15:54:35.7949177Z [command]/usr/bin/git -c protocol.version=2 fetch --prune --no-recurse-submodules origin +refs/heads/*:refs/remotes/origin/* +refs/tags/*:refs/tags/*
handle_failure	Checkout code	2025-10-10T15:54:36.6582677Z From https://github.com/Ka0s-Klaus/ka0s
handle_failure	Checkout code	2025-10-10T15:54:36.6585750Z    d09155a79..8b6a277c1  main       -> origin/main
handle_failure	Checkout code	2025-10-10T15:54:36.6644198Z [command]/usr/bin/git branch --list --remote origin/H1968-modulo-personalización-del-portal-de-kaos-core
handle_failure	Checkout code	2025-10-10T15:54:36.6736826Z   origin/H1968-modulo-personalización-del-portal-de-kaos-core
handle_failure	Checkout code	2025-10-10T15:54:36.6752007Z [command]/usr/bin/git rev-parse refs/remotes/origin/H1968-modulo-personalización-del-portal-de-kaos-core
handle_failure	Checkout code	2025-10-10T15:54:36.6789762Z 3be2913494ea918a43368bfeb6c6b5f915755367
handle_failure	Checkout code	2025-10-10T15:54:36.6826633Z [command]/usr/bin/git -c protocol.version=2 fetch --no-tags --prune --no-recurse-submodules origin +ac8e4585e830382206148d84436cc85741ff21e5:refs/remotes/origin/H1968-modulo-personalización-del-portal-de-kaos-core
handle_failure	Checkout code	2025-10-10T15:54:36.7144838Z From https://github.com/Ka0s-Klaus/ka0s
handle_failure	Checkout code	2025-10-10T15:54:36.7152244Z  + 3be291349...ac8e4585e ac8e4585e830382206148d84436cc85741ff21e5 -> origin/H1968-modulo-personalización-del-portal-de-kaos-core  (forced update)
handle_failure	Checkout code	2025-10-10T15:54:36.7373686Z ##[endgroup]
handle_failure	Checkout code	2025-10-10T15:54:36.7376894Z ##[group]Determining the checkout info
handle_failure	Checkout code	2025-10-10T15:54:36.7413689Z ##[endgroup]
handle_failure	Checkout code	2025-10-10T15:54:36.7503674Z [command]/usr/bin/git sparse-checkout disable
handle_failure	Checkout code	2025-10-10T15:54:36.7943355Z [command]/usr/bin/git config --local --unset-all extensions.worktreeConfig
handle_failure	Checkout code	2025-10-10T15:54:36.8058724Z ##[group]Checking out the ref
handle_failure	Checkout code	2025-10-10T15:54:36.8076728Z [command]/usr/bin/git checkout --progress --force -B H1968-modulo-personalización-del-portal-de-kaos-core refs/remotes/origin/H1968-modulo-personalización-del-portal-de-kaos-core
handle_failure	Checkout code	2025-10-10T15:54:36.8573394Z Warning: you are leaving 1 commit behind, not connected to
handle_failure	Checkout code	2025-10-10T15:54:36.8576726Z any of your branches:
handle_failure	Checkout code	2025-10-10T15:54:36.8578105Z 
handle_failure	Checkout code	2025-10-10T15:54:36.8580387Z   c869becc5 [Ka0S] Inspector uploading resume execution files to the repository...
handle_failure	Checkout code	2025-10-10T15:54:36.8583569Z 
handle_failure	Checkout code	2025-10-10T15:54:36.8585430Z If you want to keep it by creating a new branch, this may be a good time
handle_failure	Checkout code	2025-10-10T15:54:36.8589170Z to do so with:
handle_failure	Checkout code	2025-10-10T15:54:36.8590767Z 
handle_failure	Checkout code	2025-10-10T15:54:36.8591868Z  git branch <new-branch-name> c869becc5
handle_failure	Checkout code	2025-10-10T15:54:36.8593745Z 
handle_failure	Checkout code	2025-10-10T15:54:36.8634133Z Switched to a new branch 'H1968-modulo-personalización-del-portal-de-kaos-core'
handle_failure	Checkout code	2025-10-10T15:54:36.8643079Z branch 'H1968-modulo-personalización-del-portal-de-kaos-core' set up to track 'origin/H1968-modulo-personalización-del-portal-de-kaos-core'.
handle_failure	Checkout code	2025-10-10T15:54:36.8692212Z ##[endgroup]
handle_failure	Checkout code	2025-10-10T15:54:36.8767554Z [command]/usr/bin/git log -1 --format=%H
handle_failure	Checkout code	2025-10-10T15:54:36.8832168Z ac8e4585e830382206148d84436cc85741ff21e5
handle_failure	handle-failure-execution	﻿2025-10-10T15:54:36.9527956Z ##[group]Run echo "Error detected in process"
handle_failure	handle-failure-execution	2025-10-10T15:54:36.9530085Z [36;1mecho "Error detected in process"[0m
handle_failure	handle-failure-execution	2025-10-10T15:54:36.9531733Z [36;1mecho "Created issue"[0m
handle_failure	handle-failure-execution	2025-10-10T15:54:36.9536327Z [36;1mgh issue create  --title "[Ka0S] JSONLINT Error detected in 18411224066" --label "bug" --body "Please check the logs 'https://github.com/Ka0s-Klaus/ka0s/actions/runs/18411224066' for more information of error."[0m
handle_failure	handle-failure-execution	2025-10-10T15:54:36.9541287Z [36;1mecho "Add comment to origin target"[0m
handle_failure	handle-failure-execution	2025-10-10T15:54:36.9544302Z [36;1mRNNUMBER=$(echo "refs/heads/H1968-modulo-personalización-del-portal-de-kaos-core" | grep -o '[0-9]*')[0m
handle_failure	handle-failure-execution	2025-10-10T15:54:36.9549132Z [36;1mgh issue comment $RNNUMBER --body "El proceso no ha finalizado correctamente 18411224066. El resultado está en el fichero 18411224066.log"[0m
handle_failure	handle-failure-execution	2025-10-10T15:54:36.9580767Z shell: /usr/bin/bash -e {0}
handle_failure	handle-failure-execution	2025-10-10T15:54:36.9582298Z env:
handle_failure	handle-failure-execution	2025-10-10T15:54:36.9583415Z   KAOS_MODULE: [Ka0S] JSONLINT
handle_failure	handle-failure-execution	2025-10-10T15:54:36.9585451Z   GH_TOKEN: ***
handle_failure	handle-failure-execution	2025-10-10T15:54:36.9586950Z   KAOS_JSONLINT_CONFIG: core/config/.jsonlint.json
handle_failure	handle-failure-execution	2025-10-10T15:54:36.9588803Z   KAOS_PATH_RESUME: audit/jsonlint/
handle_failure	handle-failure-execution	2025-10-10T15:54:36.9590725Z   KAOS_REPO: /actions-runner/_work/kaos/kaos
handle_failure	handle-failure-execution	2025-10-10T15:54:36.9592617Z   KAOS_STEP_MODULE: 
handle_failure	handle-failure-execution	2025-10-10T15:54:36.9593948Z   KAOS_CODE: 18411224066
handle_failure	handle-failure-execution	2025-10-10T15:54:36.9596175Z   KAOS_REF_BRANCH: main
handle_failure	handle-failure-execution	2025-10-10T15:54:36.9598366Z ##[endgroup]
handle_failure	handle-failure-execution	2025-10-10T15:54:36.9732256Z Error detected in process
handle_failure	handle-failure-execution	2025-10-10T15:54:36.9735548Z Created issue
handle_failure	handle-failure-execution	2025-10-10T15:54:38.4673404Z https://github.com/Ka0s-Klaus/ka0s/issues/2147
handle_failure	handle-failure-execution	2025-10-10T15:54:38.4725301Z Add comment to origin target
handle_failure	handle-failure-execution	2025-10-10T15:54:39.6655943Z https://github.com/Ka0s-Klaus/ka0s/issues/1968#issuecomment-3390905235
handle_failure	Post Checkout code	﻿2025-10-10T15:54:39.7528264Z Post job cleanup.
handle_failure	Post Checkout code	2025-10-10T15:54:40.1676145Z [command]/usr/bin/git version
handle_failure	Post Checkout code	2025-10-10T15:54:40.1868325Z git version 2.51.0
handle_failure	Post Checkout code	2025-10-10T15:54:40.1975541Z Copying '/home/runner/.gitconfig' to '/home/runner/_work/_temp/7ee377df-947d-4516-a093-17a245e22022/.gitconfig'
handle_failure	Post Checkout code	2025-10-10T15:54:40.2006812Z Temporarily overriding HOME='/home/runner/_work/_temp/7ee377df-947d-4516-a093-17a245e22022' before making global git config changes
handle_failure	Post Checkout code	2025-10-10T15:54:40.2015846Z Adding repository directory to the temporary git global config as a safe directory
handle_failure	Post Checkout code	2025-10-10T15:54:40.2032658Z [command]/usr/bin/git config --global --add safe.directory /home/runner/_work/ka0s/ka0s
handle_failure	Post Checkout code	2025-10-10T15:54:40.2145880Z [command]/usr/bin/git config --local --name-only --get-regexp core\.sshCommand
handle_failure	Post Checkout code	2025-10-10T15:54:40.2343566Z [command]/usr/bin/git submodule foreach --recursive sh -c "git config --local --name-only --get-regexp 'core\.sshCommand' && git config --local --unset-all 'core.sshCommand' || :"
handle_failure	Post Checkout code	2025-10-10T15:54:40.3429050Z [command]/usr/bin/git config --local --name-only --get-regexp http\.https\:\/\/github\.com\/\.extraheader
handle_failure	Post Checkout code	2025-10-10T15:54:40.3678106Z http.https://github.com/.extraheader
handle_failure	Post Checkout code	2025-10-10T15:54:40.3778527Z [command]/usr/bin/git config --local --unset-all http.https://github.com/.extraheader
handle_failure	Post Checkout code	2025-10-10T15:54:40.4077547Z [command]/usr/bin/git submodule foreach --recursive sh -c "git config --local --name-only --get-regexp 'http\.https\:\/\/github\.com\/\.extraheader' && git config --local --unset-all 'http.https://github.com/.extraheader' || :"
handle_failure	Complete job	﻿2025-10-10T15:54:40.6051718Z Cleaning up orphan processes
end-workflow	Set up job	﻿2025-10-10T15:54:47.5473144Z Current runner version: '2.328.0'
end-workflow	Set up job	2025-10-10T15:54:47.5559047Z Runner name: '66101dcfb7a2'
end-workflow	Set up job	2025-10-10T15:54:47.5562744Z Runner group name: 'swarm-runners'
end-workflow	Set up job	2025-10-10T15:54:47.5566141Z Machine name: '66101dcfb7a2'
end-workflow	Set up job	2025-10-10T15:54:47.5868158Z ##[group]GITHUB_TOKEN Permissions
end-workflow	Set up job	2025-10-10T15:54:47.5872858Z Actions: write
end-workflow	Set up job	2025-10-10T15:54:47.5874153Z Contents: write
end-workflow	Set up job	2025-10-10T15:54:47.5875159Z Issues: write
end-workflow	Set up job	2025-10-10T15:54:47.5876429Z Metadata: read
end-workflow	Set up job	2025-10-10T15:54:47.5877470Z PullRequests: write
end-workflow	Set up job	2025-10-10T15:54:47.5878543Z ##[endgroup]
end-workflow	Set up job	2025-10-10T15:54:47.5913980Z Secret source: Actions
end-workflow	Set up job	2025-10-10T15:54:47.5915854Z Prepare workflow directory
end-workflow	Set up job	2025-10-10T15:54:48.0002907Z Prepare all required actions
end-workflow	Set up job	2025-10-10T15:54:48.0198030Z Getting action download info
end-workflow	Set up job	2025-10-10T15:54:48.7742352Z Download action repository 'actions/checkout@v4' (SHA:08eba0b27e820071cde6df949e0beb9ba4906955)
end-workflow	Set up job	2025-10-10T15:54:49.8514842Z Complete job name: end-workflow
end-workflow	Checkout code	﻿2025-10-10T15:54:50.0551113Z ##[group]Run actions/checkout@v4
end-workflow	Checkout code	2025-10-10T15:54:50.0555474Z with:
end-workflow	Checkout code	2025-10-10T15:54:50.0558557Z   fetch-depth: 0
end-workflow	Checkout code	2025-10-10T15:54:50.0572493Z   token: ***
end-workflow	Checkout code	2025-10-10T15:54:50.0574679Z   repository: Ka0s-Klaus/ka0s
end-workflow	Checkout code	2025-10-10T15:54:50.0577245Z   ssh-strict: true
end-workflow	Checkout code	2025-10-10T15:54:50.0580128Z   ssh-user: git
end-workflow	Checkout code	2025-10-10T15:54:50.0583153Z   persist-credentials: true
end-workflow	Checkout code	2025-10-10T15:54:50.0585945Z   clean: true
end-workflow	Checkout code	2025-10-10T15:54:50.0587493Z   sparse-checkout-cone-mode: true
end-workflow	Checkout code	2025-10-10T15:54:50.0589956Z   fetch-tags: false
end-workflow	Checkout code	2025-10-10T15:54:50.0591986Z   show-progress: true
end-workflow	Checkout code	2025-10-10T15:54:50.0593821Z   lfs: false
end-workflow	Checkout code	2025-10-10T15:54:50.0594980Z   submodules: false
end-workflow	Checkout code	2025-10-10T15:54:50.0596573Z   set-safe-directory: true
end-workflow	Checkout code	2025-10-10T15:54:50.0600200Z env:
end-workflow	Checkout code	2025-10-10T15:54:50.0602054Z   KAOS_MODULE: [Ka0S] JSONLINT
end-workflow	Checkout code	2025-10-10T15:54:50.0604415Z   GH_TOKEN: ***
end-workflow	Checkout code	2025-10-10T15:54:50.0607200Z   KAOS_JSONLINT_CONFIG: core/config/.jsonlint.json
end-workflow	Checkout code	2025-10-10T15:54:50.0609211Z   KAOS_PATH_RESUME: audit/jsonlint/
end-workflow	Checkout code	2025-10-10T15:54:50.0611486Z   KAOS_REPO: /actions-runner/_work/kaos/kaos
end-workflow	Checkout code	2025-10-10T15:54:50.0613556Z   KAOS_STEP_MODULE: 
end-workflow	Checkout code	2025-10-10T15:54:50.0615137Z   KAOS_CODE: 18411224066
end-workflow	Checkout code	2025-10-10T15:54:50.0616620Z   KAOS_REF_BRANCH: main
end-workflow	Checkout code	2025-10-10T15:54:50.0618019Z ##[endgroup]
end-workflow	Checkout code	2025-10-10T15:54:50.6788156Z Syncing repository: Ka0s-Klaus/ka0s
end-workflow	Checkout code	2025-10-10T15:54:50.6874242Z ##[group]Getting Git version info
end-workflow	Checkout code	2025-10-10T15:54:50.6876612Z Working directory is '/home/runner/_work/ka0s/ka0s'
end-workflow	Checkout code	2025-10-10T15:54:50.6879505Z [command]/usr/bin/git version
end-workflow	Checkout code	2025-10-10T15:54:50.6881097Z git version 2.51.0
end-workflow	Checkout code	2025-10-10T15:54:50.6971807Z ##[endgroup]
end-workflow	Checkout code	2025-10-10T15:54:50.7047214Z Copying '/home/runner/.gitconfig' to '/home/runner/_work/_temp/9d5726bf-a7c9-4f9e-90d3-52bdec9084e0/.gitconfig'
end-workflow	Checkout code	2025-10-10T15:54:50.7119273Z Temporarily overriding HOME='/home/runner/_work/_temp/9d5726bf-a7c9-4f9e-90d3-52bdec9084e0' before making global git config changes
end-workflow	Checkout code	2025-10-10T15:54:50.7150047Z Adding repository directory to the temporary git global config as a safe directory
end-workflow	Checkout code	2025-10-10T15:54:50.7169066Z [command]/usr/bin/git config --global --add safe.directory /home/runner/_work/ka0s/ka0s
end-workflow	Checkout code	2025-10-10T15:54:50.7486234Z [command]/usr/bin/git config --local --get remote.origin.url
end-workflow	Checkout code	2025-10-10T15:54:50.7605882Z https://github.com/Ka0s-Klaus/ka0s
end-workflow	Checkout code	2025-10-10T15:54:50.7972991Z ##[group]Removing previously created refs, to avoid conflicts
end-workflow	Checkout code	2025-10-10T15:54:50.8004572Z [command]/usr/bin/git rev-parse --symbolic-full-name --verify --quiet HEAD
end-workflow	Checkout code	2025-10-10T15:54:50.8103282Z refs/heads/H1968-modulo-personalización-del-portal-de-kaos-core
end-workflow	Checkout code	2025-10-10T15:54:50.8248814Z [command]/usr/bin/git checkout --detach
end-workflow	Checkout code	2025-10-10T15:54:50.8805797Z HEAD is now at ac8e4585e [Ka0S] Uploading resume execution files to the repository...
end-workflow	Checkout code	2025-10-10T15:54:50.9093743Z [command]/usr/bin/git branch --delete --force H1968-modulo-personalización-del-portal-de-kaos-core
end-workflow	Checkout code	2025-10-10T15:54:50.9214144Z Deleted branch H1968-modulo-personalización-del-portal-de-kaos-core (was ac8e4585e).
end-workflow	Checkout code	2025-10-10T15:54:50.9662297Z ##[endgroup]
end-workflow	Checkout code	2025-10-10T15:54:50.9801345Z [command]/usr/bin/git submodule status
end-workflow	Checkout code	2025-10-10T15:54:51.0992843Z ##[group]Cleaning the repository
end-workflow	Checkout code	2025-10-10T15:54:51.1021278Z [command]/usr/bin/git clean -ffdx
end-workflow	Checkout code	2025-10-10T15:54:51.1490976Z [command]/usr/bin/git reset --hard HEAD
end-workflow	Checkout code	2025-10-10T15:54:51.2003192Z HEAD is now at ac8e4585e [Ka0S] Uploading resume execution files to the repository...
end-workflow	Checkout code	2025-10-10T15:54:51.2045596Z ##[endgroup]
end-workflow	Checkout code	2025-10-10T15:54:51.2051216Z ##[group]Disabling automatic garbage collection
end-workflow	Checkout code	2025-10-10T15:54:51.2053242Z [command]/usr/bin/git config --local gc.auto 0
end-workflow	Checkout code	2025-10-10T15:54:51.2225002Z ##[endgroup]
end-workflow	Checkout code	2025-10-10T15:54:51.2260458Z ##[group]Setting up auth
end-workflow	Checkout code	2025-10-10T15:54:51.2266170Z [command]/usr/bin/git config --local --name-only --get-regexp core\.sshCommand
end-workflow	Checkout code	2025-10-10T15:54:51.2595346Z [command]/usr/bin/git submodule foreach --recursive sh -c "git config --local --name-only --get-regexp 'core\.sshCommand' && git config --local --unset-all 'core.sshCommand' || :"
end-workflow	Checkout code	2025-10-10T15:54:51.4772439Z [command]/usr/bin/git config --local --name-only --get-regexp http\.https\:\/\/github\.com\/\.extraheader
end-workflow	Checkout code	2025-10-10T15:54:51.5110359Z [command]/usr/bin/git submodule foreach --recursive sh -c "git config --local --name-only --get-regexp 'http\.https\:\/\/github\.com\/\.extraheader' && git config --local --unset-all 'http.https://github.com/.extraheader' || :"
end-workflow	Checkout code	2025-10-10T15:54:51.6440741Z [command]/usr/bin/git config --local http.https://github.com/.extraheader AUTHORIZATION: basic ***
end-workflow	Checkout code	2025-10-10T15:54:51.6696362Z ##[endgroup]
end-workflow	Checkout code	2025-10-10T15:54:51.6702850Z ##[group]Fetching the repository
end-workflow	Checkout code	2025-10-10T15:54:51.6724331Z [command]/usr/bin/git -c protocol.version=2 fetch --prune --no-recurse-submodules origin +refs/heads/*:refs/remotes/origin/* +refs/tags/*:refs/tags/*
end-workflow	Checkout code	2025-10-10T15:54:52.5492763Z From https://github.com/Ka0s-Klaus/ka0s
end-workflow	Checkout code	2025-10-10T15:54:52.5498551Z    ac8e4585e..3be291349  H1968-modulo-personalización-del-portal-de-kaos-core -> origin/H1968-modulo-personalización-del-portal-de-kaos-core
end-workflow	Checkout code	2025-10-10T15:54:52.6344372Z [command]/usr/bin/git branch --list --remote origin/H1968-modulo-personalización-del-portal-de-kaos-core
end-workflow	Checkout code	2025-10-10T15:54:52.6819974Z   origin/H1968-modulo-personalización-del-portal-de-kaos-core
end-workflow	Checkout code	2025-10-10T15:54:52.6942765Z [command]/usr/bin/git rev-parse refs/remotes/origin/H1968-modulo-personalización-del-portal-de-kaos-core
end-workflow	Checkout code	2025-10-10T15:54:52.7055831Z 3be2913494ea918a43368bfeb6c6b5f915755367
end-workflow	Checkout code	2025-10-10T15:54:52.7098728Z [command]/usr/bin/git -c protocol.version=2 fetch --no-tags --prune --no-recurse-submodules origin +ac8e4585e830382206148d84436cc85741ff21e5:refs/remotes/origin/H1968-modulo-personalización-del-portal-de-kaos-core
end-workflow	Checkout code	2025-10-10T15:54:52.7838327Z From https://github.com/Ka0s-Klaus/ka0s
end-workflow	Checkout code	2025-10-10T15:54:52.7845329Z  + 3be291349...ac8e4585e ac8e4585e830382206148d84436cc85741ff21e5 -> origin/H1968-modulo-personalización-del-portal-de-kaos-core  (forced update)
end-workflow	Checkout code	2025-10-10T15:54:52.7920786Z ##[endgroup]
end-workflow	Checkout code	2025-10-10T15:54:52.7924536Z ##[group]Determining the checkout info
end-workflow	Checkout code	2025-10-10T15:54:52.7928854Z ##[endgroup]
end-workflow	Checkout code	2025-10-10T15:54:52.7940976Z [command]/usr/bin/git sparse-checkout disable
end-workflow	Checkout code	2025-10-10T15:54:52.8060989Z [command]/usr/bin/git config --local --unset-all extensions.worktreeConfig
end-workflow	Checkout code	2025-10-10T15:54:52.8146740Z ##[group]Checking out the ref
end-workflow	Checkout code	2025-10-10T15:54:52.8165005Z [command]/usr/bin/git checkout --progress --force -B H1968-modulo-personalización-del-portal-de-kaos-core refs/remotes/origin/H1968-modulo-personalización-del-portal-de-kaos-core
end-workflow	Checkout code	2025-10-10T15:54:52.8336208Z Switched to a new branch 'H1968-modulo-personalización-del-portal-de-kaos-core'
end-workflow	Checkout code	2025-10-10T15:54:52.8357575Z branch 'H1968-modulo-personalización-del-portal-de-kaos-core' set up to track 'origin/H1968-modulo-personalización-del-portal-de-kaos-core'.
end-workflow	Checkout code	2025-10-10T15:54:52.8605873Z ##[endgroup]
end-workflow	Checkout code	2025-10-10T15:54:52.8664557Z [command]/usr/bin/git log -1 --format=%H
end-workflow	Checkout code	2025-10-10T15:54:52.8797368Z ac8e4585e830382206148d84436cc85741ff21e5
end-workflow	Finaliza el workflow	﻿2025-10-10T15:54:52.9635691Z ##[group]Run echo "End process"
end-workflow	Finaliza el workflow	2025-10-10T15:54:52.9638433Z [36;1mecho "End process"[0m
end-workflow	Finaliza el workflow	2025-10-10T15:54:52.9675643Z [36;1mRNNUMBER=$(echo "refs/heads/H1968-modulo-personalización-del-portal-de-kaos-core" | grep -o '[0-9]*')[0m
end-workflow	Finaliza el workflow	2025-10-10T15:54:52.9683568Z [36;1mgh issue comment $RNNUMBER --body "Se finaliza Ka0s 18411224066"[0m
end-workflow	Finaliza el workflow	2025-10-10T15:54:52.9690097Z [36;1mgh workflow run inspector.yml --ref 'main' -f kaos-issue-id=$RNNUMBER -f kaos-workflow-id="18411224066" -f kaos-user-start=""[0m
end-workflow	Finaliza el workflow	2025-10-10T15:54:52.9848353Z shell: /usr/bin/bash -e {0}
end-workflow	Finaliza el workflow	2025-10-10T15:54:52.9855576Z env:
end-workflow	Finaliza el workflow	2025-10-10T15:54:52.9861931Z   KAOS_MODULE: [Ka0S] JSONLINT
end-workflow	Finaliza el workflow	2025-10-10T15:54:52.9871542Z   GH_TOKEN: ***
end-workflow	Finaliza el workflow	2025-10-10T15:54:52.9877831Z   KAOS_JSONLINT_CONFIG: core/config/.jsonlint.json
end-workflow	Finaliza el workflow	2025-10-10T15:54:52.9906792Z   KAOS_PATH_RESUME: audit/jsonlint/
end-workflow	Finaliza el workflow	2025-10-10T15:54:52.9911669Z   KAOS_REPO: /actions-runner/_work/kaos/kaos
end-workflow	Finaliza el workflow	2025-10-10T15:54:52.9920478Z   KAOS_STEP_MODULE: 
end-workflow	Finaliza el workflow	2025-10-10T15:54:52.9922927Z   KAOS_CODE: 18411224066
end-workflow	Finaliza el workflow	2025-10-10T15:54:52.9925793Z   KAOS_REF_BRANCH: main
end-workflow	Finaliza el workflow	2025-10-10T15:54:52.9928203Z ##[endgroup]
end-workflow	Finaliza el workflow	2025-10-10T15:54:53.0604954Z End process
end-workflow	Finaliza el workflow	2025-10-10T15:54:54.0634745Z https://github.com/Ka0s-Klaus/ka0s/issues/1968#issuecomment-3390906419
end-workflow	Post Checkout code	﻿2025-10-10T15:54:55.0915956Z Post job cleanup.
end-workflow	Post Checkout code	2025-10-10T15:54:55.7692963Z [command]/usr/bin/git version
end-workflow	Post Checkout code	2025-10-10T15:54:55.8024338Z git version 2.51.0
end-workflow	Post Checkout code	2025-10-10T15:54:55.8420614Z Copying '/home/runner/.gitconfig' to '/home/runner/_work/_temp/b35a8999-3d01-423e-b36e-f81349f90b5e/.gitconfig'
end-workflow	Post Checkout code	2025-10-10T15:54:55.8521001Z Temporarily overriding HOME='/home/runner/_work/_temp/b35a8999-3d01-423e-b36e-f81349f90b5e' before making global git config changes
end-workflow	Post Checkout code	2025-10-10T15:54:55.8527659Z Adding repository directory to the temporary git global config as a safe directory
end-workflow	Post Checkout code	2025-10-10T15:54:55.8532468Z [command]/usr/bin/git config --global --add safe.directory /home/runner/_work/ka0s/ka0s
end-workflow	Post Checkout code	2025-10-10T15:54:55.8855811Z [command]/usr/bin/git config --local --name-only --get-regexp core\.sshCommand
end-workflow	Post Checkout code	2025-10-10T15:54:55.9143116Z [command]/usr/bin/git submodule foreach --recursive sh -c "git config --local --name-only --get-regexp 'core\.sshCommand' && git config --local --unset-all 'core.sshCommand' || :"
end-workflow	Post Checkout code	2025-10-10T15:54:56.1328450Z [command]/usr/bin/git config --local --name-only --get-regexp http\.https\:\/\/github\.com\/\.extraheader
end-workflow	Post Checkout code	2025-10-10T15:54:56.1424711Z http.https://github.com/.extraheader
end-workflow	Post Checkout code	2025-10-10T15:54:56.1504285Z [command]/usr/bin/git config --local --unset-all http.https://github.com/.extraheader
end-workflow	Post Checkout code	2025-10-10T15:54:56.1672340Z [command]/usr/bin/git submodule foreach --recursive sh -c "git config --local --name-only --get-regexp 'http\.https\:\/\/github\.com\/\.extraheader' && git config --local --unset-all 'http.https://github.com/.extraheader' || :"
end-workflow	Complete job	﻿2025-10-10T15:54:56.4627133Z Cleaning up orphan processes
