job-core	Set up job	﻿2025-10-10T15:32:13.1109053Z Current runner version: '2.328.0'
job-core	Set up job	2025-10-10T15:32:13.1196883Z Runner name: 'd6f7429827aa'
job-core	Set up job	2025-10-10T15:32:13.2142053Z Runner group name: 'swarm-runners'
job-core	Set up job	2025-10-10T15:32:13.2144151Z Machine name: 'd6f7429827aa'
job-core	Set up job	2025-10-10T15:32:13.2151682Z ##[group]GITHUB_TOKEN Permissions
job-core	Set up job	2025-10-10T15:32:13.2156985Z Actions: write
job-core	Set up job	2025-10-10T15:32:13.2158182Z Contents: write
job-core	Set up job	2025-10-10T15:32:13.2159266Z Issues: write
job-core	Set up job	2025-10-10T15:32:13.2355479Z Metadata: read
job-core	Set up job	2025-10-10T15:32:13.2356744Z PullRequests: write
job-core	Set up job	2025-10-10T15:32:13.2358048Z ##[endgroup]
job-core	Set up job	2025-10-10T15:32:13.2388334Z Secret source: Actions
job-core	Set up job	2025-10-10T15:32:13.2390792Z Prepare workflow directory
job-core	Set up job	2025-10-10T15:32:17.1772431Z Prepare all required actions
job-core	Set up job	2025-10-10T15:32:17.5043311Z Getting action download info
job-core	Set up job	2025-10-10T15:32:24.1568441Z Download action repository 'actions/checkout@v4' (SHA:08eba0b27e820071cde6df949e0beb9ba4906955)
job-core	Set up job	2025-10-10T15:32:27.7427086Z Download action repository 'actions/setup-node@v2' (SHA:7c12f8017d5436eb855f1ed4399f037a36fbd9e8)
job-core	Set up job	2025-10-10T15:32:33.7632890Z Complete job name: job-core
job-core	Checkout code	﻿2025-10-10T15:32:36.5899277Z ##[group]Run actions/checkout@v4
job-core	Checkout code	2025-10-10T15:32:36.5901940Z with:
job-core	Checkout code	2025-10-10T15:32:36.5903341Z   fetch-depth: 0
job-core	Checkout code	2025-10-10T15:32:36.6565859Z   token: ***
job-core	Checkout code	2025-10-10T15:32:36.6567444Z   repository: Ka0s-Klaus/ka0s
job-core	Checkout code	2025-10-10T15:32:36.6568985Z   ssh-strict: true
job-core	Checkout code	2025-10-10T15:32:36.6570550Z   ssh-user: git
job-core	Checkout code	2025-10-10T15:32:36.6571990Z   persist-credentials: true
job-core	Checkout code	2025-10-10T15:32:36.6573443Z   clean: true
job-core	Checkout code	2025-10-10T15:32:36.6575099Z   sparse-checkout-cone-mode: true
job-core	Checkout code	2025-10-10T15:32:36.6576746Z   fetch-tags: false
job-core	Checkout code	2025-10-10T15:32:36.6578114Z   show-progress: true
job-core	Checkout code	2025-10-10T15:32:36.6579485Z   lfs: false
job-core	Checkout code	2025-10-10T15:32:36.6597515Z   submodules: false
job-core	Checkout code	2025-10-10T15:32:36.6599043Z   set-safe-directory: true
job-core	Checkout code	2025-10-10T15:32:36.7002992Z env:
job-core	Checkout code	2025-10-10T15:32:36.7004526Z   KAOS_MODULE: [Ka0S] JSONLINT
job-core	Checkout code	2025-10-10T15:32:36.7006427Z   GH_TOKEN: ***
job-core	Checkout code	2025-10-10T15:32:36.7007994Z   KAOS_JSONLINT_CONFIG: core/config/.jsonlint.json
job-core	Checkout code	2025-10-10T15:32:36.7010333Z   KAOS_PATH_RESUME: audit/jsonlint/
job-core	Checkout code	2025-10-10T15:32:36.7012047Z   KAOS_REPO: /actions-runner/_work/kaos/kaos
job-core	Checkout code	2025-10-10T15:32:36.7013727Z   KAOS_STEP_MODULE: 
job-core	Checkout code	2025-10-10T15:32:36.7015090Z   KAOS_CODE: 18411121190
job-core	Checkout code	2025-10-10T15:32:36.7016515Z   KAOS_REF_BRANCH: main
job-core	Checkout code	2025-10-10T15:32:36.7018335Z ##[endgroup]
job-core	Checkout code	2025-10-10T15:32:41.9274982Z Syncing repository: Ka0s-Klaus/ka0s
job-core	Checkout code	2025-10-10T15:32:41.9691847Z ##[group]Getting Git version info
job-core	Checkout code	2025-10-10T15:32:41.9694021Z Working directory is '/home/runner/_work/ka0s/ka0s'
job-core	Checkout code	2025-10-10T15:32:41.9697745Z [command]/usr/bin/git version
job-core	Checkout code	2025-10-10T15:32:41.9699396Z git version 2.51.0
job-core	Checkout code	2025-10-10T15:32:42.0416099Z ##[endgroup]
job-core	Checkout code	2025-10-10T15:32:42.1022194Z Temporarily overriding HOME='/home/runner/_work/_temp/b79b1a24-113d-4600-b20e-811ca8cb6017' before making global git config changes
job-core	Checkout code	2025-10-10T15:32:42.1202316Z Adding repository directory to the temporary git global config as a safe directory
job-core	Checkout code	2025-10-10T15:32:42.1445147Z [command]/usr/bin/git config --global --add safe.directory /home/runner/_work/ka0s/ka0s
job-core	Checkout code	2025-10-10T15:32:42.3396167Z Deleting the contents of '/home/runner/_work/ka0s/ka0s'
job-core	Checkout code	2025-10-10T15:32:42.3443402Z ##[group]Initializing the repository
job-core	Checkout code	2025-10-10T15:32:42.4406214Z [command]/usr/bin/git init /home/runner/_work/ka0s/ka0s
job-core	Checkout code	2025-10-10T15:32:42.5242761Z hint: Using 'master' as the name for the initial branch. This default branch name
job-core	Checkout code	2025-10-10T15:32:42.5258982Z hint: is subject to change. To configure the initial branch name to use in all
job-core	Checkout code	2025-10-10T15:32:42.5344544Z hint: of your new repositories, which will suppress this warning, call:
job-core	Checkout code	2025-10-10T15:32:42.5381316Z hint:
job-core	Checkout code	2025-10-10T15:32:42.5426748Z hint: 	git config --global init.defaultBranch <name>
job-core	Checkout code	2025-10-10T15:32:42.5582628Z hint:
job-core	Checkout code	2025-10-10T15:32:42.5619294Z hint: Names commonly chosen instead of 'master' are 'main', 'trunk' and
job-core	Checkout code	2025-10-10T15:32:42.5671720Z hint: 'development'. The just-created branch can be renamed via this command:
job-core	Checkout code	2025-10-10T15:32:42.5674007Z hint:
job-core	Checkout code	2025-10-10T15:32:42.5676874Z hint: 	git branch -m <name>
job-core	Checkout code	2025-10-10T15:32:42.5678472Z hint:
job-core	Checkout code	2025-10-10T15:32:42.6945221Z hint: Disable this message with "git config set advice.defaultBranchName false"
job-core	Checkout code	2025-10-10T15:32:42.6950092Z Initialized empty Git repository in /home/runner/_work/ka0s/ka0s/.git/
job-core	Checkout code	2025-10-10T15:32:42.6958068Z [command]/usr/bin/git remote add origin https://github.com/Ka0s-Klaus/ka0s
job-core	Checkout code	2025-10-10T15:32:42.6963864Z ##[endgroup]
job-core	Checkout code	2025-10-10T15:32:42.6966553Z ##[group]Disabling automatic garbage collection
job-core	Checkout code	2025-10-10T15:32:42.6968746Z [command]/usr/bin/git config --local gc.auto 0
job-core	Checkout code	2025-10-10T15:32:42.7273301Z ##[endgroup]
job-core	Checkout code	2025-10-10T15:32:42.7276041Z ##[group]Setting up auth
job-core	Checkout code	2025-10-10T15:32:42.8538749Z [command]/usr/bin/git config --local --name-only --get-regexp core\.sshCommand
job-core	Checkout code	2025-10-10T15:32:42.9148987Z [command]/usr/bin/git submodule foreach --recursive sh -c "git config --local --name-only --get-regexp 'core\.sshCommand' && git config --local --unset-all 'core.sshCommand' || :"
job-core	Checkout code	2025-10-10T15:32:43.9632813Z [command]/usr/bin/git config --local --name-only --get-regexp http\.https\:\/\/github\.com\/\.extraheader
job-core	Checkout code	2025-10-10T15:32:44.1897390Z [command]/usr/bin/git submodule foreach --recursive sh -c "git config --local --name-only --get-regexp 'http\.https\:\/\/github\.com\/\.extraheader' && git config --local --unset-all 'http.https://github.com/.extraheader' || :"
job-core	Checkout code	2025-10-10T15:32:45.1313652Z [command]/usr/bin/git config --local http.https://github.com/.extraheader AUTHORIZATION: basic ***
job-core	Checkout code	2025-10-10T15:32:45.3185893Z ##[endgroup]
job-core	Checkout code	2025-10-10T15:32:45.3188521Z ##[group]Fetching the repository
job-core	Checkout code	2025-10-10T15:32:45.3932975Z [command]/usr/bin/git -c protocol.version=2 fetch --prune --no-recurse-submodules origin +refs/heads/*:refs/remotes/origin/* +refs/tags/*:refs/tags/*
job-core	Checkout code	2025-10-10T15:41:46.6353756Z From https://github.com/Ka0s-Klaus/ka0s
job-core	Checkout code	2025-10-10T15:41:46.6356014Z  * [new branch]          F1149-desarrollo-de-orchestrator -> origin/F1149-desarrollo-de-orchestrator
job-core	Checkout code	2025-10-10T15:41:46.6393389Z  * [new branch]          F1183-personalización-módulo-finops -> origin/F1183-personalización-módulo-finops
job-core	Checkout code	2025-10-10T15:41:46.6395489Z  * [new branch]          F1224-new-module-mongodb -> origin/F1224-new-module-mongodb
job-core	Checkout code	2025-10-10T15:41:46.6396815Z  * [new branch]          F220-web-de-resultados  -> origin/F220-web-de-resultados
job-core	Checkout code	2025-10-10T15:41:46.6398747Z  * [new branch]          F227-despliegue-de-kube-independiente-del-clouder -> origin/F227-despliegue-de-kube-independiente-del-clouder
job-core	Checkout code	2025-10-10T15:41:46.6960249Z  * [new branch]          F329-documentacion-metodologia-de-kaos -> origin/F329-documentacion-metodologia-de-kaos
job-core	Checkout code	2025-10-10T15:41:46.7051990Z  * [new branch]          F44-creación-módulo-versionado -> origin/F44-creación-módulo-versionado
job-core	Checkout code	2025-10-10T15:41:46.7054655Z  * [new branch]          H1128-módulo-de-observabilidad -> origin/H1128-módulo-de-observabilidad
job-core	Checkout code	2025-10-10T15:41:46.7056401Z  * [new branch]          H1139-como-instalar-arc-control -> origin/H1139-como-instalar-arc-control
job-core	Checkout code	2025-10-10T15:41:46.7058145Z  * [new branch]          H1149-desarrollo-de-orchestrator -> origin/H1149-desarrollo-de-orchestrator
job-core	Checkout code	2025-10-10T15:41:46.7230989Z  * [new branch]          H1150-desarrollo-de-secciones -> origin/H1150-desarrollo-de-secciones
job-core	Checkout code	2025-10-10T15:41:46.7232885Z  * [new branch]          H1151-desarrollo-de-secciones-ii -> origin/H1151-desarrollo-de-secciones-ii
job-core	Checkout code	2025-10-10T15:41:46.7234275Z  * [new branch]          H1152-desarrollo-inicio -> origin/H1152-desarrollo-inicio
job-core	Checkout code	2025-10-10T15:41:46.7236412Z  * [new branch]          H1183-personalización-módulo-finops -> origin/H1183-personalización-módulo-finops
job-core	Checkout code	2025-10-10T15:41:46.7238432Z  * [new branch]          H1193-ejemplo-web-documentacion -> origin/H1193-ejemplo-web-documentacion
job-core	Checkout code	2025-10-10T15:41:46.8650217Z  * [new branch]          H1205-web-creation      -> origin/H1205-web-creation
job-core	Checkout code	2025-10-10T15:41:46.8652049Z  * [new branch]          H1224-new-module-mongodb -> origin/H1224-new-module-mongodb
job-core	Checkout code	2025-10-10T15:41:46.8653198Z  * [new branch]          H1410-modulo-execution  -> origin/H1410-modulo-execution
job-core	Checkout code	2025-10-10T15:41:46.8656638Z  * [new branch]          H1514-new-swarm-deployment-stack-with-actions-runners-autoscale -> origin/H1514-new-swarm-deployment-stack-with-actions-runners-autoscale
job-core	Checkout code	2025-10-10T15:41:46.8660392Z  * [new branch]          H1968-modulo-personalización-del-portal-de-kaos-core -> origin/H1968-modulo-personalización-del-portal-de-kaos-core
job-core	Checkout code	2025-10-10T15:41:46.8682013Z  * [new branch]          H215-modulo-de-summary  -> origin/H215-modulo-de-summary
job-core	Checkout code	2025-10-10T15:41:46.8683708Z  * [new branch]          H220-web-de-resultados  -> origin/H220-web-de-resultados
job-core	Checkout code	2025-10-10T15:41:46.8685776Z  * [new branch]          H227-despliegue-de-kube-independiente-del-clouder -> origin/H227-despliegue-de-kube-independiente-del-clouder
job-core	Checkout code	2025-10-10T15:41:46.8687887Z  * [new branch]          H306-ficheros-de-estadisticas -> origin/H306-ficheros-de-estadisticas
job-core	Checkout code	2025-10-10T15:41:46.9230552Z  * [new branch]          H328-documentacion-modulo-principal-de-kaos -> origin/H328-documentacion-modulo-principal-de-kaos
job-core	Checkout code	2025-10-10T15:41:46.9232975Z  * [new branch]          H329-documentacion-metodologia-de-kaos -> origin/H329-documentacion-metodologia-de-kaos
job-core	Checkout code	2025-10-10T15:41:48.0412141Z  * [new branch]          H338-relanzador-de-jobs-en-caso-de-pattern -> origin/H338-relanzador-de-jobs-en-caso-de-pattern
job-core	Checkout code	2025-10-10T15:41:48.0414345Z  * [new branch]          H38-documentacion-basica-del-proyecto -> origin/H38-documentacion-basica-del-proyecto
job-core	Checkout code	2025-10-10T15:41:48.0416671Z  * [new branch]          H44-creación-módulo-versionado -> origin/H44-creación-módulo-versionado
job-core	Checkout code	2025-10-10T15:41:48.0418462Z  * [new branch]          RN1149-desarrollo-de-orchestrator -> origin/RN1149-desarrollo-de-orchestrator
job-core	Checkout code	2025-10-10T15:41:48.0421400Z  * [new branch]          RN1183-personalización-módulo-finops -> origin/RN1183-personalización-módulo-finops
job-core	Checkout code	2025-10-10T15:41:48.0424179Z  * [new branch]          RN1282-ka0s-error-detected-in-ka0s-workflow-statistics-summary -> origin/RN1282-ka0s-error-detected-in-ka0s-workflow-statistics-summary
job-core	Checkout code	2025-10-10T15:41:48.0426426Z  * [new branch]          RN220-web-de-resultados -> origin/RN220-web-de-resultados
job-core	Checkout code	2025-10-10T15:41:48.0428867Z  * [new branch]          RN227-despliegue-de-kube-independiente-del-clouder -> origin/RN227-despliegue-de-kube-independiente-del-clouder
job-core	Checkout code	2025-10-10T15:41:48.0432054Z  * [new branch]          RN329-documentacion-metodologia-de-kaos -> origin/RN329-documentacion-metodologia-de-kaos
job-core	Checkout code	2025-10-10T15:41:48.0433750Z  * [new branch]          main                    -> origin/main
job-core	Checkout code	2025-10-10T15:41:48.0434752Z  * [new tag]             0.0.0                   -> 0.0.0
job-core	Checkout code	2025-10-10T15:41:48.1427589Z  * [new tag]             0.0.1                   -> 0.0.1
job-core	Checkout code	2025-10-10T15:41:48.1428968Z  * [new tag]             0.0.10                  -> 0.0.10
job-core	Checkout code	2025-10-10T15:41:48.1618789Z  * [new tag]             0.0.100                 -> 0.0.100
job-core	Checkout code	2025-10-10T15:41:48.1620258Z  * [new tag]             0.0.101                 -> 0.0.101
job-core	Checkout code	2025-10-10T15:41:48.1621744Z  * [new tag]             0.0.102                 -> 0.0.102
job-core	Checkout code	2025-10-10T15:41:48.1794895Z  * [new tag]             0.0.103                 -> 0.0.103
job-core	Checkout code	2025-10-10T15:41:48.1796358Z  * [new tag]             0.0.104                 -> 0.0.104
job-core	Checkout code	2025-10-10T15:41:48.1797701Z  * [new tag]             0.0.105                 -> 0.0.105
job-core	Checkout code	2025-10-10T15:41:48.1799000Z  * [new tag]             0.0.106                 -> 0.0.106
job-core	Checkout code	2025-10-10T15:41:48.2792689Z  * [new tag]             0.0.107                 -> 0.0.107
job-core	Checkout code	2025-10-10T15:41:48.2794107Z  * [new tag]             0.0.108                 -> 0.0.108
job-core	Checkout code	2025-10-10T15:41:48.2795398Z  * [new tag]             0.0.109                 -> 0.0.109
job-core	Checkout code	2025-10-10T15:41:48.2796669Z  * [new tag]             0.0.11                  -> 0.0.11
job-core	Checkout code	2025-10-10T15:41:48.2798029Z  * [new tag]             0.0.110                 -> 0.0.110
job-core	Checkout code	2025-10-10T15:41:48.2799262Z  * [new tag]             0.0.111                 -> 0.0.111
job-core	Checkout code	2025-10-10T15:41:48.2800609Z  * [new tag]             0.0.112                 -> 0.0.112
job-core	Checkout code	2025-10-10T15:41:48.2802430Z  * [new tag]             0.0.113                 -> 0.0.113
job-core	Checkout code	2025-10-10T15:41:48.2803726Z  * [new tag]             0.0.114                 -> 0.0.114
job-core	Checkout code	2025-10-10T15:41:48.2805071Z  * [new tag]             0.0.115                 -> 0.0.115
job-core	Checkout code	2025-10-10T15:41:48.2806361Z  * [new tag]             0.0.116                 -> 0.0.116
job-core	Checkout code	2025-10-10T15:41:48.2807650Z  * [new tag]             0.0.117                 -> 0.0.117
job-core	Checkout code	2025-10-10T15:41:48.2808979Z  * [new tag]             0.0.118                 -> 0.0.118
job-core	Checkout code	2025-10-10T15:41:48.2810744Z  * [new tag]             0.0.119                 -> 0.0.119
job-core	Checkout code	2025-10-10T15:41:48.2812024Z  * [new tag]             0.0.12                  -> 0.0.12
job-core	Checkout code	2025-10-10T15:41:48.2813311Z  * [new tag]             0.0.120                 -> 0.0.120
job-core	Checkout code	2025-10-10T15:41:48.2814603Z  * [new tag]             0.0.121                 -> 0.0.121
job-core	Checkout code	2025-10-10T15:41:48.2815930Z  * [new tag]             0.0.122                 -> 0.0.122
job-core	Checkout code	2025-10-10T15:41:48.2817185Z  * [new tag]             0.0.123                 -> 0.0.123
job-core	Checkout code	2025-10-10T15:41:48.2818481Z  * [new tag]             0.0.124                 -> 0.0.124
job-core	Checkout code	2025-10-10T15:41:48.4155181Z  * [new tag]             0.0.125                 -> 0.0.125
job-core	Checkout code	2025-10-10T15:41:48.4156213Z  * [new tag]             0.0.126                 -> 0.0.126
job-core	Checkout code	2025-10-10T15:41:48.4157122Z  * [new tag]             0.0.127                 -> 0.0.127
job-core	Checkout code	2025-10-10T15:41:48.4158029Z  * [new tag]             0.0.128                 -> 0.0.128
job-core	Checkout code	2025-10-10T15:41:48.4160901Z  * [new tag]             0.0.129                 -> 0.0.129
job-core	Checkout code	2025-10-10T15:41:48.4161771Z  * [new tag]             0.0.13                  -> 0.0.13
job-core	Checkout code	2025-10-10T15:41:48.4162508Z  * [new tag]             0.0.130                 -> 0.0.130
job-core	Checkout code	2025-10-10T15:41:48.4163367Z  * [new tag]             0.0.131                 -> 0.0.131
job-core	Checkout code	2025-10-10T15:41:48.4164085Z  * [new tag]             0.0.132                 -> 0.0.132
job-core	Checkout code	2025-10-10T15:41:48.4164807Z  * [new tag]             0.0.133                 -> 0.0.133
job-core	Checkout code	2025-10-10T15:41:48.4165575Z  * [new tag]             0.0.134                 -> 0.0.134
job-core	Checkout code	2025-10-10T15:41:48.4166329Z  * [new tag]             0.0.135                 -> 0.0.135
job-core	Checkout code	2025-10-10T15:41:48.4167087Z  * [new tag]             0.0.136                 -> 0.0.136
job-core	Checkout code	2025-10-10T15:41:48.4167892Z  * [new tag]             0.0.137                 -> 0.0.137
job-core	Checkout code	2025-10-10T15:41:48.4168702Z  * [new tag]             0.0.138                 -> 0.0.138
job-core	Checkout code	2025-10-10T15:41:48.4169509Z  * [new tag]             0.0.139                 -> 0.0.139
job-core	Checkout code	2025-10-10T15:41:48.4170507Z  * [new tag]             0.0.14                  -> 0.0.14
job-core	Checkout code	2025-10-10T15:41:48.4171367Z  * [new tag]             0.0.140                 -> 0.0.140
job-core	Checkout code	2025-10-10T15:41:48.4172217Z  * [new tag]             0.0.141                 -> 0.0.141
job-core	Checkout code	2025-10-10T15:41:48.4173077Z  * [new tag]             0.0.142                 -> 0.0.142
job-core	Checkout code	2025-10-10T15:41:48.4173944Z  * [new tag]             0.0.143                 -> 0.0.143
job-core	Checkout code	2025-10-10T15:41:48.4310403Z  * [new tag]             0.0.144                 -> 0.0.144
job-core	Checkout code	2025-10-10T15:41:48.4311525Z  * [new tag]             0.0.145                 -> 0.0.145
job-core	Checkout code	2025-10-10T15:41:48.4312336Z  * [new tag]             0.0.146                 -> 0.0.146
job-core	Checkout code	2025-10-10T15:41:48.4313303Z  * [new tag]             0.0.147                 -> 0.0.147
job-core	Checkout code	2025-10-10T15:41:48.4314042Z  * [new tag]             0.0.148                 -> 0.0.148
job-core	Checkout code	2025-10-10T15:41:48.4314959Z  * [new tag]             0.0.149                 -> 0.0.149
job-core	Checkout code	2025-10-10T15:41:48.4315736Z  * [new tag]             0.0.15                  -> 0.0.15
job-core	Checkout code	2025-10-10T15:41:48.4316480Z  * [new tag]             0.0.150                 -> 0.0.150
job-core	Checkout code	2025-10-10T15:41:48.4317408Z  * [new tag]             0.0.151                 -> 0.0.151
job-core	Checkout code	2025-10-10T15:41:48.4318281Z  * [new tag]             0.0.152                 -> 0.0.152
job-core	Checkout code	2025-10-10T15:41:48.4319141Z  * [new tag]             0.0.153                 -> 0.0.153
job-core	Checkout code	2025-10-10T15:41:48.4320117Z  * [new tag]             0.0.154                 -> 0.0.154
job-core	Checkout code	2025-10-10T15:41:48.4321417Z  * [new tag]             0.0.155                 -> 0.0.155
job-core	Checkout code	2025-10-10T15:41:48.4322108Z  * [new tag]             0.0.156                 -> 0.0.156
job-core	Checkout code	2025-10-10T15:41:48.4322788Z  * [new tag]             0.0.157                 -> 0.0.157
job-core	Checkout code	2025-10-10T15:41:48.4323523Z  * [new tag]             0.0.158                 -> 0.0.158
job-core	Checkout code	2025-10-10T15:41:48.4324188Z  * [new tag]             0.0.159                 -> 0.0.159
job-core	Checkout code	2025-10-10T15:41:48.4324853Z  * [new tag]             0.0.16                  -> 0.0.16
job-core	Checkout code	2025-10-10T15:41:48.4325526Z  * [new tag]             0.0.160                 -> 0.0.160
job-core	Checkout code	2025-10-10T15:41:48.4326211Z  * [new tag]             0.0.161                 -> 0.0.161
job-core	Checkout code	2025-10-10T15:41:48.4326967Z  * [new tag]             0.0.162                 -> 0.0.162
job-core	Checkout code	2025-10-10T15:41:48.4327654Z  * [new tag]             0.0.163                 -> 0.0.163
job-core	Checkout code	2025-10-10T15:41:48.4328548Z  * [new tag]             0.0.164                 -> 0.0.164
job-core	Checkout code	2025-10-10T15:41:48.4329392Z  * [new tag]             0.0.165                 -> 0.0.165
job-core	Checkout code	2025-10-10T15:41:48.4364728Z  * [new tag]             0.0.166                 -> 0.0.166
job-core	Checkout code	2025-10-10T15:41:48.4366137Z  * [new tag]             0.0.167                 -> 0.0.167
job-core	Checkout code	2025-10-10T15:41:48.4366929Z  * [new tag]             0.0.168                 -> 0.0.168
job-core	Checkout code	2025-10-10T15:41:48.4367726Z  * [new tag]             0.0.169                 -> 0.0.169
job-core	Checkout code	2025-10-10T15:41:48.4368547Z  * [new tag]             0.0.17                  -> 0.0.17
job-core	Checkout code	2025-10-10T15:41:48.4369357Z  * [new tag]             0.0.170                 -> 0.0.170
job-core	Checkout code	2025-10-10T15:41:48.4370452Z  * [new tag]             0.0.171                 -> 0.0.171
job-core	Checkout code	2025-10-10T15:41:48.4371560Z  * [new tag]             0.0.172                 -> 0.0.172
job-core	Checkout code	2025-10-10T15:41:48.4372550Z  * [new tag]             0.0.173                 -> 0.0.173
job-core	Checkout code	2025-10-10T15:41:48.4373471Z  * [new tag]             0.0.174                 -> 0.0.174
job-core	Checkout code	2025-10-10T15:41:48.4374441Z  * [new tag]             0.0.175                 -> 0.0.175
job-core	Checkout code	2025-10-10T15:41:48.4375357Z  * [new tag]             0.0.176                 -> 0.0.176
job-core	Checkout code	2025-10-10T15:41:48.4376086Z  * [new tag]             0.0.177                 -> 0.0.177
job-core	Checkout code	2025-10-10T15:41:48.4376809Z  * [new tag]             0.0.178                 -> 0.0.178
job-core	Checkout code	2025-10-10T15:41:48.4377541Z  * [new tag]             0.0.179                 -> 0.0.179
job-core	Checkout code	2025-10-10T15:41:48.4378275Z  * [new tag]             0.0.18                  -> 0.0.18
job-core	Checkout code	2025-10-10T15:41:48.4379004Z  * [new tag]             0.0.19                  -> 0.0.19
job-core	Checkout code	2025-10-10T15:41:48.4379972Z  * [new tag]             0.0.2                   -> 0.0.2
job-core	Checkout code	2025-10-10T15:41:48.4381253Z  * [new tag]             0.0.20                  -> 0.0.20
job-core	Checkout code	2025-10-10T15:41:48.4382155Z  * [new tag]             0.0.21                  -> 0.0.21
job-core	Checkout code	2025-10-10T15:41:48.4383251Z  * [new tag]             0.0.22                  -> 0.0.22
job-core	Checkout code	2025-10-10T15:41:48.4384202Z  * [new tag]             0.0.23                  -> 0.0.23
job-core	Checkout code	2025-10-10T15:41:48.4384941Z  * [new tag]             0.0.24                  -> 0.0.24
job-core	Checkout code	2025-10-10T15:41:48.4386022Z  * [new tag]             0.0.25                  -> 0.0.25
job-core	Checkout code	2025-10-10T15:41:48.4387002Z  * [new tag]             0.0.26                  -> 0.0.26
job-core	Checkout code	2025-10-10T15:41:48.4387867Z  * [new tag]             0.0.27                  -> 0.0.27
job-core	Checkout code	2025-10-10T15:41:48.4388753Z  * [new tag]             0.0.28                  -> 0.0.28
job-core	Checkout code	2025-10-10T15:41:48.4425590Z  * [new tag]             0.0.29                  -> 0.0.29
job-core	Checkout code	2025-10-10T15:41:48.4426799Z  * [new tag]             0.0.3                   -> 0.0.3
job-core	Checkout code	2025-10-10T15:41:48.4427782Z  * [new tag]             0.0.30                  -> 0.0.30
job-core	Checkout code	2025-10-10T15:41:48.4428661Z  * [new tag]             0.0.31                  -> 0.0.31
job-core	Checkout code	2025-10-10T15:41:48.4429510Z  * [new tag]             0.0.32                  -> 0.0.32
job-core	Checkout code	2025-10-10T15:41:48.4430434Z  * [new tag]             0.0.33                  -> 0.0.33
job-core	Checkout code	2025-10-10T15:41:48.4431238Z  * [new tag]             0.0.34                  -> 0.0.34
job-core	Checkout code	2025-10-10T15:41:48.4432398Z  * [new tag]             0.0.35                  -> 0.0.35
job-core	Checkout code	2025-10-10T15:41:48.4433213Z  * [new tag]             0.0.36                  -> 0.0.36
job-core	Checkout code	2025-10-10T15:41:48.4434013Z  * [new tag]             0.0.37                  -> 0.0.37
job-core	Checkout code	2025-10-10T15:41:48.4434813Z  * [new tag]             0.0.38                  -> 0.0.38
job-core	Checkout code	2025-10-10T15:41:48.4435655Z  * [new tag]             0.0.39                  -> 0.0.39
job-core	Checkout code	2025-10-10T15:41:48.4436460Z  * [new tag]             0.0.4                   -> 0.0.4
job-core	Checkout code	2025-10-10T15:41:48.4437264Z  * [new tag]             0.0.40                  -> 0.0.40
job-core	Checkout code	2025-10-10T15:41:48.4438064Z  * [new tag]             0.0.41                  -> 0.0.41
job-core	Checkout code	2025-10-10T15:41:48.4438865Z  * [new tag]             0.0.42                  -> 0.0.42
job-core	Checkout code	2025-10-10T15:41:48.4513340Z  * [new tag]             0.0.43                  -> 0.0.43
job-core	Checkout code	2025-10-10T15:41:48.4514168Z  * [new tag]             0.0.44                  -> 0.0.44
job-core	Checkout code	2025-10-10T15:41:48.4514912Z  * [new tag]             0.0.45                  -> 0.0.45
job-core	Checkout code	2025-10-10T15:41:48.4516161Z  * [new tag]             0.0.46                  -> 0.0.46
job-core	Checkout code	2025-10-10T15:41:48.4517773Z  * [new tag]             0.0.47                  -> 0.0.47
job-core	Checkout code	2025-10-10T15:41:48.4518954Z  * [new tag]             0.0.48                  -> 0.0.48
job-core	Checkout code	2025-10-10T15:41:48.4520194Z  * [new tag]             0.0.49                  -> 0.0.49
job-core	Checkout code	2025-10-10T15:41:48.4521028Z  * [new tag]             0.0.5                   -> 0.0.5
job-core	Checkout code	2025-10-10T15:41:48.4521750Z  * [new tag]             0.0.50                  -> 0.0.50
job-core	Checkout code	2025-10-10T15:41:48.4522491Z  * [new tag]             0.0.51                  -> 0.0.51
job-core	Checkout code	2025-10-10T15:41:48.4523227Z  * [new tag]             0.0.52                  -> 0.0.52
job-core	Checkout code	2025-10-10T15:41:48.4524135Z  * [new tag]             0.0.53                  -> 0.0.53
job-core	Checkout code	2025-10-10T15:41:48.4525123Z  * [new tag]             0.0.54                  -> 0.0.54
job-core	Checkout code	2025-10-10T15:41:48.4525934Z  * [new tag]             0.0.55                  -> 0.0.55
job-core	Checkout code	2025-10-10T15:41:48.4526791Z  * [new tag]             0.0.56                  -> 0.0.56
job-core	Checkout code	2025-10-10T15:41:48.4527626Z  * [new tag]             0.0.57                  -> 0.0.57
job-core	Checkout code	2025-10-10T15:41:48.4528485Z  * [new tag]             0.0.58                  -> 0.0.58
job-core	Checkout code	2025-10-10T15:41:48.4529289Z  * [new tag]             0.0.59                  -> 0.0.59
job-core	Checkout code	2025-10-10T15:41:48.4530219Z  * [new tag]             0.0.6                   -> 0.0.6
job-core	Checkout code	2025-10-10T15:41:48.4531196Z  * [new tag]             0.0.60                  -> 0.0.60
job-core	Checkout code	2025-10-10T15:41:48.4531991Z  * [new tag]             0.0.61                  -> 0.0.61
job-core	Checkout code	2025-10-10T15:41:48.4532783Z  * [new tag]             0.0.62                  -> 0.0.62
job-core	Checkout code	2025-10-10T15:41:48.4533566Z  * [new tag]             0.0.63                  -> 0.0.63
job-core	Checkout code	2025-10-10T15:41:48.4534360Z  * [new tag]             0.0.64                  -> 0.0.64
job-core	Checkout code	2025-10-10T15:41:48.4535146Z  * [new tag]             0.0.65                  -> 0.0.65
job-core	Checkout code	2025-10-10T15:41:48.4535918Z  * [new tag]             0.0.66                  -> 0.0.66
job-core	Checkout code	2025-10-10T15:41:48.4536736Z  * [new tag]             0.0.67                  -> 0.0.67
job-core	Checkout code	2025-10-10T15:41:48.4537541Z  * [new tag]             0.0.68                  -> 0.0.68
job-core	Checkout code	2025-10-10T15:41:48.4538336Z  * [new tag]             0.0.69                  -> 0.0.69
job-core	Checkout code	2025-10-10T15:41:48.4539171Z  * [new tag]             0.0.7                   -> 0.0.7
job-core	Checkout code	2025-10-10T15:41:48.4593213Z  * [new tag]             0.0.70                  -> 0.0.70
job-core	Checkout code	2025-10-10T15:41:48.4594185Z  * [new tag]             0.0.71                  -> 0.0.71
job-core	Checkout code	2025-10-10T15:41:48.4595051Z  * [new tag]             0.0.72                  -> 0.0.72
job-core	Checkout code	2025-10-10T15:41:48.4595900Z  * [new tag]             0.0.73                  -> 0.0.73
job-core	Checkout code	2025-10-10T15:41:48.4596757Z  * [new tag]             0.0.74                  -> 0.0.74
job-core	Checkout code	2025-10-10T15:41:48.4597793Z  * [new tag]             0.0.75                  -> 0.0.75
job-core	Checkout code	2025-10-10T15:41:48.4598648Z  * [new tag]             0.0.76                  -> 0.0.76
job-core	Checkout code	2025-10-10T15:41:48.4599500Z  * [new tag]             0.0.77                  -> 0.0.77
job-core	Checkout code	2025-10-10T15:41:48.4601084Z  * [new tag]             0.0.78                  -> 0.0.78
job-core	Checkout code	2025-10-10T15:41:48.4602066Z  * [new tag]             0.0.79                  -> 0.0.79
job-core	Checkout code	2025-10-10T15:41:48.4602804Z  * [new tag]             0.0.8                   -> 0.0.8
job-core	Checkout code	2025-10-10T15:41:48.4603548Z  * [new tag]             0.0.80                  -> 0.0.80
job-core	Checkout code	2025-10-10T15:41:48.4604328Z  * [new tag]             0.0.81                  -> 0.0.81
job-core	Checkout code	2025-10-10T15:41:48.4605082Z  * [new tag]             0.0.82                  -> 0.0.82
job-core	Checkout code	2025-10-10T15:41:48.4605787Z  * [new tag]             0.0.83                  -> 0.0.83
job-core	Checkout code	2025-10-10T15:41:48.4631050Z  * [new tag]             0.0.84                  -> 0.0.84
job-core	Checkout code	2025-10-10T15:41:48.4632048Z  * [new tag]             0.0.85                  -> 0.0.85
job-core	Checkout code	2025-10-10T15:41:48.4632901Z  * [new tag]             0.0.86                  -> 0.0.86
job-core	Checkout code	2025-10-10T15:41:48.4633745Z  * [new tag]             0.0.87                  -> 0.0.87
job-core	Checkout code	2025-10-10T15:41:48.4634587Z  * [new tag]             0.0.88                  -> 0.0.88
job-core	Checkout code	2025-10-10T15:41:48.4635453Z  * [new tag]             0.0.89                  -> 0.0.89
job-core	Checkout code	2025-10-10T15:41:48.4636794Z  * [new tag]             0.0.9                   -> 0.0.9
job-core	Checkout code	2025-10-10T15:41:48.4637632Z  * [new tag]             0.0.90                  -> 0.0.90
job-core	Checkout code	2025-10-10T15:41:48.4638461Z  * [new tag]             0.0.91                  -> 0.0.91
job-core	Checkout code	2025-10-10T15:41:48.4639296Z  * [new tag]             0.0.92                  -> 0.0.92
job-core	Checkout code	2025-10-10T15:41:48.4682183Z  * [new tag]             0.0.93                  -> 0.0.93
job-core	Checkout code	2025-10-10T15:41:48.4683213Z  * [new tag]             0.0.94                  -> 0.0.94
job-core	Checkout code	2025-10-10T15:41:48.4684102Z  * [new tag]             0.0.95                  -> 0.0.95
job-core	Checkout code	2025-10-10T15:41:48.4685026Z  * [new tag]             0.0.96                  -> 0.0.96
job-core	Checkout code	2025-10-10T15:41:48.4685971Z  * [new tag]             0.0.97                  -> 0.0.97
job-core	Checkout code	2025-10-10T15:41:48.4686814Z  * [new tag]             0.0.98                  -> 0.0.98
job-core	Checkout code	2025-10-10T15:41:48.4687690Z  * [new tag]             0.0.99                  -> 0.0.99
job-core	Checkout code	2025-10-10T15:41:48.4688553Z  * [new tag]             0.1.0                   -> 0.1.0
job-core	Checkout code	2025-10-10T15:41:48.4689389Z  * [new tag]             0.1.1                   -> 0.1.1
job-core	Checkout code	2025-10-10T15:41:48.4690384Z  * [new tag]             0.2.0                   -> 0.2.0
job-core	Checkout code	2025-10-10T15:41:48.4691380Z  * [new tag]             0.3.0                   -> 0.3.0
job-core	Checkout code	2025-10-10T15:41:48.4692281Z  * [new tag]             0.3.1                   -> 0.3.1
job-core	Checkout code	2025-10-10T15:41:48.4703934Z  * [new tag]             0.3.10                  -> 0.3.10
job-core	Checkout code	2025-10-10T15:41:48.4704857Z  * [new tag]             0.3.11                  -> 0.3.11
job-core	Checkout code	2025-10-10T15:41:48.4705720Z  * [new tag]             0.3.12                  -> 0.3.12
job-core	Checkout code	2025-10-10T15:41:48.4706559Z  * [new tag]             0.3.13                  -> 0.3.13
job-core	Checkout code	2025-10-10T15:41:48.4707386Z  * [new tag]             0.3.14                  -> 0.3.14
job-core	Checkout code	2025-10-10T15:41:48.4708203Z  * [new tag]             0.3.15                  -> 0.3.15
job-core	Checkout code	2025-10-10T15:41:48.4709068Z  * [new tag]             0.3.16                  -> 0.3.16
job-core	Checkout code	2025-10-10T15:41:48.5321007Z  * [new tag]             0.3.17                  -> 0.3.17
job-core	Checkout code	2025-10-10T15:41:48.5322090Z  * [new tag]             0.3.2                   -> 0.3.2
job-core	Checkout code	2025-10-10T15:41:48.5322990Z  * [new tag]             0.3.3                   -> 0.3.3
job-core	Checkout code	2025-10-10T15:41:48.5323916Z  * [new tag]             0.3.4                   -> 0.3.4
job-core	Checkout code	2025-10-10T15:41:48.5324789Z  * [new tag]             0.3.5                   -> 0.3.5
job-core	Checkout code	2025-10-10T15:41:48.5325643Z  * [new tag]             0.3.6                   -> 0.3.6
job-core	Checkout code	2025-10-10T15:41:48.5326495Z  * [new tag]             0.3.7                   -> 0.3.7
job-core	Checkout code	2025-10-10T15:41:48.5327361Z  * [new tag]             0.3.8                   -> 0.3.8
job-core	Checkout code	2025-10-10T15:41:48.5328213Z  * [new tag]             0.3.9                   -> 0.3.9
job-core	Checkout code	2025-10-10T15:41:48.5329066Z  * [new tag]             0.4.0                   -> 0.4.0
job-core	Checkout code	2025-10-10T15:41:48.5330050Z  * [new tag]             0.4.1                   -> 0.4.1
job-core	Checkout code	2025-10-10T15:41:48.5331274Z  * [new tag]             0.4.10                  -> 0.4.10
job-core	Checkout code	2025-10-10T15:41:48.5332153Z  * [new tag]             0.4.2                   -> 0.4.2
job-core	Checkout code	2025-10-10T15:41:48.5333004Z  * [new tag]             0.4.3                   -> 0.4.3
job-core	Checkout code	2025-10-10T15:41:48.5333860Z  * [new tag]             0.4.4                   -> 0.4.4
job-core	Checkout code	2025-10-10T15:41:48.5334719Z  * [new tag]             0.4.5                   -> 0.4.5
job-core	Checkout code	2025-10-10T15:41:48.5335574Z  * [new tag]             0.4.6                   -> 0.4.6
job-core	Checkout code	2025-10-10T15:41:48.5336424Z  * [new tag]             0.4.7                   -> 0.4.7
job-core	Checkout code	2025-10-10T15:41:48.5337269Z  * [new tag]             0.4.8                   -> 0.4.8
job-core	Checkout code	2025-10-10T15:41:48.5338116Z  * [new tag]             0.4.9                   -> 0.4.9
job-core	Checkout code	2025-10-10T15:41:50.5961840Z [command]/usr/bin/git branch --list --remote origin/H1968-modulo-personalización-del-portal-de-kaos-core
job-core	Checkout code	2025-10-10T15:41:50.9170176Z   origin/H1968-modulo-personalización-del-portal-de-kaos-core
job-core	Checkout code	2025-10-10T15:41:50.9462909Z [command]/usr/bin/git rev-parse refs/remotes/origin/H1968-modulo-personalización-del-portal-de-kaos-core
job-core	Checkout code	2025-10-10T15:41:51.1311563Z ac8e4585e830382206148d84436cc85741ff21e5
job-core	Checkout code	2025-10-10T15:41:51.1318744Z ##[endgroup]
job-core	Checkout code	2025-10-10T15:41:51.1322103Z ##[group]Determining the checkout info
job-core	Checkout code	2025-10-10T15:41:51.1704707Z ##[endgroup]
job-core	Checkout code	2025-10-10T15:41:51.2660156Z [command]/usr/bin/git sparse-checkout disable
job-core	Checkout code	2025-10-10T15:41:51.5740494Z [command]/usr/bin/git config --local --unset-all extensions.worktreeConfig
job-core	Checkout code	2025-10-10T15:41:51.8432028Z ##[group]Checking out the ref
job-core	Checkout code	2025-10-10T15:41:51.8436660Z [command]/usr/bin/git checkout --progress --force -B H1968-modulo-personalización-del-portal-de-kaos-core refs/remotes/origin/H1968-modulo-personalización-del-portal-de-kaos-core
job-core	Checkout code	2025-10-10T15:41:54.1862987Z Updating files:  14% (117/798)
job-core	Checkout code	2025-10-10T15:41:54.3052712Z Updating files:  15% (120/798)
job-core	Checkout code	2025-10-10T15:41:54.3251628Z Updating files:  16% (128/798)
job-core	Checkout code	2025-10-10T15:41:55.5426041Z Updating files:  17% (136/798)
job-core	Checkout code	2025-10-10T15:42:00.4190434Z Updating files:  17% (138/798)
job-core	Checkout code	2025-10-10T15:42:00.9098545Z Updating files:  17% (139/798)
job-core	Checkout code	2025-10-10T15:42:00.9099343Z Updating files:  18% (144/798)
job-core	Checkout code	2025-10-10T15:42:01.0679157Z Updating files:  19% (152/798)
job-core	Checkout code	2025-10-10T15:42:01.1959968Z Updating files:  20% (160/798)
job-core	Checkout code	2025-10-10T15:42:01.2895898Z Updating files:  20% (167/798)
job-core	Checkout code	2025-10-10T15:42:01.2896659Z Updating files:  21% (168/798)
job-core	Checkout code	2025-10-10T15:42:01.9131114Z Updating files:  22% (176/798)
job-core	Checkout code	2025-10-10T15:42:04.3815864Z Updating files:  23% (184/798)
job-core	Checkout code	2025-10-10T15:42:06.4733156Z Updating files:  23% (185/798)
job-core	Checkout code	2025-10-10T15:42:06.4736152Z Updating files:  23% (191/798)
job-core	Checkout code	2025-10-10T15:42:07.1485682Z Updating files:  24% (192/798)
job-core	Checkout code	2025-10-10T15:42:07.9890825Z Updating files:  24% (195/798)
job-core	Checkout code	2025-10-10T15:42:08.2120738Z Updating files:  25% (200/798)
job-core	Checkout code	2025-10-10T15:42:08.3564575Z Updating files:  25% (203/798)
job-core	Checkout code	2025-10-10T15:42:08.8484178Z Updating files:  26% (208/798)
job-core	Checkout code	2025-10-10T15:42:09.1993559Z Updating files:  27% (216/798)
job-core	Checkout code	2025-10-10T15:42:09.2260730Z Updating files:  27% (219/798)
job-core	Checkout code	2025-10-10T15:42:09.2901363Z Updating files:  28% (224/798)
job-core	Checkout code	2025-10-10T15:42:09.2902713Z Updating files:  29% (232/798)
job-core	Checkout code	2025-10-10T15:42:09.2903463Z Updating files:  30% (240/798)
job-core	Checkout code	2025-10-10T15:42:09.7892021Z Updating files:  31% (248/798)
job-core	Checkout code	2025-10-10T15:42:09.8359471Z Updating files:  32% (256/798)
job-core	Checkout code	2025-10-10T15:42:09.8913093Z Updating files:  33% (264/798)
job-core	Checkout code	2025-10-10T15:42:09.9652515Z Updating files:  34% (272/798)
job-core	Checkout code	2025-10-10T15:42:09.9657875Z Updating files:  35% (280/798)
job-core	Checkout code	2025-10-10T15:42:10.3491015Z Updating files:  36% (288/798)
job-core	Checkout code	2025-10-10T15:42:10.3511076Z Updating files:  36% (293/798)
job-core	Checkout code	2025-10-10T15:42:15.2830623Z Updating files:  37% (296/798)
job-core	Checkout code	2025-10-10T15:42:15.2866674Z Updating files:  37% (298/798)
job-core	Checkout code	2025-10-10T15:42:15.3235200Z Updating files:  38% (304/798)
job-core	Checkout code	2025-10-10T15:42:15.3235992Z Updating files:  39% (312/798)
job-core	Checkout code	2025-10-10T15:42:15.3236648Z Updating files:  40% (320/798)
job-core	Checkout code	2025-10-10T15:42:15.3237700Z Updating files:  41% (328/798)
job-core	Checkout code	2025-10-10T15:42:15.3238359Z Updating files:  42% (336/798)
job-core	Checkout code	2025-10-10T15:42:15.3710617Z Updating files:  43% (344/798)
job-core	Checkout code	2025-10-10T15:42:15.3735032Z Updating files:  44% (352/798)
job-core	Checkout code	2025-10-10T15:42:15.3799169Z Updating files:  45% (360/798)
job-core	Checkout code	2025-10-10T15:42:15.4185219Z Updating files:  46% (368/798)
job-core	Checkout code	2025-10-10T15:42:15.4200754Z Updating files:  47% (376/798)
job-core	Checkout code	2025-10-10T15:42:15.4210636Z Updating files:  48% (384/798)
job-core	Checkout code	2025-10-10T15:42:15.4232136Z Updating files:  49% (392/798)
job-core	Checkout code	2025-10-10T15:42:15.4573562Z Updating files:  50% (399/798)
job-core	Checkout code	2025-10-10T15:42:16.1067175Z Updating files:  51% (407/798)
job-core	Checkout code	2025-10-10T15:42:16.3437061Z Updating files:  52% (415/798)
job-core	Checkout code	2025-10-10T15:42:16.8812433Z Updating files:  52% (417/798)
job-core	Checkout code	2025-10-10T15:42:17.1412687Z Updating files:  53% (423/798)
job-core	Checkout code	2025-10-10T15:42:17.6776647Z Updating files:  53% (425/798)
job-core	Checkout code	2025-10-10T15:42:18.3113119Z Updating files:  54% (431/798)
job-core	Checkout code	2025-10-10T15:42:18.4780897Z Updating files:  54% (437/798)
job-core	Checkout code	2025-10-10T15:42:22.3648912Z Updating files:  55% (439/798)
job-core	Checkout code	2025-10-10T15:42:27.2590829Z Updating files:  55% (441/798)
job-core	Checkout code	2025-10-10T15:42:28.2840818Z Updating files:  55% (442/798)
job-core	Checkout code	2025-10-10T15:42:28.4258006Z Updating files:  55% (446/798)
job-core	Checkout code	2025-10-10T15:42:36.7741785Z Updating files:  56% (447/798)
job-core	Checkout code	2025-10-10T15:42:43.6110917Z Updating files:  56% (454/798)
job-core	Checkout code	2025-10-10T15:42:50.4991710Z Updating files:  57% (455/798)
job-core	Checkout code	2025-10-10T15:42:51.5533486Z Updating files:  57% (456/798)
job-core	Checkout code	2025-10-10T15:42:57.7570875Z Updating files:  57% (457/798)
job-core	Checkout code	2025-10-10T15:42:59.5611575Z Updating files:  57% (458/798)
job-core	Checkout code	2025-10-10T15:43:00.7048368Z Updating files:  57% (459/798)
job-core	Checkout code	2025-10-10T15:43:08.9273602Z Updating files:  57% (460/798)
job-core	Checkout code	2025-10-10T15:43:12.8721490Z Updating files:  57% (461/798)
job-core	Checkout code	2025-10-10T15:43:15.5403564Z Updating files:  57% (462/798)
job-core	Checkout code	2025-10-10T15:43:16.2898583Z Updating files:  58% (463/798)
job-core	Checkout code	2025-10-10T15:43:17.2467349Z Updating files:  58% (464/798)
job-core	Checkout code	2025-10-10T15:43:20.9035332Z Updating files:  58% (466/798)
job-core	Checkout code	2025-10-10T15:43:23.9554299Z Updating files:  58% (468/798)
job-core	Checkout code	2025-10-10T15:43:32.0955564Z Updating files:  58% (469/798)
job-core	Checkout code	2025-10-10T15:43:34.8732783Z Updating files:  58% (470/798)
job-core	Checkout code	2025-10-10T15:43:41.7040816Z Updating files:  59% (471/798)
job-core	Checkout code	2025-10-10T15:43:42.3610859Z Updating files:  59% (473/798)
job-core	Checkout code	2025-10-10T15:43:49.0290563Z Updating files:  59% (474/798)
job-core	Checkout code	2025-10-10T15:43:49.7971526Z Updating files:  59% (475/798)
job-core	Checkout code	2025-10-10T15:43:51.4702233Z Updating files:  59% (476/798)
job-core	Checkout code	2025-10-10T15:43:59.8183190Z Updating files:  59% (477/798)
job-core	Checkout code	2025-10-10T15:44:00.4450197Z Updating files:  60% (479/798)
job-core	Checkout code	2025-10-10T15:44:01.7896305Z Updating files:  60% (480/798)
job-core	Checkout code	2025-10-10T15:44:06.3701926Z Updating files:  60% (481/798)
job-core	Checkout code	2025-10-10T15:44:07.7871009Z Updating files:  60% (483/798)
job-core	Checkout code	2025-10-10T15:44:10.1321538Z Updating files:  60% (486/798)
job-core	Checkout code	2025-10-10T15:44:10.2960613Z Updating files:  61% (487/798)
job-core	Checkout code	2025-10-10T15:44:14.6391106Z Updating files:  61% (488/798)
job-core	Checkout code	2025-10-10T15:44:17.5780655Z Updating files:  61% (489/798)
job-core	Checkout code	2025-10-10T15:44:23.0471485Z Updating files:  61% (491/798)
job-core	Checkout code	2025-10-10T15:44:23.5685496Z Updating files:  61% (492/798)
job-core	Checkout code	2025-10-10T15:44:24.1526832Z Updating files:  61% (493/798)
job-core	Checkout code	2025-10-10T15:44:30.7881369Z Updating files:  61% (494/798)
job-core	Checkout code	2025-10-10T15:44:31.1861646Z Updating files:  62% (495/798)
job-core	Checkout code	2025-10-10T15:44:33.1373729Z Updating files:  62% (497/798)
job-core	Checkout code	2025-10-10T15:44:33.2551991Z Updating files:  62% (502/798)
job-core	Checkout code	2025-10-10T15:44:35.8796016Z Updating files:  63% (503/798)
job-core	Checkout code	2025-10-10T15:44:40.0389769Z Updating files:  63% (505/798)
job-core	Checkout code	2025-10-10T15:44:40.5595717Z Updating files:  63% (507/798)
job-core	Checkout code	2025-10-10T15:44:42.6197058Z Updating files:  63% (508/798)
job-core	Checkout code	2025-10-10T15:44:46.1441367Z Updating files:  63% (509/798)
job-core	Checkout code	2025-10-10T15:44:47.3649254Z Updating files:  64% (511/798)
job-core	Checkout code	2025-10-10T15:44:49.2471977Z Updating files:  64% (514/798)
job-core	Checkout code	2025-10-10T15:44:52.7484475Z Updating files:  64% (515/798)
job-core	Checkout code	2025-10-10T15:44:54.3132699Z Updating files:  64% (516/798)
job-core	Checkout code	2025-10-10T15:44:54.3701120Z Updating files:  64% (517/798)
job-core	Checkout code	2025-10-10T15:44:54.4016350Z Updating files:  65% (519/798)
job-core	Checkout code	2025-10-10T15:44:56.5618791Z Updating files:  66% (527/798)
job-core	Checkout code	2025-10-10T15:44:58.8464322Z Updating files:  67% (535/798)
job-core	Checkout code	2025-10-10T15:44:58.9565000Z Updating files:  68% (543/798)
job-core	Checkout code	2025-10-10T15:44:59.1202333Z Updating files:  69% (551/798)
job-core	Checkout code	2025-10-10T15:44:59.1302140Z Updating files:  70% (559/798)
job-core	Checkout code	2025-10-10T15:44:59.1416843Z Updating files:  71% (567/798)
job-core	Checkout code	2025-10-10T15:44:59.1774415Z Updating files:  72% (575/798)
job-core	Checkout code	2025-10-10T15:44:59.1781063Z Updating files:  72% (579/798)
job-core	Checkout code	2025-10-10T15:44:59.4362965Z Updating files:  73% (583/798)
job-core	Checkout code	2025-10-10T15:44:59.4365275Z Updating files:  74% (591/798)
job-core	Checkout code	2025-10-10T15:44:59.5072322Z Updating files:  75% (599/798)
job-core	Checkout code	2025-10-10T15:44:59.5171970Z Updating files:  76% (607/798)
job-core	Checkout code	2025-10-10T15:44:59.5200735Z Updating files:  77% (615/798)
job-core	Checkout code	2025-10-10T15:44:59.6777013Z Updating files:  78% (623/798)
job-core	Checkout code	2025-10-10T15:44:59.9621826Z Updating files:  79% (631/798)
job-core	Checkout code	2025-10-10T15:45:00.0772388Z Updating files:  80% (639/798)
job-core	Checkout code	2025-10-10T15:45:00.0773382Z Updating files:  81% (647/798)
job-core	Checkout code	2025-10-10T15:45:00.0794872Z Updating files:  82% (655/798)
job-core	Checkout code	2025-10-10T15:45:00.1502440Z Updating files:  83% (663/798)
job-core	Checkout code	2025-10-10T15:45:00.1600733Z Updating files:  84% (671/798)
job-core	Checkout code	2025-10-10T15:45:00.2573190Z Updating files:  84% (677/798)
job-core	Checkout code	2025-10-10T15:45:00.3830491Z Updating files:  85% (679/798)
job-core	Checkout code	2025-10-10T15:45:00.3831701Z Updating files:  86% (687/798)
job-core	Checkout code	2025-10-10T15:45:00.5702945Z Updating files:  87% (695/798)
job-core	Checkout code	2025-10-10T15:45:00.5846934Z Updating files:  88% (703/798)
job-core	Checkout code	2025-10-10T15:45:01.4049299Z Updating files:  89% (711/798)
job-core	Checkout code	2025-10-10T15:45:01.4815938Z Updating files:  89% (718/798)
job-core	Checkout code	2025-10-10T15:45:01.4816898Z Updating files:  90% (719/798)
job-core	Checkout code	2025-10-10T15:45:01.4817562Z Updating files:  91% (727/798)
job-core	Checkout code	2025-10-10T15:45:01.4818237Z Updating files:  92% (735/798)
job-core	Checkout code	2025-10-10T15:45:01.4818895Z Updating files:  93% (743/798)
job-core	Checkout code	2025-10-10T15:45:01.4819692Z Updating files:  94% (751/798)
job-core	Checkout code	2025-10-10T15:45:02.4174096Z Updating files:  95% (759/798)
job-core	Checkout code	2025-10-10T15:45:02.5252051Z Updating files:  95% (762/798)
job-core	Checkout code	2025-10-10T15:45:02.5254956Z Updating files:  96% (767/798)
job-core	Checkout code	2025-10-10T15:45:02.5257066Z Updating files:  97% (775/798)
job-core	Checkout code	2025-10-10T15:45:02.5634173Z Updating files:  98% (783/798)
job-core	Checkout code	2025-10-10T15:45:03.8543347Z Updating files:  99% (791/798)
job-core	Checkout code	2025-10-10T15:45:03.8545297Z Updating files:  99% (796/798)
job-core	Checkout code	2025-10-10T15:45:03.8661979Z Updating files: 100% (798/798)
job-core	Checkout code	2025-10-10T15:45:03.8662945Z Updating files: 100% (798/798), done.
job-core	Checkout code	2025-10-10T15:45:05.7252026Z Switched to a new branch 'H1968-modulo-personalización-del-portal-de-kaos-core'
job-core	Checkout code	2025-10-10T15:45:05.7258051Z branch 'H1968-modulo-personalización-del-portal-de-kaos-core' set up to track 'origin/H1968-modulo-personalización-del-portal-de-kaos-core'.
job-core	Checkout code	2025-10-10T15:45:05.8697418Z ##[endgroup]
job-core	Checkout code	2025-10-10T15:45:06.2540710Z [command]/usr/bin/git log -1 --format=%H
job-core	Checkout code	2025-10-10T15:45:06.2672414Z ac8e4585e830382206148d84436cc85741ff21e5
job-core	Install Node.js	﻿2025-10-10T15:45:18.0759922Z ##[group]Run actions/setup-node@v2
job-core	Install Node.js	2025-10-10T15:45:18.2031788Z with:
job-core	Install Node.js	2025-10-10T15:45:18.2032424Z   node-version: 14
job-core	Install Node.js	2025-10-10T15:45:18.2033029Z   always-auth: false
job-core	Install Node.js	2025-10-10T15:45:18.2033617Z   check-latest: false
job-core	Install Node.js	2025-10-10T15:45:18.2041077Z   token: ***
job-core	Install Node.js	2025-10-10T15:45:18.2147610Z env:
job-core	Install Node.js	2025-10-10T15:45:18.2148270Z   KAOS_MODULE: [Ka0S] JSONLINT
job-core	Install Node.js	2025-10-10T15:45:18.2149303Z   GH_TOKEN: ***
job-core	Install Node.js	2025-10-10T15:45:18.2150020Z   KAOS_JSONLINT_CONFIG: core/config/.jsonlint.json
job-core	Install Node.js	2025-10-10T15:45:18.2150846Z   KAOS_PATH_RESUME: audit/jsonlint/
job-core	Install Node.js	2025-10-10T15:45:18.2151640Z   KAOS_REPO: /actions-runner/_work/kaos/kaos
job-core	Install Node.js	2025-10-10T15:45:18.2152378Z   KAOS_STEP_MODULE: 
job-core	Install Node.js	2025-10-10T15:45:18.2152927Z   KAOS_CODE: 18411121190
job-core	Install Node.js	2025-10-10T15:45:18.2153496Z   KAOS_REF_BRANCH: main
job-core	Install Node.js	2025-10-10T15:45:18.2154041Z ##[endgroup]
job-core	Install Node.js	2025-10-10T15:45:29.1121106Z Attempting to download 14...
job-core	Install Node.js	2025-10-10T15:45:32.9357973Z Acquiring 14.21.3 - x64 from https://github.com/actions/node-versions/releases/download/14.21.3-4202774076/node-14.21.3-linux-x64.tar.gz
job-core	Install Node.js	2025-10-10T15:45:52.0521925Z Extracting ...
job-core	Install Node.js	2025-10-10T15:45:52.4107959Z [command]/usr/bin/tar xz --strip 1 --warning=no-unknown-keyword --overwrite -C /home/runner/_work/_temp/efacb579-e9c2-4efb-ab1a-8405aaa6dac9 -f /home/runner/_work/_temp/67006889-b9af-4513-82d7-a554f1830f8a
job-core	Install Node.js	2025-10-10T15:46:56.4197777Z Adding to the cache ...
job-core	Install Node.js	2025-10-10T15:48:48.5760964Z Done
handle_failure	Set up job	﻿2025-10-10T16:00:06.7483424Z Current runner version: '2.328.0'
handle_failure	Set up job	2025-10-10T16:00:06.7496647Z Runner name: '705ecf7fa656'
handle_failure	Set up job	2025-10-10T16:00:06.7499841Z Runner group name: 'swarm-runners'
handle_failure	Set up job	2025-10-10T16:00:06.7501406Z Machine name: '705ecf7fa656'
handle_failure	Set up job	2025-10-10T16:00:06.7509732Z ##[group]GITHUB_TOKEN Permissions
handle_failure	Set up job	2025-10-10T16:00:06.7513443Z Actions: write
handle_failure	Set up job	2025-10-10T16:00:06.7514170Z Contents: write
handle_failure	Set up job	2025-10-10T16:00:06.7514954Z Issues: write
handle_failure	Set up job	2025-10-10T16:00:06.7515631Z Metadata: read
handle_failure	Set up job	2025-10-10T16:00:06.7586706Z PullRequests: write
handle_failure	Set up job	2025-10-10T16:00:06.7587409Z ##[endgroup]
handle_failure	Set up job	2025-10-10T16:00:06.7591983Z Secret source: Actions
handle_failure	Set up job	2025-10-10T16:00:06.7592758Z Prepare workflow directory
handle_failure	Set up job	2025-10-10T16:00:06.8516537Z Prepare all required actions
handle_failure	Set up job	2025-10-10T16:00:06.8584770Z Getting action download info
handle_failure	Set up job	2025-10-10T16:00:07.4865784Z Download action repository 'actions/checkout@v4' (SHA:08eba0b27e820071cde6df949e0beb9ba4906955)
handle_failure	Set up job	2025-10-10T16:00:08.3542234Z Complete job name: handle_failure
handle_failure	Checkout code	﻿2025-10-10T16:00:08.4649395Z ##[group]Run actions/checkout@v4
handle_failure	Checkout code	2025-10-10T16:00:08.4650912Z with:
handle_failure	Checkout code	2025-10-10T16:00:08.4651425Z   fetch-depth: 0
handle_failure	Checkout code	2025-10-10T16:00:08.4652216Z   token: ***
handle_failure	Checkout code	2025-10-10T16:00:08.4652730Z   repository: Ka0s-Klaus/ka0s
handle_failure	Checkout code	2025-10-10T16:00:08.4653323Z   ssh-strict: true
handle_failure	Checkout code	2025-10-10T16:00:08.4653823Z   ssh-user: git
handle_failure	Checkout code	2025-10-10T16:00:08.4654345Z   persist-credentials: true
handle_failure	Checkout code	2025-10-10T16:00:08.4654924Z   clean: true
handle_failure	Checkout code	2025-10-10T16:00:08.4655451Z   sparse-checkout-cone-mode: true
handle_failure	Checkout code	2025-10-10T16:00:08.4656090Z   fetch-tags: false
handle_failure	Checkout code	2025-10-10T16:00:08.4656619Z   show-progress: true
handle_failure	Checkout code	2025-10-10T16:00:08.4657156Z   lfs: false
handle_failure	Checkout code	2025-10-10T16:00:08.4657635Z   submodules: false
handle_failure	Checkout code	2025-10-10T16:00:08.4658161Z   set-safe-directory: true
handle_failure	Checkout code	2025-10-10T16:00:08.4659130Z env:
handle_failure	Checkout code	2025-10-10T16:00:08.4659776Z   KAOS_MODULE: [Ka0S] JSONLINT
handle_failure	Checkout code	2025-10-10T16:00:08.4660601Z   GH_TOKEN: ***
handle_failure	Checkout code	2025-10-10T16:00:08.4661185Z   KAOS_JSONLINT_CONFIG: core/config/.jsonlint.json
handle_failure	Checkout code	2025-10-10T16:00:08.4661923Z   KAOS_PATH_RESUME: audit/jsonlint/
handle_failure	Checkout code	2025-10-10T16:00:08.4663236Z   KAOS_REPO: /actions-runner/_work/kaos/kaos
handle_failure	Checkout code	2025-10-10T16:00:08.4665860Z   KAOS_STEP_MODULE: 
handle_failure	Checkout code	2025-10-10T16:00:08.4667869Z   KAOS_CODE: 18411121190
handle_failure	Checkout code	2025-10-10T16:00:08.4669818Z   KAOS_REF_BRANCH: main
handle_failure	Checkout code	2025-10-10T16:00:08.4670363Z ##[endgroup]
handle_failure	Checkout code	2025-10-10T16:00:08.6655606Z Syncing repository: Ka0s-Klaus/ka0s
handle_failure	Checkout code	2025-10-10T16:00:08.6660726Z ##[group]Getting Git version info
handle_failure	Checkout code	2025-10-10T16:00:08.6662701Z Working directory is '/home/runner/_work/ka0s/ka0s'
handle_failure	Checkout code	2025-10-10T16:00:08.6665373Z [command]/usr/bin/git version
handle_failure	Checkout code	2025-10-10T16:00:08.6687863Z git version 2.51.0
handle_failure	Checkout code	2025-10-10T16:00:08.6742919Z ##[endgroup]
handle_failure	Checkout code	2025-10-10T16:00:08.6772004Z Copying '/home/runner/.gitconfig' to '/home/runner/_work/_temp/12f457c3-40b9-47a7-9cca-9e2286b04895/.gitconfig'
handle_failure	Checkout code	2025-10-10T16:00:08.6778122Z Temporarily overriding HOME='/home/runner/_work/_temp/12f457c3-40b9-47a7-9cca-9e2286b04895' before making global git config changes
handle_failure	Checkout code	2025-10-10T16:00:08.6833016Z Adding repository directory to the temporary git global config as a safe directory
handle_failure	Checkout code	2025-10-10T16:00:08.6857574Z [command]/usr/bin/git config --global --add safe.directory /home/runner/_work/ka0s/ka0s
handle_failure	Checkout code	2025-10-10T16:00:08.6895563Z [command]/usr/bin/git config --local --get remote.origin.url
handle_failure	Checkout code	2025-10-10T16:00:08.6944808Z https://github.com/Ka0s-Klaus/ka0s
handle_failure	Checkout code	2025-10-10T16:00:08.7019478Z ##[group]Removing previously created refs, to avoid conflicts
handle_failure	Checkout code	2025-10-10T16:00:08.7023533Z [command]/usr/bin/git rev-parse --symbolic-full-name --verify --quiet HEAD
handle_failure	Checkout code	2025-10-10T16:00:08.7083339Z refs/heads/H1968-modulo-personalización-del-portal-de-kaos-core
handle_failure	Checkout code	2025-10-10T16:00:08.7107579Z [command]/usr/bin/git checkout --detach
handle_failure	Checkout code	2025-10-10T16:00:08.7310826Z HEAD is now at ac8e4585e [Ka0S] Uploading resume execution files to the repository...
handle_failure	Checkout code	2025-10-10T16:00:08.7425172Z [command]/usr/bin/git branch --delete --force H1968-modulo-personalización-del-portal-de-kaos-core
handle_failure	Checkout code	2025-10-10T16:00:08.7465801Z Deleted branch H1968-modulo-personalización-del-portal-de-kaos-core (was ac8e4585e).
handle_failure	Checkout code	2025-10-10T16:00:08.7589161Z ##[endgroup]
handle_failure	Checkout code	2025-10-10T16:00:08.7590504Z [command]/usr/bin/git submodule status
handle_failure	Checkout code	2025-10-10T16:00:08.7922405Z ##[group]Cleaning the repository
handle_failure	Checkout code	2025-10-10T16:00:08.7924127Z [command]/usr/bin/git clean -ffdx
handle_failure	Checkout code	2025-10-10T16:00:08.8006096Z [command]/usr/bin/git reset --hard HEAD
handle_failure	Checkout code	2025-10-10T16:00:08.8115657Z HEAD is now at ac8e4585e [Ka0S] Uploading resume execution files to the repository...
handle_failure	Checkout code	2025-10-10T16:00:08.8125002Z ##[endgroup]
handle_failure	Checkout code	2025-10-10T16:00:08.8127173Z ##[group]Disabling automatic garbage collection
handle_failure	Checkout code	2025-10-10T16:00:08.8134505Z [command]/usr/bin/git config --local gc.auto 0
handle_failure	Checkout code	2025-10-10T16:00:08.8180932Z ##[endgroup]
handle_failure	Checkout code	2025-10-10T16:00:08.8182808Z ##[group]Setting up auth
handle_failure	Checkout code	2025-10-10T16:00:08.8191956Z [command]/usr/bin/git config --local --name-only --get-regexp core\.sshCommand
handle_failure	Checkout code	2025-10-10T16:00:08.8263650Z [command]/usr/bin/git submodule foreach --recursive sh -c "git config --local --name-only --get-regexp 'core\.sshCommand' && git config --local --unset-all 'core.sshCommand' || :"
handle_failure	Checkout code	2025-10-10T16:00:08.8893777Z [command]/usr/bin/git config --local --name-only --get-regexp http\.https\:\/\/github\.com\/\.extraheader
handle_failure	Checkout code	2025-10-10T16:00:08.8970515Z [command]/usr/bin/git submodule foreach --recursive sh -c "git config --local --name-only --get-regexp 'http\.https\:\/\/github\.com\/\.extraheader' && git config --local --unset-all 'http.https://github.com/.extraheader' || :"
handle_failure	Checkout code	2025-10-10T16:00:08.9627042Z [command]/usr/bin/git config --local http.https://github.com/.extraheader AUTHORIZATION: basic ***
handle_failure	Checkout code	2025-10-10T16:00:08.9705173Z ##[endgroup]
handle_failure	Checkout code	2025-10-10T16:00:08.9712589Z ##[group]Fetching the repository
handle_failure	Checkout code	2025-10-10T16:00:08.9723590Z [command]/usr/bin/git -c protocol.version=2 fetch --prune --no-recurse-submodules origin +refs/heads/*:refs/remotes/origin/* +refs/tags/*:refs/tags/*
handle_failure	Checkout code	2025-10-10T16:00:10.0590830Z From https://github.com/Ka0s-Klaus/ka0s
handle_failure	Checkout code	2025-10-10T16:00:10.0597204Z    ac8e4585e..3be291349  H1968-modulo-personalización-del-portal-de-kaos-core -> origin/H1968-modulo-personalización-del-portal-de-kaos-core
handle_failure	Checkout code	2025-10-10T16:00:10.0602628Z    54d07249c..11f5bd968  main       -> origin/main
handle_failure	Checkout code	2025-10-10T16:00:10.0672054Z [command]/usr/bin/git branch --list --remote origin/H1968-modulo-personalización-del-portal-de-kaos-core
handle_failure	Checkout code	2025-10-10T16:00:10.0744283Z   origin/H1968-modulo-personalización-del-portal-de-kaos-core
handle_failure	Checkout code	2025-10-10T16:00:10.0760675Z [command]/usr/bin/git rev-parse refs/remotes/origin/H1968-modulo-personalización-del-portal-de-kaos-core
handle_failure	Checkout code	2025-10-10T16:00:10.0790222Z 3be2913494ea918a43368bfeb6c6b5f915755367
handle_failure	Checkout code	2025-10-10T16:00:10.0813179Z [command]/usr/bin/git -c protocol.version=2 fetch --no-tags --prune --no-recurse-submodules origin +ac8e4585e830382206148d84436cc85741ff21e5:refs/remotes/origin/H1968-modulo-personalización-del-portal-de-kaos-core
handle_failure	Checkout code	2025-10-10T16:00:10.1026590Z From https://github.com/Ka0s-Klaus/ka0s
handle_failure	Checkout code	2025-10-10T16:00:10.1034593Z  + 3be291349...ac8e4585e ac8e4585e830382206148d84436cc85741ff21e5 -> origin/H1968-modulo-personalización-del-portal-de-kaos-core  (forced update)
handle_failure	Checkout code	2025-10-10T16:00:10.1074544Z ##[endgroup]
handle_failure	Checkout code	2025-10-10T16:00:10.1077675Z ##[group]Determining the checkout info
handle_failure	Checkout code	2025-10-10T16:00:10.1083410Z ##[endgroup]
handle_failure	Checkout code	2025-10-10T16:00:10.1086639Z [command]/usr/bin/git sparse-checkout disable
handle_failure	Checkout code	2025-10-10T16:00:10.1192824Z [command]/usr/bin/git config --local --unset-all extensions.worktreeConfig
handle_failure	Checkout code	2025-10-10T16:00:10.1257437Z ##[group]Checking out the ref
handle_failure	Checkout code	2025-10-10T16:00:10.1265639Z [command]/usr/bin/git checkout --progress --force -B H1968-modulo-personalización-del-portal-de-kaos-core refs/remotes/origin/H1968-modulo-personalización-del-portal-de-kaos-core
handle_failure	Checkout code	2025-10-10T16:00:10.1425259Z Switched to a new branch 'H1968-modulo-personalización-del-portal-de-kaos-core'
handle_failure	Checkout code	2025-10-10T16:00:10.1469808Z branch 'H1968-modulo-personalización-del-portal-de-kaos-core' set up to track 'origin/H1968-modulo-personalización-del-portal-de-kaos-core'.
handle_failure	Checkout code	2025-10-10T16:00:10.1486657Z ##[endgroup]
handle_failure	Checkout code	2025-10-10T16:00:10.1528328Z [command]/usr/bin/git log -1 --format=%H
handle_failure	Checkout code	2025-10-10T16:00:10.1564601Z ac8e4585e830382206148d84436cc85741ff21e5
handle_failure	handle-failure-execution	﻿2025-10-10T16:00:10.2270774Z ##[group]Run echo "Error detected in process"
handle_failure	handle-failure-execution	2025-10-10T16:00:10.2273096Z [36;1mecho "Error detected in process"[0m
handle_failure	handle-failure-execution	2025-10-10T16:00:10.2274679Z [36;1mecho "Created issue"[0m
handle_failure	handle-failure-execution	2025-10-10T16:00:10.2279230Z [36;1mgh issue create  --title "[Ka0S] JSONLINT Error detected in 18411121190" --label "bug" --body "Please check the logs 'https://github.com/Ka0s-Klaus/ka0s/actions/runs/18411121190' for more information of error."[0m
handle_failure	handle-failure-execution	2025-10-10T16:00:10.2284129Z [36;1mecho "Add comment to origin target"[0m
handle_failure	handle-failure-execution	2025-10-10T16:00:10.2287079Z [36;1mRNNUMBER=$(echo "refs/heads/H1968-modulo-personalización-del-portal-de-kaos-core" | grep -o '[0-9]*')[0m
handle_failure	handle-failure-execution	2025-10-10T16:00:10.2292826Z [36;1mgh issue comment $RNNUMBER --body "El proceso no ha finalizado correctamente 18411121190. El resultado está en el fichero 18411121190.log"[0m
handle_failure	handle-failure-execution	2025-10-10T16:00:10.2326243Z shell: /usr/bin/bash -e {0}
handle_failure	handle-failure-execution	2025-10-10T16:00:10.2328512Z env:
handle_failure	handle-failure-execution	2025-10-10T16:00:10.2330427Z   KAOS_MODULE: [Ka0S] JSONLINT
handle_failure	handle-failure-execution	2025-10-10T16:00:10.2335291Z   GH_TOKEN: ***
handle_failure	handle-failure-execution	2025-10-10T16:00:10.2338280Z   KAOS_JSONLINT_CONFIG: core/config/.jsonlint.json
handle_failure	handle-failure-execution	2025-10-10T16:00:10.2342086Z   KAOS_PATH_RESUME: audit/jsonlint/
handle_failure	handle-failure-execution	2025-10-10T16:00:10.2345060Z   KAOS_REPO: /actions-runner/_work/kaos/kaos
handle_failure	handle-failure-execution	2025-10-10T16:00:10.2347444Z   KAOS_STEP_MODULE: 
handle_failure	handle-failure-execution	2025-10-10T16:00:10.2360058Z   KAOS_CODE: 18411121190
handle_failure	handle-failure-execution	2025-10-10T16:00:10.2362539Z   KAOS_REF_BRANCH: main
handle_failure	handle-failure-execution	2025-10-10T16:00:10.2364668Z ##[endgroup]
handle_failure	handle-failure-execution	2025-10-10T16:00:10.2528972Z Error detected in process
handle_failure	handle-failure-execution	2025-10-10T16:00:10.2533126Z Created issue
handle_failure	handle-failure-execution	2025-10-10T16:00:12.2553490Z https://github.com/Ka0s-Klaus/ka0s/issues/2155
handle_failure	handle-failure-execution	2025-10-10T16:00:12.2570454Z Add comment to origin target
handle_failure	handle-failure-execution	2025-10-10T16:00:13.3765418Z https://github.com/Ka0s-Klaus/ka0s/issues/1968#issuecomment-3390934044
handle_failure	Post Checkout code	﻿2025-10-10T16:00:13.4123699Z Post job cleanup.
handle_failure	Post Checkout code	2025-10-10T16:00:13.5688610Z [command]/usr/bin/git version
handle_failure	Post Checkout code	2025-10-10T16:00:13.5758869Z git version 2.51.0
handle_failure	Post Checkout code	2025-10-10T16:00:13.5841574Z Copying '/home/runner/.gitconfig' to '/home/runner/_work/_temp/ce7f5277-1401-4c6e-b9b6-6df8df2ae260/.gitconfig'
handle_failure	Post Checkout code	2025-10-10T16:00:13.5911916Z Temporarily overriding HOME='/home/runner/_work/_temp/ce7f5277-1401-4c6e-b9b6-6df8df2ae260' before making global git config changes
handle_failure	Post Checkout code	2025-10-10T16:00:13.5932758Z Adding repository directory to the temporary git global config as a safe directory
handle_failure	Post Checkout code	2025-10-10T16:00:13.5942866Z [command]/usr/bin/git config --global --add safe.directory /home/runner/_work/ka0s/ka0s
handle_failure	Post Checkout code	2025-10-10T16:00:13.6008734Z [command]/usr/bin/git config --local --name-only --get-regexp core\.sshCommand
handle_failure	Post Checkout code	2025-10-10T16:00:13.6160881Z [command]/usr/bin/git submodule foreach --recursive sh -c "git config --local --name-only --get-regexp 'core\.sshCommand' && git config --local --unset-all 'core.sshCommand' || :"
handle_failure	Post Checkout code	2025-10-10T16:00:13.6608053Z [command]/usr/bin/git config --local --name-only --get-regexp http\.https\:\/\/github\.com\/\.extraheader
handle_failure	Post Checkout code	2025-10-10T16:00:13.6640672Z http.https://github.com/.extraheader
handle_failure	Post Checkout code	2025-10-10T16:00:13.6663819Z [command]/usr/bin/git config --local --unset-all http.https://github.com/.extraheader
handle_failure	Post Checkout code	2025-10-10T16:00:13.6717788Z [command]/usr/bin/git submodule foreach --recursive sh -c "git config --local --name-only --get-regexp 'http\.https\:\/\/github\.com\/\.extraheader' && git config --local --unset-all 'http.https://github.com/.extraheader' || :"
handle_failure	Complete job	﻿2025-10-10T16:00:13.7293304Z Cleaning up orphan processes
end-workflow	Set up job	﻿2025-10-10T16:00:20.6541127Z Current runner version: '2.328.0'
end-workflow	Set up job	2025-10-10T16:00:20.6582277Z Runner name: '4dff3cfc1d83'
end-workflow	Set up job	2025-10-10T16:00:20.6584284Z Runner group name: 'swarm-runners'
end-workflow	Set up job	2025-10-10T16:00:20.6586202Z Machine name: '4dff3cfc1d83'
end-workflow	Set up job	2025-10-10T16:00:20.6595084Z ##[group]GITHUB_TOKEN Permissions
end-workflow	Set up job	2025-10-10T16:00:20.6607825Z Actions: write
end-workflow	Set up job	2025-10-10T16:00:20.6729368Z Contents: write
end-workflow	Set up job	2025-10-10T16:00:20.6730708Z Issues: write
end-workflow	Set up job	2025-10-10T16:00:20.6731663Z Metadata: read
end-workflow	Set up job	2025-10-10T16:00:20.6732642Z PullRequests: write
end-workflow	Set up job	2025-10-10T16:00:20.6733659Z ##[endgroup]
end-workflow	Set up job	2025-10-10T16:00:20.6737495Z Secret source: Actions
end-workflow	Set up job	2025-10-10T16:00:20.6739228Z Prepare workflow directory
end-workflow	Set up job	2025-10-10T16:00:20.8439462Z Prepare all required actions
end-workflow	Set up job	2025-10-10T16:00:20.8533069Z Getting action download info
end-workflow	Set up job	2025-10-10T16:00:21.6464594Z Download action repository 'actions/checkout@v4' (SHA:08eba0b27e820071cde6df949e0beb9ba4906955)
end-workflow	Set up job	2025-10-10T16:00:22.8138042Z Complete job name: end-workflow
end-workflow	Checkout code	﻿2025-10-10T16:00:22.9806864Z ##[group]Run actions/checkout@v4
end-workflow	Checkout code	2025-10-10T16:00:22.9810222Z with:
end-workflow	Checkout code	2025-10-10T16:00:22.9811960Z   fetch-depth: 0
end-workflow	Checkout code	2025-10-10T16:00:22.9814656Z   token: ***
end-workflow	Checkout code	2025-10-10T16:00:22.9816483Z   repository: Ka0s-Klaus/ka0s
end-workflow	Checkout code	2025-10-10T16:00:22.9818685Z   ssh-strict: true
end-workflow	Checkout code	2025-10-10T16:00:22.9820628Z   ssh-user: git
end-workflow	Checkout code	2025-10-10T16:00:22.9822520Z   persist-credentials: true
end-workflow	Checkout code	2025-10-10T16:00:22.9824655Z   clean: true
end-workflow	Checkout code	2025-10-10T16:00:22.9826542Z   sparse-checkout-cone-mode: true
end-workflow	Checkout code	2025-10-10T16:00:22.9828860Z   fetch-tags: false
end-workflow	Checkout code	2025-10-10T16:00:22.9830978Z   show-progress: true
end-workflow	Checkout code	2025-10-10T16:00:22.9832907Z   lfs: false
end-workflow	Checkout code	2025-10-10T16:00:22.9834698Z   submodules: false
end-workflow	Checkout code	2025-10-10T16:00:22.9836654Z   set-safe-directory: true
end-workflow	Checkout code	2025-10-10T16:00:22.9840606Z env:
end-workflow	Checkout code	2025-10-10T16:00:22.9842615Z   KAOS_MODULE: [Ka0S] JSONLINT
end-workflow	Checkout code	2025-10-10T16:00:22.9845525Z   GH_TOKEN: ***
end-workflow	Checkout code	2025-10-10T16:00:22.9847736Z   KAOS_JSONLINT_CONFIG: core/config/.jsonlint.json
end-workflow	Checkout code	2025-10-10T16:00:22.9850704Z   KAOS_PATH_RESUME: audit/jsonlint/
end-workflow	Checkout code	2025-10-10T16:00:22.9853353Z   KAOS_REPO: /actions-runner/_work/kaos/kaos
end-workflow	Checkout code	2025-10-10T16:00:22.9855923Z   KAOS_STEP_MODULE: 
end-workflow	Checkout code	2025-10-10T16:00:22.9857827Z   KAOS_CODE: 18411121190
end-workflow	Checkout code	2025-10-10T16:00:22.9859928Z   KAOS_REF_BRANCH: main
end-workflow	Checkout code	2025-10-10T16:00:22.9861850Z ##[endgroup]
end-workflow	Checkout code	2025-10-10T16:00:23.3301621Z Syncing repository: Ka0s-Klaus/ka0s
end-workflow	Checkout code	2025-10-10T16:00:23.3393311Z ##[group]Getting Git version info
end-workflow	Checkout code	2025-10-10T16:00:23.3396485Z Working directory is '/home/runner/_work/ka0s/ka0s'
end-workflow	Checkout code	2025-10-10T16:00:23.3401082Z [command]/usr/bin/git version
end-workflow	Checkout code	2025-10-10T16:00:23.3451101Z git version 2.51.0
end-workflow	Checkout code	2025-10-10T16:00:23.3458641Z ##[endgroup]
end-workflow	Checkout code	2025-10-10T16:00:23.3488910Z Copying '/home/runner/.gitconfig' to '/home/runner/_work/_temp/4ce51d3f-7fe0-458e-a643-710696c2029f/.gitconfig'
end-workflow	Checkout code	2025-10-10T16:00:23.3503102Z Temporarily overriding HOME='/home/runner/_work/_temp/4ce51d3f-7fe0-458e-a643-710696c2029f' before making global git config changes
end-workflow	Checkout code	2025-10-10T16:00:23.3517003Z Adding repository directory to the temporary git global config as a safe directory
end-workflow	Checkout code	2025-10-10T16:00:23.3522506Z [command]/usr/bin/git config --global --add safe.directory /home/runner/_work/ka0s/ka0s
end-workflow	Checkout code	2025-10-10T16:00:23.3573902Z [command]/usr/bin/git config --local --get remote.origin.url
end-workflow	Checkout code	2025-10-10T16:00:23.3577688Z https://github.com/Ka0s-Klaus/ka0s
end-workflow	Checkout code	2025-10-10T16:00:23.3613373Z ##[group]Removing previously created refs, to avoid conflicts
end-workflow	Checkout code	2025-10-10T16:00:23.3617713Z [command]/usr/bin/git rev-parse --symbolic-full-name --verify --quiet HEAD
end-workflow	Checkout code	2025-10-10T16:00:23.3808432Z refs/heads/main
end-workflow	Checkout code	2025-10-10T16:00:23.3813406Z [command]/usr/bin/git checkout --detach
end-workflow	Checkout code	2025-10-10T16:00:23.3895139Z HEAD is now at 621c4f126 [Ka0S] Inspector uploading resume execution files to the repository...
end-workflow	Checkout code	2025-10-10T16:00:23.4102171Z [command]/usr/bin/git branch --delete --force main
end-workflow	Checkout code	2025-10-10T16:00:23.4213611Z Deleted branch main (was 621c4f126).
end-workflow	Checkout code	2025-10-10T16:00:23.4395491Z ##[endgroup]
end-workflow	Checkout code	2025-10-10T16:00:23.4403109Z [command]/usr/bin/git submodule status
end-workflow	Checkout code	2025-10-10T16:00:23.4875514Z ##[group]Cleaning the repository
end-workflow	Checkout code	2025-10-10T16:00:23.4889843Z [command]/usr/bin/git clean -ffdx
end-workflow	Checkout code	2025-10-10T16:00:23.5033759Z [command]/usr/bin/git reset --hard HEAD
end-workflow	Checkout code	2025-10-10T16:00:23.5209623Z HEAD is now at 621c4f126 [Ka0S] Inspector uploading resume execution files to the repository...
end-workflow	Checkout code	2025-10-10T16:00:23.5222442Z ##[endgroup]
end-workflow	Checkout code	2025-10-10T16:00:23.5226213Z ##[group]Disabling automatic garbage collection
end-workflow	Checkout code	2025-10-10T16:00:23.5233323Z [command]/usr/bin/git config --local gc.auto 0
end-workflow	Checkout code	2025-10-10T16:00:23.5303025Z ##[endgroup]
end-workflow	Checkout code	2025-10-10T16:00:23.5306446Z ##[group]Setting up auth
end-workflow	Checkout code	2025-10-10T16:00:23.5311439Z [command]/usr/bin/git config --local --name-only --get-regexp core\.sshCommand
end-workflow	Checkout code	2025-10-10T16:00:23.5427447Z [command]/usr/bin/git submodule foreach --recursive sh -c "git config --local --name-only --get-regexp 'core\.sshCommand' && git config --local --unset-all 'core.sshCommand' || :"
end-workflow	Checkout code	2025-10-10T16:00:23.6078874Z [command]/usr/bin/git config --local --name-only --get-regexp http\.https\:\/\/github\.com\/\.extraheader
end-workflow	Checkout code	2025-10-10T16:00:23.6173914Z [command]/usr/bin/git submodule foreach --recursive sh -c "git config --local --name-only --get-regexp 'http\.https\:\/\/github\.com\/\.extraheader' && git config --local --unset-all 'http.https://github.com/.extraheader' || :"
end-workflow	Checkout code	2025-10-10T16:00:23.6956165Z [command]/usr/bin/git config --local http.https://github.com/.extraheader AUTHORIZATION: basic ***
end-workflow	Checkout code	2025-10-10T16:00:23.7097531Z ##[endgroup]
end-workflow	Checkout code	2025-10-10T16:00:23.7103969Z ##[group]Fetching the repository
end-workflow	Checkout code	2025-10-10T16:00:23.7155440Z [command]/usr/bin/git -c protocol.version=2 fetch --prune --no-recurse-submodules origin +refs/heads/*:refs/remotes/origin/* +refs/tags/*:refs/tags/*
end-workflow	Checkout code	2025-10-10T16:00:24.7384258Z From https://github.com/Ka0s-Klaus/ka0s
end-workflow	Checkout code	2025-10-10T16:00:24.7386171Z    621c4f126..14034f8f7  main       -> origin/main
end-workflow	Checkout code	2025-10-10T16:00:24.7486200Z [command]/usr/bin/git branch --list --remote origin/H1968-modulo-personalización-del-portal-de-kaos-core
end-workflow	Checkout code	2025-10-10T16:00:24.7660205Z   origin/H1968-modulo-personalización-del-portal-de-kaos-core
end-workflow	Checkout code	2025-10-10T16:00:24.7690429Z [command]/usr/bin/git rev-parse refs/remotes/origin/H1968-modulo-personalización-del-portal-de-kaos-core
end-workflow	Checkout code	2025-10-10T16:00:24.7751781Z 3be2913494ea918a43368bfeb6c6b5f915755367
end-workflow	Checkout code	2025-10-10T16:00:24.7788692Z [command]/usr/bin/git -c protocol.version=2 fetch --no-tags --prune --no-recurse-submodules origin +ac8e4585e830382206148d84436cc85741ff21e5:refs/remotes/origin/H1968-modulo-personalización-del-portal-de-kaos-core
end-workflow	Checkout code	2025-10-10T16:00:24.8099374Z From https://github.com/Ka0s-Klaus/ka0s
end-workflow	Checkout code	2025-10-10T16:00:24.8102406Z  + 3be291349...ac8e4585e ac8e4585e830382206148d84436cc85741ff21e5 -> origin/H1968-modulo-personalización-del-portal-de-kaos-core  (forced update)
end-workflow	Checkout code	2025-10-10T16:00:24.8168996Z ##[endgroup]
end-workflow	Checkout code	2025-10-10T16:00:24.8175675Z ##[group]Determining the checkout info
end-workflow	Checkout code	2025-10-10T16:00:24.8186292Z ##[endgroup]
end-workflow	Checkout code	2025-10-10T16:00:24.8198010Z [command]/usr/bin/git sparse-checkout disable
end-workflow	Checkout code	2025-10-10T16:00:24.8318159Z [command]/usr/bin/git config --local --unset-all extensions.worktreeConfig
end-workflow	Checkout code	2025-10-10T16:00:24.8388514Z ##[group]Checking out the ref
end-workflow	Checkout code	2025-10-10T16:00:24.8405736Z [command]/usr/bin/git checkout --progress --force -B H1968-modulo-personalización-del-portal-de-kaos-core refs/remotes/origin/H1968-modulo-personalización-del-portal-de-kaos-core
end-workflow	Checkout code	2025-10-10T16:00:24.9011742Z Previous HEAD position was 621c4f126 [Ka0S] Inspector uploading resume execution files to the repository...
end-workflow	Checkout code	2025-10-10T16:00:24.9047077Z Switched to a new branch 'H1968-modulo-personalización-del-portal-de-kaos-core'
end-workflow	Checkout code	2025-10-10T16:00:24.9053652Z branch 'H1968-modulo-personalización-del-portal-de-kaos-core' set up to track 'origin/H1968-modulo-personalización-del-portal-de-kaos-core'.
end-workflow	Checkout code	2025-10-10T16:00:24.9057005Z ##[endgroup]
end-workflow	Checkout code	2025-10-10T16:00:24.9176910Z [command]/usr/bin/git log -1 --format=%H
end-workflow	Checkout code	2025-10-10T16:00:24.9380925Z ac8e4585e830382206148d84436cc85741ff21e5
end-workflow	Finaliza el workflow	﻿2025-10-10T16:00:25.0601856Z ##[group]Run echo "End process"
end-workflow	Finaliza el workflow	2025-10-10T16:00:25.0602800Z [36;1mecho "End process"[0m
end-workflow	Finaliza el workflow	2025-10-10T16:00:25.0604200Z [36;1mRNNUMBER=$(echo "refs/heads/H1968-modulo-personalización-del-portal-de-kaos-core" | grep -o '[0-9]*')[0m
end-workflow	Finaliza el workflow	2025-10-10T16:00:25.0606373Z [36;1mgh issue comment $RNNUMBER --body "Se finaliza Ka0s 18411121190"[0m
end-workflow	Finaliza el workflow	2025-10-10T16:00:25.0608137Z [36;1mgh workflow run inspector.yml --ref 'main' -f kaos-issue-id=$RNNUMBER -f kaos-workflow-id="18411121190" -f kaos-user-start=""[0m
end-workflow	Finaliza el workflow	2025-10-10T16:00:25.0637912Z shell: /usr/bin/bash -e {0}
end-workflow	Finaliza el workflow	2025-10-10T16:00:25.0638962Z env:
end-workflow	Finaliza el workflow	2025-10-10T16:00:25.0640469Z   KAOS_MODULE: [Ka0S] JSONLINT
end-workflow	Finaliza el workflow	2025-10-10T16:00:25.0641818Z   GH_TOKEN: ***
end-workflow	Finaliza el workflow	2025-10-10T16:00:25.0642768Z   KAOS_JSONLINT_CONFIG: core/config/.jsonlint.json
end-workflow	Finaliza el workflow	2025-10-10T16:00:25.0643991Z   KAOS_PATH_RESUME: audit/jsonlint/
end-workflow	Finaliza el workflow	2025-10-10T16:00:25.0645025Z   KAOS_REPO: /actions-runner/_work/kaos/kaos
end-workflow	Finaliza el workflow	2025-10-10T16:00:25.0646173Z   KAOS_STEP_MODULE: 
end-workflow	Finaliza el workflow	2025-10-10T16:00:25.0647046Z   KAOS_CODE: 18411121190
end-workflow	Finaliza el workflow	2025-10-10T16:00:25.0648043Z   KAOS_REF_BRANCH: main
end-workflow	Finaliza el workflow	2025-10-10T16:00:25.0648639Z ##[endgroup]
end-workflow	Finaliza el workflow	2025-10-10T16:00:25.0764260Z End process
end-workflow	Finaliza el workflow	2025-10-10T16:00:26.1774527Z https://github.com/Ka0s-Klaus/ka0s/issues/1968#issuecomment-3390934930
end-workflow	Post Checkout code	﻿2025-10-10T16:00:27.2967578Z Post job cleanup.
end-workflow	Post Checkout code	2025-10-10T16:00:27.5129256Z [command]/usr/bin/git version
end-workflow	Post Checkout code	2025-10-10T16:00:27.5220702Z git version 2.51.0
end-workflow	Post Checkout code	2025-10-10T16:00:27.5315757Z Copying '/home/runner/.gitconfig' to '/home/runner/_work/_temp/85101c52-4a8b-4d87-875b-136deb46630d/.gitconfig'
end-workflow	Post Checkout code	2025-10-10T16:00:27.5356338Z Temporarily overriding HOME='/home/runner/_work/_temp/85101c52-4a8b-4d87-875b-136deb46630d' before making global git config changes
end-workflow	Post Checkout code	2025-10-10T16:00:27.5370682Z Adding repository directory to the temporary git global config as a safe directory
end-workflow	Post Checkout code	2025-10-10T16:00:27.5381380Z [command]/usr/bin/git config --global --add safe.directory /home/runner/_work/ka0s/ka0s
end-workflow	Post Checkout code	2025-10-10T16:00:27.5584021Z [command]/usr/bin/git config --local --name-only --get-regexp core\.sshCommand
end-workflow	Post Checkout code	2025-10-10T16:00:27.5853682Z [command]/usr/bin/git submodule foreach --recursive sh -c "git config --local --name-only --get-regexp 'core\.sshCommand' && git config --local --unset-all 'core.sshCommand' || :"
end-workflow	Post Checkout code	2025-10-10T16:00:27.6605794Z [command]/usr/bin/git config --local --name-only --get-regexp http\.https\:\/\/github\.com\/\.extraheader
end-workflow	Post Checkout code	2025-10-10T16:00:27.6688676Z http.https://github.com/.extraheader
end-workflow	Post Checkout code	2025-10-10T16:00:27.6734214Z [command]/usr/bin/git config --local --unset-all http.https://github.com/.extraheader
end-workflow	Post Checkout code	2025-10-10T16:00:27.6830665Z [command]/usr/bin/git submodule foreach --recursive sh -c "git config --local --name-only --get-regexp 'http\.https\:\/\/github\.com\/\.extraheader' && git config --local --unset-all 'http.https://github.com/.extraheader' || :"
end-workflow	Complete job	﻿2025-10-10T16:00:27.8266794Z Cleaning up orphan processes
