job-core	Set up job	﻿2025-11-18T02:00:12.0812816Z Current runner version: '2.329.0'
job-core	Set up job	2025-11-18T02:00:12.0826079Z Runner name: '635a1f2f02fb'
job-core	Set up job	2025-11-18T02:00:12.0828348Z Runner group name: 'swarm-runners'
job-core	Set up job	2025-11-18T02:00:12.0829680Z Machine name: '635a1f2f02fb'
job-core	Set up job	2025-11-18T02:00:12.0837626Z ##[group]GITHUB_TOKEN Permissions
job-core	Set up job	2025-11-18T02:00:12.0841077Z Actions: write
job-core	Set up job	2025-11-18T02:00:12.0841875Z Contents: write
job-core	Set up job	2025-11-18T02:00:12.0842745Z Issues: write
job-core	Set up job	2025-11-18T02:00:12.0843461Z Metadata: read
job-core	Set up job	2025-11-18T02:00:12.0844075Z ##[endgroup]
job-core	Set up job	2025-11-18T02:00:12.0847523Z Secret source: Actions
job-core	Set up job	2025-11-18T02:00:12.0848632Z Prepare workflow directory
job-core	Set up job	2025-11-18T02:00:12.1801458Z Prepare all required actions
job-core	Set up job	2025-11-18T02:00:12.1855889Z Getting action download info
job-core	Set up job	2025-11-18T02:00:12.7591672Z Download action repository 'actions/checkout@v4' (SHA:08eba0b27e820071cde6df949e0beb9ba4906955)
job-core	Set up job	2025-11-18T02:00:13.6571166Z Complete job name: job-core
job-core	Checkout repository	﻿2025-11-18T02:00:13.7509975Z ##[group]Run actions/checkout@v4
job-core	Checkout repository	2025-11-18T02:00:13.7513171Z with:
job-core	Checkout repository	2025-11-18T02:00:13.7515268Z   fetch-depth: 0
job-core	Checkout repository	2025-11-18T02:00:13.7517497Z   token: ***
job-core	Checkout repository	2025-11-18T02:00:13.7518036Z   repository: Ka0s-Klaus/ka0s
job-core	Checkout repository	2025-11-18T02:00:13.7518641Z   ssh-strict: true
job-core	Checkout repository	2025-11-18T02:00:13.7519155Z   ssh-user: git
job-core	Checkout repository	2025-11-18T02:00:13.7519672Z   persist-credentials: true
job-core	Checkout repository	2025-11-18T02:00:13.7520260Z   clean: true
job-core	Checkout repository	2025-11-18T02:00:13.7520788Z   sparse-checkout-cone-mode: true
job-core	Checkout repository	2025-11-18T02:00:13.7521421Z   fetch-tags: false
job-core	Checkout repository	2025-11-18T02:00:13.7521946Z   show-progress: true
job-core	Checkout repository	2025-11-18T02:00:13.7522485Z   lfs: false
job-core	Checkout repository	2025-11-18T02:00:13.7522997Z   submodules: false
job-core	Checkout repository	2025-11-18T02:00:13.7523532Z   set-safe-directory: true
job-core	Checkout repository	2025-11-18T02:00:13.7524425Z env:
job-core	Checkout repository	2025-11-18T02:00:13.7524917Z   KAOS_CODE: 19451273876
job-core	Checkout repository	2025-11-18T02:00:13.7551934Z   KAOS_EVENT_NAME: schedule
job-core	Checkout repository	2025-11-18T02:00:13.7554562Z   KAOS_ACTION: 
job-core	Checkout repository	2025-11-18T02:00:13.7556840Z   KAOS_REF: refs/heads/main
job-core	Checkout repository	2025-11-18T02:00:13.7557681Z   KAOS_MODULE: [Ka0S] Workflow Statistics Summary
job-core	Checkout repository	2025-11-18T02:00:13.7558520Z   KAOS_PATH_RESUME: audit/workflows/
job-core	Checkout repository	2025-11-18T02:00:13.7559184Z   KAOS_ACTOR: santakloud
job-core	Checkout repository	2025-11-18T02:00:13.7559771Z   GH_REPO: Ka0s-Klaus/ka0s
job-core	Checkout repository	2025-11-18T02:00:13.7560335Z ##[endgroup]
job-core	Checkout repository	2025-11-18T02:00:13.9111263Z Syncing repository: Ka0s-Klaus/ka0s
job-core	Checkout repository	2025-11-18T02:00:13.9113962Z ##[group]Getting Git version info
job-core	Checkout repository	2025-11-18T02:00:13.9114879Z Working directory is '/home/runner/_work/ka0s/ka0s'
job-core	Checkout repository	2025-11-18T02:00:13.9116159Z [command]/usr/bin/git version
job-core	Checkout repository	2025-11-18T02:00:13.9117076Z git version 2.51.0
job-core	Checkout repository	2025-11-18T02:00:13.9145788Z ##[endgroup]
job-core	Checkout repository	2025-11-18T02:00:13.9168680Z Temporarily overriding HOME='/home/runner/_work/_temp/5e7fb023-7684-45c9-a61e-03366587af55' before making global git config changes
job-core	Checkout repository	2025-11-18T02:00:13.9172231Z Adding repository directory to the temporary git global config as a safe directory
job-core	Checkout repository	2025-11-18T02:00:13.9179738Z [command]/usr/bin/git config --global --add safe.directory /home/runner/_work/ka0s/ka0s
job-core	Checkout repository	2025-11-18T02:00:13.9236375Z [command]/usr/bin/git config --local --get remote.origin.url
job-core	Checkout repository	2025-11-18T02:00:13.9277226Z https://github.com/Ka0s-Klaus/ka0s
job-core	Checkout repository	2025-11-18T02:00:13.9305992Z ##[group]Removing previously created refs, to avoid conflicts
job-core	Checkout repository	2025-11-18T02:00:13.9314514Z [command]/usr/bin/git rev-parse --symbolic-full-name --verify --quiet HEAD
job-core	Checkout repository	2025-11-18T02:00:13.9350547Z refs/heads/main
job-core	Checkout repository	2025-11-18T02:00:13.9367592Z [command]/usr/bin/git checkout --detach
job-core	Checkout repository	2025-11-18T02:00:15.4635744Z HEAD is now at 5de62bbd8 [Ka0S] Inspector uploading resume execution files to the repository...
job-core	Checkout repository	2025-11-18T02:00:15.4703522Z [command]/usr/bin/git branch --delete --force main
job-core	Checkout repository	2025-11-18T02:00:15.4744155Z Deleted branch main (was 5de62bbd8).
job-core	Checkout repository	2025-11-18T02:00:15.4855545Z ##[endgroup]
job-core	Checkout repository	2025-11-18T02:00:15.4857503Z [command]/usr/bin/git submodule status
job-core	Checkout repository	2025-11-18T02:00:15.5191094Z ##[group]Cleaning the repository
job-core	Checkout repository	2025-11-18T02:00:15.5196820Z [command]/usr/bin/git clean -ffdx
job-core	Checkout repository	2025-11-18T02:00:15.5291614Z [command]/usr/bin/git reset --hard HEAD
job-core	Checkout repository	2025-11-18T02:00:15.5395879Z HEAD is now at 5de62bbd8 [Ka0S] Inspector uploading resume execution files to the repository...
job-core	Checkout repository	2025-11-18T02:00:15.5407391Z ##[endgroup]
job-core	Checkout repository	2025-11-18T02:00:15.5410965Z ##[group]Disabling automatic garbage collection
job-core	Checkout repository	2025-11-18T02:00:15.5414749Z [command]/usr/bin/git config --local gc.auto 0
job-core	Checkout repository	2025-11-18T02:00:15.5528749Z ##[endgroup]
job-core	Checkout repository	2025-11-18T02:00:15.5532403Z ##[group]Setting up auth
job-core	Checkout repository	2025-11-18T02:00:15.5535915Z [command]/usr/bin/git config --local --name-only --get-regexp core\.sshCommand
job-core	Checkout repository	2025-11-18T02:00:15.5548849Z [command]/usr/bin/git submodule foreach --recursive sh -c "git config --local --name-only --get-regexp 'core\.sshCommand' && git config --local --unset-all 'core.sshCommand' || :"
job-core	Checkout repository	2025-11-18T02:00:15.5883363Z [command]/usr/bin/git config --local --name-only --get-regexp http\.https\:\/\/github\.com\/\.extraheader
job-core	Checkout repository	2025-11-18T02:00:15.5936209Z [command]/usr/bin/git submodule foreach --recursive sh -c "git config --local --name-only --get-regexp 'http\.https\:\/\/github\.com\/\.extraheader' && git config --local --unset-all 'http.https://github.com/.extraheader' || :"
job-core	Checkout repository	2025-11-18T02:00:15.6278915Z [command]/usr/bin/git config --local http.https://github.com/.extraheader AUTHORIZATION: basic ***
job-core	Checkout repository	2025-11-18T02:00:15.6327140Z ##[endgroup]
job-core	Checkout repository	2025-11-18T02:00:15.6329635Z ##[group]Fetching the repository
job-core	Checkout repository	2025-11-18T02:00:15.6339154Z [command]/usr/bin/git -c protocol.version=2 fetch --prune --no-recurse-submodules origin +refs/heads/*:refs/remotes/origin/* +refs/tags/*:refs/tags/*
job-core	Checkout repository	2025-11-18T02:00:16.1904822Z [command]/usr/bin/git branch --list --remote origin/main
job-core	Checkout repository	2025-11-18T02:00:16.1984315Z   origin/main
job-core	Checkout repository	2025-11-18T02:00:16.1998410Z [command]/usr/bin/git rev-parse refs/remotes/origin/main
job-core	Checkout repository	2025-11-18T02:00:16.2029340Z 5de62bbd8623aaf24ae8ef600bd30f3c1ef6962a
job-core	Checkout repository	2025-11-18T02:00:16.2047610Z ##[endgroup]
job-core	Checkout repository	2025-11-18T02:00:16.2051094Z ##[group]Determining the checkout info
job-core	Checkout repository	2025-11-18T02:00:16.2054805Z ##[endgroup]
job-core	Checkout repository	2025-11-18T02:00:16.2057168Z [command]/usr/bin/git sparse-checkout disable
job-core	Checkout repository	2025-11-18T02:00:16.2132140Z [command]/usr/bin/git config --local --unset-all extensions.worktreeConfig
job-core	Checkout repository	2025-11-18T02:00:16.2174366Z ##[group]Checking out the ref
job-core	Checkout repository	2025-11-18T02:00:16.2180679Z [command]/usr/bin/git checkout --progress --force -B main refs/remotes/origin/main
job-core	Checkout repository	2025-11-18T02:00:16.2286433Z Switched to a new branch 'main'
job-core	Checkout repository	2025-11-18T02:00:16.2290874Z branch 'main' set up to track 'origin/main'.
job-core	Checkout repository	2025-11-18T02:00:16.2302935Z ##[endgroup]
job-core	Checkout repository	2025-11-18T02:00:16.2358184Z [command]/usr/bin/git log -1 --format=%H
job-core	Checkout repository	2025-11-18T02:00:16.2394889Z 5de62bbd8623aaf24ae8ef600bd30f3c1ef6962a
job-core	Commit and push changes	﻿2025-11-18T02:00:16.2758816Z ##[group]Run git config --global user.name "***"
job-core	Commit and push changes	2025-11-18T02:00:16.2760911Z [36;1mgit config --global user.name "***"[0m
job-core	Commit and push changes	2025-11-18T02:00:16.2762805Z [36;1mgit config --global user.email "***"[0m
job-core	Commit and push changes	2025-11-18T02:00:16.2764448Z [36;1mgit pull --rebase[0m
job-core	Commit and push changes	2025-11-18T02:00:16.2788645Z shell: /usr/bin/bash -e {0}
job-core	Commit and push changes	2025-11-18T02:00:16.2789972Z env:
job-core	Commit and push changes	2025-11-18T02:00:16.2790934Z   KAOS_CODE: 19451273876
job-core	Commit and push changes	2025-11-18T02:00:16.2792123Z   KAOS_EVENT_NAME: schedule
job-core	Commit and push changes	2025-11-18T02:00:16.2793322Z   KAOS_ACTION: 
job-core	Commit and push changes	2025-11-18T02:00:16.2794422Z   KAOS_REF: refs/heads/main
job-core	Commit and push changes	2025-11-18T02:00:16.2795847Z   KAOS_MODULE: [Ka0S] Workflow Statistics Summary
job-core	Commit and push changes	2025-11-18T02:00:16.2797908Z   KAOS_PATH_RESUME: audit/workflows/
job-core	Commit and push changes	2025-11-18T02:00:16.2799299Z   KAOS_ACTOR: santakloud
job-core	Commit and push changes	2025-11-18T02:00:16.2800512Z   GH_REPO: Ka0s-Klaus/ka0s
job-core	Commit and push changes	2025-11-18T02:00:16.2801695Z ##[endgroup]
job-core	Commit and push changes	2025-11-18T02:00:16.8385982Z Already up to date.
job-core	Post Checkout repository	﻿2025-11-18T02:00:16.8827433Z Post job cleanup.
job-core	Post Checkout repository	2025-11-18T02:00:17.0207925Z [command]/usr/bin/git version
job-core	Post Checkout repository	2025-11-18T02:00:17.0256323Z git version 2.51.0
job-core	Post Checkout repository	2025-11-18T02:00:17.0318899Z Copying '/home/runner/.gitconfig' to '/home/runner/_work/_temp/e4312df7-5fbb-46d9-bf06-740d056097c1/.gitconfig'
job-core	Post Checkout repository	2025-11-18T02:00:17.0338757Z Temporarily overriding HOME='/home/runner/_work/_temp/e4312df7-5fbb-46d9-bf06-740d056097c1' before making global git config changes
job-core	Post Checkout repository	2025-11-18T02:00:17.0346224Z Adding repository directory to the temporary git global config as a safe directory
job-core	Post Checkout repository	2025-11-18T02:00:17.0353789Z [command]/usr/bin/git config --global --add safe.directory /home/runner/_work/ka0s/ka0s
job-core	Post Checkout repository	2025-11-18T02:00:17.0399590Z [command]/usr/bin/git config --local --name-only --get-regexp core\.sshCommand
job-core	Post Checkout repository	2025-11-18T02:00:17.0465694Z [command]/usr/bin/git submodule foreach --recursive sh -c "git config --local --name-only --get-regexp 'core\.sshCommand' && git config --local --unset-all 'core.sshCommand' || :"
job-core	Post Checkout repository	2025-11-18T02:00:17.0807628Z [command]/usr/bin/git config --local --name-only --get-regexp http\.https\:\/\/github\.com\/\.extraheader
job-core	Post Checkout repository	2025-11-18T02:00:17.0836624Z http.https://github.com/.extraheader
job-core	Post Checkout repository	2025-11-18T02:00:17.0854861Z [command]/usr/bin/git config --local --unset-all http.https://github.com/.extraheader
job-core	Post Checkout repository	2025-11-18T02:00:17.0903391Z [command]/usr/bin/git submodule foreach --recursive sh -c "git config --local --name-only --get-regexp 'http\.https\:\/\/github\.com\/\.extraheader' && git config --local --unset-all 'http.https://github.com/.extraheader' || :"
job-core	Complete job	﻿2025-11-18T02:00:17.1448859Z Cleaning up orphan processes
job-stats	Set up job	﻿2025-11-18T02:00:23.4026624Z Current runner version: '2.329.0'
job-stats	Set up job	2025-11-18T02:00:23.4039883Z Runner name: '635a1f2f02fb'
job-stats	Set up job	2025-11-18T02:00:23.4040989Z Runner group name: 'swarm-runners'
job-stats	Set up job	2025-11-18T02:00:23.4042322Z Machine name: '635a1f2f02fb'
job-stats	Set up job	2025-11-18T02:00:23.4049455Z ##[group]GITHUB_TOKEN Permissions
job-stats	Set up job	2025-11-18T02:00:23.4053011Z Actions: write
job-stats	Set up job	2025-11-18T02:00:23.4053856Z Contents: write
job-stats	Set up job	2025-11-18T02:00:23.4128936Z Issues: write
job-stats	Set up job	2025-11-18T02:00:23.4130038Z Metadata: read
job-stats	Set up job	2025-11-18T02:00:23.4130678Z ##[endgroup]
job-stats	Set up job	2025-11-18T02:00:23.4133855Z Secret source: Actions
job-stats	Set up job	2025-11-18T02:00:23.4134622Z Prepare workflow directory
job-stats	Set up job	2025-11-18T02:00:23.4966465Z Prepare all required actions
job-stats	Set up job	2025-11-18T02:00:23.5021004Z Getting action download info
job-stats	Set up job	2025-11-18T02:00:24.0488258Z Download action repository 'actions/checkout@v4' (SHA:08eba0b27e820071cde6df949e0beb9ba4906955)
job-stats	Set up job	2025-11-18T02:00:24.9553290Z Complete job name: job-stats
job-stats	Checkout	﻿2025-11-18T02:00:25.0695468Z ##[group]Run actions/checkout@v4
job-stats	Checkout	2025-11-18T02:00:25.0697350Z with:
job-stats	Checkout	2025-11-18T02:00:25.0698067Z   fetch-depth: 0
job-stats	Checkout	2025-11-18T02:00:25.0699020Z   token: ***
job-stats	Checkout	2025-11-18T02:00:25.0699644Z   repository: Ka0s-Klaus/ka0s
job-stats	Checkout	2025-11-18T02:00:25.0700372Z   ssh-strict: true
job-stats	Checkout	2025-11-18T02:00:25.0700988Z   ssh-user: git
job-stats	Checkout	2025-11-18T02:00:25.0701612Z   persist-credentials: true
job-stats	Checkout	2025-11-18T02:00:25.0702303Z   clean: true
job-stats	Checkout	2025-11-18T02:00:25.0702933Z   sparse-checkout-cone-mode: true
job-stats	Checkout	2025-11-18T02:00:25.0703685Z   fetch-tags: false
job-stats	Checkout	2025-11-18T02:00:25.0704318Z   show-progress: true
job-stats	Checkout	2025-11-18T02:00:25.0704971Z   lfs: false
job-stats	Checkout	2025-11-18T02:00:25.0705554Z   submodules: false
job-stats	Checkout	2025-11-18T02:00:25.0706227Z   set-safe-directory: true
job-stats	Checkout	2025-11-18T02:00:25.0707663Z env:
job-stats	Checkout	2025-11-18T02:00:25.0708279Z   KAOS_CODE: 19451273876
job-stats	Checkout	2025-11-18T02:00:25.0708972Z   KAOS_EVENT_NAME: schedule
job-stats	Checkout	2025-11-18T02:00:25.0709647Z   KAOS_ACTION: 
job-stats	Checkout	2025-11-18T02:00:25.0710263Z   KAOS_REF: refs/heads/main
job-stats	Checkout	2025-11-18T02:00:25.0711043Z   KAOS_MODULE: [Ka0S] Workflow Statistics Summary
job-stats	Checkout	2025-11-18T02:00:25.0711977Z   KAOS_PATH_RESUME: audit/workflows/
job-stats	Checkout	2025-11-18T02:00:25.0712760Z   KAOS_ACTOR: santakloud
job-stats	Checkout	2025-11-18T02:00:25.0713445Z   GH_REPO: Ka0s-Klaus/ka0s
job-stats	Checkout	2025-11-18T02:00:25.0714344Z   GH_TOKEN: ***
job-stats	Checkout	2025-11-18T02:00:25.0714949Z ##[endgroup]
job-stats	Checkout	2025-11-18T02:00:25.2304378Z Syncing repository: Ka0s-Klaus/ka0s
job-stats	Checkout	2025-11-18T02:00:25.2307381Z ##[group]Getting Git version info
job-stats	Checkout	2025-11-18T02:00:25.2308486Z Working directory is '/home/runner/_work/ka0s/ka0s'
job-stats	Checkout	2025-11-18T02:00:25.2310022Z [command]/usr/bin/git version
job-stats	Checkout	2025-11-18T02:00:25.2310827Z git version 2.51.0
job-stats	Checkout	2025-11-18T02:00:25.2333387Z ##[endgroup]
job-stats	Checkout	2025-11-18T02:00:25.2349014Z Copying '/home/runner/.gitconfig' to '/home/runner/_work/_temp/abb1cf8a-5d49-418c-8cdd-30c556dbe932/.gitconfig'
job-stats	Checkout	2025-11-18T02:00:25.2367227Z Temporarily overriding HOME='/home/runner/_work/_temp/abb1cf8a-5d49-418c-8cdd-30c556dbe932' before making global git config changes
job-stats	Checkout	2025-11-18T02:00:25.2369517Z Adding repository directory to the temporary git global config as a safe directory
job-stats	Checkout	2025-11-18T02:00:25.2372380Z [command]/usr/bin/git config --global --add safe.directory /home/runner/_work/ka0s/ka0s
job-stats	Checkout	2025-11-18T02:00:25.2429845Z [command]/usr/bin/git config --local --get remote.origin.url
job-stats	Checkout	2025-11-18T02:00:25.2459455Z https://github.com/Ka0s-Klaus/ka0s
job-stats	Checkout	2025-11-18T02:00:25.2488311Z ##[group]Removing previously created refs, to avoid conflicts
job-stats	Checkout	2025-11-18T02:00:25.2495227Z [command]/usr/bin/git rev-parse --symbolic-full-name --verify --quiet HEAD
job-stats	Checkout	2025-11-18T02:00:25.2527323Z refs/heads/main
job-stats	Checkout	2025-11-18T02:00:25.2544850Z [command]/usr/bin/git checkout --detach
job-stats	Checkout	2025-11-18T02:00:25.2647046Z HEAD is now at 5de62bbd8 [Ka0S] Inspector uploading resume execution files to the repository...
job-stats	Checkout	2025-11-18T02:00:25.2719856Z [command]/usr/bin/git branch --delete --force main
job-stats	Checkout	2025-11-18T02:00:25.2760711Z Deleted branch main (was 5de62bbd8).
job-stats	Checkout	2025-11-18T02:00:25.2876238Z ##[endgroup]
job-stats	Checkout	2025-11-18T02:00:25.2877986Z [command]/usr/bin/git submodule status
job-stats	Checkout	2025-11-18T02:00:25.3218068Z ##[group]Cleaning the repository
job-stats	Checkout	2025-11-18T02:00:25.3224565Z [command]/usr/bin/git clean -ffdx
job-stats	Checkout	2025-11-18T02:00:25.3309660Z [command]/usr/bin/git reset --hard HEAD
job-stats	Checkout	2025-11-18T02:00:25.3415563Z HEAD is now at 5de62bbd8 [Ka0S] Inspector uploading resume execution files to the repository...
job-stats	Checkout	2025-11-18T02:00:25.3423346Z ##[endgroup]
job-stats	Checkout	2025-11-18T02:00:25.3427297Z ##[group]Disabling automatic garbage collection
job-stats	Checkout	2025-11-18T02:00:25.3428463Z [command]/usr/bin/git config --local gc.auto 0
job-stats	Checkout	2025-11-18T02:00:25.3469237Z ##[endgroup]
job-stats	Checkout	2025-11-18T02:00:25.3471437Z ##[group]Setting up auth
job-stats	Checkout	2025-11-18T02:00:25.3478434Z [command]/usr/bin/git config --local --name-only --get-regexp core\.sshCommand
job-stats	Checkout	2025-11-18T02:00:25.3533860Z [command]/usr/bin/git submodule foreach --recursive sh -c "git config --local --name-only --get-regexp 'core\.sshCommand' && git config --local --unset-all 'core.sshCommand' || :"
job-stats	Checkout	2025-11-18T02:00:25.3902181Z [command]/usr/bin/git config --local --name-only --get-regexp http\.https\:\/\/github\.com\/\.extraheader
job-stats	Checkout	2025-11-18T02:00:25.3943174Z [command]/usr/bin/git submodule foreach --recursive sh -c "git config --local --name-only --get-regexp 'http\.https\:\/\/github\.com\/\.extraheader' && git config --local --unset-all 'http.https://github.com/.extraheader' || :"
job-stats	Checkout	2025-11-18T02:00:25.4289811Z [command]/usr/bin/git config --local http.https://github.com/.extraheader AUTHORIZATION: basic ***
job-stats	Checkout	2025-11-18T02:00:25.4348765Z ##[endgroup]
job-stats	Checkout	2025-11-18T02:00:25.4350034Z ##[group]Fetching the repository
job-stats	Checkout	2025-11-18T02:00:25.4360167Z [command]/usr/bin/git -c protocol.version=2 fetch --prune --no-recurse-submodules origin +refs/heads/*:refs/remotes/origin/* +refs/tags/*:refs/tags/*
job-stats	Checkout	2025-11-18T02:00:25.9613918Z [command]/usr/bin/git branch --list --remote origin/main
job-stats	Checkout	2025-11-18T02:00:25.9692276Z   origin/main
job-stats	Checkout	2025-11-18T02:00:25.9705084Z [command]/usr/bin/git rev-parse refs/remotes/origin/main
job-stats	Checkout	2025-11-18T02:00:25.9736984Z 5de62bbd8623aaf24ae8ef600bd30f3c1ef6962a
job-stats	Checkout	2025-11-18T02:00:25.9745307Z ##[endgroup]
job-stats	Checkout	2025-11-18T02:00:25.9748826Z ##[group]Determining the checkout info
job-stats	Checkout	2025-11-18T02:00:25.9752442Z ##[endgroup]
job-stats	Checkout	2025-11-18T02:00:25.9755693Z [command]/usr/bin/git sparse-checkout disable
job-stats	Checkout	2025-11-18T02:00:25.9841538Z [command]/usr/bin/git config --local --unset-all extensions.worktreeConfig
job-stats	Checkout	2025-11-18T02:00:25.9898223Z ##[group]Checking out the ref
job-stats	Checkout	2025-11-18T02:00:25.9901715Z [command]/usr/bin/git checkout --progress --force -B main refs/remotes/origin/main
job-stats	Checkout	2025-11-18T02:00:26.0009765Z Switched to a new branch 'main'
job-stats	Checkout	2025-11-18T02:00:26.0014139Z branch 'main' set up to track 'origin/main'.
job-stats	Checkout	2025-11-18T02:00:26.0076146Z ##[endgroup]
job-stats	Checkout	2025-11-18T02:00:26.0082355Z [command]/usr/bin/git log -1 --format=%H
job-stats	Checkout	2025-11-18T02:00:26.0117832Z 5de62bbd8623aaf24ae8ef600bd30f3c1ef6962a
job-stats	Generate names	﻿2025-11-18T02:00:26.0647973Z ##[group]Run git config --global user.name "***"
job-stats	Generate names	2025-11-18T02:00:26.0651699Z [36;1mgit config --global user.name "***"[0m
job-stats	Generate names	2025-11-18T02:00:26.0655007Z [36;1mgit config --global user.email "***"[0m
job-stats	Generate names	2025-11-18T02:00:26.0658099Z [36;1mgit pull --rebase[0m
job-stats	Generate names	2025-11-18T02:00:26.0660751Z [36;1m[0m
job-stats	Generate names	2025-11-18T02:00:26.0663296Z [36;1m# Created files of actually workflows[0m
job-stats	Generate names	2025-11-18T02:00:26.0667090Z [36;1mecho "Created files of actually workflows"[0m
job-stats	Generate names	2025-11-18T02:00:26.0670751Z [36;1mgh workflow list -a --json id,name,path,state | \[0m
job-stats	Generate names	2025-11-18T02:00:26.0675139Z [36;1m  tee audit/workflows/actually-workflows.json | \[0m
job-stats	Generate names	2025-11-18T02:00:26.0680110Z [36;1m  jq -r '["id", "name", "path", "state"],(.[]? // [] | [.id,.name,.path,.state]) | @csv' > audit/workflows/actually-workflows.csv[0m
job-stats	Generate names	2025-11-18T02:00:26.0714126Z shell: /usr/bin/bash -e {0}
job-stats	Generate names	2025-11-18T02:00:26.0717138Z env:
job-stats	Generate names	2025-11-18T02:00:26.0718871Z   KAOS_CODE: 19451273876
job-stats	Generate names	2025-11-18T02:00:26.0720967Z   KAOS_EVENT_NAME: schedule
job-stats	Generate names	2025-11-18T02:00:26.0723264Z   KAOS_ACTION: 
job-stats	Generate names	2025-11-18T02:00:26.0725138Z   KAOS_REF: refs/heads/main
job-stats	Generate names	2025-11-18T02:00:26.0727673Z   KAOS_MODULE: [Ka0S] Workflow Statistics Summary
job-stats	Generate names	2025-11-18T02:00:26.0730473Z   KAOS_PATH_RESUME: audit/workflows/
job-stats	Generate names	2025-11-18T02:00:26.0732970Z   KAOS_ACTOR: santakloud
job-stats	Generate names	2025-11-18T02:00:26.0735273Z   GH_REPO: Ka0s-Klaus/ka0s
job-stats	Generate names	2025-11-18T02:00:26.0739185Z   GH_TOKEN: ***
job-stats	Generate names	2025-11-18T02:00:26.0740981Z ##[endgroup]
job-stats	Generate names	2025-11-18T02:00:26.6245018Z Already up to date.
job-stats	Generate names	2025-11-18T02:00:26.6253851Z Created files of actually workflows
job-stats	Generate names	2025-11-18T02:00:26.6506988Z unknown flag: --json
job-stats	Generate names	2025-11-18T02:00:26.6508623Z 
job-stats	Generate names	2025-11-18T02:00:26.6509527Z Usage:  gh workflow list [flags]
job-stats	Generate names	2025-11-18T02:00:26.6511511Z 
job-stats	Generate names	2025-11-18T02:00:26.6513256Z Flags:
job-stats	Generate names	2025-11-18T02:00:26.6518214Z   -a, --all         Show all workflows, including disabled workflows
job-stats	Generate names	2025-11-18T02:00:26.6525919Z   -L, --limit int   Maximum number of workflows to fetch (default 50)
job-stats	Generate names	2025-11-18T02:00:26.6531551Z   
job-stats	Generate executed	﻿2025-11-18T02:00:26.6882238Z ##[group]Run # Inicializar archivo si no existe
job-stats	Generate executed	2025-11-18T02:00:26.6887550Z [36;1m# Inicializar archivo si no existe[0m
job-stats	Generate executed	2025-11-18T02:00:26.6896023Z [36;1m[ -f "audit/workflows/workflows-runs-19451273876.json" ] || echo '[]' > "audit/workflows/workflows-runs-19451273876.json"[0m
job-stats	Generate executed	2025-11-18T02:00:26.6899348Z [36;1m[0m
job-stats	Generate executed	2025-11-18T02:00:26.6900723Z [36;1m# Mostramos el fichero del que tenemos que partir[0m
job-stats	Generate executed	2025-11-18T02:00:26.6903361Z [36;1mjq -r '.[].id' audit/workflows/actually-workflows.json | while read -r workflow_id; do[0m
job-stats	Generate executed	2025-11-18T02:00:26.6905827Z [36;1m  # 1. Obtener datos paginados[0m
job-stats	Generate executed	2025-11-18T02:00:26.6907508Z [36;1m  TEMP_RAW=$(mktemp)[0m
job-stats	Generate executed	2025-11-18T02:00:26.6908797Z [36;1m  gh api --paginate \[0m
job-stats	Generate executed	2025-11-18T02:00:26.6910290Z [36;1m    -H "Accept: application/vnd.github+json" \[0m
job-stats	Generate executed	2025-11-18T02:00:26.6912838Z [36;1m    -H "Authorization: ***" \[0m
job-stats	Generate executed	2025-11-18T02:00:26.6915004Z [36;1m    "/repos/Ka0s-Klaus/ka0s/actions/workflows/$workflow_id/runs?per_page=100" \[0m
job-stats	Generate executed	2025-11-18T02:00:26.6917740Z [36;1m    --jq '.workflow_runs' > "$TEMP_RAW"[0m
job-stats	Generate executed	2025-11-18T02:00:26.6919177Z [36;1m[0m
job-stats	Generate executed	2025-11-18T02:00:26.6920384Z [36;1m  # 2. Procesar con todos los campos requeridos[0m
job-stats	Generate executed	2025-11-18T02:00:26.6922010Z [36;1m  if [ -s "$TEMP_RAW" ]; then[0m
job-stats	Generate executed	2025-11-18T02:00:26.6923376Z [36;1m    jq -c 'map({[0m
job-stats	Generate executed	2025-11-18T02:00:26.6924559Z [36;1m      id,[0m
job-stats	Generate executed	2025-11-18T02:00:26.6925606Z [36;1m      name,[0m
job-stats	Generate executed	2025-11-18T02:00:26.6927044Z [36;1m      head_branch,[0m
job-stats	Generate executed	2025-11-18T02:00:26.6928415Z [36;1m      head_sha,[0m
job-stats	Generate executed	2025-11-18T02:00:26.6929578Z [36;1m      run_number,[0m
job-stats	Generate executed	2025-11-18T02:00:26.6930768Z [36;1m      event,[0m
job-stats	Generate executed	2025-11-18T02:00:26.6931854Z [36;1m      status,[0m
job-stats	Generate executed	2025-11-18T02:00:26.6933158Z [36;1m      conclusion: (.conclusion // "unknown"),[0m
job-stats	Generate executed	2025-11-18T02:00:26.6934681Z [36;1m      workflow_id,[0m
job-stats	Generate executed	2025-11-18T02:00:26.6936348Z [36;1m      url,[0m
job-stats	Generate executed	2025-11-18T02:00:26.6938204Z [36;1m      created_at: (.created_at | fromdateiso8601 // 0),[0m
job-stats	Generate executed	2025-11-18T02:00:26.6940146Z [36;1m      updated_at: (.updated_at | fromdateiso8601 // 0),[0m
job-stats	Generate executed	2025-11-18T02:00:26.6942142Z [36;1m      run_started_at: (.run_started_at | fromdateiso8601 // 0)[0m
job-stats	Generate executed	2025-11-18T02:00:26.6944135Z [36;1m    }) | select(. != null)' "$TEMP_RAW" > processed.json[0m
job-stats	Generate executed	2025-11-18T02:00:26.6945698Z [36;1m[0m
job-stats	Generate executed	2025-11-18T02:00:26.6947172Z [36;1m    # 3. Combinación segura[0m
job-stats	Generate executed	2025-11-18T02:00:26.6948792Z [36;1m    if [ -s processed.json ]; then[0m
job-stats	Generate executed	2025-11-18T02:00:26.6950494Z [36;1m      jq -s 'add | unique_by(.id) | sort_by(-.created_at)' \[0m
job-stats	Generate executed	2025-11-18T02:00:26.6952454Z [36;1m        audit/workflows/workflows-runs-19451273876.json \[0m
job-stats	Generate executed	2025-11-18T02:00:26.6954242Z [36;1m        processed.json > merged.json[0m
job-stats	Generate executed	2025-11-18T02:00:26.6955653Z [36;1m      [0m
job-stats	Generate executed	2025-11-18T02:00:26.6957560Z [36;1m      mv merged.json audit/workflows/workflows-runs-19451273876.json[0m
job-stats	Generate executed	2025-11-18T02:00:26.6959406Z [36;1m    fi[0m
job-stats	Generate executed	2025-11-18T02:00:26.6960401Z [36;1m  fi[0m
job-stats	Generate executed	2025-11-18T02:00:26.6961514Z [36;1m  rm -f "$TEMP_RAW" processed.json[0m
job-stats	Generate executed	2025-11-18T02:00:26.6962959Z [36;1mdone[0m
job-stats	Generate executed	2025-11-18T02:00:26.6963937Z [36;1m[0m
job-stats	Generate executed	2025-11-18T02:00:26.6964936Z [36;1m# 4. Generar output final[0m
job-stats	Generate executed	2025-11-18T02:00:26.6968215Z [36;1mjq 'sort_by(-.created_at)' audit/workflows/workflows-runs-19451273876.json > audit/workflows/actually-workflows-runs.json[0m
job-stats	Generate executed	2025-11-18T02:00:26.6971445Z [36;1mjq -r '[0m
job-stats	Generate executed	2025-11-18T02:00:26.6974059Z [36;1m  (["id", "name", "head_branch", "head_sha", "run_number", "event", "status", "conclusion", "workflow_id", "url", "created_at", "updated_at", "run_started_at"] | @csv),[0m
job-stats	Generate executed	2025-11-18T02:00:26.6977198Z [36;1m  (.[] | [[0m
job-stats	Generate executed	2025-11-18T02:00:26.6978384Z [36;1m    .id,[0m
job-stats	Generate executed	2025-11-18T02:00:26.6979403Z [36;1m    .name,[0m
job-stats	Generate executed	2025-11-18T02:00:26.6980480Z [36;1m    .head_branch,[0m
job-stats	Generate executed	2025-11-18T02:00:26.6981662Z [36;1m    .head_sha,[0m
job-stats	Generate executed	2025-11-18T02:00:26.6982804Z [36;1m    .run_number,[0m
job-stats	Generate executed	2025-11-18T02:00:26.6983943Z [36;1m    .event,[0m
job-stats	Generate executed	2025-11-18T02:00:26.6984997Z [36;1m    .status,[0m
job-stats	Generate executed	2025-11-18T02:00:26.6986380Z [36;1m    .conclusion,[0m
job-stats	Generate executed	2025-11-18T02:00:26.6987977Z [36;1m    .workflow_id,[0m
job-stats	Generate executed	2025-11-18T02:00:26.6989115Z [36;1m    .url,[0m
job-stats	Generate executed	2025-11-18T02:00:26.6990460Z [36;1m    .created_at,[0m
job-stats	Generate executed	2025-11-18T02:00:26.6991591Z [36;1m    .updated_at,[0m
job-stats	Generate executed	2025-11-18T02:00:26.6992737Z [36;1m    .run_started_at[0m
job-stats	Generate executed	2025-11-18T02:00:26.6993909Z [36;1m  ] | @csv)[0m
job-stats	Generate executed	2025-11-18T02:00:26.6999538Z [36;1m' audit/workflows/actually-workflows-runs.json > audit/workflows/actually-workflows-runs.csv[0m
job-stats	Generate executed	2025-11-18T02:00:26.7024047Z shell: /usr/bin/bash -e {0}
job-stats	Generate executed	2025-11-18T02:00:26.7027316Z env:
job-stats	Generate executed	2025-11-18T02:00:26.7028283Z   KAOS_CODE: 19451273876
job-stats	Generate executed	2025-11-18T02:00:26.7029414Z   KAOS_EVENT_NAME: schedule
job-stats	Generate executed	2025-11-18T02:00:26.7030559Z   KAOS_ACTION: 
job-stats	Generate executed	2025-11-18T02:00:26.7031558Z   KAOS_REF: refs/heads/main
job-stats	Generate executed	2025-11-18T02:00:26.7032853Z   KAOS_MODULE: [Ka0S] Workflow Statistics Summary
job-stats	Generate executed	2025-11-18T02:00:26.7034354Z   KAOS_PATH_RESUME: audit/workflows/
job-stats	Generate executed	2025-11-18T02:00:26.7035651Z   KAOS_ACTOR: santakloud
job-stats	Generate executed	2025-11-18T02:00:26.7037092Z   GH_REPO: Ka0s-Klaus/ka0s
job-stats	Generate executed	2025-11-18T02:00:26.7038851Z   GH_TOKEN: ***
job-stats	Generate executed	2025-11-18T02:00:26.7039830Z ##[endgroup]
handle_failure	Set up job	﻿2025-11-18T02:10:26.4725687Z Current runner version: '2.328.0'
handle_failure	Set up job	2025-11-18T02:10:26.4743695Z Runner name: 'e239273815cf'
handle_failure	Set up job	2025-11-18T02:10:26.4747135Z Runner group name: 'swarm-runners'
handle_failure	Set up job	2025-11-18T02:10:26.4748462Z Machine name: 'e239273815cf'
handle_failure	Set up job	2025-11-18T02:10:26.4757675Z ##[group]GITHUB_TOKEN Permissions
handle_failure	Set up job	2025-11-18T02:10:26.4763270Z Actions: write
handle_failure	Set up job	2025-11-18T02:10:26.4765405Z Contents: write
handle_failure	Set up job	2025-11-18T02:10:26.4767546Z Issues: write
handle_failure	Set up job	2025-11-18T02:10:26.4769284Z Metadata: read
handle_failure	Set up job	2025-11-18T02:10:26.4771508Z ##[endgroup]
handle_failure	Set up job	2025-11-18T02:10:26.4777489Z Secret source: Actions
handle_failure	Set up job	2025-11-18T02:10:26.4780714Z Prepare workflow directory
handle_failure	Set up job	2025-11-18T02:10:26.6489609Z Prepare all required actions
handle_failure	Set up job	2025-11-18T02:10:26.6593651Z Getting action download info
handle_failure	Set up job	2025-11-18T02:10:27.3533991Z Download action repository 'actions/checkout@v4' (SHA:08eba0b27e820071cde6df949e0beb9ba4906955)
handle_failure	Set up job	2025-11-18T02:10:28.3050355Z Complete job name: handle_failure
handle_failure	Checkout code	﻿2025-11-18T02:10:28.4087914Z ##[group]Run actions/checkout@v4
handle_failure	Checkout code	2025-11-18T02:10:28.4090230Z with:
handle_failure	Checkout code	2025-11-18T02:10:28.4091412Z   fetch-depth: 0
handle_failure	Checkout code	2025-11-18T02:10:28.4093029Z   token: ***
handle_failure	Checkout code	2025-11-18T02:10:28.4094418Z   repository: Ka0s-Klaus/ka0s
handle_failure	Checkout code	2025-11-18T02:10:28.4095851Z   ssh-strict: true
handle_failure	Checkout code	2025-11-18T02:10:28.4097118Z   ssh-user: git
handle_failure	Checkout code	2025-11-18T02:10:28.4098265Z   persist-credentials: true
handle_failure	Checkout code	2025-11-18T02:10:28.4099817Z   clean: true
handle_failure	Checkout code	2025-11-18T02:10:28.4100974Z   sparse-checkout-cone-mode: true
handle_failure	Checkout code	2025-11-18T02:10:28.4102362Z   fetch-tags: false
handle_failure	Checkout code	2025-11-18T02:10:28.4103551Z   show-progress: true
handle_failure	Checkout code	2025-11-18T02:10:28.4104700Z   lfs: false
handle_failure	Checkout code	2025-11-18T02:10:28.4105761Z   submodules: false
handle_failure	Checkout code	2025-11-18T02:10:28.4107102Z   set-safe-directory: true
handle_failure	Checkout code	2025-11-18T02:10:28.4108962Z env:
handle_failure	Checkout code	2025-11-18T02:10:28.4110238Z   KAOS_CODE: 19451273876
handle_failure	Checkout code	2025-11-18T02:10:28.4111632Z   KAOS_EVENT_NAME: schedule
handle_failure	Checkout code	2025-11-18T02:10:28.4113053Z   KAOS_ACTION: 
handle_failure	Checkout code	2025-11-18T02:10:28.4114287Z   KAOS_REF: refs/heads/main
handle_failure	Checkout code	2025-11-18T02:10:28.4116065Z   KAOS_MODULE: [Ka0S] Workflow Statistics Summary
handle_failure	Checkout code	2025-11-18T02:10:28.4117976Z   KAOS_PATH_RESUME: audit/workflows/
handle_failure	Checkout code	2025-11-18T02:10:28.4119455Z   KAOS_ACTOR: santakloud
handle_failure	Checkout code	2025-11-18T02:10:28.4120699Z   GH_REPO: Ka0s-Klaus/ka0s
handle_failure	Checkout code	2025-11-18T02:10:28.4162960Z ##[endgroup]
handle_failure	Checkout code	2025-11-18T02:10:28.6192445Z Syncing repository: Ka0s-Klaus/ka0s
handle_failure	Checkout code	2025-11-18T02:10:28.6196682Z ##[group]Getting Git version info
handle_failure	Checkout code	2025-11-18T02:10:28.6198432Z Working directory is '/home/runner/_work/ka0s/ka0s'
handle_failure	Checkout code	2025-11-18T02:10:28.6201162Z [command]/usr/bin/git version
handle_failure	Checkout code	2025-11-18T02:10:28.6202893Z git version 2.51.0
handle_failure	Checkout code	2025-11-18T02:10:28.6233651Z ##[endgroup]
handle_failure	Checkout code	2025-11-18T02:10:28.6267564Z Temporarily overriding HOME='/home/runner/_work/_temp/574eebaf-4cce-4fac-bbe2-1af74a97b312' before making global git config changes
handle_failure	Checkout code	2025-11-18T02:10:28.6272009Z Adding repository directory to the temporary git global config as a safe directory
handle_failure	Checkout code	2025-11-18T02:10:28.6275358Z [command]/usr/bin/git config --global --add safe.directory /home/runner/_work/ka0s/ka0s
handle_failure	Checkout code	2025-11-18T02:10:28.6399916Z Deleting the contents of '/home/runner/_work/ka0s/ka0s'
handle_failure	Checkout code	2025-11-18T02:10:28.6403733Z ##[group]Initializing the repository
handle_failure	Checkout code	2025-11-18T02:10:28.6416446Z [command]/usr/bin/git init /home/runner/_work/ka0s/ka0s
handle_failure	Checkout code	2025-11-18T02:10:28.6512946Z hint: Using 'master' as the name for the initial branch. This default branch name
handle_failure	Checkout code	2025-11-18T02:10:28.6524965Z hint: is subject to change. To configure the initial branch name to use in all
handle_failure	Checkout code	2025-11-18T02:10:28.6538663Z hint: of your new repositories, which will suppress this warning, call:
handle_failure	Checkout code	2025-11-18T02:10:28.6542786Z hint:
handle_failure	Checkout code	2025-11-18T02:10:28.6544186Z hint: 	git config --global init.defaultBranch <name>
handle_failure	Checkout code	2025-11-18T02:10:28.6546000Z hint:
handle_failure	Checkout code	2025-11-18T02:10:28.6547904Z hint: Names commonly chosen instead of 'master' are 'main', 'trunk' and
handle_failure	Checkout code	2025-11-18T02:10:28.6550293Z hint: 'development'. The just-created branch can be renamed via this command:
handle_failure	Checkout code	2025-11-18T02:10:28.6552528Z hint:
handle_failure	Checkout code	2025-11-18T02:10:28.6553649Z hint: 	git branch -m <name>
handle_failure	Checkout code	2025-11-18T02:10:28.6554877Z hint:
handle_failure	Checkout code	2025-11-18T02:10:28.6556875Z hint: Disable this message with "git config set advice.defaultBranchName false"
handle_failure	Checkout code	2025-11-18T02:10:28.6560396Z Initialized empty Git repository in /home/runner/_work/ka0s/ka0s/.git/
handle_failure	Checkout code	2025-11-18T02:10:28.6584256Z [command]/usr/bin/git remote add origin https://github.com/Ka0s-Klaus/ka0s
handle_failure	Checkout code	2025-11-18T02:10:28.6662739Z ##[endgroup]
handle_failure	Checkout code	2025-11-18T02:10:28.6665313Z ##[group]Disabling automatic garbage collection
handle_failure	Checkout code	2025-11-18T02:10:28.6672092Z [command]/usr/bin/git config --local gc.auto 0
handle_failure	Checkout code	2025-11-18T02:10:28.6734396Z ##[endgroup]
handle_failure	Checkout code	2025-11-18T02:10:28.6737046Z ##[group]Setting up auth
handle_failure	Checkout code	2025-11-18T02:10:28.6751281Z [command]/usr/bin/git config --local --name-only --get-regexp core\.sshCommand
handle_failure	Checkout code	2025-11-18T02:10:28.6818624Z [command]/usr/bin/git submodule foreach --recursive sh -c "git config --local --name-only --get-regexp 'core\.sshCommand' && git config --local --unset-all 'core.sshCommand' || :"
handle_failure	Checkout code	2025-11-18T02:10:28.7334362Z [command]/usr/bin/git config --local --name-only --get-regexp http\.https\:\/\/github\.com\/\.extraheader
handle_failure	Checkout code	2025-11-18T02:10:28.7393073Z [command]/usr/bin/git submodule foreach --recursive sh -c "git config --local --name-only --get-regexp 'http\.https\:\/\/github\.com\/\.extraheader' && git config --local --unset-all 'http.https://github.com/.extraheader' || :"
handle_failure	Checkout code	2025-11-18T02:10:28.7736118Z [command]/usr/bin/git config --local http.https://github.com/.extraheader AUTHORIZATION: basic ***
handle_failure	Checkout code	2025-11-18T02:10:28.7793540Z ##[endgroup]
handle_failure	Checkout code	2025-11-18T02:10:28.7798030Z ##[group]Fetching the repository
handle_failure	Checkout code	2025-11-18T02:10:28.7812202Z [command]/usr/bin/git -c protocol.version=2 fetch --prune --no-recurse-submodules origin +refs/heads/*:refs/remotes/origin/* +refs/tags/*:refs/tags/*
handle_failure	Checkout code	2025-11-18T02:10:46.6701959Z From https://github.com/Ka0s-Klaus/ka0s
handle_failure	Checkout code	2025-11-18T02:10:46.6703607Z  * [new branch]          F1149-desarrollo-de-orchestrator -> origin/F1149-desarrollo-de-orchestrator
handle_failure	Checkout code	2025-11-18T02:10:46.6705930Z  * [new branch]          F1183-personalización-módulo-finops -> origin/F1183-personalización-módulo-finops
handle_failure	Checkout code	2025-11-18T02:10:46.6707854Z  * [new branch]          F1224-new-module-mongodb -> origin/F1224-new-module-mongodb
handle_failure	Checkout code	2025-11-18T02:10:46.6710378Z  * [new branch]          F220-web-de-resultados  -> origin/F220-web-de-resultados
handle_failure	Checkout code	2025-11-18T02:10:46.6713154Z  * [new branch]          F227-despliegue-de-kube-independiente-del-clouder -> origin/F227-despliegue-de-kube-independiente-del-clouder
handle_failure	Checkout code	2025-11-18T02:10:46.6715785Z  * [new branch]          F329-documentacion-metodologia-de-kaos -> origin/F329-documentacion-metodologia-de-kaos
handle_failure	Checkout code	2025-11-18T02:10:46.6718262Z  * [new branch]          F44-creación-módulo-versionado -> origin/F44-creación-módulo-versionado
handle_failure	Checkout code	2025-11-18T02:10:46.6840385Z  * [new branch]          H1128-módulo-de-observabilidad -> origin/H1128-módulo-de-observabilidad
handle_failure	Checkout code	2025-11-18T02:10:46.6843300Z  * [new branch]          H1139-como-instalar-arc-control -> origin/H1139-como-instalar-arc-control
handle_failure	Checkout code	2025-11-18T02:10:46.6846129Z  * [new branch]          H1149-desarrollo-de-orchestrator -> origin/H1149-desarrollo-de-orchestrator
handle_failure	Checkout code	2025-11-18T02:10:46.6849138Z  * [new branch]          H1150-desarrollo-de-secciones -> origin/H1150-desarrollo-de-secciones
handle_failure	Checkout code	2025-11-18T02:10:46.6852016Z  * [new branch]          H1151-desarrollo-de-secciones-ii -> origin/H1151-desarrollo-de-secciones-ii
handle_failure	Checkout code	2025-11-18T02:10:46.6854761Z  * [new branch]          H1152-desarrollo-inicio -> origin/H1152-desarrollo-inicio
handle_failure	Checkout code	2025-11-18T02:10:46.6858389Z  * [new branch]          H1183-personalización-módulo-finops -> origin/H1183-personalización-módulo-finops
handle_failure	Checkout code	2025-11-18T02:10:46.6861423Z  * [new branch]          H1193-ejemplo-web-documentacion -> origin/H1193-ejemplo-web-documentacion
handle_failure	Checkout code	2025-11-18T02:10:46.6863789Z  * [new branch]          H1205-web-creation      -> origin/H1205-web-creation
handle_failure	Checkout code	2025-11-18T02:10:46.6866235Z  * [new branch]          H1224-new-module-mongodb -> origin/H1224-new-module-mongodb
handle_failure	Checkout code	2025-11-18T02:10:46.6868613Z  * [new branch]          H1410-modulo-execution  -> origin/H1410-modulo-execution
handle_failure	Checkout code	2025-11-18T02:10:46.6872223Z  * [new branch]          H1514-new-swarm-deployment-stack-with-actions-runners-autoscale -> origin/H1514-new-swarm-deployment-stack-with-actions-runners-autoscale
handle_failure	Checkout code	2025-11-18T02:10:46.6878183Z  * [new branch]          H1968-modulo-personalización-del-portal-de-kaos-core -> origin/H1968-modulo-personalización-del-portal-de-kaos-core
handle_failure	Checkout code	2025-11-18T02:10:46.6881172Z  * [new branch]          H215-modulo-de-summary  -> origin/H215-modulo-de-summary
handle_failure	Checkout code	2025-11-18T02:10:46.6883277Z  * [new branch]          H220-web-de-resultados  -> origin/H220-web-de-resultados
handle_failure	Checkout code	2025-11-18T02:10:46.6886279Z  * [new branch]          H227-despliegue-de-kube-independiente-del-clouder -> origin/H227-despliegue-de-kube-independiente-del-clouder
handle_failure	Checkout code	2025-11-18T02:10:46.6889898Z  * [new branch]          H306-ficheros-de-estadisticas -> origin/H306-ficheros-de-estadisticas
handle_failure	Checkout code	2025-11-18T02:10:46.6892944Z  * [new branch]          H328-documentacion-modulo-principal-de-kaos -> origin/H328-documentacion-modulo-principal-de-kaos
handle_failure	Checkout code	2025-11-18T02:10:46.6896241Z  * [new branch]          H329-documentacion-metodologia-de-kaos -> origin/H329-documentacion-metodologia-de-kaos
handle_failure	Checkout code	2025-11-18T02:10:46.6900437Z  * [new branch]          H338-relanzador-de-jobs-en-caso-de-pattern -> origin/H338-relanzador-de-jobs-en-caso-de-pattern
handle_failure	Checkout code	2025-11-18T02:10:46.6903625Z  * [new branch]          H38-documentacion-basica-del-proyecto -> origin/H38-documentacion-basica-del-proyecto
handle_failure	Checkout code	2025-11-18T02:10:46.6907269Z  * [new branch]          H44-creación-módulo-versionado -> origin/H44-creación-módulo-versionado
handle_failure	Checkout code	2025-11-18T02:10:46.6909979Z  * [new branch]          RN1149-desarrollo-de-orchestrator -> origin/RN1149-desarrollo-de-orchestrator
handle_failure	Checkout code	2025-11-18T02:10:46.6913246Z  * [new branch]          RN1183-personalización-módulo-finops -> origin/RN1183-personalización-módulo-finops
handle_failure	Checkout code	2025-11-18T02:10:46.6917597Z  * [new branch]          RN1282-ka0s-error-detected-in-ka0s-workflow-statistics-summary -> origin/RN1282-ka0s-error-detected-in-ka0s-workflow-statistics-summary
handle_failure	Checkout code	2025-11-18T02:10:46.6921233Z  * [new branch]          RN220-web-de-resultados -> origin/RN220-web-de-resultados
handle_failure	Checkout code	2025-11-18T02:10:46.6924355Z  * [new branch]          RN227-despliegue-de-kube-independiente-del-clouder -> origin/RN227-despliegue-de-kube-independiente-del-clouder
handle_failure	Checkout code	2025-11-18T02:10:46.6929274Z  * [new branch]          RN329-documentacion-metodologia-de-kaos -> origin/RN329-documentacion-metodologia-de-kaos
handle_failure	Checkout code	2025-11-18T02:10:46.6931755Z  * [new branch]          main                    -> origin/main
handle_failure	Checkout code	2025-11-18T02:10:46.6933348Z  * [new tag]             0.0.0                   -> 0.0.0
handle_failure	Checkout code	2025-11-18T02:10:46.6934760Z  * [new tag]             0.0.1                   -> 0.0.1
handle_failure	Checkout code	2025-11-18T02:10:46.6936261Z  * [new tag]             0.0.10                  -> 0.0.10
handle_failure	Checkout code	2025-11-18T02:10:46.6938157Z  * [new tag]             0.0.100                 -> 0.0.100
handle_failure	Checkout code	2025-11-18T02:10:46.6939727Z  * [new tag]             0.0.101                 -> 0.0.101
handle_failure	Checkout code	2025-11-18T02:10:46.6941196Z  * [new tag]             0.0.102                 -> 0.0.102
handle_failure	Checkout code	2025-11-18T02:10:46.6942781Z  * [new tag]             0.0.103                 -> 0.0.103
handle_failure	Checkout code	2025-11-18T02:10:46.6944750Z  * [new tag]             0.0.104                 -> 0.0.104
handle_failure	Checkout code	2025-11-18T02:10:46.6946285Z  * [new tag]             0.0.105                 -> 0.0.105
handle_failure	Checkout code	2025-11-18T02:10:46.6948188Z  * [new tag]             0.0.106                 -> 0.0.106
handle_failure	Checkout code	2025-11-18T02:10:46.6950127Z  * [new tag]             0.0.107                 -> 0.0.107
handle_failure	Checkout code	2025-11-18T02:10:46.6951776Z  * [new tag]             0.0.108                 -> 0.0.108
handle_failure	Checkout code	2025-11-18T02:10:46.6953283Z  * [new tag]             0.0.109                 -> 0.0.109
handle_failure	Checkout code	2025-11-18T02:10:46.6954872Z  * [new tag]             0.0.11                  -> 0.0.11
handle_failure	Checkout code	2025-11-18T02:10:46.6956830Z  * [new tag]             0.0.110                 -> 0.0.110
handle_failure	Checkout code	2025-11-18T02:10:46.6958580Z  * [new tag]             0.0.111                 -> 0.0.111
handle_failure	Checkout code	2025-11-18T02:10:46.6960472Z  * [new tag]             0.0.112                 -> 0.0.112
handle_failure	Checkout code	2025-11-18T02:10:46.6962065Z  * [new tag]             0.0.113                 -> 0.0.113
handle_failure	Checkout code	2025-11-18T02:10:46.6963770Z  * [new tag]             0.0.114                 -> 0.0.114
handle_failure	Checkout code	2025-11-18T02:10:46.6966338Z  * [new tag]             0.0.115                 -> 0.0.115
handle_failure	Checkout code	2025-11-18T02:10:46.6968103Z  * [new tag]             0.0.116                 -> 0.0.116
handle_failure	Checkout code	2025-11-18T02:10:46.6969644Z  * [new tag]             0.0.117                 -> 0.0.117
handle_failure	Checkout code	2025-11-18T02:10:46.6971336Z  * [new tag]             0.0.118                 -> 0.0.118
handle_failure	Checkout code	2025-11-18T02:10:46.6972877Z  * [new tag]             0.0.119                 -> 0.0.119
handle_failure	Checkout code	2025-11-18T02:10:46.6974647Z  * [new tag]             0.0.12                  -> 0.0.12
handle_failure	Checkout code	2025-11-18T02:10:46.6976760Z  * [new tag]             0.0.120                 -> 0.0.120
handle_failure	Checkout code	2025-11-18T02:10:46.6978397Z  * [new tag]             0.0.121                 -> 0.0.121
handle_failure	Checkout code	2025-11-18T02:10:46.6980063Z  * [new tag]             0.0.122                 -> 0.0.122
handle_failure	Checkout code	2025-11-18T02:10:46.6981639Z  * [new tag]             0.0.123                 -> 0.0.123
handle_failure	Checkout code	2025-11-18T02:10:46.6983467Z  * [new tag]             0.0.124                 -> 0.0.124
handle_failure	Checkout code	2025-11-18T02:10:46.6985402Z  * [new tag]             0.0.125                 -> 0.0.125
handle_failure	Checkout code	2025-11-18T02:10:46.6987435Z  * [new tag]             0.0.126                 -> 0.0.126
handle_failure	Checkout code	2025-11-18T02:10:46.6989041Z  * [new tag]             0.0.127                 -> 0.0.127
handle_failure	Checkout code	2025-11-18T02:10:46.6990585Z  * [new tag]             0.0.128                 -> 0.0.128
handle_failure	Checkout code	2025-11-18T02:10:46.6992163Z  * [new tag]             0.0.129                 -> 0.0.129
handle_failure	Checkout code	2025-11-18T02:10:46.6993702Z  * [new tag]             0.0.13                  -> 0.0.13
handle_failure	Checkout code	2025-11-18T02:10:46.6995260Z  * [new tag]             0.0.130                 -> 0.0.130
handle_failure	Checkout code	2025-11-18T02:10:46.6997174Z  * [new tag]             0.0.131                 -> 0.0.131
handle_failure	Checkout code	2025-11-18T02:10:46.6998723Z  * [new tag]             0.0.132                 -> 0.0.132
handle_failure	Checkout code	2025-11-18T02:10:46.7000224Z  * [new tag]             0.0.133                 -> 0.0.133
handle_failure	Checkout code	2025-11-18T02:10:46.7001798Z  * [new tag]             0.0.134                 -> 0.0.134
handle_failure	Checkout code	2025-11-18T02:10:46.7003370Z  * [new tag]             0.0.135                 -> 0.0.135
handle_failure	Checkout code	2025-11-18T02:10:46.7004976Z  * [new tag]             0.0.136                 -> 0.0.136
handle_failure	Checkout code	2025-11-18T02:10:46.7006589Z  * [new tag]             0.0.137                 -> 0.0.137
handle_failure	Checkout code	2025-11-18T02:10:46.7008774Z  * [new tag]             0.0.138                 -> 0.0.138
handle_failure	Checkout code	2025-11-18T02:10:46.7010278Z  * [new tag]             0.0.139                 -> 0.0.139
handle_failure	Checkout code	2025-11-18T02:10:46.7011917Z  * [new tag]             0.0.14                  -> 0.0.14
handle_failure	Checkout code	2025-11-18T02:10:46.7013411Z  * [new tag]             0.0.140                 -> 0.0.140
handle_failure	Checkout code	2025-11-18T02:10:46.7014932Z  * [new tag]             0.0.141                 -> 0.0.141
handle_failure	Checkout code	2025-11-18T02:10:46.7016446Z  * [new tag]             0.0.142                 -> 0.0.142
handle_failure	Checkout code	2025-11-18T02:10:46.7018440Z  * [new tag]             0.0.143                 -> 0.0.143
handle_failure	Checkout code	2025-11-18T02:10:46.7020027Z  * [new tag]             0.0.144                 -> 0.0.144
handle_failure	Checkout code	2025-11-18T02:10:46.7021594Z  * [new tag]             0.0.145                 -> 0.0.145
handle_failure	Checkout code	2025-11-18T02:10:46.7023178Z  * [new tag]             0.0.146                 -> 0.0.146
handle_failure	Checkout code	2025-11-18T02:10:46.7024849Z  * [new tag]             0.0.147                 -> 0.0.147
handle_failure	Checkout code	2025-11-18T02:10:46.7027070Z  * [new tag]             0.0.148                 -> 0.0.148
handle_failure	Checkout code	2025-11-18T02:10:46.7028661Z  * [new tag]             0.0.149                 -> 0.0.149
handle_failure	Checkout code	2025-11-18T02:10:46.7030278Z  * [new tag]             0.0.15                  -> 0.0.15
handle_failure	Checkout code	2025-11-18T02:10:46.7031904Z  * [new tag]             0.0.150                 -> 0.0.150
handle_failure	Checkout code	2025-11-18T02:10:46.7033515Z  * [new tag]             0.0.151                 -> 0.0.151
handle_failure	Checkout code	2025-11-18T02:10:46.7035101Z  * [new tag]             0.0.152                 -> 0.0.152
handle_failure	Checkout code	2025-11-18T02:10:46.7036933Z  * [new tag]             0.0.153                 -> 0.0.153
handle_failure	Checkout code	2025-11-18T02:10:46.7038734Z  * [new tag]             0.0.154                 -> 0.0.154
handle_failure	Checkout code	2025-11-18T02:10:46.7040378Z  * [new tag]             0.0.155                 -> 0.0.155
handle_failure	Checkout code	2025-11-18T02:10:46.7042033Z  * [new tag]             0.0.156                 -> 0.0.156
handle_failure	Checkout code	2025-11-18T02:10:46.7043857Z  * [new tag]             0.0.157                 -> 0.0.157
handle_failure	Checkout code	2025-11-18T02:10:46.7045456Z  * [new tag]             0.0.158                 -> 0.0.158
handle_failure	Checkout code	2025-11-18T02:10:46.7047488Z  * [new tag]             0.0.159                 -> 0.0.159
handle_failure	Checkout code	2025-11-18T02:10:46.7049018Z  * [new tag]             0.0.16                  -> 0.0.16
handle_failure	Checkout code	2025-11-18T02:10:46.7050723Z  * [new tag]             0.0.160                 -> 0.0.160
handle_failure	Checkout code	2025-11-18T02:10:46.7052581Z  * [new tag]             0.0.161                 -> 0.0.161
handle_failure	Checkout code	2025-11-18T02:10:46.7054534Z  * [new tag]             0.0.162                 -> 0.0.162
handle_failure	Checkout code	2025-11-18T02:10:46.7056197Z  * [new tag]             0.0.163                 -> 0.0.163
handle_failure	Checkout code	2025-11-18T02:10:46.7058213Z  * [new tag]             0.0.164                 -> 0.0.164
handle_failure	Checkout code	2025-11-18T02:10:46.7059724Z  * [new tag]             0.0.165                 -> 0.0.165
handle_failure	Checkout code	2025-11-18T02:10:46.7061288Z  * [new tag]             0.0.166                 -> 0.0.166
handle_failure	Checkout code	2025-11-18T02:10:46.7063868Z  * [new tag]             0.0.167                 -> 0.0.167
handle_failure	Checkout code	2025-11-18T02:10:46.7065556Z  * [new tag]             0.0.168                 -> 0.0.168
handle_failure	Checkout code	2025-11-18T02:10:46.7067591Z  * [new tag]             0.0.169                 -> 0.0.169
handle_failure	Checkout code	2025-11-18T02:10:46.7069127Z  * [new tag]             0.0.17                  -> 0.0.17
handle_failure	Checkout code	2025-11-18T02:10:46.7070713Z  * [new tag]             0.0.170                 -> 0.0.170
handle_failure	Checkout code	2025-11-18T02:10:46.7072341Z  * [new tag]             0.0.171                 -> 0.0.171
handle_failure	Checkout code	2025-11-18T02:10:46.7073964Z  * [new tag]             0.0.172                 -> 0.0.172
handle_failure	Checkout code	2025-11-18T02:10:46.7075647Z  * [new tag]             0.0.173                 -> 0.0.173
handle_failure	Checkout code	2025-11-18T02:10:46.7077665Z  * [new tag]             0.0.174                 -> 0.0.174
handle_failure	Checkout code	2025-11-18T02:10:46.7079699Z  * [new tag]             0.0.175                 -> 0.0.175
handle_failure	Checkout code	2025-11-18T02:10:46.7081574Z  * [new tag]             0.0.176                 -> 0.0.176
handle_failure	Checkout code	2025-11-18T02:10:46.7083809Z  * [new tag]             0.0.177                 -> 0.0.177
handle_failure	Checkout code	2025-11-18T02:10:46.7085438Z  * [new tag]             0.0.178                 -> 0.0.178
handle_failure	Checkout code	2025-11-18T02:10:46.7087482Z  * [new tag]             0.0.179                 -> 0.0.179
handle_failure	Checkout code	2025-11-18T02:10:46.7089184Z  * [new tag]             0.0.18                  -> 0.0.18
handle_failure	Checkout code	2025-11-18T02:10:46.7090790Z  * [new tag]             0.0.19                  -> 0.0.19
handle_failure	Checkout code	2025-11-18T02:10:46.7092432Z  * [new tag]             0.0.2                   -> 0.0.2
handle_failure	Checkout code	2025-11-18T02:10:46.7094069Z  * [new tag]             0.0.20                  -> 0.0.20
handle_failure	Checkout code	2025-11-18T02:10:46.7095680Z  * [new tag]             0.0.21                  -> 0.0.21
handle_failure	Checkout code	2025-11-18T02:10:46.7097644Z  * [new tag]             0.0.22                  -> 0.0.22
handle_failure	Checkout code	2025-11-18T02:10:46.7099470Z  * [new tag]             0.0.23                  -> 0.0.23
handle_failure	Checkout code	2025-11-18T02:10:46.7101091Z  * [new tag]             0.0.24                  -> 0.0.24
handle_failure	Checkout code	2025-11-18T02:10:46.7102581Z  * [new tag]             0.0.25                  -> 0.0.25
handle_failure	Checkout code	2025-11-18T02:10:46.7103543Z  * [new tag]             0.0.26                  -> 0.0.26
handle_failure	Checkout code	2025-11-18T02:10:46.7104554Z  * [new tag]             0.0.27                  -> 0.0.27
handle_failure	Checkout code	2025-11-18T02:10:46.7106279Z  * [new tag]             0.0.28                  -> 0.0.28
handle_failure	Checkout code	2025-11-18T02:10:46.7108226Z  * [new tag]             0.0.29                  -> 0.0.29
handle_failure	Checkout code	2025-11-18T02:10:46.7109454Z  * [new tag]             0.0.3                   -> 0.0.3
handle_failure	Checkout code	2025-11-18T02:10:46.7110720Z  * [new tag]             0.0.30                  -> 0.0.30
handle_failure	Checkout code	2025-11-18T02:10:46.7111962Z  * [new tag]             0.0.31                  -> 0.0.31
handle_failure	Checkout code	2025-11-18T02:10:46.7113401Z  * [new tag]             0.0.32                  -> 0.0.32
handle_failure	Checkout code	2025-11-18T02:10:46.7114867Z  * [new tag]             0.0.33                  -> 0.0.33
handle_failure	Checkout code	2025-11-18T02:10:46.7116344Z  * [new tag]             0.0.34                  -> 0.0.34
handle_failure	Checkout code	2025-11-18T02:10:46.7118256Z  * [new tag]             0.0.35                  -> 0.0.35
handle_failure	Checkout code	2025-11-18T02:10:46.7119757Z  * [new tag]             0.0.36                  -> 0.0.36
handle_failure	Checkout code	2025-11-18T02:10:46.7121211Z  * [new tag]             0.0.37                  -> 0.0.37
handle_failure	Checkout code	2025-11-18T02:10:46.7123068Z  * [new tag]             0.0.38                  -> 0.0.38
handle_failure	Checkout code	2025-11-18T02:10:46.7124489Z  * [new tag]             0.0.39                  -> 0.0.39
handle_failure	Checkout code	2025-11-18T02:10:46.7125905Z  * [new tag]             0.0.4                   -> 0.0.4
handle_failure	Checkout code	2025-11-18T02:10:46.7127804Z  * [new tag]             0.0.40                  -> 0.0.40
handle_failure	Checkout code	2025-11-18T02:10:46.7129262Z  * [new tag]             0.0.41                  -> 0.0.41
handle_failure	Checkout code	2025-11-18T02:10:46.7130709Z  * [new tag]             0.0.42                  -> 0.0.42
handle_failure	Checkout code	2025-11-18T02:10:46.7132118Z  * [new tag]             0.0.43                  -> 0.0.43
handle_failure	Checkout code	2025-11-18T02:10:46.7133640Z  * [new tag]             0.0.44                  -> 0.0.44
handle_failure	Checkout code	2025-11-18T02:10:46.7135073Z  * [new tag]             0.0.45                  -> 0.0.45
handle_failure	Checkout code	2025-11-18T02:10:46.7136483Z  * [new tag]             0.0.46                  -> 0.0.46
handle_failure	Checkout code	2025-11-18T02:10:46.7138677Z  * [new tag]             0.0.47                  -> 0.0.47
handle_failure	Checkout code	2025-11-18T02:10:46.7140199Z  * [new tag]             0.0.48                  -> 0.0.48
handle_failure	Checkout code	2025-11-18T02:10:46.7141636Z  * [new tag]             0.0.49                  -> 0.0.49
handle_failure	Checkout code	2025-11-18T02:10:46.7143125Z  * [new tag]             0.0.5                   -> 0.0.5
handle_failure	Checkout code	2025-11-18T02:10:46.7144552Z  * [new tag]             0.0.50                  -> 0.0.50
handle_failure	Checkout code	2025-11-18T02:10:46.7146031Z  * [new tag]             0.0.51                  -> 0.0.51
handle_failure	Checkout code	2025-11-18T02:10:46.7148139Z  * [new tag]             0.0.52                  -> 0.0.52
handle_failure	Checkout code	2025-11-18T02:10:46.7149642Z  * [new tag]             0.0.53                  -> 0.0.53
handle_failure	Checkout code	2025-11-18T02:10:46.7151094Z  * [new tag]             0.0.54                  -> 0.0.54
handle_failure	Checkout code	2025-11-18T02:10:46.7152573Z  * [new tag]             0.0.55                  -> 0.0.55
handle_failure	Checkout code	2025-11-18T02:10:46.7154404Z  * [new tag]             0.0.56                  -> 0.0.56
handle_failure	Checkout code	2025-11-18T02:10:46.7155930Z  * [new tag]             0.0.57                  -> 0.0.57
handle_failure	Checkout code	2025-11-18T02:10:46.7157903Z  * [new tag]             0.0.58                  -> 0.0.58
handle_failure	Checkout code	2025-11-18T02:10:46.7159397Z  * [new tag]             0.0.59                  -> 0.0.59
handle_failure	Checkout code	2025-11-18T02:10:46.7160886Z  * [new tag]             0.0.6                   -> 0.0.6
handle_failure	Checkout code	2025-11-18T02:10:46.7162417Z  * [new tag]             0.0.60                  -> 0.0.60
handle_failure	Checkout code	2025-11-18T02:10:46.7163924Z  * [new tag]             0.0.61                  -> 0.0.61
handle_failure	Checkout code	2025-11-18T02:10:46.7165443Z  * [new tag]             0.0.62                  -> 0.0.62
handle_failure	Checkout code	2025-11-18T02:10:46.7167200Z  * [new tag]             0.0.63                  -> 0.0.63
handle_failure	Checkout code	2025-11-18T02:10:46.7168752Z  * [new tag]             0.0.64                  -> 0.0.64
handle_failure	Checkout code	2025-11-18T02:10:46.7170416Z  * [new tag]             0.0.65                  -> 0.0.65
handle_failure	Checkout code	2025-11-18T02:10:46.7172017Z  * [new tag]             0.0.66                  -> 0.0.66
handle_failure	Checkout code	2025-11-18T02:10:46.7173687Z  * [new tag]             0.0.67                  -> 0.0.67
handle_failure	Checkout code	2025-11-18T02:10:46.7175333Z  * [new tag]             0.0.68                  -> 0.0.68
handle_failure	Checkout code	2025-11-18T02:10:46.7177445Z  * [new tag]             0.0.69                  -> 0.0.69
handle_failure	Checkout code	2025-11-18T02:10:46.7179052Z  * [new tag]             0.0.7                   -> 0.0.7
handle_failure	Checkout code	2025-11-18T02:10:46.7180677Z  * [new tag]             0.0.70                  -> 0.0.70
handle_failure	Checkout code	2025-11-18T02:10:46.7182268Z  * [new tag]             0.0.71                  -> 0.0.71
handle_failure	Checkout code	2025-11-18T02:10:46.7183883Z  * [new tag]             0.0.72                  -> 0.0.72
handle_failure	Checkout code	2025-11-18T02:10:46.7185511Z  * [new tag]             0.0.73                  -> 0.0.73
handle_failure	Checkout code	2025-11-18T02:10:46.7187618Z  * [new tag]             0.0.74                  -> 0.0.74
handle_failure	Checkout code	2025-11-18T02:10:46.7189197Z  * [new tag]             0.0.75                  -> 0.0.75
handle_failure	Checkout code	2025-11-18T02:10:46.7190796Z  * [new tag]             0.0.76                  -> 0.0.76
handle_failure	Checkout code	2025-11-18T02:10:46.7192409Z  * [new tag]             0.0.77                  -> 0.0.77
handle_failure	Checkout code	2025-11-18T02:10:46.7193998Z  * [new tag]             0.0.78                  -> 0.0.78
handle_failure	Checkout code	2025-11-18T02:10:46.7195692Z  * [new tag]             0.0.79                  -> 0.0.79
handle_failure	Checkout code	2025-11-18T02:10:46.7198041Z  * [new tag]             0.0.8                   -> 0.0.8
handle_failure	Checkout code	2025-11-18T02:10:46.7199686Z  * [new tag]             0.0.80                  -> 0.0.80
handle_failure	Checkout code	2025-11-18T02:10:46.7201400Z  * [new tag]             0.0.81                  -> 0.0.81
handle_failure	Checkout code	2025-11-18T02:10:46.7203038Z  * [new tag]             0.0.82                  -> 0.0.82
handle_failure	Checkout code	2025-11-18T02:10:46.7204585Z  * [new tag]             0.0.83                  -> 0.0.83
handle_failure	Checkout code	2025-11-18T02:10:46.7206182Z  * [new tag]             0.0.84                  -> 0.0.84
handle_failure	Checkout code	2025-11-18T02:10:46.7208237Z  * [new tag]             0.0.85                  -> 0.0.85
handle_failure	Checkout code	2025-11-18T02:10:46.7209946Z  * [new tag]             0.0.86                  -> 0.0.86
handle_failure	Checkout code	2025-11-18T02:10:46.7211551Z  * [new tag]             0.0.87                  -> 0.0.87
handle_failure	Checkout code	2025-11-18T02:10:46.7213171Z  * [new tag]             0.0.88                  -> 0.0.88
handle_failure	Checkout code	2025-11-18T02:10:46.7214766Z  * [new tag]             0.0.89                  -> 0.0.89
handle_failure	Checkout code	2025-11-18T02:10:46.7216975Z  * [new tag]             0.0.9                   -> 0.0.9
handle_failure	Checkout code	2025-11-18T02:10:46.7218823Z  * [new tag]             0.0.90                  -> 0.0.90
handle_failure	Checkout code	2025-11-18T02:10:46.7220451Z  * [new tag]             0.0.91                  -> 0.0.91
handle_failure	Checkout code	2025-11-18T02:10:46.7221960Z  * [new tag]             0.0.92                  -> 0.0.92
handle_failure	Checkout code	2025-11-18T02:10:46.7223542Z  * [new tag]             0.0.93                  -> 0.0.93
handle_failure	Checkout code	2025-11-18T02:10:46.7225601Z  * [new tag]             0.0.94                  -> 0.0.94
handle_failure	Checkout code	2025-11-18T02:10:46.7227598Z  * [new tag]             0.0.95                  -> 0.0.95
handle_failure	Checkout code	2025-11-18T02:10:46.7229197Z  * [new tag]             0.0.96                  -> 0.0.96
handle_failure	Checkout code	2025-11-18T02:10:46.7230833Z  * [new tag]             0.0.97                  -> 0.0.97
handle_failure	Checkout code	2025-11-18T02:10:46.7232444Z  * [new tag]             0.0.98                  -> 0.0.98
handle_failure	Checkout code	2025-11-18T02:10:46.7234103Z  * [new tag]             0.0.99                  -> 0.0.99
handle_failure	Checkout code	2025-11-18T02:10:46.7235895Z  * [new tag]             0.1.0                   -> 0.1.0
handle_failure	Checkout code	2025-11-18T02:10:46.7237733Z  * [new tag]             0.1.1                   -> 0.1.1
handle_failure	Checkout code	2025-11-18T02:10:46.7239355Z  * [new tag]             0.2.0                   -> 0.2.0
handle_failure	Checkout code	2025-11-18T02:10:46.7240957Z  * [new tag]             0.3.0                   -> 0.3.0
handle_failure	Checkout code	2025-11-18T02:10:46.7242726Z  * [new tag]             0.3.1                   -> 0.3.1
handle_failure	Checkout code	2025-11-18T02:10:46.7244367Z  * [new tag]             0.3.10                  -> 0.3.10
handle_failure	Checkout code	2025-11-18T02:10:46.7246067Z  * [new tag]             0.3.11                  -> 0.3.11
handle_failure	Checkout code	2025-11-18T02:10:46.7248102Z  * [new tag]             0.3.12                  -> 0.3.12
handle_failure	Checkout code	2025-11-18T02:10:46.7250266Z  * [new tag]             0.3.13                  -> 0.3.13
handle_failure	Checkout code	2025-11-18T02:10:46.7251910Z  * [new tag]             0.3.14                  -> 0.3.14
handle_failure	Checkout code	2025-11-18T02:10:46.7253447Z  * [new tag]             0.3.15                  -> 0.3.15
handle_failure	Checkout code	2025-11-18T02:10:46.7255005Z  * [new tag]             0.3.16                  -> 0.3.16
handle_failure	Checkout code	2025-11-18T02:10:46.7256666Z  * [new tag]             0.3.17                  -> 0.3.17
handle_failure	Checkout code	2025-11-18T02:10:46.7258571Z  * [new tag]             0.3.2                   -> 0.3.2
handle_failure	Checkout code	2025-11-18T02:10:46.7260573Z  * [new tag]             0.3.3                   -> 0.3.3
handle_failure	Checkout code	2025-11-18T02:10:46.7262436Z  * [new tag]             0.3.4                   -> 0.3.4
handle_failure	Checkout code	2025-11-18T02:10:46.7264094Z  * [new tag]             0.3.5                   -> 0.3.5
handle_failure	Checkout code	2025-11-18T02:10:46.7265677Z  * [new tag]             0.3.6                   -> 0.3.6
handle_failure	Checkout code	2025-11-18T02:10:46.7267702Z  * [new tag]             0.3.7                   -> 0.3.7
handle_failure	Checkout code	2025-11-18T02:10:46.7269359Z  * [new tag]             0.3.8                   -> 0.3.8
handle_failure	Checkout code	2025-11-18T02:10:46.7271434Z  * [new tag]             0.3.9                   -> 0.3.9
handle_failure	Checkout code	2025-11-18T02:10:46.7273118Z  * [new tag]             0.4.0                   -> 0.4.0
handle_failure	Checkout code	2025-11-18T02:10:46.7274852Z  * [new tag]             0.4.1                   -> 0.4.1
handle_failure	Checkout code	2025-11-18T02:10:46.7277033Z  * [new tag]             0.4.10                  -> 0.4.10
handle_failure	Checkout code	2025-11-18T02:10:46.7278804Z  * [new tag]             0.4.2                   -> 0.4.2
handle_failure	Checkout code	2025-11-18T02:10:46.7280861Z  * [new tag]             0.4.3                   -> 0.4.3
handle_failure	Checkout code	2025-11-18T02:10:46.7282735Z  * [new tag]             0.4.4                   -> 0.4.4
handle_failure	Checkout code	2025-11-18T02:10:46.7284103Z  * [new tag]             0.4.5                   -> 0.4.5
handle_failure	Checkout code	2025-11-18T02:10:46.7285526Z  * [new tag]             0.4.6                   -> 0.4.6
handle_failure	Checkout code	2025-11-18T02:10:46.7286351Z  * [new tag]             0.4.7                   -> 0.4.7
handle_failure	Checkout code	2025-11-18T02:10:46.7287889Z  * [new tag]             0.4.8                   -> 0.4.8
handle_failure	Checkout code	2025-11-18T02:10:46.7288865Z  * [new tag]             0.4.9                   -> 0.4.9
handle_failure	Checkout code	2025-11-18T02:10:46.7348633Z [command]/usr/bin/git branch --list --remote origin/main
handle_failure	Checkout code	2025-11-18T02:10:46.7424535Z   origin/main
handle_failure	Checkout code	2025-11-18T02:10:46.7438147Z [command]/usr/bin/git rev-parse refs/remotes/origin/main
handle_failure	Checkout code	2025-11-18T02:10:46.7469800Z 465ab4b68e767f7b1c5de06ae14a3382a210c9ff
handle_failure	Checkout code	2025-11-18T02:10:46.7490262Z [command]/usr/bin/git -c protocol.version=2 fetch --no-tags --prune --no-recurse-submodules origin +5de62bbd8623aaf24ae8ef600bd30f3c1ef6962a:refs/remotes/origin/main
handle_failure	Checkout code	2025-11-18T02:10:46.7689616Z From https://github.com/Ka0s-Klaus/ka0s
handle_failure	Checkout code	2025-11-18T02:10:46.7690597Z  + 465ab4b68...5de62bbd8 5de62bbd8623aaf24ae8ef600bd30f3c1ef6962a -> origin/main  (forced update)
handle_failure	Checkout code	2025-11-18T02:10:46.7729848Z ##[endgroup]
handle_failure	Checkout code	2025-11-18T02:10:46.7731322Z ##[group]Determining the checkout info
handle_failure	Checkout code	2025-11-18T02:10:46.7732715Z ##[endgroup]
handle_failure	Checkout code	2025-11-18T02:10:46.7741756Z [command]/usr/bin/git sparse-checkout disable
handle_failure	Checkout code	2025-11-18T02:10:46.7800737Z [command]/usr/bin/git config --local --unset-all extensions.worktreeConfig
handle_failure	Checkout code	2025-11-18T02:10:46.7839627Z ##[group]Checking out the ref
handle_failure	Checkout code	2025-11-18T02:10:46.7846348Z [command]/usr/bin/git checkout --progress --force -B main refs/remotes/origin/main
handle_failure	Checkout code	2025-11-18T02:10:47.7825008Z Switched to a new branch 'main'
handle_failure	Checkout code	2025-11-18T02:10:47.7830989Z branch 'main' set up to track 'origin/main'.
handle_failure	Checkout code	2025-11-18T02:10:47.7960732Z ##[endgroup]
handle_failure	Checkout code	2025-11-18T02:10:47.8023303Z [command]/usr/bin/git log -1 --format=%H
handle_failure	Checkout code	2025-11-18T02:10:47.8059007Z 5de62bbd8623aaf24ae8ef600bd30f3c1ef6962a
handle_failure	handle-failure-execution	﻿2025-11-18T02:10:47.8562936Z ##[group]Run echo "Error detected in process"
handle_failure	handle-failure-execution	2025-11-18T02:10:47.8563885Z [36;1mecho "Error detected in process"[0m
handle_failure	handle-failure-execution	2025-11-18T02:10:47.8564741Z [36;1m# RNNUMBER=$(echo "refs/heads/main" | grep -o '[0-9]*')[0m
handle_failure	handle-failure-execution	2025-11-18T02:10:47.8566673Z [36;1m# gh issue comment $RNNUMBER --body "El proceso no ha finalizado correctamente 19451273876. El resultado está en el fichero core/results/event_data19451273876.log"[0m
handle_failure	handle-failure-execution	2025-11-18T02:10:47.8568546Z [36;1m# Creamos la issue dado que ha fallado el modulo principal[0m
handle_failure	handle-failure-execution	2025-11-18T02:10:47.8570818Z [36;1mgh issue create  --title "[Ka0S] Error detected in [Ka0S] Workflow Statistics Summary" --body "Error detected in [Ka0S] Workflow Statistics Summary. Please check the logs for 19451273876 more information of error."[0m
handle_failure	handle-failure-execution	2025-11-18T02:10:47.8598856Z shell: /usr/bin/bash -e {0}
handle_failure	handle-failure-execution	2025-11-18T02:10:47.8599439Z env:
handle_failure	handle-failure-execution	2025-11-18T02:10:47.8599826Z   KAOS_CODE: 19451273876
handle_failure	handle-failure-execution	2025-11-18T02:10:47.8613132Z   KAOS_EVENT_NAME: schedule
handle_failure	handle-failure-execution	2025-11-18T02:10:47.8613838Z   KAOS_ACTION: 
handle_failure	handle-failure-execution	2025-11-18T02:10:47.8614380Z   KAOS_REF: refs/heads/main
handle_failure	handle-failure-execution	2025-11-18T02:10:47.8614970Z   KAOS_MODULE: [Ka0S] Workflow Statistics Summary
handle_failure	handle-failure-execution	2025-11-18T02:10:47.8615648Z   KAOS_PATH_RESUME: audit/workflows/
handle_failure	handle-failure-execution	2025-11-18T02:10:47.8616240Z   KAOS_ACTOR: santakloud
handle_failure	handle-failure-execution	2025-11-18T02:10:47.8616959Z   GH_REPO: Ka0s-Klaus/ka0s
handle_failure	handle-failure-execution	2025-11-18T02:10:47.8618034Z   GH_TOKEN: ***
handle_failure	handle-failure-execution	2025-11-18T02:10:47.8618465Z ##[endgroup]
handle_failure	handle-failure-execution	2025-11-18T02:10:47.8730266Z Error detected in process
handle_failure	handle-failure-execution	2025-11-18T02:10:48.9139937Z https://github.com/Ka0s-Klaus/ka0s/issues/2321
handle_failure	Post Checkout code	﻿2025-11-18T02:10:48.9555680Z Post job cleanup.
handle_failure	Post Checkout code	2025-11-18T02:10:49.1178676Z [command]/usr/bin/git version
handle_failure	Post Checkout code	2025-11-18T02:10:49.1228416Z git version 2.51.0
handle_failure	Post Checkout code	2025-11-18T02:10:49.1296248Z Temporarily overriding HOME='/home/runner/_work/_temp/fb40ba32-b32f-4912-997b-2d550d2c55ee' before making global git config changes
handle_failure	Post Checkout code	2025-11-18T02:10:49.1298293Z Adding repository directory to the temporary git global config as a safe directory
handle_failure	Post Checkout code	2025-11-18T02:10:49.1308559Z [command]/usr/bin/git config --global --add safe.directory /home/runner/_work/ka0s/ka0s
handle_failure	Post Checkout code	2025-11-18T02:10:49.1364890Z [command]/usr/bin/git config --local --name-only --get-regexp core\.sshCommand
handle_failure	Post Checkout code	2025-11-18T02:10:49.1437379Z [command]/usr/bin/git submodule foreach --recursive sh -c "git config --local --name-only --get-regexp 'core\.sshCommand' && git config --local --unset-all 'core.sshCommand' || :"
handle_failure	Post Checkout code	2025-11-18T02:10:49.1818560Z [command]/usr/bin/git config --local --name-only --get-regexp http\.https\:\/\/github\.com\/\.extraheader
handle_failure	Post Checkout code	2025-11-18T02:10:49.1852846Z http.https://github.com/.extraheader
handle_failure	Post Checkout code	2025-11-18T02:10:49.1871310Z [command]/usr/bin/git config --local --unset-all http.https://github.com/.extraheader
handle_failure	Post Checkout code	2025-11-18T02:10:49.1921159Z [command]/usr/bin/git submodule foreach --recursive sh -c "git config --local --name-only --get-regexp 'http\.https\:\/\/github\.com\/\.extraheader' && git config --local --unset-all 'http.https://github.com/.extraheader' || :"
handle_failure	Complete job	﻿2025-11-18T02:10:49.2451003Z Cleaning up orphan processes
end-workflow	Set up job	﻿2025-11-18T02:11:06.2924317Z Current runner version: '2.329.0'
end-workflow	Set up job	2025-11-18T02:11:06.2937645Z Runner name: 'e239273815cf'
end-workflow	Set up job	2025-11-18T02:11:06.2938873Z Runner group name: 'swarm-runners'
end-workflow	Set up job	2025-11-18T02:11:06.2940033Z Machine name: 'e239273815cf'
end-workflow	Set up job	2025-11-18T02:11:06.2947404Z ##[group]GITHUB_TOKEN Permissions
end-workflow	Set up job	2025-11-18T02:11:06.2951279Z Actions: write
end-workflow	Set up job	2025-11-18T02:11:06.2952011Z Contents: write
end-workflow	Set up job	2025-11-18T02:11:06.2952708Z Issues: write
end-workflow	Set up job	2025-11-18T02:11:06.2953569Z Metadata: read
end-workflow	Set up job	2025-11-18T02:11:06.2954193Z ##[endgroup]
end-workflow	Set up job	2025-11-18T02:11:06.2957497Z Secret source: Actions
end-workflow	Set up job	2025-11-18T02:11:06.2958562Z Prepare workflow directory
end-workflow	Set up job	2025-11-18T02:11:06.3982847Z Prepare all required actions
end-workflow	Set up job	2025-11-18T02:11:06.4036212Z Getting action download info
end-workflow	Set up job	2025-11-18T02:11:06.9609309Z Download action repository 'actions/checkout@v4' (SHA:08eba0b27e820071cde6df949e0beb9ba4906955)
end-workflow	Set up job	2025-11-18T02:11:07.8387474Z Complete job name: end-workflow
end-workflow	Checkout code	﻿2025-11-18T02:11:07.9384765Z ##[group]Run actions/checkout@v4
end-workflow	Checkout code	2025-11-18T02:11:07.9389300Z with:
end-workflow	Checkout code	2025-11-18T02:11:07.9391967Z   fetch-depth: 0
end-workflow	Checkout code	2025-11-18T02:11:07.9395494Z   token: ***
end-workflow	Checkout code	2025-11-18T02:11:07.9397814Z   repository: Ka0s-Klaus/ka0s
end-workflow	Checkout code	2025-11-18T02:11:07.9398530Z   ssh-strict: true
end-workflow	Checkout code	2025-11-18T02:11:07.9399110Z   ssh-user: git
end-workflow	Checkout code	2025-11-18T02:11:07.9399692Z   persist-credentials: true
end-workflow	Checkout code	2025-11-18T02:11:07.9400359Z   clean: true
end-workflow	Checkout code	2025-11-18T02:11:07.9400944Z   sparse-checkout-cone-mode: true
end-workflow	Checkout code	2025-11-18T02:11:07.9401669Z   fetch-tags: false
end-workflow	Checkout code	2025-11-18T02:11:07.9402313Z   show-progress: true
end-workflow	Checkout code	2025-11-18T02:11:07.9402912Z   lfs: false
end-workflow	Checkout code	2025-11-18T02:11:07.9403471Z   submodules: false
end-workflow	Checkout code	2025-11-18T02:11:07.9404064Z   set-safe-directory: true
end-workflow	Checkout code	2025-11-18T02:11:07.9405062Z env:
end-workflow	Checkout code	2025-11-18T02:11:07.9405608Z   KAOS_CODE: 19451273876
end-workflow	Checkout code	2025-11-18T02:11:07.9406257Z   KAOS_EVENT_NAME: schedule
end-workflow	Checkout code	2025-11-18T02:11:07.9407385Z   KAOS_ACTION: 
end-workflow	Checkout code	2025-11-18T02:11:07.9407957Z   KAOS_REF: refs/heads/main
end-workflow	Checkout code	2025-11-18T02:11:07.9408713Z   KAOS_MODULE: [Ka0S] Workflow Statistics Summary
end-workflow	Checkout code	2025-11-18T02:11:07.9409634Z   KAOS_PATH_RESUME: audit/workflows/
end-workflow	Checkout code	2025-11-18T02:11:07.9410387Z   KAOS_ACTOR: santakloud
end-workflow	Checkout code	2025-11-18T02:11:07.9411042Z   GH_REPO: Ka0s-Klaus/ka0s
end-workflow	Checkout code	2025-11-18T02:11:07.9411926Z   GH_TOKEN: ***
end-workflow	Checkout code	2025-11-18T02:11:07.9438771Z ##[endgroup]
end-workflow	Checkout code	2025-11-18T02:11:08.1054297Z Syncing repository: Ka0s-Klaus/ka0s
end-workflow	Checkout code	2025-11-18T02:11:08.1057493Z ##[group]Getting Git version info
end-workflow	Checkout code	2025-11-18T02:11:08.1058690Z Working directory is '/home/runner/_work/ka0s/ka0s'
end-workflow	Checkout code	2025-11-18T02:11:08.1060159Z [command]/usr/bin/git version
end-workflow	Checkout code	2025-11-18T02:11:08.1060888Z git version 2.51.0
end-workflow	Checkout code	2025-11-18T02:11:08.1073941Z ##[endgroup]
end-workflow	Checkout code	2025-11-18T02:11:08.1098858Z Temporarily overriding HOME='/home/runner/_work/_temp/49e8d21f-bf4e-490f-a01c-da9922789eaa' before making global git config changes
end-workflow	Checkout code	2025-11-18T02:11:08.1103858Z Adding repository directory to the temporary git global config as a safe directory
end-workflow	Checkout code	2025-11-18T02:11:08.1110692Z [command]/usr/bin/git config --global --add safe.directory /home/runner/_work/ka0s/ka0s
end-workflow	Checkout code	2025-11-18T02:11:08.1170111Z [command]/usr/bin/git config --local --get remote.origin.url
end-workflow	Checkout code	2025-11-18T02:11:08.1212321Z https://github.com/Ka0s-Klaus/ka0s
end-workflow	Checkout code	2025-11-18T02:11:08.1243940Z ##[group]Removing previously created refs, to avoid conflicts
end-workflow	Checkout code	2025-11-18T02:11:08.1249682Z [command]/usr/bin/git rev-parse --symbolic-full-name --verify --quiet HEAD
end-workflow	Checkout code	2025-11-18T02:11:08.1280533Z refs/heads/main
end-workflow	Checkout code	2025-11-18T02:11:08.1293793Z [command]/usr/bin/git checkout --detach
end-workflow	Checkout code	2025-11-18T02:11:09.9580354Z HEAD is now at 5de62bbd8 [Ka0S] Inspector uploading resume execution files to the repository...
end-workflow	Checkout code	2025-11-18T02:11:09.9642139Z [command]/usr/bin/git branch --delete --force main
end-workflow	Checkout code	2025-11-18T02:11:09.9679437Z Deleted branch main (was 5de62bbd8).
end-workflow	Checkout code	2025-11-18T02:11:09.9791596Z ##[endgroup]
end-workflow	Checkout code	2025-11-18T02:11:09.9792875Z [command]/usr/bin/git submodule status
end-workflow	Checkout code	2025-11-18T02:11:10.0125459Z ##[group]Cleaning the repository
end-workflow	Checkout code	2025-11-18T02:11:10.0129226Z [command]/usr/bin/git clean -ffdx
end-workflow	Checkout code	2025-11-18T02:11:10.0221142Z [command]/usr/bin/git reset --hard HEAD
end-workflow	Checkout code	2025-11-18T02:11:10.0328418Z HEAD is now at 5de62bbd8 [Ka0S] Inspector uploading resume execution files to the repository...
end-workflow	Checkout code	2025-11-18T02:11:10.0339665Z ##[endgroup]
end-workflow	Checkout code	2025-11-18T02:11:10.0343291Z ##[group]Disabling automatic garbage collection
end-workflow	Checkout code	2025-11-18T02:11:10.0346678Z [command]/usr/bin/git config --local gc.auto 0
end-workflow	Checkout code	2025-11-18T02:11:10.0386158Z ##[endgroup]
end-workflow	Checkout code	2025-11-18T02:11:10.0389678Z ##[group]Setting up auth
end-workflow	Checkout code	2025-11-18T02:11:10.0396468Z [command]/usr/bin/git config --local --name-only --get-regexp core\.sshCommand
end-workflow	Checkout code	2025-11-18T02:11:10.0457313Z [command]/usr/bin/git submodule foreach --recursive sh -c "git config --local --name-only --get-regexp 'core\.sshCommand' && git config --local --unset-all 'core.sshCommand' || :"
end-workflow	Checkout code	2025-11-18T02:11:10.0775578Z [command]/usr/bin/git config --local --name-only --get-regexp http\.https\:\/\/github\.com\/\.extraheader
end-workflow	Checkout code	2025-11-18T02:11:10.0826218Z [command]/usr/bin/git submodule foreach --recursive sh -c "git config --local --name-only --get-regexp 'http\.https\:\/\/github\.com\/\.extraheader' && git config --local --unset-all 'http.https://github.com/.extraheader' || :"
end-workflow	Checkout code	2025-11-18T02:11:10.1169346Z [command]/usr/bin/git config --local http.https://github.com/.extraheader AUTHORIZATION: basic ***
end-workflow	Checkout code	2025-11-18T02:11:10.1322965Z ##[endgroup]
end-workflow	Checkout code	2025-11-18T02:11:10.1327160Z ##[group]Fetching the repository
end-workflow	Checkout code	2025-11-18T02:11:10.1334679Z [command]/usr/bin/git -c protocol.version=2 fetch --prune --no-recurse-submodules origin +refs/heads/*:refs/remotes/origin/* +refs/tags/*:refs/tags/*
end-workflow	Checkout code	2025-11-18T02:11:10.6448970Z From https://github.com/Ka0s-Klaus/ka0s
end-workflow	Checkout code	2025-11-18T02:11:10.6451291Z    5de62bbd8..465ab4b68  main       -> origin/main
end-workflow	Checkout code	2025-11-18T02:11:10.6591762Z [command]/usr/bin/git branch --list --remote origin/main
end-workflow	Checkout code	2025-11-18T02:11:10.6662259Z   origin/main
end-workflow	Checkout code	2025-11-18T02:11:10.6676335Z [command]/usr/bin/git rev-parse refs/remotes/origin/main
end-workflow	Checkout code	2025-11-18T02:11:10.6706024Z 465ab4b68e767f7b1c5de06ae14a3382a210c9ff
end-workflow	Checkout code	2025-11-18T02:11:10.6723790Z [command]/usr/bin/git -c protocol.version=2 fetch --no-tags --prune --no-recurse-submodules origin +5de62bbd8623aaf24ae8ef600bd30f3c1ef6962a:refs/remotes/origin/main
end-workflow	Checkout code	2025-11-18T02:11:10.6924095Z From https://github.com/Ka0s-Klaus/ka0s
end-workflow	Checkout code	2025-11-18T02:11:10.6926372Z  + 465ab4b68...5de62bbd8 5de62bbd8623aaf24ae8ef600bd30f3c1ef6962a -> origin/main  (forced update)
end-workflow	Checkout code	2025-11-18T02:11:10.6965115Z ##[endgroup]
end-workflow	Checkout code	2025-11-18T02:11:10.6966424Z ##[group]Determining the checkout info
end-workflow	Checkout code	2025-11-18T02:11:10.6967841Z ##[endgroup]
end-workflow	Checkout code	2025-11-18T02:11:10.6973757Z [command]/usr/bin/git sparse-checkout disable
end-workflow	Checkout code	2025-11-18T02:11:10.7040910Z [command]/usr/bin/git config --local --unset-all extensions.worktreeConfig
end-workflow	Checkout code	2025-11-18T02:11:10.7080394Z ##[group]Checking out the ref
end-workflow	Checkout code	2025-11-18T02:11:10.7087615Z [command]/usr/bin/git checkout --progress --force -B main refs/remotes/origin/main
end-workflow	Checkout code	2025-11-18T02:11:10.7189696Z Switched to a new branch 'main'
end-workflow	Checkout code	2025-11-18T02:11:10.7195253Z branch 'main' set up to track 'origin/main'.
end-workflow	Checkout code	2025-11-18T02:11:10.7202350Z ##[endgroup]
end-workflow	Checkout code	2025-11-18T02:11:10.7260465Z [command]/usr/bin/git log -1 --format=%H
end-workflow	Checkout code	2025-11-18T02:11:10.7294642Z 5de62bbd8623aaf24ae8ef600bd30f3c1ef6962a
end-workflow	Finaliza el workflow	﻿2025-11-18T02:11:10.7620808Z ##[group]Run echo "End process"
end-workflow	Finaliza el workflow	2025-11-18T02:11:10.7622136Z [36;1mecho "End process"[0m
end-workflow	Finaliza el workflow	2025-11-18T02:11:10.7623391Z [36;1m# RNNUMBER=$(echo "refs/heads/main" | grep -o '[0-9]*')[0m
end-workflow	Finaliza el workflow	2025-11-18T02:11:10.7625011Z [36;1m# gh issue comment $RNNUMBER --body "Se finaliza Ka0s 19451273876"[0m
end-workflow	Finaliza el workflow	2025-11-18T02:11:10.7626467Z [36;1mecho "Se finaliza Ka0s 19451273876"[0m
end-workflow	Finaliza el workflow	2025-11-18T02:11:10.7628705Z [36;1mgh workflow run inspector.yml --ref 'main' -f kaos-workflow-id="19451273876" -f kaos-user-start=""[0m
end-workflow	Finaliza el workflow	2025-11-18T02:11:10.7653577Z shell: /usr/bin/bash -e {0}
end-workflow	Finaliza el workflow	2025-11-18T02:11:10.7654240Z env:
end-workflow	Finaliza el workflow	2025-11-18T02:11:10.7654633Z   KAOS_CODE: 19451273876
end-workflow	Finaliza el workflow	2025-11-18T02:11:10.7655156Z   KAOS_EVENT_NAME: schedule
end-workflow	Finaliza el workflow	2025-11-18T02:11:10.7655571Z   KAOS_ACTION: 
end-workflow	Finaliza el workflow	2025-11-18T02:11:10.7656438Z   KAOS_REF: refs/heads/main
end-workflow	Finaliza el workflow	2025-11-18T02:11:10.7657531Z   KAOS_MODULE: [Ka0S] Workflow Statistics Summary
end-workflow	Finaliza el workflow	2025-11-18T02:11:10.7658714Z   KAOS_PATH_RESUME: audit/workflows/
end-workflow	Finaliza el workflow	2025-11-18T02:11:10.7659571Z   KAOS_ACTOR: santakloud
end-workflow	Finaliza el workflow	2025-11-18T02:11:10.7659908Z   GH_REPO: Ka0s-Klaus/ka0s
end-workflow	Finaliza el workflow	2025-11-18T02:11:10.7660567Z   GH_TOKEN: ***
end-workflow	Finaliza el workflow	2025-11-18T02:11:10.7660828Z ##[endgroup]
end-workflow	Finaliza el workflow	2025-11-18T02:11:10.7744011Z End process
end-workflow	Finaliza el workflow	2025-11-18T02:11:10.7744811Z Se finaliza Ka0s 19451273876
end-workflow	Post Checkout code	﻿2025-11-18T02:11:11.4353296Z Post job cleanup.
end-workflow	Post Checkout code	2025-11-18T02:11:11.5907534Z [command]/usr/bin/git version
end-workflow	Post Checkout code	2025-11-18T02:11:11.5967177Z git version 2.51.0
end-workflow	Post Checkout code	2025-11-18T02:11:11.6034757Z Temporarily overriding HOME='/home/runner/_work/_temp/b4b0139d-efea-4466-8c07-0ee56f6ab525' before making global git config changes
end-workflow	Post Checkout code	2025-11-18T02:11:11.6036802Z Adding repository directory to the temporary git global config as a safe directory
end-workflow	Post Checkout code	2025-11-18T02:11:11.6045660Z [command]/usr/bin/git config --global --add safe.directory /home/runner/_work/ka0s/ka0s
end-workflow	Post Checkout code	2025-11-18T02:11:11.6101881Z [command]/usr/bin/git config --local --name-only --get-regexp core\.sshCommand
end-workflow	Post Checkout code	2025-11-18T02:11:11.6168804Z [command]/usr/bin/git submodule foreach --recursive sh -c "git config --local --name-only --get-regexp 'core\.sshCommand' && git config --local --unset-all 'core.sshCommand' || :"
end-workflow	Post Checkout code	2025-11-18T02:11:11.6528783Z [command]/usr/bin/git config --local --name-only --get-regexp http\.https\:\/\/github\.com\/\.extraheader
end-workflow	Post Checkout code	2025-11-18T02:11:11.6562775Z http.https://github.com/.extraheader
end-workflow	Post Checkout code	2025-11-18T02:11:11.6580786Z [command]/usr/bin/git config --local --unset-all http.https://github.com/.extraheader
end-workflow	Post Checkout code	2025-11-18T02:11:11.6632169Z [command]/usr/bin/git submodule foreach --recursive sh -c "git config --local --name-only --get-regexp 'http\.https\:\/\/github\.com\/\.extraheader' && git config --local --unset-all 'http.https://github.com/.extraheader' || :"
end-workflow	Complete job	﻿2025-11-18T02:11:11.7352932Z Cleaning up orphan processes
