job-core	Set up job	﻿2025-12-02T01:46:54.7849449Z Current runner version: '2.329.0'
job-core	Set up job	2025-12-02T01:46:54.7858220Z Runner name: '67fcaa882299'
job-core	Set up job	2025-12-02T01:46:54.7859154Z Runner group name: 'swarm-runners'
job-core	Set up job	2025-12-02T01:46:54.7860185Z Machine name: '67fcaa882299'
job-core	Set up job	2025-12-02T01:46:54.7863389Z ##[group]GITHUB_TOKEN Permissions
job-core	Set up job	2025-12-02T01:46:54.7866262Z Actions: write
job-core	Set up job	2025-12-02T01:46:54.7866883Z Metadata: read
job-core	Set up job	2025-12-02T01:46:54.7867619Z ##[endgroup]
job-core	Set up job	2025-12-02T01:46:54.7870077Z Secret source: Actions
job-core	Set up job	2025-12-02T01:46:54.7871018Z Prepare workflow directory
job-core	Set up job	2025-12-02T01:46:54.8431478Z Prepare all required actions
job-core	Set up job	2025-12-02T01:46:54.8472804Z Getting action download info
job-core	Set up job	2025-12-02T01:46:55.3795834Z Download action repository 'actions/checkout@v4' (SHA:34e114876b0b11c390a56381ad16ebd13914f8d5)
job-core	Set up job	2025-12-02T01:46:56.6018664Z Complete job name: job-core
job-core	Checkout repository	﻿2025-12-02T01:46:56.6866188Z ##[group]Run actions/checkout@v4
job-core	Checkout repository	2025-12-02T01:46:56.6867714Z with:
job-core	Checkout repository	2025-12-02T01:46:56.6868556Z   fetch-depth: 0
job-core	Checkout repository	2025-12-02T01:46:56.6869908Z   token: ***
job-core	Checkout repository	2025-12-02T01:46:56.6870851Z   repository: Ka0s-Klaus/ka0s
job-core	Checkout repository	2025-12-02T01:46:56.6871896Z   ssh-strict: true
job-core	Checkout repository	2025-12-02T01:46:56.6872780Z   ssh-user: git
job-core	Checkout repository	2025-12-02T01:46:56.6873679Z   persist-credentials: true
job-core	Checkout repository	2025-12-02T01:46:56.6874746Z   clean: true
job-core	Checkout repository	2025-12-02T01:46:56.6875656Z   sparse-checkout-cone-mode: true
job-core	Checkout repository	2025-12-02T01:46:56.6876754Z   fetch-tags: false
job-core	Checkout repository	2025-12-02T01:46:56.6877665Z   show-progress: true
job-core	Checkout repository	2025-12-02T01:46:56.6878577Z   lfs: false
job-core	Checkout repository	2025-12-02T01:46:56.6879413Z   submodules: false
job-core	Checkout repository	2025-12-02T01:46:56.6880349Z   set-safe-directory: true
job-core	Checkout repository	2025-12-02T01:46:56.6881594Z env:
job-core	Checkout repository	2025-12-02T01:46:56.6882411Z   KAOS_CODE: 19843921101
job-core	Checkout repository	2025-12-02T01:46:56.6883396Z   KAOS_EVENT_NAME: schedule
job-core	Checkout repository	2025-12-02T01:46:56.6884452Z   KAOS_ACTION: 
job-core	Checkout repository	2025-12-02T01:46:56.6885346Z   KAOS_REF: refs/heads/main
job-core	Checkout repository	2025-12-02T01:46:56.6886543Z   KAOS_MODULE: [Ka0S] Re-Run Failed Inspector Workflows
job-core	Checkout repository	2025-12-02T01:46:56.6887953Z   KAOS_PATH_RESUME: audit/inspector/
job-core	Checkout repository	2025-12-02T01:46:56.6889066Z   KAOS_ACTOR: santakloud
job-core	Checkout repository	2025-12-02T01:46:56.6889996Z ##[endgroup]
job-core	Checkout repository	2025-12-02T01:46:56.8077365Z Syncing repository: Ka0s-Klaus/ka0s
job-core	Checkout repository	2025-12-02T01:46:56.8080222Z ##[group]Getting Git version info
job-core	Checkout repository	2025-12-02T01:46:56.8081455Z Working directory is '/home/runner/_work/ka0s/ka0s'
job-core	Checkout repository	2025-12-02T01:46:56.8083254Z [command]/usr/bin/git version
job-core	Checkout repository	2025-12-02T01:46:56.8084318Z git version 2.51.0
job-core	Checkout repository	2025-12-02T01:46:56.8090407Z ##[endgroup]
job-core	Checkout repository	2025-12-02T01:46:56.8110002Z Temporarily overriding HOME='/home/runner/_work/_temp/6279d043-c3d3-4009-ac94-10e065352e65' before making global git config changes
job-core	Checkout repository	2025-12-02T01:46:56.8113241Z Adding repository directory to the temporary git global config as a safe directory
job-core	Checkout repository	2025-12-02T01:46:56.8115964Z [command]/usr/bin/git config --global --add safe.directory /home/runner/_work/ka0s/ka0s
job-core	Checkout repository	2025-12-02T01:46:56.8152872Z Deleting the contents of '/home/runner/_work/ka0s/ka0s'
job-core	Checkout repository	2025-12-02T01:46:56.8162376Z ##[group]Initializing the repository
job-core	Checkout repository	2025-12-02T01:46:56.8171689Z [command]/usr/bin/git init /home/runner/_work/ka0s/ka0s
job-core	Checkout repository	2025-12-02T01:46:56.8217389Z hint: Using 'master' as the name for the initial branch. This default branch name
job-core	Checkout repository	2025-12-02T01:46:56.8219760Z hint: is subject to change. To configure the initial branch name to use in all
job-core	Checkout repository	2025-12-02T01:46:56.8221676Z hint: of your new repositories, which will suppress this warning, call:
job-core	Checkout repository	2025-12-02T01:46:56.8223269Z hint:
job-core	Checkout repository	2025-12-02T01:46:56.8224510Z hint: 	git config --global init.defaultBranch <name>
job-core	Checkout repository	2025-12-02T01:46:56.8225735Z hint:
job-core	Checkout repository	2025-12-02T01:46:56.8226879Z hint: Names commonly chosen instead of 'master' are 'main', 'trunk' and
job-core	Checkout repository	2025-12-02T01:46:56.8228761Z hint: 'development'. The just-created branch can be renamed via this command:
job-core	Checkout repository	2025-12-02T01:46:56.8230441Z hint:
job-core	Checkout repository	2025-12-02T01:46:56.8231392Z hint: 	git branch -m <name>
job-core	Checkout repository	2025-12-02T01:46:56.8232366Z hint:
job-core	Checkout repository	2025-12-02T01:46:56.8233664Z hint: Disable this message with "git config set advice.defaultBranchName false"
job-core	Checkout repository	2025-12-02T01:46:56.8236097Z Initialized empty Git repository in /home/runner/_work/ka0s/ka0s/.git/
job-core	Checkout repository	2025-12-02T01:46:56.8239421Z [command]/usr/bin/git remote add origin https://github.com/Ka0s-Klaus/ka0s
job-core	Checkout repository	2025-12-02T01:46:56.8265819Z ##[endgroup]
job-core	Checkout repository	2025-12-02T01:46:56.8267389Z ##[group]Disabling automatic garbage collection
job-core	Checkout repository	2025-12-02T01:46:56.8269116Z [command]/usr/bin/git config --local gc.auto 0
job-core	Checkout repository	2025-12-02T01:46:56.8302811Z ##[endgroup]
job-core	Checkout repository	2025-12-02T01:46:56.8304497Z ##[group]Setting up auth
job-core	Checkout repository	2025-12-02T01:46:56.8310291Z [command]/usr/bin/git config --local --name-only --get-regexp core\.sshCommand
job-core	Checkout repository	2025-12-02T01:46:56.8345984Z [command]/usr/bin/git submodule foreach --recursive sh -c "git config --local --name-only --get-regexp 'core\.sshCommand' && git config --local --unset-all 'core.sshCommand' || :"
job-core	Checkout repository	2025-12-02T01:46:56.8600563Z [command]/usr/bin/git config --local --name-only --get-regexp http\.https\:\/\/github\.com\/\.extraheader
job-core	Checkout repository	2025-12-02T01:46:56.8634599Z [command]/usr/bin/git submodule foreach --recursive sh -c "git config --local --name-only --get-regexp 'http\.https\:\/\/github\.com\/\.extraheader' && git config --local --unset-all 'http.https://github.com/.extraheader' || :"
job-core	Checkout repository	2025-12-02T01:46:56.8898412Z [command]/usr/bin/git config --local --name-only --get-regexp ^includeIf\.gitdir:
job-core	Checkout repository	2025-12-02T01:46:56.8938674Z [command]/usr/bin/git submodule foreach --recursive git config --local --show-origin --name-only --get-regexp remote.origin.url
job-core	Checkout repository	2025-12-02T01:46:56.9218748Z [command]/usr/bin/git config --local http.https://github.com/.extraheader AUTHORIZATION: basic ***
job-core	Checkout repository	2025-12-02T01:46:56.9263027Z ##[endgroup]
job-core	Checkout repository	2025-12-02T01:46:56.9264862Z ##[group]Fetching the repository
job-core	Checkout repository	2025-12-02T01:46:56.9273354Z [command]/usr/bin/git -c protocol.version=2 fetch --prune --no-recurse-submodules origin +refs/heads/*:refs/remotes/origin/* +refs/tags/*:refs/tags/*
job-core	Checkout repository	2025-12-02T01:47:07.5423304Z From https://github.com/Ka0s-Klaus/ka0s
job-core	Checkout repository	2025-12-02T01:47:07.5424089Z  * [new branch]          F1149-desarrollo-de-orchestrator -> origin/F1149-desarrollo-de-orchestrator
job-core	Checkout repository	2025-12-02T01:47:07.5425387Z  * [new branch]          F1183-personalización-módulo-finops -> origin/F1183-personalización-módulo-finops
job-core	Checkout repository	2025-12-02T01:47:07.5426157Z  * [new branch]          F1224-new-module-mongodb -> origin/F1224-new-module-mongodb
job-core	Checkout repository	2025-12-02T01:47:07.5426761Z  * [new branch]          F220-web-de-resultados  -> origin/F220-web-de-resultados
job-core	Checkout repository	2025-12-02T01:47:07.5427611Z  * [new branch]          F227-despliegue-de-kube-independiente-del-clouder -> origin/F227-despliegue-de-kube-independiente-del-clouder
job-core	Checkout repository	2025-12-02T01:47:07.5428601Z  * [new branch]          F329-documentacion-metodologia-de-kaos -> origin/F329-documentacion-metodologia-de-kaos
job-core	Checkout repository	2025-12-02T01:47:07.5429523Z  * [new branch]          F44-creación-módulo-versionado -> origin/F44-creación-módulo-versionado
job-core	Checkout repository	2025-12-02T01:47:07.5430308Z  * [new branch]          H1128-módulo-de-observabilidad -> origin/H1128-módulo-de-observabilidad
job-core	Checkout repository	2025-12-02T01:47:07.5431026Z  * [new branch]          H1139-como-instalar-arc-control -> origin/H1139-como-instalar-arc-control
job-core	Checkout repository	2025-12-02T01:47:07.5431787Z  * [new branch]          H1149-desarrollo-de-orchestrator -> origin/H1149-desarrollo-de-orchestrator
job-core	Checkout repository	2025-12-02T01:47:07.5432551Z  * [new branch]          H1150-desarrollo-de-secciones -> origin/H1150-desarrollo-de-secciones
job-core	Checkout repository	2025-12-02T01:47:07.5433278Z  * [new branch]          H1151-desarrollo-de-secciones-ii -> origin/H1151-desarrollo-de-secciones-ii
job-core	Checkout repository	2025-12-02T01:47:07.5434026Z  * [new branch]          H1152-desarrollo-inicio -> origin/H1152-desarrollo-inicio
job-core	Checkout repository	2025-12-02T01:47:07.5439179Z  * [new branch]          H1183-personalización-módulo-finops -> origin/H1183-personalización-módulo-finops
job-core	Checkout repository	2025-12-02T01:47:07.5440031Z  * [new branch]          H1193-ejemplo-web-documentacion -> origin/H1193-ejemplo-web-documentacion
job-core	Checkout repository	2025-12-02T01:47:07.5440673Z  * [new branch]          H1205-web-creation      -> origin/H1205-web-creation
job-core	Checkout repository	2025-12-02T01:47:07.5441254Z  * [new branch]          H1224-new-module-mongodb -> origin/H1224-new-module-mongodb
job-core	Checkout repository	2025-12-02T01:47:07.5441888Z  * [new branch]          H1410-modulo-execution  -> origin/H1410-modulo-execution
job-core	Checkout repository	2025-12-02T01:47:07.5443312Z  * [new branch]          H1514-new-swarm-deployment-stack-with-actions-runners-autoscale -> origin/H1514-new-swarm-deployment-stack-with-actions-runners-autoscale
job-core	Checkout repository	2025-12-02T01:47:07.5448545Z  * [new branch]          H1968-modulo-personalización-del-portal-de-kaos-core -> origin/H1968-modulo-personalización-del-portal-de-kaos-core
job-core	Checkout repository	2025-12-02T01:47:07.5454805Z  * [new branch]          H215-modulo-de-summary  -> origin/H215-modulo-de-summary
job-core	Checkout repository	2025-12-02T01:47:07.5455415Z  * [new branch]          H220-web-de-resultados  -> origin/H220-web-de-resultados
job-core	Checkout repository	2025-12-02T01:47:07.5456236Z  * [new branch]          H227-despliegue-de-kube-independiente-del-clouder -> origin/H227-despliegue-de-kube-independiente-del-clouder
job-core	Checkout repository	2025-12-02T01:47:07.5457093Z  * [new branch]          H306-ficheros-de-estadisticas -> origin/H306-ficheros-de-estadisticas
job-core	Checkout repository	2025-12-02T01:47:07.5458182Z  * [new branch]          H328-documentacion-modulo-principal-de-kaos -> origin/H328-documentacion-modulo-principal-de-kaos
job-core	Checkout repository	2025-12-02T01:47:07.5459339Z  * [new branch]          H329-documentacion-metodologia-de-kaos -> origin/H329-documentacion-metodologia-de-kaos
job-core	Checkout repository	2025-12-02T01:47:07.5460443Z  * [new branch]          H338-relanzador-de-jobs-en-caso-de-pattern -> origin/H338-relanzador-de-jobs-en-caso-de-pattern
job-core	Checkout repository	2025-12-02T01:47:07.5461342Z  * [new branch]          H38-documentacion-basica-del-proyecto -> origin/H38-documentacion-basica-del-proyecto
job-core	Checkout repository	2025-12-02T01:47:07.5462360Z  * [new branch]          H44-creación-módulo-versionado -> origin/H44-creación-módulo-versionado
job-core	Checkout repository	2025-12-02T01:47:07.5463136Z  * [new branch]          RN1149-desarrollo-de-orchestrator -> origin/RN1149-desarrollo-de-orchestrator
job-core	Checkout repository	2025-12-02T01:47:07.5463992Z  * [new branch]          RN1183-personalización-módulo-finops -> origin/RN1183-personalización-módulo-finops
job-core	Checkout repository	2025-12-02T01:47:07.5465126Z  * [new branch]          RN1282-ka0s-error-detected-in-ka0s-workflow-statistics-summary -> origin/RN1282-ka0s-error-detected-in-ka0s-workflow-statistics-summary
job-core	Checkout repository	2025-12-02T01:47:07.5466087Z  * [new branch]          RN220-web-de-resultados -> origin/RN220-web-de-resultados
job-core	Checkout repository	2025-12-02T01:47:07.5466923Z  * [new branch]          RN227-despliegue-de-kube-independiente-del-clouder -> origin/RN227-despliegue-de-kube-independiente-del-clouder
job-core	Checkout repository	2025-12-02T01:47:07.5467885Z  * [new branch]          RN329-documentacion-metodologia-de-kaos -> origin/RN329-documentacion-metodologia-de-kaos
job-core	Checkout repository	2025-12-02T01:47:07.5468535Z  * [new branch]          main                    -> origin/main
job-core	Checkout repository	2025-12-02T01:47:07.5468962Z  * [new tag]             0.0.0                   -> 0.0.0
job-core	Checkout repository	2025-12-02T01:47:07.5469355Z  * [new tag]             0.0.1                   -> 0.0.1
job-core	Checkout repository	2025-12-02T01:47:07.5469751Z  * [new tag]             0.0.10                  -> 0.0.10
job-core	Checkout repository	2025-12-02T01:47:07.5470146Z  * [new tag]             0.0.100                 -> 0.0.100
job-core	Checkout repository	2025-12-02T01:47:07.5470550Z  * [new tag]             0.0.101                 -> 0.0.101
job-core	Checkout repository	2025-12-02T01:47:07.5470940Z  * [new tag]             0.0.102                 -> 0.0.102
job-core	Checkout repository	2025-12-02T01:47:07.5471340Z  * [new tag]             0.0.103                 -> 0.0.103
job-core	Checkout repository	2025-12-02T01:47:07.5471725Z  * [new tag]             0.0.104                 -> 0.0.104
job-core	Checkout repository	2025-12-02T01:47:07.5472240Z  * [new tag]             0.0.105                 -> 0.0.105
job-core	Checkout repository	2025-12-02T01:47:07.5472629Z  * [new tag]             0.0.106                 -> 0.0.106
job-core	Checkout repository	2025-12-02T01:47:07.5473010Z  * [new tag]             0.0.107                 -> 0.0.107
job-core	Checkout repository	2025-12-02T01:47:07.5473389Z  * [new tag]             0.0.108                 -> 0.0.108
job-core	Checkout repository	2025-12-02T01:47:07.5473770Z  * [new tag]             0.0.109                 -> 0.0.109
job-core	Checkout repository	2025-12-02T01:47:07.5474152Z  * [new tag]             0.0.11                  -> 0.0.11
job-core	Checkout repository	2025-12-02T01:47:07.5474819Z  * [new tag]             0.0.110                 -> 0.0.110
job-core	Checkout repository	2025-12-02T01:47:07.5475357Z  * [new tag]             0.0.111                 -> 0.0.111
job-core	Checkout repository	2025-12-02T01:47:07.5475760Z  * [new tag]             0.0.112                 -> 0.0.112
job-core	Checkout repository	2025-12-02T01:47:07.5476154Z  * [new tag]             0.0.113                 -> 0.0.113
job-core	Checkout repository	2025-12-02T01:47:07.5495583Z  * [new tag]             0.0.114                 -> 0.0.114
job-core	Checkout repository	2025-12-02T01:47:07.5496379Z  * [new tag]             0.0.115                 -> 0.0.115
job-core	Checkout repository	2025-12-02T01:47:07.5496810Z  * [new tag]             0.0.116                 -> 0.0.116
job-core	Checkout repository	2025-12-02T01:47:07.5497234Z  * [new tag]             0.0.117                 -> 0.0.117
job-core	Checkout repository	2025-12-02T01:47:07.5497648Z  * [new tag]             0.0.118                 -> 0.0.118
job-core	Checkout repository	2025-12-02T01:47:07.5498067Z  * [new tag]             0.0.119                 -> 0.0.119
job-core	Checkout repository	2025-12-02T01:47:07.5498478Z  * [new tag]             0.0.12                  -> 0.0.12
job-core	Checkout repository	2025-12-02T01:47:07.5498897Z  * [new tag]             0.0.120                 -> 0.0.120
job-core	Checkout repository	2025-12-02T01:47:07.5499305Z  * [new tag]             0.0.121                 -> 0.0.121
job-core	Checkout repository	2025-12-02T01:47:07.5500077Z  * [new tag]             0.0.122                 -> 0.0.122
job-core	Checkout repository	2025-12-02T01:47:07.5500468Z  * [new tag]             0.0.123                 -> 0.0.123
job-core	Checkout repository	2025-12-02T01:47:07.5500869Z  * [new tag]             0.0.124                 -> 0.0.124
job-core	Checkout repository	2025-12-02T01:47:07.5501262Z  * [new tag]             0.0.125                 -> 0.0.125
job-core	Checkout repository	2025-12-02T01:47:07.5501813Z  * [new tag]             0.0.126                 -> 0.0.126
job-core	Checkout repository	2025-12-02T01:47:07.5502238Z  * [new tag]             0.0.127                 -> 0.0.127
job-core	Checkout repository	2025-12-02T01:47:07.5502657Z  * [new tag]             0.0.128                 -> 0.0.128
job-core	Checkout repository	2025-12-02T01:47:07.5503067Z  * [new tag]             0.0.129                 -> 0.0.129
job-core	Checkout repository	2025-12-02T01:47:07.5503478Z  * [new tag]             0.0.13                  -> 0.0.13
job-core	Checkout repository	2025-12-02T01:47:07.5503885Z  * [new tag]             0.0.130                 -> 0.0.130
job-core	Checkout repository	2025-12-02T01:47:07.5504356Z  * [new tag]             0.0.131                 -> 0.0.131
job-core	Checkout repository	2025-12-02T01:47:07.5504773Z  * [new tag]             0.0.132                 -> 0.0.132
job-core	Checkout repository	2025-12-02T01:47:07.5505196Z  * [new tag]             0.0.133                 -> 0.0.133
job-core	Checkout repository	2025-12-02T01:47:07.5505769Z  * [new tag]             0.0.134                 -> 0.0.134
job-core	Checkout repository	2025-12-02T01:47:07.5506221Z  * [new tag]             0.0.135                 -> 0.0.135
job-core	Checkout repository	2025-12-02T01:47:07.5506664Z  * [new tag]             0.0.136                 -> 0.0.136
job-core	Checkout repository	2025-12-02T01:47:07.5507090Z  * [new tag]             0.0.137                 -> 0.0.137
job-core	Checkout repository	2025-12-02T01:47:07.5507525Z  * [new tag]             0.0.138                 -> 0.0.138
job-core	Checkout repository	2025-12-02T01:47:07.5507928Z  * [new tag]             0.0.139                 -> 0.0.139
job-core	Checkout repository	2025-12-02T01:47:07.5508324Z  * [new tag]             0.0.14                  -> 0.0.14
job-core	Checkout repository	2025-12-02T01:47:07.5508833Z  * [new tag]             0.0.140                 -> 0.0.140
job-core	Checkout repository	2025-12-02T01:47:07.5509213Z  * [new tag]             0.0.141                 -> 0.0.141
job-core	Checkout repository	2025-12-02T01:47:07.5509593Z  * [new tag]             0.0.142                 -> 0.0.142
job-core	Checkout repository	2025-12-02T01:47:07.5509983Z  * [new tag]             0.0.143                 -> 0.0.143
job-core	Checkout repository	2025-12-02T01:47:07.5510363Z  * [new tag]             0.0.144                 -> 0.0.144
job-core	Checkout repository	2025-12-02T01:47:07.5510749Z  * [new tag]             0.0.145                 -> 0.0.145
job-core	Checkout repository	2025-12-02T01:47:07.5511125Z  * [new tag]             0.0.146                 -> 0.0.146
job-core	Checkout repository	2025-12-02T01:47:07.5511499Z  * [new tag]             0.0.147                 -> 0.0.147
job-core	Checkout repository	2025-12-02T01:47:07.5511894Z  * [new tag]             0.0.148                 -> 0.0.148
job-core	Checkout repository	2025-12-02T01:47:07.5512271Z  * [new tag]             0.0.149                 -> 0.0.149
job-core	Checkout repository	2025-12-02T01:47:07.5512649Z  * [new tag]             0.0.15                  -> 0.0.15
job-core	Checkout repository	2025-12-02T01:47:07.5513031Z  * [new tag]             0.0.150                 -> 0.0.150
job-core	Checkout repository	2025-12-02T01:47:07.5513407Z  * [new tag]             0.0.151                 -> 0.0.151
job-core	Checkout repository	2025-12-02T01:47:07.5513782Z  * [new tag]             0.0.152                 -> 0.0.152
job-core	Checkout repository	2025-12-02T01:47:07.5514162Z  * [new tag]             0.0.153                 -> 0.0.153
job-core	Checkout repository	2025-12-02T01:47:07.5515073Z  * [new tag]             0.0.154                 -> 0.0.154
job-core	Checkout repository	2025-12-02T01:47:07.5515580Z  * [new tag]             0.0.155                 -> 0.0.155
job-core	Checkout repository	2025-12-02T01:47:07.5516118Z  * [new tag]             0.0.156                 -> 0.0.156
job-core	Checkout repository	2025-12-02T01:47:07.5516499Z  * [new tag]             0.0.157                 -> 0.0.157
job-core	Checkout repository	2025-12-02T01:47:07.5516878Z  * [new tag]             0.0.158                 -> 0.0.158
job-core	Checkout repository	2025-12-02T01:47:07.5517251Z  * [new tag]             0.0.159                 -> 0.0.159
job-core	Checkout repository	2025-12-02T01:47:07.5517630Z  * [new tag]             0.0.16                  -> 0.0.16
job-core	Checkout repository	2025-12-02T01:47:07.5518007Z  * [new tag]             0.0.160                 -> 0.0.160
job-core	Checkout repository	2025-12-02T01:47:07.5518388Z  * [new tag]             0.0.161                 -> 0.0.161
job-core	Checkout repository	2025-12-02T01:47:07.5518766Z  * [new tag]             0.0.162                 -> 0.0.162
job-core	Checkout repository	2025-12-02T01:47:07.5519146Z  * [new tag]             0.0.163                 -> 0.0.163
job-core	Checkout repository	2025-12-02T01:47:07.5519669Z  * [new tag]             0.0.164                 -> 0.0.164
job-core	Checkout repository	2025-12-02T01:47:07.5520052Z  * [new tag]             0.0.165                 -> 0.0.165
job-core	Checkout repository	2025-12-02T01:47:07.5520443Z  * [new tag]             0.0.166                 -> 0.0.166
job-core	Checkout repository	2025-12-02T01:47:07.5520822Z  * [new tag]             0.0.167                 -> 0.0.167
job-core	Checkout repository	2025-12-02T01:47:07.5521199Z  * [new tag]             0.0.168                 -> 0.0.168
job-core	Checkout repository	2025-12-02T01:47:07.5521578Z  * [new tag]             0.0.169                 -> 0.0.169
job-core	Checkout repository	2025-12-02T01:47:07.5521957Z  * [new tag]             0.0.17                  -> 0.0.17
job-core	Checkout repository	2025-12-02T01:47:07.5522333Z  * [new tag]             0.0.170                 -> 0.0.170
job-core	Checkout repository	2025-12-02T01:47:07.5522715Z  * [new tag]             0.0.171                 -> 0.0.171
job-core	Checkout repository	2025-12-02T01:47:07.5523099Z  * [new tag]             0.0.172                 -> 0.0.172
job-core	Checkout repository	2025-12-02T01:47:07.5523476Z  * [new tag]             0.0.173                 -> 0.0.173
job-core	Checkout repository	2025-12-02T01:47:07.5523854Z  * [new tag]             0.0.174                 -> 0.0.174
job-core	Checkout repository	2025-12-02T01:47:07.5524277Z  * [new tag]             0.0.175                 -> 0.0.175
job-core	Checkout repository	2025-12-02T01:47:07.5525094Z  * [new tag]             0.0.176                 -> 0.0.176
job-core	Checkout repository	2025-12-02T01:47:07.5525479Z  * [new tag]             0.0.177                 -> 0.0.177
job-core	Checkout repository	2025-12-02T01:47:07.5525981Z  * [new tag]             0.0.178                 -> 0.0.178
job-core	Checkout repository	2025-12-02T01:47:07.5526355Z  * [new tag]             0.0.179                 -> 0.0.179
job-core	Checkout repository	2025-12-02T01:47:07.5526732Z  * [new tag]             0.0.18                  -> 0.0.18
job-core	Checkout repository	2025-12-02T01:47:07.5527105Z  * [new tag]             0.0.19                  -> 0.0.19
job-core	Checkout repository	2025-12-02T01:47:07.5527475Z  * [new tag]             0.0.2                   -> 0.0.2
job-core	Checkout repository	2025-12-02T01:47:07.5527842Z  * [new tag]             0.0.20                  -> 0.0.20
job-core	Checkout repository	2025-12-02T01:47:07.5528208Z  * [new tag]             0.0.21                  -> 0.0.21
job-core	Checkout repository	2025-12-02T01:47:07.5528583Z  * [new tag]             0.0.22                  -> 0.0.22
job-core	Checkout repository	2025-12-02T01:47:07.5528956Z  * [new tag]             0.0.23                  -> 0.0.23
job-core	Checkout repository	2025-12-02T01:47:07.5529325Z  * [new tag]             0.0.24                  -> 0.0.24
job-core	Checkout repository	2025-12-02T01:47:07.5529700Z  * [new tag]             0.0.25                  -> 0.0.25
job-core	Checkout repository	2025-12-02T01:47:07.5530069Z  * [new tag]             0.0.26                  -> 0.0.26
job-core	Checkout repository	2025-12-02T01:47:07.5530433Z  * [new tag]             0.0.27                  -> 0.0.27
job-core	Checkout repository	2025-12-02T01:47:07.5530802Z  * [new tag]             0.0.28                  -> 0.0.28
job-core	Checkout repository	2025-12-02T01:47:07.5531173Z  * [new tag]             0.0.29                  -> 0.0.29
job-core	Checkout repository	2025-12-02T01:47:07.5531539Z  * [new tag]             0.0.3                   -> 0.0.3
job-core	Checkout repository	2025-12-02T01:47:07.5531914Z  * [new tag]             0.0.30                  -> 0.0.30
job-core	Checkout repository	2025-12-02T01:47:07.5532285Z  * [new tag]             0.0.31                  -> 0.0.31
job-core	Checkout repository	2025-12-02T01:47:07.5532656Z  * [new tag]             0.0.32                  -> 0.0.32
job-core	Checkout repository	2025-12-02T01:47:07.5533018Z  * [new tag]             0.0.33                  -> 0.0.33
job-core	Checkout repository	2025-12-02T01:47:07.5533396Z  * [new tag]             0.0.34                  -> 0.0.34
job-core	Checkout repository	2025-12-02T01:47:07.5533762Z  * [new tag]             0.0.35                  -> 0.0.35
job-core	Checkout repository	2025-12-02T01:47:07.5534288Z  * [new tag]             0.0.36                  -> 0.0.36
job-core	Checkout repository	2025-12-02T01:47:07.5535085Z  * [new tag]             0.0.37                  -> 0.0.37
job-core	Checkout repository	2025-12-02T01:47:07.5535455Z  * [new tag]             0.0.38                  -> 0.0.38
job-core	Checkout repository	2025-12-02T01:47:07.5535828Z  * [new tag]             0.0.39                  -> 0.0.39
job-core	Checkout repository	2025-12-02T01:47:07.5536191Z  * [new tag]             0.0.4                   -> 0.0.4
job-core	Checkout repository	2025-12-02T01:47:07.5536563Z  * [new tag]             0.0.40                  -> 0.0.40
job-core	Checkout repository	2025-12-02T01:47:07.5536931Z  * [new tag]             0.0.41                  -> 0.0.41
job-core	Checkout repository	2025-12-02T01:47:07.5537300Z  * [new tag]             0.0.42                  -> 0.0.42
job-core	Checkout repository	2025-12-02T01:47:07.5537665Z  * [new tag]             0.0.43                  -> 0.0.43
job-core	Checkout repository	2025-12-02T01:47:07.5538035Z  * [new tag]             0.0.44                  -> 0.0.44
job-core	Checkout repository	2025-12-02T01:47:07.5538522Z  * [new tag]             0.0.45                  -> 0.0.45
job-core	Checkout repository	2025-12-02T01:47:07.5538891Z  * [new tag]             0.0.46                  -> 0.0.46
job-core	Checkout repository	2025-12-02T01:47:07.5539265Z  * [new tag]             0.0.47                  -> 0.0.47
job-core	Checkout repository	2025-12-02T01:47:07.5539632Z  * [new tag]             0.0.48                  -> 0.0.48
job-core	Checkout repository	2025-12-02T01:47:07.5539996Z  * [new tag]             0.0.49                  -> 0.0.49
job-core	Checkout repository	2025-12-02T01:47:07.5540365Z  * [new tag]             0.0.5                   -> 0.0.5
job-core	Checkout repository	2025-12-02T01:47:07.5540736Z  * [new tag]             0.0.50                  -> 0.0.50
job-core	Checkout repository	2025-12-02T01:47:07.5541259Z  * [new tag]             0.0.51                  -> 0.0.51
job-core	Checkout repository	2025-12-02T01:47:07.5541630Z  * [new tag]             0.0.52                  -> 0.0.52
job-core	Checkout repository	2025-12-02T01:47:07.5541988Z  * [new tag]             0.0.53                  -> 0.0.53
job-core	Checkout repository	2025-12-02T01:47:07.5542357Z  * [new tag]             0.0.54                  -> 0.0.54
job-core	Checkout repository	2025-12-02T01:47:07.5542735Z  * [new tag]             0.0.55                  -> 0.0.55
job-core	Checkout repository	2025-12-02T01:47:07.5543109Z  * [new tag]             0.0.56                  -> 0.0.56
job-core	Checkout repository	2025-12-02T01:47:07.5543485Z  * [new tag]             0.0.57                  -> 0.0.57
job-core	Checkout repository	2025-12-02T01:47:07.5543856Z  * [new tag]             0.0.58                  -> 0.0.58
job-core	Checkout repository	2025-12-02T01:47:07.5544259Z  * [new tag]             0.0.59                  -> 0.0.59
job-core	Checkout repository	2025-12-02T01:47:07.5545055Z  * [new tag]             0.0.6                   -> 0.0.6
job-core	Checkout repository	2025-12-02T01:47:07.5545424Z  * [new tag]             0.0.60                  -> 0.0.60
job-core	Checkout repository	2025-12-02T01:47:07.5545792Z  * [new tag]             0.0.61                  -> 0.0.61
job-core	Checkout repository	2025-12-02T01:47:07.5546159Z  * [new tag]             0.0.62                  -> 0.0.62
job-core	Checkout repository	2025-12-02T01:47:07.5546526Z  * [new tag]             0.0.63                  -> 0.0.63
job-core	Checkout repository	2025-12-02T01:47:07.5546897Z  * [new tag]             0.0.64                  -> 0.0.64
job-core	Checkout repository	2025-12-02T01:47:07.5547262Z  * [new tag]             0.0.65                  -> 0.0.65
job-core	Checkout repository	2025-12-02T01:47:07.5547636Z  * [new tag]             0.0.66                  -> 0.0.66
job-core	Checkout repository	2025-12-02T01:47:07.5548003Z  * [new tag]             0.0.67                  -> 0.0.67
job-core	Checkout repository	2025-12-02T01:47:07.5548381Z  * [new tag]             0.0.68                  -> 0.0.68
job-core	Checkout repository	2025-12-02T01:47:07.5548748Z  * [new tag]             0.0.69                  -> 0.0.69
job-core	Checkout repository	2025-12-02T01:47:07.5549119Z  * [new tag]             0.0.7                   -> 0.0.7
job-core	Checkout repository	2025-12-02T01:47:07.5549489Z  * [new tag]             0.0.70                  -> 0.0.70
job-core	Checkout repository	2025-12-02T01:47:07.5549856Z  * [new tag]             0.0.71                  -> 0.0.71
job-core	Checkout repository	2025-12-02T01:47:07.5550222Z  * [new tag]             0.0.72                  -> 0.0.72
job-core	Checkout repository	2025-12-02T01:47:07.5550591Z  * [new tag]             0.0.73                  -> 0.0.73
job-core	Checkout repository	2025-12-02T01:47:07.5550960Z  * [new tag]             0.0.74                  -> 0.0.74
job-core	Checkout repository	2025-12-02T01:47:07.5551324Z  * [new tag]             0.0.75                  -> 0.0.75
job-core	Checkout repository	2025-12-02T01:47:07.5551695Z  * [new tag]             0.0.76                  -> 0.0.76
job-core	Checkout repository	2025-12-02T01:47:07.5552070Z  * [new tag]             0.0.77                  -> 0.0.77
job-core	Checkout repository	2025-12-02T01:47:07.5552436Z  * [new tag]             0.0.78                  -> 0.0.78
job-core	Checkout repository	2025-12-02T01:47:07.5552938Z  * [new tag]             0.0.79                  -> 0.0.79
job-core	Checkout repository	2025-12-02T01:47:07.5553310Z  * [new tag]             0.0.8                   -> 0.0.8
job-core	Checkout repository	2025-12-02T01:47:07.5553679Z  * [new tag]             0.0.80                  -> 0.0.80
job-core	Checkout repository	2025-12-02T01:47:07.5554048Z  * [new tag]             0.0.81                  -> 0.0.81
job-core	Checkout repository	2025-12-02T01:47:07.5554763Z  * [new tag]             0.0.82                  -> 0.0.82
job-core	Checkout repository	2025-12-02T01:47:07.5555380Z  * [new tag]             0.0.83                  -> 0.0.83
job-core	Checkout repository	2025-12-02T01:47:07.5555751Z  * [new tag]             0.0.84                  -> 0.0.84
job-core	Checkout repository	2025-12-02T01:47:07.5556121Z  * [new tag]             0.0.85                  -> 0.0.85
job-core	Checkout repository	2025-12-02T01:47:07.5556490Z  * [new tag]             0.0.86                  -> 0.0.86
job-core	Checkout repository	2025-12-02T01:47:07.5556987Z  * [new tag]             0.0.87                  -> 0.0.87
job-core	Checkout repository	2025-12-02T01:47:07.5557358Z  * [new tag]             0.0.88                  -> 0.0.88
job-core	Checkout repository	2025-12-02T01:47:07.5557755Z  * [new tag]             0.0.89                  -> 0.0.89
job-core	Checkout repository	2025-12-02T01:47:07.5558126Z  * [new tag]             0.0.9                   -> 0.0.9
job-core	Checkout repository	2025-12-02T01:47:07.5558498Z  * [new tag]             0.0.90                  -> 0.0.90
job-core	Checkout repository	2025-12-02T01:47:07.5558870Z  * [new tag]             0.0.91                  -> 0.0.91
job-core	Checkout repository	2025-12-02T01:47:07.5559242Z  * [new tag]             0.0.92                  -> 0.0.92
job-core	Checkout repository	2025-12-02T01:47:07.5559609Z  * [new tag]             0.0.93                  -> 0.0.93
job-core	Checkout repository	2025-12-02T01:47:07.5559977Z  * [new tag]             0.0.94                  -> 0.0.94
job-core	Checkout repository	2025-12-02T01:47:07.5560345Z  * [new tag]             0.0.95                  -> 0.0.95
job-core	Checkout repository	2025-12-02T01:47:07.5560716Z  * [new tag]             0.0.96                  -> 0.0.96
job-core	Checkout repository	2025-12-02T01:47:07.5561086Z  * [new tag]             0.0.97                  -> 0.0.97
job-core	Checkout repository	2025-12-02T01:47:07.5561463Z  * [new tag]             0.0.98                  -> 0.0.98
job-core	Checkout repository	2025-12-02T01:47:07.5561831Z  * [new tag]             0.0.99                  -> 0.0.99
job-core	Checkout repository	2025-12-02T01:47:07.5562206Z  * [new tag]             0.1.0                   -> 0.1.0
job-core	Checkout repository	2025-12-02T01:47:07.5562578Z  * [new tag]             0.1.1                   -> 0.1.1
job-core	Checkout repository	2025-12-02T01:47:07.5562946Z  * [new tag]             0.2.0                   -> 0.2.0
job-core	Checkout repository	2025-12-02T01:47:07.5563320Z  * [new tag]             0.3.0                   -> 0.3.0
job-core	Checkout repository	2025-12-02T01:47:07.5563689Z  * [new tag]             0.3.1                   -> 0.3.1
job-core	Checkout repository	2025-12-02T01:47:07.5564062Z  * [new tag]             0.3.10                  -> 0.3.10
job-core	Checkout repository	2025-12-02T01:47:07.5564769Z  * [new tag]             0.3.11                  -> 0.3.11
job-core	Checkout repository	2025-12-02T01:47:07.5565282Z  * [new tag]             0.3.12                  -> 0.3.12
job-core	Checkout repository	2025-12-02T01:47:07.5565791Z  * [new tag]             0.3.13                  -> 0.3.13
job-core	Checkout repository	2025-12-02T01:47:07.5566161Z  * [new tag]             0.3.14                  -> 0.3.14
job-core	Checkout repository	2025-12-02T01:47:07.5566543Z  * [new tag]             0.3.15                  -> 0.3.15
job-core	Checkout repository	2025-12-02T01:47:07.5566914Z  * [new tag]             0.3.16                  -> 0.3.16
job-core	Checkout repository	2025-12-02T01:47:07.5567290Z  * [new tag]             0.3.17                  -> 0.3.17
job-core	Checkout repository	2025-12-02T01:47:07.5567657Z  * [new tag]             0.3.2                   -> 0.3.2
job-core	Checkout repository	2025-12-02T01:47:07.5568029Z  * [new tag]             0.3.3                   -> 0.3.3
job-core	Checkout repository	2025-12-02T01:47:07.5568398Z  * [new tag]             0.3.4                   -> 0.3.4
job-core	Checkout repository	2025-12-02T01:47:07.5568786Z  * [new tag]             0.3.5                   -> 0.3.5
job-core	Checkout repository	2025-12-02T01:47:07.5569152Z  * [new tag]             0.3.6                   -> 0.3.6
job-core	Checkout repository	2025-12-02T01:47:07.5569519Z  * [new tag]             0.3.7                   -> 0.3.7
job-core	Checkout repository	2025-12-02T01:47:07.5569888Z  * [new tag]             0.3.8                   -> 0.3.8
job-core	Checkout repository	2025-12-02T01:47:07.5570254Z  * [new tag]             0.3.9                   -> 0.3.9
job-core	Checkout repository	2025-12-02T01:47:07.5570621Z  * [new tag]             0.4.0                   -> 0.4.0
job-core	Checkout repository	2025-12-02T01:47:07.5570987Z  * [new tag]             0.4.1                   -> 0.4.1
job-core	Checkout repository	2025-12-02T01:47:07.5571468Z  * [new tag]             0.4.10                  -> 0.4.10
job-core	Checkout repository	2025-12-02T01:47:07.5571838Z  * [new tag]             0.4.2                   -> 0.4.2
job-core	Checkout repository	2025-12-02T01:47:07.5572208Z  * [new tag]             0.4.3                   -> 0.4.3
job-core	Checkout repository	2025-12-02T01:47:07.5572576Z  * [new tag]             0.4.4                   -> 0.4.4
job-core	Checkout repository	2025-12-02T01:47:07.5572943Z  * [new tag]             0.4.5                   -> 0.4.5
job-core	Checkout repository	2025-12-02T01:47:07.5573306Z  * [new tag]             0.4.6                   -> 0.4.6
job-core	Checkout repository	2025-12-02T01:47:07.5573671Z  * [new tag]             0.4.7                   -> 0.4.7
job-core	Checkout repository	2025-12-02T01:47:07.5574036Z  * [new tag]             0.4.8                   -> 0.4.8
job-core	Checkout repository	2025-12-02T01:47:07.5574441Z  * [new tag]             0.4.9                   -> 0.4.9
job-core	Checkout repository	2025-12-02T01:47:07.5782495Z [command]/usr/bin/git branch --list --remote origin/main
job-core	Checkout repository	2025-12-02T01:47:07.5847068Z   origin/main
job-core	Checkout repository	2025-12-02T01:47:07.5858076Z [command]/usr/bin/git rev-parse refs/remotes/origin/main
job-core	Checkout repository	2025-12-02T01:47:07.5884121Z 71560c9628d377c30bb5840685b69587f763af94
job-core	Checkout repository	2025-12-02T01:47:07.5888494Z ##[endgroup]
job-core	Checkout repository	2025-12-02T01:47:07.5889106Z ##[group]Determining the checkout info
job-core	Checkout repository	2025-12-02T01:47:07.5889686Z ##[endgroup]
job-core	Checkout repository	2025-12-02T01:47:07.5894622Z [command]/usr/bin/git sparse-checkout disable
job-core	Checkout repository	2025-12-02T01:47:07.5936245Z [command]/usr/bin/git config --local --unset-all extensions.worktreeConfig
job-core	Checkout repository	2025-12-02T01:47:07.5966154Z ##[group]Checking out the ref
job-core	Checkout repository	2025-12-02T01:47:07.5971923Z [command]/usr/bin/git checkout --progress --force -B main refs/remotes/origin/main
job-core	Checkout repository	2025-12-02T01:47:08.3703022Z Switched to a new branch 'main'
job-core	Checkout repository	2025-12-02T01:47:08.3705993Z branch 'main' set up to track 'origin/main'.
job-core	Checkout repository	2025-12-02T01:47:08.3787927Z ##[endgroup]
job-core	Checkout repository	2025-12-02T01:47:08.3838174Z [command]/usr/bin/git log -1 --format=%H
job-core	Checkout repository	2025-12-02T01:47:08.3866297Z 71560c9628d377c30bb5840685b69587f763af94
job-core	Get failed workflow runs for inspector.yml	﻿2025-12-02T01:47:08.4075422Z ##[group]Run failed_runs=$(jq -r '.[] | select(.name == "Ka0s Inspector" and .conclusion == "failure") | .id'  | tr '\n' ' ')
job-core	Get failed workflow runs for inspector.yml	2025-12-02T01:47:08.4076251Z [36;1mfailed_runs=$(jq -r '.[] | select(.name == "Ka0s Inspector" and .conclusion == "failure") | .id'  | tr '\n' ' ')[0m
job-core	Get failed workflow runs for inspector.yml	2025-12-02T01:47:08.4076732Z [36;1mecho "Failed runs: $failed_runs"[0m
job-core	Get failed workflow runs for inspector.yml	2025-12-02T01:47:08.4140310Z [36;1mecho "::set-output name=failed_runs::${failed_runs}"[0m
job-core	Get failed workflow runs for inspector.yml	2025-12-02T01:47:08.4156673Z shell: /usr/bin/bash -e {0}
job-core	Get failed workflow runs for inspector.yml	2025-12-02T01:47:08.4156945Z env:
job-core	Get failed workflow runs for inspector.yml	2025-12-02T01:47:08.4157141Z   KAOS_CODE: 19843921101
job-core	Get failed workflow runs for inspector.yml	2025-12-02T01:47:08.4157486Z   KAOS_EVENT_NAME: schedule
job-core	Get failed workflow runs for inspector.yml	2025-12-02T01:47:08.4157702Z   KAOS_ACTION: 
job-core	Get failed workflow runs for inspector.yml	2025-12-02T01:47:08.4157898Z   KAOS_REF: refs/heads/main
job-core	Get failed workflow runs for inspector.yml	2025-12-02T01:47:08.4158163Z   KAOS_MODULE: [Ka0S] Re-Run Failed Inspector Workflows
job-core	Get failed workflow runs for inspector.yml	2025-12-02T01:47:08.4158479Z   KAOS_PATH_RESUME: audit/inspector/
job-core	Get failed workflow runs for inspector.yml	2025-12-02T01:47:08.4158732Z   KAOS_ACTOR: santakloud
job-core	Get failed workflow runs for inspector.yml	2025-12-02T01:47:08.4159235Z   GH_TOKEN: ***
job-core	Get failed workflow runs for inspector.yml	2025-12-02T01:47:08.4159484Z ##[endgroup]
job-core	Get failed workflow runs for inspector.yml	2025-12-02T01:47:08.4463598Z Failed runs: 
job-core	Get failed workflow runs for inspector.yml	2025-12-02T01:47:08.4478503Z ##[warning]The `set-output` command is deprecated and will be disabled soon. Please upgrade to using Environment Files. For more information see: https://github.blog/changelog/2022-10-11-github-actions-deprecating-save-state-and-set-output-commands/
job-core	Post Checkout repository	﻿2025-12-02T01:47:08.4670890Z Post job cleanup.
job-core	Post Checkout repository	2025-12-02T01:47:08.5657187Z [command]/usr/bin/git version
job-core	Post Checkout repository	2025-12-02T01:47:08.5695316Z git version 2.51.0
job-core	Post Checkout repository	2025-12-02T01:47:08.5743268Z Temporarily overriding HOME='/home/runner/_work/_temp/6fe787f9-adb0-4cb4-85ab-4e537ff32b16' before making global git config changes
job-core	Post Checkout repository	2025-12-02T01:47:08.5744101Z Adding repository directory to the temporary git global config as a safe directory
job-core	Post Checkout repository	2025-12-02T01:47:08.5750229Z [command]/usr/bin/git config --global --add safe.directory /home/runner/_work/ka0s/ka0s
job-core	Post Checkout repository	2025-12-02T01:47:08.5789340Z [command]/usr/bin/git config --local --name-only --get-regexp core\.sshCommand
job-core	Post Checkout repository	2025-12-02T01:47:08.5837176Z [command]/usr/bin/git submodule foreach --recursive sh -c "git config --local --name-only --get-regexp 'core\.sshCommand' && git config --local --unset-all 'core.sshCommand' || :"
job-core	Post Checkout repository	2025-12-02T01:47:08.6096492Z [command]/usr/bin/git config --local --name-only --get-regexp http\.https\:\/\/github\.com\/\.extraheader
job-core	Post Checkout repository	2025-12-02T01:47:08.6120528Z http.https://github.com/.extraheader
job-core	Post Checkout repository	2025-12-02T01:47:08.6133036Z [command]/usr/bin/git config --local --unset-all http.https://github.com/.extraheader
job-core	Post Checkout repository	2025-12-02T01:47:08.6168595Z [command]/usr/bin/git submodule foreach --recursive sh -c "git config --local --name-only --get-regexp 'http\.https\:\/\/github\.com\/\.extraheader' && git config --local --unset-all 'http.https://github.com/.extraheader' || :"
job-core	Post Checkout repository	2025-12-02T01:47:08.6422742Z [command]/usr/bin/git config --local --name-only --get-regexp ^includeIf\.gitdir:
job-core	Post Checkout repository	2025-12-02T01:47:08.6458364Z [command]/usr/bin/git submodule foreach --recursive git config --local --show-origin --name-only --get-regexp remote.origin.url
job-core	Complete job	﻿2025-12-02T01:47:08.6835802Z Cleaning up orphan processes
handle-success	Set up job	﻿2025-12-02T01:47:14.8817246Z Current runner version: '2.329.0'
handle-success	Set up job	2025-12-02T01:47:14.8825508Z Runner name: '67fcaa882299'
handle-success	Set up job	2025-12-02T01:47:14.8826421Z Runner group name: 'swarm-runners'
handle-success	Set up job	2025-12-02T01:47:14.8827700Z Machine name: '67fcaa882299'
handle-success	Set up job	2025-12-02T01:47:14.8830933Z ##[group]GITHUB_TOKEN Permissions
handle-success	Set up job	2025-12-02T01:47:14.8833739Z Actions: write
handle-success	Set up job	2025-12-02T01:47:14.8834749Z Metadata: read
handle-success	Set up job	2025-12-02T01:47:14.8835262Z ##[endgroup]
handle-success	Set up job	2025-12-02T01:47:14.8837444Z Secret source: Actions
handle-success	Set up job	2025-12-02T01:47:14.8838182Z Prepare workflow directory
handle-success	Set up job	2025-12-02T01:47:14.9443400Z Prepare all required actions
handle-success	Set up job	2025-12-02T01:47:14.9483091Z Getting action download info
handle-success	Set up job	2025-12-02T01:47:15.5004461Z Download action repository 'actions/checkout@v4' (SHA:34e114876b0b11c390a56381ad16ebd13914f8d5)
handle-success	Set up job	2025-12-02T01:47:16.3810578Z Complete job name: handle-success
handle-success	Checkout code	﻿2025-12-02T01:47:16.4375312Z ##[group]Run actions/checkout@v4
handle-success	Checkout code	2025-12-02T01:47:16.4376332Z with:
handle-success	Checkout code	2025-12-02T01:47:16.4376792Z   fetch-depth: 0
handle-success	Checkout code	2025-12-02T01:47:16.4377602Z   token: ***
handle-success	Checkout code	2025-12-02T01:47:16.4378205Z   repository: Ka0s-Klaus/ka0s
handle-success	Checkout code	2025-12-02T01:47:16.4378751Z   ssh-strict: true
handle-success	Checkout code	2025-12-02T01:47:16.4379202Z   ssh-user: git
handle-success	Checkout code	2025-12-02T01:47:16.4379661Z   persist-credentials: true
handle-success	Checkout code	2025-12-02T01:47:16.4380171Z   clean: true
handle-success	Checkout code	2025-12-02T01:47:16.4380629Z   sparse-checkout-cone-mode: true
handle-success	Checkout code	2025-12-02T01:47:16.4381201Z   fetch-tags: false
handle-success	Checkout code	2025-12-02T01:47:16.4381669Z   show-progress: true
handle-success	Checkout code	2025-12-02T01:47:16.4382130Z   lfs: false
handle-success	Checkout code	2025-12-02T01:47:16.4382566Z   submodules: false
handle-success	Checkout code	2025-12-02T01:47:16.4383061Z   set-safe-directory: true
handle-success	Checkout code	2025-12-02T01:47:16.4383826Z env:
handle-success	Checkout code	2025-12-02T01:47:16.4384332Z   KAOS_CODE: 19843921101
handle-success	Checkout code	2025-12-02T01:47:16.4385419Z   KAOS_EVENT_NAME: schedule
handle-success	Checkout code	2025-12-02T01:47:16.4385924Z   KAOS_ACTION: 
handle-success	Checkout code	2025-12-02T01:47:16.4386375Z   KAOS_REF: refs/heads/main
handle-success	Checkout code	2025-12-02T01:47:16.4386982Z   KAOS_MODULE: [Ka0S] Re-Run Failed Inspector Workflows
handle-success	Checkout code	2025-12-02T01:47:16.4387708Z   KAOS_PATH_RESUME: audit/inspector/
handle-success	Checkout code	2025-12-02T01:47:16.4388288Z   KAOS_ACTOR: santakloud
handle-success	Checkout code	2025-12-02T01:47:16.4388779Z ##[endgroup]
handle-success	Checkout code	2025-12-02T01:47:16.5551259Z Syncing repository: Ka0s-Klaus/ka0s
handle-success	Checkout code	2025-12-02T01:47:16.5553510Z ##[group]Getting Git version info
handle-success	Checkout code	2025-12-02T01:47:16.5554491Z Working directory is '/home/runner/_work/ka0s/ka0s'
handle-success	Checkout code	2025-12-02T01:47:16.5555789Z [command]/usr/bin/git version
handle-success	Checkout code	2025-12-02T01:47:16.5556400Z git version 2.51.0
handle-success	Checkout code	2025-12-02T01:47:16.5574614Z ##[endgroup]
handle-success	Checkout code	2025-12-02T01:47:16.5596896Z Temporarily overriding HOME='/home/runner/_work/_temp/b0c8106a-260a-471e-8c56-8b891a0a588e' before making global git config changes
handle-success	Checkout code	2025-12-02T01:47:16.5598650Z Adding repository directory to the temporary git global config as a safe directory
handle-success	Checkout code	2025-12-02T01:47:16.5602918Z [command]/usr/bin/git config --global --add safe.directory /home/runner/_work/ka0s/ka0s
handle-success	Checkout code	2025-12-02T01:47:16.5654726Z [command]/usr/bin/git config --local --get remote.origin.url
handle-success	Checkout code	2025-12-02T01:47:16.5678992Z https://github.com/Ka0s-Klaus/ka0s
handle-success	Checkout code	2025-12-02T01:47:16.5695403Z ##[group]Removing previously created refs, to avoid conflicts
handle-success	Checkout code	2025-12-02T01:47:16.5700709Z [command]/usr/bin/git rev-parse --symbolic-full-name --verify --quiet HEAD
handle-success	Checkout code	2025-12-02T01:47:16.5725508Z refs/heads/main
handle-success	Checkout code	2025-12-02T01:47:16.5735158Z [command]/usr/bin/git checkout --detach
handle-success	Checkout code	2025-12-02T01:47:17.4310393Z HEAD is now at 71560c962 swarm-runners] Uploading files to MongoDB update repository ...
handle-success	Checkout code	2025-12-02T01:47:17.4360087Z [command]/usr/bin/git branch --delete --force main
handle-success	Checkout code	2025-12-02T01:47:17.4392263Z Deleted branch main (was 71560c962).
handle-success	Checkout code	2025-12-02T01:47:17.4480255Z ##[endgroup]
handle-success	Checkout code	2025-12-02T01:47:17.4481246Z [command]/usr/bin/git submodule status
handle-success	Checkout code	2025-12-02T01:47:17.4732715Z ##[group]Cleaning the repository
handle-success	Checkout code	2025-12-02T01:47:17.4736560Z [command]/usr/bin/git clean -ffdx
handle-success	Checkout code	2025-12-02T01:47:17.4804590Z [command]/usr/bin/git reset --hard HEAD
handle-success	Checkout code	2025-12-02T01:47:17.4887632Z HEAD is now at 71560c962 swarm-runners] Uploading files to MongoDB update repository ...
handle-success	Checkout code	2025-12-02T01:47:17.4894312Z ##[endgroup]
handle-success	Checkout code	2025-12-02T01:47:17.4896124Z ##[group]Disabling automatic garbage collection
handle-success	Checkout code	2025-12-02T01:47:17.4900312Z [command]/usr/bin/git config --local gc.auto 0
handle-success	Checkout code	2025-12-02T01:47:17.4942979Z ##[endgroup]
handle-success	Checkout code	2025-12-02T01:47:17.4944890Z ##[group]Setting up auth
handle-success	Checkout code	2025-12-02T01:47:17.4948051Z [command]/usr/bin/git config --local --name-only --get-regexp core\.sshCommand
handle-success	Checkout code	2025-12-02T01:47:17.4983216Z [command]/usr/bin/git submodule foreach --recursive sh -c "git config --local --name-only --get-regexp 'core\.sshCommand' && git config --local --unset-all 'core.sshCommand' || :"
handle-success	Checkout code	2025-12-02T01:47:17.5245934Z [command]/usr/bin/git config --local --name-only --get-regexp http\.https\:\/\/github\.com\/\.extraheader
handle-success	Checkout code	2025-12-02T01:47:17.5282221Z [command]/usr/bin/git submodule foreach --recursive sh -c "git config --local --name-only --get-regexp 'http\.https\:\/\/github\.com\/\.extraheader' && git config --local --unset-all 'http.https://github.com/.extraheader' || :"
handle-success	Checkout code	2025-12-02T01:47:17.5535794Z [command]/usr/bin/git config --local --name-only --get-regexp ^includeIf\.gitdir:
handle-success	Checkout code	2025-12-02T01:47:17.5567856Z [command]/usr/bin/git submodule foreach --recursive git config --local --show-origin --name-only --get-regexp remote.origin.url
handle-success	Checkout code	2025-12-02T01:47:17.5823629Z [command]/usr/bin/git config --local http.https://github.com/.extraheader AUTHORIZATION: basic ***
handle-success	Checkout code	2025-12-02T01:47:17.5863544Z ##[endgroup]
handle-success	Checkout code	2025-12-02T01:47:17.5865753Z ##[group]Fetching the repository
handle-success	Checkout code	2025-12-02T01:47:17.5872952Z [command]/usr/bin/git -c protocol.version=2 fetch --prune --no-recurse-submodules origin +refs/heads/*:refs/remotes/origin/* +refs/tags/*:refs/tags/*
handle-success	Checkout code	2025-12-02T01:47:18.1170703Z [command]/usr/bin/git branch --list --remote origin/main
handle-success	Checkout code	2025-12-02T01:47:18.1229515Z   origin/main
handle-success	Checkout code	2025-12-02T01:47:18.1240009Z [command]/usr/bin/git rev-parse refs/remotes/origin/main
handle-success	Checkout code	2025-12-02T01:47:18.1262921Z 71560c9628d377c30bb5840685b69587f763af94
handle-success	Checkout code	2025-12-02T01:47:18.1268883Z ##[endgroup]
handle-success	Checkout code	2025-12-02T01:47:18.1270647Z ##[group]Determining the checkout info
handle-success	Checkout code	2025-12-02T01:47:18.1272412Z ##[endgroup]
handle-success	Checkout code	2025-12-02T01:47:18.1274125Z [command]/usr/bin/git sparse-checkout disable
handle-success	Checkout code	2025-12-02T01:47:18.1341448Z [command]/usr/bin/git config --local --unset-all extensions.worktreeConfig
handle-success	Checkout code	2025-12-02T01:47:18.1372290Z ##[group]Checking out the ref
handle-success	Checkout code	2025-12-02T01:47:18.1375812Z [command]/usr/bin/git checkout --progress --force -B main refs/remotes/origin/main
handle-success	Checkout code	2025-12-02T01:47:18.1459498Z Switched to a new branch 'main'
handle-success	Checkout code	2025-12-02T01:47:18.1461364Z branch 'main' set up to track 'origin/main'.
handle-success	Checkout code	2025-12-02T01:47:18.1469729Z ##[endgroup]
handle-success	Checkout code	2025-12-02T01:47:18.1512655Z [command]/usr/bin/git log -1 --format=%H
handle-success	Checkout code	2025-12-02T01:47:18.1539961Z 71560c9628d377c30bb5840685b69587f763af94
handle-success	handle-success-execution	﻿2025-12-02T01:47:18.1798411Z ##[group]Run # RNNUMBER=$(echo "refs/heads/main" | grep -o '[0-9]*')
handle-success	handle-success-execution	2025-12-02T01:47:18.1800279Z [36;1m# RNNUMBER=$(echo "refs/heads/main" | grep -o '[0-9]*')[0m
handle-success	handle-success-execution	2025-12-02T01:47:18.1802279Z [36;1m# gh issue comment $RNNUMBER --body "El proceso ha finalizado correctamente 19843921101."[0m
handle-success	handle-success-execution	2025-12-02T01:47:18.1804561Z [36;1mecho "El proceso ha finalizado correctamente 19843921101."[0m
handle-success	handle-success-execution	2025-12-02T01:47:18.1820251Z shell: /usr/bin/bash -e {0}
handle-success	handle-success-execution	2025-12-02T01:47:18.1821371Z env:
handle-success	handle-success-execution	2025-12-02T01:47:18.1822090Z   KAOS_CODE: 19843921101
handle-success	handle-success-execution	2025-12-02T01:47:18.1822978Z   KAOS_EVENT_NAME: schedule
handle-success	handle-success-execution	2025-12-02T01:47:18.1823861Z   KAOS_ACTION: 
handle-success	handle-success-execution	2025-12-02T01:47:18.1825241Z   KAOS_REF: refs/heads/main
handle-success	handle-success-execution	2025-12-02T01:47:18.1826332Z   KAOS_MODULE: [Ka0S] Re-Run Failed Inspector Workflows
handle-success	handle-success-execution	2025-12-02T01:47:18.1827603Z   KAOS_PATH_RESUME: audit/inspector/
handle-success	handle-success-execution	2025-12-02T01:47:18.1828643Z   KAOS_ACTOR: santakloud
handle-success	handle-success-execution	2025-12-02T01:47:18.1830081Z   GH_TOKEN: ***
handle-success	handle-success-execution	2025-12-02T01:47:18.1830845Z ##[endgroup]
handle-success	handle-success-execution	2025-12-02T01:47:18.1897177Z El proceso ha finalizado correctamente 19843921101.
handle-success	Post Checkout code	﻿2025-12-02T01:47:18.2134113Z Post job cleanup.
handle-success	Post Checkout code	2025-12-02T01:47:18.3124643Z [command]/usr/bin/git version
handle-success	Post Checkout code	2025-12-02T01:47:18.3162612Z git version 2.51.0
handle-success	Post Checkout code	2025-12-02T01:47:18.3213017Z Temporarily overriding HOME='/home/runner/_work/_temp/e738852e-3595-46f3-bde4-6c8b2ea94b31' before making global git config changes
handle-success	Post Checkout code	2025-12-02T01:47:18.3216345Z Adding repository directory to the temporary git global config as a safe directory
handle-success	Post Checkout code	2025-12-02T01:47:18.3218973Z [command]/usr/bin/git config --global --add safe.directory /home/runner/_work/ka0s/ka0s
handle-success	Post Checkout code	2025-12-02T01:47:18.3266755Z [command]/usr/bin/git config --local --name-only --get-regexp core\.sshCommand
handle-success	Post Checkout code	2025-12-02T01:47:18.3305096Z [command]/usr/bin/git submodule foreach --recursive sh -c "git config --local --name-only --get-regexp 'core\.sshCommand' && git config --local --unset-all 'core.sshCommand' || :"
handle-success	Post Checkout code	2025-12-02T01:47:18.3563968Z [command]/usr/bin/git config --local --name-only --get-regexp http\.https\:\/\/github\.com\/\.extraheader
handle-success	Post Checkout code	2025-12-02T01:47:18.3589014Z http.https://github.com/.extraheader
handle-success	Post Checkout code	2025-12-02T01:47:18.3603106Z [command]/usr/bin/git config --local --unset-all http.https://github.com/.extraheader
handle-success	Post Checkout code	2025-12-02T01:47:18.3638299Z [command]/usr/bin/git submodule foreach --recursive sh -c "git config --local --name-only --get-regexp 'http\.https\:\/\/github\.com\/\.extraheader' && git config --local --unset-all 'http.https://github.com/.extraheader' || :"
handle-success	Post Checkout code	2025-12-02T01:47:18.3901534Z [command]/usr/bin/git config --local --name-only --get-regexp ^includeIf\.gitdir:
handle-success	Post Checkout code	2025-12-02T01:47:18.3936433Z [command]/usr/bin/git submodule foreach --recursive git config --local --show-origin --name-only --get-regexp remote.origin.url
handle-success	Complete job	﻿2025-12-02T01:47:18.4323336Z Cleaning up orphan processes
end-workflow	Set up job	﻿2025-12-02T01:47:23.8268660Z Current runner version: '2.329.0'
end-workflow	Set up job	2025-12-02T01:47:23.8277094Z Runner name: '67fcaa882299'
end-workflow	Set up job	2025-12-02T01:47:23.8278089Z Runner group name: 'swarm-runners'
end-workflow	Set up job	2025-12-02T01:47:23.8279072Z Machine name: '67fcaa882299'
end-workflow	Set up job	2025-12-02T01:47:23.8283332Z ##[group]GITHUB_TOKEN Permissions
end-workflow	Set up job	2025-12-02T01:47:23.8286090Z Actions: write
end-workflow	Set up job	2025-12-02T01:47:23.8286702Z Metadata: read
end-workflow	Set up job	2025-12-02T01:47:23.8287409Z ##[endgroup]
end-workflow	Set up job	2025-12-02T01:47:23.8289822Z Secret source: Actions
end-workflow	Set up job	2025-12-02T01:47:23.8290538Z Prepare workflow directory
end-workflow	Set up job	2025-12-02T01:47:23.8914779Z Prepare all required actions
end-workflow	Set up job	2025-12-02T01:47:23.8961210Z Getting action download info
end-workflow	Set up job	2025-12-02T01:47:24.4167121Z Download action repository 'actions/checkout@v4' (SHA:34e114876b0b11c390a56381ad16ebd13914f8d5)
end-workflow	Set up job	2025-12-02T01:47:25.2851104Z Complete job name: end-workflow
end-workflow	Checkout code	﻿2025-12-02T01:47:25.3396527Z ##[group]Run actions/checkout@v4
end-workflow	Checkout code	2025-12-02T01:47:25.3397453Z with:
end-workflow	Checkout code	2025-12-02T01:47:25.3397846Z   fetch-depth: 0
end-workflow	Checkout code	2025-12-02T01:47:25.3398527Z   token: ***
end-workflow	Checkout code	2025-12-02T01:47:25.3398980Z   repository: Ka0s-Klaus/ka0s
end-workflow	Checkout code	2025-12-02T01:47:25.3399448Z   ssh-strict: true
end-workflow	Checkout code	2025-12-02T01:47:25.3399841Z   ssh-user: git
end-workflow	Checkout code	2025-12-02T01:47:25.3400242Z   persist-credentials: true
end-workflow	Checkout code	2025-12-02T01:47:25.3400731Z   clean: true
end-workflow	Checkout code	2025-12-02T01:47:25.3401148Z   sparse-checkout-cone-mode: true
end-workflow	Checkout code	2025-12-02T01:47:25.3401633Z   fetch-tags: false
end-workflow	Checkout code	2025-12-02T01:47:25.3402041Z   show-progress: true
end-workflow	Checkout code	2025-12-02T01:47:25.3402454Z   lfs: false
end-workflow	Checkout code	2025-12-02T01:47:25.3402828Z   submodules: false
end-workflow	Checkout code	2025-12-02T01:47:25.3403244Z   set-safe-directory: true
end-workflow	Checkout code	2025-12-02T01:47:25.3403922Z env:
end-workflow	Checkout code	2025-12-02T01:47:25.3404571Z   KAOS_CODE: 19843921101
end-workflow	Checkout code	2025-12-02T01:47:25.3405045Z   KAOS_EVENT_NAME: schedule
end-workflow	Checkout code	2025-12-02T01:47:25.3405625Z   KAOS_ACTION: 
end-workflow	Checkout code	2025-12-02T01:47:25.3406011Z   KAOS_REF: refs/heads/main
end-workflow	Checkout code	2025-12-02T01:47:25.3406545Z   KAOS_MODULE: [Ka0S] Re-Run Failed Inspector Workflows
end-workflow	Checkout code	2025-12-02T01:47:25.3407175Z   KAOS_PATH_RESUME: audit/inspector/
end-workflow	Checkout code	2025-12-02T01:47:25.3427738Z   KAOS_ACTOR: santakloud
end-workflow	Checkout code	2025-12-02T01:47:25.3428451Z   GH_TOKEN: ***
end-workflow	Checkout code	2025-12-02T01:47:25.3428871Z ##[endgroup]
end-workflow	Checkout code	2025-12-02T01:47:25.4563786Z Syncing repository: Ka0s-Klaus/ka0s
end-workflow	Checkout code	2025-12-02T01:47:25.4566083Z ##[group]Getting Git version info
end-workflow	Checkout code	2025-12-02T01:47:25.4566725Z Working directory is '/home/runner/_work/ka0s/ka0s'
end-workflow	Checkout code	2025-12-02T01:47:25.4567610Z [command]/usr/bin/git version
end-workflow	Checkout code	2025-12-02T01:47:25.4568113Z git version 2.51.0
end-workflow	Checkout code	2025-12-02T01:47:25.4591945Z ##[endgroup]
end-workflow	Checkout code	2025-12-02T01:47:25.4610422Z Temporarily overriding HOME='/home/runner/_work/_temp/6556c78a-fcd5-4efe-80ba-a1bfbf19636b' before making global git config changes
end-workflow	Checkout code	2025-12-02T01:47:25.4611903Z Adding repository directory to the temporary git global config as a safe directory
end-workflow	Checkout code	2025-12-02T01:47:25.4616805Z [command]/usr/bin/git config --global --add safe.directory /home/runner/_work/ka0s/ka0s
end-workflow	Checkout code	2025-12-02T01:47:25.4667532Z [command]/usr/bin/git config --local --get remote.origin.url
end-workflow	Checkout code	2025-12-02T01:47:25.4691540Z https://github.com/Ka0s-Klaus/ka0s
end-workflow	Checkout code	2025-12-02T01:47:25.4712691Z ##[group]Removing previously created refs, to avoid conflicts
end-workflow	Checkout code	2025-12-02T01:47:25.4719740Z [command]/usr/bin/git rev-parse --symbolic-full-name --verify --quiet HEAD
end-workflow	Checkout code	2025-12-02T01:47:25.4743479Z refs/heads/main
end-workflow	Checkout code	2025-12-02T01:47:25.4753687Z [command]/usr/bin/git checkout --detach
end-workflow	Checkout code	2025-12-02T01:47:25.4835408Z HEAD is now at 71560c962 swarm-runners] Uploading files to MongoDB update repository ...
end-workflow	Checkout code	2025-12-02T01:47:25.4886244Z [command]/usr/bin/git branch --delete --force main
end-workflow	Checkout code	2025-12-02T01:47:25.4919510Z Deleted branch main (was 71560c962).
end-workflow	Checkout code	2025-12-02T01:47:25.5006581Z ##[endgroup]
end-workflow	Checkout code	2025-12-02T01:47:25.5008542Z [command]/usr/bin/git submodule status
end-workflow	Checkout code	2025-12-02T01:47:25.5261293Z ##[group]Cleaning the repository
end-workflow	Checkout code	2025-12-02T01:47:25.5267466Z [command]/usr/bin/git clean -ffdx
end-workflow	Checkout code	2025-12-02T01:47:25.5334477Z [command]/usr/bin/git reset --hard HEAD
end-workflow	Checkout code	2025-12-02T01:47:25.5417796Z HEAD is now at 71560c962 swarm-runners] Uploading files to MongoDB update repository ...
end-workflow	Checkout code	2025-12-02T01:47:25.5423697Z ##[endgroup]
end-workflow	Checkout code	2025-12-02T01:47:25.5424754Z ##[group]Disabling automatic garbage collection
end-workflow	Checkout code	2025-12-02T01:47:25.5430896Z [command]/usr/bin/git config --local gc.auto 0
end-workflow	Checkout code	2025-12-02T01:47:25.5462173Z ##[endgroup]
end-workflow	Checkout code	2025-12-02T01:47:25.5463061Z ##[group]Setting up auth
end-workflow	Checkout code	2025-12-02T01:47:25.5480255Z [command]/usr/bin/git config --local --name-only --get-regexp core\.sshCommand
end-workflow	Checkout code	2025-12-02T01:47:25.5514617Z [command]/usr/bin/git submodule foreach --recursive sh -c "git config --local --name-only --get-regexp 'core\.sshCommand' && git config --local --unset-all 'core.sshCommand' || :"
end-workflow	Checkout code	2025-12-02T01:47:25.5774871Z [command]/usr/bin/git config --local --name-only --get-regexp http\.https\:\/\/github\.com\/\.extraheader
end-workflow	Checkout code	2025-12-02T01:47:25.5810352Z [command]/usr/bin/git submodule foreach --recursive sh -c "git config --local --name-only --get-regexp 'http\.https\:\/\/github\.com\/\.extraheader' && git config --local --unset-all 'http.https://github.com/.extraheader' || :"
end-workflow	Checkout code	2025-12-02T01:47:25.6065181Z [command]/usr/bin/git config --local --name-only --get-regexp ^includeIf\.gitdir:
end-workflow	Checkout code	2025-12-02T01:47:25.6099222Z [command]/usr/bin/git submodule foreach --recursive git config --local --show-origin --name-only --get-regexp remote.origin.url
end-workflow	Checkout code	2025-12-02T01:47:25.6359571Z [command]/usr/bin/git config --local http.https://github.com/.extraheader AUTHORIZATION: basic ***
end-workflow	Checkout code	2025-12-02T01:47:25.6403190Z ##[endgroup]
end-workflow	Checkout code	2025-12-02T01:47:25.6404026Z ##[group]Fetching the repository
end-workflow	Checkout code	2025-12-02T01:47:25.6411705Z [command]/usr/bin/git -c protocol.version=2 fetch --prune --no-recurse-submodules origin +refs/heads/*:refs/remotes/origin/* +refs/tags/*:refs/tags/*
end-workflow	Checkout code	2025-12-02T01:47:26.2308660Z [command]/usr/bin/git branch --list --remote origin/main
end-workflow	Checkout code	2025-12-02T01:47:26.2370990Z   origin/main
end-workflow	Checkout code	2025-12-02T01:47:26.2379627Z [command]/usr/bin/git rev-parse refs/remotes/origin/main
end-workflow	Checkout code	2025-12-02T01:47:26.2402653Z 71560c9628d377c30bb5840685b69587f763af94
end-workflow	Checkout code	2025-12-02T01:47:26.2405882Z ##[endgroup]
end-workflow	Checkout code	2025-12-02T01:47:26.2407094Z ##[group]Determining the checkout info
end-workflow	Checkout code	2025-12-02T01:47:26.2408432Z ##[endgroup]
end-workflow	Checkout code	2025-12-02T01:47:26.2412343Z [command]/usr/bin/git sparse-checkout disable
end-workflow	Checkout code	2025-12-02T01:47:26.2474999Z [command]/usr/bin/git config --local --unset-all extensions.worktreeConfig
end-workflow	Checkout code	2025-12-02T01:47:26.2507390Z ##[group]Checking out the ref
end-workflow	Checkout code	2025-12-02T01:47:26.2511423Z [command]/usr/bin/git checkout --progress --force -B main refs/remotes/origin/main
end-workflow	Checkout code	2025-12-02T01:47:26.2594644Z Switched to a new branch 'main'
end-workflow	Checkout code	2025-12-02T01:47:26.2596715Z branch 'main' set up to track 'origin/main'.
end-workflow	Checkout code	2025-12-02T01:47:26.2603823Z ##[endgroup]
end-workflow	Checkout code	2025-12-02T01:47:26.2643628Z [command]/usr/bin/git log -1 --format=%H
end-workflow	Checkout code	2025-12-02T01:47:26.2670119Z 71560c9628d377c30bb5840685b69587f763af94
end-workflow	Finaliza el workflow	﻿2025-12-02T01:47:26.2920481Z ##[group]Run echo "End process"
end-workflow	Finaliza el workflow	2025-12-02T01:47:26.2921666Z [36;1mecho "End process"[0m
end-workflow	Finaliza el workflow	2025-12-02T01:47:26.2922822Z [36;1m# RNNUMBER=$(echo "refs/heads/main" | grep -o '[0-9]*')[0m
end-workflow	Finaliza el workflow	2025-12-02T01:47:26.2924806Z [36;1m# gh issue comment $RNNUMBER --body "Se finaliza Ka0s 19843921101"[0m
end-workflow	Finaliza el workflow	2025-12-02T01:47:26.2926363Z [36;1mecho "Se finaliza Ka0s 19843921101"[0m
end-workflow	Finaliza el workflow	2025-12-02T01:47:26.2928501Z [36;1mgh workflow run inspector.yml --ref 'main' -f kaos-issue-id=$RNNUMBER -f kaos-workflow-id="19843921101" -f kaos-user-start=""[0m
end-workflow	Finaliza el workflow	2025-12-02T01:47:26.2943455Z shell: /usr/bin/bash -e {0}
end-workflow	Finaliza el workflow	2025-12-02T01:47:26.2944695Z env:
end-workflow	Finaliza el workflow	2025-12-02T01:47:26.2945336Z   KAOS_CODE: 19843921101
end-workflow	Finaliza el workflow	2025-12-02T01:47:26.2946134Z   KAOS_EVENT_NAME: schedule
end-workflow	Finaliza el workflow	2025-12-02T01:47:26.2946956Z   KAOS_ACTION: 
end-workflow	Finaliza el workflow	2025-12-02T01:47:26.2947646Z   KAOS_REF: refs/heads/main
end-workflow	Finaliza el workflow	2025-12-02T01:47:26.2948632Z   KAOS_MODULE: [Ka0S] Re-Run Failed Inspector Workflows
end-workflow	Finaliza el workflow	2025-12-02T01:47:26.2949809Z   KAOS_PATH_RESUME: audit/inspector/
end-workflow	Finaliza el workflow	2025-12-02T01:47:26.2950765Z   KAOS_ACTOR: santakloud
end-workflow	Finaliza el workflow	2025-12-02T01:47:26.2952094Z   GH_TOKEN: ***
end-workflow	Finaliza el workflow	2025-12-02T01:47:26.2952782Z ##[endgroup]
end-workflow	Finaliza el workflow	2025-12-02T01:47:26.3080313Z End process
end-workflow	Finaliza el workflow	2025-12-02T01:47:26.3081475Z Se finaliza Ka0s 19843921101
end-workflow	Post Checkout code	﻿2025-12-02T01:47:26.9932296Z Post job cleanup.
end-workflow	Post Checkout code	2025-12-02T01:47:27.0949549Z [command]/usr/bin/git version
end-workflow	Post Checkout code	2025-12-02T01:47:27.0990536Z git version 2.51.0
end-workflow	Post Checkout code	2025-12-02T01:47:27.1042021Z Temporarily overriding HOME='/home/runner/_work/_temp/c39d34a8-a323-41df-b1b6-1fe78ca6221f' before making global git config changes
end-workflow	Post Checkout code	2025-12-02T01:47:27.1048521Z Adding repository directory to the temporary git global config as a safe directory
end-workflow	Post Checkout code	2025-12-02T01:47:27.1050258Z [command]/usr/bin/git config --global --add safe.directory /home/runner/_work/ka0s/ka0s
end-workflow	Post Checkout code	2025-12-02T01:47:27.1089381Z [command]/usr/bin/git config --local --name-only --get-regexp core\.sshCommand
end-workflow	Post Checkout code	2025-12-02T01:47:27.1128827Z [command]/usr/bin/git submodule foreach --recursive sh -c "git config --local --name-only --get-regexp 'core\.sshCommand' && git config --local --unset-all 'core.sshCommand' || :"
end-workflow	Post Checkout code	2025-12-02T01:47:27.1389573Z [command]/usr/bin/git config --local --name-only --get-regexp http\.https\:\/\/github\.com\/\.extraheader
end-workflow	Post Checkout code	2025-12-02T01:47:27.1413820Z http.https://github.com/.extraheader
end-workflow	Post Checkout code	2025-12-02T01:47:27.1427458Z [command]/usr/bin/git config --local --unset-all http.https://github.com/.extraheader
end-workflow	Post Checkout code	2025-12-02T01:47:27.1463967Z [command]/usr/bin/git submodule foreach --recursive sh -c "git config --local --name-only --get-regexp 'http\.https\:\/\/github\.com\/\.extraheader' && git config --local --unset-all 'http.https://github.com/.extraheader' || :"
end-workflow	Post Checkout code	2025-12-02T01:47:27.1724678Z [command]/usr/bin/git config --local --name-only --get-regexp ^includeIf\.gitdir:
end-workflow	Post Checkout code	2025-12-02T01:47:27.1760716Z [command]/usr/bin/git submodule foreach --recursive git config --local --show-origin --name-only --get-regexp remote.origin.url
end-workflow	Complete job	﻿2025-12-02T01:47:27.2144475Z Cleaning up orphan processes
