audit-pods	Set up job	﻿2026-02-02T21:23:03.6619413Z Current runner version: '2.331.0'
audit-pods	Set up job	2026-02-02T21:23:03.6634005Z Runner name: 'swarm-runners-scaleset-hkss5-runner-4jxqd'
audit-pods	Set up job	2026-02-02T21:23:03.6635626Z Runner group name: 'Default'
audit-pods	Set up job	2026-02-02T21:23:03.6637317Z Machine name: 'swarm-runners-scaleset-hkss5-runner-4jxqd'
audit-pods	Set up job	2026-02-02T21:23:03.6645079Z ##[group]GITHUB_TOKEN Permissions
audit-pods	Set up job	2026-02-02T21:23:03.6649834Z Actions: write
audit-pods	Set up job	2026-02-02T21:23:03.6650867Z Contents: write
audit-pods	Set up job	2026-02-02T21:23:03.6651693Z Issues: write
audit-pods	Set up job	2026-02-02T21:23:03.6652509Z Metadata: read
audit-pods	Set up job	2026-02-02T21:23:03.6653325Z ##[endgroup]
audit-pods	Set up job	2026-02-02T21:23:03.6656926Z Secret source: Actions
audit-pods	Set up job	2026-02-02T21:23:03.6658036Z Prepare workflow directory
audit-pods	Set up job	2026-02-02T21:23:03.7589033Z Prepare all required actions
audit-pods	Set up job	2026-02-02T21:23:03.7656185Z Getting action download info
audit-pods	Set up job	2026-02-02T21:23:04.4150780Z Download action repository 'actions/checkout@v4' (SHA:34e114876b0b11c390a56381ad16ebd13914f8d5)
audit-pods	Set up job	2026-02-02T21:23:05.6345696Z Complete job name: audit-pods
audit-pods	Checkout repository	﻿2026-02-02T21:23:05.7601456Z ##[group]Run actions/checkout@v4
audit-pods	Checkout repository	2026-02-02T21:23:05.7603550Z with:
audit-pods	Checkout repository	2026-02-02T21:23:05.7604579Z   repository: Ka0s-Klaus/ka0s
audit-pods	Checkout repository	2026-02-02T21:23:05.7606095Z   token: ***
audit-pods	Checkout repository	2026-02-02T21:23:05.7607189Z   ssh-strict: true
audit-pods	Checkout repository	2026-02-02T21:23:05.7608295Z   ssh-user: git
audit-pods	Checkout repository	2026-02-02T21:23:05.7609300Z   persist-credentials: true
audit-pods	Checkout repository	2026-02-02T21:23:05.7610787Z   clean: true
audit-pods	Checkout repository	2026-02-02T21:23:05.7611841Z   sparse-checkout-cone-mode: true
audit-pods	Checkout repository	2026-02-02T21:23:05.7613052Z   fetch-depth: 1
audit-pods	Checkout repository	2026-02-02T21:23:05.7614041Z   fetch-tags: false
audit-pods	Checkout repository	2026-02-02T21:23:05.7615051Z   show-progress: true
audit-pods	Checkout repository	2026-02-02T21:23:05.7616082Z   lfs: false
audit-pods	Checkout repository	2026-02-02T21:23:05.7617014Z   submodules: false
audit-pods	Checkout repository	2026-02-02T21:23:05.7618097Z   set-safe-directory: true
audit-pods	Checkout repository	2026-02-02T21:23:05.7620157Z env:
audit-pods	Checkout repository	2026-02-02T21:23:05.7621145Z   KAOS_MODULE: [Ka0S] Audit Pods
audit-pods	Checkout repository	2026-02-02T21:23:05.7622325Z   KAOS_CODE: 21607206825
audit-pods	Checkout repository	2026-02-02T21:23:05.7623377Z ##[endgroup]
audit-pods	Checkout repository	2026-02-02T21:23:05.9735513Z Syncing repository: Ka0s-Klaus/ka0s
audit-pods	Checkout repository	2026-02-02T21:23:05.9739839Z ##[group]Getting Git version info
audit-pods	Checkout repository	2026-02-02T21:23:05.9741734Z Working directory is '/home/runner/_work/ka0s/ka0s'
audit-pods	Checkout repository	2026-02-02T21:23:05.9744722Z [command]/usr/bin/git version
audit-pods	Checkout repository	2026-02-02T21:23:05.9746018Z git version 2.52.0
audit-pods	Checkout repository	2026-02-02T21:23:05.9767318Z ##[endgroup]
audit-pods	Checkout repository	2026-02-02T21:23:05.9794206Z Temporarily overriding HOME='/home/runner/_work/_temp/617c8d4c-b88e-4fb5-9b85-a6a2bf07021b' before making global git config changes
audit-pods	Checkout repository	2026-02-02T21:23:05.9797635Z Adding repository directory to the temporary git global config as a safe directory
audit-pods	Checkout repository	2026-02-02T21:23:05.9806301Z [command]/usr/bin/git config --global --add safe.directory /home/runner/_work/ka0s/ka0s
audit-pods	Checkout repository	2026-02-02T21:23:05.9866484Z Deleting the contents of '/home/runner/_work/ka0s/ka0s'
audit-pods	Checkout repository	2026-02-02T21:23:05.9874649Z ##[group]Initializing the repository
audit-pods	Checkout repository	2026-02-02T21:23:05.9883347Z [command]/usr/bin/git init /home/runner/_work/ka0s/ka0s
audit-pods	Checkout repository	2026-02-02T21:23:05.9965512Z hint: Using 'master' as the name for the initial branch. This default branch name
audit-pods	Checkout repository	2026-02-02T21:23:05.9970257Z hint: will change to "main" in Git 3.0. To configure the initial branch name
audit-pods	Checkout repository	2026-02-02T21:23:05.9974758Z hint: to use in all of your new repositories, which will suppress this warning,
audit-pods	Checkout repository	2026-02-02T21:23:05.9978377Z hint: call:
audit-pods	Checkout repository	2026-02-02T21:23:05.9980500Z hint:
audit-pods	Checkout repository	2026-02-02T21:23:05.9982965Z hint: 	git config --global init.defaultBranch <name>
audit-pods	Checkout repository	2026-02-02T21:23:05.9985873Z hint:
audit-pods	Checkout repository	2026-02-02T21:23:05.9988571Z hint: Names commonly chosen instead of 'master' are 'main', 'trunk' and
audit-pods	Checkout repository	2026-02-02T21:23:05.9993531Z hint: 'development'. The just-created branch can be renamed via this command:
audit-pods	Checkout repository	2026-02-02T21:23:05.9997145Z hint:
audit-pods	Checkout repository	2026-02-02T21:23:05.9999288Z hint: 	git branch -m <name>
audit-pods	Checkout repository	2026-02-02T21:23:06.0001568Z hint:
audit-pods	Checkout repository	2026-02-02T21:23:06.0004319Z hint: Disable this message with "git config set advice.defaultBranchName false"
audit-pods	Checkout repository	2026-02-02T21:23:06.0007758Z Initialized empty Git repository in /home/runner/_work/ka0s/ka0s/.git/
audit-pods	Checkout repository	2026-02-02T21:23:06.0014028Z [command]/usr/bin/git remote add origin https://github.com/Ka0s-Klaus/ka0s
audit-pods	Checkout repository	2026-02-02T21:23:06.0057215Z ##[endgroup]
audit-pods	Checkout repository	2026-02-02T21:23:06.0062177Z ##[group]Disabling automatic garbage collection
audit-pods	Checkout repository	2026-02-02T21:23:06.0066276Z [command]/usr/bin/git config --local gc.auto 0
audit-pods	Checkout repository	2026-02-02T21:23:06.0116804Z ##[endgroup]
audit-pods	Checkout repository	2026-02-02T21:23:06.0120608Z ##[group]Setting up auth
audit-pods	Checkout repository	2026-02-02T21:23:06.0131698Z [command]/usr/bin/git config --local --name-only --get-regexp core\.sshCommand
audit-pods	Checkout repository	2026-02-02T21:23:06.0186175Z [command]/usr/bin/git submodule foreach --recursive sh -c "git config --local --name-only --get-regexp 'core\.sshCommand' && git config --local --unset-all 'core.sshCommand' || :"
audit-pods	Checkout repository	2026-02-02T21:23:06.0546951Z [command]/usr/bin/git config --local --name-only --get-regexp http\.https\:\/\/github\.com\/\.extraheader
audit-pods	Checkout repository	2026-02-02T21:23:06.0604100Z [command]/usr/bin/git submodule foreach --recursive sh -c "git config --local --name-only --get-regexp 'http\.https\:\/\/github\.com\/\.extraheader' && git config --local --unset-all 'http.https://github.com/.extraheader' || :"
audit-pods	Checkout repository	2026-02-02T21:23:06.0966390Z [command]/usr/bin/git config --local --name-only --get-regexp ^includeIf\.gitdir:
audit-pods	Checkout repository	2026-02-02T21:23:06.1018337Z [command]/usr/bin/git submodule foreach --recursive git config --local --show-origin --name-only --get-regexp remote.origin.url
audit-pods	Checkout repository	2026-02-02T21:23:06.1352127Z [command]/usr/bin/git config --local http.https://github.com/.extraheader AUTHORIZATION: basic ***
audit-pods	Checkout repository	2026-02-02T21:23:06.1410424Z ##[endgroup]
audit-pods	Checkout repository	2026-02-02T21:23:06.1414442Z ##[group]Fetching the repository
audit-pods	Checkout repository	2026-02-02T21:23:06.1443916Z [command]/usr/bin/git -c protocol.version=2 fetch --no-tags --prune --no-recurse-submodules --depth=1 origin +40d6e877ae24853c13e67cc192b8f1b981671183:refs/remotes/origin/main
audit-pods	Checkout repository	2026-02-02T21:23:15.0150632Z From https://github.com/Ka0s-Klaus/ka0s
audit-pods	Checkout repository	2026-02-02T21:23:15.0154807Z  * [new ref]         40d6e877ae24853c13e67cc192b8f1b981671183 -> origin/main
audit-pods	Checkout repository	2026-02-02T21:23:15.0232083Z ##[endgroup]
audit-pods	Checkout repository	2026-02-02T21:23:15.0234422Z ##[group]Determining the checkout info
audit-pods	Checkout repository	2026-02-02T21:23:15.0236676Z ##[endgroup]
audit-pods	Checkout repository	2026-02-02T21:23:15.0257952Z [command]/usr/bin/git sparse-checkout disable
audit-pods	Checkout repository	2026-02-02T21:23:15.0534495Z [command]/usr/bin/git config --local --unset-all extensions.worktreeConfig
audit-pods	Checkout repository	2026-02-02T21:23:15.2313928Z ##[group]Checking out the ref
audit-pods	Checkout repository	2026-02-02T21:23:15.2336290Z [command]/usr/bin/git checkout --progress --force -B main refs/remotes/origin/main
audit-pods	Checkout repository	2026-02-02T21:23:16.0828744Z Switched to a new branch 'main'
audit-pods	Checkout repository	2026-02-02T21:23:16.0833131Z branch 'main' set up to track 'origin/main'.
audit-pods	Checkout repository	2026-02-02T21:23:16.0978597Z ##[endgroup]
audit-pods	Checkout repository	2026-02-02T21:23:16.1048940Z [command]/usr/bin/git log -1 --format=%H
audit-pods	Checkout repository	2026-02-02T21:23:16.1094581Z 40d6e877ae24853c13e67cc192b8f1b981671183
audit-pods	Execute Audit Script	﻿2026-02-02T21:23:16.1834094Z Prepare all required actions
audit-pods	Execute Audit Script	2026-02-02T21:23:16.2125838Z ##[group]Run ./.github/actions/ssh-exec
audit-pods	Execute Audit Script	2026-02-02T21:23:16.2126506Z with:
audit-pods	Execute Audit Script	2026-02-02T21:23:16.2127273Z   host: ***
audit-pods	Execute Audit Script	2026-02-02T21:23:16.2127752Z   username: ***
audit-pods	Execute Audit Script	2026-02-02T21:23:16.2132583Z   key: ***
audit-pods	Execute Audit Script	2026-02-02T21:23:16.2133049Z   port: ***
audit-pods	Execute Audit Script	2026-02-02T21:23:16.2133461Z   use-sudo: true
audit-pods	Execute Audit Script	2026-02-02T21:23:16.2133909Z   pass: ***
audit-pods	Execute Audit Script	2026-02-02T21:23:16.2134459Z   script-path: devops/core/k8s/audit-failed-pods.sh
audit-pods	Execute Audit Script	2026-02-02T21:23:16.2135186Z   remote-results-path: /tmp/results
audit-pods	Execute Audit Script	2026-02-02T21:23:16.2135825Z   local-results-path: audit/kube/
audit-pods	Execute Audit Script	2026-02-02T21:23:16.2136407Z   remote-tmp-dir: /tmp
audit-pods	Execute Audit Script	2026-02-02T21:23:16.2136855Z env:
audit-pods	Execute Audit Script	2026-02-02T21:23:16.2137264Z   KAOS_MODULE: [Ka0S] Audit Pods
audit-pods	Execute Audit Script	2026-02-02T21:23:16.2137838Z   KAOS_CODE: 21607206825
audit-pods	Execute Audit Script	2026-02-02T21:23:16.2138351Z ##[endgroup]
audit-pods	Execute Audit Script	2026-02-02T21:23:16.2358649Z ##[group]Run echo "***
audit-pods	Execute Audit Script	2026-02-02T21:23:16.2359421Z [36;1mecho "***[0m
audit-pods	Execute Audit Script	2026-02-02T21:23:16.2360472Z [36;1m***[0m
audit-pods	Execute Audit Script	2026-02-02T21:23:16.2361332Z [36;1m***[0m
audit-pods	Execute Audit Script	2026-02-02T21:23:16.2362263Z [36;1m***[0m
audit-pods	Execute Audit Script	2026-02-02T21:23:16.2363023Z [36;1m***[0m
audit-pods	Execute Audit Script	2026-02-02T21:23:16.2363798Z [36;1m***[0m
audit-pods	Execute Audit Script	2026-02-02T21:23:16.2364495Z [36;1m***" > /home/runner/_work/_temp/ssh_key[0m
audit-pods	Execute Audit Script	2026-02-02T21:23:16.2365193Z [36;1mchmod 600 /home/runner/_work/_temp/ssh_key[0m
audit-pods	Execute Audit Script	2026-02-02T21:23:16.2386279Z shell: /usr/bin/bash --noprofile --norc -e -o pipefail {0}
audit-pods	Execute Audit Script	2026-02-02T21:23:16.2387470Z env:
audit-pods	Execute Audit Script	2026-02-02T21:23:16.2387906Z   KAOS_MODULE: [Ka0S] Audit Pods
audit-pods	Execute Audit Script	2026-02-02T21:23:16.2388460Z   KAOS_CODE: 21607206825
audit-pods	Execute Audit Script	2026-02-02T21:23:16.2388928Z ##[endgroup]
audit-pods	Execute Audit Script	2026-02-02T21:23:16.2636862Z ##[group]Run scp -o StrictHostKeyChecking=no -i /home/runner/_work/_temp/ssh_key -P *** devops/core/k8s/audit-failed-pods.sh ***@***:/tmp
audit-pods	Execute Audit Script	2026-02-02T21:23:16.2639419Z [36;1mscp -o StrictHostKeyChecking=no -i /home/runner/_work/_temp/ssh_key -P *** devops/core/k8s/audit-failed-pods.sh ***@***:/tmp[0m
audit-pods	Execute Audit Script	2026-02-02T21:23:16.2652359Z shell: /usr/bin/bash --noprofile --norc -e -o pipefail {0}
audit-pods	Execute Audit Script	2026-02-02T21:23:16.2653452Z env:
audit-pods	Execute Audit Script	2026-02-02T21:23:16.2653919Z   KAOS_MODULE: [Ka0S] Audit Pods
audit-pods	Execute Audit Script	2026-02-02T21:23:16.2654478Z   KAOS_CODE: 21607206825
audit-pods	Execute Audit Script	2026-02-02T21:23:16.2654944Z ##[endgroup]
audit-pods	Execute Audit Script	2026-02-02T21:23:16.5400097Z Warning: Permanently added '[***]:***' (ED25519) to the list of known hosts.
audit-pods	Execute Audit Script	2026-02-02T21:23:17.4144281Z ##[group]Run REMOTE_SCRIPT_PATH="/tmp/$(basename devops/core/k8s/audit-failed-pods.sh)"
audit-pods	Execute Audit Script	2026-02-02T21:23:17.4146993Z [36;1mREMOTE_SCRIPT_PATH="/tmp/$(basename devops/core/k8s/audit-failed-pods.sh)"[0m
audit-pods	Execute Audit Script	2026-02-02T21:23:17.4150185Z [36;1mEXEC_COMMAND="chmod +x $REMOTE_SCRIPT_PATH && $REMOTE_SCRIPT_PATH "[0m
audit-pods	Execute Audit Script	2026-02-02T21:23:17.4152016Z [36;1mif [[ "true" == "true" ]]; then[0m
audit-pods	Execute Audit Script	2026-02-02T21:23:17.4154056Z [36;1m  SUDO_PREFIX="echo '***' | sudo -S"[0m
audit-pods	Execute Audit Script	2026-02-02T21:23:17.4155708Z [36;1m  COMMAND_CHAIN="$SUDO_PREFIX bash -c '$EXEC_COMMAND'"[0m
audit-pods	Execute Audit Script	2026-02-02T21:23:17.4157322Z [36;1m  if [[ "/tmp/results" != "" ]]; then[0m
audit-pods	Execute Audit Script	2026-02-02T21:23:17.4159146Z [36;1m    COMMAND_CHAIN="$COMMAND_CHAIN && $SUDO_PREFIX chmod -R 777 /tmp/results"[0m
audit-pods	Execute Audit Script	2026-02-02T21:23:17.4161517Z [36;1m  fi[0m
audit-pods	Execute Audit Script	2026-02-02T21:23:17.4164173Z [36;1m  ssh -o StrictHostKeyChecking=no -i /home/runner/_work/_temp/ssh_key -p *** ***@*** "$COMMAND_CHAIN && rm $REMOTE_SCRIPT_PATH"[0m
audit-pods	Execute Audit Script	2026-02-02T21:23:17.4166784Z [36;1melse[0m
audit-pods	Execute Audit Script	2026-02-02T21:23:17.4169332Z [36;1m  ssh -o StrictHostKeyChecking=no -i /home/runner/_work/_temp/ssh_key -p *** ***@*** "$EXEC_COMMAND && rm $REMOTE_SCRIPT_PATH"[0m
audit-pods	Execute Audit Script	2026-02-02T21:23:17.4172105Z [36;1mfi[0m
audit-pods	Execute Audit Script	2026-02-02T21:23:17.4193216Z shell: /usr/bin/bash --noprofile --norc -e -o pipefail {0}
audit-pods	Execute Audit Script	2026-02-02T21:23:17.4194557Z env:
audit-pods	Execute Audit Script	2026-02-02T21:23:17.4195320Z   KAOS_MODULE: [Ka0S] Audit Pods
audit-pods	Execute Audit Script	2026-02-02T21:23:17.4196416Z   KAOS_CODE: 21607206825
audit-pods	Execute Audit Script	2026-02-02T21:23:17.4197326Z ##[endgroup]
audit-pods	Execute Audit Script	2026-02-02T21:23:17.9463139Z [INFO] Iniciando auditoría de pods fallidos...
audit-pods	Execute Audit Script	2026-02-02T21:23:17.9464460Z [INFO] Directorio de salida: /tmp/results
audit-pods	Execute Audit Script	2026-02-02T21:23:18.4686914Z [SUCCESS] Auditoría finalizada. Se encontraron 0 pods con problemas.
audit-pods	Execute Audit Script	2026-02-02T21:23:18.4690168Z [INFO] Resultado guardado en: /tmp/results/failed_pods.json
audit-pods	Execute Audit Script	2026-02-02T21:23:18.5020757Z [sudo] password for ***: 
audit-pods	Execute Audit Script	2026-02-02T21:23:18.5170012Z ##[group]Run mkdir -p audit/kube/
audit-pods	Execute Audit Script	2026-02-02T21:23:18.5171675Z [36;1mmkdir -p audit/kube/[0m
audit-pods	Execute Audit Script	2026-02-02T21:23:18.5174719Z [36;1mscp -o StrictHostKeyChecking=no -r -i /home/runner/_work/_temp/ssh_key -P *** ***@***:/tmp/results/* audit/kube/[0m
audit-pods	Execute Audit Script	2026-02-02T21:23:18.5177287Z [36;1mecho "path=audit/kube/" >> $GITHUB_OUTPUT[0m
audit-pods	Execute Audit Script	2026-02-02T21:23:18.5199963Z shell: /usr/bin/bash --noprofile --norc -e -o pipefail {0}
audit-pods	Execute Audit Script	2026-02-02T21:23:18.5202083Z env:
audit-pods	Execute Audit Script	2026-02-02T21:23:18.5202872Z   KAOS_MODULE: [Ka0S] Audit Pods
audit-pods	Execute Audit Script	2026-02-02T21:23:18.5203876Z   KAOS_CODE: 21607206825
audit-pods	Execute Audit Script	2026-02-02T21:23:18.5204733Z ##[endgroup]
audit-pods	Commit Results	﻿2026-02-02T21:23:19.1368582Z ##[group]Run git config --global user.name "Ka0s Bot"
audit-pods	Commit Results	2026-02-02T21:23:19.1371006Z [36;1mgit config --global user.name "Ka0s Bot"[0m
audit-pods	Commit Results	2026-02-02T21:23:19.1372823Z [36;1mgit config --global user.email "bot@ka0s.io"[0m
audit-pods	Commit Results	2026-02-02T21:23:19.1374554Z [36;1mgit add audit/kube/failed_pods.json[0m
audit-pods	Commit Results	2026-02-02T21:23:19.1376151Z [36;1mif ! git diff --staged --quiet; then[0m
audit-pods	Commit Results	2026-02-02T21:23:19.1378321Z [36;1m  git commit -m "[Audit] Update failed pods report $(date +'%Y-%m-%d %H:%M')"[0m
audit-pods	Commit Results	2026-02-02T21:23:19.1380831Z [36;1m  git push[0m
audit-pods	Commit Results	2026-02-02T21:23:19.1381848Z [36;1melse[0m
audit-pods	Commit Results	2026-02-02T21:23:19.1383798Z [36;1m  echo "No changes in failed pods report."[0m
audit-pods	Commit Results	2026-02-02T21:23:19.1385290Z [36;1mfi[0m
audit-pods	Commit Results	2026-02-02T21:23:19.1412071Z shell: /usr/bin/bash -e {0}
audit-pods	Commit Results	2026-02-02T21:23:19.1413942Z env:
audit-pods	Commit Results	2026-02-02T21:23:19.1415481Z   KAOS_MODULE: [Ka0S] Audit Pods
audit-pods	Commit Results	2026-02-02T21:23:19.1416902Z   KAOS_CODE: 21607206825
audit-pods	Commit Results	2026-02-02T21:23:19.1417891Z ##[endgroup]
audit-pods	Commit Results	2026-02-02T21:23:19.4297558Z No changes in failed pods report.
audit-pods	Process Tickets in iTop	﻿2026-02-02T21:23:19.4424389Z ##[group]Run python3 devops/core/k8s/process-failed-pods.py
audit-pods	Process Tickets in iTop	2026-02-02T21:23:19.4425893Z [36;1mpython3 devops/core/k8s/process-failed-pods.py[0m
audit-pods	Process Tickets in iTop	2026-02-02T21:23:19.4437286Z shell: /usr/bin/bash -e {0}
audit-pods	Process Tickets in iTop	2026-02-02T21:23:19.4438189Z env:
audit-pods	Process Tickets in iTop	2026-02-02T21:23:19.4438941Z   KAOS_MODULE: [Ka0S] Audit Pods
audit-pods	Process Tickets in iTop	2026-02-02T21:23:19.4439911Z   KAOS_CODE: 21607206825
audit-pods	Process Tickets in iTop	2026-02-02T21:23:19.4440607Z   ITOP_URL: ***
audit-pods	Process Tickets in iTop	2026-02-02T21:23:19.4441063Z   ITOP_USER: ***
audit-pods	Process Tickets in iTop	2026-02-02T21:23:19.4441552Z   ITOP_PASSWORD: ***
audit-pods	Process Tickets in iTop	2026-02-02T21:23:19.4442146Z   FAILED_PODS_FILE: audit/kube/failed_pods.json
audit-pods	Process Tickets in iTop	2026-02-02T21:23:19.4442870Z ##[endgroup]
audit-pods	Process Tickets in iTop	2026-02-02T21:23:19.6495487Z [INFO] Current Failed Pods: 0
audit-pods	Process Tickets in iTop	2026-02-02T21:23:19.6506455Z [DEBUG] POST to ***/webservices/rest.php?version=1.3
audit-pods	Process Tickets in iTop	2026-02-02T21:23:19.6510447Z [FATAL] Unexpected Error: Expecting value: line 1 column 1 (char 0)
audit-pods	Process Tickets in iTop	2026-02-02T21:23:19.6697822Z ##[error]Process completed with exit code 1.
audit-pods	Post Checkout repository	﻿2026-02-02T21:23:19.7039562Z Post job cleanup.
audit-pods	Post Checkout repository	2026-02-02T21:23:19.8770075Z [command]/usr/bin/git version
audit-pods	Post Checkout repository	2026-02-02T21:23:19.8831000Z git version 2.52.0
audit-pods	Post Checkout repository	2026-02-02T21:23:19.8902105Z Copying '/home/runner/.gitconfig' to '/home/runner/_work/_temp/15290341-a33c-485e-af40-93cb414acd0d/.gitconfig'
audit-pods	Post Checkout repository	2026-02-02T21:23:19.8921901Z Temporarily overriding HOME='/home/runner/_work/_temp/15290341-a33c-485e-af40-93cb414acd0d' before making global git config changes
audit-pods	Post Checkout repository	2026-02-02T21:23:19.8924168Z Adding repository directory to the temporary git global config as a safe directory
audit-pods	Post Checkout repository	2026-02-02T21:23:19.8932063Z [command]/usr/bin/git config --global --add safe.directory /home/runner/_work/ka0s/ka0s
audit-pods	Post Checkout repository	2026-02-02T21:23:19.8990843Z [command]/usr/bin/git config --local --name-only --get-regexp core\.sshCommand
audit-pods	Post Checkout repository	2026-02-02T21:23:19.9062326Z [command]/usr/bin/git submodule foreach --recursive sh -c "git config --local --name-only --get-regexp 'core\.sshCommand' && git config --local --unset-all 'core.sshCommand' || :"
audit-pods	Post Checkout repository	2026-02-02T21:23:19.9431023Z [command]/usr/bin/git config --local --name-only --get-regexp http\.https\:\/\/github\.com\/\.extraheader
audit-pods	Post Checkout repository	2026-02-02T21:23:19.9463877Z http.https://github.com/.extraheader
audit-pods	Post Checkout repository	2026-02-02T21:23:19.9486566Z [command]/usr/bin/git config --local --unset-all http.https://github.com/.extraheader
audit-pods	Post Checkout repository	2026-02-02T21:23:19.9537151Z [command]/usr/bin/git submodule foreach --recursive sh -c "git config --local --name-only --get-regexp 'http\.https\:\/\/github\.com\/\.extraheader' && git config --local --unset-all 'http.https://github.com/.extraheader' || :"
audit-pods	Post Checkout repository	2026-02-02T21:23:19.9893224Z [command]/usr/bin/git config --local --name-only --get-regexp ^includeIf\.gitdir:
audit-pods	Post Checkout repository	2026-02-02T21:23:19.9950424Z [command]/usr/bin/git submodule foreach --recursive git config --local --show-origin --name-only --get-regexp remote.origin.url
audit-pods	Complete job	﻿2026-02-02T21:23:20.0531984Z Cleaning up orphan processes
handle_failure	Set up job	﻿2026-02-02T21:23:45.9548854Z Current runner version: '2.331.0'
handle_failure	Set up job	2026-02-02T21:23:45.9563552Z Runner name: 'swarm-runners-scaleset-hkss5-runner-2v2qk'
handle_failure	Set up job	2026-02-02T21:23:45.9565276Z Runner group name: 'Default'
handle_failure	Set up job	2026-02-02T21:23:45.9566852Z Machine name: 'swarm-runners-scaleset-hkss5-runner-2v2qk'
handle_failure	Set up job	2026-02-02T21:23:45.9574303Z ##[group]GITHUB_TOKEN Permissions
handle_failure	Set up job	2026-02-02T21:23:45.9578615Z Actions: write
handle_failure	Set up job	2026-02-02T21:23:45.9579921Z Contents: write
handle_failure	Set up job	2026-02-02T21:23:45.9580949Z Issues: write
handle_failure	Set up job	2026-02-02T21:23:45.9581790Z Metadata: read
handle_failure	Set up job	2026-02-02T21:23:45.9582751Z ##[endgroup]
handle_failure	Set up job	2026-02-02T21:23:45.9586433Z Secret source: Actions
handle_failure	Set up job	2026-02-02T21:23:45.9587510Z Prepare workflow directory
handle_failure	Set up job	2026-02-02T21:23:46.0610180Z Prepare all required actions
handle_failure	Set up job	2026-02-02T21:23:46.0772825Z Complete job name: handle_failure
handle_failure	Run echo "Error detected in [Ka0S] Audit Pods, creating issue..."	﻿2026-02-02T21:23:46.2186391Z ##[group]Run echo "Error detected in [Ka0S] Audit Pods, creating issue..."
handle_failure	Run echo "Error detected in [Ka0S] Audit Pods, creating issue..."	2026-02-02T21:23:46.2189761Z [36;1mecho "Error detected in [Ka0S] Audit Pods, creating issue..."[0m
handle_failure	Run echo "Error detected in [Ka0S] Audit Pods, creating issue..."	2026-02-02T21:23:46.2253720Z shell: /usr/bin/bash -e {0}
handle_failure	Run echo "Error detected in [Ka0S] Audit Pods, creating issue..."	2026-02-02T21:23:46.2256197Z env:
handle_failure	Run echo "Error detected in [Ka0S] Audit Pods, creating issue..."	2026-02-02T21:23:46.2257400Z   KAOS_MODULE: [Ka0S] Audit Pods
handle_failure	Run echo "Error detected in [Ka0S] Audit Pods, creating issue..."	2026-02-02T21:23:46.2258891Z   KAOS_CODE: 21607206825
handle_failure	Run echo "Error detected in [Ka0S] Audit Pods, creating issue..."	2026-02-02T21:23:46.2261463Z ##[endgroup]
handle_failure	Run echo "Error detected in [Ka0S] Audit Pods, creating issue..."	2026-02-02T21:23:46.3037980Z Error detected in [Ka0S] Audit Pods, creating issue...
handle_failure	Complete job	﻿2026-02-02T21:23:46.3375681Z Cleaning up orphan processes
end-workflow	Set up job	﻿2026-02-02T21:24:06.1810881Z Current runner version: '2.331.0'
end-workflow	Set up job	2026-02-02T21:24:06.1826935Z Runner name: 'swarm-runners-scaleset-hkss5-runner-xc9xx'
end-workflow	Set up job	2026-02-02T21:24:06.1828759Z Runner group name: 'Default'
end-workflow	Set up job	2026-02-02T21:24:06.1830731Z Machine name: 'swarm-runners-scaleset-hkss5-runner-xc9xx'
end-workflow	Set up job	2026-02-02T21:24:06.1839295Z ##[group]GITHUB_TOKEN Permissions
end-workflow	Set up job	2026-02-02T21:24:06.1844214Z Actions: write
end-workflow	Set up job	2026-02-02T21:24:06.1845072Z Contents: write
end-workflow	Set up job	2026-02-02T21:24:06.1845937Z Issues: write
end-workflow	Set up job	2026-02-02T21:24:06.1846768Z Metadata: read
end-workflow	Set up job	2026-02-02T21:24:06.1847598Z ##[endgroup]
end-workflow	Set up job	2026-02-02T21:24:06.1851590Z Secret source: Actions
end-workflow	Set up job	2026-02-02T21:24:06.1852818Z Prepare workflow directory
end-workflow	Set up job	2026-02-02T21:24:06.3923977Z Prepare all required actions
end-workflow	Set up job	2026-02-02T21:24:06.4036134Z Getting action download info
end-workflow	Set up job	2026-02-02T21:24:07.0229984Z Download action repository 'actions/checkout@v4' (SHA:34e114876b0b11c390a56381ad16ebd13914f8d5)
end-workflow	Set up job	2026-02-02T21:24:08.3211126Z Complete job name: end-workflow
end-workflow	Checkout code	﻿2026-02-02T21:24:08.4418981Z ##[group]Run actions/checkout@v4
end-workflow	Checkout code	2026-02-02T21:24:08.4421034Z with:
end-workflow	Checkout code	2026-02-02T21:24:08.4421833Z   fetch-depth: 0
end-workflow	Checkout code	2026-02-02T21:24:08.4422657Z   repository: Ka0s-Klaus/ka0s
end-workflow	Checkout code	2026-02-02T21:24:08.4424021Z   token: ***
end-workflow	Checkout code	2026-02-02T21:24:08.4424811Z   ssh-strict: true
end-workflow	Checkout code	2026-02-02T21:24:08.4425635Z   ssh-user: git
end-workflow	Checkout code	2026-02-02T21:24:08.4426453Z   persist-credentials: true
end-workflow	Checkout code	2026-02-02T21:24:08.4427364Z   clean: true
end-workflow	Checkout code	2026-02-02T21:24:08.4428177Z   sparse-checkout-cone-mode: true
end-workflow	Checkout code	2026-02-02T21:24:08.4429167Z   fetch-tags: false
end-workflow	Checkout code	2026-02-02T21:24:08.4430146Z   show-progress: true
end-workflow	Checkout code	2026-02-02T21:24:08.4430984Z   lfs: false
end-workflow	Checkout code	2026-02-02T21:24:08.4431737Z   submodules: false
end-workflow	Checkout code	2026-02-02T21:24:08.4432604Z   set-safe-directory: true
end-workflow	Checkout code	2026-02-02T21:24:08.4434011Z env:
end-workflow	Checkout code	2026-02-02T21:24:08.4434777Z   KAOS_MODULE: [Ka0S] Audit Pods
end-workflow	Checkout code	2026-02-02T21:24:08.4435754Z   KAOS_CODE: 21607206825
end-workflow	Checkout code	2026-02-02T21:24:08.4436887Z   GH_TOKEN: ***
end-workflow	Checkout code	2026-02-02T21:24:08.4437739Z ##[endgroup]
end-workflow	Checkout code	2026-02-02T21:24:08.6605731Z Syncing repository: Ka0s-Klaus/ka0s
end-workflow	Checkout code	2026-02-02T21:24:08.6612354Z ##[group]Getting Git version info
end-workflow	Checkout code	2026-02-02T21:24:08.6614790Z Working directory is '/home/runner/_work/ka0s/ka0s'
end-workflow	Checkout code	2026-02-02T21:24:08.6618221Z [command]/usr/bin/git version
end-workflow	Checkout code	2026-02-02T21:24:08.6620288Z git version 2.52.0
end-workflow	Checkout code	2026-02-02T21:24:08.6638762Z ##[endgroup]
end-workflow	Checkout code	2026-02-02T21:24:08.6666767Z Temporarily overriding HOME='/home/runner/_work/_temp/0571e270-1323-456a-bb20-a9e048d93500' before making global git config changes
end-workflow	Checkout code	2026-02-02T21:24:08.6670118Z Adding repository directory to the temporary git global config as a safe directory
end-workflow	Checkout code	2026-02-02T21:24:08.6676761Z [command]/usr/bin/git config --global --add safe.directory /home/runner/_work/ka0s/ka0s
end-workflow	Checkout code	2026-02-02T21:24:08.6737945Z Deleting the contents of '/home/runner/_work/ka0s/ka0s'
end-workflow	Checkout code	2026-02-02T21:24:08.6745756Z ##[group]Initializing the repository
end-workflow	Checkout code	2026-02-02T21:24:08.6753264Z [command]/usr/bin/git init /home/runner/_work/ka0s/ka0s
end-workflow	Checkout code	2026-02-02T21:24:08.6833115Z hint: Using 'master' as the name for the initial branch. This default branch name
end-workflow	Checkout code	2026-02-02T21:24:08.6835262Z hint: will change to "main" in Git 3.0. To configure the initial branch name
end-workflow	Checkout code	2026-02-02T21:24:08.6837115Z hint: to use in all of your new repositories, which will suppress this warning,
end-workflow	Checkout code	2026-02-02T21:24:08.6838587Z hint: call:
end-workflow	Checkout code	2026-02-02T21:24:08.6839983Z hint:
end-workflow	Checkout code	2026-02-02T21:24:08.6841799Z hint: 	git config --global init.defaultBranch <name>
end-workflow	Checkout code	2026-02-02T21:24:08.6844974Z hint:
end-workflow	Checkout code	2026-02-02T21:24:08.6846982Z hint: Names commonly chosen instead of 'master' are 'main', 'trunk' and
end-workflow	Checkout code	2026-02-02T21:24:08.6850223Z hint: 'development'. The just-created branch can be renamed via this command:
end-workflow	Checkout code	2026-02-02T21:24:08.6851862Z hint:
end-workflow	Checkout code	2026-02-02T21:24:08.6852796Z hint: 	git branch -m <name>
end-workflow	Checkout code	2026-02-02T21:24:08.6853699Z hint:
end-workflow	Checkout code	2026-02-02T21:24:08.6854852Z hint: Disable this message with "git config set advice.defaultBranchName false"
end-workflow	Checkout code	2026-02-02T21:24:08.6856698Z Initialized empty Git repository in /home/runner/_work/ka0s/ka0s/.git/
end-workflow	Checkout code	2026-02-02T21:24:08.6860511Z [command]/usr/bin/git remote add origin https://github.com/Ka0s-Klaus/ka0s
end-workflow	Checkout code	2026-02-02T21:24:08.6916171Z ##[endgroup]
end-workflow	Checkout code	2026-02-02T21:24:08.6917772Z ##[group]Disabling automatic garbage collection
end-workflow	Checkout code	2026-02-02T21:24:08.6925325Z [command]/usr/bin/git config --local gc.auto 0
end-workflow	Checkout code	2026-02-02T21:24:08.6974024Z ##[endgroup]
end-workflow	Checkout code	2026-02-02T21:24:08.6976375Z ##[group]Setting up auth
end-workflow	Checkout code	2026-02-02T21:24:08.6987648Z [command]/usr/bin/git config --local --name-only --get-regexp core\.sshCommand
end-workflow	Checkout code	2026-02-02T21:24:08.7039137Z [command]/usr/bin/git submodule foreach --recursive sh -c "git config --local --name-only --get-regexp 'core\.sshCommand' && git config --local --unset-all 'core.sshCommand' || :"
end-workflow	Checkout code	2026-02-02T21:24:08.7364905Z [command]/usr/bin/git config --local --name-only --get-regexp http\.https\:\/\/github\.com\/\.extraheader
end-workflow	Checkout code	2026-02-02T21:24:08.7416315Z [command]/usr/bin/git submodule foreach --recursive sh -c "git config --local --name-only --get-regexp 'http\.https\:\/\/github\.com\/\.extraheader' && git config --local --unset-all 'http.https://github.com/.extraheader' || :"
end-workflow	Checkout code	2026-02-02T21:24:08.7763580Z [command]/usr/bin/git config --local --name-only --get-regexp ^includeIf\.gitdir:
end-workflow	Checkout code	2026-02-02T21:24:08.7814853Z [command]/usr/bin/git submodule foreach --recursive git config --local --show-origin --name-only --get-regexp remote.origin.url
end-workflow	Checkout code	2026-02-02T21:24:08.8148259Z [command]/usr/bin/git config --local http.https://github.com/.extraheader AUTHORIZATION: basic ***
end-workflow	Checkout code	2026-02-02T21:24:08.8226805Z ##[endgroup]
end-workflow	Checkout code	2026-02-02T21:24:08.8228322Z ##[group]Fetching the repository
end-workflow	Checkout code	2026-02-02T21:24:08.8243283Z [command]/usr/bin/git -c protocol.version=2 fetch --prune --no-recurse-submodules origin +refs/heads/*:refs/remotes/origin/* +refs/tags/*:refs/tags/*
end-workflow	Checkout code	2026-02-02T21:24:39.1521191Z From https://github.com/Ka0s-Klaus/ka0s
end-workflow	Checkout code	2026-02-02T21:24:39.1523566Z  * [new branch]          F1149-desarrollo-de-orchestrator -> origin/F1149-desarrollo-de-orchestrator
end-workflow	Checkout code	2026-02-02T21:24:39.1526804Z  * [new branch]          F1183-personalización-módulo-finops -> origin/F1183-personalización-módulo-finops
end-workflow	Checkout code	2026-02-02T21:24:39.1529132Z  * [new branch]          F1224-new-module-mongodb -> origin/F1224-new-module-mongodb
end-workflow	Checkout code	2026-02-02T21:24:39.1531250Z  * [new branch]          F220-web-de-resultados  -> origin/F220-web-de-resultados
end-workflow	Checkout code	2026-02-02T21:24:39.1533959Z  * [new branch]          F227-despliegue-de-kube-independiente-del-clouder -> origin/F227-despliegue-de-kube-independiente-del-clouder
end-workflow	Checkout code	2026-02-02T21:24:39.1537112Z  * [new branch]          F2438-arreglo-de-despliegue-itop -> origin/F2438-arreglo-de-despliegue-itop
end-workflow	Checkout code	2026-02-02T21:24:39.1540133Z  * [new branch]          F2927-test-launch-workflows-from-itop-services -> origin/F2927-test-launch-workflows-from-itop-services
end-workflow	Checkout code	2026-02-02T21:24:39.1543327Z  * [new branch]          F329-documentacion-metodologia-de-kaos -> origin/F329-documentacion-metodologia-de-kaos
end-workflow	Checkout code	2026-02-02T21:24:39.1546385Z  * [new branch]          H-pruebas-de-creacion-de-ramas-en-github -> origin/H-pruebas-de-creacion-de-ramas-en-github
end-workflow	Checkout code	2026-02-02T21:24:39.1548879Z  * [new branch]          H-segunda-comprobacion  -> origin/H-segunda-comprobacion
end-workflow	Checkout code	2026-02-02T21:24:39.1551641Z  * [new branch]          H-test-de-creacion-de-ramas-desde-planka -> origin/H-test-de-creacion-de-ramas-desde-planka
end-workflow	Checkout code	2026-02-02T21:24:39.1554635Z  * [new branch]          H1139-como-instalar-arc-control -> origin/H1139-como-instalar-arc-control
end-workflow	Checkout code	2026-02-02T21:24:39.1557077Z  * [new branch]          H1149-desarrollo-de-orchestrator -> origin/H1149-desarrollo-de-orchestrator
end-workflow	Checkout code	2026-02-02T21:24:39.1559539Z  * [new branch]          H1150-desarrollo-de-secciones -> origin/H1150-desarrollo-de-secciones
end-workflow	Checkout code	2026-02-02T21:24:39.1562127Z  * [new branch]          H1151-desarrollo-de-secciones-ii -> origin/H1151-desarrollo-de-secciones-ii
end-workflow	Checkout code	2026-02-02T21:24:39.1564432Z  * [new branch]          H1152-desarrollo-inicio -> origin/H1152-desarrollo-inicio
end-workflow	Checkout code	2026-02-02T21:24:39.1685224Z  * [new branch]          H1193-ejemplo-web-documentacion -> origin/H1193-ejemplo-web-documentacion
end-workflow	Checkout code	2026-02-02T21:24:39.1687719Z  * [new branch]          H1205-web-creation      -> origin/H1205-web-creation
end-workflow	Checkout code	2026-02-02T21:24:39.1690540Z  * [new branch]          H1224-new-module-mongodb -> origin/H1224-new-module-mongodb
end-workflow	Checkout code	2026-02-02T21:24:39.1692416Z  * [new branch]          H1276-modulo-observabilidad -> origin/H1276-modulo-observabilidad
end-workflow	Checkout code	2026-02-02T21:24:39.1694288Z  * [new branch]          H1410-modulo-execution  -> origin/H1410-modulo-execution
end-workflow	Checkout code	2026-02-02T21:24:39.1697423Z  * [new branch]          H1514-new-swarm-deployment-stack-with-actions-runners-autoscale -> origin/H1514-new-swarm-deployment-stack-with-actions-runners-autoscale
end-workflow	Checkout code	2026-02-02T21:24:39.1702308Z  * [new branch]          H1968-modulo-personalización-del-portal-de-kaos-core -> origin/H1968-modulo-personalización-del-portal-de-kaos-core
end-workflow	Checkout code	2026-02-02T21:24:39.1705268Z  * [new branch]          H215-modulo-de-summary  -> origin/H215-modulo-de-summary
end-workflow	Checkout code	2026-02-02T21:24:39.1707168Z  * [new branch]          H220-web-de-resultados  -> origin/H220-web-de-resultados
end-workflow	Checkout code	2026-02-02T21:24:39.1710060Z  * [new branch]          H227-despliegue-de-kube-independiente-del-clouder -> origin/H227-despliegue-de-kube-independiente-del-clouder
end-workflow	Checkout code	2026-02-02T21:24:39.1713738Z  * [new branch]          H2438-arreglo-de-despliegue-itop -> origin/H2438-arreglo-de-despliegue-itop
end-workflow	Checkout code	2026-02-02T21:24:39.1716609Z  * [new branch]          H2443-nuevo-modulo-de-pruebas-sobre-kubernetes -> origin/H2443-nuevo-modulo-de-pruebas-sobre-kubernetes
end-workflow	Checkout code	2026-02-02T21:24:39.1719088Z  * [new branch]          H2559-modulo-de-conexion-ssh -> origin/H2559-modulo-de-conexion-ssh
end-workflow	Checkout code	2026-02-02T21:24:39.1720601Z  * [new branch]          H2934-modulo-backstage  -> origin/H2934-modulo-backstage
end-workflow	Checkout code	2026-02-02T21:24:39.1721673Z  * [new branch]          H2935-modulo-zabbix     -> origin/H2935-modulo-zabbix
end-workflow	Checkout code	2026-02-02T21:24:39.1722851Z  * [new branch]          H2999-modulo-trello-personal -> origin/H2999-modulo-trello-personal
end-workflow	Checkout code	2026-02-02T21:24:39.1724033Z  * [new branch]          H3003-despliegue-n8n    -> origin/H3003-despliegue-n8n
end-workflow	Checkout code	2026-02-02T21:24:39.1725041Z  * [new branch]          H3010-test-ana          -> origin/H3010-test-ana
end-workflow	Checkout code	2026-02-02T21:24:39.1726047Z  * [new branch]          H3013-test-jesus        -> origin/H3013-test-jesus
end-workflow	Checkout code	2026-02-02T21:24:39.1727188Z  * [new branch]          H306-ficheros-de-estadisticas -> origin/H306-ficheros-de-estadisticas
end-workflow	Checkout code	2026-02-02T21:24:39.1728817Z  * [new branch]          H328-documentacion-modulo-principal-de-kaos -> origin/H328-documentacion-modulo-principal-de-kaos
end-workflow	Checkout code	2026-02-02T21:24:39.1730761Z  * [new branch]          H329-documentacion-metodologia-de-kaos -> origin/H329-documentacion-metodologia-de-kaos
end-workflow	Checkout code	2026-02-02T21:24:39.1732540Z  * [new branch]          H338-relanzador-de-jobs-en-caso-de-pattern -> origin/H338-relanzador-de-jobs-en-caso-de-pattern
end-workflow	Checkout code	2026-02-02T21:24:39.1734294Z  * [new branch]          H38-documentacion-basica-del-proyecto -> origin/H38-documentacion-basica-del-proyecto
end-workflow	Checkout code	2026-02-02T21:24:39.1735995Z  * [new branch]          RN1149-desarrollo-de-orchestrator -> origin/RN1149-desarrollo-de-orchestrator
end-workflow	Checkout code	2026-02-02T21:24:39.1738125Z  * [new branch]          RN1183-personalización-módulo-finops -> origin/RN1183-personalización-módulo-finops
end-workflow	Checkout code	2026-02-02T21:24:39.1740536Z  * [new branch]          RN1282-ka0s-error-detected-in-ka0s-workflow-statistics-summary -> origin/RN1282-ka0s-error-detected-in-ka0s-workflow-statistics-summary
end-workflow	Checkout code	2026-02-02T21:24:39.1742599Z  * [new branch]          RN220-web-de-resultados -> origin/RN220-web-de-resultados
end-workflow	Checkout code	2026-02-02T21:24:39.1744319Z  * [new branch]          RN227-despliegue-de-kube-independiente-del-clouder -> origin/RN227-despliegue-de-kube-independiente-del-clouder
end-workflow	Checkout code	2026-02-02T21:24:39.1746505Z  * [new branch]          RN2438-arreglo-de-despliegue-itop -> origin/RN2438-arreglo-de-despliegue-itop
end-workflow	Checkout code	2026-02-02T21:24:39.1748436Z  * [new branch]          RN329-documentacion-metodologia-de-kaos -> origin/RN329-documentacion-metodologia-de-kaos
end-workflow	Checkout code	2026-02-02T21:24:39.1749924Z  * [new branch]          main                    -> origin/main
end-workflow	Checkout code	2026-02-02T21:24:39.1750752Z  * [new tag]             0.0.0                   -> 0.0.0
end-workflow	Checkout code	2026-02-02T21:24:39.1751515Z  * [new tag]             0.0.1                   -> 0.0.1
end-workflow	Checkout code	2026-02-02T21:24:39.1752602Z  * [new tag]             0.0.10                  -> 0.0.10
end-workflow	Checkout code	2026-02-02T21:24:39.1753344Z  * [new tag]             0.0.100                 -> 0.0.100
end-workflow	Checkout code	2026-02-02T21:24:39.1754073Z  * [new tag]             0.0.101                 -> 0.0.101
end-workflow	Checkout code	2026-02-02T21:24:39.1754815Z  * [new tag]             0.0.102                 -> 0.0.102
end-workflow	Checkout code	2026-02-02T21:24:39.1755538Z  * [new tag]             0.0.103                 -> 0.0.103
end-workflow	Checkout code	2026-02-02T21:24:39.1756263Z  * [new tag]             0.0.104                 -> 0.0.104
end-workflow	Checkout code	2026-02-02T21:24:39.1757000Z  * [new tag]             0.0.105                 -> 0.0.105
end-workflow	Checkout code	2026-02-02T21:24:39.1757723Z  * [new tag]             0.0.106                 -> 0.0.106
end-workflow	Checkout code	2026-02-02T21:24:39.1758455Z  * [new tag]             0.0.107                 -> 0.0.107
end-workflow	Checkout code	2026-02-02T21:24:39.1759176Z  * [new tag]             0.0.108                 -> 0.0.108
end-workflow	Checkout code	2026-02-02T21:24:39.1760078Z  * [new tag]             0.0.109                 -> 0.0.109
end-workflow	Checkout code	2026-02-02T21:24:39.1761108Z  * [new tag]             0.0.11                  -> 0.0.11
end-workflow	Checkout code	2026-02-02T21:24:39.1761831Z  * [new tag]             0.0.110                 -> 0.0.110
end-workflow	Checkout code	2026-02-02T21:24:39.1762558Z  * [new tag]             0.0.111                 -> 0.0.111
end-workflow	Checkout code	2026-02-02T21:24:39.1763328Z  * [new tag]             0.0.112                 -> 0.0.112
end-workflow	Checkout code	2026-02-02T21:24:39.1764494Z  * [new tag]             0.0.113                 -> 0.0.113
end-workflow	Checkout code	2026-02-02T21:24:39.1765223Z  * [new tag]             0.0.114                 -> 0.0.114
end-workflow	Checkout code	2026-02-02T21:24:39.1766095Z  * [new tag]             0.0.115                 -> 0.0.115
end-workflow	Checkout code	2026-02-02T21:24:39.1766858Z  * [new tag]             0.0.116                 -> 0.0.116
end-workflow	Checkout code	2026-02-02T21:24:39.1767592Z  * [new tag]             0.0.117                 -> 0.0.117
end-workflow	Checkout code	2026-02-02T21:24:39.1768322Z  * [new tag]             0.0.118                 -> 0.0.118
end-workflow	Checkout code	2026-02-02T21:24:39.1769053Z  * [new tag]             0.0.119                 -> 0.0.119
end-workflow	Checkout code	2026-02-02T21:24:39.1769910Z  * [new tag]             0.0.12                  -> 0.0.12
end-workflow	Checkout code	2026-02-02T21:24:39.1770667Z  * [new tag]             0.0.120                 -> 0.0.120
end-workflow	Checkout code	2026-02-02T21:24:39.1771395Z  * [new tag]             0.0.121                 -> 0.0.121
end-workflow	Checkout code	2026-02-02T21:24:39.1772119Z  * [new tag]             0.0.122                 -> 0.0.122
end-workflow	Checkout code	2026-02-02T21:24:39.1772850Z  * [new tag]             0.0.123                 -> 0.0.123
end-workflow	Checkout code	2026-02-02T21:24:39.1773569Z  * [new tag]             0.0.124                 -> 0.0.124
end-workflow	Checkout code	2026-02-02T21:24:39.1774305Z  * [new tag]             0.0.125                 -> 0.0.125
end-workflow	Checkout code	2026-02-02T21:24:39.1775073Z  * [new tag]             0.0.126                 -> 0.0.126
end-workflow	Checkout code	2026-02-02T21:24:39.1775806Z  * [new tag]             0.0.127                 -> 0.0.127
end-workflow	Checkout code	2026-02-02T21:24:39.1776596Z  * [new tag]             0.0.128                 -> 0.0.128
end-workflow	Checkout code	2026-02-02T21:24:39.1777798Z  * [new tag]             0.0.129                 -> 0.0.129
end-workflow	Checkout code	2026-02-02T21:24:39.1779099Z  * [new tag]             0.0.13                  -> 0.0.13
end-workflow	Checkout code	2026-02-02T21:24:39.1780592Z  * [new tag]             0.0.130                 -> 0.0.130
end-workflow	Checkout code	2026-02-02T21:24:39.1781896Z  * [new tag]             0.0.131                 -> 0.0.131
end-workflow	Checkout code	2026-02-02T21:24:39.1783212Z  * [new tag]             0.0.132                 -> 0.0.132
end-workflow	Checkout code	2026-02-02T21:24:39.1784412Z  * [new tag]             0.0.133                 -> 0.0.133
end-workflow	Checkout code	2026-02-02T21:24:39.1785178Z  * [new tag]             0.0.134                 -> 0.0.134
end-workflow	Checkout code	2026-02-02T21:24:39.1785920Z  * [new tag]             0.0.135                 -> 0.0.135
end-workflow	Checkout code	2026-02-02T21:24:39.1786658Z  * [new tag]             0.0.136                 -> 0.0.136
end-workflow	Checkout code	2026-02-02T21:24:39.1787381Z  * [new tag]             0.0.137                 -> 0.0.137
end-workflow	Checkout code	2026-02-02T21:24:39.1788113Z  * [new tag]             0.0.138                 -> 0.0.138
end-workflow	Checkout code	2026-02-02T21:24:39.1788844Z  * [new tag]             0.0.139                 -> 0.0.139
end-workflow	Checkout code	2026-02-02T21:24:39.1789572Z  * [new tag]             0.0.14                  -> 0.0.14
end-workflow	Checkout code	2026-02-02T21:24:39.1790520Z  * [new tag]             0.0.140                 -> 0.0.140
end-workflow	Checkout code	2026-02-02T21:24:39.1791608Z  * [new tag]             0.0.141                 -> 0.0.141
end-workflow	Checkout code	2026-02-02T21:24:39.1792341Z  * [new tag]             0.0.142                 -> 0.0.142
end-workflow	Checkout code	2026-02-02T21:24:39.1793062Z  * [new tag]             0.0.143                 -> 0.0.143
end-workflow	Checkout code	2026-02-02T21:24:39.1793792Z  * [new tag]             0.0.144                 -> 0.0.144
end-workflow	Checkout code	2026-02-02T21:24:39.1794879Z  * [new tag]             0.0.145                 -> 0.0.145
end-workflow	Checkout code	2026-02-02T21:24:39.1795695Z  * [new tag]             0.0.146                 -> 0.0.146
end-workflow	Checkout code	2026-02-02T21:24:39.1796415Z  * [new tag]             0.0.147                 -> 0.0.147
end-workflow	Checkout code	2026-02-02T21:24:39.1797156Z  * [new tag]             0.0.148                 -> 0.0.148
end-workflow	Checkout code	2026-02-02T21:24:39.1797883Z  * [new tag]             0.0.149                 -> 0.0.149
end-workflow	Checkout code	2026-02-02T21:24:39.1798606Z  * [new tag]             0.0.15                  -> 0.0.15
end-workflow	Checkout code	2026-02-02T21:24:39.1799342Z  * [new tag]             0.0.150                 -> 0.0.150
end-workflow	Checkout code	2026-02-02T21:24:39.1800604Z  * [new tag]             0.0.151                 -> 0.0.151
end-workflow	Checkout code	2026-02-02T21:24:39.1801341Z  * [new tag]             0.0.152                 -> 0.0.152
end-workflow	Checkout code	2026-02-02T21:24:39.1802051Z  * [new tag]             0.0.153                 -> 0.0.153
end-workflow	Checkout code	2026-02-02T21:24:39.1802773Z  * [new tag]             0.0.154                 -> 0.0.154
end-workflow	Checkout code	2026-02-02T21:24:39.1803492Z  * [new tag]             0.0.155                 -> 0.0.155
end-workflow	Checkout code	2026-02-02T21:24:39.1804207Z  * [new tag]             0.0.156                 -> 0.0.156
end-workflow	Checkout code	2026-02-02T21:24:39.1804924Z  * [new tag]             0.0.157                 -> 0.0.157
end-workflow	Checkout code	2026-02-02T21:24:39.1805634Z  * [new tag]             0.0.158                 -> 0.0.158
end-workflow	Checkout code	2026-02-02T21:24:39.1806355Z  * [new tag]             0.0.159                 -> 0.0.159
end-workflow	Checkout code	2026-02-02T21:24:39.1807065Z  * [new tag]             0.0.16                  -> 0.0.16
end-workflow	Checkout code	2026-02-02T21:24:39.1807786Z  * [new tag]             0.0.160                 -> 0.0.160
end-workflow	Checkout code	2026-02-02T21:24:39.1808524Z  * [new tag]             0.0.161                 -> 0.0.161
end-workflow	Checkout code	2026-02-02T21:24:39.1809252Z  * [new tag]             0.0.162                 -> 0.0.162
end-workflow	Checkout code	2026-02-02T21:24:39.1810117Z  * [new tag]             0.0.163                 -> 0.0.163
end-workflow	Checkout code	2026-02-02T21:24:39.1810842Z  * [new tag]             0.0.164                 -> 0.0.164
end-workflow	Checkout code	2026-02-02T21:24:39.1811567Z  * [new tag]             0.0.165                 -> 0.0.165
end-workflow	Checkout code	2026-02-02T21:24:39.1812275Z  * [new tag]             0.0.166                 -> 0.0.166
end-workflow	Checkout code	2026-02-02T21:24:39.1812995Z  * [new tag]             0.0.167                 -> 0.0.167
end-workflow	Checkout code	2026-02-02T21:24:39.1813712Z  * [new tag]             0.0.168                 -> 0.0.168
end-workflow	Checkout code	2026-02-02T21:24:39.1814418Z  * [new tag]             0.0.169                 -> 0.0.169
end-workflow	Checkout code	2026-02-02T21:24:39.1815136Z  * [new tag]             0.0.17                  -> 0.0.17
end-workflow	Checkout code	2026-02-02T21:24:39.1815847Z  * [new tag]             0.0.170                 -> 0.0.170
end-workflow	Checkout code	2026-02-02T21:24:39.1816571Z  * [new tag]             0.0.171                 -> 0.0.171
end-workflow	Checkout code	2026-02-02T21:24:39.1817306Z  * [new tag]             0.0.172                 -> 0.0.172
end-workflow	Checkout code	2026-02-02T21:24:39.1818032Z  * [new tag]             0.0.173                 -> 0.0.173
end-workflow	Checkout code	2026-02-02T21:24:39.1818751Z  * [new tag]             0.0.174                 -> 0.0.174
end-workflow	Checkout code	2026-02-02T21:24:39.1819466Z  * [new tag]             0.0.175                 -> 0.0.175
end-workflow	Checkout code	2026-02-02T21:24:39.1820330Z  * [new tag]             0.0.176                 -> 0.0.176
end-workflow	Checkout code	2026-02-02T21:24:39.1821057Z  * [new tag]             0.0.177                 -> 0.0.177
end-workflow	Checkout code	2026-02-02T21:24:39.1821780Z  * [new tag]             0.0.178                 -> 0.0.178
end-workflow	Checkout code	2026-02-02T21:24:39.1822487Z  * [new tag]             0.0.179                 -> 0.0.179
end-workflow	Checkout code	2026-02-02T21:24:39.1823205Z  * [new tag]             0.0.18                  -> 0.0.18
end-workflow	Checkout code	2026-02-02T21:24:39.1823922Z  * [new tag]             0.0.19                  -> 0.0.19
end-workflow	Checkout code	2026-02-02T21:24:39.1824638Z  * [new tag]             0.0.2                   -> 0.0.2
end-workflow	Checkout code	2026-02-02T21:24:39.1825368Z  * [new tag]             0.0.20                  -> 0.0.20
end-workflow	Checkout code	2026-02-02T21:24:39.1826348Z  * [new tag]             0.0.21                  -> 0.0.21
end-workflow	Checkout code	2026-02-02T21:24:39.1827076Z  * [new tag]             0.0.22                  -> 0.0.22
end-workflow	Checkout code	2026-02-02T21:24:39.1827780Z  * [new tag]             0.0.23                  -> 0.0.23
end-workflow	Checkout code	2026-02-02T21:24:39.1828487Z  * [new tag]             0.0.24                  -> 0.0.24
end-workflow	Checkout code	2026-02-02T21:24:39.1829198Z  * [new tag]             0.0.25                  -> 0.0.25
end-workflow	Checkout code	2026-02-02T21:24:39.1830098Z  * [new tag]             0.0.26                  -> 0.0.26
end-workflow	Checkout code	2026-02-02T21:24:39.1830828Z  * [new tag]             0.0.27                  -> 0.0.27
end-workflow	Checkout code	2026-02-02T21:24:39.1831537Z  * [new tag]             0.0.28                  -> 0.0.28
end-workflow	Checkout code	2026-02-02T21:24:39.1832251Z  * [new tag]             0.0.29                  -> 0.0.29
end-workflow	Checkout code	2026-02-02T21:24:39.1832953Z  * [new tag]             0.0.3                   -> 0.0.3
end-workflow	Checkout code	2026-02-02T21:24:39.1833669Z  * [new tag]             0.0.30                  -> 0.0.30
end-workflow	Checkout code	2026-02-02T21:24:39.1834684Z  * [new tag]             0.0.31                  -> 0.0.31
end-workflow	Checkout code	2026-02-02T21:24:39.1835394Z  * [new tag]             0.0.32                  -> 0.0.32
end-workflow	Checkout code	2026-02-02T21:24:39.1836191Z  * [new tag]             0.0.33                  -> 0.0.33
end-workflow	Checkout code	2026-02-02T21:24:39.1837011Z  * [new tag]             0.0.34                  -> 0.0.34
end-workflow	Checkout code	2026-02-02T21:24:39.1837893Z  * [new tag]             0.0.35                  -> 0.0.35
end-workflow	Checkout code	2026-02-02T21:24:39.1838622Z  * [new tag]             0.0.36                  -> 0.0.36
end-workflow	Checkout code	2026-02-02T21:24:39.1839338Z  * [new tag]             0.0.37                  -> 0.0.37
end-workflow	Checkout code	2026-02-02T21:24:39.1840226Z  * [new tag]             0.0.38                  -> 0.0.38
end-workflow	Checkout code	2026-02-02T21:24:39.1840954Z  * [new tag]             0.0.39                  -> 0.0.39
end-workflow	Checkout code	2026-02-02T21:24:39.1841670Z  * [new tag]             0.0.4                   -> 0.0.4
end-workflow	Checkout code	2026-02-02T21:24:39.1842509Z  * [new tag]             0.0.40                  -> 0.0.40
end-workflow	Checkout code	2026-02-02T21:24:39.1843247Z  * [new tag]             0.0.41                  -> 0.0.41
end-workflow	Checkout code	2026-02-02T21:24:39.1843991Z  * [new tag]             0.0.42                  -> 0.0.42
end-workflow	Checkout code	2026-02-02T21:24:39.1844708Z  * [new tag]             0.0.43                  -> 0.0.43
end-workflow	Checkout code	2026-02-02T21:24:39.1845426Z  * [new tag]             0.0.44                  -> 0.0.44
end-workflow	Checkout code	2026-02-02T21:24:39.1846134Z  * [new tag]             0.0.45                  -> 0.0.45
end-workflow	Checkout code	2026-02-02T21:24:39.1846852Z  * [new tag]             0.0.46                  -> 0.0.46
end-workflow	Checkout code	2026-02-02T21:24:39.1847565Z  * [new tag]             0.0.47                  -> 0.0.47
end-workflow	Checkout code	2026-02-02T21:24:39.1848438Z  * [new tag]             0.0.48                  -> 0.0.48
end-workflow	Checkout code	2026-02-02T21:24:39.1849322Z  * [new tag]             0.0.49                  -> 0.0.49
end-workflow	Checkout code	2026-02-02T21:24:39.1850199Z  * [new tag]             0.0.5                   -> 0.0.5
end-workflow	Checkout code	2026-02-02T21:24:39.1850926Z  * [new tag]             0.0.50                  -> 0.0.50
end-workflow	Checkout code	2026-02-02T21:24:39.1851653Z  * [new tag]             0.0.51                  -> 0.0.51
end-workflow	Checkout code	2026-02-02T21:24:39.1852384Z  * [new tag]             0.0.52                  -> 0.0.52
end-workflow	Checkout code	2026-02-02T21:24:39.1853108Z  * [new tag]             0.0.53                  -> 0.0.53
end-workflow	Checkout code	2026-02-02T21:24:39.1853823Z  * [new tag]             0.0.54                  -> 0.0.54
end-workflow	Checkout code	2026-02-02T21:24:39.1854529Z  * [new tag]             0.0.55                  -> 0.0.55
end-workflow	Checkout code	2026-02-02T21:24:39.1855250Z  * [new tag]             0.0.56                  -> 0.0.56
end-workflow	Checkout code	2026-02-02T21:24:39.1855958Z  * [new tag]             0.0.57                  -> 0.0.57
end-workflow	Checkout code	2026-02-02T21:24:39.1856674Z  * [new tag]             0.0.58                  -> 0.0.58
end-workflow	Checkout code	2026-02-02T21:24:39.1857383Z  * [new tag]             0.0.59                  -> 0.0.59
end-workflow	Checkout code	2026-02-02T21:24:39.1858082Z  * [new tag]             0.0.6                   -> 0.0.6
end-workflow	Checkout code	2026-02-02T21:24:39.1858795Z  * [new tag]             0.0.60                  -> 0.0.60
end-workflow	Checkout code	2026-02-02T21:24:39.1859500Z  * [new tag]             0.0.61                  -> 0.0.61
end-workflow	Checkout code	2026-02-02T21:24:39.1860364Z  * [new tag]             0.0.62                  -> 0.0.62
end-workflow	Checkout code	2026-02-02T21:24:39.1861405Z  * [new tag]             0.0.63                  -> 0.0.63
end-workflow	Checkout code	2026-02-02T21:24:39.1862128Z  * [new tag]             0.0.64                  -> 0.0.64
end-workflow	Checkout code	2026-02-02T21:24:39.1862835Z  * [new tag]             0.0.65                  -> 0.0.65
end-workflow	Checkout code	2026-02-02T21:24:39.1863541Z  * [new tag]             0.0.66                  -> 0.0.66
end-workflow	Checkout code	2026-02-02T21:24:39.1864287Z  * [new tag]             0.0.67                  -> 0.0.67
end-workflow	Checkout code	2026-02-02T21:24:39.1865002Z  * [new tag]             0.0.68                  -> 0.0.68
end-workflow	Checkout code	2026-02-02T21:24:39.1865704Z  * [new tag]             0.0.69                  -> 0.0.69
end-workflow	Checkout code	2026-02-02T21:24:39.1866419Z  * [new tag]             0.0.7                   -> 0.0.7
end-workflow	Checkout code	2026-02-02T21:24:39.1867134Z  * [new tag]             0.0.70                  -> 0.0.70
end-workflow	Checkout code	2026-02-02T21:24:39.1867845Z  * [new tag]             0.0.71                  -> 0.0.71
end-workflow	Checkout code	2026-02-02T21:24:39.1868558Z  * [new tag]             0.0.72                  -> 0.0.72
end-workflow	Checkout code	2026-02-02T21:24:39.1869258Z  * [new tag]             0.0.73                  -> 0.0.73
end-workflow	Checkout code	2026-02-02T21:24:39.1870359Z  * [new tag]             0.0.74                  -> 0.0.74
end-workflow	Checkout code	2026-02-02T21:24:39.1871077Z  * [new tag]             0.0.75                  -> 0.0.75
end-workflow	Checkout code	2026-02-02T21:24:39.1871802Z  * [new tag]             0.0.76                  -> 0.0.76
end-workflow	Checkout code	2026-02-02T21:24:39.1872518Z  * [new tag]             0.0.77                  -> 0.0.77
end-workflow	Checkout code	2026-02-02T21:24:39.1873221Z  * [new tag]             0.0.78                  -> 0.0.78
end-workflow	Checkout code	2026-02-02T21:24:39.1873947Z  * [new tag]             0.0.79                  -> 0.0.79
end-workflow	Checkout code	2026-02-02T21:24:39.1874685Z  * [new tag]             0.0.8                   -> 0.0.8
end-workflow	Checkout code	2026-02-02T21:24:39.1875389Z  * [new tag]             0.0.80                  -> 0.0.80
end-workflow	Checkout code	2026-02-02T21:24:39.1876103Z  * [new tag]             0.0.81                  -> 0.0.81
end-workflow	Checkout code	2026-02-02T21:24:39.1876805Z  * [new tag]             0.0.82                  -> 0.0.82
end-workflow	Checkout code	2026-02-02T21:24:39.1877522Z  * [new tag]             0.0.83                  -> 0.0.83
end-workflow	Checkout code	2026-02-02T21:24:39.1878241Z  * [new tag]             0.0.84                  -> 0.0.84
end-workflow	Checkout code	2026-02-02T21:24:39.1878975Z  * [new tag]             0.0.85                  -> 0.0.85
end-workflow	Checkout code	2026-02-02T21:24:39.1879777Z  * [new tag]             0.0.86                  -> 0.0.86
end-workflow	Checkout code	2026-02-02T21:24:39.1880512Z  * [new tag]             0.0.87                  -> 0.0.87
end-workflow	Checkout code	2026-02-02T21:24:39.1881232Z  * [new tag]             0.0.88                  -> 0.0.88
end-workflow	Checkout code	2026-02-02T21:24:39.1881948Z  * [new tag]             0.0.89                  -> 0.0.89
end-workflow	Checkout code	2026-02-02T21:24:39.1882672Z  * [new tag]             0.0.9                   -> 0.0.9
end-workflow	Checkout code	2026-02-02T21:24:39.1883380Z  * [new tag]             0.0.90                  -> 0.0.90
end-workflow	Checkout code	2026-02-02T21:24:39.1884109Z  * [new tag]             0.0.91                  -> 0.0.91
end-workflow	Checkout code	2026-02-02T21:24:39.1884832Z  * [new tag]             0.0.92                  -> 0.0.92
end-workflow	Checkout code	2026-02-02T21:24:39.1885545Z  * [new tag]             0.0.93                  -> 0.0.93
end-workflow	Checkout code	2026-02-02T21:24:39.1886265Z  * [new tag]             0.0.94                  -> 0.0.94
end-workflow	Checkout code	2026-02-02T21:24:39.1887006Z  * [new tag]             0.0.95                  -> 0.0.95
end-workflow	Checkout code	2026-02-02T21:24:39.1887723Z  * [new tag]             0.0.96                  -> 0.0.96
end-workflow	Checkout code	2026-02-02T21:24:39.1888433Z  * [new tag]             0.0.97                  -> 0.0.97
end-workflow	Checkout code	2026-02-02T21:24:39.1889159Z  * [new tag]             0.0.98                  -> 0.0.98
end-workflow	Checkout code	2026-02-02T21:24:39.1889987Z  * [new tag]             0.0.99                  -> 0.0.99
end-workflow	Checkout code	2026-02-02T21:24:39.1890709Z  * [new tag]             0.1.0                   -> 0.1.0
end-workflow	Checkout code	2026-02-02T21:24:39.1891426Z  * [new tag]             0.1.1                   -> 0.1.1
end-workflow	Checkout code	2026-02-02T21:24:39.1892130Z  * [new tag]             0.2.0                   -> 0.2.0
end-workflow	Checkout code	2026-02-02T21:24:39.1892846Z  * [new tag]             0.3.0                   -> 0.3.0
end-workflow	Checkout code	2026-02-02T21:24:39.1893546Z  * [new tag]             0.3.1                   -> 0.3.1
end-workflow	Checkout code	2026-02-02T21:24:39.1894271Z  * [new tag]             0.3.10                  -> 0.3.10
end-workflow	Checkout code	2026-02-02T21:24:39.1894991Z  * [new tag]             0.3.11                  -> 0.3.11
end-workflow	Checkout code	2026-02-02T21:24:39.1895992Z  * [new tag]             0.3.12                  -> 0.3.12
end-workflow	Checkout code	2026-02-02T21:24:39.1896717Z  * [new tag]             0.3.13                  -> 0.3.13
end-workflow	Checkout code	2026-02-02T21:24:39.1897425Z  * [new tag]             0.3.14                  -> 0.3.14
end-workflow	Checkout code	2026-02-02T21:24:39.1898142Z  * [new tag]             0.3.15                  -> 0.3.15
end-workflow	Checkout code	2026-02-02T21:24:39.1898842Z  * [new tag]             0.3.16                  -> 0.3.16
end-workflow	Checkout code	2026-02-02T21:24:39.1899552Z  * [new tag]             0.3.17                  -> 0.3.17
end-workflow	Checkout code	2026-02-02T21:24:39.1900361Z  * [new tag]             0.3.2                   -> 0.3.2
end-workflow	Checkout code	2026-02-02T21:24:39.1901069Z  * [new tag]             0.3.3                   -> 0.3.3
end-workflow	Checkout code	2026-02-02T21:24:39.1901783Z  * [new tag]             0.3.4                   -> 0.3.4
end-workflow	Checkout code	2026-02-02T21:24:39.1902483Z  * [new tag]             0.3.5                   -> 0.3.5
end-workflow	Checkout code	2026-02-02T21:24:39.1903195Z  * [new tag]             0.3.6                   -> 0.3.6
end-workflow	Checkout code	2026-02-02T21:24:39.1904150Z  * [new tag]             0.3.7                   -> 0.3.7
end-workflow	Checkout code	2026-02-02T21:24:39.1904876Z  * [new tag]             0.3.8                   -> 0.3.8
end-workflow	Checkout code	2026-02-02T21:24:39.1905582Z  * [new tag]             0.3.9                   -> 0.3.9
end-workflow	Checkout code	2026-02-02T21:24:39.1906278Z  * [new tag]             0.4.0                   -> 0.4.0
end-workflow	Checkout code	2026-02-02T21:24:39.1906987Z  * [new tag]             0.4.1                   -> 0.4.1
end-workflow	Checkout code	2026-02-02T21:24:39.1907684Z  * [new tag]             0.4.2                   -> 0.4.2
end-workflow	Checkout code	2026-02-02T21:24:39.1908393Z  * [new tag]             0.4.3                   -> 0.4.3
end-workflow	Checkout code	2026-02-02T21:24:39.1909091Z  * [new tag]             0.4.4                   -> 0.4.4
end-workflow	Checkout code	2026-02-02T21:24:39.1909871Z  * [new tag]             0.4.5                   -> 0.4.5
end-workflow	Checkout code	2026-02-02T21:24:39.1910587Z  * [new tag]             0.4.6                   -> 0.4.6
end-workflow	Checkout code	2026-02-02T21:24:39.1911296Z  * [new tag]             0.4.7                   -> 0.4.7
end-workflow	Checkout code	2026-02-02T21:24:39.1912001Z  * [new tag]             0.4.8                   -> 0.4.8
end-workflow	Checkout code	2026-02-02T21:24:39.1912707Z  * [new tag]             0.4.9                   -> 0.4.9
end-workflow	Checkout code	2026-02-02T21:24:39.1913420Z  * [new tag]             0.5.0                   -> 0.5.0
end-workflow	Checkout code	2026-02-02T21:24:39.1914114Z  * [new tag]             0.5.1                   -> 0.5.1
end-workflow	Checkout code	2026-02-02T21:24:39.1914820Z  * [new tag]             0.5.2                   -> 0.5.2
end-workflow	Checkout code	2026-02-02T21:24:39.1915509Z  * [new tag]             0.6.0                   -> 0.6.0
end-workflow	Checkout code	2026-02-02T21:24:39.1916223Z  * [new tag]             0.6.1                   -> 0.6.1
end-workflow	Checkout code	2026-02-02T21:24:39.1916924Z  * [new tag]             0.6.2                   -> 0.6.2
end-workflow	Checkout code	2026-02-02T21:24:39.2100873Z [command]/usr/bin/git branch --list --remote origin/main
end-workflow	Checkout code	2026-02-02T21:24:39.2185306Z   origin/main
end-workflow	Checkout code	2026-02-02T21:24:39.2203560Z [command]/usr/bin/git rev-parse refs/remotes/origin/main
end-workflow	Checkout code	2026-02-02T21:24:39.2241171Z 40d6e877ae24853c13e67cc192b8f1b981671183
end-workflow	Checkout code	2026-02-02T21:24:39.2255141Z ##[endgroup]
end-workflow	Checkout code	2026-02-02T21:24:39.2256099Z ##[group]Determining the checkout info
end-workflow	Checkout code	2026-02-02T21:24:39.2257068Z ##[endgroup]
end-workflow	Checkout code	2026-02-02T21:24:39.2267381Z [command]/usr/bin/git sparse-checkout disable
end-workflow	Checkout code	2026-02-02T21:24:39.2576745Z [command]/usr/bin/git config --local --unset-all extensions.worktreeConfig
end-workflow	Checkout code	2026-02-02T21:24:39.2649836Z ##[group]Checking out the ref
end-workflow	Checkout code	2026-02-02T21:24:39.2664559Z [command]/usr/bin/git checkout --progress --force -B main refs/remotes/origin/main
end-workflow	Checkout code	2026-02-02T21:24:40.3343134Z Updating files:  83% (660/787)
end-workflow	Checkout code	2026-02-02T21:24:40.3644922Z Updating files:  84% (662/787)
end-workflow	Checkout code	2026-02-02T21:24:40.3651184Z Updating files:  85% (669/787)
end-workflow	Checkout code	2026-02-02T21:24:40.3658156Z Updating files:  86% (677/787)
end-workflow	Checkout code	2026-02-02T21:24:40.3665990Z Updating files:  87% (685/787)
end-workflow	Checkout code	2026-02-02T21:24:40.3675904Z Updating files:  88% (693/787)
end-workflow	Checkout code	2026-02-02T21:24:40.3683138Z Updating files:  89% (701/787)
end-workflow	Checkout code	2026-02-02T21:24:40.3689469Z Updating files:  90% (709/787)
end-workflow	Checkout code	2026-02-02T21:24:40.3770091Z Updating files:  91% (717/787)
end-workflow	Checkout code	2026-02-02T21:24:40.3776568Z Updating files:  92% (725/787)
end-workflow	Checkout code	2026-02-02T21:24:40.3790321Z Updating files:  93% (732/787)
end-workflow	Checkout code	2026-02-02T21:24:40.3801292Z Updating files:  94% (740/787)
end-workflow	Checkout code	2026-02-02T21:24:40.3810409Z Updating files:  95% (748/787)
end-workflow	Checkout code	2026-02-02T21:24:40.3815570Z Updating files:  96% (756/787)
end-workflow	Checkout code	2026-02-02T21:24:40.3842535Z Updating files:  97% (764/787)
end-workflow	Checkout code	2026-02-02T21:24:40.3843802Z Updating files:  98% (772/787)
end-workflow	Checkout code	2026-02-02T21:24:40.3844486Z Updating files:  99% (780/787)
end-workflow	Checkout code	2026-02-02T21:24:40.3845174Z Updating files: 100% (787/787)
end-workflow	Checkout code	2026-02-02T21:24:40.3845880Z Updating files: 100% (787/787), done.
end-workflow	Checkout code	2026-02-02T21:24:40.4159516Z Switched to a new branch 'main'
end-workflow	Checkout code	2026-02-02T21:24:40.4165671Z branch 'main' set up to track 'origin/main'.
end-workflow	Checkout code	2026-02-02T21:24:40.4320214Z ##[endgroup]
end-workflow	Checkout code	2026-02-02T21:24:40.4394921Z [command]/usr/bin/git log -1 --format=%H
end-workflow	Checkout code	2026-02-02T21:24:40.4437624Z 40d6e877ae24853c13e67cc192b8f1b981671183
end-workflow	Install GH CLI	﻿2026-02-02T21:24:40.4971683Z Prepare all required actions
end-workflow	Install GH CLI	2026-02-02T21:24:40.5114573Z ##[group]Run ./.github/actions/install-gh-cli
end-workflow	Install GH CLI	2026-02-02T21:24:40.5115500Z env:
end-workflow	Install GH CLI	2026-02-02T21:24:40.5116034Z   KAOS_MODULE: [Ka0S] Audit Pods
end-workflow	Install GH CLI	2026-02-02T21:24:40.5116813Z   KAOS_CODE: 21607206825
end-workflow	Install GH CLI	2026-02-02T21:24:40.5118236Z   GH_TOKEN: ***
end-workflow	Install GH CLI	2026-02-02T21:24:40.5118791Z ##[endgroup]
end-workflow	Install GH CLI	2026-02-02T21:24:40.6364327Z ##[group]Run type -p curl >/dev/null || (sudo apt-get update && sudo apt-get install curl -y)
end-workflow	Install GH CLI	2026-02-02T21:24:40.6365596Z [36;1mtype -p curl >/dev/null || (sudo apt-get update && sudo apt-get install curl -y)[0m
end-workflow	Install GH CLI	2026-02-02T21:24:40.6367259Z [36;1mcurl -fsSL https://cli.github.com/packages/githubcli-archive-keyring.gpg | sudo dd of=/usr/share/keyrings/githubcli-archive-keyring.gpg \[0m
end-workflow	Install GH CLI	2026-02-02T21:24:40.6368823Z [36;1m&& sudo chmod go+r /usr/share/keyrings/githubcli-archive-keyring.gpg \[0m
end-workflow	Install GH CLI	2026-02-02T21:24:40.6371437Z [36;1m&& echo "deb [arch=$(dpkg --print-architecture) signed-by=/usr/share/keyrings/githubcli-archive-keyring.gpg] https://cli.github.com/packages stable main" | sudo tee /etc/apt/sources.list.d/github-cli.list > /dev/null \[0m
end-workflow	Install GH CLI	2026-02-02T21:24:40.6373507Z [36;1m&& sudo apt-get update \[0m
end-workflow	Install GH CLI	2026-02-02T21:24:40.6373987Z [36;1m&& sudo apt-get install gh -y[0m
end-workflow	Install GH CLI	2026-02-02T21:24:40.6395477Z shell: /usr/bin/bash --noprofile --norc -e -o pipefail {0}
end-workflow	Install GH CLI	2026-02-02T21:24:40.6396184Z env:
end-workflow	Install GH CLI	2026-02-02T21:24:40.6396485Z   KAOS_MODULE: [Ka0S] Audit Pods
end-workflow	Install GH CLI	2026-02-02T21:24:40.6396897Z   KAOS_CODE: 21607206825
end-workflow	Install GH CLI	2026-02-02T21:24:40.6397616Z   GH_TOKEN: ***
end-workflow	Install GH CLI	2026-02-02T21:24:40.6397923Z ##[endgroup]
end-workflow	Install GH CLI	2026-02-02T21:24:40.9726903Z 4+1 records in
end-workflow	Install GH CLI	2026-02-02T21:24:40.9729191Z 4+1 records out
end-workflow	Install GH CLI	2026-02-02T21:24:40.9732412Z 2270 bytes (2.3 kB, 2.2 KiB) copied, 0.00031403 s, 7.2 MB/s
end-workflow	Install GH CLI	2026-02-02T21:24:41.2439916Z Get:1 https://cli.github.com/packages stable InRelease [3917 B]
end-workflow	Install GH CLI	2026-02-02T21:24:41.2673661Z Get:2 http://archive.ubuntu.com/ubuntu noble InRelease [256 kB]
end-workflow	Install GH CLI	2026-02-02T21:24:41.3328717Z Get:3 https://cli.github.com/packages stable/main amd64 Packages [356 B]
end-workflow	Install GH CLI	2026-02-02T21:24:41.4140695Z Get:4 https://ppa.launchpadcontent.net/git-core/ppa/ubuntu noble InRelease [24.3 kB]
end-workflow	Install GH CLI	2026-02-02T21:24:41.4165680Z Get:5 http://security.ubuntu.com/ubuntu noble-security InRelease [126 kB]
end-workflow	Install GH CLI	2026-02-02T21:24:41.4271095Z Get:6 http://archive.ubuntu.com/ubuntu noble-updates InRelease [126 kB]
end-workflow	Install GH CLI	2026-02-02T21:24:41.4657042Z Get:7 http://archive.ubuntu.com/ubuntu noble-backports InRelease [126 kB]
end-workflow	Install GH CLI	2026-02-02T21:24:41.5283462Z Get:8 http://archive.ubuntu.com/ubuntu noble/restricted amd64 Packages [117 kB]
end-workflow	Install GH CLI	2026-02-02T21:24:41.5688043Z Get:9 http://archive.ubuntu.com/ubuntu noble/universe amd64 Packages [19.3 MB]
end-workflow	Install GH CLI	2026-02-02T21:24:41.6321530Z Get:10 https://ppa.launchpadcontent.net/git-core/ppa/ubuntu noble/main amd64 Packages [2994 B]
end-workflow	Install GH CLI	2026-02-02T21:24:41.9922775Z Get:11 http://archive.ubuntu.com/ubuntu noble/main amd64 Packages [1808 kB]
end-workflow	Install GH CLI	2026-02-02T21:24:42.0187237Z Get:12 http://archive.ubuntu.com/ubuntu noble/multiverse amd64 Packages [331 kB]
end-workflow	Install GH CLI	2026-02-02T21:24:42.0257078Z Get:13 http://archive.ubuntu.com/ubuntu noble-updates/main amd64 Packages [2176 kB]
end-workflow	Install GH CLI	2026-02-02T21:24:42.0336168Z Get:14 http://security.ubuntu.com/ubuntu noble-security/restricted amd64 Packages [3008 kB]
end-workflow	Install GH CLI	2026-02-02T21:24:42.1534623Z Get:15 http://archive.ubuntu.com/ubuntu noble-updates/universe amd64 Packages [1978 kB]
end-workflow	Install GH CLI	2026-02-02T21:24:42.1753749Z Get:16 http://archive.ubuntu.com/ubuntu noble-updates/restricted amd64 Packages [3233 kB]
end-workflow	Install GH CLI	2026-02-02T21:24:42.2102655Z Get:17 http://archive.ubuntu.com/ubuntu noble-updates/multiverse amd64 Packages [38.1 kB]
end-workflow	Install GH CLI	2026-02-02T21:24:42.2114800Z Get:18 http://archive.ubuntu.com/ubuntu noble-backports/main amd64 Packages [49.5 kB]
end-workflow	Install GH CLI	2026-02-02T21:24:42.2120755Z Get:19 http://archive.ubuntu.com/ubuntu noble-backports/universe amd64 Packages [34.6 kB]
end-workflow	Install GH CLI	2026-02-02T21:24:42.6380962Z Get:20 http://security.ubuntu.com/ubuntu noble-security/main amd64 Packages [1777 kB]
end-workflow	Install GH CLI	2026-02-02T21:24:42.6801396Z Get:21 http://security.ubuntu.com/ubuntu noble-security/universe amd64 Packages [1199 kB]
end-workflow	Install GH CLI	2026-02-02T21:24:42.7098147Z Get:22 http://security.ubuntu.com/ubuntu noble-security/multiverse amd64 Packages [34.8 kB]
end-workflow	Install GH CLI	2026-02-02T21:24:44.3333411Z Fetched 35.8 MB in 3s (11.5 MB/s)
end-workflow	Install GH CLI	2026-02-02T21:24:45.8380374Z Reading package lists...
end-workflow	Install GH CLI	2026-02-02T21:24:47.5201628Z Reading package lists...
end-workflow	Install GH CLI	2026-02-02T21:24:47.8275360Z Building dependency tree...
end-workflow	Install GH CLI	2026-02-02T21:24:47.8276736Z Reading state information...
end-workflow	Install GH CLI	2026-02-02T21:24:48.4660285Z The following NEW packages will be installed:
end-workflow	Install GH CLI	2026-02-02T21:24:48.4695600Z   gh
end-workflow	Install GH CLI	2026-02-02T21:24:48.6426385Z 0 upgraded, 1 newly installed, 0 to remove and 14 not upgraded.
end-workflow	Install GH CLI	2026-02-02T21:24:48.6427755Z Need to get 13.7 MB of archives.
end-workflow	Install GH CLI	2026-02-02T21:24:48.6428977Z After this operation, 37.9 MB of additional disk space will be used.
end-workflow	Install GH CLI	2026-02-02T21:24:48.6432073Z Get:1 https://cli.github.com/packages stable/main amd64 gh amd64 2.86.0 [13.7 MB]
end-workflow	Install GH CLI	2026-02-02T21:24:49.7770011Z debconf: delaying package configuration, since apt-utils is not installed
end-workflow	Install GH CLI	2026-02-02T21:24:50.2555448Z Fetched 13.7 MB in 1s (22.6 MB/s)
end-workflow	Install GH CLI	2026-02-02T21:24:51.0022642Z Selecting previously unselected package gh.
end-workflow	Install GH CLI	2026-02-02T21:24:51.0143246Z (Reading database ... 
end-workflow	Install GH CLI	2026-02-02T21:24:51.0145838Z (Reading database ... 5%
end-workflow	Install GH CLI	2026-02-02T21:24:51.0148293Z (Reading database ... 10%
end-workflow	Install GH CLI	2026-02-02T21:24:51.0151340Z (Reading database ... 15%
end-workflow	Install GH CLI	2026-02-02T21:24:51.0153766Z (Reading database ... 20%
end-workflow	Install GH CLI	2026-02-02T21:24:51.0156125Z (Reading database ... 25%
end-workflow	Install GH CLI	2026-02-02T21:24:51.0158496Z (Reading database ... 30%
end-workflow	Install GH CLI	2026-02-02T21:24:51.0161038Z (Reading database ... 35%
end-workflow	Install GH CLI	2026-02-02T21:24:51.0163398Z (Reading database ... 40%
end-workflow	Install GH CLI	2026-02-02T21:24:51.0165667Z (Reading database ... 45%
end-workflow	Install GH CLI	2026-02-02T21:24:51.0167973Z (Reading database ... 50%
end-workflow	Install GH CLI	2026-02-02T21:24:51.0170544Z (Reading database ... 55%
end-workflow	Install GH CLI	2026-02-02T21:24:51.0172870Z (Reading database ... 60%
end-workflow	Install GH CLI	2026-02-02T21:24:51.0222982Z (Reading database ... 65%
end-workflow	Install GH CLI	2026-02-02T21:24:51.0252373Z (Reading database ... 70%
end-workflow	Install GH CLI	2026-02-02T21:24:51.0295229Z (Reading database ... 75%
end-workflow	Install GH CLI	2026-02-02T21:24:51.0346002Z (Reading database ... 80%
end-workflow	Install GH CLI	2026-02-02T21:24:51.0373586Z (Reading database ... 85%
end-workflow	Install GH CLI	2026-02-02T21:24:51.0402830Z (Reading database ... 90%
end-workflow	Install GH CLI	2026-02-02T21:24:51.0466059Z (Reading database ... 95%
end-workflow	Install GH CLI	2026-02-02T21:24:51.0467951Z (Reading database ... 100%
end-workflow	Install GH CLI	2026-02-02T21:24:51.0471252Z (Reading database ... 14385 files and directories currently installed.)
end-workflow	Install GH CLI	2026-02-02T21:24:51.0488774Z Preparing to unpack .../archives/gh_2.86.0_amd64.deb ...
end-workflow	Install GH CLI	2026-02-02T21:24:51.2663380Z Unpacking gh (2.86.0) ...
end-workflow	Install GH CLI	2026-02-02T21:24:52.6110702Z Setting up gh (2.86.0) ...
end-workflow	Finaliza el workflow	﻿2026-02-02T21:24:53.5947937Z ##[group]Run echo "End process"
end-workflow	Finaliza el workflow	2026-02-02T21:24:53.5948698Z [36;1mecho "End process"[0m
end-workflow	Finaliza el workflow	2026-02-02T21:24:53.5949990Z [36;1mgh workflow run inspector.yml --ref refs/heads/main -f kaos-workflow-id="21607206825"[0m
end-workflow	Finaliza el workflow	2026-02-02T21:24:53.5966602Z shell: /usr/bin/bash -e {0}
end-workflow	Finaliza el workflow	2026-02-02T21:24:53.5967530Z env:
end-workflow	Finaliza el workflow	2026-02-02T21:24:53.5968263Z   KAOS_MODULE: [Ka0S] Audit Pods
end-workflow	Finaliza el workflow	2026-02-02T21:24:53.5968950Z   KAOS_CODE: 21607206825
end-workflow	Finaliza el workflow	2026-02-02T21:24:53.5970098Z   GH_TOKEN: ***
end-workflow	Finaliza el workflow	2026-02-02T21:24:53.5970547Z ##[endgroup]
end-workflow	Finaliza el workflow	2026-02-02T21:24:53.6038746Z End process
end-workflow	Post Checkout code	﻿2026-02-02T21:24:55.1981685Z Post job cleanup.
end-workflow	Post Checkout code	2026-02-02T21:24:55.3658738Z [command]/usr/bin/git version
end-workflow	Post Checkout code	2026-02-02T21:24:55.3723162Z git version 2.52.0
end-workflow	Post Checkout code	2026-02-02T21:24:55.3808034Z Temporarily overriding HOME='/home/runner/_work/_temp/8f738500-3324-45cf-a6c4-54f5272016ac' before making global git config changes
end-workflow	Post Checkout code	2026-02-02T21:24:55.3810931Z Adding repository directory to the temporary git global config as a safe directory
end-workflow	Post Checkout code	2026-02-02T21:24:55.3821680Z [command]/usr/bin/git config --global --add safe.directory /home/runner/_work/ka0s/ka0s
end-workflow	Post Checkout code	2026-02-02T21:24:55.3888550Z [command]/usr/bin/git config --local --name-only --get-regexp core\.sshCommand
end-workflow	Post Checkout code	2026-02-02T21:24:55.3973399Z [command]/usr/bin/git submodule foreach --recursive sh -c "git config --local --name-only --get-regexp 'core\.sshCommand' && git config --local --unset-all 'core.sshCommand' || :"
end-workflow	Post Checkout code	2026-02-02T21:24:55.4364352Z [command]/usr/bin/git config --local --name-only --get-regexp http\.https\:\/\/github\.com\/\.extraheader
end-workflow	Post Checkout code	2026-02-02T21:24:55.4405499Z http.https://github.com/.extraheader
end-workflow	Post Checkout code	2026-02-02T21:24:55.4433911Z [command]/usr/bin/git config --local --unset-all http.https://github.com/.extraheader
end-workflow	Post Checkout code	2026-02-02T21:24:55.4499991Z [command]/usr/bin/git submodule foreach --recursive sh -c "git config --local --name-only --get-regexp 'http\.https\:\/\/github\.com\/\.extraheader' && git config --local --unset-all 'http.https://github.com/.extraheader' || :"
end-workflow	Post Checkout code	2026-02-02T21:24:55.4886893Z [command]/usr/bin/git config --local --name-only --get-regexp ^includeIf\.gitdir:
end-workflow	Post Checkout code	2026-02-02T21:24:55.4951954Z [command]/usr/bin/git submodule foreach --recursive git config --local --show-origin --name-only --get-regexp remote.origin.url
end-workflow	Complete job	﻿2026-02-02T21:24:55.5552654Z Cleaning up orphan processes
