audit-pods	Set up job	﻿2026-02-11T23:37:09.5436123Z Current runner version: '2.331.0'
audit-pods	Set up job	2026-02-11T23:37:09.5450564Z Runner name: 'swarm-runners-scaleset-hkss5-runner-8862l'
audit-pods	Set up job	2026-02-11T23:37:09.5452584Z Runner group name: 'Default'
audit-pods	Set up job	2026-02-11T23:37:09.5456808Z Machine name: 'swarm-runners-scaleset-hkss5-runner-8862l'
audit-pods	Set up job	2026-02-11T23:37:09.5471597Z ##[group]GITHUB_TOKEN Permissions
audit-pods	Set up job	2026-02-11T23:37:09.5477460Z Actions: write
audit-pods	Set up job	2026-02-11T23:37:09.5479165Z Contents: write
audit-pods	Set up job	2026-02-11T23:37:09.5479976Z Issues: write
audit-pods	Set up job	2026-02-11T23:37:09.5480633Z Metadata: read
audit-pods	Set up job	2026-02-11T23:37:09.5481287Z ##[endgroup]
audit-pods	Set up job	2026-02-11T23:37:09.5485960Z Secret source: Actions
audit-pods	Set up job	2026-02-11T23:37:09.5488834Z Prepare workflow directory
audit-pods	Set up job	2026-02-11T23:37:09.6402429Z Prepare all required actions
audit-pods	Set up job	2026-02-11T23:37:09.6474991Z Getting action download info
audit-pods	Set up job	2026-02-11T23:37:10.5036956Z Download action repository 'actions/checkout@v4' (SHA:34e114876b0b11c390a56381ad16ebd13914f8d5)
audit-pods	Set up job	2026-02-11T23:37:11.5730785Z Complete job name: audit-pods
audit-pods	Checkout repository	﻿2026-02-11T23:37:11.7873927Z ##[group]Run actions/checkout@v4
audit-pods	Checkout repository	2026-02-11T23:37:11.7876557Z with:
audit-pods	Checkout repository	2026-02-11T23:37:11.7878230Z   repository: Ka0s-Klaus/ka0s
audit-pods	Checkout repository	2026-02-11T23:37:11.7880223Z   token: ***
audit-pods	Checkout repository	2026-02-11T23:37:11.7881468Z   ssh-strict: true
audit-pods	Checkout repository	2026-02-11T23:37:11.7882753Z   ssh-user: git
audit-pods	Checkout repository	2026-02-11T23:37:11.7884053Z   persist-credentials: true
audit-pods	Checkout repository	2026-02-11T23:37:11.7885723Z   clean: true
audit-pods	Checkout repository	2026-02-11T23:37:11.7887046Z   sparse-checkout-cone-mode: true
audit-pods	Checkout repository	2026-02-11T23:37:11.7888944Z   fetch-depth: 1
audit-pods	Checkout repository	2026-02-11T23:37:11.7890419Z   fetch-tags: false
audit-pods	Checkout repository	2026-02-11T23:37:11.7891964Z   show-progress: true
audit-pods	Checkout repository	2026-02-11T23:37:11.7893544Z   lfs: false
audit-pods	Checkout repository	2026-02-11T23:37:11.7895063Z   submodules: false
audit-pods	Checkout repository	2026-02-11T23:37:11.7896830Z   set-safe-directory: true
audit-pods	Checkout repository	2026-02-11T23:37:11.7899989Z env:
audit-pods	Checkout repository	2026-02-11T23:37:11.7901512Z   KAOS_MODULE: [Ka0S] Audit Pods
audit-pods	Checkout repository	2026-02-11T23:37:11.7903272Z   KAOS_CODE: 21927393945
audit-pods	Checkout repository	2026-02-11T23:37:11.7904834Z ##[endgroup]
audit-pods	Checkout repository	2026-02-11T23:37:12.0216129Z Syncing repository: Ka0s-Klaus/ka0s
audit-pods	Checkout repository	2026-02-11T23:37:12.0221105Z ##[group]Getting Git version info
audit-pods	Checkout repository	2026-02-11T23:37:12.0222515Z Working directory is '/home/runner/_work/ka0s/ka0s'
audit-pods	Checkout repository	2026-02-11T23:37:12.0224255Z [command]/usr/bin/git version
audit-pods	Checkout repository	2026-02-11T23:37:12.0228457Z git version 2.52.0
audit-pods	Checkout repository	2026-02-11T23:37:12.0265597Z ##[endgroup]
audit-pods	Checkout repository	2026-02-11T23:37:12.0293552Z Temporarily overriding HOME='/home/runner/_work/_temp/d55781e3-065f-4dae-acce-effbc6f67e19' before making global git config changes
audit-pods	Checkout repository	2026-02-11T23:37:12.0298841Z Adding repository directory to the temporary git global config as a safe directory
audit-pods	Checkout repository	2026-02-11T23:37:12.0305328Z [command]/usr/bin/git config --global --add safe.directory /home/runner/_work/ka0s/ka0s
audit-pods	Checkout repository	2026-02-11T23:37:12.0369031Z Deleting the contents of '/home/runner/_work/ka0s/ka0s'
audit-pods	Checkout repository	2026-02-11T23:37:12.0395084Z ##[group]Initializing the repository
audit-pods	Checkout repository	2026-02-11T23:37:12.0400747Z [command]/usr/bin/git init /home/runner/_work/ka0s/ka0s
audit-pods	Checkout repository	2026-02-11T23:37:12.0475003Z hint: Using 'master' as the name for the initial branch. This default branch name
audit-pods	Checkout repository	2026-02-11T23:37:12.0479955Z hint: will change to "main" in Git 3.0. To configure the initial branch name
audit-pods	Checkout repository	2026-02-11T23:37:12.0483580Z hint: to use in all of your new repositories, which will suppress this warning,
audit-pods	Checkout repository	2026-02-11T23:37:12.0486404Z hint: call:
audit-pods	Checkout repository	2026-02-11T23:37:12.0487779Z hint:
audit-pods	Checkout repository	2026-02-11T23:37:12.0489693Z hint: 	git config --global init.defaultBranch <name>
audit-pods	Checkout repository	2026-02-11T23:37:12.0491694Z hint:
audit-pods	Checkout repository	2026-02-11T23:37:12.0493607Z hint: Names commonly chosen instead of 'master' are 'main', 'trunk' and
audit-pods	Checkout repository	2026-02-11T23:37:12.0496923Z hint: 'development'. The just-created branch can be renamed via this command:
audit-pods	Checkout repository	2026-02-11T23:37:12.0499846Z hint:
audit-pods	Checkout repository	2026-02-11T23:37:12.0501424Z hint: 	git branch -m <name>
audit-pods	Checkout repository	2026-02-11T23:37:12.0503123Z hint:
audit-pods	Checkout repository	2026-02-11T23:37:12.0509500Z hint: Disable this message with "git config set advice.defaultBranchName false"
audit-pods	Checkout repository	2026-02-11T23:37:12.0517670Z Initialized empty Git repository in /home/runner/_work/ka0s/ka0s/.git/
audit-pods	Checkout repository	2026-02-11T23:37:12.0526180Z [command]/usr/bin/git remote add origin https://github.com/Ka0s-Klaus/ka0s
audit-pods	Checkout repository	2026-02-11T23:37:12.0562649Z ##[endgroup]
audit-pods	Checkout repository	2026-02-11T23:37:12.0566516Z ##[group]Disabling automatic garbage collection
audit-pods	Checkout repository	2026-02-11T23:37:12.0569652Z [command]/usr/bin/git config --local gc.auto 0
audit-pods	Checkout repository	2026-02-11T23:37:12.0644064Z ##[endgroup]
audit-pods	Checkout repository	2026-02-11T23:37:12.0646707Z ##[group]Setting up auth
audit-pods	Checkout repository	2026-02-11T23:37:12.0654332Z [command]/usr/bin/git config --local --name-only --get-regexp core\.sshCommand
audit-pods	Checkout repository	2026-02-11T23:37:12.0708267Z [command]/usr/bin/git submodule foreach --recursive sh -c "git config --local --name-only --get-regexp 'core\.sshCommand' && git config --local --unset-all 'core.sshCommand' || :"
audit-pods	Checkout repository	2026-02-11T23:37:12.1161267Z [command]/usr/bin/git config --local --name-only --get-regexp http\.https\:\/\/github\.com\/\.extraheader
audit-pods	Checkout repository	2026-02-11T23:37:12.1228128Z [command]/usr/bin/git submodule foreach --recursive sh -c "git config --local --name-only --get-regexp 'http\.https\:\/\/github\.com\/\.extraheader' && git config --local --unset-all 'http.https://github.com/.extraheader' || :"
audit-pods	Checkout repository	2026-02-11T23:37:12.1696933Z [command]/usr/bin/git config --local --name-only --get-regexp ^includeIf\.gitdir:
audit-pods	Checkout repository	2026-02-11T23:37:12.1757046Z [command]/usr/bin/git submodule foreach --recursive git config --local --show-origin --name-only --get-regexp remote.origin.url
audit-pods	Checkout repository	2026-02-11T23:37:12.2207782Z [command]/usr/bin/git config --local http.https://github.com/.extraheader AUTHORIZATION: basic ***
audit-pods	Checkout repository	2026-02-11T23:37:12.2275234Z ##[endgroup]
audit-pods	Checkout repository	2026-02-11T23:37:12.2387012Z ##[group]Fetching the repository
audit-pods	Checkout repository	2026-02-11T23:37:12.2398349Z [command]/usr/bin/git -c protocol.version=2 fetch --no-tags --prune --no-recurse-submodules --depth=1 origin +e1a35ac436f46121f55c045ad09b0314007f7812:refs/remotes/origin/main
audit-pods	Checkout repository	2026-02-11T23:37:24.1249809Z From https://github.com/Ka0s-Klaus/ka0s
audit-pods	Checkout repository	2026-02-11T23:37:24.1253789Z  * [new ref]         e1a35ac436f46121f55c045ad09b0314007f7812 -> origin/main
audit-pods	Checkout repository	2026-02-11T23:37:24.1353056Z ##[endgroup]
audit-pods	Checkout repository	2026-02-11T23:37:24.1354778Z ##[group]Determining the checkout info
audit-pods	Checkout repository	2026-02-11T23:37:24.1356464Z ##[endgroup]
audit-pods	Checkout repository	2026-02-11T23:37:24.1375165Z [command]/usr/bin/git sparse-checkout disable
audit-pods	Checkout repository	2026-02-11T23:37:24.1456741Z [command]/usr/bin/git config --local --unset-all extensions.worktreeConfig
audit-pods	Checkout repository	2026-02-11T23:37:24.1518461Z ##[group]Checking out the ref
audit-pods	Checkout repository	2026-02-11T23:37:24.1530531Z [command]/usr/bin/git checkout --progress --force -B main refs/remotes/origin/main
audit-pods	Checkout repository	2026-02-11T23:37:25.3169494Z Updating files:  68% (1069/1559)
audit-pods	Checkout repository	2026-02-11T23:37:25.3312313Z Updating files:  69% (1076/1559)
audit-pods	Checkout repository	2026-02-11T23:37:25.3410709Z Updating files:  70% (1092/1559)
audit-pods	Checkout repository	2026-02-11T23:37:25.3461215Z Updating files:  71% (1107/1559)
audit-pods	Checkout repository	2026-02-11T23:37:25.3536092Z Updating files:  72% (1123/1559)
audit-pods	Checkout repository	2026-02-11T23:37:25.3574951Z Updating files:  73% (1139/1559)
audit-pods	Checkout repository	2026-02-11T23:37:25.3690260Z Updating files:  74% (1154/1559)
audit-pods	Checkout repository	2026-02-11T23:37:25.3731483Z Updating files:  75% (1170/1559)
audit-pods	Checkout repository	2026-02-11T23:37:25.3761336Z Updating files:  76% (1185/1559)
audit-pods	Checkout repository	2026-02-11T23:37:25.4304491Z Updating files:  77% (1201/1559)
audit-pods	Checkout repository	2026-02-11T23:37:25.4322487Z Updating files:  78% (1217/1559)
audit-pods	Checkout repository	2026-02-11T23:37:25.4376787Z Updating files:  79% (1232/1559)
audit-pods	Checkout repository	2026-02-11T23:37:25.4410227Z Updating files:  80% (1248/1559)
audit-pods	Checkout repository	2026-02-11T23:37:25.4411594Z Updating files:  81% (1263/1559)
audit-pods	Checkout repository	2026-02-11T23:37:25.4504127Z Updating files:  82% (1279/1559)
audit-pods	Checkout repository	2026-02-11T23:37:25.4510893Z Updating files:  83% (1294/1559)
audit-pods	Checkout repository	2026-02-11T23:37:25.5301045Z Updating files:  84% (1310/1559)
audit-pods	Checkout repository	2026-02-11T23:37:25.6214482Z Updating files:  85% (1326/1559)
audit-pods	Checkout repository	2026-02-11T23:37:25.6932672Z Updating files:  86% (1341/1559)
audit-pods	Checkout repository	2026-02-11T23:37:25.7995218Z Updating files:  87% (1357/1559)
audit-pods	Checkout repository	2026-02-11T23:37:25.9833242Z Updating files:  88% (1372/1559)
audit-pods	Checkout repository	2026-02-11T23:37:26.1329177Z Updating files:  89% (1388/1559)
audit-pods	Checkout repository	2026-02-11T23:37:26.1636462Z Updating files:  90% (1404/1559)
audit-pods	Checkout repository	2026-02-11T23:37:26.2990413Z Updating files:  90% (1407/1559)
audit-pods	Checkout repository	2026-02-11T23:37:26.3979432Z Updating files:  91% (1419/1559)
audit-pods	Checkout repository	2026-02-11T23:37:26.3993618Z Updating files:  92% (1435/1559)
audit-pods	Checkout repository	2026-02-11T23:37:26.4022122Z Updating files:  93% (1450/1559)
audit-pods	Checkout repository	2026-02-11T23:37:26.4043027Z Updating files:  94% (1466/1559)
audit-pods	Checkout repository	2026-02-11T23:37:26.4130407Z Updating files:  95% (1482/1559)
audit-pods	Checkout repository	2026-02-11T23:37:26.4154721Z Updating files:  96% (1497/1559)
audit-pods	Checkout repository	2026-02-11T23:37:26.4165210Z Updating files:  97% (1513/1559)
audit-pods	Checkout repository	2026-02-11T23:37:26.4186010Z Updating files:  98% (1528/1559)
audit-pods	Checkout repository	2026-02-11T23:37:26.4203053Z Updating files:  99% (1544/1559)
audit-pods	Checkout repository	2026-02-11T23:37:26.4204148Z Updating files: 100% (1559/1559)
audit-pods	Checkout repository	2026-02-11T23:37:26.4204927Z Updating files: 100% (1559/1559), done.
audit-pods	Checkout repository	2026-02-11T23:37:26.4266945Z Switched to a new branch 'main'
audit-pods	Checkout repository	2026-02-11T23:37:26.4275236Z branch 'main' set up to track 'origin/main'.
audit-pods	Checkout repository	2026-02-11T23:37:26.4480285Z ##[endgroup]
audit-pods	Checkout repository	2026-02-11T23:37:26.4552345Z [command]/usr/bin/git log -1 --format=%H
audit-pods	Checkout repository	2026-02-11T23:37:26.4604877Z e1a35ac436f46121f55c045ad09b0314007f7812
audit-pods	Execute Audit Script	﻿2026-02-11T23:37:26.5433019Z Prepare all required actions
audit-pods	Execute Audit Script	2026-02-11T23:37:26.5794861Z ##[group]Run ./.github/actions/ssh-exec
audit-pods	Execute Audit Script	2026-02-11T23:37:26.5796151Z with:
audit-pods	Execute Audit Script	2026-02-11T23:37:26.5797414Z   host: ***
audit-pods	Execute Audit Script	2026-02-11T23:37:26.5798386Z   username: ***
audit-pods	Execute Audit Script	2026-02-11T23:37:26.5801037Z   key: ***
audit-pods	Execute Audit Script	2026-02-11T23:37:26.5801356Z   port: ***
audit-pods	Execute Audit Script	2026-02-11T23:37:26.5801649Z   use-sudo: true
audit-pods	Execute Audit Script	2026-02-11T23:37:26.5801964Z   pass: ***
audit-pods	Execute Audit Script	2026-02-11T23:37:26.5802333Z   script-path: devops/core/k8s/audit-failed-pods.sh
audit-pods	Execute Audit Script	2026-02-11T23:37:26.5802826Z   remote-results-path: /tmp/results
audit-pods	Execute Audit Script	2026-02-11T23:37:26.5803245Z   local-results-path: audit/kube/
audit-pods	Execute Audit Script	2026-02-11T23:37:26.5803642Z   remote-tmp-dir: /tmp
audit-pods	Execute Audit Script	2026-02-11T23:37:26.5803959Z env:
audit-pods	Execute Audit Script	2026-02-11T23:37:26.5804257Z   KAOS_MODULE: [Ka0S] Audit Pods
audit-pods	Execute Audit Script	2026-02-11T23:37:26.5804630Z   KAOS_CODE: 21927393945
audit-pods	Execute Audit Script	2026-02-11T23:37:26.5804956Z ##[endgroup]
audit-pods	Execute Audit Script	2026-02-11T23:37:26.6037503Z ##[group]Run echo "***
audit-pods	Execute Audit Script	2026-02-11T23:37:26.6038692Z [36;1mecho "***[0m
audit-pods	Execute Audit Script	2026-02-11T23:37:26.6039352Z [36;1m***[0m
audit-pods	Execute Audit Script	2026-02-11T23:37:26.6039953Z [36;1m***[0m
audit-pods	Execute Audit Script	2026-02-11T23:37:26.6040627Z [36;1m***[0m
audit-pods	Execute Audit Script	2026-02-11T23:37:26.6041158Z [36;1m***[0m
audit-pods	Execute Audit Script	2026-02-11T23:37:26.6041709Z [36;1m***[0m
audit-pods	Execute Audit Script	2026-02-11T23:37:26.6042185Z [36;1m***" > /home/runner/_work/_temp/ssh_key[0m
audit-pods	Execute Audit Script	2026-02-11T23:37:26.6042678Z [36;1mchmod 600 /home/runner/_work/_temp/ssh_key[0m
audit-pods	Execute Audit Script	2026-02-11T23:37:26.6072737Z shell: /usr/bin/bash --noprofile --norc -e -o pipefail {0}
audit-pods	Execute Audit Script	2026-02-11T23:37:26.6074245Z env:
audit-pods	Execute Audit Script	2026-02-11T23:37:26.6075260Z   KAOS_MODULE: [Ka0S] Audit Pods
audit-pods	Execute Audit Script	2026-02-11T23:37:26.6076473Z   KAOS_CODE: 21927393945
audit-pods	Execute Audit Script	2026-02-11T23:37:26.6077566Z ##[endgroup]
audit-pods	Execute Audit Script	2026-02-11T23:37:26.6344814Z ##[group]Run scp -o StrictHostKeyChecking=no -i /home/runner/_work/_temp/ssh_key -P *** devops/core/k8s/audit-failed-pods.sh ***@***:/tmp
audit-pods	Execute Audit Script	2026-02-11T23:37:26.6349029Z [36;1mscp -o StrictHostKeyChecking=no -i /home/runner/_work/_temp/ssh_key -P *** devops/core/k8s/audit-failed-pods.sh ***@***:/tmp[0m
audit-pods	Execute Audit Script	2026-02-11T23:37:26.6369911Z shell: /usr/bin/bash --noprofile --norc -e -o pipefail {0}
audit-pods	Execute Audit Script	2026-02-11T23:37:26.6371167Z env:
audit-pods	Execute Audit Script	2026-02-11T23:37:26.6371517Z   KAOS_MODULE: [Ka0S] Audit Pods
audit-pods	Execute Audit Script	2026-02-11T23:37:26.6371901Z   KAOS_CODE: 21927393945
audit-pods	Execute Audit Script	2026-02-11T23:37:26.6372234Z ##[endgroup]
audit-pods	Execute Audit Script	2026-02-11T23:37:26.7941424Z Warning: Permanently added '[***]:***' (ED25519) to the list of known hosts.
audit-pods	Execute Audit Script	2026-02-11T23:37:27.9795617Z ##[group]Run REMOTE_SCRIPT_PATH="/tmp/$(basename devops/core/k8s/audit-failed-pods.sh)"
audit-pods	Execute Audit Script	2026-02-11T23:37:27.9798837Z [36;1mREMOTE_SCRIPT_PATH="/tmp/$(basename devops/core/k8s/audit-failed-pods.sh)"[0m
audit-pods	Execute Audit Script	2026-02-11T23:37:27.9800745Z [36;1mEXEC_COMMAND="chmod +x $REMOTE_SCRIPT_PATH && $REMOTE_SCRIPT_PATH "[0m
audit-pods	Execute Audit Script	2026-02-11T23:37:27.9802255Z [36;1mif [[ "true" == "true" ]]; then[0m
audit-pods	Execute Audit Script	2026-02-11T23:37:27.9803938Z [36;1m  SUDO_PREFIX="echo '***' | sudo -S"[0m
audit-pods	Execute Audit Script	2026-02-11T23:37:27.9805211Z [36;1m  COMMAND_CHAIN="$SUDO_PREFIX bash -c '$EXEC_COMMAND'"[0m
audit-pods	Execute Audit Script	2026-02-11T23:37:27.9806605Z [36;1m  if [[ "/tmp/results" != "" ]]; then[0m
audit-pods	Execute Audit Script	2026-02-11T23:37:27.9808748Z [36;1m    COMMAND_CHAIN="$COMMAND_CHAIN && $SUDO_PREFIX chmod -R 777 /tmp/results"[0m
audit-pods	Execute Audit Script	2026-02-11T23:37:27.9810203Z [36;1m  fi[0m
audit-pods	Execute Audit Script	2026-02-11T23:37:27.9812460Z [36;1m  ssh -o StrictHostKeyChecking=no -i /home/runner/_work/_temp/ssh_key -p *** ***@*** "$COMMAND_CHAIN && rm $REMOTE_SCRIPT_PATH"[0m
audit-pods	Execute Audit Script	2026-02-11T23:37:27.9815094Z [36;1melse[0m
audit-pods	Execute Audit Script	2026-02-11T23:37:27.9827207Z [36;1m  ssh -o StrictHostKeyChecking=no -i /home/runner/_work/_temp/ssh_key -p *** ***@*** "$EXEC_COMMAND && rm $REMOTE_SCRIPT_PATH"[0m
audit-pods	Execute Audit Script	2026-02-11T23:37:27.9828432Z [36;1mfi[0m
audit-pods	Execute Audit Script	2026-02-11T23:37:27.9847773Z shell: /usr/bin/bash --noprofile --norc -e -o pipefail {0}
audit-pods	Execute Audit Script	2026-02-11T23:37:27.9848965Z env:
audit-pods	Execute Audit Script	2026-02-11T23:37:27.9849705Z   KAOS_MODULE: [Ka0S] Audit Pods
audit-pods	Execute Audit Script	2026-02-11T23:37:27.9850671Z   KAOS_CODE: 21927393945
audit-pods	Execute Audit Script	2026-02-11T23:37:27.9851451Z ##[endgroup]
audit-pods	Execute Audit Script	2026-02-11T23:37:28.5163389Z [INFO] Iniciando auditoría de pods fallidos...
audit-pods	Execute Audit Script	2026-02-11T23:37:28.5165145Z [INFO] Directorio de salida: /tmp/results
audit-pods	Execute Audit Script	2026-02-11T23:37:28.8631383Z [SUCCESS] Auditoría finalizada. Se encontraron 0 pods con problemas.
audit-pods	Execute Audit Script	2026-02-11T23:37:28.8633977Z [INFO] Resultado guardado en: /tmp/results/failed_pods.json
audit-pods	Execute Audit Script	2026-02-11T23:37:28.8931409Z [sudo] password for ***: 
audit-pods	Execute Audit Script	2026-02-11T23:37:28.9126023Z ##[group]Run mkdir -p audit/kube/
audit-pods	Execute Audit Script	2026-02-11T23:37:28.9127030Z [36;1mmkdir -p audit/kube/[0m
audit-pods	Execute Audit Script	2026-02-11T23:37:28.9129706Z [36;1mscp -o StrictHostKeyChecking=no -r -i /home/runner/_work/_temp/ssh_key -P *** ***@***:/tmp/results/* audit/kube/[0m
audit-pods	Execute Audit Script	2026-02-11T23:37:28.9132082Z [36;1mecho "path=audit/kube/" >> $GITHUB_OUTPUT[0m
audit-pods	Execute Audit Script	2026-02-11T23:37:28.9151675Z shell: /usr/bin/bash --noprofile --norc -e -o pipefail {0}
audit-pods	Execute Audit Script	2026-02-11T23:37:28.9152784Z env:
audit-pods	Execute Audit Script	2026-02-11T23:37:28.9153794Z   KAOS_MODULE: [Ka0S] Audit Pods
audit-pods	Execute Audit Script	2026-02-11T23:37:28.9155013Z   KAOS_CODE: 21927393945
audit-pods	Execute Audit Script	2026-02-11T23:37:28.9156113Z ##[endgroup]
audit-pods	Commit Results	﻿2026-02-11T23:37:29.8443729Z ##[group]Run git config --global user.name "Ka0s Bot"
audit-pods	Commit Results	2026-02-11T23:37:29.8444912Z [36;1mgit config --global user.name "Ka0s Bot"[0m
audit-pods	Commit Results	2026-02-11T23:37:29.8445963Z [36;1mgit config --global user.email "bot@ka0s.io"[0m
audit-pods	Commit Results	2026-02-11T23:37:29.8446937Z [36;1mgit add audit/kube/failed_pods.json[0m
audit-pods	Commit Results	2026-02-11T23:37:29.8464409Z [36;1mif ! git diff --staged --quiet; then[0m
audit-pods	Commit Results	2026-02-11T23:37:29.8465915Z [36;1m  git commit -m "[Audit] Update failed pods report $(date +'%Y-%m-%d %H:%M')"[0m
audit-pods	Commit Results	2026-02-11T23:37:29.8467235Z [36;1m  git push[0m
audit-pods	Commit Results	2026-02-11T23:37:29.8468073Z [36;1melse[0m
audit-pods	Commit Results	2026-02-11T23:37:29.8468853Z [36;1m  echo "No changes in failed pods report."[0m
audit-pods	Commit Results	2026-02-11T23:37:29.8469627Z [36;1mfi[0m
audit-pods	Commit Results	2026-02-11T23:37:29.8522642Z shell: /usr/bin/bash -e {0}
audit-pods	Commit Results	2026-02-11T23:37:29.8524642Z env:
audit-pods	Commit Results	2026-02-11T23:37:29.8525467Z   KAOS_MODULE: [Ka0S] Audit Pods
audit-pods	Commit Results	2026-02-11T23:37:29.8526680Z   KAOS_CODE: 21927393945
audit-pods	Commit Results	2026-02-11T23:37:29.8527510Z ##[endgroup]
audit-pods	Commit Results	2026-02-11T23:37:31.1890852Z No changes in failed pods report.
audit-pods	Process Tickets in iTop	﻿2026-02-11T23:37:31.1989570Z ##[group]Run python3 devops/core/k8s/process-failed-pods.py
audit-pods	Process Tickets in iTop	2026-02-11T23:37:31.1991025Z [36;1mpython3 devops/core/k8s/process-failed-pods.py[0m
audit-pods	Process Tickets in iTop	2026-02-11T23:37:31.2023817Z shell: /usr/bin/bash -e {0}
audit-pods	Process Tickets in iTop	2026-02-11T23:37:31.2024943Z env:
audit-pods	Process Tickets in iTop	2026-02-11T23:37:31.2025960Z   KAOS_MODULE: [Ka0S] Audit Pods
audit-pods	Process Tickets in iTop	2026-02-11T23:37:31.2027316Z   KAOS_CODE: 21927393945
audit-pods	Process Tickets in iTop	2026-02-11T23:37:31.2028444Z   ITOP_URL: ***
audit-pods	Process Tickets in iTop	2026-02-11T23:37:31.2028905Z   ITOP_USER: ***
audit-pods	Process Tickets in iTop	2026-02-11T23:37:31.2029266Z   ITOP_PASSWORD: ***
audit-pods	Process Tickets in iTop	2026-02-11T23:37:31.2029634Z   FAILED_PODS_FILE: audit/kube/failed_pods.json
audit-pods	Process Tickets in iTop	2026-02-11T23:37:31.2030049Z ##[endgroup]
audit-pods	Process Tickets in iTop	2026-02-11T23:37:31.3521046Z [INFO] Current Failed Pods: 0
audit-pods	Process Tickets in iTop	2026-02-11T23:37:31.3522973Z [DEBUG] POST to ***/webservices/rest.php?version=1.3
audit-pods	Process Tickets in iTop	2026-02-11T23:37:31.3524162Z [FATAL] URL Error: [Errno 111] Connection refused
audit-pods	Process Tickets in iTop	2026-02-11T23:37:31.3714063Z ##[error]Process completed with exit code 1.
audit-pods	Post Checkout repository	﻿2026-02-11T23:37:31.4032431Z Post job cleanup.
audit-pods	Post Checkout repository	2026-02-11T23:37:31.6249468Z [command]/usr/bin/git version
audit-pods	Post Checkout repository	2026-02-11T23:37:31.6372225Z git version 2.52.0
audit-pods	Post Checkout repository	2026-02-11T23:37:31.6529701Z Copying '/home/runner/.gitconfig' to '/home/runner/_work/_temp/be5f9b9c-e1a6-4d3b-b865-41fc36d2cb09/.gitconfig'
audit-pods	Post Checkout repository	2026-02-11T23:37:31.6570428Z Temporarily overriding HOME='/home/runner/_work/_temp/be5f9b9c-e1a6-4d3b-b865-41fc36d2cb09' before making global git config changes
audit-pods	Post Checkout repository	2026-02-11T23:37:31.6579306Z Adding repository directory to the temporary git global config as a safe directory
audit-pods	Post Checkout repository	2026-02-11T23:37:31.6603236Z [command]/usr/bin/git config --global --add safe.directory /home/runner/_work/ka0s/ka0s
audit-pods	Post Checkout repository	2026-02-11T23:37:31.6760922Z [command]/usr/bin/git config --local --name-only --get-regexp core\.sshCommand
audit-pods	Post Checkout repository	2026-02-11T23:37:31.6930527Z [command]/usr/bin/git submodule foreach --recursive sh -c "git config --local --name-only --get-regexp 'core\.sshCommand' && git config --local --unset-all 'core.sshCommand' || :"
audit-pods	Post Checkout repository	2026-02-11T23:37:31.7599960Z [command]/usr/bin/git config --local --name-only --get-regexp http\.https\:\/\/github\.com\/\.extraheader
audit-pods	Post Checkout repository	2026-02-11T23:37:31.7650344Z http.https://github.com/.extraheader
audit-pods	Post Checkout repository	2026-02-11T23:37:31.7680887Z [command]/usr/bin/git config --local --unset-all http.https://github.com/.extraheader
audit-pods	Post Checkout repository	2026-02-11T23:37:31.7749337Z [command]/usr/bin/git submodule foreach --recursive sh -c "git config --local --name-only --get-regexp 'http\.https\:\/\/github\.com\/\.extraheader' && git config --local --unset-all 'http.https://github.com/.extraheader' || :"
audit-pods	Post Checkout repository	2026-02-11T23:37:31.8235607Z [command]/usr/bin/git config --local --name-only --get-regexp ^includeIf\.gitdir:
audit-pods	Post Checkout repository	2026-02-11T23:37:31.8295871Z [command]/usr/bin/git submodule foreach --recursive git config --local --show-origin --name-only --get-regexp remote.origin.url
audit-pods	Complete job	﻿2026-02-11T23:37:31.8984094Z Cleaning up orphan processes
handle_failure	Set up job	﻿2026-02-11T23:37:47.1361861Z Current runner version: '2.331.0'
handle_failure	Set up job	2026-02-11T23:37:47.1466106Z Runner name: 'swarm-runners-scaleset-hkss5-runner-8plkp'
handle_failure	Set up job	2026-02-11T23:37:47.1486789Z Runner group name: 'Default'
handle_failure	Set up job	2026-02-11T23:37:47.1493920Z Machine name: 'swarm-runners-scaleset-hkss5-runner-8plkp'
handle_failure	Set up job	2026-02-11T23:37:47.1523760Z ##[group]GITHUB_TOKEN Permissions
handle_failure	Set up job	2026-02-11T23:37:47.1541652Z Actions: write
handle_failure	Set up job	2026-02-11T23:37:47.1543124Z Contents: write
handle_failure	Set up job	2026-02-11T23:37:47.1544319Z Issues: write
handle_failure	Set up job	2026-02-11T23:37:47.1545500Z Metadata: read
handle_failure	Set up job	2026-02-11T23:37:47.1546647Z ##[endgroup]
handle_failure	Set up job	2026-02-11T23:37:47.1552210Z Secret source: Actions
handle_failure	Set up job	2026-02-11T23:37:47.1554372Z Prepare workflow directory
handle_failure	Set up job	2026-02-11T23:37:47.3540930Z Prepare all required actions
handle_failure	Set up job	2026-02-11T23:37:47.3886192Z Complete job name: handle_failure
handle_failure	Run echo "Error detected in [Ka0S] Audit Pods, creating issue..."	﻿2026-02-11T23:37:47.7195412Z ##[group]Run echo "Error detected in [Ka0S] Audit Pods, creating issue..."
handle_failure	Run echo "Error detected in [Ka0S] Audit Pods, creating issue..."	2026-02-11T23:37:47.7319079Z [36;1mecho "Error detected in [Ka0S] Audit Pods, creating issue..."[0m
handle_failure	Run echo "Error detected in [Ka0S] Audit Pods, creating issue..."	2026-02-11T23:37:47.7744330Z shell: /usr/bin/bash -e {0}
handle_failure	Run echo "Error detected in [Ka0S] Audit Pods, creating issue..."	2026-02-11T23:37:47.7746040Z env:
handle_failure	Run echo "Error detected in [Ka0S] Audit Pods, creating issue..."	2026-02-11T23:37:47.7746814Z   KAOS_MODULE: [Ka0S] Audit Pods
handle_failure	Run echo "Error detected in [Ka0S] Audit Pods, creating issue..."	2026-02-11T23:37:47.7747748Z   KAOS_CODE: 21927393945
handle_failure	Run echo "Error detected in [Ka0S] Audit Pods, creating issue..."	2026-02-11T23:37:47.7779504Z ##[endgroup]
handle_failure	Run echo "Error detected in [Ka0S] Audit Pods, creating issue..."	2026-02-11T23:37:48.3879451Z Error detected in [Ka0S] Audit Pods, creating issue...
handle_failure	Complete job	﻿2026-02-11T23:37:48.4846437Z Cleaning up orphan processes
end-workflow	Set up job	﻿2026-02-11T23:38:02.5486559Z Current runner version: '2.331.0'
end-workflow	Set up job	2026-02-11T23:38:02.5502053Z Runner name: 'swarm-runners-scaleset-hkss5-runner-gjnkl'
end-workflow	Set up job	2026-02-11T23:38:02.5503578Z Runner group name: 'Default'
end-workflow	Set up job	2026-02-11T23:38:02.5504970Z Machine name: 'swarm-runners-scaleset-hkss5-runner-gjnkl'
end-workflow	Set up job	2026-02-11T23:38:02.5513410Z ##[group]GITHUB_TOKEN Permissions
end-workflow	Set up job	2026-02-11T23:38:02.5517048Z Actions: write
end-workflow	Set up job	2026-02-11T23:38:02.5518290Z Contents: write
end-workflow	Set up job	2026-02-11T23:38:02.5519490Z Issues: write
end-workflow	Set up job	2026-02-11T23:38:02.5520182Z Metadata: read
end-workflow	Set up job	2026-02-11T23:38:02.5521044Z ##[endgroup]
end-workflow	Set up job	2026-02-11T23:38:02.5524002Z Secret source: Actions
end-workflow	Set up job	2026-02-11T23:38:02.5525044Z Prepare workflow directory
end-workflow	Set up job	2026-02-11T23:38:02.6638363Z Prepare all required actions
end-workflow	Set up job	2026-02-11T23:38:02.6725202Z Getting action download info
end-workflow	Set up job	2026-02-11T23:38:03.4740416Z Download action repository 'actions/checkout@v4' (SHA:34e114876b0b11c390a56381ad16ebd13914f8d5)
end-workflow	Set up job	2026-02-11T23:38:04.6341773Z Complete job name: end-workflow
end-workflow	Checkout code	﻿2026-02-11T23:38:04.7703820Z ##[group]Run actions/checkout@v4
end-workflow	Checkout code	2026-02-11T23:38:04.7707793Z with:
end-workflow	Checkout code	2026-02-11T23:38:04.7709092Z   fetch-depth: 0
end-workflow	Checkout code	2026-02-11T23:38:04.7709824Z   repository: Ka0s-Klaus/ka0s
end-workflow	Checkout code	2026-02-11T23:38:04.7710794Z   token: ***
end-workflow	Checkout code	2026-02-11T23:38:04.7711341Z   ssh-strict: true
end-workflow	Checkout code	2026-02-11T23:38:04.7711906Z   ssh-user: git
end-workflow	Checkout code	2026-02-11T23:38:04.7712468Z   persist-credentials: true
end-workflow	Checkout code	2026-02-11T23:38:04.7713088Z   clean: true
end-workflow	Checkout code	2026-02-11T23:38:04.7713661Z   sparse-checkout-cone-mode: true
end-workflow	Checkout code	2026-02-11T23:38:04.7714348Z   fetch-tags: false
end-workflow	Checkout code	2026-02-11T23:38:04.7714917Z   show-progress: true
end-workflow	Checkout code	2026-02-11T23:38:04.7715485Z   lfs: false
end-workflow	Checkout code	2026-02-11T23:38:04.7718331Z   submodules: false
end-workflow	Checkout code	2026-02-11T23:38:04.7720963Z   set-safe-directory: true
end-workflow	Checkout code	2026-02-11T23:38:04.7723065Z env:
end-workflow	Checkout code	2026-02-11T23:38:04.7726388Z   KAOS_MODULE: [Ka0S] Audit Pods
end-workflow	Checkout code	2026-02-11T23:38:04.7729753Z   KAOS_CODE: 21927393945
end-workflow	Checkout code	2026-02-11T23:38:04.7732587Z   GH_TOKEN: ***
end-workflow	Checkout code	2026-02-11T23:38:04.7735399Z ##[endgroup]
end-workflow	Checkout code	2026-02-11T23:38:04.9808642Z Syncing repository: Ka0s-Klaus/ka0s
end-workflow	Checkout code	2026-02-11T23:38:04.9813539Z ##[group]Getting Git version info
end-workflow	Checkout code	2026-02-11T23:38:04.9815687Z Working directory is '/home/runner/_work/ka0s/ka0s'
end-workflow	Checkout code	2026-02-11T23:38:04.9818911Z [command]/usr/bin/git version
end-workflow	Checkout code	2026-02-11T23:38:04.9820573Z git version 2.52.0
end-workflow	Checkout code	2026-02-11T23:38:04.9850373Z ##[endgroup]
end-workflow	Checkout code	2026-02-11T23:38:04.9879780Z Temporarily overriding HOME='/home/runner/_work/_temp/0d7fed15-4d81-4ca3-87b5-ea7cc92e4927' before making global git config changes
end-workflow	Checkout code	2026-02-11T23:38:04.9886839Z Adding repository directory to the temporary git global config as a safe directory
end-workflow	Checkout code	2026-02-11T23:38:04.9892504Z [command]/usr/bin/git config --global --add safe.directory /home/runner/_work/ka0s/ka0s
end-workflow	Checkout code	2026-02-11T23:38:04.9977326Z Deleting the contents of '/home/runner/_work/ka0s/ka0s'
end-workflow	Checkout code	2026-02-11T23:38:04.9985094Z ##[group]Initializing the repository
end-workflow	Checkout code	2026-02-11T23:38:04.9991759Z [command]/usr/bin/git init /home/runner/_work/ka0s/ka0s
end-workflow	Checkout code	2026-02-11T23:38:05.0073593Z hint: Using 'master' as the name for the initial branch. This default branch name
end-workflow	Checkout code	2026-02-11T23:38:05.0077654Z hint: will change to "main" in Git 3.0. To configure the initial branch name
end-workflow	Checkout code	2026-02-11T23:38:05.0080849Z hint: to use in all of your new repositories, which will suppress this warning,
end-workflow	Checkout code	2026-02-11T23:38:05.0083389Z hint: call:
end-workflow	Checkout code	2026-02-11T23:38:05.0084712Z hint:
end-workflow	Checkout code	2026-02-11T23:38:05.0086107Z hint: 	git config --global init.defaultBranch <name>
end-workflow	Checkout code	2026-02-11T23:38:05.0088118Z hint:
end-workflow	Checkout code	2026-02-11T23:38:05.0089970Z hint: Names commonly chosen instead of 'master' are 'main', 'trunk' and
end-workflow	Checkout code	2026-02-11T23:38:05.0092790Z hint: 'development'. The just-created branch can be renamed via this command:
end-workflow	Checkout code	2026-02-11T23:38:05.0094778Z hint:
end-workflow	Checkout code	2026-02-11T23:38:05.0095988Z hint: 	git branch -m <name>
end-workflow	Checkout code	2026-02-11T23:38:05.0097486Z hint:
end-workflow	Checkout code	2026-02-11T23:38:05.0099887Z hint: Disable this message with "git config set advice.defaultBranchName false"
end-workflow	Checkout code	2026-02-11T23:38:05.0102958Z Initialized empty Git repository in /home/runner/_work/ka0s/ka0s/.git/
end-workflow	Checkout code	2026-02-11T23:38:05.0114267Z [command]/usr/bin/git remote add origin https://github.com/Ka0s-Klaus/ka0s
end-workflow	Checkout code	2026-02-11T23:38:05.0168487Z ##[endgroup]
end-workflow	Checkout code	2026-02-11T23:38:05.0170667Z ##[group]Disabling automatic garbage collection
end-workflow	Checkout code	2026-02-11T23:38:05.0175695Z [command]/usr/bin/git config --local gc.auto 0
end-workflow	Checkout code	2026-02-11T23:38:05.0243169Z ##[endgroup]
end-workflow	Checkout code	2026-02-11T23:38:05.0247621Z ##[group]Setting up auth
end-workflow	Checkout code	2026-02-11T23:38:05.0253940Z [command]/usr/bin/git config --local --name-only --get-regexp core\.sshCommand
end-workflow	Checkout code	2026-02-11T23:38:05.0307585Z [command]/usr/bin/git submodule foreach --recursive sh -c "git config --local --name-only --get-regexp 'core\.sshCommand' && git config --local --unset-all 'core.sshCommand' || :"
end-workflow	Checkout code	2026-02-11T23:38:05.0771153Z [command]/usr/bin/git config --local --name-only --get-regexp http\.https\:\/\/github\.com\/\.extraheader
end-workflow	Checkout code	2026-02-11T23:38:05.0839083Z [command]/usr/bin/git submodule foreach --recursive sh -c "git config --local --name-only --get-regexp 'http\.https\:\/\/github\.com\/\.extraheader' && git config --local --unset-all 'http.https://github.com/.extraheader' || :"
end-workflow	Checkout code	2026-02-11T23:38:05.1330265Z [command]/usr/bin/git config --local --name-only --get-regexp ^includeIf\.gitdir:
end-workflow	Checkout code	2026-02-11T23:38:05.1397484Z [command]/usr/bin/git submodule foreach --recursive git config --local --show-origin --name-only --get-regexp remote.origin.url
end-workflow	Checkout code	2026-02-11T23:38:05.1889090Z [command]/usr/bin/git config --local http.https://github.com/.extraheader AUTHORIZATION: basic ***
end-workflow	Checkout code	2026-02-11T23:38:05.1974982Z ##[endgroup]
end-workflow	Checkout code	2026-02-11T23:38:05.1977409Z ##[group]Fetching the repository
end-workflow	Checkout code	2026-02-11T23:38:05.1992755Z [command]/usr/bin/git -c protocol.version=2 fetch --prune --no-recurse-submodules origin +refs/heads/*:refs/remotes/origin/* +refs/tags/*:refs/tags/*
end-workflow	Checkout code	2026-02-11T23:38:46.0338769Z From https://github.com/Ka0s-Klaus/ka0s
end-workflow	Checkout code	2026-02-11T23:38:46.0340125Z  * [new branch]          F1224-new-module-mongodb -> origin/F1224-new-module-mongodb
end-workflow	Checkout code	2026-02-11T23:38:46.0341817Z  * [new branch]          F220-web-de-resultados  -> origin/F220-web-de-resultados
end-workflow	Checkout code	2026-02-11T23:38:46.0345764Z  * [new branch]          F227-despliegue-de-kube-independiente-del-clouder -> origin/F227-despliegue-de-kube-independiente-del-clouder
end-workflow	Checkout code	2026-02-11T23:38:46.0350261Z  * [new branch]          F329-documentacion-metodologia-de-kaos -> origin/F329-documentacion-metodologia-de-kaos
end-workflow	Checkout code	2026-02-11T23:38:46.0353465Z  * [new branch]          F3450-modelo-operativo  -> origin/F3450-modelo-operativo
end-workflow	Checkout code	2026-02-11T23:38:46.0356103Z  * [new branch]          H1139-como-instalar-arc-control -> origin/H1139-como-instalar-arc-control
end-workflow	Checkout code	2026-02-11T23:38:46.0358255Z  * [new branch]          H1150-desarrollo-de-secciones -> origin/H1150-desarrollo-de-secciones
end-workflow	Checkout code	2026-02-11T23:38:46.0360237Z  * [new branch]          H1151-desarrollo-de-secciones-ii -> origin/H1151-desarrollo-de-secciones-ii
end-workflow	Checkout code	2026-02-11T23:38:46.0362013Z  * [new branch]          H1152-desarrollo-inicio -> origin/H1152-desarrollo-inicio
end-workflow	Checkout code	2026-02-11T23:38:46.0363727Z  * [new branch]          H1193-ejemplo-web-documentacion -> origin/H1193-ejemplo-web-documentacion
end-workflow	Checkout code	2026-02-11T23:38:46.0366538Z  * [new branch]          H1224-new-module-mongodb -> origin/H1224-new-module-mongodb
end-workflow	Checkout code	2026-02-11T23:38:46.0368601Z  * [new branch]          H1276-modulo-observabilidad -> origin/H1276-modulo-observabilidad
end-workflow	Checkout code	2026-02-11T23:38:46.0370218Z  * [new branch]          H1410-modulo-execution  -> origin/H1410-modulo-execution
end-workflow	Checkout code	2026-02-11T23:38:46.0373636Z  * [new branch]          H1514-new-swarm-deployment-stack-with-actions-runners-autoscale -> origin/H1514-new-swarm-deployment-stack-with-actions-runners-autoscale
end-workflow	Checkout code	2026-02-11T23:38:46.0377565Z  * [new branch]          H1968-modulo-personalización-del-portal-de-kaos-core -> origin/H1968-modulo-personalización-del-portal-de-kaos-core
end-workflow	Checkout code	2026-02-11T23:38:46.0380514Z  * [new branch]          H215-modulo-de-summary  -> origin/H215-modulo-de-summary
end-workflow	Checkout code	2026-02-11T23:38:46.0509722Z  * [new branch]          H227-despliegue-de-kube-independiente-del-clouder -> origin/H227-despliegue-de-kube-independiente-del-clouder
end-workflow	Checkout code	2026-02-11T23:38:46.0514143Z  * [new branch]          H3038-test-ci-cd-kubernetes-automated-system -> origin/H3038-test-ci-cd-kubernetes-automated-system
end-workflow	Checkout code	2026-02-11T23:38:46.0519415Z  * [new branch]          H306-ficheros-de-estadisticas -> origin/H306-ficheros-de-estadisticas
end-workflow	Checkout code	2026-02-11T23:38:46.0521986Z  * [new branch]          H3265-deploy-itop       -> origin/H3265-deploy-itop
end-workflow	Checkout code	2026-02-11T23:38:46.0524319Z  * [new branch]          H3266-deploy-zabbix     -> origin/H3266-deploy-zabbix
end-workflow	Checkout code	2026-02-11T23:38:46.0527380Z  * [new branch]          H328-documentacion-modulo-principal-de-kaos -> origin/H328-documentacion-modulo-principal-de-kaos
end-workflow	Checkout code	2026-02-11T23:38:46.0531542Z  * [new branch]          H329-documentacion-metodologia-de-kaos -> origin/H329-documentacion-metodologia-de-kaos
end-workflow	Checkout code	2026-02-11T23:38:46.0535418Z  * [new branch]          H338-relanzador-de-jobs-en-caso-de-pattern -> origin/H338-relanzador-de-jobs-en-caso-de-pattern
end-workflow	Checkout code	2026-02-11T23:38:46.0539578Z  * [new branch]          H38-documentacion-basica-del-proyecto -> origin/H38-documentacion-basica-del-proyecto
end-workflow	Checkout code	2026-02-11T23:38:46.0544346Z  * [new branch]          RN1282-ka0s-error-detected-in-ka0s-workflow-statistics-summary -> origin/RN1282-ka0s-error-detected-in-ka0s-workflow-statistics-summary
end-workflow	Checkout code	2026-02-11T23:38:46.0548697Z  * [new branch]          RN220-web-de-resultados -> origin/RN220-web-de-resultados
end-workflow	Checkout code	2026-02-11T23:38:46.0552254Z  * [new branch]          RN227-despliegue-de-kube-independiente-del-clouder -> origin/RN227-despliegue-de-kube-independiente-del-clouder
end-workflow	Checkout code	2026-02-11T23:38:46.0557249Z  * [new branch]          RN329-documentacion-metodologia-de-kaos -> origin/RN329-documentacion-metodologia-de-kaos
end-workflow	Checkout code	2026-02-11T23:38:46.0560817Z  * [new branch]          main                    -> origin/main
end-workflow	Checkout code	2026-02-11T23:38:46.0562490Z  * [new tag]             0.0.0                   -> 0.0.0
end-workflow	Checkout code	2026-02-11T23:38:46.0564176Z  * [new tag]             0.0.1                   -> 0.0.1
end-workflow	Checkout code	2026-02-11T23:38:46.0565888Z  * [new tag]             0.0.10                  -> 0.0.10
end-workflow	Checkout code	2026-02-11T23:38:46.0567405Z  * [new tag]             0.0.100                 -> 0.0.100
end-workflow	Checkout code	2026-02-11T23:38:46.0569329Z  * [new tag]             0.0.101                 -> 0.0.101
end-workflow	Checkout code	2026-02-11T23:38:46.0571014Z  * [new tag]             0.0.102                 -> 0.0.102
end-workflow	Checkout code	2026-02-11T23:38:46.0572605Z  * [new tag]             0.0.103                 -> 0.0.103
end-workflow	Checkout code	2026-02-11T23:38:46.0574295Z  * [new tag]             0.0.104                 -> 0.0.104
end-workflow	Checkout code	2026-02-11T23:38:46.0576057Z  * [new tag]             0.0.105                 -> 0.0.105
end-workflow	Checkout code	2026-02-11T23:38:46.0577754Z  * [new tag]             0.0.106                 -> 0.0.106
end-workflow	Checkout code	2026-02-11T23:38:46.0579856Z  * [new tag]             0.0.107                 -> 0.0.107
end-workflow	Checkout code	2026-02-11T23:38:46.0581383Z  * [new tag]             0.0.108                 -> 0.0.108
end-workflow	Checkout code	2026-02-11T23:38:46.0582990Z  * [new tag]             0.0.109                 -> 0.0.109
end-workflow	Checkout code	2026-02-11T23:38:46.0584997Z  * [new tag]             0.0.11                  -> 0.0.11
end-workflow	Checkout code	2026-02-11T23:38:46.0586603Z  * [new tag]             0.0.110                 -> 0.0.110
end-workflow	Checkout code	2026-02-11T23:38:46.0589089Z  * [new tag]             0.0.111                 -> 0.0.111
end-workflow	Checkout code	2026-02-11T23:38:46.0590794Z  * [new tag]             0.0.112                 -> 0.0.112
end-workflow	Checkout code	2026-02-11T23:38:46.0592702Z  * [new tag]             0.0.113                 -> 0.0.113
end-workflow	Checkout code	2026-02-11T23:38:46.0594366Z  * [new tag]             0.0.114                 -> 0.0.114
end-workflow	Checkout code	2026-02-11T23:38:46.0595934Z  * [new tag]             0.0.115                 -> 0.0.115
end-workflow	Checkout code	2026-02-11T23:38:46.0597541Z  * [new tag]             0.0.116                 -> 0.0.116
end-workflow	Checkout code	2026-02-11T23:38:46.0599924Z  * [new tag]             0.0.117                 -> 0.0.117
end-workflow	Checkout code	2026-02-11T23:38:46.0601545Z  * [new tag]             0.0.118                 -> 0.0.118
end-workflow	Checkout code	2026-02-11T23:38:46.0603213Z  * [new tag]             0.0.119                 -> 0.0.119
end-workflow	Checkout code	2026-02-11T23:38:46.0604857Z  * [new tag]             0.0.12                  -> 0.0.12
end-workflow	Checkout code	2026-02-11T23:38:46.0606507Z  * [new tag]             0.0.120                 -> 0.0.120
end-workflow	Checkout code	2026-02-11T23:38:46.0608692Z  * [new tag]             0.0.121                 -> 0.0.121
end-workflow	Checkout code	2026-02-11T23:38:46.0610862Z  * [new tag]             0.0.122                 -> 0.0.122
end-workflow	Checkout code	2026-02-11T23:38:46.0612763Z  * [new tag]             0.0.123                 -> 0.0.123
end-workflow	Checkout code	2026-02-11T23:38:46.0614607Z  * [new tag]             0.0.124                 -> 0.0.124
end-workflow	Checkout code	2026-02-11T23:38:46.0616364Z  * [new tag]             0.0.125                 -> 0.0.125
end-workflow	Checkout code	2026-02-11T23:38:46.0618428Z  * [new tag]             0.0.126                 -> 0.0.126
end-workflow	Checkout code	2026-02-11T23:38:46.0620283Z  * [new tag]             0.0.127                 -> 0.0.127
end-workflow	Checkout code	2026-02-11T23:38:46.0622261Z  * [new tag]             0.0.128                 -> 0.0.128
end-workflow	Checkout code	2026-02-11T23:38:46.0624304Z  * [new tag]             0.0.129                 -> 0.0.129
end-workflow	Checkout code	2026-02-11T23:38:46.0626285Z  * [new tag]             0.0.13                  -> 0.0.13
end-workflow	Checkout code	2026-02-11T23:38:46.0628625Z  * [new tag]             0.0.130                 -> 0.0.130
end-workflow	Checkout code	2026-02-11T23:38:46.0630421Z  * [new tag]             0.0.131                 -> 0.0.131
end-workflow	Checkout code	2026-02-11T23:38:46.0632031Z  * [new tag]             0.0.132                 -> 0.0.132
end-workflow	Checkout code	2026-02-11T23:38:46.0634334Z  * [new tag]             0.0.133                 -> 0.0.133
end-workflow	Checkout code	2026-02-11T23:38:46.0635993Z  * [new tag]             0.0.134                 -> 0.0.134
end-workflow	Checkout code	2026-02-11T23:38:46.0637633Z  * [new tag]             0.0.135                 -> 0.0.135
end-workflow	Checkout code	2026-02-11T23:38:46.0639622Z  * [new tag]             0.0.136                 -> 0.0.136
end-workflow	Checkout code	2026-02-11T23:38:46.0641303Z  * [new tag]             0.0.137                 -> 0.0.137
end-workflow	Checkout code	2026-02-11T23:38:46.0643007Z  * [new tag]             0.0.138                 -> 0.0.138
end-workflow	Checkout code	2026-02-11T23:38:46.0644626Z  * [new tag]             0.0.139                 -> 0.0.139
end-workflow	Checkout code	2026-02-11T23:38:46.0646300Z  * [new tag]             0.0.14                  -> 0.0.14
end-workflow	Checkout code	2026-02-11T23:38:46.0648272Z  * [new tag]             0.0.140                 -> 0.0.140
end-workflow	Checkout code	2026-02-11T23:38:46.0650270Z  * [new tag]             0.0.141                 -> 0.0.141
end-workflow	Checkout code	2026-02-11T23:38:46.0651989Z  * [new tag]             0.0.142                 -> 0.0.142
end-workflow	Checkout code	2026-02-11T23:38:46.0653679Z  * [new tag]             0.0.143                 -> 0.0.143
end-workflow	Checkout code	2026-02-11T23:38:46.0655274Z  * [new tag]             0.0.144                 -> 0.0.144
end-workflow	Checkout code	2026-02-11T23:38:46.0656962Z  * [new tag]             0.0.145                 -> 0.0.145
end-workflow	Checkout code	2026-02-11T23:38:46.0659213Z  * [new tag]             0.0.146                 -> 0.0.146
end-workflow	Checkout code	2026-02-11T23:38:46.0660785Z  * [new tag]             0.0.147                 -> 0.0.147
end-workflow	Checkout code	2026-02-11T23:38:46.0662482Z  * [new tag]             0.0.148                 -> 0.0.148
end-workflow	Checkout code	2026-02-11T23:38:46.0664156Z  * [new tag]             0.0.149                 -> 0.0.149
end-workflow	Checkout code	2026-02-11T23:38:46.0665742Z  * [new tag]             0.0.15                  -> 0.0.15
end-workflow	Checkout code	2026-02-11T23:38:46.0667386Z  * [new tag]             0.0.150                 -> 0.0.150
end-workflow	Checkout code	2026-02-11T23:38:46.0669430Z  * [new tag]             0.0.151                 -> 0.0.151
end-workflow	Checkout code	2026-02-11T23:38:46.0671314Z  * [new tag]             0.0.152                 -> 0.0.152
end-workflow	Checkout code	2026-02-11T23:38:46.0673050Z  * [new tag]             0.0.153                 -> 0.0.153
end-workflow	Checkout code	2026-02-11T23:38:46.0674756Z  * [new tag]             0.0.154                 -> 0.0.154
end-workflow	Checkout code	2026-02-11T23:38:46.0676386Z  * [new tag]             0.0.155                 -> 0.0.155
end-workflow	Checkout code	2026-02-11T23:38:46.0678491Z  * [new tag]             0.0.156                 -> 0.0.156
end-workflow	Checkout code	2026-02-11T23:38:46.0680176Z  * [new tag]             0.0.157                 -> 0.0.157
end-workflow	Checkout code	2026-02-11T23:38:46.0681956Z  * [new tag]             0.0.158                 -> 0.0.158
end-workflow	Checkout code	2026-02-11T23:38:46.0683696Z  * [new tag]             0.0.159                 -> 0.0.159
end-workflow	Checkout code	2026-02-11T23:38:46.0685633Z  * [new tag]             0.0.16                  -> 0.0.16
end-workflow	Checkout code	2026-02-11T23:38:46.0687656Z  * [new tag]             0.0.160                 -> 0.0.160
end-workflow	Checkout code	2026-02-11T23:38:46.0689780Z  * [new tag]             0.0.161                 -> 0.0.161
end-workflow	Checkout code	2026-02-11T23:38:46.0691436Z  * [new tag]             0.0.162                 -> 0.0.162
end-workflow	Checkout code	2026-02-11T23:38:46.0693180Z  * [new tag]             0.0.163                 -> 0.0.163
end-workflow	Checkout code	2026-02-11T23:38:46.0694858Z  * [new tag]             0.0.164                 -> 0.0.164
end-workflow	Checkout code	2026-02-11T23:38:46.0696897Z  * [new tag]             0.0.165                 -> 0.0.165
end-workflow	Checkout code	2026-02-11T23:38:46.0698966Z  * [new tag]             0.0.166                 -> 0.0.166
end-workflow	Checkout code	2026-02-11T23:38:46.0700658Z  * [new tag]             0.0.167                 -> 0.0.167
end-workflow	Checkout code	2026-02-11T23:38:46.0702282Z  * [new tag]             0.0.168                 -> 0.0.168
end-workflow	Checkout code	2026-02-11T23:38:46.0703923Z  * [new tag]             0.0.169                 -> 0.0.169
end-workflow	Checkout code	2026-02-11T23:38:46.0705611Z  * [new tag]             0.0.17                  -> 0.0.17
end-workflow	Checkout code	2026-02-11T23:38:46.0707398Z  * [new tag]             0.0.170                 -> 0.0.170
end-workflow	Checkout code	2026-02-11T23:38:46.0709497Z  * [new tag]             0.0.171                 -> 0.0.171
end-workflow	Checkout code	2026-02-11T23:38:46.0711217Z  * [new tag]             0.0.172                 -> 0.0.172
end-workflow	Checkout code	2026-02-11T23:38:46.0713119Z  * [new tag]             0.0.173                 -> 0.0.173
end-workflow	Checkout code	2026-02-11T23:38:46.0714853Z  * [new tag]             0.0.174                 -> 0.0.174
end-workflow	Checkout code	2026-02-11T23:38:46.0717053Z  * [new tag]             0.0.175                 -> 0.0.175
end-workflow	Checkout code	2026-02-11T23:38:46.0719156Z  * [new tag]             0.0.176                 -> 0.0.176
end-workflow	Checkout code	2026-02-11T23:38:46.0720795Z  * [new tag]             0.0.177                 -> 0.0.177
end-workflow	Checkout code	2026-02-11T23:38:46.0722809Z  * [new tag]             0.0.178                 -> 0.0.178
end-workflow	Checkout code	2026-02-11T23:38:46.0724469Z  * [new tag]             0.0.179                 -> 0.0.179
end-workflow	Checkout code	2026-02-11T23:38:46.0726223Z  * [new tag]             0.0.18                  -> 0.0.18
end-workflow	Checkout code	2026-02-11T23:38:46.0728252Z  * [new tag]             0.0.19                  -> 0.0.19
end-workflow	Checkout code	2026-02-11T23:38:46.0730106Z  * [new tag]             0.0.2                   -> 0.0.2
end-workflow	Checkout code	2026-02-11T23:38:46.0731729Z  * [new tag]             0.0.20                  -> 0.0.20
end-workflow	Checkout code	2026-02-11T23:38:46.0733396Z  * [new tag]             0.0.21                  -> 0.0.21
end-workflow	Checkout code	2026-02-11T23:38:46.0735017Z  * [new tag]             0.0.22                  -> 0.0.22
end-workflow	Checkout code	2026-02-11T23:38:46.0736724Z  * [new tag]             0.0.23                  -> 0.0.23
end-workflow	Checkout code	2026-02-11T23:38:46.0738752Z  * [new tag]             0.0.24                  -> 0.0.24
end-workflow	Checkout code	2026-02-11T23:38:46.0740561Z  * [new tag]             0.0.25                  -> 0.0.25
end-workflow	Checkout code	2026-02-11T23:38:46.0742185Z  * [new tag]             0.0.26                  -> 0.0.26
end-workflow	Checkout code	2026-02-11T23:38:46.0743758Z  * [new tag]             0.0.27                  -> 0.0.27
end-workflow	Checkout code	2026-02-11T23:38:46.0745407Z  * [new tag]             0.0.28                  -> 0.0.28
end-workflow	Checkout code	2026-02-11T23:38:46.0747080Z  * [new tag]             0.0.29                  -> 0.0.29
end-workflow	Checkout code	2026-02-11T23:38:46.0749204Z  * [new tag]             0.0.3                   -> 0.0.3
end-workflow	Checkout code	2026-02-11T23:38:46.0751047Z  * [new tag]             0.0.30                  -> 0.0.30
end-workflow	Checkout code	2026-02-11T23:38:46.0752713Z  * [new tag]             0.0.31                  -> 0.0.31
end-workflow	Checkout code	2026-02-11T23:38:46.0754263Z  * [new tag]             0.0.32                  -> 0.0.32
end-workflow	Checkout code	2026-02-11T23:38:46.0755886Z  * [new tag]             0.0.33                  -> 0.0.33
end-workflow	Checkout code	2026-02-11T23:38:46.0757575Z  * [new tag]             0.0.34                  -> 0.0.34
end-workflow	Checkout code	2026-02-11T23:38:46.0759936Z  * [new tag]             0.0.35                  -> 0.0.35
end-workflow	Checkout code	2026-02-11T23:38:46.0761523Z  * [new tag]             0.0.36                  -> 0.0.36
end-workflow	Checkout code	2026-02-11T23:38:46.0763188Z  * [new tag]             0.0.37                  -> 0.0.37
end-workflow	Checkout code	2026-02-11T23:38:46.0764809Z  * [new tag]             0.0.38                  -> 0.0.38
end-workflow	Checkout code	2026-02-11T23:38:46.0766751Z  * [new tag]             0.0.39                  -> 0.0.39
end-workflow	Checkout code	2026-02-11T23:38:46.0768974Z  * [new tag]             0.0.4                   -> 0.0.4
end-workflow	Checkout code	2026-02-11T23:38:46.0770613Z  * [new tag]             0.0.40                  -> 0.0.40
end-workflow	Checkout code	2026-02-11T23:38:46.0772240Z  * [new tag]             0.0.41                  -> 0.0.41
end-workflow	Checkout code	2026-02-11T23:38:46.0773909Z  * [new tag]             0.0.42                  -> 0.0.42
end-workflow	Checkout code	2026-02-11T23:38:46.0775576Z  * [new tag]             0.0.43                  -> 0.0.43
end-workflow	Checkout code	2026-02-11T23:38:46.0777216Z  * [new tag]             0.0.44                  -> 0.0.44
end-workflow	Checkout code	2026-02-11T23:38:46.0779694Z  * [new tag]             0.0.45                  -> 0.0.45
end-workflow	Checkout code	2026-02-11T23:38:46.0781465Z  * [new tag]             0.0.46                  -> 0.0.46
end-workflow	Checkout code	2026-02-11T23:38:46.0783314Z  * [new tag]             0.0.47                  -> 0.0.47
end-workflow	Checkout code	2026-02-11T23:38:46.0784952Z  * [new tag]             0.0.48                  -> 0.0.48
end-workflow	Checkout code	2026-02-11T23:38:46.0786967Z  * [new tag]             0.0.49                  -> 0.0.49
end-workflow	Checkout code	2026-02-11T23:38:46.0789157Z  * [new tag]             0.0.5                   -> 0.0.5
end-workflow	Checkout code	2026-02-11T23:38:46.0790803Z  * [new tag]             0.0.50                  -> 0.0.50
end-workflow	Checkout code	2026-02-11T23:38:46.0792763Z  * [new tag]             0.0.51                  -> 0.0.51
end-workflow	Checkout code	2026-02-11T23:38:46.0794380Z  * [new tag]             0.0.52                  -> 0.0.52
end-workflow	Checkout code	2026-02-11T23:38:46.0796102Z  * [new tag]             0.0.53                  -> 0.0.53
end-workflow	Checkout code	2026-02-11T23:38:46.0798428Z  * [new tag]             0.0.54                  -> 0.0.54
end-workflow	Checkout code	2026-02-11T23:38:46.0800777Z  * [new tag]             0.0.55                  -> 0.0.55
end-workflow	Checkout code	2026-02-11T23:38:46.0802407Z  * [new tag]             0.0.56                  -> 0.0.56
end-workflow	Checkout code	2026-02-11T23:38:46.0804116Z  * [new tag]             0.0.57                  -> 0.0.57
end-workflow	Checkout code	2026-02-11T23:38:46.0806116Z  * [new tag]             0.0.58                  -> 0.0.58
end-workflow	Checkout code	2026-02-11T23:38:46.0808324Z  * [new tag]             0.0.59                  -> 0.0.59
end-workflow	Checkout code	2026-02-11T23:38:46.0810100Z  * [new tag]             0.0.6                   -> 0.0.6
end-workflow	Checkout code	2026-02-11T23:38:46.0811765Z  * [new tag]             0.0.60                  -> 0.0.60
end-workflow	Checkout code	2026-02-11T23:38:46.0813420Z  * [new tag]             0.0.61                  -> 0.0.61
end-workflow	Checkout code	2026-02-11T23:38:46.0815309Z  * [new tag]             0.0.62                  -> 0.0.62
end-workflow	Checkout code	2026-02-11T23:38:46.0816908Z  * [new tag]             0.0.63                  -> 0.0.63
end-workflow	Checkout code	2026-02-11T23:38:46.0819051Z  * [new tag]             0.0.64                  -> 0.0.64
end-workflow	Checkout code	2026-02-11T23:38:46.0820595Z  * [new tag]             0.0.65                  -> 0.0.65
end-workflow	Checkout code	2026-02-11T23:38:46.0822344Z  * [new tag]             0.0.66                  -> 0.0.66
end-workflow	Checkout code	2026-02-11T23:38:46.0824208Z  * [new tag]             0.0.67                  -> 0.0.67
end-workflow	Checkout code	2026-02-11T23:38:46.0825867Z  * [new tag]             0.0.68                  -> 0.0.68
end-workflow	Checkout code	2026-02-11T23:38:46.0827480Z  * [new tag]             0.0.69                  -> 0.0.69
end-workflow	Checkout code	2026-02-11T23:38:46.0829723Z  * [new tag]             0.0.7                   -> 0.0.7
end-workflow	Checkout code	2026-02-11T23:38:46.0831659Z  * [new tag]             0.0.70                  -> 0.0.70
end-workflow	Checkout code	2026-02-11T23:38:46.0833452Z  * [new tag]             0.0.71                  -> 0.0.71
end-workflow	Checkout code	2026-02-11T23:38:46.0834882Z  * [new tag]             0.0.72                  -> 0.0.72
end-workflow	Checkout code	2026-02-11T23:38:46.0835757Z  * [new tag]             0.0.73                  -> 0.0.73
end-workflow	Checkout code	2026-02-11T23:38:46.0836608Z  * [new tag]             0.0.74                  -> 0.0.74
end-workflow	Checkout code	2026-02-11T23:38:46.0838765Z  * [new tag]             0.0.75                  -> 0.0.75
end-workflow	Checkout code	2026-02-11T23:38:46.0840686Z  * [new tag]             0.0.76                  -> 0.0.76
end-workflow	Checkout code	2026-02-11T23:38:46.0842126Z  * [new tag]             0.0.77                  -> 0.0.77
end-workflow	Checkout code	2026-02-11T23:38:46.0843384Z  * [new tag]             0.0.78                  -> 0.0.78
end-workflow	Checkout code	2026-02-11T23:38:46.0844786Z  * [new tag]             0.0.79                  -> 0.0.79
end-workflow	Checkout code	2026-02-11T23:38:46.0846611Z  * [new tag]             0.0.8                   -> 0.0.8
end-workflow	Checkout code	2026-02-11T23:38:46.0848494Z  * [new tag]             0.0.80                  -> 0.0.80
end-workflow	Checkout code	2026-02-11T23:38:46.0850040Z  * [new tag]             0.0.81                  -> 0.0.81
end-workflow	Checkout code	2026-02-11T23:38:46.0851458Z  * [new tag]             0.0.82                  -> 0.0.82
end-workflow	Checkout code	2026-02-11T23:38:46.0853191Z  * [new tag]             0.0.83                  -> 0.0.83
end-workflow	Checkout code	2026-02-11T23:38:46.0854809Z  * [new tag]             0.0.84                  -> 0.0.84
end-workflow	Checkout code	2026-02-11T23:38:46.0856478Z  * [new tag]             0.0.85                  -> 0.0.85
end-workflow	Checkout code	2026-02-11T23:38:46.0859001Z  * [new tag]             0.0.86                  -> 0.0.86
end-workflow	Checkout code	2026-02-11T23:38:46.0860640Z  * [new tag]             0.0.87                  -> 0.0.87
end-workflow	Checkout code	2026-02-11T23:38:46.0862780Z  * [new tag]             0.0.88                  -> 0.0.88
end-workflow	Checkout code	2026-02-11T23:38:46.0864321Z  * [new tag]             0.0.89                  -> 0.0.89
end-workflow	Checkout code	2026-02-11T23:38:46.0865988Z  * [new tag]             0.0.9                   -> 0.0.9
end-workflow	Checkout code	2026-02-11T23:38:46.0867599Z  * [new tag]             0.0.90                  -> 0.0.90
end-workflow	Checkout code	2026-02-11T23:38:46.0869511Z  * [new tag]             0.0.91                  -> 0.0.91
end-workflow	Checkout code	2026-02-11T23:38:46.0871908Z  * [new tag]             0.0.92                  -> 0.0.92
end-workflow	Checkout code	2026-02-11T23:38:46.0873627Z  * [new tag]             0.0.93                  -> 0.0.93
end-workflow	Checkout code	2026-02-11T23:38:46.0875186Z  * [new tag]             0.0.94                  -> 0.0.94
end-workflow	Checkout code	2026-02-11T23:38:46.0876664Z  * [new tag]             0.0.95                  -> 0.0.95
end-workflow	Checkout code	2026-02-11T23:38:46.0878593Z  * [new tag]             0.0.96                  -> 0.0.96
end-workflow	Checkout code	2026-02-11T23:38:46.0880203Z  * [new tag]             0.0.97                  -> 0.0.97
end-workflow	Checkout code	2026-02-11T23:38:46.0882373Z  * [new tag]             0.0.98                  -> 0.0.98
end-workflow	Checkout code	2026-02-11T23:38:46.0884075Z  * [new tag]             0.0.99                  -> 0.0.99
end-workflow	Checkout code	2026-02-11T23:38:46.0885774Z  * [new tag]             0.1.0                   -> 0.1.0
end-workflow	Checkout code	2026-02-11T23:38:46.0887281Z  * [new tag]             0.1.1                   -> 0.1.1
end-workflow	Checkout code	2026-02-11T23:38:46.0888960Z  * [new tag]             0.2.0                   -> 0.2.0
end-workflow	Checkout code	2026-02-11T23:38:46.0890626Z  * [new tag]             0.3.0                   -> 0.3.0
end-workflow	Checkout code	2026-02-11T23:38:46.0892272Z  * [new tag]             0.3.1                   -> 0.3.1
end-workflow	Checkout code	2026-02-11T23:38:46.0893841Z  * [new tag]             0.3.10                  -> 0.3.10
end-workflow	Checkout code	2026-02-11T23:38:46.0895359Z  * [new tag]             0.3.11                  -> 0.3.11
end-workflow	Checkout code	2026-02-11T23:38:46.0896896Z  * [new tag]             0.3.12                  -> 0.3.12
end-workflow	Checkout code	2026-02-11T23:38:46.0899716Z  * [new tag]             0.3.13                  -> 0.3.13
end-workflow	Checkout code	2026-02-11T23:38:46.0901356Z  * [new tag]             0.3.14                  -> 0.3.14
end-workflow	Checkout code	2026-02-11T23:38:46.0903031Z  * [new tag]             0.3.15                  -> 0.3.15
end-workflow	Checkout code	2026-02-11T23:38:46.0904586Z  * [new tag]             0.3.16                  -> 0.3.16
end-workflow	Checkout code	2026-02-11T23:38:46.0906750Z  * [new tag]             0.3.17                  -> 0.3.17
end-workflow	Checkout code	2026-02-11T23:38:46.0908407Z  * [new tag]             0.3.2                   -> 0.3.2
end-workflow	Checkout code	2026-02-11T23:38:46.0910682Z  * [new tag]             0.3.3                   -> 0.3.3
end-workflow	Checkout code	2026-02-11T23:38:46.0912547Z  * [new tag]             0.3.4                   -> 0.3.4
end-workflow	Checkout code	2026-02-11T23:38:46.0914337Z  * [new tag]             0.3.5                   -> 0.3.5
end-workflow	Checkout code	2026-02-11T23:38:46.0917494Z  * [new tag]             0.3.6                   -> 0.3.6
end-workflow	Checkout code	2026-02-11T23:38:46.0920530Z  * [new tag]             0.3.7                   -> 0.3.7
end-workflow	Checkout code	2026-02-11T23:38:46.0922314Z  * [new tag]             0.3.8                   -> 0.3.8
end-workflow	Checkout code	2026-02-11T23:38:46.0923984Z  * [new tag]             0.3.9                   -> 0.3.9
end-workflow	Checkout code	2026-02-11T23:38:46.0925665Z  * [new tag]             0.4.0                   -> 0.4.0
end-workflow	Checkout code	2026-02-11T23:38:46.0927369Z  * [new tag]             0.4.1                   -> 0.4.1
end-workflow	Checkout code	2026-02-11T23:38:46.0929444Z  * [new tag]             0.4.2                   -> 0.4.2
end-workflow	Checkout code	2026-02-11T23:38:46.0931172Z  * [new tag]             0.4.3                   -> 0.4.3
end-workflow	Checkout code	2026-02-11T23:38:46.0932876Z  * [new tag]             0.4.4                   -> 0.4.4
end-workflow	Checkout code	2026-02-11T23:38:46.0934641Z  * [new tag]             0.4.5                   -> 0.4.5
end-workflow	Checkout code	2026-02-11T23:38:46.0936442Z  * [new tag]             0.4.6                   -> 0.4.6
end-workflow	Checkout code	2026-02-11T23:38:46.0938438Z  * [new tag]             0.4.7                   -> 0.4.7
end-workflow	Checkout code	2026-02-11T23:38:46.0940244Z  * [new tag]             0.4.8                   -> 0.4.8
end-workflow	Checkout code	2026-02-11T23:38:46.0942057Z  * [new tag]             0.4.9                   -> 0.4.9
end-workflow	Checkout code	2026-02-11T23:38:46.0943878Z  * [new tag]             0.5.0                   -> 0.5.0
end-workflow	Checkout code	2026-02-11T23:38:46.0945617Z  * [new tag]             0.5.1                   -> 0.5.1
end-workflow	Checkout code	2026-02-11T23:38:46.0949582Z  * [new tag]             0.5.2                   -> 0.5.2
end-workflow	Checkout code	2026-02-11T23:38:46.0951393Z  * [new tag]             0.6.0                   -> 0.6.0
end-workflow	Checkout code	2026-02-11T23:38:46.0953165Z  * [new tag]             0.6.1                   -> 0.6.1
end-workflow	Checkout code	2026-02-11T23:38:46.0954978Z  * [new tag]             0.6.2                   -> 0.6.2
end-workflow	Checkout code	2026-02-11T23:38:46.1109487Z [command]/usr/bin/git branch --list --remote origin/main
end-workflow	Checkout code	2026-02-11T23:38:46.1222285Z   origin/main
end-workflow	Checkout code	2026-02-11T23:38:46.1238857Z [command]/usr/bin/git rev-parse refs/remotes/origin/main
end-workflow	Checkout code	2026-02-11T23:38:46.1283988Z e1a35ac436f46121f55c045ad09b0314007f7812
end-workflow	Checkout code	2026-02-11T23:38:46.1295299Z ##[endgroup]
end-workflow	Checkout code	2026-02-11T23:38:46.1297164Z ##[group]Determining the checkout info
end-workflow	Checkout code	2026-02-11T23:38:46.1299446Z ##[endgroup]
end-workflow	Checkout code	2026-02-11T23:38:46.1305711Z [command]/usr/bin/git sparse-checkout disable
end-workflow	Checkout code	2026-02-11T23:38:46.1403974Z [command]/usr/bin/git config --local --unset-all extensions.worktreeConfig
end-workflow	Checkout code	2026-02-11T23:38:46.1473483Z ##[group]Checking out the ref
end-workflow	Checkout code	2026-02-11T23:38:46.1488270Z [command]/usr/bin/git checkout --progress --force -B main refs/remotes/origin/main
end-workflow	Checkout code	2026-02-11T23:38:47.2321697Z Updating files:  49% (776/1559)
end-workflow	Checkout code	2026-02-11T23:38:47.2373787Z Updating files:  50% (780/1559)
end-workflow	Checkout code	2026-02-11T23:38:47.2375719Z Updating files:  51% (796/1559)
end-workflow	Checkout code	2026-02-11T23:38:47.2403148Z Updating files:  52% (811/1559)
end-workflow	Checkout code	2026-02-11T23:38:47.2440507Z Updating files:  53% (827/1559)
end-workflow	Checkout code	2026-02-11T23:38:47.2471067Z Updating files:  54% (842/1559)
end-workflow	Checkout code	2026-02-11T23:38:47.2511116Z Updating files:  55% (858/1559)
end-workflow	Checkout code	2026-02-11T23:38:47.2527412Z Updating files:  56% (874/1559)
end-workflow	Checkout code	2026-02-11T23:38:47.2559337Z Updating files:  57% (889/1559)
end-workflow	Checkout code	2026-02-11T23:38:47.2599209Z Updating files:  58% (905/1559)
end-workflow	Checkout code	2026-02-11T23:38:47.2630249Z Updating files:  59% (920/1559)
end-workflow	Checkout code	2026-02-11T23:38:47.2653203Z Updating files:  60% (936/1559)
end-workflow	Checkout code	2026-02-11T23:38:47.2691191Z Updating files:  61% (951/1559)
end-workflow	Checkout code	2026-02-11T23:38:47.3161798Z Updating files:  62% (967/1559)
end-workflow	Checkout code	2026-02-11T23:38:47.3183264Z Updating files:  63% (983/1559)
end-workflow	Checkout code	2026-02-11T23:38:47.3231625Z Updating files:  64% (998/1559)
end-workflow	Checkout code	2026-02-11T23:38:47.3239369Z Updating files:  65% (1014/1559)
end-workflow	Checkout code	2026-02-11T23:38:47.3264385Z Updating files:  66% (1029/1559)
end-workflow	Checkout code	2026-02-11T23:38:47.3290183Z Updating files:  67% (1045/1559)
end-workflow	Checkout code	2026-02-11T23:38:47.4582218Z Updating files:  68% (1061/1559)
end-workflow	Checkout code	2026-02-11T23:38:47.4689445Z Updating files:  69% (1076/1559)
end-workflow	Checkout code	2026-02-11T23:38:47.4780439Z Updating files:  70% (1092/1559)
end-workflow	Checkout code	2026-02-11T23:38:47.4817279Z Updating files:  71% (1107/1559)
end-workflow	Checkout code	2026-02-11T23:38:47.4843506Z Updating files:  72% (1123/1559)
end-workflow	Checkout code	2026-02-11T23:38:47.4863234Z Updating files:  73% (1139/1559)
end-workflow	Checkout code	2026-02-11T23:38:47.5021296Z Updating files:  74% (1154/1559)
end-workflow	Checkout code	2026-02-11T23:38:47.5039948Z Updating files:  75% (1170/1559)
end-workflow	Checkout code	2026-02-11T23:38:47.5060011Z Updating files:  76% (1185/1559)
end-workflow	Checkout code	2026-02-11T23:38:47.6606270Z Updating files:  77% (1201/1559)
end-workflow	Checkout code	2026-02-11T23:38:47.6649498Z Updating files:  78% (1217/1559)
end-workflow	Checkout code	2026-02-11T23:38:47.6651241Z Updating files:  79% (1232/1559)
end-workflow	Checkout code	2026-02-11T23:38:47.6656059Z Updating files:  80% (1248/1559)
end-workflow	Checkout code	2026-02-11T23:38:47.6679227Z Updating files:  81% (1263/1559)
end-workflow	Checkout code	2026-02-11T23:38:47.6699305Z Updating files:  82% (1279/1559)
end-workflow	Checkout code	2026-02-11T23:38:47.6719380Z Updating files:  83% (1294/1559)
end-workflow	Checkout code	2026-02-11T23:38:47.7136071Z Updating files:  84% (1310/1559)
end-workflow	Checkout code	2026-02-11T23:38:47.7757687Z Updating files:  85% (1326/1559)
end-workflow	Checkout code	2026-02-11T23:38:47.8443863Z Updating files:  86% (1341/1559)
end-workflow	Checkout code	2026-02-11T23:38:47.9377530Z Updating files:  87% (1357/1559)
end-workflow	Checkout code	2026-02-11T23:38:48.1724165Z Updating files:  88% (1372/1559)
end-workflow	Checkout code	2026-02-11T23:38:48.3316200Z Updating files:  89% (1388/1559)
end-workflow	Checkout code	2026-02-11T23:38:48.4889547Z Updating files:  90% (1404/1559)
end-workflow	Checkout code	2026-02-11T23:38:48.6526820Z Updating files:  91% (1419/1559)
end-workflow	Checkout code	2026-02-11T23:38:48.6544964Z Updating files:  92% (1435/1559)
end-workflow	Checkout code	2026-02-11T23:38:48.6570093Z Updating files:  93% (1450/1559)
end-workflow	Checkout code	2026-02-11T23:38:48.6592045Z Updating files:  94% (1466/1559)
end-workflow	Checkout code	2026-02-11T23:38:48.6724382Z Updating files:  95% (1482/1559)
end-workflow	Checkout code	2026-02-11T23:38:48.6765085Z Updating files:  96% (1497/1559)
end-workflow	Checkout code	2026-02-11T23:38:48.6785147Z Updating files:  97% (1513/1559)
end-workflow	Checkout code	2026-02-11T23:38:48.6805602Z Updating files:  98% (1528/1559)
end-workflow	Checkout code	2026-02-11T23:38:48.6822585Z Updating files:  99% (1544/1559)
end-workflow	Checkout code	2026-02-11T23:38:48.6823129Z Updating files: 100% (1559/1559)
end-workflow	Checkout code	2026-02-11T23:38:48.6823452Z Updating files: 100% (1559/1559), done.
end-workflow	Checkout code	2026-02-11T23:38:48.6878856Z Switched to a new branch 'main'
end-workflow	Checkout code	2026-02-11T23:38:48.6886299Z branch 'main' set up to track 'origin/main'.
end-workflow	Checkout code	2026-02-11T23:38:48.7144819Z ##[endgroup]
end-workflow	Checkout code	2026-02-11T23:38:48.7222189Z [command]/usr/bin/git log -1 --format=%H
end-workflow	Checkout code	2026-02-11T23:38:48.7267621Z e1a35ac436f46121f55c045ad09b0314007f7812
end-workflow	Install GH CLI	﻿2026-02-11T23:38:48.7806999Z Prepare all required actions
end-workflow	Install GH CLI	2026-02-11T23:38:48.7946094Z ##[group]Run ./.github/actions/install-gh-cli
end-workflow	Install GH CLI	2026-02-11T23:38:48.7947005Z env:
end-workflow	Install GH CLI	2026-02-11T23:38:48.7947639Z   KAOS_MODULE: [Ka0S] Audit Pods
end-workflow	Install GH CLI	2026-02-11T23:38:48.7948978Z   KAOS_CODE: 21927393945
end-workflow	Install GH CLI	2026-02-11T23:38:48.7950770Z   GH_TOKEN: ***
end-workflow	Install GH CLI	2026-02-11T23:38:48.7951426Z ##[endgroup]
end-workflow	Install GH CLI	2026-02-11T23:38:48.8150325Z ##[group]Run type -p curl >/dev/null || (sudo apt-get update && sudo apt-get install curl -y)
end-workflow	Install GH CLI	2026-02-11T23:38:48.8152434Z [36;1mtype -p curl >/dev/null || (sudo apt-get update && sudo apt-get install curl -y)[0m
end-workflow	Install GH CLI	2026-02-11T23:38:48.8156276Z [36;1mcurl -fsSL https://cli.github.com/packages/githubcli-archive-keyring.gpg | sudo dd of=/usr/share/keyrings/githubcli-archive-keyring.gpg \[0m
end-workflow	Install GH CLI	2026-02-11T23:38:48.8159528Z [36;1m&& sudo chmod go+r /usr/share/keyrings/githubcli-archive-keyring.gpg \[0m
end-workflow	Install GH CLI	2026-02-11T23:38:48.8162676Z [36;1m&& echo "deb [arch=$(dpkg --print-architecture) signed-by=/usr/share/keyrings/githubcli-archive-keyring.gpg] https://cli.github.com/packages stable main" | sudo tee /etc/apt/sources.list.d/github-cli.list > /dev/null \[0m
end-workflow	Install GH CLI	2026-02-11T23:38:48.8164111Z [36;1m&& sudo apt-get update \[0m
end-workflow	Install GH CLI	2026-02-11T23:38:48.8164478Z [36;1m&& sudo apt-get install gh -y[0m
end-workflow	Install GH CLI	2026-02-11T23:38:48.8210712Z shell: /usr/bin/bash --noprofile --norc -e -o pipefail {0}
end-workflow	Install GH CLI	2026-02-11T23:38:48.8211882Z env:
end-workflow	Install GH CLI	2026-02-11T23:38:48.8212855Z   KAOS_MODULE: [Ka0S] Audit Pods
end-workflow	Install GH CLI	2026-02-11T23:38:48.8214053Z   KAOS_CODE: 21927393945
end-workflow	Install GH CLI	2026-02-11T23:38:48.8215482Z   GH_TOKEN: ***
end-workflow	Install GH CLI	2026-02-11T23:38:48.8216136Z ##[endgroup]
end-workflow	Install GH CLI	2026-02-11T23:38:48.9961510Z 4+1 records in
end-workflow	Install GH CLI	2026-02-11T23:38:48.9962043Z 4+1 records out
end-workflow	Install GH CLI	2026-02-11T23:38:48.9965961Z 2270 bytes (2.3 kB, 2.2 KiB) copied, 0.137542 s, 16.5 kB/s
end-workflow	Install GH CLI	2026-02-11T23:38:49.3900021Z Get:1 https://cli.github.com/packages stable InRelease [3917 B]
end-workflow	Install GH CLI	2026-02-11T23:38:49.4710535Z Get:2 http://archive.ubuntu.com/ubuntu noble InRelease [256 kB]
end-workflow	Install GH CLI	2026-02-11T23:38:49.4730389Z Get:3 http://security.ubuntu.com/ubuntu noble-security InRelease [126 kB]
end-workflow	Install GH CLI	2026-02-11T23:38:49.5241830Z Get:4 https://ppa.launchpadcontent.net/git-core/ppa/ubuntu noble InRelease [24.3 kB]
end-workflow	Install GH CLI	2026-02-11T23:38:49.6503400Z Get:5 https://cli.github.com/packages stable/main amd64 Packages [356 B]
end-workflow	Install GH CLI	2026-02-11T23:38:49.9124005Z Get:6 https://ppa.launchpadcontent.net/git-core/ppa/ubuntu noble/main amd64 Packages [2994 B]
end-workflow	Install GH CLI	2026-02-11T23:38:50.0466388Z Get:7 http://archive.ubuntu.com/ubuntu noble-updates InRelease [126 kB]
end-workflow	Install GH CLI	2026-02-11T23:38:50.1510138Z Get:8 http://security.ubuntu.com/ubuntu noble-security/restricted amd64 Packages [3106 kB]
end-workflow	Install GH CLI	2026-02-11T23:38:50.1908324Z Get:9 http://archive.ubuntu.com/ubuntu noble-backports InRelease [126 kB]
end-workflow	Install GH CLI	2026-02-11T23:38:50.3439931Z Get:10 http://archive.ubuntu.com/ubuntu noble/universe amd64 Packages [19.3 MB]
end-workflow	Install GH CLI	2026-02-11T23:38:50.7862461Z Get:11 http://security.ubuntu.com/ubuntu noble-security/multiverse amd64 Packages [34.8 kB]
end-workflow	Install GH CLI	2026-02-11T23:38:50.7880528Z Get:12 http://security.ubuntu.com/ubuntu noble-security/universe amd64 Packages [1199 kB]
end-workflow	Install GH CLI	2026-02-11T23:38:50.8262470Z Get:13 http://security.ubuntu.com/ubuntu noble-security/main amd64 Packages [1822 kB]
end-workflow	Install GH CLI	2026-02-11T23:38:51.3754496Z Get:14 http://archive.ubuntu.com/ubuntu noble/main amd64 Packages [1808 kB]
end-workflow	Install GH CLI	2026-02-11T23:38:51.4008213Z Get:15 http://archive.ubuntu.com/ubuntu noble/multiverse amd64 Packages [331 kB]
end-workflow	Install GH CLI	2026-02-11T23:38:51.4079912Z Get:16 http://archive.ubuntu.com/ubuntu noble/restricted amd64 Packages [117 kB]
end-workflow	Install GH CLI	2026-02-11T23:38:51.4101230Z Get:17 http://archive.ubuntu.com/ubuntu noble-updates/multiverse amd64 Packages [38.1 kB]
end-workflow	Install GH CLI	2026-02-11T23:38:51.4140436Z Get:18 http://archive.ubuntu.com/ubuntu noble-updates/restricted amd64 Packages [3287 kB]
end-workflow	Install GH CLI	2026-02-11T23:38:51.5646661Z Get:19 http://archive.ubuntu.com/ubuntu noble-updates/main amd64 Packages [2201 kB]
end-workflow	Install GH CLI	2026-02-11T23:38:51.6162763Z Get:20 http://archive.ubuntu.com/ubuntu noble-updates/universe amd64 Packages [1978 kB]
end-workflow	Install GH CLI	2026-02-11T23:38:51.7218398Z Get:21 http://archive.ubuntu.com/ubuntu noble-backports/main amd64 Packages [49.5 kB]
end-workflow	Install GH CLI	2026-02-11T23:38:51.7237325Z Get:22 http://archive.ubuntu.com/ubuntu noble-backports/universe amd64 Packages [34.6 kB]
end-workflow	Install GH CLI	2026-02-11T23:38:53.5590181Z Fetched 36.0 MB in 4s (8308 kB/s)
end-workflow	Install GH CLI	2026-02-11T23:38:55.3904941Z Reading package lists...
end-workflow	Install GH CLI	2026-02-11T23:38:57.2058540Z Reading package lists...
end-workflow	Install GH CLI	2026-02-11T23:38:57.4900373Z Building dependency tree...
end-workflow	Install GH CLI	2026-02-11T23:38:57.4901609Z Reading state information...
end-workflow	Install GH CLI	2026-02-11T23:38:57.9785155Z The following NEW packages will be installed:
end-workflow	Install GH CLI	2026-02-11T23:38:57.9814226Z   gh
end-workflow	Install GH CLI	2026-02-11T23:38:58.1291572Z 0 upgraded, 1 newly installed, 0 to remove and 18 not upgraded.
end-workflow	Install GH CLI	2026-02-11T23:38:58.1293428Z Need to get 13.7 MB of archives.
end-workflow	Install GH CLI	2026-02-11T23:38:58.1294881Z After this operation, 37.9 MB of additional disk space will be used.
end-workflow	Install GH CLI	2026-02-11T23:38:58.1296458Z Get:1 https://cli.github.com/packages stable/main amd64 gh amd64 2.86.0 [13.7 MB]
end-workflow	Install GH CLI	2026-02-11T23:38:58.7086652Z debconf: delaying package configuration, since apt-utils is not installed
end-workflow	Install GH CLI	2026-02-11T23:38:58.7673729Z Fetched 13.7 MB in 0s (32.9 MB/s)
end-workflow	Install GH CLI	2026-02-11T23:38:58.8041554Z Selecting previously unselected package gh.
end-workflow	Install GH CLI	2026-02-11T23:38:58.8091994Z (Reading database ... 
end-workflow	Install GH CLI	2026-02-11T23:38:58.8092780Z (Reading database ... 5%
end-workflow	Install GH CLI	2026-02-11T23:38:58.8093471Z (Reading database ... 10%
end-workflow	Install GH CLI	2026-02-11T23:38:58.8094172Z (Reading database ... 15%
end-workflow	Install GH CLI	2026-02-11T23:38:58.8094850Z (Reading database ... 20%
end-workflow	Install GH CLI	2026-02-11T23:38:58.8095792Z (Reading database ... 25%
end-workflow	Install GH CLI	2026-02-11T23:38:58.8096683Z (Reading database ... 30%
end-workflow	Install GH CLI	2026-02-11T23:38:58.8097596Z (Reading database ... 35%
end-workflow	Install GH CLI	2026-02-11T23:38:58.8098714Z (Reading database ... 40%
end-workflow	Install GH CLI	2026-02-11T23:38:58.8099610Z (Reading database ... 45%
end-workflow	Install GH CLI	2026-02-11T23:38:58.8100508Z (Reading database ... 50%
end-workflow	Install GH CLI	2026-02-11T23:38:58.8101397Z (Reading database ... 55%
end-workflow	Install GH CLI	2026-02-11T23:38:58.8102392Z (Reading database ... 60%
end-workflow	Install GH CLI	2026-02-11T23:38:58.8121215Z (Reading database ... 65%
end-workflow	Install GH CLI	2026-02-11T23:38:58.8131694Z (Reading database ... 70%
end-workflow	Install GH CLI	2026-02-11T23:38:58.8146266Z (Reading database ... 75%
end-workflow	Install GH CLI	2026-02-11T23:38:58.8163999Z (Reading database ... 80%
end-workflow	Install GH CLI	2026-02-11T23:38:58.8173208Z (Reading database ... 85%
end-workflow	Install GH CLI	2026-02-11T23:38:58.8182762Z (Reading database ... 90%
end-workflow	Install GH CLI	2026-02-11T23:38:58.8206439Z (Reading database ... 95%
end-workflow	Install GH CLI	2026-02-11T23:38:58.8207036Z (Reading database ... 100%
end-workflow	Install GH CLI	2026-02-11T23:38:58.8207901Z (Reading database ... 14385 files and directories currently installed.)
end-workflow	Install GH CLI	2026-02-11T23:38:58.8218227Z Preparing to unpack .../archives/gh_2.86.0_amd64.deb ...
end-workflow	Install GH CLI	2026-02-11T23:38:58.8248919Z Unpacking gh (2.86.0) ...
end-workflow	Install GH CLI	2026-02-11T23:38:59.1816843Z Setting up gh (2.86.0) ...
end-workflow	Finaliza el workflow	﻿2026-02-11T23:38:59.2927486Z ##[group]Run echo "End process"
end-workflow	Finaliza el workflow	2026-02-11T23:38:59.2928942Z [36;1mecho "End process"[0m
end-workflow	Finaliza el workflow	2026-02-11T23:38:59.2930534Z [36;1mgh workflow run inspector.yml --ref refs/heads/main -f kaos-workflow-id="21927393945"[0m
end-workflow	Finaliza el workflow	2026-02-11T23:38:59.2950074Z shell: /usr/bin/bash -e {0}
end-workflow	Finaliza el workflow	2026-02-11T23:38:59.2950552Z env:
end-workflow	Finaliza el workflow	2026-02-11T23:38:59.2951105Z   KAOS_MODULE: [Ka0S] Audit Pods
end-workflow	Finaliza el workflow	2026-02-11T23:38:59.2951884Z   KAOS_CODE: 21927393945
end-workflow	Finaliza el workflow	2026-02-11T23:38:59.2952790Z   GH_TOKEN: ***
end-workflow	Finaliza el workflow	2026-02-11T23:38:59.2953151Z ##[endgroup]
end-workflow	Finaliza el workflow	2026-02-11T23:38:59.3029508Z End process
end-workflow	Post Checkout code	﻿2026-02-11T23:39:01.1825870Z Post job cleanup.
end-workflow	Post Checkout code	2026-02-11T23:39:01.4884984Z [command]/usr/bin/git version
end-workflow	Post Checkout code	2026-02-11T23:39:01.5050737Z git version 2.52.0
end-workflow	Post Checkout code	2026-02-11T23:39:01.5249606Z Temporarily overriding HOME='/home/runner/_work/_temp/74b9e20d-25f1-4f82-a900-d813a7754875' before making global git config changes
end-workflow	Post Checkout code	2026-02-11T23:39:01.5264112Z Adding repository directory to the temporary git global config as a safe directory
end-workflow	Post Checkout code	2026-02-11T23:39:01.5281660Z [command]/usr/bin/git config --global --add safe.directory /home/runner/_work/ka0s/ka0s
end-workflow	Post Checkout code	2026-02-11T23:39:01.5509746Z [command]/usr/bin/git config --local --name-only --get-regexp core\.sshCommand
end-workflow	Post Checkout code	2026-02-11T23:39:01.5608663Z [command]/usr/bin/git submodule foreach --recursive sh -c "git config --local --name-only --get-regexp 'core\.sshCommand' && git config --local --unset-all 'core.sshCommand' || :"
end-workflow	Post Checkout code	2026-02-11T23:39:01.6199293Z [command]/usr/bin/git config --local --name-only --get-regexp http\.https\:\/\/github\.com\/\.extraheader
end-workflow	Post Checkout code	2026-02-11T23:39:01.6240788Z http.https://github.com/.extraheader
end-workflow	Post Checkout code	2026-02-11T23:39:01.6263015Z [command]/usr/bin/git config --local --unset-all http.https://github.com/.extraheader
end-workflow	Post Checkout code	2026-02-11T23:39:01.6324302Z [command]/usr/bin/git submodule foreach --recursive sh -c "git config --local --name-only --get-regexp 'http\.https\:\/\/github\.com\/\.extraheader' && git config --local --unset-all 'http.https://github.com/.extraheader' || :"
end-workflow	Post Checkout code	2026-02-11T23:39:01.6826849Z [command]/usr/bin/git config --local --name-only --get-regexp ^includeIf\.gitdir:
end-workflow	Post Checkout code	2026-02-11T23:39:01.6891462Z [command]/usr/bin/git submodule foreach --recursive git config --local --show-origin --name-only --get-regexp remote.origin.url
end-workflow	Complete job	﻿2026-02-11T23:39:01.7681464Z Cleaning up orphan processes
