audit-pods	Set up job	﻿2026-02-14T05:28:17.8193889Z Current runner version: '2.331.0'
audit-pods	Set up job	2026-02-14T05:28:17.8215219Z Runner name: 'swarm-runners-scaleset-hkss5-runner-ftbpx'
audit-pods	Set up job	2026-02-14T05:28:17.8220013Z Runner group name: 'Default'
audit-pods	Set up job	2026-02-14T05:28:17.8224530Z Machine name: 'swarm-runners-scaleset-hkss5-runner-ftbpx'
audit-pods	Set up job	2026-02-14T05:28:17.8235611Z ##[group]GITHUB_TOKEN Permissions
audit-pods	Set up job	2026-02-14T05:28:17.8242159Z Actions: write
audit-pods	Set up job	2026-02-14T05:28:17.8243062Z Contents: write
audit-pods	Set up job	2026-02-14T05:28:17.8243784Z Issues: write
audit-pods	Set up job	2026-02-14T05:28:17.8246561Z Metadata: read
audit-pods	Set up job	2026-02-14T05:28:17.8249327Z ##[endgroup]
audit-pods	Set up job	2026-02-14T05:28:17.8254589Z Secret source: Actions
audit-pods	Set up job	2026-02-14T05:28:17.8258208Z Prepare workflow directory
audit-pods	Set up job	2026-02-14T05:28:17.9480228Z Prepare all required actions
audit-pods	Set up job	2026-02-14T05:28:17.9574869Z Getting action download info
audit-pods	Set up job	2026-02-14T05:28:19.0949158Z Download action repository 'actions/checkout@v4' (SHA:34e114876b0b11c390a56381ad16ebd13914f8d5)
audit-pods	Set up job	2026-02-14T05:28:20.2681240Z Complete job name: audit-pods
audit-pods	Checkout repository	﻿2026-02-14T05:28:20.4536132Z ##[group]Run actions/checkout@v4
audit-pods	Checkout repository	2026-02-14T05:28:20.4540525Z with:
audit-pods	Checkout repository	2026-02-14T05:28:20.4542418Z   repository: Ka0s-Klaus/ka0s
audit-pods	Checkout repository	2026-02-14T05:28:20.4544867Z   token: ***
audit-pods	Checkout repository	2026-02-14T05:28:20.4546453Z   ssh-strict: true
audit-pods	Checkout repository	2026-02-14T05:28:20.4548204Z   ssh-user: git
audit-pods	Checkout repository	2026-02-14T05:28:20.4549851Z   persist-credentials: true
audit-pods	Checkout repository	2026-02-14T05:28:20.4551345Z   clean: true
audit-pods	Checkout repository	2026-02-14T05:28:20.4553057Z   sparse-checkout-cone-mode: true
audit-pods	Checkout repository	2026-02-14T05:28:20.4556539Z   fetch-depth: 1
audit-pods	Checkout repository	2026-02-14T05:28:20.4559737Z   fetch-tags: false
audit-pods	Checkout repository	2026-02-14T05:28:20.4562910Z   show-progress: true
audit-pods	Checkout repository	2026-02-14T05:28:20.4565308Z   lfs: false
audit-pods	Checkout repository	2026-02-14T05:28:20.4566850Z   submodules: false
audit-pods	Checkout repository	2026-02-14T05:28:20.4569261Z   set-safe-directory: true
audit-pods	Checkout repository	2026-02-14T05:28:20.4573133Z env:
audit-pods	Checkout repository	2026-02-14T05:28:20.4574610Z   KAOS_MODULE: [Ka0S] Audit Pods
audit-pods	Checkout repository	2026-02-14T05:28:20.4576386Z   KAOS_CODE: 22011942047
audit-pods	Checkout repository	2026-02-14T05:28:20.4578227Z ##[endgroup]
audit-pods	Checkout repository	2026-02-14T05:28:20.7338738Z Syncing repository: Ka0s-Klaus/ka0s
audit-pods	Checkout repository	2026-02-14T05:28:20.7343970Z ##[group]Getting Git version info
audit-pods	Checkout repository	2026-02-14T05:28:20.7346391Z Working directory is '/home/runner/_work/ka0s/ka0s'
audit-pods	Checkout repository	2026-02-14T05:28:20.7350139Z [command]/usr/bin/git version
audit-pods	Checkout repository	2026-02-14T05:28:20.7351610Z git version 2.52.0
audit-pods	Checkout repository	2026-02-14T05:28:20.7374420Z ##[endgroup]
audit-pods	Checkout repository	2026-02-14T05:28:20.7399929Z Temporarily overriding HOME='/home/runner/_work/_temp/1a60a7df-eb9c-49ca-b857-a1ce6d364d33' before making global git config changes
audit-pods	Checkout repository	2026-02-14T05:28:20.7405703Z Adding repository directory to the temporary git global config as a safe directory
audit-pods	Checkout repository	2026-02-14T05:28:20.7411791Z [command]/usr/bin/git config --global --add safe.directory /home/runner/_work/ka0s/ka0s
audit-pods	Checkout repository	2026-02-14T05:28:20.7508964Z Deleting the contents of '/home/runner/_work/ka0s/ka0s'
audit-pods	Checkout repository	2026-02-14T05:28:20.7525122Z ##[group]Initializing the repository
audit-pods	Checkout repository	2026-02-14T05:28:20.7541034Z [command]/usr/bin/git init /home/runner/_work/ka0s/ka0s
audit-pods	Checkout repository	2026-02-14T05:28:20.7640961Z hint: Using 'master' as the name for the initial branch. This default branch name
audit-pods	Checkout repository	2026-02-14T05:28:20.7644886Z hint: will change to "main" in Git 3.0. To configure the initial branch name
audit-pods	Checkout repository	2026-02-14T05:28:20.7648586Z hint: to use in all of your new repositories, which will suppress this warning,
audit-pods	Checkout repository	2026-02-14T05:28:20.7650922Z hint: call:
audit-pods	Checkout repository	2026-02-14T05:28:20.7653585Z hint:
audit-pods	Checkout repository	2026-02-14T05:28:20.7655301Z hint: 	git config --global init.defaultBranch <name>
audit-pods	Checkout repository	2026-02-14T05:28:20.7657141Z hint:
audit-pods	Checkout repository	2026-02-14T05:28:20.7659141Z hint: Names commonly chosen instead of 'master' are 'main', 'trunk' and
audit-pods	Checkout repository	2026-02-14T05:28:20.7661963Z hint: 'development'. The just-created branch can be renamed via this command:
audit-pods	Checkout repository	2026-02-14T05:28:20.7664014Z hint:
audit-pods	Checkout repository	2026-02-14T05:28:20.7665844Z hint: 	git branch -m <name>
audit-pods	Checkout repository	2026-02-14T05:28:20.7667258Z hint:
audit-pods	Checkout repository	2026-02-14T05:28:20.7669921Z hint: Disable this message with "git config set advice.defaultBranchName false"
audit-pods	Checkout repository	2026-02-14T05:28:20.7673660Z Initialized empty Git repository in /home/runner/_work/ka0s/ka0s/.git/
audit-pods	Checkout repository	2026-02-14T05:28:20.7685518Z [command]/usr/bin/git remote add origin https://github.com/Ka0s-Klaus/ka0s
audit-pods	Checkout repository	2026-02-14T05:28:20.7734792Z ##[endgroup]
audit-pods	Checkout repository	2026-02-14T05:28:20.7738742Z ##[group]Disabling automatic garbage collection
audit-pods	Checkout repository	2026-02-14T05:28:20.7741420Z [command]/usr/bin/git config --local gc.auto 0
audit-pods	Checkout repository	2026-02-14T05:28:20.7803948Z ##[endgroup]
audit-pods	Checkout repository	2026-02-14T05:28:20.7806108Z ##[group]Setting up auth
audit-pods	Checkout repository	2026-02-14T05:28:20.7816697Z [command]/usr/bin/git config --local --name-only --get-regexp core\.sshCommand
audit-pods	Checkout repository	2026-02-14T05:28:20.7879200Z [command]/usr/bin/git submodule foreach --recursive sh -c "git config --local --name-only --get-regexp 'core\.sshCommand' && git config --local --unset-all 'core.sshCommand' || :"
audit-pods	Checkout repository	2026-02-14T05:28:20.8335898Z [command]/usr/bin/git config --local --name-only --get-regexp http\.https\:\/\/github\.com\/\.extraheader
audit-pods	Checkout repository	2026-02-14T05:28:20.8498257Z [command]/usr/bin/git submodule foreach --recursive sh -c "git config --local --name-only --get-regexp 'http\.https\:\/\/github\.com\/\.extraheader' && git config --local --unset-all 'http.https://github.com/.extraheader' || :"
audit-pods	Checkout repository	2026-02-14T05:28:20.8864745Z [command]/usr/bin/git config --local --name-only --get-regexp ^includeIf\.gitdir:
audit-pods	Checkout repository	2026-02-14T05:28:20.8928987Z [command]/usr/bin/git submodule foreach --recursive git config --local --show-origin --name-only --get-regexp remote.origin.url
audit-pods	Checkout repository	2026-02-14T05:28:20.9430242Z [command]/usr/bin/git config --local http.https://github.com/.extraheader AUTHORIZATION: basic ***
audit-pods	Checkout repository	2026-02-14T05:28:20.9519609Z ##[endgroup]
audit-pods	Checkout repository	2026-02-14T05:28:20.9521018Z ##[group]Fetching the repository
audit-pods	Checkout repository	2026-02-14T05:28:20.9540136Z [command]/usr/bin/git -c protocol.version=2 fetch --no-tags --prune --no-recurse-submodules --depth=1 origin +921e9e4c1926cc3d249dbba4bda02827ded1fa81:refs/remotes/origin/main
audit-pods	Checkout repository	2026-02-14T05:28:25.0406887Z From https://github.com/Ka0s-Klaus/ka0s
audit-pods	Checkout repository	2026-02-14T05:28:25.0412250Z  * [new ref]         921e9e4c1926cc3d249dbba4bda02827ded1fa81 -> origin/main
audit-pods	Checkout repository	2026-02-14T05:28:25.0477329Z ##[endgroup]
audit-pods	Checkout repository	2026-02-14T05:28:25.0481765Z ##[group]Determining the checkout info
audit-pods	Checkout repository	2026-02-14T05:28:25.0487182Z ##[endgroup]
audit-pods	Checkout repository	2026-02-14T05:28:25.0496284Z [command]/usr/bin/git sparse-checkout disable
audit-pods	Checkout repository	2026-02-14T05:28:25.0575955Z [command]/usr/bin/git config --local --unset-all extensions.worktreeConfig
audit-pods	Checkout repository	2026-02-14T05:28:25.0639779Z ##[group]Checking out the ref
audit-pods	Checkout repository	2026-02-14T05:28:25.0646915Z [command]/usr/bin/git checkout --progress --force -B main refs/remotes/origin/main
audit-pods	Checkout repository	2026-02-14T05:28:25.3932748Z Switched to a new branch 'main'
audit-pods	Checkout repository	2026-02-14T05:28:25.3939313Z branch 'main' set up to track 'origin/main'.
audit-pods	Checkout repository	2026-02-14T05:28:25.3984660Z ##[endgroup]
audit-pods	Checkout repository	2026-02-14T05:28:25.4055271Z [command]/usr/bin/git log -1 --format=%H
audit-pods	Checkout repository	2026-02-14T05:28:25.4101949Z 921e9e4c1926cc3d249dbba4bda02827ded1fa81
audit-pods	Execute Audit Script	﻿2026-02-14T05:28:25.4853643Z Prepare all required actions
audit-pods	Execute Audit Script	2026-02-14T05:28:25.5233921Z ##[group]Run ./.github/actions/ssh-exec
audit-pods	Execute Audit Script	2026-02-14T05:28:25.5235683Z with:
audit-pods	Execute Audit Script	2026-02-14T05:28:25.5237387Z   host: ***
audit-pods	Execute Audit Script	2026-02-14T05:28:25.5239065Z   username: ***
audit-pods	Execute Audit Script	2026-02-14T05:28:25.5247187Z   key: ***
audit-pods	Execute Audit Script	2026-02-14T05:28:25.5248494Z   port: ***
audit-pods	Execute Audit Script	2026-02-14T05:28:25.5248877Z   use-sudo: true
audit-pods	Execute Audit Script	2026-02-14T05:28:25.5249293Z   pass: ***
audit-pods	Execute Audit Script	2026-02-14T05:28:25.5249793Z   script-path: devops/core/k8s/audit-failed-pods.sh
audit-pods	Execute Audit Script	2026-02-14T05:28:25.5250377Z   remote-results-path: /tmp/results
audit-pods	Execute Audit Script	2026-02-14T05:28:25.5250874Z   local-results-path: audit/kube/
audit-pods	Execute Audit Script	2026-02-14T05:28:25.5251353Z   remote-tmp-dir: /tmp
audit-pods	Execute Audit Script	2026-02-14T05:28:25.5251746Z env:
audit-pods	Execute Audit Script	2026-02-14T05:28:25.5252115Z   KAOS_MODULE: [Ka0S] Audit Pods
audit-pods	Execute Audit Script	2026-02-14T05:28:25.5262684Z   KAOS_CODE: 22011942047
audit-pods	Execute Audit Script	2026-02-14T05:28:25.5263195Z ##[endgroup]
audit-pods	Execute Audit Script	2026-02-14T05:28:25.5523865Z ##[group]Run echo "***
audit-pods	Execute Audit Script	2026-02-14T05:28:25.5524584Z [36;1mecho "***[0m
audit-pods	Execute Audit Script	2026-02-14T05:28:25.5525303Z [36;1m***[0m
audit-pods	Execute Audit Script	2026-02-14T05:28:25.5526018Z [36;1m***[0m
audit-pods	Execute Audit Script	2026-02-14T05:28:25.5526779Z [36;1m***[0m
audit-pods	Execute Audit Script	2026-02-14T05:28:25.5527396Z [36;1m***[0m
audit-pods	Execute Audit Script	2026-02-14T05:28:25.5528388Z [36;1m***[0m
audit-pods	Execute Audit Script	2026-02-14T05:28:25.5528991Z [36;1m***" > /home/runner/_work/_temp/ssh_key[0m
audit-pods	Execute Audit Script	2026-02-14T05:28:25.5529577Z [36;1mchmod 600 /home/runner/_work/_temp/ssh_key[0m
audit-pods	Execute Audit Script	2026-02-14T05:28:25.5578254Z shell: /usr/bin/bash --noprofile --norc -e -o pipefail {0}
audit-pods	Execute Audit Script	2026-02-14T05:28:25.5580934Z env:
audit-pods	Execute Audit Script	2026-02-14T05:28:25.5582114Z   KAOS_MODULE: [Ka0S] Audit Pods
audit-pods	Execute Audit Script	2026-02-14T05:28:25.5583454Z   KAOS_CODE: 22011942047
audit-pods	Execute Audit Script	2026-02-14T05:28:25.5584693Z ##[endgroup]
audit-pods	Execute Audit Script	2026-02-14T05:28:25.5923959Z ##[group]Run scp -o StrictHostKeyChecking=no -i /home/runner/_work/_temp/ssh_key -P *** devops/core/k8s/audit-failed-pods.sh ***@***:/tmp
audit-pods	Execute Audit Script	2026-02-14T05:28:25.5928536Z [36;1mscp -o StrictHostKeyChecking=no -i /home/runner/_work/_temp/ssh_key -P *** devops/core/k8s/audit-failed-pods.sh ***@***:/tmp[0m
audit-pods	Execute Audit Script	2026-02-14T05:28:25.5970820Z shell: /usr/bin/bash --noprofile --norc -e -o pipefail {0}
audit-pods	Execute Audit Script	2026-02-14T05:28:25.5972143Z env:
audit-pods	Execute Audit Script	2026-02-14T05:28:25.5972859Z   KAOS_MODULE: [Ka0S] Audit Pods
audit-pods	Execute Audit Script	2026-02-14T05:28:25.5973705Z   KAOS_CODE: 22011942047
audit-pods	Execute Audit Script	2026-02-14T05:28:25.5974608Z ##[endgroup]
audit-pods	Execute Audit Script	2026-02-14T05:28:25.8232872Z Warning: Permanently added '[***]:***' (ED25519) to the list of known hosts.
audit-pods	Execute Audit Script	2026-02-14T05:28:26.9315874Z ##[group]Run REMOTE_SCRIPT_PATH="/tmp/$(basename devops/core/k8s/audit-failed-pods.sh)"
audit-pods	Execute Audit Script	2026-02-14T05:28:26.9317429Z [36;1mREMOTE_SCRIPT_PATH="/tmp/$(basename devops/core/k8s/audit-failed-pods.sh)"[0m
audit-pods	Execute Audit Script	2026-02-14T05:28:26.9321547Z [36;1mEXEC_COMMAND="chmod +x $REMOTE_SCRIPT_PATH && $REMOTE_SCRIPT_PATH "[0m
audit-pods	Execute Audit Script	2026-02-14T05:28:26.9322889Z [36;1mif [[ "true" == "true" ]]; then[0m
audit-pods	Execute Audit Script	2026-02-14T05:28:26.9324915Z [36;1m  SUDO_PREFIX="echo '***' | sudo -S"[0m
audit-pods	Execute Audit Script	2026-02-14T05:28:26.9326244Z [36;1m  COMMAND_CHAIN="$SUDO_PREFIX bash -c '$EXEC_COMMAND'"[0m
audit-pods	Execute Audit Script	2026-02-14T05:28:26.9327493Z [36;1m  if [[ "/tmp/results" != "" ]]; then[0m
audit-pods	Execute Audit Script	2026-02-14T05:28:26.9330226Z [36;1m    COMMAND_CHAIN="$COMMAND_CHAIN && $SUDO_PREFIX chmod -R 777 /tmp/results"[0m
audit-pods	Execute Audit Script	2026-02-14T05:28:26.9331459Z [36;1m  fi[0m
audit-pods	Execute Audit Script	2026-02-14T05:28:26.9333194Z [36;1m  ssh -o StrictHostKeyChecking=no -i /home/runner/_work/_temp/ssh_key -p *** ***@*** "$COMMAND_CHAIN && rm $REMOTE_SCRIPT_PATH"[0m
audit-pods	Execute Audit Script	2026-02-14T05:28:26.9334988Z [36;1melse[0m
audit-pods	Execute Audit Script	2026-02-14T05:28:26.9336493Z [36;1m  ssh -o StrictHostKeyChecking=no -i /home/runner/_work/_temp/ssh_key -p *** ***@*** "$EXEC_COMMAND && rm $REMOTE_SCRIPT_PATH"[0m
audit-pods	Execute Audit Script	2026-02-14T05:28:26.9338428Z [36;1mfi[0m
audit-pods	Execute Audit Script	2026-02-14T05:28:26.9382465Z shell: /usr/bin/bash --noprofile --norc -e -o pipefail {0}
audit-pods	Execute Audit Script	2026-02-14T05:28:26.9383340Z env:
audit-pods	Execute Audit Script	2026-02-14T05:28:26.9383992Z   KAOS_MODULE: [Ka0S] Audit Pods
audit-pods	Execute Audit Script	2026-02-14T05:28:26.9385118Z   KAOS_CODE: 22011942047
audit-pods	Execute Audit Script	2026-02-14T05:28:26.9386127Z ##[endgroup]
audit-pods	Execute Audit Script	2026-02-14T05:28:27.5668768Z [INFO] Iniciando auditoría de pods fallidos...
audit-pods	Execute Audit Script	2026-02-14T05:28:27.5669685Z [INFO] Directorio de salida: /tmp/results
audit-pods	Execute Audit Script	2026-02-14T05:28:27.8797484Z [SUCCESS] Auditoría finalizada. Se encontraron 0 pods con problemas.
audit-pods	Execute Audit Script	2026-02-14T05:28:27.8799869Z [INFO] Resultado guardado en: /tmp/results/failed_pods.json
audit-pods	Execute Audit Script	2026-02-14T05:28:27.8994956Z [sudo] password for ***: 
audit-pods	Execute Audit Script	2026-02-14T05:28:27.9144239Z ##[group]Run mkdir -p audit/kube/
audit-pods	Execute Audit Script	2026-02-14T05:28:27.9145294Z [36;1mmkdir -p audit/kube/[0m
audit-pods	Execute Audit Script	2026-02-14T05:28:27.9147657Z [36;1mscp -o StrictHostKeyChecking=no -r -i /home/runner/_work/_temp/ssh_key -P *** ***@***:/tmp/results/* audit/kube/[0m
audit-pods	Execute Audit Script	2026-02-14T05:28:27.9150320Z [36;1mecho "path=audit/kube/" >> $GITHUB_OUTPUT[0m
audit-pods	Execute Audit Script	2026-02-14T05:28:27.9170179Z shell: /usr/bin/bash --noprofile --norc -e -o pipefail {0}
audit-pods	Execute Audit Script	2026-02-14T05:28:27.9171383Z env:
audit-pods	Execute Audit Script	2026-02-14T05:28:27.9171777Z   KAOS_MODULE: [Ka0S] Audit Pods
audit-pods	Execute Audit Script	2026-02-14T05:28:27.9172294Z   KAOS_CODE: 22011942047
audit-pods	Execute Audit Script	2026-02-14T05:28:27.9172634Z ##[endgroup]
audit-pods	Commit Results	﻿2026-02-14T05:28:28.5695437Z ##[group]Run git config --global user.name "Ka0s Bot"
audit-pods	Commit Results	2026-02-14T05:28:28.5696888Z [36;1mgit config --global user.name "Ka0s Bot"[0m
audit-pods	Commit Results	2026-02-14T05:28:28.5698387Z [36;1mgit config --global user.email "bot@ka0s.io"[0m
audit-pods	Commit Results	2026-02-14T05:28:28.5699884Z [36;1mgit add audit/kube/failed_pods.json[0m
audit-pods	Commit Results	2026-02-14T05:28:28.5701044Z [36;1mif ! git diff --staged --quiet; then[0m
audit-pods	Commit Results	2026-02-14T05:28:28.5702600Z [36;1m  git commit -m "[Audit] Update failed pods report $(date +'%Y-%m-%d %H:%M')"[0m
audit-pods	Commit Results	2026-02-14T05:28:28.5704162Z [36;1m  git push[0m
audit-pods	Commit Results	2026-02-14T05:28:28.5704984Z [36;1melse[0m
audit-pods	Commit Results	2026-02-14T05:28:28.5706961Z [36;1m  echo "No changes in failed pods report."[0m
audit-pods	Commit Results	2026-02-14T05:28:28.5708309Z [36;1mfi[0m
audit-pods	Commit Results	2026-02-14T05:28:28.5735593Z shell: /usr/bin/bash -e {0}
audit-pods	Commit Results	2026-02-14T05:28:28.5736809Z env:
audit-pods	Commit Results	2026-02-14T05:28:28.5737571Z   KAOS_MODULE: [Ka0S] Audit Pods
audit-pods	Commit Results	2026-02-14T05:28:28.5738798Z   KAOS_CODE: 22011942047
audit-pods	Commit Results	2026-02-14T05:28:28.5739660Z ##[endgroup]
audit-pods	Commit Results	2026-02-14T05:28:29.0055514Z [main b11e388] [Audit] Update failed pods report 2026-02-14 05:28
audit-pods	Commit Results	2026-02-14T05:28:29.0056535Z  1 file changed, 1 insertion(+)
audit-pods	Commit Results	2026-02-14T05:28:29.0057235Z  create mode 100755 audit/kube/failed_pods.json
audit-pods	Commit Results	2026-02-14T05:28:29.9182384Z To https://github.com/Ka0s-Klaus/ka0s
audit-pods	Commit Results	2026-02-14T05:28:29.9191629Z    921e9e4..b11e388  main -> main
audit-pods	Process Tickets in iTop	﻿2026-02-14T05:28:30.0033012Z ##[group]Run python3 devops/core/k8s/process-failed-pods.py
audit-pods	Process Tickets in iTop	2026-02-14T05:28:30.0034402Z [36;1mpython3 devops/core/k8s/process-failed-pods.py[0m
audit-pods	Process Tickets in iTop	2026-02-14T05:28:30.0108479Z shell: /usr/bin/bash -e {0}
audit-pods	Process Tickets in iTop	2026-02-14T05:28:30.0109237Z env:
audit-pods	Process Tickets in iTop	2026-02-14T05:28:30.0109845Z   KAOS_MODULE: [Ka0S] Audit Pods
audit-pods	Process Tickets in iTop	2026-02-14T05:28:30.0110608Z   KAOS_CODE: 22011942047
audit-pods	Process Tickets in iTop	2026-02-14T05:28:30.0111475Z   ITOP_URL: ***
audit-pods	Process Tickets in iTop	2026-02-14T05:28:30.0112126Z   ITOP_USER: ***
audit-pods	Process Tickets in iTop	2026-02-14T05:28:30.0112834Z   ITOP_PASSWORD: ***
audit-pods	Process Tickets in iTop	2026-02-14T05:28:30.0113628Z   FAILED_PODS_FILE: audit/kube/failed_pods.json
audit-pods	Process Tickets in iTop	2026-02-14T05:28:30.0114661Z ##[endgroup]
audit-pods	Process Tickets in iTop	2026-02-14T05:28:30.3140697Z [INFO] Current Failed Pods: 0
audit-pods	Process Tickets in iTop	2026-02-14T05:28:30.3142737Z [DEBUG] POST to ***/webservices/rest.php?version=1.3
audit-pods	Process Tickets in iTop	2026-02-14T05:28:30.3144755Z [FATAL] URL Error: [Errno 111] Connection refused
audit-pods	Process Tickets in iTop	2026-02-14T05:28:30.3725171Z ##[error]Process completed with exit code 1.
audit-pods	Post Checkout repository	﻿2026-02-14T05:28:30.4266813Z Post job cleanup.
audit-pods	Post Checkout repository	2026-02-14T05:28:30.8219169Z [command]/usr/bin/git version
audit-pods	Post Checkout repository	2026-02-14T05:28:30.8419328Z git version 2.52.0
audit-pods	Post Checkout repository	2026-02-14T05:28:30.8570474Z Copying '/home/runner/.gitconfig' to '/home/runner/_work/_temp/e29c3cc7-6482-4209-9e1c-f6c731be3c20/.gitconfig'
audit-pods	Post Checkout repository	2026-02-14T05:28:30.8594086Z Temporarily overriding HOME='/home/runner/_work/_temp/e29c3cc7-6482-4209-9e1c-f6c731be3c20' before making global git config changes
audit-pods	Post Checkout repository	2026-02-14T05:28:30.8611804Z Adding repository directory to the temporary git global config as a safe directory
audit-pods	Post Checkout repository	2026-02-14T05:28:30.8613448Z [command]/usr/bin/git config --global --add safe.directory /home/runner/_work/ka0s/ka0s
audit-pods	Post Checkout repository	2026-02-14T05:28:30.8760542Z [command]/usr/bin/git config --local --name-only --get-regexp core\.sshCommand
audit-pods	Post Checkout repository	2026-02-14T05:28:30.8982506Z [command]/usr/bin/git submodule foreach --recursive sh -c "git config --local --name-only --get-regexp 'core\.sshCommand' && git config --local --unset-all 'core.sshCommand' || :"
audit-pods	Post Checkout repository	2026-02-14T05:28:31.0272243Z [command]/usr/bin/git config --local --name-only --get-regexp http\.https\:\/\/github\.com\/\.extraheader
audit-pods	Post Checkout repository	2026-02-14T05:28:31.0353183Z http.https://github.com/.extraheader
audit-pods	Post Checkout repository	2026-02-14T05:28:31.0459430Z [command]/usr/bin/git config --local --unset-all http.https://github.com/.extraheader
audit-pods	Post Checkout repository	2026-02-14T05:28:31.0566056Z [command]/usr/bin/git submodule foreach --recursive sh -c "git config --local --name-only --get-regexp 'http\.https\:\/\/github\.com\/\.extraheader' && git config --local --unset-all 'http.https://github.com/.extraheader' || :"
audit-pods	Post Checkout repository	2026-02-14T05:28:31.2013495Z [command]/usr/bin/git config --local --name-only --get-regexp ^includeIf\.gitdir:
audit-pods	Post Checkout repository	2026-02-14T05:28:31.2231385Z [command]/usr/bin/git submodule foreach --recursive git config --local --show-origin --name-only --get-regexp remote.origin.url
audit-pods	Complete job	﻿2026-02-14T05:28:31.3947765Z Cleaning up orphan processes
handle-failure	Set up job	﻿2026-02-14T05:28:44.7546246Z Current runner version: '2.331.0'
handle-failure	Set up job	2026-02-14T05:28:44.7563609Z Runner name: 'swarm-runners-scaleset-hkss5-runner-fmpjt'
handle-failure	Set up job	2026-02-14T05:28:44.7566625Z Runner group name: 'Default'
handle-failure	Set up job	2026-02-14T05:28:44.7569497Z Machine name: 'swarm-runners-scaleset-hkss5-runner-fmpjt'
handle-failure	Set up job	2026-02-14T05:28:44.7580041Z ##[group]GITHUB_TOKEN Permissions
handle-failure	Set up job	2026-02-14T05:28:44.7585899Z Actions: write
handle-failure	Set up job	2026-02-14T05:28:44.7588524Z Contents: write
handle-failure	Set up job	2026-02-14T05:28:44.7589549Z Issues: write
handle-failure	Set up job	2026-02-14T05:28:44.7590330Z Metadata: read
handle-failure	Set up job	2026-02-14T05:28:44.7590951Z ##[endgroup]
handle-failure	Set up job	2026-02-14T05:28:44.7595433Z Secret source: Actions
handle-failure	Set up job	2026-02-14T05:28:44.7598396Z Prepare workflow directory
handle-failure	Set up job	2026-02-14T05:28:44.8687086Z Prepare all required actions
handle-failure	Set up job	2026-02-14T05:28:44.8839902Z Complete job name: handle-failure
handle-failure	Run echo "Error detected in [Ka0S] Audit Pods, creating issue..."	﻿2026-02-14T05:28:45.0901481Z ##[group]Run echo "Error detected in [Ka0S] Audit Pods, creating issue..."
handle-failure	Run echo "Error detected in [Ka0S] Audit Pods, creating issue..."	2026-02-14T05:28:45.0904403Z [36;1mecho "Error detected in [Ka0S] Audit Pods, creating issue..."[0m
handle-failure	Run echo "Error detected in [Ka0S] Audit Pods, creating issue..."	2026-02-14T05:28:45.1009853Z shell: /usr/bin/bash -e {0}
handle-failure	Run echo "Error detected in [Ka0S] Audit Pods, creating issue..."	2026-02-14T05:28:45.1012711Z env:
handle-failure	Run echo "Error detected in [Ka0S] Audit Pods, creating issue..."	2026-02-14T05:28:45.1013910Z   KAOS_MODULE: [Ka0S] Audit Pods
handle-failure	Run echo "Error detected in [Ka0S] Audit Pods, creating issue..."	2026-02-14T05:28:45.1015441Z   KAOS_CODE: 22011942047
handle-failure	Run echo "Error detected in [Ka0S] Audit Pods, creating issue..."	2026-02-14T05:28:45.1016665Z ##[endgroup]
handle-failure	Run echo "Error detected in [Ka0S] Audit Pods, creating issue..."	2026-02-14T05:28:45.7636294Z Error detected in [Ka0S] Audit Pods, creating issue...
handle-failure	Complete job	﻿2026-02-14T05:28:45.7914822Z Cleaning up orphan processes
end-workflow	Set up job	﻿2026-02-14T05:29:00.0429318Z Current runner version: '2.331.0'
end-workflow	Set up job	2026-02-14T05:29:00.0444312Z Runner name: 'swarm-runners-scaleset-hkss5-runner-sftk7'
end-workflow	Set up job	2026-02-14T05:29:00.0447457Z Runner group name: 'Default'
end-workflow	Set up job	2026-02-14T05:29:00.0450059Z Machine name: 'swarm-runners-scaleset-hkss5-runner-sftk7'
end-workflow	Set up job	2026-02-14T05:29:00.0458332Z ##[group]GITHUB_TOKEN Permissions
end-workflow	Set up job	2026-02-14T05:29:00.0465399Z Actions: write
end-workflow	Set up job	2026-02-14T05:29:00.0466816Z Contents: write
end-workflow	Set up job	2026-02-14T05:29:00.0468347Z Issues: write
end-workflow	Set up job	2026-02-14T05:29:00.0469830Z Metadata: read
end-workflow	Set up job	2026-02-14T05:29:00.0470931Z ##[endgroup]
end-workflow	Set up job	2026-02-14T05:29:00.0474885Z Secret source: Actions
end-workflow	Set up job	2026-02-14T05:29:00.0475851Z Prepare workflow directory
end-workflow	Set up job	2026-02-14T05:29:00.1534939Z Prepare all required actions
end-workflow	Set up job	2026-02-14T05:29:00.1622516Z Getting action download info
end-workflow	Set up job	2026-02-14T05:29:01.0646930Z Download action repository 'actions/checkout@v4' (SHA:34e114876b0b11c390a56381ad16ebd13914f8d5)
end-workflow	Set up job	2026-02-14T05:29:02.3393313Z Complete job name: end-workflow
end-workflow	Checkout Repository	﻿2026-02-14T05:29:02.4830800Z ##[group]Run actions/checkout@v4
end-workflow	Checkout Repository	2026-02-14T05:29:02.4832103Z with:
end-workflow	Checkout Repository	2026-02-14T05:29:02.4832626Z   fetch-depth: 0
end-workflow	Checkout Repository	2026-02-14T05:29:02.4833152Z   repository: Ka0s-Klaus/ka0s
end-workflow	Checkout Repository	2026-02-14T05:29:02.4834033Z   token: ***
end-workflow	Checkout Repository	2026-02-14T05:29:02.4834526Z   ssh-strict: true
end-workflow	Checkout Repository	2026-02-14T05:29:02.4835023Z   ssh-user: git
end-workflow	Checkout Repository	2026-02-14T05:29:02.4835546Z   persist-credentials: true
end-workflow	Checkout Repository	2026-02-14T05:29:02.4836115Z   clean: true
end-workflow	Checkout Repository	2026-02-14T05:29:02.4836641Z   sparse-checkout-cone-mode: true
end-workflow	Checkout Repository	2026-02-14T05:29:02.4837273Z   fetch-tags: false
end-workflow	Checkout Repository	2026-02-14T05:29:02.4838229Z   show-progress: true
end-workflow	Checkout Repository	2026-02-14T05:29:02.4839101Z   lfs: false
end-workflow	Checkout Repository	2026-02-14T05:29:02.4839639Z   submodules: false
end-workflow	Checkout Repository	2026-02-14T05:29:02.4840304Z   set-safe-directory: true
end-workflow	Checkout Repository	2026-02-14T05:29:02.4841215Z env:
end-workflow	Checkout Repository	2026-02-14T05:29:02.4841728Z   KAOS_MODULE: [Ka0S] Audit Pods
end-workflow	Checkout Repository	2026-02-14T05:29:02.4842344Z   KAOS_CODE: 22011942047
end-workflow	Checkout Repository	2026-02-14T05:29:02.4842899Z ##[endgroup]
end-workflow	Checkout Repository	2026-02-14T05:29:02.6925809Z Syncing repository: Ka0s-Klaus/ka0s
end-workflow	Checkout Repository	2026-02-14T05:29:02.6929739Z ##[group]Getting Git version info
end-workflow	Checkout Repository	2026-02-14T05:29:02.6933147Z Working directory is '/home/runner/_work/ka0s/ka0s'
end-workflow	Checkout Repository	2026-02-14T05:29:02.6938400Z [command]/usr/bin/git version
end-workflow	Checkout Repository	2026-02-14T05:29:02.6940306Z git version 2.52.0
end-workflow	Checkout Repository	2026-02-14T05:29:02.6988381Z ##[endgroup]
end-workflow	Checkout Repository	2026-02-14T05:29:02.7011176Z Temporarily overriding HOME='/home/runner/_work/_temp/0758df0c-f44d-4372-b240-68a7d2019aca' before making global git config changes
end-workflow	Checkout Repository	2026-02-14T05:29:02.7013515Z Adding repository directory to the temporary git global config as a safe directory
end-workflow	Checkout Repository	2026-02-14T05:29:02.7022431Z [command]/usr/bin/git config --global --add safe.directory /home/runner/_work/ka0s/ka0s
end-workflow	Checkout Repository	2026-02-14T05:29:02.7104645Z Deleting the contents of '/home/runner/_work/ka0s/ka0s'
end-workflow	Checkout Repository	2026-02-14T05:29:02.7113193Z ##[group]Initializing the repository
end-workflow	Checkout Repository	2026-02-14T05:29:02.7120374Z [command]/usr/bin/git init /home/runner/_work/ka0s/ka0s
end-workflow	Checkout Repository	2026-02-14T05:29:02.7201564Z hint: Using 'master' as the name for the initial branch. This default branch name
end-workflow	Checkout Repository	2026-02-14T05:29:02.7204083Z hint: will change to "main" in Git 3.0. To configure the initial branch name
end-workflow	Checkout Repository	2026-02-14T05:29:02.7208682Z hint: to use in all of your new repositories, which will suppress this warning,
end-workflow	Checkout Repository	2026-02-14T05:29:02.7210759Z hint: call:
end-workflow	Checkout Repository	2026-02-14T05:29:02.7211716Z hint:
end-workflow	Checkout Repository	2026-02-14T05:29:02.7212942Z hint: 	git config --global init.defaultBranch <name>
end-workflow	Checkout Repository	2026-02-14T05:29:02.7214495Z hint:
end-workflow	Checkout Repository	2026-02-14T05:29:02.7215987Z hint: Names commonly chosen instead of 'master' are 'main', 'trunk' and
end-workflow	Checkout Repository	2026-02-14T05:29:02.7218449Z hint: 'development'. The just-created branch can be renamed via this command:
end-workflow	Checkout Repository	2026-02-14T05:29:02.7220592Z hint:
end-workflow	Checkout Repository	2026-02-14T05:29:02.7221487Z hint: 	git branch -m <name>
end-workflow	Checkout Repository	2026-02-14T05:29:02.7222487Z hint:
end-workflow	Checkout Repository	2026-02-14T05:29:02.7224059Z hint: Disable this message with "git config set advice.defaultBranchName false"
end-workflow	Checkout Repository	2026-02-14T05:29:02.7226768Z Initialized empty Git repository in /home/runner/_work/ka0s/ka0s/.git/
end-workflow	Checkout Repository	2026-02-14T05:29:02.7232279Z [command]/usr/bin/git remote add origin https://github.com/Ka0s-Klaus/ka0s
end-workflow	Checkout Repository	2026-02-14T05:29:02.7296810Z ##[endgroup]
end-workflow	Checkout Repository	2026-02-14T05:29:02.7301026Z ##[group]Disabling automatic garbage collection
end-workflow	Checkout Repository	2026-02-14T05:29:02.7303974Z [command]/usr/bin/git config --local gc.auto 0
end-workflow	Checkout Repository	2026-02-14T05:29:02.7359246Z ##[endgroup]
end-workflow	Checkout Repository	2026-02-14T05:29:02.7369990Z ##[group]Setting up auth
end-workflow	Checkout Repository	2026-02-14T05:29:02.7371060Z [command]/usr/bin/git config --local --name-only --get-regexp core\.sshCommand
end-workflow	Checkout Repository	2026-02-14T05:29:02.7425266Z [command]/usr/bin/git submodule foreach --recursive sh -c "git config --local --name-only --get-regexp 'core\.sshCommand' && git config --local --unset-all 'core.sshCommand' || :"
end-workflow	Checkout Repository	2026-02-14T05:29:02.7912703Z [command]/usr/bin/git config --local --name-only --get-regexp http\.https\:\/\/github\.com\/\.extraheader
end-workflow	Checkout Repository	2026-02-14T05:29:02.7969826Z [command]/usr/bin/git submodule foreach --recursive sh -c "git config --local --name-only --get-regexp 'http\.https\:\/\/github\.com\/\.extraheader' && git config --local --unset-all 'http.https://github.com/.extraheader' || :"
end-workflow	Checkout Repository	2026-02-14T05:29:02.8462609Z [command]/usr/bin/git config --local --name-only --get-regexp ^includeIf\.gitdir:
end-workflow	Checkout Repository	2026-02-14T05:29:02.8522209Z [command]/usr/bin/git submodule foreach --recursive git config --local --show-origin --name-only --get-regexp remote.origin.url
end-workflow	Checkout Repository	2026-02-14T05:29:02.9011590Z [command]/usr/bin/git config --local http.https://github.com/.extraheader AUTHORIZATION: basic ***
end-workflow	Checkout Repository	2026-02-14T05:29:02.9091987Z ##[endgroup]
end-workflow	Checkout Repository	2026-02-14T05:29:02.9095751Z ##[group]Fetching the repository
end-workflow	Checkout Repository	2026-02-14T05:29:02.9105565Z [command]/usr/bin/git -c protocol.version=2 fetch --prune --no-recurse-submodules origin +refs/heads/*:refs/remotes/origin/* +refs/tags/*:refs/tags/*
end-workflow	Checkout Repository	2026-02-14T05:29:41.2406609Z From https://github.com/Ka0s-Klaus/ka0s
end-workflow	Checkout Repository	2026-02-14T05:29:41.2408851Z  * [new branch]          F227-despliegue-de-kube-independiente-del-clouder -> origin/F227-despliegue-de-kube-independiente-del-clouder
end-workflow	Checkout Repository	2026-02-14T05:29:41.2410949Z  * [new branch]          F3450-modelo-operativo -> origin/F3450-modelo-operativo
end-workflow	Checkout Repository	2026-02-14T05:29:41.2412733Z  * [new branch]          H1151-desarrollo-de-secciones-ii -> origin/H1151-desarrollo-de-secciones-ii
end-workflow	Checkout Repository	2026-02-14T05:29:41.2414853Z  * [new branch]          H1193-ejemplo-web-documentacion -> origin/H1193-ejemplo-web-documentacion
end-workflow	Checkout Repository	2026-02-14T05:29:41.2416958Z  * [new branch]          H1276-modulo-observabilidad -> origin/H1276-modulo-observabilidad
end-workflow	Checkout Repository	2026-02-14T05:29:41.2420784Z  * [new branch]          H227-despliegue-de-kube-independiente-del-clouder -> origin/H227-despliegue-de-kube-independiente-del-clouder
end-workflow	Checkout Repository	2026-02-14T05:29:41.2423981Z  * [new branch]          H3266-deploy-zabbix    -> origin/H3266-deploy-zabbix
end-workflow	Checkout Repository	2026-02-14T05:29:41.2425476Z  * [new branch]          H3596-deploy-itop      -> origin/H3596-deploy-itop
end-workflow	Checkout Repository	2026-02-14T05:29:41.2427662Z  * [new branch]          RN227-despliegue-de-kube-independiente-del-clouder -> origin/RN227-despliegue-de-kube-independiente-del-clouder
end-workflow	Checkout Repository	2026-02-14T05:29:41.2430258Z  * [new branch]          main                   -> origin/main
end-workflow	Checkout Repository	2026-02-14T05:29:41.2431435Z  * [new tag]             0.0.0                  -> 0.0.0
end-workflow	Checkout Repository	2026-02-14T05:29:41.2432420Z  * [new tag]             0.0.1                  -> 0.0.1
end-workflow	Checkout Repository	2026-02-14T05:29:41.2433349Z  * [new tag]             0.0.10                 -> 0.0.10
end-workflow	Checkout Repository	2026-02-14T05:29:41.2434386Z  * [new tag]             0.0.100                -> 0.0.100
end-workflow	Checkout Repository	2026-02-14T05:29:41.2435409Z  * [new tag]             0.0.101                -> 0.0.101
end-workflow	Checkout Repository	2026-02-14T05:29:41.2436364Z  * [new tag]             0.0.102                -> 0.0.102
end-workflow	Checkout Repository	2026-02-14T05:29:41.2437470Z  * [new tag]             0.0.103                -> 0.0.103
end-workflow	Checkout Repository	2026-02-14T05:29:41.2439120Z  * [new tag]             0.0.104                -> 0.0.104
end-workflow	Checkout Repository	2026-02-14T05:29:41.2440305Z  * [new tag]             0.0.105                -> 0.0.105
end-workflow	Checkout Repository	2026-02-14T05:29:41.2441818Z  * [new tag]             0.0.106                -> 0.0.106
end-workflow	Checkout Repository	2026-02-14T05:29:41.2443144Z  * [new tag]             0.0.107                -> 0.0.107
end-workflow	Checkout Repository	2026-02-14T05:29:41.2444343Z  * [new tag]             0.0.108                -> 0.0.108
end-workflow	Checkout Repository	2026-02-14T05:29:41.2550937Z  * [new tag]             0.0.109                -> 0.0.109
end-workflow	Checkout Repository	2026-02-14T05:29:41.2552846Z  * [new tag]             0.0.11                 -> 0.0.11
end-workflow	Checkout Repository	2026-02-14T05:29:41.2554007Z  * [new tag]             0.0.110                -> 0.0.110
end-workflow	Checkout Repository	2026-02-14T05:29:41.2554992Z  * [new tag]             0.0.111                -> 0.0.111
end-workflow	Checkout Repository	2026-02-14T05:29:41.2555843Z  * [new tag]             0.0.112                -> 0.0.112
end-workflow	Checkout Repository	2026-02-14T05:29:41.2556758Z  * [new tag]             0.0.113                -> 0.0.113
end-workflow	Checkout Repository	2026-02-14T05:29:41.2557746Z  * [new tag]             0.0.114                -> 0.0.114
end-workflow	Checkout Repository	2026-02-14T05:29:41.2559129Z  * [new tag]             0.0.115                -> 0.0.115
end-workflow	Checkout Repository	2026-02-14T05:29:41.2559969Z  * [new tag]             0.0.116                -> 0.0.116
end-workflow	Checkout Repository	2026-02-14T05:29:41.2560846Z  * [new tag]             0.0.117                -> 0.0.117
end-workflow	Checkout Repository	2026-02-14T05:29:41.2561764Z  * [new tag]             0.0.118                -> 0.0.118
end-workflow	Checkout Repository	2026-02-14T05:29:41.2562941Z  * [new tag]             0.0.119                -> 0.0.119
end-workflow	Checkout Repository	2026-02-14T05:29:41.2564624Z  * [new tag]             0.0.12                 -> 0.0.12
end-workflow	Checkout Repository	2026-02-14T05:29:41.2565547Z  * [new tag]             0.0.120                -> 0.0.120
end-workflow	Checkout Repository	2026-02-14T05:29:41.2566576Z  * [new tag]             0.0.121                -> 0.0.121
end-workflow	Checkout Repository	2026-02-14T05:29:41.2567592Z  * [new tag]             0.0.122                -> 0.0.122
end-workflow	Checkout Repository	2026-02-14T05:29:41.2568828Z  * [new tag]             0.0.123                -> 0.0.123
end-workflow	Checkout Repository	2026-02-14T05:29:41.2569828Z  * [new tag]             0.0.124                -> 0.0.124
end-workflow	Checkout Repository	2026-02-14T05:29:41.2570969Z  * [new tag]             0.0.125                -> 0.0.125
end-workflow	Checkout Repository	2026-02-14T05:29:41.2572147Z  * [new tag]             0.0.126                -> 0.0.126
end-workflow	Checkout Repository	2026-02-14T05:29:41.2573116Z  * [new tag]             0.0.127                -> 0.0.127
end-workflow	Checkout Repository	2026-02-14T05:29:41.2573983Z  * [new tag]             0.0.128                -> 0.0.128
end-workflow	Checkout Repository	2026-02-14T05:29:41.2574840Z  * [new tag]             0.0.129                -> 0.0.129
end-workflow	Checkout Repository	2026-02-14T05:29:41.2575765Z  * [new tag]             0.0.13                 -> 0.0.13
end-workflow	Checkout Repository	2026-02-14T05:29:41.2576804Z  * [new tag]             0.0.130                -> 0.0.130
end-workflow	Checkout Repository	2026-02-14T05:29:41.2577688Z  * [new tag]             0.0.131                -> 0.0.131
end-workflow	Checkout Repository	2026-02-14T05:29:41.2578804Z  * [new tag]             0.0.132                -> 0.0.132
end-workflow	Checkout Repository	2026-02-14T05:29:41.2579838Z  * [new tag]             0.0.133                -> 0.0.133
end-workflow	Checkout Repository	2026-02-14T05:29:41.2580896Z  * [new tag]             0.0.134                -> 0.0.134
end-workflow	Checkout Repository	2026-02-14T05:29:41.2581668Z  * [new tag]             0.0.135                -> 0.0.135
end-workflow	Checkout Repository	2026-02-14T05:29:41.2582917Z  * [new tag]             0.0.136                -> 0.0.136
end-workflow	Checkout Repository	2026-02-14T05:29:41.2584696Z  * [new tag]             0.0.137                -> 0.0.137
end-workflow	Checkout Repository	2026-02-14T05:29:41.2586202Z  * [new tag]             0.0.138                -> 0.0.138
end-workflow	Checkout Repository	2026-02-14T05:29:41.2587689Z  * [new tag]             0.0.139                -> 0.0.139
end-workflow	Checkout Repository	2026-02-14T05:29:41.2588563Z  * [new tag]             0.0.14                 -> 0.0.14
end-workflow	Checkout Repository	2026-02-14T05:29:41.2589082Z  * [new tag]             0.0.140                -> 0.0.140
end-workflow	Checkout Repository	2026-02-14T05:29:41.2589575Z  * [new tag]             0.0.141                -> 0.0.141
end-workflow	Checkout Repository	2026-02-14T05:29:41.2590050Z  * [new tag]             0.0.142                -> 0.0.142
end-workflow	Checkout Repository	2026-02-14T05:29:41.2590528Z  * [new tag]             0.0.143                -> 0.0.143
end-workflow	Checkout Repository	2026-02-14T05:29:41.2591003Z  * [new tag]             0.0.144                -> 0.0.144
end-workflow	Checkout Repository	2026-02-14T05:29:41.2591477Z  * [new tag]             0.0.145                -> 0.0.145
end-workflow	Checkout Repository	2026-02-14T05:29:41.2591949Z  * [new tag]             0.0.146                -> 0.0.146
end-workflow	Checkout Repository	2026-02-14T05:29:41.2592461Z  * [new tag]             0.0.147                -> 0.0.147
end-workflow	Checkout Repository	2026-02-14T05:29:41.2593133Z  * [new tag]             0.0.148                -> 0.0.148
end-workflow	Checkout Repository	2026-02-14T05:29:41.2594901Z  * [new tag]             0.0.149                -> 0.0.149
end-workflow	Checkout Repository	2026-02-14T05:29:41.2596321Z  * [new tag]             0.0.15                 -> 0.0.15
end-workflow	Checkout Repository	2026-02-14T05:29:41.2598051Z  * [new tag]             0.0.150                -> 0.0.150
end-workflow	Checkout Repository	2026-02-14T05:29:41.2599657Z  * [new tag]             0.0.151                -> 0.0.151
end-workflow	Checkout Repository	2026-02-14T05:29:41.2600164Z  * [new tag]             0.0.152                -> 0.0.152
end-workflow	Checkout Repository	2026-02-14T05:29:41.2600662Z  * [new tag]             0.0.153                -> 0.0.153
end-workflow	Checkout Repository	2026-02-14T05:29:41.2601155Z  * [new tag]             0.0.154                -> 0.0.154
end-workflow	Checkout Repository	2026-02-14T05:29:41.2601649Z  * [new tag]             0.0.155                -> 0.0.155
end-workflow	Checkout Repository	2026-02-14T05:29:41.2602141Z  * [new tag]             0.0.156                -> 0.0.156
end-workflow	Checkout Repository	2026-02-14T05:29:41.2602635Z  * [new tag]             0.0.157                -> 0.0.157
end-workflow	Checkout Repository	2026-02-14T05:29:41.2603729Z  * [new tag]             0.0.158                -> 0.0.158
end-workflow	Checkout Repository	2026-02-14T05:29:41.2605253Z  * [new tag]             0.0.159                -> 0.0.159
end-workflow	Checkout Repository	2026-02-14T05:29:41.2606691Z  * [new tag]             0.0.16                 -> 0.0.16
end-workflow	Checkout Repository	2026-02-14T05:29:41.2608275Z  * [new tag]             0.0.160                -> 0.0.160
end-workflow	Checkout Repository	2026-02-14T05:29:41.2608813Z  * [new tag]             0.0.161                -> 0.0.161
end-workflow	Checkout Repository	2026-02-14T05:29:41.2609628Z  * [new tag]             0.0.162                -> 0.0.162
end-workflow	Checkout Repository	2026-02-14T05:29:41.2610284Z  * [new tag]             0.0.163                -> 0.0.163
end-workflow	Checkout Repository	2026-02-14T05:29:41.2610783Z  * [new tag]             0.0.164                -> 0.0.164
end-workflow	Checkout Repository	2026-02-14T05:29:41.2611270Z  * [new tag]             0.0.165                -> 0.0.165
end-workflow	Checkout Repository	2026-02-14T05:29:41.2612124Z  * [new tag]             0.0.166                -> 0.0.166
end-workflow	Checkout Repository	2026-02-14T05:29:41.2612634Z  * [new tag]             0.0.167                -> 0.0.167
end-workflow	Checkout Repository	2026-02-14T05:29:41.2613126Z  * [new tag]             0.0.168                -> 0.0.168
end-workflow	Checkout Repository	2026-02-14T05:29:41.2613611Z  * [new tag]             0.0.169                -> 0.0.169
end-workflow	Checkout Repository	2026-02-14T05:29:41.2614192Z  * [new tag]             0.0.17                 -> 0.0.17
end-workflow	Checkout Repository	2026-02-14T05:29:41.2615773Z  * [new tag]             0.0.170                -> 0.0.170
end-workflow	Checkout Repository	2026-02-14T05:29:41.2617357Z  * [new tag]             0.0.171                -> 0.0.171
end-workflow	Checkout Repository	2026-02-14T05:29:41.2619134Z  * [new tag]             0.0.172                -> 0.0.172
end-workflow	Checkout Repository	2026-02-14T05:29:41.2620704Z  * [new tag]             0.0.173                -> 0.0.173
end-workflow	Checkout Repository	2026-02-14T05:29:41.2622286Z  * [new tag]             0.0.174                -> 0.0.174
end-workflow	Checkout Repository	2026-02-14T05:29:41.2623854Z  * [new tag]             0.0.175                -> 0.0.175
end-workflow	Checkout Repository	2026-02-14T05:29:41.2625385Z  * [new tag]             0.0.176                -> 0.0.176
end-workflow	Checkout Repository	2026-02-14T05:29:41.2626953Z  * [new tag]             0.0.177                -> 0.0.177
end-workflow	Checkout Repository	2026-02-14T05:29:41.2628804Z  * [new tag]             0.0.178                -> 0.0.178
end-workflow	Checkout Repository	2026-02-14T05:29:41.2630345Z  * [new tag]             0.0.179                -> 0.0.179
end-workflow	Checkout Repository	2026-02-14T05:29:41.2631874Z  * [new tag]             0.0.18                 -> 0.0.18
end-workflow	Checkout Repository	2026-02-14T05:29:41.2633398Z  * [new tag]             0.0.19                 -> 0.0.19
end-workflow	Checkout Repository	2026-02-14T05:29:41.2634914Z  * [new tag]             0.0.2                  -> 0.0.2
end-workflow	Checkout Repository	2026-02-14T05:29:41.2636442Z  * [new tag]             0.0.20                 -> 0.0.20
end-workflow	Checkout Repository	2026-02-14T05:29:41.2638170Z  * [new tag]             0.0.21                 -> 0.0.21
end-workflow	Checkout Repository	2026-02-14T05:29:41.2639717Z  * [new tag]             0.0.22                 -> 0.0.22
end-workflow	Checkout Repository	2026-02-14T05:29:41.2641239Z  * [new tag]             0.0.23                 -> 0.0.23
end-workflow	Checkout Repository	2026-02-14T05:29:41.2642752Z  * [new tag]             0.0.24                 -> 0.0.24
end-workflow	Checkout Repository	2026-02-14T05:29:41.2644272Z  * [new tag]             0.0.25                 -> 0.0.25
end-workflow	Checkout Repository	2026-02-14T05:29:41.2645797Z  * [new tag]             0.0.26                 -> 0.0.26
end-workflow	Checkout Repository	2026-02-14T05:29:41.2647319Z  * [new tag]             0.0.27                 -> 0.0.27
end-workflow	Checkout Repository	2026-02-14T05:29:41.2648706Z  * [new tag]             0.0.28                 -> 0.0.28
end-workflow	Checkout Repository	2026-02-14T05:29:41.2649228Z  * [new tag]             0.0.29                 -> 0.0.29
end-workflow	Checkout Repository	2026-02-14T05:29:41.2649724Z  * [new tag]             0.0.3                  -> 0.0.3
end-workflow	Checkout Repository	2026-02-14T05:29:41.2650214Z  * [new tag]             0.0.30                 -> 0.0.30
end-workflow	Checkout Repository	2026-02-14T05:29:41.2650705Z  * [new tag]             0.0.31                 -> 0.0.31
end-workflow	Checkout Repository	2026-02-14T05:29:41.2651539Z  * [new tag]             0.0.32                 -> 0.0.32
end-workflow	Checkout Repository	2026-02-14T05:29:41.2652034Z  * [new tag]             0.0.33                 -> 0.0.33
end-workflow	Checkout Repository	2026-02-14T05:29:41.2652523Z  * [new tag]             0.0.34                 -> 0.0.34
end-workflow	Checkout Repository	2026-02-14T05:29:41.2653010Z  * [new tag]             0.0.35                 -> 0.0.35
end-workflow	Checkout Repository	2026-02-14T05:29:41.2653497Z  * [new tag]             0.0.36                 -> 0.0.36
end-workflow	Checkout Repository	2026-02-14T05:29:41.2653979Z  * [new tag]             0.0.37                 -> 0.0.37
end-workflow	Checkout Repository	2026-02-14T05:29:41.2654465Z  * [new tag]             0.0.38                 -> 0.0.38
end-workflow	Checkout Repository	2026-02-14T05:29:41.2654952Z  * [new tag]             0.0.39                 -> 0.0.39
end-workflow	Checkout Repository	2026-02-14T05:29:41.2655444Z  * [new tag]             0.0.4                  -> 0.0.4
end-workflow	Checkout Repository	2026-02-14T05:29:41.2655935Z  * [new tag]             0.0.40                 -> 0.0.40
end-workflow	Checkout Repository	2026-02-14T05:29:41.2656421Z  * [new tag]             0.0.41                 -> 0.0.41
end-workflow	Checkout Repository	2026-02-14T05:29:41.2656913Z  * [new tag]             0.0.42                 -> 0.0.42
end-workflow	Checkout Repository	2026-02-14T05:29:41.2657706Z  * [new tag]             0.0.43                 -> 0.0.43
end-workflow	Checkout Repository	2026-02-14T05:29:41.2658607Z  * [new tag]             0.0.44                 -> 0.0.44
end-workflow	Checkout Repository	2026-02-14T05:29:41.2659108Z  * [new tag]             0.0.45                 -> 0.0.45
end-workflow	Checkout Repository	2026-02-14T05:29:41.2659601Z  * [new tag]             0.0.46                 -> 0.0.46
end-workflow	Checkout Repository	2026-02-14T05:29:41.2660446Z  * [new tag]             0.0.47                 -> 0.0.47
end-workflow	Checkout Repository	2026-02-14T05:29:41.2660932Z  * [new tag]             0.0.48                 -> 0.0.48
end-workflow	Checkout Repository	2026-02-14T05:29:41.2661421Z  * [new tag]             0.0.49                 -> 0.0.49
end-workflow	Checkout Repository	2026-02-14T05:29:41.2661903Z  * [new tag]             0.0.5                  -> 0.0.5
end-workflow	Checkout Repository	2026-02-14T05:29:41.2662396Z  * [new tag]             0.0.50                 -> 0.0.50
end-workflow	Checkout Repository	2026-02-14T05:29:41.2662876Z  * [new tag]             0.0.51                 -> 0.0.51
end-workflow	Checkout Repository	2026-02-14T05:29:41.2663362Z  * [new tag]             0.0.52                 -> 0.0.52
end-workflow	Checkout Repository	2026-02-14T05:29:41.2663850Z  * [new tag]             0.0.53                 -> 0.0.53
end-workflow	Checkout Repository	2026-02-14T05:29:41.2664341Z  * [new tag]             0.0.54                 -> 0.0.54
end-workflow	Checkout Repository	2026-02-14T05:29:41.2664839Z  * [new tag]             0.0.55                 -> 0.0.55
end-workflow	Checkout Repository	2026-02-14T05:29:41.2665319Z  * [new tag]             0.0.56                 -> 0.0.56
end-workflow	Checkout Repository	2026-02-14T05:29:41.2665795Z  * [new tag]             0.0.57                 -> 0.0.57
end-workflow	Checkout Repository	2026-02-14T05:29:41.2666266Z  * [new tag]             0.0.58                 -> 0.0.58
end-workflow	Checkout Repository	2026-02-14T05:29:41.2666746Z  * [new tag]             0.0.59                 -> 0.0.59
end-workflow	Checkout Repository	2026-02-14T05:29:41.2667224Z  * [new tag]             0.0.6                  -> 0.0.6
end-workflow	Checkout Repository	2026-02-14T05:29:41.2667704Z  * [new tag]             0.0.60                 -> 0.0.60
end-workflow	Checkout Repository	2026-02-14T05:29:41.2668516Z  * [new tag]             0.0.61                 -> 0.0.61
end-workflow	Checkout Repository	2026-02-14T05:29:41.2669003Z  * [new tag]             0.0.62                 -> 0.0.62
end-workflow	Checkout Repository	2026-02-14T05:29:41.2669481Z  * [new tag]             0.0.63                 -> 0.0.63
end-workflow	Checkout Repository	2026-02-14T05:29:41.2669966Z  * [new tag]             0.0.64                 -> 0.0.64
end-workflow	Checkout Repository	2026-02-14T05:29:41.2670450Z  * [new tag]             0.0.65                 -> 0.0.65
end-workflow	Checkout Repository	2026-02-14T05:29:41.2670924Z  * [new tag]             0.0.66                 -> 0.0.66
end-workflow	Checkout Repository	2026-02-14T05:29:41.2671403Z  * [new tag]             0.0.67                 -> 0.0.67
end-workflow	Checkout Repository	2026-02-14T05:29:41.2671878Z  * [new tag]             0.0.68                 -> 0.0.68
end-workflow	Checkout Repository	2026-02-14T05:29:41.2672351Z  * [new tag]             0.0.69                 -> 0.0.69
end-workflow	Checkout Repository	2026-02-14T05:29:41.2672829Z  * [new tag]             0.0.7                  -> 0.0.7
end-workflow	Checkout Repository	2026-02-14T05:29:41.2673308Z  * [new tag]             0.0.70                 -> 0.0.70
end-workflow	Checkout Repository	2026-02-14T05:29:41.2673914Z  * [new tag]             0.0.71                 -> 0.0.71
end-workflow	Checkout Repository	2026-02-14T05:29:41.2674404Z  * [new tag]             0.0.72                 -> 0.0.72
end-workflow	Checkout Repository	2026-02-14T05:29:41.2674886Z  * [new tag]             0.0.73                 -> 0.0.73
end-workflow	Checkout Repository	2026-02-14T05:29:41.2675361Z  * [new tag]             0.0.74                 -> 0.0.74
end-workflow	Checkout Repository	2026-02-14T05:29:41.2676148Z  * [new tag]             0.0.75                 -> 0.0.75
end-workflow	Checkout Repository	2026-02-14T05:29:41.2676636Z  * [new tag]             0.0.76                 -> 0.0.76
end-workflow	Checkout Repository	2026-02-14T05:29:41.2677112Z  * [new tag]             0.0.77                 -> 0.0.77
end-workflow	Checkout Repository	2026-02-14T05:29:41.2677590Z  * [new tag]             0.0.78                 -> 0.0.78
end-workflow	Checkout Repository	2026-02-14T05:29:41.2678419Z  * [new tag]             0.0.79                 -> 0.0.79
end-workflow	Checkout Repository	2026-02-14T05:29:41.2678919Z  * [new tag]             0.0.8                  -> 0.0.8
end-workflow	Checkout Repository	2026-02-14T05:29:41.2679394Z  * [new tag]             0.0.80                 -> 0.0.80
end-workflow	Checkout Repository	2026-02-14T05:29:41.2679864Z  * [new tag]             0.0.81                 -> 0.0.81
end-workflow	Checkout Repository	2026-02-14T05:29:41.2680344Z  * [new tag]             0.0.82                 -> 0.0.82
end-workflow	Checkout Repository	2026-02-14T05:29:41.2680820Z  * [new tag]             0.0.83                 -> 0.0.83
end-workflow	Checkout Repository	2026-02-14T05:29:41.2681300Z  * [new tag]             0.0.84                 -> 0.0.84
end-workflow	Checkout Repository	2026-02-14T05:29:41.2681775Z  * [new tag]             0.0.85                 -> 0.0.85
end-workflow	Checkout Repository	2026-02-14T05:29:41.2682604Z  * [new tag]             0.0.86                 -> 0.0.86
end-workflow	Checkout Repository	2026-02-14T05:29:41.2683094Z  * [new tag]             0.0.87                 -> 0.0.87
end-workflow	Checkout Repository	2026-02-14T05:29:41.2683565Z  * [new tag]             0.0.88                 -> 0.0.88
end-workflow	Checkout Repository	2026-02-14T05:29:41.2684237Z  * [new tag]             0.0.89                 -> 0.0.89
end-workflow	Checkout Repository	2026-02-14T05:29:41.2685477Z  * [new tag]             0.0.9                  -> 0.0.9
end-workflow	Checkout Repository	2026-02-14T05:29:41.2685995Z  * [new tag]             0.0.90                 -> 0.0.90
end-workflow	Checkout Repository	2026-02-14T05:29:41.2686526Z  * [new tag]             0.0.91                 -> 0.0.91
end-workflow	Checkout Repository	2026-02-14T05:29:41.2687006Z  * [new tag]             0.0.92                 -> 0.0.92
end-workflow	Checkout Repository	2026-02-14T05:29:41.2687484Z  * [new tag]             0.0.93                 -> 0.0.93
end-workflow	Checkout Repository	2026-02-14T05:29:41.2688545Z  * [new tag]             0.0.94                 -> 0.0.94
end-workflow	Checkout Repository	2026-02-14T05:29:41.2689102Z  * [new tag]             0.0.95                 -> 0.0.95
end-workflow	Checkout Repository	2026-02-14T05:29:41.2689596Z  * [new tag]             0.0.96                 -> 0.0.96
end-workflow	Checkout Repository	2026-02-14T05:29:41.2690304Z  * [new tag]             0.0.97                 -> 0.0.97
end-workflow	Checkout Repository	2026-02-14T05:29:41.2691750Z  * [new tag]             0.0.98                 -> 0.0.98
end-workflow	Checkout Repository	2026-02-14T05:29:41.2693269Z  * [new tag]             0.0.99                 -> 0.0.99
end-workflow	Checkout Repository	2026-02-14T05:29:41.2694832Z  * [new tag]             0.1.0                  -> 0.1.0
end-workflow	Checkout Repository	2026-02-14T05:29:41.2696258Z  * [new tag]             0.1.1                  -> 0.1.1
end-workflow	Checkout Repository	2026-02-14T05:29:41.2698105Z  * [new tag]             0.2.0                  -> 0.2.0
end-workflow	Checkout Repository	2026-02-14T05:29:41.2699687Z  * [new tag]             0.3.0                  -> 0.3.0
end-workflow	Checkout Repository	2026-02-14T05:29:41.2701246Z  * [new tag]             0.3.1                  -> 0.3.1
end-workflow	Checkout Repository	2026-02-14T05:29:41.2702853Z  * [new tag]             0.3.10                 -> 0.3.10
end-workflow	Checkout Repository	2026-02-14T05:29:41.2704600Z  * [new tag]             0.3.11                 -> 0.3.11
end-workflow	Checkout Repository	2026-02-14T05:29:41.2706127Z  * [new tag]             0.3.12                 -> 0.3.12
end-workflow	Checkout Repository	2026-02-14T05:29:41.2707657Z  * [new tag]             0.3.13                 -> 0.3.13
end-workflow	Checkout Repository	2026-02-14T05:29:41.2709381Z  * [new tag]             0.3.14                 -> 0.3.14
end-workflow	Checkout Repository	2026-02-14T05:29:41.2710901Z  * [new tag]             0.3.15                 -> 0.3.15
end-workflow	Checkout Repository	2026-02-14T05:29:41.2712410Z  * [new tag]             0.3.16                 -> 0.3.16
end-workflow	Checkout Repository	2026-02-14T05:29:41.2713926Z  * [new tag]             0.3.17                 -> 0.3.17
end-workflow	Checkout Repository	2026-02-14T05:29:41.2715443Z  * [new tag]             0.3.2                  -> 0.3.2
end-workflow	Checkout Repository	2026-02-14T05:29:41.2716952Z  * [new tag]             0.3.3                  -> 0.3.3
end-workflow	Checkout Repository	2026-02-14T05:29:41.2718722Z  * [new tag]             0.3.4                  -> 0.3.4
end-workflow	Checkout Repository	2026-02-14T05:29:41.2720234Z  * [new tag]             0.3.5                  -> 0.3.5
end-workflow	Checkout Repository	2026-02-14T05:29:41.2721828Z  * [new tag]             0.3.6                  -> 0.3.6
end-workflow	Checkout Repository	2026-02-14T05:29:41.2723395Z  * [new tag]             0.3.7                  -> 0.3.7
end-workflow	Checkout Repository	2026-02-14T05:29:41.2724724Z  * [new tag]             0.3.8                  -> 0.3.8
end-workflow	Checkout Repository	2026-02-14T05:29:41.2725563Z  * [new tag]             0.3.9                  -> 0.3.9
end-workflow	Checkout Repository	2026-02-14T05:29:41.2726437Z  * [new tag]             0.4.0                  -> 0.4.0
end-workflow	Checkout Repository	2026-02-14T05:29:41.2726922Z  * [new tag]             0.4.1                  -> 0.4.1
end-workflow	Checkout Repository	2026-02-14T05:29:41.2727397Z  * [new tag]             0.4.2                  -> 0.4.2
end-workflow	Checkout Repository	2026-02-14T05:29:41.2728115Z  * [new tag]             0.4.3                  -> 0.4.3
end-workflow	Checkout Repository	2026-02-14T05:29:41.2728626Z  * [new tag]             0.4.4                  -> 0.4.4
end-workflow	Checkout Repository	2026-02-14T05:29:41.2729104Z  * [new tag]             0.4.5                  -> 0.4.5
end-workflow	Checkout Repository	2026-02-14T05:29:41.2730146Z  * [new tag]             0.4.6                  -> 0.4.6
end-workflow	Checkout Repository	2026-02-14T05:29:41.2731659Z  * [new tag]             0.4.7                  -> 0.4.7
end-workflow	Checkout Repository	2026-02-14T05:29:41.2733157Z  * [new tag]             0.4.8                  -> 0.4.8
end-workflow	Checkout Repository	2026-02-14T05:29:41.2734685Z  * [new tag]             0.4.9                  -> 0.4.9
end-workflow	Checkout Repository	2026-02-14T05:29:41.2736189Z  * [new tag]             0.5.0                  -> 0.5.0
end-workflow	Checkout Repository	2026-02-14T05:29:41.2738170Z  * [new tag]             0.5.1                  -> 0.5.1
end-workflow	Checkout Repository	2026-02-14T05:29:41.2739715Z  * [new tag]             0.5.2                  -> 0.5.2
end-workflow	Checkout Repository	2026-02-14T05:29:41.2741173Z  * [new tag]             0.6.0                  -> 0.6.0
end-workflow	Checkout Repository	2026-02-14T05:29:41.2742679Z  * [new tag]             0.6.1                  -> 0.6.1
end-workflow	Checkout Repository	2026-02-14T05:29:41.2744180Z  * [new tag]             0.6.2                  -> 0.6.2
end-workflow	Checkout Repository	2026-02-14T05:29:41.2991116Z [command]/usr/bin/git branch --list --remote origin/main
end-workflow	Checkout Repository	2026-02-14T05:29:41.3100136Z   origin/main
end-workflow	Checkout Repository	2026-02-14T05:29:41.3117197Z [command]/usr/bin/git rev-parse refs/remotes/origin/main
end-workflow	Checkout Repository	2026-02-14T05:29:41.3159652Z b11e38810a9a7946f0f011d527d937061e0242d2
end-workflow	Checkout Repository	2026-02-14T05:29:41.3181176Z [command]/usr/bin/git -c protocol.version=2 fetch --no-tags --prune --no-recurse-submodules origin +921e9e4c1926cc3d249dbba4bda02827ded1fa81:refs/remotes/origin/main
end-workflow	Checkout Repository	2026-02-14T05:29:41.3451929Z From https://github.com/Ka0s-Klaus/ka0s
end-workflow	Checkout Repository	2026-02-14T05:29:41.3453323Z  + b11e38810...921e9e4c1 921e9e4c1926cc3d249dbba4bda02827ded1fa81 -> origin/main  (forced update)
end-workflow	Checkout Repository	2026-02-14T05:29:41.3512724Z ##[endgroup]
end-workflow	Checkout Repository	2026-02-14T05:29:41.3514238Z ##[group]Determining the checkout info
end-workflow	Checkout Repository	2026-02-14T05:29:41.3515828Z ##[endgroup]
end-workflow	Checkout Repository	2026-02-14T05:29:41.3522457Z [command]/usr/bin/git sparse-checkout disable
end-workflow	Checkout Repository	2026-02-14T05:29:41.3601492Z [command]/usr/bin/git config --local --unset-all extensions.worktreeConfig
end-workflow	Checkout Repository	2026-02-14T05:29:41.3667177Z ##[group]Checking out the ref
end-workflow	Checkout Repository	2026-02-14T05:29:41.3676615Z [command]/usr/bin/git checkout --progress --force -B main refs/remotes/origin/main
end-workflow	Checkout Repository	2026-02-14T05:29:41.6642197Z Switched to a new branch 'main'
end-workflow	Checkout Repository	2026-02-14T05:29:41.6655955Z branch 'main' set up to track 'origin/main'.
end-workflow	Checkout Repository	2026-02-14T05:29:41.6720947Z ##[endgroup]
end-workflow	Checkout Repository	2026-02-14T05:29:41.6849446Z [command]/usr/bin/git log -1 --format=%H
end-workflow	Checkout Repository	2026-02-14T05:29:41.6907743Z 921e9e4c1926cc3d249dbba4bda02827ded1fa81
end-workflow	Install GH CLI	﻿2026-02-14T05:29:41.7620024Z Prepare all required actions
end-workflow	Install GH CLI	2026-02-14T05:29:41.7786292Z ##[group]Run ./.github/actions/install-gh-cli
end-workflow	Install GH CLI	2026-02-14T05:29:41.7787632Z env:
end-workflow	Install GH CLI	2026-02-14T05:29:41.7788984Z   KAOS_MODULE: [Ka0S] Audit Pods
end-workflow	Install GH CLI	2026-02-14T05:29:41.7790116Z   KAOS_CODE: 22011942047
end-workflow	Install GH CLI	2026-02-14T05:29:41.7791113Z ##[endgroup]
end-workflow	Install GH CLI	2026-02-14T05:29:41.7997377Z ##[group]Run type -p curl >/dev/null || (sudo apt-get update && sudo apt-get install curl -y)
end-workflow	Install GH CLI	2026-02-14T05:29:41.7999430Z [36;1mtype -p curl >/dev/null || (sudo apt-get update && sudo apt-get install curl -y)[0m
end-workflow	Install GH CLI	2026-02-14T05:29:41.8001676Z [36;1mcurl -fsSL https://cli.github.com/packages/githubcli-archive-keyring.gpg | sudo dd of=/usr/share/keyrings/githubcli-archive-keyring.gpg \[0m
end-workflow	Install GH CLI	2026-02-14T05:29:41.8003997Z [36;1m&& sudo chmod go+r /usr/share/keyrings/githubcli-archive-keyring.gpg \[0m
end-workflow	Install GH CLI	2026-02-14T05:29:41.8007023Z [36;1m&& echo "deb [arch=$(dpkg --print-architecture) signed-by=/usr/share/keyrings/githubcli-archive-keyring.gpg] https://cli.github.com/packages stable main" | sudo tee /etc/apt/sources.list.d/github-cli.list > /dev/null \[0m
end-workflow	Install GH CLI	2026-02-14T05:29:41.8009871Z [36;1m&& sudo apt-get update \[0m
end-workflow	Install GH CLI	2026-02-14T05:29:41.8011156Z [36;1m&& sudo apt-get install gh -y[0m
end-workflow	Install GH CLI	2026-02-14T05:29:41.8050123Z shell: /usr/bin/bash --noprofile --norc -e -o pipefail {0}
end-workflow	Install GH CLI	2026-02-14T05:29:41.8051231Z env:
end-workflow	Install GH CLI	2026-02-14T05:29:41.8051772Z   KAOS_MODULE: [Ka0S] Audit Pods
end-workflow	Install GH CLI	2026-02-14T05:29:41.8052394Z   KAOS_CODE: 22011942047
end-workflow	Install GH CLI	2026-02-14T05:29:41.8052885Z ##[endgroup]
end-workflow	Install GH CLI	2026-02-14T05:29:42.0840399Z 4+1 records in
end-workflow	Install GH CLI	2026-02-14T05:29:42.0841532Z 4+1 records out
end-workflow	Install GH CLI	2026-02-14T05:29:42.0848903Z 2270 bytes (2.3 kB, 2.2 KiB) copied, 0.235768 s, 9.6 kB/s
end-workflow	Install GH CLI	2026-02-14T05:29:42.4163074Z Get:1 https://cli.github.com/packages stable InRelease [3917 B]
end-workflow	Install GH CLI	2026-02-14T05:29:42.4460478Z Get:2 http://archive.ubuntu.com/ubuntu noble InRelease [256 kB]
end-workflow	Install GH CLI	2026-02-14T05:29:42.5271026Z Get:3 http://security.ubuntu.com/ubuntu noble-security InRelease [126 kB]
end-workflow	Install GH CLI	2026-02-14T05:29:42.5634543Z Get:4 https://ppa.launchpadcontent.net/git-core/ppa/ubuntu noble InRelease [24.3 kB]
end-workflow	Install GH CLI	2026-02-14T05:29:42.6935023Z Get:5 https://cli.github.com/packages stable/main amd64 Packages [356 B]
end-workflow	Install GH CLI	2026-02-14T05:29:42.7072360Z Get:6 https://ppa.launchpadcontent.net/git-core/ppa/ubuntu noble/main amd64 Packages [2992 B]
end-workflow	Install GH CLI	2026-02-14T05:29:42.7715533Z Get:7 http://archive.ubuntu.com/ubuntu noble-updates InRelease [126 kB]
end-workflow	Install GH CLI	2026-02-14T05:29:42.8504687Z Get:8 http://archive.ubuntu.com/ubuntu noble-backports InRelease [126 kB]
end-workflow	Install GH CLI	2026-02-14T05:29:42.9307601Z Get:9 http://archive.ubuntu.com/ubuntu noble/main amd64 Packages [1808 kB]
end-workflow	Install GH CLI	2026-02-14T05:29:43.1158845Z Get:10 http://archive.ubuntu.com/ubuntu noble/restricted amd64 Packages [117 kB]
end-workflow	Install GH CLI	2026-02-14T05:29:43.1218515Z Get:11 http://archive.ubuntu.com/ubuntu noble/multiverse amd64 Packages [331 kB]
end-workflow	Install GH CLI	2026-02-14T05:29:43.1325526Z Get:12 http://archive.ubuntu.com/ubuntu noble/universe amd64 Packages [19.3 MB]
end-workflow	Install GH CLI	2026-02-14T05:29:43.2886230Z Get:13 http://security.ubuntu.com/ubuntu noble-security/universe amd64 Packages [1200 kB]
end-workflow	Install GH CLI	2026-02-14T05:29:43.4512880Z Get:14 http://archive.ubuntu.com/ubuntu noble-updates/multiverse amd64 Packages [38.1 kB]
end-workflow	Install GH CLI	2026-02-14T05:29:43.4534581Z Get:15 http://archive.ubuntu.com/ubuntu noble-updates/main amd64 Packages [2203 kB]
end-workflow	Install GH CLI	2026-02-14T05:29:43.4930858Z Get:16 http://archive.ubuntu.com/ubuntu noble-updates/universe amd64 Packages [1979 kB]
end-workflow	Install GH CLI	2026-02-14T05:29:43.5198964Z Get:17 http://archive.ubuntu.com/ubuntu noble-updates/restricted amd64 Packages [3295 kB]
end-workflow	Install GH CLI	2026-02-14T05:29:43.6034324Z Get:18 http://archive.ubuntu.com/ubuntu noble-backports/universe amd64 Packages [34.6 kB]
end-workflow	Install GH CLI	2026-02-14T05:29:43.6071204Z Get:19 http://archive.ubuntu.com/ubuntu noble-backports/main amd64 Packages [49.5 kB]
end-workflow	Install GH CLI	2026-02-14T05:29:43.7796374Z Get:20 http://security.ubuntu.com/ubuntu noble-security/main amd64 Packages [1824 kB]
end-workflow	Install GH CLI	2026-02-14T05:29:43.9174164Z Get:21 http://security.ubuntu.com/ubuntu noble-security/restricted amd64 Packages [3115 kB]
end-workflow	Install GH CLI	2026-02-14T05:29:44.0423507Z Get:22 http://security.ubuntu.com/ubuntu noble-security/multiverse amd64 Packages [34.8 kB]
end-workflow	Install GH CLI	2026-02-14T05:29:46.0362746Z Fetched 36.0 MB in 4s (9549 kB/s)
end-workflow	Install GH CLI	2026-02-14T05:29:48.1780033Z Reading package lists...
end-workflow	Install GH CLI	2026-02-14T05:29:50.1869215Z Reading package lists...
end-workflow	Install GH CLI	2026-02-14T05:29:50.5426249Z Building dependency tree...
end-workflow	Install GH CLI	2026-02-14T05:29:50.5428063Z Reading state information...
end-workflow	Install GH CLI	2026-02-14T05:29:51.0602693Z The following NEW packages will be installed:
end-workflow	Install GH CLI	2026-02-14T05:29:51.0622973Z   gh
end-workflow	Install GH CLI	2026-02-14T05:29:51.3380051Z 0 upgraded, 1 newly installed, 0 to remove and 20 not upgraded.
end-workflow	Install GH CLI	2026-02-14T05:29:51.3384405Z Need to get 13.7 MB of archives.
end-workflow	Install GH CLI	2026-02-14T05:29:51.3389790Z After this operation, 37.9 MB of additional disk space will be used.
end-workflow	Install GH CLI	2026-02-14T05:29:51.3398699Z Get:1 https://cli.github.com/packages stable/main amd64 gh amd64 2.86.0 [13.7 MB]
end-workflow	Install GH CLI	2026-02-14T05:29:52.0699605Z debconf: delaying package configuration, since apt-utils is not installed
end-workflow	Install GH CLI	2026-02-14T05:29:52.1666218Z Fetched 13.7 MB in 1s (18.8 MB/s)
end-workflow	Install GH CLI	2026-02-14T05:29:52.2252779Z Selecting previously unselected package gh.
end-workflow	Install GH CLI	2026-02-14T05:29:52.2347245Z (Reading database ... 
end-workflow	Install GH CLI	2026-02-14T05:29:52.2356595Z (Reading database ... 5%
end-workflow	Install GH CLI	2026-02-14T05:29:52.2389110Z (Reading database ... 10%
end-workflow	Install GH CLI	2026-02-14T05:29:52.2389909Z (Reading database ... 15%
end-workflow	Install GH CLI	2026-02-14T05:29:52.2390535Z (Reading database ... 20%
end-workflow	Install GH CLI	2026-02-14T05:29:52.2391095Z (Reading database ... 25%
end-workflow	Install GH CLI	2026-02-14T05:29:52.2391566Z (Reading database ... 30%
end-workflow	Install GH CLI	2026-02-14T05:29:52.2392109Z (Reading database ... 35%
end-workflow	Install GH CLI	2026-02-14T05:29:52.2392635Z (Reading database ... 40%
end-workflow	Install GH CLI	2026-02-14T05:29:52.2393111Z (Reading database ... 45%
end-workflow	Install GH CLI	2026-02-14T05:29:52.2393631Z (Reading database ... 50%
end-workflow	Install GH CLI	2026-02-14T05:29:52.2394088Z (Reading database ... 55%
end-workflow	Install GH CLI	2026-02-14T05:29:52.2394613Z (Reading database ... 60%
end-workflow	Install GH CLI	2026-02-14T05:29:52.2439900Z (Reading database ... 65%
end-workflow	Install GH CLI	2026-02-14T05:29:52.2461053Z (Reading database ... 70%
end-workflow	Install GH CLI	2026-02-14T05:29:52.2502847Z (Reading database ... 75%
end-workflow	Install GH CLI	2026-02-14T05:29:52.2533710Z (Reading database ... 80%
end-workflow	Install GH CLI	2026-02-14T05:29:52.2561663Z (Reading database ... 85%
end-workflow	Install GH CLI	2026-02-14T05:29:52.2586818Z (Reading database ... 90%
end-workflow	Install GH CLI	2026-02-14T05:29:52.2639742Z (Reading database ... 95%
end-workflow	Install GH CLI	2026-02-14T05:29:52.2659241Z (Reading database ... 100%
end-workflow	Install GH CLI	2026-02-14T05:29:52.2668668Z (Reading database ... 14385 files and directories currently installed.)
end-workflow	Install GH CLI	2026-02-14T05:29:52.2676737Z Preparing to unpack .../archives/gh_2.86.0_amd64.deb ...
end-workflow	Install GH CLI	2026-02-14T05:29:52.2752763Z Unpacking gh (2.86.0) ...
end-workflow	Install GH CLI	2026-02-14T05:29:52.7555343Z Setting up gh (2.86.0) ...
end-workflow	Trigger Inspector	﻿2026-02-14T05:29:52.9100878Z ##[group]Run echo "🔍 Triggering Inspector for Audit..."
end-workflow	Trigger Inspector	2026-02-14T05:29:52.9103229Z [36;1mecho "🔍 Triggering Inspector for Audit..."[0m
end-workflow	Trigger Inspector	2026-02-14T05:29:52.9106098Z [36;1mgh workflow run inspector.yml \[0m
end-workflow	Trigger Inspector	2026-02-14T05:29:52.9108630Z [36;1m  --ref main \[0m
end-workflow	Trigger Inspector	2026-02-14T05:29:52.9109875Z [36;1m  -f kaos-workflow-id="22011942047" \[0m
end-workflow	Trigger Inspector	2026-02-14T05:29:52.9112169Z [36;1m  -f kaos-user-start="santakloud"[0m
end-workflow	Trigger Inspector	2026-02-14T05:29:52.9157598Z shell: /usr/bin/bash -e {0}
end-workflow	Trigger Inspector	2026-02-14T05:29:52.9159430Z env:
end-workflow	Trigger Inspector	2026-02-14T05:29:52.9160629Z   KAOS_MODULE: [Ka0S] Audit Pods
end-workflow	Trigger Inspector	2026-02-14T05:29:52.9162222Z   KAOS_CODE: 22011942047
end-workflow	Trigger Inspector	2026-02-14T05:29:52.9164208Z   GH_TOKEN: ***
end-workflow	Trigger Inspector	2026-02-14T05:29:52.9164790Z ##[endgroup]
end-workflow	Trigger Inspector	2026-02-14T05:29:52.9312402Z 🔍 Triggering Inspector for Audit...
end-workflow	Post Checkout Repository	﻿2026-02-14T05:29:55.0186720Z Post job cleanup.
end-workflow	Post Checkout Repository	2026-02-14T05:29:55.3389372Z [command]/usr/bin/git version
end-workflow	Post Checkout Repository	2026-02-14T05:29:55.3539248Z git version 2.52.0
end-workflow	Post Checkout Repository	2026-02-14T05:29:55.3706434Z Temporarily overriding HOME='/home/runner/_work/_temp/39fdbbeb-4e51-474a-ad37-099f3a76ecd9' before making global git config changes
end-workflow	Post Checkout Repository	2026-02-14T05:29:55.3730810Z Adding repository directory to the temporary git global config as a safe directory
end-workflow	Post Checkout Repository	2026-02-14T05:29:55.3746850Z [command]/usr/bin/git config --global --add safe.directory /home/runner/_work/ka0s/ka0s
end-workflow	Post Checkout Repository	2026-02-14T05:29:55.3988836Z [command]/usr/bin/git config --local --name-only --get-regexp core\.sshCommand
end-workflow	Post Checkout Repository	2026-02-14T05:29:55.4300418Z [command]/usr/bin/git submodule foreach --recursive sh -c "git config --local --name-only --get-regexp 'core\.sshCommand' && git config --local --unset-all 'core.sshCommand' || :"
end-workflow	Post Checkout Repository	2026-02-14T05:29:55.6150223Z [command]/usr/bin/git config --local --name-only --get-regexp http\.https\:\/\/github\.com\/\.extraheader
end-workflow	Post Checkout Repository	2026-02-14T05:29:55.6251531Z http.https://github.com/.extraheader
end-workflow	Post Checkout Repository	2026-02-14T05:29:55.6309458Z [command]/usr/bin/git config --local --unset-all http.https://github.com/.extraheader
end-workflow	Post Checkout Repository	2026-02-14T05:29:55.6462642Z [command]/usr/bin/git submodule foreach --recursive sh -c "git config --local --name-only --get-regexp 'http\.https\:\/\/github\.com\/\.extraheader' && git config --local --unset-all 'http.https://github.com/.extraheader' || :"
end-workflow	Post Checkout Repository	2026-02-14T05:29:55.7370193Z [command]/usr/bin/git config --local --name-only --get-regexp ^includeIf\.gitdir:
end-workflow	Post Checkout Repository	2026-02-14T05:29:55.7472219Z [command]/usr/bin/git submodule foreach --recursive git config --local --show-origin --name-only --get-regexp remote.origin.url
end-workflow	Complete job	﻿2026-02-14T05:29:55.8703171Z Cleaning up orphan processes
