audit-pods	Set up job	﻿2026-02-15T01:51:26.8798883Z Current runner version: '2.331.0'
audit-pods	Set up job	2026-02-15T01:51:26.8808797Z Runner name: 'swarm-runners-scaleset-hkss5-runner-lnlvp'
audit-pods	Set up job	2026-02-15T01:51:26.8810070Z Runner group name: 'Default'
audit-pods	Set up job	2026-02-15T01:51:26.8811679Z Machine name: 'swarm-runners-scaleset-hkss5-runner-lnlvp'
audit-pods	Set up job	2026-02-15T01:51:26.8816533Z ##[group]GITHUB_TOKEN Permissions
audit-pods	Set up job	2026-02-15T01:51:26.8819598Z Actions: write
audit-pods	Set up job	2026-02-15T01:51:26.8820372Z Contents: write
audit-pods	Set up job	2026-02-15T01:51:26.8821767Z Issues: write
audit-pods	Set up job	2026-02-15T01:51:26.8822715Z Metadata: read
audit-pods	Set up job	2026-02-15T01:51:26.8823527Z ##[endgroup]
audit-pods	Set up job	2026-02-15T01:51:26.8826122Z Secret source: Actions
audit-pods	Set up job	2026-02-15T01:51:26.8827103Z Prepare workflow directory
audit-pods	Set up job	2026-02-15T01:51:26.9445896Z Prepare all required actions
audit-pods	Set up job	2026-02-15T01:51:26.9487688Z Getting action download info
audit-pods	Set up job	2026-02-15T01:51:27.5317951Z Download action repository 'actions/checkout@v4' (SHA:34e114876b0b11c390a56381ad16ebd13914f8d5)
audit-pods	Set up job	2026-02-15T01:51:28.4959386Z Complete job name: audit-pods
audit-pods	Checkout repository	﻿2026-02-15T01:51:28.5657765Z ##[group]Run actions/checkout@v4
audit-pods	Checkout repository	2026-02-15T01:51:28.5658914Z with:
audit-pods	Checkout repository	2026-02-15T01:51:28.5659510Z   repository: Ka0s-Klaus/ka0s
audit-pods	Checkout repository	2026-02-15T01:51:28.5660656Z   token: ***
audit-pods	Checkout repository	2026-02-15T01:51:28.5661256Z   ssh-strict: true
audit-pods	Checkout repository	2026-02-15T01:51:28.5661828Z   ssh-user: git
audit-pods	Checkout repository	2026-02-15T01:51:28.5662413Z   persist-credentials: true
audit-pods	Checkout repository	2026-02-15T01:51:28.5663047Z   clean: true
audit-pods	Checkout repository	2026-02-15T01:51:28.5663634Z   sparse-checkout-cone-mode: true
audit-pods	Checkout repository	2026-02-15T01:51:28.5664314Z   fetch-depth: 1
audit-pods	Checkout repository	2026-02-15T01:51:28.5664877Z   fetch-tags: false
audit-pods	Checkout repository	2026-02-15T01:51:28.5665470Z   show-progress: true
audit-pods	Checkout repository	2026-02-15T01:51:28.5666067Z   lfs: false
audit-pods	Checkout repository	2026-02-15T01:51:28.5666638Z   submodules: false
audit-pods	Checkout repository	2026-02-15T01:51:28.5667229Z   set-safe-directory: true
audit-pods	Checkout repository	2026-02-15T01:51:28.5668110Z env:
audit-pods	Checkout repository	2026-02-15T01:51:28.5668695Z   KAOS_MODULE: [Ka0S] Audit Pods
audit-pods	Checkout repository	2026-02-15T01:51:28.5669357Z   KAOS_CODE: 22027801729
audit-pods	Checkout repository	2026-02-15T01:51:28.5669966Z ##[endgroup]
audit-pods	Checkout repository	2026-02-15T01:51:28.6907033Z Syncing repository: Ka0s-Klaus/ka0s
audit-pods	Checkout repository	2026-02-15T01:51:28.6909909Z ##[group]Getting Git version info
audit-pods	Checkout repository	2026-02-15T01:51:28.6911496Z Working directory is '/home/runner/_work/ka0s/ka0s'
audit-pods	Checkout repository	2026-02-15T01:51:28.6912688Z [command]/usr/bin/git version
audit-pods	Checkout repository	2026-02-15T01:51:28.6913311Z git version 2.52.0
audit-pods	Checkout repository	2026-02-15T01:51:28.6938381Z ##[endgroup]
audit-pods	Checkout repository	2026-02-15T01:51:28.6957172Z Temporarily overriding HOME='/home/runner/_work/_temp/2a977fc9-c840-4f60-8874-70cb710abb50' before making global git config changes
audit-pods	Checkout repository	2026-02-15T01:51:28.6958889Z Adding repository directory to the temporary git global config as a safe directory
audit-pods	Checkout repository	2026-02-15T01:51:28.6963791Z [command]/usr/bin/git config --global --add safe.directory /home/runner/_work/ka0s/ka0s
audit-pods	Checkout repository	2026-02-15T01:51:28.7012584Z Deleting the contents of '/home/runner/_work/ka0s/ka0s'
audit-pods	Checkout repository	2026-02-15T01:51:28.7017017Z ##[group]Initializing the repository
audit-pods	Checkout repository	2026-02-15T01:51:28.7019812Z [command]/usr/bin/git init /home/runner/_work/ka0s/ka0s
audit-pods	Checkout repository	2026-02-15T01:51:28.7081832Z hint: Using 'master' as the name for the initial branch. This default branch name
audit-pods	Checkout repository	2026-02-15T01:51:28.7083240Z hint: will change to "main" in Git 3.0. To configure the initial branch name
audit-pods	Checkout repository	2026-02-15T01:51:28.7084494Z hint: to use in all of your new repositories, which will suppress this warning,
audit-pods	Checkout repository	2026-02-15T01:51:28.7085414Z hint: call:
audit-pods	Checkout repository	2026-02-15T01:51:28.7085946Z hint:
audit-pods	Checkout repository	2026-02-15T01:51:28.7086614Z hint: 	git config --global init.defaultBranch <name>
audit-pods	Checkout repository	2026-02-15T01:51:28.7087496Z hint:
audit-pods	Checkout repository	2026-02-15T01:51:28.7088378Z hint: Names commonly chosen instead of 'master' are 'main', 'trunk' and
audit-pods	Checkout repository	2026-02-15T01:51:28.7089542Z hint: 'development'. The just-created branch can be renamed via this command:
audit-pods	Checkout repository	2026-02-15T01:51:28.7090552Z hint:
audit-pods	Checkout repository	2026-02-15T01:51:28.7091238Z hint: 	git branch -m <name>
audit-pods	Checkout repository	2026-02-15T01:51:28.7091849Z hint:
audit-pods	Checkout repository	2026-02-15T01:51:28.7092890Z hint: Disable this message with "git config set advice.defaultBranchName false"
audit-pods	Checkout repository	2026-02-15T01:51:28.7094097Z Initialized empty Git repository in /home/runner/_work/ka0s/ka0s/.git/
audit-pods	Checkout repository	2026-02-15T01:51:28.7096793Z [command]/usr/bin/git remote add origin https://github.com/Ka0s-Klaus/ka0s
audit-pods	Checkout repository	2026-02-15T01:51:28.7145860Z ##[endgroup]
audit-pods	Checkout repository	2026-02-15T01:51:28.7149801Z ##[group]Disabling automatic garbage collection
audit-pods	Checkout repository	2026-02-15T01:51:28.7151033Z [command]/usr/bin/git config --local gc.auto 0
audit-pods	Checkout repository	2026-02-15T01:51:28.7193148Z ##[endgroup]
audit-pods	Checkout repository	2026-02-15T01:51:28.7194235Z ##[group]Setting up auth
audit-pods	Checkout repository	2026-02-15T01:51:28.7202930Z [command]/usr/bin/git config --local --name-only --get-regexp core\.sshCommand
audit-pods	Checkout repository	2026-02-15T01:51:28.7244984Z [command]/usr/bin/git submodule foreach --recursive sh -c "git config --local --name-only --get-regexp 'core\.sshCommand' && git config --local --unset-all 'core.sshCommand' || :"
audit-pods	Checkout repository	2026-02-15T01:51:28.7588940Z [command]/usr/bin/git config --local --name-only --get-regexp http\.https\:\/\/github\.com\/\.extraheader
audit-pods	Checkout repository	2026-02-15T01:51:28.7630101Z [command]/usr/bin/git submodule foreach --recursive sh -c "git config --local --name-only --get-regexp 'http\.https\:\/\/github\.com\/\.extraheader' && git config --local --unset-all 'http.https://github.com/.extraheader' || :"
audit-pods	Checkout repository	2026-02-15T01:51:28.7963003Z [command]/usr/bin/git config --local --name-only --get-regexp ^includeIf\.gitdir:
audit-pods	Checkout repository	2026-02-15T01:51:28.8003571Z [command]/usr/bin/git submodule foreach --recursive git config --local --show-origin --name-only --get-regexp remote.origin.url
audit-pods	Checkout repository	2026-02-15T01:51:28.8340951Z [command]/usr/bin/git config --local http.https://github.com/.extraheader AUTHORIZATION: basic ***
audit-pods	Checkout repository	2026-02-15T01:51:28.8401813Z ##[endgroup]
audit-pods	Checkout repository	2026-02-15T01:51:28.8402911Z ##[group]Fetching the repository
audit-pods	Checkout repository	2026-02-15T01:51:28.8410163Z [command]/usr/bin/git -c protocol.version=2 fetch --no-tags --prune --no-recurse-submodules --depth=1 origin +4f13e3c9c1f202785634570537f78c1d4d827cc6:refs/remotes/origin/main
audit-pods	Checkout repository	2026-02-15T01:51:32.2434960Z From https://github.com/Ka0s-Klaus/ka0s
audit-pods	Checkout repository	2026-02-15T01:51:32.2440232Z  * [new ref]         4f13e3c9c1f202785634570537f78c1d4d827cc6 -> origin/main
audit-pods	Checkout repository	2026-02-15T01:51:32.2605955Z ##[endgroup]
audit-pods	Checkout repository	2026-02-15T01:51:32.2608940Z ##[group]Determining the checkout info
audit-pods	Checkout repository	2026-02-15T01:51:32.2613560Z ##[endgroup]
audit-pods	Checkout repository	2026-02-15T01:51:32.2635426Z [command]/usr/bin/git sparse-checkout disable
audit-pods	Checkout repository	2026-02-15T01:51:32.2788355Z [command]/usr/bin/git config --local --unset-all extensions.worktreeConfig
audit-pods	Checkout repository	2026-02-15T01:51:32.2856380Z ##[group]Checking out the ref
audit-pods	Checkout repository	2026-02-15T01:51:32.2862152Z [command]/usr/bin/git checkout --progress --force -B main refs/remotes/origin/main
audit-pods	Checkout repository	2026-02-15T01:51:32.5253679Z Switched to a new branch 'main'
audit-pods	Checkout repository	2026-02-15T01:51:32.5256728Z branch 'main' set up to track 'origin/main'.
audit-pods	Checkout repository	2026-02-15T01:51:32.5294455Z ##[endgroup]
audit-pods	Checkout repository	2026-02-15T01:51:32.5342228Z [command]/usr/bin/git log -1 --format=%H
audit-pods	Checkout repository	2026-02-15T01:51:32.5377358Z 4f13e3c9c1f202785634570537f78c1d4d827cc6
audit-pods	Execute Audit Script	﻿2026-02-15T01:51:32.5777847Z Prepare all required actions
audit-pods	Execute Audit Script	2026-02-15T01:51:32.5931557Z ##[group]Run ./.github/actions/ssh-exec
audit-pods	Execute Audit Script	2026-02-15T01:51:32.5932015Z with:
audit-pods	Execute Audit Script	2026-02-15T01:51:32.5932552Z   host: ***
audit-pods	Execute Audit Script	2026-02-15T01:51:32.5932888Z   username: ***
audit-pods	Execute Audit Script	2026-02-15T01:51:32.5935306Z   key: ***
audit-pods	Execute Audit Script	2026-02-15T01:51:32.5935620Z   port: ***
audit-pods	Execute Audit Script	2026-02-15T01:51:32.5935913Z   use-sudo: true
audit-pods	Execute Audit Script	2026-02-15T01:51:32.5936236Z   pass: ***
audit-pods	Execute Audit Script	2026-02-15T01:51:32.5936621Z   script-path: devops/core/k8s/audit-failed-pods.sh
audit-pods	Execute Audit Script	2026-02-15T01:51:32.5937082Z   remote-results-path: /tmp/results
audit-pods	Execute Audit Script	2026-02-15T01:51:32.5937477Z   local-results-path: audit/kube/
audit-pods	Execute Audit Script	2026-02-15T01:51:32.5937871Z   remote-tmp-dir: /tmp
audit-pods	Execute Audit Script	2026-02-15T01:51:32.5938306Z env:
audit-pods	Execute Audit Script	2026-02-15T01:51:32.5938741Z   KAOS_MODULE: [Ka0S] Audit Pods
audit-pods	Execute Audit Script	2026-02-15T01:51:32.5939110Z   KAOS_CODE: 22027801729
audit-pods	Execute Audit Script	2026-02-15T01:51:32.5939463Z ##[endgroup]
audit-pods	Execute Audit Script	2026-02-15T01:51:32.6068675Z ##[group]Run echo "***
audit-pods	Execute Audit Script	2026-02-15T01:51:32.6069263Z [36;1mecho "***[0m
audit-pods	Execute Audit Script	2026-02-15T01:51:32.6069834Z [36;1m***[0m
audit-pods	Execute Audit Script	2026-02-15T01:51:32.6070373Z [36;1m***[0m
audit-pods	Execute Audit Script	2026-02-15T01:51:32.6071703Z [36;1m***[0m
audit-pods	Execute Audit Script	2026-02-15T01:51:32.6072203Z [36;1m***[0m
audit-pods	Execute Audit Script	2026-02-15T01:51:32.6072697Z [36;1m***[0m
audit-pods	Execute Audit Script	2026-02-15T01:51:32.6073155Z [36;1m***" > /home/runner/_work/_temp/ssh_key[0m
audit-pods	Execute Audit Script	2026-02-15T01:51:32.6073612Z [36;1mchmod 600 /home/runner/_work/_temp/ssh_key[0m
audit-pods	Execute Audit Script	2026-02-15T01:51:32.6091421Z shell: /usr/bin/bash --noprofile --norc -e -o pipefail {0}
audit-pods	Execute Audit Script	2026-02-15T01:51:32.6092283Z env:
audit-pods	Execute Audit Script	2026-02-15T01:51:32.6092624Z   KAOS_MODULE: [Ka0S] Audit Pods
audit-pods	Execute Audit Script	2026-02-15T01:51:32.6092984Z   KAOS_CODE: 22027801729
audit-pods	Execute Audit Script	2026-02-15T01:51:32.6093308Z ##[endgroup]
audit-pods	Execute Audit Script	2026-02-15T01:51:32.6253989Z ##[group]Run scp -o StrictHostKeyChecking=no -i /home/runner/_work/_temp/ssh_key -P *** devops/core/k8s/audit-failed-pods.sh ***@***:/tmp
audit-pods	Execute Audit Script	2026-02-15T01:51:32.6255300Z [36;1mscp -o StrictHostKeyChecking=no -i /home/runner/_work/_temp/ssh_key -P *** devops/core/k8s/audit-failed-pods.sh ***@***:/tmp[0m
audit-pods	Execute Audit Script	2026-02-15T01:51:32.6268344Z shell: /usr/bin/bash --noprofile --norc -e -o pipefail {0}
audit-pods	Execute Audit Script	2026-02-15T01:51:32.6269103Z env:
audit-pods	Execute Audit Script	2026-02-15T01:51:32.6269432Z   KAOS_MODULE: [Ka0S] Audit Pods
audit-pods	Execute Audit Script	2026-02-15T01:51:32.6269805Z   KAOS_CODE: 22027801729
audit-pods	Execute Audit Script	2026-02-15T01:51:32.6270139Z ##[endgroup]
audit-pods	Execute Audit Script	2026-02-15T01:51:32.8641459Z Warning: Permanently added '[***]:***' (ED25519) to the list of known hosts.
audit-pods	Execute Audit Script	2026-02-15T01:51:34.7178298Z ##[group]Run REMOTE_SCRIPT_PATH="/tmp/$(basename devops/core/k8s/audit-failed-pods.sh)"
audit-pods	Execute Audit Script	2026-02-15T01:51:34.7180004Z [36;1mREMOTE_SCRIPT_PATH="/tmp/$(basename devops/core/k8s/audit-failed-pods.sh)"[0m
audit-pods	Execute Audit Script	2026-02-15T01:51:34.7183020Z [36;1mEXEC_COMMAND="chmod +x $REMOTE_SCRIPT_PATH && $REMOTE_SCRIPT_PATH "[0m
audit-pods	Execute Audit Script	2026-02-15T01:51:34.7184123Z [36;1mif [[ "true" == "true" ]]; then[0m
audit-pods	Execute Audit Script	2026-02-15T01:51:34.7185520Z [36;1m  SUDO_PREFIX="echo '***' | sudo -S"[0m
audit-pods	Execute Audit Script	2026-02-15T01:51:34.7186528Z [36;1m  COMMAND_CHAIN="$SUDO_PREFIX bash -c '$EXEC_COMMAND'"[0m
audit-pods	Execute Audit Script	2026-02-15T01:51:34.7187526Z [36;1m  if [[ "/tmp/results" != "" ]]; then[0m
audit-pods	Execute Audit Script	2026-02-15T01:51:34.7188623Z [36;1m    COMMAND_CHAIN="$COMMAND_CHAIN && $SUDO_PREFIX chmod -R 777 /tmp/results"[0m
audit-pods	Execute Audit Script	2026-02-15T01:51:34.7189715Z [36;1m  fi[0m
audit-pods	Execute Audit Script	2026-02-15T01:51:34.7191507Z [36;1m  ssh -o StrictHostKeyChecking=no -i /home/runner/_work/_temp/ssh_key -p *** ***@*** "$COMMAND_CHAIN && rm $REMOTE_SCRIPT_PATH"[0m
audit-pods	Execute Audit Script	2026-02-15T01:51:34.7193018Z [36;1melse[0m
audit-pods	Execute Audit Script	2026-02-15T01:51:34.7194470Z [36;1m  ssh -o StrictHostKeyChecking=no -i /home/runner/_work/_temp/ssh_key -p *** ***@*** "$EXEC_COMMAND && rm $REMOTE_SCRIPT_PATH"[0m
audit-pods	Execute Audit Script	2026-02-15T01:51:34.7195969Z [36;1mfi[0m
audit-pods	Execute Audit Script	2026-02-15T01:51:34.7237637Z shell: /usr/bin/bash --noprofile --norc -e -o pipefail {0}
audit-pods	Execute Audit Script	2026-02-15T01:51:34.7238424Z env:
audit-pods	Execute Audit Script	2026-02-15T01:51:34.7238893Z   KAOS_MODULE: [Ka0S] Audit Pods
audit-pods	Execute Audit Script	2026-02-15T01:51:34.7239459Z   KAOS_CODE: 22027801729
audit-pods	Execute Audit Script	2026-02-15T01:51:34.7239967Z ##[endgroup]
audit-pods	Execute Audit Script	2026-02-15T01:51:35.4516018Z [INFO] Iniciando auditoría de pods fallidos...
audit-pods	Execute Audit Script	2026-02-15T01:51:35.4519242Z [INFO] Directorio de salida: /tmp/results
audit-pods	Execute Audit Script	2026-02-15T01:51:35.9232583Z [SUCCESS] Auditoría finalizada. Se encontraron 2 pods con problemas.
audit-pods	Execute Audit Script	2026-02-15T01:51:35.9237277Z [INFO] Resultado guardado en: /tmp/results/failed_pods.json
audit-pods	Execute Audit Script	2026-02-15T01:51:35.9458742Z [sudo] password for ***: 
audit-pods	Execute Audit Script	2026-02-15T01:51:35.9640048Z ##[group]Run mkdir -p audit/kube/
audit-pods	Execute Audit Script	2026-02-15T01:51:35.9642587Z [36;1mmkdir -p audit/kube/[0m
audit-pods	Execute Audit Script	2026-02-15T01:51:35.9645874Z [36;1mscp -o StrictHostKeyChecking=no -r -i /home/runner/_work/_temp/ssh_key -P *** ***@***:/tmp/results/* audit/kube/[0m
audit-pods	Execute Audit Script	2026-02-15T01:51:35.9649026Z [36;1mecho "path=audit/kube/" >> $GITHUB_OUTPUT[0m
audit-pods	Execute Audit Script	2026-02-15T01:51:35.9698270Z shell: /usr/bin/bash --noprofile --norc -e -o pipefail {0}
audit-pods	Execute Audit Script	2026-02-15T01:51:35.9732476Z env:
audit-pods	Execute Audit Script	2026-02-15T01:51:35.9733765Z   KAOS_MODULE: [Ka0S] Audit Pods
audit-pods	Execute Audit Script	2026-02-15T01:51:35.9735178Z   KAOS_CODE: 22027801729
audit-pods	Execute Audit Script	2026-02-15T01:51:35.9736387Z ##[endgroup]
audit-pods	Commit Results	﻿2026-02-15T01:51:36.8707431Z ##[group]Run git config --global user.name "Ka0s Bot"
audit-pods	Commit Results	2026-02-15T01:51:36.8708565Z [36;1mgit config --global user.name "Ka0s Bot"[0m
audit-pods	Commit Results	2026-02-15T01:51:36.8709527Z [36;1mgit config --global user.email "bot@ka0s.io"[0m
audit-pods	Commit Results	2026-02-15T01:51:36.8711532Z [36;1mgit add audit/kube/failed_pods.json[0m
audit-pods	Commit Results	2026-02-15T01:51:36.8712457Z [36;1mif ! git diff --staged --quiet; then[0m
audit-pods	Commit Results	2026-02-15T01:51:36.8713585Z [36;1m  git commit -m "[Audit] Update failed pods report $(date +'%Y-%m-%d %H:%M')"[0m
audit-pods	Commit Results	2026-02-15T01:51:36.8714688Z [36;1m  git push[0m
audit-pods	Commit Results	2026-02-15T01:51:36.8715259Z [36;1melse[0m
audit-pods	Commit Results	2026-02-15T01:51:36.8716452Z [36;1m  echo "No changes in failed pods report."[0m
audit-pods	Commit Results	2026-02-15T01:51:36.8717257Z [36;1mfi[0m
audit-pods	Commit Results	2026-02-15T01:51:36.8744367Z shell: /usr/bin/bash -e {0}
audit-pods	Commit Results	2026-02-15T01:51:36.8745048Z env:
audit-pods	Commit Results	2026-02-15T01:51:36.8745586Z   KAOS_MODULE: [Ka0S] Audit Pods
audit-pods	Commit Results	2026-02-15T01:51:36.8746276Z   KAOS_CODE: 22027801729
audit-pods	Commit Results	2026-02-15T01:51:36.8746882Z ##[endgroup]
audit-pods	Commit Results	2026-02-15T01:51:37.1117099Z [main 6cbf2b7] [Audit] Update failed pods report 2026-02-15 01:51
audit-pods	Commit Results	2026-02-15T01:51:37.1117685Z  1 file changed, 566 insertions(+)
audit-pods	Commit Results	2026-02-15T01:51:37.1118199Z  create mode 100755 audit/kube/failed_pods.json
audit-pods	Commit Results	2026-02-15T01:51:37.9075492Z To https://github.com/Ka0s-Klaus/ka0s
audit-pods	Commit Results	2026-02-15T01:51:37.9078369Z    4f13e3c..6cbf2b7  main -> main
audit-pods	Process Tickets in iTop	﻿2026-02-15T01:51:37.9488189Z ##[group]Run python3 devops/core/k8s/process-failed-pods.py
audit-pods	Process Tickets in iTop	2026-02-15T01:51:37.9489816Z [36;1mpython3 devops/core/k8s/process-failed-pods.py[0m
audit-pods	Process Tickets in iTop	2026-02-15T01:51:37.9519081Z shell: /usr/bin/bash -e {0}
audit-pods	Process Tickets in iTop	2026-02-15T01:51:37.9519771Z env:
audit-pods	Process Tickets in iTop	2026-02-15T01:51:37.9520317Z   KAOS_MODULE: [Ka0S] Audit Pods
audit-pods	Process Tickets in iTop	2026-02-15T01:51:37.9521300Z   KAOS_CODE: 22027801729
audit-pods	Process Tickets in iTop	2026-02-15T01:51:37.9522100Z   ITOP_URL: ***
audit-pods	Process Tickets in iTop	2026-02-15T01:51:37.9522718Z   ITOP_USER: ***
audit-pods	Process Tickets in iTop	2026-02-15T01:51:37.9523355Z   ITOP_PASSWORD: ***
audit-pods	Process Tickets in iTop	2026-02-15T01:51:37.9524040Z   FAILED_PODS_FILE: audit/kube/failed_pods.json
audit-pods	Process Tickets in iTop	2026-02-15T01:51:37.9524838Z ##[endgroup]
audit-pods	Process Tickets in iTop	2026-02-15T01:53:52.4748820Z [INFO] Current Failed Pods: 2
audit-pods	Process Tickets in iTop	2026-02-15T01:53:52.4754520Z [DEBUG] POST to ***/webservices/rest.php?version=1.3
audit-pods	Process Tickets in iTop	2026-02-15T01:53:52.4756642Z [FATAL] URL Error: [Errno 110] Connection timed out
audit-pods	Process Tickets in iTop	2026-02-15T01:53:52.5115679Z ##[error]Process completed with exit code 1.
audit-pods	Post Checkout repository	﻿2026-02-15T01:53:52.5373196Z Post job cleanup.
audit-pods	Post Checkout repository	2026-02-15T01:53:52.6442650Z [command]/usr/bin/git version
audit-pods	Post Checkout repository	2026-02-15T01:53:52.6488262Z git version 2.52.0
audit-pods	Post Checkout repository	2026-02-15T01:53:52.6531590Z Copying '/home/runner/.gitconfig' to '/home/runner/_work/_temp/c4d9a6ee-35f9-4ebe-aada-5ffb7ab418cc/.gitconfig'
audit-pods	Post Checkout repository	2026-02-15T01:53:52.6544598Z Temporarily overriding HOME='/home/runner/_work/_temp/c4d9a6ee-35f9-4ebe-aada-5ffb7ab418cc' before making global git config changes
audit-pods	Post Checkout repository	2026-02-15T01:53:52.6545972Z Adding repository directory to the temporary git global config as a safe directory
audit-pods	Post Checkout repository	2026-02-15T01:53:52.6549827Z [command]/usr/bin/git config --global --add safe.directory /home/runner/_work/ka0s/ka0s
audit-pods	Post Checkout repository	2026-02-15T01:53:52.6598819Z [command]/usr/bin/git config --local --name-only --get-regexp core\.sshCommand
audit-pods	Post Checkout repository	2026-02-15T01:53:52.6657912Z [command]/usr/bin/git submodule foreach --recursive sh -c "git config --local --name-only --get-regexp 'core\.sshCommand' && git config --local --unset-all 'core.sshCommand' || :"
audit-pods	Post Checkout repository	2026-02-15T01:53:52.6996686Z [command]/usr/bin/git config --local --name-only --get-regexp http\.https\:\/\/github\.com\/\.extraheader
audit-pods	Post Checkout repository	2026-02-15T01:53:52.7026932Z http.https://github.com/.extraheader
audit-pods	Post Checkout repository	2026-02-15T01:53:52.7041276Z [command]/usr/bin/git config --local --unset-all http.https://github.com/.extraheader
audit-pods	Post Checkout repository	2026-02-15T01:53:52.7083091Z [command]/usr/bin/git submodule foreach --recursive sh -c "git config --local --name-only --get-regexp 'http\.https\:\/\/github\.com\/\.extraheader' && git config --local --unset-all 'http.https://github.com/.extraheader' || :"
audit-pods	Post Checkout repository	2026-02-15T01:53:52.7439426Z [command]/usr/bin/git config --local --name-only --get-regexp ^includeIf\.gitdir:
audit-pods	Post Checkout repository	2026-02-15T01:53:52.7486619Z [command]/usr/bin/git submodule foreach --recursive git config --local --show-origin --name-only --get-regexp remote.origin.url
audit-pods	Complete job	﻿2026-02-15T01:53:52.7994931Z Cleaning up orphan processes
handle-failure	Set up job	﻿2026-02-15T01:54:05.5332658Z Current runner version: '2.331.0'
handle-failure	Set up job	2026-02-15T01:54:05.5341444Z Runner name: 'swarm-runners-scaleset-hkss5-runner-qmvmx'
handle-failure	Set up job	2026-02-15T01:54:05.5342551Z Runner group name: 'Default'
handle-failure	Set up job	2026-02-15T01:54:05.5343802Z Machine name: 'swarm-runners-scaleset-hkss5-runner-qmvmx'
handle-failure	Set up job	2026-02-15T01:54:05.5347567Z ##[group]GITHUB_TOKEN Permissions
handle-failure	Set up job	2026-02-15T01:54:05.5351090Z Actions: write
handle-failure	Set up job	2026-02-15T01:54:05.5351801Z Contents: write
handle-failure	Set up job	2026-02-15T01:54:05.5352350Z Issues: write
handle-failure	Set up job	2026-02-15T01:54:05.5353005Z Metadata: read
handle-failure	Set up job	2026-02-15T01:54:05.5353555Z ##[endgroup]
handle-failure	Set up job	2026-02-15T01:54:05.5355651Z Secret source: Actions
handle-failure	Set up job	2026-02-15T01:54:05.5356500Z Prepare workflow directory
handle-failure	Set up job	2026-02-15T01:54:05.5904279Z Prepare all required actions
handle-failure	Set up job	2026-02-15T01:54:05.6000107Z Complete job name: handle-failure
handle-failure	Run echo "Error detected in [Ka0S] Audit Pods, creating issue..."	﻿2026-02-15T01:54:05.6689092Z ##[group]Run echo "Error detected in [Ka0S] Audit Pods, creating issue..."
handle-failure	Run echo "Error detected in [Ka0S] Audit Pods, creating issue..."	2026-02-15T01:54:05.6690147Z [36;1mecho "Error detected in [Ka0S] Audit Pods, creating issue..."[0m
handle-failure	Run echo "Error detected in [Ka0S] Audit Pods, creating issue..."	2026-02-15T01:54:05.6720959Z shell: /usr/bin/bash -e {0}
handle-failure	Run echo "Error detected in [Ka0S] Audit Pods, creating issue..."	2026-02-15T01:54:05.6722007Z env:
handle-failure	Run echo "Error detected in [Ka0S] Audit Pods, creating issue..."	2026-02-15T01:54:05.6722414Z   KAOS_MODULE: [Ka0S] Audit Pods
handle-failure	Run echo "Error detected in [Ka0S] Audit Pods, creating issue..."	2026-02-15T01:54:05.6722879Z   KAOS_CODE: 22027801729
handle-failure	Run echo "Error detected in [Ka0S] Audit Pods, creating issue..."	2026-02-15T01:54:05.6723295Z ##[endgroup]
handle-failure	Run echo "Error detected in [Ka0S] Audit Pods, creating issue..."	2026-02-15T01:54:05.7016612Z Error detected in [Ka0S] Audit Pods, creating issue...
handle-failure	Complete job	﻿2026-02-15T01:54:05.7148172Z Cleaning up orphan processes
end-workflow	Set up job	﻿2026-02-15T01:54:18.3343165Z Current runner version: '2.331.0'
end-workflow	Set up job	2026-02-15T01:54:18.3351929Z Runner name: 'swarm-runners-scaleset-hkss5-runner-nd67g'
end-workflow	Set up job	2026-02-15T01:54:18.3353421Z Runner group name: 'Default'
end-workflow	Set up job	2026-02-15T01:54:18.3354615Z Machine name: 'swarm-runners-scaleset-hkss5-runner-nd67g'
end-workflow	Set up job	2026-02-15T01:54:18.3358545Z ##[group]GITHUB_TOKEN Permissions
end-workflow	Set up job	2026-02-15T01:54:18.3361514Z Actions: write
end-workflow	Set up job	2026-02-15T01:54:18.3362353Z Contents: write
end-workflow	Set up job	2026-02-15T01:54:18.3362944Z Issues: write
end-workflow	Set up job	2026-02-15T01:54:18.3363613Z Metadata: read
end-workflow	Set up job	2026-02-15T01:54:18.3364375Z ##[endgroup]
end-workflow	Set up job	2026-02-15T01:54:18.3366758Z Secret source: Actions
end-workflow	Set up job	2026-02-15T01:54:18.3367543Z Prepare workflow directory
end-workflow	Set up job	2026-02-15T01:54:18.3914820Z Prepare all required actions
end-workflow	Set up job	2026-02-15T01:54:18.3956562Z Getting action download info
end-workflow	Set up job	2026-02-15T01:54:18.9383723Z Download action repository 'actions/checkout@v4' (SHA:34e114876b0b11c390a56381ad16ebd13914f8d5)
end-workflow	Set up job	2026-02-15T01:54:19.8814911Z Complete job name: end-workflow
end-workflow	Checkout Repository	﻿2026-02-15T01:54:19.9466452Z ##[group]Run actions/checkout@v4
end-workflow	Checkout Repository	2026-02-15T01:54:19.9467504Z with:
end-workflow	Checkout Repository	2026-02-15T01:54:19.9467971Z   fetch-depth: 0
end-workflow	Checkout Repository	2026-02-15T01:54:19.9468452Z   repository: Ka0s-Klaus/ka0s
end-workflow	Checkout Repository	2026-02-15T01:54:19.9469266Z   token: ***
end-workflow	Checkout Repository	2026-02-15T01:54:19.9469712Z   ssh-strict: true
end-workflow	Checkout Repository	2026-02-15T01:54:19.9470159Z   ssh-user: git
end-workflow	Checkout Repository	2026-02-15T01:54:19.9470961Z   persist-credentials: true
end-workflow	Checkout Repository	2026-02-15T01:54:19.9471624Z   clean: true
end-workflow	Checkout Repository	2026-02-15T01:54:19.9472075Z   sparse-checkout-cone-mode: true
end-workflow	Checkout Repository	2026-02-15T01:54:19.9472642Z   fetch-tags: false
end-workflow	Checkout Repository	2026-02-15T01:54:19.9473102Z   show-progress: true
end-workflow	Checkout Repository	2026-02-15T01:54:19.9473573Z   lfs: false
end-workflow	Checkout Repository	2026-02-15T01:54:19.9474020Z   submodules: false
end-workflow	Checkout Repository	2026-02-15T01:54:19.9474481Z   set-safe-directory: true
end-workflow	Checkout Repository	2026-02-15T01:54:19.9475224Z env:
end-workflow	Checkout Repository	2026-02-15T01:54:19.9475672Z   KAOS_MODULE: [Ka0S] Audit Pods
end-workflow	Checkout Repository	2026-02-15T01:54:19.9476225Z   KAOS_CODE: 22027801729
end-workflow	Checkout Repository	2026-02-15T01:54:19.9476705Z ##[endgroup]
end-workflow	Checkout Repository	2026-02-15T01:54:20.0722998Z Syncing repository: Ka0s-Klaus/ka0s
end-workflow	Checkout Repository	2026-02-15T01:54:20.0725148Z ##[group]Getting Git version info
end-workflow	Checkout Repository	2026-02-15T01:54:20.0726030Z Working directory is '/home/runner/_work/ka0s/ka0s'
end-workflow	Checkout Repository	2026-02-15T01:54:20.0727237Z [command]/usr/bin/git version
end-workflow	Checkout Repository	2026-02-15T01:54:20.0727806Z git version 2.52.0
end-workflow	Checkout Repository	2026-02-15T01:54:20.0746001Z ##[endgroup]
end-workflow	Checkout Repository	2026-02-15T01:54:20.0766489Z Temporarily overriding HOME='/home/runner/_work/_temp/684215b9-ffba-43f1-a01d-b307641b3ec3' before making global git config changes
end-workflow	Checkout Repository	2026-02-15T01:54:20.0769875Z Adding repository directory to the temporary git global config as a safe directory
end-workflow	Checkout Repository	2026-02-15T01:54:20.0773153Z [command]/usr/bin/git config --global --add safe.directory /home/runner/_work/ka0s/ka0s
end-workflow	Checkout Repository	2026-02-15T01:54:20.0828349Z Deleting the contents of '/home/runner/_work/ka0s/ka0s'
end-workflow	Checkout Repository	2026-02-15T01:54:20.0832649Z ##[group]Initializing the repository
end-workflow	Checkout Repository	2026-02-15T01:54:20.0838611Z [command]/usr/bin/git init /home/runner/_work/ka0s/ka0s
end-workflow	Checkout Repository	2026-02-15T01:54:20.0902197Z hint: Using 'master' as the name for the initial branch. This default branch name
end-workflow	Checkout Repository	2026-02-15T01:54:20.0904115Z hint: will change to "main" in Git 3.0. To configure the initial branch name
end-workflow	Checkout Repository	2026-02-15T01:54:20.0905372Z hint: to use in all of your new repositories, which will suppress this warning,
end-workflow	Checkout Repository	2026-02-15T01:54:20.0906205Z hint: call:
end-workflow	Checkout Repository	2026-02-15T01:54:20.0906609Z hint:
end-workflow	Checkout Repository	2026-02-15T01:54:20.0907157Z hint: 	git config --global init.defaultBranch <name>
end-workflow	Checkout Repository	2026-02-15T01:54:20.0907819Z hint:
end-workflow	Checkout Repository	2026-02-15T01:54:20.0908450Z hint: Names commonly chosen instead of 'master' are 'main', 'trunk' and
end-workflow	Checkout Repository	2026-02-15T01:54:20.0909499Z hint: 'development'. The just-created branch can be renamed via this command:
end-workflow	Checkout Repository	2026-02-15T01:54:20.0910336Z hint:
end-workflow	Checkout Repository	2026-02-15T01:54:20.0913364Z hint: 	git branch -m <name>
end-workflow	Checkout Repository	2026-02-15T01:54:20.0914097Z hint:
end-workflow	Checkout Repository	2026-02-15T01:54:20.0914776Z hint: Disable this message with "git config set advice.defaultBranchName false"
end-workflow	Checkout Repository	2026-02-15T01:54:20.0916359Z Initialized empty Git repository in /home/runner/_work/ka0s/ka0s/.git/
end-workflow	Checkout Repository	2026-02-15T01:54:20.0920648Z [command]/usr/bin/git remote add origin https://github.com/Ka0s-Klaus/ka0s
end-workflow	Checkout Repository	2026-02-15T01:54:20.0969591Z ##[endgroup]
end-workflow	Checkout Repository	2026-02-15T01:54:20.0971468Z ##[group]Disabling automatic garbage collection
end-workflow	Checkout Repository	2026-02-15T01:54:20.0973326Z [command]/usr/bin/git config --local gc.auto 0
end-workflow	Checkout Repository	2026-02-15T01:54:20.1015483Z ##[endgroup]
end-workflow	Checkout Repository	2026-02-15T01:54:20.1016376Z ##[group]Setting up auth
end-workflow	Checkout Repository	2026-02-15T01:54:20.1022255Z [command]/usr/bin/git config --local --name-only --get-regexp core\.sshCommand
end-workflow	Checkout Repository	2026-02-15T01:54:20.1064834Z [command]/usr/bin/git submodule foreach --recursive sh -c "git config --local --name-only --get-regexp 'core\.sshCommand' && git config --local --unset-all 'core.sshCommand' || :"
end-workflow	Checkout Repository	2026-02-15T01:54:20.1402094Z [command]/usr/bin/git config --local --name-only --get-regexp http\.https\:\/\/github\.com\/\.extraheader
end-workflow	Checkout Repository	2026-02-15T01:54:20.1441427Z [command]/usr/bin/git submodule foreach --recursive sh -c "git config --local --name-only --get-regexp 'http\.https\:\/\/github\.com\/\.extraheader' && git config --local --unset-all 'http.https://github.com/.extraheader' || :"
end-workflow	Checkout Repository	2026-02-15T01:54:20.1790066Z [command]/usr/bin/git config --local --name-only --get-regexp ^includeIf\.gitdir:
end-workflow	Checkout Repository	2026-02-15T01:54:20.1813076Z [command]/usr/bin/git submodule foreach --recursive git config --local --show-origin --name-only --get-regexp remote.origin.url
end-workflow	Checkout Repository	2026-02-15T01:54:20.2160268Z [command]/usr/bin/git config --local http.https://github.com/.extraheader AUTHORIZATION: basic ***
end-workflow	Checkout Repository	2026-02-15T01:54:20.2225870Z ##[endgroup]
end-workflow	Checkout Repository	2026-02-15T01:54:20.2226843Z ##[group]Fetching the repository
end-workflow	Checkout Repository	2026-02-15T01:54:20.2235065Z [command]/usr/bin/git -c protocol.version=2 fetch --prune --no-recurse-submodules origin +refs/heads/*:refs/remotes/origin/* +refs/tags/*:refs/tags/*
end-workflow	Checkout Repository	2026-02-15T01:54:40.2338659Z From https://github.com/Ka0s-Klaus/ka0s
end-workflow	Checkout Repository	2026-02-15T01:54:40.2340299Z  * [new branch]          F227-despliegue-de-kube-independiente-del-clouder -> origin/F227-despliegue-de-kube-independiente-del-clouder
end-workflow	Checkout Repository	2026-02-15T01:54:40.2341653Z  * [new branch]          F3450-modelo-operativo -> origin/F3450-modelo-operativo
end-workflow	Checkout Repository	2026-02-15T01:54:40.2347655Z  * [new branch]          H1151-desarrollo-de-secciones-ii -> origin/H1151-desarrollo-de-secciones-ii
end-workflow	Checkout Repository	2026-02-15T01:54:40.2348573Z  * [new branch]          H1193-ejemplo-web-documentacion -> origin/H1193-ejemplo-web-documentacion
end-workflow	Checkout Repository	2026-02-15T01:54:40.2349314Z  * [new branch]          H1276-modulo-observabilidad -> origin/H1276-modulo-observabilidad
end-workflow	Checkout Repository	2026-02-15T01:54:40.2350245Z  * [new branch]          H227-despliegue-de-kube-independiente-del-clouder -> origin/H227-despliegue-de-kube-independiente-del-clouder
end-workflow	Checkout Repository	2026-02-15T01:54:40.2351232Z  * [new branch]          H3266-deploy-zabbix    -> origin/H3266-deploy-zabbix
end-workflow	Checkout Repository	2026-02-15T01:54:40.2351804Z  * [new branch]          H3596-deploy-itop      -> origin/H3596-deploy-itop
end-workflow	Checkout Repository	2026-02-15T01:54:40.2352967Z  * [new branch]          RN227-despliegue-de-kube-independiente-del-clouder -> origin/RN227-despliegue-de-kube-independiente-del-clouder
end-workflow	Checkout Repository	2026-02-15T01:54:40.2353766Z  * [new branch]          main                   -> origin/main
end-workflow	Checkout Repository	2026-02-15T01:54:40.2354233Z  * [new tag]             0.0.0                  -> 0.0.0
end-workflow	Checkout Repository	2026-02-15T01:54:40.2354686Z  * [new tag]             0.0.1                  -> 0.0.1
end-workflow	Checkout Repository	2026-02-15T01:54:40.2355216Z  * [new tag]             0.0.10                 -> 0.0.10
end-workflow	Checkout Repository	2026-02-15T01:54:40.2355656Z  * [new tag]             0.0.100                -> 0.0.100
end-workflow	Checkout Repository	2026-02-15T01:54:40.2356101Z  * [new tag]             0.0.101                -> 0.0.101
end-workflow	Checkout Repository	2026-02-15T01:54:40.2356509Z  * [new tag]             0.0.102                -> 0.0.102
end-workflow	Checkout Repository	2026-02-15T01:54:40.2356899Z  * [new tag]             0.0.103                -> 0.0.103
end-workflow	Checkout Repository	2026-02-15T01:54:40.2357328Z  * [new tag]             0.0.104                -> 0.0.104
end-workflow	Checkout Repository	2026-02-15T01:54:40.2357724Z  * [new tag]             0.0.105                -> 0.0.105
end-workflow	Checkout Repository	2026-02-15T01:54:40.2358126Z  * [new tag]             0.0.106                -> 0.0.106
end-workflow	Checkout Repository	2026-02-15T01:54:40.2358666Z  * [new tag]             0.0.107                -> 0.0.107
end-workflow	Checkout Repository	2026-02-15T01:54:40.2359098Z  * [new tag]             0.0.108                -> 0.0.108
end-workflow	Checkout Repository	2026-02-15T01:54:40.2359515Z  * [new tag]             0.0.109                -> 0.0.109
end-workflow	Checkout Repository	2026-02-15T01:54:40.2360404Z  * [new tag]             0.0.11                 -> 0.0.11
end-workflow	Checkout Repository	2026-02-15T01:54:40.2360952Z  * [new tag]             0.0.110                -> 0.0.110
end-workflow	Checkout Repository	2026-02-15T01:54:40.2361362Z  * [new tag]             0.0.111                -> 0.0.111
end-workflow	Checkout Repository	2026-02-15T01:54:40.2361773Z  * [new tag]             0.0.112                -> 0.0.112
end-workflow	Checkout Repository	2026-02-15T01:54:40.2362187Z  * [new tag]             0.0.113                -> 0.0.113
end-workflow	Checkout Repository	2026-02-15T01:54:40.2362656Z  * [new tag]             0.0.114                -> 0.0.114
end-workflow	Checkout Repository	2026-02-15T01:54:40.2363107Z  * [new tag]             0.0.115                -> 0.0.115
end-workflow	Checkout Repository	2026-02-15T01:54:40.2363519Z  * [new tag]             0.0.116                -> 0.0.116
end-workflow	Checkout Repository	2026-02-15T01:54:40.2363916Z  * [new tag]             0.0.117                -> 0.0.117
end-workflow	Checkout Repository	2026-02-15T01:54:40.2364320Z  * [new tag]             0.0.118                -> 0.0.118
end-workflow	Checkout Repository	2026-02-15T01:54:40.2364717Z  * [new tag]             0.0.119                -> 0.0.119
end-workflow	Checkout Repository	2026-02-15T01:54:40.2365403Z  * [new tag]             0.0.12                 -> 0.0.12
end-workflow	Checkout Repository	2026-02-15T01:54:40.2365822Z  * [new tag]             0.0.120                -> 0.0.120
end-workflow	Checkout Repository	2026-02-15T01:54:40.2366222Z  * [new tag]             0.0.121                -> 0.0.121
end-workflow	Checkout Repository	2026-02-15T01:54:40.2366624Z  * [new tag]             0.0.122                -> 0.0.122
end-workflow	Checkout Repository	2026-02-15T01:54:40.2367022Z  * [new tag]             0.0.123                -> 0.0.123
end-workflow	Checkout Repository	2026-02-15T01:54:40.2367431Z  * [new tag]             0.0.124                -> 0.0.124
end-workflow	Checkout Repository	2026-02-15T01:54:40.2367827Z  * [new tag]             0.0.125                -> 0.0.125
end-workflow	Checkout Repository	2026-02-15T01:54:40.2368412Z  * [new tag]             0.0.126                -> 0.0.126
end-workflow	Checkout Repository	2026-02-15T01:54:40.2368818Z  * [new tag]             0.0.127                -> 0.0.127
end-workflow	Checkout Repository	2026-02-15T01:54:40.2369219Z  * [new tag]             0.0.128                -> 0.0.128
end-workflow	Checkout Repository	2026-02-15T01:54:40.2369620Z  * [new tag]             0.0.129                -> 0.0.129
end-workflow	Checkout Repository	2026-02-15T01:54:40.2370030Z  * [new tag]             0.0.13                 -> 0.0.13
end-workflow	Checkout Repository	2026-02-15T01:54:40.2370585Z  * [new tag]             0.0.130                -> 0.0.130
end-workflow	Checkout Repository	2026-02-15T01:54:40.2371004Z  * [new tag]             0.0.131                -> 0.0.131
end-workflow	Checkout Repository	2026-02-15T01:54:40.2371413Z  * [new tag]             0.0.132                -> 0.0.132
end-workflow	Checkout Repository	2026-02-15T01:54:40.2371814Z  * [new tag]             0.0.133                -> 0.0.133
end-workflow	Checkout Repository	2026-02-15T01:54:40.2372212Z  * [new tag]             0.0.134                -> 0.0.134
end-workflow	Checkout Repository	2026-02-15T01:54:40.2372614Z  * [new tag]             0.0.135                -> 0.0.135
end-workflow	Checkout Repository	2026-02-15T01:54:40.2373016Z  * [new tag]             0.0.136                -> 0.0.136
end-workflow	Checkout Repository	2026-02-15T01:54:40.2373418Z  * [new tag]             0.0.137                -> 0.0.137
end-workflow	Checkout Repository	2026-02-15T01:54:40.2373821Z  * [new tag]             0.0.138                -> 0.0.138
end-workflow	Checkout Repository	2026-02-15T01:54:40.2374225Z  * [new tag]             0.0.139                -> 0.0.139
end-workflow	Checkout Repository	2026-02-15T01:54:40.2374629Z  * [new tag]             0.0.14                 -> 0.0.14
end-workflow	Checkout Repository	2026-02-15T01:54:40.2375039Z  * [new tag]             0.0.140                -> 0.0.140
end-workflow	Checkout Repository	2026-02-15T01:54:40.2375457Z  * [new tag]             0.0.141                -> 0.0.141
end-workflow	Checkout Repository	2026-02-15T01:54:40.2375862Z  * [new tag]             0.0.142                -> 0.0.142
end-workflow	Checkout Repository	2026-02-15T01:54:40.2376259Z  * [new tag]             0.0.143                -> 0.0.143
end-workflow	Checkout Repository	2026-02-15T01:54:40.2376662Z  * [new tag]             0.0.144                -> 0.0.144
end-workflow	Checkout Repository	2026-02-15T01:54:40.2377060Z  * [new tag]             0.0.145                -> 0.0.145
end-workflow	Checkout Repository	2026-02-15T01:54:40.2377465Z  * [new tag]             0.0.146                -> 0.0.146
end-workflow	Checkout Repository	2026-02-15T01:54:40.2377883Z  * [new tag]             0.0.147                -> 0.0.147
end-workflow	Checkout Repository	2026-02-15T01:54:40.2378335Z  * [new tag]             0.0.148                -> 0.0.148
end-workflow	Checkout Repository	2026-02-15T01:54:40.2378755Z  * [new tag]             0.0.149                -> 0.0.149
end-workflow	Checkout Repository	2026-02-15T01:54:40.2379162Z  * [new tag]             0.0.15                 -> 0.0.15
end-workflow	Checkout Repository	2026-02-15T01:54:40.2379577Z  * [new tag]             0.0.150                -> 0.0.150
end-workflow	Checkout Repository	2026-02-15T01:54:40.2380244Z  * [new tag]             0.0.151                -> 0.0.151
end-workflow	Checkout Repository	2026-02-15T01:54:40.2380774Z  * [new tag]             0.0.152                -> 0.0.152
end-workflow	Checkout Repository	2026-02-15T01:54:40.2381194Z  * [new tag]             0.0.153                -> 0.0.153
end-workflow	Checkout Repository	2026-02-15T01:54:40.2381608Z  * [new tag]             0.0.154                -> 0.0.154
end-workflow	Checkout Repository	2026-02-15T01:54:40.2382025Z  * [new tag]             0.0.155                -> 0.0.155
end-workflow	Checkout Repository	2026-02-15T01:54:40.2382432Z  * [new tag]             0.0.156                -> 0.0.156
end-workflow	Checkout Repository	2026-02-15T01:54:40.2382845Z  * [new tag]             0.0.157                -> 0.0.157
end-workflow	Checkout Repository	2026-02-15T01:54:40.2383259Z  * [new tag]             0.0.158                -> 0.0.158
end-workflow	Checkout Repository	2026-02-15T01:54:40.2383667Z  * [new tag]             0.0.159                -> 0.0.159
end-workflow	Checkout Repository	2026-02-15T01:54:40.2384081Z  * [new tag]             0.0.16                 -> 0.0.16
end-workflow	Checkout Repository	2026-02-15T01:54:40.2384500Z  * [new tag]             0.0.160                -> 0.0.160
end-workflow	Checkout Repository	2026-02-15T01:54:40.2384912Z  * [new tag]             0.0.161                -> 0.0.161
end-workflow	Checkout Repository	2026-02-15T01:54:40.2385548Z  * [new tag]             0.0.162                -> 0.0.162
end-workflow	Checkout Repository	2026-02-15T01:54:40.2385965Z  * [new tag]             0.0.163                -> 0.0.163
end-workflow	Checkout Repository	2026-02-15T01:54:40.2386373Z  * [new tag]             0.0.164                -> 0.0.164
end-workflow	Checkout Repository	2026-02-15T01:54:40.2386780Z  * [new tag]             0.0.165                -> 0.0.165
end-workflow	Checkout Repository	2026-02-15T01:54:40.2387194Z  * [new tag]             0.0.166                -> 0.0.166
end-workflow	Checkout Repository	2026-02-15T01:54:40.2387721Z  * [new tag]             0.0.167                -> 0.0.167
end-workflow	Checkout Repository	2026-02-15T01:54:40.2388121Z  * [new tag]             0.0.168                -> 0.0.168
end-workflow	Checkout Repository	2026-02-15T01:54:40.2388666Z  * [new tag]             0.0.169                -> 0.0.169
end-workflow	Checkout Repository	2026-02-15T01:54:40.2389081Z  * [new tag]             0.0.17                 -> 0.0.17
end-workflow	Checkout Repository	2026-02-15T01:54:40.2389491Z  * [new tag]             0.0.170                -> 0.0.170
end-workflow	Checkout Repository	2026-02-15T01:54:40.2389901Z  * [new tag]             0.0.171                -> 0.0.171
end-workflow	Checkout Repository	2026-02-15T01:54:40.2390331Z  * [new tag]             0.0.172                -> 0.0.172
end-workflow	Checkout Repository	2026-02-15T01:54:40.2390868Z  * [new tag]             0.0.173                -> 0.0.173
end-workflow	Checkout Repository	2026-02-15T01:54:40.2391282Z  * [new tag]             0.0.174                -> 0.0.174
end-workflow	Checkout Repository	2026-02-15T01:54:40.2391687Z  * [new tag]             0.0.175                -> 0.0.175
end-workflow	Checkout Repository	2026-02-15T01:54:40.2392101Z  * [new tag]             0.0.176                -> 0.0.176
end-workflow	Checkout Repository	2026-02-15T01:54:40.2464640Z  * [new tag]             0.0.177                -> 0.0.177
end-workflow	Checkout Repository	2026-02-15T01:54:40.2465619Z  * [new tag]             0.0.178                -> 0.0.178
end-workflow	Checkout Repository	2026-02-15T01:54:40.2466056Z  * [new tag]             0.0.179                -> 0.0.179
end-workflow	Checkout Repository	2026-02-15T01:54:40.2466525Z  * [new tag]             0.0.18                 -> 0.0.18
end-workflow	Checkout Repository	2026-02-15T01:54:40.2466949Z  * [new tag]             0.0.19                 -> 0.0.19
end-workflow	Checkout Repository	2026-02-15T01:54:40.2467365Z  * [new tag]             0.0.2                  -> 0.0.2
end-workflow	Checkout Repository	2026-02-15T01:54:40.2467778Z  * [new tag]             0.0.20                 -> 0.0.20
end-workflow	Checkout Repository	2026-02-15T01:54:40.2468264Z  * [new tag]             0.0.21                 -> 0.0.21
end-workflow	Checkout Repository	2026-02-15T01:54:40.2468692Z  * [new tag]             0.0.22                 -> 0.0.22
end-workflow	Checkout Repository	2026-02-15T01:54:40.2469118Z  * [new tag]             0.0.23                 -> 0.0.23
end-workflow	Checkout Repository	2026-02-15T01:54:40.2469557Z  * [new tag]             0.0.24                 -> 0.0.24
end-workflow	Checkout Repository	2026-02-15T01:54:40.2469976Z  * [new tag]             0.0.25                 -> 0.0.25
end-workflow	Checkout Repository	2026-02-15T01:54:40.2470397Z  * [new tag]             0.0.26                 -> 0.0.26
end-workflow	Checkout Repository	2026-02-15T01:54:40.2471402Z  * [new tag]             0.0.27                 -> 0.0.27
end-workflow	Checkout Repository	2026-02-15T01:54:40.2471821Z  * [new tag]             0.0.28                 -> 0.0.28
end-workflow	Checkout Repository	2026-02-15T01:54:40.2472236Z  * [new tag]             0.0.29                 -> 0.0.29
end-workflow	Checkout Repository	2026-02-15T01:54:40.2472655Z  * [new tag]             0.0.3                  -> 0.0.3
end-workflow	Checkout Repository	2026-02-15T01:54:40.2473071Z  * [new tag]             0.0.30                 -> 0.0.30
end-workflow	Checkout Repository	2026-02-15T01:54:40.2473494Z  * [new tag]             0.0.31                 -> 0.0.31
end-workflow	Checkout Repository	2026-02-15T01:54:40.2474246Z  * [new tag]             0.0.32                 -> 0.0.32
end-workflow	Checkout Repository	2026-02-15T01:54:40.2474769Z  * [new tag]             0.0.33                 -> 0.0.33
end-workflow	Checkout Repository	2026-02-15T01:54:40.2475190Z  * [new tag]             0.0.34                 -> 0.0.34
end-workflow	Checkout Repository	2026-02-15T01:54:40.2475595Z  * [new tag]             0.0.35                 -> 0.0.35
end-workflow	Checkout Repository	2026-02-15T01:54:40.2476007Z  * [new tag]             0.0.36                 -> 0.0.36
end-workflow	Checkout Repository	2026-02-15T01:54:40.2476421Z  * [new tag]             0.0.37                 -> 0.0.37
end-workflow	Checkout Repository	2026-02-15T01:54:40.2476831Z  * [new tag]             0.0.38                 -> 0.0.38
end-workflow	Checkout Repository	2026-02-15T01:54:40.2477243Z  * [new tag]             0.0.39                 -> 0.0.39
end-workflow	Checkout Repository	2026-02-15T01:54:40.2477657Z  * [new tag]             0.0.4                  -> 0.0.4
end-workflow	Checkout Repository	2026-02-15T01:54:40.2478069Z  * [new tag]             0.0.40                 -> 0.0.40
end-workflow	Checkout Repository	2026-02-15T01:54:40.2478506Z  * [new tag]             0.0.41                 -> 0.0.41
end-workflow	Checkout Repository	2026-02-15T01:54:40.2478946Z  * [new tag]             0.0.42                 -> 0.0.42
end-workflow	Checkout Repository	2026-02-15T01:54:40.2479620Z  * [new tag]             0.0.43                 -> 0.0.43
end-workflow	Checkout Repository	2026-02-15T01:54:40.2480029Z  * [new tag]             0.0.44                 -> 0.0.44
end-workflow	Checkout Repository	2026-02-15T01:54:40.2480571Z  * [new tag]             0.0.45                 -> 0.0.45
end-workflow	Checkout Repository	2026-02-15T01:54:40.2481123Z  * [new tag]             0.0.46                 -> 0.0.46
end-workflow	Checkout Repository	2026-02-15T01:54:40.2481526Z  * [new tag]             0.0.47                 -> 0.0.47
end-workflow	Checkout Repository	2026-02-15T01:54:40.2481920Z  * [new tag]             0.0.48                 -> 0.0.48
end-workflow	Checkout Repository	2026-02-15T01:54:40.2482323Z  * [new tag]             0.0.49                 -> 0.0.49
end-workflow	Checkout Repository	2026-02-15T01:54:40.2482725Z  * [new tag]             0.0.5                  -> 0.0.5
end-workflow	Checkout Repository	2026-02-15T01:54:40.2483120Z  * [new tag]             0.0.50                 -> 0.0.50
end-workflow	Checkout Repository	2026-02-15T01:54:40.2483525Z  * [new tag]             0.0.51                 -> 0.0.51
end-workflow	Checkout Repository	2026-02-15T01:54:40.2483920Z  * [new tag]             0.0.52                 -> 0.0.52
end-workflow	Checkout Repository	2026-02-15T01:54:40.2484329Z  * [new tag]             0.0.53                 -> 0.0.53
end-workflow	Checkout Repository	2026-02-15T01:54:40.2484728Z  * [new tag]             0.0.54                 -> 0.0.54
end-workflow	Checkout Repository	2026-02-15T01:54:40.2485122Z  * [new tag]             0.0.55                 -> 0.0.55
end-workflow	Checkout Repository	2026-02-15T01:54:40.2485515Z  * [new tag]             0.0.56                 -> 0.0.56
end-workflow	Checkout Repository	2026-02-15T01:54:40.2485910Z  * [new tag]             0.0.57                 -> 0.0.57
end-workflow	Checkout Repository	2026-02-15T01:54:40.2486303Z  * [new tag]             0.0.58                 -> 0.0.58
end-workflow	Checkout Repository	2026-02-15T01:54:40.2486693Z  * [new tag]             0.0.59                 -> 0.0.59
end-workflow	Checkout Repository	2026-02-15T01:54:40.2487096Z  * [new tag]             0.0.6                  -> 0.0.6
end-workflow	Checkout Repository	2026-02-15T01:54:40.2487483Z  * [new tag]             0.0.60                 -> 0.0.60
end-workflow	Checkout Repository	2026-02-15T01:54:40.2487878Z  * [new tag]             0.0.61                 -> 0.0.61
end-workflow	Checkout Repository	2026-02-15T01:54:40.2488272Z  * [new tag]             0.0.62                 -> 0.0.62
end-workflow	Checkout Repository	2026-02-15T01:54:40.2488660Z  * [new tag]             0.0.63                 -> 0.0.63
end-workflow	Checkout Repository	2026-02-15T01:54:40.2489063Z  * [new tag]             0.0.64                 -> 0.0.64
end-workflow	Checkout Repository	2026-02-15T01:54:40.2489461Z  * [new tag]             0.0.65                 -> 0.0.65
end-workflow	Checkout Repository	2026-02-15T01:54:40.2489853Z  * [new tag]             0.0.66                 -> 0.0.66
end-workflow	Checkout Repository	2026-02-15T01:54:40.2490239Z  * [new tag]             0.0.67                 -> 0.0.67
end-workflow	Checkout Repository	2026-02-15T01:54:40.2490876Z  * [new tag]             0.0.68                 -> 0.0.68
end-workflow	Checkout Repository	2026-02-15T01:54:40.2491399Z  * [new tag]             0.0.69                 -> 0.0.69
end-workflow	Checkout Repository	2026-02-15T01:54:40.2491790Z  * [new tag]             0.0.7                  -> 0.0.7
end-workflow	Checkout Repository	2026-02-15T01:54:40.2492187Z  * [new tag]             0.0.70                 -> 0.0.70
end-workflow	Checkout Repository	2026-02-15T01:54:40.2492575Z  * [new tag]             0.0.71                 -> 0.0.71
end-workflow	Checkout Repository	2026-02-15T01:54:40.2492972Z  * [new tag]             0.0.72                 -> 0.0.72
end-workflow	Checkout Repository	2026-02-15T01:54:40.2493364Z  * [new tag]             0.0.73                 -> 0.0.73
end-workflow	Checkout Repository	2026-02-15T01:54:40.2493761Z  * [new tag]             0.0.74                 -> 0.0.74
end-workflow	Checkout Repository	2026-02-15T01:54:40.2494392Z  * [new tag]             0.0.75                 -> 0.0.75
end-workflow	Checkout Repository	2026-02-15T01:54:40.2494792Z  * [new tag]             0.0.76                 -> 0.0.76
end-workflow	Checkout Repository	2026-02-15T01:54:40.2495191Z  * [new tag]             0.0.77                 -> 0.0.77
end-workflow	Checkout Repository	2026-02-15T01:54:40.2495582Z  * [new tag]             0.0.78                 -> 0.0.78
end-workflow	Checkout Repository	2026-02-15T01:54:40.2495974Z  * [new tag]             0.0.79                 -> 0.0.79
end-workflow	Checkout Repository	2026-02-15T01:54:40.2496365Z  * [new tag]             0.0.8                  -> 0.0.8
end-workflow	Checkout Repository	2026-02-15T01:54:40.2496759Z  * [new tag]             0.0.80                 -> 0.0.80
end-workflow	Checkout Repository	2026-02-15T01:54:40.2497149Z  * [new tag]             0.0.81                 -> 0.0.81
end-workflow	Checkout Repository	2026-02-15T01:54:40.2497548Z  * [new tag]             0.0.82                 -> 0.0.82
end-workflow	Checkout Repository	2026-02-15T01:54:40.2497942Z  * [new tag]             0.0.83                 -> 0.0.83
end-workflow	Checkout Repository	2026-02-15T01:54:40.2498330Z  * [new tag]             0.0.84                 -> 0.0.84
end-workflow	Checkout Repository	2026-02-15T01:54:40.2498724Z  * [new tag]             0.0.85                 -> 0.0.85
end-workflow	Checkout Repository	2026-02-15T01:54:40.2499329Z  * [new tag]             0.0.86                 -> 0.0.86
end-workflow	Checkout Repository	2026-02-15T01:54:40.2499726Z  * [new tag]             0.0.87                 -> 0.0.87
end-workflow	Checkout Repository	2026-02-15T01:54:40.2500114Z  * [new tag]             0.0.88                 -> 0.0.88
end-workflow	Checkout Repository	2026-02-15T01:54:40.2500756Z  * [new tag]             0.0.89                 -> 0.0.89
end-workflow	Checkout Repository	2026-02-15T01:54:40.2501298Z  * [new tag]             0.0.9                  -> 0.0.9
end-workflow	Checkout Repository	2026-02-15T01:54:40.2501690Z  * [new tag]             0.0.90                 -> 0.0.90
end-workflow	Checkout Repository	2026-02-15T01:54:40.2502085Z  * [new tag]             0.0.91                 -> 0.0.91
end-workflow	Checkout Repository	2026-02-15T01:54:40.2502473Z  * [new tag]             0.0.92                 -> 0.0.92
end-workflow	Checkout Repository	2026-02-15T01:54:40.2502868Z  * [new tag]             0.0.93                 -> 0.0.93
end-workflow	Checkout Repository	2026-02-15T01:54:40.2503253Z  * [new tag]             0.0.94                 -> 0.0.94
end-workflow	Checkout Repository	2026-02-15T01:54:40.2503649Z  * [new tag]             0.0.95                 -> 0.0.95
end-workflow	Checkout Repository	2026-02-15T01:54:40.2504054Z  * [new tag]             0.0.96                 -> 0.0.96
end-workflow	Checkout Repository	2026-02-15T01:54:40.2504448Z  * [new tag]             0.0.97                 -> 0.0.97
end-workflow	Checkout Repository	2026-02-15T01:54:40.2504840Z  * [new tag]             0.0.98                 -> 0.0.98
end-workflow	Checkout Repository	2026-02-15T01:54:40.2505229Z  * [new tag]             0.0.99                 -> 0.0.99
end-workflow	Checkout Repository	2026-02-15T01:54:40.2505623Z  * [new tag]             0.1.0                  -> 0.1.0
end-workflow	Checkout Repository	2026-02-15T01:54:40.2506008Z  * [new tag]             0.1.1                  -> 0.1.1
end-workflow	Checkout Repository	2026-02-15T01:54:40.2506434Z  * [new tag]             0.2.0                  -> 0.2.0
end-workflow	Checkout Repository	2026-02-15T01:54:40.2506823Z  * [new tag]             0.3.0                  -> 0.3.0
end-workflow	Checkout Repository	2026-02-15T01:54:40.2507215Z  * [new tag]             0.3.1                  -> 0.3.1
end-workflow	Checkout Repository	2026-02-15T01:54:40.2507605Z  * [new tag]             0.3.10                 -> 0.3.10
end-workflow	Checkout Repository	2026-02-15T01:54:40.2508003Z  * [new tag]             0.3.11                 -> 0.3.11
end-workflow	Checkout Repository	2026-02-15T01:54:40.2508398Z  * [new tag]             0.3.12                 -> 0.3.12
end-workflow	Checkout Repository	2026-02-15T01:54:40.2508803Z  * [new tag]             0.3.13                 -> 0.3.13
end-workflow	Checkout Repository	2026-02-15T01:54:40.2509202Z  * [new tag]             0.3.14                 -> 0.3.14
end-workflow	Checkout Repository	2026-02-15T01:54:40.2509597Z  * [new tag]             0.3.15                 -> 0.3.15
end-workflow	Checkout Repository	2026-02-15T01:54:40.2509993Z  * [new tag]             0.3.16                 -> 0.3.16
end-workflow	Checkout Repository	2026-02-15T01:54:40.2510383Z  * [new tag]             0.3.17                 -> 0.3.17
end-workflow	Checkout Repository	2026-02-15T01:54:40.2511311Z  * [new tag]             0.3.2                  -> 0.3.2
end-workflow	Checkout Repository	2026-02-15T01:54:40.2511694Z  * [new tag]             0.3.3                  -> 0.3.3
end-workflow	Checkout Repository	2026-02-15T01:54:40.2512081Z  * [new tag]             0.3.4                  -> 0.3.4
end-workflow	Checkout Repository	2026-02-15T01:54:40.2512457Z  * [new tag]             0.3.5                  -> 0.3.5
end-workflow	Checkout Repository	2026-02-15T01:54:40.2512840Z  * [new tag]             0.3.6                  -> 0.3.6
end-workflow	Checkout Repository	2026-02-15T01:54:40.2513229Z  * [new tag]             0.3.7                  -> 0.3.7
end-workflow	Checkout Repository	2026-02-15T01:54:40.2513605Z  * [new tag]             0.3.8                  -> 0.3.8
end-workflow	Checkout Repository	2026-02-15T01:54:40.2513994Z  * [new tag]             0.3.9                  -> 0.3.9
end-workflow	Checkout Repository	2026-02-15T01:54:40.2514626Z  * [new tag]             0.4.0                  -> 0.4.0
end-workflow	Checkout Repository	2026-02-15T01:54:40.2515012Z  * [new tag]             0.4.1                  -> 0.4.1
end-workflow	Checkout Repository	2026-02-15T01:54:40.2515384Z  * [new tag]             0.4.2                  -> 0.4.2
end-workflow	Checkout Repository	2026-02-15T01:54:40.2515767Z  * [new tag]             0.4.3                  -> 0.4.3
end-workflow	Checkout Repository	2026-02-15T01:54:40.2516144Z  * [new tag]             0.4.4                  -> 0.4.4
end-workflow	Checkout Repository	2026-02-15T01:54:40.2516518Z  * [new tag]             0.4.5                  -> 0.4.5
end-workflow	Checkout Repository	2026-02-15T01:54:40.2516897Z  * [new tag]             0.4.6                  -> 0.4.6
end-workflow	Checkout Repository	2026-02-15T01:54:40.2517270Z  * [new tag]             0.4.7                  -> 0.4.7
end-workflow	Checkout Repository	2026-02-15T01:54:40.2517655Z  * [new tag]             0.4.8                  -> 0.4.8
end-workflow	Checkout Repository	2026-02-15T01:54:40.2518029Z  * [new tag]             0.4.9                  -> 0.4.9
end-workflow	Checkout Repository	2026-02-15T01:54:40.2518406Z  * [new tag]             0.5.0                  -> 0.5.0
end-workflow	Checkout Repository	2026-02-15T01:54:40.2518980Z  * [new tag]             0.5.1                  -> 0.5.1
end-workflow	Checkout Repository	2026-02-15T01:54:40.2519367Z  * [new tag]             0.5.2                  -> 0.5.2
end-workflow	Checkout Repository	2026-02-15T01:54:40.2519750Z  * [new tag]             0.6.0                  -> 0.6.0
end-workflow	Checkout Repository	2026-02-15T01:54:40.2520124Z  * [new tag]             0.6.1                  -> 0.6.1
end-workflow	Checkout Repository	2026-02-15T01:54:40.2520882Z  * [new tag]             0.6.2                  -> 0.6.2
end-workflow	Checkout Repository	2026-02-15T01:54:40.2740318Z [command]/usr/bin/git branch --list --remote origin/main
end-workflow	Checkout Repository	2026-02-15T01:54:40.2818107Z   origin/main
end-workflow	Checkout Repository	2026-02-15T01:54:40.2830719Z [command]/usr/bin/git rev-parse refs/remotes/origin/main
end-workflow	Checkout Repository	2026-02-15T01:54:40.2863602Z 6cbf2b76f960fc1d2fff6c2efac59bfddda624bf
end-workflow	Checkout Repository	2026-02-15T01:54:40.2876566Z [command]/usr/bin/git -c protocol.version=2 fetch --no-tags --prune --no-recurse-submodules origin +4f13e3c9c1f202785634570537f78c1d4d827cc6:refs/remotes/origin/main
end-workflow	Checkout Repository	2026-02-15T01:54:40.3066282Z From https://github.com/Ka0s-Klaus/ka0s
end-workflow	Checkout Repository	2026-02-15T01:54:40.3067049Z  + 6cbf2b76f...4f13e3c9c 4f13e3c9c1f202785634570537f78c1d4d827cc6 -> origin/main  (forced update)
end-workflow	Checkout Repository	2026-02-15T01:54:40.3105375Z ##[endgroup]
end-workflow	Checkout Repository	2026-02-15T01:54:40.3105982Z ##[group]Determining the checkout info
end-workflow	Checkout Repository	2026-02-15T01:54:40.3106502Z ##[endgroup]
end-workflow	Checkout Repository	2026-02-15T01:54:40.3110963Z [command]/usr/bin/git sparse-checkout disable
end-workflow	Checkout Repository	2026-02-15T01:54:40.3162486Z [command]/usr/bin/git config --local --unset-all extensions.worktreeConfig
end-workflow	Checkout Repository	2026-02-15T01:54:40.3199801Z ##[group]Checking out the ref
end-workflow	Checkout Repository	2026-02-15T01:54:40.3204212Z [command]/usr/bin/git checkout --progress --force -B main refs/remotes/origin/main
end-workflow	Checkout Repository	2026-02-15T01:54:40.5591989Z Switched to a new branch 'main'
end-workflow	Checkout Repository	2026-02-15T01:54:40.5596584Z branch 'main' set up to track 'origin/main'.
end-workflow	Checkout Repository	2026-02-15T01:54:40.5693750Z ##[endgroup]
end-workflow	Checkout Repository	2026-02-15T01:54:40.5698655Z [command]/usr/bin/git log -1 --format=%H
end-workflow	Checkout Repository	2026-02-15T01:54:40.5736540Z 4f13e3c9c1f202785634570537f78c1d4d827cc6
end-workflow	Install GH CLI	﻿2026-02-15T01:54:40.6021059Z Prepare all required actions
end-workflow	Install GH CLI	2026-02-15T01:54:40.6088880Z ##[group]Run ./.github/actions/install-gh-cli
end-workflow	Install GH CLI	2026-02-15T01:54:40.6089222Z env:
end-workflow	Install GH CLI	2026-02-15T01:54:40.6089422Z   KAOS_MODULE: [Ka0S] Audit Pods
end-workflow	Install GH CLI	2026-02-15T01:54:40.6089679Z   KAOS_CODE: 22027801729
end-workflow	Install GH CLI	2026-02-15T01:54:40.6089901Z ##[endgroup]
end-workflow	Install GH CLI	2026-02-15T01:54:40.6185314Z ##[group]Run type -p curl >/dev/null || (sudo apt-get update && sudo apt-get install curl -y)
end-workflow	Install GH CLI	2026-02-15T01:54:40.6186042Z [36;1mtype -p curl >/dev/null || (sudo apt-get update && sudo apt-get install curl -y)[0m
end-workflow	Install GH CLI	2026-02-15T01:54:40.6187090Z [36;1mcurl -fsSL https://cli.github.com/packages/githubcli-archive-keyring.gpg | sudo dd of=/usr/share/keyrings/githubcli-archive-keyring.gpg \[0m
end-workflow	Install GH CLI	2026-02-15T01:54:40.6188058Z [36;1m&& sudo chmod go+r /usr/share/keyrings/githubcli-archive-keyring.gpg \[0m
end-workflow	Install GH CLI	2026-02-15T01:54:40.6189427Z [36;1m&& echo "deb [arch=$(dpkg --print-architecture) signed-by=/usr/share/keyrings/githubcli-archive-keyring.gpg] https://cli.github.com/packages stable main" | sudo tee /etc/apt/sources.list.d/github-cli.list > /dev/null \[0m
end-workflow	Install GH CLI	2026-02-15T01:54:40.6190786Z [36;1m&& sudo apt-get update \[0m
end-workflow	Install GH CLI	2026-02-15T01:54:40.6191389Z [36;1m&& sudo apt-get install gh -y[0m
end-workflow	Install GH CLI	2026-02-15T01:54:40.6210002Z shell: /usr/bin/bash --noprofile --norc -e -o pipefail {0}
end-workflow	Install GH CLI	2026-02-15T01:54:40.6210383Z env:
end-workflow	Install GH CLI	2026-02-15T01:54:40.6210883Z   KAOS_MODULE: [Ka0S] Audit Pods
end-workflow	Install GH CLI	2026-02-15T01:54:40.6211141Z   KAOS_CODE: 22027801729
end-workflow	Install GH CLI	2026-02-15T01:54:40.6211365Z ##[endgroup]
end-workflow	Install GH CLI	2026-02-15T01:54:40.6930879Z 4+1 records in
end-workflow	Install GH CLI	2026-02-15T01:54:40.6931176Z 4+1 records out
end-workflow	Install GH CLI	2026-02-15T01:54:40.6931459Z 2270 bytes (2.3 kB, 2.2 KiB) copied, 0.0489934 s, 46.3 kB/s
end-workflow	Install GH CLI	2026-02-15T01:54:40.9136103Z Get:1 https://cli.github.com/packages stable InRelease [3917 B]
end-workflow	Install GH CLI	2026-02-15T01:54:40.9774064Z Get:2 http://security.ubuntu.com/ubuntu noble-security InRelease [126 kB]
end-workflow	Install GH CLI	2026-02-15T01:54:41.0792975Z Get:3 http://archive.ubuntu.com/ubuntu noble InRelease [256 kB]
end-workflow	Install GH CLI	2026-02-15T01:54:41.0815834Z Get:4 https://ppa.launchpadcontent.net/git-core/ppa/ubuntu noble InRelease [24.3 kB]
end-workflow	Install GH CLI	2026-02-15T01:54:41.1323494Z Get:5 https://cli.github.com/packages stable/main amd64 Packages [356 B]
end-workflow	Install GH CLI	2026-02-15T01:54:41.2389772Z Get:6 https://ppa.launchpadcontent.net/git-core/ppa/ubuntu noble/main amd64 Packages [2992 B]
end-workflow	Install GH CLI	2026-02-15T01:54:41.3355826Z Get:7 http://security.ubuntu.com/ubuntu noble-security/main amd64 Packages [1824 kB]
end-workflow	Install GH CLI	2026-02-15T01:54:41.6126078Z Get:8 http://security.ubuntu.com/ubuntu noble-security/multiverse amd64 Packages [34.8 kB]
end-workflow	Install GH CLI	2026-02-15T01:54:41.6141495Z Get:9 http://security.ubuntu.com/ubuntu noble-security/restricted amd64 Packages [3115 kB]
end-workflow	Install GH CLI	2026-02-15T01:54:41.6467818Z Get:10 http://archive.ubuntu.com/ubuntu noble-updates InRelease [126 kB]
end-workflow	Install GH CLI	2026-02-15T01:54:41.6927766Z Get:11 http://security.ubuntu.com/ubuntu noble-security/universe amd64 Packages [1200 kB]
end-workflow	Install GH CLI	2026-02-15T01:54:41.7855666Z Get:12 http://archive.ubuntu.com/ubuntu noble-backports InRelease [126 kB]
end-workflow	Install GH CLI	2026-02-15T01:54:41.9261195Z Get:13 http://archive.ubuntu.com/ubuntu noble/main amd64 Packages [1808 kB]
end-workflow	Install GH CLI	2026-02-15T01:54:42.2540355Z Get:14 http://archive.ubuntu.com/ubuntu noble/universe amd64 Packages [19.3 MB]
end-workflow	Install GH CLI	2026-02-15T01:54:42.8175701Z Get:15 http://archive.ubuntu.com/ubuntu noble/multiverse amd64 Packages [331 kB]
end-workflow	Install GH CLI	2026-02-15T01:54:42.8202574Z Get:16 http://archive.ubuntu.com/ubuntu noble/restricted amd64 Packages [117 kB]
end-workflow	Install GH CLI	2026-02-15T01:54:42.8211224Z Get:17 http://archive.ubuntu.com/ubuntu noble-updates/main amd64 Packages [2203 kB]
end-workflow	Install GH CLI	2026-02-15T01:54:42.8559406Z Get:18 http://archive.ubuntu.com/ubuntu noble-updates/universe amd64 Packages [1979 kB]
end-workflow	Install GH CLI	2026-02-15T01:54:42.9348609Z Get:19 http://archive.ubuntu.com/ubuntu noble-updates/restricted amd64 Packages [3295 kB]
end-workflow	Install GH CLI	2026-02-15T01:54:43.0152132Z Get:20 http://archive.ubuntu.com/ubuntu noble-updates/multiverse amd64 Packages [38.1 kB]
end-workflow	Install GH CLI	2026-02-15T01:54:43.0157562Z Get:21 http://archive.ubuntu.com/ubuntu noble-backports/main amd64 Packages [49.5 kB]
end-workflow	Install GH CLI	2026-02-15T01:54:43.0162408Z Get:22 http://archive.ubuntu.com/ubuntu noble-backports/universe amd64 Packages [34.6 kB]
end-workflow	Install GH CLI	2026-02-15T01:54:43.9924990Z Fetched 36.0 MB in 3s (11.4 MB/s)
end-workflow	Install GH CLI	2026-02-15T01:54:44.9117362Z Reading package lists...
end-workflow	Install GH CLI	2026-02-15T01:54:45.8705646Z Reading package lists...
end-workflow	Install GH CLI	2026-02-15T01:54:46.1018175Z Building dependency tree...
end-workflow	Install GH CLI	2026-02-15T01:54:46.1028682Z Reading state information...
end-workflow	Install GH CLI	2026-02-15T01:54:46.5067500Z The following NEW packages will be installed:
end-workflow	Install GH CLI	2026-02-15T01:54:46.5089590Z   gh
end-workflow	Install GH CLI	2026-02-15T01:54:46.6014458Z 0 upgraded, 1 newly installed, 0 to remove and 20 not upgraded.
end-workflow	Install GH CLI	2026-02-15T01:54:47.2002732Z debconf: delaying package configuration, since apt-utils is not installed
end-workflow	Install GH CLI	2026-02-15T01:54:47.2003236Z Need to get 13.7 MB of archives.
end-workflow	Install GH CLI	2026-02-15T01:54:47.2003605Z After this operation, 37.9 MB of additional disk space will be used.
end-workflow	Install GH CLI	2026-02-15T01:54:47.2004152Z Get:1 https://cli.github.com/packages stable/main amd64 gh amd64 2.86.0 [13.7 MB]
end-workflow	Install GH CLI	2026-02-15T01:54:47.2394510Z Fetched 13.7 MB in 0s (53.8 MB/s)
end-workflow	Install GH CLI	2026-02-15T01:54:47.2649915Z Selecting previously unselected package gh.
end-workflow	Install GH CLI	2026-02-15T01:54:47.2687495Z (Reading database ... 
end-workflow	Install GH CLI	2026-02-15T01:54:47.2687787Z (Reading database ... 5%
end-workflow	Install GH CLI	2026-02-15T01:54:47.2688352Z (Reading database ... 10%
end-workflow	Install GH CLI	2026-02-15T01:54:47.2688593Z (Reading database ... 15%
end-workflow	Install GH CLI	2026-02-15T01:54:47.2688823Z (Reading database ... 20%
end-workflow	Install GH CLI	2026-02-15T01:54:47.2689195Z (Reading database ... 25%
end-workflow	Install GH CLI	2026-02-15T01:54:47.2689435Z (Reading database ... 30%
end-workflow	Install GH CLI	2026-02-15T01:54:47.2689686Z (Reading database ... 35%
end-workflow	Install GH CLI	2026-02-15T01:54:47.2689923Z (Reading database ... 40%
end-workflow	Install GH CLI	2026-02-15T01:54:47.2690152Z (Reading database ... 45%
end-workflow	Install GH CLI	2026-02-15T01:54:47.2690388Z (Reading database ... 50%
end-workflow	Install GH CLI	2026-02-15T01:54:47.2690962Z (Reading database ... 55%
end-workflow	Install GH CLI	2026-02-15T01:54:47.2691192Z (Reading database ... 60%
end-workflow	Install GH CLI	2026-02-15T01:54:47.2696287Z (Reading database ... 65%
end-workflow	Install GH CLI	2026-02-15T01:54:47.2718126Z (Reading database ... 70%
end-workflow	Install GH CLI	2026-02-15T01:54:47.2723494Z (Reading database ... 75%
end-workflow	Install GH CLI	2026-02-15T01:54:47.2739330Z (Reading database ... 80%
end-workflow	Install GH CLI	2026-02-15T01:54:47.2744069Z (Reading database ... 85%
end-workflow	Install GH CLI	2026-02-15T01:54:47.2756194Z (Reading database ... 90%
end-workflow	Install GH CLI	2026-02-15T01:54:47.2777825Z (Reading database ... 95%
end-workflow	Install GH CLI	2026-02-15T01:54:47.2779673Z (Reading database ... 100%
end-workflow	Install GH CLI	2026-02-15T01:54:47.2780103Z (Reading database ... 14385 files and directories currently installed.)
end-workflow	Install GH CLI	2026-02-15T01:54:47.2786685Z Preparing to unpack .../archives/gh_2.86.0_amd64.deb ...
end-workflow	Install GH CLI	2026-02-15T01:54:47.2817842Z Unpacking gh (2.86.0) ...
end-workflow	Install GH CLI	2026-02-15T01:54:47.5043160Z Setting up gh (2.86.0) ...
end-workflow	Trigger Inspector	﻿2026-02-15T01:54:47.5584766Z ##[group]Run echo "🔍 Triggering Inspector for Audit..."
end-workflow	Trigger Inspector	2026-02-15T01:54:47.5585315Z [36;1mecho "🔍 Triggering Inspector for Audit..."[0m
end-workflow	Trigger Inspector	2026-02-15T01:54:47.5585719Z [36;1mgh workflow run inspector.yml \[0m
end-workflow	Trigger Inspector	2026-02-15T01:54:47.5586056Z [36;1m  --ref main \[0m
end-workflow	Trigger Inspector	2026-02-15T01:54:47.5586364Z [36;1m  -f kaos-workflow-id="22027801729" \[0m
end-workflow	Trigger Inspector	2026-02-15T01:54:47.5586737Z [36;1m  -f kaos-user-start="santakloud"[0m
end-workflow	Trigger Inspector	2026-02-15T01:54:47.5600672Z shell: /usr/bin/bash -e {0}
end-workflow	Trigger Inspector	2026-02-15T01:54:47.5600974Z env:
end-workflow	Trigger Inspector	2026-02-15T01:54:47.5601208Z   KAOS_MODULE: [Ka0S] Audit Pods
end-workflow	Trigger Inspector	2026-02-15T01:54:47.5601505Z   KAOS_CODE: 22027801729
end-workflow	Trigger Inspector	2026-02-15T01:54:47.5602109Z   GH_TOKEN: ***
end-workflow	Trigger Inspector	2026-02-15T01:54:47.5602365Z ##[endgroup]
end-workflow	Trigger Inspector	2026-02-15T01:54:47.5639934Z 🔍 Triggering Inspector for Audit...
end-workflow	Post Checkout Repository	﻿2026-02-15T01:54:49.1955764Z Post job cleanup.
end-workflow	Post Checkout Repository	2026-02-15T01:54:49.3047231Z [command]/usr/bin/git version
end-workflow	Post Checkout Repository	2026-02-15T01:54:49.3094053Z git version 2.52.0
end-workflow	Post Checkout Repository	2026-02-15T01:54:49.3146598Z Temporarily overriding HOME='/home/runner/_work/_temp/0849d860-fb03-449b-b54f-63be66a571b0' before making global git config changes
end-workflow	Post Checkout Repository	2026-02-15T01:54:49.3147449Z Adding repository directory to the temporary git global config as a safe directory
end-workflow	Post Checkout Repository	2026-02-15T01:54:49.3153689Z [command]/usr/bin/git config --global --add safe.directory /home/runner/_work/ka0s/ka0s
end-workflow	Post Checkout Repository	2026-02-15T01:54:49.3201718Z [command]/usr/bin/git config --local --name-only --get-regexp core\.sshCommand
end-workflow	Post Checkout Repository	2026-02-15T01:54:49.3247634Z [command]/usr/bin/git submodule foreach --recursive sh -c "git config --local --name-only --get-regexp 'core\.sshCommand' && git config --local --unset-all 'core.sshCommand' || :"
end-workflow	Post Checkout Repository	2026-02-15T01:54:49.3588669Z [command]/usr/bin/git config --local --name-only --get-regexp http\.https\:\/\/github\.com\/\.extraheader
end-workflow	Post Checkout Repository	2026-02-15T01:54:49.3620322Z http.https://github.com/.extraheader
end-workflow	Post Checkout Repository	2026-02-15T01:54:49.3636220Z [command]/usr/bin/git config --local --unset-all http.https://github.com/.extraheader
end-workflow	Post Checkout Repository	2026-02-15T01:54:49.3682594Z [command]/usr/bin/git submodule foreach --recursive sh -c "git config --local --name-only --get-regexp 'http\.https\:\/\/github\.com\/\.extraheader' && git config --local --unset-all 'http.https://github.com/.extraheader' || :"
end-workflow	Post Checkout Repository	2026-02-15T01:54:49.4064948Z [command]/usr/bin/git config --local --name-only --get-regexp ^includeIf\.gitdir:
end-workflow	Post Checkout Repository	2026-02-15T01:54:49.4113339Z [command]/usr/bin/git submodule foreach --recursive git config --local --show-origin --name-only --get-regexp remote.origin.url
end-workflow	Complete job	﻿2026-02-15T01:54:49.4620403Z Cleaning up orphan processes
