audit-pods	Set up job	﻿2026-02-15T17:50:15.5722270Z Current runner version: '2.331.0'
audit-pods	Set up job	2026-02-15T17:50:15.5731826Z Runner name: 'swarm-runners-scaleset-hkss5-runner-bljs6'
audit-pods	Set up job	2026-02-15T17:50:15.5733181Z Runner group name: 'Default'
audit-pods	Set up job	2026-02-15T17:50:15.5734440Z Machine name: 'swarm-runners-scaleset-hkss5-runner-bljs6'
audit-pods	Set up job	2026-02-15T17:50:15.5738925Z ##[group]GITHUB_TOKEN Permissions
audit-pods	Set up job	2026-02-15T17:50:15.5742456Z Actions: write
audit-pods	Set up job	2026-02-15T17:50:15.5743189Z Contents: write
audit-pods	Set up job	2026-02-15T17:50:15.5744297Z Issues: write
audit-pods	Set up job	2026-02-15T17:50:15.5744967Z Metadata: read
audit-pods	Set up job	2026-02-15T17:50:15.5745798Z ##[endgroup]
audit-pods	Set up job	2026-02-15T17:50:15.5748189Z Secret source: Actions
audit-pods	Set up job	2026-02-15T17:50:15.5749161Z Prepare workflow directory
audit-pods	Set up job	2026-02-15T17:50:15.6356441Z Prepare all required actions
audit-pods	Set up job	2026-02-15T17:50:15.6397786Z Getting action download info
audit-pods	Set up job	2026-02-15T17:50:16.2282819Z Download action repository 'actions/checkout@v4' (SHA:34e114876b0b11c390a56381ad16ebd13914f8d5)
audit-pods	Set up job	2026-02-15T17:50:17.2689913Z Complete job name: audit-pods
audit-pods	Checkout repository	﻿2026-02-15T17:50:17.3388622Z ##[group]Run actions/checkout@v4
audit-pods	Checkout repository	2026-02-15T17:50:17.3389884Z with:
audit-pods	Checkout repository	2026-02-15T17:50:17.3390891Z   repository: Ka0s-Klaus/ka0s
audit-pods	Checkout repository	2026-02-15T17:50:17.3392022Z   token: ***
audit-pods	Checkout repository	2026-02-15T17:50:17.3392593Z   ssh-strict: true
audit-pods	Checkout repository	2026-02-15T17:50:17.3393170Z   ssh-user: git
audit-pods	Checkout repository	2026-02-15T17:50:17.3393750Z   persist-credentials: true
audit-pods	Checkout repository	2026-02-15T17:50:17.3394391Z   clean: true
audit-pods	Checkout repository	2026-02-15T17:50:17.3394982Z   sparse-checkout-cone-mode: true
audit-pods	Checkout repository	2026-02-15T17:50:17.3395671Z   fetch-depth: 1
audit-pods	Checkout repository	2026-02-15T17:50:17.3396246Z   fetch-tags: false
audit-pods	Checkout repository	2026-02-15T17:50:17.3396833Z   show-progress: true
audit-pods	Checkout repository	2026-02-15T17:50:17.3397427Z   lfs: false
audit-pods	Checkout repository	2026-02-15T17:50:17.3397986Z   submodules: false
audit-pods	Checkout repository	2026-02-15T17:50:17.3398612Z   set-safe-directory: true
audit-pods	Checkout repository	2026-02-15T17:50:17.3399525Z env:
audit-pods	Checkout repository	2026-02-15T17:50:17.3400106Z   KAOS_MODULE: [Ka0S] Audit Pods
audit-pods	Checkout repository	2026-02-15T17:50:17.3401205Z   KAOS_CODE: 22040274214
audit-pods	Checkout repository	2026-02-15T17:50:17.3401827Z ##[endgroup]
audit-pods	Checkout repository	2026-02-15T17:50:17.4665825Z Syncing repository: Ka0s-Klaus/ka0s
audit-pods	Checkout repository	2026-02-15T17:50:17.4668076Z ##[group]Getting Git version info
audit-pods	Checkout repository	2026-02-15T17:50:17.4669207Z Working directory is '/home/runner/_work/ka0s/ka0s'
audit-pods	Checkout repository	2026-02-15T17:50:17.4670802Z [command]/usr/bin/git version
audit-pods	Checkout repository	2026-02-15T17:50:17.4671638Z git version 2.52.0
audit-pods	Checkout repository	2026-02-15T17:50:17.4692082Z ##[endgroup]
audit-pods	Checkout repository	2026-02-15T17:50:17.4710691Z Temporarily overriding HOME='/home/runner/_work/_temp/041f65c7-e83c-4781-9e53-369004fbe7d5' before making global git config changes
audit-pods	Checkout repository	2026-02-15T17:50:17.4712547Z Adding repository directory to the temporary git global config as a safe directory
audit-pods	Checkout repository	2026-02-15T17:50:17.4718257Z [command]/usr/bin/git config --global --add safe.directory /home/runner/_work/ka0s/ka0s
audit-pods	Checkout repository	2026-02-15T17:50:17.4766063Z Deleting the contents of '/home/runner/_work/ka0s/ka0s'
audit-pods	Checkout repository	2026-02-15T17:50:17.4773087Z ##[group]Initializing the repository
audit-pods	Checkout repository	2026-02-15T17:50:17.4788362Z [command]/usr/bin/git init /home/runner/_work/ka0s/ka0s
audit-pods	Checkout repository	2026-02-15T17:50:17.4848976Z hint: Using 'master' as the name for the initial branch. This default branch name
audit-pods	Checkout repository	2026-02-15T17:50:17.4850939Z hint: will change to "main" in Git 3.0. To configure the initial branch name
audit-pods	Checkout repository	2026-02-15T17:50:17.4852653Z hint: to use in all of your new repositories, which will suppress this warning,
audit-pods	Checkout repository	2026-02-15T17:50:17.4853643Z hint: call:
audit-pods	Checkout repository	2026-02-15T17:50:17.4854185Z hint:
audit-pods	Checkout repository	2026-02-15T17:50:17.4854858Z hint: 	git config --global init.defaultBranch <name>
audit-pods	Checkout repository	2026-02-15T17:50:17.4855661Z hint:
audit-pods	Checkout repository	2026-02-15T17:50:17.4856424Z hint: Names commonly chosen instead of 'master' are 'main', 'trunk' and
audit-pods	Checkout repository	2026-02-15T17:50:17.4857632Z hint: 'development'. The just-created branch can be renamed via this command:
audit-pods	Checkout repository	2026-02-15T17:50:17.4858584Z hint:
audit-pods	Checkout repository	2026-02-15T17:50:17.4859140Z hint: 	git branch -m <name>
audit-pods	Checkout repository	2026-02-15T17:50:17.4859935Z hint:
audit-pods	Checkout repository	2026-02-15T17:50:17.4860971Z hint: Disable this message with "git config set advice.defaultBranchName false"
audit-pods	Checkout repository	2026-02-15T17:50:17.4862425Z Initialized empty Git repository in /home/runner/_work/ka0s/ka0s/.git/
audit-pods	Checkout repository	2026-02-15T17:50:17.4865303Z [command]/usr/bin/git remote add origin https://github.com/Ka0s-Klaus/ka0s
audit-pods	Checkout repository	2026-02-15T17:50:17.4921093Z ##[endgroup]
audit-pods	Checkout repository	2026-02-15T17:50:17.4923036Z ##[group]Disabling automatic garbage collection
audit-pods	Checkout repository	2026-02-15T17:50:17.4924559Z [command]/usr/bin/git config --local gc.auto 0
audit-pods	Checkout repository	2026-02-15T17:50:17.4969457Z ##[endgroup]
audit-pods	Checkout repository	2026-02-15T17:50:17.4970841Z ##[group]Setting up auth
audit-pods	Checkout repository	2026-02-15T17:50:17.4977425Z [command]/usr/bin/git config --local --name-only --get-regexp core\.sshCommand
audit-pods	Checkout repository	2026-02-15T17:50:17.5022984Z [command]/usr/bin/git submodule foreach --recursive sh -c "git config --local --name-only --get-regexp 'core\.sshCommand' && git config --local --unset-all 'core.sshCommand' || :"
audit-pods	Checkout repository	2026-02-15T17:50:17.5361942Z [command]/usr/bin/git config --local --name-only --get-regexp http\.https\:\/\/github\.com\/\.extraheader
audit-pods	Checkout repository	2026-02-15T17:50:17.5482385Z [command]/usr/bin/git submodule foreach --recursive sh -c "git config --local --name-only --get-regexp 'http\.https\:\/\/github\.com\/\.extraheader' && git config --local --unset-all 'http.https://github.com/.extraheader' || :"
audit-pods	Checkout repository	2026-02-15T17:50:17.5753803Z [command]/usr/bin/git config --local --name-only --get-regexp ^includeIf\.gitdir:
audit-pods	Checkout repository	2026-02-15T17:50:17.5795919Z [command]/usr/bin/git submodule foreach --recursive git config --local --show-origin --name-only --get-regexp remote.origin.url
audit-pods	Checkout repository	2026-02-15T17:50:17.6135222Z [command]/usr/bin/git config --local http.https://github.com/.extraheader AUTHORIZATION: basic ***
audit-pods	Checkout repository	2026-02-15T17:50:17.6186669Z ##[endgroup]
audit-pods	Checkout repository	2026-02-15T17:50:17.6187837Z ##[group]Fetching the repository
audit-pods	Checkout repository	2026-02-15T17:50:17.6206639Z [command]/usr/bin/git -c protocol.version=2 fetch --no-tags --prune --no-recurse-submodules --depth=1 origin +27ab00717aa2eb4e55d3e69fcc60b8f3d9f26c57:refs/remotes/origin/main
audit-pods	Checkout repository	2026-02-15T17:50:20.1029859Z From https://github.com/Ka0s-Klaus/ka0s
audit-pods	Checkout repository	2026-02-15T17:50:20.1046052Z  * [new ref]         27ab00717aa2eb4e55d3e69fcc60b8f3d9f26c57 -> origin/main
audit-pods	Checkout repository	2026-02-15T17:50:20.1198738Z ##[endgroup]
audit-pods	Checkout repository	2026-02-15T17:50:20.1202707Z ##[group]Determining the checkout info
audit-pods	Checkout repository	2026-02-15T17:50:20.1206900Z ##[endgroup]
audit-pods	Checkout repository	2026-02-15T17:50:20.1225610Z [command]/usr/bin/git sparse-checkout disable
audit-pods	Checkout repository	2026-02-15T17:50:20.1409988Z [command]/usr/bin/git config --local --unset-all extensions.worktreeConfig
audit-pods	Checkout repository	2026-02-15T17:50:20.1488691Z ##[group]Checking out the ref
audit-pods	Checkout repository	2026-02-15T17:50:20.1494563Z [command]/usr/bin/git checkout --progress --force -B main refs/remotes/origin/main
audit-pods	Checkout repository	2026-02-15T17:50:20.4106700Z Switched to a new branch 'main'
audit-pods	Checkout repository	2026-02-15T17:50:20.4110190Z branch 'main' set up to track 'origin/main'.
audit-pods	Checkout repository	2026-02-15T17:50:20.4148527Z ##[endgroup]
audit-pods	Checkout repository	2026-02-15T17:50:20.4198065Z [command]/usr/bin/git log -1 --format=%H
audit-pods	Checkout repository	2026-02-15T17:50:20.4232202Z 27ab00717aa2eb4e55d3e69fcc60b8f3d9f26c57
audit-pods	Execute Audit Script	﻿2026-02-15T17:50:20.4629836Z Prepare all required actions
audit-pods	Execute Audit Script	2026-02-15T17:50:20.4781637Z ##[group]Run ./.github/actions/ssh-exec
audit-pods	Execute Audit Script	2026-02-15T17:50:20.4782060Z with:
audit-pods	Execute Audit Script	2026-02-15T17:50:20.4782553Z   host: ***
audit-pods	Execute Audit Script	2026-02-15T17:50:20.4782872Z   username: ***
audit-pods	Execute Audit Script	2026-02-15T17:50:20.4785120Z   key: ***
audit-pods	Execute Audit Script	2026-02-15T17:50:20.4785413Z   port: ***
audit-pods	Execute Audit Script	2026-02-15T17:50:20.4786107Z   use-sudo: true
audit-pods	Execute Audit Script	2026-02-15T17:50:20.4786568Z   pass: ***
audit-pods	Execute Audit Script	2026-02-15T17:50:20.4786938Z   script-path: devops/core/k8s/audit-failed-pods.sh
audit-pods	Execute Audit Script	2026-02-15T17:50:20.4787382Z   remote-results-path: /tmp/results
audit-pods	Execute Audit Script	2026-02-15T17:50:20.4787759Z   local-results-path: audit/kube/
audit-pods	Execute Audit Script	2026-02-15T17:50:20.4788126Z   remote-tmp-dir: /tmp
audit-pods	Execute Audit Script	2026-02-15T17:50:20.4788436Z env:
audit-pods	Execute Audit Script	2026-02-15T17:50:20.4788877Z   KAOS_MODULE: [Ka0S] Audit Pods
audit-pods	Execute Audit Script	2026-02-15T17:50:20.4789262Z   KAOS_CODE: 22040274214
audit-pods	Execute Audit Script	2026-02-15T17:50:20.4789618Z ##[endgroup]
audit-pods	Execute Audit Script	2026-02-15T17:50:20.4915222Z ##[group]Run echo "***
audit-pods	Execute Audit Script	2026-02-15T17:50:20.4915769Z [36;1mecho "***[0m
audit-pods	Execute Audit Script	2026-02-15T17:50:20.4916325Z [36;1m***[0m
audit-pods	Execute Audit Script	2026-02-15T17:50:20.4916850Z [36;1m***[0m
audit-pods	Execute Audit Script	2026-02-15T17:50:20.4917430Z [36;1m***[0m
audit-pods	Execute Audit Script	2026-02-15T17:50:20.4917926Z [36;1m***[0m
audit-pods	Execute Audit Script	2026-02-15T17:50:20.4918397Z [36;1m***[0m
audit-pods	Execute Audit Script	2026-02-15T17:50:20.4918830Z [36;1m***" > /home/runner/_work/_temp/ssh_key[0m
audit-pods	Execute Audit Script	2026-02-15T17:50:20.4919274Z [36;1mchmod 600 /home/runner/_work/_temp/ssh_key[0m
audit-pods	Execute Audit Script	2026-02-15T17:50:20.4937958Z shell: /usr/bin/bash --noprofile --norc -e -o pipefail {0}
audit-pods	Execute Audit Script	2026-02-15T17:50:20.4938791Z env:
audit-pods	Execute Audit Script	2026-02-15T17:50:20.4939094Z   KAOS_MODULE: [Ka0S] Audit Pods
audit-pods	Execute Audit Script	2026-02-15T17:50:20.4939436Z   KAOS_CODE: 22040274214
audit-pods	Execute Audit Script	2026-02-15T17:50:20.4939748Z ##[endgroup]
audit-pods	Execute Audit Script	2026-02-15T17:50:20.5088392Z ##[group]Run scp -o StrictHostKeyChecking=no -i /home/runner/_work/_temp/ssh_key -P *** devops/core/k8s/audit-failed-pods.sh ***@***:/tmp
audit-pods	Execute Audit Script	2026-02-15T17:50:20.5089644Z [36;1mscp -o StrictHostKeyChecking=no -i /home/runner/_work/_temp/ssh_key -P *** devops/core/k8s/audit-failed-pods.sh ***@***:/tmp[0m
audit-pods	Execute Audit Script	2026-02-15T17:50:20.5113528Z shell: /usr/bin/bash --noprofile --norc -e -o pipefail {0}
audit-pods	Execute Audit Script	2026-02-15T17:50:20.5114082Z env:
audit-pods	Execute Audit Script	2026-02-15T17:50:20.5114399Z   KAOS_MODULE: [Ka0S] Audit Pods
audit-pods	Execute Audit Script	2026-02-15T17:50:20.5114754Z   KAOS_CODE: 22040274214
audit-pods	Execute Audit Script	2026-02-15T17:50:20.5115066Z ##[endgroup]
audit-pods	Execute Audit Script	2026-02-15T17:50:20.7480640Z Warning: Permanently added '[***]:***' (ED25519) to the list of known hosts.
audit-pods	Execute Audit Script	2026-02-15T17:50:22.0997347Z ##[group]Run REMOTE_SCRIPT_PATH="/tmp/$(basename devops/core/k8s/audit-failed-pods.sh)"
audit-pods	Execute Audit Script	2026-02-15T17:50:22.1001256Z [36;1mREMOTE_SCRIPT_PATH="/tmp/$(basename devops/core/k8s/audit-failed-pods.sh)"[0m
audit-pods	Execute Audit Script	2026-02-15T17:50:22.1004009Z [36;1mEXEC_COMMAND="chmod +x $REMOTE_SCRIPT_PATH && $REMOTE_SCRIPT_PATH "[0m
audit-pods	Execute Audit Script	2026-02-15T17:50:22.1006091Z [36;1mif [[ "true" == "true" ]]; then[0m
audit-pods	Execute Audit Script	2026-02-15T17:50:22.1008493Z [36;1m  SUDO_PREFIX="echo '***' | sudo -S"[0m
audit-pods	Execute Audit Script	2026-02-15T17:50:22.1010421Z [36;1m  COMMAND_CHAIN="$SUDO_PREFIX bash -c '$EXEC_COMMAND'"[0m
audit-pods	Execute Audit Script	2026-02-15T17:50:22.1012970Z [36;1m  if [[ "/tmp/results" != "" ]]; then[0m
audit-pods	Execute Audit Script	2026-02-15T17:50:22.1015078Z [36;1m    COMMAND_CHAIN="$COMMAND_CHAIN && $SUDO_PREFIX chmod -R 777 /tmp/results"[0m
audit-pods	Execute Audit Script	2026-02-15T17:50:22.1017159Z [36;1m  fi[0m
audit-pods	Execute Audit Script	2026-02-15T17:50:22.1020119Z [36;1m  ssh -o StrictHostKeyChecking=no -i /home/runner/_work/_temp/ssh_key -p *** ***@*** "$COMMAND_CHAIN && rm $REMOTE_SCRIPT_PATH"[0m
audit-pods	Execute Audit Script	2026-02-15T17:50:22.1023148Z [36;1melse[0m
audit-pods	Execute Audit Script	2026-02-15T17:50:22.1025941Z [36;1m  ssh -o StrictHostKeyChecking=no -i /home/runner/_work/_temp/ssh_key -p *** ***@*** "$EXEC_COMMAND && rm $REMOTE_SCRIPT_PATH"[0m
audit-pods	Execute Audit Script	2026-02-15T17:50:22.1028778Z [36;1mfi[0m
audit-pods	Execute Audit Script	2026-02-15T17:50:22.1078632Z shell: /usr/bin/bash --noprofile --norc -e -o pipefail {0}
audit-pods	Execute Audit Script	2026-02-15T17:50:22.1080377Z env:
audit-pods	Execute Audit Script	2026-02-15T17:50:22.1081707Z   KAOS_MODULE: [Ka0S] Audit Pods
audit-pods	Execute Audit Script	2026-02-15T17:50:22.1083026Z   KAOS_CODE: 22040274214
audit-pods	Execute Audit Script	2026-02-15T17:50:22.1084194Z ##[endgroup]
audit-pods	Execute Audit Script	2026-02-15T17:50:22.6915841Z [INFO] Iniciando auditoría de pods fallidos...
audit-pods	Execute Audit Script	2026-02-15T17:50:22.6917899Z [INFO] Directorio de salida: /tmp/results
audit-pods	Execute Audit Script	2026-02-15T17:50:23.1848824Z [SUCCESS] Auditoría finalizada. Se encontraron 2 pods con problemas.
audit-pods	Execute Audit Script	2026-02-15T17:50:23.1853728Z [INFO] Resultado guardado en: /tmp/results/failed_pods.json
audit-pods	Execute Audit Script	2026-02-15T17:50:23.2280176Z [sudo] password for ***: 
audit-pods	Execute Audit Script	2026-02-15T17:50:23.2458539Z ##[group]Run mkdir -p audit/kube/
audit-pods	Execute Audit Script	2026-02-15T17:50:23.2460097Z [36;1mmkdir -p audit/kube/[0m
audit-pods	Execute Audit Script	2026-02-15T17:50:23.2464150Z [36;1mscp -o StrictHostKeyChecking=no -r -i /home/runner/_work/_temp/ssh_key -P *** ***@***:/tmp/results/* audit/kube/[0m
audit-pods	Execute Audit Script	2026-02-15T17:50:23.2467195Z [36;1mecho "path=audit/kube/" >> $GITHUB_OUTPUT[0m
audit-pods	Execute Audit Script	2026-02-15T17:50:23.2517471Z shell: /usr/bin/bash --noprofile --norc -e -o pipefail {0}
audit-pods	Execute Audit Script	2026-02-15T17:50:23.2519205Z env:
audit-pods	Execute Audit Script	2026-02-15T17:50:23.2520255Z   KAOS_MODULE: [Ka0S] Audit Pods
audit-pods	Execute Audit Script	2026-02-15T17:50:23.2522421Z   KAOS_CODE: 22040274214
audit-pods	Execute Audit Script	2026-02-15T17:50:23.2523587Z ##[endgroup]
audit-pods	Commit Results	﻿2026-02-15T17:50:24.2479064Z ##[group]Run git config --global user.name "Ka0s Bot"
audit-pods	Commit Results	2026-02-15T17:50:24.2479564Z [36;1mgit config --global user.name "Ka0s Bot"[0m
audit-pods	Commit Results	2026-02-15T17:50:24.2479974Z [36;1mgit config --global user.email "bot@ka0s.io"[0m
audit-pods	Commit Results	2026-02-15T17:50:24.2480369Z [36;1mgit add audit/kube/failed_pods.json[0m
audit-pods	Commit Results	2026-02-15T17:50:24.2480919Z [36;1mif ! git diff --staged --quiet; then[0m
audit-pods	Commit Results	2026-02-15T17:50:24.2481412Z [36;1m  git commit -m "[Audit] Update failed pods report $(date +'%Y-%m-%d %H:%M')"[0m
audit-pods	Commit Results	2026-02-15T17:50:24.2481889Z [36;1m  git push[0m
audit-pods	Commit Results	2026-02-15T17:50:24.2482411Z [36;1melse[0m
audit-pods	Commit Results	2026-02-15T17:50:24.2482970Z [36;1m  echo "No changes in failed pods report."[0m
audit-pods	Commit Results	2026-02-15T17:50:24.2483318Z [36;1mfi[0m
audit-pods	Commit Results	2026-02-15T17:50:24.2496376Z shell: /usr/bin/bash -e {0}
audit-pods	Commit Results	2026-02-15T17:50:24.2496680Z env:
audit-pods	Commit Results	2026-02-15T17:50:24.2496924Z   KAOS_MODULE: [Ka0S] Audit Pods
audit-pods	Commit Results	2026-02-15T17:50:24.2497227Z   KAOS_CODE: 22040274214
audit-pods	Commit Results	2026-02-15T17:50:24.2497495Z ##[endgroup]
audit-pods	Commit Results	2026-02-15T17:50:24.4859785Z [main f5d8cdb] [Audit] Update failed pods report 2026-02-15 17:50
audit-pods	Commit Results	2026-02-15T17:50:24.4860327Z  1 file changed, 566 insertions(+)
audit-pods	Commit Results	2026-02-15T17:50:24.4860766Z  create mode 100755 audit/kube/failed_pods.json
audit-pods	Commit Results	2026-02-15T17:50:25.2973300Z To https://github.com/Ka0s-Klaus/ka0s
audit-pods	Commit Results	2026-02-15T17:50:25.2975042Z    27ab007..f5d8cdb  main -> main
audit-pods	Process Tickets in iTop	﻿2026-02-15T17:50:25.3338698Z ##[group]Run python3 devops/core/k8s/process-failed-pods.py
audit-pods	Process Tickets in iTop	2026-02-15T17:50:25.3339651Z [36;1mpython3 devops/core/k8s/process-failed-pods.py[0m
audit-pods	Process Tickets in iTop	2026-02-15T17:50:25.3360775Z shell: /usr/bin/bash -e {0}
audit-pods	Process Tickets in iTop	2026-02-15T17:50:25.3361332Z env:
audit-pods	Process Tickets in iTop	2026-02-15T17:50:25.3361804Z   KAOS_MODULE: [Ka0S] Audit Pods
audit-pods	Process Tickets in iTop	2026-02-15T17:50:25.3362369Z   KAOS_CODE: 22040274214
audit-pods	Process Tickets in iTop	2026-02-15T17:50:25.3363023Z   ITOP_URL: ***
audit-pods	Process Tickets in iTop	2026-02-15T17:50:25.3363493Z   ITOP_USER: ***
audit-pods	Process Tickets in iTop	2026-02-15T17:50:25.3363988Z   ITOP_PASSWORD: ***
audit-pods	Process Tickets in iTop	2026-02-15T17:50:25.3364524Z   FAILED_PODS_FILE: audit/kube/failed_pods.json
audit-pods	Process Tickets in iTop	2026-02-15T17:50:25.3365136Z ##[endgroup]
audit-pods	Process Tickets in iTop	2026-02-15T17:52:40.7958035Z [INFO] Current Failed Pods: 2
audit-pods	Process Tickets in iTop	2026-02-15T17:52:40.7971419Z [DEBUG] POST to ***/webservices/rest.php?version=1.3
audit-pods	Process Tickets in iTop	2026-02-15T17:52:40.7973673Z [FATAL] URL Error: [Errno 110] Connection timed out
audit-pods	Process Tickets in iTop	2026-02-15T17:52:40.8326106Z ##[error]Process completed with exit code 1.
audit-pods	Post Checkout repository	﻿2026-02-15T17:52:40.8548547Z Post job cleanup.
audit-pods	Post Checkout repository	2026-02-15T17:52:40.9628989Z [command]/usr/bin/git version
audit-pods	Post Checkout repository	2026-02-15T17:52:40.9675134Z git version 2.52.0
audit-pods	Post Checkout repository	2026-02-15T17:52:40.9715429Z Copying '/home/runner/.gitconfig' to '/home/runner/_work/_temp/429df393-c8c4-44a9-b575-ecaa0cc81ac1/.gitconfig'
audit-pods	Post Checkout repository	2026-02-15T17:52:40.9727986Z Temporarily overriding HOME='/home/runner/_work/_temp/429df393-c8c4-44a9-b575-ecaa0cc81ac1' before making global git config changes
audit-pods	Post Checkout repository	2026-02-15T17:52:40.9728896Z Adding repository directory to the temporary git global config as a safe directory
audit-pods	Post Checkout repository	2026-02-15T17:52:40.9734044Z [command]/usr/bin/git config --global --add safe.directory /home/runner/_work/ka0s/ka0s
audit-pods	Post Checkout repository	2026-02-15T17:52:40.9791743Z [command]/usr/bin/git config --local --name-only --get-regexp core\.sshCommand
audit-pods	Post Checkout repository	2026-02-15T17:52:40.9838199Z [command]/usr/bin/git submodule foreach --recursive sh -c "git config --local --name-only --get-regexp 'core\.sshCommand' && git config --local --unset-all 'core.sshCommand' || :"
audit-pods	Post Checkout repository	2026-02-15T17:52:41.0186938Z [command]/usr/bin/git config --local --name-only --get-regexp http\.https\:\/\/github\.com\/\.extraheader
audit-pods	Post Checkout repository	2026-02-15T17:52:41.0217332Z http.https://github.com/.extraheader
audit-pods	Post Checkout repository	2026-02-15T17:52:41.0231044Z [command]/usr/bin/git config --local --unset-all http.https://github.com/.extraheader
audit-pods	Post Checkout repository	2026-02-15T17:52:41.0276623Z [command]/usr/bin/git submodule foreach --recursive sh -c "git config --local --name-only --get-regexp 'http\.https\:\/\/github\.com\/\.extraheader' && git config --local --unset-all 'http.https://github.com/.extraheader' || :"
audit-pods	Post Checkout repository	2026-02-15T17:52:41.0626636Z [command]/usr/bin/git config --local --name-only --get-regexp ^includeIf\.gitdir:
audit-pods	Post Checkout repository	2026-02-15T17:52:41.0668098Z [command]/usr/bin/git submodule foreach --recursive git config --local --show-origin --name-only --get-regexp remote.origin.url
audit-pods	Complete job	﻿2026-02-15T17:52:41.1162339Z Cleaning up orphan processes
handle-failure	Set up job	﻿2026-02-15T17:52:54.4806793Z Current runner version: '2.331.0'
handle-failure	Set up job	2026-02-15T17:52:54.4815669Z Runner name: 'swarm-runners-scaleset-hkss5-runner-zrsrs'
handle-failure	Set up job	2026-02-15T17:52:54.4816672Z Runner group name: 'Default'
handle-failure	Set up job	2026-02-15T17:52:54.4817689Z Machine name: 'swarm-runners-scaleset-hkss5-runner-zrsrs'
handle-failure	Set up job	2026-02-15T17:52:54.4821795Z ##[group]GITHUB_TOKEN Permissions
handle-failure	Set up job	2026-02-15T17:52:54.4824581Z Actions: write
handle-failure	Set up job	2026-02-15T17:52:54.4825168Z Contents: write
handle-failure	Set up job	2026-02-15T17:52:54.4825735Z Issues: write
handle-failure	Set up job	2026-02-15T17:52:54.4826364Z Metadata: read
handle-failure	Set up job	2026-02-15T17:52:54.4826901Z ##[endgroup]
handle-failure	Set up job	2026-02-15T17:52:54.4829057Z Secret source: Actions
handle-failure	Set up job	2026-02-15T17:52:54.4829750Z Prepare workflow directory
handle-failure	Set up job	2026-02-15T17:52:54.5379549Z Prepare all required actions
handle-failure	Set up job	2026-02-15T17:52:54.5474058Z Complete job name: handle-failure
handle-failure	Run echo "Error detected in [Ka0S] Audit Pods, creating issue..."	﻿2026-02-15T17:52:54.6158849Z ##[group]Run echo "Error detected in [Ka0S] Audit Pods, creating issue..."
handle-failure	Run echo "Error detected in [Ka0S] Audit Pods, creating issue..."	2026-02-15T17:52:54.6159845Z [36;1mecho "Error detected in [Ka0S] Audit Pods, creating issue..."[0m
handle-failure	Run echo "Error detected in [Ka0S] Audit Pods, creating issue..."	2026-02-15T17:52:54.6189795Z shell: /usr/bin/bash -e {0}
handle-failure	Run echo "Error detected in [Ka0S] Audit Pods, creating issue..."	2026-02-15T17:52:54.6191032Z env:
handle-failure	Run echo "Error detected in [Ka0S] Audit Pods, creating issue..."	2026-02-15T17:52:54.6191440Z   KAOS_MODULE: [Ka0S] Audit Pods
handle-failure	Run echo "Error detected in [Ka0S] Audit Pods, creating issue..."	2026-02-15T17:52:54.6191906Z   KAOS_CODE: 22040274214
handle-failure	Run echo "Error detected in [Ka0S] Audit Pods, creating issue..."	2026-02-15T17:52:54.6192319Z ##[endgroup]
handle-failure	Run echo "Error detected in [Ka0S] Audit Pods, creating issue..."	2026-02-15T17:52:54.6477888Z Error detected in [Ka0S] Audit Pods, creating issue...
handle-failure	Complete job	﻿2026-02-15T17:52:54.6597978Z Cleaning up orphan processes
end-workflow	Set up job	﻿2026-02-15T17:53:07.1815349Z Current runner version: '2.331.0'
end-workflow	Set up job	2026-02-15T17:53:07.1824107Z Runner name: 'swarm-runners-scaleset-hkss5-runner-nqtfv'
end-workflow	Set up job	2026-02-15T17:53:07.1825269Z Runner group name: 'Default'
end-workflow	Set up job	2026-02-15T17:53:07.1826500Z Machine name: 'swarm-runners-scaleset-hkss5-runner-nqtfv'
end-workflow	Set up job	2026-02-15T17:53:07.1830350Z ##[group]GITHUB_TOKEN Permissions
end-workflow	Set up job	2026-02-15T17:53:07.1833247Z Actions: write
end-workflow	Set up job	2026-02-15T17:53:07.1833931Z Contents: write
end-workflow	Set up job	2026-02-15T17:53:07.1834511Z Issues: write
end-workflow	Set up job	2026-02-15T17:53:07.1835048Z Metadata: read
end-workflow	Set up job	2026-02-15T17:53:07.1835928Z ##[endgroup]
end-workflow	Set up job	2026-02-15T17:53:07.1838023Z Secret source: Actions
end-workflow	Set up job	2026-02-15T17:53:07.1839047Z Prepare workflow directory
end-workflow	Set up job	2026-02-15T17:53:07.2370246Z Prepare all required actions
end-workflow	Set up job	2026-02-15T17:53:07.2410729Z Getting action download info
end-workflow	Set up job	2026-02-15T17:53:07.8237216Z Download action repository 'actions/checkout@v4' (SHA:34e114876b0b11c390a56381ad16ebd13914f8d5)
end-workflow	Set up job	2026-02-15T17:53:08.7600335Z Complete job name: end-workflow
end-workflow	Checkout Repository	﻿2026-02-15T17:53:08.8250281Z ##[group]Run actions/checkout@v4
end-workflow	Checkout Repository	2026-02-15T17:53:08.8251663Z with:
end-workflow	Checkout Repository	2026-02-15T17:53:08.8252060Z   fetch-depth: 0
end-workflow	Checkout Repository	2026-02-15T17:53:08.8252475Z   repository: Ka0s-Klaus/ka0s
end-workflow	Checkout Repository	2026-02-15T17:53:08.8253213Z   token: ***
end-workflow	Checkout Repository	2026-02-15T17:53:08.8253604Z   ssh-strict: true
end-workflow	Checkout Repository	2026-02-15T17:53:08.8253990Z   ssh-user: git
end-workflow	Checkout Repository	2026-02-15T17:53:08.8254391Z   persist-credentials: true
end-workflow	Checkout Repository	2026-02-15T17:53:08.8254842Z   clean: true
end-workflow	Checkout Repository	2026-02-15T17:53:08.8255243Z   sparse-checkout-cone-mode: true
end-workflow	Checkout Repository	2026-02-15T17:53:08.8255737Z   fetch-tags: false
end-workflow	Checkout Repository	2026-02-15T17:53:08.8256138Z   show-progress: true
end-workflow	Checkout Repository	2026-02-15T17:53:08.8256549Z   lfs: false
end-workflow	Checkout Repository	2026-02-15T17:53:08.8256936Z   submodules: false
end-workflow	Checkout Repository	2026-02-15T17:53:08.8257344Z   set-safe-directory: true
end-workflow	Checkout Repository	2026-02-15T17:53:08.8258020Z env:
end-workflow	Checkout Repository	2026-02-15T17:53:08.8258411Z   KAOS_MODULE: [Ka0S] Audit Pods
end-workflow	Checkout Repository	2026-02-15T17:53:08.8258898Z   KAOS_CODE: 22040274214
end-workflow	Checkout Repository	2026-02-15T17:53:08.8259321Z ##[endgroup]
end-workflow	Checkout Repository	2026-02-15T17:53:08.9522020Z Syncing repository: Ka0s-Klaus/ka0s
end-workflow	Checkout Repository	2026-02-15T17:53:08.9524121Z ##[group]Getting Git version info
end-workflow	Checkout Repository	2026-02-15T17:53:08.9525013Z Working directory is '/home/runner/_work/ka0s/ka0s'
end-workflow	Checkout Repository	2026-02-15T17:53:08.9525923Z [command]/usr/bin/git version
end-workflow	Checkout Repository	2026-02-15T17:53:08.9526431Z git version 2.52.0
end-workflow	Checkout Repository	2026-02-15T17:53:08.9552142Z ##[endgroup]
end-workflow	Checkout Repository	2026-02-15T17:53:08.9572386Z Temporarily overriding HOME='/home/runner/_work/_temp/4c06d643-0f5d-4d53-ad06-8a888a9bf9d0' before making global git config changes
end-workflow	Checkout Repository	2026-02-15T17:53:08.9573868Z Adding repository directory to the temporary git global config as a safe directory
end-workflow	Checkout Repository	2026-02-15T17:53:08.9578470Z [command]/usr/bin/git config --global --add safe.directory /home/runner/_work/ka0s/ka0s
end-workflow	Checkout Repository	2026-02-15T17:53:08.9626590Z Deleting the contents of '/home/runner/_work/ka0s/ka0s'
end-workflow	Checkout Repository	2026-02-15T17:53:08.9631864Z ##[group]Initializing the repository
end-workflow	Checkout Repository	2026-02-15T17:53:08.9638456Z [command]/usr/bin/git init /home/runner/_work/ka0s/ka0s
end-workflow	Checkout Repository	2026-02-15T17:53:08.9699780Z hint: Using 'master' as the name for the initial branch. This default branch name
end-workflow	Checkout Repository	2026-02-15T17:53:08.9701131Z hint: will change to "main" in Git 3.0. To configure the initial branch name
end-workflow	Checkout Repository	2026-02-15T17:53:08.9702277Z hint: to use in all of your new repositories, which will suppress this warning,
end-workflow	Checkout Repository	2026-02-15T17:53:08.9703023Z hint: call:
end-workflow	Checkout Repository	2026-02-15T17:53:08.9703390Z hint:
end-workflow	Checkout Repository	2026-02-15T17:53:08.9704039Z hint: 	git config --global init.defaultBranch <name>
end-workflow	Checkout Repository	2026-02-15T17:53:08.9704767Z hint:
end-workflow	Checkout Repository	2026-02-15T17:53:08.9705329Z hint: Names commonly chosen instead of 'master' are 'main', 'trunk' and
end-workflow	Checkout Repository	2026-02-15T17:53:08.9706272Z hint: 'development'. The just-created branch can be renamed via this command:
end-workflow	Checkout Repository	2026-02-15T17:53:08.9706998Z hint:
end-workflow	Checkout Repository	2026-02-15T17:53:08.9707380Z hint: 	git branch -m <name>
end-workflow	Checkout Repository	2026-02-15T17:53:08.9707830Z hint:
end-workflow	Checkout Repository	2026-02-15T17:53:08.9708460Z hint: Disable this message with "git config set advice.defaultBranchName false"
end-workflow	Checkout Repository	2026-02-15T17:53:08.9709442Z Initialized empty Git repository in /home/runner/_work/ka0s/ka0s/.git/
end-workflow	Checkout Repository	2026-02-15T17:53:08.9711730Z [command]/usr/bin/git remote add origin https://github.com/Ka0s-Klaus/ka0s
end-workflow	Checkout Repository	2026-02-15T17:53:08.9757225Z ##[endgroup]
end-workflow	Checkout Repository	2026-02-15T17:53:08.9758559Z ##[group]Disabling automatic garbage collection
end-workflow	Checkout Repository	2026-02-15T17:53:08.9761251Z [command]/usr/bin/git config --local gc.auto 0
end-workflow	Checkout Repository	2026-02-15T17:53:08.9807636Z ##[endgroup]
end-workflow	Checkout Repository	2026-02-15T17:53:08.9808395Z ##[group]Setting up auth
end-workflow	Checkout Repository	2026-02-15T17:53:08.9822294Z [command]/usr/bin/git config --local --name-only --get-regexp core\.sshCommand
end-workflow	Checkout Repository	2026-02-15T17:53:08.9863690Z [command]/usr/bin/git submodule foreach --recursive sh -c "git config --local --name-only --get-regexp 'core\.sshCommand' && git config --local --unset-all 'core.sshCommand' || :"
end-workflow	Checkout Repository	2026-02-15T17:53:09.0208070Z [command]/usr/bin/git config --local --name-only --get-regexp http\.https\:\/\/github\.com\/\.extraheader
end-workflow	Checkout Repository	2026-02-15T17:53:09.0250000Z [command]/usr/bin/git submodule foreach --recursive sh -c "git config --local --name-only --get-regexp 'http\.https\:\/\/github\.com\/\.extraheader' && git config --local --unset-all 'http.https://github.com/.extraheader' || :"
end-workflow	Checkout Repository	2026-02-15T17:53:09.0589543Z [command]/usr/bin/git config --local --name-only --get-regexp ^includeIf\.gitdir:
end-workflow	Checkout Repository	2026-02-15T17:53:09.0631849Z [command]/usr/bin/git submodule foreach --recursive git config --local --show-origin --name-only --get-regexp remote.origin.url
end-workflow	Checkout Repository	2026-02-15T17:53:09.0964442Z [command]/usr/bin/git config --local http.https://github.com/.extraheader AUTHORIZATION: basic ***
end-workflow	Checkout Repository	2026-02-15T17:53:09.1025346Z ##[endgroup]
end-workflow	Checkout Repository	2026-02-15T17:53:09.1026183Z ##[group]Fetching the repository
end-workflow	Checkout Repository	2026-02-15T17:53:09.1033844Z [command]/usr/bin/git -c protocol.version=2 fetch --prune --no-recurse-submodules origin +refs/heads/*:refs/remotes/origin/* +refs/tags/*:refs/tags/*
end-workflow	Checkout Repository	2026-02-15T17:53:29.2300236Z From https://github.com/Ka0s-Klaus/ka0s
end-workflow	Checkout Repository	2026-02-15T17:53:29.2301416Z  * [new branch]          F227-despliegue-de-kube-independiente-del-clouder -> origin/F227-despliegue-de-kube-independiente-del-clouder
end-workflow	Checkout Repository	2026-02-15T17:53:29.2302327Z  * [new branch]          F3450-modelo-operativo -> origin/F3450-modelo-operativo
end-workflow	Checkout Repository	2026-02-15T17:53:29.2303105Z  * [new branch]          H1151-desarrollo-de-secciones-ii -> origin/H1151-desarrollo-de-secciones-ii
end-workflow	Checkout Repository	2026-02-15T17:53:29.2304222Z  * [new branch]          H1193-ejemplo-web-documentacion -> origin/H1193-ejemplo-web-documentacion
end-workflow	Checkout Repository	2026-02-15T17:53:29.2304989Z  * [new branch]          H1276-modulo-observabilidad -> origin/H1276-modulo-observabilidad
end-workflow	Checkout Repository	2026-02-15T17:53:29.2305937Z  * [new branch]          H227-despliegue-de-kube-independiente-del-clouder -> origin/H227-despliegue-de-kube-independiente-del-clouder
end-workflow	Checkout Repository	2026-02-15T17:53:29.2306807Z  * [new branch]          H3266-deploy-zabbix    -> origin/H3266-deploy-zabbix
end-workflow	Checkout Repository	2026-02-15T17:53:29.2307389Z  * [new branch]          H3596-deploy-itop      -> origin/H3596-deploy-itop
end-workflow	Checkout Repository	2026-02-15T17:53:29.2308330Z  * [new branch]          RN227-despliegue-de-kube-independiente-del-clouder -> origin/RN227-despliegue-de-kube-independiente-del-clouder
end-workflow	Checkout Repository	2026-02-15T17:53:29.2309151Z  * [new branch]          main                   -> origin/main
end-workflow	Checkout Repository	2026-02-15T17:53:29.2309642Z  * [new tag]             0.0.0                  -> 0.0.0
end-workflow	Checkout Repository	2026-02-15T17:53:29.2310112Z  * [new tag]             0.0.1                  -> 0.0.1
end-workflow	Checkout Repository	2026-02-15T17:53:29.2310816Z  * [new tag]             0.0.10                 -> 0.0.10
end-workflow	Checkout Repository	2026-02-15T17:53:29.2311316Z  * [new tag]             0.0.100                -> 0.0.100
end-workflow	Checkout Repository	2026-02-15T17:53:29.2311892Z  * [new tag]             0.0.101                -> 0.0.101
end-workflow	Checkout Repository	2026-02-15T17:53:29.2312305Z  * [new tag]             0.0.102                -> 0.0.102
end-workflow	Checkout Repository	2026-02-15T17:53:29.2312702Z  * [new tag]             0.0.103                -> 0.0.103
end-workflow	Checkout Repository	2026-02-15T17:53:29.2313191Z  * [new tag]             0.0.104                -> 0.0.104
end-workflow	Checkout Repository	2026-02-15T17:53:29.2313592Z  * [new tag]             0.0.105                -> 0.0.105
end-workflow	Checkout Repository	2026-02-15T17:53:29.2314007Z  * [new tag]             0.0.106                -> 0.0.106
end-workflow	Checkout Repository	2026-02-15T17:53:29.2314412Z  * [new tag]             0.0.107                -> 0.0.107
end-workflow	Checkout Repository	2026-02-15T17:53:29.2314837Z  * [new tag]             0.0.108                -> 0.0.108
end-workflow	Checkout Repository	2026-02-15T17:53:29.2315254Z  * [new tag]             0.0.109                -> 0.0.109
end-workflow	Checkout Repository	2026-02-15T17:53:29.2316092Z  * [new tag]             0.0.11                 -> 0.0.11
end-workflow	Checkout Repository	2026-02-15T17:53:29.2316499Z  * [new tag]             0.0.110                -> 0.0.110
end-workflow	Checkout Repository	2026-02-15T17:53:29.2316892Z  * [new tag]             0.0.111                -> 0.0.111
end-workflow	Checkout Repository	2026-02-15T17:53:29.2317301Z  * [new tag]             0.0.112                -> 0.0.112
end-workflow	Checkout Repository	2026-02-15T17:53:29.2317711Z  * [new tag]             0.0.113                -> 0.0.113
end-workflow	Checkout Repository	2026-02-15T17:53:29.2318194Z  * [new tag]             0.0.114                -> 0.0.114
end-workflow	Checkout Repository	2026-02-15T17:53:29.2318647Z  * [new tag]             0.0.115                -> 0.0.115
end-workflow	Checkout Repository	2026-02-15T17:53:29.2319043Z  * [new tag]             0.0.116                -> 0.0.116
end-workflow	Checkout Repository	2026-02-15T17:53:29.2319441Z  * [new tag]             0.0.117                -> 0.0.117
end-workflow	Checkout Repository	2026-02-15T17:53:29.2319834Z  * [new tag]             0.0.118                -> 0.0.118
end-workflow	Checkout Repository	2026-02-15T17:53:29.2320233Z  * [new tag]             0.0.119                -> 0.0.119
end-workflow	Checkout Repository	2026-02-15T17:53:29.2321086Z  * [new tag]             0.0.12                 -> 0.0.12
end-workflow	Checkout Repository	2026-02-15T17:53:29.2321496Z  * [new tag]             0.0.120                -> 0.0.120
end-workflow	Checkout Repository	2026-02-15T17:53:29.2321898Z  * [new tag]             0.0.121                -> 0.0.121
end-workflow	Checkout Repository	2026-02-15T17:53:29.2322295Z  * [new tag]             0.0.122                -> 0.0.122
end-workflow	Checkout Repository	2026-02-15T17:53:29.2322695Z  * [new tag]             0.0.123                -> 0.0.123
end-workflow	Checkout Repository	2026-02-15T17:53:29.2323146Z  * [new tag]             0.0.124                -> 0.0.124
end-workflow	Checkout Repository	2026-02-15T17:53:29.2323542Z  * [new tag]             0.0.125                -> 0.0.125
end-workflow	Checkout Repository	2026-02-15T17:53:29.2323942Z  * [new tag]             0.0.126                -> 0.0.126
end-workflow	Checkout Repository	2026-02-15T17:53:29.2324333Z  * [new tag]             0.0.127                -> 0.0.127
end-workflow	Checkout Repository	2026-02-15T17:53:29.2324738Z  * [new tag]             0.0.128                -> 0.0.128
end-workflow	Checkout Repository	2026-02-15T17:53:29.2325137Z  * [new tag]             0.0.129                -> 0.0.129
end-workflow	Checkout Repository	2026-02-15T17:53:29.2325539Z  * [new tag]             0.0.13                 -> 0.0.13
end-workflow	Checkout Repository	2026-02-15T17:53:29.2325974Z  * [new tag]             0.0.130                -> 0.0.130
end-workflow	Checkout Repository	2026-02-15T17:53:29.2326377Z  * [new tag]             0.0.131                -> 0.0.131
end-workflow	Checkout Repository	2026-02-15T17:53:29.2326773Z  * [new tag]             0.0.132                -> 0.0.132
end-workflow	Checkout Repository	2026-02-15T17:53:29.2327166Z  * [new tag]             0.0.133                -> 0.0.133
end-workflow	Checkout Repository	2026-02-15T17:53:29.2327564Z  * [new tag]             0.0.134                -> 0.0.134
end-workflow	Checkout Repository	2026-02-15T17:53:29.2327956Z  * [new tag]             0.0.135                -> 0.0.135
end-workflow	Checkout Repository	2026-02-15T17:53:29.2328359Z  * [new tag]             0.0.136                -> 0.0.136
end-workflow	Checkout Repository	2026-02-15T17:53:29.2328758Z  * [new tag]             0.0.137                -> 0.0.137
end-workflow	Checkout Repository	2026-02-15T17:53:29.2329156Z  * [new tag]             0.0.138                -> 0.0.138
end-workflow	Checkout Repository	2026-02-15T17:53:29.2329557Z  * [new tag]             0.0.139                -> 0.0.139
end-workflow	Checkout Repository	2026-02-15T17:53:29.2329951Z  * [new tag]             0.0.14                 -> 0.0.14
end-workflow	Checkout Repository	2026-02-15T17:53:29.2330361Z  * [new tag]             0.0.140                -> 0.0.140
end-workflow	Checkout Repository	2026-02-15T17:53:29.2330917Z  * [new tag]             0.0.141                -> 0.0.141
end-workflow	Checkout Repository	2026-02-15T17:53:29.2331321Z  * [new tag]             0.0.142                -> 0.0.142
end-workflow	Checkout Repository	2026-02-15T17:53:29.2331719Z  * [new tag]             0.0.143                -> 0.0.143
end-workflow	Checkout Repository	2026-02-15T17:53:29.2332113Z  * [new tag]             0.0.144                -> 0.0.144
end-workflow	Checkout Repository	2026-02-15T17:53:29.2332516Z  * [new tag]             0.0.145                -> 0.0.145
end-workflow	Checkout Repository	2026-02-15T17:53:29.2332928Z  * [new tag]             0.0.146                -> 0.0.146
end-workflow	Checkout Repository	2026-02-15T17:53:29.2333348Z  * [new tag]             0.0.147                -> 0.0.147
end-workflow	Checkout Repository	2026-02-15T17:53:29.2333837Z  * [new tag]             0.0.148                -> 0.0.148
end-workflow	Checkout Repository	2026-02-15T17:53:29.2334248Z  * [new tag]             0.0.149                -> 0.0.149
end-workflow	Checkout Repository	2026-02-15T17:53:29.2334659Z  * [new tag]             0.0.15                 -> 0.0.15
end-workflow	Checkout Repository	2026-02-15T17:53:29.2335067Z  * [new tag]             0.0.150                -> 0.0.150
end-workflow	Checkout Repository	2026-02-15T17:53:29.2335734Z  * [new tag]             0.0.151                -> 0.0.151
end-workflow	Checkout Repository	2026-02-15T17:53:29.2336141Z  * [new tag]             0.0.152                -> 0.0.152
end-workflow	Checkout Repository	2026-02-15T17:53:29.2336552Z  * [new tag]             0.0.153                -> 0.0.153
end-workflow	Checkout Repository	2026-02-15T17:53:29.2336961Z  * [new tag]             0.0.154                -> 0.0.154
end-workflow	Checkout Repository	2026-02-15T17:53:29.2337365Z  * [new tag]             0.0.155                -> 0.0.155
end-workflow	Checkout Repository	2026-02-15T17:53:29.2337776Z  * [new tag]             0.0.156                -> 0.0.156
end-workflow	Checkout Repository	2026-02-15T17:53:29.2338182Z  * [new tag]             0.0.157                -> 0.0.157
end-workflow	Checkout Repository	2026-02-15T17:53:29.2338593Z  * [new tag]             0.0.158                -> 0.0.158
end-workflow	Checkout Repository	2026-02-15T17:53:29.2338997Z  * [new tag]             0.0.159                -> 0.0.159
end-workflow	Checkout Repository	2026-02-15T17:53:29.2339407Z  * [new tag]             0.0.16                 -> 0.0.16
end-workflow	Checkout Repository	2026-02-15T17:53:29.2339833Z  * [new tag]             0.0.160                -> 0.0.160
end-workflow	Checkout Repository	2026-02-15T17:53:29.2340235Z  * [new tag]             0.0.161                -> 0.0.161
end-workflow	Checkout Repository	2026-02-15T17:53:29.2340984Z  * [new tag]             0.0.162                -> 0.0.162
end-workflow	Checkout Repository	2026-02-15T17:53:29.2341395Z  * [new tag]             0.0.163                -> 0.0.163
end-workflow	Checkout Repository	2026-02-15T17:53:29.2341867Z  * [new tag]             0.0.164                -> 0.0.164
end-workflow	Checkout Repository	2026-02-15T17:53:29.2342280Z  * [new tag]             0.0.165                -> 0.0.165
end-workflow	Checkout Repository	2026-02-15T17:53:29.2342687Z  * [new tag]             0.0.166                -> 0.0.166
end-workflow	Checkout Repository	2026-02-15T17:53:29.2343099Z  * [new tag]             0.0.167                -> 0.0.167
end-workflow	Checkout Repository	2026-02-15T17:53:29.2343504Z  * [new tag]             0.0.168                -> 0.0.168
end-workflow	Checkout Repository	2026-02-15T17:53:29.2343914Z  * [new tag]             0.0.169                -> 0.0.169
end-workflow	Checkout Repository	2026-02-15T17:53:29.2344327Z  * [new tag]             0.0.17                 -> 0.0.17
end-workflow	Checkout Repository	2026-02-15T17:53:29.2344731Z  * [new tag]             0.0.170                -> 0.0.170
end-workflow	Checkout Repository	2026-02-15T17:53:29.2345139Z  * [new tag]             0.0.171                -> 0.0.171
end-workflow	Checkout Repository	2026-02-15T17:53:29.2345559Z  * [new tag]             0.0.172                -> 0.0.172
end-workflow	Checkout Repository	2026-02-15T17:53:29.2345978Z  * [new tag]             0.0.173                -> 0.0.173
end-workflow	Checkout Repository	2026-02-15T17:53:29.2346385Z  * [new tag]             0.0.174                -> 0.0.174
end-workflow	Checkout Repository	2026-02-15T17:53:29.2346796Z  * [new tag]             0.0.175                -> 0.0.175
end-workflow	Checkout Repository	2026-02-15T17:53:29.2347212Z  * [new tag]             0.0.176                -> 0.0.176
end-workflow	Checkout Repository	2026-02-15T17:53:29.2421416Z  * [new tag]             0.0.177                -> 0.0.177
end-workflow	Checkout Repository	2026-02-15T17:53:29.2422405Z  * [new tag]             0.0.178                -> 0.0.178
end-workflow	Checkout Repository	2026-02-15T17:53:29.2422830Z  * [new tag]             0.0.179                -> 0.0.179
end-workflow	Checkout Repository	2026-02-15T17:53:29.2423236Z  * [new tag]             0.0.18                 -> 0.0.18
end-workflow	Checkout Repository	2026-02-15T17:53:29.2423632Z  * [new tag]             0.0.19                 -> 0.0.19
end-workflow	Checkout Repository	2026-02-15T17:53:29.2424150Z  * [new tag]             0.0.2                  -> 0.0.2
end-workflow	Checkout Repository	2026-02-15T17:53:29.2424536Z  * [new tag]             0.0.20                 -> 0.0.20
end-workflow	Checkout Repository	2026-02-15T17:53:29.2424970Z  * [new tag]             0.0.21                 -> 0.0.21
end-workflow	Checkout Repository	2026-02-15T17:53:29.2425357Z  * [new tag]             0.0.22                 -> 0.0.22
end-workflow	Checkout Repository	2026-02-15T17:53:29.2425737Z  * [new tag]             0.0.23                 -> 0.0.23
end-workflow	Checkout Repository	2026-02-15T17:53:29.2426122Z  * [new tag]             0.0.24                 -> 0.0.24
end-workflow	Checkout Repository	2026-02-15T17:53:29.2426500Z  * [new tag]             0.0.25                 -> 0.0.25
end-workflow	Checkout Repository	2026-02-15T17:53:29.2426885Z  * [new tag]             0.0.26                 -> 0.0.26
end-workflow	Checkout Repository	2026-02-15T17:53:29.2427268Z  * [new tag]             0.0.27                 -> 0.0.27
end-workflow	Checkout Repository	2026-02-15T17:53:29.2427653Z  * [new tag]             0.0.28                 -> 0.0.28
end-workflow	Checkout Repository	2026-02-15T17:53:29.2428035Z  * [new tag]             0.0.29                 -> 0.0.29
end-workflow	Checkout Repository	2026-02-15T17:53:29.2428416Z  * [new tag]             0.0.3                  -> 0.0.3
end-workflow	Checkout Repository	2026-02-15T17:53:29.2428809Z  * [new tag]             0.0.30                 -> 0.0.30
end-workflow	Checkout Repository	2026-02-15T17:53:29.2429190Z  * [new tag]             0.0.31                 -> 0.0.31
end-workflow	Checkout Repository	2026-02-15T17:53:29.2429885Z  * [new tag]             0.0.32                 -> 0.0.32
end-workflow	Checkout Repository	2026-02-15T17:53:29.2430272Z  * [new tag]             0.0.33                 -> 0.0.33
end-workflow	Checkout Repository	2026-02-15T17:53:29.2436564Z  * [new tag]             0.0.34                 -> 0.0.34
end-workflow	Checkout Repository	2026-02-15T17:53:29.2437043Z  * [new tag]             0.0.35                 -> 0.0.35
end-workflow	Checkout Repository	2026-02-15T17:53:29.2437447Z  * [new tag]             0.0.36                 -> 0.0.36
end-workflow	Checkout Repository	2026-02-15T17:53:29.2437851Z  * [new tag]             0.0.37                 -> 0.0.37
end-workflow	Checkout Repository	2026-02-15T17:53:29.2438245Z  * [new tag]             0.0.38                 -> 0.0.38
end-workflow	Checkout Repository	2026-02-15T17:53:29.2438646Z  * [new tag]             0.0.39                 -> 0.0.39
end-workflow	Checkout Repository	2026-02-15T17:53:29.2439180Z  * [new tag]             0.0.4                  -> 0.0.4
end-workflow	Checkout Repository	2026-02-15T17:53:29.2439592Z  * [new tag]             0.0.40                 -> 0.0.40
end-workflow	Checkout Repository	2026-02-15T17:53:29.2439998Z  * [new tag]             0.0.41                 -> 0.0.41
end-workflow	Checkout Repository	2026-02-15T17:53:29.2440402Z  * [new tag]             0.0.42                 -> 0.0.42
end-workflow	Checkout Repository	2026-02-15T17:53:29.2441508Z  * [new tag]             0.0.43                 -> 0.0.43
end-workflow	Checkout Repository	2026-02-15T17:53:29.2441899Z  * [new tag]             0.0.44                 -> 0.0.44
end-workflow	Checkout Repository	2026-02-15T17:53:29.2442428Z  * [new tag]             0.0.45                 -> 0.0.45
end-workflow	Checkout Repository	2026-02-15T17:53:29.2443112Z  * [new tag]             0.0.46                 -> 0.0.46
end-workflow	Checkout Repository	2026-02-15T17:53:29.2443505Z  * [new tag]             0.0.47                 -> 0.0.47
end-workflow	Checkout Repository	2026-02-15T17:53:29.2443900Z  * [new tag]             0.0.48                 -> 0.0.48
end-workflow	Checkout Repository	2026-02-15T17:53:29.2444321Z  * [new tag]             0.0.49                 -> 0.0.49
end-workflow	Checkout Repository	2026-02-15T17:53:29.2444754Z  * [new tag]             0.0.5                  -> 0.0.5
end-workflow	Checkout Repository	2026-02-15T17:53:29.2445164Z  * [new tag]             0.0.50                 -> 0.0.50
end-workflow	Checkout Repository	2026-02-15T17:53:29.2445617Z  * [new tag]             0.0.51                 -> 0.0.51
end-workflow	Checkout Repository	2026-02-15T17:53:29.2446017Z  * [new tag]             0.0.52                 -> 0.0.52
end-workflow	Checkout Repository	2026-02-15T17:53:29.2446413Z  * [new tag]             0.0.53                 -> 0.0.53
end-workflow	Checkout Repository	2026-02-15T17:53:29.2446922Z  * [new tag]             0.0.54                 -> 0.0.54
end-workflow	Checkout Repository	2026-02-15T17:53:29.2447298Z  * [new tag]             0.0.55                 -> 0.0.55
end-workflow	Checkout Repository	2026-02-15T17:53:29.2447674Z  * [new tag]             0.0.56                 -> 0.0.56
end-workflow	Checkout Repository	2026-02-15T17:53:29.2448043Z  * [new tag]             0.0.57                 -> 0.0.57
end-workflow	Checkout Repository	2026-02-15T17:53:29.2448418Z  * [new tag]             0.0.58                 -> 0.0.58
end-workflow	Checkout Repository	2026-02-15T17:53:29.2448793Z  * [new tag]             0.0.59                 -> 0.0.59
end-workflow	Checkout Repository	2026-02-15T17:53:29.2449168Z  * [new tag]             0.0.6                  -> 0.0.6
end-workflow	Checkout Repository	2026-02-15T17:53:29.2449545Z  * [new tag]             0.0.60                 -> 0.0.60
end-workflow	Checkout Repository	2026-02-15T17:53:29.2450204Z  * [new tag]             0.0.61                 -> 0.0.61
end-workflow	Checkout Repository	2026-02-15T17:53:29.2450747Z  * [new tag]             0.0.62                 -> 0.0.62
end-workflow	Checkout Repository	2026-02-15T17:53:29.2451149Z  * [new tag]             0.0.63                 -> 0.0.63
end-workflow	Checkout Repository	2026-02-15T17:53:29.2451668Z  * [new tag]             0.0.64                 -> 0.0.64
end-workflow	Checkout Repository	2026-02-15T17:53:29.2452054Z  * [new tag]             0.0.65                 -> 0.0.65
end-workflow	Checkout Repository	2026-02-15T17:53:29.2452539Z  * [new tag]             0.0.66                 -> 0.0.66
end-workflow	Checkout Repository	2026-02-15T17:53:29.2452917Z  * [new tag]             0.0.67                 -> 0.0.67
end-workflow	Checkout Repository	2026-02-15T17:53:29.2453298Z  * [new tag]             0.0.68                 -> 0.0.68
end-workflow	Checkout Repository	2026-02-15T17:53:29.2453672Z  * [new tag]             0.0.69                 -> 0.0.69
end-workflow	Checkout Repository	2026-02-15T17:53:29.2454178Z  * [new tag]             0.0.7                  -> 0.0.7
end-workflow	Checkout Repository	2026-02-15T17:53:29.2454825Z  * [new tag]             0.0.70                 -> 0.0.70
end-workflow	Checkout Repository	2026-02-15T17:53:29.2455215Z  * [new tag]             0.0.71                 -> 0.0.71
end-workflow	Checkout Repository	2026-02-15T17:53:29.2455711Z  * [new tag]             0.0.72                 -> 0.0.72
end-workflow	Checkout Repository	2026-02-15T17:53:29.2456089Z  * [new tag]             0.0.73                 -> 0.0.73
end-workflow	Checkout Repository	2026-02-15T17:53:29.2456459Z  * [new tag]             0.0.74                 -> 0.0.74
end-workflow	Checkout Repository	2026-02-15T17:53:29.2457470Z  * [new tag]             0.0.75                 -> 0.0.75
end-workflow	Checkout Repository	2026-02-15T17:53:29.2457860Z  * [new tag]             0.0.76                 -> 0.0.76
end-workflow	Checkout Repository	2026-02-15T17:53:29.2458490Z  * [new tag]             0.0.77                 -> 0.0.77
end-workflow	Checkout Repository	2026-02-15T17:53:29.2458877Z  * [new tag]             0.0.78                 -> 0.0.78
end-workflow	Checkout Repository	2026-02-15T17:53:29.2459385Z  * [new tag]             0.0.79                 -> 0.0.79
end-workflow	Checkout Repository	2026-02-15T17:53:29.2459788Z  * [new tag]             0.0.8                  -> 0.0.8
end-workflow	Checkout Repository	2026-02-15T17:53:29.2460176Z  * [new tag]             0.0.80                 -> 0.0.80
end-workflow	Checkout Repository	2026-02-15T17:53:29.2460698Z  * [new tag]             0.0.81                 -> 0.0.81
end-workflow	Checkout Repository	2026-02-15T17:53:29.2461101Z  * [new tag]             0.0.82                 -> 0.0.82
end-workflow	Checkout Repository	2026-02-15T17:53:29.2461745Z  * [new tag]             0.0.83                 -> 0.0.83
end-workflow	Checkout Repository	2026-02-15T17:53:29.2462144Z  * [new tag]             0.0.84                 -> 0.0.84
end-workflow	Checkout Repository	2026-02-15T17:53:29.2462534Z  * [new tag]             0.0.85                 -> 0.0.85
end-workflow	Checkout Repository	2026-02-15T17:53:29.2463163Z  * [new tag]             0.0.86                 -> 0.0.86
end-workflow	Checkout Repository	2026-02-15T17:53:29.2463555Z  * [new tag]             0.0.87                 -> 0.0.87
end-workflow	Checkout Repository	2026-02-15T17:53:29.2463950Z  * [new tag]             0.0.88                 -> 0.0.88
end-workflow	Checkout Repository	2026-02-15T17:53:29.2464345Z  * [new tag]             0.0.89                 -> 0.0.89
end-workflow	Checkout Repository	2026-02-15T17:53:29.2464736Z  * [new tag]             0.0.9                  -> 0.0.9
end-workflow	Checkout Repository	2026-02-15T17:53:29.2465129Z  * [new tag]             0.0.90                 -> 0.0.90
end-workflow	Checkout Repository	2026-02-15T17:53:29.2465523Z  * [new tag]             0.0.91                 -> 0.0.91
end-workflow	Checkout Repository	2026-02-15T17:53:29.2465919Z  * [new tag]             0.0.92                 -> 0.0.92
end-workflow	Checkout Repository	2026-02-15T17:53:29.2466313Z  * [new tag]             0.0.93                 -> 0.0.93
end-workflow	Checkout Repository	2026-02-15T17:53:29.2466709Z  * [new tag]             0.0.94                 -> 0.0.94
end-workflow	Checkout Repository	2026-02-15T17:53:29.2467104Z  * [new tag]             0.0.95                 -> 0.0.95
end-workflow	Checkout Repository	2026-02-15T17:53:29.2467505Z  * [new tag]             0.0.96                 -> 0.0.96
end-workflow	Checkout Repository	2026-02-15T17:53:29.2467909Z  * [new tag]             0.0.97                 -> 0.0.97
end-workflow	Checkout Repository	2026-02-15T17:53:29.2468301Z  * [new tag]             0.0.98                 -> 0.0.98
end-workflow	Checkout Repository	2026-02-15T17:53:29.2468702Z  * [new tag]             0.0.99                 -> 0.0.99
end-workflow	Checkout Repository	2026-02-15T17:53:29.2469093Z  * [new tag]             0.1.0                  -> 0.1.0
end-workflow	Checkout Repository	2026-02-15T17:53:29.2469492Z  * [new tag]             0.1.1                  -> 0.1.1
end-workflow	Checkout Repository	2026-02-15T17:53:29.2469913Z  * [new tag]             0.2.0                  -> 0.2.0
end-workflow	Checkout Repository	2026-02-15T17:53:29.2470317Z  * [new tag]             0.3.0                  -> 0.3.0
end-workflow	Checkout Repository	2026-02-15T17:53:29.2470824Z  * [new tag]             0.3.1                  -> 0.3.1
end-workflow	Checkout Repository	2026-02-15T17:53:29.2471229Z  * [new tag]             0.3.10                 -> 0.3.10
end-workflow	Checkout Repository	2026-02-15T17:53:29.2471621Z  * [new tag]             0.3.11                 -> 0.3.11
end-workflow	Checkout Repository	2026-02-15T17:53:29.2472016Z  * [new tag]             0.3.12                 -> 0.3.12
end-workflow	Checkout Repository	2026-02-15T17:53:29.2472423Z  * [new tag]             0.3.13                 -> 0.3.13
end-workflow	Checkout Repository	2026-02-15T17:53:29.2472824Z  * [new tag]             0.3.14                 -> 0.3.14
end-workflow	Checkout Repository	2026-02-15T17:53:29.2473217Z  * [new tag]             0.3.15                 -> 0.3.15
end-workflow	Checkout Repository	2026-02-15T17:53:29.2473610Z  * [new tag]             0.3.16                 -> 0.3.16
end-workflow	Checkout Repository	2026-02-15T17:53:29.2474008Z  * [new tag]             0.3.17                 -> 0.3.17
end-workflow	Checkout Repository	2026-02-15T17:53:29.2474521Z  * [new tag]             0.3.2                  -> 0.3.2
end-workflow	Checkout Repository	2026-02-15T17:53:29.2474910Z  * [new tag]             0.3.3                  -> 0.3.3
end-workflow	Checkout Repository	2026-02-15T17:53:29.2475292Z  * [new tag]             0.3.4                  -> 0.3.4
end-workflow	Checkout Repository	2026-02-15T17:53:29.2475679Z  * [new tag]             0.3.5                  -> 0.3.5
end-workflow	Checkout Repository	2026-02-15T17:53:29.2476067Z  * [new tag]             0.3.6                  -> 0.3.6
end-workflow	Checkout Repository	2026-02-15T17:53:29.2476445Z  * [new tag]             0.3.7                  -> 0.3.7
end-workflow	Checkout Repository	2026-02-15T17:53:29.2476826Z  * [new tag]             0.3.8                  -> 0.3.8
end-workflow	Checkout Repository	2026-02-15T17:53:29.2477214Z  * [new tag]             0.3.9                  -> 0.3.9
end-workflow	Checkout Repository	2026-02-15T17:53:29.2477857Z  * [new tag]             0.4.0                  -> 0.4.0
end-workflow	Checkout Repository	2026-02-15T17:53:29.2478235Z  * [new tag]             0.4.1                  -> 0.4.1
end-workflow	Checkout Repository	2026-02-15T17:53:29.2478620Z  * [new tag]             0.4.2                  -> 0.4.2
end-workflow	Checkout Repository	2026-02-15T17:53:29.2479005Z  * [new tag]             0.4.3                  -> 0.4.3
end-workflow	Checkout Repository	2026-02-15T17:53:29.2479386Z  * [new tag]             0.4.4                  -> 0.4.4
end-workflow	Checkout Repository	2026-02-15T17:53:29.2479770Z  * [new tag]             0.4.5                  -> 0.4.5
end-workflow	Checkout Repository	2026-02-15T17:53:29.2480149Z  * [new tag]             0.4.6                  -> 0.4.6
end-workflow	Checkout Repository	2026-02-15T17:53:29.2480782Z  * [new tag]             0.4.7                  -> 0.4.7
end-workflow	Checkout Repository	2026-02-15T17:53:29.2481417Z  * [new tag]             0.4.8                  -> 0.4.8
end-workflow	Checkout Repository	2026-02-15T17:53:29.2481790Z  * [new tag]             0.4.9                  -> 0.4.9
end-workflow	Checkout Repository	2026-02-15T17:53:29.2482167Z  * [new tag]             0.5.0                  -> 0.5.0
end-workflow	Checkout Repository	2026-02-15T17:53:29.2482751Z  * [new tag]             0.5.1                  -> 0.5.1
end-workflow	Checkout Repository	2026-02-15T17:53:29.2483137Z  * [new tag]             0.5.2                  -> 0.5.2
end-workflow	Checkout Repository	2026-02-15T17:53:29.2483507Z  * [new tag]             0.6.0                  -> 0.6.0
end-workflow	Checkout Repository	2026-02-15T17:53:29.2483884Z  * [new tag]             0.6.1                  -> 0.6.1
end-workflow	Checkout Repository	2026-02-15T17:53:29.2484264Z  * [new tag]             0.6.2                  -> 0.6.2
end-workflow	Checkout Repository	2026-02-15T17:53:29.2706328Z [command]/usr/bin/git branch --list --remote origin/main
end-workflow	Checkout Repository	2026-02-15T17:53:29.2784365Z   origin/main
end-workflow	Checkout Repository	2026-02-15T17:53:29.2796126Z [command]/usr/bin/git rev-parse refs/remotes/origin/main
end-workflow	Checkout Repository	2026-02-15T17:53:29.2828052Z f5d8cdb7008b69ed55b7901045959065d058b6b0
end-workflow	Checkout Repository	2026-02-15T17:53:29.2841242Z [command]/usr/bin/git -c protocol.version=2 fetch --no-tags --prune --no-recurse-submodules origin +27ab00717aa2eb4e55d3e69fcc60b8f3d9f26c57:refs/remotes/origin/main
end-workflow	Checkout Repository	2026-02-15T17:53:29.3027493Z From https://github.com/Ka0s-Klaus/ka0s
end-workflow	Checkout Repository	2026-02-15T17:53:29.3028395Z  + f5d8cdb70...27ab00717 27ab00717aa2eb4e55d3e69fcc60b8f3d9f26c57 -> origin/main  (forced update)
end-workflow	Checkout Repository	2026-02-15T17:53:29.3067765Z ##[endgroup]
end-workflow	Checkout Repository	2026-02-15T17:53:29.3068297Z ##[group]Determining the checkout info
end-workflow	Checkout Repository	2026-02-15T17:53:29.3068793Z ##[endgroup]
end-workflow	Checkout Repository	2026-02-15T17:53:29.3075169Z [command]/usr/bin/git sparse-checkout disable
end-workflow	Checkout Repository	2026-02-15T17:53:29.3127821Z [command]/usr/bin/git config --local --unset-all extensions.worktreeConfig
end-workflow	Checkout Repository	2026-02-15T17:53:29.3167211Z ##[group]Checking out the ref
end-workflow	Checkout Repository	2026-02-15T17:53:29.3172151Z [command]/usr/bin/git checkout --progress --force -B main refs/remotes/origin/main
end-workflow	Checkout Repository	2026-02-15T17:53:29.5620963Z Switched to a new branch 'main'
end-workflow	Checkout Repository	2026-02-15T17:53:29.5625031Z branch 'main' set up to track 'origin/main'.
end-workflow	Checkout Repository	2026-02-15T17:53:29.5674125Z ##[endgroup]
end-workflow	Checkout Repository	2026-02-15T17:53:29.5729277Z [command]/usr/bin/git log -1 --format=%H
end-workflow	Checkout Repository	2026-02-15T17:53:29.5765980Z 27ab00717aa2eb4e55d3e69fcc60b8f3d9f26c57
end-workflow	Install GH CLI	﻿2026-02-15T17:53:29.6050874Z Prepare all required actions
end-workflow	Install GH CLI	2026-02-15T17:53:29.6117943Z ##[group]Run ./.github/actions/install-gh-cli
end-workflow	Install GH CLI	2026-02-15T17:53:29.6118417Z env:
end-workflow	Install GH CLI	2026-02-15T17:53:29.6118740Z   KAOS_MODULE: [Ka0S] Audit Pods
end-workflow	Install GH CLI	2026-02-15T17:53:29.6118986Z   KAOS_CODE: 22040274214
end-workflow	Install GH CLI	2026-02-15T17:53:29.6119194Z ##[endgroup]
end-workflow	Install GH CLI	2026-02-15T17:53:29.6214150Z ##[group]Run type -p curl >/dev/null || (sudo apt-get update && sudo apt-get install curl -y)
end-workflow	Install GH CLI	2026-02-15T17:53:29.6214855Z [36;1mtype -p curl >/dev/null || (sudo apt-get update && sudo apt-get install curl -y)[0m
end-workflow	Install GH CLI	2026-02-15T17:53:29.6215722Z [36;1mcurl -fsSL https://cli.github.com/packages/githubcli-archive-keyring.gpg | sudo dd of=/usr/share/keyrings/githubcli-archive-keyring.gpg \[0m
end-workflow	Install GH CLI	2026-02-15T17:53:29.6216530Z [36;1m&& sudo chmod go+r /usr/share/keyrings/githubcli-archive-keyring.gpg \[0m
end-workflow	Install GH CLI	2026-02-15T17:53:29.6217625Z [36;1m&& echo "deb [arch=$(dpkg --print-architecture) signed-by=/usr/share/keyrings/githubcli-archive-keyring.gpg] https://cli.github.com/packages stable main" | sudo tee /etc/apt/sources.list.d/github-cli.list > /dev/null \[0m
end-workflow	Install GH CLI	2026-02-15T17:53:29.6218662Z [36;1m&& sudo apt-get update \[0m
end-workflow	Install GH CLI	2026-02-15T17:53:29.6219216Z [36;1m&& sudo apt-get install gh -y[0m
end-workflow	Install GH CLI	2026-02-15T17:53:29.6237681Z shell: /usr/bin/bash --noprofile --norc -e -o pipefail {0}
end-workflow	Install GH CLI	2026-02-15T17:53:29.6238059Z env:
end-workflow	Install GH CLI	2026-02-15T17:53:29.6238393Z   KAOS_MODULE: [Ka0S] Audit Pods
end-workflow	Install GH CLI	2026-02-15T17:53:29.6238645Z   KAOS_CODE: 22040274214
end-workflow	Install GH CLI	2026-02-15T17:53:29.6238871Z ##[endgroup]
end-workflow	Install GH CLI	2026-02-15T17:53:29.8904587Z 4+1 records in
end-workflow	Install GH CLI	2026-02-15T17:53:29.8905643Z 4+1 records out
end-workflow	Install GH CLI	2026-02-15T17:53:29.8906876Z 2270 bytes (2.3 kB, 2.2 KiB) copied, 0.24025 s, 9.4 kB/s
end-workflow	Install GH CLI	2026-02-15T17:53:30.0744205Z Get:1 https://cli.github.com/packages stable InRelease [3917 B]
end-workflow	Install GH CLI	2026-02-15T17:53:30.1062157Z Get:2 http://archive.ubuntu.com/ubuntu noble InRelease [256 kB]
end-workflow	Install GH CLI	2026-02-15T17:53:30.1288354Z Get:3 http://security.ubuntu.com/ubuntu noble-security InRelease [126 kB]
end-workflow	Install GH CLI	2026-02-15T17:53:30.2377277Z Get:4 http://archive.ubuntu.com/ubuntu noble-updates InRelease [126 kB]
end-workflow	Install GH CLI	2026-02-15T17:53:30.2678373Z Get:5 https://ppa.launchpadcontent.net/git-core/ppa/ubuntu noble InRelease [24.3 kB]
end-workflow	Install GH CLI	2026-02-15T17:53:30.2761524Z Get:6 http://archive.ubuntu.com/ubuntu noble-backports InRelease [126 kB]
end-workflow	Install GH CLI	2026-02-15T17:53:30.3316972Z Get:7 https://cli.github.com/packages stable/main amd64 Packages [356 B]
end-workflow	Install GH CLI	2026-02-15T17:53:30.3546877Z Get:8 http://archive.ubuntu.com/ubuntu noble/universe amd64 Packages [19.3 MB]
end-workflow	Install GH CLI	2026-02-15T17:53:30.5189651Z Get:9 https://ppa.launchpadcontent.net/git-core/ppa/ubuntu noble/main amd64 Packages [2992 B]
end-workflow	Install GH CLI	2026-02-15T17:53:30.6918994Z Get:10 http://security.ubuntu.com/ubuntu noble-security/universe amd64 Packages [1200 kB]
end-workflow	Install GH CLI	2026-02-15T17:53:30.7039728Z Get:11 http://archive.ubuntu.com/ubuntu noble/main amd64 Packages [1808 kB]
end-workflow	Install GH CLI	2026-02-15T17:53:30.7220871Z Get:12 http://archive.ubuntu.com/ubuntu noble/multiverse amd64 Packages [331 kB]
end-workflow	Install GH CLI	2026-02-15T17:53:30.7247416Z Get:13 http://archive.ubuntu.com/ubuntu noble/restricted amd64 Packages [117 kB]
end-workflow	Install GH CLI	2026-02-15T17:53:30.7260211Z Get:14 http://archive.ubuntu.com/ubuntu noble-updates/universe amd64 Packages [1979 kB]
end-workflow	Install GH CLI	2026-02-15T17:53:30.7427619Z Get:15 http://archive.ubuntu.com/ubuntu noble-updates/restricted amd64 Packages [3295 kB]
end-workflow	Install GH CLI	2026-02-15T17:53:30.7708599Z Get:16 http://archive.ubuntu.com/ubuntu noble-updates/multiverse amd64 Packages [38.1 kB]
end-workflow	Install GH CLI	2026-02-15T17:53:30.7724436Z Get:17 http://archive.ubuntu.com/ubuntu noble-updates/main amd64 Packages [2203 kB]
end-workflow	Install GH CLI	2026-02-15T17:53:30.7897669Z Get:18 http://archive.ubuntu.com/ubuntu noble-backports/universe amd64 Packages [34.6 kB]
end-workflow	Install GH CLI	2026-02-15T17:53:30.7906939Z Get:19 http://archive.ubuntu.com/ubuntu noble-backports/main amd64 Packages [49.5 kB]
end-workflow	Install GH CLI	2026-02-15T17:53:30.9557074Z Get:20 http://security.ubuntu.com/ubuntu noble-security/main amd64 Packages [1824 kB]
end-workflow	Install GH CLI	2026-02-15T17:53:31.0298899Z Get:21 http://security.ubuntu.com/ubuntu noble-security/multiverse amd64 Packages [34.8 kB]
end-workflow	Install GH CLI	2026-02-15T17:53:31.0304644Z Get:22 http://security.ubuntu.com/ubuntu noble-security/restricted amd64 Packages [3115 kB]
end-workflow	Install GH CLI	2026-02-15T17:53:32.2404980Z Fetched 36.0 MB in 2s (16.1 MB/s)
end-workflow	Install GH CLI	2026-02-15T17:53:33.1626198Z Reading package lists...
end-workflow	Install GH CLI	2026-02-15T17:53:34.1192100Z Reading package lists...
end-workflow	Install GH CLI	2026-02-15T17:53:34.3426029Z Building dependency tree...
end-workflow	Install GH CLI	2026-02-15T17:53:34.3426762Z Reading state information...
end-workflow	Install GH CLI	2026-02-15T17:53:34.8624801Z The following NEW packages will be installed:
end-workflow	Install GH CLI	2026-02-15T17:53:34.8659217Z   gh
end-workflow	Install GH CLI	2026-02-15T17:53:35.3628845Z 0 upgraded, 1 newly installed, 0 to remove and 20 not upgraded.
end-workflow	Install GH CLI	2026-02-15T17:53:35.3631257Z Need to get 13.7 MB of archives.
end-workflow	Install GH CLI	2026-02-15T17:53:35.3635977Z After this operation, 37.9 MB of additional disk space will be used.
end-workflow	Install GH CLI	2026-02-15T17:53:35.3638442Z Get:1 https://cli.github.com/packages stable/main amd64 gh amd64 2.86.0 [13.7 MB]
end-workflow	Install GH CLI	2026-02-15T17:53:36.0935314Z debconf: delaying package configuration, since apt-utils is not installed
end-workflow	Install GH CLI	2026-02-15T17:53:36.1853601Z Fetched 13.7 MB in 1s (21.4 MB/s)
end-workflow	Install GH CLI	2026-02-15T17:53:36.2160974Z Selecting previously unselected package gh.
end-workflow	Install GH CLI	2026-02-15T17:53:36.2329021Z (Reading database ... 
end-workflow	Install GH CLI	2026-02-15T17:53:36.2332845Z (Reading database ... 5%
end-workflow	Install GH CLI	2026-02-15T17:53:36.2335386Z (Reading database ... 10%
end-workflow	Install GH CLI	2026-02-15T17:53:36.2336502Z (Reading database ... 15%
end-workflow	Install GH CLI	2026-02-15T17:53:36.2337536Z (Reading database ... 20%
end-workflow	Install GH CLI	2026-02-15T17:53:36.2338584Z (Reading database ... 25%
end-workflow	Install GH CLI	2026-02-15T17:53:36.2339640Z (Reading database ... 30%
end-workflow	Install GH CLI	2026-02-15T17:53:36.2352885Z (Reading database ... 35%
end-workflow	Install GH CLI	2026-02-15T17:53:36.2353742Z (Reading database ... 40%
end-workflow	Install GH CLI	2026-02-15T17:53:36.2354460Z (Reading database ... 45%
end-workflow	Install GH CLI	2026-02-15T17:53:36.2355161Z (Reading database ... 50%
end-workflow	Install GH CLI	2026-02-15T17:53:36.2355846Z (Reading database ... 55%
end-workflow	Install GH CLI	2026-02-15T17:53:36.2356542Z (Reading database ... 60%
end-workflow	Install GH CLI	2026-02-15T17:53:36.2363768Z (Reading database ... 65%
end-workflow	Install GH CLI	2026-02-15T17:53:36.2408117Z (Reading database ... 70%
end-workflow	Install GH CLI	2026-02-15T17:53:36.2420760Z (Reading database ... 75%
end-workflow	Install GH CLI	2026-02-15T17:53:36.2448284Z (Reading database ... 80%
end-workflow	Install GH CLI	2026-02-15T17:53:36.2456716Z (Reading database ... 85%
end-workflow	Install GH CLI	2026-02-15T17:53:36.2474092Z (Reading database ... 90%
end-workflow	Install GH CLI	2026-02-15T17:53:36.2507110Z (Reading database ... 95%
end-workflow	Install GH CLI	2026-02-15T17:53:36.2507574Z (Reading database ... 100%
end-workflow	Install GH CLI	2026-02-15T17:53:36.2508147Z (Reading database ... 14385 files and directories currently installed.)
end-workflow	Install GH CLI	2026-02-15T17:53:36.2515777Z Preparing to unpack .../archives/gh_2.86.0_amd64.deb ...
end-workflow	Install GH CLI	2026-02-15T17:53:36.2545577Z Unpacking gh (2.86.0) ...
end-workflow	Install GH CLI	2026-02-15T17:53:36.4832227Z Setting up gh (2.86.0) ...
end-workflow	Trigger Inspector	﻿2026-02-15T17:53:36.5566830Z ##[group]Run echo "🔍 Triggering Inspector for Audit..."
end-workflow	Trigger Inspector	2026-02-15T17:53:36.5567596Z [36;1mecho "🔍 Triggering Inspector for Audit..."[0m
end-workflow	Trigger Inspector	2026-02-15T17:53:36.5568167Z [36;1mgh workflow run inspector.yml \[0m
end-workflow	Trigger Inspector	2026-02-15T17:53:36.5568640Z [36;1m  --ref main \[0m
end-workflow	Trigger Inspector	2026-02-15T17:53:36.5569070Z [36;1m  -f kaos-workflow-id="22040274214" \[0m
end-workflow	Trigger Inspector	2026-02-15T17:53:36.5569594Z [36;1m  -f kaos-user-start="santakloud"[0m
end-workflow	Trigger Inspector	2026-02-15T17:53:36.5588759Z shell: /usr/bin/bash -e {0}
end-workflow	Trigger Inspector	2026-02-15T17:53:36.5589177Z env:
end-workflow	Trigger Inspector	2026-02-15T17:53:36.5589502Z   KAOS_MODULE: [Ka0S] Audit Pods
end-workflow	Trigger Inspector	2026-02-15T17:53:36.5589916Z   KAOS_CODE: 22040274214
end-workflow	Trigger Inspector	2026-02-15T17:53:36.5590970Z   GH_TOKEN: ***
end-workflow	Trigger Inspector	2026-02-15T17:53:36.5591330Z ##[endgroup]
end-workflow	Trigger Inspector	2026-02-15T17:53:36.5638258Z 🔍 Triggering Inspector for Audit...
end-workflow	Post Checkout Repository	﻿2026-02-15T17:53:38.8927450Z Post job cleanup.
end-workflow	Post Checkout Repository	2026-02-15T17:53:39.0029994Z [command]/usr/bin/git version
end-workflow	Post Checkout Repository	2026-02-15T17:53:39.0078270Z git version 2.52.0
end-workflow	Post Checkout Repository	2026-02-15T17:53:39.0129448Z Temporarily overriding HOME='/home/runner/_work/_temp/c55765ec-c8f6-4c88-a892-443d08214ce2' before making global git config changes
end-workflow	Post Checkout Repository	2026-02-15T17:53:39.0130324Z Adding repository directory to the temporary git global config as a safe directory
end-workflow	Post Checkout Repository	2026-02-15T17:53:39.0136260Z [command]/usr/bin/git config --global --add safe.directory /home/runner/_work/ka0s/ka0s
end-workflow	Post Checkout Repository	2026-02-15T17:53:39.0185904Z [command]/usr/bin/git config --local --name-only --get-regexp core\.sshCommand
end-workflow	Post Checkout Repository	2026-02-15T17:53:39.0236944Z [command]/usr/bin/git submodule foreach --recursive sh -c "git config --local --name-only --get-regexp 'core\.sshCommand' && git config --local --unset-all 'core.sshCommand' || :"
end-workflow	Post Checkout Repository	2026-02-15T17:53:39.0573850Z [command]/usr/bin/git config --local --name-only --get-regexp http\.https\:\/\/github\.com\/\.extraheader
end-workflow	Post Checkout Repository	2026-02-15T17:53:39.0604883Z http.https://github.com/.extraheader
end-workflow	Post Checkout Repository	2026-02-15T17:53:39.0619181Z [command]/usr/bin/git config --local --unset-all http.https://github.com/.extraheader
end-workflow	Post Checkout Repository	2026-02-15T17:53:39.0661349Z [command]/usr/bin/git submodule foreach --recursive sh -c "git config --local --name-only --get-regexp 'http\.https\:\/\/github\.com\/\.extraheader' && git config --local --unset-all 'http.https://github.com/.extraheader' || :"
end-workflow	Post Checkout Repository	2026-02-15T17:53:39.0993468Z [command]/usr/bin/git config --local --name-only --get-regexp ^includeIf\.gitdir:
end-workflow	Post Checkout Repository	2026-02-15T17:53:39.1035114Z [command]/usr/bin/git submodule foreach --recursive git config --local --show-origin --name-only --get-regexp remote.origin.url
end-workflow	Complete job	﻿2026-02-15T17:53:39.1504707Z Cleaning up orphan processes
