audit-pods	Set up job	﻿2026-02-18T18:45:57.3777276Z Current runner version: '2.331.0'
audit-pods	Set up job	2026-02-18T18:45:57.3788574Z Runner name: 'swarm-runners-scaleset-hkss5-runner-zbvwz'
audit-pods	Set up job	2026-02-18T18:45:57.3789857Z Runner group name: 'Default'
audit-pods	Set up job	2026-02-18T18:45:57.3791210Z Machine name: 'swarm-runners-scaleset-hkss5-runner-zbvwz'
audit-pods	Set up job	2026-02-18T18:45:57.3796737Z ##[group]GITHUB_TOKEN Permissions
audit-pods	Set up job	2026-02-18T18:45:57.3800889Z Actions: write
audit-pods	Set up job	2026-02-18T18:45:57.3801745Z Contents: write
audit-pods	Set up job	2026-02-18T18:45:57.3802589Z Issues: write
audit-pods	Set up job	2026-02-18T18:45:57.3803399Z Metadata: read
audit-pods	Set up job	2026-02-18T18:45:57.3804174Z ##[endgroup]
audit-pods	Set up job	2026-02-18T18:45:57.3807671Z Secret source: Actions
audit-pods	Set up job	2026-02-18T18:45:57.3808890Z Prepare workflow directory
audit-pods	Set up job	2026-02-18T18:45:57.4467819Z Prepare all required actions
audit-pods	Set up job	2026-02-18T18:45:57.4515646Z Getting action download info
audit-pods	Set up job	2026-02-18T18:45:57.9839186Z Download action repository 'actions/checkout@v4' (SHA:34e114876b0b11c390a56381ad16ebd13914f8d5)
audit-pods	Set up job	2026-02-18T18:45:58.9119774Z Complete job name: audit-pods
audit-pods	Checkout repository	﻿2026-02-18T18:45:58.9779215Z ##[group]Run actions/checkout@v4
audit-pods	Checkout repository	2026-02-18T18:45:58.9780235Z with:
audit-pods	Checkout repository	2026-02-18T18:45:58.9780738Z   repository: Ka0s-Klaus/ka0s
audit-pods	Checkout repository	2026-02-18T18:45:58.9781520Z   token: ***
audit-pods	Checkout repository	2026-02-18T18:45:58.9781991Z   ssh-strict: true
audit-pods	Checkout repository	2026-02-18T18:45:58.9782465Z   ssh-user: git
audit-pods	Checkout repository	2026-02-18T18:45:58.9782949Z   persist-credentials: true
audit-pods	Checkout repository	2026-02-18T18:45:58.9783480Z   clean: true
audit-pods	Checkout repository	2026-02-18T18:45:58.9783971Z   sparse-checkout-cone-mode: true
audit-pods	Checkout repository	2026-02-18T18:45:58.9784819Z   fetch-depth: 1
audit-pods	Checkout repository	2026-02-18T18:45:58.9785439Z   fetch-tags: false
audit-pods	Checkout repository	2026-02-18T18:45:58.9785926Z   show-progress: true
audit-pods	Checkout repository	2026-02-18T18:45:58.9786419Z   lfs: false
audit-pods	Checkout repository	2026-02-18T18:45:58.9786875Z   submodules: false
audit-pods	Checkout repository	2026-02-18T18:45:58.9787375Z   set-safe-directory: true
audit-pods	Checkout repository	2026-02-18T18:45:58.9788450Z env:
audit-pods	Checkout repository	2026-02-18T18:45:58.9788938Z   KAOS_MODULE: [Ka0S] Audit Pods
audit-pods	Checkout repository	2026-02-18T18:45:58.9789498Z   KAOS_CODE: 22152997971
audit-pods	Checkout repository	2026-02-18T18:45:58.9789996Z ##[endgroup]
audit-pods	Checkout repository	2026-02-18T18:45:59.1111776Z Syncing repository: Ka0s-Klaus/ka0s
audit-pods	Checkout repository	2026-02-18T18:45:59.1114120Z ##[group]Getting Git version info
audit-pods	Checkout repository	2026-02-18T18:45:59.1115580Z Working directory is '/home/runner/_work/ka0s/ka0s'
audit-pods	Checkout repository	2026-02-18T18:45:59.1116847Z [command]/usr/bin/git version
audit-pods	Checkout repository	2026-02-18T18:45:59.1119231Z git version 2.52.0
audit-pods	Checkout repository	2026-02-18T18:45:59.1154089Z ##[endgroup]
audit-pods	Checkout repository	2026-02-18T18:45:59.1171955Z Temporarily overriding HOME='/home/runner/_work/_temp/566f0e33-605a-4fa1-bb80-44b2930ab0bd' before making global git config changes
audit-pods	Checkout repository	2026-02-18T18:45:59.1175235Z Adding repository directory to the temporary git global config as a safe directory
audit-pods	Checkout repository	2026-02-18T18:45:59.1178830Z [command]/usr/bin/git config --global --add safe.directory /home/runner/_work/ka0s/ka0s
audit-pods	Checkout repository	2026-02-18T18:45:59.1225631Z Deleting the contents of '/home/runner/_work/ka0s/ka0s'
audit-pods	Checkout repository	2026-02-18T18:45:59.1231190Z ##[group]Initializing the repository
audit-pods	Checkout repository	2026-02-18T18:45:59.1248156Z [command]/usr/bin/git init /home/runner/_work/ka0s/ka0s
audit-pods	Checkout repository	2026-02-18T18:45:59.1307727Z hint: Using 'master' as the name for the initial branch. This default branch name
audit-pods	Checkout repository	2026-02-18T18:45:59.1309099Z hint: will change to "main" in Git 3.0. To configure the initial branch name
audit-pods	Checkout repository	2026-02-18T18:45:59.1310218Z hint: to use in all of your new repositories, which will suppress this warning,
audit-pods	Checkout repository	2026-02-18T18:45:59.1311059Z hint: call:
audit-pods	Checkout repository	2026-02-18T18:45:59.1311536Z hint:
audit-pods	Checkout repository	2026-02-18T18:45:59.1312140Z hint: 	git config --global init.defaultBranch <name>
audit-pods	Checkout repository	2026-02-18T18:45:59.1312832Z hint:
audit-pods	Checkout repository	2026-02-18T18:45:59.1313491Z hint: Names commonly chosen instead of 'master' are 'main', 'trunk' and
audit-pods	Checkout repository	2026-02-18T18:45:59.1314768Z hint: 'development'. The just-created branch can be renamed via this command:
audit-pods	Checkout repository	2026-02-18T18:45:59.1315759Z hint:
audit-pods	Checkout repository	2026-02-18T18:45:59.1316508Z hint: 	git branch -m <name>
audit-pods	Checkout repository	2026-02-18T18:45:59.1317297Z hint:
audit-pods	Checkout repository	2026-02-18T18:45:59.1317990Z hint: Disable this message with "git config set advice.defaultBranchName false"
audit-pods	Checkout repository	2026-02-18T18:45:59.1319073Z Initialized empty Git repository in /home/runner/_work/ka0s/ka0s/.git/
audit-pods	Checkout repository	2026-02-18T18:45:59.1325302Z [command]/usr/bin/git remote add origin https://github.com/Ka0s-Klaus/ka0s
audit-pods	Checkout repository	2026-02-18T18:45:59.1377396Z ##[endgroup]
audit-pods	Checkout repository	2026-02-18T18:45:59.1379599Z ##[group]Disabling automatic garbage collection
audit-pods	Checkout repository	2026-02-18T18:45:59.1380441Z [command]/usr/bin/git config --local gc.auto 0
audit-pods	Checkout repository	2026-02-18T18:45:59.1422246Z ##[endgroup]
audit-pods	Checkout repository	2026-02-18T18:45:59.1423210Z ##[group]Setting up auth
audit-pods	Checkout repository	2026-02-18T18:45:59.1435432Z [command]/usr/bin/git config --local --name-only --get-regexp core\.sshCommand
audit-pods	Checkout repository	2026-02-18T18:45:59.1482771Z [command]/usr/bin/git submodule foreach --recursive sh -c "git config --local --name-only --get-regexp 'core\.sshCommand' && git config --local --unset-all 'core.sshCommand' || :"
audit-pods	Checkout repository	2026-02-18T18:45:59.1818763Z [command]/usr/bin/git config --local --name-only --get-regexp http\.https\:\/\/github\.com\/\.extraheader
audit-pods	Checkout repository	2026-02-18T18:45:59.1859593Z [command]/usr/bin/git submodule foreach --recursive sh -c "git config --local --name-only --get-regexp 'http\.https\:\/\/github\.com\/\.extraheader' && git config --local --unset-all 'http.https://github.com/.extraheader' || :"
audit-pods	Checkout repository	2026-02-18T18:45:59.2194168Z [command]/usr/bin/git config --local --name-only --get-regexp ^includeIf\.gitdir:
audit-pods	Checkout repository	2026-02-18T18:45:59.2237757Z [command]/usr/bin/git submodule foreach --recursive git config --local --show-origin --name-only --get-regexp remote.origin.url
audit-pods	Checkout repository	2026-02-18T18:45:59.2573667Z [command]/usr/bin/git config --local http.https://github.com/.extraheader AUTHORIZATION: basic ***
audit-pods	Checkout repository	2026-02-18T18:45:59.2622783Z ##[endgroup]
audit-pods	Checkout repository	2026-02-18T18:45:59.2623767Z ##[group]Fetching the repository
audit-pods	Checkout repository	2026-02-18T18:45:59.2630986Z [command]/usr/bin/git -c protocol.version=2 fetch --no-tags --prune --no-recurse-submodules --depth=1 origin +a755bf4b9dbfd043e815b44c7abc1ddd82a3009a:refs/remotes/origin/main
audit-pods	Checkout repository	2026-02-18T18:46:01.5141168Z From https://github.com/Ka0s-Klaus/ka0s
audit-pods	Checkout repository	2026-02-18T18:46:01.5149962Z  * [new ref]         a755bf4b9dbfd043e815b44c7abc1ddd82a3009a -> origin/main
audit-pods	Checkout repository	2026-02-18T18:46:01.5320805Z ##[endgroup]
audit-pods	Checkout repository	2026-02-18T18:46:01.5335191Z ##[group]Determining the checkout info
audit-pods	Checkout repository	2026-02-18T18:46:01.5344932Z ##[endgroup]
audit-pods	Checkout repository	2026-02-18T18:46:01.5350086Z [command]/usr/bin/git sparse-checkout disable
audit-pods	Checkout repository	2026-02-18T18:46:01.5558740Z [command]/usr/bin/git config --local --unset-all extensions.worktreeConfig
audit-pods	Checkout repository	2026-02-18T18:46:01.5645121Z ##[group]Checking out the ref
audit-pods	Checkout repository	2026-02-18T18:46:01.5649474Z [command]/usr/bin/git checkout --progress --force -B main refs/remotes/origin/main
audit-pods	Checkout repository	2026-02-18T18:46:01.8323370Z Switched to a new branch 'main'
audit-pods	Checkout repository	2026-02-18T18:46:01.8327168Z branch 'main' set up to track 'origin/main'.
audit-pods	Checkout repository	2026-02-18T18:46:01.8374261Z ##[endgroup]
audit-pods	Checkout repository	2026-02-18T18:46:01.8423198Z [command]/usr/bin/git log -1 --format=%H
audit-pods	Checkout repository	2026-02-18T18:46:01.8460064Z a755bf4b9dbfd043e815b44c7abc1ddd82a3009a
audit-pods	Execute Audit Script	﻿2026-02-18T18:46:01.8866521Z Prepare all required actions
audit-pods	Execute Audit Script	2026-02-18T18:46:01.9017418Z ##[group]Run ./.github/actions/ssh-exec
audit-pods	Execute Audit Script	2026-02-18T18:46:01.9018022Z with:
audit-pods	Execute Audit Script	2026-02-18T18:46:01.9018537Z   host: ***
audit-pods	Execute Audit Script	2026-02-18T18:46:01.9018863Z   username: ***
audit-pods	Execute Audit Script	2026-02-18T18:46:01.9021140Z   key: ***
audit-pods	Execute Audit Script	2026-02-18T18:46:01.9021450Z   port: ***
audit-pods	Execute Audit Script	2026-02-18T18:46:01.9021735Z   use-sudo: true
audit-pods	Execute Audit Script	2026-02-18T18:46:01.9022061Z   pass: ***
audit-pods	Execute Audit Script	2026-02-18T18:46:01.9022427Z   script-path: devops/core/k8s/audit-failed-pods.sh
audit-pods	Execute Audit Script	2026-02-18T18:46:01.9022865Z   remote-results-path: /tmp/results
audit-pods	Execute Audit Script	2026-02-18T18:46:01.9023250Z   local-results-path: audit/kube/
audit-pods	Execute Audit Script	2026-02-18T18:46:01.9023627Z   remote-tmp-dir: /tmp
audit-pods	Execute Audit Script	2026-02-18T18:46:01.9023942Z env:
audit-pods	Execute Audit Script	2026-02-18T18:46:01.9024224Z   KAOS_MODULE: [Ka0S] Audit Pods
audit-pods	Execute Audit Script	2026-02-18T18:46:01.9025633Z   KAOS_CODE: 22152997971
audit-pods	Execute Audit Script	2026-02-18T18:46:01.9026018Z ##[endgroup]
audit-pods	Execute Audit Script	2026-02-18T18:46:01.9157293Z ##[group]Run echo "***
audit-pods	Execute Audit Script	2026-02-18T18:46:01.9158023Z [36;1mecho "***[0m
audit-pods	Execute Audit Script	2026-02-18T18:46:01.9158603Z [36;1m***[0m
audit-pods	Execute Audit Script	2026-02-18T18:46:01.9159149Z [36;1m***[0m
audit-pods	Execute Audit Script	2026-02-18T18:46:01.9159741Z [36;1m***[0m
audit-pods	Execute Audit Script	2026-02-18T18:46:01.9160239Z [36;1m***[0m
audit-pods	Execute Audit Script	2026-02-18T18:46:01.9160759Z [36;1m***[0m
audit-pods	Execute Audit Script	2026-02-18T18:46:01.9161203Z [36;1m***" > /home/runner/_work/_temp/ssh_key[0m
audit-pods	Execute Audit Script	2026-02-18T18:46:01.9161664Z [36;1mchmod 600 /home/runner/_work/_temp/ssh_key[0m
audit-pods	Execute Audit Script	2026-02-18T18:46:01.9179441Z shell: /usr/bin/bash --noprofile --norc -e -o pipefail {0}
audit-pods	Execute Audit Script	2026-02-18T18:46:01.9180398Z env:
audit-pods	Execute Audit Script	2026-02-18T18:46:01.9180710Z   KAOS_MODULE: [Ka0S] Audit Pods
audit-pods	Execute Audit Script	2026-02-18T18:46:01.9181076Z   KAOS_CODE: 22152997971
audit-pods	Execute Audit Script	2026-02-18T18:46:01.9181398Z ##[endgroup]
audit-pods	Execute Audit Script	2026-02-18T18:46:01.9343486Z ##[group]Run scp -o StrictHostKeyChecking=no -i /home/runner/_work/_temp/ssh_key -P *** devops/core/k8s/audit-failed-pods.sh ***@***:/tmp
audit-pods	Execute Audit Script	2026-02-18T18:46:01.9345731Z [36;1mscp -o StrictHostKeyChecking=no -i /home/runner/_work/_temp/ssh_key -P *** devops/core/k8s/audit-failed-pods.sh ***@***:/tmp[0m
audit-pods	Execute Audit Script	2026-02-18T18:46:01.9358607Z shell: /usr/bin/bash --noprofile --norc -e -o pipefail {0}
audit-pods	Execute Audit Script	2026-02-18T18:46:01.9359119Z env:
audit-pods	Execute Audit Script	2026-02-18T18:46:01.9359811Z   KAOS_MODULE: [Ka0S] Audit Pods
audit-pods	Execute Audit Script	2026-02-18T18:46:01.9360168Z   KAOS_CODE: 22152997971
audit-pods	Execute Audit Script	2026-02-18T18:46:01.9360491Z ##[endgroup]
audit-pods	Execute Audit Script	2026-02-18T18:46:02.0484420Z Warning: Permanently added '[***]:***' (ED25519) to the list of known hosts.
audit-pods	Execute Audit Script	2026-02-18T18:46:03.1742076Z ##[group]Run REMOTE_SCRIPT_PATH="/tmp/$(basename devops/core/k8s/audit-failed-pods.sh)"
audit-pods	Execute Audit Script	2026-02-18T18:46:03.1742852Z [36;1mREMOTE_SCRIPT_PATH="/tmp/$(basename devops/core/k8s/audit-failed-pods.sh)"[0m
audit-pods	Execute Audit Script	2026-02-18T18:46:03.1743478Z [36;1mEXEC_COMMAND="chmod +x $REMOTE_SCRIPT_PATH && $REMOTE_SCRIPT_PATH "[0m
audit-pods	Execute Audit Script	2026-02-18T18:46:03.1743952Z [36;1mif [[ "true" == "true" ]]; then[0m
audit-pods	Execute Audit Script	2026-02-18T18:46:03.1744445Z [36;1m  SUDO_PREFIX="echo '***' | sudo -S"[0m
audit-pods	Execute Audit Script	2026-02-18T18:46:03.1745488Z [36;1m  COMMAND_CHAIN="$SUDO_PREFIX bash -c '$EXEC_COMMAND'"[0m
audit-pods	Execute Audit Script	2026-02-18T18:46:03.1745938Z [36;1m  if [[ "/tmp/results" != "" ]]; then[0m
audit-pods	Execute Audit Script	2026-02-18T18:46:03.1746418Z [36;1m    COMMAND_CHAIN="$COMMAND_CHAIN && $SUDO_PREFIX chmod -R 777 /tmp/results"[0m
audit-pods	Execute Audit Script	2026-02-18T18:46:03.1746906Z [36;1m  fi[0m
audit-pods	Execute Audit Script	2026-02-18T18:46:03.1747992Z [36;1m  ssh -o StrictHostKeyChecking=no -i /home/runner/_work/_temp/ssh_key -p *** ***@*** "$COMMAND_CHAIN && rm $REMOTE_SCRIPT_PATH"[0m
audit-pods	Execute Audit Script	2026-02-18T18:46:03.1748625Z [36;1melse[0m
audit-pods	Execute Audit Script	2026-02-18T18:46:03.1749248Z [36;1m  ssh -o StrictHostKeyChecking=no -i /home/runner/_work/_temp/ssh_key -p *** ***@*** "$EXEC_COMMAND && rm $REMOTE_SCRIPT_PATH"[0m
audit-pods	Execute Audit Script	2026-02-18T18:46:03.1750023Z [36;1mfi[0m
audit-pods	Execute Audit Script	2026-02-18T18:46:03.1773078Z shell: /usr/bin/bash --noprofile --norc -e -o pipefail {0}
audit-pods	Execute Audit Script	2026-02-18T18:46:03.1773511Z env:
audit-pods	Execute Audit Script	2026-02-18T18:46:03.1773788Z   KAOS_MODULE: [Ka0S] Audit Pods
audit-pods	Execute Audit Script	2026-02-18T18:46:03.1774098Z   KAOS_CODE: 22152997971
audit-pods	Execute Audit Script	2026-02-18T18:46:03.1774371Z ##[endgroup]
audit-pods	Execute Audit Script	2026-02-18T18:46:03.7928641Z [INFO] Iniciando auditoría de pods fallidos...
audit-pods	Execute Audit Script	2026-02-18T18:46:03.7930765Z [INFO] Directorio de salida: /tmp/results
audit-pods	Execute Audit Script	2026-02-18T18:46:04.0883435Z [SUCCESS] Auditoría finalizada. Se encontraron 2 pods con problemas.
audit-pods	Execute Audit Script	2026-02-18T18:46:04.0888770Z [INFO] Resultado guardado en: /tmp/results/failed_pods.json
audit-pods	Execute Audit Script	2026-02-18T18:46:04.1120835Z [sudo] password for ***: 
audit-pods	Execute Audit Script	2026-02-18T18:46:04.1309558Z ##[group]Run mkdir -p audit/kube/
audit-pods	Execute Audit Script	2026-02-18T18:46:04.1311114Z [36;1mmkdir -p audit/kube/[0m
audit-pods	Execute Audit Script	2026-02-18T18:46:04.1314366Z [36;1mscp -o StrictHostKeyChecking=no -r -i /home/runner/_work/_temp/ssh_key -P *** ***@***:/tmp/results/* audit/kube/[0m
audit-pods	Execute Audit Script	2026-02-18T18:46:04.1317665Z [36;1mecho "path=audit/kube/" >> $GITHUB_OUTPUT[0m
audit-pods	Execute Audit Script	2026-02-18T18:46:04.1366445Z shell: /usr/bin/bash --noprofile --norc -e -o pipefail {0}
audit-pods	Execute Audit Script	2026-02-18T18:46:04.1368223Z env:
audit-pods	Execute Audit Script	2026-02-18T18:46:04.1369366Z   KAOS_MODULE: [Ka0S] Audit Pods
audit-pods	Execute Audit Script	2026-02-18T18:46:04.1370847Z   KAOS_CODE: 22152997971
audit-pods	Execute Audit Script	2026-02-18T18:46:04.1372022Z ##[endgroup]
audit-pods	Commit Results	﻿2026-02-18T18:46:05.2387028Z ##[group]Run git config --global user.name "Ka0s Bot"
audit-pods	Commit Results	2026-02-18T18:46:05.2387942Z [36;1mgit config --global user.name "Ka0s Bot"[0m
audit-pods	Commit Results	2026-02-18T18:46:05.2388688Z [36;1mgit config --global user.email "bot@ka0s.io"[0m
audit-pods	Commit Results	2026-02-18T18:46:05.2389395Z [36;1mgit add audit/kube/failed_pods.json[0m
audit-pods	Commit Results	2026-02-18T18:46:05.2390054Z [36;1mif ! git diff --staged --quiet; then[0m
audit-pods	Commit Results	2026-02-18T18:46:05.2390941Z [36;1m  git commit -m "[Audit] Update failed pods report $(date +'%Y-%m-%d %H:%M')"[0m
audit-pods	Commit Results	2026-02-18T18:46:05.2391801Z [36;1m  git push[0m
audit-pods	Commit Results	2026-02-18T18:46:05.2392255Z [36;1melse[0m
audit-pods	Commit Results	2026-02-18T18:46:05.2393207Z [36;1m  echo "No changes in failed pods report."[0m
audit-pods	Commit Results	2026-02-18T18:46:05.2393839Z [36;1mfi[0m
audit-pods	Commit Results	2026-02-18T18:46:05.2415928Z shell: /usr/bin/bash -e {0}
audit-pods	Commit Results	2026-02-18T18:46:05.2416465Z env:
audit-pods	Commit Results	2026-02-18T18:46:05.2416889Z   KAOS_MODULE: [Ka0S] Audit Pods
audit-pods	Commit Results	2026-02-18T18:46:05.2417431Z   KAOS_CODE: 22152997971
audit-pods	Commit Results	2026-02-18T18:46:05.2417901Z ##[endgroup]
audit-pods	Commit Results	2026-02-18T18:46:05.4750220Z No changes in failed pods report.
audit-pods	Check iTop connectivity	﻿2026-02-18T18:46:05.4810304Z ##[group]Run echo "Checking connectivity to $ITOP_URL/webservices/rest.php?version=1.3"
audit-pods	Check iTop connectivity	2026-02-18T18:46:05.4811429Z [36;1mecho "Checking connectivity to $ITOP_URL/webservices/rest.php?version=1.3"[0m
audit-pods	Check iTop connectivity	2026-02-18T18:46:05.4812195Z [36;1mcurl --silent --show-error --fail --insecure --max-time 10 "$ITOP_URL/webservices/rest.php?version=1.3" || exit 1[0m
audit-pods	Check iTop connectivity	2026-02-18T18:46:05.4824016Z shell: /usr/bin/bash -e {0}
audit-pods	Check iTop connectivity	2026-02-18T18:46:05.4824321Z env:
audit-pods	Check iTop connectivity	2026-02-18T18:46:05.4824724Z   KAOS_MODULE: [Ka0S] Audit Pods
audit-pods	Check iTop connectivity	2026-02-18T18:46:05.4825394Z   KAOS_CODE: 22152997971
audit-pods	Check iTop connectivity	2026-02-18T18:46:05.4826214Z   ITOP_URL: ***
audit-pods	Check iTop connectivity	2026-02-18T18:46:05.4826484Z ##[endgroup]
audit-pods	Check iTop connectivity	2026-02-18T18:46:05.4866848Z Checking connectivity to ***/webservices/rest.php?version=1.3
audit-pods	Check iTop connectivity	2026-02-18T18:46:05.6169526Z {"code":1,"message":"Error: Invalid login"}
audit-pods	Process Tickets in iTop	﻿2026-02-18T18:46:05.6218511Z ##[group]Run python3 devops/core/k8s/process-failed-pods.py
audit-pods	Process Tickets in iTop	2026-02-18T18:46:05.6219131Z [36;1mpython3 devops/core/k8s/process-failed-pods.py[0m
audit-pods	Process Tickets in iTop	2026-02-18T18:46:05.6232969Z shell: /usr/bin/bash -e {0}
audit-pods	Process Tickets in iTop	2026-02-18T18:46:05.6233340Z env:
audit-pods	Process Tickets in iTop	2026-02-18T18:46:05.6233623Z   KAOS_MODULE: [Ka0S] Audit Pods
audit-pods	Process Tickets in iTop	2026-02-18T18:46:05.6233964Z   KAOS_CODE: 22152997971
audit-pods	Process Tickets in iTop	2026-02-18T18:46:05.6234764Z   ITOP_URL: ***
audit-pods	Process Tickets in iTop	2026-02-18T18:46:05.6235077Z   ITOP_USER: ***
audit-pods	Process Tickets in iTop	2026-02-18T18:46:05.6235366Z   ITOP_PASSWORD: ***
audit-pods	Process Tickets in iTop	2026-02-18T18:46:05.6235623Z   ITOP_ORIGIN: 
audit-pods	Process Tickets in iTop	2026-02-18T18:46:05.6235904Z   FAILED_PODS_FILE: audit/kube/failed_pods.json
audit-pods	Process Tickets in iTop	2026-02-18T18:46:05.6236248Z ##[endgroup]
audit-pods	Process Tickets in iTop	2026-02-18T18:46:05.8183290Z [INFO] Current Failed Pods: 2
audit-pods	Process Tickets in iTop	2026-02-18T18:46:05.8183988Z [DEBUG] POST to ***/webservices/rest.php?version=1.3
audit-pods	Process Tickets in iTop	2026-02-18T18:46:05.8184423Z [INFO] Open Audit Tickets: 2
audit-pods	Process Tickets in iTop	2026-02-18T18:46:05.8189635Z [SKIP] Ticket already exists for elk/mongodb-sync-29521950-prq7k (UserRequest::108)
audit-pods	Process Tickets in iTop	2026-02-18T18:46:05.8190341Z [SKIP] Ticket already exists for elk/mongodb-sync-29522790-mhzff (UserRequest::109)
audit-pods	Post Checkout repository	﻿2026-02-18T18:46:05.8445897Z Post job cleanup.
audit-pods	Post Checkout repository	2026-02-18T18:46:05.9520505Z [command]/usr/bin/git version
audit-pods	Post Checkout repository	2026-02-18T18:46:05.9566711Z git version 2.52.0
audit-pods	Post Checkout repository	2026-02-18T18:46:05.9610688Z Copying '/home/runner/.gitconfig' to '/home/runner/_work/_temp/e815872a-b41b-4e35-be7f-b3f109a6d700/.gitconfig'
audit-pods	Post Checkout repository	2026-02-18T18:46:05.9623666Z Temporarily overriding HOME='/home/runner/_work/_temp/e815872a-b41b-4e35-be7f-b3f109a6d700' before making global git config changes
audit-pods	Post Checkout repository	2026-02-18T18:46:05.9626274Z Adding repository directory to the temporary git global config as a safe directory
audit-pods	Post Checkout repository	2026-02-18T18:46:05.9630543Z [command]/usr/bin/git config --global --add safe.directory /home/runner/_work/ka0s/ka0s
audit-pods	Post Checkout repository	2026-02-18T18:46:05.9691643Z [command]/usr/bin/git config --local --name-only --get-regexp core\.sshCommand
audit-pods	Post Checkout repository	2026-02-18T18:46:05.9738547Z [command]/usr/bin/git submodule foreach --recursive sh -c "git config --local --name-only --get-regexp 'core\.sshCommand' && git config --local --unset-all 'core.sshCommand' || :"
audit-pods	Post Checkout repository	2026-02-18T18:46:06.0082598Z [command]/usr/bin/git config --local --name-only --get-regexp http\.https\:\/\/github\.com\/\.extraheader
audit-pods	Post Checkout repository	2026-02-18T18:46:06.0113071Z http.https://github.com/.extraheader
audit-pods	Post Checkout repository	2026-02-18T18:46:06.0127222Z [command]/usr/bin/git config --local --unset-all http.https://github.com/.extraheader
audit-pods	Post Checkout repository	2026-02-18T18:46:06.0172279Z [command]/usr/bin/git submodule foreach --recursive sh -c "git config --local --name-only --get-regexp 'http\.https\:\/\/github\.com\/\.extraheader' && git config --local --unset-all 'http.https://github.com/.extraheader' || :"
audit-pods	Post Checkout repository	2026-02-18T18:46:06.0510845Z [command]/usr/bin/git config --local --name-only --get-regexp ^includeIf\.gitdir:
audit-pods	Post Checkout repository	2026-02-18T18:46:06.0552818Z [command]/usr/bin/git submodule foreach --recursive git config --local --show-origin --name-only --get-regexp remote.origin.url
audit-pods	Complete job	﻿2026-02-18T18:46:06.1051475Z Cleaning up orphan processes
handle-success	Set up job	﻿2026-02-18T18:46:19.2838985Z Current runner version: '2.331.0'
handle-success	Set up job	2026-02-18T18:46:19.2848384Z Runner name: 'swarm-runners-scaleset-hkss5-runner-cb6g6'
handle-success	Set up job	2026-02-18T18:46:19.2849290Z Runner group name: 'Default'
handle-success	Set up job	2026-02-18T18:46:19.2850337Z Machine name: 'swarm-runners-scaleset-hkss5-runner-cb6g6'
handle-success	Set up job	2026-02-18T18:46:19.2854019Z ##[group]GITHUB_TOKEN Permissions
handle-success	Set up job	2026-02-18T18:46:19.2857051Z Actions: write
handle-success	Set up job	2026-02-18T18:46:19.2857618Z Contents: write
handle-success	Set up job	2026-02-18T18:46:19.2858230Z Issues: write
handle-success	Set up job	2026-02-18T18:46:19.2858802Z Metadata: read
handle-success	Set up job	2026-02-18T18:46:19.2859386Z ##[endgroup]
handle-success	Set up job	2026-02-18T18:46:19.2861474Z Secret source: Actions
handle-success	Set up job	2026-02-18T18:46:19.2862333Z Prepare workflow directory
handle-success	Set up job	2026-02-18T18:46:19.3420339Z Prepare all required actions
handle-success	Set up job	2026-02-18T18:46:19.3524795Z Complete job name: handle-success
handle-success	Run echo "[Ka0S] Audit Pods Success in runid 22152997971 initiated."	﻿2026-02-18T18:46:19.4267675Z ##[group]Run echo "[Ka0S] Audit Pods Success in runid 22152997971 initiated."
handle-success	Run echo "[Ka0S] Audit Pods Success in runid 22152997971 initiated."	2026-02-18T18:46:19.4268697Z [36;1mecho "[Ka0S] Audit Pods Success in runid 22152997971 initiated."[0m
handle-success	Run echo "[Ka0S] Audit Pods Success in runid 22152997971 initiated."	2026-02-18T18:46:19.4298488Z shell: /usr/bin/bash -e {0}
handle-success	Run echo "[Ka0S] Audit Pods Success in runid 22152997971 initiated."	2026-02-18T18:46:19.4299458Z env:
handle-success	Run echo "[Ka0S] Audit Pods Success in runid 22152997971 initiated."	2026-02-18T18:46:19.4299875Z   KAOS_MODULE: [Ka0S] Audit Pods
handle-success	Run echo "[Ka0S] Audit Pods Success in runid 22152997971 initiated."	2026-02-18T18:46:19.4300355Z   KAOS_CODE: 22152997971
handle-success	Run echo "[Ka0S] Audit Pods Success in runid 22152997971 initiated."	2026-02-18T18:46:19.4300785Z ##[endgroup]
handle-success	Run echo "[Ka0S] Audit Pods Success in runid 22152997971 initiated."	2026-02-18T18:46:19.4574395Z [Ka0S] Audit Pods Success in runid 22152997971 initiated.
handle-success	Complete job	﻿2026-02-18T18:46:19.4692935Z Cleaning up orphan processes
end-workflow	Set up job	﻿2026-02-18T18:46:33.0434648Z Current runner version: '2.331.0'
end-workflow	Set up job	2026-02-18T18:46:33.0443106Z Runner name: 'swarm-runners-scaleset-hkss5-runner-cswd5'
end-workflow	Set up job	2026-02-18T18:46:33.0444217Z Runner group name: 'Default'
end-workflow	Set up job	2026-02-18T18:46:33.0445320Z Machine name: 'swarm-runners-scaleset-hkss5-runner-cswd5'
end-workflow	Set up job	2026-02-18T18:46:33.0448999Z ##[group]GITHUB_TOKEN Permissions
end-workflow	Set up job	2026-02-18T18:46:33.0451561Z Actions: write
end-workflow	Set up job	2026-02-18T18:46:33.0452458Z Contents: write
end-workflow	Set up job	2026-02-18T18:46:33.0452989Z Issues: write
end-workflow	Set up job	2026-02-18T18:46:33.0453574Z Metadata: read
end-workflow	Set up job	2026-02-18T18:46:33.0454179Z ##[endgroup]
end-workflow	Set up job	2026-02-18T18:46:33.0457802Z Secret source: Actions
end-workflow	Set up job	2026-02-18T18:46:33.0458572Z Prepare workflow directory
end-workflow	Set up job	2026-02-18T18:46:33.1011451Z Prepare all required actions
end-workflow	Set up job	2026-02-18T18:46:33.1053431Z Getting action download info
end-workflow	Set up job	2026-02-18T18:46:33.6915693Z Download action repository 'actions/checkout@v4' (SHA:34e114876b0b11c390a56381ad16ebd13914f8d5)
end-workflow	Set up job	2026-02-18T18:46:34.5633871Z Complete job name: end-workflow
end-workflow	Checkout Repository	﻿2026-02-18T18:46:34.6318941Z ##[group]Run actions/checkout@v4
end-workflow	Checkout Repository	2026-02-18T18:46:34.6320008Z with:
end-workflow	Checkout Repository	2026-02-18T18:46:34.6320461Z   fetch-depth: 0
end-workflow	Checkout Repository	2026-02-18T18:46:34.6320918Z   repository: Ka0s-Klaus/ka0s
end-workflow	Checkout Repository	2026-02-18T18:46:34.6321846Z   token: ***
end-workflow	Checkout Repository	2026-02-18T18:46:34.6322265Z   ssh-strict: true
end-workflow	Checkout Repository	2026-02-18T18:46:34.6322706Z   ssh-user: git
end-workflow	Checkout Repository	2026-02-18T18:46:34.6323141Z   persist-credentials: true
end-workflow	Checkout Repository	2026-02-18T18:46:34.6323635Z   clean: true
end-workflow	Checkout Repository	2026-02-18T18:46:34.6324080Z   sparse-checkout-cone-mode: true
end-workflow	Checkout Repository	2026-02-18T18:46:34.6324936Z   fetch-tags: false
end-workflow	Checkout Repository	2026-02-18T18:46:34.6325526Z   show-progress: true
end-workflow	Checkout Repository	2026-02-18T18:46:34.6325968Z   lfs: false
end-workflow	Checkout Repository	2026-02-18T18:46:34.6326375Z   submodules: false
end-workflow	Checkout Repository	2026-02-18T18:46:34.6326845Z   set-safe-directory: true
end-workflow	Checkout Repository	2026-02-18T18:46:34.6327582Z env:
end-workflow	Checkout Repository	2026-02-18T18:46:34.6328015Z   KAOS_MODULE: [Ka0S] Audit Pods
end-workflow	Checkout Repository	2026-02-18T18:46:34.6328798Z   KAOS_CODE: 22152997971
end-workflow	Checkout Repository	2026-02-18T18:46:34.6329255Z ##[endgroup]
end-workflow	Checkout Repository	2026-02-18T18:46:34.7582315Z Syncing repository: Ka0s-Klaus/ka0s
end-workflow	Checkout Repository	2026-02-18T18:46:34.7585019Z ##[group]Getting Git version info
end-workflow	Checkout Repository	2026-02-18T18:46:34.7585882Z Working directory is '/home/runner/_work/ka0s/ka0s'
end-workflow	Checkout Repository	2026-02-18T18:46:34.7587024Z [command]/usr/bin/git version
end-workflow	Checkout Repository	2026-02-18T18:46:34.7587605Z git version 2.52.0
end-workflow	Checkout Repository	2026-02-18T18:46:34.7612363Z ##[endgroup]
end-workflow	Checkout Repository	2026-02-18T18:46:34.7631278Z Temporarily overriding HOME='/home/runner/_work/_temp/a56325e2-733c-4ccb-a485-af4c17f31210' before making global git config changes
end-workflow	Checkout Repository	2026-02-18T18:46:34.7640294Z Adding repository directory to the temporary git global config as a safe directory
end-workflow	Checkout Repository	2026-02-18T18:46:34.7641715Z [command]/usr/bin/git config --global --add safe.directory /home/runner/_work/ka0s/ka0s
end-workflow	Checkout Repository	2026-02-18T18:46:34.7698508Z Deleting the contents of '/home/runner/_work/ka0s/ka0s'
end-workflow	Checkout Repository	2026-02-18T18:46:34.7702893Z ##[group]Initializing the repository
end-workflow	Checkout Repository	2026-02-18T18:46:34.7707977Z [command]/usr/bin/git init /home/runner/_work/ka0s/ka0s
end-workflow	Checkout Repository	2026-02-18T18:46:34.7769321Z hint: Using 'master' as the name for the initial branch. This default branch name
end-workflow	Checkout Repository	2026-02-18T18:46:34.7771232Z hint: will change to "main" in Git 3.0. To configure the initial branch name
end-workflow	Checkout Repository	2026-02-18T18:46:34.7772497Z hint: to use in all of your new repositories, which will suppress this warning,
end-workflow	Checkout Repository	2026-02-18T18:46:34.7773451Z hint: call:
end-workflow	Checkout Repository	2026-02-18T18:46:34.7773965Z hint:
end-workflow	Checkout Repository	2026-02-18T18:46:34.7778079Z hint: 	git config --global init.defaultBranch <name>
end-workflow	Checkout Repository	2026-02-18T18:46:34.7778863Z hint:
end-workflow	Checkout Repository	2026-02-18T18:46:34.7779493Z hint: Names commonly chosen instead of 'master' are 'main', 'trunk' and
end-workflow	Checkout Repository	2026-02-18T18:46:34.7780554Z hint: 'development'. The just-created branch can be renamed via this command:
end-workflow	Checkout Repository	2026-02-18T18:46:34.7781364Z hint:
end-workflow	Checkout Repository	2026-02-18T18:46:34.7781800Z hint: 	git branch -m <name>
end-workflow	Checkout Repository	2026-02-18T18:46:34.7782308Z hint:
end-workflow	Checkout Repository	2026-02-18T18:46:34.7782991Z hint: Disable this message with "git config set advice.defaultBranchName false"
end-workflow	Checkout Repository	2026-02-18T18:46:34.7784199Z Initialized empty Git repository in /home/runner/_work/ka0s/ka0s/.git/
end-workflow	Checkout Repository	2026-02-18T18:46:34.7796940Z [command]/usr/bin/git remote add origin https://github.com/Ka0s-Klaus/ka0s
end-workflow	Checkout Repository	2026-02-18T18:46:34.7838154Z ##[endgroup]
end-workflow	Checkout Repository	2026-02-18T18:46:34.7839671Z ##[group]Disabling automatic garbage collection
end-workflow	Checkout Repository	2026-02-18T18:46:34.7840415Z [command]/usr/bin/git config --local gc.auto 0
end-workflow	Checkout Repository	2026-02-18T18:46:34.7880418Z ##[endgroup]
end-workflow	Checkout Repository	2026-02-18T18:46:34.7881275Z ##[group]Setting up auth
end-workflow	Checkout Repository	2026-02-18T18:46:34.7888169Z [command]/usr/bin/git config --local --name-only --get-regexp core\.sshCommand
end-workflow	Checkout Repository	2026-02-18T18:46:34.7933707Z [command]/usr/bin/git submodule foreach --recursive sh -c "git config --local --name-only --get-regexp 'core\.sshCommand' && git config --local --unset-all 'core.sshCommand' || :"
end-workflow	Checkout Repository	2026-02-18T18:46:34.8278314Z [command]/usr/bin/git config --local --name-only --get-regexp http\.https\:\/\/github\.com\/\.extraheader
end-workflow	Checkout Repository	2026-02-18T18:46:34.8319977Z [command]/usr/bin/git submodule foreach --recursive sh -c "git config --local --name-only --get-regexp 'http\.https\:\/\/github\.com\/\.extraheader' && git config --local --unset-all 'http.https://github.com/.extraheader' || :"
end-workflow	Checkout Repository	2026-02-18T18:46:34.8657039Z [command]/usr/bin/git config --local --name-only --get-regexp ^includeIf\.gitdir:
end-workflow	Checkout Repository	2026-02-18T18:46:34.8699042Z [command]/usr/bin/git submodule foreach --recursive git config --local --show-origin --name-only --get-regexp remote.origin.url
end-workflow	Checkout Repository	2026-02-18T18:46:34.9046039Z [command]/usr/bin/git config --local http.https://github.com/.extraheader AUTHORIZATION: basic ***
end-workflow	Checkout Repository	2026-02-18T18:46:34.9091482Z ##[endgroup]
end-workflow	Checkout Repository	2026-02-18T18:46:34.9092409Z ##[group]Fetching the repository
end-workflow	Checkout Repository	2026-02-18T18:46:34.9112954Z [command]/usr/bin/git -c protocol.version=2 fetch --prune --no-recurse-submodules origin +refs/heads/*:refs/remotes/origin/* +refs/tags/*:refs/tags/*
end-workflow	Checkout Repository	2026-02-18T18:46:54.3636371Z From https://github.com/Ka0s-Klaus/ka0s
end-workflow	Checkout Repository	2026-02-18T18:46:54.3637542Z  * [new branch]          F3450-modelo-operativo -> origin/F3450-modelo-operativo
end-workflow	Checkout Repository	2026-02-18T18:46:54.3638294Z  * [new branch]          H1276-modulo-observabilidad -> origin/H1276-modulo-observabilidad
end-workflow	Checkout Repository	2026-02-18T18:46:54.3639091Z  * [new branch]          H3266-deploy-zabbix    -> origin/H3266-deploy-zabbix
end-workflow	Checkout Repository	2026-02-18T18:46:54.3639783Z  * [new branch]          H3596-deploy-itop      -> origin/H3596-deploy-itop
end-workflow	Checkout Repository	2026-02-18T18:46:54.3640309Z  * [new branch]          main                   -> origin/main
end-workflow	Checkout Repository	2026-02-18T18:46:54.3640762Z  * [new tag]             0.0.0                  -> 0.0.0
end-workflow	Checkout Repository	2026-02-18T18:46:54.3641186Z  * [new tag]             0.0.1                  -> 0.0.1
end-workflow	Checkout Repository	2026-02-18T18:46:54.3641618Z  * [new tag]             0.0.10                 -> 0.0.10
end-workflow	Checkout Repository	2026-02-18T18:46:54.3642043Z  * [new tag]             0.0.100                -> 0.0.100
end-workflow	Checkout Repository	2026-02-18T18:46:54.3642462Z  * [new tag]             0.0.101                -> 0.0.101
end-workflow	Checkout Repository	2026-02-18T18:46:54.3642890Z  * [new tag]             0.0.102                -> 0.0.102
end-workflow	Checkout Repository	2026-02-18T18:46:54.3643308Z  * [new tag]             0.0.103                -> 0.0.103
end-workflow	Checkout Repository	2026-02-18T18:46:54.3643751Z  * [new tag]             0.0.104                -> 0.0.104
end-workflow	Checkout Repository	2026-02-18T18:46:54.3644202Z  * [new tag]             0.0.105                -> 0.0.105
end-workflow	Checkout Repository	2026-02-18T18:46:54.3644877Z  * [new tag]             0.0.106                -> 0.0.106
end-workflow	Checkout Repository	2026-02-18T18:46:54.3645312Z  * [new tag]             0.0.107                -> 0.0.107
end-workflow	Checkout Repository	2026-02-18T18:46:54.3645738Z  * [new tag]             0.0.108                -> 0.0.108
end-workflow	Checkout Repository	2026-02-18T18:46:54.3646145Z  * [new tag]             0.0.109                -> 0.0.109
end-workflow	Checkout Repository	2026-02-18T18:46:54.3646588Z  * [new tag]             0.0.11                 -> 0.0.11
end-workflow	Checkout Repository	2026-02-18T18:46:54.3647008Z  * [new tag]             0.0.110                -> 0.0.110
end-workflow	Checkout Repository	2026-02-18T18:46:54.3647424Z  * [new tag]             0.0.111                -> 0.0.111
end-workflow	Checkout Repository	2026-02-18T18:46:54.3647946Z  * [new tag]             0.0.112                -> 0.0.112
end-workflow	Checkout Repository	2026-02-18T18:46:54.3648343Z  * [new tag]             0.0.113                -> 0.0.113
end-workflow	Checkout Repository	2026-02-18T18:46:54.3648745Z  * [new tag]             0.0.114                -> 0.0.114
end-workflow	Checkout Repository	2026-02-18T18:46:54.3649149Z  * [new tag]             0.0.115                -> 0.0.115
end-workflow	Checkout Repository	2026-02-18T18:46:54.3649567Z  * [new tag]             0.0.116                -> 0.0.116
end-workflow	Checkout Repository	2026-02-18T18:46:54.3650456Z  * [new tag]             0.0.117                -> 0.0.117
end-workflow	Checkout Repository	2026-02-18T18:46:54.3650861Z  * [new tag]             0.0.118                -> 0.0.118
end-workflow	Checkout Repository	2026-02-18T18:46:54.3651338Z  * [new tag]             0.0.119                -> 0.0.119
end-workflow	Checkout Repository	2026-02-18T18:46:54.3651809Z  * [new tag]             0.0.12                 -> 0.0.12
end-workflow	Checkout Repository	2026-02-18T18:46:54.3652203Z  * [new tag]             0.0.120                -> 0.0.120
end-workflow	Checkout Repository	2026-02-18T18:46:54.3652599Z  * [new tag]             0.0.121                -> 0.0.121
end-workflow	Checkout Repository	2026-02-18T18:46:54.3652990Z  * [new tag]             0.0.122                -> 0.0.122
end-workflow	Checkout Repository	2026-02-18T18:46:54.3653391Z  * [new tag]             0.0.123                -> 0.0.123
end-workflow	Checkout Repository	2026-02-18T18:46:54.3653783Z  * [new tag]             0.0.124                -> 0.0.124
end-workflow	Checkout Repository	2026-02-18T18:46:54.3654179Z  * [new tag]             0.0.125                -> 0.0.125
end-workflow	Checkout Repository	2026-02-18T18:46:54.3654844Z  * [new tag]             0.0.126                -> 0.0.126
end-workflow	Checkout Repository	2026-02-18T18:46:54.3655370Z  * [new tag]             0.0.127                -> 0.0.127
end-workflow	Checkout Repository	2026-02-18T18:46:54.3656221Z  * [new tag]             0.0.128                -> 0.0.128
end-workflow	Checkout Repository	2026-02-18T18:46:54.3656628Z  * [new tag]             0.0.129                -> 0.0.129
end-workflow	Checkout Repository	2026-02-18T18:46:54.3657040Z  * [new tag]             0.0.13                 -> 0.0.13
end-workflow	Checkout Repository	2026-02-18T18:46:54.3657452Z  * [new tag]             0.0.130                -> 0.0.130
end-workflow	Checkout Repository	2026-02-18T18:46:54.3658033Z  * [new tag]             0.0.131                -> 0.0.131
end-workflow	Checkout Repository	2026-02-18T18:46:54.3658431Z  * [new tag]             0.0.132                -> 0.0.132
end-workflow	Checkout Repository	2026-02-18T18:46:54.3658820Z  * [new tag]             0.0.133                -> 0.0.133
end-workflow	Checkout Repository	2026-02-18T18:46:54.3659217Z  * [new tag]             0.0.134                -> 0.0.134
end-workflow	Checkout Repository	2026-02-18T18:46:54.3659608Z  * [new tag]             0.0.135                -> 0.0.135
end-workflow	Checkout Repository	2026-02-18T18:46:54.3660004Z  * [new tag]             0.0.136                -> 0.0.136
end-workflow	Checkout Repository	2026-02-18T18:46:54.3660401Z  * [new tag]             0.0.137                -> 0.0.137
end-workflow	Checkout Repository	2026-02-18T18:46:54.3660810Z  * [new tag]             0.0.138                -> 0.0.138
end-workflow	Checkout Repository	2026-02-18T18:46:54.3661367Z  * [new tag]             0.0.139                -> 0.0.139
end-workflow	Checkout Repository	2026-02-18T18:46:54.3661773Z  * [new tag]             0.0.14                 -> 0.0.14
end-workflow	Checkout Repository	2026-02-18T18:46:54.3662294Z  * [new tag]             0.0.140                -> 0.0.140
end-workflow	Checkout Repository	2026-02-18T18:46:54.3662808Z  * [new tag]             0.0.141                -> 0.0.141
end-workflow	Checkout Repository	2026-02-18T18:46:54.3663216Z  * [new tag]             0.0.142                -> 0.0.142
end-workflow	Checkout Repository	2026-02-18T18:46:54.3663622Z  * [new tag]             0.0.143                -> 0.0.143
end-workflow	Checkout Repository	2026-02-18T18:46:54.3664030Z  * [new tag]             0.0.144                -> 0.0.144
end-workflow	Checkout Repository	2026-02-18T18:46:54.3664439Z  * [new tag]             0.0.145                -> 0.0.145
end-workflow	Checkout Repository	2026-02-18T18:46:54.3664969Z  * [new tag]             0.0.146                -> 0.0.146
end-workflow	Checkout Repository	2026-02-18T18:46:54.3665402Z  * [new tag]             0.0.147                -> 0.0.147
end-workflow	Checkout Repository	2026-02-18T18:46:54.3665932Z  * [new tag]             0.0.148                -> 0.0.148
end-workflow	Checkout Repository	2026-02-18T18:46:54.3666359Z  * [new tag]             0.0.149                -> 0.0.149
end-workflow	Checkout Repository	2026-02-18T18:46:54.3666759Z  * [new tag]             0.0.15                 -> 0.0.15
end-workflow	Checkout Repository	2026-02-18T18:46:54.3675516Z  * [new tag]             0.0.150                -> 0.0.150
end-workflow	Checkout Repository	2026-02-18T18:46:54.3676384Z  * [new tag]             0.0.151                -> 0.0.151
end-workflow	Checkout Repository	2026-02-18T18:46:54.3676914Z  * [new tag]             0.0.152                -> 0.0.152
end-workflow	Checkout Repository	2026-02-18T18:46:54.3677320Z  * [new tag]             0.0.153                -> 0.0.153
end-workflow	Checkout Repository	2026-02-18T18:46:54.3677721Z  * [new tag]             0.0.154                -> 0.0.154
end-workflow	Checkout Repository	2026-02-18T18:46:54.3678118Z  * [new tag]             0.0.155                -> 0.0.155
end-workflow	Checkout Repository	2026-02-18T18:46:54.3678510Z  * [new tag]             0.0.156                -> 0.0.156
end-workflow	Checkout Repository	2026-02-18T18:46:54.3678916Z  * [new tag]             0.0.157                -> 0.0.157
end-workflow	Checkout Repository	2026-02-18T18:46:54.3679321Z  * [new tag]             0.0.158                -> 0.0.158
end-workflow	Checkout Repository	2026-02-18T18:46:54.3679728Z  * [new tag]             0.0.159                -> 0.0.159
end-workflow	Checkout Repository	2026-02-18T18:46:54.3680427Z  * [new tag]             0.0.16                 -> 0.0.16
end-workflow	Checkout Repository	2026-02-18T18:46:54.3680838Z  * [new tag]             0.0.160                -> 0.0.160
end-workflow	Checkout Repository	2026-02-18T18:46:54.3681244Z  * [new tag]             0.0.161                -> 0.0.161
end-workflow	Checkout Repository	2026-02-18T18:46:54.3681650Z  * [new tag]             0.0.162                -> 0.0.162
end-workflow	Checkout Repository	2026-02-18T18:46:54.3682055Z  * [new tag]             0.0.163                -> 0.0.163
end-workflow	Checkout Repository	2026-02-18T18:46:54.3682458Z  * [new tag]             0.0.164                -> 0.0.164
end-workflow	Checkout Repository	2026-02-18T18:46:54.3682883Z  * [new tag]             0.0.165                -> 0.0.165
end-workflow	Checkout Repository	2026-02-18T18:46:54.3683285Z  * [new tag]             0.0.166                -> 0.0.166
end-workflow	Checkout Repository	2026-02-18T18:46:54.3683693Z  * [new tag]             0.0.167                -> 0.0.167
end-workflow	Checkout Repository	2026-02-18T18:46:54.3684098Z  * [new tag]             0.0.168                -> 0.0.168
end-workflow	Checkout Repository	2026-02-18T18:46:54.3684761Z  * [new tag]             0.0.169                -> 0.0.169
end-workflow	Checkout Repository	2026-02-18T18:46:54.3685681Z  * [new tag]             0.0.17                 -> 0.0.17
end-workflow	Checkout Repository	2026-02-18T18:46:54.3686110Z  * [new tag]             0.0.170                -> 0.0.170
end-workflow	Checkout Repository	2026-02-18T18:46:54.3686568Z  * [new tag]             0.0.171                -> 0.0.171
end-workflow	Checkout Repository	2026-02-18T18:46:54.3687110Z  * [new tag]             0.0.172                -> 0.0.172
end-workflow	Checkout Repository	2026-02-18T18:46:54.3687664Z  * [new tag]             0.0.173                -> 0.0.173
end-workflow	Checkout Repository	2026-02-18T18:46:54.3688086Z  * [new tag]             0.0.174                -> 0.0.174
end-workflow	Checkout Repository	2026-02-18T18:46:54.3688759Z  * [new tag]             0.0.175                -> 0.0.175
end-workflow	Checkout Repository	2026-02-18T18:46:54.3689298Z  * [new tag]             0.0.176                -> 0.0.176
end-workflow	Checkout Repository	2026-02-18T18:46:54.3689699Z  * [new tag]             0.0.177                -> 0.0.177
end-workflow	Checkout Repository	2026-02-18T18:46:54.3690102Z  * [new tag]             0.0.178                -> 0.0.178
end-workflow	Checkout Repository	2026-02-18T18:46:54.3690504Z  * [new tag]             0.0.179                -> 0.0.179
end-workflow	Checkout Repository	2026-02-18T18:46:54.3690909Z  * [new tag]             0.0.18                 -> 0.0.18
end-workflow	Checkout Repository	2026-02-18T18:46:54.3691490Z  * [new tag]             0.0.19                 -> 0.0.19
end-workflow	Checkout Repository	2026-02-18T18:46:54.3691909Z  * [new tag]             0.0.2                  -> 0.0.2
end-workflow	Checkout Repository	2026-02-18T18:46:54.3692329Z  * [new tag]             0.0.20                 -> 0.0.20
end-workflow	Checkout Repository	2026-02-18T18:46:54.3692749Z  * [new tag]             0.0.21                 -> 0.0.21
end-workflow	Checkout Repository	2026-02-18T18:46:54.3724951Z  * [new tag]             0.0.22                 -> 0.0.22
end-workflow	Checkout Repository	2026-02-18T18:46:54.3726293Z  * [new tag]             0.0.23                 -> 0.0.23
end-workflow	Checkout Repository	2026-02-18T18:46:54.3726863Z  * [new tag]             0.0.24                 -> 0.0.24
end-workflow	Checkout Repository	2026-02-18T18:46:54.3727273Z  * [new tag]             0.0.25                 -> 0.0.25
end-workflow	Checkout Repository	2026-02-18T18:46:54.3727683Z  * [new tag]             0.0.26                 -> 0.0.26
end-workflow	Checkout Repository	2026-02-18T18:46:54.3728092Z  * [new tag]             0.0.27                 -> 0.0.27
end-workflow	Checkout Repository	2026-02-18T18:46:54.3728596Z  * [new tag]             0.0.28                 -> 0.0.28
end-workflow	Checkout Repository	2026-02-18T18:46:54.3729007Z  * [new tag]             0.0.29                 -> 0.0.29
end-workflow	Checkout Repository	2026-02-18T18:46:54.3729482Z  * [new tag]             0.0.3                  -> 0.0.3
end-workflow	Checkout Repository	2026-02-18T18:46:54.3729895Z  * [new tag]             0.0.30                 -> 0.0.30
end-workflow	Checkout Repository	2026-02-18T18:46:54.3730294Z  * [new tag]             0.0.31                 -> 0.0.31
end-workflow	Checkout Repository	2026-02-18T18:46:54.3730702Z  * [new tag]             0.0.32                 -> 0.0.32
end-workflow	Checkout Repository	2026-02-18T18:46:54.3732997Z  * [new tag]             0.0.33                 -> 0.0.33
end-workflow	Checkout Repository	2026-02-18T18:46:54.3733920Z  * [new tag]             0.0.34                 -> 0.0.34
end-workflow	Checkout Repository	2026-02-18T18:46:54.3734738Z  * [new tag]             0.0.35                 -> 0.0.35
end-workflow	Checkout Repository	2026-02-18T18:46:54.3735190Z  * [new tag]             0.0.36                 -> 0.0.36
end-workflow	Checkout Repository	2026-02-18T18:46:54.3735611Z  * [new tag]             0.0.37                 -> 0.0.37
end-workflow	Checkout Repository	2026-02-18T18:46:54.3736026Z  * [new tag]             0.0.38                 -> 0.0.38
end-workflow	Checkout Repository	2026-02-18T18:46:54.3736439Z  * [new tag]             0.0.39                 -> 0.0.39
end-workflow	Checkout Repository	2026-02-18T18:46:54.3737311Z  * [new tag]             0.0.4                  -> 0.0.4
end-workflow	Checkout Repository	2026-02-18T18:46:54.3738082Z  * [new tag]             0.0.40                 -> 0.0.40
end-workflow	Checkout Repository	2026-02-18T18:46:54.3738498Z  * [new tag]             0.0.41                 -> 0.0.41
end-workflow	Checkout Repository	2026-02-18T18:46:54.3738909Z  * [new tag]             0.0.42                 -> 0.0.42
end-workflow	Checkout Repository	2026-02-18T18:46:54.3739326Z  * [new tag]             0.0.43                 -> 0.0.43
end-workflow	Checkout Repository	2026-02-18T18:46:54.3739737Z  * [new tag]             0.0.44                 -> 0.0.44
end-workflow	Checkout Repository	2026-02-18T18:46:54.3740149Z  * [new tag]             0.0.45                 -> 0.0.45
end-workflow	Checkout Repository	2026-02-18T18:46:54.3740559Z  * [new tag]             0.0.46                 -> 0.0.46
end-workflow	Checkout Repository	2026-02-18T18:46:54.3740971Z  * [new tag]             0.0.47                 -> 0.0.47
end-workflow	Checkout Repository	2026-02-18T18:46:54.3741388Z  * [new tag]             0.0.48                 -> 0.0.48
end-workflow	Checkout Repository	2026-02-18T18:46:54.3741798Z  * [new tag]             0.0.49                 -> 0.0.49
end-workflow	Checkout Repository	2026-02-18T18:46:54.3742215Z  * [new tag]             0.0.5                  -> 0.0.5
end-workflow	Checkout Repository	2026-02-18T18:46:54.3742882Z  * [new tag]             0.0.50                 -> 0.0.50
end-workflow	Checkout Repository	2026-02-18T18:46:54.3743310Z  * [new tag]             0.0.51                 -> 0.0.51
end-workflow	Checkout Repository	2026-02-18T18:46:54.3743717Z  * [new tag]             0.0.52                 -> 0.0.52
end-workflow	Checkout Repository	2026-02-18T18:46:54.3744131Z  * [new tag]             0.0.53                 -> 0.0.53
end-workflow	Checkout Repository	2026-02-18T18:46:54.3744690Z  * [new tag]             0.0.54                 -> 0.0.54
end-workflow	Checkout Repository	2026-02-18T18:46:54.3745116Z  * [new tag]             0.0.55                 -> 0.0.55
end-workflow	Checkout Repository	2026-02-18T18:46:54.3745530Z  * [new tag]             0.0.56                 -> 0.0.56
end-workflow	Checkout Repository	2026-02-18T18:46:54.3745942Z  * [new tag]             0.0.57                 -> 0.0.57
end-workflow	Checkout Repository	2026-02-18T18:46:54.3746354Z  * [new tag]             0.0.58                 -> 0.0.58
end-workflow	Checkout Repository	2026-02-18T18:46:54.3746764Z  * [new tag]             0.0.59                 -> 0.0.59
end-workflow	Checkout Repository	2026-02-18T18:46:54.3747178Z  * [new tag]             0.0.6                  -> 0.0.6
end-workflow	Checkout Repository	2026-02-18T18:46:54.3747593Z  * [new tag]             0.0.60                 -> 0.0.60
end-workflow	Checkout Repository	2026-02-18T18:46:54.3748022Z  * [new tag]             0.0.61                 -> 0.0.61
end-workflow	Checkout Repository	2026-02-18T18:46:54.3748429Z  * [new tag]             0.0.62                 -> 0.0.62
end-workflow	Checkout Repository	2026-02-18T18:46:54.3748837Z  * [new tag]             0.0.63                 -> 0.0.63
end-workflow	Checkout Repository	2026-02-18T18:46:54.3749241Z  * [new tag]             0.0.64                 -> 0.0.64
end-workflow	Checkout Repository	2026-02-18T18:46:54.3749642Z  * [new tag]             0.0.65                 -> 0.0.65
end-workflow	Checkout Repository	2026-02-18T18:46:54.3750047Z  * [new tag]             0.0.66                 -> 0.0.66
end-workflow	Checkout Repository	2026-02-18T18:46:54.3750455Z  * [new tag]             0.0.67                 -> 0.0.67
end-workflow	Checkout Repository	2026-02-18T18:46:54.3750858Z  * [new tag]             0.0.68                 -> 0.0.68
end-workflow	Checkout Repository	2026-02-18T18:46:54.3751265Z  * [new tag]             0.0.69                 -> 0.0.69
end-workflow	Checkout Repository	2026-02-18T18:46:54.3751669Z  * [new tag]             0.0.7                  -> 0.0.7
end-workflow	Checkout Repository	2026-02-18T18:46:54.3752081Z  * [new tag]             0.0.70                 -> 0.0.70
end-workflow	Checkout Repository	2026-02-18T18:46:54.3752528Z  * [new tag]             0.0.71                 -> 0.0.71
end-workflow	Checkout Repository	2026-02-18T18:46:54.3752979Z  * [new tag]             0.0.72                 -> 0.0.72
end-workflow	Checkout Repository	2026-02-18T18:46:54.3753433Z  * [new tag]             0.0.73                 -> 0.0.73
end-workflow	Checkout Repository	2026-02-18T18:46:54.3753846Z  * [new tag]             0.0.74                 -> 0.0.74
end-workflow	Checkout Repository	2026-02-18T18:46:54.3754266Z  * [new tag]             0.0.75                 -> 0.0.75
end-workflow	Checkout Repository	2026-02-18T18:46:54.3754803Z  * [new tag]             0.0.76                 -> 0.0.76
end-workflow	Checkout Repository	2026-02-18T18:46:54.3755214Z  * [new tag]             0.0.77                 -> 0.0.77
end-workflow	Checkout Repository	2026-02-18T18:46:54.3755619Z  * [new tag]             0.0.78                 -> 0.0.78
end-workflow	Checkout Repository	2026-02-18T18:46:54.3756029Z  * [new tag]             0.0.79                 -> 0.0.79
end-workflow	Checkout Repository	2026-02-18T18:46:54.3756440Z  * [new tag]             0.0.8                  -> 0.0.8
end-workflow	Checkout Repository	2026-02-18T18:46:54.3756843Z  * [new tag]             0.0.80                 -> 0.0.80
end-workflow	Checkout Repository	2026-02-18T18:46:54.3757245Z  * [new tag]             0.0.81                 -> 0.0.81
end-workflow	Checkout Repository	2026-02-18T18:46:54.3757663Z  * [new tag]             0.0.82                 -> 0.0.82
end-workflow	Checkout Repository	2026-02-18T18:46:54.3758356Z  * [new tag]             0.0.83                 -> 0.0.83
end-workflow	Checkout Repository	2026-02-18T18:46:54.3758849Z  * [new tag]             0.0.84                 -> 0.0.84
end-workflow	Checkout Repository	2026-02-18T18:46:54.3759255Z  * [new tag]             0.0.85                 -> 0.0.85
end-workflow	Checkout Repository	2026-02-18T18:46:54.3759658Z  * [new tag]             0.0.86                 -> 0.0.86
end-workflow	Checkout Repository	2026-02-18T18:46:54.3760072Z  * [new tag]             0.0.87                 -> 0.0.87
end-workflow	Checkout Repository	2026-02-18T18:46:54.3760606Z  * [new tag]             0.0.88                 -> 0.0.88
end-workflow	Checkout Repository	2026-02-18T18:46:54.3761012Z  * [new tag]             0.0.89                 -> 0.0.89
end-workflow	Checkout Repository	2026-02-18T18:46:54.3761416Z  * [new tag]             0.0.9                  -> 0.0.9
end-workflow	Checkout Repository	2026-02-18T18:46:54.3761807Z  * [new tag]             0.0.90                 -> 0.0.90
end-workflow	Checkout Repository	2026-02-18T18:46:54.3762205Z  * [new tag]             0.0.91                 -> 0.0.91
end-workflow	Checkout Repository	2026-02-18T18:46:54.3762601Z  * [new tag]             0.0.92                 -> 0.0.92
end-workflow	Checkout Repository	2026-02-18T18:46:54.3763236Z  * [new tag]             0.0.93                 -> 0.0.93
end-workflow	Checkout Repository	2026-02-18T18:46:54.3763640Z  * [new tag]             0.0.94                 -> 0.0.94
end-workflow	Checkout Repository	2026-02-18T18:46:54.3764033Z  * [new tag]             0.0.95                 -> 0.0.95
end-workflow	Checkout Repository	2026-02-18T18:46:54.3764429Z  * [new tag]             0.0.96                 -> 0.0.96
end-workflow	Checkout Repository	2026-02-18T18:46:54.3765105Z  * [new tag]             0.0.97                 -> 0.0.97
end-workflow	Checkout Repository	2026-02-18T18:46:54.3765516Z  * [new tag]             0.0.98                 -> 0.0.98
end-workflow	Checkout Repository	2026-02-18T18:46:54.3766186Z  * [new tag]             0.0.99                 -> 0.0.99
end-workflow	Checkout Repository	2026-02-18T18:46:54.3766603Z  * [new tag]             0.1.0                  -> 0.1.0
end-workflow	Checkout Repository	2026-02-18T18:46:54.3767008Z  * [new tag]             0.1.1                  -> 0.1.1
end-workflow	Checkout Repository	2026-02-18T18:46:54.3767411Z  * [new tag]             0.2.0                  -> 0.2.0
end-workflow	Checkout Repository	2026-02-18T18:46:54.3767814Z  * [new tag]             0.3.0                  -> 0.3.0
end-workflow	Checkout Repository	2026-02-18T18:46:54.3768213Z  * [new tag]             0.3.1                  -> 0.3.1
end-workflow	Checkout Repository	2026-02-18T18:46:54.3768631Z  * [new tag]             0.3.10                 -> 0.3.10
end-workflow	Checkout Repository	2026-02-18T18:46:54.3769045Z  * [new tag]             0.3.11                 -> 0.3.11
end-workflow	Checkout Repository	2026-02-18T18:46:54.3769499Z  * [new tag]             0.3.12                 -> 0.3.12
end-workflow	Checkout Repository	2026-02-18T18:46:54.3769905Z  * [new tag]             0.3.13                 -> 0.3.13
end-workflow	Checkout Repository	2026-02-18T18:46:54.3770436Z  * [new tag]             0.3.14                 -> 0.3.14
end-workflow	Checkout Repository	2026-02-18T18:46:54.3770827Z  * [new tag]             0.3.15                 -> 0.3.15
end-workflow	Checkout Repository	2026-02-18T18:46:54.3771219Z  * [new tag]             0.3.16                 -> 0.3.16
end-workflow	Checkout Repository	2026-02-18T18:46:54.3771606Z  * [new tag]             0.3.17                 -> 0.3.17
end-workflow	Checkout Repository	2026-02-18T18:46:54.3772001Z  * [new tag]             0.3.2                  -> 0.3.2
end-workflow	Checkout Repository	2026-02-18T18:46:54.3772392Z  * [new tag]             0.3.3                  -> 0.3.3
end-workflow	Checkout Repository	2026-02-18T18:46:54.3772783Z  * [new tag]             0.3.4                  -> 0.3.4
end-workflow	Checkout Repository	2026-02-18T18:46:54.3773177Z  * [new tag]             0.3.5                  -> 0.3.5
end-workflow	Checkout Repository	2026-02-18T18:46:54.3773732Z  * [new tag]             0.3.6                  -> 0.3.6
end-workflow	Checkout Repository	2026-02-18T18:46:54.3774135Z  * [new tag]             0.3.7                  -> 0.3.7
end-workflow	Checkout Repository	2026-02-18T18:46:54.3774653Z  * [new tag]             0.3.8                  -> 0.3.8
end-workflow	Checkout Repository	2026-02-18T18:46:54.3775065Z  * [new tag]             0.3.9                  -> 0.3.9
end-workflow	Checkout Repository	2026-02-18T18:46:54.3775459Z  * [new tag]             0.4.0                  -> 0.4.0
end-workflow	Checkout Repository	2026-02-18T18:46:54.3775867Z  * [new tag]             0.4.1                  -> 0.4.1
end-workflow	Checkout Repository	2026-02-18T18:46:54.3776266Z  * [new tag]             0.4.2                  -> 0.4.2
end-workflow	Checkout Repository	2026-02-18T18:46:54.3776661Z  * [new tag]             0.4.3                  -> 0.4.3
end-workflow	Checkout Repository	2026-02-18T18:46:54.3777067Z  * [new tag]             0.4.4                  -> 0.4.4
end-workflow	Checkout Repository	2026-02-18T18:46:54.3777465Z  * [new tag]             0.4.5                  -> 0.4.5
end-workflow	Checkout Repository	2026-02-18T18:46:54.3777871Z  * [new tag]             0.4.6                  -> 0.4.6
end-workflow	Checkout Repository	2026-02-18T18:46:54.3778270Z  * [new tag]             0.4.7                  -> 0.4.7
end-workflow	Checkout Repository	2026-02-18T18:46:54.3778909Z  * [new tag]             0.4.8                  -> 0.4.8
end-workflow	Checkout Repository	2026-02-18T18:46:54.3779314Z  * [new tag]             0.4.9                  -> 0.4.9
end-workflow	Checkout Repository	2026-02-18T18:46:54.3779713Z  * [new tag]             0.5.0                  -> 0.5.0
end-workflow	Checkout Repository	2026-02-18T18:46:54.3780113Z  * [new tag]             0.5.1                  -> 0.5.1
end-workflow	Checkout Repository	2026-02-18T18:46:54.3780511Z  * [new tag]             0.5.2                  -> 0.5.2
end-workflow	Checkout Repository	2026-02-18T18:46:54.3780913Z  * [new tag]             0.6.0                  -> 0.6.0
end-workflow	Checkout Repository	2026-02-18T18:46:54.3781313Z  * [new tag]             0.6.1                  -> 0.6.1
end-workflow	Checkout Repository	2026-02-18T18:46:54.3781749Z  * [new tag]             0.6.2                  -> 0.6.2
end-workflow	Checkout Repository	2026-02-18T18:46:54.4100535Z [command]/usr/bin/git branch --list --remote origin/main
end-workflow	Checkout Repository	2026-02-18T18:46:54.4178365Z   origin/main
end-workflow	Checkout Repository	2026-02-18T18:46:54.4197288Z [command]/usr/bin/git rev-parse refs/remotes/origin/main
end-workflow	Checkout Repository	2026-02-18T18:46:54.4254006Z a755bf4b9dbfd043e815b44c7abc1ddd82a3009a
end-workflow	Checkout Repository	2026-02-18T18:46:54.4262270Z ##[endgroup]
end-workflow	Checkout Repository	2026-02-18T18:46:54.4263948Z ##[group]Determining the checkout info
end-workflow	Checkout Repository	2026-02-18T18:46:54.4265631Z ##[endgroup]
end-workflow	Checkout Repository	2026-02-18T18:46:54.4266029Z [command]/usr/bin/git sparse-checkout disable
end-workflow	Checkout Repository	2026-02-18T18:46:54.4346317Z [command]/usr/bin/git config --local --unset-all extensions.worktreeConfig
end-workflow	Checkout Repository	2026-02-18T18:46:54.4386491Z ##[group]Checking out the ref
end-workflow	Checkout Repository	2026-02-18T18:46:54.4391461Z [command]/usr/bin/git checkout --progress --force -B main refs/remotes/origin/main
end-workflow	Checkout Repository	2026-02-18T18:46:54.7075632Z Switched to a new branch 'main'
end-workflow	Checkout Repository	2026-02-18T18:46:54.7079204Z branch 'main' set up to track 'origin/main'.
end-workflow	Checkout Repository	2026-02-18T18:46:54.7129958Z ##[endgroup]
end-workflow	Checkout Repository	2026-02-18T18:46:54.7180325Z [command]/usr/bin/git log -1 --format=%H
end-workflow	Checkout Repository	2026-02-18T18:46:54.7224471Z a755bf4b9dbfd043e815b44c7abc1ddd82a3009a
end-workflow	Install GH CLI	﻿2026-02-18T18:46:54.7533460Z Prepare all required actions
end-workflow	Install GH CLI	2026-02-18T18:46:54.7586183Z ##[group]Run ./.github/actions/install-gh-cli
end-workflow	Install GH CLI	2026-02-18T18:46:54.7586515Z env:
end-workflow	Install GH CLI	2026-02-18T18:46:54.7586711Z   KAOS_MODULE: [Ka0S] Audit Pods
end-workflow	Install GH CLI	2026-02-18T18:46:54.7586961Z   KAOS_CODE: 22152997971
end-workflow	Install GH CLI	2026-02-18T18:46:54.7587194Z ##[endgroup]
end-workflow	Install GH CLI	2026-02-18T18:46:54.7687107Z ##[group]Run type -p curl >/dev/null || (sudo apt-get update && sudo apt-get install curl -y)
end-workflow	Install GH CLI	2026-02-18T18:46:54.7687830Z [36;1mtype -p curl >/dev/null || (sudo apt-get update && sudo apt-get install curl -y)[0m
end-workflow	Install GH CLI	2026-02-18T18:46:54.7688740Z [36;1mcurl -fsSL https://cli.github.com/packages/githubcli-archive-keyring.gpg | sudo dd of=/usr/share/keyrings/githubcli-archive-keyring.gpg \[0m
end-workflow	Install GH CLI	2026-02-18T18:46:54.7689588Z [36;1m&& sudo chmod go+r /usr/share/keyrings/githubcli-archive-keyring.gpg \[0m
end-workflow	Install GH CLI	2026-02-18T18:46:54.7690731Z [36;1m&& echo "deb [arch=$(dpkg --print-architecture) signed-by=/usr/share/keyrings/githubcli-archive-keyring.gpg] https://cli.github.com/packages stable main" | sudo tee /etc/apt/sources.list.d/github-cli.list > /dev/null \[0m
end-workflow	Install GH CLI	2026-02-18T18:46:54.7691825Z [36;1m&& sudo apt-get update \[0m
end-workflow	Install GH CLI	2026-02-18T18:46:54.7692100Z [36;1m&& sudo apt-get install gh -y[0m
end-workflow	Install GH CLI	2026-02-18T18:46:54.7710832Z shell: /usr/bin/bash --noprofile --norc -e -o pipefail {0}
end-workflow	Install GH CLI	2026-02-18T18:46:54.7711217Z env:
end-workflow	Install GH CLI	2026-02-18T18:46:54.7711416Z   KAOS_MODULE: [Ka0S] Audit Pods
end-workflow	Install GH CLI	2026-02-18T18:46:54.7711780Z   KAOS_CODE: 22152997971
end-workflow	Install GH CLI	2026-02-18T18:46:54.7711994Z ##[endgroup]
end-workflow	Install GH CLI	2026-02-18T18:46:54.9702336Z 4+1 records in
end-workflow	Install GH CLI	2026-02-18T18:46:54.9702591Z 4+1 records out
end-workflow	Install GH CLI	2026-02-18T18:46:54.9702876Z 2270 bytes (2.3 kB, 2.2 KiB) copied, 0.173051 s, 13.1 kB/s
end-workflow	Install GH CLI	2026-02-18T18:46:55.1204307Z Get:1 https://cli.github.com/packages stable InRelease [3917 B]
end-workflow	Install GH CLI	2026-02-18T18:46:55.1839483Z Get:2 http://security.ubuntu.com/ubuntu noble-security InRelease [126 kB]
end-workflow	Install GH CLI	2026-02-18T18:46:55.1995871Z Get:3 https://cli.github.com/packages stable/main amd64 Packages [355 B]
end-workflow	Install GH CLI	2026-02-18T18:46:55.2851888Z Get:4 https://ppa.launchpadcontent.net/git-core/ppa/ubuntu noble InRelease [24.3 kB]
end-workflow	Install GH CLI	2026-02-18T18:46:55.2932151Z Get:5 http://archive.ubuntu.com/ubuntu noble InRelease [256 kB]
end-workflow	Install GH CLI	2026-02-18T18:46:55.4020938Z Get:6 https://ppa.launchpadcontent.net/git-core/ppa/ubuntu noble/main amd64 Packages [2992 B]
end-workflow	Install GH CLI	2026-02-18T18:46:55.5005516Z Get:7 http://security.ubuntu.com/ubuntu noble-security/universe amd64 Packages [1207 kB]
end-workflow	Install GH CLI	2026-02-18T18:46:55.7392968Z Get:8 http://security.ubuntu.com/ubuntu noble-security/restricted amd64 Packages [3188 kB]
end-workflow	Install GH CLI	2026-02-18T18:46:55.8446100Z Get:9 http://security.ubuntu.com/ubuntu noble-security/main amd64 Packages [1855 kB]
end-workflow	Install GH CLI	2026-02-18T18:46:55.8658847Z Get:10 http://security.ubuntu.com/ubuntu noble-security/multiverse amd64 Packages [34.8 kB]
end-workflow	Install GH CLI	2026-02-18T18:46:55.8786928Z Get:11 http://archive.ubuntu.com/ubuntu noble-updates InRelease [126 kB]
end-workflow	Install GH CLI	2026-02-18T18:46:56.0181274Z Get:12 http://archive.ubuntu.com/ubuntu noble-backports InRelease [126 kB]
end-workflow	Install GH CLI	2026-02-18T18:46:56.1619260Z Get:13 http://archive.ubuntu.com/ubuntu noble/restricted amd64 Packages [117 kB]
end-workflow	Install GH CLI	2026-02-18T18:46:56.1983679Z Get:14 http://archive.ubuntu.com/ubuntu noble/universe amd64 Packages [19.3 MB]
end-workflow	Install GH CLI	2026-02-18T18:46:57.0335996Z Get:15 http://archive.ubuntu.com/ubuntu noble/main amd64 Packages [1808 kB]
end-workflow	Install GH CLI	2026-02-18T18:46:57.0544174Z Get:16 http://archive.ubuntu.com/ubuntu noble/multiverse amd64 Packages [331 kB]
end-workflow	Install GH CLI	2026-02-18T18:46:57.0581849Z Get:17 http://archive.ubuntu.com/ubuntu noble-updates/restricted amd64 Packages [3360 kB]
end-workflow	Install GH CLI	2026-02-18T18:46:57.1518979Z Get:18 http://archive.ubuntu.com/ubuntu noble-updates/universe amd64 Packages [2015 kB]
end-workflow	Install GH CLI	2026-02-18T18:46:57.1731829Z Get:19 http://archive.ubuntu.com/ubuntu noble-updates/multiverse amd64 Packages [38.1 kB]
end-workflow	Install GH CLI	2026-02-18T18:46:57.1732871Z Get:20 http://archive.ubuntu.com/ubuntu noble-updates/main amd64 Packages [2234 kB]
end-workflow	Install GH CLI	2026-02-18T18:46:57.2656407Z Get:21 http://archive.ubuntu.com/ubuntu noble-backports/universe amd64 Packages [34.6 kB]
end-workflow	Install GH CLI	2026-02-18T18:46:57.2664961Z Get:22 http://archive.ubuntu.com/ubuntu noble-backports/main amd64 Packages [49.5 kB]
end-workflow	Install GH CLI	2026-02-18T18:46:58.2963837Z Fetched 36.3 MB in 3s (11.2 MB/s)
end-workflow	Install GH CLI	2026-02-18T18:46:59.2446756Z Reading package lists...
end-workflow	Install GH CLI	2026-02-18T18:47:00.3083466Z Reading package lists...
end-workflow	Install GH CLI	2026-02-18T18:47:00.5326425Z Building dependency tree...
end-workflow	Install GH CLI	2026-02-18T18:47:00.5328677Z Reading state information...
end-workflow	Install GH CLI	2026-02-18T18:47:00.9046502Z The following NEW packages will be installed:
end-workflow	Install GH CLI	2026-02-18T18:47:00.9071383Z   gh
end-workflow	Install GH CLI	2026-02-18T18:47:00.9933542Z 0 upgraded, 1 newly installed, 0 to remove and 26 not upgraded.
end-workflow	Install GH CLI	2026-02-18T18:47:00.9934018Z Need to get 13.8 MB of archives.
end-workflow	Install GH CLI	2026-02-18T18:47:00.9934395Z After this operation, 38.4 MB of additional disk space will be used.
end-workflow	Install GH CLI	2026-02-18T18:47:00.9935271Z Get:1 https://cli.github.com/packages stable/main amd64 gh amd64 2.87.0 [13.8 MB]
end-workflow	Install GH CLI	2026-02-18T18:47:01.3914740Z debconf: delaying package configuration, since apt-utils is not installed
end-workflow	Install GH CLI	2026-02-18T18:47:01.4377134Z Fetched 13.8 MB in 0s (50.5 MB/s)
end-workflow	Install GH CLI	2026-02-18T18:47:01.4674281Z Selecting previously unselected package gh.
end-workflow	Install GH CLI	2026-02-18T18:47:01.4714166Z (Reading database ... 
end-workflow	Install GH CLI	2026-02-18T18:47:01.4714901Z (Reading database ... 5%
end-workflow	Install GH CLI	2026-02-18T18:47:01.4715208Z (Reading database ... 10%
end-workflow	Install GH CLI	2026-02-18T18:47:01.4715479Z (Reading database ... 15%
end-workflow	Install GH CLI	2026-02-18T18:47:01.4715754Z (Reading database ... 20%
end-workflow	Install GH CLI	2026-02-18T18:47:01.4716017Z (Reading database ... 25%
end-workflow	Install GH CLI	2026-02-18T18:47:01.4716271Z (Reading database ... 30%
end-workflow	Install GH CLI	2026-02-18T18:47:01.4716523Z (Reading database ... 35%
end-workflow	Install GH CLI	2026-02-18T18:47:01.4716782Z (Reading database ... 40%
end-workflow	Install GH CLI	2026-02-18T18:47:01.4717029Z (Reading database ... 45%
end-workflow	Install GH CLI	2026-02-18T18:47:01.4717283Z (Reading database ... 50%
end-workflow	Install GH CLI	2026-02-18T18:47:01.4717533Z (Reading database ... 55%
end-workflow	Install GH CLI	2026-02-18T18:47:01.4717785Z (Reading database ... 60%
end-workflow	Install GH CLI	2026-02-18T18:47:01.4722781Z (Reading database ... 65%
end-workflow	Install GH CLI	2026-02-18T18:47:01.4745906Z (Reading database ... 70%
end-workflow	Install GH CLI	2026-02-18T18:47:01.4752022Z (Reading database ... 75%
end-workflow	Install GH CLI	2026-02-18T18:47:01.4765987Z (Reading database ... 80%
end-workflow	Install GH CLI	2026-02-18T18:47:01.4771198Z (Reading database ... 85%
end-workflow	Install GH CLI	2026-02-18T18:47:01.4781814Z (Reading database ... 90%
end-workflow	Install GH CLI	2026-02-18T18:47:01.4801716Z (Reading database ... 95%
end-workflow	Install GH CLI	2026-02-18T18:47:01.4802329Z (Reading database ... 100%
end-workflow	Install GH CLI	2026-02-18T18:47:01.4802767Z (Reading database ... 14385 files and directories currently installed.)
end-workflow	Install GH CLI	2026-02-18T18:47:01.4807366Z Preparing to unpack .../archives/gh_2.87.0_amd64.deb ...
end-workflow	Install GH CLI	2026-02-18T18:47:01.4852354Z Unpacking gh (2.87.0) ...
end-workflow	Install GH CLI	2026-02-18T18:47:01.7933582Z Setting up gh (2.87.0) ...
end-workflow	Trigger Inspector	﻿2026-02-18T18:47:01.8749836Z ##[group]Run echo "🔍 Triggering Inspector for Audit..."
end-workflow	Trigger Inspector	2026-02-18T18:47:01.8750366Z [36;1mecho "🔍 Triggering Inspector for Audit..."[0m
end-workflow	Trigger Inspector	2026-02-18T18:47:01.8750754Z [36;1mgh workflow run inspector.yml \[0m
end-workflow	Trigger Inspector	2026-02-18T18:47:01.8751079Z [36;1m  --ref main \[0m
end-workflow	Trigger Inspector	2026-02-18T18:47:01.8751367Z [36;1m  -f kaos-workflow-id="22152997971" \[0m
end-workflow	Trigger Inspector	2026-02-18T18:47:01.8751724Z [36;1m  -f kaos-user-start="santakloud"[0m
end-workflow	Trigger Inspector	2026-02-18T18:47:01.8765770Z shell: /usr/bin/bash -e {0}
end-workflow	Trigger Inspector	2026-02-18T18:47:01.8778264Z env:
end-workflow	Trigger Inspector	2026-02-18T18:47:01.8778534Z   KAOS_MODULE: [Ka0S] Audit Pods
end-workflow	Trigger Inspector	2026-02-18T18:47:01.8778829Z   KAOS_CODE: 22152997971
end-workflow	Trigger Inspector	2026-02-18T18:47:01.8779441Z   GH_TOKEN: ***
end-workflow	Trigger Inspector	2026-02-18T18:47:01.8779667Z ##[endgroup]
end-workflow	Trigger Inspector	2026-02-18T18:47:01.8819678Z 🔍 Triggering Inspector for Audit...
end-workflow	Trigger Inspector	2026-02-18T18:47:03.6534842Z https://github.com/Ka0s-Klaus/ka0s/actions/runs/22153040998
end-workflow	Post Checkout Repository	﻿2026-02-18T18:47:03.7031825Z Post job cleanup.
end-workflow	Post Checkout Repository	2026-02-18T18:47:03.8130412Z [command]/usr/bin/git version
end-workflow	Post Checkout Repository	2026-02-18T18:47:03.8178229Z git version 2.52.0
end-workflow	Post Checkout Repository	2026-02-18T18:47:03.8225659Z Temporarily overriding HOME='/home/runner/_work/_temp/6fd83334-20bc-46a1-b333-9b9383fdb84c' before making global git config changes
end-workflow	Post Checkout Repository	2026-02-18T18:47:03.8226556Z Adding repository directory to the temporary git global config as a safe directory
end-workflow	Post Checkout Repository	2026-02-18T18:47:03.8232485Z [command]/usr/bin/git config --global --add safe.directory /home/runner/_work/ka0s/ka0s
end-workflow	Post Checkout Repository	2026-02-18T18:47:03.8292923Z [command]/usr/bin/git config --local --name-only --get-regexp core\.sshCommand
end-workflow	Post Checkout Repository	2026-02-18T18:47:03.8340055Z [command]/usr/bin/git submodule foreach --recursive sh -c "git config --local --name-only --get-regexp 'core\.sshCommand' && git config --local --unset-all 'core.sshCommand' || :"
end-workflow	Post Checkout Repository	2026-02-18T18:47:03.8684088Z [command]/usr/bin/git config --local --name-only --get-regexp http\.https\:\/\/github\.com\/\.extraheader
end-workflow	Post Checkout Repository	2026-02-18T18:47:03.8718816Z http.https://github.com/.extraheader
end-workflow	Post Checkout Repository	2026-02-18T18:47:03.8731958Z [command]/usr/bin/git config --local --unset-all http.https://github.com/.extraheader
end-workflow	Post Checkout Repository	2026-02-18T18:47:03.8779644Z [command]/usr/bin/git submodule foreach --recursive sh -c "git config --local --name-only --get-regexp 'http\.https\:\/\/github\.com\/\.extraheader' && git config --local --unset-all 'http.https://github.com/.extraheader' || :"
end-workflow	Post Checkout Repository	2026-02-18T18:47:03.9147264Z [command]/usr/bin/git config --local --name-only --get-regexp ^includeIf\.gitdir:
end-workflow	Post Checkout Repository	2026-02-18T18:47:03.9192828Z [command]/usr/bin/git submodule foreach --recursive git config --local --show-origin --name-only --get-regexp remote.origin.url
end-workflow	Complete job	﻿2026-02-18T18:47:03.9718090Z Cleaning up orphan processes
