audit-pods	Set up job	﻿2026-02-24T22:37:02.2010805Z Current runner version: '2.331.0'
audit-pods	Set up job	2026-02-24T22:37:02.2021806Z Runner name: 'swarm-runners-scaleset-hkss5-runner-zhgkv'
audit-pods	Set up job	2026-02-24T22:37:02.2023472Z Runner group name: 'Default'
audit-pods	Set up job	2026-02-24T22:37:02.2024967Z Machine name: 'swarm-runners-scaleset-hkss5-runner-zhgkv'
audit-pods	Set up job	2026-02-24T22:37:02.2029439Z ##[group]GITHUB_TOKEN Permissions
audit-pods	Set up job	2026-02-24T22:37:02.2034042Z Actions: write
audit-pods	Set up job	2026-02-24T22:37:02.2034882Z Contents: write
audit-pods	Set up job	2026-02-24T22:37:02.2035790Z Issues: write
audit-pods	Set up job	2026-02-24T22:37:02.2036587Z Metadata: read
audit-pods	Set up job	2026-02-24T22:37:02.2037594Z ##[endgroup]
audit-pods	Set up job	2026-02-24T22:37:02.2040551Z Secret source: Actions
audit-pods	Set up job	2026-02-24T22:37:02.2041681Z Prepare workflow directory
audit-pods	Set up job	2026-02-24T22:37:02.3030156Z Prepare all required actions
audit-pods	Set up job	2026-02-24T22:37:02.3080737Z Getting action download info
audit-pods	Set up job	2026-02-24T22:37:02.8571068Z Download action repository 'actions/checkout@v4' (SHA:34e114876b0b11c390a56381ad16ebd13914f8d5)
audit-pods	Set up job	2026-02-24T22:37:04.0148965Z Complete job name: audit-pods
audit-pods	Checkout repository	﻿2026-02-24T22:37:04.1616142Z ##[group]Run actions/checkout@v4
audit-pods	Checkout repository	2026-02-24T22:37:04.1617691Z with:
audit-pods	Checkout repository	2026-02-24T22:37:04.1618221Z   repository: Ka0s-Klaus/ka0s
audit-pods	Checkout repository	2026-02-24T22:37:04.1619051Z   token: ***
audit-pods	Checkout repository	2026-02-24T22:37:04.1619533Z   ssh-strict: true
audit-pods	Checkout repository	2026-02-24T22:37:04.1620033Z   ssh-user: git
audit-pods	Checkout repository	2026-02-24T22:37:04.1620547Z   persist-credentials: true
audit-pods	Checkout repository	2026-02-24T22:37:04.1621103Z   clean: true
audit-pods	Checkout repository	2026-02-24T22:37:04.1621612Z   sparse-checkout-cone-mode: true
audit-pods	Checkout repository	2026-02-24T22:37:04.1622206Z   fetch-depth: 1
audit-pods	Checkout repository	2026-02-24T22:37:04.1623183Z   fetch-tags: false
audit-pods	Checkout repository	2026-02-24T22:37:04.1623789Z   show-progress: true
audit-pods	Checkout repository	2026-02-24T22:37:04.1624388Z   lfs: false
audit-pods	Checkout repository	2026-02-24T22:37:04.1624958Z   submodules: false
audit-pods	Checkout repository	2026-02-24T22:37:04.1625576Z   set-safe-directory: true
audit-pods	Checkout repository	2026-02-24T22:37:04.1627087Z env:
audit-pods	Checkout repository	2026-02-24T22:37:04.1627641Z   KAOS_MODULE: [Ka0S] Audit Pods
audit-pods	Checkout repository	2026-02-24T22:37:04.1628261Z   KAOS_CODE: 22373074920
audit-pods	Checkout repository	2026-02-24T22:37:04.1628918Z ##[endgroup]
audit-pods	Checkout repository	2026-02-24T22:37:04.6769680Z Syncing repository: Ka0s-Klaus/ka0s
audit-pods	Checkout repository	2026-02-24T22:37:04.6777591Z ##[group]Getting Git version info
audit-pods	Checkout repository	2026-02-24T22:37:04.6778985Z Working directory is '/home/runner/_work/ka0s/ka0s'
audit-pods	Checkout repository	2026-02-24T22:37:04.6780534Z [command]/usr/bin/git version
audit-pods	Checkout repository	2026-02-24T22:37:04.6886720Z git version 2.52.0
audit-pods	Checkout repository	2026-02-24T22:37:04.7019912Z ##[endgroup]
audit-pods	Checkout repository	2026-02-24T22:37:04.7159224Z Temporarily overriding HOME='/home/runner/_work/_temp/e3640b41-dd2f-455e-8ccd-4483f837b788' before making global git config changes
audit-pods	Checkout repository	2026-02-24T22:37:04.7181335Z Adding repository directory to the temporary git global config as a safe directory
audit-pods	Checkout repository	2026-02-24T22:37:04.7184553Z [command]/usr/bin/git config --global --add safe.directory /home/runner/_work/ka0s/ka0s
audit-pods	Checkout repository	2026-02-24T22:37:04.7240522Z Deleting the contents of '/home/runner/_work/ka0s/ka0s'
audit-pods	Checkout repository	2026-02-24T22:37:04.7274093Z ##[group]Initializing the repository
audit-pods	Checkout repository	2026-02-24T22:37:04.7436419Z [command]/usr/bin/git init /home/runner/_work/ka0s/ka0s
audit-pods	Checkout repository	2026-02-24T22:37:04.7586419Z hint: Using 'master' as the name for the initial branch. This default branch name
audit-pods	Checkout repository	2026-02-24T22:37:04.7590663Z hint: will change to "main" in Git 3.0. To configure the initial branch name
audit-pods	Checkout repository	2026-02-24T22:37:04.7592076Z hint: to use in all of your new repositories, which will suppress this warning,
audit-pods	Checkout repository	2026-02-24T22:37:04.7593677Z hint: call:
audit-pods	Checkout repository	2026-02-24T22:37:04.7745409Z hint:
audit-pods	Checkout repository	2026-02-24T22:37:04.7746361Z hint: 	git config --global init.defaultBranch <name>
audit-pods	Checkout repository	2026-02-24T22:37:04.7747233Z hint:
audit-pods	Checkout repository	2026-02-24T22:37:04.7748218Z hint: Names commonly chosen instead of 'master' are 'main', 'trunk' and
audit-pods	Checkout repository	2026-02-24T22:37:04.7749545Z hint: 'development'. The just-created branch can be renamed via this command:
audit-pods	Checkout repository	2026-02-24T22:37:04.7750644Z hint:
audit-pods	Checkout repository	2026-02-24T22:37:04.7751366Z hint: 	git branch -m <name>
audit-pods	Checkout repository	2026-02-24T22:37:04.7752089Z hint:
audit-pods	Checkout repository	2026-02-24T22:37:04.7753408Z hint: Disable this message with "git config set advice.defaultBranchName false"
audit-pods	Checkout repository	2026-02-24T22:37:04.7754908Z Initialized empty Git repository in /home/runner/_work/ka0s/ka0s/.git/
audit-pods	Checkout repository	2026-02-24T22:37:04.7757402Z [command]/usr/bin/git remote add origin https://github.com/Ka0s-Klaus/ka0s
audit-pods	Checkout repository	2026-02-24T22:37:04.7759734Z ##[endgroup]
audit-pods	Checkout repository	2026-02-24T22:37:04.7761573Z ##[group]Disabling automatic garbage collection
audit-pods	Checkout repository	2026-02-24T22:37:04.7762712Z [command]/usr/bin/git config --local gc.auto 0
audit-pods	Checkout repository	2026-02-24T22:37:04.7764701Z ##[endgroup]
audit-pods	Checkout repository	2026-02-24T22:37:04.7765679Z ##[group]Setting up auth
audit-pods	Checkout repository	2026-02-24T22:37:04.7766632Z [command]/usr/bin/git config --local --name-only --get-regexp core\.sshCommand
audit-pods	Checkout repository	2026-02-24T22:37:04.7823339Z [command]/usr/bin/git submodule foreach --recursive sh -c "git config --local --name-only --get-regexp 'core\.sshCommand' && git config --local --unset-all 'core.sshCommand' || :"
audit-pods	Checkout repository	2026-02-24T22:37:04.8907574Z [command]/usr/bin/git config --local --name-only --get-regexp http\.https\:\/\/github\.com\/\.extraheader
audit-pods	Checkout repository	2026-02-24T22:37:04.9093064Z [command]/usr/bin/git submodule foreach --recursive sh -c "git config --local --name-only --get-regexp 'http\.https\:\/\/github\.com\/\.extraheader' && git config --local --unset-all 'http.https://github.com/.extraheader' || :"
audit-pods	Checkout repository	2026-02-24T22:37:05.0046322Z [command]/usr/bin/git config --local --name-only --get-regexp ^includeIf\.gitdir:
audit-pods	Checkout repository	2026-02-24T22:37:05.0340835Z [command]/usr/bin/git submodule foreach --recursive git config --local --show-origin --name-only --get-regexp remote.origin.url
audit-pods	Checkout repository	2026-02-24T22:37:05.0768523Z [command]/usr/bin/git config --local http.https://github.com/.extraheader AUTHORIZATION: basic ***
audit-pods	Checkout repository	2026-02-24T22:37:05.0885188Z ##[endgroup]
audit-pods	Checkout repository	2026-02-24T22:37:05.0893983Z ##[group]Fetching the repository
audit-pods	Checkout repository	2026-02-24T22:37:05.0924480Z [command]/usr/bin/git -c protocol.version=2 fetch --no-tags --prune --no-recurse-submodules --depth=1 origin +5820ef7802102418d3f8bf2537926501ebe89437:refs/remotes/origin/main
audit-pods	Checkout repository	2026-02-24T22:37:10.8929203Z From https://github.com/Ka0s-Klaus/ka0s
audit-pods	Checkout repository	2026-02-24T22:37:10.8931898Z  * [new ref]         5820ef7802102418d3f8bf2537926501ebe89437 -> origin/main
audit-pods	Checkout repository	2026-02-24T22:37:10.8942644Z ##[endgroup]
audit-pods	Checkout repository	2026-02-24T22:37:10.8944722Z ##[group]Determining the checkout info
audit-pods	Checkout repository	2026-02-24T22:37:10.8946660Z ##[endgroup]
audit-pods	Checkout repository	2026-02-24T22:37:10.8947957Z [command]/usr/bin/git sparse-checkout disable
audit-pods	Checkout repository	2026-02-24T22:37:10.8951166Z [command]/usr/bin/git config --local --unset-all extensions.worktreeConfig
audit-pods	Checkout repository	2026-02-24T22:37:10.8987190Z ##[group]Checking out the ref
audit-pods	Checkout repository	2026-02-24T22:37:10.8989159Z [command]/usr/bin/git checkout --progress --force -B main refs/remotes/origin/main
audit-pods	Checkout repository	2026-02-24T22:37:11.4947949Z Switched to a new branch 'main'
audit-pods	Checkout repository	2026-02-24T22:37:11.4953594Z branch 'main' set up to track 'origin/main'.
audit-pods	Checkout repository	2026-02-24T22:37:11.5040082Z ##[endgroup]
audit-pods	Checkout repository	2026-02-24T22:37:11.5532386Z [command]/usr/bin/git log -1 --format=%H
audit-pods	Checkout repository	2026-02-24T22:37:11.5573788Z 5820ef7802102418d3f8bf2537926501ebe89437
audit-pods	Execute Audit Script	﻿2026-02-24T22:37:11.6888626Z Prepare all required actions
audit-pods	Execute Audit Script	2026-02-24T22:37:11.7498971Z ##[group]Run ./.github/actions/ssh-exec
audit-pods	Execute Audit Script	2026-02-24T22:37:11.7499375Z with:
audit-pods	Execute Audit Script	2026-02-24T22:37:11.7500012Z   host: ***
audit-pods	Execute Audit Script	2026-02-24T22:37:11.7500295Z   username: ***
audit-pods	Execute Audit Script	2026-02-24T22:37:11.7503202Z   key: ***
audit-pods	Execute Audit Script	2026-02-24T22:37:11.7503485Z   port: ***
audit-pods	Execute Audit Script	2026-02-24T22:37:11.7503712Z   use-sudo: true
audit-pods	Execute Audit Script	2026-02-24T22:37:11.7503999Z   pass: ***
audit-pods	Execute Audit Script	2026-02-24T22:37:11.7504336Z   script-path: devops/core/k8s/audit-failed-pods.sh
audit-pods	Execute Audit Script	2026-02-24T22:37:11.7504735Z   remote-results-path: /tmp/results
audit-pods	Execute Audit Script	2026-02-24T22:37:11.7505070Z   local-results-path: audit/kube/
audit-pods	Execute Audit Script	2026-02-24T22:37:11.7505404Z   remote-tmp-dir: /tmp
audit-pods	Execute Audit Script	2026-02-24T22:37:11.7505665Z env:
audit-pods	Execute Audit Script	2026-02-24T22:37:11.7505897Z   KAOS_MODULE: [Ka0S] Audit Pods
audit-pods	Execute Audit Script	2026-02-24T22:37:11.7506217Z   KAOS_CODE: 22373074920
audit-pods	Execute Audit Script	2026-02-24T22:37:11.7506505Z ##[endgroup]
audit-pods	Execute Audit Script	2026-02-24T22:37:11.7980301Z ##[group]Run echo "***
audit-pods	Execute Audit Script	2026-02-24T22:37:11.7980839Z [36;1mecho "***[0m
audit-pods	Execute Audit Script	2026-02-24T22:37:11.7981366Z [36;1m***[0m
audit-pods	Execute Audit Script	2026-02-24T22:37:11.7981866Z [36;1m***[0m
audit-pods	Execute Audit Script	2026-02-24T22:37:11.7982779Z [36;1m***[0m
audit-pods	Execute Audit Script	2026-02-24T22:37:11.7983250Z [36;1m***[0m
audit-pods	Execute Audit Script	2026-02-24T22:37:11.7999150Z [36;1m***[0m
audit-pods	Execute Audit Script	2026-02-24T22:37:11.7999662Z [36;1m***" > /home/runner/_work/_temp/ssh_key[0m
audit-pods	Execute Audit Script	2026-02-24T22:37:11.8000172Z [36;1mchmod 600 /home/runner/_work/_temp/ssh_key[0m
audit-pods	Execute Audit Script	2026-02-24T22:37:11.8199766Z shell: /usr/bin/bash --noprofile --norc -e -o pipefail {0}
audit-pods	Execute Audit Script	2026-02-24T22:37:11.8200975Z env:
audit-pods	Execute Audit Script	2026-02-24T22:37:11.8201261Z   KAOS_MODULE: [Ka0S] Audit Pods
audit-pods	Execute Audit Script	2026-02-24T22:37:11.8201580Z   KAOS_CODE: 22373074920
audit-pods	Execute Audit Script	2026-02-24T22:37:11.8201987Z ##[endgroup]
audit-pods	Execute Audit Script	2026-02-24T22:37:11.9317714Z ##[group]Run scp -o StrictHostKeyChecking=no -i /home/runner/_work/_temp/ssh_key -P *** devops/core/k8s/audit-failed-pods.sh ***@***:/tmp
audit-pods	Execute Audit Script	2026-02-24T22:37:11.9319020Z [36;1mscp -o StrictHostKeyChecking=no -i /home/runner/_work/_temp/ssh_key -P *** devops/core/k8s/audit-failed-pods.sh ***@***:/tmp[0m
audit-pods	Execute Audit Script	2026-02-24T22:37:11.9337064Z shell: /usr/bin/bash --noprofile --norc -e -o pipefail {0}
audit-pods	Execute Audit Script	2026-02-24T22:37:11.9337580Z env:
audit-pods	Execute Audit Script	2026-02-24T22:37:11.9337852Z   KAOS_MODULE: [Ka0S] Audit Pods
audit-pods	Execute Audit Script	2026-02-24T22:37:11.9338162Z   KAOS_CODE: 22373074920
audit-pods	Execute Audit Script	2026-02-24T22:37:11.9338461Z ##[endgroup]
audit-pods	Execute Audit Script	2026-02-24T22:37:12.1204384Z Warning: Permanently added '[***]:***' (ED25519) to the list of known hosts.
audit-pods	Execute Audit Script	2026-02-24T22:37:13.8641479Z ##[group]Run REMOTE_SCRIPT_PATH="/tmp/$(basename devops/core/k8s/audit-failed-pods.sh)"
audit-pods	Execute Audit Script	2026-02-24T22:37:13.8642236Z [36;1mREMOTE_SCRIPT_PATH="/tmp/$(basename devops/core/k8s/audit-failed-pods.sh)"[0m
audit-pods	Execute Audit Script	2026-02-24T22:37:13.8643298Z [36;1mEXEC_COMMAND="chmod +x $REMOTE_SCRIPT_PATH && $REMOTE_SCRIPT_PATH "[0m
audit-pods	Execute Audit Script	2026-02-24T22:37:13.8643776Z [36;1mif [[ "true" == "true" ]]; then[0m
audit-pods	Execute Audit Script	2026-02-24T22:37:13.8644362Z [36;1m  SUDO_PREFIX="echo '***' | sudo -S"[0m
audit-pods	Execute Audit Script	2026-02-24T22:37:13.8644793Z [36;1m  COMMAND_CHAIN="$SUDO_PREFIX bash -c '$EXEC_COMMAND'"[0m
audit-pods	Execute Audit Script	2026-02-24T22:37:13.8645216Z [36;1m  if [[ "/tmp/results" != "" ]]; then[0m
audit-pods	Execute Audit Script	2026-02-24T22:37:13.8645701Z [36;1m    COMMAND_CHAIN="$COMMAND_CHAIN && $SUDO_PREFIX chmod -R 777 /tmp/results"[0m
audit-pods	Execute Audit Script	2026-02-24T22:37:13.8646187Z [36;1m  fi[0m
audit-pods	Execute Audit Script	2026-02-24T22:37:13.8646889Z [36;1m  ssh -o StrictHostKeyChecking=no -i /home/runner/_work/_temp/ssh_key -p *** ***@*** "$COMMAND_CHAIN && rm $REMOTE_SCRIPT_PATH"[0m
audit-pods	Execute Audit Script	2026-02-24T22:37:13.8647533Z [36;1melse[0m
audit-pods	Execute Audit Script	2026-02-24T22:37:13.8648157Z [36;1m  ssh -o StrictHostKeyChecking=no -i /home/runner/_work/_temp/ssh_key -p *** ***@*** "$EXEC_COMMAND && rm $REMOTE_SCRIPT_PATH"[0m
audit-pods	Execute Audit Script	2026-02-24T22:37:13.8648806Z [36;1mfi[0m
audit-pods	Execute Audit Script	2026-02-24T22:37:13.8666493Z shell: /usr/bin/bash --noprofile --norc -e -o pipefail {0}
audit-pods	Execute Audit Script	2026-02-24T22:37:13.8666921Z env:
audit-pods	Execute Audit Script	2026-02-24T22:37:13.8667174Z   KAOS_MODULE: [Ka0S] Audit Pods
audit-pods	Execute Audit Script	2026-02-24T22:37:13.8667484Z   KAOS_CODE: 22373074920
audit-pods	Execute Audit Script	2026-02-24T22:37:13.8667871Z ##[endgroup]
audit-pods	Execute Audit Script	2026-02-24T22:37:14.7110238Z [INFO] Iniciando auditoría de pods fallidos...
audit-pods	Execute Audit Script	2026-02-24T22:37:14.7123439Z [INFO] Directorio de salida: /tmp/results
audit-pods	Execute Audit Script	2026-02-24T22:37:15.3391053Z [SUCCESS] Auditoría finalizada. Se encontraron 3 pods con problemas.
audit-pods	Execute Audit Script	2026-02-24T22:37:15.3392318Z [INFO] Resultado guardado en: /tmp/results/failed_pods.json
audit-pods	Execute Audit Script	2026-02-24T22:37:15.3883952Z [sudo] password for ***: 
audit-pods	Execute Audit Script	2026-02-24T22:37:15.4179900Z ##[group]Run mkdir -p audit/kube/
audit-pods	Execute Audit Script	2026-02-24T22:37:15.4180272Z [36;1mmkdir -p audit/kube/[0m
audit-pods	Execute Audit Script	2026-02-24T22:37:15.4181046Z [36;1mscp -o StrictHostKeyChecking=no -r -i /home/runner/_work/_temp/ssh_key -P *** ***@***:/tmp/results/* audit/kube/[0m
audit-pods	Execute Audit Script	2026-02-24T22:37:15.4181739Z [36;1mecho "path=audit/kube/" >> $GITHUB_OUTPUT[0m
audit-pods	Execute Audit Script	2026-02-24T22:37:15.4195718Z shell: /usr/bin/bash --noprofile --norc -e -o pipefail {0}
audit-pods	Execute Audit Script	2026-02-24T22:37:15.4196123Z env:
audit-pods	Execute Audit Script	2026-02-24T22:37:15.4196383Z   KAOS_MODULE: [Ka0S] Audit Pods
audit-pods	Execute Audit Script	2026-02-24T22:37:15.4196691Z   KAOS_CODE: 22373074920
audit-pods	Execute Audit Script	2026-02-24T22:37:15.4196958Z ##[endgroup]
audit-pods	Commit Results	﻿2026-02-24T22:37:16.3257409Z ##[group]Run git config --global user.name "Ka0s Bot"
audit-pods	Commit Results	2026-02-24T22:37:16.3257936Z [36;1mgit config --global user.name "Ka0s Bot"[0m
audit-pods	Commit Results	2026-02-24T22:37:16.3258349Z [36;1mgit config --global user.email "bot@ka0s.io"[0m
audit-pods	Commit Results	2026-02-24T22:37:16.3258729Z [36;1mgit pull --rebase[0m
audit-pods	Commit Results	2026-02-24T22:37:16.3259103Z [36;1mgit add audit/kube/failed_pods.json audit/itop/ || true[0m
audit-pods	Commit Results	2026-02-24T22:37:16.3259545Z [36;1mif ! git diff --staged --quiet; then[0m
audit-pods	Commit Results	2026-02-24T22:37:16.3260148Z [36;1m  git commit -m "[Audit] Update failed pods and iTop reconciliation report $(date +'%Y-%m-%d %H:%M')"[0m
audit-pods	Commit Results	2026-02-24T22:37:16.3271057Z [36;1m  git push[0m
audit-pods	Commit Results	2026-02-24T22:37:16.3271460Z [36;1melse[0m
audit-pods	Commit Results	2026-02-24T22:37:16.3271845Z [36;1m  echo "No changes in failed pods or iTop reconciliation reports."[0m
audit-pods	Commit Results	2026-02-24T22:37:16.3272292Z [36;1mfi[0m
audit-pods	Commit Results	2026-02-24T22:37:16.3287983Z shell: /usr/bin/bash -e {0}
audit-pods	Commit Results	2026-02-24T22:37:16.3288335Z env:
audit-pods	Commit Results	2026-02-24T22:37:16.3288585Z   KAOS_MODULE: [Ka0S] Audit Pods
audit-pods	Commit Results	2026-02-24T22:37:16.3288900Z   KAOS_CODE: 22373074920
audit-pods	Commit Results	2026-02-24T22:37:16.3289228Z ##[endgroup]
audit-pods	Commit Results	2026-02-24T22:37:16.6307689Z error: cannot pull with rebase: You have unstaged changes.
audit-pods	Commit Results	2026-02-24T22:37:16.6309128Z error: Please commit or stash them.
audit-pods	Commit Results	2026-02-24T22:37:16.6337191Z ##[error]Process completed with exit code 128.
audit-pods	Post Checkout repository	﻿2026-02-24T22:37:16.6807025Z Post job cleanup.
audit-pods	Post Checkout repository	2026-02-24T22:37:16.8249212Z [command]/usr/bin/git version
audit-pods	Post Checkout repository	2026-02-24T22:37:16.8544681Z git version 2.52.0
audit-pods	Post Checkout repository	2026-02-24T22:37:16.8553111Z Copying '/home/runner/.gitconfig' to '/home/runner/_work/_temp/d6d5c72c-ee60-45ca-956d-dacf37673ec8/.gitconfig'
audit-pods	Post Checkout repository	2026-02-24T22:37:16.8554151Z Temporarily overriding HOME='/home/runner/_work/_temp/d6d5c72c-ee60-45ca-956d-dacf37673ec8' before making global git config changes
audit-pods	Post Checkout repository	2026-02-24T22:37:16.8555013Z Adding repository directory to the temporary git global config as a safe directory
audit-pods	Post Checkout repository	2026-02-24T22:37:16.8555689Z [command]/usr/bin/git config --global --add safe.directory /home/runner/_work/ka0s/ka0s
audit-pods	Post Checkout repository	2026-02-24T22:37:16.8556788Z [command]/usr/bin/git config --local --name-only --get-regexp core\.sshCommand
audit-pods	Post Checkout repository	2026-02-24T22:37:16.8558155Z [command]/usr/bin/git submodule foreach --recursive sh -c "git config --local --name-only --get-regexp 'core\.sshCommand' && git config --local --unset-all 'core.sshCommand' || :"
audit-pods	Post Checkout repository	2026-02-24T22:37:16.9509863Z [command]/usr/bin/git config --local --name-only --get-regexp http\.https\:\/\/github\.com\/\.extraheader
audit-pods	Post Checkout repository	2026-02-24T22:37:16.9542169Z http.https://github.com/.extraheader
audit-pods	Post Checkout repository	2026-02-24T22:37:16.9558259Z [command]/usr/bin/git config --local --unset-all http.https://github.com/.extraheader
audit-pods	Post Checkout repository	2026-02-24T22:37:16.9605194Z [command]/usr/bin/git submodule foreach --recursive sh -c "git config --local --name-only --get-regexp 'http\.https\:\/\/github\.com\/\.extraheader' && git config --local --unset-all 'http.https://github.com/.extraheader' || :"
audit-pods	Post Checkout repository	2026-02-24T22:37:17.0053269Z [command]/usr/bin/git config --local --name-only --get-regexp ^includeIf\.gitdir:
audit-pods	Post Checkout repository	2026-02-24T22:37:17.0194362Z [command]/usr/bin/git submodule foreach --recursive git config --local --show-origin --name-only --get-regexp remote.origin.url
audit-pods	Complete job	﻿2026-02-24T22:37:17.0757740Z Cleaning up orphan processes
handle-failure	Set up job	﻿2026-02-24T22:37:23.1250162Z Current runner version: '2.331.0'
handle-failure	Set up job	2026-02-24T22:37:23.1263716Z Runner name: 'swarm-runners-scaleset-hkss5-runner-4h8zm'
handle-failure	Set up job	2026-02-24T22:37:23.1264790Z Runner group name: 'Default'
handle-failure	Set up job	2026-02-24T22:37:23.1272651Z Machine name: 'swarm-runners-scaleset-hkss5-runner-4h8zm'
handle-failure	Set up job	2026-02-24T22:37:23.1277708Z ##[group]GITHUB_TOKEN Permissions
handle-failure	Set up job	2026-02-24T22:37:23.1282325Z Actions: write
handle-failure	Set up job	2026-02-24T22:37:23.1288712Z Contents: write
handle-failure	Set up job	2026-02-24T22:37:23.1289525Z Issues: write
handle-failure	Set up job	2026-02-24T22:37:23.1290108Z Metadata: read
handle-failure	Set up job	2026-02-24T22:37:23.1291421Z ##[endgroup]
handle-failure	Set up job	2026-02-24T22:37:23.1294735Z Secret source: Actions
handle-failure	Set up job	2026-02-24T22:37:23.1295616Z Prepare workflow directory
handle-failure	Set up job	2026-02-24T22:37:23.2227085Z Prepare all required actions
handle-failure	Set up job	2026-02-24T22:37:23.2286688Z Getting action download info
handle-failure	Set up job	2026-02-24T22:37:23.8298061Z Download action repository 'actions/checkout@v4' (SHA:34e114876b0b11c390a56381ad16ebd13914f8d5)
handle-failure	Set up job	2026-02-24T22:37:24.7544812Z Complete job name: handle-failure
handle-failure	Checkout repository	﻿2026-02-24T22:37:24.8365126Z ##[group]Run actions/checkout@v4
handle-failure	Checkout repository	2026-02-24T22:37:24.8366263Z with:
handle-failure	Checkout repository	2026-02-24T22:37:24.8366678Z   repository: Ka0s-Klaus/ka0s
handle-failure	Checkout repository	2026-02-24T22:37:24.8367394Z   token: ***
handle-failure	Checkout repository	2026-02-24T22:37:24.8367777Z   ssh-strict: true
handle-failure	Checkout repository	2026-02-24T22:37:24.8368167Z   ssh-user: git
handle-failure	Checkout repository	2026-02-24T22:37:24.8368566Z   persist-credentials: true
handle-failure	Checkout repository	2026-02-24T22:37:24.8369005Z   clean: true
handle-failure	Checkout repository	2026-02-24T22:37:24.8369400Z   sparse-checkout-cone-mode: true
handle-failure	Checkout repository	2026-02-24T22:37:24.8369886Z   fetch-depth: 1
handle-failure	Checkout repository	2026-02-24T22:37:24.8370284Z   fetch-tags: false
handle-failure	Checkout repository	2026-02-24T22:37:24.8370692Z   show-progress: true
handle-failure	Checkout repository	2026-02-24T22:37:24.8371090Z   lfs: false
handle-failure	Checkout repository	2026-02-24T22:37:24.8371471Z   submodules: false
handle-failure	Checkout repository	2026-02-24T22:37:24.8371892Z   set-safe-directory: true
handle-failure	Checkout repository	2026-02-24T22:37:24.8373680Z env:
handle-failure	Checkout repository	2026-02-24T22:37:24.8374119Z   KAOS_MODULE: [Ka0S] Audit Pods
handle-failure	Checkout repository	2026-02-24T22:37:24.8374593Z   KAOS_CODE: 22373074920
handle-failure	Checkout repository	2026-02-24T22:37:24.8375000Z ##[endgroup]
handle-failure	Checkout repository	2026-02-24T22:37:25.0029271Z Syncing repository: Ka0s-Klaus/ka0s
handle-failure	Checkout repository	2026-02-24T22:37:25.0031481Z ##[group]Getting Git version info
handle-failure	Checkout repository	2026-02-24T22:37:25.0032305Z Working directory is '/home/runner/_work/ka0s/ka0s'
handle-failure	Checkout repository	2026-02-24T22:37:25.0033354Z [command]/usr/bin/git version
handle-failure	Checkout repository	2026-02-24T22:37:25.0104558Z git version 2.52.0
handle-failure	Checkout repository	2026-02-24T22:37:25.0166652Z ##[endgroup]
handle-failure	Checkout repository	2026-02-24T22:37:25.0202515Z Temporarily overriding HOME='/home/runner/_work/_temp/19962d5a-4b10-4442-a6ce-ee960b7461e5' before making global git config changes
handle-failure	Checkout repository	2026-02-24T22:37:25.0204828Z Adding repository directory to the temporary git global config as a safe directory
handle-failure	Checkout repository	2026-02-24T22:37:25.0213524Z [command]/usr/bin/git config --global --add safe.directory /home/runner/_work/ka0s/ka0s
handle-failure	Checkout repository	2026-02-24T22:37:25.0308622Z Deleting the contents of '/home/runner/_work/ka0s/ka0s'
handle-failure	Checkout repository	2026-02-24T22:37:25.0324256Z ##[group]Initializing the repository
handle-failure	Checkout repository	2026-02-24T22:37:25.0329901Z [command]/usr/bin/git init /home/runner/_work/ka0s/ka0s
handle-failure	Checkout repository	2026-02-24T22:37:25.0394256Z hint: Using 'master' as the name for the initial branch. This default branch name
handle-failure	Checkout repository	2026-02-24T22:37:25.0395746Z hint: will change to "main" in Git 3.0. To configure the initial branch name
handle-failure	Checkout repository	2026-02-24T22:37:25.0396972Z hint: to use in all of your new repositories, which will suppress this warning,
handle-failure	Checkout repository	2026-02-24T22:37:25.0397842Z hint: call:
handle-failure	Checkout repository	2026-02-24T22:37:25.0398494Z hint:
handle-failure	Checkout repository	2026-02-24T22:37:25.0399634Z hint: 	git config --global init.defaultBranch <name>
handle-failure	Checkout repository	2026-02-24T22:37:25.0400459Z hint:
handle-failure	Checkout repository	2026-02-24T22:37:25.0402634Z hint: Names commonly chosen instead of 'master' are 'main', 'trunk' and
handle-failure	Checkout repository	2026-02-24T22:37:25.0403728Z hint: 'development'. The just-created branch can be renamed via this command:
handle-failure	Checkout repository	2026-02-24T22:37:25.0410572Z hint:
handle-failure	Checkout repository	2026-02-24T22:37:25.0411017Z hint: 	git branch -m <name>
handle-failure	Checkout repository	2026-02-24T22:37:25.0411470Z hint:
handle-failure	Checkout repository	2026-02-24T22:37:25.0412060Z hint: Disable this message with "git config set advice.defaultBranchName false"
handle-failure	Checkout repository	2026-02-24T22:37:25.0417147Z Initialized empty Git repository in /home/runner/_work/ka0s/ka0s/.git/
handle-failure	Checkout repository	2026-02-24T22:37:25.0418912Z [command]/usr/bin/git remote add origin https://github.com/Ka0s-Klaus/ka0s
handle-failure	Checkout repository	2026-02-24T22:37:25.0479181Z ##[endgroup]
handle-failure	Checkout repository	2026-02-24T22:37:25.0480578Z ##[group]Disabling automatic garbage collection
handle-failure	Checkout repository	2026-02-24T22:37:25.0481240Z [command]/usr/bin/git config --local gc.auto 0
handle-failure	Checkout repository	2026-02-24T22:37:25.0522320Z ##[endgroup]
handle-failure	Checkout repository	2026-02-24T22:37:25.0523882Z ##[group]Setting up auth
handle-failure	Checkout repository	2026-02-24T22:37:25.0537919Z [command]/usr/bin/git config --local --name-only --get-regexp core\.sshCommand
handle-failure	Checkout repository	2026-02-24T22:37:25.0583900Z [command]/usr/bin/git submodule foreach --recursive sh -c "git config --local --name-only --get-regexp 'core\.sshCommand' && git config --local --unset-all 'core.sshCommand' || :"
handle-failure	Checkout repository	2026-02-24T22:37:25.1095637Z [command]/usr/bin/git config --local --name-only --get-regexp http\.https\:\/\/github\.com\/\.extraheader
handle-failure	Checkout repository	2026-02-24T22:37:25.1149028Z [command]/usr/bin/git submodule foreach --recursive sh -c "git config --local --name-only --get-regexp 'http\.https\:\/\/github\.com\/\.extraheader' && git config --local --unset-all 'http.https://github.com/.extraheader' || :"
handle-failure	Checkout repository	2026-02-24T22:37:25.1508484Z [command]/usr/bin/git config --local --name-only --get-regexp ^includeIf\.gitdir:
handle-failure	Checkout repository	2026-02-24T22:37:25.1578131Z [command]/usr/bin/git submodule foreach --recursive git config --local --show-origin --name-only --get-regexp remote.origin.url
handle-failure	Checkout repository	2026-02-24T22:37:25.2131606Z [command]/usr/bin/git config --local http.https://github.com/.extraheader AUTHORIZATION: basic ***
handle-failure	Checkout repository	2026-02-24T22:37:25.2280373Z ##[endgroup]
handle-failure	Checkout repository	2026-02-24T22:37:25.2294809Z ##[group]Fetching the repository
handle-failure	Checkout repository	2026-02-24T22:37:25.2309665Z [command]/usr/bin/git -c protocol.version=2 fetch --no-tags --prune --no-recurse-submodules --depth=1 origin +5820ef7802102418d3f8bf2537926501ebe89437:refs/remotes/origin/main
handle-failure	Checkout repository	2026-02-24T22:37:28.7085463Z From https://github.com/Ka0s-Klaus/ka0s
handle-failure	Checkout repository	2026-02-24T22:37:28.7095835Z  * [new ref]         5820ef7802102418d3f8bf2537926501ebe89437 -> origin/main
handle-failure	Checkout repository	2026-02-24T22:37:28.7186199Z ##[endgroup]
handle-failure	Checkout repository	2026-02-24T22:37:28.7192931Z ##[group]Determining the checkout info
handle-failure	Checkout repository	2026-02-24T22:37:28.7195123Z ##[endgroup]
handle-failure	Checkout repository	2026-02-24T22:37:28.7203199Z [command]/usr/bin/git sparse-checkout disable
handle-failure	Checkout repository	2026-02-24T22:37:28.7259721Z [command]/usr/bin/git config --local --unset-all extensions.worktreeConfig
handle-failure	Checkout repository	2026-02-24T22:37:28.7317653Z ##[group]Checking out the ref
handle-failure	Checkout repository	2026-02-24T22:37:28.7323370Z [command]/usr/bin/git checkout --progress --force -B main refs/remotes/origin/main
handle-failure	Checkout repository	2026-02-24T22:37:29.0317472Z Switched to a new branch 'main'
handle-failure	Checkout repository	2026-02-24T22:37:29.0323549Z branch 'main' set up to track 'origin/main'.
handle-failure	Checkout repository	2026-02-24T22:37:29.0360699Z ##[endgroup]
handle-failure	Checkout repository	2026-02-24T22:37:29.0424445Z [command]/usr/bin/git log -1 --format=%H
handle-failure	Checkout repository	2026-02-24T22:37:29.0463226Z 5820ef7802102418d3f8bf2537926501ebe89437
handle-failure	Install GH CLI	﻿2026-02-24T22:37:29.0985219Z Prepare all required actions
handle-failure	Install GH CLI	2026-02-24T22:37:29.1231740Z ##[group]Run ./.github/actions/install-gh-cli
handle-failure	Install GH CLI	2026-02-24T22:37:29.1232227Z env:
handle-failure	Install GH CLI	2026-02-24T22:37:29.1232674Z   KAOS_MODULE: [Ka0S] Audit Pods
handle-failure	Install GH CLI	2026-02-24T22:37:29.1232979Z   KAOS_CODE: 22373074920
handle-failure	Install GH CLI	2026-02-24T22:37:29.1233245Z ##[endgroup]
handle-failure	Install GH CLI	2026-02-24T22:37:29.1423734Z ##[group]Run type -p curl >/dev/null || (sudo apt-get update && sudo apt-get install curl -y)
handle-failure	Install GH CLI	2026-02-24T22:37:29.1424704Z [36;1mtype -p curl >/dev/null || (sudo apt-get update && sudo apt-get install curl -y)[0m
handle-failure	Install GH CLI	2026-02-24T22:37:29.1425844Z [36;1mcurl -fsSL https://cli.github.com/packages/githubcli-archive-keyring.gpg | sudo dd of=/usr/share/keyrings/githubcli-archive-keyring.gpg \[0m
handle-failure	Install GH CLI	2026-02-24T22:37:29.1426745Z [36;1m&& sudo chmod go+r /usr/share/keyrings/githubcli-archive-keyring.gpg \[0m
handle-failure	Install GH CLI	2026-02-24T22:37:29.1427907Z [36;1m&& echo "deb [arch=$(dpkg --print-architecture) signed-by=/usr/share/keyrings/githubcli-archive-keyring.gpg] https://cli.github.com/packages stable main" | sudo tee /etc/apt/sources.list.d/github-cli.list > /dev/null \[0m
handle-failure	Install GH CLI	2026-02-24T22:37:29.1429200Z [36;1m&& sudo apt-get update \[0m
handle-failure	Install GH CLI	2026-02-24T22:37:29.1429560Z [36;1m&& sudo apt-get install gh -y[0m
handle-failure	Install GH CLI	2026-02-24T22:37:29.1455886Z shell: /usr/bin/bash --noprofile --norc -e -o pipefail {0}
handle-failure	Install GH CLI	2026-02-24T22:37:29.1456408Z env:
handle-failure	Install GH CLI	2026-02-24T22:37:29.1456693Z   KAOS_MODULE: [Ka0S] Audit Pods
handle-failure	Install GH CLI	2026-02-24T22:37:29.1458686Z   KAOS_CODE: 22373074920
handle-failure	Install GH CLI	2026-02-24T22:37:29.1458968Z ##[endgroup]
handle-failure	Install GH CLI	2026-02-24T22:37:29.3938918Z 4+1 records in
handle-failure	Install GH CLI	2026-02-24T22:37:29.3954691Z 4+1 records out
handle-failure	Install GH CLI	2026-02-24T22:37:29.3955823Z 2270 bytes (2.3 kB, 2.2 KiB) copied, 0.177272 s, 12.8 kB/s
handle-failure	Install GH CLI	2026-02-24T22:37:29.6167153Z Get:1 https://cli.github.com/packages stable InRelease [3917 B]
handle-failure	Install GH CLI	2026-02-24T22:37:29.6280556Z Get:2 http://security.ubuntu.com/ubuntu noble-security InRelease [126 kB]
handle-failure	Install GH CLI	2026-02-24T22:37:29.7531788Z Get:3 https://cli.github.com/packages stable/main amd64 Packages [357 B]
handle-failure	Install GH CLI	2026-02-24T22:37:29.7636301Z Get:4 https://ppa.launchpadcontent.net/git-core/ppa/ubuntu noble InRelease [24.3 kB]
handle-failure	Install GH CLI	2026-02-24T22:37:29.7689910Z Get:5 http://archive.ubuntu.com/ubuntu noble InRelease [256 kB]
handle-failure	Install GH CLI	2026-02-24T22:37:29.8894735Z Get:6 http://security.ubuntu.com/ubuntu noble-security/main amd64 Packages [1879 kB]
handle-failure	Install GH CLI	2026-02-24T22:37:30.0085794Z Get:7 https://ppa.launchpadcontent.net/git-core/ppa/ubuntu noble/main amd64 Packages [2992 B]
handle-failure	Install GH CLI	2026-02-24T22:37:30.0634904Z Get:8 http://security.ubuntu.com/ubuntu noble-security/restricted amd64 Packages [3246 kB]
handle-failure	Install GH CLI	2026-02-24T22:37:30.1244515Z Get:9 http://security.ubuntu.com/ubuntu noble-security/universe amd64 Packages [1208 kB]
handle-failure	Install GH CLI	2026-02-24T22:37:30.1316444Z Get:10 http://security.ubuntu.com/ubuntu noble-security/multiverse amd64 Packages [34.8 kB]
handle-failure	Install GH CLI	2026-02-24T22:37:30.3417536Z Get:11 http://archive.ubuntu.com/ubuntu noble-updates InRelease [126 kB]
handle-failure	Install GH CLI	2026-02-24T22:37:30.5135146Z Get:12 http://archive.ubuntu.com/ubuntu noble-backports InRelease [126 kB]
handle-failure	Install GH CLI	2026-02-24T22:37:30.6449503Z Get:13 http://archive.ubuntu.com/ubuntu noble/multiverse amd64 Packages [331 kB]
handle-failure	Install GH CLI	2026-02-24T22:37:30.7458994Z Get:14 http://archive.ubuntu.com/ubuntu noble/universe amd64 Packages [19.3 MB]
handle-failure	Install GH CLI	2026-02-24T22:37:31.5518997Z Get:15 http://archive.ubuntu.com/ubuntu noble/main amd64 Packages [1808 kB]
handle-failure	Install GH CLI	2026-02-24T22:37:31.6045986Z Get:16 http://archive.ubuntu.com/ubuntu noble/restricted amd64 Packages [117 kB]
handle-failure	Install GH CLI	2026-02-24T22:37:31.6047012Z Get:17 http://archive.ubuntu.com/ubuntu noble-updates/multiverse amd64 Packages [38.1 kB]
handle-failure	Install GH CLI	2026-02-24T22:37:31.6047836Z Get:18 http://archive.ubuntu.com/ubuntu noble-updates/restricted amd64 Packages [3421 kB]
handle-failure	Install GH CLI	2026-02-24T22:37:31.7038071Z Get:19 http://archive.ubuntu.com/ubuntu noble-updates/main amd64 Packages [2260 kB]
handle-failure	Install GH CLI	2026-02-24T22:37:31.7434398Z Get:20 http://archive.ubuntu.com/ubuntu noble-updates/universe amd64 Packages [2017 kB]
handle-failure	Install GH CLI	2026-02-24T22:37:31.8057510Z Get:21 http://archive.ubuntu.com/ubuntu noble-backports/universe amd64 Packages [34.6 kB]
handle-failure	Install GH CLI	2026-02-24T22:37:31.8059313Z Get:22 http://archive.ubuntu.com/ubuntu noble-backports/main amd64 Packages [49.5 kB]
handle-failure	Install GH CLI	2026-02-24T22:37:33.0105931Z Fetched 36.4 MB in 3s (10.6 MB/s)
handle-failure	Install GH CLI	2026-02-24T22:37:34.1454633Z Reading package lists...
handle-failure	Install GH CLI	2026-02-24T22:37:35.3099466Z Reading package lists...
handle-failure	Install GH CLI	2026-02-24T22:37:35.6026089Z Building dependency tree...
handle-failure	Install GH CLI	2026-02-24T22:37:35.6043888Z Reading state information...
handle-failure	Install GH CLI	2026-02-24T22:37:36.0347646Z The following NEW packages will be installed:
handle-failure	Install GH CLI	2026-02-24T22:37:36.0374332Z   gh
handle-failure	Install GH CLI	2026-02-24T22:37:36.1556384Z 0 upgraded, 1 newly installed, 0 to remove and 26 not upgraded.
handle-failure	Install GH CLI	2026-02-24T22:37:36.1556863Z Need to get 13.8 MB of archives.
handle-failure	Install GH CLI	2026-02-24T22:37:36.1557219Z After this operation, 38.5 MB of additional disk space will be used.
handle-failure	Install GH CLI	2026-02-24T22:37:36.1557759Z Get:1 https://cli.github.com/packages stable/main amd64 gh amd64 2.87.3 [13.8 MB]
handle-failure	Install GH CLI	2026-02-24T22:37:36.7578664Z debconf: delaying package configuration, since apt-utils is not installed
handle-failure	Install GH CLI	2026-02-24T22:37:36.8224734Z Fetched 13.8 MB in 0s (34.1 MB/s)
handle-failure	Install GH CLI	2026-02-24T22:37:36.8569562Z Selecting previously unselected package gh.
handle-failure	Install GH CLI	2026-02-24T22:37:36.8647895Z (Reading database ... 
handle-failure	Install GH CLI	2026-02-24T22:37:36.8752065Z (Reading database ... 5%
handle-failure	Install GH CLI	2026-02-24T22:37:36.8765576Z (Reading database ... 10%
handle-failure	Install GH CLI	2026-02-24T22:37:36.8777048Z (Reading database ... 15%
handle-failure	Install GH CLI	2026-02-24T22:37:36.8804101Z (Reading database ... 20%
handle-failure	Install GH CLI	2026-02-24T22:37:36.8809194Z (Reading database ... 25%
handle-failure	Install GH CLI	2026-02-24T22:37:36.8821706Z (Reading database ... 30%
handle-failure	Install GH CLI	2026-02-24T22:37:36.8846151Z (Reading database ... 35%
handle-failure	Install GH CLI	2026-02-24T22:37:36.8870019Z (Reading database ... 40%
handle-failure	Install GH CLI	2026-02-24T22:37:36.8916375Z (Reading database ... 45%
handle-failure	Install GH CLI	2026-02-24T22:37:36.8921196Z (Reading database ... 50%
handle-failure	Install GH CLI	2026-02-24T22:37:36.8949048Z (Reading database ... 55%
handle-failure	Install GH CLI	2026-02-24T22:37:36.9040208Z (Reading database ... 60%
handle-failure	Install GH CLI	2026-02-24T22:37:36.9142343Z (Reading database ... 65%
handle-failure	Install GH CLI	2026-02-24T22:37:36.9215371Z (Reading database ... 70%
handle-failure	Install GH CLI	2026-02-24T22:37:36.9345029Z (Reading database ... 75%
handle-failure	Install GH CLI	2026-02-24T22:37:36.9371205Z (Reading database ... 80%
handle-failure	Install GH CLI	2026-02-24T22:37:36.9389790Z (Reading database ... 85%
handle-failure	Install GH CLI	2026-02-24T22:37:36.9457623Z (Reading database ... 90%
handle-failure	Install GH CLI	2026-02-24T22:37:36.9656532Z (Reading database ... 95%
handle-failure	Install GH CLI	2026-02-24T22:37:36.9662915Z (Reading database ... 100%
handle-failure	Install GH CLI	2026-02-24T22:37:36.9663292Z (Reading database ... 14385 files and directories currently installed.)
handle-failure	Install GH CLI	2026-02-24T22:37:36.9663900Z Preparing to unpack .../archives/gh_2.87.3_amd64.deb ...
handle-failure	Install GH CLI	2026-02-24T22:37:36.9667511Z Unpacking gh (2.87.3) ...
handle-failure	Install GH CLI	2026-02-24T22:37:37.4813337Z Setting up gh (2.87.3) ...
handle-failure	Create Failure Issue	﻿2026-02-24T22:37:37.5480039Z ##[group]Run gh issue create \
handle-failure	Create Failure Issue	2026-02-24T22:37:37.5480441Z [36;1mgh issue create \[0m
handle-failure	Create Failure Issue	2026-02-24T22:37:37.5480787Z [36;1m  --title "[Ka0S] Audit Pods Error detected in 22373074920" \[0m
handle-failure	Create Failure Issue	2026-02-24T22:37:37.5481174Z [36;1m  --label "bug" \[0m
handle-failure	Create Failure Issue	2026-02-24T22:37:37.5482302Z [36;1m  --body "Error detected in [Ka0S] Audit Pods. Please check the logs and audit files: Workflow run: https://github.com/Ka0s-Klaus/ka0s/actions/runs/22373074920; Failed pods report: audit/kube/failed_pods.json; iTop reconciliation (if generated): audit/itop/."[0m
handle-failure	Create Failure Issue	2026-02-24T22:37:37.5483832Z [36;1m  [0m
handle-failure	Create Failure Issue	2026-02-24T22:37:37.5497856Z shell: /usr/bin/bash -e {0}
handle-failure	Create Failure Issue	2026-02-24T22:37:37.5498133Z env:
handle-failure	Create Failure Issue	2026-02-24T22:37:37.5498337Z   KAOS_MODULE: [Ka0S] Audit Pods
handle-failure	Create Failure Issue	2026-02-24T22:37:37.5498592Z   KAOS_CODE: 22373074920
handle-failure	Create Failure Issue	2026-02-24T22:37:37.5499235Z   GH_TOKEN: ***
handle-failure	Create Failure Issue	2026-02-24T22:37:37.5499435Z ##[endgroup]
handle-failure	Create Failure Issue	2026-02-24T22:37:39.0448466Z https://github.com/Ka0s-Klaus/ka0s/issues/4252
handle-failure	Post Checkout repository	﻿2026-02-24T22:37:39.0727791Z Post job cleanup.
handle-failure	Post Checkout repository	2026-02-24T22:37:39.2230321Z [command]/usr/bin/git version
handle-failure	Post Checkout repository	2026-02-24T22:37:39.2272105Z git version 2.52.0
handle-failure	Post Checkout repository	2026-02-24T22:37:39.2321226Z Temporarily overriding HOME='/home/runner/_work/_temp/beeef0bc-5970-4fb8-b585-3ca45b720929' before making global git config changes
handle-failure	Post Checkout repository	2026-02-24T22:37:39.2322068Z Adding repository directory to the temporary git global config as a safe directory
handle-failure	Post Checkout repository	2026-02-24T22:37:39.2328218Z [command]/usr/bin/git config --global --add safe.directory /home/runner/_work/ka0s/ka0s
handle-failure	Post Checkout repository	2026-02-24T22:37:39.2874105Z [command]/usr/bin/git config --local --name-only --get-regexp core\.sshCommand
handle-failure	Post Checkout repository	2026-02-24T22:37:39.2988693Z [command]/usr/bin/git submodule foreach --recursive sh -c "git config --local --name-only --get-regexp 'core\.sshCommand' && git config --local --unset-all 'core.sshCommand' || :"
handle-failure	Post Checkout repository	2026-02-24T22:37:39.3385898Z [command]/usr/bin/git config --local --name-only --get-regexp http\.https\:\/\/github\.com\/\.extraheader
handle-failure	Post Checkout repository	2026-02-24T22:37:39.3416147Z http.https://github.com/.extraheader
handle-failure	Post Checkout repository	2026-02-24T22:37:39.3429274Z [command]/usr/bin/git config --local --unset-all http.https://github.com/.extraheader
handle-failure	Post Checkout repository	2026-02-24T22:37:39.3470871Z [command]/usr/bin/git submodule foreach --recursive sh -c "git config --local --name-only --get-regexp 'http\.https\:\/\/github\.com\/\.extraheader' && git config --local --unset-all 'http.https://github.com/.extraheader' || :"
handle-failure	Post Checkout repository	2026-02-24T22:37:39.4122047Z [command]/usr/bin/git config --local --name-only --get-regexp ^includeIf\.gitdir:
handle-failure	Post Checkout repository	2026-02-24T22:37:39.4158049Z [command]/usr/bin/git submodule foreach --recursive git config --local --show-origin --name-only --get-regexp remote.origin.url
handle-failure	Complete job	﻿2026-02-24T22:37:39.4640305Z Cleaning up orphan processes
end-workflow	Set up job	﻿2026-02-24T22:37:45.6477722Z Current runner version: '2.331.0'
end-workflow	Set up job	2026-02-24T22:37:45.6504929Z Runner name: 'swarm-runners-scaleset-hkss5-runner-82dpw'
end-workflow	Set up job	2026-02-24T22:37:45.6506253Z Runner group name: 'Default'
end-workflow	Set up job	2026-02-24T22:37:45.6507469Z Machine name: 'swarm-runners-scaleset-hkss5-runner-82dpw'
end-workflow	Set up job	2026-02-24T22:37:45.6529436Z ##[group]GITHUB_TOKEN Permissions
end-workflow	Set up job	2026-02-24T22:37:45.6537153Z Actions: write
end-workflow	Set up job	2026-02-24T22:37:45.6537905Z Contents: write
end-workflow	Set up job	2026-02-24T22:37:45.6538445Z Issues: write
end-workflow	Set up job	2026-02-24T22:37:45.6539187Z Metadata: read
end-workflow	Set up job	2026-02-24T22:37:45.6539713Z ##[endgroup]
end-workflow	Set up job	2026-02-24T22:37:45.6543220Z Secret source: Actions
end-workflow	Set up job	2026-02-24T22:37:45.6544196Z Prepare workflow directory
end-workflow	Set up job	2026-02-24T22:37:45.8071852Z Prepare all required actions
end-workflow	Set up job	2026-02-24T22:37:45.8171842Z Getting action download info
end-workflow	Set up job	2026-02-24T22:37:46.3596854Z Download action repository 'actions/checkout@v4' (SHA:34e114876b0b11c390a56381ad16ebd13914f8d5)
end-workflow	Set up job	2026-02-24T22:37:47.3524128Z Complete job name: end-workflow
end-workflow	Checkout Repository	﻿2026-02-24T22:37:47.4629816Z ##[group]Run actions/checkout@v4
end-workflow	Checkout Repository	2026-02-24T22:37:47.4630842Z with:
end-workflow	Checkout Repository	2026-02-24T22:37:47.4631293Z   fetch-depth: 0
end-workflow	Checkout Repository	2026-02-24T22:37:47.4631749Z   repository: Ka0s-Klaus/ka0s
end-workflow	Checkout Repository	2026-02-24T22:37:47.4633152Z   token: ***
end-workflow	Checkout Repository	2026-02-24T22:37:47.4633739Z   ssh-strict: true
end-workflow	Checkout Repository	2026-02-24T22:37:47.4634187Z   ssh-user: git
end-workflow	Checkout Repository	2026-02-24T22:37:47.4634630Z   persist-credentials: true
end-workflow	Checkout Repository	2026-02-24T22:37:47.4635121Z   clean: true
end-workflow	Checkout Repository	2026-02-24T22:37:47.4635569Z   sparse-checkout-cone-mode: true
end-workflow	Checkout Repository	2026-02-24T22:37:47.4636102Z   fetch-tags: false
end-workflow	Checkout Repository	2026-02-24T22:37:47.4636553Z   show-progress: true
end-workflow	Checkout Repository	2026-02-24T22:37:47.4637003Z   lfs: false
end-workflow	Checkout Repository	2026-02-24T22:37:47.4637430Z   submodules: false
end-workflow	Checkout Repository	2026-02-24T22:37:47.4637904Z   set-safe-directory: true
end-workflow	Checkout Repository	2026-02-24T22:37:47.4638660Z env:
end-workflow	Checkout Repository	2026-02-24T22:37:47.4639103Z   KAOS_MODULE: [Ka0S] Audit Pods
end-workflow	Checkout Repository	2026-02-24T22:37:47.4639638Z   KAOS_CODE: 22373074920
end-workflow	Checkout Repository	2026-02-24T22:37:47.4640104Z ##[endgroup]
end-workflow	Checkout Repository	2026-02-24T22:37:47.6618406Z Syncing repository: Ka0s-Klaus/ka0s
end-workflow	Checkout Repository	2026-02-24T22:37:47.6620531Z ##[group]Getting Git version info
end-workflow	Checkout Repository	2026-02-24T22:37:47.6621417Z Working directory is '/home/runner/_work/ka0s/ka0s'
end-workflow	Checkout Repository	2026-02-24T22:37:47.6622776Z [command]/usr/bin/git version
end-workflow	Checkout Repository	2026-02-24T22:37:47.6623483Z git version 2.52.0
end-workflow	Checkout Repository	2026-02-24T22:37:47.6625271Z ##[endgroup]
end-workflow	Checkout Repository	2026-02-24T22:37:47.6644610Z Temporarily overriding HOME='/home/runner/_work/_temp/8e827e44-3ba3-4cb5-85c5-b50b526109b5' before making global git config changes
end-workflow	Checkout Repository	2026-02-24T22:37:47.6726152Z Adding repository directory to the temporary git global config as a safe directory
end-workflow	Checkout Repository	2026-02-24T22:37:47.6727935Z [command]/usr/bin/git config --global --add safe.directory /home/runner/_work/ka0s/ka0s
end-workflow	Checkout Repository	2026-02-24T22:37:47.7007471Z Deleting the contents of '/home/runner/_work/ka0s/ka0s'
end-workflow	Checkout Repository	2026-02-24T22:37:47.7009367Z ##[group]Initializing the repository
end-workflow	Checkout Repository	2026-02-24T22:37:47.7010162Z [command]/usr/bin/git init /home/runner/_work/ka0s/ka0s
end-workflow	Checkout Repository	2026-02-24T22:37:47.7011155Z hint: Using 'master' as the name for the initial branch. This default branch name
end-workflow	Checkout Repository	2026-02-24T22:37:47.7025815Z hint: will change to "main" in Git 3.0. To configure the initial branch name
end-workflow	Checkout Repository	2026-02-24T22:37:47.7028948Z hint: to use in all of your new repositories, which will suppress this warning,
end-workflow	Checkout Repository	2026-02-24T22:37:47.7029830Z hint: call:
end-workflow	Checkout Repository	2026-02-24T22:37:47.7030255Z hint:
end-workflow	Checkout Repository	2026-02-24T22:37:47.7030839Z hint: 	git config --global init.defaultBranch <name>
end-workflow	Checkout Repository	2026-02-24T22:37:47.7031514Z hint:
end-workflow	Checkout Repository	2026-02-24T22:37:47.7032203Z hint: Names commonly chosen instead of 'master' are 'main', 'trunk' and
end-workflow	Checkout Repository	2026-02-24T22:37:47.7037029Z hint: 'development'. The just-created branch can be renamed via this command:
end-workflow	Checkout Repository	2026-02-24T22:37:47.7037928Z hint:
end-workflow	Checkout Repository	2026-02-24T22:37:47.7038408Z hint: 	git branch -m <name>
end-workflow	Checkout Repository	2026-02-24T22:37:47.7039196Z hint:
end-workflow	Checkout Repository	2026-02-24T22:37:47.7039942Z hint: Disable this message with "git config set advice.defaultBranchName false"
end-workflow	Checkout Repository	2026-02-24T22:37:47.7041055Z Initialized empty Git repository in /home/runner/_work/ka0s/ka0s/.git/
end-workflow	Checkout Repository	2026-02-24T22:37:47.7049733Z [command]/usr/bin/git remote add origin https://github.com/Ka0s-Klaus/ka0s
end-workflow	Checkout Repository	2026-02-24T22:37:47.7107667Z ##[endgroup]
end-workflow	Checkout Repository	2026-02-24T22:37:47.7177994Z ##[group]Disabling automatic garbage collection
end-workflow	Checkout Repository	2026-02-24T22:37:47.7181823Z [command]/usr/bin/git config --local gc.auto 0
end-workflow	Checkout Repository	2026-02-24T22:37:47.7201547Z ##[endgroup]
end-workflow	Checkout Repository	2026-02-24T22:37:47.7202908Z ##[group]Setting up auth
end-workflow	Checkout Repository	2026-02-24T22:37:47.7210634Z [command]/usr/bin/git config --local --name-only --get-regexp core\.sshCommand
end-workflow	Checkout Repository	2026-02-24T22:37:47.7254237Z [command]/usr/bin/git submodule foreach --recursive sh -c "git config --local --name-only --get-regexp 'core\.sshCommand' && git config --local --unset-all 'core.sshCommand' || :"
end-workflow	Checkout Repository	2026-02-24T22:37:47.7634390Z [command]/usr/bin/git config --local --name-only --get-regexp http\.https\:\/\/github\.com\/\.extraheader
end-workflow	Checkout Repository	2026-02-24T22:37:47.8041190Z [command]/usr/bin/git submodule foreach --recursive sh -c "git config --local --name-only --get-regexp 'http\.https\:\/\/github\.com\/\.extraheader' && git config --local --unset-all 'http.https://github.com/.extraheader' || :"
end-workflow	Checkout Repository	2026-02-24T22:37:47.8435444Z [command]/usr/bin/git config --local --name-only --get-regexp ^includeIf\.gitdir:
end-workflow	Checkout Repository	2026-02-24T22:37:47.8478660Z [command]/usr/bin/git submodule foreach --recursive git config --local --show-origin --name-only --get-regexp remote.origin.url
end-workflow	Checkout Repository	2026-02-24T22:37:47.9225119Z [command]/usr/bin/git config --local http.https://github.com/.extraheader AUTHORIZATION: basic ***
end-workflow	Checkout Repository	2026-02-24T22:37:47.9289575Z ##[endgroup]
end-workflow	Checkout Repository	2026-02-24T22:37:47.9318556Z ##[group]Fetching the repository
end-workflow	Checkout Repository	2026-02-24T22:37:47.9320142Z [command]/usr/bin/git -c protocol.version=2 fetch --prune --no-recurse-submodules origin +refs/heads/*:refs/remotes/origin/* +refs/tags/*:refs/tags/*
end-workflow	Checkout Repository	2026-02-24T22:38:16.2675073Z From https://github.com/Ka0s-Klaus/ka0s
end-workflow	Checkout Repository	2026-02-24T22:38:16.2686045Z  * [new branch]          F3450-modelo-operativo -> origin/F3450-modelo-operativo
end-workflow	Checkout Repository	2026-02-24T22:38:16.2692901Z  * [new branch]          H1276-modulo-observabilidad -> origin/H1276-modulo-observabilidad
end-workflow	Checkout Repository	2026-02-24T22:38:16.2693924Z  * [new branch]          H3596-deploy-itop      -> origin/H3596-deploy-itop
end-workflow	Checkout Repository	2026-02-24T22:38:16.2726431Z  * [new branch]          H4170-flujo-detallado-zabbix---github -> origin/H4170-flujo-detallado-zabbix---github
end-workflow	Checkout Repository	2026-02-24T22:38:16.2768114Z  * [new branch]          H4191-request-cambios  -> origin/H4191-request-cambios
end-workflow	Checkout Repository	2026-02-24T22:38:16.2778088Z  * [new branch]          H4200-request-recomendaciones-de-auditoria -> origin/H4200-request-recomendaciones-de-auditoria
end-workflow	Checkout Repository	2026-02-24T22:38:16.2778842Z  * [new branch]          main                   -> origin/main
end-workflow	Checkout Repository	2026-02-24T22:38:16.2779277Z  * [new tag]             0.0.0                  -> 0.0.0
end-workflow	Checkout Repository	2026-02-24T22:38:16.2779690Z  * [new tag]             0.0.1                  -> 0.0.1
end-workflow	Checkout Repository	2026-02-24T22:38:16.2780078Z  * [new tag]             0.0.10                 -> 0.0.10
end-workflow	Checkout Repository	2026-02-24T22:38:16.2780491Z  * [new tag]             0.0.100                -> 0.0.100
end-workflow	Checkout Repository	2026-02-24T22:38:16.2780879Z  * [new tag]             0.0.101                -> 0.0.101
end-workflow	Checkout Repository	2026-02-24T22:38:16.2781271Z  * [new tag]             0.0.102                -> 0.0.102
end-workflow	Checkout Repository	2026-02-24T22:38:16.2798597Z  * [new tag]             0.0.103                -> 0.0.103
end-workflow	Checkout Repository	2026-02-24T22:38:16.2801932Z  * [new tag]             0.0.104                -> 0.0.104
end-workflow	Checkout Repository	2026-02-24T22:38:16.2803944Z  * [new tag]             0.0.105                -> 0.0.105
end-workflow	Checkout Repository	2026-02-24T22:38:16.2807370Z  * [new tag]             0.0.106                -> 0.0.106
end-workflow	Checkout Repository	2026-02-24T22:38:16.2809741Z  * [new tag]             0.0.107                -> 0.0.107
end-workflow	Checkout Repository	2026-02-24T22:38:16.2812232Z  * [new tag]             0.0.108                -> 0.0.108
end-workflow	Checkout Repository	2026-02-24T22:38:16.2815617Z  * [new tag]             0.0.109                -> 0.0.109
end-workflow	Checkout Repository	2026-02-24T22:38:16.2816036Z  * [new tag]             0.0.11                 -> 0.0.11
end-workflow	Checkout Repository	2026-02-24T22:38:16.2816474Z  * [new tag]             0.0.110                -> 0.0.110
end-workflow	Checkout Repository	2026-02-24T22:38:16.2816865Z  * [new tag]             0.0.111                -> 0.0.111
end-workflow	Checkout Repository	2026-02-24T22:38:16.2817262Z  * [new tag]             0.0.112                -> 0.0.112
end-workflow	Checkout Repository	2026-02-24T22:38:16.2817651Z  * [new tag]             0.0.113                -> 0.0.113
end-workflow	Checkout Repository	2026-02-24T22:38:16.2818631Z  * [new tag]             0.0.114                -> 0.0.114
end-workflow	Checkout Repository	2026-02-24T22:38:16.2819032Z  * [new tag]             0.0.115                -> 0.0.115
end-workflow	Checkout Repository	2026-02-24T22:38:16.2819423Z  * [new tag]             0.0.116                -> 0.0.116
end-workflow	Checkout Repository	2026-02-24T22:38:16.2819925Z  * [new tag]             0.0.117                -> 0.0.117
end-workflow	Checkout Repository	2026-02-24T22:38:16.2837778Z  * [new tag]             0.0.118                -> 0.0.118
end-workflow	Checkout Repository	2026-02-24T22:38:16.2843584Z  * [new tag]             0.0.119                -> 0.0.119
end-workflow	Checkout Repository	2026-02-24T22:38:16.2844290Z  * [new tag]             0.0.12                 -> 0.0.12
end-workflow	Checkout Repository	2026-02-24T22:38:16.2844685Z  * [new tag]             0.0.120                -> 0.0.120
end-workflow	Checkout Repository	2026-02-24T22:38:16.2845066Z  * [new tag]             0.0.121                -> 0.0.121
end-workflow	Checkout Repository	2026-02-24T22:38:16.2845452Z  * [new tag]             0.0.122                -> 0.0.122
end-workflow	Checkout Repository	2026-02-24T22:38:16.2845834Z  * [new tag]             0.0.123                -> 0.0.123
end-workflow	Checkout Repository	2026-02-24T22:38:16.2846648Z  * [new tag]             0.0.124                -> 0.0.124
end-workflow	Checkout Repository	2026-02-24T22:38:16.2847052Z  * [new tag]             0.0.125                -> 0.0.125
end-workflow	Checkout Repository	2026-02-24T22:38:16.2847431Z  * [new tag]             0.0.126                -> 0.0.126
end-workflow	Checkout Repository	2026-02-24T22:38:16.2847809Z  * [new tag]             0.0.127                -> 0.0.127
end-workflow	Checkout Repository	2026-02-24T22:38:16.2848184Z  * [new tag]             0.0.128                -> 0.0.128
end-workflow	Checkout Repository	2026-02-24T22:38:16.2848566Z  * [new tag]             0.0.129                -> 0.0.129
end-workflow	Checkout Repository	2026-02-24T22:38:16.2861810Z  * [new tag]             0.0.13                 -> 0.0.13
end-workflow	Checkout Repository	2026-02-24T22:38:16.2862284Z  * [new tag]             0.0.130                -> 0.0.130
end-workflow	Checkout Repository	2026-02-24T22:38:16.2866928Z  * [new tag]             0.0.131                -> 0.0.131
end-workflow	Checkout Repository	2026-02-24T22:38:16.2867609Z  * [new tag]             0.0.132                -> 0.0.132
end-workflow	Checkout Repository	2026-02-24T22:38:16.2870113Z  * [new tag]             0.0.133                -> 0.0.133
end-workflow	Checkout Repository	2026-02-24T22:38:16.2871942Z  * [new tag]             0.0.134                -> 0.0.134
end-workflow	Checkout Repository	2026-02-24T22:38:16.2874125Z  * [new tag]             0.0.135                -> 0.0.135
end-workflow	Checkout Repository	2026-02-24T22:38:16.2875681Z  * [new tag]             0.0.136                -> 0.0.136
end-workflow	Checkout Repository	2026-02-24T22:38:16.2877318Z  * [new tag]             0.0.137                -> 0.0.137
end-workflow	Checkout Repository	2026-02-24T22:38:16.2880544Z  * [new tag]             0.0.138                -> 0.0.138
end-workflow	Checkout Repository	2026-02-24T22:38:16.2882299Z  * [new tag]             0.0.139                -> 0.0.139
end-workflow	Checkout Repository	2026-02-24T22:38:16.2884112Z  * [new tag]             0.0.14                 -> 0.0.14
end-workflow	Checkout Repository	2026-02-24T22:38:16.2885757Z  * [new tag]             0.0.140                -> 0.0.140
end-workflow	Checkout Repository	2026-02-24T22:38:16.2887330Z  * [new tag]             0.0.141                -> 0.0.141
end-workflow	Checkout Repository	2026-02-24T22:38:16.2889085Z  * [new tag]             0.0.142                -> 0.0.142
end-workflow	Checkout Repository	2026-02-24T22:38:16.2891996Z  * [new tag]             0.0.143                -> 0.0.143
end-workflow	Checkout Repository	2026-02-24T22:38:16.2893696Z  * [new tag]             0.0.144                -> 0.0.144
end-workflow	Checkout Repository	2026-02-24T22:38:16.2898735Z  * [new tag]             0.0.145                -> 0.0.145
end-workflow	Checkout Repository	2026-02-24T22:38:16.2899246Z  * [new tag]             0.0.146                -> 0.0.146
end-workflow	Checkout Repository	2026-02-24T22:38:16.2899649Z  * [new tag]             0.0.147                -> 0.0.147
end-workflow	Checkout Repository	2026-02-24T22:38:16.2900042Z  * [new tag]             0.0.148                -> 0.0.148
end-workflow	Checkout Repository	2026-02-24T22:38:16.2902900Z  * [new tag]             0.0.149                -> 0.0.149
end-workflow	Checkout Repository	2026-02-24T22:38:16.2903336Z  * [new tag]             0.0.15                 -> 0.0.15
end-workflow	Checkout Repository	2026-02-24T22:38:16.2903829Z  * [new tag]             0.0.150                -> 0.0.150
end-workflow	Checkout Repository	2026-02-24T22:38:16.2904221Z  * [new tag]             0.0.151                -> 0.0.151
end-workflow	Checkout Repository	2026-02-24T22:38:16.2904609Z  * [new tag]             0.0.152                -> 0.0.152
end-workflow	Checkout Repository	2026-02-24T22:38:16.2905016Z  * [new tag]             0.0.153                -> 0.0.153
end-workflow	Checkout Repository	2026-02-24T22:38:16.2911086Z  * [new tag]             0.0.154                -> 0.0.154
end-workflow	Checkout Repository	2026-02-24T22:38:16.2911549Z  * [new tag]             0.0.155                -> 0.0.155
end-workflow	Checkout Repository	2026-02-24T22:38:16.2912008Z  * [new tag]             0.0.156                -> 0.0.156
end-workflow	Checkout Repository	2026-02-24T22:38:16.2922695Z  * [new tag]             0.0.157                -> 0.0.157
end-workflow	Checkout Repository	2026-02-24T22:38:16.2923145Z  * [new tag]             0.0.158                -> 0.0.158
end-workflow	Checkout Repository	2026-02-24T22:38:16.2923669Z  * [new tag]             0.0.159                -> 0.0.159
end-workflow	Checkout Repository	2026-02-24T22:38:16.2924070Z  * [new tag]             0.0.16                 -> 0.0.16
end-workflow	Checkout Repository	2026-02-24T22:38:16.2924467Z  * [new tag]             0.0.160                -> 0.0.160
end-workflow	Checkout Repository	2026-02-24T22:38:16.2924863Z  * [new tag]             0.0.161                -> 0.0.161
end-workflow	Checkout Repository	2026-02-24T22:38:16.2925250Z  * [new tag]             0.0.162                -> 0.0.162
end-workflow	Checkout Repository	2026-02-24T22:38:16.2925675Z  * [new tag]             0.0.163                -> 0.0.163
end-workflow	Checkout Repository	2026-02-24T22:38:16.2926073Z  * [new tag]             0.0.164                -> 0.0.164
end-workflow	Checkout Repository	2026-02-24T22:38:16.2926468Z  * [new tag]             0.0.165                -> 0.0.165
end-workflow	Checkout Repository	2026-02-24T22:38:16.2926871Z  * [new tag]             0.0.166                -> 0.0.166
end-workflow	Checkout Repository	2026-02-24T22:38:16.2927633Z  * [new tag]             0.0.167                -> 0.0.167
end-workflow	Checkout Repository	2026-02-24T22:38:16.2928032Z  * [new tag]             0.0.168                -> 0.0.168
end-workflow	Checkout Repository	2026-02-24T22:38:16.2928421Z  * [new tag]             0.0.169                -> 0.0.169
end-workflow	Checkout Repository	2026-02-24T22:38:16.2928817Z  * [new tag]             0.0.17                 -> 0.0.17
end-workflow	Checkout Repository	2026-02-24T22:38:16.2929210Z  * [new tag]             0.0.170                -> 0.0.170
end-workflow	Checkout Repository	2026-02-24T22:38:16.2929600Z  * [new tag]             0.0.171                -> 0.0.171
end-workflow	Checkout Repository	2026-02-24T22:38:16.2929994Z  * [new tag]             0.0.172                -> 0.0.172
end-workflow	Checkout Repository	2026-02-24T22:38:16.3250263Z  * [new tag]             0.0.173                -> 0.0.173
end-workflow	Checkout Repository	2026-02-24T22:38:16.3290054Z  * [new tag]             0.0.174                -> 0.0.174
end-workflow	Checkout Repository	2026-02-24T22:38:16.3290588Z  * [new tag]             0.0.175                -> 0.0.175
end-workflow	Checkout Repository	2026-02-24T22:38:16.3291010Z  * [new tag]             0.0.176                -> 0.0.176
end-workflow	Checkout Repository	2026-02-24T22:38:16.3291408Z  * [new tag]             0.0.177                -> 0.0.177
end-workflow	Checkout Repository	2026-02-24T22:38:16.3291887Z  * [new tag]             0.0.178                -> 0.0.178
end-workflow	Checkout Repository	2026-02-24T22:38:16.3292286Z  * [new tag]             0.0.179                -> 0.0.179
end-workflow	Checkout Repository	2026-02-24T22:38:16.3295635Z  * [new tag]             0.0.18                 -> 0.0.18
end-workflow	Checkout Repository	2026-02-24T22:38:16.3296092Z  * [new tag]             0.0.19                 -> 0.0.19
end-workflow	Checkout Repository	2026-02-24T22:38:16.3296503Z  * [new tag]             0.0.2                  -> 0.0.2
end-workflow	Checkout Repository	2026-02-24T22:38:16.3296909Z  * [new tag]             0.0.20                 -> 0.0.20
end-workflow	Checkout Repository	2026-02-24T22:38:16.3297320Z  * [new tag]             0.0.21                 -> 0.0.21
end-workflow	Checkout Repository	2026-02-24T22:38:16.3297730Z  * [new tag]             0.0.22                 -> 0.0.22
end-workflow	Checkout Repository	2026-02-24T22:38:16.3298134Z  * [new tag]             0.0.23                 -> 0.0.23
end-workflow	Checkout Repository	2026-02-24T22:38:16.3298566Z  * [new tag]             0.0.24                 -> 0.0.24
end-workflow	Checkout Repository	2026-02-24T22:38:16.3298978Z  * [new tag]             0.0.25                 -> 0.0.25
end-workflow	Checkout Repository	2026-02-24T22:38:16.3299447Z  * [new tag]             0.0.26                 -> 0.0.26
end-workflow	Checkout Repository	2026-02-24T22:38:16.3299875Z  * [new tag]             0.0.27                 -> 0.0.27
end-workflow	Checkout Repository	2026-02-24T22:38:16.3300290Z  * [new tag]             0.0.28                 -> 0.0.28
end-workflow	Checkout Repository	2026-02-24T22:38:16.3300699Z  * [new tag]             0.0.29                 -> 0.0.29
end-workflow	Checkout Repository	2026-02-24T22:38:16.3301115Z  * [new tag]             0.0.3                  -> 0.0.3
end-workflow	Checkout Repository	2026-02-24T22:38:16.3301542Z  * [new tag]             0.0.30                 -> 0.0.30
end-workflow	Checkout Repository	2026-02-24T22:38:16.3301965Z  * [new tag]             0.0.31                 -> 0.0.31
end-workflow	Checkout Repository	2026-02-24T22:38:16.3339074Z  * [new tag]             0.0.32                 -> 0.0.32
end-workflow	Checkout Repository	2026-02-24T22:38:16.3340035Z  * [new tag]             0.0.33                 -> 0.0.33
end-workflow	Checkout Repository	2026-02-24T22:38:16.3340473Z  * [new tag]             0.0.34                 -> 0.0.34
end-workflow	Checkout Repository	2026-02-24T22:38:16.3340896Z  * [new tag]             0.0.35                 -> 0.0.35
end-workflow	Checkout Repository	2026-02-24T22:38:16.3341319Z  * [new tag]             0.0.36                 -> 0.0.36
end-workflow	Checkout Repository	2026-02-24T22:38:16.3341802Z  * [new tag]             0.0.37                 -> 0.0.37
end-workflow	Checkout Repository	2026-02-24T22:38:16.3351059Z  * [new tag]             0.0.38                 -> 0.0.38
end-workflow	Checkout Repository	2026-02-24T22:38:16.3351571Z  * [new tag]             0.0.39                 -> 0.0.39
end-workflow	Checkout Repository	2026-02-24T22:38:16.3351987Z  * [new tag]             0.0.4                  -> 0.0.4
end-workflow	Checkout Repository	2026-02-24T22:38:16.3352651Z  * [new tag]             0.0.40                 -> 0.0.40
end-workflow	Checkout Repository	2026-02-24T22:38:16.3353100Z  * [new tag]             0.0.41                 -> 0.0.41
end-workflow	Checkout Repository	2026-02-24T22:38:16.3353527Z  * [new tag]             0.0.42                 -> 0.0.42
end-workflow	Checkout Repository	2026-02-24T22:38:16.3353927Z  * [new tag]             0.0.43                 -> 0.0.43
end-workflow	Checkout Repository	2026-02-24T22:38:16.3354335Z  * [new tag]             0.0.44                 -> 0.0.44
end-workflow	Checkout Repository	2026-02-24T22:38:16.3354744Z  * [new tag]             0.0.45                 -> 0.0.45
end-workflow	Checkout Repository	2026-02-24T22:38:16.3355327Z  * [new tag]             0.0.46                 -> 0.0.46
end-workflow	Checkout Repository	2026-02-24T22:38:16.3355737Z  * [new tag]             0.0.47                 -> 0.0.47
end-workflow	Checkout Repository	2026-02-24T22:38:16.3356730Z  * [new tag]             0.0.48                 -> 0.0.48
end-workflow	Checkout Repository	2026-02-24T22:38:16.3357127Z  * [new tag]             0.0.49                 -> 0.0.49
end-workflow	Checkout Repository	2026-02-24T22:38:16.3357539Z  * [new tag]             0.0.5                  -> 0.0.5
end-workflow	Checkout Repository	2026-02-24T22:38:16.3357939Z  * [new tag]             0.0.50                 -> 0.0.50
end-workflow	Checkout Repository	2026-02-24T22:38:16.3358347Z  * [new tag]             0.0.51                 -> 0.0.51
end-workflow	Checkout Repository	2026-02-24T22:38:16.3358743Z  * [new tag]             0.0.52                 -> 0.0.52
end-workflow	Checkout Repository	2026-02-24T22:38:16.3359150Z  * [new tag]             0.0.53                 -> 0.0.53
end-workflow	Checkout Repository	2026-02-24T22:38:16.3359555Z  * [new tag]             0.0.54                 -> 0.0.54
end-workflow	Checkout Repository	2026-02-24T22:38:16.3359956Z  * [new tag]             0.0.55                 -> 0.0.55
end-workflow	Checkout Repository	2026-02-24T22:38:16.3360374Z  * [new tag]             0.0.56                 -> 0.0.56
end-workflow	Checkout Repository	2026-02-24T22:38:16.3360794Z  * [new tag]             0.0.57                 -> 0.0.57
end-workflow	Checkout Repository	2026-02-24T22:38:16.3361201Z  * [new tag]             0.0.58                 -> 0.0.58
end-workflow	Checkout Repository	2026-02-24T22:38:16.3361637Z  * [new tag]             0.0.59                 -> 0.0.59
end-workflow	Checkout Repository	2026-02-24T22:38:16.3362057Z  * [new tag]             0.0.6                  -> 0.0.6
end-workflow	Checkout Repository	2026-02-24T22:38:16.3362583Z  * [new tag]             0.0.60                 -> 0.0.60
end-workflow	Checkout Repository	2026-02-24T22:38:16.3362984Z  * [new tag]             0.0.61                 -> 0.0.61
end-workflow	Checkout Repository	2026-02-24T22:38:16.3363389Z  * [new tag]             0.0.62                 -> 0.0.62
end-workflow	Checkout Repository	2026-02-24T22:38:16.3363792Z  * [new tag]             0.0.63                 -> 0.0.63
end-workflow	Checkout Repository	2026-02-24T22:38:16.3364205Z  * [new tag]             0.0.64                 -> 0.0.64
end-workflow	Checkout Repository	2026-02-24T22:38:16.3364606Z  * [new tag]             0.0.65                 -> 0.0.65
end-workflow	Checkout Repository	2026-02-24T22:38:16.3365011Z  * [new tag]             0.0.66                 -> 0.0.66
end-workflow	Checkout Repository	2026-02-24T22:38:16.3365528Z  * [new tag]             0.0.67                 -> 0.0.67
end-workflow	Checkout Repository	2026-02-24T22:38:16.3366420Z  * [new tag]             0.0.68                 -> 0.0.68
end-workflow	Checkout Repository	2026-02-24T22:38:16.3366828Z  * [new tag]             0.0.69                 -> 0.0.69
end-workflow	Checkout Repository	2026-02-24T22:38:16.3367221Z  * [new tag]             0.0.7                  -> 0.0.7
end-workflow	Checkout Repository	2026-02-24T22:38:16.3367600Z  * [new tag]             0.0.70                 -> 0.0.70
end-workflow	Checkout Repository	2026-02-24T22:38:16.3367976Z  * [new tag]             0.0.71                 -> 0.0.71
end-workflow	Checkout Repository	2026-02-24T22:38:16.3368357Z  * [new tag]             0.0.72                 -> 0.0.72
end-workflow	Checkout Repository	2026-02-24T22:38:16.3368740Z  * [new tag]             0.0.73                 -> 0.0.73
end-workflow	Checkout Repository	2026-02-24T22:38:16.3369124Z  * [new tag]             0.0.74                 -> 0.0.74
end-workflow	Checkout Repository	2026-02-24T22:38:16.3369505Z  * [new tag]             0.0.75                 -> 0.0.75
end-workflow	Checkout Repository	2026-02-24T22:38:16.3369878Z  * [new tag]             0.0.76                 -> 0.0.76
end-workflow	Checkout Repository	2026-02-24T22:38:16.3370259Z  * [new tag]             0.0.77                 -> 0.0.77
end-workflow	Checkout Repository	2026-02-24T22:38:16.3370636Z  * [new tag]             0.0.78                 -> 0.0.78
end-workflow	Checkout Repository	2026-02-24T22:38:16.3371013Z  * [new tag]             0.0.79                 -> 0.0.79
end-workflow	Checkout Repository	2026-02-24T22:38:16.3371404Z  * [new tag]             0.0.8                  -> 0.0.8
end-workflow	Checkout Repository	2026-02-24T22:38:16.3372065Z  * [new tag]             0.0.80                 -> 0.0.80
end-workflow	Checkout Repository	2026-02-24T22:38:16.3372711Z  * [new tag]             0.0.81                 -> 0.0.81
end-workflow	Checkout Repository	2026-02-24T22:38:16.3373119Z  * [new tag]             0.0.82                 -> 0.0.82
end-workflow	Checkout Repository	2026-02-24T22:38:16.3373641Z  * [new tag]             0.0.83                 -> 0.0.83
end-workflow	Checkout Repository	2026-02-24T22:38:16.3374014Z  * [new tag]             0.0.84                 -> 0.0.84
end-workflow	Checkout Repository	2026-02-24T22:38:16.3374399Z  * [new tag]             0.0.85                 -> 0.0.85
end-workflow	Checkout Repository	2026-02-24T22:38:16.3374772Z  * [new tag]             0.0.86                 -> 0.0.86
end-workflow	Checkout Repository	2026-02-24T22:38:16.3375155Z  * [new tag]             0.0.87                 -> 0.0.87
end-workflow	Checkout Repository	2026-02-24T22:38:16.3375540Z  * [new tag]             0.0.88                 -> 0.0.88
end-workflow	Checkout Repository	2026-02-24T22:38:16.3376062Z  * [new tag]             0.0.89                 -> 0.0.89
end-workflow	Checkout Repository	2026-02-24T22:38:16.3376468Z  * [new tag]             0.0.9                  -> 0.0.9
end-workflow	Checkout Repository	2026-02-24T22:38:16.3377161Z  * [new tag]             0.0.90                 -> 0.0.90
end-workflow	Checkout Repository	2026-02-24T22:38:16.3377561Z  * [new tag]             0.0.91                 -> 0.0.91
end-workflow	Checkout Repository	2026-02-24T22:38:16.3377951Z  * [new tag]             0.0.92                 -> 0.0.92
end-workflow	Checkout Repository	2026-02-24T22:38:16.3378348Z  * [new tag]             0.0.93                 -> 0.0.93
end-workflow	Checkout Repository	2026-02-24T22:38:16.3378740Z  * [new tag]             0.0.94                 -> 0.0.94
end-workflow	Checkout Repository	2026-02-24T22:38:16.3379129Z  * [new tag]             0.0.95                 -> 0.0.95
end-workflow	Checkout Repository	2026-02-24T22:38:16.3379518Z  * [new tag]             0.0.96                 -> 0.0.96
end-workflow	Checkout Repository	2026-02-24T22:38:16.3379916Z  * [new tag]             0.0.97                 -> 0.0.97
end-workflow	Checkout Repository	2026-02-24T22:38:16.3380311Z  * [new tag]             0.0.98                 -> 0.0.98
end-workflow	Checkout Repository	2026-02-24T22:38:16.3380701Z  * [new tag]             0.0.99                 -> 0.0.99
end-workflow	Checkout Repository	2026-02-24T22:38:16.3381097Z  * [new tag]             0.1.0                  -> 0.1.0
end-workflow	Checkout Repository	2026-02-24T22:38:16.3381507Z  * [new tag]             0.1.1                  -> 0.1.1
end-workflow	Checkout Repository	2026-02-24T22:38:16.3381926Z  * [new tag]             0.2.0                  -> 0.2.0
end-workflow	Checkout Repository	2026-02-24T22:38:16.3382328Z  * [new tag]             0.3.0                  -> 0.3.0
end-workflow	Checkout Repository	2026-02-24T22:38:16.3382887Z  * [new tag]             0.3.1                  -> 0.3.1
end-workflow	Checkout Repository	2026-02-24T22:38:16.3383299Z  * [new tag]             0.3.10                 -> 0.3.10
end-workflow	Checkout Repository	2026-02-24T22:38:16.3383708Z  * [new tag]             0.3.11                 -> 0.3.11
end-workflow	Checkout Repository	2026-02-24T22:38:16.3384112Z  * [new tag]             0.3.12                 -> 0.3.12
end-workflow	Checkout Repository	2026-02-24T22:38:16.3384526Z  * [new tag]             0.3.13                 -> 0.3.13
end-workflow	Checkout Repository	2026-02-24T22:38:16.3384924Z  * [new tag]             0.3.14                 -> 0.3.14
end-workflow	Checkout Repository	2026-02-24T22:38:16.3385346Z  * [new tag]             0.3.15                 -> 0.3.15
end-workflow	Checkout Repository	2026-02-24T22:38:16.3385747Z  * [new tag]             0.3.16                 -> 0.3.16
end-workflow	Checkout Repository	2026-02-24T22:38:16.3386521Z  * [new tag]             0.3.17                 -> 0.3.17
end-workflow	Checkout Repository	2026-02-24T22:38:16.3386933Z  * [new tag]             0.3.2                  -> 0.3.2
end-workflow	Checkout Repository	2026-02-24T22:38:16.3387389Z  * [new tag]             0.3.3                  -> 0.3.3
end-workflow	Checkout Repository	2026-02-24T22:38:16.3387783Z  * [new tag]             0.3.4                  -> 0.3.4
end-workflow	Checkout Repository	2026-02-24T22:38:16.3388193Z  * [new tag]             0.3.5                  -> 0.3.5
end-workflow	Checkout Repository	2026-02-24T22:38:16.3388604Z  * [new tag]             0.3.6                  -> 0.3.6
end-workflow	Checkout Repository	2026-02-24T22:38:16.3388987Z  * [new tag]             0.3.7                  -> 0.3.7
end-workflow	Checkout Repository	2026-02-24T22:38:16.3389375Z  * [new tag]             0.3.8                  -> 0.3.8
end-workflow	Checkout Repository	2026-02-24T22:38:16.3389783Z  * [new tag]             0.3.9                  -> 0.3.9
end-workflow	Checkout Repository	2026-02-24T22:38:16.3390190Z  * [new tag]             0.4.0                  -> 0.4.0
end-workflow	Checkout Repository	2026-02-24T22:38:16.3390582Z  * [new tag]             0.4.1                  -> 0.4.1
end-workflow	Checkout Repository	2026-02-24T22:38:16.3390997Z  * [new tag]             0.4.2                  -> 0.4.2
end-workflow	Checkout Repository	2026-02-24T22:38:16.3391414Z  * [new tag]             0.4.3                  -> 0.4.3
end-workflow	Checkout Repository	2026-02-24T22:38:16.3391820Z  * [new tag]             0.4.4                  -> 0.4.4
end-workflow	Checkout Repository	2026-02-24T22:38:16.3392678Z  * [new tag]             0.4.5                  -> 0.4.5
end-workflow	Checkout Repository	2026-02-24T22:38:16.3393070Z  * [new tag]             0.4.6                  -> 0.4.6
end-workflow	Checkout Repository	2026-02-24T22:38:16.3393465Z  * [new tag]             0.4.7                  -> 0.4.7
end-workflow	Checkout Repository	2026-02-24T22:38:16.3393856Z  * [new tag]             0.4.8                  -> 0.4.8
end-workflow	Checkout Repository	2026-02-24T22:38:16.3394254Z  * [new tag]             0.4.9                  -> 0.4.9
end-workflow	Checkout Repository	2026-02-24T22:38:16.3394649Z  * [new tag]             0.5.0                  -> 0.5.0
end-workflow	Checkout Repository	2026-02-24T22:38:16.3395083Z  * [new tag]             0.5.1                  -> 0.5.1
end-workflow	Checkout Repository	2026-02-24T22:38:16.3395481Z  * [new tag]             0.5.2                  -> 0.5.2
end-workflow	Checkout Repository	2026-02-24T22:38:16.3395881Z  * [new tag]             0.6.0                  -> 0.6.0
end-workflow	Checkout Repository	2026-02-24T22:38:16.3396271Z  * [new tag]             0.6.1                  -> 0.6.1
end-workflow	Checkout Repository	2026-02-24T22:38:16.3396791Z  * [new tag]             0.6.2                  -> 0.6.2
end-workflow	Checkout Repository	2026-02-24T22:38:16.3397455Z  * [new tag]             0.6.3                  -> 0.6.3
end-workflow	Checkout Repository	2026-02-24T22:38:16.3397861Z  * [new tag]             0.6.4                  -> 0.6.4
end-workflow	Checkout Repository	2026-02-24T22:38:16.3398251Z  * [new tag]             0.6.5                  -> 0.6.5
end-workflow	Checkout Repository	2026-02-24T22:38:16.3398636Z  * [new tag]             0.6.6                  -> 0.6.6
end-workflow	Checkout Repository	2026-02-24T22:38:16.3400021Z [command]/usr/bin/git branch --list --remote origin/main
end-workflow	Checkout Repository	2026-02-24T22:38:16.3455852Z   origin/main
end-workflow	Checkout Repository	2026-02-24T22:38:16.3459899Z [command]/usr/bin/git rev-parse refs/remotes/origin/main
end-workflow	Checkout Repository	2026-02-24T22:38:16.3500585Z 5820ef7802102418d3f8bf2537926501ebe89437
end-workflow	Checkout Repository	2026-02-24T22:38:16.3511917Z ##[endgroup]
end-workflow	Checkout Repository	2026-02-24T22:38:16.3515161Z ##[group]Determining the checkout info
end-workflow	Checkout Repository	2026-02-24T22:38:16.3516197Z ##[endgroup]
end-workflow	Checkout Repository	2026-02-24T22:38:16.3516931Z [command]/usr/bin/git sparse-checkout disable
end-workflow	Checkout Repository	2026-02-24T22:38:16.3565320Z [command]/usr/bin/git config --local --unset-all extensions.worktreeConfig
end-workflow	Checkout Repository	2026-02-24T22:38:16.3607975Z ##[group]Checking out the ref
end-workflow	Checkout Repository	2026-02-24T22:38:16.3611605Z [command]/usr/bin/git checkout --progress --force -B main refs/remotes/origin/main
end-workflow	Checkout Repository	2026-02-24T22:38:16.7396265Z Switched to a new branch 'main'
end-workflow	Checkout Repository	2026-02-24T22:38:16.7397179Z branch 'main' set up to track 'origin/main'.
end-workflow	Checkout Repository	2026-02-24T22:38:16.7441985Z ##[endgroup]
end-workflow	Checkout Repository	2026-02-24T22:38:16.7499088Z [command]/usr/bin/git log -1 --format=%H
end-workflow	Checkout Repository	2026-02-24T22:38:16.7534145Z 5820ef7802102418d3f8bf2537926501ebe89437
end-workflow	Install GH CLI	﻿2026-02-24T22:38:16.8147641Z Prepare all required actions
end-workflow	Install GH CLI	2026-02-24T22:38:16.8225151Z ##[group]Run ./.github/actions/install-gh-cli
end-workflow	Install GH CLI	2026-02-24T22:38:16.8225471Z env:
end-workflow	Install GH CLI	2026-02-24T22:38:16.8225665Z   KAOS_MODULE: [Ka0S] Audit Pods
end-workflow	Install GH CLI	2026-02-24T22:38:16.8225907Z   KAOS_CODE: 22373074920
end-workflow	Install GH CLI	2026-02-24T22:38:16.8226104Z ##[endgroup]
end-workflow	Install GH CLI	2026-02-24T22:38:16.8339577Z ##[group]Run type -p curl >/dev/null || (sudo apt-get update && sudo apt-get install curl -y)
end-workflow	Install GH CLI	2026-02-24T22:38:16.8340321Z [36;1mtype -p curl >/dev/null || (sudo apt-get update && sudo apt-get install curl -y)[0m
end-workflow	Install GH CLI	2026-02-24T22:38:16.8341200Z [36;1mcurl -fsSL https://cli.github.com/packages/githubcli-archive-keyring.gpg | sudo dd of=/usr/share/keyrings/githubcli-archive-keyring.gpg \[0m
end-workflow	Install GH CLI	2026-02-24T22:38:16.8342044Z [36;1m&& sudo chmod go+r /usr/share/keyrings/githubcli-archive-keyring.gpg \[0m
end-workflow	Install GH CLI	2026-02-24T22:38:16.8343422Z [36;1m&& echo "deb [arch=$(dpkg --print-architecture) signed-by=/usr/share/keyrings/githubcli-archive-keyring.gpg] https://cli.github.com/packages stable main" | sudo tee /etc/apt/sources.list.d/github-cli.list > /dev/null \[0m
end-workflow	Install GH CLI	2026-02-24T22:38:16.8344609Z [36;1m&& sudo apt-get update \[0m
end-workflow	Install GH CLI	2026-02-24T22:38:16.8344892Z [36;1m&& sudo apt-get install gh -y[0m
end-workflow	Install GH CLI	2026-02-24T22:38:16.8364945Z shell: /usr/bin/bash --noprofile --norc -e -o pipefail {0}
end-workflow	Install GH CLI	2026-02-24T22:38:16.8365355Z env:
end-workflow	Install GH CLI	2026-02-24T22:38:16.8365556Z   KAOS_MODULE: [Ka0S] Audit Pods
end-workflow	Install GH CLI	2026-02-24T22:38:16.8365803Z   KAOS_CODE: 22373074920
end-workflow	Install GH CLI	2026-02-24T22:38:16.8366012Z ##[endgroup]
end-workflow	Install GH CLI	2026-02-24T22:38:17.2461521Z 4+1 records in
end-workflow	Install GH CLI	2026-02-24T22:38:17.2473590Z 4+1 records out
end-workflow	Install GH CLI	2026-02-24T22:38:17.2474432Z 2270 bytes (2.3 kB, 2.2 KiB) copied, 0.34268 s, 6.6 kB/s
end-workflow	Install GH CLI	2026-02-24T22:38:17.4943781Z Get:1 http://archive.ubuntu.com/ubuntu noble InRelease [256 kB]
end-workflow	Install GH CLI	2026-02-24T22:38:17.5423399Z Get:2 https://cli.github.com/packages stable InRelease [3917 B]
end-workflow	Install GH CLI	2026-02-24T22:38:17.6164359Z Get:3 https://ppa.launchpadcontent.net/git-core/ppa/ubuntu noble InRelease [24.3 kB]
end-workflow	Install GH CLI	2026-02-24T22:38:17.6181495Z Get:4 http://security.ubuntu.com/ubuntu noble-security InRelease [126 kB]
end-workflow	Install GH CLI	2026-02-24T22:38:17.6504895Z Get:5 https://cli.github.com/packages stable/main amd64 Packages [357 B]
end-workflow	Install GH CLI	2026-02-24T22:38:17.7777861Z Get:6 https://ppa.launchpadcontent.net/git-core/ppa/ubuntu noble/main amd64 Packages [2992 B]
end-workflow	Install GH CLI	2026-02-24T22:38:17.8044680Z Get:7 http://archive.ubuntu.com/ubuntu noble-updates InRelease [126 kB]
end-workflow	Install GH CLI	2026-02-24T22:38:17.8753559Z Get:8 http://archive.ubuntu.com/ubuntu noble-backports InRelease [126 kB]
end-workflow	Install GH CLI	2026-02-24T22:38:17.9520743Z Get:9 http://archive.ubuntu.com/ubuntu noble/main amd64 Packages [1808 kB]
end-workflow	Install GH CLI	2026-02-24T22:38:18.1264627Z Get:10 http://archive.ubuntu.com/ubuntu noble/universe amd64 Packages [19.3 MB]
end-workflow	Install GH CLI	2026-02-24T22:38:18.3841708Z Get:11 http://security.ubuntu.com/ubuntu noble-security/universe amd64 Packages [1208 kB]
end-workflow	Install GH CLI	2026-02-24T22:38:18.5344036Z Get:12 http://archive.ubuntu.com/ubuntu noble/restricted amd64 Packages [117 kB]
end-workflow	Install GH CLI	2026-02-24T22:38:18.5531680Z Get:13 http://archive.ubuntu.com/ubuntu noble/multiverse amd64 Packages [331 kB]
end-workflow	Install GH CLI	2026-02-24T22:38:18.5532741Z Get:14 http://archive.ubuntu.com/ubuntu noble-updates/multiverse amd64 Packages [38.1 kB]
end-workflow	Install GH CLI	2026-02-24T22:38:18.5533492Z Get:15 http://archive.ubuntu.com/ubuntu noble-updates/universe amd64 Packages [2017 kB]
end-workflow	Install GH CLI	2026-02-24T22:38:18.5902237Z Get:16 http://archive.ubuntu.com/ubuntu noble-updates/main amd64 Packages [2260 kB]
end-workflow	Install GH CLI	2026-02-24T22:38:18.6526201Z Get:17 http://archive.ubuntu.com/ubuntu noble-updates/restricted amd64 Packages [3421 kB]
end-workflow	Install GH CLI	2026-02-24T22:38:18.7523490Z Get:18 http://archive.ubuntu.com/ubuntu noble-backports/main amd64 Packages [49.5 kB]
end-workflow	Install GH CLI	2026-02-24T22:38:18.7526935Z Get:19 http://archive.ubuntu.com/ubuntu noble-backports/universe amd64 Packages [34.6 kB]
end-workflow	Install GH CLI	2026-02-24T22:38:18.9221946Z Get:20 http://security.ubuntu.com/ubuntu noble-security/restricted amd64 Packages [3246 kB]
end-workflow	Install GH CLI	2026-02-24T22:38:19.1416379Z Get:21 http://security.ubuntu.com/ubuntu noble-security/multiverse amd64 Packages [34.8 kB]
end-workflow	Install GH CLI	2026-02-24T22:38:19.1423187Z Get:22 http://security.ubuntu.com/ubuntu noble-security/main amd64 Packages [1879 kB]
end-workflow	Install GH CLI	2026-02-24T22:38:20.5443278Z Fetched 36.4 MB in 3s (11.5 MB/s)
end-workflow	Install GH CLI	2026-02-24T22:38:21.8741599Z Reading package lists...
end-workflow	Install GH CLI	2026-02-24T22:38:23.4729959Z Reading package lists...
end-workflow	Install GH CLI	2026-02-24T22:38:23.7703682Z Building dependency tree...
end-workflow	Install GH CLI	2026-02-24T22:38:23.7709026Z Reading state information...
end-workflow	Install GH CLI	2026-02-24T22:38:24.2609988Z The following NEW packages will be installed:
end-workflow	Install GH CLI	2026-02-24T22:38:24.2643845Z   gh
end-workflow	Install GH CLI	2026-02-24T22:38:24.4265188Z 0 upgraded, 1 newly installed, 0 to remove and 26 not upgraded.
end-workflow	Install GH CLI	2026-02-24T22:38:24.4269084Z Need to get 13.8 MB of archives.
end-workflow	Install GH CLI	2026-02-24T22:38:24.4269956Z After this operation, 38.5 MB of additional disk space will be used.
end-workflow	Install GH CLI	2026-02-24T22:38:24.4271170Z Get:1 https://cli.github.com/packages stable/main amd64 gh amd64 2.87.3 [13.8 MB]
end-workflow	Install GH CLI	2026-02-24T22:38:25.2610094Z debconf: delaying package configuration, since apt-utils is not installed
end-workflow	Install GH CLI	2026-02-24T22:38:25.3378209Z Fetched 13.8 MB in 1s (18.9 MB/s)
end-workflow	Install GH CLI	2026-02-24T22:38:25.6014821Z Selecting previously unselected package gh.
end-workflow	Install GH CLI	2026-02-24T22:38:25.6183677Z (Reading database ... 
end-workflow	Install GH CLI	2026-02-24T22:38:25.6184702Z (Reading database ... 5%
end-workflow	Install GH CLI	2026-02-24T22:38:25.6185049Z (Reading database ... 10%
end-workflow	Install GH CLI	2026-02-24T22:38:25.6187211Z (Reading database ... 15%
end-workflow	Install GH CLI	2026-02-24T22:38:25.6187544Z (Reading database ... 20%
end-workflow	Install GH CLI	2026-02-24T22:38:25.6187881Z (Reading database ... 25%
end-workflow	Install GH CLI	2026-02-24T22:38:25.6188200Z (Reading database ... 30%
end-workflow	Install GH CLI	2026-02-24T22:38:25.6188526Z (Reading database ... 35%
end-workflow	Install GH CLI	2026-02-24T22:38:25.6188845Z (Reading database ... 40%
end-workflow	Install GH CLI	2026-02-24T22:38:25.6189173Z (Reading database ... 45%
end-workflow	Install GH CLI	2026-02-24T22:38:25.6189499Z (Reading database ... 50%
end-workflow	Install GH CLI	2026-02-24T22:38:25.6189823Z (Reading database ... 55%
end-workflow	Install GH CLI	2026-02-24T22:38:25.6190742Z (Reading database ... 60%
end-workflow	Install GH CLI	2026-02-24T22:38:25.6191068Z (Reading database ... 65%
end-workflow	Install GH CLI	2026-02-24T22:38:25.6255657Z (Reading database ... 70%
end-workflow	Install GH CLI	2026-02-24T22:38:25.6258498Z (Reading database ... 75%
end-workflow	Install GH CLI	2026-02-24T22:38:25.6295893Z (Reading database ... 80%
end-workflow	Install GH CLI	2026-02-24T22:38:25.6313423Z (Reading database ... 85%
end-workflow	Install GH CLI	2026-02-24T22:38:25.6368169Z (Reading database ... 90%
end-workflow	Install GH CLI	2026-02-24T22:38:25.6465380Z (Reading database ... 95%
end-workflow	Install GH CLI	2026-02-24T22:38:25.6475074Z (Reading database ... 100%
end-workflow	Install GH CLI	2026-02-24T22:38:25.6475471Z (Reading database ... 14385 files and directories currently installed.)
end-workflow	Install GH CLI	2026-02-24T22:38:25.6483434Z Preparing to unpack .../archives/gh_2.87.3_amd64.deb ...
end-workflow	Install GH CLI	2026-02-24T22:38:25.6533780Z Unpacking gh (2.87.3) ...
end-workflow	Install GH CLI	2026-02-24T22:38:25.9644627Z Setting up gh (2.87.3) ...
end-workflow	Trigger Inspector	﻿2026-02-24T22:38:26.0417737Z ##[group]Run echo "🔍 Triggering Inspector for Audit..."
end-workflow	Trigger Inspector	2026-02-24T22:38:26.0418247Z [36;1mecho "🔍 Triggering Inspector for Audit..."[0m
end-workflow	Trigger Inspector	2026-02-24T22:38:26.0418580Z [36;1mgh workflow run inspector.yml \[0m
end-workflow	Trigger Inspector	2026-02-24T22:38:26.0418873Z [36;1m  --ref main \[0m
end-workflow	Trigger Inspector	2026-02-24T22:38:26.0419120Z [36;1m  -f kaos-workflow-id="22373074920" \[0m
end-workflow	Trigger Inspector	2026-02-24T22:38:26.0419428Z [36;1m  -f kaos-user-start="santakloud"[0m
end-workflow	Trigger Inspector	2026-02-24T22:38:26.0460070Z shell: /usr/bin/bash -e {0}
end-workflow	Trigger Inspector	2026-02-24T22:38:26.0460378Z env:
end-workflow	Trigger Inspector	2026-02-24T22:38:26.0460579Z   KAOS_MODULE: [Ka0S] Audit Pods
end-workflow	Trigger Inspector	2026-02-24T22:38:26.0460845Z   KAOS_CODE: 22373074920
end-workflow	Trigger Inspector	2026-02-24T22:38:26.0461604Z   GH_TOKEN: ***
end-workflow	Trigger Inspector	2026-02-24T22:38:26.0461804Z ##[endgroup]
end-workflow	Trigger Inspector	2026-02-24T22:38:26.0542134Z 🔍 Triggering Inspector for Audit...
end-workflow	Trigger Inspector	2026-02-24T22:38:27.6493372Z https://github.com/Ka0s-Klaus/ka0s/actions/runs/22373140956
end-workflow	Post Checkout Repository	﻿2026-02-24T22:38:27.6918906Z Post job cleanup.
end-workflow	Post Checkout Repository	2026-02-24T22:38:27.9427187Z [command]/usr/bin/git version
end-workflow	Post Checkout Repository	2026-02-24T22:38:27.9563631Z git version 2.52.0
end-workflow	Post Checkout Repository	2026-02-24T22:38:27.9760572Z Temporarily overriding HOME='/home/runner/_work/_temp/2a9c5eff-977c-4080-8cf8-8e9681fd668c' before making global git config changes
end-workflow	Post Checkout Repository	2026-02-24T22:38:27.9783539Z Adding repository directory to the temporary git global config as a safe directory
end-workflow	Post Checkout Repository	2026-02-24T22:38:27.9793230Z [command]/usr/bin/git config --global --add safe.directory /home/runner/_work/ka0s/ka0s
end-workflow	Post Checkout Repository	2026-02-24T22:38:27.9945946Z [command]/usr/bin/git config --local --name-only --get-regexp core\.sshCommand
end-workflow	Post Checkout Repository	2026-02-24T22:38:28.0078106Z [command]/usr/bin/git submodule foreach --recursive sh -c "git config --local --name-only --get-regexp 'core\.sshCommand' && git config --local --unset-all 'core.sshCommand' || :"
end-workflow	Post Checkout Repository	2026-02-24T22:38:28.0650094Z [command]/usr/bin/git config --local --name-only --get-regexp http\.https\:\/\/github\.com\/\.extraheader
end-workflow	Post Checkout Repository	2026-02-24T22:38:28.0700076Z http.https://github.com/.extraheader
end-workflow	Post Checkout Repository	2026-02-24T22:38:28.0727482Z [command]/usr/bin/git config --local --unset-all http.https://github.com/.extraheader
end-workflow	Post Checkout Repository	2026-02-24T22:38:28.0807731Z [command]/usr/bin/git submodule foreach --recursive sh -c "git config --local --name-only --get-regexp 'http\.https\:\/\/github\.com\/\.extraheader' && git config --local --unset-all 'http.https://github.com/.extraheader' || :"
end-workflow	Post Checkout Repository	2026-02-24T22:38:28.1554002Z [command]/usr/bin/git config --local --name-only --get-regexp ^includeIf\.gitdir:
end-workflow	Post Checkout Repository	2026-02-24T22:38:28.1611200Z [command]/usr/bin/git submodule foreach --recursive git config --local --show-origin --name-only --get-regexp remote.origin.url
end-workflow	Complete job	﻿2026-02-24T22:38:28.2279415Z Cleaning up orphan processes
