update-index	Set up job	﻿2026-03-05T13:16:43.0472128Z Current runner version: '2.332.0'
update-index	Set up job	2026-03-05T13:16:43.0490924Z Runner name: 'swarm-runners-scaleset-hkss5-runner-xzqq8'
update-index	Set up job	2026-03-05T13:16:43.0491956Z Runner group name: 'Default'
update-index	Set up job	2026-03-05T13:16:43.0493133Z Machine name: 'swarm-runners-scaleset-hkss5-runner-xzqq8'
update-index	Set up job	2026-03-05T13:16:43.0496897Z ##[group]GITHUB_TOKEN Permissions
update-index	Set up job	2026-03-05T13:16:43.0499554Z Contents: write
update-index	Set up job	2026-03-05T13:16:43.0500187Z Metadata: read
update-index	Set up job	2026-03-05T13:16:43.0500866Z ##[endgroup]
update-index	Set up job	2026-03-05T13:16:43.0503294Z Secret source: Actions
update-index	Set up job	2026-03-05T13:16:43.0504028Z Prepare workflow directory
update-index	Set up job	2026-03-05T13:16:43.1318691Z Prepare all required actions
update-index	Set up job	2026-03-05T13:16:43.1413893Z Getting action download info
update-index	Set up job	2026-03-05T13:16:44.1550262Z Download action repository 'actions/checkout@v4' (SHA:34e114876b0b11c390a56381ad16ebd13914f8d5)
update-index	Set up job	2026-03-05T13:16:45.2796778Z Download action repository 'actions/setup-python@v5' (SHA:a26af69be951a213d495a4c3e4e4022e16d87065)
update-index	Set up job	2026-03-05T13:16:46.2268260Z Download action repository 'stefanzweifel/git-auto-commit-action@v5' (SHA:b863ae1933cb653a53c021fe36dbb774e1fb9403)
update-index	Set up job	2026-03-05T13:16:47.0260248Z Complete job name: update-index
update-index	Checkout code	﻿2026-03-05T13:16:47.1844318Z ##[group]Run actions/checkout@v4
update-index	Checkout code	2026-03-05T13:16:47.1845971Z with:
update-index	Checkout code	2026-03-05T13:16:47.1846679Z   repository: Ka0s-Klaus/ka0s
update-index	Checkout code	2026-03-05T13:16:47.1847935Z   token: ***
update-index	Checkout code	2026-03-05T13:16:47.1848618Z   ssh-strict: true
update-index	Checkout code	2026-03-05T13:16:47.1849330Z   ssh-user: git
update-index	Checkout code	2026-03-05T13:16:47.1850055Z   persist-credentials: true
update-index	Checkout code	2026-03-05T13:16:47.1850876Z   clean: true
update-index	Checkout code	2026-03-05T13:16:47.1851616Z   sparse-checkout-cone-mode: true
update-index	Checkout code	2026-03-05T13:16:47.1852519Z   fetch-depth: 1
update-index	Checkout code	2026-03-05T13:16:47.1853396Z   fetch-tags: false
update-index	Checkout code	2026-03-05T13:16:47.1854208Z   show-progress: true
update-index	Checkout code	2026-03-05T13:16:47.1855256Z   lfs: false
update-index	Checkout code	2026-03-05T13:16:47.1855962Z   submodules: false
update-index	Checkout code	2026-03-05T13:16:47.1856846Z   set-safe-directory: true
update-index	Checkout code	2026-03-05T13:16:47.1858366Z env:
update-index	Checkout code	2026-03-05T13:16:47.1859123Z   KAOS_MODULE: [Ka0S] Docs Index Auto-Update
update-index	Checkout code	2026-03-05T13:16:47.1860105Z   KAOS_CODE: 22719684289
update-index	Checkout code	2026-03-05T13:16:47.1861065Z ##[endgroup]
update-index	Checkout code	2026-03-05T13:16:47.5985980Z Syncing repository: Ka0s-Klaus/ka0s
update-index	Checkout code	2026-03-05T13:16:47.5988341Z ##[group]Getting Git version info
update-index	Checkout code	2026-03-05T13:16:47.5989312Z Working directory is '/home/runner/_work/ka0s/ka0s'
update-index	Checkout code	2026-03-05T13:16:47.5990731Z [command]/usr/bin/git version
update-index	Checkout code	2026-03-05T13:16:47.5991450Z git version 2.53.0
update-index	Checkout code	2026-03-05T13:16:47.5993843Z ##[endgroup]
update-index	Checkout code	2026-03-05T13:16:47.6056139Z Temporarily overriding HOME='/home/runner/_work/_temp/83f0f4d3-913d-47fe-996d-e78e7e4a1f4d' before making global git config changes
update-index	Checkout code	2026-03-05T13:16:47.6057808Z Adding repository directory to the temporary git global config as a safe directory
update-index	Checkout code	2026-03-05T13:16:47.6059075Z [command]/usr/bin/git config --global --add safe.directory /home/runner/_work/ka0s/ka0s
update-index	Checkout code	2026-03-05T13:16:47.6061351Z Deleting the contents of '/home/runner/_work/ka0s/ka0s'
update-index	Checkout code	2026-03-05T13:16:47.6062826Z ##[group]Initializing the repository
update-index	Checkout code	2026-03-05T13:16:47.6063738Z [command]/usr/bin/git init /home/runner/_work/ka0s/ka0s
update-index	Checkout code	2026-03-05T13:16:47.6105523Z hint: Using 'master' as the name for the initial branch. This default branch name
update-index	Checkout code	2026-03-05T13:16:47.6115972Z hint: will change to "main" in Git 3.0. To configure the initial branch name
update-index	Checkout code	2026-03-05T13:16:47.6117417Z hint: to use in all of your new repositories, which will suppress this warning,
update-index	Checkout code	2026-03-05T13:16:47.6118344Z hint: call:
update-index	Checkout code	2026-03-05T13:16:47.6118979Z hint:
update-index	Checkout code	2026-03-05T13:16:47.6119713Z hint: 	git config --global init.defaultBranch <name>
update-index	Checkout code	2026-03-05T13:16:47.6120592Z hint:
update-index	Checkout code	2026-03-05T13:16:47.6121407Z hint: Names commonly chosen instead of 'master' are 'main', 'trunk' and
update-index	Checkout code	2026-03-05T13:16:47.6122557Z hint: 'development'. The just-created branch can be renamed via this command:
update-index	Checkout code	2026-03-05T13:16:47.6123516Z hint:
update-index	Checkout code	2026-03-05T13:16:47.6124171Z hint: 	git branch -m <name>
update-index	Checkout code	2026-03-05T13:16:47.6162815Z hint:
update-index	Checkout code	2026-03-05T13:16:47.6163882Z hint: Disable this message with "git config set advice.defaultBranchName false"
update-index	Checkout code	2026-03-05T13:16:47.6172949Z Initialized empty Git repository in /home/runner/_work/ka0s/ka0s/.git/
update-index	Checkout code	2026-03-05T13:16:47.6175827Z [command]/usr/bin/git remote add origin https://github.com/Ka0s-Klaus/ka0s
update-index	Checkout code	2026-03-05T13:16:47.6177940Z ##[endgroup]
update-index	Checkout code	2026-03-05T13:16:47.6179080Z ##[group]Disabling automatic garbage collection
update-index	Checkout code	2026-03-05T13:16:47.6179971Z [command]/usr/bin/git config --local gc.auto 0
update-index	Checkout code	2026-03-05T13:16:47.6181948Z ##[endgroup]
update-index	Checkout code	2026-03-05T13:16:47.6216854Z ##[group]Setting up auth
update-index	Checkout code	2026-03-05T13:16:47.6217943Z [command]/usr/bin/git config --local --name-only --get-regexp core\.sshCommand
update-index	Checkout code	2026-03-05T13:16:47.6220530Z [command]/usr/bin/git submodule foreach --recursive sh -c "git config --local --name-only --get-regexp 'core\.sshCommand' && git config --local --unset-all 'core.sshCommand' || :"
update-index	Checkout code	2026-03-05T13:16:47.6885269Z [command]/usr/bin/git config --local --name-only --get-regexp http\.https\:\/\/github\.com\/\.extraheader
update-index	Checkout code	2026-03-05T13:16:47.7050012Z [command]/usr/bin/git submodule foreach --recursive sh -c "git config --local --name-only --get-regexp 'http\.https\:\/\/github\.com\/\.extraheader' && git config --local --unset-all 'http.https://github.com/.extraheader' || :"
update-index	Checkout code	2026-03-05T13:16:47.7563871Z [command]/usr/bin/git config --local --name-only --get-regexp ^includeIf\.gitdir:
update-index	Checkout code	2026-03-05T13:16:47.7638700Z [command]/usr/bin/git submodule foreach --recursive git config --local --show-origin --name-only --get-regexp remote.origin.url
update-index	Checkout code	2026-03-05T13:16:47.8082006Z [command]/usr/bin/git config --local http.https://github.com/.extraheader AUTHORIZATION: basic ***
update-index	Checkout code	2026-03-05T13:16:47.8171182Z ##[endgroup]
update-index	Checkout code	2026-03-05T13:16:47.8172877Z ##[group]Fetching the repository
update-index	Checkout code	2026-03-05T13:16:47.8198816Z [command]/usr/bin/git -c protocol.version=2 fetch --no-tags --prune --no-recurse-submodules --depth=1 origin +73952a36ea3c035ff6ab0db28dda0ac24760b418:refs/remotes/origin/main
update-index	Checkout code	2026-03-05T13:16:51.4096475Z From https://github.com/Ka0s-Klaus/ka0s
update-index	Checkout code	2026-03-05T13:16:51.4136753Z  * [new ref]         73952a36ea3c035ff6ab0db28dda0ac24760b418 -> origin/main
update-index	Checkout code	2026-03-05T13:16:51.4208066Z ##[endgroup]
update-index	Checkout code	2026-03-05T13:16:51.4208878Z ##[group]Determining the checkout info
update-index	Checkout code	2026-03-05T13:16:51.4238682Z ##[endgroup]
update-index	Checkout code	2026-03-05T13:16:51.4239134Z [command]/usr/bin/git sparse-checkout disable
update-index	Checkout code	2026-03-05T13:16:51.4439888Z [command]/usr/bin/git config --local --unset-all extensions.worktreeConfig
update-index	Checkout code	2026-03-05T13:16:51.4598183Z ##[group]Checking out the ref
update-index	Checkout code	2026-03-05T13:16:51.4602890Z [command]/usr/bin/git checkout --progress --force -B main refs/remotes/origin/main
update-index	Checkout code	2026-03-05T13:16:52.0309748Z Switched to a new branch 'main'
update-index	Checkout code	2026-03-05T13:16:52.0310579Z branch 'main' set up to track 'origin/main'.
update-index	Checkout code	2026-03-05T13:16:52.0439389Z ##[endgroup]
update-index	Checkout code	2026-03-05T13:16:52.0529067Z [command]/usr/bin/git log -1 --format=%H
update-index	Checkout code	2026-03-05T13:16:52.0625986Z 73952a36ea3c035ff6ab0db28dda0ac24760b418
update-index	Set up Python	﻿2026-03-05T13:16:52.1043200Z ##[group]Run actions/setup-python@v5
update-index	Set up Python	2026-03-05T13:16:52.1043577Z with:
update-index	Set up Python	2026-03-05T13:16:52.1043768Z   python-version: 3.x
update-index	Set up Python	2026-03-05T13:16:52.1043999Z   check-latest: false
update-index	Set up Python	2026-03-05T13:16:52.1044431Z   token: ***
update-index	Set up Python	2026-03-05T13:16:52.1044730Z   update-environment: true
update-index	Set up Python	2026-03-05T13:16:52.1044979Z   allow-prereleases: false
update-index	Set up Python	2026-03-05T13:16:52.1045208Z   freethreaded: false
update-index	Set up Python	2026-03-05T13:16:52.1045413Z env:
update-index	Set up Python	2026-03-05T13:16:52.1045615Z   KAOS_MODULE: [Ka0S] Docs Index Auto-Update
update-index	Set up Python	2026-03-05T13:16:52.1045905Z   KAOS_CODE: 22719684289
update-index	Set up Python	2026-03-05T13:16:52.1046128Z ##[endgroup]
update-index	Set up Python	2026-03-05T13:16:52.3719425Z ##[group]Installed versions
update-index	Set up Python	2026-03-05T13:16:52.3732150Z Version 3.x was not found in the local cache
update-index	Set up Python	2026-03-05T13:16:53.6548845Z Version 3.x is available for downloading
update-index	Set up Python	2026-03-05T13:16:53.6549730Z Download from "https://github.com/actions/python-versions/releases/download/3.14.3-21673711214/python-3.14.3-linux-24.04-x64.tar.gz"
update-index	Set up Python	2026-03-05T13:16:56.1551434Z Extract downloaded archive
update-index	Set up Python	2026-03-05T13:16:56.1736189Z [command]/usr/bin/tar xz --warning=no-unknown-keyword --overwrite -C /home/runner/_work/_temp/1c0c1540-acd1-4692-b8c5-ec381066d701 -f /home/runner/_work/_temp/453c3377-8b5b-4f32-9b8d-4254bf03bb18
update-index	Set up Python	2026-03-05T13:17:00.8805608Z Execute installation script
update-index	Set up Python	2026-03-05T13:17:00.9586465Z Check if Python hostedtoolcache folder exist...
update-index	Set up Python	2026-03-05T13:17:00.9593974Z Creating Python hostedtoolcache folder...
update-index	Set up Python	2026-03-05T13:17:00.9607740Z Create Python 3.14.3 folder
update-index	Set up Python	2026-03-05T13:17:00.9648136Z Copy Python binaries to hostedtoolcache folder
update-index	Set up Python	2026-03-05T13:17:02.6848143Z Create additional symlinks (Required for the UsePythonVersion Azure Pipelines task and the setup-python GitHub Action)
update-index	Set up Python	2026-03-05T13:17:02.7060783Z Upgrading pip...
update-index	Set up Python	2026-03-05T13:17:07.3612302Z Looking in links: /tmp/tmpkae084rf
update-index	Set up Python	2026-03-05T13:17:07.3618397Z Requirement already satisfied: pip in /home/runner/_work/_tool/Python/3.14.3/x64/lib/python3.14/site-packages (25.3)
update-index	Set up Python	2026-03-05T13:17:10.4065276Z Collecting pip
update-index	Set up Python	2026-03-05T13:17:10.5216491Z Downloading pip-26.0.1-py3-none-any.whl.metadata (4.7 kB)
update-index	Set up Python	2026-03-05T13:17:10.5397068Z Downloading pip-26.0.1-py3-none-any.whl (1.8 MB)
update-index	Set up Python	2026-03-05T13:17:10.6175411Z ━━━━━━━━━━━━━━━━━━━━━━━━━━━━━━━━━━━━━━━━ 1.8/1.8 MB 35.6 MB/s  0:00:00
update-index	Set up Python	2026-03-05T13:17:10.6395638Z Installing collected packages: pip
update-index	Set up Python	2026-03-05T13:17:10.6416155Z Attempting uninstall: pip
update-index	Set up Python	2026-03-05T13:17:10.6439674Z Found existing installation: pip 25.3
update-index	Set up Python	2026-03-05T13:17:10.7076993Z Uninstalling pip-25.3:
update-index	Set up Python	2026-03-05T13:17:10.7197524Z Successfully uninstalled pip-25.3
update-index	Set up Python	2026-03-05T13:17:12.8385683Z Successfully installed pip-26.0.1
update-index	Set up Python	2026-03-05T13:17:12.9516648Z Create complete file
update-index	Set up Python	2026-03-05T13:17:12.9685624Z Successfully set up CPython (3.14.3)
update-index	Set up Python	2026-03-05T13:17:12.9686578Z ##[endgroup]
update-index	Run Index Generator	﻿2026-03-05T13:17:13.0180472Z ##[group]Run python .github/scripts/update-docs-index.py
update-index	Run Index Generator	2026-03-05T13:17:13.0181124Z [36;1mpython .github/scripts/update-docs-index.py[0m
update-index	Run Index Generator	2026-03-05T13:17:13.0218431Z shell: /usr/bin/bash -e {0}
update-index	Run Index Generator	2026-03-05T13:17:13.0218736Z env:
update-index	Run Index Generator	2026-03-05T13:17:13.0218964Z   KAOS_MODULE: [Ka0S] Docs Index Auto-Update
update-index	Run Index Generator	2026-03-05T13:17:13.0219254Z   KAOS_CODE: 22719684289
update-index	Run Index Generator	2026-03-05T13:17:13.0219564Z   pythonLocation: /home/runner/_work/_tool/Python/3.14.3/x64
update-index	Run Index Generator	2026-03-05T13:17:13.0220049Z   PKG_CONFIG_PATH: /home/runner/_work/_tool/Python/3.14.3/x64/lib/pkgconfig
update-index	Run Index Generator	2026-03-05T13:17:13.0220530Z   Python_ROOT_DIR: /home/runner/_work/_tool/Python/3.14.3/x64
update-index	Run Index Generator	2026-03-05T13:17:13.0220954Z   Python2_ROOT_DIR: /home/runner/_work/_tool/Python/3.14.3/x64
update-index	Run Index Generator	2026-03-05T13:17:13.0221368Z   Python3_ROOT_DIR: /home/runner/_work/_tool/Python/3.14.3/x64
update-index	Run Index Generator	2026-03-05T13:17:13.0221800Z   LD_LIBRARY_PATH: /home/runner/_work/_tool/Python/3.14.3/x64/lib
update-index	Run Index Generator	2026-03-05T13:17:13.0222159Z ##[endgroup]
update-index	Run Index Generator	2026-03-05T13:17:13.1085634Z Updated core/docs/README.md
update-index	Run Index Generator	2026-03-05T13:17:13.1091711Z Updated index.md
update-index	Run Index Generator	2026-03-05T13:17:13.1092037Z Found 'nav:' section at line 61, ending at line 107
update-index	Run Index Generator	2026-03-05T13:17:13.1092363Z Updated mkdocs.yml
update-index	Run Index Generator	2026-03-05T13:17:13.1092551Z Done.
update-index	Commit changes	﻿2026-03-05T13:17:13.1495111Z ##[group]Run stefanzweifel/git-auto-commit-action@v5
update-index	Commit changes	2026-03-05T13:17:13.1495498Z with:
update-index	Commit changes	2026-03-05T13:17:13.1495750Z   commit_message: docs: auto-update README index [skip ci]
update-index	Commit changes	2026-03-05T13:17:13.1496135Z   file_pattern: core/docs/README.md index.md
update-index	Commit changes	2026-03-05T13:17:13.1496415Z   repository: .
update-index	Commit changes	2026-03-05T13:17:13.1496623Z   commit_user_name: github-actions[bot]
update-index	Commit changes	2026-03-05T13:17:13.1497019Z   commit_user_email: 41898282+github-actions[bot]@users.noreply.github.com
update-index	Commit changes	2026-03-05T13:17:13.1497531Z   commit_author: ka0score <197097473+ka0score@users.noreply.github.com>
update-index	Commit changes	2026-03-05T13:17:13.1497923Z   skip_dirty_check: false
update-index	Commit changes	2026-03-05T13:17:13.1498142Z   skip_fetch: false
update-index	Commit changes	2026-03-05T13:17:13.1498342Z   skip_checkout: false
update-index	Commit changes	2026-03-05T13:17:13.1498556Z   disable_globbing: false
update-index	Commit changes	2026-03-05T13:17:13.1498781Z   create_branch: false
update-index	Commit changes	2026-03-05T13:17:13.1501704Z   create_git_tag_only: false
update-index	Commit changes	2026-03-05T13:17:13.1501986Z   internal_git_binary: git
update-index	Commit changes	2026-03-05T13:17:13.1502210Z env:
update-index	Commit changes	2026-03-05T13:17:13.1502408Z   KAOS_MODULE: [Ka0S] Docs Index Auto-Update
update-index	Commit changes	2026-03-05T13:17:13.1502740Z   KAOS_CODE: 22719684289
update-index	Commit changes	2026-03-05T13:17:13.1503042Z   pythonLocation: /home/runner/_work/_tool/Python/3.14.3/x64
update-index	Commit changes	2026-03-05T13:17:13.1503800Z   PKG_CONFIG_PATH: /home/runner/_work/_tool/Python/3.14.3/x64/lib/pkgconfig
update-index	Commit changes	2026-03-05T13:17:13.1504268Z   Python_ROOT_DIR: /home/runner/_work/_tool/Python/3.14.3/x64
update-index	Commit changes	2026-03-05T13:17:13.1510328Z   Python2_ROOT_DIR: /home/runner/_work/_tool/Python/3.14.3/x64
update-index	Commit changes	2026-03-05T13:17:13.1510762Z   Python3_ROOT_DIR: /home/runner/_work/_tool/Python/3.14.3/x64
update-index	Commit changes	2026-03-05T13:17:13.1511200Z   LD_LIBRARY_PATH: /home/runner/_work/_tool/Python/3.14.3/x64/lib
update-index	Commit changes	2026-03-05T13:17:13.1511558Z ##[endgroup]
update-index	Commit changes	2026-03-05T13:17:13.2981939Z Started: bash /home/runner/_work/_actions/stefanzweifel/git-auto-commit-action/v5/entrypoint.sh
update-index	Commit changes	2026-03-05T13:17:13.3067415Z INPUT_REPOSITORY value: .
update-index	Commit changes	2026-03-05T13:17:13.3072699Z INPUT_STATUS_OPTIONS: 
update-index	Commit changes	2026-03-05T13:17:13.3075867Z INPUT_FILE_PATTERN: core/docs/README.md index.md
update-index	Commit changes	2026-03-05T13:17:13.3612140Z INPUT_BRANCH value: 
update-index	Commit changes	2026-03-05T13:17:23.7186402Z From https://github.com/Ka0s-Klaus/ka0s
update-index	Commit changes	2026-03-05T13:17:23.7188196Z  * [new branch]      F3450-modelo-operativo -> origin/F3450-modelo-operativo
update-index	Commit changes	2026-03-05T13:17:23.7191589Z  * [new branch]      H3596-deploy-itop      -> origin/H3596-deploy-itop
update-index	Commit changes	2026-03-05T13:17:23.7192717Z  * [new branch]      H4170-flujo-detallado-zabbix---github -> origin/H4170-flujo-detallado-zabbix---github
update-index	Commit changes	2026-03-05T13:17:23.7194728Z  * [new branch]      H4191-request-cambios  -> origin/H4191-request-cambios
update-index	Commit changes	2026-03-05T13:17:23.7195459Z  * [new branch]      H4200-request-recomendaciones-de-auditoria -> origin/H4200-request-recomendaciones-de-auditoria
update-index	Commit changes	2026-03-05T13:17:23.7196570Z  * [new branch]      H4322-request-plan-de-pruebas-de-agentes -> origin/H4322-request-plan-de-pruebas-de-agentes
update-index	Commit changes	2026-03-05T13:17:23.7197539Z  * [new branch]      chore/itop-debug-list  -> origin/chore/itop-debug-list
update-index	Commit changes	2026-03-05T13:17:23.7256370Z  * [new branch]      chore/itop-debug-url-version -> origin/chore/itop-debug-url-version
update-index	Commit changes	2026-03-05T13:17:23.7257068Z  * [new branch]      chore/itop-debug-version -> origin/chore/itop-debug-version
update-index	Commit changes	2026-03-05T13:17:23.7285261Z  * [new branch]      fix/cmdb-full-sync-sparse-checkout -> origin/fix/cmdb-full-sync-sparse-checkout
update-index	Commit changes	2026-03-05T13:17:23.7286028Z  * [new branch]      fix/itop-ssl-verify    -> origin/fix/itop-ssl-verify
update-index	Commit changes	2026-03-05T13:17:23.7395375Z M	core/docs/README.md
update-index	Commit changes	2026-03-05T13:17:23.7396120Z M	index.md
update-index	Commit changes	2026-03-05T13:17:23.7396434Z M	mkdocs.yml
update-index	Commit changes	2026-03-05T13:17:23.7397357Z Your branch is up to date with 'origin/main'.
update-index	Commit changes	2026-03-05T13:17:23.7402446Z INPUT_ADD_OPTIONS: 
update-index	Commit changes	2026-03-05T13:17:23.7403028Z INPUT_FILE_PATTERN: core/docs/README.md index.md
update-index	Commit changes	2026-03-05T13:17:23.7513952Z INPUT_COMMIT_OPTIONS: 
update-index	Commit changes	2026-03-05T13:17:23.7517414Z INPUT_COMMIT_USER_NAME: github-actions[bot]
update-index	Commit changes	2026-03-05T13:17:23.7517892Z INPUT_COMMIT_USER_EMAIL: 41898282+github-actions[bot]@users.noreply.github.com
update-index	Commit changes	2026-03-05T13:17:23.7518414Z INPUT_COMMIT_MESSAGE: docs: auto-update README index [skip ci]
update-index	Commit changes	2026-03-05T13:17:23.7520391Z INPUT_COMMIT_AUTHOR: ka0score <197097473+ka0score@users.noreply.github.com>
update-index	Commit changes	2026-03-05T13:17:23.7667142Z [main 4147d27] docs: auto-update README index [skip ci]
update-index	Commit changes	2026-03-05T13:17:23.7667679Z  Author: ka0score <197097473+ka0score@users.noreply.github.com>
update-index	Commit changes	2026-03-05T13:17:23.7668059Z  2 files changed, 4 insertions(+)
update-index	Commit changes	2026-03-05T13:17:23.7698342Z INPUT_TAGGING_MESSAGE: 
update-index	Commit changes	2026-03-05T13:17:23.7705284Z No tagging message supplied. No tag will be added.
update-index	Commit changes	2026-03-05T13:17:23.7706317Z INPUT_PUSH_OPTIONS: 
update-index	Commit changes	2026-03-05T13:17:24.6865613Z To https://github.com/Ka0s-Klaus/ka0s
update-index	Commit changes	2026-03-05T13:17:24.6866286Z    73952a3..4147d27  main -> main
update-index	Post Set up Python	﻿2026-03-05T13:17:24.7832465Z Post job cleanup.
update-index	Post Checkout code	﻿2026-03-05T13:17:25.2309764Z Post job cleanup.
update-index	Post Checkout code	2026-03-05T13:17:25.4184234Z [command]/usr/bin/git version
update-index	Post Checkout code	2026-03-05T13:17:25.4335352Z git version 2.53.0
update-index	Post Checkout code	2026-03-05T13:17:25.4483912Z Temporarily overriding HOME='/home/runner/_work/_temp/fb9277de-b4c1-4539-8722-c8a41f65db48' before making global git config changes
update-index	Post Checkout code	2026-03-05T13:17:25.4487739Z Adding repository directory to the temporary git global config as a safe directory
update-index	Post Checkout code	2026-03-05T13:17:25.4507647Z [command]/usr/bin/git config --global --add safe.directory /home/runner/_work/ka0s/ka0s
update-index	Post Checkout code	2026-03-05T13:17:25.4721036Z [command]/usr/bin/git config --local --name-only --get-regexp core\.sshCommand
update-index	Post Checkout code	2026-03-05T13:17:25.4913715Z [command]/usr/bin/git submodule foreach --recursive sh -c "git config --local --name-only --get-regexp 'core\.sshCommand' && git config --local --unset-all 'core.sshCommand' || :"
update-index	Post Checkout code	2026-03-05T13:17:25.5929515Z [command]/usr/bin/git config --local --name-only --get-regexp http\.https\:\/\/github\.com\/\.extraheader
update-index	Post Checkout code	2026-03-05T13:17:25.6074278Z http.https://github.com/.extraheader
update-index	Post Checkout code	2026-03-05T13:17:25.6100202Z [command]/usr/bin/git config --local --unset-all http.https://github.com/.extraheader
update-index	Post Checkout code	2026-03-05T13:17:25.6249086Z [command]/usr/bin/git submodule foreach --recursive sh -c "git config --local --name-only --get-regexp 'http\.https\:\/\/github\.com\/\.extraheader' && git config --local --unset-all 'http.https://github.com/.extraheader' || :"
update-index	Post Checkout code	2026-03-05T13:17:25.7447411Z [command]/usr/bin/git config --local --name-only --get-regexp ^includeIf\.gitdir:
update-index	Post Checkout code	2026-03-05T13:17:25.7620177Z [command]/usr/bin/git submodule foreach --recursive git config --local --show-origin --name-only --get-regexp remote.origin.url
update-index	Complete job	﻿2026-03-05T13:17:25.9120663Z Cleaning up orphan processes
Handle Success	Set up job	﻿2026-03-05T13:17:44.7255212Z Current runner version: '2.332.0'
Handle Success	Set up job	2026-03-05T13:17:44.7303004Z Runner name: 'swarm-runners-scaleset-hkss5-runner-5n4wx'
Handle Success	Set up job	2026-03-05T13:17:44.7304457Z Runner group name: 'Default'
Handle Success	Set up job	2026-03-05T13:17:44.7316718Z Machine name: 'swarm-runners-scaleset-hkss5-runner-5n4wx'
Handle Success	Set up job	2026-03-05T13:17:44.7334648Z ##[group]GITHUB_TOKEN Permissions
Handle Success	Set up job	2026-03-05T13:17:44.7338375Z Contents: read
Handle Success	Set up job	2026-03-05T13:17:44.7339022Z Metadata: read
Handle Success	Set up job	2026-03-05T13:17:44.7339707Z ##[endgroup]
Handle Success	Set up job	2026-03-05T13:17:44.7342595Z Secret source: Actions
Handle Success	Set up job	2026-03-05T13:17:44.7343396Z Prepare workflow directory
Handle Success	Set up job	2026-03-05T13:17:44.9046711Z Prepare all required actions
Handle Success	Set up job	2026-03-05T13:17:44.9351471Z Complete job name: Handle Success
Handle Success	Log Success	﻿2026-03-05T13:17:45.4962317Z ##[group]Run echo "[Ka0S] Docs Index Auto-Update Success."
Handle Success	Log Success	2026-03-05T13:17:45.4963641Z [36;1mecho "[Ka0S] Docs Index Auto-Update Success."[0m
Handle Success	Log Success	2026-03-05T13:17:45.5316139Z shell: /usr/bin/bash -e {0}
Handle Success	Log Success	2026-03-05T13:17:45.5345752Z env:
Handle Success	Log Success	2026-03-05T13:17:45.5346309Z   KAOS_MODULE: [Ka0S] Docs Index Auto-Update
Handle Success	Log Success	2026-03-05T13:17:45.5346994Z   KAOS_CODE: 22719684289
Handle Success	Log Success	2026-03-05T13:17:45.5347419Z ##[endgroup]
Handle Success	Log Success	2026-03-05T13:17:45.8204887Z [Ka0S] Docs Index Auto-Update Success.
Handle Success	Complete job	﻿2026-03-05T13:17:45.8727872Z Cleaning up orphan processes
end-workflow	Set up job	﻿2026-03-05T13:18:03.4706745Z Current runner version: '2.332.0'
end-workflow	Set up job	2026-03-05T13:18:03.4718409Z Runner name: 'swarm-runners-scaleset-hkss5-runner-6sfmx'
end-workflow	Set up job	2026-03-05T13:18:03.4719582Z Runner group name: 'Default'
end-workflow	Set up job	2026-03-05T13:18:03.4720732Z Machine name: 'swarm-runners-scaleset-hkss5-runner-6sfmx'
end-workflow	Set up job	2026-03-05T13:18:03.4724243Z ##[group]GITHUB_TOKEN Permissions
end-workflow	Set up job	2026-03-05T13:18:03.4743097Z Actions: write
end-workflow	Set up job	2026-03-05T13:18:03.4743976Z Contents: read
end-workflow	Set up job	2026-03-05T13:18:03.4750951Z Metadata: read
end-workflow	Set up job	2026-03-05T13:18:03.4751744Z ##[endgroup]
end-workflow	Set up job	2026-03-05T13:18:03.4764704Z Secret source: Actions
end-workflow	Set up job	2026-03-05T13:18:03.4767540Z Prepare workflow directory
end-workflow	Set up job	2026-03-05T13:18:03.6265739Z Prepare all required actions
end-workflow	Set up job	2026-03-05T13:18:03.6322194Z Getting action download info
end-workflow	Set up job	2026-03-05T13:18:04.2702913Z Download action repository 'actions/checkout@v4' (SHA:34e114876b0b11c390a56381ad16ebd13914f8d5)
end-workflow	Set up job	2026-03-05T13:18:05.5233375Z Complete job name: end-workflow
end-workflow	Checkout repository	﻿2026-03-05T13:18:05.6835432Z ##[group]Run actions/checkout@v4
end-workflow	Checkout repository	2026-03-05T13:18:05.6836813Z with:
end-workflow	Checkout repository	2026-03-05T13:18:05.6837407Z   fetch-depth: 0
end-workflow	Checkout repository	2026-03-05T13:18:05.6837926Z   repository: Ka0s-Klaus/ka0s
end-workflow	Checkout repository	2026-03-05T13:18:05.6838872Z   token: ***
end-workflow	Checkout repository	2026-03-05T13:18:05.6839348Z   ssh-strict: true
end-workflow	Checkout repository	2026-03-05T13:18:05.6839844Z   ssh-user: git
end-workflow	Checkout repository	2026-03-05T13:18:05.6840345Z   persist-credentials: true
end-workflow	Checkout repository	2026-03-05T13:18:05.6840902Z   clean: true
end-workflow	Checkout repository	2026-03-05T13:18:05.6841419Z   sparse-checkout-cone-mode: true
end-workflow	Checkout repository	2026-03-05T13:18:05.6842025Z   fetch-tags: false
end-workflow	Checkout repository	2026-03-05T13:18:05.6842560Z   show-progress: true
end-workflow	Checkout repository	2026-03-05T13:18:05.6843087Z   lfs: false
end-workflow	Checkout repository	2026-03-05T13:18:05.6843553Z   submodules: false
end-workflow	Checkout repository	2026-03-05T13:18:05.6844107Z   set-safe-directory: true
end-workflow	Checkout repository	2026-03-05T13:18:05.6845754Z env:
end-workflow	Checkout repository	2026-03-05T13:18:05.6846468Z   KAOS_MODULE: [Ka0S] Docs Index Auto-Update
end-workflow	Checkout repository	2026-03-05T13:18:05.6847101Z   KAOS_CODE: 22719684289
end-workflow	Checkout repository	2026-03-05T13:18:05.6847605Z ##[endgroup]
end-workflow	Checkout repository	2026-03-05T13:18:05.9156409Z Syncing repository: Ka0s-Klaus/ka0s
end-workflow	Checkout repository	2026-03-05T13:18:05.9158779Z ##[group]Getting Git version info
end-workflow	Checkout repository	2026-03-05T13:18:05.9159668Z Working directory is '/home/runner/_work/ka0s/ka0s'
end-workflow	Checkout repository	2026-03-05T13:18:05.9230234Z [command]/usr/bin/git version
end-workflow	Checkout repository	2026-03-05T13:18:05.9315683Z git version 2.53.0
end-workflow	Checkout repository	2026-03-05T13:18:05.9371871Z ##[endgroup]
end-workflow	Checkout repository	2026-03-05T13:18:05.9417553Z Temporarily overriding HOME='/home/runner/_work/_temp/30a7e27c-7031-4b96-8106-89a95d8c31a8' before making global git config changes
end-workflow	Checkout repository	2026-03-05T13:18:05.9429555Z Adding repository directory to the temporary git global config as a safe directory
end-workflow	Checkout repository	2026-03-05T13:18:05.9439658Z [command]/usr/bin/git config --global --add safe.directory /home/runner/_work/ka0s/ka0s
end-workflow	Checkout repository	2026-03-05T13:18:05.9611338Z Deleting the contents of '/home/runner/_work/ka0s/ka0s'
end-workflow	Checkout repository	2026-03-05T13:18:05.9628470Z ##[group]Initializing the repository
end-workflow	Checkout repository	2026-03-05T13:18:05.9638228Z [command]/usr/bin/git init /home/runner/_work/ka0s/ka0s
end-workflow	Checkout repository	2026-03-05T13:18:05.9847671Z hint: Using 'master' as the name for the initial branch. This default branch name
end-workflow	Checkout repository	2026-03-05T13:18:05.9880453Z hint: will change to "main" in Git 3.0. To configure the initial branch name
end-workflow	Checkout repository	2026-03-05T13:18:05.9882028Z hint: to use in all of your new repositories, which will suppress this warning,
end-workflow	Checkout repository	2026-03-05T13:18:05.9891293Z hint: call:
end-workflow	Checkout repository	2026-03-05T13:18:05.9896244Z hint:
end-workflow	Checkout repository	2026-03-05T13:18:05.9899274Z hint: 	git config --global init.defaultBranch <name>
end-workflow	Checkout repository	2026-03-05T13:18:05.9972326Z hint:
end-workflow	Checkout repository	2026-03-05T13:18:05.9986050Z hint: Names commonly chosen instead of 'master' are 'main', 'trunk' and
end-workflow	Checkout repository	2026-03-05T13:18:05.9988202Z hint: 'development'. The just-created branch can be renamed via this command:
end-workflow	Checkout repository	2026-03-05T13:18:05.9989310Z hint:
end-workflow	Checkout repository	2026-03-05T13:18:05.9990667Z hint: 	git branch -m <name>
end-workflow	Checkout repository	2026-03-05T13:18:05.9993970Z hint:
end-workflow	Checkout repository	2026-03-05T13:18:05.9996327Z hint: Disable this message with "git config set advice.defaultBranchName false"
end-workflow	Checkout repository	2026-03-05T13:18:05.9997477Z Initialized empty Git repository in /home/runner/_work/ka0s/ka0s/.git/
end-workflow	Checkout repository	2026-03-05T13:18:05.9999444Z [command]/usr/bin/git remote add origin https://github.com/Ka0s-Klaus/ka0s
end-workflow	Checkout repository	2026-03-05T13:18:06.0001351Z ##[endgroup]
end-workflow	Checkout repository	2026-03-05T13:18:06.0002245Z ##[group]Disabling automatic garbage collection
end-workflow	Checkout repository	2026-03-05T13:18:06.0003733Z [command]/usr/bin/git config --local gc.auto 0
end-workflow	Checkout repository	2026-03-05T13:18:06.0141275Z ##[endgroup]
end-workflow	Checkout repository	2026-03-05T13:18:06.0142195Z ##[group]Setting up auth
end-workflow	Checkout repository	2026-03-05T13:18:06.0160388Z [command]/usr/bin/git config --local --name-only --get-regexp core\.sshCommand
end-workflow	Checkout repository	2026-03-05T13:18:06.0237161Z [command]/usr/bin/git submodule foreach --recursive sh -c "git config --local --name-only --get-regexp 'core\.sshCommand' && git config --local --unset-all 'core.sshCommand' || :"
end-workflow	Checkout repository	2026-03-05T13:18:06.0867053Z [command]/usr/bin/git config --local --name-only --get-regexp http\.https\:\/\/github\.com\/\.extraheader
end-workflow	Checkout repository	2026-03-05T13:18:06.0929310Z [command]/usr/bin/git submodule foreach --recursive sh -c "git config --local --name-only --get-regexp 'http\.https\:\/\/github\.com\/\.extraheader' && git config --local --unset-all 'http.https://github.com/.extraheader' || :"
end-workflow	Checkout repository	2026-03-05T13:18:06.1369107Z [command]/usr/bin/git config --local --name-only --get-regexp ^includeIf\.gitdir:
end-workflow	Checkout repository	2026-03-05T13:18:06.1437168Z [command]/usr/bin/git submodule foreach --recursive git config --local --show-origin --name-only --get-regexp remote.origin.url
end-workflow	Checkout repository	2026-03-05T13:18:06.1893219Z [command]/usr/bin/git config --local http.https://github.com/.extraheader AUTHORIZATION: basic ***
end-workflow	Checkout repository	2026-03-05T13:18:06.1996485Z ##[endgroup]
end-workflow	Checkout repository	2026-03-05T13:18:06.1998147Z ##[group]Fetching the repository
end-workflow	Checkout repository	2026-03-05T13:18:06.2011477Z [command]/usr/bin/git -c protocol.version=2 fetch --prune --no-recurse-submodules origin +refs/heads/*:refs/remotes/origin/* +refs/tags/*:refs/tags/*
end-workflow	Checkout repository	2026-03-05T13:18:44.1404038Z From https://github.com/Ka0s-Klaus/ka0s
end-workflow	Checkout repository	2026-03-05T13:18:44.1419664Z  * [new branch]          F3450-modelo-operativo -> origin/F3450-modelo-operativo
end-workflow	Checkout repository	2026-03-05T13:18:44.1420482Z  * [new branch]          H3596-deploy-itop      -> origin/H3596-deploy-itop
end-workflow	Checkout repository	2026-03-05T13:18:44.1421233Z  * [new branch]          H4170-flujo-detallado-zabbix---github -> origin/H4170-flujo-detallado-zabbix---github
end-workflow	Checkout repository	2026-03-05T13:18:44.1422025Z  * [new branch]          H4191-request-cambios  -> origin/H4191-request-cambios
end-workflow	Checkout repository	2026-03-05T13:18:44.1422859Z  * [new branch]          H4200-request-recomendaciones-de-auditoria -> origin/H4200-request-recomendaciones-de-auditoria
end-workflow	Checkout repository	2026-03-05T13:18:44.1423832Z  * [new branch]          H4322-request-plan-de-pruebas-de-agentes -> origin/H4322-request-plan-de-pruebas-de-agentes
end-workflow	Checkout repository	2026-03-05T13:18:44.1424899Z  * [new branch]          chore/itop-debug-list  -> origin/chore/itop-debug-list
end-workflow	Checkout repository	2026-03-05T13:18:44.1425582Z  * [new branch]          chore/itop-debug-url-version -> origin/chore/itop-debug-url-version
end-workflow	Checkout repository	2026-03-05T13:18:44.1426290Z  * [new branch]          chore/itop-debug-version -> origin/chore/itop-debug-version
end-workflow	Checkout repository	2026-03-05T13:18:44.1427028Z  * [new branch]          fix/cmdb-full-sync-sparse-checkout -> origin/fix/cmdb-full-sync-sparse-checkout
end-workflow	Checkout repository	2026-03-05T13:18:44.1427898Z  * [new branch]          fix/itop-list-orgs-on-missing -> origin/fix/itop-list-orgs-on-missing
end-workflow	Checkout repository	2026-03-05T13:18:44.1428551Z  * [new branch]          fix/itop-ssl-verify    -> origin/fix/itop-ssl-verify
end-workflow	Checkout repository	2026-03-05T13:18:44.1429075Z  * [new branch]          main                   -> origin/main
end-workflow	Checkout repository	2026-03-05T13:18:44.1429561Z  * [new tag]             0.0.0                  -> 0.0.0
end-workflow	Checkout repository	2026-03-05T13:18:44.1430023Z  * [new tag]             0.0.1                  -> 0.0.1
end-workflow	Checkout repository	2026-03-05T13:18:44.1430417Z  * [new tag]             0.0.10                 -> 0.0.10
end-workflow	Checkout repository	2026-03-05T13:18:44.1430824Z  * [new tag]             0.0.100                -> 0.0.100
end-workflow	Checkout repository	2026-03-05T13:18:44.1431248Z  * [new tag]             0.0.101                -> 0.0.101
end-workflow	Checkout repository	2026-03-05T13:18:44.1431652Z  * [new tag]             0.0.102                -> 0.0.102
end-workflow	Checkout repository	2026-03-05T13:18:44.1432061Z  * [new tag]             0.0.103                -> 0.0.103
end-workflow	Checkout repository	2026-03-05T13:18:44.1432519Z  * [new tag]             0.0.104                -> 0.0.104
end-workflow	Checkout repository	2026-03-05T13:18:44.1432942Z  * [new tag]             0.0.105                -> 0.0.105
end-workflow	Checkout repository	2026-03-05T13:18:44.1433366Z  * [new tag]             0.0.106                -> 0.0.106
end-workflow	Checkout repository	2026-03-05T13:18:44.1434316Z  * [new tag]             0.0.107                -> 0.0.107
end-workflow	Checkout repository	2026-03-05T13:18:44.1434873Z  * [new tag]             0.0.108                -> 0.0.108
end-workflow	Checkout repository	2026-03-05T13:18:44.1435282Z  * [new tag]             0.0.109                -> 0.0.109
end-workflow	Checkout repository	2026-03-05T13:18:44.1435690Z  * [new tag]             0.0.11                 -> 0.0.11
end-workflow	Checkout repository	2026-03-05T13:18:44.1436091Z  * [new tag]             0.0.110                -> 0.0.110
end-workflow	Checkout repository	2026-03-05T13:18:44.1436577Z  * [new tag]             0.0.111                -> 0.0.111
end-workflow	Checkout repository	2026-03-05T13:18:44.1437087Z  * [new tag]             0.0.112                -> 0.0.112
end-workflow	Checkout repository	2026-03-05T13:18:44.1437483Z  * [new tag]             0.0.113                -> 0.0.113
end-workflow	Checkout repository	2026-03-05T13:18:44.1437883Z  * [new tag]             0.0.114                -> 0.0.114
end-workflow	Checkout repository	2026-03-05T13:18:44.1438276Z  * [new tag]             0.0.115                -> 0.0.115
end-workflow	Checkout repository	2026-03-05T13:18:44.1438674Z  * [new tag]             0.0.116                -> 0.0.116
end-workflow	Checkout repository	2026-03-05T13:18:44.1439407Z  * [new tag]             0.0.117                -> 0.0.117
end-workflow	Checkout repository	2026-03-05T13:18:44.1439842Z  * [new tag]             0.0.118                -> 0.0.118
end-workflow	Checkout repository	2026-03-05T13:18:44.1447158Z  * [new tag]             0.0.119                -> 0.0.119
end-workflow	Checkout repository	2026-03-05T13:18:44.1448004Z  * [new tag]             0.0.12                 -> 0.0.12
end-workflow	Checkout repository	2026-03-05T13:18:44.1448803Z  * [new tag]             0.0.120                -> 0.0.120
end-workflow	Checkout repository	2026-03-05T13:18:44.1449300Z  * [new tag]             0.0.121                -> 0.0.121
end-workflow	Checkout repository	2026-03-05T13:18:44.1449712Z  * [new tag]             0.0.122                -> 0.0.122
end-workflow	Checkout repository	2026-03-05T13:18:44.1450109Z  * [new tag]             0.0.123                -> 0.0.123
end-workflow	Checkout repository	2026-03-05T13:18:44.1450512Z  * [new tag]             0.0.124                -> 0.0.124
end-workflow	Checkout repository	2026-03-05T13:18:44.1450913Z  * [new tag]             0.0.125                -> 0.0.125
end-workflow	Checkout repository	2026-03-05T13:18:44.1451312Z  * [new tag]             0.0.126                -> 0.0.126
end-workflow	Checkout repository	2026-03-05T13:18:44.1451735Z  * [new tag]             0.0.127                -> 0.0.127
end-workflow	Checkout repository	2026-03-05T13:18:44.1452142Z  * [new tag]             0.0.128                -> 0.0.128
end-workflow	Checkout repository	2026-03-05T13:18:44.1452544Z  * [new tag]             0.0.129                -> 0.0.129
end-workflow	Checkout repository	2026-03-05T13:18:44.1452943Z  * [new tag]             0.0.13                 -> 0.0.13
end-workflow	Checkout repository	2026-03-05T13:18:44.1453345Z  * [new tag]             0.0.130                -> 0.0.130
end-workflow	Checkout repository	2026-03-05T13:18:44.1453748Z  * [new tag]             0.0.131                -> 0.0.131
end-workflow	Checkout repository	2026-03-05T13:18:44.1454144Z  * [new tag]             0.0.132                -> 0.0.132
end-workflow	Checkout repository	2026-03-05T13:18:44.1457671Z  * [new tag]             0.0.133                -> 0.0.133
end-workflow	Checkout repository	2026-03-05T13:18:44.1458147Z  * [new tag]             0.0.134                -> 0.0.134
end-workflow	Checkout repository	2026-03-05T13:18:44.1458553Z  * [new tag]             0.0.135                -> 0.0.135
end-workflow	Checkout repository	2026-03-05T13:18:44.1458953Z  * [new tag]             0.0.136                -> 0.0.136
end-workflow	Checkout repository	2026-03-05T13:18:44.1459356Z  * [new tag]             0.0.137                -> 0.0.137
end-workflow	Checkout repository	2026-03-05T13:18:44.1459768Z  * [new tag]             0.0.138                -> 0.0.138
end-workflow	Checkout repository	2026-03-05T13:18:44.1460181Z  * [new tag]             0.0.139                -> 0.0.139
end-workflow	Checkout repository	2026-03-05T13:18:44.1460583Z  * [new tag]             0.0.14                 -> 0.0.14
end-workflow	Checkout repository	2026-03-05T13:18:44.1460979Z  * [new tag]             0.0.140                -> 0.0.140
end-workflow	Checkout repository	2026-03-05T13:18:44.1461381Z  * [new tag]             0.0.141                -> 0.0.141
end-workflow	Checkout repository	2026-03-05T13:18:44.1461782Z  * [new tag]             0.0.142                -> 0.0.142
end-workflow	Checkout repository	2026-03-05T13:18:44.1462192Z  * [new tag]             0.0.143                -> 0.0.143
end-workflow	Checkout repository	2026-03-05T13:18:44.1462626Z  * [new tag]             0.0.144                -> 0.0.144
end-workflow	Checkout repository	2026-03-05T13:18:44.1463142Z  * [new tag]             0.0.145                -> 0.0.145
end-workflow	Checkout repository	2026-03-05T13:18:44.1463572Z  * [new tag]             0.0.146                -> 0.0.146
end-workflow	Checkout repository	2026-03-05T13:18:44.1464004Z  * [new tag]             0.0.147                -> 0.0.147
end-workflow	Checkout repository	2026-03-05T13:18:44.1464431Z  * [new tag]             0.0.148                -> 0.0.148
end-workflow	Checkout repository	2026-03-05T13:18:44.1465012Z  * [new tag]             0.0.149                -> 0.0.149
end-workflow	Checkout repository	2026-03-05T13:18:44.1469538Z  * [new tag]             0.0.15                 -> 0.0.15
end-workflow	Checkout repository	2026-03-05T13:18:44.1559676Z  * [new tag]             0.0.150                -> 0.0.150
end-workflow	Checkout repository	2026-03-05T13:18:44.1561562Z  * [new tag]             0.0.151                -> 0.0.151
end-workflow	Checkout repository	2026-03-05T13:18:44.1565168Z  * [new tag]             0.0.152                -> 0.0.152
end-workflow	Checkout repository	2026-03-05T13:18:44.1565648Z  * [new tag]             0.0.153                -> 0.0.153
end-workflow	Checkout repository	2026-03-05T13:18:44.1566077Z  * [new tag]             0.0.154                -> 0.0.154
end-workflow	Checkout repository	2026-03-05T13:18:44.1566498Z  * [new tag]             0.0.155                -> 0.0.155
end-workflow	Checkout repository	2026-03-05T13:18:44.1566918Z  * [new tag]             0.0.156                -> 0.0.156
end-workflow	Checkout repository	2026-03-05T13:18:44.1567329Z  * [new tag]             0.0.157                -> 0.0.157
end-workflow	Checkout repository	2026-03-05T13:18:44.1567764Z  * [new tag]             0.0.158                -> 0.0.158
end-workflow	Checkout repository	2026-03-05T13:18:44.1568882Z  * [new tag]             0.0.159                -> 0.0.159
end-workflow	Checkout repository	2026-03-05T13:18:44.1569313Z  * [new tag]             0.0.16                 -> 0.0.16
end-workflow	Checkout repository	2026-03-05T13:18:44.1569726Z  * [new tag]             0.0.160                -> 0.0.160
end-workflow	Checkout repository	2026-03-05T13:18:44.1570137Z  * [new tag]             0.0.161                -> 0.0.161
end-workflow	Checkout repository	2026-03-05T13:18:44.1570548Z  * [new tag]             0.0.162                -> 0.0.162
end-workflow	Checkout repository	2026-03-05T13:18:44.1570954Z  * [new tag]             0.0.163                -> 0.0.163
end-workflow	Checkout repository	2026-03-05T13:18:44.1571365Z  * [new tag]             0.0.164                -> 0.0.164
end-workflow	Checkout repository	2026-03-05T13:18:44.1571771Z  * [new tag]             0.0.165                -> 0.0.165
end-workflow	Checkout repository	2026-03-05T13:18:44.1572181Z  * [new tag]             0.0.166                -> 0.0.166
end-workflow	Checkout repository	2026-03-05T13:18:44.1572597Z  * [new tag]             0.0.167                -> 0.0.167
end-workflow	Checkout repository	2026-03-05T13:18:44.1573006Z  * [new tag]             0.0.168                -> 0.0.168
end-workflow	Checkout repository	2026-03-05T13:18:44.1573416Z  * [new tag]             0.0.169                -> 0.0.169
end-workflow	Checkout repository	2026-03-05T13:18:44.1574184Z  * [new tag]             0.0.17                 -> 0.0.17
end-workflow	Checkout repository	2026-03-05T13:18:44.1574743Z  * [new tag]             0.0.170                -> 0.0.170
end-workflow	Checkout repository	2026-03-05T13:18:44.1575157Z  * [new tag]             0.0.171                -> 0.0.171
end-workflow	Checkout repository	2026-03-05T13:18:44.1575570Z  * [new tag]             0.0.172                -> 0.0.172
end-workflow	Checkout repository	2026-03-05T13:18:44.1575981Z  * [new tag]             0.0.173                -> 0.0.173
end-workflow	Checkout repository	2026-03-05T13:18:44.1576395Z  * [new tag]             0.0.174                -> 0.0.174
end-workflow	Checkout repository	2026-03-05T13:18:44.1576808Z  * [new tag]             0.0.175                -> 0.0.175
end-workflow	Checkout repository	2026-03-05T13:18:44.1577219Z  * [new tag]             0.0.176                -> 0.0.176
end-workflow	Checkout repository	2026-03-05T13:18:44.1577640Z  * [new tag]             0.0.177                -> 0.0.177
end-workflow	Checkout repository	2026-03-05T13:18:44.1578060Z  * [new tag]             0.0.178                -> 0.0.178
end-workflow	Checkout repository	2026-03-05T13:18:44.1578484Z  * [new tag]             0.0.179                -> 0.0.179
end-workflow	Checkout repository	2026-03-05T13:18:44.1578909Z  * [new tag]             0.0.18                 -> 0.0.18
end-workflow	Checkout repository	2026-03-05T13:18:44.1579333Z  * [new tag]             0.0.19                 -> 0.0.19
end-workflow	Checkout repository	2026-03-05T13:18:44.1579761Z  * [new tag]             0.0.2                  -> 0.0.2
end-workflow	Checkout repository	2026-03-05T13:18:44.1580184Z  * [new tag]             0.0.20                 -> 0.0.20
end-workflow	Checkout repository	2026-03-05T13:18:44.1580612Z  * [new tag]             0.0.21                 -> 0.0.21
end-workflow	Checkout repository	2026-03-05T13:18:44.1581026Z  * [new tag]             0.0.22                 -> 0.0.22
end-workflow	Checkout repository	2026-03-05T13:18:44.1581451Z  * [new tag]             0.0.23                 -> 0.0.23
end-workflow	Checkout repository	2026-03-05T13:18:44.1581874Z  * [new tag]             0.0.24                 -> 0.0.24
end-workflow	Checkout repository	2026-03-05T13:18:44.1582291Z  * [new tag]             0.0.25                 -> 0.0.25
end-workflow	Checkout repository	2026-03-05T13:18:44.1582706Z  * [new tag]             0.0.26                 -> 0.0.26
end-workflow	Checkout repository	2026-03-05T13:18:44.1583117Z  * [new tag]             0.0.27                 -> 0.0.27
end-workflow	Checkout repository	2026-03-05T13:18:44.1583545Z  * [new tag]             0.0.28                 -> 0.0.28
end-workflow	Checkout repository	2026-03-05T13:18:44.1584003Z  * [new tag]             0.0.29                 -> 0.0.29
end-workflow	Checkout repository	2026-03-05T13:18:44.1585214Z  * [new tag]             0.0.3                  -> 0.0.3
end-workflow	Checkout repository	2026-03-05T13:18:44.1585659Z  * [new tag]             0.0.30                 -> 0.0.30
end-workflow	Checkout repository	2026-03-05T13:18:44.1586065Z  * [new tag]             0.0.31                 -> 0.0.31
end-workflow	Checkout repository	2026-03-05T13:18:44.1586474Z  * [new tag]             0.0.32                 -> 0.0.32
end-workflow	Checkout repository	2026-03-05T13:18:44.1586880Z  * [new tag]             0.0.33                 -> 0.0.33
end-workflow	Checkout repository	2026-03-05T13:18:44.1587321Z  * [new tag]             0.0.34                 -> 0.0.34
end-workflow	Checkout repository	2026-03-05T13:18:44.1587749Z  * [new tag]             0.0.35                 -> 0.0.35
end-workflow	Checkout repository	2026-03-05T13:18:44.1588179Z  * [new tag]             0.0.36                 -> 0.0.36
end-workflow	Checkout repository	2026-03-05T13:18:44.1588613Z  * [new tag]             0.0.37                 -> 0.0.37
end-workflow	Checkout repository	2026-03-05T13:18:44.1589028Z  * [new tag]             0.0.38                 -> 0.0.38
end-workflow	Checkout repository	2026-03-05T13:18:44.1589449Z  * [new tag]             0.0.39                 -> 0.0.39
end-workflow	Checkout repository	2026-03-05T13:18:44.1590115Z  * [new tag]             0.0.4                  -> 0.0.4
end-workflow	Checkout repository	2026-03-05T13:18:44.1590535Z  * [new tag]             0.0.40                 -> 0.0.40
end-workflow	Checkout repository	2026-03-05T13:18:44.1590946Z  * [new tag]             0.0.41                 -> 0.0.41
end-workflow	Checkout repository	2026-03-05T13:18:44.1591357Z  * [new tag]             0.0.42                 -> 0.0.42
end-workflow	Checkout repository	2026-03-05T13:18:44.1591792Z  * [new tag]             0.0.43                 -> 0.0.43
end-workflow	Checkout repository	2026-03-05T13:18:44.1592199Z  * [new tag]             0.0.44                 -> 0.0.44
end-workflow	Checkout repository	2026-03-05T13:18:44.1592617Z  * [new tag]             0.0.45                 -> 0.0.45
end-workflow	Checkout repository	2026-03-05T13:18:44.1593027Z  * [new tag]             0.0.46                 -> 0.0.46
end-workflow	Checkout repository	2026-03-05T13:18:44.1593447Z  * [new tag]             0.0.47                 -> 0.0.47
end-workflow	Checkout repository	2026-03-05T13:18:44.1593852Z  * [new tag]             0.0.48                 -> 0.0.48
end-workflow	Checkout repository	2026-03-05T13:18:44.1594269Z  * [new tag]             0.0.49                 -> 0.0.49
end-workflow	Checkout repository	2026-03-05T13:18:44.1595056Z  * [new tag]             0.0.5                  -> 0.0.5
end-workflow	Checkout repository	2026-03-05T13:18:44.1595485Z  * [new tag]             0.0.50                 -> 0.0.50
end-workflow	Checkout repository	2026-03-05T13:18:44.1595898Z  * [new tag]             0.0.51                 -> 0.0.51
end-workflow	Checkout repository	2026-03-05T13:18:44.1596298Z  * [new tag]             0.0.52                 -> 0.0.52
end-workflow	Checkout repository	2026-03-05T13:18:44.1596709Z  * [new tag]             0.0.53                 -> 0.0.53
end-workflow	Checkout repository	2026-03-05T13:18:44.1597135Z  * [new tag]             0.0.54                 -> 0.0.54
end-workflow	Checkout repository	2026-03-05T13:18:44.1597576Z  * [new tag]             0.0.55                 -> 0.0.55
end-workflow	Checkout repository	2026-03-05T13:18:44.1598030Z  * [new tag]             0.0.56                 -> 0.0.56
end-workflow	Checkout repository	2026-03-05T13:18:44.1598436Z  * [new tag]             0.0.57                 -> 0.0.57
end-workflow	Checkout repository	2026-03-05T13:18:44.1598845Z  * [new tag]             0.0.58                 -> 0.0.58
end-workflow	Checkout repository	2026-03-05T13:18:44.1599258Z  * [new tag]             0.0.59                 -> 0.0.59
end-workflow	Checkout repository	2026-03-05T13:18:44.1599680Z  * [new tag]             0.0.6                  -> 0.0.6
end-workflow	Checkout repository	2026-03-05T13:18:44.1600101Z  * [new tag]             0.0.60                 -> 0.0.60
end-workflow	Checkout repository	2026-03-05T13:18:44.1600527Z  * [new tag]             0.0.61                 -> 0.0.61
end-workflow	Checkout repository	2026-03-05T13:18:44.1600966Z  * [new tag]             0.0.62                 -> 0.0.62
end-workflow	Checkout repository	2026-03-05T13:18:44.1601382Z  * [new tag]             0.0.63                 -> 0.0.63
end-workflow	Checkout repository	2026-03-05T13:18:44.1601810Z  * [new tag]             0.0.64                 -> 0.0.64
end-workflow	Checkout repository	2026-03-05T13:18:44.1602233Z  * [new tag]             0.0.65                 -> 0.0.65
end-workflow	Checkout repository	2026-03-05T13:18:44.1602649Z  * [new tag]             0.0.66                 -> 0.0.66
end-workflow	Checkout repository	2026-03-05T13:18:44.1603062Z  * [new tag]             0.0.67                 -> 0.0.67
end-workflow	Checkout repository	2026-03-05T13:18:44.1603491Z  * [new tag]             0.0.68                 -> 0.0.68
end-workflow	Checkout repository	2026-03-05T13:18:44.1606110Z  * [new tag]             0.0.69                 -> 0.0.69
end-workflow	Checkout repository	2026-03-05T13:18:44.1606557Z  * [new tag]             0.0.7                  -> 0.0.7
end-workflow	Checkout repository	2026-03-05T13:18:44.1606959Z  * [new tag]             0.0.70                 -> 0.0.70
end-workflow	Checkout repository	2026-03-05T13:18:44.1607355Z  * [new tag]             0.0.71                 -> 0.0.71
end-workflow	Checkout repository	2026-03-05T13:18:44.1607781Z  * [new tag]             0.0.72                 -> 0.0.72
end-workflow	Checkout repository	2026-03-05T13:18:44.1608468Z  * [new tag]             0.0.73                 -> 0.0.73
end-workflow	Checkout repository	2026-03-05T13:18:44.1608872Z  * [new tag]             0.0.74                 -> 0.0.74
end-workflow	Checkout repository	2026-03-05T13:18:44.1609270Z  * [new tag]             0.0.75                 -> 0.0.75
end-workflow	Checkout repository	2026-03-05T13:18:44.1609673Z  * [new tag]             0.0.76                 -> 0.0.76
end-workflow	Checkout repository	2026-03-05T13:18:44.1610081Z  * [new tag]             0.0.77                 -> 0.0.77
end-workflow	Checkout repository	2026-03-05T13:18:44.1610491Z  * [new tag]             0.0.78                 -> 0.0.78
end-workflow	Checkout repository	2026-03-05T13:18:44.1611054Z  * [new tag]             0.0.79                 -> 0.0.79
end-workflow	Checkout repository	2026-03-05T13:18:44.1611466Z  * [new tag]             0.0.8                  -> 0.0.8
end-workflow	Checkout repository	2026-03-05T13:18:44.1611868Z  * [new tag]             0.0.80                 -> 0.0.80
end-workflow	Checkout repository	2026-03-05T13:18:44.1612272Z  * [new tag]             0.0.81                 -> 0.0.81
end-workflow	Checkout repository	2026-03-05T13:18:44.1612915Z  * [new tag]             0.0.82                 -> 0.0.82
end-workflow	Checkout repository	2026-03-05T13:18:44.1614146Z  * [new tag]             0.0.83                 -> 0.0.83
end-workflow	Checkout repository	2026-03-05T13:18:44.1615105Z  * [new tag]             0.0.84                 -> 0.0.84
end-workflow	Checkout repository	2026-03-05T13:18:44.1615521Z  * [new tag]             0.0.85                 -> 0.0.85
end-workflow	Checkout repository	2026-03-05T13:18:44.1615922Z  * [new tag]             0.0.86                 -> 0.0.86
end-workflow	Checkout repository	2026-03-05T13:18:44.1616334Z  * [new tag]             0.0.87                 -> 0.0.87
end-workflow	Checkout repository	2026-03-05T13:18:44.1616734Z  * [new tag]             0.0.88                 -> 0.0.88
end-workflow	Checkout repository	2026-03-05T13:18:44.1617133Z  * [new tag]             0.0.89                 -> 0.0.89
end-workflow	Checkout repository	2026-03-05T13:18:44.1617533Z  * [new tag]             0.0.9                  -> 0.0.9
end-workflow	Checkout repository	2026-03-05T13:18:44.1617930Z  * [new tag]             0.0.90                 -> 0.0.90
end-workflow	Checkout repository	2026-03-05T13:18:44.1618334Z  * [new tag]             0.0.91                 -> 0.0.91
end-workflow	Checkout repository	2026-03-05T13:18:44.1618750Z  * [new tag]             0.0.92                 -> 0.0.92
end-workflow	Checkout repository	2026-03-05T13:18:44.1619186Z  * [new tag]             0.0.93                 -> 0.0.93
end-workflow	Checkout repository	2026-03-05T13:18:44.1619633Z  * [new tag]             0.0.94                 -> 0.0.94
end-workflow	Checkout repository	2026-03-05T13:18:44.1620065Z  * [new tag]             0.0.95                 -> 0.0.95
end-workflow	Checkout repository	2026-03-05T13:18:44.1620497Z  * [new tag]             0.0.96                 -> 0.0.96
end-workflow	Checkout repository	2026-03-05T13:18:44.1620911Z  * [new tag]             0.0.97                 -> 0.0.97
end-workflow	Checkout repository	2026-03-05T13:18:44.1621319Z  * [new tag]             0.0.98                 -> 0.0.98
end-workflow	Checkout repository	2026-03-05T13:18:44.1621760Z  * [new tag]             0.0.99                 -> 0.0.99
end-workflow	Checkout repository	2026-03-05T13:18:44.1622175Z  * [new tag]             0.1.0                  -> 0.1.0
end-workflow	Checkout repository	2026-03-05T13:18:44.1622607Z  * [new tag]             0.1.1                  -> 0.1.1
end-workflow	Checkout repository	2026-03-05T13:18:44.1623014Z  * [new tag]             0.2.0                  -> 0.2.0
end-workflow	Checkout repository	2026-03-05T13:18:44.1623427Z  * [new tag]             0.3.0                  -> 0.3.0
end-workflow	Checkout repository	2026-03-05T13:18:44.1623854Z  * [new tag]             0.3.1                  -> 0.3.1
end-workflow	Checkout repository	2026-03-05T13:18:44.1624275Z  * [new tag]             0.3.10                 -> 0.3.10
end-workflow	Checkout repository	2026-03-05T13:18:44.1632457Z  * [new tag]             0.3.11                 -> 0.3.11
end-workflow	Checkout repository	2026-03-05T13:18:44.1632935Z  * [new tag]             0.3.12                 -> 0.3.12
end-workflow	Checkout repository	2026-03-05T13:18:44.1633347Z  * [new tag]             0.3.13                 -> 0.3.13
end-workflow	Checkout repository	2026-03-05T13:18:44.1633748Z  * [new tag]             0.3.14                 -> 0.3.14
end-workflow	Checkout repository	2026-03-05T13:18:44.1634155Z  * [new tag]             0.3.15                 -> 0.3.15
end-workflow	Checkout repository	2026-03-05T13:18:44.1634696Z  * [new tag]             0.3.16                 -> 0.3.16
end-workflow	Checkout repository	2026-03-05T13:18:44.1635114Z  * [new tag]             0.3.17                 -> 0.3.17
end-workflow	Checkout repository	2026-03-05T13:18:44.1635526Z  * [new tag]             0.3.2                  -> 0.3.2
end-workflow	Checkout repository	2026-03-05T13:18:44.1635937Z  * [new tag]             0.3.3                  -> 0.3.3
end-workflow	Checkout repository	2026-03-05T13:18:44.1636349Z  * [new tag]             0.3.4                  -> 0.3.4
end-workflow	Checkout repository	2026-03-05T13:18:44.1636753Z  * [new tag]             0.3.5                  -> 0.3.5
end-workflow	Checkout repository	2026-03-05T13:18:44.1637188Z  * [new tag]             0.3.6                  -> 0.3.6
end-workflow	Checkout repository	2026-03-05T13:18:44.1637928Z  * [new tag]             0.3.7                  -> 0.3.7
end-workflow	Checkout repository	2026-03-05T13:18:44.1638327Z  * [new tag]             0.3.8                  -> 0.3.8
end-workflow	Checkout repository	2026-03-05T13:18:44.1638726Z  * [new tag]             0.3.9                  -> 0.3.9
end-workflow	Checkout repository	2026-03-05T13:18:44.1639127Z  * [new tag]             0.4.0                  -> 0.4.0
end-workflow	Checkout repository	2026-03-05T13:18:44.1639530Z  * [new tag]             0.4.1                  -> 0.4.1
end-workflow	Checkout repository	2026-03-05T13:18:44.1639930Z  * [new tag]             0.4.2                  -> 0.4.2
end-workflow	Checkout repository	2026-03-05T13:18:44.1640328Z  * [new tag]             0.4.3                  -> 0.4.3
end-workflow	Checkout repository	2026-03-05T13:18:44.1640732Z  * [new tag]             0.4.4                  -> 0.4.4
end-workflow	Checkout repository	2026-03-05T13:18:44.1641126Z  * [new tag]             0.4.5                  -> 0.4.5
end-workflow	Checkout repository	2026-03-05T13:18:44.1641530Z  * [new tag]             0.4.6                  -> 0.4.6
end-workflow	Checkout repository	2026-03-05T13:18:44.1641934Z  * [new tag]             0.4.7                  -> 0.4.7
end-workflow	Checkout repository	2026-03-05T13:18:44.1645452Z  * [new tag]             0.4.8                  -> 0.4.8
end-workflow	Checkout repository	2026-03-05T13:18:44.1645859Z  * [new tag]             0.4.9                  -> 0.4.9
end-workflow	Checkout repository	2026-03-05T13:18:44.1646256Z  * [new tag]             0.5.0                  -> 0.5.0
end-workflow	Checkout repository	2026-03-05T13:18:44.1646650Z  * [new tag]             0.5.1                  -> 0.5.1
end-workflow	Checkout repository	2026-03-05T13:18:44.1647047Z  * [new tag]             0.5.2                  -> 0.5.2
end-workflow	Checkout repository	2026-03-05T13:18:44.1647448Z  * [new tag]             0.6.0                  -> 0.6.0
end-workflow	Checkout repository	2026-03-05T13:18:44.1647843Z  * [new tag]             0.6.1                  -> 0.6.1
end-workflow	Checkout repository	2026-03-05T13:18:44.1648251Z  * [new tag]             0.6.2                  -> 0.6.2
end-workflow	Checkout repository	2026-03-05T13:18:44.1648668Z  * [new tag]             0.6.3                  -> 0.6.3
end-workflow	Checkout repository	2026-03-05T13:18:44.1649086Z  * [new tag]             0.6.4                  -> 0.6.4
end-workflow	Checkout repository	2026-03-05T13:18:44.1649489Z  * [new tag]             0.6.5                  -> 0.6.5
end-workflow	Checkout repository	2026-03-05T13:18:44.1649896Z  * [new tag]             0.6.6                  -> 0.6.6
end-workflow	Checkout repository	2026-03-05T13:18:44.1949601Z [command]/usr/bin/git branch --list --remote origin/main
end-workflow	Checkout repository	2026-03-05T13:18:44.2054282Z   origin/main
end-workflow	Checkout repository	2026-03-05T13:18:44.2096572Z [command]/usr/bin/git rev-parse refs/remotes/origin/main
end-workflow	Checkout repository	2026-03-05T13:18:44.2106540Z efbc8736b58f32832f789db2f1bfe864851c624d
end-workflow	Checkout repository	2026-03-05T13:18:44.2131533Z [command]/usr/bin/git -c protocol.version=2 fetch --no-tags --prune --no-recurse-submodules origin +73952a36ea3c035ff6ab0db28dda0ac24760b418:refs/remotes/origin/main
end-workflow	Checkout repository	2026-03-05T13:18:44.2466292Z From https://github.com/Ka0s-Klaus/ka0s
end-workflow	Checkout repository	2026-03-05T13:18:44.2485833Z  + efbc8736b...73952a36e 73952a36ea3c035ff6ab0db28dda0ac24760b418 -> origin/main  (forced update)
end-workflow	Checkout repository	2026-03-05T13:18:44.2597549Z ##[endgroup]
end-workflow	Checkout repository	2026-03-05T13:18:44.2605549Z ##[group]Determining the checkout info
end-workflow	Checkout repository	2026-03-05T13:18:44.2622693Z ##[endgroup]
end-workflow	Checkout repository	2026-03-05T13:18:44.2640226Z [command]/usr/bin/git sparse-checkout disable
end-workflow	Checkout repository	2026-03-05T13:18:44.2823071Z [command]/usr/bin/git config --local --unset-all extensions.worktreeConfig
end-workflow	Checkout repository	2026-03-05T13:18:44.2888140Z ##[group]Checking out the ref
end-workflow	Checkout repository	2026-03-05T13:18:44.2898432Z [command]/usr/bin/git checkout --progress --force -B main refs/remotes/origin/main
end-workflow	Checkout repository	2026-03-05T13:18:44.9524393Z Switched to a new branch 'main'
end-workflow	Checkout repository	2026-03-05T13:18:44.9656049Z branch 'main' set up to track 'origin/main'.
end-workflow	Checkout repository	2026-03-05T13:18:44.9776260Z ##[endgroup]
end-workflow	Checkout repository	2026-03-05T13:18:44.9896423Z [command]/usr/bin/git log -1 --format=%H
end-workflow	Checkout repository	2026-03-05T13:18:44.9945905Z 73952a36ea3c035ff6ab0db28dda0ac24760b418
end-workflow	Install GH CLI	﻿2026-03-05T13:18:45.0599364Z Prepare all required actions
end-workflow	Install GH CLI	2026-03-05T13:18:45.0911143Z ##[group]Run ./.github/actions/install-gh-cli
end-workflow	Install GH CLI	2026-03-05T13:18:45.0911492Z env:
end-workflow	Install GH CLI	2026-03-05T13:18:45.0911720Z   KAOS_MODULE: [Ka0S] Docs Index Auto-Update
end-workflow	Install GH CLI	2026-03-05T13:18:45.0911998Z   KAOS_CODE: 22719684289
end-workflow	Install GH CLI	2026-03-05T13:18:45.0912215Z ##[endgroup]
end-workflow	Install GH CLI	2026-03-05T13:18:45.1143841Z ##[group]Run type -p curl >/dev/null || (sudo apt-get update && sudo apt-get install curl -y)
end-workflow	Install GH CLI	2026-03-05T13:18:45.1155051Z [36;1mtype -p curl >/dev/null || (sudo apt-get update && sudo apt-get install curl -y)[0m
end-workflow	Install GH CLI	2026-03-05T13:18:45.1156449Z [36;1mcurl -fsSL https://cli.github.com/packages/githubcli-archive-keyring.gpg | sudo dd of=/usr/share/keyrings/githubcli-archive-keyring.gpg \[0m
end-workflow	Install GH CLI	2026-03-05T13:18:45.1157311Z [36;1m&& sudo chmod go+r /usr/share/keyrings/githubcli-archive-keyring.gpg \[0m
end-workflow	Install GH CLI	2026-03-05T13:18:45.1158464Z [36;1m&& echo "deb [arch=$(dpkg --print-architecture) signed-by=/usr/share/keyrings/githubcli-archive-keyring.gpg] https://cli.github.com/packages stable main" | sudo tee /etc/apt/sources.list.d/github-cli.list > /dev/null \[0m
end-workflow	Install GH CLI	2026-03-05T13:18:45.1159604Z [36;1m&& sudo apt-get update \[0m
end-workflow	Install GH CLI	2026-03-05T13:18:45.1159891Z [36;1m&& sudo apt-get install gh -y[0m
end-workflow	Install GH CLI	2026-03-05T13:18:45.1230304Z shell: /usr/bin/bash --noprofile --norc -e -o pipefail {0}
end-workflow	Install GH CLI	2026-03-05T13:18:45.1230718Z env:
end-workflow	Install GH CLI	2026-03-05T13:18:45.1230942Z   KAOS_MODULE: [Ka0S] Docs Index Auto-Update
end-workflow	Install GH CLI	2026-03-05T13:18:45.1231232Z   KAOS_CODE: 22719684289
end-workflow	Install GH CLI	2026-03-05T13:18:45.1231452Z ##[endgroup]
end-workflow	Install GH CLI	2026-03-05T13:18:45.3146717Z 4+1 records in
end-workflow	Install GH CLI	2026-03-05T13:18:45.3165578Z 4+1 records out
end-workflow	Install GH CLI	2026-03-05T13:18:45.3166140Z 2270 bytes (2.3 kB, 2.2 KiB) copied, 0.127751 s, 17.8 kB/s
end-workflow	Install GH CLI	2026-03-05T13:18:45.6441162Z Get:1 http://security.ubuntu.com/ubuntu noble-security InRelease [126 kB]
end-workflow	Install GH CLI	2026-03-05T13:18:45.6715164Z Get:2 https://cli.github.com/packages stable InRelease [3917 B]
end-workflow	Install GH CLI	2026-03-05T13:18:45.7150087Z Get:3 http://archive.ubuntu.com/ubuntu noble InRelease [256 kB]
end-workflow	Install GH CLI	2026-03-05T13:18:45.8367127Z Get:4 https://ppa.launchpadcontent.net/git-core/ppa/ubuntu noble InRelease [24.3 kB]
end-workflow	Install GH CLI	2026-03-05T13:18:45.8756179Z Get:5 https://cli.github.com/packages stable/main amd64 Packages [357 B]
end-workflow	Install GH CLI	2026-03-05T13:18:46.0382091Z Get:6 http://archive.ubuntu.com/ubuntu noble-updates InRelease [126 kB]
end-workflow	Install GH CLI	2026-03-05T13:18:46.0824306Z Get:7 http://security.ubuntu.com/ubuntu noble-security/universe amd64 Packages [1260 kB]
end-workflow	Install GH CLI	2026-03-05T13:18:46.1111873Z Get:8 http://archive.ubuntu.com/ubuntu noble-backports InRelease [126 kB]
end-workflow	Install GH CLI	2026-03-05T13:18:46.2113108Z Get:9 https://ppa.launchpadcontent.net/git-core/ppa/ubuntu noble/main amd64 Packages [2992 B]
end-workflow	Install GH CLI	2026-03-05T13:18:46.2323382Z Get:10 http://security.ubuntu.com/ubuntu noble-security/main amd64 Packages [1895 kB]
end-workflow	Install GH CLI	2026-03-05T13:18:46.3285544Z Get:11 http://security.ubuntu.com/ubuntu noble-security/restricted amd64 Packages [3300 kB]
end-workflow	Install GH CLI	2026-03-05T13:18:46.4068655Z Get:12 http://security.ubuntu.com/ubuntu noble-security/multiverse amd64 Packages [34.8 kB]
end-workflow	Install GH CLI	2026-03-05T13:18:46.5753039Z Get:13 http://archive.ubuntu.com/ubuntu noble/universe amd64 Packages [19.3 MB]
end-workflow	Install GH CLI	2026-03-05T13:18:47.2856344Z Get:14 http://archive.ubuntu.com/ubuntu noble/multiverse amd64 Packages [331 kB]
end-workflow	Install GH CLI	2026-03-05T13:18:47.3183612Z Get:15 http://archive.ubuntu.com/ubuntu noble/main amd64 Packages [1808 kB]
end-workflow	Install GH CLI	2026-03-05T13:18:47.3755791Z Get:16 http://archive.ubuntu.com/ubuntu noble/restricted amd64 Packages [117 kB]
end-workflow	Install GH CLI	2026-03-05T13:18:47.3761567Z Get:17 http://archive.ubuntu.com/ubuntu noble-updates/main amd64 Packages [2282 kB]
end-workflow	Install GH CLI	2026-03-05T13:18:47.4239463Z Get:18 http://archive.ubuntu.com/ubuntu noble-updates/universe amd64 Packages [2025 kB]
end-workflow	Install GH CLI	2026-03-05T13:18:47.4543443Z Get:19 http://archive.ubuntu.com/ubuntu noble-updates/multiverse amd64 Packages [38.1 kB]
end-workflow	Install GH CLI	2026-03-05T13:18:47.4595750Z Get:20 http://archive.ubuntu.com/ubuntu noble-updates/restricted amd64 Packages [3486 kB]
end-workflow	Install GH CLI	2026-03-05T13:18:47.5335431Z Get:21 http://archive.ubuntu.com/ubuntu noble-backports/main amd64 Packages [49.5 kB]
end-workflow	Install GH CLI	2026-03-05T13:18:47.5339371Z Get:22 http://archive.ubuntu.com/ubuntu noble-backports/universe amd64 Packages [34.6 kB]
end-workflow	Install GH CLI	2026-03-05T13:18:48.7296439Z Fetched 36.6 MB in 3s (11.4 MB/s)
end-workflow	Install GH CLI	2026-03-05T13:18:50.8846949Z Reading package lists...
end-workflow	Install GH CLI	2026-03-05T13:18:52.3489746Z Reading package lists...
end-workflow	Install GH CLI	2026-03-05T13:18:52.6544824Z Building dependency tree...
end-workflow	Install GH CLI	2026-03-05T13:18:52.6545382Z Reading state information...
end-workflow	Install GH CLI	2026-03-05T13:18:53.0913055Z The following NEW packages will be installed:
end-workflow	Install GH CLI	2026-03-05T13:18:53.0950199Z   gh
end-workflow	Install GH CLI	2026-03-05T13:18:53.6446551Z 0 upgraded, 1 newly installed, 0 to remove and 0 not upgraded.
end-workflow	Install GH CLI	2026-03-05T13:18:53.6456330Z Need to get 13.8 MB of archives.
end-workflow	Install GH CLI	2026-03-05T13:18:53.6465506Z After this operation, 38.5 MB of additional disk space will be used.
end-workflow	Install GH CLI	2026-03-05T13:18:53.6466093Z Get:1 https://cli.github.com/packages stable/main amd64 gh amd64 2.87.3 [13.8 MB]
end-workflow	Install GH CLI	2026-03-05T13:18:54.1660709Z debconf: delaying package configuration, since apt-utils is not installed
end-workflow	Install GH CLI	2026-03-05T13:18:54.2336715Z Fetched 13.8 MB in 1s (17.2 MB/s)
end-workflow	Install GH CLI	2026-03-05T13:18:54.2695728Z Selecting previously unselected package gh.
end-workflow	Install GH CLI	2026-03-05T13:18:54.2745432Z (Reading database ... 
end-workflow	Install GH CLI	2026-03-05T13:18:54.2753278Z (Reading database ... 5%
end-workflow	Install GH CLI	2026-03-05T13:18:54.2755079Z (Reading database ... 10%
end-workflow	Install GH CLI	2026-03-05T13:18:54.2756083Z (Reading database ... 15%
end-workflow	Install GH CLI	2026-03-05T13:18:54.2777317Z (Reading database ... 20%
end-workflow	Install GH CLI	2026-03-05T13:18:54.2792842Z (Reading database ... 25%
end-workflow	Install GH CLI	2026-03-05T13:18:54.2793351Z (Reading database ... 30%
end-workflow	Install GH CLI	2026-03-05T13:18:54.2793748Z (Reading database ... 35%
end-workflow	Install GH CLI	2026-03-05T13:18:54.2794359Z (Reading database ... 40%
end-workflow	Install GH CLI	2026-03-05T13:18:54.2796561Z (Reading database ... 45%
end-workflow	Install GH CLI	2026-03-05T13:18:54.2796974Z (Reading database ... 50%
end-workflow	Install GH CLI	2026-03-05T13:18:54.2797414Z (Reading database ... 55%
end-workflow	Install GH CLI	2026-03-05T13:18:54.2798014Z (Reading database ... 60%
end-workflow	Install GH CLI	2026-03-05T13:18:54.2819613Z (Reading database ... 65%
end-workflow	Install GH CLI	2026-03-05T13:18:54.2923360Z (Reading database ... 70%
end-workflow	Install GH CLI	2026-03-05T13:18:54.2936133Z (Reading database ... 75%
end-workflow	Install GH CLI	2026-03-05T13:18:54.2960544Z (Reading database ... 80%
end-workflow	Install GH CLI	2026-03-05T13:18:54.2975912Z (Reading database ... 85%
end-workflow	Install GH CLI	2026-03-05T13:18:54.3017208Z (Reading database ... 90%
end-workflow	Install GH CLI	2026-03-05T13:18:54.3044146Z (Reading database ... 95%
end-workflow	Install GH CLI	2026-03-05T13:18:54.3055372Z (Reading database ... 100%
end-workflow	Install GH CLI	2026-03-05T13:18:54.3056039Z (Reading database ... 14387 files and directories currently installed.)
end-workflow	Install GH CLI	2026-03-05T13:18:54.3062248Z Preparing to unpack .../archives/gh_2.87.3_amd64.deb ...
end-workflow	Install GH CLI	2026-03-05T13:18:54.3454149Z Unpacking gh (2.87.3) ...
end-workflow	Install GH CLI	2026-03-05T13:18:54.7955432Z Setting up gh (2.87.3) ...
end-workflow	Trigger Inspector	﻿2026-03-05T13:18:54.8769658Z ##[group]Run gh workflow run inspector.yml \
end-workflow	Trigger Inspector	2026-03-05T13:18:54.8770096Z [36;1mgh workflow run inspector.yml \[0m
end-workflow	Trigger Inspector	2026-03-05T13:18:54.8770477Z [36;1m  -f workflow_name="Ka0s Docs Auto-Update -> Index" \[0m
end-workflow	Trigger Inspector	2026-03-05T13:18:54.8770843Z [36;1m  -f run_id="22719684289" \[0m
end-workflow	Trigger Inspector	2026-03-05T13:18:54.8771101Z [36;1m  -f status="success"[0m
end-workflow	Trigger Inspector	2026-03-05T13:18:54.8802760Z shell: /usr/bin/bash -e {0}
end-workflow	Trigger Inspector	2026-03-05T13:18:54.8803027Z env:
end-workflow	Trigger Inspector	2026-03-05T13:18:54.8803234Z   KAOS_MODULE: [Ka0S] Docs Index Auto-Update
end-workflow	Trigger Inspector	2026-03-05T13:18:54.8803513Z   KAOS_CODE: 22719684289
end-workflow	Trigger Inspector	2026-03-05T13:18:54.8804143Z   GH_TOKEN: ***
end-workflow	Trigger Inspector	2026-03-05T13:18:54.8804330Z ##[endgroup]
end-workflow	Trigger Inspector	2026-03-05T13:18:56.9905773Z https://github.com/Ka0s-Klaus/ka0s/actions/runs/22719770222
end-workflow	Post Checkout repository	﻿2026-03-05T13:18:57.0814078Z Post job cleanup.
end-workflow	Post Checkout repository	2026-03-05T13:18:57.4571980Z [command]/usr/bin/git version
end-workflow	Post Checkout repository	2026-03-05T13:18:57.4669088Z git version 2.53.0
end-workflow	Post Checkout repository	2026-03-05T13:18:57.4802963Z Temporarily overriding HOME='/home/runner/_work/_temp/f8385c77-9ca0-422c-9d07-9336e064458f' before making global git config changes
end-workflow	Post Checkout repository	2026-03-05T13:18:57.4803811Z Adding repository directory to the temporary git global config as a safe directory
end-workflow	Post Checkout repository	2026-03-05T13:18:57.4804458Z [command]/usr/bin/git config --global --add safe.directory /home/runner/_work/ka0s/ka0s
end-workflow	Post Checkout repository	2026-03-05T13:18:57.4948518Z [command]/usr/bin/git config --local --name-only --get-regexp core\.sshCommand
end-workflow	Post Checkout repository	2026-03-05T13:18:57.5106629Z [command]/usr/bin/git submodule foreach --recursive sh -c "git config --local --name-only --get-regexp 'core\.sshCommand' && git config --local --unset-all 'core.sshCommand' || :"
end-workflow	Post Checkout repository	2026-03-05T13:18:57.6028334Z [command]/usr/bin/git config --local --name-only --get-regexp http\.https\:\/\/github\.com\/\.extraheader
end-workflow	Post Checkout repository	2026-03-05T13:18:57.6085155Z http.https://github.com/.extraheader
end-workflow	Post Checkout repository	2026-03-05T13:18:57.6106593Z [command]/usr/bin/git config --local --unset-all http.https://github.com/.extraheader
end-workflow	Post Checkout repository	2026-03-05T13:18:57.6168881Z [command]/usr/bin/git submodule foreach --recursive sh -c "git config --local --name-only --get-regexp 'http\.https\:\/\/github\.com\/\.extraheader' && git config --local --unset-all 'http.https://github.com/.extraheader' || :"
end-workflow	Post Checkout repository	2026-03-05T13:18:57.6827679Z [command]/usr/bin/git config --local --name-only --get-regexp ^includeIf\.gitdir:
end-workflow	Post Checkout repository	2026-03-05T13:18:57.6901512Z [command]/usr/bin/git submodule foreach --recursive git config --local --show-origin --name-only --get-regexp remote.origin.url
end-workflow	Complete job	﻿2026-03-05T13:18:57.7770330Z Cleaning up orphan processes
