update-index	Set up job	﻿2026-03-12T16:18:19.2471530Z Current runner version: '2.332.0'
update-index	Set up job	2026-03-12T16:18:19.2496048Z Runner name: 'swarm-runners-scaleset-hkss5-runner-r928g'
update-index	Set up job	2026-03-12T16:18:19.2497188Z Runner group name: 'Default'
update-index	Set up job	2026-03-12T16:18:19.2498562Z Machine name: 'swarm-runners-scaleset-hkss5-runner-r928g'
update-index	Set up job	2026-03-12T16:18:19.2514630Z ##[group]GITHUB_TOKEN Permissions
update-index	Set up job	2026-03-12T16:18:19.2517732Z Contents: write
update-index	Set up job	2026-03-12T16:18:19.2518426Z Metadata: read
update-index	Set up job	2026-03-12T16:18:19.2530453Z ##[endgroup]
update-index	Set up job	2026-03-12T16:18:19.2533522Z Secret source: Actions
update-index	Set up job	2026-03-12T16:18:19.2534313Z Prepare workflow directory
update-index	Set up job	2026-03-12T16:18:19.3693991Z Prepare all required actions
update-index	Set up job	2026-03-12T16:18:19.3851840Z Getting action download info
update-index	Set up job	2026-03-12T16:18:20.3050912Z Download action repository 'actions/checkout@v4' (SHA:34e114876b0b11c390a56381ad16ebd13914f8d5)
update-index	Set up job	2026-03-12T16:18:21.4045177Z Download action repository 'actions/setup-python@v5' (SHA:a26af69be951a213d495a4c3e4e4022e16d87065)
update-index	Set up job	2026-03-12T16:18:22.4780954Z Download action repository 'stefanzweifel/git-auto-commit-action@v5' (SHA:b863ae1933cb653a53c021fe36dbb774e1fb9403)
update-index	Set up job	2026-03-12T16:18:23.4563385Z Complete job name: update-index
update-index	Checkout code	﻿2026-03-12T16:18:23.7453198Z ##[group]Run actions/checkout@v4
update-index	Checkout code	2026-03-12T16:18:23.7454614Z with:
update-index	Checkout code	2026-03-12T16:18:23.7455276Z   repository: Ka0s-Klaus/ka0s
update-index	Checkout code	2026-03-12T16:18:23.7456464Z   token: ***
update-index	Checkout code	2026-03-12T16:18:23.7457106Z   ssh-strict: true
update-index	Checkout code	2026-03-12T16:18:23.7457788Z   ssh-user: git
update-index	Checkout code	2026-03-12T16:18:23.7458461Z   persist-credentials: true
update-index	Checkout code	2026-03-12T16:18:23.7459955Z   clean: true
update-index	Checkout code	2026-03-12T16:18:23.7460672Z   sparse-checkout-cone-mode: true
update-index	Checkout code	2026-03-12T16:18:23.7461498Z   fetch-depth: 1
update-index	Checkout code	2026-03-12T16:18:23.7462158Z   fetch-tags: false
update-index	Checkout code	2026-03-12T16:18:23.7462839Z   show-progress: true
update-index	Checkout code	2026-03-12T16:18:23.7463553Z   lfs: false
update-index	Checkout code	2026-03-12T16:18:23.7464183Z   submodules: false
update-index	Checkout code	2026-03-12T16:18:23.7464904Z   set-safe-directory: true
update-index	Checkout code	2026-03-12T16:18:23.7466058Z env:
update-index	Checkout code	2026-03-12T16:18:23.7466775Z   KAOS_MODULE: [Ka0S] Docs Index Auto-Update
update-index	Checkout code	2026-03-12T16:18:23.7467651Z   KAOS_CODE: 23012063567
update-index	Checkout code	2026-03-12T16:18:23.7468406Z ##[endgroup]
update-index	Checkout code	2026-03-12T16:18:24.0536255Z Syncing repository: Ka0s-Klaus/ka0s
update-index	Checkout code	2026-03-12T16:18:24.0538735Z ##[group]Getting Git version info
update-index	Checkout code	2026-03-12T16:18:24.0540156Z Working directory is '/home/runner/_work/ka0s/ka0s'
update-index	Checkout code	2026-03-12T16:18:24.0541800Z [command]/usr/bin/git version
update-index	Checkout code	2026-03-12T16:18:24.0805259Z git version 2.53.0
update-index	Checkout code	2026-03-12T16:18:24.1231277Z ##[endgroup]
update-index	Checkout code	2026-03-12T16:18:24.1447078Z Temporarily overriding HOME='/home/runner/_work/_temp/1a832cfd-d5a4-445c-995b-cad42160d45f' before making global git config changes
update-index	Checkout code	2026-03-12T16:18:24.1492914Z Adding repository directory to the temporary git global config as a safe directory
update-index	Checkout code	2026-03-12T16:18:24.1592821Z [command]/usr/bin/git config --global --add safe.directory /home/runner/_work/ka0s/ka0s
update-index	Checkout code	2026-03-12T16:18:24.1808227Z Deleting the contents of '/home/runner/_work/ka0s/ka0s'
update-index	Checkout code	2026-03-12T16:18:24.1852370Z ##[group]Initializing the repository
update-index	Checkout code	2026-03-12T16:18:24.2138301Z [command]/usr/bin/git init /home/runner/_work/ka0s/ka0s
update-index	Checkout code	2026-03-12T16:18:24.2498088Z hint: Using 'master' as the name for the initial branch. This default branch name
update-index	Checkout code	2026-03-12T16:18:24.2500643Z hint: will change to "main" in Git 3.0. To configure the initial branch name
update-index	Checkout code	2026-03-12T16:18:24.2506753Z hint: to use in all of your new repositories, which will suppress this warning,
update-index	Checkout code	2026-03-12T16:18:24.2526086Z hint: call:
update-index	Checkout code	2026-03-12T16:18:24.2535522Z hint:
update-index	Checkout code	2026-03-12T16:18:24.2539818Z hint: 	git config --global init.defaultBranch <name>
update-index	Checkout code	2026-03-12T16:18:24.2563175Z hint:
update-index	Checkout code	2026-03-12T16:18:24.2564629Z hint: Names commonly chosen instead of 'master' are 'main', 'trunk' and
update-index	Checkout code	2026-03-12T16:18:24.2569900Z hint: 'development'. The just-created branch can be renamed via this command:
update-index	Checkout code	2026-03-12T16:18:24.2585609Z hint:
update-index	Checkout code	2026-03-12T16:18:24.2602262Z hint: 	git branch -m <name>
update-index	Checkout code	2026-03-12T16:18:24.2616925Z hint:
update-index	Checkout code	2026-03-12T16:18:24.2672597Z hint: Disable this message with "git config set advice.defaultBranchName false"
update-index	Checkout code	2026-03-12T16:18:24.2674334Z Initialized empty Git repository in /home/runner/_work/ka0s/ka0s/.git/
update-index	Checkout code	2026-03-12T16:18:24.2677975Z [command]/usr/bin/git remote add origin https://github.com/Ka0s-Klaus/ka0s
update-index	Checkout code	2026-03-12T16:18:24.2971499Z ##[endgroup]
update-index	Checkout code	2026-03-12T16:18:24.2972856Z ##[group]Disabling automatic garbage collection
update-index	Checkout code	2026-03-12T16:18:24.2973970Z [command]/usr/bin/git config --local gc.auto 0
update-index	Checkout code	2026-03-12T16:18:24.3181669Z ##[endgroup]
update-index	Checkout code	2026-03-12T16:18:24.3192603Z ##[group]Setting up auth
update-index	Checkout code	2026-03-12T16:18:24.3276840Z [command]/usr/bin/git config --local --name-only --get-regexp core\.sshCommand
update-index	Checkout code	2026-03-12T16:18:24.3453331Z [command]/usr/bin/git submodule foreach --recursive sh -c "git config --local --name-only --get-regexp 'core\.sshCommand' && git config --local --unset-all 'core.sshCommand' || :"
update-index	Checkout code	2026-03-12T16:18:24.5170681Z [command]/usr/bin/git config --local --name-only --get-regexp http\.https\:\/\/github\.com\/\.extraheader
update-index	Checkout code	2026-03-12T16:18:24.5279245Z [command]/usr/bin/git submodule foreach --recursive sh -c "git config --local --name-only --get-regexp 'http\.https\:\/\/github\.com\/\.extraheader' && git config --local --unset-all 'http.https://github.com/.extraheader' || :"
update-index	Checkout code	2026-03-12T16:18:24.6128299Z [command]/usr/bin/git config --local --name-only --get-regexp ^includeIf\.gitdir:
update-index	Checkout code	2026-03-12T16:18:24.6202999Z [command]/usr/bin/git submodule foreach --recursive git config --local --show-origin --name-only --get-regexp remote.origin.url
update-index	Checkout code	2026-03-12T16:18:24.7053743Z [command]/usr/bin/git config --local http.https://github.com/.extraheader AUTHORIZATION: basic ***
update-index	Checkout code	2026-03-12T16:18:24.7131088Z ##[endgroup]
update-index	Checkout code	2026-03-12T16:18:24.7134221Z ##[group]Fetching the repository
update-index	Checkout code	2026-03-12T16:18:24.7152972Z [command]/usr/bin/git -c protocol.version=2 fetch --no-tags --prune --no-recurse-submodules --depth=1 origin +0b9d2674b1f18d1fbd8ff50cd10d4959beb6f3e0:refs/remotes/origin/main
update-index	Checkout code	2026-03-12T16:18:44.7723478Z From https://github.com/Ka0s-Klaus/ka0s
update-index	Checkout code	2026-03-12T16:18:44.7724528Z  * [new ref]         0b9d2674b1f18d1fbd8ff50cd10d4959beb6f3e0 -> origin/main
update-index	Checkout code	2026-03-12T16:18:44.7787839Z ##[endgroup]
update-index	Checkout code	2026-03-12T16:18:44.7798219Z ##[group]Determining the checkout info
update-index	Checkout code	2026-03-12T16:18:44.7799790Z ##[endgroup]
update-index	Checkout code	2026-03-12T16:18:44.7805450Z [command]/usr/bin/git sparse-checkout disable
update-index	Checkout code	2026-03-12T16:18:44.7922107Z [command]/usr/bin/git config --local --unset-all extensions.worktreeConfig
update-index	Checkout code	2026-03-12T16:18:44.8021302Z ##[group]Checking out the ref
update-index	Checkout code	2026-03-12T16:18:44.8048138Z [command]/usr/bin/git checkout --progress --force -B main refs/remotes/origin/main
update-index	Checkout code	2026-03-12T16:18:46.3149586Z Updating files: 100% (2787/2787)
update-index	Checkout code	2026-03-12T16:18:46.3165890Z Updating files: 100% (2787/2787), done.
update-index	Checkout code	2026-03-12T16:18:46.3175115Z Switched to a new branch 'main'
update-index	Checkout code	2026-03-12T16:18:46.3181025Z branch 'main' set up to track 'origin/main'.
update-index	Checkout code	2026-03-12T16:18:46.3388003Z ##[endgroup]
update-index	Checkout code	2026-03-12T16:18:46.3471472Z [command]/usr/bin/git log -1 --format=%H
update-index	Checkout code	2026-03-12T16:18:46.3550304Z 0b9d2674b1f18d1fbd8ff50cd10d4959beb6f3e0
update-index	Set up Python	﻿2026-03-12T16:18:46.4909774Z ##[group]Run actions/setup-python@v5
update-index	Set up Python	2026-03-12T16:18:46.4910183Z with:
update-index	Set up Python	2026-03-12T16:18:46.4910378Z   python-version: 3.x
update-index	Set up Python	2026-03-12T16:18:46.4910631Z   check-latest: false
update-index	Set up Python	2026-03-12T16:18:46.4911175Z   token: ***
update-index	Set up Python	2026-03-12T16:18:46.4911382Z   update-environment: true
update-index	Set up Python	2026-03-12T16:18:46.4911633Z   allow-prereleases: false
update-index	Set up Python	2026-03-12T16:18:46.4911862Z   freethreaded: false
update-index	Set up Python	2026-03-12T16:18:46.4912072Z env:
update-index	Set up Python	2026-03-12T16:18:46.4912282Z   KAOS_MODULE: [Ka0S] Docs Index Auto-Update
update-index	Set up Python	2026-03-12T16:18:46.4912578Z   KAOS_CODE: 23012063567
update-index	Set up Python	2026-03-12T16:18:46.4912788Z ##[endgroup]
update-index	Set up Python	2026-03-12T16:18:46.8070966Z ##[group]Installed versions
update-index	Set up Python	2026-03-12T16:18:46.8072168Z Version 3.x was not found in the local cache
update-index	Set up Python	2026-03-12T16:18:47.9445900Z Version 3.x is available for downloading
update-index	Set up Python	2026-03-12T16:18:47.9446645Z Download from "https://github.com/actions/python-versions/releases/download/3.14.3-21673711214/python-3.14.3-linux-24.04-x64.tar.gz"
update-index	Set up Python	2026-03-12T16:18:51.0992078Z Extract downloaded archive
update-index	Set up Python	2026-03-12T16:18:51.1196298Z [command]/usr/bin/tar xz --warning=no-unknown-keyword --overwrite -C /home/runner/_work/_temp/e11260b2-94b8-4134-8da5-13d364b65412 -f /home/runner/_work/_temp/3d045415-e0eb-43aa-babe-e5185a6a6ee1
update-index	Set up Python	2026-03-12T16:18:57.0788280Z Execute installation script
update-index	Set up Python	2026-03-12T16:18:57.0921419Z Check if Python hostedtoolcache folder exist...
update-index	Set up Python	2026-03-12T16:18:57.0922071Z Creating Python hostedtoolcache folder...
update-index	Set up Python	2026-03-12T16:18:57.0969912Z Create Python 3.14.3 folder
update-index	Set up Python	2026-03-12T16:18:57.1024318Z Copy Python binaries to hostedtoolcache folder
update-index	Set up Python	2026-03-12T16:18:58.8803479Z Create additional symlinks (Required for the UsePythonVersion Azure Pipelines task and the setup-python GitHub Action)
update-index	Set up Python	2026-03-12T16:18:58.8961936Z Upgrading pip...
update-index	Set up Python	2026-03-12T16:19:05.2609616Z Looking in links: /tmp/tmpf6wp33kx
update-index	Set up Python	2026-03-12T16:19:05.2612793Z Requirement already satisfied: pip in /home/runner/_work/_tool/Python/3.14.3/x64/lib/python3.14/site-packages (25.3)
update-index	Set up Python	2026-03-12T16:19:08.5622402Z Collecting pip
update-index	Set up Python	2026-03-12T16:19:08.6502543Z Downloading pip-26.0.1-py3-none-any.whl.metadata (4.7 kB)
update-index	Set up Python	2026-03-12T16:19:08.6701231Z Downloading pip-26.0.1-py3-none-any.whl (1.8 MB)
update-index	Set up Python	2026-03-12T16:19:08.7421957Z ━━━━━━━━━━━━━━━━━━━━━━━━━━━━━━━━━━━━━━━━ 1.8/1.8 MB 36.0 MB/s  0:00:00
update-index	Set up Python	2026-03-12T16:19:08.8097358Z Installing collected packages: pip
update-index	Set up Python	2026-03-12T16:19:08.8097776Z Attempting uninstall: pip
update-index	Set up Python	2026-03-12T16:19:08.8212898Z Found existing installation: pip 25.3
update-index	Set up Python	2026-03-12T16:19:09.0632178Z Uninstalling pip-25.3:
update-index	Set up Python	2026-03-12T16:19:09.0832835Z Successfully uninstalled pip-25.3
update-index	Set up Python	2026-03-12T16:19:12.7210065Z Successfully installed pip-26.0.1
update-index	Set up Python	2026-03-12T16:19:13.0529367Z Create complete file
update-index	Set up Python	2026-03-12T16:19:13.0729568Z Successfully set up CPython (3.14.3)
update-index	Set up Python	2026-03-12T16:19:13.0730267Z ##[endgroup]
update-index	Run Index Generator	﻿2026-03-12T16:19:13.1545542Z ##[group]Run python .github/scripts/update-docs-index.py
update-index	Run Index Generator	2026-03-12T16:19:13.1546132Z [36;1mpython .github/scripts/update-docs-index.py[0m
update-index	Run Index Generator	2026-03-12T16:19:13.1584326Z shell: /usr/bin/bash -e {0}
update-index	Run Index Generator	2026-03-12T16:19:13.1584632Z env:
update-index	Run Index Generator	2026-03-12T16:19:13.1584855Z   KAOS_MODULE: [Ka0S] Docs Index Auto-Update
update-index	Run Index Generator	2026-03-12T16:19:13.1585176Z   KAOS_CODE: 23012063567
update-index	Run Index Generator	2026-03-12T16:19:13.1585482Z   pythonLocation: /home/runner/_work/_tool/Python/3.14.3/x64
update-index	Run Index Generator	2026-03-12T16:19:13.1585949Z   PKG_CONFIG_PATH: /home/runner/_work/_tool/Python/3.14.3/x64/lib/pkgconfig
update-index	Run Index Generator	2026-03-12T16:19:13.1586415Z   Python_ROOT_DIR: /home/runner/_work/_tool/Python/3.14.3/x64
update-index	Run Index Generator	2026-03-12T16:19:13.1586841Z   Python2_ROOT_DIR: /home/runner/_work/_tool/Python/3.14.3/x64
update-index	Run Index Generator	2026-03-12T16:19:13.1587255Z   Python3_ROOT_DIR: /home/runner/_work/_tool/Python/3.14.3/x64
update-index	Run Index Generator	2026-03-12T16:19:13.1587679Z   LD_LIBRARY_PATH: /home/runner/_work/_tool/Python/3.14.3/x64/lib
update-index	Run Index Generator	2026-03-12T16:19:13.1588036Z ##[endgroup]
update-index	Run Index Generator	2026-03-12T16:19:13.2197375Z Updated core/docs/README.md
update-index	Run Index Generator	2026-03-12T16:19:13.2201772Z Updated index.md
update-index	Run Index Generator	2026-03-12T16:19:13.2210755Z Found 'nav:' section at line 61, ending at line 122
update-index	Run Index Generator	2026-03-12T16:19:13.2211088Z Updated mkdocs.yml
update-index	Run Index Generator	2026-03-12T16:19:13.2211293Z Done.
update-index	Commit changes	﻿2026-03-12T16:19:13.2826557Z ##[group]Run stefanzweifel/git-auto-commit-action@v5
update-index	Commit changes	2026-03-12T16:19:13.2826977Z with:
update-index	Commit changes	2026-03-12T16:19:13.2827246Z   commit_message: docs: auto-update README index [skip ci]
update-index	Commit changes	2026-03-12T16:19:13.2827615Z   file_pattern: core/docs/README.md index.md
update-index	Commit changes	2026-03-12T16:19:13.2827902Z   repository: .
update-index	Commit changes	2026-03-12T16:19:13.2828132Z   commit_user_name: github-actions[bot]
update-index	Commit changes	2026-03-12T16:19:13.2828542Z   commit_user_email: 41898282+github-actions[bot]@users.noreply.github.com
update-index	Commit changes	2026-03-12T16:19:13.2841962Z   commit_author: asantacana1970 <99519449+asantacana1970@users.noreply.github.com>
update-index	Commit changes	2026-03-12T16:19:13.2842646Z   skip_dirty_check: false
update-index	Commit changes	2026-03-12T16:19:13.2842869Z   skip_fetch: false
update-index	Commit changes	2026-03-12T16:19:13.2843081Z   skip_checkout: false
update-index	Commit changes	2026-03-12T16:19:13.2843294Z   disable_globbing: false
update-index	Commit changes	2026-03-12T16:19:13.2843517Z   create_branch: false
update-index	Commit changes	2026-03-12T16:19:13.2843952Z   create_git_tag_only: false
update-index	Commit changes	2026-03-12T16:19:13.2844272Z   internal_git_binary: git
update-index	Commit changes	2026-03-12T16:19:13.2844509Z env:
update-index	Commit changes	2026-03-12T16:19:13.2844708Z   KAOS_MODULE: [Ka0S] Docs Index Auto-Update
update-index	Commit changes	2026-03-12T16:19:13.2845493Z   KAOS_CODE: 23012063567
update-index	Commit changes	2026-03-12T16:19:13.2845804Z   pythonLocation: /home/runner/_work/_tool/Python/3.14.3/x64
update-index	Commit changes	2026-03-12T16:19:13.2846272Z   PKG_CONFIG_PATH: /home/runner/_work/_tool/Python/3.14.3/x64/lib/pkgconfig
update-index	Commit changes	2026-03-12T16:19:13.2846743Z   Python_ROOT_DIR: /home/runner/_work/_tool/Python/3.14.3/x64
update-index	Commit changes	2026-03-12T16:19:13.2847168Z   Python2_ROOT_DIR: /home/runner/_work/_tool/Python/3.14.3/x64
update-index	Commit changes	2026-03-12T16:19:13.2847585Z   Python3_ROOT_DIR: /home/runner/_work/_tool/Python/3.14.3/x64
update-index	Commit changes	2026-03-12T16:19:13.2848015Z   LD_LIBRARY_PATH: /home/runner/_work/_tool/Python/3.14.3/x64/lib
update-index	Commit changes	2026-03-12T16:19:13.2848373Z ##[endgroup]
update-index	Commit changes	2026-03-12T16:19:13.7741163Z Started: bash /home/runner/_work/_actions/stefanzweifel/git-auto-commit-action/v5/entrypoint.sh
update-index	Commit changes	2026-03-12T16:19:13.8210706Z INPUT_REPOSITORY value: .
update-index	Commit changes	2026-03-12T16:19:13.8319942Z INPUT_STATUS_OPTIONS: 
update-index	Commit changes	2026-03-12T16:19:13.8433402Z INPUT_FILE_PATTERN: core/docs/README.md index.md
update-index	Commit changes	2026-03-12T16:19:14.1959901Z INPUT_BRANCH value: 
update-index	Commit changes	2026-03-12T16:19:27.0299732Z From https://github.com/Ka0s-Klaus/ka0s
update-index	Commit changes	2026-03-12T16:19:27.0318618Z  * [new branch]      F3450-modelo-operativo  -> origin/F3450-modelo-operativo
update-index	Commit changes	2026-03-12T16:19:27.0320105Z  * [new branch]      H3596-deploy-itop       -> origin/H3596-deploy-itop
update-index	Commit changes	2026-03-12T16:19:27.0320750Z  * [new branch]      H4170-flujo-detallado-zabbix---github -> origin/H4170-flujo-detallado-zabbix---github
update-index	Commit changes	2026-03-12T16:19:27.0321411Z  * [new branch]      H4191-request-cambios   -> origin/H4191-request-cambios
update-index	Commit changes	2026-03-12T16:19:27.0322120Z  * [new branch]      H4200-request-recomendaciones-de-auditoria -> origin/H4200-request-recomendaciones-de-auditoria
update-index	Commit changes	2026-03-12T16:19:27.0322999Z  * [new branch]      H4322-request-plan-de-pruebas-de-agentes -> origin/H4322-request-plan-de-pruebas-de-agentes
update-index	Commit changes	2026-03-12T16:19:27.0323789Z  * [new branch]      chore/incident-cancelation-guard -> origin/chore/incident-cancelation-guard
update-index	Commit changes	2026-03-12T16:19:27.0324421Z  * [new branch]      chore/itop-debug-list   -> origin/chore/itop-debug-list
update-index	Commit changes	2026-03-12T16:19:27.0325016Z  * [new branch]      chore/itop-debug-url-version -> origin/chore/itop-debug-url-version
update-index	Commit changes	2026-03-12T16:19:27.0325600Z  * [new branch]      chore/itop-debug-version -> origin/chore/itop-debug-version
update-index	Commit changes	2026-03-12T16:19:27.0326168Z  * [new branch]      chore/remove-itop-debug-list -> origin/chore/remove-itop-debug-list
update-index	Commit changes	2026-03-12T16:19:27.0326851Z  * [new branch]      fix/cmdb-full-sync-sparse-checkout -> origin/fix/cmdb-full-sync-sparse-checkout
update-index	Commit changes	2026-03-12T16:19:27.0327529Z  * [new branch]      fix/itop-list-orgs-on-missing -> origin/fix/itop-list-orgs-on-missing
update-index	Commit changes	2026-03-12T16:19:27.0328106Z  * [new branch]      fix/itop-org-id-numeric -> origin/fix/itop-org-id-numeric
update-index	Commit changes	2026-03-12T16:19:27.0328623Z  * [new branch]      fix/itop-ssl-verify     -> origin/fix/itop-ssl-verify
update-index	Commit changes	2026-03-12T16:19:27.0330196Z  * [new branch]      fix/itop-use-version-in-url -> origin/fix/itop-use-version-in-url
update-index	Commit changes	2026-03-12T16:19:27.1542870Z M	core/docs/README.md
update-index	Commit changes	2026-03-12T16:19:27.1543665Z M	index.md
update-index	Commit changes	2026-03-12T16:19:27.1543864Z M	mkdocs.yml
update-index	Commit changes	2026-03-12T16:19:27.1544090Z Your branch is up to date with 'origin/main'.
update-index	Commit changes	2026-03-12T16:19:27.1578058Z INPUT_ADD_OPTIONS: 
update-index	Commit changes	2026-03-12T16:19:27.1595249Z INPUT_FILE_PATTERN: core/docs/README.md index.md
update-index	Commit changes	2026-03-12T16:19:27.1780232Z INPUT_COMMIT_OPTIONS: 
update-index	Commit changes	2026-03-12T16:19:27.1793817Z INPUT_COMMIT_USER_NAME: github-actions[bot]
update-index	Commit changes	2026-03-12T16:19:27.1794306Z INPUT_COMMIT_USER_EMAIL: 41898282+github-actions[bot]@users.noreply.github.com
update-index	Commit changes	2026-03-12T16:19:27.1794823Z INPUT_COMMIT_MESSAGE: docs: auto-update README index [skip ci]
update-index	Commit changes	2026-03-12T16:19:27.1795367Z INPUT_COMMIT_AUTHOR: asantacana1970 <99519449+asantacana1970@users.noreply.github.com>
update-index	Commit changes	2026-03-12T16:19:27.2420762Z [main c232c73] docs: auto-update README index [skip ci]
update-index	Commit changes	2026-03-12T16:19:27.2440612Z  Author: asantacana1970 <99519449+asantacana1970@users.noreply.github.com>
update-index	Commit changes	2026-03-12T16:19:27.2441199Z  2 files changed, 2 insertions(+), 2 deletions(-)
update-index	Commit changes	2026-03-12T16:19:27.2560361Z INPUT_TAGGING_MESSAGE: 
update-index	Commit changes	2026-03-12T16:19:27.2564358Z No tagging message supplied. No tag will be added.
update-index	Commit changes	2026-03-12T16:19:27.2572469Z INPUT_PUSH_OPTIONS: 
update-index	Commit changes	2026-03-12T16:19:28.3499862Z To https://github.com/Ka0s-Klaus/ka0s
update-index	Commit changes	2026-03-12T16:19:28.3502227Z    0b9d267..c232c73  main -> main
update-index	Post Set up Python	﻿2026-03-12T16:19:28.4260616Z Post job cleanup.
update-index	Post Checkout code	﻿2026-03-12T16:19:28.9960648Z Post job cleanup.
update-index	Post Checkout code	2026-03-12T16:19:29.5160597Z [command]/usr/bin/git version
update-index	Post Checkout code	2026-03-12T16:19:29.5390349Z git version 2.53.0
update-index	Post Checkout code	2026-03-12T16:19:29.5598182Z Temporarily overriding HOME='/home/runner/_work/_temp/eb049d9c-9a76-4517-bf48-9335d04dd1d5' before making global git config changes
update-index	Post Checkout code	2026-03-12T16:19:29.5620336Z Adding repository directory to the temporary git global config as a safe directory
update-index	Post Checkout code	2026-03-12T16:19:29.5629731Z [command]/usr/bin/git config --global --add safe.directory /home/runner/_work/ka0s/ka0s
update-index	Post Checkout code	2026-03-12T16:19:29.5806227Z [command]/usr/bin/git config --local --name-only --get-regexp core\.sshCommand
update-index	Post Checkout code	2026-03-12T16:19:29.6000521Z [command]/usr/bin/git submodule foreach --recursive sh -c "git config --local --name-only --get-regexp 'core\.sshCommand' && git config --local --unset-all 'core.sshCommand' || :"
update-index	Post Checkout code	2026-03-12T16:19:29.8193277Z [command]/usr/bin/git config --local --name-only --get-regexp http\.https\:\/\/github\.com\/\.extraheader
update-index	Post Checkout code	2026-03-12T16:19:29.8305842Z http.https://github.com/.extraheader
update-index	Post Checkout code	2026-03-12T16:19:29.8353415Z [command]/usr/bin/git config --local --unset-all http.https://github.com/.extraheader
update-index	Post Checkout code	2026-03-12T16:19:29.8454961Z [command]/usr/bin/git submodule foreach --recursive sh -c "git config --local --name-only --get-regexp 'http\.https\:\/\/github\.com\/\.extraheader' && git config --local --unset-all 'http.https://github.com/.extraheader' || :"
update-index	Post Checkout code	2026-03-12T16:19:29.9756198Z [command]/usr/bin/git config --local --name-only --get-regexp ^includeIf\.gitdir:
update-index	Post Checkout code	2026-03-12T16:19:30.0162949Z [command]/usr/bin/git submodule foreach --recursive git config --local --show-origin --name-only --get-regexp remote.origin.url
update-index	Complete job	﻿2026-03-12T16:19:30.2126645Z Cleaning up orphan processes
update-index	Complete job	2026-03-12T16:19:30.2381237Z ##[warning]Node.js 20 actions are deprecated. The following actions are running on Node.js 20 and may not work as expected: actions/checkout@v4, actions/setup-python@v5, stefanzweifel/git-auto-commit-action@v5. Actions will be forced to run with Node.js 24 by default starting June 2nd, 2026. Please check if updated versions of these actions are available that support Node.js 24. To opt into Node.js 24 now, set the FORCE_JAVASCRIPT_ACTIONS_TO_NODE24=true environment variable on the runner or in your workflow file. Once Node.js 24 becomes the default, you can temporarily opt out by setting ACTIONS_ALLOW_USE_UNSECURE_NODE_VERSION=true. For more information see: https://github.blog/changelog/2025-09-19-deprecation-of-node-20-on-github-actions-runners/
Handle Success	Set up job	﻿2026-03-12T16:19:50.6373698Z Current runner version: '2.332.0'
Handle Success	Set up job	2026-03-12T16:19:50.6443481Z Runner name: 'swarm-runners-scaleset-hkss5-runner-6dbkv'
Handle Success	Set up job	2026-03-12T16:19:50.6444776Z Runner group name: 'Default'
Handle Success	Set up job	2026-03-12T16:19:50.6446053Z Machine name: 'swarm-runners-scaleset-hkss5-runner-6dbkv'
Handle Success	Set up job	2026-03-12T16:19:50.6485023Z ##[group]GITHUB_TOKEN Permissions
Handle Success	Set up job	2026-03-12T16:19:50.6509584Z Contents: read
Handle Success	Set up job	2026-03-12T16:19:50.6510449Z Metadata: read
Handle Success	Set up job	2026-03-12T16:19:50.6523273Z ##[endgroup]
Handle Success	Set up job	2026-03-12T16:19:50.6528026Z Secret source: Actions
Handle Success	Set up job	2026-03-12T16:19:50.6537759Z Prepare workflow directory
Handle Success	Set up job	2026-03-12T16:19:51.0536414Z Prepare all required actions
Handle Success	Set up job	2026-03-12T16:19:51.1775464Z Complete job name: Handle Success
Handle Success	Log Success	﻿2026-03-12T16:19:51.7024849Z ##[group]Run echo "[Ka0S] Docs Index Auto-Update Success."
Handle Success	Log Success	2026-03-12T16:19:51.7025854Z [36;1mecho "[Ka0S] Docs Index Auto-Update Success."[0m
Handle Success	Log Success	2026-03-12T16:19:51.7057818Z shell: /usr/bin/bash -e {0}
Handle Success	Log Success	2026-03-12T16:19:51.7058679Z env:
Handle Success	Log Success	2026-03-12T16:19:51.7059211Z   KAOS_MODULE: [Ka0S] Docs Index Auto-Update
Handle Success	Log Success	2026-03-12T16:19:51.7059794Z   KAOS_CODE: 23012063567
Handle Success	Log Success	2026-03-12T16:19:51.7060211Z ##[endgroup]
Handle Success	Log Success	2026-03-12T16:19:52.0350088Z [Ka0S] Docs Index Auto-Update Success.
Handle Success	Complete job	﻿2026-03-12T16:19:52.1289393Z Cleaning up orphan processes
end-workflow	Set up job	﻿2026-03-12T16:20:17.2388564Z Current runner version: '2.332.0'
end-workflow	Set up job	2026-03-12T16:20:17.2407875Z Runner name: 'swarm-runners-scaleset-hkss5-runner-m2gsd'
end-workflow	Set up job	2026-03-12T16:20:17.2409254Z Runner group name: 'Default'
end-workflow	Set up job	2026-03-12T16:20:17.2410548Z Machine name: 'swarm-runners-scaleset-hkss5-runner-m2gsd'
end-workflow	Set up job	2026-03-12T16:20:17.2420938Z ##[group]GITHUB_TOKEN Permissions
end-workflow	Set up job	2026-03-12T16:20:17.2424250Z Actions: write
end-workflow	Set up job	2026-03-12T16:20:17.2424905Z Contents: read
end-workflow	Set up job	2026-03-12T16:20:17.2425543Z Metadata: read
end-workflow	Set up job	2026-03-12T16:20:17.2426203Z ##[endgroup]
end-workflow	Set up job	2026-03-12T16:20:17.2428607Z Secret source: Actions
end-workflow	Set up job	2026-03-12T16:20:17.2435148Z Prepare workflow directory
end-workflow	Set up job	2026-03-12T16:20:17.3654873Z Prepare all required actions
end-workflow	Set up job	2026-03-12T16:20:17.3714280Z Getting action download info
end-workflow	Set up job	2026-03-12T16:20:17.9444951Z Download action repository 'actions/checkout@v4' (SHA:34e114876b0b11c390a56381ad16ebd13914f8d5)
end-workflow	Set up job	2026-03-12T16:20:19.6857505Z Complete job name: end-workflow
end-workflow	Checkout repository	﻿2026-03-12T16:20:19.7726325Z ##[group]Run actions/checkout@v4
end-workflow	Checkout repository	2026-03-12T16:20:19.7727817Z with:
end-workflow	Checkout repository	2026-03-12T16:20:19.7728652Z   fetch-depth: 0
end-workflow	Checkout repository	2026-03-12T16:20:19.7729931Z   repository: Ka0s-Klaus/ka0s
end-workflow	Checkout repository	2026-03-12T16:20:19.7731333Z   token: ***
end-workflow	Checkout repository	2026-03-12T16:20:19.7732107Z   ssh-strict: true
end-workflow	Checkout repository	2026-03-12T16:20:19.7732897Z   ssh-user: git
end-workflow	Checkout repository	2026-03-12T16:20:19.7733714Z   persist-credentials: true
end-workflow	Checkout repository	2026-03-12T16:20:19.7734696Z   clean: true
end-workflow	Checkout repository	2026-03-12T16:20:19.7735552Z   sparse-checkout-cone-mode: true
end-workflow	Checkout repository	2026-03-12T16:20:19.7736562Z   fetch-tags: false
end-workflow	Checkout repository	2026-03-12T16:20:19.7737401Z   show-progress: true
end-workflow	Checkout repository	2026-03-12T16:20:19.7738239Z   lfs: false
end-workflow	Checkout repository	2026-03-12T16:20:19.7739563Z   submodules: false
end-workflow	Checkout repository	2026-03-12T16:20:19.7740384Z   set-safe-directory: true
end-workflow	Checkout repository	2026-03-12T16:20:19.7741792Z env:
end-workflow	Checkout repository	2026-03-12T16:20:19.7742758Z   KAOS_MODULE: [Ka0S] Docs Index Auto-Update
end-workflow	Checkout repository	2026-03-12T16:20:19.7743861Z   KAOS_CODE: 23012063567
end-workflow	Checkout repository	2026-03-12T16:20:19.7744822Z ##[endgroup]
end-workflow	Checkout repository	2026-03-12T16:20:19.9184943Z Syncing repository: Ka0s-Klaus/ka0s
end-workflow	Checkout repository	2026-03-12T16:20:19.9188231Z ##[group]Getting Git version info
end-workflow	Checkout repository	2026-03-12T16:20:19.9189820Z Working directory is '/home/runner/_work/ka0s/ka0s'
end-workflow	Checkout repository	2026-03-12T16:20:19.9191903Z [command]/usr/bin/git version
end-workflow	Checkout repository	2026-03-12T16:20:19.9192854Z git version 2.53.0
end-workflow	Checkout repository	2026-03-12T16:20:19.9245543Z ##[endgroup]
end-workflow	Checkout repository	2026-03-12T16:20:19.9261339Z Temporarily overriding HOME='/home/runner/_work/_temp/a9123612-2d62-4f37-b148-5f21ec2e25f0' before making global git config changes
end-workflow	Checkout repository	2026-03-12T16:20:19.9264249Z Adding repository directory to the temporary git global config as a safe directory
end-workflow	Checkout repository	2026-03-12T16:20:19.9266709Z [command]/usr/bin/git config --global --add safe.directory /home/runner/_work/ka0s/ka0s
end-workflow	Checkout repository	2026-03-12T16:20:19.9803322Z Deleting the contents of '/home/runner/_work/ka0s/ka0s'
end-workflow	Checkout repository	2026-03-12T16:20:19.9805498Z ##[group]Initializing the repository
end-workflow	Checkout repository	2026-03-12T16:20:19.9807597Z [command]/usr/bin/git init /home/runner/_work/ka0s/ka0s
end-workflow	Checkout repository	2026-03-12T16:20:20.1663016Z hint: Using 'master' as the name for the initial branch. This default branch name
end-workflow	Checkout repository	2026-03-12T16:20:20.1673437Z hint: will change to "main" in Git 3.0. To configure the initial branch name
end-workflow	Checkout repository	2026-03-12T16:20:20.1676626Z hint: to use in all of your new repositories, which will suppress this warning,
end-workflow	Checkout repository	2026-03-12T16:20:20.1692481Z hint: call:
end-workflow	Checkout repository	2026-03-12T16:20:20.1694100Z hint:
end-workflow	Checkout repository	2026-03-12T16:20:20.1695575Z hint: 	git config --global init.defaultBranch <name>
end-workflow	Checkout repository	2026-03-12T16:20:20.1697388Z hint:
end-workflow	Checkout repository	2026-03-12T16:20:20.1699295Z hint: Names commonly chosen instead of 'master' are 'main', 'trunk' and
end-workflow	Checkout repository	2026-03-12T16:20:20.1702166Z hint: 'development'. The just-created branch can be renamed via this command:
end-workflow	Checkout repository	2026-03-12T16:20:20.1704410Z hint:
end-workflow	Checkout repository	2026-03-12T16:20:20.1846515Z hint: 	git branch -m <name>
end-workflow	Checkout repository	2026-03-12T16:20:20.1848116Z hint:
end-workflow	Checkout repository	2026-03-12T16:20:20.1850211Z hint: Disable this message with "git config set advice.defaultBranchName false"
end-workflow	Checkout repository	2026-03-12T16:20:20.1853200Z Initialized empty Git repository in /home/runner/_work/ka0s/ka0s/.git/
end-workflow	Checkout repository	2026-03-12T16:20:20.1858134Z [command]/usr/bin/git remote add origin https://github.com/Ka0s-Klaus/ka0s
end-workflow	Checkout repository	2026-03-12T16:20:20.2489799Z ##[endgroup]
end-workflow	Checkout repository	2026-03-12T16:20:20.2491438Z ##[group]Disabling automatic garbage collection
end-workflow	Checkout repository	2026-03-12T16:20:20.2504838Z [command]/usr/bin/git config --local gc.auto 0
end-workflow	Checkout repository	2026-03-12T16:20:20.2819588Z ##[endgroup]
end-workflow	Checkout repository	2026-03-12T16:20:20.2821720Z ##[group]Setting up auth
end-workflow	Checkout repository	2026-03-12T16:20:20.2832186Z [command]/usr/bin/git config --local --name-only --get-regexp core\.sshCommand
end-workflow	Checkout repository	2026-03-12T16:20:20.2922235Z [command]/usr/bin/git submodule foreach --recursive sh -c "git config --local --name-only --get-regexp 'core\.sshCommand' && git config --local --unset-all 'core.sshCommand' || :"
end-workflow	Checkout repository	2026-03-12T16:20:20.3981306Z [command]/usr/bin/git config --local --name-only --get-regexp http\.https\:\/\/github\.com\/\.extraheader
end-workflow	Checkout repository	2026-03-12T16:20:20.4174647Z [command]/usr/bin/git submodule foreach --recursive sh -c "git config --local --name-only --get-regexp 'http\.https\:\/\/github\.com\/\.extraheader' && git config --local --unset-all 'http.https://github.com/.extraheader' || :"
end-workflow	Checkout repository	2026-03-12T16:20:20.4674262Z [command]/usr/bin/git config --local --name-only --get-regexp ^includeIf\.gitdir:
end-workflow	Checkout repository	2026-03-12T16:20:20.4697233Z [command]/usr/bin/git submodule foreach --recursive git config --local --show-origin --name-only --get-regexp remote.origin.url
end-workflow	Checkout repository	2026-03-12T16:20:20.5150874Z [command]/usr/bin/git config --local http.https://github.com/.extraheader AUTHORIZATION: basic ***
end-workflow	Checkout repository	2026-03-12T16:20:20.6340843Z ##[endgroup]
end-workflow	Checkout repository	2026-03-12T16:20:20.6577684Z ##[group]Fetching the repository
end-workflow	Checkout repository	2026-03-12T16:20:20.6683036Z [command]/usr/bin/git -c protocol.version=2 fetch --prune --no-recurse-submodules origin +refs/heads/*:refs/remotes/origin/* +refs/tags/*:refs/tags/*
end-workflow	Checkout repository	2026-03-12T16:21:21.7202668Z From https://github.com/Ka0s-Klaus/ka0s
end-workflow	Checkout repository	2026-03-12T16:21:21.7204000Z  * [new branch]          F3450-modelo-operativo  -> origin/F3450-modelo-operativo
end-workflow	Checkout repository	2026-03-12T16:21:21.7211823Z  * [new branch]          H3596-deploy-itop       -> origin/H3596-deploy-itop
end-workflow	Checkout repository	2026-03-12T16:21:21.7212610Z  * [new branch]          H4170-flujo-detallado-zabbix---github -> origin/H4170-flujo-detallado-zabbix---github
end-workflow	Checkout repository	2026-03-12T16:21:21.7213420Z  * [new branch]          H4191-request-cambios   -> origin/H4191-request-cambios
end-workflow	Checkout repository	2026-03-12T16:21:21.7214258Z  * [new branch]          H4200-request-recomendaciones-de-auditoria -> origin/H4200-request-recomendaciones-de-auditoria
end-workflow	Checkout repository	2026-03-12T16:21:21.7215243Z  * [new branch]          H4322-request-plan-de-pruebas-de-agentes -> origin/H4322-request-plan-de-pruebas-de-agentes
end-workflow	Checkout repository	2026-03-12T16:21:21.7216133Z  * [new branch]          chore/incident-cancelation-guard -> origin/chore/incident-cancelation-guard
end-workflow	Checkout repository	2026-03-12T16:21:21.7216841Z  * [new branch]          chore/itop-debug-list   -> origin/chore/itop-debug-list
end-workflow	Checkout repository	2026-03-12T16:21:21.7217510Z  * [new branch]          chore/itop-debug-url-version -> origin/chore/itop-debug-url-version
end-workflow	Checkout repository	2026-03-12T16:21:21.7218174Z  * [new branch]          chore/itop-debug-version -> origin/chore/itop-debug-version
end-workflow	Checkout repository	2026-03-12T16:21:21.7240134Z  * [new branch]          chore/remove-itop-debug-list -> origin/chore/remove-itop-debug-list
end-workflow	Checkout repository	2026-03-12T16:21:21.7241204Z  * [new branch]          fix/cmdb-full-sync-sparse-checkout -> origin/fix/cmdb-full-sync-sparse-checkout
end-workflow	Checkout repository	2026-03-12T16:21:21.7241997Z  * [new branch]          fix/itop-list-orgs-on-missing -> origin/fix/itop-list-orgs-on-missing
end-workflow	Checkout repository	2026-03-12T16:21:21.7242719Z  * [new branch]          fix/itop-org-id-numeric -> origin/fix/itop-org-id-numeric
end-workflow	Checkout repository	2026-03-12T16:21:21.7243353Z  * [new branch]          fix/itop-ssl-verify     -> origin/fix/itop-ssl-verify
end-workflow	Checkout repository	2026-03-12T16:21:21.7252797Z  * [new branch]          fix/itop-use-version-in-url -> origin/fix/itop-use-version-in-url
end-workflow	Checkout repository	2026-03-12T16:21:21.7253652Z  * [new branch]          main                    -> origin/main
end-workflow	Checkout repository	2026-03-12T16:21:21.7254083Z  * [new tag]             0.0.0                   -> 0.0.0
end-workflow	Checkout repository	2026-03-12T16:21:21.7254467Z  * [new tag]             0.0.1                   -> 0.0.1
end-workflow	Checkout repository	2026-03-12T16:21:21.7254848Z  * [new tag]             0.0.10                  -> 0.0.10
end-workflow	Checkout repository	2026-03-12T16:21:21.7255235Z  * [new tag]             0.0.100                 -> 0.0.100
end-workflow	Checkout repository	2026-03-12T16:21:21.7265680Z  * [new tag]             0.0.101                 -> 0.0.101
end-workflow	Checkout repository	2026-03-12T16:21:21.7266127Z  * [new tag]             0.0.102                 -> 0.0.102
end-workflow	Checkout repository	2026-03-12T16:21:21.7266533Z  * [new tag]             0.0.103                 -> 0.0.103
end-workflow	Checkout repository	2026-03-12T16:21:21.7266942Z  * [new tag]             0.0.104                 -> 0.0.104
end-workflow	Checkout repository	2026-03-12T16:21:21.7267341Z  * [new tag]             0.0.105                 -> 0.0.105
end-workflow	Checkout repository	2026-03-12T16:21:21.7267740Z  * [new tag]             0.0.106                 -> 0.0.106
end-workflow	Checkout repository	2026-03-12T16:21:21.7268190Z  * [new tag]             0.0.107                 -> 0.0.107
end-workflow	Checkout repository	2026-03-12T16:21:21.7268607Z  * [new tag]             0.0.108                 -> 0.0.108
end-workflow	Checkout repository	2026-03-12T16:21:21.7277478Z  * [new tag]             0.0.109                 -> 0.0.109
end-workflow	Checkout repository	2026-03-12T16:21:21.7278009Z  * [new tag]             0.0.11                  -> 0.0.11
end-workflow	Checkout repository	2026-03-12T16:21:21.7278396Z  * [new tag]             0.0.110                 -> 0.0.110
end-workflow	Checkout repository	2026-03-12T16:21:21.7289994Z  * [new tag]             0.0.111                 -> 0.0.111
end-workflow	Checkout repository	2026-03-12T16:21:21.7290499Z  * [new tag]             0.0.112                 -> 0.0.112
end-workflow	Checkout repository	2026-03-12T16:21:21.7290896Z  * [new tag]             0.0.113                 -> 0.0.113
end-workflow	Checkout repository	2026-03-12T16:21:21.7291271Z  * [new tag]             0.0.114                 -> 0.0.114
end-workflow	Checkout repository	2026-03-12T16:21:21.7291655Z  * [new tag]             0.0.115                 -> 0.0.115
end-workflow	Checkout repository	2026-03-12T16:21:21.7292039Z  * [new tag]             0.0.116                 -> 0.0.116
end-workflow	Checkout repository	2026-03-12T16:21:21.7292583Z  * [new tag]             0.0.117                 -> 0.0.117
end-workflow	Checkout repository	2026-03-12T16:21:21.7292967Z  * [new tag]             0.0.118                 -> 0.0.118
end-workflow	Checkout repository	2026-03-12T16:21:21.7293337Z  * [new tag]             0.0.119                 -> 0.0.119
end-workflow	Checkout repository	2026-03-12T16:21:21.7293715Z  * [new tag]             0.0.12                  -> 0.0.12
end-workflow	Checkout repository	2026-03-12T16:21:21.7294089Z  * [new tag]             0.0.120                 -> 0.0.120
end-workflow	Checkout repository	2026-03-12T16:21:21.7294460Z  * [new tag]             0.0.121                 -> 0.0.121
end-workflow	Checkout repository	2026-03-12T16:21:21.7294850Z  * [new tag]             0.0.122                 -> 0.0.122
end-workflow	Checkout repository	2026-03-12T16:21:21.7295229Z  * [new tag]             0.0.123                 -> 0.0.123
end-workflow	Checkout repository	2026-03-12T16:21:21.7295604Z  * [new tag]             0.0.124                 -> 0.0.124
end-workflow	Checkout repository	2026-03-12T16:21:21.7295992Z  * [new tag]             0.0.125                 -> 0.0.125
end-workflow	Checkout repository	2026-03-12T16:21:21.7296369Z  * [new tag]             0.0.126                 -> 0.0.126
end-workflow	Checkout repository	2026-03-12T16:21:21.7296748Z  * [new tag]             0.0.127                 -> 0.0.127
end-workflow	Checkout repository	2026-03-12T16:21:21.7297115Z  * [new tag]             0.0.128                 -> 0.0.128
end-workflow	Checkout repository	2026-03-12T16:21:21.7297493Z  * [new tag]             0.0.129                 -> 0.0.129
end-workflow	Checkout repository	2026-03-12T16:21:21.7297863Z  * [new tag]             0.0.13                  -> 0.0.13
end-workflow	Checkout repository	2026-03-12T16:21:21.7298240Z  * [new tag]             0.0.130                 -> 0.0.130
end-workflow	Checkout repository	2026-03-12T16:21:21.7298608Z  * [new tag]             0.0.131                 -> 0.0.131
end-workflow	Checkout repository	2026-03-12T16:21:21.7309730Z  * [new tag]             0.0.132                 -> 0.0.132
end-workflow	Checkout repository	2026-03-12T16:21:21.7310187Z  * [new tag]             0.0.133                 -> 0.0.133
end-workflow	Checkout repository	2026-03-12T16:21:21.7310579Z  * [new tag]             0.0.134                 -> 0.0.134
end-workflow	Checkout repository	2026-03-12T16:21:21.7310966Z  * [new tag]             0.0.135                 -> 0.0.135
end-workflow	Checkout repository	2026-03-12T16:21:21.7311345Z  * [new tag]             0.0.136                 -> 0.0.136
end-workflow	Checkout repository	2026-03-12T16:21:21.7311730Z  * [new tag]             0.0.137                 -> 0.0.137
end-workflow	Checkout repository	2026-03-12T16:21:21.7312120Z  * [new tag]             0.0.138                 -> 0.0.138
end-workflow	Checkout repository	2026-03-12T16:21:21.7312677Z  * [new tag]             0.0.139                 -> 0.0.139
end-workflow	Checkout repository	2026-03-12T16:21:21.7483526Z  * [new tag]             0.0.14                  -> 0.0.14
end-workflow	Checkout repository	2026-03-12T16:21:21.7500273Z  * [new tag]             0.0.140                 -> 0.0.140
end-workflow	Checkout repository	2026-03-12T16:21:21.7500855Z  * [new tag]             0.0.141                 -> 0.0.141
end-workflow	Checkout repository	2026-03-12T16:21:21.7501279Z  * [new tag]             0.0.142                 -> 0.0.142
end-workflow	Checkout repository	2026-03-12T16:21:21.7501748Z  * [new tag]             0.0.143                 -> 0.0.143
end-workflow	Checkout repository	2026-03-12T16:21:21.7502477Z  * [new tag]             0.0.144                 -> 0.0.144
end-workflow	Checkout repository	2026-03-12T16:21:21.7502887Z  * [new tag]             0.0.145                 -> 0.0.145
end-workflow	Checkout repository	2026-03-12T16:21:21.7503309Z  * [new tag]             0.0.146                 -> 0.0.146
end-workflow	Checkout repository	2026-03-12T16:21:21.7503719Z  * [new tag]             0.0.147                 -> 0.0.147
end-workflow	Checkout repository	2026-03-12T16:21:21.7504129Z  * [new tag]             0.0.148                 -> 0.0.148
end-workflow	Checkout repository	2026-03-12T16:21:21.7504536Z  * [new tag]             0.0.149                 -> 0.0.149
end-workflow	Checkout repository	2026-03-12T16:21:21.7504945Z  * [new tag]             0.0.15                  -> 0.0.15
end-workflow	Checkout repository	2026-03-12T16:21:21.7505344Z  * [new tag]             0.0.150                 -> 0.0.150
end-workflow	Checkout repository	2026-03-12T16:21:21.7505760Z  * [new tag]             0.0.151                 -> 0.0.151
end-workflow	Checkout repository	2026-03-12T16:21:21.7506163Z  * [new tag]             0.0.152                 -> 0.0.152
end-workflow	Checkout repository	2026-03-12T16:21:21.7507010Z  * [new tag]             0.0.153                 -> 0.0.153
end-workflow	Checkout repository	2026-03-12T16:21:21.7507432Z  * [new tag]             0.0.154                 -> 0.0.154
end-workflow	Checkout repository	2026-03-12T16:21:21.7507833Z  * [new tag]             0.0.155                 -> 0.0.155
end-workflow	Checkout repository	2026-03-12T16:21:21.7508236Z  * [new tag]             0.0.156                 -> 0.0.156
end-workflow	Checkout repository	2026-03-12T16:21:21.7508635Z  * [new tag]             0.0.157                 -> 0.0.157
end-workflow	Checkout repository	2026-03-12T16:21:21.7512537Z  * [new tag]             0.0.158                 -> 0.0.158
end-workflow	Checkout repository	2026-03-12T16:21:21.7519166Z  * [new tag]             0.0.159                 -> 0.0.159
end-workflow	Checkout repository	2026-03-12T16:21:21.7519672Z  * [new tag]             0.0.16                  -> 0.0.16
end-workflow	Checkout repository	2026-03-12T16:21:21.7520087Z  * [new tag]             0.0.160                 -> 0.0.160
end-workflow	Checkout repository	2026-03-12T16:21:21.7520487Z  * [new tag]             0.0.161                 -> 0.0.161
end-workflow	Checkout repository	2026-03-12T16:21:21.7520892Z  * [new tag]             0.0.162                 -> 0.0.162
end-workflow	Checkout repository	2026-03-12T16:21:21.7521290Z  * [new tag]             0.0.163                 -> 0.0.163
end-workflow	Checkout repository	2026-03-12T16:21:21.7521708Z  * [new tag]             0.0.164                 -> 0.0.164
end-workflow	Checkout repository	2026-03-12T16:21:21.7522316Z  * [new tag]             0.0.165                 -> 0.0.165
end-workflow	Checkout repository	2026-03-12T16:21:21.7522716Z  * [new tag]             0.0.166                 -> 0.0.166
end-workflow	Checkout repository	2026-03-12T16:21:21.7523231Z  * [new tag]             0.0.167                 -> 0.0.167
end-workflow	Checkout repository	2026-03-12T16:21:21.7523620Z  * [new tag]             0.0.168                 -> 0.0.168
end-workflow	Checkout repository	2026-03-12T16:21:21.7524009Z  * [new tag]             0.0.169                 -> 0.0.169
end-workflow	Checkout repository	2026-03-12T16:21:21.7524446Z  * [new tag]             0.0.17                  -> 0.0.17
end-workflow	Checkout repository	2026-03-12T16:21:21.7524835Z  * [new tag]             0.0.170                 -> 0.0.170
end-workflow	Checkout repository	2026-03-12T16:21:21.7529540Z  * [new tag]             0.0.171                 -> 0.0.171
end-workflow	Checkout repository	2026-03-12T16:21:21.7529958Z  * [new tag]             0.0.172                 -> 0.0.172
end-workflow	Checkout repository	2026-03-12T16:21:21.7530345Z  * [new tag]             0.0.173                 -> 0.0.173
end-workflow	Checkout repository	2026-03-12T16:21:21.7530749Z  * [new tag]             0.0.174                 -> 0.0.174
end-workflow	Checkout repository	2026-03-12T16:21:21.7531147Z  * [new tag]             0.0.175                 -> 0.0.175
end-workflow	Checkout repository	2026-03-12T16:21:21.7531542Z  * [new tag]             0.0.176                 -> 0.0.176
end-workflow	Checkout repository	2026-03-12T16:21:21.7531935Z  * [new tag]             0.0.177                 -> 0.0.177
end-workflow	Checkout repository	2026-03-12T16:21:21.7532322Z  * [new tag]             0.0.178                 -> 0.0.178
end-workflow	Checkout repository	2026-03-12T16:21:21.7532712Z  * [new tag]             0.0.179                 -> 0.0.179
end-workflow	Checkout repository	2026-03-12T16:21:21.7533103Z  * [new tag]             0.0.18                  -> 0.0.18
end-workflow	Checkout repository	2026-03-12T16:21:21.7533496Z  * [new tag]             0.0.19                  -> 0.0.19
end-workflow	Checkout repository	2026-03-12T16:21:21.7533886Z  * [new tag]             0.0.2                   -> 0.0.2
end-workflow	Checkout repository	2026-03-12T16:21:21.7534279Z  * [new tag]             0.0.20                  -> 0.0.20
end-workflow	Checkout repository	2026-03-12T16:21:21.7534666Z  * [new tag]             0.0.21                  -> 0.0.21
end-workflow	Checkout repository	2026-03-12T16:21:21.7535061Z  * [new tag]             0.0.22                  -> 0.0.22
end-workflow	Checkout repository	2026-03-12T16:21:21.7535457Z  * [new tag]             0.0.23                  -> 0.0.23
end-workflow	Checkout repository	2026-03-12T16:21:21.7536116Z  * [new tag]             0.0.24                  -> 0.0.24
end-workflow	Checkout repository	2026-03-12T16:21:21.7536511Z  * [new tag]             0.0.25                  -> 0.0.25
end-workflow	Checkout repository	2026-03-12T16:21:21.7536904Z  * [new tag]             0.0.26                  -> 0.0.26
end-workflow	Checkout repository	2026-03-12T16:21:21.7537297Z  * [new tag]             0.0.27                  -> 0.0.27
end-workflow	Checkout repository	2026-03-12T16:21:21.7537680Z  * [new tag]             0.0.28                  -> 0.0.28
end-workflow	Checkout repository	2026-03-12T16:21:21.7538069Z  * [new tag]             0.0.29                  -> 0.0.29
end-workflow	Checkout repository	2026-03-12T16:21:21.7538456Z  * [new tag]             0.0.3                   -> 0.0.3
end-workflow	Checkout repository	2026-03-12T16:21:21.7549036Z  * [new tag]             0.0.30                  -> 0.0.30
end-workflow	Checkout repository	2026-03-12T16:21:21.7549545Z  * [new tag]             0.0.31                  -> 0.0.31
end-workflow	Checkout repository	2026-03-12T16:21:21.7550062Z  * [new tag]             0.0.32                  -> 0.0.32
end-workflow	Checkout repository	2026-03-12T16:21:21.7550718Z  * [new tag]             0.0.33                  -> 0.0.33
end-workflow	Checkout repository	2026-03-12T16:21:21.7551117Z  * [new tag]             0.0.34                  -> 0.0.34
end-workflow	Checkout repository	2026-03-12T16:21:21.7551512Z  * [new tag]             0.0.35                  -> 0.0.35
end-workflow	Checkout repository	2026-03-12T16:21:21.7552211Z  * [new tag]             0.0.36                  -> 0.0.36
end-workflow	Checkout repository	2026-03-12T16:21:21.7552738Z  * [new tag]             0.0.37                  -> 0.0.37
end-workflow	Checkout repository	2026-03-12T16:21:21.7553132Z  * [new tag]             0.0.38                  -> 0.0.38
end-workflow	Checkout repository	2026-03-12T16:21:21.7553518Z  * [new tag]             0.0.39                  -> 0.0.39
end-workflow	Checkout repository	2026-03-12T16:21:21.7553912Z  * [new tag]             0.0.4                   -> 0.0.4
end-workflow	Checkout repository	2026-03-12T16:21:21.7554301Z  * [new tag]             0.0.40                  -> 0.0.40
end-workflow	Checkout repository	2026-03-12T16:21:21.7554694Z  * [new tag]             0.0.41                  -> 0.0.41
end-workflow	Checkout repository	2026-03-12T16:21:21.7555083Z  * [new tag]             0.0.42                  -> 0.0.42
end-workflow	Checkout repository	2026-03-12T16:21:21.7555460Z  * [new tag]             0.0.43                  -> 0.0.43
end-workflow	Checkout repository	2026-03-12T16:21:21.7555849Z  * [new tag]             0.0.44                  -> 0.0.44
end-workflow	Checkout repository	2026-03-12T16:21:21.7556239Z  * [new tag]             0.0.45                  -> 0.0.45
end-workflow	Checkout repository	2026-03-12T16:21:21.7556621Z  * [new tag]             0.0.46                  -> 0.0.46
end-workflow	Checkout repository	2026-03-12T16:21:21.7556997Z  * [new tag]             0.0.47                  -> 0.0.47
end-workflow	Checkout repository	2026-03-12T16:21:21.7557381Z  * [new tag]             0.0.48                  -> 0.0.48
end-workflow	Checkout repository	2026-03-12T16:21:21.7557765Z  * [new tag]             0.0.49                  -> 0.0.49
end-workflow	Checkout repository	2026-03-12T16:21:21.7558152Z  * [new tag]             0.0.5                   -> 0.0.5
end-workflow	Checkout repository	2026-03-12T16:21:21.7558539Z  * [new tag]             0.0.50                  -> 0.0.50
end-workflow	Checkout repository	2026-03-12T16:21:21.7569286Z  * [new tag]             0.0.51                  -> 0.0.51
end-workflow	Checkout repository	2026-03-12T16:21:21.7569733Z  * [new tag]             0.0.52                  -> 0.0.52
end-workflow	Checkout repository	2026-03-12T16:21:21.7570128Z  * [new tag]             0.0.53                  -> 0.0.53
end-workflow	Checkout repository	2026-03-12T16:21:21.7570522Z  * [new tag]             0.0.54                  -> 0.0.54
end-workflow	Checkout repository	2026-03-12T16:21:21.7570935Z  * [new tag]             0.0.55                  -> 0.0.55
end-workflow	Checkout repository	2026-03-12T16:21:21.7571335Z  * [new tag]             0.0.56                  -> 0.0.56
end-workflow	Checkout repository	2026-03-12T16:21:21.7571724Z  * [new tag]             0.0.57                  -> 0.0.57
end-workflow	Checkout repository	2026-03-12T16:21:21.7572114Z  * [new tag]             0.0.58                  -> 0.0.58
end-workflow	Checkout repository	2026-03-12T16:21:21.7572515Z  * [new tag]             0.0.59                  -> 0.0.59
end-workflow	Checkout repository	2026-03-12T16:21:21.7572904Z  * [new tag]             0.0.6                   -> 0.0.6
end-workflow	Checkout repository	2026-03-12T16:21:21.7573296Z  * [new tag]             0.0.60                  -> 0.0.60
end-workflow	Checkout repository	2026-03-12T16:21:21.7573690Z  * [new tag]             0.0.61                  -> 0.0.61
end-workflow	Checkout repository	2026-03-12T16:21:21.7574076Z  * [new tag]             0.0.62                  -> 0.0.62
end-workflow	Checkout repository	2026-03-12T16:21:21.7574462Z  * [new tag]             0.0.63                  -> 0.0.63
end-workflow	Checkout repository	2026-03-12T16:21:21.7574846Z  * [new tag]             0.0.64                  -> 0.0.64
end-workflow	Checkout repository	2026-03-12T16:21:21.7575242Z  * [new tag]             0.0.65                  -> 0.0.65
end-workflow	Checkout repository	2026-03-12T16:21:21.7575916Z  * [new tag]             0.0.66                  -> 0.0.66
end-workflow	Checkout repository	2026-03-12T16:21:21.7576312Z  * [new tag]             0.0.67                  -> 0.0.67
end-workflow	Checkout repository	2026-03-12T16:21:21.7576706Z  * [new tag]             0.0.68                  -> 0.0.68
end-workflow	Checkout repository	2026-03-12T16:21:21.7577095Z  * [new tag]             0.0.69                  -> 0.0.69
end-workflow	Checkout repository	2026-03-12T16:21:21.7577493Z  * [new tag]             0.0.7                   -> 0.0.7
end-workflow	Checkout repository	2026-03-12T16:21:21.7577884Z  * [new tag]             0.0.70                  -> 0.0.70
end-workflow	Checkout repository	2026-03-12T16:21:21.7578276Z  * [new tag]             0.0.71                  -> 0.0.71
end-workflow	Checkout repository	2026-03-12T16:21:21.7578667Z  * [new tag]             0.0.72                  -> 0.0.72
end-workflow	Checkout repository	2026-03-12T16:21:21.7590936Z  * [new tag]             0.0.73                  -> 0.0.73
end-workflow	Checkout repository	2026-03-12T16:21:21.7591408Z  * [new tag]             0.0.74                  -> 0.0.74
end-workflow	Checkout repository	2026-03-12T16:21:21.7591802Z  * [new tag]             0.0.75                  -> 0.0.75
end-workflow	Checkout repository	2026-03-12T16:21:21.7592512Z  * [new tag]             0.0.76                  -> 0.0.76
end-workflow	Checkout repository	2026-03-12T16:21:21.7592913Z  * [new tag]             0.0.77                  -> 0.0.77
end-workflow	Checkout repository	2026-03-12T16:21:21.7593302Z  * [new tag]             0.0.78                  -> 0.0.78
end-workflow	Checkout repository	2026-03-12T16:21:21.7593690Z  * [new tag]             0.0.79                  -> 0.0.79
end-workflow	Checkout repository	2026-03-12T16:21:21.7594087Z  * [new tag]             0.0.8                   -> 0.0.8
end-workflow	Checkout repository	2026-03-12T16:21:21.7594481Z  * [new tag]             0.0.80                  -> 0.0.80
end-workflow	Checkout repository	2026-03-12T16:21:21.7594874Z  * [new tag]             0.0.81                  -> 0.0.81
end-workflow	Checkout repository	2026-03-12T16:21:21.7595266Z  * [new tag]             0.0.82                  -> 0.0.82
end-workflow	Checkout repository	2026-03-12T16:21:21.7595655Z  * [new tag]             0.0.83                  -> 0.0.83
end-workflow	Checkout repository	2026-03-12T16:21:21.7596048Z  * [new tag]             0.0.84                  -> 0.0.84
end-workflow	Checkout repository	2026-03-12T16:21:21.7596433Z  * [new tag]             0.0.85                  -> 0.0.85
end-workflow	Checkout repository	2026-03-12T16:21:21.7596827Z  * [new tag]             0.0.86                  -> 0.0.86
end-workflow	Checkout repository	2026-03-12T16:21:21.7597233Z  * [new tag]             0.0.87                  -> 0.0.87
end-workflow	Checkout repository	2026-03-12T16:21:21.7597635Z  * [new tag]             0.0.88                  -> 0.0.88
end-workflow	Checkout repository	2026-03-12T16:21:21.7598038Z  * [new tag]             0.0.89                  -> 0.0.89
end-workflow	Checkout repository	2026-03-12T16:21:21.7598437Z  * [new tag]             0.0.9                   -> 0.0.9
end-workflow	Checkout repository	2026-03-12T16:21:21.7599183Z  * [new tag]             0.0.90                  -> 0.0.90
end-workflow	Checkout repository	2026-03-12T16:21:21.7599604Z  * [new tag]             0.0.91                  -> 0.0.91
end-workflow	Checkout repository	2026-03-12T16:21:21.7600002Z  * [new tag]             0.0.92                  -> 0.0.92
end-workflow	Checkout repository	2026-03-12T16:21:21.7600395Z  * [new tag]             0.0.93                  -> 0.0.93
end-workflow	Checkout repository	2026-03-12T16:21:21.7600904Z  * [new tag]             0.0.94                  -> 0.0.94
end-workflow	Checkout repository	2026-03-12T16:21:21.7601291Z  * [new tag]             0.0.95                  -> 0.0.95
end-workflow	Checkout repository	2026-03-12T16:21:21.7601668Z  * [new tag]             0.0.96                  -> 0.0.96
end-workflow	Checkout repository	2026-03-12T16:21:21.7602064Z  * [new tag]             0.0.97                  -> 0.0.97
end-workflow	Checkout repository	2026-03-12T16:21:21.7602456Z  * [new tag]             0.0.98                  -> 0.0.98
end-workflow	Checkout repository	2026-03-12T16:21:21.7603032Z  * [new tag]             0.0.99                  -> 0.0.99
end-workflow	Checkout repository	2026-03-12T16:21:21.7603431Z  * [new tag]             0.1.0                   -> 0.1.0
end-workflow	Checkout repository	2026-03-12T16:21:21.7603817Z  * [new tag]             0.1.1                   -> 0.1.1
end-workflow	Checkout repository	2026-03-12T16:21:21.7604207Z  * [new tag]             0.2.0                   -> 0.2.0
end-workflow	Checkout repository	2026-03-12T16:21:21.7604583Z  * [new tag]             0.3.0                   -> 0.3.0
end-workflow	Checkout repository	2026-03-12T16:21:21.7604963Z  * [new tag]             0.3.1                   -> 0.3.1
end-workflow	Checkout repository	2026-03-12T16:21:21.7605341Z  * [new tag]             0.3.10                  -> 0.3.10
end-workflow	Checkout repository	2026-03-12T16:21:21.7605858Z  * [new tag]             0.3.11                  -> 0.3.11
end-workflow	Checkout repository	2026-03-12T16:21:21.7606365Z  * [new tag]             0.3.12                  -> 0.3.12
end-workflow	Checkout repository	2026-03-12T16:21:21.7606749Z  * [new tag]             0.3.13                  -> 0.3.13
end-workflow	Checkout repository	2026-03-12T16:21:21.7607140Z  * [new tag]             0.3.14                  -> 0.3.14
end-workflow	Checkout repository	2026-03-12T16:21:21.7607809Z  * [new tag]             0.3.15                  -> 0.3.15
end-workflow	Checkout repository	2026-03-12T16:21:21.7608192Z  * [new tag]             0.3.16                  -> 0.3.16
end-workflow	Checkout repository	2026-03-12T16:21:21.7608567Z  * [new tag]             0.3.17                  -> 0.3.17
end-workflow	Checkout repository	2026-03-12T16:21:21.7609222Z  * [new tag]             0.3.2                   -> 0.3.2
end-workflow	Checkout repository	2026-03-12T16:21:21.7610018Z  * [new tag]             0.3.3                   -> 0.3.3
end-workflow	Checkout repository	2026-03-12T16:21:21.7610404Z  * [new tag]             0.3.4                   -> 0.3.4
end-workflow	Checkout repository	2026-03-12T16:21:21.7610790Z  * [new tag]             0.3.5                   -> 0.3.5
end-workflow	Checkout repository	2026-03-12T16:21:21.7611175Z  * [new tag]             0.3.6                   -> 0.3.6
end-workflow	Checkout repository	2026-03-12T16:21:21.7611717Z  * [new tag]             0.3.7                   -> 0.3.7
end-workflow	Checkout repository	2026-03-12T16:21:21.7612109Z  * [new tag]             0.3.8                   -> 0.3.8
end-workflow	Checkout repository	2026-03-12T16:21:21.7612640Z  * [new tag]             0.3.9                   -> 0.3.9
end-workflow	Checkout repository	2026-03-12T16:21:21.7613364Z  * [new tag]             0.4.0                   -> 0.4.0
end-workflow	Checkout repository	2026-03-12T16:21:21.7613767Z  * [new tag]             0.4.1                   -> 0.4.1
end-workflow	Checkout repository	2026-03-12T16:21:21.7614163Z  * [new tag]             0.4.2                   -> 0.4.2
end-workflow	Checkout repository	2026-03-12T16:21:21.7614551Z  * [new tag]             0.4.3                   -> 0.4.3
end-workflow	Checkout repository	2026-03-12T16:21:21.7614966Z  * [new tag]             0.4.4                   -> 0.4.4
end-workflow	Checkout repository	2026-03-12T16:21:21.7615361Z  * [new tag]             0.4.5                   -> 0.4.5
end-workflow	Checkout repository	2026-03-12T16:21:21.7615797Z  * [new tag]             0.4.6                   -> 0.4.6
end-workflow	Checkout repository	2026-03-12T16:21:21.7616203Z  * [new tag]             0.4.7                   -> 0.4.7
end-workflow	Checkout repository	2026-03-12T16:21:21.7616610Z  * [new tag]             0.4.8                   -> 0.4.8
end-workflow	Checkout repository	2026-03-12T16:21:21.7616997Z  * [new tag]             0.4.9                   -> 0.4.9
end-workflow	Checkout repository	2026-03-12T16:21:21.7617397Z  * [new tag]             0.5.0                   -> 0.5.0
end-workflow	Checkout repository	2026-03-12T16:21:21.7617791Z  * [new tag]             0.5.1                   -> 0.5.1
end-workflow	Checkout repository	2026-03-12T16:21:21.7618187Z  * [new tag]             0.5.2                   -> 0.5.2
end-workflow	Checkout repository	2026-03-12T16:21:21.7618579Z  * [new tag]             0.6.0                   -> 0.6.0
end-workflow	Checkout repository	2026-03-12T16:21:21.7619381Z  * [new tag]             0.6.1                   -> 0.6.1
end-workflow	Checkout repository	2026-03-12T16:21:21.7619777Z  * [new tag]             0.6.2                   -> 0.6.2
end-workflow	Checkout repository	2026-03-12T16:21:21.7620160Z  * [new tag]             0.6.3                   -> 0.6.3
end-workflow	Checkout repository	2026-03-12T16:21:21.7620561Z  * [new tag]             0.6.4                   -> 0.6.4
end-workflow	Checkout repository	2026-03-12T16:21:21.7620959Z  * [new tag]             0.6.5                   -> 0.6.5
end-workflow	Checkout repository	2026-03-12T16:21:21.7621359Z  * [new tag]             0.6.6                   -> 0.6.6
end-workflow	Checkout repository	2026-03-12T16:21:21.8248046Z [command]/usr/bin/git branch --list --remote origin/main
end-workflow	Checkout repository	2026-03-12T16:21:21.8335020Z   origin/main
end-workflow	Checkout repository	2026-03-12T16:21:21.8359911Z [command]/usr/bin/git rev-parse refs/remotes/origin/main
end-workflow	Checkout repository	2026-03-12T16:21:21.8396323Z a03de298db9f7efb97b94e283e321d91e5b5b1fe
end-workflow	Checkout repository	2026-03-12T16:21:21.8408229Z [command]/usr/bin/git -c protocol.version=2 fetch --no-tags --prune --no-recurse-submodules origin +0b9d2674b1f18d1fbd8ff50cd10d4959beb6f3e0:refs/remotes/origin/main
end-workflow	Checkout repository	2026-03-12T16:21:21.8623738Z From https://github.com/Ka0s-Klaus/ka0s
end-workflow	Checkout repository	2026-03-12T16:21:21.8624529Z  + a03de298d...0b9d2674b 0b9d2674b1f18d1fbd8ff50cd10d4959beb6f3e0 -> origin/main  (forced update)
end-workflow	Checkout repository	2026-03-12T16:21:21.8863528Z ##[endgroup]
end-workflow	Checkout repository	2026-03-12T16:21:21.8864286Z ##[group]Determining the checkout info
end-workflow	Checkout repository	2026-03-12T16:21:21.8865221Z ##[endgroup]
end-workflow	Checkout repository	2026-03-12T16:21:21.8870549Z [command]/usr/bin/git sparse-checkout disable
end-workflow	Checkout repository	2026-03-12T16:21:21.9557810Z [command]/usr/bin/git config --local --unset-all extensions.worktreeConfig
end-workflow	Checkout repository	2026-03-12T16:21:21.9940647Z ##[group]Checking out the ref
end-workflow	Checkout repository	2026-03-12T16:21:21.9966456Z [command]/usr/bin/git checkout --progress --force -B main refs/remotes/origin/main
end-workflow	Checkout repository	2026-03-12T16:21:23.0289956Z Updating files:  70% (1965/2787)
end-workflow	Checkout repository	2026-03-12T16:21:23.1142833Z Updating files:  71% (1979/2787)
end-workflow	Checkout repository	2026-03-12T16:21:23.1180581Z Updating files:  72% (2007/2787)
end-workflow	Checkout repository	2026-03-12T16:21:23.1248505Z Updating files:  73% (2035/2787)
end-workflow	Checkout repository	2026-03-12T16:21:23.1271441Z Updating files:  74% (2063/2787)
end-workflow	Checkout repository	2026-03-12T16:21:23.1594709Z Updating files:  75% (2091/2787)
end-workflow	Checkout repository	2026-03-12T16:21:23.4848522Z Updating files:  76% (2119/2787)
end-workflow	Checkout repository	2026-03-12T16:21:23.4903828Z Updating files:  77% (2146/2787)
end-workflow	Checkout repository	2026-03-12T16:21:23.5042776Z Updating files:  78% (2174/2787)
end-workflow	Checkout repository	2026-03-12T16:21:23.5043793Z Updating files:  79% (2202/2787)
end-workflow	Checkout repository	2026-03-12T16:21:23.5070266Z Updating files:  80% (2230/2787)
end-workflow	Checkout repository	2026-03-12T16:21:23.5640369Z Updating files:  81% (2258/2787)
end-workflow	Checkout repository	2026-03-12T16:21:23.5640752Z Updating files:  82% (2286/2787)
end-workflow	Checkout repository	2026-03-12T16:21:23.5641021Z Updating files:  83% (2314/2787)
end-workflow	Checkout repository	2026-03-12T16:21:23.5641282Z Updating files:  84% (2342/2787)
end-workflow	Checkout repository	2026-03-12T16:21:23.5641553Z Updating files:  85% (2369/2787)
end-workflow	Checkout repository	2026-03-12T16:21:23.5744211Z Updating files:  86% (2397/2787)
end-workflow	Checkout repository	2026-03-12T16:21:23.5920164Z Updating files:  87% (2425/2787)
end-workflow	Checkout repository	2026-03-12T16:21:23.5981076Z Updating files:  88% (2453/2787)
end-workflow	Checkout repository	2026-03-12T16:21:23.6096179Z Updating files:  89% (2481/2787)
end-workflow	Checkout repository	2026-03-12T16:21:23.6444163Z Updating files:  90% (2509/2787)
end-workflow	Checkout repository	2026-03-12T16:21:23.6767922Z Updating files:  91% (2537/2787)
end-workflow	Checkout repository	2026-03-12T16:21:23.6865848Z Updating files:  92% (2565/2787)
end-workflow	Checkout repository	2026-03-12T16:21:23.6987426Z Updating files:  93% (2592/2787)
end-workflow	Checkout repository	2026-03-12T16:21:23.7032259Z Updating files:  94% (2620/2787)
end-workflow	Checkout repository	2026-03-12T16:21:23.7054252Z Updating files:  95% (2648/2787)
end-workflow	Checkout repository	2026-03-12T16:21:23.7142470Z Updating files:  96% (2676/2787)
end-workflow	Checkout repository	2026-03-12T16:21:23.7178408Z Updating files:  97% (2704/2787)
end-workflow	Checkout repository	2026-03-12T16:21:23.7273139Z Updating files:  98% (2732/2787)
end-workflow	Checkout repository	2026-03-12T16:21:24.2842564Z Updating files:  99% (2760/2787)
end-workflow	Checkout repository	2026-03-12T16:21:24.2843281Z Updating files: 100% (2787/2787)
end-workflow	Checkout repository	2026-03-12T16:21:24.2843830Z Updating files: 100% (2787/2787), done.
end-workflow	Checkout repository	2026-03-12T16:21:24.3101821Z Switched to a new branch 'main'
end-workflow	Checkout repository	2026-03-12T16:21:24.3114084Z branch 'main' set up to track 'origin/main'.
end-workflow	Checkout repository	2026-03-12T16:21:24.3276821Z ##[endgroup]
end-workflow	Checkout repository	2026-03-12T16:21:24.3386270Z [command]/usr/bin/git log -1 --format=%H
end-workflow	Checkout repository	2026-03-12T16:21:24.3409750Z 0b9d2674b1f18d1fbd8ff50cd10d4959beb6f3e0
end-workflow	Install GH CLI	﻿2026-03-12T16:21:24.3992797Z Prepare all required actions
end-workflow	Install GH CLI	2026-03-12T16:21:24.4134964Z ##[group]Run ./.github/actions/install-gh-cli
end-workflow	Install GH CLI	2026-03-12T16:21:24.4135312Z env:
end-workflow	Install GH CLI	2026-03-12T16:21:24.4135552Z   KAOS_MODULE: [Ka0S] Docs Index Auto-Update
end-workflow	Install GH CLI	2026-03-12T16:21:24.4135852Z   KAOS_CODE: 23012063567
end-workflow	Install GH CLI	2026-03-12T16:21:24.4136083Z ##[endgroup]
end-workflow	Install GH CLI	2026-03-12T16:21:24.4332782Z ##[group]Run type -p curl >/dev/null || (sudo apt-get update && sudo apt-get install curl -y)
end-workflow	Install GH CLI	2026-03-12T16:21:24.4333817Z [36;1mtype -p curl >/dev/null || (sudo apt-get update && sudo apt-get install curl -y)[0m
end-workflow	Install GH CLI	2026-03-12T16:21:24.4334725Z [36;1mcurl -fsSL https://cli.github.com/packages/githubcli-archive-keyring.gpg | sudo dd of=/usr/share/keyrings/githubcli-archive-keyring.gpg \[0m
end-workflow	Install GH CLI	2026-03-12T16:21:24.4335577Z [36;1m&& sudo chmod go+r /usr/share/keyrings/githubcli-archive-keyring.gpg \[0m
end-workflow	Install GH CLI	2026-03-12T16:21:24.4336711Z [36;1m&& echo "deb [arch=$(dpkg --print-architecture) signed-by=/usr/share/keyrings/githubcli-archive-keyring.gpg] https://cli.github.com/packages stable main" | sudo tee /etc/apt/sources.list.d/github-cli.list > /dev/null \[0m
end-workflow	Install GH CLI	2026-03-12T16:21:24.4337852Z [36;1m&& sudo apt-get update \[0m
end-workflow	Install GH CLI	2026-03-12T16:21:24.4338134Z [36;1m&& sudo apt-get install gh -y[0m
end-workflow	Install GH CLI	2026-03-12T16:21:24.4356184Z shell: /usr/bin/bash --noprofile --norc -e -o pipefail {0}
end-workflow	Install GH CLI	2026-03-12T16:21:24.4356669Z env:
end-workflow	Install GH CLI	2026-03-12T16:21:24.4356887Z   KAOS_MODULE: [Ka0S] Docs Index Auto-Update
end-workflow	Install GH CLI	2026-03-12T16:21:24.4357317Z   KAOS_CODE: 23012063567
end-workflow	Install GH CLI	2026-03-12T16:21:24.4357549Z ##[endgroup]
end-workflow	Install GH CLI	2026-03-12T16:21:24.9902145Z 4+1 records in
end-workflow	Install GH CLI	2026-03-12T16:21:24.9902811Z 4+1 records out
end-workflow	Install GH CLI	2026-03-12T16:21:24.9903264Z 2270 bytes (2.3 kB, 2.2 KiB) copied, 8.5506e-05 s, 26.5 MB/s
end-workflow	Install GH CLI	2026-03-12T16:21:25.9256108Z Get:1 https://cli.github.com/packages stable InRelease [3917 B]
end-workflow	Install GH CLI	2026-03-12T16:21:25.9713569Z Get:2 http://security.ubuntu.com/ubuntu noble-security InRelease [126 kB]
end-workflow	Install GH CLI	2026-03-12T16:21:26.0428055Z Get:3 https://cli.github.com/packages stable/main amd64 Packages [357 B]
end-workflow	Install GH CLI	2026-03-12T16:21:26.1222870Z Get:4 http://archive.ubuntu.com/ubuntu noble InRelease [256 kB]
end-workflow	Install GH CLI	2026-03-12T16:21:26.1383814Z Get:5 https://ppa.launchpadcontent.net/git-core/ppa/ubuntu noble InRelease [24.3 kB]
end-workflow	Install GH CLI	2026-03-12T16:21:26.2341853Z Get:6 http://security.ubuntu.com/ubuntu noble-security/main amd64 Packages [1900 kB]
end-workflow	Install GH CLI	2026-03-12T16:21:26.3321777Z Get:7 https://ppa.launchpadcontent.net/git-core/ppa/ubuntu noble/main amd64 Packages [2992 B]
end-workflow	Install GH CLI	2026-03-12T16:21:26.4542212Z Get:8 http://security.ubuntu.com/ubuntu noble-security/restricted amd64 Packages [3315 kB]
end-workflow	Install GH CLI	2026-03-12T16:21:26.5970489Z Get:9 http://security.ubuntu.com/ubuntu noble-security/universe amd64 Packages [1261 kB]
end-workflow	Install GH CLI	2026-03-12T16:21:26.6467049Z Get:10 http://security.ubuntu.com/ubuntu noble-security/multiverse amd64 Packages [34.8 kB]
end-workflow	Install GH CLI	2026-03-12T16:21:26.7134910Z Get:11 http://archive.ubuntu.com/ubuntu noble-updates InRelease [126 kB]
end-workflow	Install GH CLI	2026-03-12T16:21:26.8831435Z Get:12 http://archive.ubuntu.com/ubuntu noble-backports InRelease [126 kB]
end-workflow	Install GH CLI	2026-03-12T16:21:27.0425761Z Get:13 http://archive.ubuntu.com/ubuntu noble/restricted amd64 Packages [117 kB]
end-workflow	Install GH CLI	2026-03-12T16:21:27.1042937Z Get:14 http://archive.ubuntu.com/ubuntu noble/multiverse amd64 Packages [331 kB]
end-workflow	Install GH CLI	2026-03-12T16:21:27.1945742Z Get:15 http://archive.ubuntu.com/ubuntu noble/universe amd64 Packages [19.3 MB]
end-workflow	Install GH CLI	2026-03-12T16:21:28.9680404Z Get:16 http://archive.ubuntu.com/ubuntu noble/main amd64 Packages [1808 kB]
end-workflow	Install GH CLI	2026-03-12T16:21:29.0112498Z Get:17 http://archive.ubuntu.com/ubuntu noble-updates/restricted amd64 Packages [3486 kB]
end-workflow	Install GH CLI	2026-03-12T16:21:29.2170556Z Get:18 http://archive.ubuntu.com/ubuntu noble-updates/multiverse amd64 Packages [38.1 kB]
end-workflow	Install GH CLI	2026-03-12T16:21:29.2222503Z Get:19 http://archive.ubuntu.com/ubuntu noble-updates/universe amd64 Packages [2027 kB]
end-workflow	Install GH CLI	2026-03-12T16:21:29.2780743Z Get:20 http://archive.ubuntu.com/ubuntu noble-updates/main amd64 Packages [2286 kB]
end-workflow	Install GH CLI	2026-03-12T16:21:29.3136749Z Get:21 http://archive.ubuntu.com/ubuntu noble-backports/universe amd64 Packages [34.6 kB]
end-workflow	Install GH CLI	2026-03-12T16:21:29.3302094Z Get:22 http://archive.ubuntu.com/ubuntu noble-backports/main amd64 Packages [49.5 kB]
end-workflow	Install GH CLI	2026-03-12T16:21:30.3407537Z Fetched 36.7 MB in 4s (8176 kB/s)
end-workflow	Install GH CLI	2026-03-12T16:21:31.4557255Z Reading package lists...
end-workflow	Install GH CLI	2026-03-12T16:21:33.1490007Z Reading package lists...
end-workflow	Install GH CLI	2026-03-12T16:21:33.6530131Z Building dependency tree...
end-workflow	Install GH CLI	2026-03-12T16:21:33.6701753Z Reading state information...
end-workflow	Install GH CLI	2026-03-12T16:21:34.8725432Z The following NEW packages will be installed:
end-workflow	Install GH CLI	2026-03-12T16:21:34.8725798Z   gh
end-workflow	Install GH CLI	2026-03-12T16:21:35.0822152Z 0 upgraded, 1 newly installed, 0 to remove and 7 not upgraded.
end-workflow	Install GH CLI	2026-03-12T16:21:35.0823821Z Need to get 14.0 MB of archives.
end-workflow	Install GH CLI	2026-03-12T16:21:35.0824431Z After this operation, 39.0 MB of additional disk space will be used.
end-workflow	Install GH CLI	2026-03-12T16:21:35.0825285Z Get:1 https://cli.github.com/packages stable/main amd64 gh amd64 2.88.1 [14.0 MB]
end-workflow	Install GH CLI	2026-03-12T16:21:36.8584943Z debconf: delaying package configuration, since apt-utils is not installed
end-workflow	Install GH CLI	2026-03-12T16:21:37.1749878Z Fetched 14.0 MB in 1s (22.8 MB/s)
end-workflow	Install GH CLI	2026-03-12T16:21:38.2908922Z Selecting previously unselected package gh.
end-workflow	Install GH CLI	2026-03-12T16:21:38.2952788Z (Reading database ... 
end-workflow	Install GH CLI	2026-03-12T16:21:38.2953336Z (Reading database ... 5%
end-workflow	Install GH CLI	2026-03-12T16:21:38.2953668Z (Reading database ... 10%
end-workflow	Install GH CLI	2026-03-12T16:21:38.2953955Z (Reading database ... 15%
end-workflow	Install GH CLI	2026-03-12T16:21:38.2954236Z (Reading database ... 20%
end-workflow	Install GH CLI	2026-03-12T16:21:38.2954507Z (Reading database ... 25%
end-workflow	Install GH CLI	2026-03-12T16:21:38.2954789Z (Reading database ... 30%
end-workflow	Install GH CLI	2026-03-12T16:21:38.2955068Z (Reading database ... 35%
end-workflow	Install GH CLI	2026-03-12T16:21:38.2955340Z (Reading database ... 40%
end-workflow	Install GH CLI	2026-03-12T16:21:38.2955615Z (Reading database ... 45%
end-workflow	Install GH CLI	2026-03-12T16:21:38.2955888Z (Reading database ... 50%
end-workflow	Install GH CLI	2026-03-12T16:21:38.2956170Z (Reading database ... 55%
end-workflow	Install GH CLI	2026-03-12T16:21:38.2956445Z (Reading database ... 60%
end-workflow	Install GH CLI	2026-03-12T16:21:38.2968433Z (Reading database ... 65%
end-workflow	Install GH CLI	2026-03-12T16:21:38.2989453Z (Reading database ... 70%
end-workflow	Install GH CLI	2026-03-12T16:21:38.2997718Z (Reading database ... 75%
end-workflow	Install GH CLI	2026-03-12T16:21:38.3018489Z (Reading database ... 80%
end-workflow	Install GH CLI	2026-03-12T16:21:38.3023948Z (Reading database ... 85%
end-workflow	Install GH CLI	2026-03-12T16:21:38.3052935Z (Reading database ... 90%
end-workflow	Install GH CLI	2026-03-12T16:21:38.3103068Z (Reading database ... 95%
end-workflow	Install GH CLI	2026-03-12T16:21:38.3103427Z (Reading database ... 100%
end-workflow	Install GH CLI	2026-03-12T16:21:38.3103791Z (Reading database ... 14387 files and directories currently installed.)
end-workflow	Install GH CLI	2026-03-12T16:21:38.3113254Z Preparing to unpack .../archives/gh_2.88.1_amd64.deb ...
end-workflow	Install GH CLI	2026-03-12T16:21:38.5245536Z Unpacking gh (2.88.1) ...
end-workflow	Install GH CLI	2026-03-12T16:21:40.6329725Z Setting up gh (2.88.1) ...
end-workflow	Trigger Inspector	﻿2026-03-12T16:21:41.5237298Z ##[group]Run gh workflow run inspector.yml \
end-workflow	Trigger Inspector	2026-03-12T16:21:41.5237722Z [36;1mgh workflow run inspector.yml \[0m
end-workflow	Trigger Inspector	2026-03-12T16:21:41.5238098Z [36;1m  -f workflow_name="Ka0s Docs Auto-Update -> Index" \[0m
end-workflow	Trigger Inspector	2026-03-12T16:21:41.5238457Z [36;1m  -f run_id="23012063567" \[0m
end-workflow	Trigger Inspector	2026-03-12T16:21:41.5238727Z [36;1m  -f status="success"[0m
end-workflow	Trigger Inspector	2026-03-12T16:21:41.5259744Z shell: /usr/bin/bash -e {0}
end-workflow	Trigger Inspector	2026-03-12T16:21:41.5260029Z env:
end-workflow	Trigger Inspector	2026-03-12T16:21:41.5260278Z   KAOS_MODULE: [Ka0S] Docs Index Auto-Update
end-workflow	Trigger Inspector	2026-03-12T16:21:41.5260571Z   KAOS_CODE: 23012063567
end-workflow	Trigger Inspector	2026-03-12T16:21:41.5261064Z   GH_TOKEN: ***
end-workflow	Trigger Inspector	2026-03-12T16:21:41.5261270Z ##[endgroup]
end-workflow	Trigger Inspector	2026-03-12T16:21:43.8872580Z https://github.com/Ka0s-Klaus/ka0s/actions/runs/23012223739
end-workflow	Post Checkout repository	﻿2026-03-12T16:21:43.9384280Z Post job cleanup.
end-workflow	Post Checkout repository	2026-03-12T16:21:44.0954348Z [command]/usr/bin/git version
end-workflow	Post Checkout repository	2026-03-12T16:21:44.1153485Z git version 2.53.0
end-workflow	Post Checkout repository	2026-03-12T16:21:44.1366381Z Temporarily overriding HOME='/home/runner/_work/_temp/b771923e-40ed-46a6-8675-a112ed0a4b90' before making global git config changes
end-workflow	Post Checkout repository	2026-03-12T16:21:44.1388568Z Adding repository directory to the temporary git global config as a safe directory
end-workflow	Post Checkout repository	2026-03-12T16:21:44.1410144Z [command]/usr/bin/git config --global --add safe.directory /home/runner/_work/ka0s/ka0s
end-workflow	Post Checkout repository	2026-03-12T16:21:44.1689816Z [command]/usr/bin/git config --local --name-only --get-regexp core\.sshCommand
end-workflow	Post Checkout repository	2026-03-12T16:21:44.1982702Z [command]/usr/bin/git submodule foreach --recursive sh -c "git config --local --name-only --get-regexp 'core\.sshCommand' && git config --local --unset-all 'core.sshCommand' || :"
end-workflow	Post Checkout repository	2026-03-12T16:21:44.2949286Z [command]/usr/bin/git config --local --name-only --get-regexp http\.https\:\/\/github\.com\/\.extraheader
end-workflow	Post Checkout repository	2026-03-12T16:21:44.2994696Z http.https://github.com/.extraheader
end-workflow	Post Checkout repository	2026-03-12T16:21:44.3020518Z [command]/usr/bin/git config --local --unset-all http.https://github.com/.extraheader
end-workflow	Post Checkout repository	2026-03-12T16:21:44.3204543Z [command]/usr/bin/git submodule foreach --recursive sh -c "git config --local --name-only --get-regexp 'http\.https\:\/\/github\.com\/\.extraheader' && git config --local --unset-all 'http.https://github.com/.extraheader' || :"
end-workflow	Post Checkout repository	2026-03-12T16:21:44.3931265Z [command]/usr/bin/git config --local --name-only --get-regexp ^includeIf\.gitdir:
end-workflow	Post Checkout repository	2026-03-12T16:21:44.4019730Z [command]/usr/bin/git submodule foreach --recursive git config --local --show-origin --name-only --get-regexp remote.origin.url
end-workflow	Complete job	﻿2026-03-12T16:21:44.5204127Z Cleaning up orphan processes
end-workflow	Complete job	2026-03-12T16:21:44.5822336Z ##[warning]Node.js 20 actions are deprecated. The following actions are running on Node.js 20 and may not work as expected: actions/checkout@v4. Actions will be forced to run with Node.js 24 by default starting June 2nd, 2026. Please check if updated versions of these actions are available that support Node.js 24. To opt into Node.js 24 now, set the FORCE_JAVASCRIPT_ACTIONS_TO_NODE24=true environment variable on the runner or in your workflow file. Once Node.js 24 becomes the default, you can temporarily opt out by setting ACTIONS_ALLOW_USE_UNSECURE_NODE_VERSION=true. For more information see: https://github.blog/changelog/2025-09-19-deprecation-of-node-20-on-github-actions-runners/
