update-index	Set up job	﻿2026-03-14T14:32:34.2227591Z Current runner version: '2.332.0'
update-index	Set up job	2026-03-14T14:32:34.2237920Z Runner name: 'swarm-runners-scaleset-hkss5-runner-sxjd5'
update-index	Set up job	2026-03-14T14:32:34.2239400Z Runner group name: 'Default'
update-index	Set up job	2026-03-14T14:32:34.2240522Z Machine name: 'swarm-runners-scaleset-hkss5-runner-sxjd5'
update-index	Set up job	2026-03-14T14:32:34.2244630Z ##[group]GITHUB_TOKEN Permissions
update-index	Set up job	2026-03-14T14:32:34.2247272Z Contents: write
update-index	Set up job	2026-03-14T14:32:34.2247972Z Metadata: read
update-index	Set up job	2026-03-14T14:32:34.2248555Z ##[endgroup]
update-index	Set up job	2026-03-14T14:32:34.2257462Z Secret source: Actions
update-index	Set up job	2026-03-14T14:32:34.2258530Z Prepare workflow directory
update-index	Set up job	2026-03-14T14:32:34.2897322Z Prepare all required actions
update-index	Set up job	2026-03-14T14:32:34.2940569Z Getting action download info
update-index	Set up job	2026-03-14T14:32:35.0373917Z Download action repository 'actions/checkout@v4' (SHA:34e114876b0b11c390a56381ad16ebd13914f8d5)
update-index	Set up job	2026-03-14T14:32:36.1706610Z Download action repository 'actions/setup-python@v5' (SHA:a26af69be951a213d495a4c3e4e4022e16d87065)
update-index	Set up job	2026-03-14T14:32:37.0828507Z Download action repository 'stefanzweifel/git-auto-commit-action@v5' (SHA:b863ae1933cb653a53c021fe36dbb774e1fb9403)
update-index	Set up job	2026-03-14T14:32:37.7819444Z Complete job name: update-index
update-index	Checkout code	﻿2026-03-14T14:32:37.8607447Z ##[group]Run actions/checkout@v4
update-index	Checkout code	2026-03-14T14:32:37.8608720Z with:
update-index	Checkout code	2026-03-14T14:32:37.8609671Z   repository: Ka0s-Klaus/ka0s
update-index	Checkout code	2026-03-14T14:32:37.8610749Z   token: ***
update-index	Checkout code	2026-03-14T14:32:37.8611426Z   ssh-strict: true
update-index	Checkout code	2026-03-14T14:32:37.8612101Z   ssh-user: git
update-index	Checkout code	2026-03-14T14:32:37.8612806Z   persist-credentials: true
update-index	Checkout code	2026-03-14T14:32:37.8613537Z   clean: true
update-index	Checkout code	2026-03-14T14:32:37.8614270Z   sparse-checkout-cone-mode: true
update-index	Checkout code	2026-03-14T14:32:37.8615057Z   fetch-depth: 1
update-index	Checkout code	2026-03-14T14:32:37.8615771Z   fetch-tags: false
update-index	Checkout code	2026-03-14T14:32:37.8616530Z   show-progress: true
update-index	Checkout code	2026-03-14T14:32:37.8617239Z   lfs: false
update-index	Checkout code	2026-03-14T14:32:37.8617923Z   submodules: false
update-index	Checkout code	2026-03-14T14:32:37.8618656Z   set-safe-directory: true
update-index	Checkout code	2026-03-14T14:32:37.8619996Z env:
update-index	Checkout code	2026-03-14T14:32:37.8620755Z   KAOS_MODULE: [Ka0S] Docs Index Auto-Update
update-index	Checkout code	2026-03-14T14:32:37.8621576Z   KAOS_CODE: 23089921425
update-index	Checkout code	2026-03-14T14:32:37.8622359Z ##[endgroup]
update-index	Checkout code	2026-03-14T14:32:38.1929943Z Syncing repository: Ka0s-Klaus/ka0s
update-index	Checkout code	2026-03-14T14:32:38.1932847Z ##[group]Getting Git version info
update-index	Checkout code	2026-03-14T14:32:38.1933926Z Working directory is '/home/runner/_work/ka0s/ka0s'
update-index	Checkout code	2026-03-14T14:32:38.1935345Z [command]/usr/bin/git version
update-index	Checkout code	2026-03-14T14:32:38.1936132Z git version 2.53.0
update-index	Checkout code	2026-03-14T14:32:38.2134756Z ##[endgroup]
update-index	Checkout code	2026-03-14T14:32:38.2231799Z Temporarily overriding HOME='/home/runner/_work/_temp/8ac78821-57bd-4ac8-8c61-013942183931' before making global git config changes
update-index	Checkout code	2026-03-14T14:32:38.2233456Z Adding repository directory to the temporary git global config as a safe directory
update-index	Checkout code	2026-03-14T14:32:38.2280846Z [command]/usr/bin/git config --global --add safe.directory /home/runner/_work/ka0s/ka0s
update-index	Checkout code	2026-03-14T14:32:38.2366820Z Deleting the contents of '/home/runner/_work/ka0s/ka0s'
update-index	Checkout code	2026-03-14T14:32:38.2369695Z ##[group]Initializing the repository
update-index	Checkout code	2026-03-14T14:32:38.2450611Z [command]/usr/bin/git init /home/runner/_work/ka0s/ka0s
update-index	Checkout code	2026-03-14T14:32:38.2586547Z hint: Using 'master' as the name for the initial branch. This default branch name
update-index	Checkout code	2026-03-14T14:32:38.2611620Z hint: will change to "main" in Git 3.0. To configure the initial branch name
update-index	Checkout code	2026-03-14T14:32:38.2614074Z hint: to use in all of your new repositories, which will suppress this warning,
update-index	Checkout code	2026-03-14T14:32:38.2621399Z hint: call:
update-index	Checkout code	2026-03-14T14:32:38.2622495Z hint:
update-index	Checkout code	2026-03-14T14:32:38.2630308Z hint: 	git config --global init.defaultBranch <name>
update-index	Checkout code	2026-03-14T14:32:38.2631677Z hint:
update-index	Checkout code	2026-03-14T14:32:38.2632780Z hint: Names commonly chosen instead of 'master' are 'main', 'trunk' and
update-index	Checkout code	2026-03-14T14:32:38.2635057Z hint: 'development'. The just-created branch can be renamed via this command:
update-index	Checkout code	2026-03-14T14:32:38.2636437Z hint:
update-index	Checkout code	2026-03-14T14:32:38.2639491Z hint: 	git branch -m <name>
update-index	Checkout code	2026-03-14T14:32:38.2641420Z hint:
update-index	Checkout code	2026-03-14T14:32:38.2650616Z hint: Disable this message with "git config set advice.defaultBranchName false"
update-index	Checkout code	2026-03-14T14:32:38.2681324Z Initialized empty Git repository in /home/runner/_work/ka0s/ka0s/.git/
update-index	Checkout code	2026-03-14T14:32:38.2695982Z [command]/usr/bin/git remote add origin https://github.com/Ka0s-Klaus/ka0s
update-index	Checkout code	2026-03-14T14:32:38.2822052Z ##[endgroup]
update-index	Checkout code	2026-03-14T14:32:38.2823769Z ##[group]Disabling automatic garbage collection
update-index	Checkout code	2026-03-14T14:32:38.2833230Z [command]/usr/bin/git config --local gc.auto 0
update-index	Checkout code	2026-03-14T14:32:38.2945811Z ##[endgroup]
update-index	Checkout code	2026-03-14T14:32:38.2947546Z ##[group]Setting up auth
update-index	Checkout code	2026-03-14T14:32:38.2975993Z [command]/usr/bin/git config --local --name-only --get-regexp core\.sshCommand
update-index	Checkout code	2026-03-14T14:32:38.3174744Z [command]/usr/bin/git submodule foreach --recursive sh -c "git config --local --name-only --get-regexp 'core\.sshCommand' && git config --local --unset-all 'core.sshCommand' || :"
update-index	Checkout code	2026-03-14T14:32:38.4423205Z [command]/usr/bin/git config --local --name-only --get-regexp http\.https\:\/\/github\.com\/\.extraheader
update-index	Checkout code	2026-03-14T14:32:38.4602600Z [command]/usr/bin/git submodule foreach --recursive sh -c "git config --local --name-only --get-regexp 'http\.https\:\/\/github\.com\/\.extraheader' && git config --local --unset-all 'http.https://github.com/.extraheader' || :"
update-index	Checkout code	2026-03-14T14:32:38.5536664Z [command]/usr/bin/git config --local --name-only --get-regexp ^includeIf\.gitdir:
update-index	Checkout code	2026-03-14T14:32:38.5684700Z [command]/usr/bin/git submodule foreach --recursive git config --local --show-origin --name-only --get-regexp remote.origin.url
update-index	Checkout code	2026-03-14T14:32:38.6720621Z [command]/usr/bin/git config --local http.https://github.com/.extraheader AUTHORIZATION: basic ***
update-index	Checkout code	2026-03-14T14:32:38.6904508Z ##[endgroup]
update-index	Checkout code	2026-03-14T14:32:38.6905673Z ##[group]Fetching the repository
update-index	Checkout code	2026-03-14T14:32:38.6930095Z [command]/usr/bin/git -c protocol.version=2 fetch --no-tags --prune --no-recurse-submodules --depth=1 origin +401dd772c19a27b3a4cec2377e20524aaaff4385:refs/remotes/origin/main
update-index	Checkout code	2026-03-14T14:32:47.2586878Z From https://github.com/Ka0s-Klaus/ka0s
update-index	Checkout code	2026-03-14T14:32:47.2616765Z  * [new ref]         401dd772c19a27b3a4cec2377e20524aaaff4385 -> origin/main
update-index	Checkout code	2026-03-14T14:32:47.2732618Z ##[endgroup]
update-index	Checkout code	2026-03-14T14:32:47.2733350Z ##[group]Determining the checkout info
update-index	Checkout code	2026-03-14T14:32:47.2733789Z ##[endgroup]
update-index	Checkout code	2026-03-14T14:32:47.2734114Z [command]/usr/bin/git sparse-checkout disable
update-index	Checkout code	2026-03-14T14:32:47.2907639Z [command]/usr/bin/git config --local --unset-all extensions.worktreeConfig
update-index	Checkout code	2026-03-14T14:32:47.2942556Z ##[group]Checking out the ref
update-index	Checkout code	2026-03-14T14:32:47.2946988Z [command]/usr/bin/git checkout --progress --force -B main refs/remotes/origin/main
update-index	Checkout code	2026-03-14T14:32:48.3149790Z Updating files: 100% (2288/2288)
update-index	Checkout code	2026-03-14T14:32:48.3150408Z Updating files: 100% (2288/2288), done.
update-index	Checkout code	2026-03-14T14:32:48.3200852Z Switched to a new branch 'main'
update-index	Checkout code	2026-03-14T14:32:48.3227257Z branch 'main' set up to track 'origin/main'.
update-index	Checkout code	2026-03-14T14:32:48.3449759Z ##[endgroup]
update-index	Checkout code	2026-03-14T14:32:48.3541490Z [command]/usr/bin/git log -1 --format=%H
update-index	Checkout code	2026-03-14T14:32:48.3630145Z 401dd772c19a27b3a4cec2377e20524aaaff4385
update-index	Set up Python	﻿2026-03-14T14:32:48.4426336Z ##[group]Run actions/setup-python@v5
update-index	Set up Python	2026-03-14T14:32:48.4426703Z with:
update-index	Set up Python	2026-03-14T14:32:48.4426897Z   python-version: 3.x
update-index	Set up Python	2026-03-14T14:32:48.4427132Z   check-latest: false
update-index	Set up Python	2026-03-14T14:32:48.4427541Z   token: ***
update-index	Set up Python	2026-03-14T14:32:48.4427747Z   update-environment: true
update-index	Set up Python	2026-03-14T14:32:48.4433741Z   allow-prereleases: false
update-index	Set up Python	2026-03-14T14:32:48.4433986Z   freethreaded: false
update-index	Set up Python	2026-03-14T14:32:48.4434184Z env:
update-index	Set up Python	2026-03-14T14:32:48.4434409Z   KAOS_MODULE: [Ka0S] Docs Index Auto-Update
update-index	Set up Python	2026-03-14T14:32:48.4434695Z   KAOS_CODE: 23089921425
update-index	Set up Python	2026-03-14T14:32:48.4434903Z ##[endgroup]
update-index	Set up Python	2026-03-14T14:32:48.7818103Z ##[group]Installed versions
update-index	Set up Python	2026-03-14T14:32:48.7850206Z Version 3.x was not found in the local cache
update-index	Set up Python	2026-03-14T14:32:49.9200658Z Version 3.x is available for downloading
update-index	Set up Python	2026-03-14T14:32:49.9201824Z Download from "https://github.com/actions/python-versions/releases/download/3.14.3-21673711214/python-3.14.3-linux-24.04-x64.tar.gz"
update-index	Set up Python	2026-03-14T14:32:53.0930284Z Extract downloaded archive
update-index	Set up Python	2026-03-14T14:32:53.1117587Z [command]/usr/bin/tar xz --warning=no-unknown-keyword --overwrite -C /home/runner/_work/_temp/3180aac3-637f-478c-8391-9f680c964e9f -f /home/runner/_work/_temp/9351f5aa-166d-4487-ab7e-9e219ef336a3
update-index	Set up Python	2026-03-14T14:32:57.6777779Z Execute installation script
update-index	Set up Python	2026-03-14T14:32:57.6966055Z Check if Python hostedtoolcache folder exist...
update-index	Set up Python	2026-03-14T14:32:57.6986283Z Creating Python hostedtoolcache folder...
update-index	Set up Python	2026-03-14T14:32:57.7009848Z Create Python 3.14.3 folder
update-index	Set up Python	2026-03-14T14:32:57.7019584Z Copy Python binaries to hostedtoolcache folder
update-index	Set up Python	2026-03-14T14:32:58.9190108Z Create additional symlinks (Required for the UsePythonVersion Azure Pipelines task and the setup-python GitHub Action)
update-index	Set up Python	2026-03-14T14:32:58.9255688Z Upgrading pip...
update-index	Set up Python	2026-03-14T14:33:03.5573869Z Looking in links: /tmp/tmp1sfdbdpo
update-index	Set up Python	2026-03-14T14:33:03.5575628Z Requirement already satisfied: pip in /home/runner/_work/_tool/Python/3.14.3/x64/lib/python3.14/site-packages (25.3)
update-index	Set up Python	2026-03-14T14:33:05.9304999Z Collecting pip
update-index	Set up Python	2026-03-14T14:33:06.0451523Z Downloading pip-26.0.1-py3-none-any.whl.metadata (4.7 kB)
update-index	Set up Python	2026-03-14T14:33:06.2901353Z Downloading pip-26.0.1-py3-none-any.whl (1.8 MB)
update-index	Set up Python	2026-03-14T14:33:06.6788585Z ━━━━━━━━━━━━━━━━━━━━━━━━━━━━━━━━━━━━━━━━ 1.8/1.8 MB 4.5 MB/s  0:00:00
update-index	Set up Python	2026-03-14T14:33:06.7043542Z Installing collected packages: pip
update-index	Set up Python	2026-03-14T14:33:06.7051861Z Attempting uninstall: pip
update-index	Set up Python	2026-03-14T14:33:06.7120460Z Found existing installation: pip 25.3
update-index	Set up Python	2026-03-14T14:33:06.8611808Z Uninstalling pip-25.3:
update-index	Set up Python	2026-03-14T14:33:06.8893695Z Successfully uninstalled pip-25.3
update-index	Set up Python	2026-03-14T14:33:09.7191431Z Successfully installed pip-26.0.1
update-index	Set up Python	2026-03-14T14:33:10.1163788Z Create complete file
update-index	Set up Python	2026-03-14T14:33:10.1517067Z Successfully set up CPython (3.14.3)
update-index	Set up Python	2026-03-14T14:33:10.1519761Z ##[endgroup]
update-index	Run Index Generator	﻿2026-03-14T14:33:10.2366684Z ##[group]Run python .github/scripts/update-docs-index.py
update-index	Run Index Generator	2026-03-14T14:33:10.2367273Z [36;1mpython .github/scripts/update-docs-index.py[0m
update-index	Run Index Generator	2026-03-14T14:33:10.2473664Z shell: /usr/bin/bash -e {0}
update-index	Run Index Generator	2026-03-14T14:33:10.2474049Z env:
update-index	Run Index Generator	2026-03-14T14:33:10.2474280Z   KAOS_MODULE: [Ka0S] Docs Index Auto-Update
update-index	Run Index Generator	2026-03-14T14:33:10.2474593Z   KAOS_CODE: 23089921425
update-index	Run Index Generator	2026-03-14T14:33:10.2474910Z   pythonLocation: /home/runner/_work/_tool/Python/3.14.3/x64
update-index	Run Index Generator	2026-03-14T14:33:10.2475369Z   PKG_CONFIG_PATH: /home/runner/_work/_tool/Python/3.14.3/x64/lib/pkgconfig
update-index	Run Index Generator	2026-03-14T14:33:10.2475835Z   Python_ROOT_DIR: /home/runner/_work/_tool/Python/3.14.3/x64
update-index	Run Index Generator	2026-03-14T14:33:10.2476245Z   Python2_ROOT_DIR: /home/runner/_work/_tool/Python/3.14.3/x64
update-index	Run Index Generator	2026-03-14T14:33:10.2476660Z   Python3_ROOT_DIR: /home/runner/_work/_tool/Python/3.14.3/x64
update-index	Run Index Generator	2026-03-14T14:33:10.2477072Z   LD_LIBRARY_PATH: /home/runner/_work/_tool/Python/3.14.3/x64/lib
update-index	Run Index Generator	2026-03-14T14:33:10.2477431Z ##[endgroup]
update-index	Run Index Generator	2026-03-14T14:33:10.3529342Z Updated core/docs/README.md
update-index	Run Index Generator	2026-03-14T14:33:10.3585017Z Updated index.md
update-index	Run Index Generator	2026-03-14T14:33:10.3585367Z Found 'nav:' section at line 77, ending at line 138
update-index	Run Index Generator	2026-03-14T14:33:10.3585683Z Updated mkdocs.yml
update-index	Run Index Generator	2026-03-14T14:33:10.3585881Z Done.
update-index	Commit changes	﻿2026-03-14T14:33:10.5060616Z ##[group]Run stefanzweifel/git-auto-commit-action@v5
update-index	Commit changes	2026-03-14T14:33:10.5061017Z with:
update-index	Commit changes	2026-03-14T14:33:10.5061280Z   commit_message: docs: auto-update README index [skip ci]
update-index	Commit changes	2026-03-14T14:33:10.5061641Z   file_pattern: core/docs/README.md index.md
update-index	Commit changes	2026-03-14T14:33:10.5061923Z   repository: .
update-index	Commit changes	2026-03-14T14:33:10.5062143Z   commit_user_name: github-actions[bot]
update-index	Commit changes	2026-03-14T14:33:10.5062539Z   commit_user_email: 41898282+github-actions[bot]@users.noreply.github.com
update-index	Commit changes	2026-03-14T14:33:10.5063042Z   commit_author: ka0score <197097473+ka0score@users.noreply.github.com>
update-index	Commit changes	2026-03-14T14:33:10.5063430Z   skip_dirty_check: false
update-index	Commit changes	2026-03-14T14:33:10.5063656Z   skip_fetch: false
update-index	Commit changes	2026-03-14T14:33:10.5063864Z   skip_checkout: false
update-index	Commit changes	2026-03-14T14:33:10.5064081Z   disable_globbing: false
update-index	Commit changes	2026-03-14T14:33:10.5064307Z   create_branch: false
update-index	Commit changes	2026-03-14T14:33:10.5064523Z   create_git_tag_only: false
update-index	Commit changes	2026-03-14T14:33:10.5064763Z   internal_git_binary: git
update-index	Commit changes	2026-03-14T14:33:10.5064985Z env:
update-index	Commit changes	2026-03-14T14:33:10.5065186Z   KAOS_MODULE: [Ka0S] Docs Index Auto-Update
update-index	Commit changes	2026-03-14T14:33:10.5065520Z   KAOS_CODE: 23089921425
update-index	Commit changes	2026-03-14T14:33:10.5066128Z   pythonLocation: /home/runner/_work/_tool/Python/3.14.3/x64
update-index	Commit changes	2026-03-14T14:33:10.5066585Z   PKG_CONFIG_PATH: /home/runner/_work/_tool/Python/3.14.3/x64/lib/pkgconfig
update-index	Commit changes	2026-03-14T14:33:10.5067044Z   Python_ROOT_DIR: /home/runner/_work/_tool/Python/3.14.3/x64
update-index	Commit changes	2026-03-14T14:33:10.5067455Z   Python2_ROOT_DIR: /home/runner/_work/_tool/Python/3.14.3/x64
update-index	Commit changes	2026-03-14T14:33:10.5067864Z   Python3_ROOT_DIR: /home/runner/_work/_tool/Python/3.14.3/x64
update-index	Commit changes	2026-03-14T14:33:10.5068283Z   LD_LIBRARY_PATH: /home/runner/_work/_tool/Python/3.14.3/x64/lib
update-index	Commit changes	2026-03-14T14:33:10.5068619Z ##[endgroup]
update-index	Commit changes	2026-03-14T14:33:10.6032604Z Started: bash /home/runner/_work/_actions/stefanzweifel/git-auto-commit-action/v5/entrypoint.sh
update-index	Commit changes	2026-03-14T14:33:10.6152802Z INPUT_REPOSITORY value: .
update-index	Commit changes	2026-03-14T14:33:10.6155728Z INPUT_STATUS_OPTIONS: 
update-index	Commit changes	2026-03-14T14:33:10.6164016Z INPUT_FILE_PATTERN: core/docs/README.md index.md
update-index	Commit changes	2026-03-14T14:33:10.9577699Z INPUT_BRANCH value: 
update-index	Commit changes	2026-03-14T14:33:24.3848020Z From https://github.com/Ka0s-Klaus/ka0s
update-index	Commit changes	2026-03-14T14:33:24.3849150Z  * [new branch]      F3450-modelo-operativo  -> origin/F3450-modelo-operativo
update-index	Commit changes	2026-03-14T14:33:24.3870843Z  * [new branch]      H4191-request-cambios   -> origin/H4191-request-cambios
update-index	Commit changes	2026-03-14T14:33:24.3871715Z  * [new branch]      H4200-request-recomendaciones-de-auditoria -> origin/H4200-request-recomendaciones-de-auditoria
update-index	Commit changes	2026-03-14T14:33:24.3876921Z  * [new branch]      H4322-request-plan-de-pruebas-de-agentes -> origin/H4322-request-plan-de-pruebas-de-agentes
update-index	Commit changes	2026-03-14T14:33:24.3879174Z  * [new branch]      chore/incident-cancelation-guard -> origin/chore/incident-cancelation-guard
update-index	Commit changes	2026-03-14T14:33:24.3930658Z  * [new branch]      chore/itop-debug-list   -> origin/chore/itop-debug-list
update-index	Commit changes	2026-03-14T14:33:24.3931363Z  * [new branch]      chore/itop-debug-url-version -> origin/chore/itop-debug-url-version
update-index	Commit changes	2026-03-14T14:33:24.3931947Z  * [new branch]      chore/itop-debug-version -> origin/chore/itop-debug-version
update-index	Commit changes	2026-03-14T14:33:24.3932541Z  * [new branch]      chore/remove-itop-debug-list -> origin/chore/remove-itop-debug-list
update-index	Commit changes	2026-03-14T14:33:24.3933225Z  * [new branch]      fix/cmdb-full-sync-sparse-checkout -> origin/fix/cmdb-full-sync-sparse-checkout
update-index	Commit changes	2026-03-14T14:33:24.3933870Z  * [new branch]      fix/itop-deployment-cache -> origin/fix/itop-deployment-cache
update-index	Commit changes	2026-03-14T14:33:24.3934458Z  * [new branch]      fix/itop-deployment-recovery -> origin/fix/itop-deployment-recovery
update-index	Commit changes	2026-03-14T14:33:24.3935126Z  * [new branch]      fix/itop-deployment-recovery-final -> origin/fix/itop-deployment-recovery-final
update-index	Commit changes	2026-03-14T14:33:24.3935787Z  * [new branch]      fix/itop-list-orgs-on-missing -> origin/fix/itop-list-orgs-on-missing
update-index	Commit changes	2026-03-14T14:33:24.3936355Z  * [new branch]      fix/itop-org-id-numeric -> origin/fix/itop-org-id-numeric
update-index	Commit changes	2026-03-14T14:33:24.3936855Z  * [new branch]      fix/itop-ssl-verify     -> origin/fix/itop-ssl-verify
update-index	Commit changes	2026-03-14T14:33:24.3937391Z  * [new branch]      fix/itop-use-version-in-url -> origin/fix/itop-use-version-in-url
update-index	Commit changes	2026-03-14T14:33:24.4470839Z M	core/docs/README.md
update-index	Commit changes	2026-03-14T14:33:24.4475291Z M	index.md
update-index	Commit changes	2026-03-14T14:33:24.4477693Z M	mkdocs.yml
update-index	Commit changes	2026-03-14T14:33:24.4479431Z Your branch is up to date with 'origin/main'.
update-index	Commit changes	2026-03-14T14:33:24.4490055Z INPUT_ADD_OPTIONS: 
update-index	Commit changes	2026-03-14T14:33:24.4491462Z INPUT_FILE_PATTERN: core/docs/README.md index.md
update-index	Commit changes	2026-03-14T14:33:24.4871339Z INPUT_COMMIT_OPTIONS: 
update-index	Commit changes	2026-03-14T14:33:24.4880733Z INPUT_COMMIT_USER_NAME: github-actions[bot]
update-index	Commit changes	2026-03-14T14:33:24.4910259Z INPUT_COMMIT_USER_EMAIL: 41898282+github-actions[bot]@users.noreply.github.com
update-index	Commit changes	2026-03-14T14:33:24.4919639Z INPUT_COMMIT_MESSAGE: docs: auto-update README index [skip ci]
update-index	Commit changes	2026-03-14T14:33:24.4976986Z INPUT_COMMIT_AUTHOR: ka0score <197097473+ka0score@users.noreply.github.com>
update-index	Commit changes	2026-03-14T14:33:24.5805303Z [main 32f80fb] docs: auto-update README index [skip ci]
update-index	Commit changes	2026-03-14T14:33:24.5809715Z  Author: ka0score <197097473+ka0score@users.noreply.github.com>
update-index	Commit changes	2026-03-14T14:33:24.5810207Z  2 files changed, 4 insertions(+), 2 deletions(-)
update-index	Commit changes	2026-03-14T14:33:24.5917163Z INPUT_TAGGING_MESSAGE: 
update-index	Commit changes	2026-03-14T14:33:24.5929625Z No tagging message supplied. No tag will be added.
update-index	Commit changes	2026-03-14T14:33:24.5930274Z INPUT_PUSH_OPTIONS: 
update-index	Commit changes	2026-03-14T14:33:25.4820571Z To https://github.com/Ka0s-Klaus/ka0s
update-index	Commit changes	2026-03-14T14:33:25.4889704Z    401dd77..32f80fb  main -> main
update-index	Post Set up Python	﻿2026-03-14T14:33:25.5405672Z Post job cleanup.
update-index	Post Checkout code	﻿2026-03-14T14:33:26.2737779Z Post job cleanup.
update-index	Post Checkout code	2026-03-14T14:33:26.7817859Z [command]/usr/bin/git version
update-index	Post Checkout code	2026-03-14T14:33:26.8046263Z git version 2.53.0
update-index	Post Checkout code	2026-03-14T14:33:26.8495121Z Temporarily overriding HOME='/home/runner/_work/_temp/678ecff7-aa54-4d02-a48a-5e92460070db' before making global git config changes
update-index	Post Checkout code	2026-03-14T14:33:26.8539760Z Adding repository directory to the temporary git global config as a safe directory
update-index	Post Checkout code	2026-03-14T14:33:26.8584287Z [command]/usr/bin/git config --global --add safe.directory /home/runner/_work/ka0s/ka0s
update-index	Post Checkout code	2026-03-14T14:33:26.8950863Z [command]/usr/bin/git config --local --name-only --get-regexp core\.sshCommand
update-index	Post Checkout code	2026-03-14T14:33:26.9402257Z [command]/usr/bin/git submodule foreach --recursive sh -c "git config --local --name-only --get-regexp 'core\.sshCommand' && git config --local --unset-all 'core.sshCommand' || :"
update-index	Post Checkout code	2026-03-14T14:33:27.1406274Z [command]/usr/bin/git config --local --name-only --get-regexp http\.https\:\/\/github\.com\/\.extraheader
update-index	Post Checkout code	2026-03-14T14:33:27.1979840Z http.https://github.com/.extraheader
update-index	Post Checkout code	2026-03-14T14:33:27.2089990Z [command]/usr/bin/git config --local --unset-all http.https://github.com/.extraheader
update-index	Post Checkout code	2026-03-14T14:33:27.2252766Z [command]/usr/bin/git submodule foreach --recursive sh -c "git config --local --name-only --get-regexp 'http\.https\:\/\/github\.com\/\.extraheader' && git config --local --unset-all 'http.https://github.com/.extraheader' || :"
update-index	Post Checkout code	2026-03-14T14:33:27.3884171Z [command]/usr/bin/git config --local --name-only --get-regexp ^includeIf\.gitdir:
update-index	Post Checkout code	2026-03-14T14:33:27.4070586Z [command]/usr/bin/git submodule foreach --recursive git config --local --show-origin --name-only --get-regexp remote.origin.url
update-index	Complete job	﻿2026-03-14T14:33:27.5345067Z Cleaning up orphan processes
update-index	Complete job	2026-03-14T14:33:27.5415471Z ##[warning]Node.js 20 actions are deprecated. The following actions are running on Node.js 20 and may not work as expected: actions/checkout@v4, actions/setup-python@v5, stefanzweifel/git-auto-commit-action@v5. Actions will be forced to run with Node.js 24 by default starting June 2nd, 2026. Please check if updated versions of these actions are available that support Node.js 24. To opt into Node.js 24 now, set the FORCE_JAVASCRIPT_ACTIONS_TO_NODE24=true environment variable on the runner or in your workflow file. Once Node.js 24 becomes the default, you can temporarily opt out by setting ACTIONS_ALLOW_USE_UNSECURE_NODE_VERSION=true. For more information see: https://github.blog/changelog/2025-09-19-deprecation-of-node-20-on-github-actions-runners/
Handle Success	Set up job	﻿2026-03-14T14:33:41.0899911Z Current runner version: '2.332.0'
Handle Success	Set up job	2026-03-14T14:33:41.0918109Z Runner name: 'swarm-runners-scaleset-hkss5-runner-k555s'
Handle Success	Set up job	2026-03-14T14:33:41.0919498Z Runner group name: 'Default'
Handle Success	Set up job	2026-03-14T14:33:41.0920680Z Machine name: 'swarm-runners-scaleset-hkss5-runner-k555s'
Handle Success	Set up job	2026-03-14T14:33:41.0927006Z ##[group]GITHUB_TOKEN Permissions
Handle Success	Set up job	2026-03-14T14:33:41.0936977Z Contents: read
Handle Success	Set up job	2026-03-14T14:33:41.0937593Z Metadata: read
Handle Success	Set up job	2026-03-14T14:33:41.0938271Z ##[endgroup]
Handle Success	Set up job	2026-03-14T14:33:41.0941167Z Secret source: Actions
Handle Success	Set up job	2026-03-14T14:33:41.0942034Z Prepare workflow directory
Handle Success	Set up job	2026-03-14T14:33:41.1793696Z Prepare all required actions
Handle Success	Set up job	2026-03-14T14:33:41.1943709Z Complete job name: Handle Success
Handle Success	Log Success	﻿2026-03-14T14:33:41.3533746Z ##[group]Run echo "[Ka0S] Docs Index Auto-Update Success."
Handle Success	Log Success	2026-03-14T14:33:41.3534671Z [36;1mecho "[Ka0S] Docs Index Auto-Update Success."[0m
Handle Success	Log Success	2026-03-14T14:33:41.3637793Z shell: /usr/bin/bash -e {0}
Handle Success	Log Success	2026-03-14T14:33:41.3638734Z env:
Handle Success	Log Success	2026-03-14T14:33:41.3639281Z   KAOS_MODULE: [Ka0S] Docs Index Auto-Update
Handle Success	Log Success	2026-03-14T14:33:41.3639891Z   KAOS_CODE: 23089921425
Handle Success	Log Success	2026-03-14T14:33:41.3640322Z ##[endgroup]
Handle Success	Log Success	2026-03-14T14:33:42.0421692Z [Ka0S] Docs Index Auto-Update Success.
Handle Success	Complete job	﻿2026-03-14T14:33:42.1802163Z Cleaning up orphan processes
end-workflow	Set up job	﻿2026-03-14T14:33:58.1803618Z Current runner version: '2.332.0'
end-workflow	Set up job	2026-03-14T14:33:58.1819251Z Runner name: 'swarm-runners-scaleset-hkss5-runner-pnqx4'
end-workflow	Set up job	2026-03-14T14:33:58.1820447Z Runner group name: 'Default'
end-workflow	Set up job	2026-03-14T14:33:58.1821668Z Machine name: 'swarm-runners-scaleset-hkss5-runner-pnqx4'
end-workflow	Set up job	2026-03-14T14:33:58.1833650Z ##[group]GITHUB_TOKEN Permissions
end-workflow	Set up job	2026-03-14T14:33:58.1837528Z Actions: write
end-workflow	Set up job	2026-03-14T14:33:58.1838105Z Contents: read
end-workflow	Set up job	2026-03-14T14:33:58.1846576Z Metadata: read
end-workflow	Set up job	2026-03-14T14:33:58.1847591Z ##[endgroup]
end-workflow	Set up job	2026-03-14T14:33:58.1850890Z Secret source: Actions
end-workflow	Set up job	2026-03-14T14:33:58.1851949Z Prepare workflow directory
end-workflow	Set up job	2026-03-14T14:33:58.3046418Z Prepare all required actions
end-workflow	Set up job	2026-03-14T14:33:58.3103591Z Getting action download info
end-workflow	Set up job	2026-03-14T14:33:59.0361339Z Download action repository 'actions/checkout@v4' (SHA:34e114876b0b11c390a56381ad16ebd13914f8d5)
end-workflow	Set up job	2026-03-14T14:34:00.6213015Z Complete job name: end-workflow
end-workflow	Checkout repository	﻿2026-03-14T14:34:00.7487244Z ##[group]Run actions/checkout@v4
end-workflow	Checkout repository	2026-03-14T14:34:00.7488231Z with:
end-workflow	Checkout repository	2026-03-14T14:34:00.7488734Z   fetch-depth: 0
end-workflow	Checkout repository	2026-03-14T14:34:00.7489391Z   repository: Ka0s-Klaus/ka0s
end-workflow	Checkout repository	2026-03-14T14:34:00.7490206Z   token: ***
end-workflow	Checkout repository	2026-03-14T14:34:00.7490638Z   ssh-strict: true
end-workflow	Checkout repository	2026-03-14T14:34:00.7491116Z   ssh-user: git
end-workflow	Checkout repository	2026-03-14T14:34:00.7491561Z   persist-credentials: true
end-workflow	Checkout repository	2026-03-14T14:34:00.7492056Z   clean: true
end-workflow	Checkout repository	2026-03-14T14:34:00.7492508Z   sparse-checkout-cone-mode: true
end-workflow	Checkout repository	2026-03-14T14:34:00.7493046Z   fetch-tags: false
end-workflow	Checkout repository	2026-03-14T14:34:00.7493489Z   show-progress: true
end-workflow	Checkout repository	2026-03-14T14:34:00.7493951Z   lfs: false
end-workflow	Checkout repository	2026-03-14T14:34:00.7494369Z   submodules: false
end-workflow	Checkout repository	2026-03-14T14:34:00.7494864Z   set-safe-directory: true
end-workflow	Checkout repository	2026-03-14T14:34:00.7495662Z env:
end-workflow	Checkout repository	2026-03-14T14:34:00.7496142Z   KAOS_MODULE: [Ka0S] Docs Index Auto-Update
end-workflow	Checkout repository	2026-03-14T14:34:00.7496722Z   KAOS_CODE: 23089921425
end-workflow	Checkout repository	2026-03-14T14:34:00.7497184Z ##[endgroup]
end-workflow	Checkout repository	2026-03-14T14:34:01.0829985Z Syncing repository: Ka0s-Klaus/ka0s
end-workflow	Checkout repository	2026-03-14T14:34:01.0832550Z ##[group]Getting Git version info
end-workflow	Checkout repository	2026-03-14T14:34:01.0833333Z Working directory is '/home/runner/_work/ka0s/ka0s'
end-workflow	Checkout repository	2026-03-14T14:34:01.0834296Z [command]/usr/bin/git version
end-workflow	Checkout repository	2026-03-14T14:34:01.0834800Z git version 2.53.0
end-workflow	Checkout repository	2026-03-14T14:34:01.0836394Z ##[endgroup]
end-workflow	Checkout repository	2026-03-14T14:34:01.0910883Z Temporarily overriding HOME='/home/runner/_work/_temp/5204a2cb-c23f-4ca6-9b25-8f7648abcd72' before making global git config changes
end-workflow	Checkout repository	2026-03-14T14:34:01.0912517Z Adding repository directory to the temporary git global config as a safe directory
end-workflow	Checkout repository	2026-03-14T14:34:01.0913666Z [command]/usr/bin/git config --global --add safe.directory /home/runner/_work/ka0s/ka0s
end-workflow	Checkout repository	2026-03-14T14:34:01.0915451Z Deleting the contents of '/home/runner/_work/ka0s/ka0s'
end-workflow	Checkout repository	2026-03-14T14:34:01.0916615Z ##[group]Initializing the repository
end-workflow	Checkout repository	2026-03-14T14:34:01.0917302Z [command]/usr/bin/git init /home/runner/_work/ka0s/ka0s
end-workflow	Checkout repository	2026-03-14T14:34:01.0918263Z hint: Using 'master' as the name for the initial branch. This default branch name
end-workflow	Checkout repository	2026-03-14T14:34:01.0946573Z hint: will change to "main" in Git 3.0. To configure the initial branch name
end-workflow	Checkout repository	2026-03-14T14:34:01.0947916Z hint: to use in all of your new repositories, which will suppress this warning,
end-workflow	Checkout repository	2026-03-14T14:34:01.0948675Z hint: call:
end-workflow	Checkout repository	2026-03-14T14:34:01.0949351Z hint:
end-workflow	Checkout repository	2026-03-14T14:34:01.0949903Z hint: 	git config --global init.defaultBranch <name>
end-workflow	Checkout repository	2026-03-14T14:34:01.0950527Z hint:
end-workflow	Checkout repository	2026-03-14T14:34:01.0951118Z hint: Names commonly chosen instead of 'master' are 'main', 'trunk' and
end-workflow	Checkout repository	2026-03-14T14:34:01.0952082Z hint: 'development'. The just-created branch can be renamed via this command:
end-workflow	Checkout repository	2026-03-14T14:34:01.1047988Z hint:
end-workflow	Checkout repository	2026-03-14T14:34:01.1048622Z hint: 	git branch -m <name>
end-workflow	Checkout repository	2026-03-14T14:34:01.1066652Z hint:
end-workflow	Checkout repository	2026-03-14T14:34:01.1067437Z hint: Disable this message with "git config set advice.defaultBranchName false"
end-workflow	Checkout repository	2026-03-14T14:34:01.1068502Z Initialized empty Git repository in /home/runner/_work/ka0s/ka0s/.git/
end-workflow	Checkout repository	2026-03-14T14:34:01.1075608Z [command]/usr/bin/git remote add origin https://github.com/Ka0s-Klaus/ka0s
end-workflow	Checkout repository	2026-03-14T14:34:01.1169434Z ##[endgroup]
end-workflow	Checkout repository	2026-03-14T14:34:01.1170610Z ##[group]Disabling automatic garbage collection
end-workflow	Checkout repository	2026-03-14T14:34:01.1178360Z [command]/usr/bin/git config --local gc.auto 0
end-workflow	Checkout repository	2026-03-14T14:34:01.1350260Z ##[endgroup]
end-workflow	Checkout repository	2026-03-14T14:34:01.1382821Z ##[group]Setting up auth
end-workflow	Checkout repository	2026-03-14T14:34:01.1406312Z [command]/usr/bin/git config --local --name-only --get-regexp core\.sshCommand
end-workflow	Checkout repository	2026-03-14T14:34:01.1595145Z [command]/usr/bin/git submodule foreach --recursive sh -c "git config --local --name-only --get-regexp 'core\.sshCommand' && git config --local --unset-all 'core.sshCommand' || :"
end-workflow	Checkout repository	2026-03-14T14:34:01.2166118Z [command]/usr/bin/git config --local --name-only --get-regexp http\.https\:\/\/github\.com\/\.extraheader
end-workflow	Checkout repository	2026-03-14T14:34:01.2233065Z [command]/usr/bin/git submodule foreach --recursive sh -c "git config --local --name-only --get-regexp 'http\.https\:\/\/github\.com\/\.extraheader' && git config --local --unset-all 'http.https://github.com/.extraheader' || :"
end-workflow	Checkout repository	2026-03-14T14:34:01.2804589Z [command]/usr/bin/git config --local --name-only --get-regexp ^includeIf\.gitdir:
end-workflow	Checkout repository	2026-03-14T14:34:01.2990960Z [command]/usr/bin/git submodule foreach --recursive git config --local --show-origin --name-only --get-regexp remote.origin.url
end-workflow	Checkout repository	2026-03-14T14:34:01.3802991Z [command]/usr/bin/git config --local http.https://github.com/.extraheader AUTHORIZATION: basic ***
end-workflow	Checkout repository	2026-03-14T14:34:01.4122917Z ##[endgroup]
end-workflow	Checkout repository	2026-03-14T14:34:01.4141415Z ##[group]Fetching the repository
end-workflow	Checkout repository	2026-03-14T14:34:01.4232794Z [command]/usr/bin/git -c protocol.version=2 fetch --prune --no-recurse-submodules origin +refs/heads/*:refs/remotes/origin/* +refs/tags/*:refs/tags/*
end-workflow	Checkout repository	2026-03-14T14:34:48.6035394Z From https://github.com/Ka0s-Klaus/ka0s
end-workflow	Checkout repository	2026-03-14T14:34:48.6039969Z  * [new branch]          F3450-modelo-operativo  -> origin/F3450-modelo-operativo
end-workflow	Checkout repository	2026-03-14T14:34:48.6040948Z  * [new branch]          H4191-request-cambios   -> origin/H4191-request-cambios
end-workflow	Checkout repository	2026-03-14T14:34:48.6062933Z  * [new branch]          H4200-request-recomendaciones-de-auditoria -> origin/H4200-request-recomendaciones-de-auditoria
end-workflow	Checkout repository	2026-03-14T14:34:48.6065609Z  * [new branch]          H4322-request-plan-de-pruebas-de-agentes -> origin/H4322-request-plan-de-pruebas-de-agentes
end-workflow	Checkout repository	2026-03-14T14:34:48.6069277Z  * [new branch]          chore/incident-cancelation-guard -> origin/chore/incident-cancelation-guard
end-workflow	Checkout repository	2026-03-14T14:34:48.6093675Z  * [new branch]          chore/itop-debug-list   -> origin/chore/itop-debug-list
end-workflow	Checkout repository	2026-03-14T14:34:48.6094453Z  * [new branch]          chore/itop-debug-url-version -> origin/chore/itop-debug-url-version
end-workflow	Checkout repository	2026-03-14T14:34:48.6095107Z  * [new branch]          chore/itop-debug-version -> origin/chore/itop-debug-version
end-workflow	Checkout repository	2026-03-14T14:34:48.6095772Z  * [new branch]          chore/remove-itop-debug-list -> origin/chore/remove-itop-debug-list
end-workflow	Checkout repository	2026-03-14T14:34:48.6096516Z  * [new branch]          fix/cmdb-full-sync-sparse-checkout -> origin/fix/cmdb-full-sync-sparse-checkout
end-workflow	Checkout repository	2026-03-14T14:34:48.6097266Z  * [new branch]          fix/itop-deployment-cache -> origin/fix/itop-deployment-cache
end-workflow	Checkout repository	2026-03-14T14:34:48.6097962Z  * [new branch]          fix/itop-deployment-recovery -> origin/fix/itop-deployment-recovery
end-workflow	Checkout repository	2026-03-14T14:34:48.6098733Z  * [new branch]          fix/itop-deployment-recovery-final -> origin/fix/itop-deployment-recovery-final
end-workflow	Checkout repository	2026-03-14T14:34:48.6099662Z  * [new branch]          fix/itop-list-orgs-on-missing -> origin/fix/itop-list-orgs-on-missing
end-workflow	Checkout repository	2026-03-14T14:34:48.6100371Z  * [new branch]          fix/itop-org-id-numeric -> origin/fix/itop-org-id-numeric
end-workflow	Checkout repository	2026-03-14T14:34:48.6100959Z  * [new branch]          fix/itop-ssl-verify     -> origin/fix/itop-ssl-verify
end-workflow	Checkout repository	2026-03-14T14:34:48.6101563Z  * [new branch]          fix/itop-use-version-in-url -> origin/fix/itop-use-version-in-url
end-workflow	Checkout repository	2026-03-14T14:34:48.6102129Z  * [new branch]          main                    -> origin/main
end-workflow	Checkout repository	2026-03-14T14:34:48.6102562Z  * [new tag]             0.0.0                   -> 0.0.0
end-workflow	Checkout repository	2026-03-14T14:34:48.6102977Z  * [new tag]             0.0.1                   -> 0.0.1
end-workflow	Checkout repository	2026-03-14T14:34:48.6103401Z  * [new tag]             0.0.10                  -> 0.0.10
end-workflow	Checkout repository	2026-03-14T14:34:48.6104327Z  * [new tag]             0.0.100                 -> 0.0.100
end-workflow	Checkout repository	2026-03-14T14:34:48.6104738Z  * [new tag]             0.0.101                 -> 0.0.101
end-workflow	Checkout repository	2026-03-14T14:34:48.6105128Z  * [new tag]             0.0.102                 -> 0.0.102
end-workflow	Checkout repository	2026-03-14T14:34:48.6105536Z  * [new tag]             0.0.103                 -> 0.0.103
end-workflow	Checkout repository	2026-03-14T14:34:48.6105939Z  * [new tag]             0.0.104                 -> 0.0.104
end-workflow	Checkout repository	2026-03-14T14:34:48.6106334Z  * [new tag]             0.0.105                 -> 0.0.105
end-workflow	Checkout repository	2026-03-14T14:34:48.6106735Z  * [new tag]             0.0.106                 -> 0.0.106
end-workflow	Checkout repository	2026-03-14T14:34:48.6107248Z  * [new tag]             0.0.107                 -> 0.0.107
end-workflow	Checkout repository	2026-03-14T14:34:48.6107718Z  * [new tag]             0.0.108                 -> 0.0.108
end-workflow	Checkout repository	2026-03-14T14:34:48.6108112Z  * [new tag]             0.0.109                 -> 0.0.109
end-workflow	Checkout repository	2026-03-14T14:34:48.6108505Z  * [new tag]             0.0.11                  -> 0.0.11
end-workflow	Checkout repository	2026-03-14T14:34:48.6109287Z  * [new tag]             0.0.110                 -> 0.0.110
end-workflow	Checkout repository	2026-03-14T14:34:48.6109696Z  * [new tag]             0.0.111                 -> 0.0.111
end-workflow	Checkout repository	2026-03-14T14:34:48.6110099Z  * [new tag]             0.0.112                 -> 0.0.112
end-workflow	Checkout repository	2026-03-14T14:34:48.6110507Z  * [new tag]             0.0.113                 -> 0.0.113
end-workflow	Checkout repository	2026-03-14T14:34:48.6110905Z  * [new tag]             0.0.114                 -> 0.0.114
end-workflow	Checkout repository	2026-03-14T14:34:48.6111311Z  * [new tag]             0.0.115                 -> 0.0.115
end-workflow	Checkout repository	2026-03-14T14:34:48.6111706Z  * [new tag]             0.0.116                 -> 0.0.116
end-workflow	Checkout repository	2026-03-14T14:34:48.6112100Z  * [new tag]             0.0.117                 -> 0.0.117
end-workflow	Checkout repository	2026-03-14T14:34:48.6112505Z  * [new tag]             0.0.118                 -> 0.0.118
end-workflow	Checkout repository	2026-03-14T14:34:48.6112901Z  * [new tag]             0.0.119                 -> 0.0.119
end-workflow	Checkout repository	2026-03-14T14:34:48.6113291Z  * [new tag]             0.0.12                  -> 0.0.12
end-workflow	Checkout repository	2026-03-14T14:34:48.6113701Z  * [new tag]             0.0.120                 -> 0.0.120
end-workflow	Checkout repository	2026-03-14T14:34:48.6114106Z  * [new tag]             0.0.121                 -> 0.0.121
end-workflow	Checkout repository	2026-03-14T14:34:48.6114515Z  * [new tag]             0.0.122                 -> 0.0.122
end-workflow	Checkout repository	2026-03-14T14:34:48.6114915Z  * [new tag]             0.0.123                 -> 0.0.123
end-workflow	Checkout repository	2026-03-14T14:34:48.6115317Z  * [new tag]             0.0.124                 -> 0.0.124
end-workflow	Checkout repository	2026-03-14T14:34:48.6115732Z  * [new tag]             0.0.125                 -> 0.0.125
end-workflow	Checkout repository	2026-03-14T14:34:48.6116135Z  * [new tag]             0.0.126                 -> 0.0.126
end-workflow	Checkout repository	2026-03-14T14:34:48.6116552Z  * [new tag]             0.0.127                 -> 0.0.127
end-workflow	Checkout repository	2026-03-14T14:34:48.6116949Z  * [new tag]             0.0.128                 -> 0.0.128
end-workflow	Checkout repository	2026-03-14T14:34:48.6117362Z  * [new tag]             0.0.129                 -> 0.0.129
end-workflow	Checkout repository	2026-03-14T14:34:48.6117785Z  * [new tag]             0.0.13                  -> 0.0.13
end-workflow	Checkout repository	2026-03-14T14:34:48.6118231Z  * [new tag]             0.0.130                 -> 0.0.130
end-workflow	Checkout repository	2026-03-14T14:34:48.6118657Z  * [new tag]             0.0.131                 -> 0.0.131
end-workflow	Checkout repository	2026-03-14T14:34:48.6126894Z  * [new tag]             0.0.132                 -> 0.0.132
end-workflow	Checkout repository	2026-03-14T14:34:48.6127331Z  * [new tag]             0.0.133                 -> 0.0.133
end-workflow	Checkout repository	2026-03-14T14:34:48.6127728Z  * [new tag]             0.0.134                 -> 0.0.134
end-workflow	Checkout repository	2026-03-14T14:34:48.6128118Z  * [new tag]             0.0.135                 -> 0.0.135
end-workflow	Checkout repository	2026-03-14T14:34:48.6128514Z  * [new tag]             0.0.136                 -> 0.0.136
end-workflow	Checkout repository	2026-03-14T14:34:48.6129071Z  * [new tag]             0.0.137                 -> 0.0.137
end-workflow	Checkout repository	2026-03-14T14:34:48.6129492Z  * [new tag]             0.0.138                 -> 0.0.138
end-workflow	Checkout repository	2026-03-14T14:34:48.6341613Z  * [new tag]             0.0.139                 -> 0.0.139
end-workflow	Checkout repository	2026-03-14T14:34:48.6342216Z  * [new tag]             0.0.14                  -> 0.0.14
end-workflow	Checkout repository	2026-03-14T14:34:48.6342704Z  * [new tag]             0.0.140                 -> 0.0.140
end-workflow	Checkout repository	2026-03-14T14:34:48.6343168Z  * [new tag]             0.0.141                 -> 0.0.141
end-workflow	Checkout repository	2026-03-14T14:34:48.6343993Z  * [new tag]             0.0.142                 -> 0.0.142
end-workflow	Checkout repository	2026-03-14T14:34:48.6344424Z  * [new tag]             0.0.143                 -> 0.0.143
end-workflow	Checkout repository	2026-03-14T14:34:48.6344837Z  * [new tag]             0.0.144                 -> 0.0.144
end-workflow	Checkout repository	2026-03-14T14:34:48.6345250Z  * [new tag]             0.0.145                 -> 0.0.145
end-workflow	Checkout repository	2026-03-14T14:34:48.6345664Z  * [new tag]             0.0.146                 -> 0.0.146
end-workflow	Checkout repository	2026-03-14T14:34:48.6346070Z  * [new tag]             0.0.147                 -> 0.0.147
end-workflow	Checkout repository	2026-03-14T14:34:48.6346495Z  * [new tag]             0.0.148                 -> 0.0.148
end-workflow	Checkout repository	2026-03-14T14:34:48.6346908Z  * [new tag]             0.0.149                 -> 0.0.149
end-workflow	Checkout repository	2026-03-14T14:34:48.6347323Z  * [new tag]             0.0.15                  -> 0.0.15
end-workflow	Checkout repository	2026-03-14T14:34:48.6347738Z  * [new tag]             0.0.150                 -> 0.0.150
end-workflow	Checkout repository	2026-03-14T14:34:48.6348159Z  * [new tag]             0.0.151                 -> 0.0.151
end-workflow	Checkout repository	2026-03-14T14:34:48.6390633Z  * [new tag]             0.0.152                 -> 0.0.152
end-workflow	Checkout repository	2026-03-14T14:34:48.6391108Z  * [new tag]             0.0.153                 -> 0.0.153
end-workflow	Checkout repository	2026-03-14T14:34:48.6391535Z  * [new tag]             0.0.154                 -> 0.0.154
end-workflow	Checkout repository	2026-03-14T14:34:48.6391953Z  * [new tag]             0.0.155                 -> 0.0.155
end-workflow	Checkout repository	2026-03-14T14:34:48.6392365Z  * [new tag]             0.0.156                 -> 0.0.156
end-workflow	Checkout repository	2026-03-14T14:34:48.6392776Z  * [new tag]             0.0.157                 -> 0.0.157
end-workflow	Checkout repository	2026-03-14T14:34:48.6393193Z  * [new tag]             0.0.158                 -> 0.0.158
end-workflow	Checkout repository	2026-03-14T14:34:48.6393600Z  * [new tag]             0.0.159                 -> 0.0.159
end-workflow	Checkout repository	2026-03-14T14:34:48.6394001Z  * [new tag]             0.0.16                  -> 0.0.16
end-workflow	Checkout repository	2026-03-14T14:34:48.6394413Z  * [new tag]             0.0.160                 -> 0.0.160
end-workflow	Checkout repository	2026-03-14T14:34:48.6394828Z  * [new tag]             0.0.161                 -> 0.0.161
end-workflow	Checkout repository	2026-03-14T14:34:48.6395247Z  * [new tag]             0.0.162                 -> 0.0.162
end-workflow	Checkout repository	2026-03-14T14:34:48.6395663Z  * [new tag]             0.0.163                 -> 0.0.163
end-workflow	Checkout repository	2026-03-14T14:34:48.6396067Z  * [new tag]             0.0.164                 -> 0.0.164
end-workflow	Checkout repository	2026-03-14T14:34:48.6396478Z  * [new tag]             0.0.165                 -> 0.0.165
end-workflow	Checkout repository	2026-03-14T14:34:48.6396881Z  * [new tag]             0.0.166                 -> 0.0.166
end-workflow	Checkout repository	2026-03-14T14:34:48.6397296Z  * [new tag]             0.0.167                 -> 0.0.167
end-workflow	Checkout repository	2026-03-14T14:34:48.6397711Z  * [new tag]             0.0.168                 -> 0.0.168
end-workflow	Checkout repository	2026-03-14T14:34:48.6398115Z  * [new tag]             0.0.169                 -> 0.0.169
end-workflow	Checkout repository	2026-03-14T14:34:48.6398528Z  * [new tag]             0.0.17                  -> 0.0.17
end-workflow	Checkout repository	2026-03-14T14:34:48.6406533Z  * [new tag]             0.0.170                 -> 0.0.170
end-workflow	Checkout repository	2026-03-14T14:34:48.6407034Z  * [new tag]             0.0.171                 -> 0.0.171
end-workflow	Checkout repository	2026-03-14T14:34:48.6407449Z  * [new tag]             0.0.172                 -> 0.0.172
end-workflow	Checkout repository	2026-03-14T14:34:48.6407873Z  * [new tag]             0.0.173                 -> 0.0.173
end-workflow	Checkout repository	2026-03-14T14:34:48.6408289Z  * [new tag]             0.0.174                 -> 0.0.174
end-workflow	Checkout repository	2026-03-14T14:34:48.6408699Z  * [new tag]             0.0.175                 -> 0.0.175
end-workflow	Checkout repository	2026-03-14T14:34:48.6409326Z  * [new tag]             0.0.176                 -> 0.0.176
end-workflow	Checkout repository	2026-03-14T14:34:48.6409748Z  * [new tag]             0.0.177                 -> 0.0.177
end-workflow	Checkout repository	2026-03-14T14:34:48.6410155Z  * [new tag]             0.0.178                 -> 0.0.178
end-workflow	Checkout repository	2026-03-14T14:34:48.6410561Z  * [new tag]             0.0.179                 -> 0.0.179
end-workflow	Checkout repository	2026-03-14T14:34:48.6410972Z  * [new tag]             0.0.18                  -> 0.0.18
end-workflow	Checkout repository	2026-03-14T14:34:48.6411381Z  * [new tag]             0.0.19                  -> 0.0.19
end-workflow	Checkout repository	2026-03-14T14:34:48.6411791Z  * [new tag]             0.0.2                   -> 0.0.2
end-workflow	Checkout repository	2026-03-14T14:34:48.6412193Z  * [new tag]             0.0.20                  -> 0.0.20
end-workflow	Checkout repository	2026-03-14T14:34:48.6412614Z  * [new tag]             0.0.21                  -> 0.0.21
end-workflow	Checkout repository	2026-03-14T14:34:48.6413347Z  * [new tag]             0.0.22                  -> 0.0.22
end-workflow	Checkout repository	2026-03-14T14:34:48.6413752Z  * [new tag]             0.0.23                  -> 0.0.23
end-workflow	Checkout repository	2026-03-14T14:34:48.6414161Z  * [new tag]             0.0.24                  -> 0.0.24
end-workflow	Checkout repository	2026-03-14T14:34:48.6414562Z  * [new tag]             0.0.25                  -> 0.0.25
end-workflow	Checkout repository	2026-03-14T14:34:48.6414964Z  * [new tag]             0.0.26                  -> 0.0.26
end-workflow	Checkout repository	2026-03-14T14:34:48.6415374Z  * [new tag]             0.0.27                  -> 0.0.27
end-workflow	Checkout repository	2026-03-14T14:34:48.6415777Z  * [new tag]             0.0.28                  -> 0.0.28
end-workflow	Checkout repository	2026-03-14T14:34:48.6416185Z  * [new tag]             0.0.29                  -> 0.0.29
end-workflow	Checkout repository	2026-03-14T14:34:48.6416587Z  * [new tag]             0.0.3                   -> 0.0.3
end-workflow	Checkout repository	2026-03-14T14:34:48.6416996Z  * [new tag]             0.0.30                  -> 0.0.30
end-workflow	Checkout repository	2026-03-14T14:34:48.6417402Z  * [new tag]             0.0.31                  -> 0.0.31
end-workflow	Checkout repository	2026-03-14T14:34:48.6418053Z  * [new tag]             0.0.32                  -> 0.0.32
end-workflow	Checkout repository	2026-03-14T14:34:48.6418467Z  * [new tag]             0.0.33                  -> 0.0.33
end-workflow	Checkout repository	2026-03-14T14:34:48.6419040Z  * [new tag]             0.0.34                  -> 0.0.34
end-workflow	Checkout repository	2026-03-14T14:34:48.6419459Z  * [new tag]             0.0.35                  -> 0.0.35
end-workflow	Checkout repository	2026-03-14T14:34:48.6419878Z  * [new tag]             0.0.36                  -> 0.0.36
end-workflow	Checkout repository	2026-03-14T14:34:48.6420290Z  * [new tag]             0.0.37                  -> 0.0.37
end-workflow	Checkout repository	2026-03-14T14:34:48.6420693Z  * [new tag]             0.0.38                  -> 0.0.38
end-workflow	Checkout repository	2026-03-14T14:34:48.6421105Z  * [new tag]             0.0.39                  -> 0.0.39
end-workflow	Checkout repository	2026-03-14T14:34:48.6421502Z  * [new tag]             0.0.4                   -> 0.0.4
end-workflow	Checkout repository	2026-03-14T14:34:48.6421898Z  * [new tag]             0.0.40                  -> 0.0.40
end-workflow	Checkout repository	2026-03-14T14:34:48.6422291Z  * [new tag]             0.0.41                  -> 0.0.41
end-workflow	Checkout repository	2026-03-14T14:34:48.6422691Z  * [new tag]             0.0.42                  -> 0.0.42
end-workflow	Checkout repository	2026-03-14T14:34:48.6423101Z  * [new tag]             0.0.43                  -> 0.0.43
end-workflow	Checkout repository	2026-03-14T14:34:48.6423506Z  * [new tag]             0.0.44                  -> 0.0.44
end-workflow	Checkout repository	2026-03-14T14:34:48.6423902Z  * [new tag]             0.0.45                  -> 0.0.45
end-workflow	Checkout repository	2026-03-14T14:34:48.6424292Z  * [new tag]             0.0.46                  -> 0.0.46
end-workflow	Checkout repository	2026-03-14T14:34:48.6424689Z  * [new tag]             0.0.47                  -> 0.0.47
end-workflow	Checkout repository	2026-03-14T14:34:48.6425083Z  * [new tag]             0.0.48                  -> 0.0.48
end-workflow	Checkout repository	2026-03-14T14:34:48.6425479Z  * [new tag]             0.0.49                  -> 0.0.49
end-workflow	Checkout repository	2026-03-14T14:34:48.6425877Z  * [new tag]             0.0.5                   -> 0.0.5
end-workflow	Checkout repository	2026-03-14T14:34:48.6426539Z  * [new tag]             0.0.50                  -> 0.0.50
end-workflow	Checkout repository	2026-03-14T14:34:48.6426944Z  * [new tag]             0.0.51                  -> 0.0.51
end-workflow	Checkout repository	2026-03-14T14:34:48.6427335Z  * [new tag]             0.0.52                  -> 0.0.52
end-workflow	Checkout repository	2026-03-14T14:34:48.6427737Z  * [new tag]             0.0.53                  -> 0.0.53
end-workflow	Checkout repository	2026-03-14T14:34:48.6428146Z  * [new tag]             0.0.54                  -> 0.0.54
end-workflow	Checkout repository	2026-03-14T14:34:48.6428544Z  * [new tag]             0.0.55                  -> 0.0.55
end-workflow	Checkout repository	2026-03-14T14:34:48.6429020Z  * [new tag]             0.0.56                  -> 0.0.56
end-workflow	Checkout repository	2026-03-14T14:34:48.6429414Z  * [new tag]             0.0.57                  -> 0.0.57
end-workflow	Checkout repository	2026-03-14T14:34:48.6429816Z  * [new tag]             0.0.58                  -> 0.0.58
end-workflow	Checkout repository	2026-03-14T14:34:48.6430217Z  * [new tag]             0.0.59                  -> 0.0.59
end-workflow	Checkout repository	2026-03-14T14:34:48.6430613Z  * [new tag]             0.0.6                   -> 0.0.6
end-workflow	Checkout repository	2026-03-14T14:34:48.6431033Z  * [new tag]             0.0.60                  -> 0.0.60
end-workflow	Checkout repository	2026-03-14T14:34:48.6431424Z  * [new tag]             0.0.61                  -> 0.0.61
end-workflow	Checkout repository	2026-03-14T14:34:48.6431824Z  * [new tag]             0.0.62                  -> 0.0.62
end-workflow	Checkout repository	2026-03-14T14:34:48.6432221Z  * [new tag]             0.0.63                  -> 0.0.63
end-workflow	Checkout repository	2026-03-14T14:34:48.6432640Z  * [new tag]             0.0.64                  -> 0.0.64
end-workflow	Checkout repository	2026-03-14T14:34:48.6433307Z  * [new tag]             0.0.65                  -> 0.0.65
end-workflow	Checkout repository	2026-03-14T14:34:48.6433700Z  * [new tag]             0.0.66                  -> 0.0.66
end-workflow	Checkout repository	2026-03-14T14:34:48.6434098Z  * [new tag]             0.0.67                  -> 0.0.67
end-workflow	Checkout repository	2026-03-14T14:34:48.6434492Z  * [new tag]             0.0.68                  -> 0.0.68
end-workflow	Checkout repository	2026-03-14T14:34:48.6434889Z  * [new tag]             0.0.69                  -> 0.0.69
end-workflow	Checkout repository	2026-03-14T14:34:48.6435281Z  * [new tag]             0.0.7                   -> 0.0.7
end-workflow	Checkout repository	2026-03-14T14:34:48.6435681Z  * [new tag]             0.0.70                  -> 0.0.70
end-workflow	Checkout repository	2026-03-14T14:34:48.6436073Z  * [new tag]             0.0.71                  -> 0.0.71
end-workflow	Checkout repository	2026-03-14T14:34:48.6436487Z  * [new tag]             0.0.72                  -> 0.0.72
end-workflow	Checkout repository	2026-03-14T14:34:48.6436896Z  * [new tag]             0.0.73                  -> 0.0.73
end-workflow	Checkout repository	2026-03-14T14:34:48.6437304Z  * [new tag]             0.0.74                  -> 0.0.74
end-workflow	Checkout repository	2026-03-14T14:34:48.6437929Z  * [new tag]             0.0.75                  -> 0.0.75
end-workflow	Checkout repository	2026-03-14T14:34:48.6438325Z  * [new tag]             0.0.76                  -> 0.0.76
end-workflow	Checkout repository	2026-03-14T14:34:48.6438721Z  * [new tag]             0.0.77                  -> 0.0.77
end-workflow	Checkout repository	2026-03-14T14:34:48.6439321Z  * [new tag]             0.0.78                  -> 0.0.78
end-workflow	Checkout repository	2026-03-14T14:34:48.6439721Z  * [new tag]             0.0.79                  -> 0.0.79
end-workflow	Checkout repository	2026-03-14T14:34:48.6440117Z  * [new tag]             0.0.8                   -> 0.0.8
end-workflow	Checkout repository	2026-03-14T14:34:48.6440507Z  * [new tag]             0.0.80                  -> 0.0.80
end-workflow	Checkout repository	2026-03-14T14:34:48.6440903Z  * [new tag]             0.0.81                  -> 0.0.81
end-workflow	Checkout repository	2026-03-14T14:34:48.6441294Z  * [new tag]             0.0.82                  -> 0.0.82
end-workflow	Checkout repository	2026-03-14T14:34:48.6441697Z  * [new tag]             0.0.83                  -> 0.0.83
end-workflow	Checkout repository	2026-03-14T14:34:48.6442100Z  * [new tag]             0.0.84                  -> 0.0.84
end-workflow	Checkout repository	2026-03-14T14:34:48.6442506Z  * [new tag]             0.0.85                  -> 0.0.85
end-workflow	Checkout repository	2026-03-14T14:34:48.6442916Z  * [new tag]             0.0.86                  -> 0.0.86
end-workflow	Checkout repository	2026-03-14T14:34:48.6443306Z  * [new tag]             0.0.87                  -> 0.0.87
end-workflow	Checkout repository	2026-03-14T14:34:48.6443705Z  * [new tag]             0.0.88                  -> 0.0.88
end-workflow	Checkout repository	2026-03-14T14:34:48.6444100Z  * [new tag]             0.0.89                  -> 0.0.89
end-workflow	Checkout repository	2026-03-14T14:34:48.6444509Z  * [new tag]             0.0.9                   -> 0.0.9
end-workflow	Checkout repository	2026-03-14T14:34:48.6444914Z  * [new tag]             0.0.90                  -> 0.0.90
end-workflow	Checkout repository	2026-03-14T14:34:48.6445309Z  * [new tag]             0.0.91                  -> 0.0.91
end-workflow	Checkout repository	2026-03-14T14:34:48.6445707Z  * [new tag]             0.0.92                  -> 0.0.92
end-workflow	Checkout repository	2026-03-14T14:34:48.6446104Z  * [new tag]             0.0.93                  -> 0.0.93
end-workflow	Checkout repository	2026-03-14T14:34:48.6446553Z  * [new tag]             0.0.94                  -> 0.0.94
end-workflow	Checkout repository	2026-03-14T14:34:48.6446970Z  * [new tag]             0.0.95                  -> 0.0.95
end-workflow	Checkout repository	2026-03-14T14:34:48.6447380Z  * [new tag]             0.0.96                  -> 0.0.96
end-workflow	Checkout repository	2026-03-14T14:34:48.6447792Z  * [new tag]             0.0.97                  -> 0.0.97
end-workflow	Checkout repository	2026-03-14T14:34:48.6448192Z  * [new tag]             0.0.98                  -> 0.0.98
end-workflow	Checkout repository	2026-03-14T14:34:48.6448599Z  * [new tag]             0.0.99                  -> 0.0.99
end-workflow	Checkout repository	2026-03-14T14:34:48.6459610Z  * [new tag]             0.1.0                   -> 0.1.0
end-workflow	Checkout repository	2026-03-14T14:34:48.6460105Z  * [new tag]             0.1.1                   -> 0.1.1
end-workflow	Checkout repository	2026-03-14T14:34:48.6460502Z  * [new tag]             0.2.0                   -> 0.2.0
end-workflow	Checkout repository	2026-03-14T14:34:48.6460897Z  * [new tag]             0.3.0                   -> 0.3.0
end-workflow	Checkout repository	2026-03-14T14:34:48.6461317Z  * [new tag]             0.3.1                   -> 0.3.1
end-workflow	Checkout repository	2026-03-14T14:34:48.6461721Z  * [new tag]             0.3.10                  -> 0.3.10
end-workflow	Checkout repository	2026-03-14T14:34:48.6462117Z  * [new tag]             0.3.11                  -> 0.3.11
end-workflow	Checkout repository	2026-03-14T14:34:48.6462515Z  * [new tag]             0.3.12                  -> 0.3.12
end-workflow	Checkout repository	2026-03-14T14:34:48.6463274Z  * [new tag]             0.3.13                  -> 0.3.13
end-workflow	Checkout repository	2026-03-14T14:34:48.6463673Z  * [new tag]             0.3.14                  -> 0.3.14
end-workflow	Checkout repository	2026-03-14T14:34:48.6464065Z  * [new tag]             0.3.15                  -> 0.3.15
end-workflow	Checkout repository	2026-03-14T14:34:48.6464460Z  * [new tag]             0.3.16                  -> 0.3.16
end-workflow	Checkout repository	2026-03-14T14:34:48.6464859Z  * [new tag]             0.3.17                  -> 0.3.17
end-workflow	Checkout repository	2026-03-14T14:34:48.6465249Z  * [new tag]             0.3.2                   -> 0.3.2
end-workflow	Checkout repository	2026-03-14T14:34:48.6465646Z  * [new tag]             0.3.3                   -> 0.3.3
end-workflow	Checkout repository	2026-03-14T14:34:48.6466040Z  * [new tag]             0.3.4                   -> 0.3.4
end-workflow	Checkout repository	2026-03-14T14:34:48.6466435Z  * [new tag]             0.3.5                   -> 0.3.5
end-workflow	Checkout repository	2026-03-14T14:34:48.6466824Z  * [new tag]             0.3.6                   -> 0.3.6
end-workflow	Checkout repository	2026-03-14T14:34:48.6467225Z  * [new tag]             0.3.7                   -> 0.3.7
end-workflow	Checkout repository	2026-03-14T14:34:48.6467859Z  * [new tag]             0.3.8                   -> 0.3.8
end-workflow	Checkout repository	2026-03-14T14:34:48.6468260Z  * [new tag]             0.3.9                   -> 0.3.9
end-workflow	Checkout repository	2026-03-14T14:34:48.6468659Z  * [new tag]             0.4.0                   -> 0.4.0
end-workflow	Checkout repository	2026-03-14T14:34:48.6469205Z  * [new tag]             0.4.1                   -> 0.4.1
end-workflow	Checkout repository	2026-03-14T14:34:48.6469610Z  * [new tag]             0.4.2                   -> 0.4.2
end-workflow	Checkout repository	2026-03-14T14:34:48.6470002Z  * [new tag]             0.4.3                   -> 0.4.3
end-workflow	Checkout repository	2026-03-14T14:34:48.6470410Z  * [new tag]             0.4.4                   -> 0.4.4
end-workflow	Checkout repository	2026-03-14T14:34:48.6470801Z  * [new tag]             0.4.5                   -> 0.4.5
end-workflow	Checkout repository	2026-03-14T14:34:48.6471195Z  * [new tag]             0.4.6                   -> 0.4.6
end-workflow	Checkout repository	2026-03-14T14:34:48.6471586Z  * [new tag]             0.4.7                   -> 0.4.7
end-workflow	Checkout repository	2026-03-14T14:34:48.6471984Z  * [new tag]             0.4.8                   -> 0.4.8
end-workflow	Checkout repository	2026-03-14T14:34:48.6472374Z  * [new tag]             0.4.9                   -> 0.4.9
end-workflow	Checkout repository	2026-03-14T14:34:48.6472775Z  * [new tag]             0.5.0                   -> 0.5.0
end-workflow	Checkout repository	2026-03-14T14:34:48.6473181Z  * [new tag]             0.5.1                   -> 0.5.1
end-workflow	Checkout repository	2026-03-14T14:34:48.6473574Z  * [new tag]             0.5.2                   -> 0.5.2
end-workflow	Checkout repository	2026-03-14T14:34:48.6473970Z  * [new tag]             0.6.0                   -> 0.6.0
end-workflow	Checkout repository	2026-03-14T14:34:48.6474371Z  * [new tag]             0.6.1                   -> 0.6.1
end-workflow	Checkout repository	2026-03-14T14:34:48.6474762Z  * [new tag]             0.6.2                   -> 0.6.2
end-workflow	Checkout repository	2026-03-14T14:34:48.6475167Z  * [new tag]             0.6.3                   -> 0.6.3
end-workflow	Checkout repository	2026-03-14T14:34:48.6475559Z  * [new tag]             0.6.4                   -> 0.6.4
end-workflow	Checkout repository	2026-03-14T14:34:48.6475956Z  * [new tag]             0.6.5                   -> 0.6.5
end-workflow	Checkout repository	2026-03-14T14:34:48.6476352Z  * [new tag]             0.6.6                   -> 0.6.6
end-workflow	Checkout repository	2026-03-14T14:34:48.6613184Z [command]/usr/bin/git branch --list --remote origin/main
end-workflow	Checkout repository	2026-03-14T14:34:48.6771124Z   origin/main
end-workflow	Checkout repository	2026-03-14T14:34:48.6828284Z [command]/usr/bin/git rev-parse refs/remotes/origin/main
end-workflow	Checkout repository	2026-03-14T14:34:48.6839972Z 32f80fb6eee5c535fc7d19322cb7010e28700cec
end-workflow	Checkout repository	2026-03-14T14:34:48.6841614Z [command]/usr/bin/git -c protocol.version=2 fetch --no-tags --prune --no-recurse-submodules origin +401dd772c19a27b3a4cec2377e20524aaaff4385:refs/remotes/origin/main
end-workflow	Checkout repository	2026-03-14T14:34:48.7074495Z From https://github.com/Ka0s-Klaus/ka0s
end-workflow	Checkout repository	2026-03-14T14:34:48.7085984Z  + 32f80fb6e...401dd772c 401dd772c19a27b3a4cec2377e20524aaaff4385 -> origin/main  (forced update)
end-workflow	Checkout repository	2026-03-14T14:34:48.7125882Z ##[endgroup]
end-workflow	Checkout repository	2026-03-14T14:34:48.7127226Z ##[group]Determining the checkout info
end-workflow	Checkout repository	2026-03-14T14:34:48.7137518Z ##[endgroup]
end-workflow	Checkout repository	2026-03-14T14:34:48.7138225Z [command]/usr/bin/git sparse-checkout disable
end-workflow	Checkout repository	2026-03-14T14:34:48.7208012Z [command]/usr/bin/git config --local --unset-all extensions.worktreeConfig
end-workflow	Checkout repository	2026-03-14T14:34:48.7276562Z ##[group]Checking out the ref
end-workflow	Checkout repository	2026-03-14T14:34:48.7277240Z [command]/usr/bin/git checkout --progress --force -B main refs/remotes/origin/main
end-workflow	Checkout repository	2026-03-14T14:34:49.8652186Z Updating files: 100% (2288/2288)
end-workflow	Checkout repository	2026-03-14T14:34:49.8659299Z Updating files: 100% (2288/2288), done.
end-workflow	Checkout repository	2026-03-14T14:34:49.8758078Z Switched to a new branch 'main'
end-workflow	Checkout repository	2026-03-14T14:34:49.8800039Z branch 'main' set up to track 'origin/main'.
end-workflow	Checkout repository	2026-03-14T14:34:49.9160054Z ##[endgroup]
end-workflow	Checkout repository	2026-03-14T14:34:49.9267564Z [command]/usr/bin/git log -1 --format=%H
end-workflow	Checkout repository	2026-03-14T14:34:49.9318638Z 401dd772c19a27b3a4cec2377e20524aaaff4385
end-workflow	Install GH CLI	﻿2026-03-14T14:34:50.0099171Z Prepare all required actions
end-workflow	Install GH CLI	2026-03-14T14:34:50.0241528Z ##[group]Run ./.github/actions/install-gh-cli
end-workflow	Install GH CLI	2026-03-14T14:34:50.0241860Z env:
end-workflow	Install GH CLI	2026-03-14T14:34:50.0242084Z   KAOS_MODULE: [Ka0S] Docs Index Auto-Update
end-workflow	Install GH CLI	2026-03-14T14:34:50.0242361Z   KAOS_CODE: 23089921425
end-workflow	Install GH CLI	2026-03-14T14:34:50.0242574Z ##[endgroup]
end-workflow	Install GH CLI	2026-03-14T14:34:50.0517616Z ##[group]Run type -p curl >/dev/null || (sudo apt-get update && sudo apt-get install curl -y)
end-workflow	Install GH CLI	2026-03-14T14:34:50.0518408Z [36;1mtype -p curl >/dev/null || (sudo apt-get update && sudo apt-get install curl -y)[0m
end-workflow	Install GH CLI	2026-03-14T14:34:50.0529889Z [36;1mcurl -fsSL https://cli.github.com/packages/githubcli-archive-keyring.gpg | sudo dd of=/usr/share/keyrings/githubcli-archive-keyring.gpg \[0m
end-workflow	Install GH CLI	2026-03-14T14:34:50.0530872Z [36;1m&& sudo chmod go+r /usr/share/keyrings/githubcli-archive-keyring.gpg \[0m
end-workflow	Install GH CLI	2026-03-14T14:34:50.0532003Z [36;1m&& echo "deb [arch=$(dpkg --print-architecture) signed-by=/usr/share/keyrings/githubcli-archive-keyring.gpg] https://cli.github.com/packages stable main" | sudo tee /etc/apt/sources.list.d/github-cli.list > /dev/null \[0m
end-workflow	Install GH CLI	2026-03-14T14:34:50.0533135Z [36;1m&& sudo apt-get update \[0m
end-workflow	Install GH CLI	2026-03-14T14:34:50.0533434Z [36;1m&& sudo apt-get install gh -y[0m
end-workflow	Install GH CLI	2026-03-14T14:34:50.0584900Z shell: /usr/bin/bash --noprofile --norc -e -o pipefail {0}
end-workflow	Install GH CLI	2026-03-14T14:34:50.0585294Z env:
end-workflow	Install GH CLI	2026-03-14T14:34:50.0585523Z   KAOS_MODULE: [Ka0S] Docs Index Auto-Update
end-workflow	Install GH CLI	2026-03-14T14:34:50.0585802Z   KAOS_CODE: 23089921425
end-workflow	Install GH CLI	2026-03-14T14:34:50.0586028Z ##[endgroup]
end-workflow	Install GH CLI	2026-03-14T14:34:50.1858027Z 4+1 records in
end-workflow	Install GH CLI	2026-03-14T14:34:50.1861358Z 4+1 records out
end-workflow	Install GH CLI	2026-03-14T14:34:50.1861660Z 2270 bytes (2.3 kB, 2.2 KiB) copied, 0.085069 s, 26.7 kB/s
end-workflow	Install GH CLI	2026-03-14T14:34:50.4409431Z Get:1 https://cli.github.com/packages stable InRelease [3917 B]
end-workflow	Install GH CLI	2026-03-14T14:34:50.4457493Z Get:2 http://security.ubuntu.com/ubuntu noble-security InRelease [126 kB]
end-workflow	Install GH CLI	2026-03-14T14:34:50.5965062Z Get:3 http://archive.ubuntu.com/ubuntu noble InRelease [256 kB]
end-workflow	Install GH CLI	2026-03-14T14:34:50.6379377Z Get:4 https://ppa.launchpadcontent.net/git-core/ppa/ubuntu noble InRelease [24.3 kB]
end-workflow	Install GH CLI	2026-03-14T14:34:50.6421556Z Get:5 https://cli.github.com/packages stable/main amd64 Packages [357 B]
end-workflow	Install GH CLI	2026-03-14T14:34:50.7939954Z Get:6 http://security.ubuntu.com/ubuntu noble-security/restricted amd64 Packages [3398 kB]
end-workflow	Install GH CLI	2026-03-14T14:34:50.9038374Z Get:7 https://ppa.launchpadcontent.net/git-core/ppa/ubuntu noble/main amd64 Packages [2992 B]
end-workflow	Install GH CLI	2026-03-14T14:34:50.9920795Z Get:8 http://security.ubuntu.com/ubuntu noble-security/main amd64 Packages [1939 kB]
end-workflow	Install GH CLI	2026-03-14T14:34:51.0719940Z Get:9 http://security.ubuntu.com/ubuntu noble-security/universe amd64 Packages [1261 kB]
end-workflow	Install GH CLI	2026-03-14T14:34:51.0859701Z Get:10 http://security.ubuntu.com/ubuntu noble-security/multiverse amd64 Packages [34.8 kB]
end-workflow	Install GH CLI	2026-03-14T14:34:51.2223265Z Get:11 http://archive.ubuntu.com/ubuntu noble-updates InRelease [126 kB]
end-workflow	Install GH CLI	2026-03-14T14:34:51.4000177Z Get:12 http://archive.ubuntu.com/ubuntu noble-backports InRelease [126 kB]
end-workflow	Install GH CLI	2026-03-14T14:34:51.5507868Z Get:13 http://archive.ubuntu.com/ubuntu noble/multiverse amd64 Packages [331 kB]
end-workflow	Install GH CLI	2026-03-14T14:34:51.6556992Z Get:14 http://archive.ubuntu.com/ubuntu noble/universe amd64 Packages [19.3 MB]
end-workflow	Install GH CLI	2026-03-14T14:34:52.7597661Z Get:15 http://archive.ubuntu.com/ubuntu noble/main amd64 Packages [1808 kB]
end-workflow	Install GH CLI	2026-03-14T14:34:52.7970651Z Get:16 http://archive.ubuntu.com/ubuntu noble/restricted amd64 Packages [117 kB]
end-workflow	Install GH CLI	2026-03-14T14:34:52.8071360Z Get:17 http://archive.ubuntu.com/ubuntu noble-updates/restricted amd64 Packages [3569 kB]
end-workflow	Install GH CLI	2026-03-14T14:34:52.9221162Z Get:18 http://archive.ubuntu.com/ubuntu noble-updates/universe amd64 Packages [2027 kB]
end-workflow	Install GH CLI	2026-03-14T14:34:52.9622034Z Get:19 http://archive.ubuntu.com/ubuntu noble-updates/main amd64 Packages [2319 kB]
end-workflow	Install GH CLI	2026-03-14T14:34:53.0670981Z Get:20 http://archive.ubuntu.com/ubuntu noble-updates/multiverse amd64 Packages [38.1 kB]
end-workflow	Install GH CLI	2026-03-14T14:34:53.0676442Z Get:21 http://archive.ubuntu.com/ubuntu noble-backports/multiverse amd64 Packages [695 B]
end-workflow	Install GH CLI	2026-03-14T14:34:53.0689705Z Get:22 http://archive.ubuntu.com/ubuntu noble-backports/main amd64 Packages [79.5 kB]
end-workflow	Install GH CLI	2026-03-14T14:34:53.1041125Z Get:23 http://archive.ubuntu.com/ubuntu noble-backports/universe amd64 Packages [40.6 kB]
end-workflow	Install GH CLI	2026-03-14T14:34:54.2710305Z Fetched 36.9 MB in 4s (9376 kB/s)
end-workflow	Install GH CLI	2026-03-14T14:34:55.3764383Z Reading package lists...
end-workflow	Install GH CLI	2026-03-14T14:34:56.6269964Z Reading package lists...
end-workflow	Install GH CLI	2026-03-14T14:34:56.9291169Z Building dependency tree...
end-workflow	Install GH CLI	2026-03-14T14:34:56.9291499Z Reading state information...
end-workflow	Install GH CLI	2026-03-14T14:34:57.4009822Z The following NEW packages will be installed:
end-workflow	Install GH CLI	2026-03-14T14:34:57.4031034Z   gh
end-workflow	Install GH CLI	2026-03-14T14:34:58.1484646Z 0 upgraded, 1 newly installed, 0 to remove and 18 not upgraded.
end-workflow	Install GH CLI	2026-03-14T14:34:58.1491640Z Need to get 14.0 MB of archives.
end-workflow	Install GH CLI	2026-03-14T14:34:58.1492036Z After this operation, 39.0 MB of additional disk space will be used.
end-workflow	Install GH CLI	2026-03-14T14:34:58.1492566Z Get:1 https://cli.github.com/packages stable/main amd64 gh amd64 2.88.1 [14.0 MB]
end-workflow	Install GH CLI	2026-03-14T14:34:58.6270615Z debconf: delaying package configuration, since apt-utils is not installed
end-workflow	Install GH CLI	2026-03-14T14:34:58.6943705Z Fetched 14.0 MB in 1s (14.3 MB/s)
end-workflow	Install GH CLI	2026-03-14T14:34:58.7502581Z Selecting previously unselected package gh.
end-workflow	Install GH CLI	2026-03-14T14:34:58.7563165Z (Reading database ... 
end-workflow	Install GH CLI	2026-03-14T14:34:58.7563504Z (Reading database ... 5%
end-workflow	Install GH CLI	2026-03-14T14:34:58.7571350Z (Reading database ... 10%
end-workflow	Install GH CLI	2026-03-14T14:34:58.7571638Z (Reading database ... 15%
end-workflow	Install GH CLI	2026-03-14T14:34:58.7571864Z (Reading database ... 20%
end-workflow	Install GH CLI	2026-03-14T14:34:58.7572081Z (Reading database ... 25%
end-workflow	Install GH CLI	2026-03-14T14:34:58.7572307Z (Reading database ... 30%
end-workflow	Install GH CLI	2026-03-14T14:34:58.7572521Z (Reading database ... 35%
end-workflow	Install GH CLI	2026-03-14T14:34:58.7572740Z (Reading database ... 40%
end-workflow	Install GH CLI	2026-03-14T14:34:58.7572983Z (Reading database ... 45%
end-workflow	Install GH CLI	2026-03-14T14:34:58.7573196Z (Reading database ... 50%
end-workflow	Install GH CLI	2026-03-14T14:34:58.7573415Z (Reading database ... 55%
end-workflow	Install GH CLI	2026-03-14T14:34:58.7573629Z (Reading database ... 60%
end-workflow	Install GH CLI	2026-03-14T14:34:58.7605034Z (Reading database ... 65%
end-workflow	Install GH CLI	2026-03-14T14:34:58.7665991Z (Reading database ... 70%
end-workflow	Install GH CLI	2026-03-14T14:34:58.7690454Z (Reading database ... 75%
end-workflow	Install GH CLI	2026-03-14T14:34:58.7695252Z (Reading database ... 80%
end-workflow	Install GH CLI	2026-03-14T14:34:58.7711109Z (Reading database ... 85%
end-workflow	Install GH CLI	2026-03-14T14:34:58.7749684Z (Reading database ... 90%
end-workflow	Install GH CLI	2026-03-14T14:34:58.7751254Z (Reading database ... 95%
end-workflow	Install GH CLI	2026-03-14T14:34:58.7751744Z (Reading database ... 100%
end-workflow	Install GH CLI	2026-03-14T14:34:58.7752258Z (Reading database ... 14387 files and directories currently installed.)
end-workflow	Install GH CLI	2026-03-14T14:34:58.7785035Z Preparing to unpack .../archives/gh_2.88.1_amd64.deb ...
end-workflow	Install GH CLI	2026-03-14T14:34:58.7880462Z Unpacking gh (2.88.1) ...
end-workflow	Install GH CLI	2026-03-14T14:34:59.3211116Z Setting up gh (2.88.1) ...
end-workflow	Trigger Inspector	﻿2026-03-14T14:34:59.4354824Z ##[group]Run gh workflow run inspector.yml \
end-workflow	Trigger Inspector	2026-03-14T14:34:59.4355280Z [36;1mgh workflow run inspector.yml \[0m
end-workflow	Trigger Inspector	2026-03-14T14:34:59.4411060Z [36;1m  -f workflow_name="Ka0s Docs Auto-Update -> Index" \[0m
end-workflow	Trigger Inspector	2026-03-14T14:34:59.4411654Z [36;1m  -f run_id="23089921425" \[0m
end-workflow	Trigger Inspector	2026-03-14T14:34:59.4411915Z [36;1m  -f status="success"[0m
end-workflow	Trigger Inspector	2026-03-14T14:34:59.4439138Z shell: /usr/bin/bash -e {0}
end-workflow	Trigger Inspector	2026-03-14T14:34:59.4439441Z env:
end-workflow	Trigger Inspector	2026-03-14T14:34:59.4439665Z   KAOS_MODULE: [Ka0S] Docs Index Auto-Update
end-workflow	Trigger Inspector	2026-03-14T14:34:59.4439953Z   KAOS_CODE: 23089921425
end-workflow	Trigger Inspector	2026-03-14T14:34:59.4440634Z   GH_TOKEN: ***
end-workflow	Trigger Inspector	2026-03-14T14:34:59.4440828Z ##[endgroup]
end-workflow	Trigger Inspector	2026-03-14T14:35:01.2459664Z https://github.com/Ka0s-Klaus/ka0s/actions/runs/23089961926
end-workflow	Post Checkout repository	﻿2026-03-14T14:35:01.3246906Z Post job cleanup.
end-workflow	Post Checkout repository	2026-03-14T14:35:01.5743176Z [command]/usr/bin/git version
end-workflow	Post Checkout repository	2026-03-14T14:35:01.5847423Z git version 2.53.0
end-workflow	Post Checkout repository	2026-03-14T14:35:01.6604082Z Temporarily overriding HOME='/home/runner/_work/_temp/e64c2d56-84c1-4123-845f-61191c43e2fc' before making global git config changes
end-workflow	Post Checkout repository	2026-03-14T14:35:01.6651437Z Adding repository directory to the temporary git global config as a safe directory
end-workflow	Post Checkout repository	2026-03-14T14:35:01.6677731Z [command]/usr/bin/git config --global --add safe.directory /home/runner/_work/ka0s/ka0s
end-workflow	Post Checkout repository	2026-03-14T14:35:01.7180387Z [command]/usr/bin/git config --local --name-only --get-regexp core\.sshCommand
end-workflow	Post Checkout repository	2026-03-14T14:35:01.7581148Z [command]/usr/bin/git submodule foreach --recursive sh -c "git config --local --name-only --get-regexp 'core\.sshCommand' && git config --local --unset-all 'core.sshCommand' || :"
end-workflow	Post Checkout repository	2026-03-14T14:35:01.8894221Z [command]/usr/bin/git config --local --name-only --get-regexp http\.https\:\/\/github\.com\/\.extraheader
end-workflow	Post Checkout repository	2026-03-14T14:35:01.9010338Z http.https://github.com/.extraheader
end-workflow	Post Checkout repository	2026-03-14T14:35:01.9063560Z [command]/usr/bin/git config --local --unset-all http.https://github.com/.extraheader
end-workflow	Post Checkout repository	2026-03-14T14:35:01.9252937Z [command]/usr/bin/git submodule foreach --recursive sh -c "git config --local --name-only --get-regexp 'http\.https\:\/\/github\.com\/\.extraheader' && git config --local --unset-all 'http.https://github.com/.extraheader' || :"
end-workflow	Post Checkout repository	2026-03-14T14:35:02.0785336Z [command]/usr/bin/git config --local --name-only --get-regexp ^includeIf\.gitdir:
end-workflow	Post Checkout repository	2026-03-14T14:35:02.0860728Z [command]/usr/bin/git submodule foreach --recursive git config --local --show-origin --name-only --get-regexp remote.origin.url
end-workflow	Complete job	﻿2026-03-14T14:35:02.2840947Z Cleaning up orphan processes
end-workflow	Complete job	2026-03-14T14:35:02.3113300Z ##[warning]Node.js 20 actions are deprecated. The following actions are running on Node.js 20 and may not work as expected: actions/checkout@v4. Actions will be forced to run with Node.js 24 by default starting June 2nd, 2026. Please check if updated versions of these actions are available that support Node.js 24. To opt into Node.js 24 now, set the FORCE_JAVASCRIPT_ACTIONS_TO_NODE24=true environment variable on the runner or in your workflow file. Once Node.js 24 becomes the default, you can temporarily opt out by setting ACTIONS_ALLOW_USE_UNSECURE_NODE_VERSION=true. For more information see: https://github.blog/changelog/2025-09-19-deprecation-of-node-20-on-github-actions-runners/
