job-core	Set up job	2025-02-10T14:01:36.7464430Z Current runner version: '2.322.0'
job-core	Set up job	2025-02-10T14:01:36.7472020Z Runner name: 'ka0s-2'
job-core	Set up job	2025-02-10T14:01:36.7472752Z Runner group name: 'ka0s'
job-core	Set up job	2025-02-10T14:01:36.7473621Z Machine name: '5613a8be5fd6'
job-core	Set up job	2025-02-10T14:01:36.7476749Z ##[group]GITHUB_TOKEN Permissions
job-core	Set up job	2025-02-10T14:01:36.7479166Z Contents: read
job-core	Set up job	2025-02-10T14:01:36.7479746Z Metadata: read
job-core	Set up job	2025-02-10T14:01:36.7480279Z Packages: read
job-core	Set up job	2025-02-10T14:01:36.7480804Z ##[endgroup]
job-core	Set up job	2025-02-10T14:01:36.7482979Z Secret source: Actions
job-core	Set up job	2025-02-10T14:01:36.7483852Z Prepare workflow directory
job-core	Set up job	2025-02-10T14:01:36.8027828Z Prepare all required actions
job-core	Set up job	2025-02-10T14:01:36.8068428Z Getting action download info
job-core	Set up job	2025-02-10T14:01:37.0240251Z Download action repository 'actions/checkout@v4' (SHA:11bd71901bbe5b1630ceea73d27597364c9af683)
job-core	Set up job	2025-02-10T14:01:37.8423017Z Complete job name: job-core
job-core	Checkout code	2025-02-10T14:01:37.8951820Z ##[group]Run actions/checkout@v4
job-core	Checkout code	2025-02-10T14:01:37.8952712Z with:
job-core	Checkout code	2025-02-10T14:01:37.8953137Z   fetch-depth: 0
job-core	Checkout code	2025-02-10T14:01:37.8953822Z   token: ***
job-core	Checkout code	2025-02-10T14:01:37.8954820Z   repository: Ka0s-Klaus/ka0s
job-core	Checkout code	2025-02-10T14:01:37.8955429Z   ssh-strict: true
job-core	Checkout code	2025-02-10T14:01:37.8955854Z   ssh-user: git
job-core	Checkout code	2025-02-10T14:01:37.8956282Z   persist-credentials: true
job-core	Checkout code	2025-02-10T14:01:37.8956755Z   clean: true
job-core	Checkout code	2025-02-10T14:01:37.8957180Z   sparse-checkout-cone-mode: true
job-core	Checkout code	2025-02-10T14:01:37.8957691Z   fetch-tags: false
job-core	Checkout code	2025-02-10T14:01:37.8958124Z   show-progress: true
job-core	Checkout code	2025-02-10T14:01:37.8958558Z   lfs: false
job-core	Checkout code	2025-02-10T14:01:37.8958956Z   submodules: false
job-core	Checkout code	2025-02-10T14:01:37.8959396Z   set-safe-directory: true
job-core	Checkout code	2025-02-10T14:01:37.8960101Z env:
job-core	Checkout code	2025-02-10T14:01:37.8960504Z   KAOS_CODE: 13242596719
job-core	Checkout code	2025-02-10T14:01:37.8960961Z   KAOS_EVENT_NAME: push
job-core	Checkout code	2025-02-10T14:01:37.8961409Z   KAOS_ACTION: 
job-core	Checkout code	2025-02-10T14:01:37.8961837Z   KAOS_MODULE: [Ka0S] kaos
job-core	Checkout code	2025-02-10T14:01:37.8962317Z   KAOS_PATH_RESUME: core/results/
job-core	Checkout code	2025-02-10T14:01:37.8962851Z   GITHUB_OUTPUT: 
job-core	Checkout code	2025-02-10T14:01:37.8963262Z ##[endgroup]
job-core	Checkout code	2025-02-10T14:01:38.0115693Z Syncing repository: Ka0s-Klaus/ka0s
job-core	Checkout code	2025-02-10T14:01:38.0117637Z ##[group]Getting Git version info
job-core	Checkout code	2025-02-10T14:01:38.0118336Z Working directory is '/actions-runner/_work/ka0s/ka0s'
job-core	Checkout code	2025-02-10T14:01:38.0119323Z [command]/usr/bin/git version
job-core	Checkout code	2025-02-10T14:01:38.0119837Z git version 2.25.1
job-core	Checkout code	2025-02-10T14:01:38.0138939Z ##[endgroup]
job-core	Checkout code	2025-02-10T14:01:38.0151200Z Copying '/home/kaos/.gitconfig' to '/actions-runner/_work/_temp/d823afca-fc44-49b9-815e-fb2ac52edf88/.gitconfig'
job-core	Checkout code	2025-02-10T14:01:38.0165332Z Temporarily overriding HOME='/actions-runner/_work/_temp/d823afca-fc44-49b9-815e-fb2ac52edf88' before making global git config changes
job-core	Checkout code	2025-02-10T14:01:38.0166908Z Adding repository directory to the temporary git global config as a safe directory
job-core	Checkout code	2025-02-10T14:01:38.0172421Z [command]/usr/bin/git config --global --add safe.directory /actions-runner/_work/ka0s/ka0s
job-core	Checkout code	2025-02-10T14:01:38.0218459Z [command]/usr/bin/git config --local --get remote.origin.url
job-core	Checkout code	2025-02-10T14:01:38.0242992Z https://github.com/Ka0s-Klaus/ka0s
job-core	Checkout code	2025-02-10T14:01:38.0261304Z ##[group]Removing previously created refs, to avoid conflicts
job-core	Checkout code	2025-02-10T14:01:38.0265151Z [command]/usr/bin/git rev-parse --symbolic-full-name --verify --quiet HEAD
job-core	Checkout code	2025-02-10T14:01:38.0291787Z refs/heads/main
job-core	Checkout code	2025-02-10T14:01:38.0303331Z [command]/usr/bin/git checkout --detach
job-core	Checkout code	2025-02-10T14:01:38.0350420Z HEAD is now at d63ea16 [Ka0S] Uploading resume execution files to the repository...
job-core	Checkout code	2025-02-10T14:01:38.0398283Z [command]/usr/bin/git branch --delete --force main
job-core	Checkout code	2025-02-10T14:01:38.0429728Z Deleted branch main (was d63ea16).
job-core	Checkout code	2025-02-10T14:01:38.0474738Z ##[endgroup]
job-core	Checkout code	2025-02-10T14:01:38.0476625Z [command]/usr/bin/git submodule status
job-core	Checkout code	2025-02-10T14:01:38.0778528Z ##[group]Cleaning the repository
job-core	Checkout code	2025-02-10T14:01:38.0783630Z [command]/usr/bin/git clean -ffdx
job-core	Checkout code	2025-02-10T14:01:38.0823499Z [command]/usr/bin/git reset --hard HEAD
job-core	Checkout code	2025-02-10T14:01:38.0873503Z HEAD is now at d63ea16 [Ka0S] Uploading resume execution files to the repository...
job-core	Checkout code	2025-02-10T14:01:38.0878901Z ##[endgroup]
job-core	Checkout code	2025-02-10T14:01:38.0880241Z ##[group]Disabling automatic garbage collection
job-core	Checkout code	2025-02-10T14:01:38.0883830Z [command]/usr/bin/git config --local gc.auto 0
job-core	Checkout code	2025-02-10T14:01:38.0934637Z ##[endgroup]
job-core	Checkout code	2025-02-10T14:01:38.0935528Z ##[group]Setting up auth
job-core	Checkout code	2025-02-10T14:01:38.0936346Z [command]/usr/bin/git config --local --name-only --get-regexp core\.sshCommand
job-core	Checkout code	2025-02-10T14:01:38.0970382Z [command]/usr/bin/git submodule foreach --recursive sh -c "git config --local --name-only --get-regexp 'core\.sshCommand' && git config --local --unset-all 'core.sshCommand' || :"
job-core	Checkout code	2025-02-10T14:01:38.1275966Z [command]/usr/bin/git config --local --name-only --get-regexp http\.https\:\/\/github\.com\/\.extraheader
job-core	Checkout code	2025-02-10T14:01:38.1309204Z [command]/usr/bin/git submodule foreach --recursive sh -c "git config --local --name-only --get-regexp 'http\.https\:\/\/github\.com\/\.extraheader' && git config --local --unset-all 'http.https://github.com/.extraheader' || :"
job-core	Checkout code	2025-02-10T14:01:38.1615212Z [command]/usr/bin/git config --local http.https://github.com/.extraheader AUTHORIZATION: basic ***
job-core	Checkout code	2025-02-10T14:01:38.1660659Z ##[endgroup]
job-core	Checkout code	2025-02-10T14:01:38.1661732Z ##[group]Fetching the repository
job-core	Checkout code	2025-02-10T14:01:38.1669246Z [command]/usr/bin/git -c protocol.version=2 fetch --prune --no-recurse-submodules origin +refs/heads/*:refs/remotes/origin/* +refs/tags/*:refs/tags/*
job-core	Checkout code	2025-02-10T14:01:38.8778178Z From https://github.com/Ka0s-Klaus/ka0s
job-core	Checkout code	2025-02-10T14:01:38.8780041Z    d63ea16..bd45b47  main       -> origin/main
job-core	Checkout code	2025-02-10T14:01:38.8813743Z [command]/usr/bin/git branch --list --remote origin/main
job-core	Checkout code	2025-02-10T14:01:38.8842879Z   origin/main
job-core	Checkout code	2025-02-10T14:01:38.8854708Z [command]/usr/bin/git rev-parse refs/remotes/origin/main
job-core	Checkout code	2025-02-10T14:01:38.8881151Z bd45b47612a9a18b95686ec660405a4a6f3f262c
job-core	Checkout code	2025-02-10T14:01:38.8886726Z ##[endgroup]
job-core	Checkout code	2025-02-10T14:01:38.8888330Z ##[group]Determining the checkout info
job-core	Checkout code	2025-02-10T14:01:38.8890459Z ##[endgroup]
job-core	Checkout code	2025-02-10T14:01:38.8892127Z ##[group]Checking out the ref
job-core	Checkout code	2025-02-10T14:01:38.8894414Z [command]/usr/bin/git checkout --progress --force -B main refs/remotes/origin/main
job-core	Checkout code	2025-02-10T14:01:38.8961765Z Previous HEAD position was d63ea16 [Ka0S] Uploading resume execution files to the repository...
job-core	Checkout code	2025-02-10T14:01:38.8968403Z Switched to a new branch 'main'
job-core	Checkout code	2025-02-10T14:01:38.8970701Z Branch 'main' set up to track remote branch 'main' from 'origin'.
job-core	Checkout code	2025-02-10T14:01:38.8987498Z ##[endgroup]
job-core	Checkout code	2025-02-10T14:01:38.9022428Z [command]/usr/bin/git log -1 --format=%H
job-core	Checkout code	2025-02-10T14:01:38.9052669Z bd45b47612a9a18b95686ec660405a4a6f3f262c
job-core	Validate file extensions	2025-02-10T14:01:38.9401329Z ##[group]Run IFS=' ' read -r -a extensions <<< "***"
job-core	Validate file extensions	2025-02-10T14:01:38.9403096Z [36;1mIFS=' ' read -r -a extensions <<< "***"[0m
job-core	Validate file extensions	2025-02-10T14:01:38.9405012Z [36;1mfor file in $(git diff --name-only HEAD~1 HEAD); do[0m
job-core	Validate file extensions	2025-02-10T14:01:38.9406411Z [36;1mextension="${file##*.}"[0m
job-core	Validate file extensions	2025-02-10T14:01:38.9407705Z [36;1m  if [[ ! " ${extensions[@]} " =~ " ${extension} " ]]; then[0m
job-core	Validate file extensions	2025-02-10T14:01:38.9409338Z [36;1m    echo "File $file has an invalid extension: $extension"[0m
job-core	Validate file extensions	2025-02-10T14:01:38.9410752Z [36;1m  fi[0m
job-core	Validate file extensions	2025-02-10T14:01:38.9411586Z [36;1mdone[0m
job-core	Validate file extensions	2025-02-10T14:01:38.9422384Z shell: /usr/bin/bash -e {0}
job-core	Validate file extensions	2025-02-10T14:01:38.9423427Z env:
job-core	Validate file extensions	2025-02-10T14:01:38.9424586Z   KAOS_CODE: 13242596719
job-core	Validate file extensions	2025-02-10T14:01:38.9425576Z   KAOS_EVENT_NAME: push
job-core	Validate file extensions	2025-02-10T14:01:38.9426519Z   KAOS_ACTION: 
job-core	Validate file extensions	2025-02-10T14:01:38.9427372Z   KAOS_MODULE: [Ka0S] kaos
job-core	Validate file extensions	2025-02-10T14:01:38.9428403Z   KAOS_PATH_RESUME: core/results/
job-core	Validate file extensions	2025-02-10T14:01:38.9429470Z   GITHUB_OUTPUT: 
job-core	Validate file extensions	2025-02-10T14:01:38.9430325Z ##[endgroup]
job-core	Validate file extensions	2025-02-10T14:01:38.9521689Z File core/outputs/e/13242578326.json has an invalid extension: json
job-core	Validate file extensions	2025-02-10T14:01:38.9524151Z File core/outputs/e/13242578326.log has an invalid extension: log
job-core	Crear JSON	2025-02-10T14:01:38.9605857Z ##[group]Run echo "{}" > event_data.json
job-core	Crear JSON	2025-02-10T14:01:38.9607154Z [36;1mecho "{}" > event_data.json[0m
job-core	Crear JSON	2025-02-10T14:01:38.9608247Z [36;1mcase "push" in[0m
job-core	Crear JSON	2025-02-10T14:01:38.9609169Z [36;1m  "push")[0m
job-core	Crear JSON	2025-02-10T14:01:38.9611985Z [36;1m    echo "{\"event\": \"push\", \"ref\": \"refs/heads/main\", \"sha\": \"bd45b47612a9a18b95686ec660405a4a6f3f262c\"}" > event_data.json # Ejemplo: {"event": "push", "ref": "refs/heads/main", "sha": "abc123"}[0m
job-core	Crear JSON	2025-02-10T14:01:38.9616038Z [36;1m    echo "Variable github.action=crear_json"[0m
job-core	Crear JSON	2025-02-10T14:01:38.9617393Z [36;1m    echo "Variable github.event.action="[0m
job-core	Crear JSON	2025-02-10T14:01:38.9618866Z [36;1m    echo "Variable github.event.pusher.name=ka0score"[0m
job-core	Crear JSON	2025-02-10T14:01:38.9620547Z [36;1m    echo "variable github.event.pusher.email=ka0s@ka0s.io" [0m
job-core	Crear JSON	2025-02-10T14:01:38.9622153Z [36;1m    echo "Variable github.event.issue.number="[0m
job-core	Crear JSON	2025-02-10T14:01:38.9625379Z [36;1m    # Crear un fichero de resumen con todos los datos de los commits asociados, esta información es usada en todo el ciclo de vida del workflow[0m
job-core	Crear JSON	2025-02-10T14:01:38.9629866Z [36;1m    git log d63ea16c9a2d5c7dad7c3bf3c53fe69f310b3f2f..bd45b47612a9a18b95686ec660405a4a6f3f262c --pretty=format:'%H%n%an%n%ae%n%ad%n%s' > core/results/commit-summary-$KAOS_CODE_FILES.txt[0m
job-core	Crear JSON	2025-02-10T14:01:38.9633601Z [36;1m    # Crear un fichero con la ruta completa y el nombre ficheros implicados en el commit[0m
job-core	Crear JSON	2025-02-10T14:01:38.9637673Z [36;1m    git diff --name-only d63ea16c9a2d5c7dad7c3bf3c53fe69f310b3f2f bd45b47612a9a18b95686ec660405a4a6f3f262c > core/results/files-in-commit-$KAOS_CODE_FILES.txt[0m
job-core	Crear JSON	2025-02-10T14:01:38.9640873Z [36;1m    INVOLVED=core/results/files-in-commit-$KAOS_CODE_FILES.txt[0m
job-core	Crear JSON	2025-02-10T14:01:38.9642465Z [36;1m    echo "INVOLVED=$INVOLVED" >> $GITHUB_OUTPUT[0m
job-core	Crear JSON	2025-02-10T14:01:38.9643659Z [36;1m    ;;[0m
job-core	Crear JSON	2025-02-10T14:01:38.9644978Z [36;1m  "pull_request")[0m
job-core	Crear JSON	2025-02-10T14:01:38.9647105Z [36;1m    echo "{\"event\": \"pull_request\", \"action\": \"\", \"number\": \"\"}" > event_data.json # Ejemplo: {"event": "pull_request", "action": "opened", "number": "42"}[0m
job-core	Crear JSON	2025-02-10T14:01:38.9649346Z [36;1m    ;;[0m
job-core	Crear JSON	2025-02-10T14:01:38.9650148Z [36;1m  "issues")[0m
job-core	Crear JSON	2025-02-10T14:01:38.9652000Z [36;1m    echo "{\"event\": \"issues\", \"action\": \"\", \"issue\": \"\"}" > event_data.json # Ejemplo: {"event": "issues", "action": "opened", "issue": "99"}[0m
job-core	Crear JSON	2025-02-10T14:01:38.9654285Z [36;1m    ;;[0m
job-core	Crear JSON	2025-02-10T14:01:38.9655243Z [36;1m  "issue_comment")[0m
job-core	Crear JSON	2025-02-10T14:01:38.9657452Z [36;1m    echo "{\"event\": \"issue_comment\", \"action\": \"\", \"comment\": \"\"}" > event_data.json # Ejemplo: {"event": "issue_comment", "action": "created", "comment": "123456"}[0m
job-core	Crear JSON	2025-02-10T14:01:38.9659729Z [36;1m    ;;[0m
job-core	Crear JSON	2025-02-10T14:01:38.9660540Z [36;1m  "create")[0m
job-core	Crear JSON	2025-02-10T14:01:38.9662872Z [36;1m    echo "{\"event\": \"create\", \"ref\": \"refs/heads/main\", \"ref_type\": \"refs/heads/main\"}" > event_data.json # Ejemplo: {"event": "create", "ref": "refs/tags/v1.0", "ref_type": "tag"}[0m
job-core	Crear JSON	2025-02-10T14:01:38.9665807Z [36;1m    ;;[0m
job-core	Crear JSON	2025-02-10T14:01:38.9666684Z [36;1m  "delete")[0m
job-core	Crear JSON	2025-02-10T14:01:38.9669193Z [36;1m    echo "{\"event\": \"delete\", \"ref\": \"refs/heads/main\", \"ref_type\": \"refs/heads/main\"}" > event_data.json # Ejemplo: {"event": "delete", "ref": "refs/heads/feature-branch", "ref_type": "branch"}[0m
job-core	Crear JSON	2025-02-10T14:01:38.9671888Z [36;1m    ;;[0m
job-core	Crear JSON	2025-02-10T14:01:38.9672699Z [36;1m  "release")[0m
job-core	Crear JSON	2025-02-10T14:01:38.9675079Z [36;1m    echo "{\"event\": \"release\", \"action\": \"\", \"release\": \"\"}" > event_data.json # Ejemplo: {"event": "release", "action": "published", "release": "v1.0"}[0m
job-core	Crear JSON	2025-02-10T14:01:38.9677262Z [36;1m    ;;[0m
job-core	Crear JSON	2025-02-10T14:01:38.9678067Z [36;1m  "watch")[0m
job-core	Crear JSON	2025-02-10T14:01:38.9679662Z [36;1m    echo "{\"event\": \"watch\", \"action\": \"\"}" > event_data.json # Ejemplo: {"event": "watch", "action": "started"}[0m
job-core	Crear JSON	2025-02-10T14:01:38.9681451Z [36;1m    ;;[0m
job-core	Crear JSON	2025-02-10T14:01:38.9682305Z [36;1m  "repository_dispatch")[0m
job-core	Crear JSON	2025-02-10T14:01:38.9685365Z [36;1m    echo "{\"event\": \"repository_dispatch\", \"action\": \"\"}" > event_data.json # Ejemplo: {"event": "repository_dispatch", "action": "custom-event"}[0m
job-core	Crear JSON	2025-02-10T14:01:38.9687589Z [36;1m    ;;[0m
job-core	Crear JSON	2025-02-10T14:01:38.9688568Z [36;1m  "workflow_dispatch")[0m
job-core	Crear JSON	2025-02-10T14:01:38.9690277Z [36;1m    echo "{\"event\": \"workflow_dispatch\"}" > event_data.json # Ejemplo: {"event": "workflow_dispatch"}[0m
job-core	Crear JSON	2025-02-10T14:01:38.9692029Z [36;1m    ;;[0m
job-core	Crear JSON	2025-02-10T14:01:38.9692810Z [36;1m  *)[0m
job-core	Crear JSON	2025-02-10T14:01:38.9694132Z [36;1m    echo "{\"event\": \"unknown\"}" > event_data.json # Ejemplo: {"event": "unknown"}[0m
job-core	Crear JSON	2025-02-10T14:01:38.9695956Z [36;1m    ;;[0m
job-core	Crear JSON	2025-02-10T14:01:38.9696743Z [36;1mesac[0m
job-core	Crear JSON	2025-02-10T14:01:38.9703722Z shell: /usr/bin/bash -e {0}
job-core	Crear JSON	2025-02-10T14:01:38.9704712Z env:
job-core	Crear JSON	2025-02-10T14:01:38.9705453Z   KAOS_CODE: 13242596719
job-core	Crear JSON	2025-02-10T14:01:38.9706366Z   KAOS_EVENT_NAME: push
job-core	Crear JSON	2025-02-10T14:01:38.9707248Z   KAOS_ACTION: 
job-core	Crear JSON	2025-02-10T14:01:38.9708074Z   KAOS_MODULE: [Ka0S] kaos
job-core	Crear JSON	2025-02-10T14:01:38.9709025Z   KAOS_PATH_RESUME: core/results/
job-core	Crear JSON	2025-02-10T14:01:38.9710044Z   GITHUB_OUTPUT: 
job-core	Crear JSON	2025-02-10T14:01:38.9710855Z ##[endgroup]
job-core	Crear JSON	2025-02-10T14:01:38.9753464Z Variable github.action=crear_json
job-core	Crear JSON	2025-02-10T14:01:38.9755034Z Variable github.event.action=
job-core	Crear JSON	2025-02-10T14:01:38.9756254Z Variable github.event.pusher.name=ka0score
job-core	Crear JSON	2025-02-10T14:01:38.9757544Z variable github.event.pusher.email=ka0s@ka0s.io
job-core	Crear JSON	2025-02-10T14:01:38.9758787Z Variable github.event.issue.number=
job-core	Ver JSON	2025-02-10T14:01:38.9859509Z ##[group]Run cat event_data.json
job-core	Ver JSON	2025-02-10T14:01:38.9860610Z [36;1mcat event_data.json[0m
job-core	Ver JSON	2025-02-10T14:01:38.9881164Z shell: /usr/bin/bash -e {0}
job-core	Ver JSON	2025-02-10T14:01:38.9882093Z env:
job-core	Ver JSON	2025-02-10T14:01:38.9882819Z   KAOS_CODE: 13242596719
job-core	Ver JSON	2025-02-10T14:01:38.9883713Z   KAOS_EVENT_NAME: push
job-core	Ver JSON	2025-02-10T14:01:38.9885201Z   KAOS_ACTION: 
job-core	Ver JSON	2025-02-10T14:01:38.9886005Z   KAOS_MODULE: [Ka0S] kaos
job-core	Ver JSON	2025-02-10T14:01:38.9886942Z   KAOS_PATH_RESUME: core/results/
job-core	Ver JSON	2025-02-10T14:01:38.9887921Z   GITHUB_OUTPUT: 
job-core	Ver JSON	2025-02-10T14:01:38.9888706Z ##[endgroup]
job-core	Ver JSON	2025-02-10T14:01:38.9938870Z {"event": "push", "ref": "refs/heads/main", "sha": "bd45b47612a9a18b95686ec660405a4a6f3f262c"}
job-core	Run # Nuevo proceso de activacion de los modulos	2025-02-10T14:01:39.0016908Z ##[group]Run # Nuevo proceso de activacion de los modulos
job-core	Run # Nuevo proceso de activacion de los modulos	2025-02-10T14:01:39.0018453Z [36;1m# Nuevo proceso de activacion de los modulos[0m
job-core	Run # Nuevo proceso de activacion de los modulos	2025-02-10T14:01:39.0019657Z [36;1mwhile IFS= read -r line; do[0m
job-core	Run # Nuevo proceso de activacion de los modulos	2025-02-10T14:01:39.0020937Z [36;1m  echo "I Leemos el fichero  y extraemos el fichero $line"[0m
job-core	Run # Nuevo proceso de activacion de los modulos	2025-02-10T14:01:39.0022229Z [36;1m  module_failed=0[0m
job-core	Run # Nuevo proceso de activacion de los modulos	2025-02-10T14:01:39.0023159Z [36;1m  extension_failed=0[0m
job-core	Run # Nuevo proceso de activacion de los modulos	2025-02-10T14:01:39.0024739Z [36;1m  file_name=$(basename "$line")[0m
job-core	Run # Nuevo proceso de activacion de los modulos	2025-02-10T14:01:39.0026169Z [36;1m  echo "I-1 Calculamos el nombre del fichero $file_name"[0m
job-core	Run # Nuevo proceso de activacion de los modulos	2025-02-10T14:01:39.0027507Z [36;1m  file_extension="${file_name##*.}"[0m
job-core	Run # Nuevo proceso de activacion de los modulos	2025-02-10T14:01:39.0028910Z [36;1m  echo "I-2 Calculamos la extension del fichero $file_extension"[0m
job-core	Run # Nuevo proceso de activacion de los modulos	2025-02-10T14:01:39.0030395Z [36;1m  file_module="$file_extension""lint.yaml"[0m
job-core	Run # Nuevo proceso de activacion de los modulos	2025-02-10T14:01:39.0031686Z [36;1m  echo "I-3 Calculamos el modulo $file_module"[0m
job-core	Run # Nuevo proceso de activacion de los modulos	2025-02-10T14:01:39.0032960Z [36;1m  IFS=',' read -r -a file_array <<< "$files"[0m
job-core	Run # Nuevo proceso de activacion de los modulos	2025-02-10T14:01:39.0034569Z [36;1m  for file in "${file_array[@]}"; do[0m
job-core	Run # Nuevo proceso de activacion de los modulos	2025-02-10T14:01:39.0035847Z [36;1m    echo "II Leemos el array de $file"[0m
job-core	Run # Nuevo proceso de activacion de los modulos	2025-02-10T14:01:39.0037051Z [36;1m    if [[ "$file_extension" == "$file" ]]; then[0m
job-core	Run # Nuevo proceso de activacion de los modulos	2025-02-10T14:01:39.0038470Z [36;1m      echo "III Comprobamos si $file_extension es igual a $file"[0m
job-core	Run # Nuevo proceso de activacion de los modulos	2025-02-10T14:01:39.0039931Z [36;1m      IFS=',' read -r -a module_array <<< "$modules"[0m
job-core	Run # Nuevo proceso de activacion de los modulos	2025-02-10T14:01:39.0041195Z [36;1m      for module in "${module_array[@]}"; do[0m
job-core	Run # Nuevo proceso de activacion de los modulos	2025-02-10T14:01:39.0042388Z [36;1m        echo "IV Leemos el array $module"[0m
job-core	Run # Nuevo proceso de activacion de los modulos	2025-02-10T14:01:39.0043610Z [36;1m        if [[ "$file_module" == *"$module"* ]]; then[0m
job-core	Run # Nuevo proceso de activacion de los modulos	2025-02-10T14:01:39.0045740Z [36;1m          echo "V Comprobamos que el $file_module es igual a $module y ejecutamos el flujo"[0m
job-core	Run # Nuevo proceso de activacion de los modulos	2025-02-10T14:01:39.0047497Z [36;1m          # Si hemos llegado hasta aquí ejecutamos el módulo[0m
job-core	Run # Nuevo proceso de activacion de los modulos	2025-02-10T14:01:39.0048928Z [36;1m          # Añadimos los valores a las variables de la issue[0m
job-core	Run # Nuevo proceso de activacion de los modulos	2025-02-10T14:01:39.0051120Z [36;1m          KAOS_ISSUE_BODY="[Ka0S] kaos has been initiated and Launch workflow $file_module to check file $line"[0m
job-core	Run # Nuevo proceso de activacion de los modulos	2025-02-10T14:01:39.0052997Z [36;1m          # Añadimos el comentario a la issue[0m
job-core	Run # Nuevo proceso de activacion de los modulos	2025-02-10T14:01:39.0056090Z [36;1m          #gh workflow run issue.yaml --ref refs/heads/main -f kaos-issue-body="$KAOS_ISSUE_BODY" -f kaos-issue-id= -f kaos-issue-actions=comment[0m
job-core	Run # Nuevo proceso de activacion de los modulos	2025-02-10T14:01:39.0058349Z [36;1m          # Lanzamos el lint del fichero[0m
job-core	Run # Nuevo proceso de activacion de los modulos	2025-02-10T14:01:39.0060579Z [36;1m          #gh workflow run $file_module --ref refs/heads/main -f kaos-origin=13242596719 -f kaos-files=$line -f kaos-issue-id= -f kaos-user-start=[0m
job-core	Run # Nuevo proceso de activacion de los modulos	2025-02-10T14:01:39.0062769Z [36;1m          module_failed=0[0m
job-core	Run # Nuevo proceso de activacion de los modulos	2025-02-10T14:01:39.0063785Z [36;1m          extension_failed=0[0m
job-core	Run # Nuevo proceso de activacion de los modulos	2025-02-10T14:01:39.0065172Z [36;1m          break[0m
job-core	Run # Nuevo proceso de activacion de los modulos	2025-02-10T14:01:39.0066034Z [36;1m        else[0m
job-core	Run # Nuevo proceso de activacion de los modulos	2025-02-10T14:01:39.0077661Z [36;1m          # Control de si existe el modulo para esa extension"[0m
job-core	Run # Nuevo proceso de activacion de los modulos	2025-02-10T14:01:39.0080104Z [36;1m          echo "VI No es igual $file_module a $module y lo indicamos en la variable module_failed=1"[0m
job-core	Run # Nuevo proceso de activacion de los modulos	2025-02-10T14:01:39.0082336Z [36;1m          module_failed=1[0m
job-core	Run # Nuevo proceso de activacion de los modulos	2025-02-10T14:01:39.0083337Z [36;1m        fi[0m
job-core	Run # Nuevo proceso de activacion de los modulos	2025-02-10T14:01:39.0084482Z [36;1m      done[0m
job-core	Run # Nuevo proceso de activacion de los modulos	2025-02-10T14:01:39.0085413Z [36;1m      break[0m
job-core	Run # Nuevo proceso de activacion de los modulos	2025-02-10T14:01:39.0086219Z [36;1m    else[0m
job-core	Run # Nuevo proceso de activacion de los modulos	2025-02-10T14:01:39.0087237Z [36;1m      # Control de si existe el modulo para esa extension"[0m
job-core	Run # Nuevo proceso de activacion de los modulos	2025-02-10T14:01:39.0089102Z [36;1m      echo "VII No es igual $file_extension a $file y lo indicamos en la variable extension_failed=1"[0m
job-core	Run # Nuevo proceso de activacion de los modulos	2025-02-10T14:01:39.0090782Z [36;1m      extension_failed=1[0m
job-core	Run # Nuevo proceso de activacion de los modulos	2025-02-10T14:01:39.0091730Z [36;1m    fi  [0m
job-core	Run # Nuevo proceso de activacion de los modulos	2025-02-10T14:01:39.0092509Z [36;1m  done[0m
job-core	Run # Nuevo proceso de activacion de los modulos	2025-02-10T14:01:39.0093353Z [36;1m  if [[ $module_failed == 1 ]]; then[0m
job-core	Run # Nuevo proceso de activacion de los modulos	2025-02-10T14:01:39.0095362Z [36;1m    echo "IX Si el modulo falla ($module_failed) añadimos el comentario a la issue"[0m
job-core	Run # Nuevo proceso de activacion de los modulos	2025-02-10T14:01:39.0098413Z [36;1m    # Si hemos llegado hasta aquí añadimos el mensaje de que la extension esta permitida pero no dispone de modulo activo y aqui finaliza el proceso[0m
job-core	Run # Nuevo proceso de activacion de los modulos	2025-02-10T14:01:39.0100800Z [36;1m    # Añadimos los valores a las variables de la issue[0m
job-core	Run # Nuevo proceso de activacion de los modulos	2025-02-10T14:01:39.0104235Z [36;1m    KAOS_ISSUE_BODY="[Ka0S] kaos ha detectado que la extensión ($file_extension) esta permitida dentro de KAOS_CORE_FILES, pero el módulo asociado ($file_module) no esta activo. Por favor compruebe que exista y esta activo."[0m
job-core	Run # Nuevo proceso de activacion de los modulos	2025-02-10T14:01:39.0107496Z [36;1m    # Añadimos el comentario a la issue[0m
job-core	Run # Nuevo proceso de activacion de los modulos	2025-02-10T14:01:39.0109709Z [36;1m    #gh workflow run issue.yaml --ref refs/heads/main -f kaos-issue-body="$KAOS_ISSUE_BODY" -f kaos-issue-id= -f kaos-issue-actions=comment[0m
job-core	Run # Nuevo proceso de activacion de los modulos	2025-02-10T14:01:39.0111814Z [36;1m  fi[0m
job-core	Run # Nuevo proceso de activacion de los modulos	2025-02-10T14:01:39.0112673Z [36;1m  if [[ $extension_failed == 1 ]]; then[0m
job-core	Run # Nuevo proceso de activacion de los modulos	2025-02-10T14:01:39.0114822Z [36;1m    echo "X Si extension falla falla ($extension_failed) añadimos el comentario a la issue"[0m
job-core	Run # Nuevo proceso de activacion de los modulos	2025-02-10T14:01:39.0117052Z [36;1m    # Si hemos llegado hasta aquí añadimos el mensaje de que la extension no esta permitida[0m
job-core	Run # Nuevo proceso de activacion de los modulos	2025-02-10T14:01:39.0118806Z [36;1m    # Añadimos los valores a las variables de la issue[0m
job-core	Run # Nuevo proceso de activacion de los modulos	2025-02-10T14:01:39.0121410Z [36;1m    KAOS_ISSUE_BODY="[Ka0S] kaos ha detectado que la extensión ($file_extension) NO esta permitida dentro de KAOS_CORE_FILES. Por favor compruebe que exista y esta activo."[0m
job-core	Run # Nuevo proceso de activacion de los modulos	2025-02-10T14:01:39.0123951Z [36;1m    # Añadimos el comentario a la issue[0m
job-core	Run # Nuevo proceso de activacion de los modulos	2025-02-10T14:01:39.0126602Z [36;1m    #gh workflow run issue.yaml --ref refs/heads/main -f kaos-issue-body="$KAOS_ISSUE_BODY" -f kaos-issue-id= -f kaos-issue-actions=comment[0m
job-core	Run # Nuevo proceso de activacion de los modulos	2025-02-10T14:01:39.0128704Z [36;1m  fi  [0m
job-core	Run # Nuevo proceso de activacion de los modulos	2025-02-10T14:01:39.0129510Z [36;1mdone < $GITHUB_OUTPUT[0m
job-core	Run # Nuevo proceso de activacion de los modulos	2025-02-10T14:01:39.0137394Z shell: /usr/bin/bash -e {0}
job-core	Run # Nuevo proceso de activacion de los modulos	2025-02-10T14:01:39.0138299Z env:
job-core	Run # Nuevo proceso de activacion de los modulos	2025-02-10T14:01:39.0139023Z   KAOS_CODE: 13242596719
job-core	Run # Nuevo proceso de activacion de los modulos	2025-02-10T14:01:39.0140146Z   KAOS_EVENT_NAME: push
job-core	Run # Nuevo proceso de activacion de los modulos	2025-02-10T14:01:39.0141000Z   KAOS_ACTION: 
job-core	Run # Nuevo proceso de activacion de los modulos	2025-02-10T14:01:39.0141786Z   KAOS_MODULE: [Ka0S] kaos
job-core	Run # Nuevo proceso de activacion de los modulos	2025-02-10T14:01:39.0142698Z   KAOS_PATH_RESUME: core/results/
job-core	Run # Nuevo proceso de activacion de los modulos	2025-02-10T14:01:39.0143652Z   GITHUB_OUTPUT: 
job-core	Run # Nuevo proceso de activacion de los modulos	2025-02-10T14:01:39.0145203Z   modules: ***
job-core	Run # Nuevo proceso de activacion de los modulos	2025-02-10T14:01:39.0146005Z   files: ***
job-core	Run # Nuevo proceso de activacion de los modulos	2025-02-10T14:01:39.0146740Z ##[endgroup]
job-core	Post Checkout code	2025-02-10T14:01:39.0350167Z Post job cleanup.
job-core	Post Checkout code	2025-02-10T14:01:39.1416848Z [command]/usr/bin/git version
job-core	Post Checkout code	2025-02-10T14:01:39.1457888Z git version 2.25.1
job-core	Post Checkout code	2025-02-10T14:01:39.1504206Z Copying '/home/kaos/.gitconfig' to '/actions-runner/_work/_temp/e00f30d9-f8ac-4edc-b6fb-a124e5e93642/.gitconfig'
job-core	Post Checkout code	2025-02-10T14:01:39.1519004Z Temporarily overriding HOME='/actions-runner/_work/_temp/e00f30d9-f8ac-4edc-b6fb-a124e5e93642' before making global git config changes
job-core	Post Checkout code	2025-02-10T14:01:39.1522265Z Adding repository directory to the temporary git global config as a safe directory
job-core	Post Checkout code	2025-02-10T14:01:39.1525181Z [command]/usr/bin/git config --global --add safe.directory /actions-runner/_work/ka0s/ka0s
job-core	Post Checkout code	2025-02-10T14:01:39.1571219Z [command]/usr/bin/git config --local --name-only --get-regexp core\.sshCommand
job-core	Post Checkout code	2025-02-10T14:01:39.1617758Z [command]/usr/bin/git submodule foreach --recursive sh -c "git config --local --name-only --get-regexp 'core\.sshCommand' && git config --local --unset-all 'core.sshCommand' || :"
job-core	Post Checkout code	2025-02-10T14:01:39.1946004Z [command]/usr/bin/git config --local --name-only --get-regexp http\.https\:\/\/github\.com\/\.extraheader
job-core	Post Checkout code	2025-02-10T14:01:39.1970983Z http.https://github.com/.extraheader
job-core	Post Checkout code	2025-02-10T14:01:39.1982269Z [command]/usr/bin/git config --local --unset-all http.https://github.com/.extraheader
job-core	Post Checkout code	2025-02-10T14:01:39.2021810Z [command]/usr/bin/git submodule foreach --recursive sh -c "git config --local --name-only --get-regexp 'http\.https\:\/\/github\.com\/\.extraheader' && git config --local --unset-all 'http.https://github.com/.extraheader' || :"
job-core	Complete job	2025-02-10T14:01:39.2504991Z Cleaning up orphan processes
handle-success	Set up job	2025-02-10T14:01:51.7106309Z Current runner version: '2.322.0'
handle-success	Set up job	2025-02-10T14:01:51.7113286Z Runner name: 'ka0s-2'
handle-success	Set up job	2025-02-10T14:01:51.7114298Z Runner group name: 'ka0s'
handle-success	Set up job	2025-02-10T14:01:51.7115543Z Machine name: '5613a8be5fd6'
handle-success	Set up job	2025-02-10T14:01:51.7118083Z ##[group]GITHUB_TOKEN Permissions
handle-success	Set up job	2025-02-10T14:01:51.7120243Z Contents: read
handle-success	Set up job	2025-02-10T14:01:51.7120764Z Metadata: read
handle-success	Set up job	2025-02-10T14:01:51.7121362Z Packages: read
handle-success	Set up job	2025-02-10T14:01:51.7121834Z ##[endgroup]
handle-success	Set up job	2025-02-10T14:01:51.7123792Z Secret source: Actions
handle-success	Set up job	2025-02-10T14:01:51.7125106Z Prepare workflow directory
handle-success	Set up job	2025-02-10T14:01:51.7659186Z Prepare all required actions
handle-success	Set up job	2025-02-10T14:01:51.7712793Z Complete job name: handle-success
handle-success	handle-success-execution	2025-02-10T14:01:51.8217542Z ##[group]Run # Si todo ha ido correcto añadimos el contenido del fichero 
handle-success	handle-success-execution	2025-02-10T14:01:51.8218764Z [36;1m# Si todo ha ido correcto añadimos el contenido del fichero [0m
handle-success	handle-success-execution	2025-02-10T14:01:51.8219561Z [36;1mecho "Todo ha ido bien"[0m
handle-success	handle-success-execution	2025-02-10T14:01:51.8238475Z shell: /usr/bin/bash -e {0}
handle-success	handle-success-execution	2025-02-10T14:01:51.8239628Z env:
handle-success	handle-success-execution	2025-02-10T14:01:51.8240159Z   KAOS_CODE: 13242596719
handle-success	handle-success-execution	2025-02-10T14:01:51.8240686Z   KAOS_EVENT_NAME: push
handle-success	handle-success-execution	2025-02-10T14:01:51.8241190Z   KAOS_ACTION: 
handle-success	handle-success-execution	2025-02-10T14:01:51.8241659Z   KAOS_MODULE: [Ka0S] kaos
handle-success	handle-success-execution	2025-02-10T14:01:51.8242206Z   KAOS_PATH_RESUME: core/results/
handle-success	handle-success-execution	2025-02-10T14:01:51.8242765Z ##[endgroup]
handle-success	handle-success-execution	2025-02-10T14:01:51.8400453Z Todo ha ido bien
handle-success	Complete job	2025-02-10T14:01:51.8507686Z Cleaning up orphan processes
end-workflow	Set up job	2025-02-10T14:02:01.6901419Z Current runner version: '2.322.0'
end-workflow	Set up job	2025-02-10T14:02:01.6908728Z Runner name: 'ka0s-2'
end-workflow	Set up job	2025-02-10T14:02:01.6909402Z Runner group name: 'ka0s'
end-workflow	Set up job	2025-02-10T14:02:01.6910228Z Machine name: '5613a8be5fd6'
end-workflow	Set up job	2025-02-10T14:02:01.6912813Z ##[group]GITHUB_TOKEN Permissions
end-workflow	Set up job	2025-02-10T14:02:01.6915644Z Contents: read
end-workflow	Set up job	2025-02-10T14:02:01.6916184Z Metadata: read
end-workflow	Set up job	2025-02-10T14:02:01.6916668Z Packages: read
end-workflow	Set up job	2025-02-10T14:02:01.6917148Z ##[endgroup]
end-workflow	Set up job	2025-02-10T14:02:01.6919103Z Secret source: Actions
end-workflow	Set up job	2025-02-10T14:02:01.6919784Z Prepare workflow directory
end-workflow	Set up job	2025-02-10T14:02:01.7421096Z Prepare all required actions
end-workflow	Set up job	2025-02-10T14:02:01.7459819Z Getting action download info
end-workflow	Set up job	2025-02-10T14:02:02.0405607Z Download action repository 'actions/checkout@v4' (SHA:11bd71901bbe5b1630ceea73d27597364c9af683)
end-workflow	Set up job	2025-02-10T14:02:02.8682241Z Complete job name: end-workflow
end-workflow	Checkout code	2025-02-10T14:02:02.9208051Z ##[group]Run actions/checkout@v4
end-workflow	Checkout code	2025-02-10T14:02:02.9209023Z with:
end-workflow	Checkout code	2025-02-10T14:02:02.9209473Z   fetch-depth: 0
end-workflow	Checkout code	2025-02-10T14:02:02.9210199Z   token: ***
end-workflow	Checkout code	2025-02-10T14:02:02.9210714Z   repository: Ka0s-Klaus/ka0s
end-workflow	Checkout code	2025-02-10T14:02:02.9211262Z   ssh-strict: true
end-workflow	Checkout code	2025-02-10T14:02:02.9211716Z   ssh-user: git
end-workflow	Checkout code	2025-02-10T14:02:02.9212184Z   persist-credentials: true
end-workflow	Checkout code	2025-02-10T14:02:02.9212718Z   clean: true
end-workflow	Checkout code	2025-02-10T14:02:02.9213185Z   sparse-checkout-cone-mode: true
end-workflow	Checkout code	2025-02-10T14:02:02.9213760Z   fetch-tags: false
end-workflow	Checkout code	2025-02-10T14:02:02.9214765Z   show-progress: true
end-workflow	Checkout code	2025-02-10T14:02:02.9215375Z   lfs: false
end-workflow	Checkout code	2025-02-10T14:02:02.9215804Z   submodules: false
end-workflow	Checkout code	2025-02-10T14:02:02.9216281Z   set-safe-directory: true
end-workflow	Checkout code	2025-02-10T14:02:02.9217030Z env:
end-workflow	Checkout code	2025-02-10T14:02:02.9217461Z   KAOS_CODE: 13242596719
end-workflow	Checkout code	2025-02-10T14:02:02.9217974Z   KAOS_EVENT_NAME: push
end-workflow	Checkout code	2025-02-10T14:02:02.9218466Z   KAOS_ACTION: 
end-workflow	Checkout code	2025-02-10T14:02:02.9218922Z   KAOS_MODULE: [Ka0S] kaos
end-workflow	Checkout code	2025-02-10T14:02:02.9219457Z   KAOS_PATH_RESUME: core/results/
end-workflow	Checkout code	2025-02-10T14:02:02.9220229Z   GH_TOKEN: ***
end-workflow	Checkout code	2025-02-10T14:02:02.9220677Z ##[endgroup]
end-workflow	Checkout code	2025-02-10T14:02:03.0395028Z Syncing repository: Ka0s-Klaus/ka0s
end-workflow	Checkout code	2025-02-10T14:02:03.0397710Z ##[group]Getting Git version info
end-workflow	Checkout code	2025-02-10T14:02:03.0398973Z Working directory is '/actions-runner/_work/ka0s/ka0s'
end-workflow	Checkout code	2025-02-10T14:02:03.0400762Z [command]/usr/bin/git version
end-workflow	Checkout code	2025-02-10T14:02:03.0401365Z git version 2.25.1
end-workflow	Checkout code	2025-02-10T14:02:03.0403192Z ##[endgroup]
end-workflow	Checkout code	2025-02-10T14:02:03.0409122Z Copying '/home/kaos/.gitconfig' to '/actions-runner/_work/_temp/07d23199-40eb-4020-b532-a846e6c0a55d/.gitconfig'
end-workflow	Checkout code	2025-02-10T14:02:03.0412325Z Temporarily overriding HOME='/actions-runner/_work/_temp/07d23199-40eb-4020-b532-a846e6c0a55d' before making global git config changes
end-workflow	Checkout code	2025-02-10T14:02:03.0414579Z Adding repository directory to the temporary git global config as a safe directory
end-workflow	Checkout code	2025-02-10T14:02:03.0418677Z [command]/usr/bin/git config --global --add safe.directory /actions-runner/_work/ka0s/ka0s
end-workflow	Checkout code	2025-02-10T14:02:03.0463163Z [command]/usr/bin/git config --local --get remote.origin.url
end-workflow	Checkout code	2025-02-10T14:02:03.0487358Z https://github.com/Ka0s-Klaus/ka0s
end-workflow	Checkout code	2025-02-10T14:02:03.0508176Z ##[group]Removing previously created refs, to avoid conflicts
end-workflow	Checkout code	2025-02-10T14:02:03.0512958Z [command]/usr/bin/git rev-parse --symbolic-full-name --verify --quiet HEAD
end-workflow	Checkout code	2025-02-10T14:02:03.0537083Z refs/heads/main
end-workflow	Checkout code	2025-02-10T14:02:03.0547687Z [command]/usr/bin/git checkout --detach
end-workflow	Checkout code	2025-02-10T14:02:03.0597878Z HEAD is now at bd45b47 [Ka0S] Uploading resume execution files to the repository...
end-workflow	Checkout code	2025-02-10T14:02:03.0643771Z [command]/usr/bin/git branch --delete --force main
end-workflow	Checkout code	2025-02-10T14:02:03.0675334Z Deleted branch main (was bd45b47).
end-workflow	Checkout code	2025-02-10T14:02:03.0720530Z ##[endgroup]
end-workflow	Checkout code	2025-02-10T14:02:03.0722865Z [command]/usr/bin/git submodule status
end-workflow	Checkout code	2025-02-10T14:02:03.1027206Z ##[group]Cleaning the repository
end-workflow	Checkout code	2025-02-10T14:02:03.1032367Z [command]/usr/bin/git clean -ffdx
end-workflow	Checkout code	2025-02-10T14:02:03.1063722Z Removing core/results/commit-summary-.txt
end-workflow	Checkout code	2025-02-10T14:02:03.1064886Z Removing core/results/files-in-commit-.txt
end-workflow	Checkout code	2025-02-10T14:02:03.1065654Z Removing event_data.json
end-workflow	Checkout code	2025-02-10T14:02:03.1074693Z [command]/usr/bin/git reset --hard HEAD
end-workflow	Checkout code	2025-02-10T14:02:03.1124910Z HEAD is now at bd45b47 [Ka0S] Uploading resume execution files to the repository...
end-workflow	Checkout code	2025-02-10T14:02:03.1128865Z ##[endgroup]
end-workflow	Checkout code	2025-02-10T14:02:03.1130796Z ##[group]Disabling automatic garbage collection
end-workflow	Checkout code	2025-02-10T14:02:03.1134371Z [command]/usr/bin/git config --local gc.auto 0
end-workflow	Checkout code	2025-02-10T14:02:03.1168898Z ##[endgroup]
end-workflow	Checkout code	2025-02-10T14:02:03.1169816Z ##[group]Setting up auth
end-workflow	Checkout code	2025-02-10T14:02:03.1186543Z [command]/usr/bin/git config --local --name-only --get-regexp core\.sshCommand
end-workflow	Checkout code	2025-02-10T14:02:03.1223237Z [command]/usr/bin/git submodule foreach --recursive sh -c "git config --local --name-only --get-regexp 'core\.sshCommand' && git config --local --unset-all 'core.sshCommand' || :"
end-workflow	Checkout code	2025-02-10T14:02:03.1532293Z [command]/usr/bin/git config --local --name-only --get-regexp http\.https\:\/\/github\.com\/\.extraheader
end-workflow	Checkout code	2025-02-10T14:02:03.1565084Z [command]/usr/bin/git submodule foreach --recursive sh -c "git config --local --name-only --get-regexp 'http\.https\:\/\/github\.com\/\.extraheader' && git config --local --unset-all 'http.https://github.com/.extraheader' || :"
end-workflow	Checkout code	2025-02-10T14:02:03.1871437Z [command]/usr/bin/git config --local http.https://github.com/.extraheader AUTHORIZATION: basic ***
end-workflow	Checkout code	2025-02-10T14:02:03.1914428Z ##[endgroup]
end-workflow	Checkout code	2025-02-10T14:02:03.1915420Z ##[group]Fetching the repository
end-workflow	Checkout code	2025-02-10T14:02:03.1923470Z [command]/usr/bin/git -c protocol.version=2 fetch --prune --no-recurse-submodules origin +refs/heads/*:refs/remotes/origin/* +refs/tags/*:refs/tags/*
end-workflow	Checkout code	2025-02-10T14:02:03.7205591Z [command]/usr/bin/git branch --list --remote origin/main
end-workflow	Checkout code	2025-02-10T14:02:03.7250666Z   origin/main
end-workflow	Checkout code	2025-02-10T14:02:03.7265719Z [command]/usr/bin/git rev-parse refs/remotes/origin/main
end-workflow	Checkout code	2025-02-10T14:02:03.7307527Z bd45b47612a9a18b95686ec660405a4a6f3f262c
end-workflow	Checkout code	2025-02-10T14:02:03.7315507Z ##[endgroup]
end-workflow	Checkout code	2025-02-10T14:02:03.7318426Z ##[group]Determining the checkout info
end-workflow	Checkout code	2025-02-10T14:02:03.7352359Z ##[endgroup]
end-workflow	Checkout code	2025-02-10T14:02:03.7356020Z ##[group]Checking out the ref
end-workflow	Checkout code	2025-02-10T14:02:03.7359453Z [command]/usr/bin/git checkout --progress --force -B main refs/remotes/origin/main
end-workflow	Checkout code	2025-02-10T14:02:03.7424269Z Switched to a new branch 'main'
end-workflow	Checkout code	2025-02-10T14:02:03.7427208Z Branch 'main' set up to track remote branch 'main' from 'origin'.
end-workflow	Checkout code	2025-02-10T14:02:03.7435751Z ##[endgroup]
end-workflow	Checkout code	2025-02-10T14:02:03.7504044Z [command]/usr/bin/git log -1 --format=%H
end-workflow	Checkout code	2025-02-10T14:02:03.7552564Z bd45b47612a9a18b95686ec660405a4a6f3f262c
end-workflow	Finaliza el workflow	2025-02-10T14:02:03.7989483Z ##[group]Run echo "End process"
end-workflow	Finaliza el workflow	2025-02-10T14:02:03.7991037Z [36;1mecho "End process"[0m
end-workflow	Finaliza el workflow	2025-02-10T14:02:03.7993718Z [36;1mgh workflow run inspector.yml --ref 'main' -f kaos-issue-id="" -f kaos-workflow-id="13242596719" -f kaos-user-start=""[0m
end-workflow	Finaliza el workflow	2025-02-10T14:02:03.8008503Z shell: /usr/bin/bash -e {0}
end-workflow	Finaliza el workflow	2025-02-10T14:02:03.8009794Z env:
end-workflow	Finaliza el workflow	2025-02-10T14:02:03.8010751Z   KAOS_CODE: 13242596719
end-workflow	Finaliza el workflow	2025-02-10T14:02:03.8011965Z   KAOS_EVENT_NAME: push
end-workflow	Finaliza el workflow	2025-02-10T14:02:03.8013089Z   KAOS_ACTION: 
end-workflow	Finaliza el workflow	2025-02-10T14:02:03.8014210Z   KAOS_MODULE: [Ka0S] kaos
end-workflow	Finaliza el workflow	2025-02-10T14:02:03.8015508Z   KAOS_PATH_RESUME: core/results/
end-workflow	Finaliza el workflow	2025-02-10T14:02:03.8017438Z   GH_TOKEN: ***
end-workflow	Finaliza el workflow	2025-02-10T14:02:03.8018474Z ##[endgroup]
end-workflow	Finaliza el workflow	2025-02-10T14:02:03.8087654Z End process
end-workflow	Post Checkout code	2025-02-10T14:02:04.5030650Z Post job cleanup.
end-workflow	Post Checkout code	2025-02-10T14:02:04.6011570Z [command]/usr/bin/git version
end-workflow	Post Checkout code	2025-02-10T14:02:04.6049944Z git version 2.25.1
end-workflow	Post Checkout code	2025-02-10T14:02:04.6089892Z Copying '/home/kaos/.gitconfig' to '/actions-runner/_work/_temp/664c0c04-118e-4023-941d-70286dc42ac4/.gitconfig'
end-workflow	Post Checkout code	2025-02-10T14:02:04.6105030Z Temporarily overriding HOME='/actions-runner/_work/_temp/664c0c04-118e-4023-941d-70286dc42ac4' before making global git config changes
end-workflow	Post Checkout code	2025-02-10T14:02:04.6108361Z Adding repository directory to the temporary git global config as a safe directory
end-workflow	Post Checkout code	2025-02-10T14:02:04.6111309Z [command]/usr/bin/git config --global --add safe.directory /actions-runner/_work/ka0s/ka0s
end-workflow	Post Checkout code	2025-02-10T14:02:04.6152540Z [command]/usr/bin/git config --local --name-only --get-regexp core\.sshCommand
end-workflow	Post Checkout code	2025-02-10T14:02:04.6193466Z [command]/usr/bin/git submodule foreach --recursive sh -c "git config --local --name-only --get-regexp 'core\.sshCommand' && git config --local --unset-all 'core.sshCommand' || :"
end-workflow	Post Checkout code	2025-02-10T14:02:04.6496157Z [command]/usr/bin/git config --local --name-only --get-regexp http\.https\:\/\/github\.com\/\.extraheader
end-workflow	Post Checkout code	2025-02-10T14:02:04.6521076Z http.https://github.com/.extraheader
end-workflow	Post Checkout code	2025-02-10T14:02:04.6534958Z [command]/usr/bin/git config --local --unset-all http.https://github.com/.extraheader
end-workflow	Post Checkout code	2025-02-10T14:02:04.6573005Z [command]/usr/bin/git submodule foreach --recursive sh -c "git config --local --name-only --get-regexp 'http\.https\:\/\/github\.com\/\.extraheader' && git config --local --unset-all 'http.https://github.com/.extraheader' || :"
end-workflow	Complete job	2025-02-10T14:02:04.7006905Z Cleaning up orphan processes
