job-core	Set up job	2025-02-20T12:24:07.1779421Z Current runner version: '2.322.0'
job-core	Set up job	2025-02-20T12:24:07.1786621Z Runner name: 'ka0s-1'
job-core	Set up job	2025-02-20T12:24:07.1787657Z Runner group name: 'ka0s'
job-core	Set up job	2025-02-20T12:24:07.1788509Z Machine name: '5613a8be5fd6'
job-core	Set up job	2025-02-20T12:24:07.1791122Z ##[group]GITHUB_TOKEN Permissions
job-core	Set up job	2025-02-20T12:24:07.1793562Z Contents: read
job-core	Set up job	2025-02-20T12:24:07.1794128Z Metadata: read
job-core	Set up job	2025-02-20T12:24:07.1794640Z Packages: read
job-core	Set up job	2025-02-20T12:24:07.1795151Z ##[endgroup]
job-core	Set up job	2025-02-20T12:24:07.1797522Z Secret source: Actions
job-core	Set up job	2025-02-20T12:24:07.1798508Z Prepare workflow directory
job-core	Set up job	2025-02-20T12:24:07.2391040Z Prepare all required actions
job-core	Set up job	2025-02-20T12:24:07.2431035Z Getting action download info
job-core	Set up job	2025-02-20T12:24:07.5185988Z Download action repository 'actions/checkout@v4' (SHA:11bd71901bbe5b1630ceea73d27597364c9af683)
job-core	Set up job	2025-02-20T12:24:08.3835753Z Complete job name: job-core
job-core	Checkout code	2025-02-20T12:24:08.4460500Z ##[group]Run actions/checkout@v4
job-core	Checkout code	2025-02-20T12:24:08.4461441Z with:
job-core	Checkout code	2025-02-20T12:24:08.4461884Z   fetch-depth: 0
job-core	Checkout code	2025-02-20T12:24:08.4462593Z   token: ***
job-core	Checkout code	2025-02-20T12:24:08.4463122Z   repository: Ka0s-Klaus/ka0s
job-core	Checkout code	2025-02-20T12:24:08.4463631Z   ssh-strict: true
job-core	Checkout code	2025-02-20T12:24:08.4464059Z   ssh-user: git
job-core	Checkout code	2025-02-20T12:24:08.4464506Z   persist-credentials: true
job-core	Checkout code	2025-02-20T12:24:08.4465002Z   clean: true
job-core	Checkout code	2025-02-20T12:24:08.4465447Z   sparse-checkout-cone-mode: true
job-core	Checkout code	2025-02-20T12:24:08.4465972Z   fetch-tags: false
job-core	Checkout code	2025-02-20T12:24:08.4466422Z   show-progress: true
job-core	Checkout code	2025-02-20T12:24:08.4467118Z   lfs: false
job-core	Checkout code	2025-02-20T12:24:08.4467677Z   submodules: false
job-core	Checkout code	2025-02-20T12:24:08.4468152Z   set-safe-directory: true
job-core	Checkout code	2025-02-20T12:24:08.4468895Z env:
job-core	Checkout code	2025-02-20T12:24:08.4469457Z   KAOS_CODE: 13435192474
job-core	Checkout code	2025-02-20T12:24:08.4469943Z   KAOS_EVENT_NAME: push
job-core	Checkout code	2025-02-20T12:24:08.4470400Z   KAOS_ACTION: 
job-core	Checkout code	2025-02-20T12:24:08.4471197Z   KAOS_REF: refs/heads/H44-creación-módulo-versionado
job-core	Checkout code	2025-02-20T12:24:08.4472076Z   KAOS_MODULE: [Ka0S] kaos
job-core	Checkout code	2025-02-20T12:24:08.4472626Z   KAOS_PATH_RESUME: core/results/
job-core	Checkout code	2025-02-20T12:24:08.4473159Z   KAOS_JSON: core/results/event_data
job-core	Checkout code	2025-02-20T12:24:08.4473703Z   GITHUB_OUTPUT: 
job-core	Checkout code	2025-02-20T12:24:08.4474132Z ##[endgroup]
job-core	Checkout code	2025-02-20T12:24:08.5673364Z Syncing repository: Ka0s-Klaus/ka0s
job-core	Checkout code	2025-02-20T12:24:08.5675378Z ##[group]Getting Git version info
job-core	Checkout code	2025-02-20T12:24:08.5676091Z Working directory is '/actions-runner/_work/ka0s/ka0s'
job-core	Checkout code	2025-02-20T12:24:08.5677489Z [command]/usr/bin/git version
job-core	Checkout code	2025-02-20T12:24:08.5703127Z git version 2.25.1
job-core	Checkout code	2025-02-20T12:24:08.5705433Z ##[endgroup]
job-core	Checkout code	2025-02-20T12:24:08.5712206Z Copying '/home/kaos/.gitconfig' to '/actions-runner/_work/_temp/448002ee-cdf8-42b6-b772-94cb0fb1ebb5/.gitconfig'
job-core	Checkout code	2025-02-20T12:24:08.5721505Z Temporarily overriding HOME='/actions-runner/_work/_temp/448002ee-cdf8-42b6-b772-94cb0fb1ebb5' before making global git config changes
job-core	Checkout code	2025-02-20T12:24:08.5723010Z Adding repository directory to the temporary git global config as a safe directory
job-core	Checkout code	2025-02-20T12:24:08.5726519Z [command]/usr/bin/git config --global --add safe.directory /actions-runner/_work/ka0s/ka0s
job-core	Checkout code	2025-02-20T12:24:08.5772549Z [command]/usr/bin/git config --local --get remote.origin.url
job-core	Checkout code	2025-02-20T12:24:08.5796288Z https://github.com/Ka0s-Klaus/ka0s
job-core	Checkout code	2025-02-20T12:24:08.5817101Z ##[group]Removing previously created refs, to avoid conflicts
job-core	Checkout code	2025-02-20T12:24:08.5821607Z [command]/usr/bin/git rev-parse --symbolic-full-name --verify --quiet HEAD
job-core	Checkout code	2025-02-20T12:24:08.5846268Z HEAD
job-core	Checkout code	2025-02-20T12:24:08.5964673Z ##[endgroup]
job-core	Checkout code	2025-02-20T12:24:08.5966201Z [command]/usr/bin/git submodule status
job-core	Checkout code	2025-02-20T12:24:08.6268900Z ##[group]Cleaning the repository
job-core	Checkout code	2025-02-20T12:24:08.6272332Z [command]/usr/bin/git clean -ffdx
job-core	Checkout code	2025-02-20T12:24:08.6315038Z [command]/usr/bin/git reset --hard HEAD
job-core	Checkout code	2025-02-20T12:24:08.6387517Z HEAD is now at 3dd8235 Merge e8cf9f5134e523be5eef769c5d0b18d113adf7d3 into c9739f626093153f655303f1aee899c74a1f797c
job-core	Checkout code	2025-02-20T12:24:08.6390727Z ##[endgroup]
job-core	Checkout code	2025-02-20T12:24:08.6392510Z ##[group]Disabling automatic garbage collection
job-core	Checkout code	2025-02-20T12:24:08.6397844Z [command]/usr/bin/git config --local gc.auto 0
job-core	Checkout code	2025-02-20T12:24:08.6431681Z ##[endgroup]
job-core	Checkout code	2025-02-20T12:24:08.6433049Z ##[group]Setting up auth
job-core	Checkout code	2025-02-20T12:24:08.6437828Z [command]/usr/bin/git config --local --name-only --get-regexp core\.sshCommand
job-core	Checkout code	2025-02-20T12:24:08.6473337Z [command]/usr/bin/git submodule foreach --recursive sh -c "git config --local --name-only --get-regexp 'core\.sshCommand' && git config --local --unset-all 'core.sshCommand' || :"
job-core	Checkout code	2025-02-20T12:24:08.6778932Z [command]/usr/bin/git config --local --name-only --get-regexp http\.https\:\/\/github\.com\/\.extraheader
job-core	Checkout code	2025-02-20T12:24:08.6813174Z [command]/usr/bin/git submodule foreach --recursive sh -c "git config --local --name-only --get-regexp 'http\.https\:\/\/github\.com\/\.extraheader' && git config --local --unset-all 'http.https://github.com/.extraheader' || :"
job-core	Checkout code	2025-02-20T12:24:08.7124980Z [command]/usr/bin/git config --local http.https://github.com/.extraheader AUTHORIZATION: basic ***
job-core	Checkout code	2025-02-20T12:24:08.7168481Z ##[endgroup]
job-core	Checkout code	2025-02-20T12:24:08.7169424Z ##[group]Fetching the repository
job-core	Checkout code	2025-02-20T12:24:08.7175858Z [command]/usr/bin/git -c protocol.version=2 fetch --prune --no-recurse-submodules origin +refs/heads/*:refs/remotes/origin/* +refs/tags/*:refs/tags/*
job-core	Checkout code	2025-02-20T12:24:09.5440948Z From https://github.com/Ka0s-Klaus/ka0s
job-core	Checkout code	2025-02-20T12:24:09.5444619Z    e8cf9f5..56a9a7a  H44-creación-módulo-versionado -> origin/H44-creación-módulo-versionado
job-core	Checkout code	2025-02-20T12:24:09.5448032Z    c9739f6..f659571  main       -> origin/main
job-core	Checkout code	2025-02-20T12:24:09.5537560Z [command]/usr/bin/git branch --list --remote origin/H44-creación-módulo-versionado
job-core	Checkout code	2025-02-20T12:24:09.5602747Z   origin/H44-creación-módulo-versionado
job-core	Checkout code	2025-02-20T12:24:09.5612721Z [command]/usr/bin/git rev-parse refs/remotes/origin/H44-creación-módulo-versionado
job-core	Checkout code	2025-02-20T12:24:09.5641993Z 56a9a7acbedff08b1c923345505505983512ee80
job-core	Checkout code	2025-02-20T12:24:09.5646615Z ##[endgroup]
job-core	Checkout code	2025-02-20T12:24:09.5648538Z ##[group]Determining the checkout info
job-core	Checkout code	2025-02-20T12:24:09.5650613Z ##[endgroup]
job-core	Checkout code	2025-02-20T12:24:09.5653054Z ##[group]Checking out the ref
job-core	Checkout code	2025-02-20T12:24:09.5656280Z [command]/usr/bin/git checkout --progress --force -B H44-creación-módulo-versionado refs/remotes/origin/H44-creación-módulo-versionado
job-core	Checkout code	2025-02-20T12:24:09.5806934Z Previous HEAD position was 3dd8235 Merge e8cf9f5134e523be5eef769c5d0b18d113adf7d3 into c9739f626093153f655303f1aee899c74a1f797c
job-core	Checkout code	2025-02-20T12:24:09.5817425Z Switched to a new branch 'H44-creación-módulo-versionado'
job-core	Checkout code	2025-02-20T12:24:09.5823166Z Branch 'H44-creación-módulo-versionado' set up to track remote branch 'H44-creación-módulo-versionado' from 'origin'.
job-core	Checkout code	2025-02-20T12:24:09.5828456Z ##[endgroup]
job-core	Checkout code	2025-02-20T12:24:09.5869261Z [command]/usr/bin/git log -1 --format=%H
job-core	Checkout code	2025-02-20T12:24:09.5909141Z 56a9a7acbedff08b1c923345505505983512ee80
job-core	Validate file extensions	2025-02-20T12:24:09.6150564Z ##[group]Run IFS=' ' read -r -a extensions <<< "***"
job-core	Validate file extensions	2025-02-20T12:24:09.6152285Z [36;1mIFS=' ' read -r -a extensions <<< "***"[0m
job-core	Validate file extensions	2025-02-20T12:24:09.6154017Z [36;1mfor file in $(git diff --name-only HEAD~1 HEAD); do[0m
job-core	Validate file extensions	2025-02-20T12:24:09.6156035Z [36;1mextension="${file##*.}"[0m
job-core	Validate file extensions	2025-02-20T12:24:09.6157650Z [36;1m  if [[ ! " ${extensions[@]} " =~ " ${extension} " ]]; then[0m
job-core	Validate file extensions	2025-02-20T12:24:09.6159282Z [36;1m    echo "File $file has an invalid extension: $extension"[0m
job-core	Validate file extensions	2025-02-20T12:24:09.6160661Z [36;1m  fi[0m
job-core	Validate file extensions	2025-02-20T12:24:09.6161613Z [36;1mdone[0m
job-core	Validate file extensions	2025-02-20T12:24:09.6172974Z shell: /usr/bin/bash -e {0}
job-core	Validate file extensions	2025-02-20T12:24:09.6173990Z env:
job-core	Validate file extensions	2025-02-20T12:24:09.6174753Z   KAOS_CODE: 13435192474
job-core	Validate file extensions	2025-02-20T12:24:09.6175709Z   KAOS_EVENT_NAME: push
job-core	Validate file extensions	2025-02-20T12:24:09.6176619Z   KAOS_ACTION: 
job-core	Validate file extensions	2025-02-20T12:24:09.6178033Z   KAOS_REF: refs/heads/H44-creación-módulo-versionado
job-core	Validate file extensions	2025-02-20T12:24:09.6179323Z   KAOS_MODULE: [Ka0S] kaos
job-core	Validate file extensions	2025-02-20T12:24:09.6180335Z   KAOS_PATH_RESUME: core/results/
job-core	Validate file extensions	2025-02-20T12:24:09.6181480Z   KAOS_JSON: core/results/event_data
job-core	Validate file extensions	2025-02-20T12:24:09.6182568Z   GITHUB_OUTPUT: 
job-core	Validate file extensions	2025-02-20T12:24:09.6183564Z ##[endgroup]
job-core	Validate file extensions	2025-02-20T12:24:09.6280673Z File .github/workflows/version.yml has an invalid extension: yml
job-core	Validate file extensions	2025-02-20T12:24:09.6283021Z File core/outputs/e/13434978030.json has an invalid extension: json
job-core	Validate file extensions	2025-02-20T12:24:09.6285333Z File core/outputs/e/13434978030.log has an invalid extension: log
job-core	Crear JSON	2025-02-20T12:24:09.6451608Z ##[group]Run echo "{}" >> core/results/event_data13435192474.json
job-core	Crear JSON	2025-02-20T12:24:09.6453244Z [36;1mecho "{}" >> core/results/event_data13435192474.json[0m
job-core	Crear JSON	2025-02-20T12:24:09.6454477Z [36;1mcase "push" in[0m
job-core	Crear JSON	2025-02-20T12:24:09.6455346Z [36;1m  "push")[0m
job-core	Crear JSON	2025-02-20T12:24:09.6458693Z [36;1m    echo "{\"event\": \"push\", \"ref\": \"refs/heads/H44-creación-módulo-versionado\", \"sha\": \"56a9a7acbedff08b1c923345505505983512ee80\"}" >> core/results/event_data13435192474.json # Ejemplo: {"event": "push", "ref": "refs/heads/main", "sha": "abc123"}[0m
job-core	Crear JSON	2025-02-20T12:24:09.6462768Z [36;1m    echo "Variable github.action=crear_json" >> core/results/event_data13435192474.json[0m
job-core	Crear JSON	2025-02-20T12:24:09.6464512Z [36;1m    echo "Variable github.event.action="[0m
job-core	Crear JSON	2025-02-20T12:24:09.6466328Z [36;1m    echo "Variable github.event.pusher.name=Yolabn" >> core/results/event_data13435192474.json[0m
job-core	Crear JSON	2025-02-20T12:24:09.6469598Z [36;1m    echo "variable github.event.pusher.email=141480171+Yolabn@users.noreply.github.com" >> core/results/event_data13435192474.json[0m
job-core	Crear JSON	2025-02-20T12:24:09.6472479Z [36;1m    echo "Variable github.event.issue.number=" >> core/results/event_data13435192474.json[0m
job-core	Crear JSON	2025-02-20T12:24:09.6475352Z [36;1m    #Crear un fichero de resumen con todos los datos de los commits asociados, esta información es usada en todo el ciclo de vida del workflow[0m
job-core	Crear JSON	2025-02-20T12:24:09.6479918Z [36;1m    git log e8cf9f5134e523be5eef769c5d0b18d113adf7d3..56a9a7acbedff08b1c923345505505983512ee80 --pretty=format:'%H%n%an%n%ae%n%ad%n%s' > core/results/commit-summary-$KAOS_CODE_FILES.txt[0m
job-core	Crear JSON	2025-02-20T12:24:09.6483463Z [36;1m    # Crear un fichero con la ruta completa y el nombre ficheros implicados en el commit[0m
job-core	Crear JSON	2025-02-20T12:24:09.6487657Z [36;1m    git diff --name-only e8cf9f5134e523be5eef769c5d0b18d113adf7d3 56a9a7acbedff08b1c923345505505983512ee80 > core/results/files-in-commit-$KAOS_CODE_FILES.txt[0m
job-core	Crear JSON	2025-02-20T12:24:09.6490914Z [36;1m    INVOLVED=core/results/files-in-commit-$KAOS_CODE_FILES.txt[0m
job-core	Crear JSON	2025-02-20T12:24:09.6492477Z [36;1m    #echo "INVOLVED=$INVOLVED" >> $GITHUB_OUTPUT[0m
job-core	Crear JSON	2025-02-20T12:24:09.6494048Z [36;1m    echo "INVOLVED=$INVOLVED" >> core/results/event_data13435192474.json[0m
job-core	Crear JSON	2025-02-20T12:24:09.6495473Z [36;1m    ;;[0m
job-core	Crear JSON	2025-02-20T12:24:09.6496271Z [36;1m  "pull_request")[0m
job-core	Crear JSON	2025-02-20T12:24:09.6499324Z [36;1m    echo "{\"event\": \"pull_request\", \"action\": \"\", \"number\": \"\"}" > event_data.json # Ejemplo: {"event": "pull_request", "action": "opened", "number": "42"}[0m
job-core	Crear JSON	2025-02-20T12:24:09.6501583Z [36;1m    ;;[0m
job-core	Crear JSON	2025-02-20T12:24:09.6502347Z [36;1m  "issues")[0m
job-core	Crear JSON	2025-02-20T12:24:09.6504136Z [36;1m    echo "{\"event\": \"issues\", \"action\": \"\", \"issue\": \"\"}" > event_data.json # Ejemplo: {"event": "issues", "action": "opened", "issue": "99"}[0m
job-core	Crear JSON	2025-02-20T12:24:09.6506095Z [36;1m    ;;[0m
job-core	Crear JSON	2025-02-20T12:24:09.6507237Z [36;1m  "issue_comment")[0m
job-core	Crear JSON	2025-02-20T12:24:09.6510031Z [36;1m    echo "{\"event\": \"issue_comment\", \"action\": \"\", \"comment\": \"\"}" > event_data.json # Ejemplo: {"event": "issue_comment", "action": "created", "comment": "123456"}[0m
job-core	Crear JSON	2025-02-20T12:24:09.6513153Z [36;1m    ;;[0m
job-core	Crear JSON	2025-02-20T12:24:09.6513920Z [36;1m  "create")[0m
job-core	Crear JSON	2025-02-20T12:24:09.6517212Z [36;1m    echo "{\"event\": \"create\", \"ref\": \"refs/heads/H44-creación-módulo-versionado\", \"ref_type\": \"refs/heads/H44-creación-módulo-versionado\"}" > event_data.json # Ejemplo: {"event": "create", "ref": "refs/tags/v1.0", "ref_type": "tag"}[0m
job-core	Crear JSON	2025-02-20T12:24:09.6520869Z [36;1m    ;;[0m
job-core	Crear JSON	2025-02-20T12:24:09.6521651Z [36;1m  "delete")[0m
job-core	Crear JSON	2025-02-20T12:24:09.6524751Z [36;1m    echo "{\"event\": \"delete\", \"ref\": \"refs/heads/H44-creación-módulo-versionado\", \"ref_type\": \"refs/heads/H44-creación-módulo-versionado\"}" > event_data.json # Ejemplo: {"event": "delete", "ref": "refs/heads/feature-branch", "ref_type": "branch"}[0m
job-core	Crear JSON	2025-02-20T12:24:09.6528936Z [36;1m    ;;[0m
job-core	Crear JSON	2025-02-20T12:24:09.6529725Z [36;1m  "release")[0m
job-core	Crear JSON	2025-02-20T12:24:09.6531637Z [36;1m    echo "{\"event\": \"release\", \"action\": \"\", \"release\": \"\"}" > event_data.json # Ejemplo: {"event": "release", "action": "published", "release": "v1.0"}[0m
job-core	Crear JSON	2025-02-20T12:24:09.6534272Z [36;1m    ;;[0m
job-core	Crear JSON	2025-02-20T12:24:09.6535323Z [36;1m  "watch")[0m
job-core	Crear JSON	2025-02-20T12:24:09.6537074Z [36;1m    echo "{\"event\": \"watch\", \"action\": \"\"}" > event_data.json # Ejemplo: {"event": "watch", "action": "started"}[0m
job-core	Crear JSON	2025-02-20T12:24:09.6539080Z [36;1m    ;;[0m
job-core	Crear JSON	2025-02-20T12:24:09.6539895Z [36;1m  "repository_dispatch")[0m
job-core	Crear JSON	2025-02-20T12:24:09.6542034Z [36;1m    echo "{\"event\": \"repository_dispatch\", \"action\": \"\"}" > event_data.json # Ejemplo: {"event": "repository_dispatch", "action": "custom-event"}[0m
job-core	Crear JSON	2025-02-20T12:24:09.6544593Z [36;1m    ;;[0m
job-core	Crear JSON	2025-02-20T12:24:09.6545440Z [36;1m  "workflow_dispatch")[0m
job-core	Crear JSON	2025-02-20T12:24:09.6547504Z [36;1m    echo "{\"event\": \"workflow_dispatch\"}" > event_data.json # Ejemplo: {"event": "workflow_dispatch"}[0m
job-core	Crear JSON	2025-02-20T12:24:09.6549429Z [36;1m    ;;[0m
job-core	Crear JSON	2025-02-20T12:24:09.6550494Z [36;1m  *)[0m
job-core	Crear JSON	2025-02-20T12:24:09.6551888Z [36;1m    echo "{\"event\": \"unknown\"}" > event_data.json # Ejemplo: {"event": "unknown"}[0m
job-core	Crear JSON	2025-02-20T12:24:09.6553520Z [36;1m    ;;[0m
job-core	Crear JSON	2025-02-20T12:24:09.6554318Z [36;1mesac      [0m
job-core	Crear JSON	2025-02-20T12:24:09.6562818Z shell: /usr/bin/bash -e {0}
job-core	Crear JSON	2025-02-20T12:24:09.6563722Z env:
job-core	Crear JSON	2025-02-20T12:24:09.6564414Z   KAOS_CODE: 13435192474
job-core	Crear JSON	2025-02-20T12:24:09.6565273Z   KAOS_EVENT_NAME: push
job-core	Crear JSON	2025-02-20T12:24:09.6566090Z   KAOS_ACTION: 
job-core	Crear JSON	2025-02-20T12:24:09.6567511Z   KAOS_REF: refs/heads/H44-creación-módulo-versionado
job-core	Crear JSON	2025-02-20T12:24:09.6568671Z   KAOS_MODULE: [Ka0S] kaos
job-core	Crear JSON	2025-02-20T12:24:09.6569575Z   KAOS_PATH_RESUME: core/results/
job-core	Crear JSON	2025-02-20T12:24:09.6570561Z   KAOS_JSON: core/results/event_data
job-core	Crear JSON	2025-02-20T12:24:09.6571528Z   GITHUB_OUTPUT: 
job-core	Crear JSON	2025-02-20T12:24:09.6572287Z ##[endgroup]
job-core	Crear JSON	2025-02-20T12:24:09.6615944Z Variable github.event.action=
job-core	Set environment variable for ref	2025-02-20T12:24:09.6731825Z ##[group]Run echo "GITHUB_REF=refs/heads/H44-creación-módulo-versionado" >> $GITHUB_ENV
job-core	Set environment variable for ref	2025-02-20T12:24:09.6733917Z [36;1mecho "GITHUB_REF=refs/heads/H44-creación-módulo-versionado" >> $GITHUB_ENV[0m
job-core	Set environment variable for ref	2025-02-20T12:24:09.6742028Z shell: /usr/bin/bash -e {0}
job-core	Set environment variable for ref	2025-02-20T12:24:09.6742903Z env:
job-core	Set environment variable for ref	2025-02-20T12:24:09.6743601Z   KAOS_CODE: 13435192474
job-core	Set environment variable for ref	2025-02-20T12:24:09.6744444Z   KAOS_EVENT_NAME: push
job-core	Set environment variable for ref	2025-02-20T12:24:09.6745254Z   KAOS_ACTION: 
job-core	Set environment variable for ref	2025-02-20T12:24:09.6758144Z   KAOS_REF: refs/heads/H44-creación-módulo-versionado
job-core	Set environment variable for ref	2025-02-20T12:24:09.6759380Z   KAOS_MODULE: [Ka0S] kaos
job-core	Set environment variable for ref	2025-02-20T12:24:09.6760294Z   KAOS_PATH_RESUME: core/results/
job-core	Set environment variable for ref	2025-02-20T12:24:09.6761275Z   KAOS_JSON: core/results/event_data
job-core	Set environment variable for ref	2025-02-20T12:24:09.6762238Z   GITHUB_OUTPUT: 
job-core	Set environment variable for ref	2025-02-20T12:24:09.6762985Z ##[endgroup]
job-core	Upload Files	2025-02-20T12:24:09.6862825Z ##[group]Run echo "Uploading files to the repository..."
job-core	Upload Files	2025-02-20T12:24:09.6864298Z [36;1mecho "Uploading files to the repository..."[0m
job-core	Upload Files	2025-02-20T12:24:09.6865676Z [36;1mgit config --global user.name "***"[0m
job-core	Upload Files	2025-02-20T12:24:09.6867252Z [36;1mgit config --global user.email "***"[0m
job-core	Upload Files	2025-02-20T12:24:09.6868465Z [36;1mgit pull[0m
job-core	Upload Files	2025-02-20T12:24:09.6869345Z [36;1mgit add core/results/event_data*[0m
job-core	Upload Files	2025-02-20T12:24:09.6870844Z [36;1mgit commit -m "[Ka0S] Uploading resume execution files to the repository..."[0m
job-core	Upload Files	2025-02-20T12:24:09.6872640Z [36;1mgit push origin refs/heads/H44-creación-módulo-versionado[0m
job-core	Upload Files	2025-02-20T12:24:09.6873987Z [36;1mgit push origin $GITHUB_REF[0m
job-core	Upload Files	2025-02-20T12:24:09.6881869Z shell: /usr/bin/bash -e {0}
job-core	Upload Files	2025-02-20T12:24:09.6882759Z env:
job-core	Upload Files	2025-02-20T12:24:09.6883470Z   KAOS_CODE: 13435192474
job-core	Upload Files	2025-02-20T12:24:09.6884343Z   KAOS_EVENT_NAME: push
job-core	Upload Files	2025-02-20T12:24:09.6885178Z   KAOS_ACTION: 
job-core	Upload Files	2025-02-20T12:24:09.6886108Z   KAOS_REF: refs/heads/H44-creación-módulo-versionado
job-core	Upload Files	2025-02-20T12:24:09.6887778Z   KAOS_MODULE: [Ka0S] kaos
job-core	Upload Files	2025-02-20T12:24:09.6889051Z   KAOS_PATH_RESUME: core/results/
job-core	Upload Files	2025-02-20T12:24:09.6890083Z   KAOS_JSON: core/results/event_data
job-core	Upload Files	2025-02-20T12:24:09.6891099Z   GITHUB_OUTPUT: 
job-core	Upload Files	2025-02-20T12:24:09.6892089Z   GITHUB_REF: refs/heads/H44-creación-módulo-versionado
job-core	Upload Files	2025-02-20T12:24:09.6893263Z ##[endgroup]
job-core	Upload Files	2025-02-20T12:24:09.6932207Z Uploading files to the repository...
job-core	Upload Files	2025-02-20T12:24:10.1118150Z Already up to date.
job-core	Upload Files	2025-02-20T12:24:10.1251741Z [H44-creación-módulo-versionado f211759] [Ka0S] Uploading resume execution files to the repository...
job-core	Upload Files	2025-02-20T12:24:10.1253737Z  1 file changed, 7 insertions(+)
job-core	Upload Files	2025-02-20T12:24:10.1255050Z  create mode 100644 core/results/event_data13435192474.json
job-core	Upload Files	2025-02-20T12:24:10.9636074Z To https://github.com/Ka0s-Klaus/ka0s
job-core	Upload Files	2025-02-20T12:24:10.9644516Z    56a9a7a..f211759  H44-creación-módulo-versionado -> H44-creación-módulo-versionado
job-core	Upload Files	2025-02-20T12:24:11.4182346Z Everything up-to-date
job-core	Ver JSON	2025-02-20T12:24:11.4274276Z ##[group]Run cat core/results/event_data13435192474.json
job-core	Ver JSON	2025-02-20T12:24:11.4275616Z [36;1mcat core/results/event_data13435192474.json[0m
job-core	Ver JSON	2025-02-20T12:24:11.4283671Z shell: /usr/bin/bash -e {0}
job-core	Ver JSON	2025-02-20T12:24:11.4284511Z env:
job-core	Ver JSON	2025-02-20T12:24:11.4285190Z   KAOS_CODE: 13435192474
job-core	Ver JSON	2025-02-20T12:24:11.4286007Z   KAOS_EVENT_NAME: push
job-core	Ver JSON	2025-02-20T12:24:11.4287087Z   KAOS_ACTION: 
job-core	Ver JSON	2025-02-20T12:24:11.4288263Z   KAOS_REF: refs/heads/H44-creación-módulo-versionado
job-core	Ver JSON	2025-02-20T12:24:11.4289355Z   KAOS_MODULE: [Ka0S] kaos
job-core	Ver JSON	2025-02-20T12:24:11.4290219Z   KAOS_PATH_RESUME: core/results/
job-core	Ver JSON	2025-02-20T12:24:11.4291160Z   KAOS_JSON: core/results/event_data
job-core	Ver JSON	2025-02-20T12:24:11.4292075Z   GITHUB_OUTPUT: 
job-core	Ver JSON	2025-02-20T12:24:11.4292977Z   GITHUB_REF: refs/heads/H44-creación-módulo-versionado
job-core	Ver JSON	2025-02-20T12:24:11.4294046Z ##[endgroup]
job-core	Ver JSON	2025-02-20T12:24:11.4353380Z {}
job-core	Ver JSON	2025-02-20T12:24:11.4356014Z {"event": "push", "ref": "refs/heads/H44-creación-módulo-versionado", "sha": "56a9a7acbedff08b1c923345505505983512ee80"}
job-core	Ver JSON	2025-02-20T12:24:11.4358266Z Variable github.action=crear_json
job-core	Ver JSON	2025-02-20T12:24:11.4359449Z Variable github.event.pusher.name=Yolabn
job-core	Ver JSON	2025-02-20T12:24:11.4361585Z variable github.event.pusher.email=141480171+Yolabn@users.noreply.github.com
job-core	Ver JSON	2025-02-20T12:24:11.4363044Z Variable github.event.issue.number=
job-core	Ver JSON	2025-02-20T12:24:11.4364089Z INVOLVED=core/results/files-in-commit-.txt
job-core	Run # Nuevo proceso de activacion de los modulos	2025-02-20T12:24:11.4438994Z ##[group]Run # Nuevo proceso de activacion de los modulos
job-core	Run # Nuevo proceso de activacion de los modulos	2025-02-20T12:24:11.4440421Z [36;1m# Nuevo proceso de activacion de los modulos[0m
job-core	Run # Nuevo proceso de activacion de los modulos	2025-02-20T12:24:11.4441540Z [36;1mwhile IFS= read -r line; do[0m
job-core	Run # Nuevo proceso de activacion de los modulos	2025-02-20T12:24:11.4442714Z [36;1m  echo "I Leemos el fichero  y extraemos el fichero $line"[0m
job-core	Run # Nuevo proceso de activacion de los modulos	2025-02-20T12:24:11.4443900Z [36;1m  module_failed=0[0m
job-core	Run # Nuevo proceso de activacion de los modulos	2025-02-20T12:24:11.4444769Z [36;1m  extension_failed=0[0m
job-core	Run # Nuevo proceso de activacion de los modulos	2025-02-20T12:24:11.4445676Z [36;1m  file_name=$(basename "$line")[0m
job-core	Run # Nuevo proceso de activacion de los modulos	2025-02-20T12:24:11.4447074Z [36;1m  echo "I-1 Calculamos el nombre del fichero $file_name"[0m
job-core	Run # Nuevo proceso de activacion de los modulos	2025-02-20T12:24:11.4448559Z [36;1m  file_extension="${file_name##*.}"[0m
job-core	Run # Nuevo proceso de activacion de los modulos	2025-02-20T12:24:11.4449842Z [36;1m  echo "I-2 Calculamos la extension del fichero $file_extension"[0m
job-core	Run # Nuevo proceso de activacion de los modulos	2025-02-20T12:24:11.4451206Z [36;1m  file_module="$file_extension""lint.yaml"[0m
job-core	Run # Nuevo proceso de activacion de los modulos	2025-02-20T12:24:11.4452396Z [36;1m  echo "I-3 Calculamos el modulo $file_module"[0m
job-core	Run # Nuevo proceso de activacion de los modulos	2025-02-20T12:24:11.4453563Z [36;1m  IFS=',' read -r -a file_array <<< "$files"[0m
job-core	Run # Nuevo proceso de activacion de los modulos	2025-02-20T12:24:11.4454694Z [36;1m  for file in "${file_array[@]}"; do[0m
job-core	Run # Nuevo proceso de activacion de los modulos	2025-02-20T12:24:11.4455897Z [36;1m    echo "II Leemos el array de $file"[0m
job-core	Run # Nuevo proceso de activacion de los modulos	2025-02-20T12:24:11.4457510Z [36;1m    if [[ "$file_extension" == "$file" ]]; then[0m
job-core	Run # Nuevo proceso de activacion de los modulos	2025-02-20T12:24:11.4458804Z [36;1m      echo "III Comprobamos si $file_extension es igual a $file"[0m
job-core	Run # Nuevo proceso de activacion de los modulos	2025-02-20T12:24:11.4460293Z [36;1m      IFS=',' read -r -a module_array <<< "$modules"[0m
job-core	Run # Nuevo proceso de activacion de los modulos	2025-02-20T12:24:11.4461592Z [36;1m      for module in "${module_array[@]}"; do[0m
job-core	Run # Nuevo proceso de activacion de los modulos	2025-02-20T12:24:11.4462688Z [36;1m        echo "IV Leemos el array $module"[0m
job-core	Run # Nuevo proceso de activacion de los modulos	2025-02-20T12:24:11.4463793Z [36;1m        if [[ "$file_module" == *"$module"* ]]; then[0m
job-core	Run # Nuevo proceso de activacion de los modulos	2025-02-20T12:24:11.4465516Z [36;1m          echo "V Comprobamos que el $file_module es igual a $module y ejecutamos el flujo"[0m
job-core	Run # Nuevo proceso de activacion de los modulos	2025-02-20T12:24:11.4467724Z [36;1m          # Si hemos llegado hasta aquí ejecutamos el módulo[0m
job-core	Run # Nuevo proceso de activacion de los modulos	2025-02-20T12:24:11.4469033Z [36;1m          # Añadimos los valores a las variables de la issue[0m
job-core	Run # Nuevo proceso de activacion de los modulos	2025-02-20T12:24:11.4470828Z [36;1m          KAOS_ISSUE_BODY="[Ka0S] kaos has been initiated and Launch workflow $file_module to check file $line"[0m
job-core	Run # Nuevo proceso de activacion de los modulos	2025-02-20T12:24:11.4472539Z [36;1m          # Añadimos el comentario a la issue[0m
job-core	Run # Nuevo proceso de activacion de los modulos	2025-02-20T12:24:11.4474885Z [36;1m          #gh workflow run issue.yaml --ref refs/heads/H44-creación-módulo-versionado -f kaos-issue-body="$KAOS_ISSUE_BODY" -f kaos-issue-id= -f kaos-issue-actions=comment[0m
job-core	Run # Nuevo proceso de activacion de los modulos	2025-02-20T12:24:11.4477686Z [36;1m          # Lanzamos el lint del fichero[0m
job-core	Run # Nuevo proceso de activacion de los modulos	2025-02-20T12:24:11.4480007Z [36;1m          #gh workflow run $file_module --ref refs/heads/H44-creación-módulo-versionado -f kaos-origin=13435192474 -f kaos-files=$line -f kaos-issue-id= -f kaos-user-start=[0m
job-core	Run # Nuevo proceso de activacion de los modulos	2025-02-20T12:24:11.4482312Z [36;1m          module_failed=0[0m
job-core	Run # Nuevo proceso de activacion de los modulos	2025-02-20T12:24:11.4483245Z [36;1m          extension_failed=0[0m
job-core	Run # Nuevo proceso de activacion de los modulos	2025-02-20T12:24:11.4484164Z [36;1m          break[0m
job-core	Run # Nuevo proceso de activacion de los modulos	2025-02-20T12:24:11.4484967Z [36;1m        else[0m
job-core	Run # Nuevo proceso de activacion de los modulos	2025-02-20T12:24:11.4485965Z [36;1m          # Control de si existe el modulo para esa extension"[0m
job-core	Run # Nuevo proceso de activacion de los modulos	2025-02-20T12:24:11.4488115Z [36;1m          echo "VI No es igual $file_module a $module y lo indicamos en la variable module_failed=1"[0m
job-core	Run # Nuevo proceso de activacion de los modulos	2025-02-20T12:24:11.4489594Z [36;1m          module_failed=1[0m
job-core	Run # Nuevo proceso de activacion de los modulos	2025-02-20T12:24:11.4490487Z [36;1m        fi[0m
job-core	Run # Nuevo proceso de activacion de los modulos	2025-02-20T12:24:11.4491240Z [36;1m      done[0m
job-core	Run # Nuevo proceso de activacion de los modulos	2025-02-20T12:24:11.4491983Z [36;1m      break[0m
job-core	Run # Nuevo proceso de activacion de los modulos	2025-02-20T12:24:11.4492729Z [36;1m    else[0m
job-core	Run # Nuevo proceso de activacion de los modulos	2025-02-20T12:24:11.4493666Z [36;1m      # Control de si existe el modulo para esa extension"[0m
job-core	Run # Nuevo proceso de activacion de los modulos	2025-02-20T12:24:11.4495386Z [36;1m      echo "VII No es igual $file_extension a $file y lo indicamos en la variable extension_failed=1"[0m
job-core	Run # Nuevo proceso de activacion de los modulos	2025-02-20T12:24:11.4497171Z [36;1m      extension_failed=1[0m
job-core	Run # Nuevo proceso de activacion de los modulos	2025-02-20T12:24:11.4498304Z [36;1m    fi  [0m
job-core	Run # Nuevo proceso de activacion de los modulos	2025-02-20T12:24:11.4499027Z [36;1m  done[0m
job-core	Run # Nuevo proceso de activacion de los modulos	2025-02-20T12:24:11.4499815Z [36;1m  if [[ $module_failed == 1 ]]; then[0m
job-core	Run # Nuevo proceso de activacion de los modulos	2025-02-20T12:24:11.4501209Z [36;1m    echo "IX Si el modulo falla ($module_failed) añadimos el comentario a la issue"[0m
job-core	Run # Nuevo proceso de activacion de los modulos	2025-02-20T12:24:11.4503848Z [36;1m    # Si hemos llegado hasta aquí añadimos el mensaje de que la extension esta permitida pero no dispone de modulo activo y aqui finaliza el proceso[0m
job-core	Run # Nuevo proceso de activacion de los modulos	2025-02-20T12:24:11.4506033Z [36;1m    # Añadimos los valores a las variables de la issue[0m
job-core	Run # Nuevo proceso de activacion de los modulos	2025-02-20T12:24:11.4509541Z [36;1m    KAOS_ISSUE_BODY="[Ka0S] kaos ha detectado que la extensión ($file_extension) esta permitida dentro de KAOS_CORE_FILES, pero el módulo asociado ($file_module) no esta activo. Por favor compruebe que exista y esta activo."[0m
job-core	Run # Nuevo proceso de activacion de los modulos	2025-02-20T12:24:11.4512341Z [36;1m    # Añadimos el comentario a la issue[0m
job-core	Run # Nuevo proceso de activacion de los modulos	2025-02-20T12:24:11.4515174Z [36;1m    #gh workflow run issue.yaml --ref refs/heads/H44-creación-módulo-versionado -f kaos-issue-body="$KAOS_ISSUE_BODY" -f kaos-issue-id= -f kaos-issue-actions=comment[0m
job-core	Run # Nuevo proceso de activacion de los modulos	2025-02-20T12:24:11.4517960Z [36;1m  fi[0m
job-core	Run # Nuevo proceso de activacion de los modulos	2025-02-20T12:24:11.4518785Z [36;1m  if [[ $extension_failed == 1 ]]; then[0m
job-core	Run # Nuevo proceso de activacion de los modulos	2025-02-20T12:24:11.4520339Z [36;1m    echo "X Si extension falla falla ($extension_failed) añadimos el comentario a la issue"[0m
job-core	Run # Nuevo proceso de activacion de los modulos	2025-02-20T12:24:11.4522317Z [36;1m    # Si hemos llegado hasta aquí añadimos el mensaje de que la extension no esta permitida[0m
job-core	Run # Nuevo proceso de activacion de los modulos	2025-02-20T12:24:11.4533590Z [36;1m    # Añadimos los valores a las variables de la issue[0m
job-core	Run # Nuevo proceso de activacion de los modulos	2025-02-20T12:24:11.4536044Z [36;1m    KAOS_ISSUE_BODY="[Ka0S] kaos ha detectado que la extensión ($file_extension) NO esta permitida dentro de KAOS_CORE_FILES. Por favor compruebe que exista y esta activo."[0m
job-core	Run # Nuevo proceso de activacion de los modulos	2025-02-20T12:24:11.4538863Z [36;1m    # Añadimos el comentario a la issue[0m
job-core	Run # Nuevo proceso de activacion de los modulos	2025-02-20T12:24:11.4541181Z [36;1m    #gh workflow run issue.yaml --ref refs/heads/H44-creación-módulo-versionado -f kaos-issue-body="$KAOS_ISSUE_BODY" -f kaos-issue-id= -f kaos-issue-actions=comment[0m
job-core	Run # Nuevo proceso de activacion de los modulos	2025-02-20T12:24:11.4543687Z [36;1m  fi  [0m
job-core	Run # Nuevo proceso de activacion de los modulos	2025-02-20T12:24:11.4544455Z [36;1mdone < $GITHUB_OUTPUT       [0m
job-core	Run # Nuevo proceso de activacion de los modulos	2025-02-20T12:24:11.4552402Z shell: /usr/bin/bash -e {0}
job-core	Run # Nuevo proceso de activacion de los modulos	2025-02-20T12:24:11.4553249Z env:
job-core	Run # Nuevo proceso de activacion de los modulos	2025-02-20T12:24:11.4553932Z   KAOS_CODE: 13435192474
job-core	Run # Nuevo proceso de activacion de los modulos	2025-02-20T12:24:11.4554749Z   KAOS_EVENT_NAME: push
job-core	Run # Nuevo proceso de activacion de los modulos	2025-02-20T12:24:11.4555531Z   KAOS_ACTION: 
job-core	Run # Nuevo proceso de activacion de los modulos	2025-02-20T12:24:11.4556402Z   KAOS_REF: refs/heads/H44-creación-módulo-versionado
job-core	Run # Nuevo proceso de activacion de los modulos	2025-02-20T12:24:11.4557823Z   KAOS_MODULE: [Ka0S] kaos
job-core	Run # Nuevo proceso de activacion de los modulos	2025-02-20T12:24:11.4558683Z   KAOS_PATH_RESUME: core/results/
job-core	Run # Nuevo proceso de activacion de los modulos	2025-02-20T12:24:11.4559614Z   KAOS_JSON: core/results/event_data
job-core	Run # Nuevo proceso de activacion de los modulos	2025-02-20T12:24:11.4560530Z   GITHUB_OUTPUT: 
job-core	Run # Nuevo proceso de activacion de los modulos	2025-02-20T12:24:11.4561422Z   GITHUB_REF: refs/heads/H44-creación-módulo-versionado
job-core	Run # Nuevo proceso de activacion de los modulos	2025-02-20T12:24:11.4562725Z   modules: ***
job-core	Run # Nuevo proceso de activacion de los modulos	2025-02-20T12:24:11.4563483Z   files: ***
job-core	Run # Nuevo proceso de activacion de los modulos	2025-02-20T12:24:11.4564192Z ##[endgroup]
job-core	Post Checkout code	2025-02-20T12:24:11.4751021Z Post job cleanup.
job-core	Post Checkout code	2025-02-20T12:24:11.5771538Z [command]/usr/bin/git version
job-core	Post Checkout code	2025-02-20T12:24:11.5810410Z git version 2.25.1
job-core	Post Checkout code	2025-02-20T12:24:11.5850767Z Copying '/home/kaos/.gitconfig' to '/actions-runner/_work/_temp/39c0da96-b6fc-4d6f-b6c9-1b3fb27e0c56/.gitconfig'
job-core	Post Checkout code	2025-02-20T12:24:11.5863775Z Temporarily overriding HOME='/actions-runner/_work/_temp/39c0da96-b6fc-4d6f-b6c9-1b3fb27e0c56' before making global git config changes
job-core	Post Checkout code	2025-02-20T12:24:11.5866534Z Adding repository directory to the temporary git global config as a safe directory
job-core	Post Checkout code	2025-02-20T12:24:11.5869308Z [command]/usr/bin/git config --global --add safe.directory /actions-runner/_work/ka0s/ka0s
job-core	Post Checkout code	2025-02-20T12:24:11.5918645Z [command]/usr/bin/git config --local --name-only --get-regexp core\.sshCommand
job-core	Post Checkout code	2025-02-20T12:24:11.5960139Z [command]/usr/bin/git submodule foreach --recursive sh -c "git config --local --name-only --get-regexp 'core\.sshCommand' && git config --local --unset-all 'core.sshCommand' || :"
job-core	Post Checkout code	2025-02-20T12:24:11.6273414Z [command]/usr/bin/git config --local --name-only --get-regexp http\.https\:\/\/github\.com\/\.extraheader
job-core	Post Checkout code	2025-02-20T12:24:11.6298652Z http.https://github.com/.extraheader
job-core	Post Checkout code	2025-02-20T12:24:11.6313612Z [command]/usr/bin/git config --local --unset-all http.https://github.com/.extraheader
job-core	Post Checkout code	2025-02-20T12:24:11.6357619Z [command]/usr/bin/git submodule foreach --recursive sh -c "git config --local --name-only --get-regexp 'http\.https\:\/\/github\.com\/\.extraheader' && git config --local --unset-all 'http.https://github.com/.extraheader' || :"
job-core	Complete job	2025-02-20T12:24:11.6823656Z Cleaning up orphan processes
handle-success	Set up job	2025-02-20T12:24:24.0138143Z Current runner version: '2.322.0'
handle-success	Set up job	2025-02-20T12:24:24.0145033Z Runner name: 'ka0s-1'
handle-success	Set up job	2025-02-20T12:24:24.0145732Z Runner group name: 'ka0s'
handle-success	Set up job	2025-02-20T12:24:24.0146587Z Machine name: '5613a8be5fd6'
handle-success	Set up job	2025-02-20T12:24:24.0149782Z ##[group]GITHUB_TOKEN Permissions
handle-success	Set up job	2025-02-20T12:24:24.0151965Z Contents: read
handle-success	Set up job	2025-02-20T12:24:24.0152498Z Metadata: read
handle-success	Set up job	2025-02-20T12:24:24.0152974Z Packages: read
handle-success	Set up job	2025-02-20T12:24:24.0153442Z ##[endgroup]
handle-success	Set up job	2025-02-20T12:24:24.0155616Z Secret source: Actions
handle-success	Set up job	2025-02-20T12:24:24.0156275Z Prepare workflow directory
handle-success	Set up job	2025-02-20T12:24:24.0743688Z Prepare all required actions
handle-success	Set up job	2025-02-20T12:24:24.0798841Z Complete job name: handle-success
handle-success	handle-success-execution	2025-02-20T12:24:24.1308946Z ##[group]Run # Si todo ha ido correcto añadimos el contenido del fichero 
handle-success	handle-success-execution	2025-02-20T12:24:24.1310311Z [36;1m# Si todo ha ido correcto añadimos el contenido del fichero [0m
handle-success	handle-success-execution	2025-02-20T12:24:24.1311168Z [36;1mecho "Todo ha ido bien"[0m
handle-success	handle-success-execution	2025-02-20T12:24:24.1332419Z shell: /usr/bin/bash -e {0}
handle-success	handle-success-execution	2025-02-20T12:24:24.1333482Z env:
handle-success	handle-success-execution	2025-02-20T12:24:24.1334022Z   KAOS_CODE: 13435192474
handle-success	handle-success-execution	2025-02-20T12:24:24.1334553Z   KAOS_EVENT_NAME: push
handle-success	handle-success-execution	2025-02-20T12:24:24.1335065Z   KAOS_ACTION: 
handle-success	handle-success-execution	2025-02-20T12:24:24.1335631Z   KAOS_REF: refs/heads/H44-creación-módulo-versionado
handle-success	handle-success-execution	2025-02-20T12:24:24.1336325Z   KAOS_MODULE: [Ka0S] kaos
handle-success	handle-success-execution	2025-02-20T12:24:24.1337302Z   KAOS_PATH_RESUME: core/results/
handle-success	handle-success-execution	2025-02-20T12:24:24.1338019Z   KAOS_JSON: core/results/event_data
handle-success	handle-success-execution	2025-02-20T12:24:24.1338604Z ##[endgroup]
handle-success	handle-success-execution	2025-02-20T12:24:24.1502076Z Todo ha ido bien
handle-success	Complete job	2025-02-20T12:24:24.1606736Z Cleaning up orphan processes
end-workflow	Set up job	2025-02-20T12:24:35.7362520Z Current runner version: '2.322.0'
end-workflow	Set up job	2025-02-20T12:24:35.7370606Z Runner name: 'ka0s-1'
end-workflow	Set up job	2025-02-20T12:24:35.7371320Z Runner group name: 'ka0s'
end-workflow	Set up job	2025-02-20T12:24:35.7372172Z Machine name: '5613a8be5fd6'
end-workflow	Set up job	2025-02-20T12:24:35.7375115Z ##[group]GITHUB_TOKEN Permissions
end-workflow	Set up job	2025-02-20T12:24:35.7378498Z Contents: read
end-workflow	Set up job	2025-02-20T12:24:35.7379175Z Metadata: read
end-workflow	Set up job	2025-02-20T12:24:35.7379671Z Packages: read
end-workflow	Set up job	2025-02-20T12:24:35.7380161Z ##[endgroup]
end-workflow	Set up job	2025-02-20T12:24:35.7382340Z Secret source: Actions
end-workflow	Set up job	2025-02-20T12:24:35.7383033Z Prepare workflow directory
end-workflow	Set up job	2025-02-20T12:24:35.7913278Z Prepare all required actions
end-workflow	Set up job	2025-02-20T12:24:35.7949919Z Getting action download info
end-workflow	Set up job	2025-02-20T12:24:36.0310487Z Download action repository 'actions/checkout@v4' (SHA:11bd71901bbe5b1630ceea73d27597364c9af683)
end-workflow	Set up job	2025-02-20T12:24:36.7930687Z Complete job name: end-workflow
end-workflow	Checkout code	2025-02-20T12:24:36.8532129Z ##[group]Run actions/checkout@v4
end-workflow	Checkout code	2025-02-20T12:24:36.8533209Z with:
end-workflow	Checkout code	2025-02-20T12:24:36.8533711Z   fetch-depth: 0
end-workflow	Checkout code	2025-02-20T12:24:36.8534508Z   token: ***
end-workflow	Checkout code	2025-02-20T12:24:36.8535086Z   repository: Ka0s-Klaus/ka0s
end-workflow	Checkout code	2025-02-20T12:24:36.8535662Z   ssh-strict: true
end-workflow	Checkout code	2025-02-20T12:24:36.8536157Z   ssh-user: git
end-workflow	Checkout code	2025-02-20T12:24:36.8537048Z   persist-credentials: true
end-workflow	Checkout code	2025-02-20T12:24:36.8538039Z   clean: true
end-workflow	Checkout code	2025-02-20T12:24:36.8538674Z   sparse-checkout-cone-mode: true
end-workflow	Checkout code	2025-02-20T12:24:36.8539445Z   fetch-tags: false
end-workflow	Checkout code	2025-02-20T12:24:36.8539984Z   show-progress: true
end-workflow	Checkout code	2025-02-20T12:24:36.8540634Z   lfs: false
end-workflow	Checkout code	2025-02-20T12:24:36.8541117Z   submodules: false
end-workflow	Checkout code	2025-02-20T12:24:36.8541643Z   set-safe-directory: true
end-workflow	Checkout code	2025-02-20T12:24:36.8542582Z env:
end-workflow	Checkout code	2025-02-20T12:24:36.8543066Z   KAOS_CODE: 13435192474
end-workflow	Checkout code	2025-02-20T12:24:36.8543617Z   KAOS_EVENT_NAME: push
end-workflow	Checkout code	2025-02-20T12:24:36.8544136Z   KAOS_ACTION: 
end-workflow	Checkout code	2025-02-20T12:24:36.8544729Z   KAOS_REF: refs/heads/H44-creación-módulo-versionado
end-workflow	Checkout code	2025-02-20T12:24:36.8545438Z   KAOS_MODULE: [Ka0S] kaos
end-workflow	Checkout code	2025-02-20T12:24:36.8546067Z   KAOS_PATH_RESUME: core/results/
end-workflow	Checkout code	2025-02-20T12:24:36.8546752Z   KAOS_JSON: core/results/event_data
end-workflow	Checkout code	2025-02-20T12:24:36.8548100Z   GH_TOKEN: ***
end-workflow	Checkout code	2025-02-20T12:24:36.8548590Z ##[endgroup]
end-workflow	Checkout code	2025-02-20T12:24:36.9854866Z Syncing repository: Ka0s-Klaus/ka0s
end-workflow	Checkout code	2025-02-20T12:24:36.9857475Z ##[group]Getting Git version info
end-workflow	Checkout code	2025-02-20T12:24:36.9858427Z Working directory is '/actions-runner/_work/ka0s/ka0s'
end-workflow	Checkout code	2025-02-20T12:24:36.9859596Z [command]/usr/bin/git version
end-workflow	Checkout code	2025-02-20T12:24:36.9860199Z git version 2.25.1
end-workflow	Checkout code	2025-02-20T12:24:36.9872297Z ##[endgroup]
end-workflow	Checkout code	2025-02-20T12:24:36.9890345Z Copying '/home/kaos/.gitconfig' to '/actions-runner/_work/_temp/592e50b1-3688-49e8-8fc0-09e6c3cc631c/.gitconfig'
end-workflow	Checkout code	2025-02-20T12:24:36.9902126Z Temporarily overriding HOME='/actions-runner/_work/_temp/592e50b1-3688-49e8-8fc0-09e6c3cc631c' before making global git config changes
end-workflow	Checkout code	2025-02-20T12:24:36.9906761Z Adding repository directory to the temporary git global config as a safe directory
end-workflow	Checkout code	2025-02-20T12:24:36.9908379Z [command]/usr/bin/git config --global --add safe.directory /actions-runner/_work/ka0s/ka0s
end-workflow	Checkout code	2025-02-20T12:24:36.9955722Z [command]/usr/bin/git config --local --get remote.origin.url
end-workflow	Checkout code	2025-02-20T12:24:36.9982204Z https://github.com/Ka0s-Klaus/ka0s
end-workflow	Checkout code	2025-02-20T12:24:37.0001339Z ##[group]Removing previously created refs, to avoid conflicts
end-workflow	Checkout code	2025-02-20T12:24:37.0006514Z [command]/usr/bin/git rev-parse --symbolic-full-name --verify --quiet HEAD
end-workflow	Checkout code	2025-02-20T12:24:37.0036115Z refs/heads/H44-creación-módulo-versionado
end-workflow	Checkout code	2025-02-20T12:24:37.0046161Z [command]/usr/bin/git checkout --detach
end-workflow	Checkout code	2025-02-20T12:24:37.0115999Z HEAD is now at f211759 [Ka0S] Uploading resume execution files to the repository...
end-workflow	Checkout code	2025-02-20T12:24:37.0170101Z [command]/usr/bin/git branch --delete --force H44-creación-módulo-versionado
end-workflow	Checkout code	2025-02-20T12:24:37.0209005Z Deleted branch H44-creación-módulo-versionado (was f211759).
end-workflow	Checkout code	2025-02-20T12:24:37.0335359Z ##[endgroup]
end-workflow	Checkout code	2025-02-20T12:24:37.0339949Z [command]/usr/bin/git submodule status
end-workflow	Checkout code	2025-02-20T12:24:37.0646387Z ##[group]Cleaning the repository
end-workflow	Checkout code	2025-02-20T12:24:37.0681122Z [command]/usr/bin/git clean -ffdx
end-workflow	Checkout code	2025-02-20T12:24:37.0681992Z Removing core/results/commit-summary-.txt
end-workflow	Checkout code	2025-02-20T12:24:37.0683528Z Removing core/results/files-in-commit-.txt
end-workflow	Checkout code	2025-02-20T12:24:37.0692982Z [command]/usr/bin/git reset --hard HEAD
end-workflow	Checkout code	2025-02-20T12:24:37.0772719Z HEAD is now at f211759 [Ka0S] Uploading resume execution files to the repository...
end-workflow	Checkout code	2025-02-20T12:24:37.0775177Z ##[endgroup]
end-workflow	Checkout code	2025-02-20T12:24:37.0776063Z ##[group]Disabling automatic garbage collection
end-workflow	Checkout code	2025-02-20T12:24:37.0777061Z [command]/usr/bin/git config --local gc.auto 0
end-workflow	Checkout code	2025-02-20T12:24:37.0816393Z ##[endgroup]
end-workflow	Checkout code	2025-02-20T12:24:37.0817721Z ##[group]Setting up auth
end-workflow	Checkout code	2025-02-20T12:24:37.0820929Z [command]/usr/bin/git config --local --name-only --get-regexp core\.sshCommand
end-workflow	Checkout code	2025-02-20T12:24:37.0867921Z [command]/usr/bin/git submodule foreach --recursive sh -c "git config --local --name-only --get-regexp 'core\.sshCommand' && git config --local --unset-all 'core.sshCommand' || :"
end-workflow	Checkout code	2025-02-20T12:24:37.1201760Z [command]/usr/bin/git config --local --name-only --get-regexp http\.https\:\/\/github\.com\/\.extraheader
end-workflow	Checkout code	2025-02-20T12:24:37.1238386Z [command]/usr/bin/git submodule foreach --recursive sh -c "git config --local --name-only --get-regexp 'http\.https\:\/\/github\.com\/\.extraheader' && git config --local --unset-all 'http.https://github.com/.extraheader' || :"
end-workflow	Checkout code	2025-02-20T12:24:37.1591330Z [command]/usr/bin/git config --local http.https://github.com/.extraheader AUTHORIZATION: basic ***
end-workflow	Checkout code	2025-02-20T12:24:37.1634095Z ##[endgroup]
end-workflow	Checkout code	2025-02-20T12:24:37.1636566Z ##[group]Fetching the repository
end-workflow	Checkout code	2025-02-20T12:24:37.1644086Z [command]/usr/bin/git -c protocol.version=2 fetch --prune --no-recurse-submodules origin +refs/heads/*:refs/remotes/origin/* +refs/tags/*:refs/tags/*
end-workflow	Checkout code	2025-02-20T12:24:37.6926939Z [command]/usr/bin/git branch --list --remote origin/H44-creación-módulo-versionado
end-workflow	Checkout code	2025-02-20T12:24:37.6987098Z   origin/H44-creación-módulo-versionado
end-workflow	Checkout code	2025-02-20T12:24:37.6997025Z [command]/usr/bin/git rev-parse refs/remotes/origin/H44-creación-módulo-versionado
end-workflow	Checkout code	2025-02-20T12:24:37.7059602Z f211759595491ba2c31040bab85d288056ca4b29
end-workflow	Checkout code	2025-02-20T12:24:37.7084548Z [command]/usr/bin/git -c protocol.version=2 fetch --no-tags --prune --no-recurse-submodules origin +56a9a7acbedff08b1c923345505505983512ee80:refs/remotes/origin/H44-creación-módulo-versionado
end-workflow	Checkout code	2025-02-20T12:24:37.7381744Z From https://github.com/Ka0s-Klaus/ka0s
end-workflow	Checkout code	2025-02-20T12:24:37.7384830Z  + f211759...56a9a7a 56a9a7acbedff08b1c923345505505983512ee80 -> origin/H44-creación-módulo-versionado  (forced update)
end-workflow	Checkout code	2025-02-20T12:24:37.7406907Z ##[endgroup]
end-workflow	Checkout code	2025-02-20T12:24:37.7408721Z ##[group]Determining the checkout info
end-workflow	Checkout code	2025-02-20T12:24:37.7410508Z ##[endgroup]
end-workflow	Checkout code	2025-02-20T12:24:37.7412308Z ##[group]Checking out the ref
end-workflow	Checkout code	2025-02-20T12:24:37.7415302Z [command]/usr/bin/git checkout --progress --force -B H44-creación-módulo-versionado refs/remotes/origin/H44-creación-módulo-versionado
end-workflow	Checkout code	2025-02-20T12:24:37.7558435Z Warning: you are leaving 1 commit behind, not connected to
end-workflow	Checkout code	2025-02-20T12:24:37.7560286Z any of your branches:
end-workflow	Checkout code	2025-02-20T12:24:37.7560927Z 
end-workflow	Checkout code	2025-02-20T12:24:37.7561859Z   f211759 [Ka0S] Uploading resume execution files to the repository...
end-workflow	Checkout code	2025-02-20T12:24:37.7563246Z 
end-workflow	Checkout code	2025-02-20T12:24:37.7564362Z If you want to keep it by creating a new branch, this may be a good time
end-workflow	Checkout code	2025-02-20T12:24:37.7566206Z to do so with:
end-workflow	Checkout code	2025-02-20T12:24:37.7567204Z 
end-workflow	Checkout code	2025-02-20T12:24:37.7567876Z  git branch <new-branch-name> f211759
end-workflow	Checkout code	2025-02-20T12:24:37.7568806Z 
end-workflow	Checkout code	2025-02-20T12:24:37.7569905Z Switched to a new branch 'H44-creación-módulo-versionado'
end-workflow	Checkout code	2025-02-20T12:24:37.7573266Z Branch 'H44-creación-módulo-versionado' set up to track remote branch 'H44-creación-módulo-versionado' from 'origin'.
end-workflow	Checkout code	2025-02-20T12:24:37.7578592Z ##[endgroup]
end-workflow	Checkout code	2025-02-20T12:24:37.7615590Z [command]/usr/bin/git log -1 --format=%H
end-workflow	Checkout code	2025-02-20T12:24:37.7646525Z 56a9a7acbedff08b1c923345505505983512ee80
end-workflow	Finaliza el workflow	2025-02-20T12:24:37.7894102Z ##[group]Run echo "End process"
end-workflow	Finaliza el workflow	2025-02-20T12:24:37.7895325Z [36;1mecho "End process"[0m
end-workflow	Finaliza el workflow	2025-02-20T12:24:37.7897839Z [36;1mgh workflow run inspector.yml --ref 'main' -f kaos-issue-id="" -f kaos-workflow-id="13435192474" -f kaos-user-start=""[0m
end-workflow	Finaliza el workflow	2025-02-20T12:24:37.7910158Z shell: /usr/bin/bash -e {0}
end-workflow	Finaliza el workflow	2025-02-20T12:24:37.7911159Z env:
end-workflow	Finaliza el workflow	2025-02-20T12:24:37.7911912Z   KAOS_CODE: 13435192474
end-workflow	Finaliza el workflow	2025-02-20T12:24:37.7912846Z   KAOS_EVENT_NAME: push
end-workflow	Finaliza el workflow	2025-02-20T12:24:37.7913755Z   KAOS_ACTION: 
end-workflow	Finaliza el workflow	2025-02-20T12:24:37.7914757Z   KAOS_REF: refs/heads/H44-creación-módulo-versionado
end-workflow	Finaliza el workflow	2025-02-20T12:24:37.7916024Z   KAOS_MODULE: [Ka0S] kaos
end-workflow	Finaliza el workflow	2025-02-20T12:24:37.7917375Z   KAOS_PATH_RESUME: core/results/
end-workflow	Finaliza el workflow	2025-02-20T12:24:37.7918473Z   KAOS_JSON: core/results/event_data
end-workflow	Finaliza el workflow	2025-02-20T12:24:37.7920071Z   GH_TOKEN: ***
end-workflow	Finaliza el workflow	2025-02-20T12:24:37.7920884Z ##[endgroup]
end-workflow	Finaliza el workflow	2025-02-20T12:24:37.7987886Z End process
end-workflow	Post Checkout code	2025-02-20T12:24:38.4088142Z Post job cleanup.
end-workflow	Post Checkout code	2025-02-20T12:24:38.5176755Z [command]/usr/bin/git version
end-workflow	Post Checkout code	2025-02-20T12:24:38.5226035Z git version 2.25.1
end-workflow	Post Checkout code	2025-02-20T12:24:38.5268969Z Copying '/home/kaos/.gitconfig' to '/actions-runner/_work/_temp/faa0fac9-f08e-47e2-a90f-8c99b3c2d3da/.gitconfig'
end-workflow	Post Checkout code	2025-02-20T12:24:38.5282433Z Temporarily overriding HOME='/actions-runner/_work/_temp/faa0fac9-f08e-47e2-a90f-8c99b3c2d3da' before making global git config changes
end-workflow	Post Checkout code	2025-02-20T12:24:38.5290705Z Adding repository directory to the temporary git global config as a safe directory
end-workflow	Post Checkout code	2025-02-20T12:24:38.5293504Z [command]/usr/bin/git config --global --add safe.directory /actions-runner/_work/ka0s/ka0s
end-workflow	Post Checkout code	2025-02-20T12:24:38.5335395Z [command]/usr/bin/git config --local --name-only --get-regexp core\.sshCommand
end-workflow	Post Checkout code	2025-02-20T12:24:38.5392450Z [command]/usr/bin/git submodule foreach --recursive sh -c "git config --local --name-only --get-regexp 'core\.sshCommand' && git config --local --unset-all 'core.sshCommand' || :"
end-workflow	Post Checkout code	2025-02-20T12:24:38.5709855Z [command]/usr/bin/git config --local --name-only --get-regexp http\.https\:\/\/github\.com\/\.extraheader
end-workflow	Post Checkout code	2025-02-20T12:24:38.5738343Z http.https://github.com/.extraheader
end-workflow	Post Checkout code	2025-02-20T12:24:38.5751673Z [command]/usr/bin/git config --local --unset-all http.https://github.com/.extraheader
end-workflow	Post Checkout code	2025-02-20T12:24:38.5796188Z [command]/usr/bin/git submodule foreach --recursive sh -c "git config --local --name-only --get-regexp 'http\.https\:\/\/github\.com\/\.extraheader' && git config --local --unset-all 'http.https://github.com/.extraheader' || :"
end-workflow	Complete job	2025-02-20T12:24:38.6327835Z Cleaning up orphan processes
