job-core	Set up job	2025-02-24T15:27:14.9666920Z Current runner version: '2.322.0'
job-core	Set up job	2025-02-24T15:27:14.9678301Z Runner name: '0b6455becd08'
job-core	Set up job	2025-02-24T15:27:14.9679812Z Runner group name: 'version'
job-core	Set up job	2025-02-24T15:27:14.9681252Z Machine name: '0b6455becd08'
job-core	Set up job	2025-02-24T15:27:14.9685960Z ##[group]GITHUB_TOKEN Permissions
job-core	Set up job	2025-02-24T15:27:14.9689993Z Actions: write
job-core	Set up job	2025-02-24T15:27:14.9690988Z Contents: write
job-core	Set up job	2025-02-24T15:27:14.9691925Z Issues: write
job-core	Set up job	2025-02-24T15:27:14.9692840Z Metadata: read
job-core	Set up job	2025-02-24T15:27:14.9693752Z ##[endgroup]
job-core	Set up job	2025-02-24T15:27:14.9696435Z Secret source: Actions
job-core	Set up job	2025-02-24T15:27:14.9698158Z Prepare workflow directory
job-core	Set up job	2025-02-24T15:27:15.0262787Z Prepare all required actions
job-core	Set up job	2025-02-24T15:27:15.0302137Z Getting action download info
job-core	Set up job	2025-02-24T15:27:15.3037253Z Download action repository 'actions/checkout@v4' (SHA:11bd71901bbe5b1630ceea73d27597364c9af683)
job-core	Set up job	2025-02-24T15:27:16.1467816Z Complete job name: job-core
job-core	Checkout code	2025-02-24T15:27:16.2121493Z ##[group]Run actions/checkout@v4
job-core	Checkout code	2025-02-24T15:27:16.2122826Z with:
job-core	Checkout code	2025-02-24T15:27:16.2123574Z   fetch-depth: 0
job-core	Checkout code	2025-02-24T15:27:16.2124786Z   token: ***
job-core	Checkout code	2025-02-24T15:27:16.2125573Z   repository: Ka0s-Klaus/ka0s
job-core	Checkout code	2025-02-24T15:27:16.2126492Z   ssh-strict: true
job-core	Checkout code	2025-02-24T15:27:16.2127686Z   ssh-user: git
job-core	Checkout code	2025-02-24T15:27:16.2128485Z   persist-credentials: true
job-core	Checkout code	2025-02-24T15:27:16.2129361Z   clean: true
job-core	Checkout code	2025-02-24T15:27:16.2130160Z   sparse-checkout-cone-mode: true
job-core	Checkout code	2025-02-24T15:27:16.2131125Z   fetch-tags: false
job-core	Checkout code	2025-02-24T15:27:16.2131935Z   show-progress: true
job-core	Checkout code	2025-02-24T15:27:16.2132738Z   lfs: false
job-core	Checkout code	2025-02-24T15:27:16.2133480Z   submodules: false
job-core	Checkout code	2025-02-24T15:27:16.2134288Z   set-safe-directory: true
job-core	Checkout code	2025-02-24T15:27:16.2135409Z env:
job-core	Checkout code	2025-02-24T15:27:16.2136147Z   KAOS_MODULE: [Ka0S] VERSION
job-core	Checkout code	2025-02-24T15:27:16.2137428Z   GH_TOKEN: ***
job-core	Checkout code	2025-02-24T15:27:16.2138225Z   PATH_RESUME: core/config/
job-core	Checkout code	2025-02-24T15:27:16.2139193Z   KAOS_REPO: /actions-runner/_work/kaos/kaos
job-core	Checkout code	2025-02-24T15:27:16.2140240Z   KAOS_STEP_MODULE: 
job-core	Checkout code	2025-02-24T15:27:16.2141095Z   KAOS_CODE: 13501614789
job-core	Checkout code	2025-02-24T15:27:16.2141926Z   KAOS_VERSION: 
job-core	Checkout code	2025-02-24T15:27:16.2142689Z   KAOS_RELEASE: 
job-core	Checkout code	2025-02-24T15:27:16.2143493Z   KAOS_REPOSITORY: Ka0s-Klaus/ka0s
job-core	Checkout code	2025-02-24T15:27:16.2144479Z   KAOS_REF: refs/pull/196/merge
job-core	Checkout code	2025-02-24T15:27:16.2145381Z   KAOS_FILES: 
job-core	Checkout code	2025-02-24T15:27:16.2146117Z ##[endgroup]
job-core	Checkout code	2025-02-24T15:27:16.3323024Z Syncing repository: Ka0s-Klaus/ka0s
job-core	Checkout code	2025-02-24T15:27:16.3325745Z ##[group]Getting Git version info
job-core	Checkout code	2025-02-24T15:27:16.3327479Z Working directory is '/actions-runner/_work/ka0s/ka0s'
job-core	Checkout code	2025-02-24T15:27:16.3329379Z [command]/usr/bin/git version
job-core	Checkout code	2025-02-24T15:27:16.3330300Z git version 2.47.1
job-core	Checkout code	2025-02-24T15:27:16.3344231Z ##[endgroup]
job-core	Checkout code	2025-02-24T15:27:16.3365226Z Copying '/home/kaos/.gitconfig' to '/actions-runner/_work/_temp/bf3a1a5a-cf2c-493f-b9fa-7f6fca0dac3c/.gitconfig'
job-core	Checkout code	2025-02-24T15:27:16.3379175Z Temporarily overriding HOME='/actions-runner/_work/_temp/bf3a1a5a-cf2c-493f-b9fa-7f6fca0dac3c' before making global git config changes
job-core	Checkout code	2025-02-24T15:27:16.3382449Z Adding repository directory to the temporary git global config as a safe directory
job-core	Checkout code	2025-02-24T15:27:16.3385031Z [command]/usr/bin/git config --global --add safe.directory /actions-runner/_work/ka0s/ka0s
job-core	Checkout code	2025-02-24T15:27:16.3427180Z [command]/usr/bin/git config --local --get remote.origin.url
job-core	Checkout code	2025-02-24T15:27:16.3449198Z https://github.com/Ka0s-Klaus/ka0s
job-core	Checkout code	2025-02-24T15:27:16.3470281Z ##[group]Removing previously created refs, to avoid conflicts
job-core	Checkout code	2025-02-24T15:27:16.3474057Z [command]/usr/bin/git rev-parse --symbolic-full-name --verify --quiet HEAD
job-core	Checkout code	2025-02-24T15:27:16.3497671Z HEAD
job-core	Checkout code	2025-02-24T15:27:16.3545717Z ##[endgroup]
job-core	Checkout code	2025-02-24T15:27:16.3547031Z [command]/usr/bin/git submodule status
job-core	Checkout code	2025-02-24T15:27:16.3802197Z ##[group]Cleaning the repository
job-core	Checkout code	2025-02-24T15:27:16.3804149Z [command]/usr/bin/git clean -ffdx
job-core	Checkout code	2025-02-24T15:27:16.3846977Z [command]/usr/bin/git reset --hard HEAD
job-core	Checkout code	2025-02-24T15:27:16.3924101Z HEAD is now at 943d073 [Ka0S] VERSION  Upload: CHANGELOG.md, INDEX.md with version 0.0.4
job-core	Checkout code	2025-02-24T15:27:16.3929025Z ##[endgroup]
job-core	Checkout code	2025-02-24T15:27:16.3930603Z ##[group]Disabling automatic garbage collection
job-core	Checkout code	2025-02-24T15:27:16.3936804Z [command]/usr/bin/git config --local gc.auto 0
job-core	Checkout code	2025-02-24T15:27:16.3969704Z ##[endgroup]
job-core	Checkout code	2025-02-24T15:27:16.3971094Z ##[group]Setting up auth
job-core	Checkout code	2025-02-24T15:27:16.3976590Z [command]/usr/bin/git config --local --name-only --get-regexp core\.sshCommand
job-core	Checkout code	2025-02-24T15:27:16.4020421Z [command]/usr/bin/git submodule foreach --recursive sh -c "git config --local --name-only --get-regexp 'core\.sshCommand' && git config --local --unset-all 'core.sshCommand' || :"
job-core	Checkout code	2025-02-24T15:27:16.4279833Z [command]/usr/bin/git config --local --name-only --get-regexp http\.https\:\/\/github\.com\/\.extraheader
job-core	Checkout code	2025-02-24T15:27:16.4312394Z [command]/usr/bin/git submodule foreach --recursive sh -c "git config --local --name-only --get-regexp 'http\.https\:\/\/github\.com\/\.extraheader' && git config --local --unset-all 'http.https://github.com/.extraheader' || :"
job-core	Checkout code	2025-02-24T15:27:16.4568534Z [command]/usr/bin/git config --local http.https://github.com/.extraheader AUTHORIZATION: basic ***
job-core	Checkout code	2025-02-24T15:27:16.4611665Z ##[endgroup]
job-core	Checkout code	2025-02-24T15:27:16.4613177Z ##[group]Fetching the repository
job-core	Checkout code	2025-02-24T15:27:16.4621073Z [command]/usr/bin/git -c protocol.version=2 fetch --prune --no-recurse-submodules origin +refs/heads/*:refs/remotes/origin/* +refs/tags/*:refs/tags/* +f1724ef6922acde1ad7406c5a931220af5f839a7:refs/remotes/pull/196/merge
job-core	Checkout code	2025-02-24T15:27:16.9821508Z From https://github.com/Ka0s-Klaus/ka0s
job-core	Checkout code	2025-02-24T15:27:16.9825813Z  - [deleted]         (none)                                   -> 0.0.4
job-core	Checkout code	2025-02-24T15:27:17.2869869Z    292770a..4111d48  main                                     -> origin/main
job-core	Checkout code	2025-02-24T15:27:17.2873375Z  * [new ref]         f1724ef6922acde1ad7406c5a931220af5f839a7 -> pull/196/merge
job-core	Checkout code	2025-02-24T15:27:17.2936900Z ##[endgroup]
job-core	Checkout code	2025-02-24T15:27:17.2938584Z ##[group]Determining the checkout info
job-core	Checkout code	2025-02-24T15:27:17.2940349Z ##[endgroup]
job-core	Checkout code	2025-02-24T15:27:17.2943567Z [command]/usr/bin/git sparse-checkout disable
job-core	Checkout code	2025-02-24T15:27:17.2995164Z [command]/usr/bin/git config --local --unset-all extensions.worktreeConfig
job-core	Checkout code	2025-02-24T15:27:17.3030499Z ##[group]Checking out the ref
job-core	Checkout code	2025-02-24T15:27:17.3032947Z [command]/usr/bin/git checkout --progress --force refs/remotes/pull/196/merge
job-core	Checkout code	2025-02-24T15:27:17.3246445Z Warning: you are leaving 1 commit behind, not connected to
job-core	Checkout code	2025-02-24T15:27:17.3248170Z any of your branches:
job-core	Checkout code	2025-02-24T15:27:17.3248765Z 
job-core	Checkout code	2025-02-24T15:27:17.3249571Z   943d073 [Ka0S] VERSION  Upload: CHANGELOG.md, INDEX.md with version 0.0.4
job-core	Checkout code	2025-02-24T15:27:17.3250783Z 
job-core	Checkout code	2025-02-24T15:27:17.3251525Z If you want to keep it by creating a new branch, this may be a good time
job-core	Checkout code	2025-02-24T15:27:17.3253007Z to do so with:
job-core	Checkout code	2025-02-24T15:27:17.3253528Z 
job-core	Checkout code	2025-02-24T15:27:17.3254016Z  git branch <new-branch-name> 943d073
job-core	Checkout code	2025-02-24T15:27:17.3254800Z 
job-core	Checkout code	2025-02-24T15:27:17.3256224Z HEAD is now at f1724ef Merge c821c20be779bc48a736ec7a4c0f83fd07bc552c into 4111d48ca318a5c0d363f902b821c91437165c89
job-core	Checkout code	2025-02-24T15:27:17.3260755Z ##[endgroup]
job-core	Checkout code	2025-02-24T15:27:17.3302121Z [command]/usr/bin/git log -1 --format=%H
job-core	Checkout code	2025-02-24T15:27:17.3333107Z f1724ef6922acde1ad7406c5a931220af5f839a7
job-core	Set environment variable for ref	2025-02-24T15:27:17.3582408Z ##[group]Run echo "KAOS_REF=refs/pull/196/merge" >> $GITHUB_ENV
job-core	Set environment variable for ref	2025-02-24T15:27:17.3584185Z [36;1mecho "KAOS_REF=refs/pull/196/merge" >> $GITHUB_ENV[0m
job-core	Set environment variable for ref	2025-02-24T15:27:17.3597469Z shell: /usr/bin/bash -e {0}
job-core	Set environment variable for ref	2025-02-24T15:27:17.3598481Z env:
job-core	Set environment variable for ref	2025-02-24T15:27:17.3599299Z   KAOS_MODULE: [Ka0S] VERSION
job-core	Set environment variable for ref	2025-02-24T15:27:17.3600683Z   GH_TOKEN: ***
job-core	Set environment variable for ref	2025-02-24T15:27:17.3601560Z   PATH_RESUME: core/config/
job-core	Set environment variable for ref	2025-02-24T15:27:17.3602624Z   KAOS_REPO: /actions-runner/_work/kaos/kaos
job-core	Set environment variable for ref	2025-02-24T15:27:17.3603772Z   KAOS_STEP_MODULE: 
job-core	Set environment variable for ref	2025-02-24T15:27:17.3604677Z   KAOS_CODE: 13501614789
job-core	Set environment variable for ref	2025-02-24T15:27:17.3605591Z   KAOS_VERSION: 
job-core	Set environment variable for ref	2025-02-24T15:27:17.3606428Z   KAOS_RELEASE: 
job-core	Set environment variable for ref	2025-02-24T15:27:17.3607375Z   KAOS_REPOSITORY: Ka0s-Klaus/ka0s
job-core	Set environment variable for ref	2025-02-24T15:27:17.3608453Z   KAOS_REF: refs/pull/196/merge
job-core	Set environment variable for ref	2025-02-24T15:27:17.3609426Z   KAOS_FILES: 
job-core	Set environment variable for ref	2025-02-24T15:27:17.3610228Z ##[endgroup]
job-core	Gather pull request information	2025-02-24T15:27:17.3831989Z ##[group]Run NVERSION=$(git describe --tags $(git rev-list --tags --max-count=1))
job-core	Gather pull request information	2025-02-24T15:27:17.3833897Z [36;1mNVERSION=$(git describe --tags $(git rev-list --tags --max-count=1))[0m
job-core	Gather pull request information	2025-02-24T15:27:17.3835318Z [36;1mecho "Extracted NVersion: $NVERSION"[0m
job-core	Gather pull request information	2025-02-24T15:27:17.3836489Z [36;1mecho "NVERSION=$NVERSION" >> $GITHUB_OUTPUT[0m
job-core	Gather pull request information	2025-02-24T15:27:17.3838004Z [36;1mecho "AUTHOR_NAME=$(git log -1 --pretty=format:'%an')" >> $GITHUB_OUTPUT[0m
job-core	Gather pull request information	2025-02-24T15:27:17.3839714Z [36;1mecho "AUTHOR_EMAIL=$(git log -1 --pretty=format:'%ae')" >> $GITHUB_OUTPUT[0m
job-core	Gather pull request information	2025-02-24T15:27:17.3841563Z [36;1mRNBRANCH=$(echo "H38 documentacion basica del proyecto" | grep -o '^[A-Za-z]*')[0m
job-core	Gather pull request information	2025-02-24T15:27:17.3843453Z [36;1mRNNUMBER=$(echo "H38 documentacion basica del proyecto" | grep -o '[0-9]*')[0m
job-core	Gather pull request information	2025-02-24T15:27:17.3844951Z [36;1mecho "Extracted RN Branch: $RNBRANCH"[0m
job-core	Gather pull request information	2025-02-24T15:27:17.3846060Z [36;1mecho "Extracted RN Number: $RNNUMBER"[0m
job-core	Gather pull request information	2025-02-24T15:27:17.3847290Z [36;1mecho "RNBRANCH=$RNBRANCH" >> $GITHUB_OUTPUT[0m
job-core	Gather pull request information	2025-02-24T15:27:17.3848533Z [36;1mecho "RNNUMBER=$RNNUMBER" >> $GITHUB_OUTPUT [0m
job-core	Gather pull request information	2025-02-24T15:27:17.3849886Z [36;1mgit diff --name-only origin/main..HEAD > files-in-commit.txt[0m
job-core	Gather pull request information	2025-02-24T15:27:17.3851197Z [36;1mINVOLVED="files-in-commit.txt"[0m
job-core	Gather pull request information	2025-02-24T15:27:17.3852301Z [36;1mecho "INVOLVED=$INVOLVED" >> $GITHUB_OUTPUT[0m
job-core	Gather pull request information	2025-02-24T15:27:17.3853595Z [36;1mgit config --global user.name "***"[0m
job-core	Gather pull request information	2025-02-24T15:27:17.3854788Z [36;1mgit config --global user.email "***"[0m
job-core	Gather pull request information	2025-02-24T15:27:17.3855832Z [36;1mgit pull origin main[0m
job-core	Gather pull request information	2025-02-24T15:27:17.3856782Z [36;1mgit add files-in-commit.txt[0m
job-core	Gather pull request information	2025-02-24T15:27:17.3858298Z [36;1mgit commit -m "[Ka0S] se genera el fichero files-in-commit"[0m
job-core	Gather pull request information	2025-02-24T15:27:17.3859839Z [36;1mgit push origin HEAD:H38-documentacion-basica-del-proyecto[0m
job-core	Gather pull request information	2025-02-24T15:27:17.3861397Z [36;1mecho "ESTA ES LA RAMA:H38-documentacion-basica-del-proyecto"[0m
job-core	Gather pull request information	2025-02-24T15:27:17.3870166Z shell: /usr/bin/bash -e {0}
job-core	Gather pull request information	2025-02-24T15:27:17.3871039Z env:
job-core	Gather pull request information	2025-02-24T15:27:17.3871744Z   KAOS_MODULE: [Ka0S] VERSION
job-core	Gather pull request information	2025-02-24T15:27:17.3872885Z   GH_TOKEN: ***
job-core	Gather pull request information	2025-02-24T15:27:17.3873647Z   PATH_RESUME: core/config/
job-core	Gather pull request information	2025-02-24T15:27:17.3874570Z   KAOS_REPO: /actions-runner/_work/kaos/kaos
job-core	Gather pull request information	2025-02-24T15:27:17.3875564Z   KAOS_STEP_MODULE: 
job-core	Gather pull request information	2025-02-24T15:27:17.3876332Z   KAOS_CODE: 13501614789
job-core	Gather pull request information	2025-02-24T15:27:17.3877188Z   KAOS_VERSION: 
job-core	Gather pull request information	2025-02-24T15:27:17.3877919Z   KAOS_RELEASE: 
job-core	Gather pull request information	2025-02-24T15:27:17.3878707Z   KAOS_REPOSITORY: Ka0s-Klaus/ka0s
job-core	Gather pull request information	2025-02-24T15:27:17.3879638Z   KAOS_REF: refs/pull/196/merge
job-core	Gather pull request information	2025-02-24T15:27:17.3880492Z   KAOS_FILES: 
job-core	Gather pull request information	2025-02-24T15:27:17.3881191Z ##[endgroup]
job-core	Gather pull request information	2025-02-24T15:27:17.3996898Z Extracted NVersion: 0.0.3
job-core	Gather pull request information	2025-02-24T15:27:17.4077446Z Extracted RN Branch: H
job-core	Gather pull request information	2025-02-24T15:27:17.4078616Z Extracted RN Number: 38
job-core	Gather pull request information	2025-02-24T15:27:17.9426471Z From https://github.com/Ka0s-Klaus/ka0s
job-core	Gather pull request information	2025-02-24T15:27:17.9427611Z  * branch            main       -> FETCH_HEAD
job-core	Gather pull request information	2025-02-24T15:27:17.9587895Z Already up to date.
job-core	Gather pull request information	2025-02-24T15:27:17.9735096Z HEAD detached at pull/196/merge
job-core	Gather pull request information	2025-02-24T15:27:17.9735626Z nothing to commit, working tree clean
job-core	Gather pull request information	2025-02-24T15:27:17.9750284Z ##[error]Process completed with exit code 1.
job-core	Post Checkout code	2025-02-24T15:27:17.9861671Z Post job cleanup.
job-core	Post Checkout code	2025-02-24T15:27:18.0868997Z [command]/usr/bin/git version
job-core	Post Checkout code	2025-02-24T15:27:18.0908984Z git version 2.47.1
job-core	Post Checkout code	2025-02-24T15:27:18.0950112Z Copying '/home/kaos/.gitconfig' to '/actions-runner/_work/_temp/39cbeecb-6b41-45b7-9ca9-66f2978c8da8/.gitconfig'
job-core	Post Checkout code	2025-02-24T15:27:18.0963309Z Temporarily overriding HOME='/actions-runner/_work/_temp/39cbeecb-6b41-45b7-9ca9-66f2978c8da8' before making global git config changes
job-core	Post Checkout code	2025-02-24T15:27:18.0965277Z Adding repository directory to the temporary git global config as a safe directory
job-core	Post Checkout code	2025-02-24T15:27:18.0968818Z [command]/usr/bin/git config --global --add safe.directory /actions-runner/_work/ka0s/ka0s
job-core	Post Checkout code	2025-02-24T15:27:18.1015328Z [command]/usr/bin/git config --local --name-only --get-regexp core\.sshCommand
job-core	Post Checkout code	2025-02-24T15:27:18.1053447Z [command]/usr/bin/git submodule foreach --recursive sh -c "git config --local --name-only --get-regexp 'core\.sshCommand' && git config --local --unset-all 'core.sshCommand' || :"
job-core	Post Checkout code	2025-02-24T15:27:18.1329361Z [command]/usr/bin/git config --local --name-only --get-regexp http\.https\:\/\/github\.com\/\.extraheader
job-core	Post Checkout code	2025-02-24T15:27:18.1357558Z http.https://github.com/.extraheader
job-core	Post Checkout code	2025-02-24T15:27:18.1372175Z [command]/usr/bin/git config --local --unset-all http.https://github.com/.extraheader
job-core	Post Checkout code	2025-02-24T15:27:18.1412256Z [command]/usr/bin/git submodule foreach --recursive sh -c "git config --local --name-only --get-regexp 'http\.https\:\/\/github\.com\/\.extraheader' && git config --local --unset-all 'http.https://github.com/.extraheader' || :"
job-core	Complete job	2025-02-24T15:27:18.1803215Z Evaluate and set job outputs
job-core	Complete job	2025-02-24T15:27:18.1811655Z Set output 'KAOS_BRANCH'
job-core	Complete job	2025-02-24T15:27:18.1813605Z Set output 'KAOS_NUMBER'
job-core	Complete job	2025-02-24T15:27:18.1814364Z Set output 'KAOS_INVOLVED'
job-core	Complete job	2025-02-24T15:27:18.1814788Z Set output 'AUTHOR_NAME'
job-core	Complete job	2025-02-24T15:27:18.1817317Z ##[warning]Skip output 'AUTHOR_EMAIL' since it may contain secret.
job-core	Complete job	2025-02-24T15:27:18.1818476Z Set output 'KAOS_VERSION'
job-core	Complete job	2025-02-24T15:27:18.1819260Z Cleaning up orphan processes
handle_failure	Set up job	2025-02-24T15:27:30.5196443Z Current runner version: '2.322.0'
handle_failure	Set up job	2025-02-24T15:27:30.5204026Z Runner name: 'ka0s-1'
handle_failure	Set up job	2025-02-24T15:27:30.5204774Z Runner group name: 'ka0s'
handle_failure	Set up job	2025-02-24T15:27:30.5205622Z Machine name: '5613a8be5fd6'
handle_failure	Set up job	2025-02-24T15:27:30.5208684Z ##[group]GITHUB_TOKEN Permissions
handle_failure	Set up job	2025-02-24T15:27:30.5210904Z Actions: write
handle_failure	Set up job	2025-02-24T15:27:30.5211456Z Contents: write
handle_failure	Set up job	2025-02-24T15:27:30.5211944Z Issues: write
handle_failure	Set up job	2025-02-24T15:27:30.5212418Z Metadata: read
handle_failure	Set up job	2025-02-24T15:27:30.5212896Z ##[endgroup]
handle_failure	Set up job	2025-02-24T15:27:30.5214888Z Secret source: Actions
handle_failure	Set up job	2025-02-24T15:27:30.5215592Z Prepare workflow directory
handle_failure	Set up job	2025-02-24T15:27:30.5777085Z Prepare all required actions
handle_failure	Set up job	2025-02-24T15:27:30.5870334Z Complete job name: handle_failure
handle_failure	Run echo "Error detected in [Ka0S] VERSION, creating issue..."	2025-02-24T15:27:30.6410068Z ##[group]Run echo "Error detected in [Ka0S] VERSION, creating issue..."
handle_failure	Run echo "Error detected in [Ka0S] VERSION, creating issue..."	2025-02-24T15:27:30.6411335Z [36;1mecho "Error detected in [Ka0S] VERSION, creating issue..."[0m
handle_failure	Run echo "Error detected in [Ka0S] VERSION, creating issue..."	2025-02-24T15:27:30.6412294Z [36;1mKAOS_ISSUE_TITLE="[Ka0S] VERSION Module failed in 13501614789"[0m
handle_failure	Run echo "Error detected in [Ka0S] VERSION, creating issue..."	2025-02-24T15:27:30.6413161Z [36;1mKAOS_ISSUE_BODY=$(cat <<'EOF'[0m
handle_failure	Run echo "Error detected in [Ka0S] VERSION, creating issue..."	2025-02-24T15:27:30.6414018Z [36;1mAn error occurred in the execution Action workflow RunID: **13501614789**.[0m
handle_failure	Run echo "Error detected in [Ka0S] VERSION, creating issue..."	2025-02-24T15:27:30.6414913Z [36;1mInitiated by # from issue number #[0m
handle_failure	Run echo "Error detected in [Ka0S] VERSION, creating issue..."	2025-02-24T15:27:30.6415567Z [36;1m**[Ka0S] VERSION  Message:**[0m
handle_failure	Run echo "Error detected in [Ka0S] VERSION, creating issue..."	2025-02-24T15:27:30.6416203Z [36;1mEl error ha sido en : 13501614789[0m
handle_failure	Run echo "Error detected in [Ka0S] VERSION, creating issue..."	2025-02-24T15:27:30.6417616Z [36;1mejecute este comando en su consola y podrá consultar el fallo del trabajo[0m
handle_failure	Run echo "Error detected in [Ka0S] VERSION, creating issue..."	2025-02-24T15:27:30.6418528Z [36;1mgh run view 13501614789 --log-failed[0m
handle_failure	Run echo "Error detected in [Ka0S] VERSION, creating issue..."	2025-02-24T15:27:30.6419151Z [36;1m\`\`\`[0m
handle_failure	Run echo "Error detected in [Ka0S] VERSION, creating issue..."	2025-02-24T15:27:30.6419866Z [36;1m**Please check the job logs for ***13501614789**[0m
handle_failure	Run echo "Error detected in [Ka0S] VERSION, creating issue..."	2025-02-24T15:27:30.6420596Z [36;1m\`\`\`[0m
handle_failure	Run echo "Error detected in [Ka0S] VERSION, creating issue..."	2025-02-24T15:27:30.6421109Z [36;1m**Workflow Name:** Ka0S Version[0m
handle_failure	Run echo "Error detected in [Ka0S] VERSION, creating issue..."	2025-02-24T15:27:30.6421745Z [36;1m**Job Name:** handle_failure[0m
handle_failure	Run echo "Error detected in [Ka0S] VERSION, creating issue..."	2025-02-24T15:27:30.6422347Z [36;1m**Run ID:** 13501614789[0m
handle_failure	Run echo "Error detected in [Ka0S] VERSION, creating issue..."	2025-02-24T15:27:30.6422921Z [36;1m**Run Number:** 125[0m
handle_failure	Run echo "Error detected in [Ka0S] VERSION, creating issue..."	2025-02-24T15:27:30.6423825Z [36;1m**Repository:** Ka0s-Klaus/ka0s[0m
handle_failure	Run echo "Error detected in [Ka0S] VERSION, creating issue..."	2025-02-24T15:27:30.6424634Z [36;1m**Branch:** refs/pull/196/merge[0m
handle_failure	Run echo "Error detected in [Ka0S] VERSION, creating issue..."	2025-02-24T15:27:30.6425771Z [36;1m**Commit:** f1724ef6922acde1ad7406c5a931220af5f839a7[0m
handle_failure	Run echo "Error detected in [Ka0S] VERSION, creating issue..."	2025-02-24T15:27:30.6426546Z [36;1mPlease investigate the issue.[0m
handle_failure	Run echo "Error detected in [Ka0S] VERSION, creating issue..."	2025-02-24T15:27:30.6427484Z [36;1mEOF[0m
handle_failure	Run echo "Error detected in [Ka0S] VERSION, creating issue..."	2025-02-24T15:27:30.6428072Z [36;1m)[0m
handle_failure	Run echo "Error detected in [Ka0S] VERSION, creating issue..."	2025-02-24T15:27:30.6428692Z [36;1m# Creamos la issue dado que ha fallado el modulo principal[0m
handle_failure	Run echo "Error detected in [Ka0S] VERSION, creating issue..."	2025-02-24T15:27:30.6430360Z [36;1m#gh workflow run issue.yaml --ref refs/pull/196/merge -f kaos-issue-title="$KAOS_ISSUE_TITLE" -f kaos-issue-body="$KAOS_ISSUE_BODY" -f kaos-issue-actions=create -f kaos-issue-tag="bug"[0m
handle_failure	Run echo "Error detected in [Ka0S] VERSION, creating issue..."	2025-02-24T15:27:30.6432051Z [36;1m# Añadimos el comentario a la issue que dispara el proceso[0m
handle_failure	Run echo "Error detected in [Ka0S] VERSION, creating issue..."	2025-02-24T15:27:30.6433669Z [36;1mKAOS_ISSUE_BODY="OPS¡ se ha producido un error en el proceso ([Ka0S] VERSION)  lanzado desde (#) en la ejecución (13501614789) y esto ha generado una issue con el titulo ($KAOS_ISSUE_TITLE)"[0m
handle_failure	Run echo "Error detected in [Ka0S] VERSION, creating issue..."	2025-02-24T15:27:30.6436101Z [36;1m#gh workflow run issue.yaml --ref refs/pull/196/merge -f kaos-issue-body="$KAOS_ISSUE_BODY" -f kaos-issue-actions=comment -f kaos-issue-tag="bug" -f kaos-issue-id=[0m
handle_failure	Run echo "Error detected in [Ka0S] VERSION, creating issue..."	2025-02-24T15:27:30.6457162Z shell: /usr/bin/bash -e {0}
handle_failure	Run echo "Error detected in [Ka0S] VERSION, creating issue..."	2025-02-24T15:27:30.6458192Z env:
handle_failure	Run echo "Error detected in [Ka0S] VERSION, creating issue..."	2025-02-24T15:27:30.6458683Z   KAOS_MODULE: [Ka0S] VERSION
handle_failure	Run echo "Error detected in [Ka0S] VERSION, creating issue..."	2025-02-24T15:27:30.6459556Z   GH_TOKEN: ***
handle_failure	Run echo "Error detected in [Ka0S] VERSION, creating issue..."	2025-02-24T15:27:30.6460058Z   PATH_RESUME: core/config/
handle_failure	Run echo "Error detected in [Ka0S] VERSION, creating issue..."	2025-02-24T15:27:30.6460658Z   KAOS_REPO: /actions-runner/_work/kaos/kaos
handle_failure	Run echo "Error detected in [Ka0S] VERSION, creating issue..."	2025-02-24T15:27:30.6461288Z   KAOS_STEP_MODULE: 
handle_failure	Run echo "Error detected in [Ka0S] VERSION, creating issue..."	2025-02-24T15:27:30.6487193Z   KAOS_CODE: 13501614789
handle_failure	Run echo "Error detected in [Ka0S] VERSION, creating issue..."	2025-02-24T15:27:30.6488157Z   KAOS_VERSION: 
handle_failure	Run echo "Error detected in [Ka0S] VERSION, creating issue..."	2025-02-24T15:27:30.6488645Z   KAOS_RELEASE: 
handle_failure	Run echo "Error detected in [Ka0S] VERSION, creating issue..."	2025-02-24T15:27:30.6489212Z   KAOS_REPOSITORY: Ka0s-Klaus/ka0s
handle_failure	Run echo "Error detected in [Ka0S] VERSION, creating issue..."	2025-02-24T15:27:30.6489819Z   KAOS_REF: refs/pull/196/merge
handle_failure	Run echo "Error detected in [Ka0S] VERSION, creating issue..."	2025-02-24T15:27:30.6490367Z   KAOS_FILES: 
handle_failure	Run echo "Error detected in [Ka0S] VERSION, creating issue..."	2025-02-24T15:27:30.6490827Z ##[endgroup]
handle_failure	Run echo "Error detected in [Ka0S] VERSION, creating issue..."	2025-02-24T15:27:30.6659876Z Error detected in [Ka0S] VERSION, creating issue...
handle_failure	Complete job	2025-02-24T15:27:30.6774991Z Cleaning up orphan processes
end-workflow	Set up job	2025-02-24T15:27:42.2449436Z Current runner version: '2.322.0'
end-workflow	Set up job	2025-02-24T15:27:42.2456368Z Runner name: 'ka0s-1'
end-workflow	Set up job	2025-02-24T15:27:42.2457742Z Runner group name: 'ka0s'
end-workflow	Set up job	2025-02-24T15:27:42.2458688Z Machine name: '5613a8be5fd6'
end-workflow	Set up job	2025-02-24T15:27:42.2461318Z ##[group]GITHUB_TOKEN Permissions
end-workflow	Set up job	2025-02-24T15:27:42.2463493Z Actions: write
end-workflow	Set up job	2025-02-24T15:27:42.2464030Z Contents: write
end-workflow	Set up job	2025-02-24T15:27:42.2464512Z Issues: write
end-workflow	Set up job	2025-02-24T15:27:42.2464980Z Metadata: read
end-workflow	Set up job	2025-02-24T15:27:42.2465454Z ##[endgroup]
end-workflow	Set up job	2025-02-24T15:27:42.2468086Z Secret source: Actions
end-workflow	Set up job	2025-02-24T15:27:42.2468880Z Prepare workflow directory
end-workflow	Set up job	2025-02-24T15:27:42.2975923Z Prepare all required actions
end-workflow	Set up job	2025-02-24T15:27:42.3014721Z Getting action download info
end-workflow	Set up job	2025-02-24T15:27:42.5343867Z Download action repository 'actions/checkout@v4' (SHA:11bd71901bbe5b1630ceea73d27597364c9af683)
end-workflow	Set up job	2025-02-24T15:27:43.3994435Z Complete job name: end-workflow
end-workflow	Checkout code	2025-02-24T15:27:43.4502644Z ##[group]Run actions/checkout@v4
end-workflow	Checkout code	2025-02-24T15:27:43.4503539Z with:
end-workflow	Checkout code	2025-02-24T15:27:43.4503962Z   fetch-depth: 0
end-workflow	Checkout code	2025-02-24T15:27:43.4504709Z   token: ***
end-workflow	Checkout code	2025-02-24T15:27:43.4505140Z   repository: Ka0s-Klaus/ka0s
end-workflow	Checkout code	2025-02-24T15:27:43.4505631Z   ssh-strict: true
end-workflow	Checkout code	2025-02-24T15:27:43.4506042Z   ssh-user: git
end-workflow	Checkout code	2025-02-24T15:27:43.4506474Z   persist-credentials: true
end-workflow	Checkout code	2025-02-24T15:27:43.4507353Z   clean: true
end-workflow	Checkout code	2025-02-24T15:27:43.4507797Z   sparse-checkout-cone-mode: true
end-workflow	Checkout code	2025-02-24T15:27:43.4508424Z   fetch-tags: false
end-workflow	Checkout code	2025-02-24T15:27:43.4508853Z   show-progress: true
end-workflow	Checkout code	2025-02-24T15:27:43.4509284Z   lfs: false
end-workflow	Checkout code	2025-02-24T15:27:43.4509677Z   submodules: false
end-workflow	Checkout code	2025-02-24T15:27:43.4510121Z   set-safe-directory: true
end-workflow	Checkout code	2025-02-24T15:27:43.4510825Z env:
end-workflow	Checkout code	2025-02-24T15:27:43.4511237Z   KAOS_MODULE: [Ka0S] VERSION
end-workflow	Checkout code	2025-02-24T15:27:43.4511881Z   GH_TOKEN: ***
end-workflow	Checkout code	2025-02-24T15:27:43.4512312Z   PATH_RESUME: core/config/
end-workflow	Checkout code	2025-02-24T15:27:43.4512825Z   KAOS_REPO: /actions-runner/_work/kaos/kaos
end-workflow	Checkout code	2025-02-24T15:27:43.4513366Z   KAOS_STEP_MODULE: 
end-workflow	Checkout code	2025-02-24T15:27:43.4513838Z   KAOS_CODE: 13501614789
end-workflow	Checkout code	2025-02-24T15:27:43.4514292Z   KAOS_VERSION: 
end-workflow	Checkout code	2025-02-24T15:27:43.4514704Z   KAOS_RELEASE: 
end-workflow	Checkout code	2025-02-24T15:27:43.4515530Z   KAOS_REPOSITORY: Ka0s-Klaus/ka0s
end-workflow	Checkout code	2025-02-24T15:27:43.4516339Z   KAOS_REF: refs/pull/196/merge
end-workflow	Checkout code	2025-02-24T15:27:43.4517022Z   KAOS_FILES: 
end-workflow	Checkout code	2025-02-24T15:27:43.4517423Z ##[endgroup]
end-workflow	Checkout code	2025-02-24T15:27:43.5687836Z Syncing repository: Ka0s-Klaus/ka0s
end-workflow	Checkout code	2025-02-24T15:27:43.5689835Z ##[group]Getting Git version info
end-workflow	Checkout code	2025-02-24T15:27:43.5690534Z Working directory is '/actions-runner/_work/ka0s/ka0s'
end-workflow	Checkout code	2025-02-24T15:27:43.5691495Z [command]/usr/bin/git version
end-workflow	Checkout code	2025-02-24T15:27:43.5692037Z git version 2.25.1
end-workflow	Checkout code	2025-02-24T15:27:43.5713901Z ##[endgroup]
end-workflow	Checkout code	2025-02-24T15:27:43.5751336Z Copying '/home/kaos/.gitconfig' to '/actions-runner/_work/_temp/504993c7-7333-4f96-b1fb-5300aaf12cab/.gitconfig'
end-workflow	Checkout code	2025-02-24T15:27:43.5753105Z Temporarily overriding HOME='/actions-runner/_work/_temp/504993c7-7333-4f96-b1fb-5300aaf12cab' before making global git config changes
end-workflow	Checkout code	2025-02-24T15:27:43.5754594Z Adding repository directory to the temporary git global config as a safe directory
end-workflow	Checkout code	2025-02-24T15:27:43.5755694Z [command]/usr/bin/git config --global --add safe.directory /actions-runner/_work/ka0s/ka0s
end-workflow	Checkout code	2025-02-24T15:27:43.5796903Z [command]/usr/bin/git config --local --get remote.origin.url
end-workflow	Checkout code	2025-02-24T15:27:43.5821131Z https://github.com/Ka0s-Klaus/ka0s
end-workflow	Checkout code	2025-02-24T15:27:43.5843415Z ##[group]Removing previously created refs, to avoid conflicts
end-workflow	Checkout code	2025-02-24T15:27:43.5847963Z [command]/usr/bin/git rev-parse --symbolic-full-name --verify --quiet HEAD
end-workflow	Checkout code	2025-02-24T15:27:43.5873931Z HEAD
end-workflow	Checkout code	2025-02-24T15:27:43.5921556Z ##[endgroup]
end-workflow	Checkout code	2025-02-24T15:27:43.5925230Z [command]/usr/bin/git submodule status
end-workflow	Checkout code	2025-02-24T15:27:43.6234618Z ##[group]Cleaning the repository
end-workflow	Checkout code	2025-02-24T15:27:43.6240807Z [command]/usr/bin/git clean -ffdx
end-workflow	Checkout code	2025-02-24T15:27:43.6291149Z [command]/usr/bin/git reset --hard HEAD
end-workflow	Checkout code	2025-02-24T15:27:43.6380994Z HEAD is now at e4147e5 Merge 157100fbf8c2bd4536dbffdcbda2e79abb5dd60b into 292770a99c2d0d05f1ae02094153a41aec958b51
end-workflow	Checkout code	2025-02-24T15:27:43.6384958Z ##[endgroup]
end-workflow	Checkout code	2025-02-24T15:27:43.6386837Z ##[group]Disabling automatic garbage collection
end-workflow	Checkout code	2025-02-24T15:27:43.6394124Z [command]/usr/bin/git config --local gc.auto 0
end-workflow	Checkout code	2025-02-24T15:27:43.6427808Z ##[endgroup]
end-workflow	Checkout code	2025-02-24T15:27:43.6428614Z ##[group]Setting up auth
end-workflow	Checkout code	2025-02-24T15:27:43.6435193Z [command]/usr/bin/git config --local --name-only --get-regexp core\.sshCommand
end-workflow	Checkout code	2025-02-24T15:27:43.6473768Z [command]/usr/bin/git submodule foreach --recursive sh -c "git config --local --name-only --get-regexp 'core\.sshCommand' && git config --local --unset-all 'core.sshCommand' || :"
end-workflow	Checkout code	2025-02-24T15:27:43.6787040Z [command]/usr/bin/git config --local --name-only --get-regexp http\.https\:\/\/github\.com\/\.extraheader
end-workflow	Checkout code	2025-02-24T15:27:43.6822589Z [command]/usr/bin/git submodule foreach --recursive sh -c "git config --local --name-only --get-regexp 'http\.https\:\/\/github\.com\/\.extraheader' && git config --local --unset-all 'http.https://github.com/.extraheader' || :"
end-workflow	Checkout code	2025-02-24T15:27:43.7141227Z [command]/usr/bin/git config --local http.https://github.com/.extraheader AUTHORIZATION: basic ***
end-workflow	Checkout code	2025-02-24T15:27:43.7185435Z ##[endgroup]
end-workflow	Checkout code	2025-02-24T15:27:43.7186409Z ##[group]Fetching the repository
end-workflow	Checkout code	2025-02-24T15:27:43.7195247Z [command]/usr/bin/git -c protocol.version=2 fetch --prune --no-recurse-submodules origin +refs/heads/*:refs/remotes/origin/* +refs/tags/*:refs/tags/* +f1724ef6922acde1ad7406c5a931220af5f839a7:refs/remotes/pull/196/merge
end-workflow	Checkout code	2025-02-24T15:27:44.5232640Z From https://github.com/Ka0s-Klaus/ka0s
end-workflow	Checkout code	2025-02-24T15:27:44.5234411Z    292770a..4111d48  main                                     -> origin/main
end-workflow	Checkout code	2025-02-24T15:27:44.5236482Z  * [new ref]         f1724ef6922acde1ad7406c5a931220af5f839a7 -> pull/196/merge
end-workflow	Checkout code	2025-02-24T15:27:44.5314381Z ##[endgroup]
end-workflow	Checkout code	2025-02-24T15:27:44.5316154Z ##[group]Determining the checkout info
end-workflow	Checkout code	2025-02-24T15:27:44.5318405Z ##[endgroup]
end-workflow	Checkout code	2025-02-24T15:27:44.5320001Z ##[group]Checking out the ref
end-workflow	Checkout code	2025-02-24T15:27:44.5323323Z [command]/usr/bin/git checkout --progress --force refs/remotes/pull/196/merge
end-workflow	Checkout code	2025-02-24T15:27:44.5531981Z Previous HEAD position was e4147e5 Merge 157100fbf8c2bd4536dbffdcbda2e79abb5dd60b into 292770a99c2d0d05f1ae02094153a41aec958b51
end-workflow	Checkout code	2025-02-24T15:27:44.5537269Z HEAD is now at f1724ef Merge c821c20be779bc48a736ec7a4c0f83fd07bc552c into 4111d48ca318a5c0d363f902b821c91437165c89
end-workflow	Checkout code	2025-02-24T15:27:44.5542388Z ##[endgroup]
end-workflow	Checkout code	2025-02-24T15:27:44.5585661Z [command]/usr/bin/git log -1 --format=%H
end-workflow	Checkout code	2025-02-24T15:27:44.5616183Z f1724ef6922acde1ad7406c5a931220af5f839a7
end-workflow	Finaliza el workflow	2025-02-24T15:27:44.5890218Z ##[group]Run echo "End process"
end-workflow	Finaliza el workflow	2025-02-24T15:27:44.5891442Z [36;1mecho "End process"[0m
end-workflow	Finaliza el workflow	2025-02-24T15:27:44.5893512Z [36;1mgh workflow run inspector.yml --ref 'main' -f kaos-issue-id="" -f kaos-workflow-id="13501614789" -f kaos-user-start=""[0m
end-workflow	Finaliza el workflow	2025-02-24T15:27:44.5905694Z shell: /usr/bin/bash -e {0}
end-workflow	Finaliza el workflow	2025-02-24T15:27:44.5906946Z env:
end-workflow	Finaliza el workflow	2025-02-24T15:27:44.5907863Z   KAOS_MODULE: [Ka0S] VERSION
end-workflow	Finaliza el workflow	2025-02-24T15:27:44.5909285Z   GH_TOKEN: ***
end-workflow	Finaliza el workflow	2025-02-24T15:27:44.5910132Z   PATH_RESUME: core/config/
end-workflow	Finaliza el workflow	2025-02-24T15:27:44.5911202Z   KAOS_REPO: /actions-runner/_work/kaos/kaos
end-workflow	Finaliza el workflow	2025-02-24T15:27:44.5912342Z   KAOS_STEP_MODULE: 
end-workflow	Finaliza el workflow	2025-02-24T15:27:44.5913195Z   KAOS_CODE: 13501614789
end-workflow	Finaliza el workflow	2025-02-24T15:27:44.5914082Z   KAOS_VERSION: 
end-workflow	Finaliza el workflow	2025-02-24T15:27:44.5914885Z   KAOS_RELEASE: 
end-workflow	Finaliza el workflow	2025-02-24T15:27:44.5915742Z   KAOS_REPOSITORY: Ka0s-Klaus/ka0s
end-workflow	Finaliza el workflow	2025-02-24T15:27:44.5917007Z   KAOS_REF: refs/pull/196/merge
end-workflow	Finaliza el workflow	2025-02-24T15:27:44.5918232Z   KAOS_FILES: 
end-workflow	Finaliza el workflow	2025-02-24T15:27:44.5919011Z ##[endgroup]
end-workflow	Finaliza el workflow	2025-02-24T15:27:44.5980684Z End process
end-workflow	Post Checkout code	2025-02-24T15:27:45.2479955Z Post job cleanup.
end-workflow	Post Checkout code	2025-02-24T15:27:45.3492962Z [command]/usr/bin/git version
end-workflow	Post Checkout code	2025-02-24T15:27:45.3533140Z git version 2.25.1
end-workflow	Post Checkout code	2025-02-24T15:27:45.3572731Z Copying '/home/kaos/.gitconfig' to '/actions-runner/_work/_temp/36a7872d-c8e5-4241-b38f-74ba2dc4013b/.gitconfig'
end-workflow	Post Checkout code	2025-02-24T15:27:45.3585726Z Temporarily overriding HOME='/actions-runner/_work/_temp/36a7872d-c8e5-4241-b38f-74ba2dc4013b' before making global git config changes
end-workflow	Post Checkout code	2025-02-24T15:27:45.3589356Z Adding repository directory to the temporary git global config as a safe directory
end-workflow	Post Checkout code	2025-02-24T15:27:45.3600562Z [command]/usr/bin/git config --global --add safe.directory /actions-runner/_work/ka0s/ka0s
end-workflow	Post Checkout code	2025-02-24T15:27:45.3641447Z [command]/usr/bin/git config --local --name-only --get-regexp core\.sshCommand
end-workflow	Post Checkout code	2025-02-24T15:27:45.3681277Z [command]/usr/bin/git submodule foreach --recursive sh -c "git config --local --name-only --get-regexp 'core\.sshCommand' && git config --local --unset-all 'core.sshCommand' || :"
end-workflow	Post Checkout code	2025-02-24T15:27:45.3990263Z [command]/usr/bin/git config --local --name-only --get-regexp http\.https\:\/\/github\.com\/\.extraheader
end-workflow	Post Checkout code	2025-02-24T15:27:45.4015575Z http.https://github.com/.extraheader
end-workflow	Post Checkout code	2025-02-24T15:27:45.4135497Z [command]/usr/bin/git config --local --unset-all http.https://github.com/.extraheader
end-workflow	Post Checkout code	2025-02-24T15:27:45.4141460Z [command]/usr/bin/git submodule foreach --recursive sh -c "git config --local --name-only --get-regexp 'http\.https\:\/\/github\.com\/\.extraheader' && git config --local --unset-all 'http.https://github.com/.extraheader' || :"
end-workflow	Complete job	2025-02-24T15:27:45.4519650Z Cleaning up orphan processes
