job-core	Set up job	﻿2025-03-27T14:40:17.4773677Z Current runner version: '2.323.0'
job-core	Set up job	2025-03-27T14:40:17.4782965Z Runner name: 'ka0s-2'
job-core	Set up job	2025-03-27T14:40:17.4784475Z Machine name: '90a1232a7504'
job-core	Set up job	2025-03-27T14:40:17.4788254Z ##[group]GITHUB_TOKEN Permissions
job-core	Set up job	2025-03-27T14:40:17.4791206Z Actions: write
job-core	Set up job	2025-03-27T14:40:17.4792005Z Contents: write
job-core	Set up job	2025-03-27T14:40:17.4792763Z Issues: write
job-core	Set up job	2025-03-27T14:40:17.4793441Z Metadata: read
job-core	Set up job	2025-03-27T14:40:17.4794608Z PullRequests: write
job-core	Set up job	2025-03-27T14:40:17.4795330Z ##[endgroup]
job-core	Set up job	2025-03-27T14:40:17.4798330Z Secret source: Actions
job-core	Set up job	2025-03-27T14:40:17.4799322Z Prepare workflow directory
job-core	Set up job	2025-03-27T14:40:17.5823608Z Prepare all required actions
job-core	Set up job	2025-03-27T14:40:17.5877799Z Getting action download info
job-core	Set up job	2025-03-27T14:40:18.4139919Z Download action repository 'actions/checkout@v4' (SHA:11bd71901bbe5b1630ceea73d27597364c9af683)
job-core	Set up job	2025-03-27T14:40:20.4415369Z Download action repository 'actions/setup-node@v2' (SHA:7c12f8017d5436eb855f1ed4399f037a36fbd9e8)
job-core	Set up job	2025-03-27T14:40:27.2430851Z Complete job name: job-core
job-core	Checkout code	﻿2025-03-27T14:40:27.3158204Z ##[group]Run actions/checkout@v4
job-core	Checkout code	2025-03-27T14:40:27.3159292Z with:
job-core	Checkout code	2025-03-27T14:40:27.3159663Z   fetch-depth: 0
job-core	Checkout code	2025-03-27T14:40:27.3160499Z   token: ***
job-core	Checkout code	2025-03-27T14:40:27.3160839Z   repository: Ka0s-Klaus/ka0s
job-core	Checkout code	2025-03-27T14:40:27.3161221Z   ssh-strict: true
job-core	Checkout code	2025-03-27T14:40:27.3161548Z   ssh-user: git
job-core	Checkout code	2025-03-27T14:40:27.3161876Z   persist-credentials: true
job-core	Checkout code	2025-03-27T14:40:27.3162253Z   clean: true
job-core	Checkout code	2025-03-27T14:40:27.3162583Z   sparse-checkout-cone-mode: true
job-core	Checkout code	2025-03-27T14:40:27.3163004Z   fetch-tags: false
job-core	Checkout code	2025-03-27T14:40:27.3163341Z   show-progress: true
job-core	Checkout code	2025-03-27T14:40:27.3163697Z   lfs: false
job-core	Checkout code	2025-03-27T14:40:27.3164405Z   submodules: false
job-core	Checkout code	2025-03-27T14:40:27.3164755Z   set-safe-directory: true
job-core	Checkout code	2025-03-27T14:40:27.3165684Z env:
job-core	Checkout code	2025-03-27T14:40:27.3166030Z   KAOS_MODULE: [Ka0S] JSONLINT
job-core	Checkout code	2025-03-27T14:40:27.3166642Z   GH_TOKEN: ***
job-core	Checkout code	2025-03-27T14:40:27.3167046Z   KAOS_JSONLINT_CONFIG: core/config/.jsonlint.json
job-core	Checkout code	2025-03-27T14:40:27.3167533Z   KAOS_PATH_RESUME: core/outputs/j/
job-core	Checkout code	2025-03-27T14:40:27.3168087Z   KAOS_REPO: /actions-runner/_work/kaos/kaos
job-core	Checkout code	2025-03-27T14:40:27.3168564Z   KAOS_STEP_MODULE: 
job-core	Checkout code	2025-03-27T14:40:27.3168902Z   KAOS_CODE: 14109294012
job-core	Checkout code	2025-03-27T14:40:27.3169246Z   KAOS_REF_BRANCH: main
job-core	Checkout code	2025-03-27T14:40:27.3169588Z ##[endgroup]
job-core	Checkout code	2025-03-27T14:40:27.4898978Z Syncing repository: Ka0s-Klaus/ka0s
job-core	Checkout code	2025-03-27T14:40:27.4903204Z ##[group]Getting Git version info
job-core	Checkout code	2025-03-27T14:40:27.4904506Z Working directory is '/actions-runner/_work/ka0s/ka0s'
job-core	Checkout code	2025-03-27T14:40:27.4906039Z [command]/usr/bin/git version
job-core	Checkout code	2025-03-27T14:40:27.4914817Z git version 2.48.1
job-core	Checkout code	2025-03-27T14:40:27.4959055Z ##[endgroup]
job-core	Checkout code	2025-03-27T14:40:27.4979887Z Copying '/home/kaos/.gitconfig' to '/actions-runner/_work/_temp/116349fa-9c11-452a-90d6-e0f219676bc7/.gitconfig'
job-core	Checkout code	2025-03-27T14:40:27.4998365Z Temporarily overriding HOME='/actions-runner/_work/_temp/116349fa-9c11-452a-90d6-e0f219676bc7' before making global git config changes
job-core	Checkout code	2025-03-27T14:40:27.5004737Z Adding repository directory to the temporary git global config as a safe directory
job-core	Checkout code	2025-03-27T14:40:27.5011423Z [command]/usr/bin/git config --global --add safe.directory /actions-runner/_work/ka0s/ka0s
job-core	Checkout code	2025-03-27T14:40:27.5085455Z [command]/usr/bin/git config --local --get remote.origin.url
job-core	Checkout code	2025-03-27T14:40:27.5124472Z https://github.com/Ka0s-Klaus/ka0s
job-core	Checkout code	2025-03-27T14:40:27.5162050Z ##[group]Removing previously created refs, to avoid conflicts
job-core	Checkout code	2025-03-27T14:40:27.5172029Z [command]/usr/bin/git rev-parse --symbolic-full-name --verify --quiet HEAD
job-core	Checkout code	2025-03-27T14:40:27.5217226Z refs/heads/H34-modulo-iac-kaos
job-core	Checkout code	2025-03-27T14:40:27.5240884Z [command]/usr/bin/git checkout --detach
job-core	Checkout code	2025-03-27T14:40:27.5368298Z HEAD is now at 09439f1 [Ka0S] Uploading resume execution files to the repository...
job-core	Checkout code	2025-03-27T14:40:27.5461117Z [command]/usr/bin/git branch --delete --force H34-modulo-iac-kaos
job-core	Checkout code	2025-03-27T14:40:27.5508703Z Deleted branch H34-modulo-iac-kaos (was 09439f1).
job-core	Checkout code	2025-03-27T14:40:27.5584281Z ##[endgroup]
job-core	Checkout code	2025-03-27T14:40:27.5589119Z [command]/usr/bin/git submodule status
job-core	Checkout code	2025-03-27T14:40:27.5987565Z ##[group]Cleaning the repository
job-core	Checkout code	2025-03-27T14:40:27.5996078Z [command]/usr/bin/git clean -ffdx
job-core	Checkout code	2025-03-27T14:40:27.6051896Z Removing core/outputs/j/jsonlint-results-14109290847.txt
job-core	Checkout code	2025-03-27T14:40:27.6070664Z [command]/usr/bin/git reset --hard HEAD
job-core	Checkout code	2025-03-27T14:40:27.6214151Z HEAD is now at 09439f1 [Ka0S] Uploading resume execution files to the repository...
job-core	Checkout code	2025-03-27T14:40:27.6223719Z ##[endgroup]
job-core	Checkout code	2025-03-27T14:40:27.6226625Z ##[group]Disabling automatic garbage collection
job-core	Checkout code	2025-03-27T14:40:27.6233722Z [command]/usr/bin/git config --local gc.auto 0
job-core	Checkout code	2025-03-27T14:40:27.6278225Z ##[endgroup]
job-core	Checkout code	2025-03-27T14:40:27.6299765Z ##[group]Setting up auth
job-core	Checkout code	2025-03-27T14:40:27.6300534Z [command]/usr/bin/git config --local --name-only --get-regexp core\.sshCommand
job-core	Checkout code	2025-03-27T14:40:27.6345824Z [command]/usr/bin/git submodule foreach --recursive sh -c "git config --local --name-only --get-regexp 'core\.sshCommand' && git config --local --unset-all 'core.sshCommand' || :"
job-core	Checkout code	2025-03-27T14:40:27.6720545Z [command]/usr/bin/git config --local --name-only --get-regexp http\.https\:\/\/github\.com\/\.extraheader
job-core	Checkout code	2025-03-27T14:40:27.6764971Z [command]/usr/bin/git submodule foreach --recursive sh -c "git config --local --name-only --get-regexp 'http\.https\:\/\/github\.com\/\.extraheader' && git config --local --unset-all 'http.https://github.com/.extraheader' || :"
job-core	Checkout code	2025-03-27T14:40:27.7149175Z [command]/usr/bin/git config --local http.https://github.com/.extraheader AUTHORIZATION: basic ***
job-core	Checkout code	2025-03-27T14:40:27.7206288Z ##[endgroup]
job-core	Checkout code	2025-03-27T14:40:27.7206978Z ##[group]Fetching the repository
job-core	Checkout code	2025-03-27T14:40:27.7218894Z [command]/usr/bin/git -c protocol.version=2 fetch --prune --no-recurse-submodules origin +refs/heads/*:refs/remotes/origin/* +refs/tags/*:refs/tags/*
job-core	Checkout code	2025-03-27T14:40:32.8257069Z From https://github.com/Ka0s-Klaus/ka0s
job-core	Checkout code	2025-03-27T14:40:32.8261163Z    09439f1..ebb5fea  H34-modulo-iac-kaos -> origin/H34-modulo-iac-kaos
job-core	Checkout code	2025-03-27T14:40:32.8361181Z [command]/usr/bin/git branch --list --remote origin/H34-modulo-iac-kaos
job-core	Checkout code	2025-03-27T14:40:32.8398281Z   origin/H34-modulo-iac-kaos
job-core	Checkout code	2025-03-27T14:40:32.8413553Z [command]/usr/bin/git rev-parse refs/remotes/origin/H34-modulo-iac-kaos
job-core	Checkout code	2025-03-27T14:40:32.8443947Z ebb5fea275960b9fd52268ba260ba4f40de9af06
job-core	Checkout code	2025-03-27T14:40:32.8460913Z [command]/usr/bin/git -c protocol.version=2 fetch --no-tags --prune --no-recurse-submodules origin +c30f3094ced01eb6185bf46decdde4c581e92ac8:refs/remotes/origin/H34-modulo-iac-kaos
job-core	Checkout code	2025-03-27T14:40:33.8378599Z From https://github.com/Ka0s-Klaus/ka0s
job-core	Checkout code	2025-03-27T14:40:33.8381056Z  + ebb5fea...c30f309 c30f3094ced01eb6185bf46decdde4c581e92ac8 -> origin/H34-modulo-iac-kaos  (forced update)
job-core	Checkout code	2025-03-27T14:40:33.8498305Z ##[endgroup]
job-core	Checkout code	2025-03-27T14:40:33.8499470Z ##[group]Determining the checkout info
job-core	Checkout code	2025-03-27T14:40:33.8500801Z ##[endgroup]
job-core	Checkout code	2025-03-27T14:40:33.8505186Z [command]/usr/bin/git sparse-checkout disable
job-core	Checkout code	2025-03-27T14:40:33.8560188Z [command]/usr/bin/git config --local --unset-all extensions.worktreeConfig
job-core	Checkout code	2025-03-27T14:40:33.8602295Z ##[group]Checking out the ref
job-core	Checkout code	2025-03-27T14:40:33.8609791Z [command]/usr/bin/git checkout --progress --force -B H34-modulo-iac-kaos refs/remotes/origin/H34-modulo-iac-kaos
job-core	Checkout code	2025-03-27T14:40:33.8729713Z Previous HEAD position was 09439f1 [Ka0S] Uploading resume execution files to the repository...
job-core	Checkout code	2025-03-27T14:40:33.8744508Z Switched to a new branch 'H34-modulo-iac-kaos'
job-core	Checkout code	2025-03-27T14:40:33.8750111Z branch 'H34-modulo-iac-kaos' set up to track 'origin/H34-modulo-iac-kaos'.
job-core	Checkout code	2025-03-27T14:40:33.8759350Z ##[endgroup]
job-core	Checkout code	2025-03-27T14:40:33.8820493Z [command]/usr/bin/git log -1 --format=%H
job-core	Checkout code	2025-03-27T14:40:33.8865826Z c30f3094ced01eb6185bf46decdde4c581e92ac8
job-core	Install Node.js	﻿2025-03-27T14:40:33.9190293Z ##[group]Run actions/setup-node@v2
job-core	Install Node.js	2025-03-27T14:40:33.9286863Z with:
job-core	Install Node.js	2025-03-27T14:40:33.9287512Z   node-version: 14
job-core	Install Node.js	2025-03-27T14:40:33.9288210Z   always-auth: false
job-core	Install Node.js	2025-03-27T14:40:33.9289045Z   check-latest: false
job-core	Install Node.js	2025-03-27T14:40:33.9289781Z   token: ***
job-core	Install Node.js	2025-03-27T14:40:33.9290220Z env:
job-core	Install Node.js	2025-03-27T14:40:33.9290505Z   KAOS_MODULE: [Ka0S] JSONLINT
job-core	Install Node.js	2025-03-27T14:40:33.9291402Z   GH_TOKEN: ***
job-core	Install Node.js	2025-03-27T14:40:33.9291715Z   KAOS_JSONLINT_CONFIG: core/config/.jsonlint.json
job-core	Install Node.js	2025-03-27T14:40:33.9292129Z   KAOS_PATH_RESUME: core/outputs/j/
job-core	Install Node.js	2025-03-27T14:40:33.9292513Z   KAOS_REPO: /actions-runner/_work/kaos/kaos
job-core	Install Node.js	2025-03-27T14:40:33.9292874Z   KAOS_STEP_MODULE: 
job-core	Install Node.js	2025-03-27T14:40:33.9293146Z   KAOS_CODE: 14109294012
job-core	Install Node.js	2025-03-27T14:40:33.9293434Z   KAOS_REF_BRANCH: main
job-core	Install Node.js	2025-03-27T14:40:33.9293704Z ##[endgroup]
job-core	Install Node.js	2025-03-27T14:40:34.1245368Z Found in cache @ /actions-runner/_work/_tool/node/14.21.3/x64
job-core	Install jsonlint	﻿2025-03-27T14:40:34.1428393Z ##[group]Run if ! command -v jsonlint &> /dev/null; then
job-core	Install jsonlint	2025-03-27T14:40:34.1429066Z [36;1mif ! command -v jsonlint &> /dev/null; then[0m
job-core	Install jsonlint	2025-03-27T14:40:34.1429483Z [36;1m  echo "Installing jsonlint..."[0m
job-core	Install jsonlint	2025-03-27T14:40:34.1429843Z [36;1m  npm install -g jsonlint[0m
job-core	Install jsonlint	2025-03-27T14:40:34.1430159Z [36;1melse[0m
job-core	Install jsonlint	2025-03-27T14:40:34.1430525Z [36;1m  echo "jsonlint already installed, skipping installation"[0m
job-core	Install jsonlint	2025-03-27T14:40:34.1430972Z [36;1mfi[0m
job-core	Install jsonlint	2025-03-27T14:40:34.1431229Z [36;1mmkdir -p core/outputs/j/[0m
job-core	Install jsonlint	2025-03-27T14:40:34.1449891Z shell: /usr/bin/bash -e {0}
job-core	Install jsonlint	2025-03-27T14:40:34.1450269Z env:
job-core	Install jsonlint	2025-03-27T14:40:34.1450510Z   KAOS_MODULE: [Ka0S] JSONLINT
job-core	Install jsonlint	2025-03-27T14:40:34.1451147Z   GH_TOKEN: ***
job-core	Install jsonlint	2025-03-27T14:40:34.1451452Z   KAOS_JSONLINT_CONFIG: core/config/.jsonlint.json
job-core	Install jsonlint	2025-03-27T14:40:34.1451850Z   KAOS_PATH_RESUME: core/outputs/j/
job-core	Install jsonlint	2025-03-27T14:40:34.1452207Z   KAOS_REPO: /actions-runner/_work/kaos/kaos
job-core	Install jsonlint	2025-03-27T14:40:34.1452558Z   KAOS_STEP_MODULE: 
job-core	Install jsonlint	2025-03-27T14:40:34.1452874Z   KAOS_CODE: 14109294012
job-core	Install jsonlint	2025-03-27T14:40:34.1453150Z   KAOS_REF_BRANCH: main
job-core	Install jsonlint	2025-03-27T14:40:34.1453424Z ##[endgroup]
job-core	Install jsonlint	2025-03-27T14:40:34.1534431Z jsonlint already installed, skipping installation
job-core	Check JSON	﻿2025-03-27T14:40:34.1608900Z ##[group]Run # Invocamos la primera comprobación de base, sino se supera el proceso no continua
job-core	Check JSON	2025-03-27T14:40:34.1609969Z [36;1m# Invocamos la primera comprobación de base, sino se supera el proceso no continua[0m
job-core	Check JSON	2025-03-27T14:40:34.1610578Z [36;1m# Extraemos el nombre del fichero[0m
job-core	Check JSON	2025-03-27T14:40:34.1611028Z [36;1mfile_name=$(basename "core/outputs/e/14102484847.json")[0m
job-core	Check JSON	2025-03-27T14:40:34.1611510Z [36;1m# Generamos el fichero de resultados vacio[0m
job-core	Check JSON	2025-03-27T14:40:34.1611999Z [36;1mtouch core/outputs/j/jsonlint-results-14109294012.txt[0m
job-core	Check JSON	2025-03-27T14:40:34.1612483Z [36;1m# Realizamos el check del documento json [0m
job-core	Check JSON	2025-03-27T14:40:34.1613123Z [36;1mjsonlint core/outputs/e/14102484847.json > core/outputs/j/jsonlint-results-14109294012.txt[0m
job-core	Check JSON	2025-03-27T14:40:34.1614092Z [36;1m# esto es un workarround importante que hay que retirar[0m
job-core	Check JSON	2025-03-27T14:40:34.1614776Z [36;1m#rm -rf core/outputs/j/jsonlint-results-14109294012.txt[0m
job-core	Check JSON	2025-03-27T14:40:34.1615505Z [36;1m# a retirar[0m
job-core	Check JSON	2025-03-27T14:40:34.1615843Z [36;1m# Check if exist errors in file[0m
job-core	Check JSON	2025-03-27T14:40:34.1616192Z [36;1mecho "Mostramos fichero"[0m
job-core	Check JSON	2025-03-27T14:40:34.1616607Z [36;1mcat core/outputs/j/jsonlint-results-14109294012.txt[0m
job-core	Check JSON	2025-03-27T14:40:34.1617175Z [36;1mif [ ! -s core/outputs/j/jsonlint-results-14109294012.txt ]; then[0m
job-core	Check JSON	2025-03-27T14:40:34.1617921Z [36;1m  echo "File core/outputs/j/jsonlint-results-14109294012.txt is empty and is content correct"[0m
job-core	Check JSON	2025-03-27T14:40:34.1619663Z [36;1m  KAOS_ISSUE_BODY="The [Ka0S] JSONLINT process (14109251901) launch the check (14109294012) over file (core/outputs/e/14102484847.json) and its result has been SUCCESS. Please review all files implicated in pull request and approve to merge"[0m
job-core	Check JSON	2025-03-27T14:40:34.1621063Z [36;1m  # Añadimos la versión de jsonlint con la que se realiza la comprobacion[0m
job-core	Check JSON	2025-03-27T14:40:34.1621731Z [36;1m  jsonlint --version >> core/outputs/j/jsonlint-results-14109294012.txt[0m
job-core	Check JSON	2025-03-27T14:40:34.1622337Z [36;1m  # añadimos el nombre del fichero que vamos a comprobar[0m
job-core	Check JSON	2025-03-27T14:40:34.1623051Z [36;1m  echo "Finding: core/outputs/e/14102484847.json" >> core/outputs/j/jsonlint-results-14109294012.txt[0m
job-core	Check JSON	2025-03-27T14:40:34.1624977Z [36;1m  # gh workflow run issue.yaml --ref main -f kaos-issue-title="" -f kaos-issue-body="$KAOS_ISSUE_BODY" -f kaos-issue-actions=comment -f kaos-issue-tag="" -f kaos-issue-id=34[0m
job-core	Check JSON	2025-03-27T14:40:34.1626082Z [36;1m  gh issue comment  34 -F core/outputs/j/jsonlint-results-14109294012.txt[0m
job-core	Check JSON	2025-03-27T14:40:34.1626572Z [36;1melse[0m
job-core	Check JSON	2025-03-27T14:40:34.1626906Z [36;1m  cat core/outputs/j/jsonlint-results-14109294012.txt[0m
job-core	Check JSON	2025-03-27T14:40:34.1627733Z [36;1m  echo "File core/outputs/j/jsonlint-results-14109294012.txt is not empty and is content not correct and write commit info"[0m
job-core	Check JSON	2025-03-27T14:40:34.1629137Z [36;1m  KAOS_ISSUE_BODY="The [Ka0S] JSONLINT process (14109251901) launch the check (14109294012) over file (core/outputs/e/14102484847.json) and its result has been FAILED, please check and solved it"[0m
job-core	Check JSON	2025-03-27T14:40:34.1630315Z [36;1m  # Añadimos la versión de jsonlint con la que se realiza la comprobacion[0m
job-core	Check JSON	2025-03-27T14:40:34.1630989Z [36;1m  # jsonlint --version || true >> core/outputs/j/jsonlint-results-14109294012.txt[0m
job-core	Check JSON	2025-03-27T14:40:34.1631612Z [36;1m  # añadimos el nombre del fichero que vamos a comprobar[0m
job-core	Check JSON	2025-03-27T14:40:34.1632319Z [36;1m  echo "Finding: core/outputs/e/14102484847.json" >> core/outputs/j/jsonlint-results-14109294012.txt[0m
job-core	Check JSON	2025-03-27T14:40:34.1633507Z [36;1m  # gh workflow run issue.yaml --ref main -f kaos-issue-title="" -f kaos-issue-body="$KAOS_ISSUE_BODY" -f kaos-issue-actions=comment -f kaos-issue-tag="" -f kaos-issue-id=34 [0m
job-core	Check JSON	2025-03-27T14:40:34.1635194Z [36;1m  gh issue comment  34 -F core/outputs/j/jsonlint-results-14109294012.txt[0m
job-core	Check JSON	2025-03-27T14:40:34.1635681Z [36;1mfi[0m
job-core	Check JSON	2025-03-27T14:40:34.1646102Z shell: /usr/bin/bash -e {0}
job-core	Check JSON	2025-03-27T14:40:34.1646427Z env:
job-core	Check JSON	2025-03-27T14:40:34.1646671Z   KAOS_MODULE: [Ka0S] JSONLINT
job-core	Check JSON	2025-03-27T14:40:34.1647479Z   GH_TOKEN: ***
job-core	Check JSON	2025-03-27T14:40:34.1647787Z   KAOS_JSONLINT_CONFIG: core/config/.jsonlint.json
job-core	Check JSON	2025-03-27T14:40:34.1648188Z   KAOS_PATH_RESUME: core/outputs/j/
job-core	Check JSON	2025-03-27T14:40:34.1648562Z   KAOS_REPO: /actions-runner/_work/kaos/kaos
job-core	Check JSON	2025-03-27T14:40:34.1648920Z   KAOS_STEP_MODULE: 
job-core	Check JSON	2025-03-27T14:40:34.1649184Z   KAOS_CODE: 14109294012
job-core	Check JSON	2025-03-27T14:40:34.1649457Z   KAOS_REF_BRANCH: main
job-core	Check JSON	2025-03-27T14:40:34.1649752Z ##[endgroup]
job-core	Check JSON	2025-03-27T14:40:34.3133070Z internal/fs/utils.js:332
job-core	Check JSON	2025-03-27T14:40:34.3133904Z     throw err;
job-core	Check JSON	2025-03-27T14:40:34.3134419Z     ^
job-core	Check JSON	2025-03-27T14:40:34.3134883Z 
job-core	Check JSON	2025-03-27T14:40:34.3135717Z Error: ENOENT: no such file or directory, open 'core/outputs/e/14102484847.json'
job-core	Check JSON	2025-03-27T14:40:34.3136653Z     at Object.openSync (fs.js:498:3)
job-core	Check JSON	2025-03-27T14:40:34.3137797Z     at Object.readFileSync (fs.js:394:35)
job-core	Check JSON	2025-03-27T14:40:34.3139837Z     at main (/actions-runner/_work/_tool/node/14.21.3/x64/lib/node_modules/jsonlint/lib/cli.js:135:23)
job-core	Check JSON	2025-03-27T14:40:34.3143390Z     at Object.<anonymous> (/actions-runner/_work/_tool/node/14.21.3/x64/lib/node_modules/jsonlint/lib/cli.js:179:1)
job-core	Check JSON	2025-03-27T14:40:34.3144612Z     at Module._compile (internal/modules/cjs/loader.js:1114:14)
job-core	Check JSON	2025-03-27T14:40:34.3146124Z     at Object.Module._extensions..js (internal/modules/cjs/loader.js:1143:10)
job-core	Check JSON	2025-03-27T14:40:34.3147761Z     at Module.load (internal/modules/cjs/loader.js:979:32)
job-core	Check JSON	2025-03-27T14:40:34.3149553Z     at Function.Module._load (internal/modules/cjs/loader.js:819:12)
job-core	Check JSON	2025-03-27T14:40:34.3151741Z     at Function.executeUserEntryPoint [as runMain] (internal/modules/run_main.js:75:12)
job-core	Check JSON	2025-03-27T14:40:34.3153642Z     at internal/main/run_main_module.js:17:47 {
job-core	Check JSON	2025-03-27T14:40:34.3154283Z   errno: -2,
job-core	Check JSON	2025-03-27T14:40:34.3154543Z   syscall: 'open',
job-core	Check JSON	2025-03-27T14:40:34.3154813Z   code: 'ENOENT',
job-core	Check JSON	2025-03-27T14:40:34.3155158Z   path: 'core/outputs/e/14102484847.json'
job-core	Check JSON	2025-03-27T14:40:34.3155552Z }
job-core	Check JSON	2025-03-27T14:40:34.3183004Z ##[error]Process completed with exit code 1.
job-core	Post Checkout code	﻿2025-03-27T14:40:34.3361736Z Post job cleanup.
job-core	Post Checkout code	2025-03-27T14:40:34.4691201Z [command]/usr/bin/git version
job-core	Post Checkout code	2025-03-27T14:40:34.4747474Z git version 2.48.1
job-core	Post Checkout code	2025-03-27T14:40:34.4803029Z Copying '/home/kaos/.gitconfig' to '/actions-runner/_work/_temp/8519198c-2b2a-41cd-95a0-0c2894aa3b1d/.gitconfig'
job-core	Post Checkout code	2025-03-27T14:40:34.4818623Z Temporarily overriding HOME='/actions-runner/_work/_temp/8519198c-2b2a-41cd-95a0-0c2894aa3b1d' before making global git config changes
job-core	Post Checkout code	2025-03-27T14:40:34.4821322Z Adding repository directory to the temporary git global config as a safe directory
job-core	Post Checkout code	2025-03-27T14:40:34.4828915Z [command]/usr/bin/git config --global --add safe.directory /actions-runner/_work/ka0s/ka0s
job-core	Post Checkout code	2025-03-27T14:40:34.4882981Z [command]/usr/bin/git config --local --name-only --get-regexp core\.sshCommand
job-core	Post Checkout code	2025-03-27T14:40:34.4948142Z [command]/usr/bin/git submodule foreach --recursive sh -c "git config --local --name-only --get-regexp 'core\.sshCommand' && git config --local --unset-all 'core.sshCommand' || :"
job-core	Post Checkout code	2025-03-27T14:40:34.5361020Z [command]/usr/bin/git config --local --name-only --get-regexp http\.https\:\/\/github\.com\/\.extraheader
job-core	Post Checkout code	2025-03-27T14:40:34.5398350Z http.https://github.com/.extraheader
job-core	Post Checkout code	2025-03-27T14:40:34.5418072Z [command]/usr/bin/git config --local --unset-all http.https://github.com/.extraheader
job-core	Post Checkout code	2025-03-27T14:40:34.5471989Z [command]/usr/bin/git submodule foreach --recursive sh -c "git config --local --name-only --get-regexp 'http\.https\:\/\/github\.com\/\.extraheader' && git config --local --unset-all 'http.https://github.com/.extraheader' || :"
job-core	Complete job	﻿2025-03-27T14:40:34.6096282Z Cleaning up orphan processes
handle_failure	Set up job	﻿2025-03-27T14:45:29.1312475Z Current runner version: '2.323.0'
handle_failure	Set up job	2025-03-27T14:45:29.1322879Z Runner name: 'kaos-4'
handle_failure	Set up job	2025-03-27T14:45:29.1324669Z Machine name: '3fe80eba0036'
handle_failure	Set up job	2025-03-27T14:45:29.1328788Z ##[group]GITHUB_TOKEN Permissions
handle_failure	Set up job	2025-03-27T14:45:29.1332059Z Actions: write
handle_failure	Set up job	2025-03-27T14:45:29.1333108Z Contents: write
handle_failure	Set up job	2025-03-27T14:45:29.1334089Z Issues: write
handle_failure	Set up job	2025-03-27T14:45:29.1334812Z Metadata: read
handle_failure	Set up job	2025-03-27T14:45:29.1335594Z PullRequests: write
handle_failure	Set up job	2025-03-27T14:45:29.1336308Z ##[endgroup]
handle_failure	Set up job	2025-03-27T14:45:29.1339632Z Secret source: Actions
handle_failure	Set up job	2025-03-27T14:45:29.1340744Z Prepare workflow directory
handle_failure	Set up job	2025-03-27T14:45:29.2436856Z Prepare all required actions
handle_failure	Set up job	2025-03-27T14:45:29.2523417Z Getting action download info
handle_failure	Set up job	2025-03-27T14:45:30.0973404Z Download action repository 'actions/checkout@v4' (SHA:11bd71901bbe5b1630ceea73d27597364c9af683)
handle_failure	Set up job	2025-03-27T14:45:32.8000091Z Complete job name: handle_failure
handle_failure	Checkout code	﻿2025-03-27T14:45:32.9158364Z ##[group]Run actions/checkout@v4
handle_failure	Checkout code	2025-03-27T14:45:32.9160647Z with:
handle_failure	Checkout code	2025-03-27T14:45:32.9162133Z   fetch-depth: 0
handle_failure	Checkout code	2025-03-27T14:45:32.9165077Z   token: ***
handle_failure	Checkout code	2025-03-27T14:45:32.9166429Z   repository: Ka0s-Klaus/ka0s
handle_failure	Checkout code	2025-03-27T14:45:32.9167879Z   ssh-strict: true
handle_failure	Checkout code	2025-03-27T14:45:32.9169252Z   ssh-user: git
handle_failure	Checkout code	2025-03-27T14:45:32.9170651Z   persist-credentials: true
handle_failure	Checkout code	2025-03-27T14:45:32.9172103Z   clean: true
handle_failure	Checkout code	2025-03-27T14:45:32.9173438Z   sparse-checkout-cone-mode: true
handle_failure	Checkout code	2025-03-27T14:45:32.9175362Z   fetch-tags: false
handle_failure	Checkout code	2025-03-27T14:45:32.9176676Z   show-progress: true
handle_failure	Checkout code	2025-03-27T14:45:32.9178007Z   lfs: false
handle_failure	Checkout code	2025-03-27T14:45:32.9179342Z   submodules: false
handle_failure	Checkout code	2025-03-27T14:45:32.9180655Z   set-safe-directory: true
handle_failure	Checkout code	2025-03-27T14:45:32.9182787Z env:
handle_failure	Checkout code	2025-03-27T14:45:32.9184491Z   KAOS_MODULE: [Ka0S] JSONLINT
handle_failure	Checkout code	2025-03-27T14:45:32.9186352Z   GH_TOKEN: ***
handle_failure	Checkout code	2025-03-27T14:45:32.9187780Z   KAOS_JSONLINT_CONFIG: core/config/.jsonlint.json
handle_failure	Checkout code	2025-03-27T14:45:32.9189470Z   KAOS_PATH_RESUME: core/outputs/j/
handle_failure	Checkout code	2025-03-27T14:45:32.9191171Z   KAOS_REPO: /actions-runner/_work/kaos/kaos
handle_failure	Checkout code	2025-03-27T14:45:32.9192738Z   KAOS_STEP_MODULE: 
handle_failure	Checkout code	2025-03-27T14:45:32.9194508Z   KAOS_CODE: 14109294012
handle_failure	Checkout code	2025-03-27T14:45:32.9196064Z   KAOS_REF_BRANCH: main
handle_failure	Checkout code	2025-03-27T14:45:32.9197421Z ##[endgroup]
handle_failure	Checkout code	2025-03-27T14:45:33.1790379Z Syncing repository: Ka0s-Klaus/ka0s
handle_failure	Checkout code	2025-03-27T14:45:33.1795013Z ##[group]Getting Git version info
handle_failure	Checkout code	2025-03-27T14:45:33.1797139Z Working directory is '/actions-runner/_work/ka0s/ka0s'
handle_failure	Checkout code	2025-03-27T14:45:33.1800426Z [command]/usr/bin/git version
handle_failure	Checkout code	2025-03-27T14:45:33.1802173Z git version 2.48.1
handle_failure	Checkout code	2025-03-27T14:45:33.1807742Z ##[endgroup]
handle_failure	Checkout code	2025-03-27T14:45:33.1821652Z Copying '/home/kaos/.gitconfig' to '/actions-runner/_work/_temp/ec067aa0-038f-40c9-bd3b-d55cfd225319/.gitconfig'
handle_failure	Checkout code	2025-03-27T14:45:33.1825999Z Temporarily overriding HOME='/actions-runner/_work/_temp/ec067aa0-038f-40c9-bd3b-d55cfd225319' before making global git config changes
handle_failure	Checkout code	2025-03-27T14:45:33.1829520Z Adding repository directory to the temporary git global config as a safe directory
handle_failure	Checkout code	2025-03-27T14:45:33.1832699Z [command]/usr/bin/git config --global --add safe.directory /actions-runner/_work/ka0s/ka0s
handle_failure	Checkout code	2025-03-27T14:45:33.1837897Z [command]/usr/bin/git config --local --get remote.origin.url
handle_failure	Checkout code	2025-03-27T14:45:33.1840626Z https://github.com/Ka0s-Klaus/ka0s
handle_failure	Checkout code	2025-03-27T14:45:33.1845800Z ##[group]Removing previously created refs, to avoid conflicts
handle_failure	Checkout code	2025-03-27T14:45:33.1848401Z [command]/usr/bin/git rev-parse --symbolic-full-name --verify --quiet HEAD
handle_failure	Checkout code	2025-03-27T14:45:33.1850782Z refs/heads/H34-modulo-iac-kaos
handle_failure	Checkout code	2025-03-27T14:45:33.1859932Z [command]/usr/bin/git checkout --detach
handle_failure	Checkout code	2025-03-27T14:45:33.2000920Z HEAD is now at 09439f1 [Ka0S] Uploading resume execution files to the repository...
handle_failure	Checkout code	2025-03-27T14:45:33.2082098Z [command]/usr/bin/git branch --delete --force H34-modulo-iac-kaos
handle_failure	Checkout code	2025-03-27T14:45:33.2126275Z Deleted branch H34-modulo-iac-kaos (was 09439f1).
handle_failure	Checkout code	2025-03-27T14:45:33.2199085Z ##[endgroup]
handle_failure	Checkout code	2025-03-27T14:45:33.2200853Z [command]/usr/bin/git submodule status
handle_failure	Checkout code	2025-03-27T14:45:33.2606005Z ##[group]Cleaning the repository
handle_failure	Checkout code	2025-03-27T14:45:33.2608130Z [command]/usr/bin/git clean -ffdx
handle_failure	Checkout code	2025-03-27T14:45:33.2704764Z [command]/usr/bin/git reset --hard HEAD
handle_failure	Checkout code	2025-03-27T14:45:33.2913517Z HEAD is now at 09439f1 [Ka0S] Uploading resume execution files to the repository...
handle_failure	Checkout code	2025-03-27T14:45:33.2984042Z ##[endgroup]
handle_failure	Checkout code	2025-03-27T14:45:33.2986975Z ##[group]Disabling automatic garbage collection
handle_failure	Checkout code	2025-03-27T14:45:33.2999744Z [command]/usr/bin/git config --local gc.auto 0
handle_failure	Checkout code	2025-03-27T14:45:33.3078257Z ##[endgroup]
handle_failure	Checkout code	2025-03-27T14:45:33.3080920Z ##[group]Setting up auth
handle_failure	Checkout code	2025-03-27T14:45:33.3127022Z [command]/usr/bin/git config --local --name-only --get-regexp core\.sshCommand
handle_failure	Checkout code	2025-03-27T14:45:33.3220375Z [command]/usr/bin/git submodule foreach --recursive sh -c "git config --local --name-only --get-regexp 'core\.sshCommand' && git config --local --unset-all 'core.sshCommand' || :"
handle_failure	Checkout code	2025-03-27T14:45:33.3893939Z [command]/usr/bin/git config --local --name-only --get-regexp http\.https\:\/\/github\.com\/\.extraheader
handle_failure	Checkout code	2025-03-27T14:45:33.4001611Z [command]/usr/bin/git submodule foreach --recursive sh -c "git config --local --name-only --get-regexp 'http\.https\:\/\/github\.com\/\.extraheader' && git config --local --unset-all 'http.https://github.com/.extraheader' || :"
handle_failure	Checkout code	2025-03-27T14:45:33.5131117Z [command]/usr/bin/git config --local http.https://github.com/.extraheader AUTHORIZATION: basic ***
handle_failure	Checkout code	2025-03-27T14:45:33.5315134Z ##[endgroup]
handle_failure	Checkout code	2025-03-27T14:45:33.5356906Z ##[group]Fetching the repository
handle_failure	Checkout code	2025-03-27T14:45:33.5384643Z [command]/usr/bin/git -c protocol.version=2 fetch --prune --no-recurse-submodules origin +refs/heads/*:refs/remotes/origin/* +refs/tags/*:refs/tags/*
handle_failure	Checkout code	2025-03-27T14:45:34.8121356Z From https://github.com/Ka0s-Klaus/ka0s
handle_failure	Checkout code	2025-03-27T14:45:34.8126015Z    09439f1..ebb5fea  H34-modulo-iac-kaos -> origin/H34-modulo-iac-kaos
handle_failure	Checkout code	2025-03-27T14:45:34.8151485Z    acdbda9..d692550  main                -> origin/main
handle_failure	Checkout code	2025-03-27T14:45:34.8251782Z [command]/usr/bin/git branch --list --remote origin/H34-modulo-iac-kaos
handle_failure	Checkout code	2025-03-27T14:45:34.8329919Z   origin/H34-modulo-iac-kaos
handle_failure	Checkout code	2025-03-27T14:45:34.8361387Z [command]/usr/bin/git rev-parse refs/remotes/origin/H34-modulo-iac-kaos
handle_failure	Checkout code	2025-03-27T14:45:34.8452407Z ebb5fea275960b9fd52268ba260ba4f40de9af06
handle_failure	Checkout code	2025-03-27T14:45:34.8491280Z [command]/usr/bin/git -c protocol.version=2 fetch --no-tags --prune --no-recurse-submodules origin +c30f3094ced01eb6185bf46decdde4c581e92ac8:refs/remotes/origin/H34-modulo-iac-kaos
handle_failure	Checkout code	2025-03-27T14:45:36.1386150Z From https://github.com/Ka0s-Klaus/ka0s
handle_failure	Checkout code	2025-03-27T14:45:36.1416152Z  + ebb5fea...c30f309 c30f3094ced01eb6185bf46decdde4c581e92ac8 -> origin/H34-modulo-iac-kaos  (forced update)
handle_failure	Checkout code	2025-03-27T14:45:36.1593363Z ##[endgroup]
handle_failure	Checkout code	2025-03-27T14:45:36.1595220Z ##[group]Determining the checkout info
handle_failure	Checkout code	2025-03-27T14:45:36.1601531Z ##[endgroup]
handle_failure	Checkout code	2025-03-27T14:45:36.1622496Z [command]/usr/bin/git sparse-checkout disable
handle_failure	Checkout code	2025-03-27T14:45:36.1734279Z [command]/usr/bin/git config --local --unset-all extensions.worktreeConfig
handle_failure	Checkout code	2025-03-27T14:45:36.1791767Z ##[group]Checking out the ref
handle_failure	Checkout code	2025-03-27T14:45:36.1793683Z [command]/usr/bin/git checkout --progress --force -B H34-modulo-iac-kaos refs/remotes/origin/H34-modulo-iac-kaos
handle_failure	Checkout code	2025-03-27T14:45:36.1931761Z Previous HEAD position was 09439f1 [Ka0S] Uploading resume execution files to the repository...
handle_failure	Checkout code	2025-03-27T14:45:36.1955511Z Switched to a new branch 'H34-modulo-iac-kaos'
handle_failure	Checkout code	2025-03-27T14:45:36.1957585Z branch 'H34-modulo-iac-kaos' set up to track 'origin/H34-modulo-iac-kaos'.
handle_failure	Checkout code	2025-03-27T14:45:36.1972678Z ##[endgroup]
handle_failure	Checkout code	2025-03-27T14:45:36.2055964Z [command]/usr/bin/git log -1 --format=%H
handle_failure	Checkout code	2025-03-27T14:45:36.2117442Z c30f3094ced01eb6185bf46decdde4c581e92ac8
handle_failure	handle-failure-execution	﻿2025-03-27T14:45:36.2484773Z ##[group]Run echo "Error detected in process"
handle_failure	handle-failure-execution	2025-03-27T14:45:36.2485777Z [36;1mecho "Error detected in process"[0m
handle_failure	handle-failure-execution	2025-03-27T14:45:36.2486753Z [36;1mRNNUMBER=$(echo "refs/heads/H34-modulo-iac-kaos" | grep -o '[0-9]*')[0m
handle_failure	handle-failure-execution	2025-03-27T14:45:36.2488708Z [36;1mgh issue comment $RNNUMBER --body "El proceso no ha finalizado correctamente 14109294012. El resultado está en el fichero core/results/event_data14109294012.log"[0m
handle_failure	handle-failure-execution	2025-03-27T14:45:36.2515288Z shell: /usr/bin/bash -e {0}
handle_failure	handle-failure-execution	2025-03-27T14:45:36.2516751Z env:
handle_failure	handle-failure-execution	2025-03-27T14:45:36.2517161Z   KAOS_MODULE: [Ka0S] JSONLINT
handle_failure	handle-failure-execution	2025-03-27T14:45:36.2518042Z   GH_TOKEN: ***
handle_failure	handle-failure-execution	2025-03-27T14:45:36.2518576Z   KAOS_JSONLINT_CONFIG: core/config/.jsonlint.json
handle_failure	handle-failure-execution	2025-03-27T14:45:36.2519260Z   KAOS_PATH_RESUME: core/outputs/j/
handle_failure	handle-failure-execution	2025-03-27T14:45:36.2519834Z   KAOS_REPO: /actions-runner/_work/kaos/kaos
handle_failure	handle-failure-execution	2025-03-27T14:45:36.2520450Z   KAOS_STEP_MODULE: 
handle_failure	handle-failure-execution	2025-03-27T14:45:36.2520894Z   KAOS_CODE: 14109294012
handle_failure	handle-failure-execution	2025-03-27T14:45:36.2521369Z   KAOS_REF_BRANCH: main
handle_failure	handle-failure-execution	2025-03-27T14:45:36.2521970Z ##[endgroup]
handle_failure	handle-failure-execution	2025-03-27T14:45:36.2623363Z Error detected in process
handle_failure	handle-failure-execution	2025-03-27T14:45:38.1777128Z https://github.com/Ka0s-Klaus/ka0s/issues/34#issuecomment-2758338866
handle_failure	Post Checkout code	﻿2025-03-27T14:45:38.1980717Z Post job cleanup.
handle_failure	Post Checkout code	2025-03-27T14:45:38.3507779Z [command]/usr/bin/git version
handle_failure	Post Checkout code	2025-03-27T14:45:38.3568090Z git version 2.48.1
handle_failure	Post Checkout code	2025-03-27T14:45:38.3630654Z Copying '/home/kaos/.gitconfig' to '/actions-runner/_work/_temp/f3631685-9654-465d-8e2e-e1e2d22a443b/.gitconfig'
handle_failure	Post Checkout code	2025-03-27T14:45:38.3650153Z Temporarily overriding HOME='/actions-runner/_work/_temp/f3631685-9654-465d-8e2e-e1e2d22a443b' before making global git config changes
handle_failure	Post Checkout code	2025-03-27T14:45:38.3653926Z Adding repository directory to the temporary git global config as a safe directory
handle_failure	Post Checkout code	2025-03-27T14:45:38.3662150Z [command]/usr/bin/git config --global --add safe.directory /actions-runner/_work/ka0s/ka0s
handle_failure	Post Checkout code	2025-03-27T14:45:38.3721651Z [command]/usr/bin/git config --local --name-only --get-regexp core\.sshCommand
handle_failure	Post Checkout code	2025-03-27T14:45:38.3799415Z [command]/usr/bin/git submodule foreach --recursive sh -c "git config --local --name-only --get-regexp 'core\.sshCommand' && git config --local --unset-all 'core.sshCommand' || :"
handle_failure	Post Checkout code	2025-03-27T14:45:38.4224971Z [command]/usr/bin/git config --local --name-only --get-regexp http\.https\:\/\/github\.com\/\.extraheader
handle_failure	Post Checkout code	2025-03-27T14:45:38.4264439Z http.https://github.com/.extraheader
handle_failure	Post Checkout code	2025-03-27T14:45:38.4290808Z [command]/usr/bin/git config --local --unset-all http.https://github.com/.extraheader
handle_failure	Post Checkout code	2025-03-27T14:45:38.4347369Z [command]/usr/bin/git submodule foreach --recursive sh -c "git config --local --name-only --get-regexp 'http\.https\:\/\/github\.com\/\.extraheader' && git config --local --unset-all 'http.https://github.com/.extraheader' || :"
handle_failure	Complete job	﻿2025-03-27T14:45:38.5592450Z Cleaning up orphan processes
end-workflow	Set up job	﻿2025-03-27T14:48:22.5546400Z Current runner version: '2.323.0'
end-workflow	Set up job	2025-03-27T14:48:22.5568353Z Runner name: 'kaos-4'
end-workflow	Set up job	2025-03-27T14:48:22.5570637Z Machine name: '3fe80eba0036'
end-workflow	Set up job	2025-03-27T14:48:22.5592868Z ##[group]GITHUB_TOKEN Permissions
end-workflow	Set up job	2025-03-27T14:48:22.5598104Z Actions: write
end-workflow	Set up job	2025-03-27T14:48:22.5599452Z Contents: write
end-workflow	Set up job	2025-03-27T14:48:22.5600750Z Issues: write
end-workflow	Set up job	2025-03-27T14:48:22.5601832Z Metadata: read
end-workflow	Set up job	2025-03-27T14:48:22.5602970Z PullRequests: write
end-workflow	Set up job	2025-03-27T14:48:22.5604333Z ##[endgroup]
end-workflow	Set up job	2025-03-27T14:48:22.5609181Z Secret source: Actions
end-workflow	Set up job	2025-03-27T14:48:22.5610825Z Prepare workflow directory
end-workflow	Set up job	2025-03-27T14:48:22.7736322Z Prepare all required actions
end-workflow	Set up job	2025-03-27T14:48:22.7836557Z Getting action download info
end-workflow	Set up job	2025-03-27T14:48:23.7691041Z Download action repository 'actions/checkout@v4' (SHA:11bd71901bbe5b1630ceea73d27597364c9af683)
end-workflow	Set up job	2025-03-27T14:48:26.2183967Z Complete job name: end-workflow
end-workflow	Checkout code	﻿2025-03-27T14:48:26.3089666Z ##[group]Run actions/checkout@v4
end-workflow	Checkout code	2025-03-27T14:48:26.3090806Z with:
end-workflow	Checkout code	2025-03-27T14:48:26.3091202Z   fetch-depth: 0
end-workflow	Checkout code	2025-03-27T14:48:26.3092121Z   token: ***
end-workflow	Checkout code	2025-03-27T14:48:26.3092522Z   repository: Ka0s-Klaus/ka0s
end-workflow	Checkout code	2025-03-27T14:48:26.3092958Z   ssh-strict: true
end-workflow	Checkout code	2025-03-27T14:48:26.3093323Z   ssh-user: git
end-workflow	Checkout code	2025-03-27T14:48:26.3093709Z   persist-credentials: true
end-workflow	Checkout code	2025-03-27T14:48:26.3094305Z   clean: true
end-workflow	Checkout code	2025-03-27T14:48:26.3094687Z   sparse-checkout-cone-mode: true
end-workflow	Checkout code	2025-03-27T14:48:26.3095144Z   fetch-tags: false
end-workflow	Checkout code	2025-03-27T14:48:26.3095558Z   show-progress: true
end-workflow	Checkout code	2025-03-27T14:48:26.3095936Z   lfs: false
end-workflow	Checkout code	2025-03-27T14:48:26.3096318Z   submodules: false
end-workflow	Checkout code	2025-03-27T14:48:26.3096716Z   set-safe-directory: true
end-workflow	Checkout code	2025-03-27T14:48:26.3097731Z env:
end-workflow	Checkout code	2025-03-27T14:48:26.3098128Z   KAOS_MODULE: [Ka0S] JSONLINT
end-workflow	Checkout code	2025-03-27T14:48:26.3098796Z   GH_TOKEN: ***
end-workflow	Checkout code	2025-03-27T14:48:26.3099243Z   KAOS_JSONLINT_CONFIG: core/config/.jsonlint.json
end-workflow	Checkout code	2025-03-27T14:48:26.3099801Z   KAOS_PATH_RESUME: core/outputs/j/
end-workflow	Checkout code	2025-03-27T14:48:26.3100399Z   KAOS_REPO: /actions-runner/_work/kaos/kaos
end-workflow	Checkout code	2025-03-27T14:48:26.3100925Z   KAOS_STEP_MODULE: 
end-workflow	Checkout code	2025-03-27T14:48:26.3101345Z   KAOS_CODE: 14109294012
end-workflow	Checkout code	2025-03-27T14:48:26.3101761Z   KAOS_REF_BRANCH: main
end-workflow	Checkout code	2025-03-27T14:48:26.3102159Z ##[endgroup]
end-workflow	Checkout code	2025-03-27T14:48:26.5031387Z Syncing repository: Ka0s-Klaus/ka0s
end-workflow	Checkout code	2025-03-27T14:48:26.5035090Z ##[group]Getting Git version info
end-workflow	Checkout code	2025-03-27T14:48:26.5036477Z Working directory is '/actions-runner/_work/ka0s/ka0s'
end-workflow	Checkout code	2025-03-27T14:48:26.5038196Z [command]/usr/bin/git version
end-workflow	Checkout code	2025-03-27T14:48:26.5039099Z git version 2.48.1
end-workflow	Checkout code	2025-03-27T14:48:26.5042112Z ##[endgroup]
end-workflow	Checkout code	2025-03-27T14:48:26.5052650Z Copying '/home/kaos/.gitconfig' to '/actions-runner/_work/_temp/7107061c-3835-48ce-a798-29d0b0ff06af/.gitconfig'
end-workflow	Checkout code	2025-03-27T14:48:26.5055366Z Temporarily overriding HOME='/actions-runner/_work/_temp/7107061c-3835-48ce-a798-29d0b0ff06af' before making global git config changes
end-workflow	Checkout code	2025-03-27T14:48:26.5058158Z Adding repository directory to the temporary git global config as a safe directory
end-workflow	Checkout code	2025-03-27T14:48:26.5060075Z [command]/usr/bin/git config --global --add safe.directory /actions-runner/_work/ka0s/ka0s
end-workflow	Checkout code	2025-03-27T14:48:26.5063143Z [command]/usr/bin/git config --local --get remote.origin.url
end-workflow	Checkout code	2025-03-27T14:48:26.5064509Z https://github.com/Ka0s-Klaus/ka0s
end-workflow	Checkout code	2025-03-27T14:48:26.5067457Z ##[group]Removing previously created refs, to avoid conflicts
end-workflow	Checkout code	2025-03-27T14:48:26.5075970Z [command]/usr/bin/git rev-parse --symbolic-full-name --verify --quiet HEAD
end-workflow	Checkout code	2025-03-27T14:48:26.5107649Z refs/heads/H34-modulo-iac-kaos
end-workflow	Checkout code	2025-03-27T14:48:26.5123689Z [command]/usr/bin/git checkout --detach
end-workflow	Checkout code	2025-03-27T14:48:26.5246800Z HEAD is now at ebb5fea [Ka0S] Uploading resume execution files to the repository...
end-workflow	Checkout code	2025-03-27T14:48:26.5328620Z [command]/usr/bin/git branch --delete --force H34-modulo-iac-kaos
end-workflow	Checkout code	2025-03-27T14:48:26.5372904Z Deleted branch H34-modulo-iac-kaos (was ebb5fea).
end-workflow	Checkout code	2025-03-27T14:48:26.5440481Z ##[endgroup]
end-workflow	Checkout code	2025-03-27T14:48:26.5446574Z [command]/usr/bin/git submodule status
end-workflow	Checkout code	2025-03-27T14:48:26.5868998Z ##[group]Cleaning the repository
end-workflow	Checkout code	2025-03-27T14:48:26.5876638Z [command]/usr/bin/git clean -ffdx
end-workflow	Checkout code	2025-03-27T14:48:26.5939357Z [command]/usr/bin/git reset --hard HEAD
end-workflow	Checkout code	2025-03-27T14:48:26.6088905Z HEAD is now at ebb5fea [Ka0S] Uploading resume execution files to the repository...
end-workflow	Checkout code	2025-03-27T14:48:26.6102085Z ##[endgroup]
end-workflow	Checkout code	2025-03-27T14:48:26.6105672Z ##[group]Disabling automatic garbage collection
end-workflow	Checkout code	2025-03-27T14:48:26.6110606Z [command]/usr/bin/git config --local gc.auto 0
end-workflow	Checkout code	2025-03-27T14:48:26.6235805Z ##[endgroup]
end-workflow	Checkout code	2025-03-27T14:48:26.6237091Z ##[group]Setting up auth
end-workflow	Checkout code	2025-03-27T14:48:26.6238273Z [command]/usr/bin/git config --local --name-only --get-regexp core\.sshCommand
end-workflow	Checkout code	2025-03-27T14:48:26.6253667Z [command]/usr/bin/git submodule foreach --recursive sh -c "git config --local --name-only --get-regexp 'core\.sshCommand' && git config --local --unset-all 'core.sshCommand' || :"
end-workflow	Checkout code	2025-03-27T14:48:26.6715936Z [command]/usr/bin/git config --local --name-only --get-regexp http\.https\:\/\/github\.com\/\.extraheader
end-workflow	Checkout code	2025-03-27T14:48:26.6766805Z [command]/usr/bin/git submodule foreach --recursive sh -c "git config --local --name-only --get-regexp 'http\.https\:\/\/github\.com\/\.extraheader' && git config --local --unset-all 'http.https://github.com/.extraheader' || :"
end-workflow	Checkout code	2025-03-27T14:48:26.7177722Z [command]/usr/bin/git config --local http.https://github.com/.extraheader AUTHORIZATION: basic ***
end-workflow	Checkout code	2025-03-27T14:48:26.7297427Z ##[endgroup]
end-workflow	Checkout code	2025-03-27T14:48:26.7299502Z ##[group]Fetching the repository
end-workflow	Checkout code	2025-03-27T14:48:26.7325963Z [command]/usr/bin/git -c protocol.version=2 fetch --prune --no-recurse-submodules origin +refs/heads/*:refs/remotes/origin/* +refs/tags/*:refs/tags/*
end-workflow	Checkout code	2025-03-27T14:48:27.9814901Z From https://github.com/Ka0s-Klaus/ka0s
end-workflow	Checkout code	2025-03-27T14:48:27.9823094Z    193824d..e7e89df  main       -> origin/main
end-workflow	Checkout code	2025-03-27T14:48:27.9887176Z [command]/usr/bin/git branch --list --remote origin/H34-modulo-iac-kaos
end-workflow	Checkout code	2025-03-27T14:48:27.9929622Z   origin/H34-modulo-iac-kaos
end-workflow	Checkout code	2025-03-27T14:48:27.9946686Z [command]/usr/bin/git rev-parse refs/remotes/origin/H34-modulo-iac-kaos
end-workflow	Checkout code	2025-03-27T14:48:27.9986559Z ebb5fea275960b9fd52268ba260ba4f40de9af06
end-workflow	Checkout code	2025-03-27T14:48:28.0007433Z [command]/usr/bin/git -c protocol.version=2 fetch --no-tags --prune --no-recurse-submodules origin +c30f3094ced01eb6185bf46decdde4c581e92ac8:refs/remotes/origin/H34-modulo-iac-kaos
end-workflow	Checkout code	2025-03-27T14:48:28.7742566Z From https://github.com/Ka0s-Klaus/ka0s
end-workflow	Checkout code	2025-03-27T14:48:28.7744366Z  + ebb5fea...c30f309 c30f3094ced01eb6185bf46decdde4c581e92ac8 -> origin/H34-modulo-iac-kaos  (forced update)
end-workflow	Checkout code	2025-03-27T14:48:28.7827804Z ##[endgroup]
end-workflow	Checkout code	2025-03-27T14:48:28.7829546Z ##[group]Determining the checkout info
end-workflow	Checkout code	2025-03-27T14:48:28.7855243Z ##[endgroup]
end-workflow	Checkout code	2025-03-27T14:48:28.7856916Z [command]/usr/bin/git sparse-checkout disable
end-workflow	Checkout code	2025-03-27T14:48:28.7930008Z [command]/usr/bin/git config --local --unset-all extensions.worktreeConfig
end-workflow	Checkout code	2025-03-27T14:48:28.8005562Z ##[group]Checking out the ref
end-workflow	Checkout code	2025-03-27T14:48:28.8026349Z [command]/usr/bin/git checkout --progress --force -B H34-modulo-iac-kaos refs/remotes/origin/H34-modulo-iac-kaos
end-workflow	Checkout code	2025-03-27T14:48:28.8235596Z Warning: you are leaving 1 commit behind, not connected to
end-workflow	Checkout code	2025-03-27T14:48:28.8238962Z any of your branches:
end-workflow	Checkout code	2025-03-27T14:48:28.8240015Z 
end-workflow	Checkout code	2025-03-27T14:48:28.8241222Z   ebb5fea [Ka0S] Uploading resume execution files to the repository...
end-workflow	Checkout code	2025-03-27T14:48:28.8245687Z 
end-workflow	Checkout code	2025-03-27T14:48:28.8246934Z If you want to keep it by creating a new branch, this may be a good time
end-workflow	Checkout code	2025-03-27T14:48:28.8249516Z to do so with:
end-workflow	Checkout code	2025-03-27T14:48:28.8250389Z 
end-workflow	Checkout code	2025-03-27T14:48:28.8250923Z  git branch <new-branch-name> ebb5fea
end-workflow	Checkout code	2025-03-27T14:48:28.8251893Z 
end-workflow	Checkout code	2025-03-27T14:48:28.8258580Z Switched to a new branch 'H34-modulo-iac-kaos'
end-workflow	Checkout code	2025-03-27T14:48:28.8273138Z branch 'H34-modulo-iac-kaos' set up to track 'origin/H34-modulo-iac-kaos'.
end-workflow	Checkout code	2025-03-27T14:48:28.8286287Z ##[endgroup]
end-workflow	Checkout code	2025-03-27T14:48:28.8378614Z [command]/usr/bin/git log -1 --format=%H
end-workflow	Checkout code	2025-03-27T14:48:28.8455234Z c30f3094ced01eb6185bf46decdde4c581e92ac8
end-workflow	Finaliza el workflow	﻿2025-03-27T14:48:28.9020062Z ##[group]Run echo "End process"
end-workflow	Finaliza el workflow	2025-03-27T14:48:28.9021739Z [36;1mecho "End process"[0m
end-workflow	Finaliza el workflow	2025-03-27T14:48:28.9023652Z [36;1mRNNUMBER=$(echo "refs/heads/H34-modulo-iac-kaos" | grep -o '[0-9]*')[0m
end-workflow	Finaliza el workflow	2025-03-27T14:48:28.9026567Z [36;1mgh issue comment $RNNUMBER --body "Se finaliza Ka0s 14109294012"[0m
end-workflow	Finaliza el workflow	2025-03-27T14:48:28.9029323Z [36;1mgh workflow run inspector.yml --ref 'main' -f kaos-issue-id=$RNNUMBER -f kaos-workflow-id="14109294012" -f kaos-user-start=""[0m
end-workflow	Finaliza el workflow	2025-03-27T14:48:28.9057841Z shell: /usr/bin/bash -e {0}
end-workflow	Finaliza el workflow	2025-03-27T14:48:28.9059063Z env:
end-workflow	Finaliza el workflow	2025-03-27T14:48:28.9059969Z   KAOS_MODULE: [Ka0S] JSONLINT
end-workflow	Finaliza el workflow	2025-03-27T14:48:28.9061214Z   GH_TOKEN: ***
end-workflow	Finaliza el workflow	2025-03-27T14:48:28.9062024Z   KAOS_JSONLINT_CONFIG: core/config/.jsonlint.json
end-workflow	Finaliza el workflow	2025-03-27T14:48:28.9063179Z   KAOS_PATH_RESUME: core/outputs/j/
end-workflow	Finaliza el workflow	2025-03-27T14:48:28.9064745Z   KAOS_REPO: /actions-runner/_work/kaos/kaos
end-workflow	Finaliza el workflow	2025-03-27T14:48:28.9066100Z   KAOS_STEP_MODULE: 
end-workflow	Finaliza el workflow	2025-03-27T14:48:28.9067089Z   KAOS_CODE: 14109294012
end-workflow	Finaliza el workflow	2025-03-27T14:48:28.9068257Z   KAOS_REF_BRANCH: main
end-workflow	Finaliza el workflow	2025-03-27T14:48:28.9069750Z ##[endgroup]
end-workflow	Finaliza el workflow	2025-03-27T14:48:28.9211618Z End process
end-workflow	Finaliza el workflow	2025-03-27T14:48:31.2530913Z https://github.com/Ka0s-Klaus/ka0s/issues/34#issuecomment-2758348081
end-workflow	Post Checkout code	﻿2025-03-27T14:48:32.2779529Z Post job cleanup.
end-workflow	Post Checkout code	2025-03-27T14:48:32.4431897Z [command]/usr/bin/git version
end-workflow	Post Checkout code	2025-03-27T14:48:32.4495180Z git version 2.48.1
end-workflow	Post Checkout code	2025-03-27T14:48:32.4555402Z Copying '/home/kaos/.gitconfig' to '/actions-runner/_work/_temp/e6ab14e6-a666-46b5-9e7c-8fc678bd06df/.gitconfig'
end-workflow	Post Checkout code	2025-03-27T14:48:32.4576131Z Temporarily overriding HOME='/actions-runner/_work/_temp/e6ab14e6-a666-46b5-9e7c-8fc678bd06df' before making global git config changes
end-workflow	Post Checkout code	2025-03-27T14:48:32.4578083Z Adding repository directory to the temporary git global config as a safe directory
end-workflow	Post Checkout code	2025-03-27T14:48:32.4587780Z [command]/usr/bin/git config --global --add safe.directory /actions-runner/_work/ka0s/ka0s
end-workflow	Post Checkout code	2025-03-27T14:48:32.4656746Z [command]/usr/bin/git config --local --name-only --get-regexp core\.sshCommand
end-workflow	Post Checkout code	2025-03-27T14:48:32.4740465Z [command]/usr/bin/git submodule foreach --recursive sh -c "git config --local --name-only --get-regexp 'core\.sshCommand' && git config --local --unset-all 'core.sshCommand' || :"
end-workflow	Post Checkout code	2025-03-27T14:48:32.5340641Z [command]/usr/bin/git config --local --name-only --get-regexp http\.https\:\/\/github\.com\/\.extraheader
end-workflow	Post Checkout code	2025-03-27T14:48:32.5388704Z http.https://github.com/.extraheader
end-workflow	Post Checkout code	2025-03-27T14:48:32.5421922Z [command]/usr/bin/git config --local --unset-all http.https://github.com/.extraheader
end-workflow	Post Checkout code	2025-03-27T14:48:32.5489616Z [command]/usr/bin/git submodule foreach --recursive sh -c "git config --local --name-only --get-regexp 'http\.https\:\/\/github\.com\/\.extraheader' && git config --local --unset-all 'http.https://github.com/.extraheader' || :"
end-workflow	Complete job	﻿2025-03-27T14:48:32.6050546Z Cleaning up orphan processes
