job-core	Set up job	﻿2025-03-27T14:36:27.3809868Z Current runner version: '2.323.0'
job-core	Set up job	2025-03-27T14:36:27.3823912Z Runner name: 'ka0s-runner-1'
job-core	Set up job	2025-03-27T14:36:27.3825478Z Machine name: '181b3e34799e'
job-core	Set up job	2025-03-27T14:36:27.3829887Z ##[group]GITHUB_TOKEN Permissions
job-core	Set up job	2025-03-27T14:36:27.3833377Z Actions: write
job-core	Set up job	2025-03-27T14:36:27.3834592Z Contents: write
job-core	Set up job	2025-03-27T14:36:27.3835400Z Issues: write
job-core	Set up job	2025-03-27T14:36:27.3836138Z Metadata: read
job-core	Set up job	2025-03-27T14:36:27.3836872Z PullRequests: write
job-core	Set up job	2025-03-27T14:36:27.3837627Z ##[endgroup]
job-core	Set up job	2025-03-27T14:36:27.3841327Z Secret source: Actions
job-core	Set up job	2025-03-27T14:36:27.3842486Z Prepare workflow directory
job-core	Set up job	2025-03-27T14:36:27.5077208Z Prepare all required actions
job-core	Set up job	2025-03-27T14:36:27.5174537Z Getting action download info
job-core	Set up job	2025-03-27T14:36:28.8353004Z Download action repository 'actions/checkout@v4' (SHA:11bd71901bbe5b1630ceea73d27597364c9af683)
job-core	Set up job	2025-03-27T14:36:31.6917365Z Download action repository 'actions/setup-node@v2' (SHA:7c12f8017d5436eb855f1ed4399f037a36fbd9e8)
job-core	Set up job	2025-03-27T14:36:36.0003968Z Complete job name: job-core
job-core	Checkout code	﻿2025-03-27T14:36:36.1150570Z ##[group]Run actions/checkout@v4
job-core	Checkout code	2025-03-27T14:36:36.1152420Z with:
job-core	Checkout code	2025-03-27T14:36:36.1153063Z   fetch-depth: 0
job-core	Checkout code	2025-03-27T14:36:36.1154454Z   token: ***
job-core	Checkout code	2025-03-27T14:36:36.1154997Z   repository: Ka0s-Klaus/ka0s
job-core	Checkout code	2025-03-27T14:36:36.1155677Z   ssh-strict: true
job-core	Checkout code	2025-03-27T14:36:36.1156284Z   ssh-user: git
job-core	Checkout code	2025-03-27T14:36:36.1156909Z   persist-credentials: true
job-core	Checkout code	2025-03-27T14:36:36.1157643Z   clean: true
job-core	Checkout code	2025-03-27T14:36:36.1158195Z   sparse-checkout-cone-mode: true
job-core	Checkout code	2025-03-27T14:36:36.1159103Z   fetch-tags: false
job-core	Checkout code	2025-03-27T14:36:36.1159702Z   show-progress: true
job-core	Checkout code	2025-03-27T14:36:36.1160445Z   lfs: false
job-core	Checkout code	2025-03-27T14:36:36.1161217Z   submodules: false
job-core	Checkout code	2025-03-27T14:36:36.1161791Z   set-safe-directory: true
job-core	Checkout code	2025-03-27T14:36:36.1163336Z env:
job-core	Checkout code	2025-03-27T14:36:36.1164092Z   KAOS_MODULE: [Ka0S] JSONLINT
job-core	Checkout code	2025-03-27T14:36:36.1165160Z   GH_TOKEN: ***
job-core	Checkout code	2025-03-27T14:36:36.1165830Z   KAOS_JSONLINT_CONFIG: core/config/.jsonlint.json
job-core	Checkout code	2025-03-27T14:36:36.1166653Z   KAOS_PATH_RESUME: core/outputs/j/
job-core	Checkout code	2025-03-27T14:36:36.1167518Z   KAOS_REPO: /actions-runner/_work/kaos/kaos
job-core	Checkout code	2025-03-27T14:36:36.1168274Z   KAOS_STEP_MODULE: 
job-core	Checkout code	2025-03-27T14:36:36.1168980Z   KAOS_CODE: 14109275303
job-core	Checkout code	2025-03-27T14:36:36.1169706Z   KAOS_REF_BRANCH: main
job-core	Checkout code	2025-03-27T14:36:36.1170273Z ##[endgroup]
job-core	Checkout code	2025-03-27T14:36:36.3374576Z Syncing repository: Ka0s-Klaus/ka0s
job-core	Checkout code	2025-03-27T14:36:36.3378090Z ##[group]Getting Git version info
job-core	Checkout code	2025-03-27T14:36:36.3379352Z Working directory is '/actions-runner/_work/ka0s/ka0s'
job-core	Checkout code	2025-03-27T14:36:36.3380849Z [command]/usr/bin/git version
job-core	Checkout code	2025-03-27T14:36:36.3381638Z git version 2.48.1
job-core	Checkout code	2025-03-27T14:36:36.3418512Z ##[endgroup]
job-core	Checkout code	2025-03-27T14:36:36.3439931Z Copying '/home/kaos/.gitconfig' to '/actions-runner/_work/_temp/b71728e8-715a-4fc7-b53e-524620b34508/.gitconfig'
job-core	Checkout code	2025-03-27T14:36:36.3460243Z Temporarily overriding HOME='/actions-runner/_work/_temp/b71728e8-715a-4fc7-b53e-524620b34508' before making global git config changes
job-core	Checkout code	2025-03-27T14:36:36.3463606Z Adding repository directory to the temporary git global config as a safe directory
job-core	Checkout code	2025-03-27T14:36:36.3471395Z [command]/usr/bin/git config --global --add safe.directory /actions-runner/_work/ka0s/ka0s
job-core	Checkout code	2025-03-27T14:36:36.3552708Z [command]/usr/bin/git config --local --get remote.origin.url
job-core	Checkout code	2025-03-27T14:36:36.3585524Z https://github.com/Ka0s-Klaus/ka0s
job-core	Checkout code	2025-03-27T14:36:36.3619030Z ##[group]Removing previously created refs, to avoid conflicts
job-core	Checkout code	2025-03-27T14:36:36.3627420Z [command]/usr/bin/git rev-parse --symbolic-full-name --verify --quiet HEAD
job-core	Checkout code	2025-03-27T14:36:36.3667849Z refs/heads/H34-modulo-iac-kaos
job-core	Checkout code	2025-03-27T14:36:36.3687744Z [command]/usr/bin/git checkout --detach
job-core	Checkout code	2025-03-27T14:36:36.3803409Z HEAD is now at 09439f1 [Ka0S] Uploading resume execution files to the repository...
job-core	Checkout code	2025-03-27T14:36:36.3889319Z [command]/usr/bin/git branch --delete --force H34-modulo-iac-kaos
job-core	Checkout code	2025-03-27T14:36:36.3943696Z Deleted branch H34-modulo-iac-kaos (was 09439f1).
job-core	Checkout code	2025-03-27T14:36:36.4023172Z ##[endgroup]
job-core	Checkout code	2025-03-27T14:36:36.4027922Z [command]/usr/bin/git submodule status
job-core	Checkout code	2025-03-27T14:36:36.4430580Z ##[group]Cleaning the repository
job-core	Checkout code	2025-03-27T14:36:36.4431549Z [command]/usr/bin/git clean -ffdx
job-core	Checkout code	2025-03-27T14:36:36.4485075Z Removing core/outputs/j/jsonlint-results-14109270587.txt
job-core	Checkout code	2025-03-27T14:36:36.4499225Z [command]/usr/bin/git reset --hard HEAD
job-core	Checkout code	2025-03-27T14:36:36.4677082Z HEAD is now at 09439f1 [Ka0S] Uploading resume execution files to the repository...
job-core	Checkout code	2025-03-27T14:36:36.4691060Z ##[endgroup]
job-core	Checkout code	2025-03-27T14:36:36.4692832Z ##[group]Disabling automatic garbage collection
job-core	Checkout code	2025-03-27T14:36:36.4717026Z [command]/usr/bin/git config --local gc.auto 0
job-core	Checkout code	2025-03-27T14:36:36.4797593Z ##[endgroup]
job-core	Checkout code	2025-03-27T14:36:36.4798789Z ##[group]Setting up auth
job-core	Checkout code	2025-03-27T14:36:36.4799806Z [command]/usr/bin/git config --local --name-only --get-regexp core\.sshCommand
job-core	Checkout code	2025-03-27T14:36:36.4867945Z [command]/usr/bin/git submodule foreach --recursive sh -c "git config --local --name-only --get-regexp 'core\.sshCommand' && git config --local --unset-all 'core.sshCommand' || :"
job-core	Checkout code	2025-03-27T14:36:36.5377535Z [command]/usr/bin/git config --local --name-only --get-regexp http\.https\:\/\/github\.com\/\.extraheader
job-core	Checkout code	2025-03-27T14:36:36.5438614Z [command]/usr/bin/git submodule foreach --recursive sh -c "git config --local --name-only --get-regexp 'http\.https\:\/\/github\.com\/\.extraheader' && git config --local --unset-all 'http.https://github.com/.extraheader' || :"
job-core	Checkout code	2025-03-27T14:36:36.5959923Z [command]/usr/bin/git config --local http.https://github.com/.extraheader AUTHORIZATION: basic ***
job-core	Checkout code	2025-03-27T14:36:36.6038769Z ##[endgroup]
job-core	Checkout code	2025-03-27T14:36:36.6042141Z ##[group]Fetching the repository
job-core	Checkout code	2025-03-27T14:36:36.6051576Z [command]/usr/bin/git -c protocol.version=2 fetch --prune --no-recurse-submodules origin +refs/heads/*:refs/remotes/origin/* +refs/tags/*:refs/tags/*
job-core	Checkout code	2025-03-27T14:36:38.5335992Z From https://github.com/Ka0s-Klaus/ka0s
job-core	Checkout code	2025-03-27T14:36:38.5337684Z    09439f1..c30f309  H34-modulo-iac-kaos -> origin/H34-modulo-iac-kaos
job-core	Checkout code	2025-03-27T14:36:38.5404433Z [command]/usr/bin/git branch --list --remote origin/H34-modulo-iac-kaos
job-core	Checkout code	2025-03-27T14:36:38.5442931Z   origin/H34-modulo-iac-kaos
job-core	Checkout code	2025-03-27T14:36:38.5457946Z [command]/usr/bin/git rev-parse refs/remotes/origin/H34-modulo-iac-kaos
job-core	Checkout code	2025-03-27T14:36:38.5497099Z c30f3094ced01eb6185bf46decdde4c581e92ac8
job-core	Checkout code	2025-03-27T14:36:38.5513355Z [command]/usr/bin/git -c protocol.version=2 fetch --no-tags --prune --no-recurse-submodules origin +09439f1dd2f8db802c09a600a45d7997c1fda7b0:refs/remotes/origin/H34-modulo-iac-kaos
job-core	Checkout code	2025-03-27T14:36:39.3752092Z From https://github.com/Ka0s-Klaus/ka0s
job-core	Checkout code	2025-03-27T14:36:39.3755836Z  + c30f309...09439f1 09439f1dd2f8db802c09a600a45d7997c1fda7b0 -> origin/H34-modulo-iac-kaos  (forced update)
job-core	Checkout code	2025-03-27T14:36:39.3905314Z ##[endgroup]
job-core	Checkout code	2025-03-27T14:36:39.3906410Z ##[group]Determining the checkout info
job-core	Checkout code	2025-03-27T14:36:39.3907429Z ##[endgroup]
job-core	Checkout code	2025-03-27T14:36:39.3908025Z [command]/usr/bin/git sparse-checkout disable
job-core	Checkout code	2025-03-27T14:36:39.3995338Z [command]/usr/bin/git config --local --unset-all extensions.worktreeConfig
job-core	Checkout code	2025-03-27T14:36:39.4050949Z ##[group]Checking out the ref
job-core	Checkout code	2025-03-27T14:36:39.4061027Z [command]/usr/bin/git checkout --progress --force -B H34-modulo-iac-kaos refs/remotes/origin/H34-modulo-iac-kaos
job-core	Checkout code	2025-03-27T14:36:39.4191731Z Switched to a new branch 'H34-modulo-iac-kaos'
job-core	Checkout code	2025-03-27T14:36:39.4198639Z branch 'H34-modulo-iac-kaos' set up to track 'origin/H34-modulo-iac-kaos'.
job-core	Checkout code	2025-03-27T14:36:39.4219076Z ##[endgroup]
job-core	Checkout code	2025-03-27T14:36:39.4288085Z [command]/usr/bin/git log -1 --format=%H
job-core	Checkout code	2025-03-27T14:36:39.4328569Z 09439f1dd2f8db802c09a600a45d7997c1fda7b0
job-core	Install Node.js	﻿2025-03-27T14:36:39.4612189Z ##[group]Run actions/setup-node@v2
job-core	Install Node.js	2025-03-27T14:36:39.4612598Z with:
job-core	Install Node.js	2025-03-27T14:36:39.4612835Z   node-version: 14
job-core	Install Node.js	2025-03-27T14:36:39.4613095Z   always-auth: false
job-core	Install Node.js	2025-03-27T14:36:39.4613380Z   check-latest: false
job-core	Install Node.js	2025-03-27T14:36:39.4614010Z   token: ***
job-core	Install Node.js	2025-03-27T14:36:39.4614261Z env:
job-core	Install Node.js	2025-03-27T14:36:39.4614489Z   KAOS_MODULE: [Ka0S] JSONLINT
job-core	Install Node.js	2025-03-27T14:36:39.4614932Z   GH_TOKEN: ***
job-core	Install Node.js	2025-03-27T14:36:39.4615268Z   KAOS_JSONLINT_CONFIG: core/config/.jsonlint.json
job-core	Install Node.js	2025-03-27T14:36:39.4615949Z   KAOS_PATH_RESUME: core/outputs/j/
job-core	Install Node.js	2025-03-27T14:36:39.4616319Z   KAOS_REPO: /actions-runner/_work/kaos/kaos
job-core	Install Node.js	2025-03-27T14:36:39.4616681Z   KAOS_STEP_MODULE: 
job-core	Install Node.js	2025-03-27T14:36:39.4616945Z   KAOS_CODE: 14109275303
job-core	Install Node.js	2025-03-27T14:36:39.4617228Z   KAOS_REF_BRANCH: main
job-core	Install Node.js	2025-03-27T14:36:39.4617502Z ##[endgroup]
job-core	Install Node.js	2025-03-27T14:36:39.6690866Z Found in cache @ /actions-runner/_work/_tool/node/14.21.3/x64
job-core	Install jsonlint	﻿2025-03-27T14:36:39.7000794Z ##[group]Run if ! command -v jsonlint &> /dev/null; then
job-core	Install jsonlint	2025-03-27T14:36:39.7001827Z [36;1mif ! command -v jsonlint &> /dev/null; then[0m
job-core	Install jsonlint	2025-03-27T14:36:39.7002552Z [36;1m  echo "Installing jsonlint..."[0m
job-core	Install jsonlint	2025-03-27T14:36:39.7003164Z [36;1m  npm install -g jsonlint[0m
job-core	Install jsonlint	2025-03-27T14:36:39.7003732Z [36;1melse[0m
job-core	Install jsonlint	2025-03-27T14:36:39.7004835Z [36;1m  echo "jsonlint already installed, skipping installation"[0m
job-core	Install jsonlint	2025-03-27T14:36:39.7005844Z [36;1mfi[0m
job-core	Install jsonlint	2025-03-27T14:36:39.7006403Z [36;1mmkdir -p core/outputs/j/[0m
job-core	Install jsonlint	2025-03-27T14:36:39.7031422Z shell: /usr/bin/bash -e {0}
job-core	Install jsonlint	2025-03-27T14:36:39.7031975Z env:
job-core	Install jsonlint	2025-03-27T14:36:39.7032379Z   KAOS_MODULE: [Ka0S] JSONLINT
job-core	Install jsonlint	2025-03-27T14:36:39.7033262Z   GH_TOKEN: ***
job-core	Install jsonlint	2025-03-27T14:36:39.7034078Z   KAOS_JSONLINT_CONFIG: core/config/.jsonlint.json
job-core	Install jsonlint	2025-03-27T14:36:39.7034949Z   KAOS_PATH_RESUME: core/outputs/j/
job-core	Install jsonlint	2025-03-27T14:36:39.7035598Z   KAOS_REPO: /actions-runner/_work/kaos/kaos
job-core	Install jsonlint	2025-03-27T14:36:39.7036218Z   KAOS_STEP_MODULE: 
job-core	Install jsonlint	2025-03-27T14:36:39.7036756Z   KAOS_CODE: 14109275303
job-core	Install jsonlint	2025-03-27T14:36:39.7037256Z   KAOS_REF_BRANCH: main
job-core	Install jsonlint	2025-03-27T14:36:39.7037735Z ##[endgroup]
job-core	Install jsonlint	2025-03-27T14:36:39.7142432Z jsonlint already installed, skipping installation
job-core	Check JSON	﻿2025-03-27T14:36:39.7215052Z ##[group]Run # Invocamos la primera comprobación de base, sino se supera el proceso no continua
job-core	Check JSON	2025-03-27T14:36:39.7216091Z [36;1m# Invocamos la primera comprobación de base, sino se supera el proceso no continua[0m
job-core	Check JSON	2025-03-27T14:36:39.7216704Z [36;1m# Extraemos el nombre del fichero[0m
job-core	Check JSON	2025-03-27T14:36:39.7217213Z [36;1mfile_name=$(basename "core/outputs/e/14102468405.json")[0m
job-core	Check JSON	2025-03-27T14:36:39.7217721Z [36;1m# Generamos el fichero de resultados vacio[0m
job-core	Check JSON	2025-03-27T14:36:39.7218224Z [36;1mtouch core/outputs/j/jsonlint-results-14109275303.txt[0m
job-core	Check JSON	2025-03-27T14:36:39.7218719Z [36;1m# Realizamos el check del documento json [0m
job-core	Check JSON	2025-03-27T14:36:39.7219381Z [36;1mjsonlint core/outputs/e/14102468405.json > core/outputs/j/jsonlint-results-14109275303.txt[0m
job-core	Check JSON	2025-03-27T14:36:39.7220105Z [36;1m# esto es un workarround importante que hay que retirar[0m
job-core	Check JSON	2025-03-27T14:36:39.7220737Z [36;1m#rm -rf core/outputs/j/jsonlint-results-14109275303.txt[0m
job-core	Check JSON	2025-03-27T14:36:39.7221208Z [36;1m# a retirar[0m
job-core	Check JSON	2025-03-27T14:36:39.7221583Z [36;1m# Check if exist errors in file[0m
job-core	Check JSON	2025-03-27T14:36:39.7221952Z [36;1mecho "Mostramos fichero"[0m
job-core	Check JSON	2025-03-27T14:36:39.7222493Z [36;1mcat core/outputs/j/jsonlint-results-14109275303.txt[0m
job-core	Check JSON	2025-03-27T14:36:39.7223135Z [36;1mif [ ! -s core/outputs/j/jsonlint-results-14109275303.txt ]; then[0m
job-core	Check JSON	2025-03-27T14:36:39.7224095Z [36;1m  echo "File core/outputs/j/jsonlint-results-14109275303.txt is empty and is content correct"[0m
job-core	Check JSON	2025-03-27T14:36:39.7225657Z [36;1m  KAOS_ISSUE_BODY="The [Ka0S] JSONLINT process (14109251901) launch the check (14109275303) over file (core/outputs/e/14102468405.json) and its result has been SUCCESS. Please review all files implicated in pull request and approve to merge"[0m
job-core	Check JSON	2025-03-27T14:36:39.7227141Z [36;1m  # Añadimos la versión de jsonlint con la que se realiza la comprobacion[0m
job-core	Check JSON	2025-03-27T14:36:39.7227836Z [36;1m  jsonlint --version >> core/outputs/j/jsonlint-results-14109275303.txt[0m
job-core	Check JSON	2025-03-27T14:36:39.7228493Z [36;1m  # añadimos el nombre del fichero que vamos a comprobar[0m
job-core	Check JSON	2025-03-27T14:36:39.7229331Z [36;1m  echo "Finding: core/outputs/e/14102468405.json" >> core/outputs/j/jsonlint-results-14109275303.txt[0m
job-core	Check JSON	2025-03-27T14:36:39.7230597Z [36;1m  # gh workflow run issue.yaml --ref main -f kaos-issue-title="" -f kaos-issue-body="$KAOS_ISSUE_BODY" -f kaos-issue-actions=comment -f kaos-issue-tag="" -f kaos-issue-id=34[0m
job-core	Check JSON	2025-03-27T14:36:39.7232086Z [36;1m  gh issue comment  34 -F core/outputs/j/jsonlint-results-14109275303.txt[0m
job-core	Check JSON	2025-03-27T14:36:39.7232606Z [36;1melse[0m
job-core	Check JSON	2025-03-27T14:36:39.7232954Z [36;1m  cat core/outputs/j/jsonlint-results-14109275303.txt[0m
job-core	Check JSON	2025-03-27T14:36:39.7234098Z [36;1m  echo "File core/outputs/j/jsonlint-results-14109275303.txt is not empty and is content not correct and write commit info"[0m
job-core	Check JSON	2025-03-27T14:36:39.7235610Z [36;1m  KAOS_ISSUE_BODY="The [Ka0S] JSONLINT process (14109251901) launch the check (14109275303) over file (core/outputs/e/14102468405.json) and its result has been FAILED, please check and solved it"[0m
job-core	Check JSON	2025-03-27T14:36:39.7236878Z [36;1m  # Añadimos la versión de jsonlint con la que se realiza la comprobacion[0m
job-core	Check JSON	2025-03-27T14:36:39.7237668Z [36;1m  # jsonlint --version || true >> core/outputs/j/jsonlint-results-14109275303.txt[0m
job-core	Check JSON	2025-03-27T14:36:39.7238402Z [36;1m  # añadimos el nombre del fichero que vamos a comprobar[0m
job-core	Check JSON	2025-03-27T14:36:39.7239164Z [36;1m  echo "Finding: core/outputs/e/14102468405.json" >> core/outputs/j/jsonlint-results-14109275303.txt[0m
job-core	Check JSON	2025-03-27T14:36:39.7240432Z [36;1m  # gh workflow run issue.yaml --ref main -f kaos-issue-title="" -f kaos-issue-body="$KAOS_ISSUE_BODY" -f kaos-issue-actions=comment -f kaos-issue-tag="" -f kaos-issue-id=34 [0m
job-core	Check JSON	2025-03-27T14:36:39.7241561Z [36;1m  gh issue comment  34 -F core/outputs/j/jsonlint-results-14109275303.txt[0m
job-core	Check JSON	2025-03-27T14:36:39.7242057Z [36;1mfi[0m
job-core	Check JSON	2025-03-27T14:36:39.7253100Z shell: /usr/bin/bash -e {0}
job-core	Check JSON	2025-03-27T14:36:39.7253463Z env:
job-core	Check JSON	2025-03-27T14:36:39.7253974Z   KAOS_MODULE: [Ka0S] JSONLINT
job-core	Check JSON	2025-03-27T14:36:39.7254906Z   GH_TOKEN: ***
job-core	Check JSON	2025-03-27T14:36:39.7255231Z   KAOS_JSONLINT_CONFIG: core/config/.jsonlint.json
job-core	Check JSON	2025-03-27T14:36:39.7255649Z   KAOS_PATH_RESUME: core/outputs/j/
job-core	Check JSON	2025-03-27T14:36:39.7256032Z   KAOS_REPO: /actions-runner/_work/kaos/kaos
job-core	Check JSON	2025-03-27T14:36:39.7256396Z   KAOS_STEP_MODULE: 
job-core	Check JSON	2025-03-27T14:36:39.7256705Z   KAOS_CODE: 14109275303
job-core	Check JSON	2025-03-27T14:36:39.7256991Z   KAOS_REF_BRANCH: main
job-core	Check JSON	2025-03-27T14:36:39.7257262Z ##[endgroup]
job-core	Check JSON	2025-03-27T14:36:39.8857681Z internal/fs/utils.js:332
job-core	Check JSON	2025-03-27T14:36:39.8858408Z     throw err;
job-core	Check JSON	2025-03-27T14:36:39.8858809Z     ^
job-core	Check JSON	2025-03-27T14:36:39.8859069Z 
job-core	Check JSON	2025-03-27T14:36:39.8859831Z Error: ENOENT: no such file or directory, open 'core/outputs/e/14102468405.json'
job-core	Check JSON	2025-03-27T14:36:39.8861080Z     at Object.openSync (fs.js:498:3)
job-core	Check JSON	2025-03-27T14:36:39.8862145Z     at Object.readFileSync (fs.js:394:35)
job-core	Check JSON	2025-03-27T14:36:39.8864721Z     at main (/actions-runner/_work/_tool/node/14.21.3/x64/lib/node_modules/jsonlint/lib/cli.js:135:23)
job-core	Check JSON	2025-03-27T14:36:39.8868307Z     at Object.<anonymous> (/actions-runner/_work/_tool/node/14.21.3/x64/lib/node_modules/jsonlint/lib/cli.js:179:1)
job-core	Check JSON	2025-03-27T14:36:39.8871168Z     at Module._compile (internal/modules/cjs/loader.js:1114:14)
job-core	Check JSON	2025-03-27T14:36:39.8873569Z     at Object.Module._extensions..js (internal/modules/cjs/loader.js:1143:10)
job-core	Check JSON	2025-03-27T14:36:39.8875969Z     at Module.load (internal/modules/cjs/loader.js:979:32)
job-core	Check JSON	2025-03-27T14:36:39.8878099Z     at Function.Module._load (internal/modules/cjs/loader.js:819:12)
job-core	Check JSON	2025-03-27T14:36:39.8880827Z     at Function.executeUserEntryPoint [as runMain] (internal/modules/run_main.js:75:12)
job-core	Check JSON	2025-03-27T14:36:39.8883105Z     at internal/main/run_main_module.js:17:47 {
job-core	Check JSON	2025-03-27T14:36:39.8884554Z   errno: -2,
job-core	Check JSON	2025-03-27T14:36:39.8885546Z   syscall: 'open',
job-core	Check JSON	2025-03-27T14:36:39.8886601Z   code: 'ENOENT',
job-core	Check JSON	2025-03-27T14:36:39.8887937Z   path: 'core/outputs/e/14102468405.json'
job-core	Check JSON	2025-03-27T14:36:39.8889361Z }
job-core	Check JSON	2025-03-27T14:36:39.8914782Z ##[error]Process completed with exit code 1.
job-core	Post Checkout code	﻿2025-03-27T14:36:39.9049977Z Post job cleanup.
job-core	Post Checkout code	2025-03-27T14:36:40.0555290Z [command]/usr/bin/git version
job-core	Post Checkout code	2025-03-27T14:36:40.0604835Z git version 2.48.1
job-core	Post Checkout code	2025-03-27T14:36:40.0665624Z Copying '/home/kaos/.gitconfig' to '/actions-runner/_work/_temp/5dfeeb4d-01f7-48b3-ad12-d93eb69d4876/.gitconfig'
job-core	Post Checkout code	2025-03-27T14:36:40.0684083Z Temporarily overriding HOME='/actions-runner/_work/_temp/5dfeeb4d-01f7-48b3-ad12-d93eb69d4876' before making global git config changes
job-core	Post Checkout code	2025-03-27T14:36:40.0687674Z Adding repository directory to the temporary git global config as a safe directory
job-core	Post Checkout code	2025-03-27T14:36:40.0694744Z [command]/usr/bin/git config --global --add safe.directory /actions-runner/_work/ka0s/ka0s
job-core	Post Checkout code	2025-03-27T14:36:40.0756855Z [command]/usr/bin/git config --local --name-only --get-regexp core\.sshCommand
job-core	Post Checkout code	2025-03-27T14:36:40.0831407Z [command]/usr/bin/git submodule foreach --recursive sh -c "git config --local --name-only --get-regexp 'core\.sshCommand' && git config --local --unset-all 'core.sshCommand' || :"
job-core	Post Checkout code	2025-03-27T14:36:40.1446799Z [command]/usr/bin/git config --local --name-only --get-regexp http\.https\:\/\/github\.com\/\.extraheader
job-core	Post Checkout code	2025-03-27T14:36:40.1499451Z http.https://github.com/.extraheader
job-core	Post Checkout code	2025-03-27T14:36:40.1519293Z [command]/usr/bin/git config --local --unset-all http.https://github.com/.extraheader
job-core	Post Checkout code	2025-03-27T14:36:40.1574641Z [command]/usr/bin/git submodule foreach --recursive sh -c "git config --local --name-only --get-regexp 'http\.https\:\/\/github\.com\/\.extraheader' && git config --local --unset-all 'http.https://github.com/.extraheader' || :"
job-core	Complete job	﻿2025-03-27T14:36:40.2242656Z Cleaning up orphan processes
handle_failure	Set up job	﻿2025-03-27T14:41:11.7449088Z Current runner version: '2.323.0'
handle_failure	Set up job	2025-03-27T14:41:11.7459903Z Runner name: 'ka0s-runner-1'
handle_failure	Set up job	2025-03-27T14:41:11.7461608Z Machine name: '181b3e34799e'
handle_failure	Set up job	2025-03-27T14:41:11.7466282Z ##[group]GITHUB_TOKEN Permissions
handle_failure	Set up job	2025-03-27T14:41:11.7470028Z Actions: write
handle_failure	Set up job	2025-03-27T14:41:11.7471139Z Contents: write
handle_failure	Set up job	2025-03-27T14:41:11.7472516Z Issues: write
handle_failure	Set up job	2025-03-27T14:41:11.7473708Z Metadata: read
handle_failure	Set up job	2025-03-27T14:41:11.7474954Z PullRequests: write
handle_failure	Set up job	2025-03-27T14:41:11.7476228Z ##[endgroup]
handle_failure	Set up job	2025-03-27T14:41:11.7481752Z Secret source: Actions
handle_failure	Set up job	2025-03-27T14:41:11.7484293Z Prepare workflow directory
handle_failure	Set up job	2025-03-27T14:41:11.8599743Z Prepare all required actions
handle_failure	Set up job	2025-03-27T14:41:11.8655026Z Getting action download info
handle_failure	Set up job	2025-03-27T14:41:12.6343078Z Download action repository 'actions/checkout@v4' (SHA:11bd71901bbe5b1630ceea73d27597364c9af683)
handle_failure	Set up job	2025-03-27T14:41:14.7140269Z Complete job name: handle_failure
handle_failure	Checkout code	﻿2025-03-27T14:41:14.7917088Z ##[group]Run actions/checkout@v4
handle_failure	Checkout code	2025-03-27T14:41:14.7918779Z with:
handle_failure	Checkout code	2025-03-27T14:41:14.7919681Z   fetch-depth: 0
handle_failure	Checkout code	2025-03-27T14:41:14.7921268Z   token: ***
handle_failure	Checkout code	2025-03-27T14:41:14.7922212Z   repository: Ka0s-Klaus/ka0s
handle_failure	Checkout code	2025-03-27T14:41:14.7923301Z   ssh-strict: true
handle_failure	Checkout code	2025-03-27T14:41:14.7924652Z   ssh-user: git
handle_failure	Checkout code	2025-03-27T14:41:14.7925618Z   persist-credentials: true
handle_failure	Checkout code	2025-03-27T14:41:14.7926677Z   clean: true
handle_failure	Checkout code	2025-03-27T14:41:14.7927626Z   sparse-checkout-cone-mode: true
handle_failure	Checkout code	2025-03-27T14:41:14.7928792Z   fetch-tags: false
handle_failure	Checkout code	2025-03-27T14:41:14.7929737Z   show-progress: true
handle_failure	Checkout code	2025-03-27T14:41:14.7930693Z   lfs: false
handle_failure	Checkout code	2025-03-27T14:41:14.7931593Z   submodules: false
handle_failure	Checkout code	2025-03-27T14:41:14.7932563Z   set-safe-directory: true
handle_failure	Checkout code	2025-03-27T14:41:14.7934487Z env:
handle_failure	Checkout code	2025-03-27T14:41:14.7935486Z   KAOS_MODULE: [Ka0S] JSONLINT
handle_failure	Checkout code	2025-03-27T14:41:14.7936961Z   GH_TOKEN: ***
handle_failure	Checkout code	2025-03-27T14:41:14.7938054Z   KAOS_JSONLINT_CONFIG: core/config/.jsonlint.json
handle_failure	Checkout code	2025-03-27T14:41:14.7939413Z   KAOS_PATH_RESUME: core/outputs/j/
handle_failure	Checkout code	2025-03-27T14:41:14.7940743Z   KAOS_REPO: /actions-runner/_work/kaos/kaos
handle_failure	Checkout code	2025-03-27T14:41:14.7941990Z   KAOS_STEP_MODULE: 
handle_failure	Checkout code	2025-03-27T14:41:14.7942961Z   KAOS_CODE: 14109275303
handle_failure	Checkout code	2025-03-27T14:41:14.7944270Z   KAOS_REF_BRANCH: main
handle_failure	Checkout code	2025-03-27T14:41:14.7945411Z ##[endgroup]
handle_failure	Checkout code	2025-03-27T14:41:14.9638576Z Syncing repository: Ka0s-Klaus/ka0s
handle_failure	Checkout code	2025-03-27T14:41:14.9644824Z ##[group]Getting Git version info
handle_failure	Checkout code	2025-03-27T14:41:14.9647717Z Working directory is '/actions-runner/_work/ka0s/ka0s'
handle_failure	Checkout code	2025-03-27T14:41:14.9651594Z [command]/usr/bin/git version
handle_failure	Checkout code	2025-03-27T14:41:14.9653532Z git version 2.48.1
handle_failure	Checkout code	2025-03-27T14:41:14.9692763Z ##[endgroup]
handle_failure	Checkout code	2025-03-27T14:41:14.9706062Z Copying '/home/kaos/.gitconfig' to '/actions-runner/_work/_temp/821dfbaa-1f7a-4bcd-bec5-ae88171b2413/.gitconfig'
handle_failure	Checkout code	2025-03-27T14:41:14.9726894Z Temporarily overriding HOME='/actions-runner/_work/_temp/821dfbaa-1f7a-4bcd-bec5-ae88171b2413' before making global git config changes
handle_failure	Checkout code	2025-03-27T14:41:14.9732729Z Adding repository directory to the temporary git global config as a safe directory
handle_failure	Checkout code	2025-03-27T14:41:14.9737795Z [command]/usr/bin/git config --global --add safe.directory /actions-runner/_work/ka0s/ka0s
handle_failure	Checkout code	2025-03-27T14:41:14.9807148Z [command]/usr/bin/git config --local --get remote.origin.url
handle_failure	Checkout code	2025-03-27T14:41:14.9841875Z https://github.com/Ka0s-Klaus/ka0s
handle_failure	Checkout code	2025-03-27T14:41:14.9874917Z ##[group]Removing previously created refs, to avoid conflicts
handle_failure	Checkout code	2025-03-27T14:41:14.9920088Z [command]/usr/bin/git rev-parse --symbolic-full-name --verify --quiet HEAD
handle_failure	Checkout code	2025-03-27T14:41:14.9925408Z refs/heads/H34-modulo-iac-kaos
handle_failure	Checkout code	2025-03-27T14:41:14.9943442Z [command]/usr/bin/git checkout --detach
handle_failure	Checkout code	2025-03-27T14:41:15.0062796Z HEAD is now at c30f309 JSON CORRECTO
handle_failure	Checkout code	2025-03-27T14:41:15.0133701Z [command]/usr/bin/git branch --delete --force H34-modulo-iac-kaos
handle_failure	Checkout code	2025-03-27T14:41:15.0183611Z Deleted branch H34-modulo-iac-kaos (was c30f309).
handle_failure	Checkout code	2025-03-27T14:41:15.0263685Z ##[endgroup]
handle_failure	Checkout code	2025-03-27T14:41:15.0266130Z [command]/usr/bin/git submodule status
handle_failure	Checkout code	2025-03-27T14:41:15.0706175Z ##[group]Cleaning the repository
handle_failure	Checkout code	2025-03-27T14:41:15.0714443Z [command]/usr/bin/git clean -ffdx
handle_failure	Checkout code	2025-03-27T14:41:15.0770943Z Removing core/outputs/j/jsonlint-results-14109296513.txt
handle_failure	Checkout code	2025-03-27T14:41:15.0788897Z [command]/usr/bin/git reset --hard HEAD
handle_failure	Checkout code	2025-03-27T14:41:15.0931596Z HEAD is now at c30f309 JSON CORRECTO
handle_failure	Checkout code	2025-03-27T14:41:15.0946448Z ##[endgroup]
handle_failure	Checkout code	2025-03-27T14:41:15.0948700Z ##[group]Disabling automatic garbage collection
handle_failure	Checkout code	2025-03-27T14:41:15.0951609Z [command]/usr/bin/git config --local gc.auto 0
handle_failure	Checkout code	2025-03-27T14:41:15.1009856Z ##[endgroup]
handle_failure	Checkout code	2025-03-27T14:41:15.1014214Z ##[group]Setting up auth
handle_failure	Checkout code	2025-03-27T14:41:15.1017369Z [command]/usr/bin/git config --local --name-only --get-regexp core\.sshCommand
handle_failure	Checkout code	2025-03-27T14:41:15.1073662Z [command]/usr/bin/git submodule foreach --recursive sh -c "git config --local --name-only --get-regexp 'core\.sshCommand' && git config --local --unset-all 'core.sshCommand' || :"
handle_failure	Checkout code	2025-03-27T14:41:15.1608114Z [command]/usr/bin/git config --local --name-only --get-regexp http\.https\:\/\/github\.com\/\.extraheader
handle_failure	Checkout code	2025-03-27T14:41:15.1659286Z [command]/usr/bin/git submodule foreach --recursive sh -c "git config --local --name-only --get-regexp 'http\.https\:\/\/github\.com\/\.extraheader' && git config --local --unset-all 'http.https://github.com/.extraheader' || :"
handle_failure	Checkout code	2025-03-27T14:41:15.2055098Z [command]/usr/bin/git config --local http.https://github.com/.extraheader AUTHORIZATION: basic ***
handle_failure	Checkout code	2025-03-27T14:41:15.2114986Z ##[endgroup]
handle_failure	Checkout code	2025-03-27T14:41:15.2117286Z ##[group]Fetching the repository
handle_failure	Checkout code	2025-03-27T14:41:15.2124873Z [command]/usr/bin/git -c protocol.version=2 fetch --prune --no-recurse-submodules origin +refs/heads/*:refs/remotes/origin/* +refs/tags/*:refs/tags/*
handle_failure	Checkout code	2025-03-27T14:41:16.8749417Z From https://github.com/Ka0s-Klaus/ka0s
handle_failure	Checkout code	2025-03-27T14:41:16.8750912Z    c30f309..ebb5fea  H34-modulo-iac-kaos -> origin/H34-modulo-iac-kaos
handle_failure	Checkout code	2025-03-27T14:41:16.8766781Z    83fe10d..9032f0b  main                -> origin/main
handle_failure	Checkout code	2025-03-27T14:41:16.8814309Z [command]/usr/bin/git branch --list --remote origin/H34-modulo-iac-kaos
handle_failure	Checkout code	2025-03-27T14:41:16.8849637Z   origin/H34-modulo-iac-kaos
handle_failure	Checkout code	2025-03-27T14:41:16.8864084Z [command]/usr/bin/git rev-parse refs/remotes/origin/H34-modulo-iac-kaos
handle_failure	Checkout code	2025-03-27T14:41:16.8895399Z ebb5fea275960b9fd52268ba260ba4f40de9af06
handle_failure	Checkout code	2025-03-27T14:41:16.8911681Z [command]/usr/bin/git -c protocol.version=2 fetch --no-tags --prune --no-recurse-submodules origin +09439f1dd2f8db802c09a600a45d7997c1fda7b0:refs/remotes/origin/H34-modulo-iac-kaos
handle_failure	Checkout code	2025-03-27T14:41:17.5736388Z From https://github.com/Ka0s-Klaus/ka0s
handle_failure	Checkout code	2025-03-27T14:41:17.5745342Z  + ebb5fea...09439f1 09439f1dd2f8db802c09a600a45d7997c1fda7b0 -> origin/H34-modulo-iac-kaos  (forced update)
handle_failure	Checkout code	2025-03-27T14:41:17.6012561Z ##[endgroup]
handle_failure	Checkout code	2025-03-27T14:41:17.6016164Z ##[group]Determining the checkout info
handle_failure	Checkout code	2025-03-27T14:41:17.6027679Z ##[endgroup]
handle_failure	Checkout code	2025-03-27T14:41:17.6050760Z [command]/usr/bin/git sparse-checkout disable
handle_failure	Checkout code	2025-03-27T14:41:17.6289346Z [command]/usr/bin/git config --local --unset-all extensions.worktreeConfig
handle_failure	Checkout code	2025-03-27T14:41:17.6456826Z ##[group]Checking out the ref
handle_failure	Checkout code	2025-03-27T14:41:17.6476998Z [command]/usr/bin/git checkout --progress --force -B H34-modulo-iac-kaos refs/remotes/origin/H34-modulo-iac-kaos
handle_failure	Checkout code	2025-03-27T14:41:17.6781503Z Warning: you are leaving 3 commits behind, not connected to
handle_failure	Checkout code	2025-03-27T14:41:17.6783317Z any of your branches:
handle_failure	Checkout code	2025-03-27T14:41:17.6784603Z 
handle_failure	Checkout code	2025-03-27T14:41:17.6785490Z   c30f309 JSON CORRECTO
handle_failure	Checkout code	2025-03-27T14:41:17.6787486Z   8fee89f Merge branch 'H34-modulo-iac-kaos' of https://github.com/Ka0s-Klaus/ka0s into H34-modulo-iac-kaos
handle_failure	Checkout code	2025-03-27T14:41:17.6789725Z   f32e4b8 I JSON UNICO
handle_failure	Checkout code	2025-03-27T14:41:17.6790387Z 
handle_failure	Checkout code	2025-03-27T14:41:17.6791280Z If you want to keep them by creating a new branch, this may be a good time
handle_failure	Checkout code	2025-03-27T14:41:17.6792559Z to do so with:
handle_failure	Checkout code	2025-03-27T14:41:17.6793143Z 
handle_failure	Checkout code	2025-03-27T14:41:17.6793553Z  git branch <new-branch-name> c30f309
handle_failure	Checkout code	2025-03-27T14:41:17.6794542Z 
handle_failure	Checkout code	2025-03-27T14:41:17.6801525Z Switched to a new branch 'H34-modulo-iac-kaos'
handle_failure	Checkout code	2025-03-27T14:41:17.6811688Z branch 'H34-modulo-iac-kaos' set up to track 'origin/H34-modulo-iac-kaos'.
handle_failure	Checkout code	2025-03-27T14:41:17.6823112Z ##[endgroup]
handle_failure	Checkout code	2025-03-27T14:41:17.6886712Z [command]/usr/bin/git log -1 --format=%H
handle_failure	Checkout code	2025-03-27T14:41:17.6925280Z 09439f1dd2f8db802c09a600a45d7997c1fda7b0
handle_failure	handle-failure-execution	﻿2025-03-27T14:41:17.7215910Z ##[group]Run echo "Error detected in process"
handle_failure	handle-failure-execution	2025-03-27T14:41:17.7216473Z [36;1mecho "Error detected in process"[0m
handle_failure	handle-failure-execution	2025-03-27T14:41:17.7216984Z [36;1mRNNUMBER=$(echo "refs/heads/H34-modulo-iac-kaos" | grep -o '[0-9]*')[0m
handle_failure	handle-failure-execution	2025-03-27T14:41:17.7217979Z [36;1mgh issue comment $RNNUMBER --body "El proceso no ha finalizado correctamente 14109275303. El resultado está en el fichero core/results/event_data14109275303.log"[0m
handle_failure	handle-failure-execution	2025-03-27T14:41:17.7233136Z shell: /usr/bin/bash -e {0}
handle_failure	handle-failure-execution	2025-03-27T14:41:17.7233485Z env:
handle_failure	handle-failure-execution	2025-03-27T14:41:17.7233835Z   KAOS_MODULE: [Ka0S] JSONLINT
handle_failure	handle-failure-execution	2025-03-27T14:41:17.7234399Z   GH_TOKEN: ***
handle_failure	handle-failure-execution	2025-03-27T14:41:17.7234702Z   KAOS_JSONLINT_CONFIG: core/config/.jsonlint.json
handle_failure	handle-failure-execution	2025-03-27T14:41:17.7235099Z   KAOS_PATH_RESUME: core/outputs/j/
handle_failure	handle-failure-execution	2025-03-27T14:41:17.7235455Z   KAOS_REPO: /actions-runner/_work/kaos/kaos
handle_failure	handle-failure-execution	2025-03-27T14:41:17.7235796Z   KAOS_STEP_MODULE: 
handle_failure	handle-failure-execution	2025-03-27T14:41:17.7236091Z   KAOS_CODE: 14109275303
handle_failure	handle-failure-execution	2025-03-27T14:41:17.7236367Z   KAOS_REF_BRANCH: main
handle_failure	handle-failure-execution	2025-03-27T14:41:17.7236679Z ##[endgroup]
handle_failure	handle-failure-execution	2025-03-27T14:41:17.7304613Z Error detected in process
handle_failure	handle-failure-execution	2025-03-27T14:41:19.4808539Z https://github.com/Ka0s-Klaus/ka0s/issues/34#issuecomment-2758321605
handle_failure	Post Checkout code	﻿2025-03-27T14:41:19.5167468Z Post job cleanup.
handle_failure	Post Checkout code	2025-03-27T14:41:19.6554516Z [command]/usr/bin/git version
handle_failure	Post Checkout code	2025-03-27T14:41:19.6606623Z git version 2.48.1
handle_failure	Post Checkout code	2025-03-27T14:41:19.6664444Z Copying '/home/kaos/.gitconfig' to '/actions-runner/_work/_temp/0818e0c9-474d-47c7-927e-9338c32c029b/.gitconfig'
handle_failure	Post Checkout code	2025-03-27T14:41:19.6685923Z Temporarily overriding HOME='/actions-runner/_work/_temp/0818e0c9-474d-47c7-927e-9338c32c029b' before making global git config changes
handle_failure	Post Checkout code	2025-03-27T14:41:19.6687248Z Adding repository directory to the temporary git global config as a safe directory
handle_failure	Post Checkout code	2025-03-27T14:41:19.6694522Z [command]/usr/bin/git config --global --add safe.directory /actions-runner/_work/ka0s/ka0s
handle_failure	Post Checkout code	2025-03-27T14:41:19.6748774Z [command]/usr/bin/git config --local --name-only --get-regexp core\.sshCommand
handle_failure	Post Checkout code	2025-03-27T14:41:19.6812924Z [command]/usr/bin/git submodule foreach --recursive sh -c "git config --local --name-only --get-regexp 'core\.sshCommand' && git config --local --unset-all 'core.sshCommand' || :"
handle_failure	Post Checkout code	2025-03-27T14:41:19.7212239Z [command]/usr/bin/git config --local --name-only --get-regexp http\.https\:\/\/github\.com\/\.extraheader
handle_failure	Post Checkout code	2025-03-27T14:41:19.7246035Z http.https://github.com/.extraheader
handle_failure	Post Checkout code	2025-03-27T14:41:19.7264922Z [command]/usr/bin/git config --local --unset-all http.https://github.com/.extraheader
handle_failure	Post Checkout code	2025-03-27T14:41:19.7315785Z [command]/usr/bin/git submodule foreach --recursive sh -c "git config --local --name-only --get-regexp 'http\.https\:\/\/github\.com\/\.extraheader' && git config --local --unset-all 'http.https://github.com/.extraheader' || :"
handle_failure	Complete job	﻿2025-03-27T14:41:19.7859243Z Cleaning up orphan processes
end-workflow	Set up job	﻿2025-03-27T14:46:05.2195675Z Current runner version: '2.323.0'
end-workflow	Set up job	2025-03-27T14:46:05.2204997Z Runner name: 'kaos-4'
end-workflow	Set up job	2025-03-27T14:46:05.2206235Z Machine name: '3fe80eba0036'
end-workflow	Set up job	2025-03-27T14:46:05.2210310Z ##[group]GITHUB_TOKEN Permissions
end-workflow	Set up job	2025-03-27T14:46:05.2214105Z Actions: write
end-workflow	Set up job	2025-03-27T14:46:05.2215084Z Contents: write
end-workflow	Set up job	2025-03-27T14:46:05.2215780Z Issues: write
end-workflow	Set up job	2025-03-27T14:46:05.2216427Z Metadata: read
end-workflow	Set up job	2025-03-27T14:46:05.2217135Z PullRequests: write
end-workflow	Set up job	2025-03-27T14:46:05.2217897Z ##[endgroup]
end-workflow	Set up job	2025-03-27T14:46:05.2220956Z Secret source: Actions
end-workflow	Set up job	2025-03-27T14:46:05.2221895Z Prepare workflow directory
end-workflow	Set up job	2025-03-27T14:46:05.3314998Z Prepare all required actions
end-workflow	Set up job	2025-03-27T14:46:05.3399815Z Getting action download info
end-workflow	Set up job	2025-03-27T14:46:06.1487087Z Download action repository 'actions/checkout@v4' (SHA:11bd71901bbe5b1630ceea73d27597364c9af683)
end-workflow	Set up job	2025-03-27T14:46:08.8492228Z Complete job name: end-workflow
end-workflow	Checkout code	﻿2025-03-27T14:46:08.9106778Z ##[group]Run actions/checkout@v4
end-workflow	Checkout code	2025-03-27T14:46:08.9107683Z with:
end-workflow	Checkout code	2025-03-27T14:46:08.9108005Z   fetch-depth: 0
end-workflow	Checkout code	2025-03-27T14:46:08.9108837Z   token: ***
end-workflow	Checkout code	2025-03-27T14:46:08.9109175Z   repository: Ka0s-Klaus/ka0s
end-workflow	Checkout code	2025-03-27T14:46:08.9109557Z   ssh-strict: true
end-workflow	Checkout code	2025-03-27T14:46:08.9109866Z   ssh-user: git
end-workflow	Checkout code	2025-03-27T14:46:08.9110195Z   persist-credentials: true
end-workflow	Checkout code	2025-03-27T14:46:08.9110550Z   clean: true
end-workflow	Checkout code	2025-03-27T14:46:08.9110876Z   sparse-checkout-cone-mode: true
end-workflow	Checkout code	2025-03-27T14:46:08.9111265Z   fetch-tags: false
end-workflow	Checkout code	2025-03-27T14:46:08.9111592Z   show-progress: true
end-workflow	Checkout code	2025-03-27T14:46:08.9111923Z   lfs: false
end-workflow	Checkout code	2025-03-27T14:46:08.9112238Z   submodules: false
end-workflow	Checkout code	2025-03-27T14:46:08.9112569Z   set-safe-directory: true
end-workflow	Checkout code	2025-03-27T14:46:08.9113214Z env:
end-workflow	Checkout code	2025-03-27T14:46:08.9113533Z   KAOS_MODULE: [Ka0S] JSONLINT
end-workflow	Checkout code	2025-03-27T14:46:08.9114529Z   GH_TOKEN: ***
end-workflow	Checkout code	2025-03-27T14:46:08.9114907Z   KAOS_JSONLINT_CONFIG: core/config/.jsonlint.json
end-workflow	Checkout code	2025-03-27T14:46:08.9115373Z   KAOS_PATH_RESUME: core/outputs/j/
end-workflow	Checkout code	2025-03-27T14:46:08.9115873Z   KAOS_REPO: /actions-runner/_work/kaos/kaos
end-workflow	Checkout code	2025-03-27T14:46:08.9116302Z   KAOS_STEP_MODULE: 
end-workflow	Checkout code	2025-03-27T14:46:08.9116971Z   KAOS_CODE: 14109275303
end-workflow	Checkout code	2025-03-27T14:46:08.9117326Z   KAOS_REF_BRANCH: main
end-workflow	Checkout code	2025-03-27T14:46:08.9117651Z ##[endgroup]
end-workflow	Checkout code	2025-03-27T14:46:09.0749141Z Syncing repository: Ka0s-Klaus/ka0s
end-workflow	Checkout code	2025-03-27T14:46:09.0752953Z ##[group]Getting Git version info
end-workflow	Checkout code	2025-03-27T14:46:09.0754267Z Working directory is '/actions-runner/_work/ka0s/ka0s'
end-workflow	Checkout code	2025-03-27T14:46:09.0755201Z [command]/usr/bin/git version
end-workflow	Checkout code	2025-03-27T14:46:09.0755690Z git version 2.48.1
end-workflow	Checkout code	2025-03-27T14:46:09.0786300Z ##[endgroup]
end-workflow	Checkout code	2025-03-27T14:46:09.0800524Z Copying '/home/kaos/.gitconfig' to '/actions-runner/_work/_temp/7af396b1-29de-4626-9edd-b553a229a632/.gitconfig'
end-workflow	Checkout code	2025-03-27T14:46:09.0816769Z Temporarily overriding HOME='/actions-runner/_work/_temp/7af396b1-29de-4626-9edd-b553a229a632' before making global git config changes
end-workflow	Checkout code	2025-03-27T14:46:09.0819536Z Adding repository directory to the temporary git global config as a safe directory
end-workflow	Checkout code	2025-03-27T14:46:09.0823274Z [command]/usr/bin/git config --global --add safe.directory /actions-runner/_work/ka0s/ka0s
end-workflow	Checkout code	2025-03-27T14:46:09.0885651Z [command]/usr/bin/git config --local --get remote.origin.url
end-workflow	Checkout code	2025-03-27T14:46:09.0915659Z https://github.com/Ka0s-Klaus/ka0s
end-workflow	Checkout code	2025-03-27T14:46:09.0969819Z ##[group]Removing previously created refs, to avoid conflicts
end-workflow	Checkout code	2025-03-27T14:46:09.0972097Z [command]/usr/bin/git rev-parse --symbolic-full-name --verify --quiet HEAD
end-workflow	Checkout code	2025-03-27T14:46:09.0979885Z refs/heads/H34-modulo-iac-kaos
end-workflow	Checkout code	2025-03-27T14:46:09.0997429Z [command]/usr/bin/git checkout --detach
end-workflow	Checkout code	2025-03-27T14:46:09.1097686Z HEAD is now at c30f309 JSON CORRECTO
end-workflow	Checkout code	2025-03-27T14:46:09.1178883Z [command]/usr/bin/git branch --delete --force H34-modulo-iac-kaos
end-workflow	Checkout code	2025-03-27T14:46:09.1232352Z Deleted branch H34-modulo-iac-kaos (was c30f309).
end-workflow	Checkout code	2025-03-27T14:46:09.1298527Z ##[endgroup]
end-workflow	Checkout code	2025-03-27T14:46:09.1305343Z [command]/usr/bin/git submodule status
end-workflow	Checkout code	2025-03-27T14:46:09.1675445Z ##[group]Cleaning the repository
end-workflow	Checkout code	2025-03-27T14:46:09.1683421Z [command]/usr/bin/git clean -ffdx
end-workflow	Checkout code	2025-03-27T14:46:09.1752169Z [command]/usr/bin/git reset --hard HEAD
end-workflow	Checkout code	2025-03-27T14:46:09.1892137Z HEAD is now at c30f309 JSON CORRECTO
end-workflow	Checkout code	2025-03-27T14:46:09.1901487Z ##[endgroup]
end-workflow	Checkout code	2025-03-27T14:46:09.1903275Z ##[group]Disabling automatic garbage collection
end-workflow	Checkout code	2025-03-27T14:46:09.1908698Z [command]/usr/bin/git config --local gc.auto 0
end-workflow	Checkout code	2025-03-27T14:46:09.1951363Z ##[endgroup]
end-workflow	Checkout code	2025-03-27T14:46:09.1952048Z ##[group]Setting up auth
end-workflow	Checkout code	2025-03-27T14:46:09.1972524Z [command]/usr/bin/git config --local --name-only --get-regexp core\.sshCommand
end-workflow	Checkout code	2025-03-27T14:46:09.2017297Z [command]/usr/bin/git submodule foreach --recursive sh -c "git config --local --name-only --get-regexp 'core\.sshCommand' && git config --local --unset-all 'core.sshCommand' || :"
end-workflow	Checkout code	2025-03-27T14:46:09.2401155Z [command]/usr/bin/git config --local --name-only --get-regexp http\.https\:\/\/github\.com\/\.extraheader
end-workflow	Checkout code	2025-03-27T14:46:09.2446469Z [command]/usr/bin/git submodule foreach --recursive sh -c "git config --local --name-only --get-regexp 'http\.https\:\/\/github\.com\/\.extraheader' && git config --local --unset-all 'http.https://github.com/.extraheader' || :"
end-workflow	Checkout code	2025-03-27T14:46:09.2871612Z [command]/usr/bin/git config --local http.https://github.com/.extraheader AUTHORIZATION: basic ***
end-workflow	Checkout code	2025-03-27T14:46:09.2940290Z ##[endgroup]
end-workflow	Checkout code	2025-03-27T14:46:09.2941640Z ##[group]Fetching the repository
end-workflow	Checkout code	2025-03-27T14:46:09.2953379Z [command]/usr/bin/git -c protocol.version=2 fetch --prune --no-recurse-submodules origin +refs/heads/*:refs/remotes/origin/* +refs/tags/*:refs/tags/*
end-workflow	Checkout code	2025-03-27T14:46:10.4159585Z From https://github.com/Ka0s-Klaus/ka0s
end-workflow	Checkout code	2025-03-27T14:46:10.4163170Z    c30f309..ebb5fea  H34-modulo-iac-kaos -> origin/H34-modulo-iac-kaos
end-workflow	Checkout code	2025-03-27T14:46:10.4164473Z    765cdbc..c6fa645  main                -> origin/main
end-workflow	Checkout code	2025-03-27T14:46:10.4219674Z [command]/usr/bin/git branch --list --remote origin/H34-modulo-iac-kaos
end-workflow	Checkout code	2025-03-27T14:46:10.4255512Z   origin/H34-modulo-iac-kaos
end-workflow	Checkout code	2025-03-27T14:46:10.4268757Z [command]/usr/bin/git rev-parse refs/remotes/origin/H34-modulo-iac-kaos
end-workflow	Checkout code	2025-03-27T14:46:10.4301446Z ebb5fea275960b9fd52268ba260ba4f40de9af06
end-workflow	Checkout code	2025-03-27T14:46:10.4318303Z [command]/usr/bin/git -c protocol.version=2 fetch --no-tags --prune --no-recurse-submodules origin +09439f1dd2f8db802c09a600a45d7997c1fda7b0:refs/remotes/origin/H34-modulo-iac-kaos
end-workflow	Checkout code	2025-03-27T14:46:11.4450742Z From https://github.com/Ka0s-Klaus/ka0s
end-workflow	Checkout code	2025-03-27T14:46:11.4456513Z  + ebb5fea...09439f1 09439f1dd2f8db802c09a600a45d7997c1fda7b0 -> origin/H34-modulo-iac-kaos  (forced update)
end-workflow	Checkout code	2025-03-27T14:46:11.4602462Z ##[endgroup]
end-workflow	Checkout code	2025-03-27T14:46:11.4626281Z ##[group]Determining the checkout info
end-workflow	Checkout code	2025-03-27T14:46:11.4636777Z ##[endgroup]
end-workflow	Checkout code	2025-03-27T14:46:11.4638990Z [command]/usr/bin/git sparse-checkout disable
end-workflow	Checkout code	2025-03-27T14:46:11.4794307Z [command]/usr/bin/git config --local --unset-all extensions.worktreeConfig
end-workflow	Checkout code	2025-03-27T14:46:11.4868883Z ##[group]Checking out the ref
end-workflow	Checkout code	2025-03-27T14:46:11.4878223Z [command]/usr/bin/git checkout --progress --force -B H34-modulo-iac-kaos refs/remotes/origin/H34-modulo-iac-kaos
end-workflow	Checkout code	2025-03-27T14:46:11.5058458Z Warning: you are leaving 3 commits behind, not connected to
end-workflow	Checkout code	2025-03-27T14:46:11.5067673Z any of your branches:
end-workflow	Checkout code	2025-03-27T14:46:11.5070947Z 
end-workflow	Checkout code	2025-03-27T14:46:11.5084797Z   c30f309 JSON CORRECTO
end-workflow	Checkout code	2025-03-27T14:46:11.5087258Z   8fee89f Merge branch 'H34-modulo-iac-kaos' of https://github.com/Ka0s-Klaus/ka0s into H34-modulo-iac-kaos
end-workflow	Checkout code	2025-03-27T14:46:11.5089425Z   f32e4b8 I JSON UNICO
end-workflow	Checkout code	2025-03-27T14:46:11.5090473Z 
end-workflow	Checkout code	2025-03-27T14:46:11.5091443Z If you want to keep them by creating a new branch, this may be a good time
end-workflow	Checkout code	2025-03-27T14:46:11.5092685Z to do so with:
end-workflow	Checkout code	2025-03-27T14:46:11.5094555Z 
end-workflow	Checkout code	2025-03-27T14:46:11.5095273Z  git branch <new-branch-name> c30f309
end-workflow	Checkout code	2025-03-27T14:46:11.5096284Z 
end-workflow	Checkout code	2025-03-27T14:46:11.5120255Z Switched to a new branch 'H34-modulo-iac-kaos'
end-workflow	Checkout code	2025-03-27T14:46:11.5164401Z branch 'H34-modulo-iac-kaos' set up to track 'origin/H34-modulo-iac-kaos'.
end-workflow	Checkout code	2025-03-27T14:46:11.5192803Z ##[endgroup]
end-workflow	Checkout code	2025-03-27T14:46:11.5325447Z [command]/usr/bin/git log -1 --format=%H
end-workflow	Checkout code	2025-03-27T14:46:11.5387108Z 09439f1dd2f8db802c09a600a45d7997c1fda7b0
end-workflow	Finaliza el workflow	﻿2025-03-27T14:46:11.5947733Z ##[group]Run echo "End process"
end-workflow	Finaliza el workflow	2025-03-27T14:46:11.5948550Z [36;1mecho "End process"[0m
end-workflow	Finaliza el workflow	2025-03-27T14:46:11.5949416Z [36;1mRNNUMBER=$(echo "refs/heads/H34-modulo-iac-kaos" | grep -o '[0-9]*')[0m
end-workflow	Finaliza el workflow	2025-03-27T14:46:11.5950610Z [36;1mgh issue comment $RNNUMBER --body "Se finaliza Ka0s 14109275303"[0m
end-workflow	Finaliza el workflow	2025-03-27T14:46:11.5952232Z [36;1mgh workflow run inspector.yml --ref 'main' -f kaos-issue-id=$RNNUMBER -f kaos-workflow-id="14109275303" -f kaos-user-start=""[0m
end-workflow	Finaliza el workflow	2025-03-27T14:46:11.5973725Z shell: /usr/bin/bash -e {0}
end-workflow	Finaliza el workflow	2025-03-27T14:46:11.5975100Z env:
end-workflow	Finaliza el workflow	2025-03-27T14:46:11.5975537Z   KAOS_MODULE: [Ka0S] JSONLINT
end-workflow	Finaliza el workflow	2025-03-27T14:46:11.5976468Z   GH_TOKEN: ***
end-workflow	Finaliza el workflow	2025-03-27T14:46:11.5977028Z   KAOS_JSONLINT_CONFIG: core/config/.jsonlint.json
end-workflow	Finaliza el workflow	2025-03-27T14:46:11.5977764Z   KAOS_PATH_RESUME: core/outputs/j/
end-workflow	Finaliza el workflow	2025-03-27T14:46:11.5978423Z   KAOS_REPO: /actions-runner/_work/kaos/kaos
end-workflow	Finaliza el workflow	2025-03-27T14:46:11.5979064Z   KAOS_STEP_MODULE: 
end-workflow	Finaliza el workflow	2025-03-27T14:46:11.5979540Z   KAOS_CODE: 14109275303
end-workflow	Finaliza el workflow	2025-03-27T14:46:11.5980094Z   KAOS_REF_BRANCH: main
end-workflow	Finaliza el workflow	2025-03-27T14:46:11.5980620Z ##[endgroup]
end-workflow	Finaliza el workflow	2025-03-27T14:46:11.6070516Z End process
end-workflow	Finaliza el workflow	2025-03-27T14:46:13.1577564Z https://github.com/Ka0s-Klaus/ka0s/issues/34#issuecomment-2758340725
end-workflow	Post Checkout code	﻿2025-03-27T14:46:14.3093440Z Post job cleanup.
end-workflow	Post Checkout code	2025-03-27T14:46:14.5400349Z [command]/usr/bin/git version
end-workflow	Post Checkout code	2025-03-27T14:46:14.5464638Z git version 2.48.1
end-workflow	Post Checkout code	2025-03-27T14:46:14.5531931Z Copying '/home/kaos/.gitconfig' to '/actions-runner/_work/_temp/a8329697-585b-4f6c-9c07-95b62c89a27b/.gitconfig'
end-workflow	Post Checkout code	2025-03-27T14:46:14.5553485Z Temporarily overriding HOME='/actions-runner/_work/_temp/a8329697-585b-4f6c-9c07-95b62c89a27b' before making global git config changes
end-workflow	Post Checkout code	2025-03-27T14:46:14.5556554Z Adding repository directory to the temporary git global config as a safe directory
end-workflow	Post Checkout code	2025-03-27T14:46:14.5565475Z [command]/usr/bin/git config --global --add safe.directory /actions-runner/_work/ka0s/ka0s
end-workflow	Post Checkout code	2025-03-27T14:46:14.5629569Z [command]/usr/bin/git config --local --name-only --get-regexp core\.sshCommand
end-workflow	Post Checkout code	2025-03-27T14:46:14.5707333Z [command]/usr/bin/git submodule foreach --recursive sh -c "git config --local --name-only --get-regexp 'core\.sshCommand' && git config --local --unset-all 'core.sshCommand' || :"
end-workflow	Post Checkout code	2025-03-27T14:46:14.6225911Z [command]/usr/bin/git config --local --name-only --get-regexp http\.https\:\/\/github\.com\/\.extraheader
end-workflow	Post Checkout code	2025-03-27T14:46:14.6271602Z http.https://github.com/.extraheader
end-workflow	Post Checkout code	2025-03-27T14:46:14.6298915Z [command]/usr/bin/git config --local --unset-all http.https://github.com/.extraheader
end-workflow	Post Checkout code	2025-03-27T14:46:14.6368110Z [command]/usr/bin/git submodule foreach --recursive sh -c "git config --local --name-only --get-regexp 'http\.https\:\/\/github\.com\/\.extraheader' && git config --local --unset-all 'http.https://github.com/.extraheader' || :"
end-workflow	Complete job	﻿2025-03-27T14:46:14.7097801Z Cleaning up orphan processes
