job-core	Set up job	﻿2025-03-28T11:26:26.1680378Z Current runner version: '2.323.0'
job-core	Set up job	2025-03-28T11:26:26.1691158Z Runner name: 'ka0s-runner-1'
job-core	Set up job	2025-03-28T11:26:26.1692482Z Machine name: '181b3e34799e'
job-core	Set up job	2025-03-28T11:26:26.1696589Z ##[group]GITHUB_TOKEN Permissions
job-core	Set up job	2025-03-28T11:26:26.1700223Z Actions: write
job-core	Set up job	2025-03-28T11:26:26.1701130Z Contents: write
job-core	Set up job	2025-03-28T11:26:26.1701886Z Issues: write
job-core	Set up job	2025-03-28T11:26:26.1702546Z Metadata: read
job-core	Set up job	2025-03-28T11:26:26.1703294Z PullRequests: write
job-core	Set up job	2025-03-28T11:26:26.1704116Z ##[endgroup]
job-core	Set up job	2025-03-28T11:26:26.1707581Z Secret source: Actions
job-core	Set up job	2025-03-28T11:26:26.1708654Z Prepare workflow directory
job-core	Set up job	2025-03-28T11:26:26.2666912Z Prepare all required actions
job-core	Set up job	2025-03-28T11:26:26.2718554Z Getting action download info
job-core	Set up job	2025-03-28T11:26:27.1529372Z Download action repository 'actions/checkout@v4' (SHA:11bd71901bbe5b1630ceea73d27597364c9af683)
job-core	Set up job	2025-03-28T11:26:29.8166400Z Download action repository 'actions/setup-node@v2' (SHA:7c12f8017d5436eb855f1ed4399f037a36fbd9e8)
job-core	Set up job	2025-03-28T11:26:34.3410664Z Complete job name: job-core
job-core	Checkout code	﻿2025-03-28T11:26:34.4132468Z ##[group]Run actions/checkout@v4
job-core	Checkout code	2025-03-28T11:26:34.4133452Z with:
job-core	Checkout code	2025-03-28T11:26:34.4134041Z   fetch-depth: 0
job-core	Checkout code	2025-03-28T11:26:34.4134868Z   token: ***
job-core	Checkout code	2025-03-28T11:26:34.4135211Z   repository: Ka0s-Klaus/ka0s
job-core	Checkout code	2025-03-28T11:26:34.4135601Z   ssh-strict: true
job-core	Checkout code	2025-03-28T11:26:34.4135919Z   ssh-user: git
job-core	Checkout code	2025-03-28T11:26:34.4136263Z   persist-credentials: true
job-core	Checkout code	2025-03-28T11:26:34.4136637Z   clean: true
job-core	Checkout code	2025-03-28T11:26:34.4167464Z   sparse-checkout-cone-mode: true
job-core	Checkout code	2025-03-28T11:26:34.4168206Z   fetch-tags: false
job-core	Checkout code	2025-03-28T11:26:34.4168575Z   show-progress: true
job-core	Checkout code	2025-03-28T11:26:34.4168928Z   lfs: false
job-core	Checkout code	2025-03-28T11:26:34.4169469Z   submodules: false
job-core	Checkout code	2025-03-28T11:26:34.4169830Z   set-safe-directory: true
job-core	Checkout code	2025-03-28T11:26:34.4170747Z env:
job-core	Checkout code	2025-03-28T11:26:34.4171089Z   KAOS_MODULE: [Ka0S] JSONLINT
job-core	Checkout code	2025-03-28T11:26:34.4171787Z   GH_TOKEN: ***
job-core	Checkout code	2025-03-28T11:26:34.4172193Z   KAOS_JSONLINT_CONFIG: core/config/.jsonlint.json
job-core	Checkout code	2025-03-28T11:26:34.4172675Z   KAOS_PATH_RESUME: core/outputs/j/
job-core	Checkout code	2025-03-28T11:26:34.4173236Z   KAOS_REPO: /actions-runner/_work/kaos/kaos
job-core	Checkout code	2025-03-28T11:26:34.4173682Z   KAOS_STEP_MODULE: 
job-core	Checkout code	2025-03-28T11:26:34.4174476Z   KAOS_CODE: 14127924379
job-core	Checkout code	2025-03-28T11:26:34.4174836Z   KAOS_REF_BRANCH: main
job-core	Checkout code	2025-03-28T11:26:34.4175171Z ##[endgroup]
job-core	Checkout code	2025-03-28T11:26:34.6152287Z Syncing repository: Ka0s-Klaus/ka0s
job-core	Checkout code	2025-03-28T11:26:34.6155213Z ##[group]Getting Git version info
job-core	Checkout code	2025-03-28T11:26:34.6156182Z Working directory is '/actions-runner/_work/ka0s/ka0s'
job-core	Checkout code	2025-03-28T11:26:34.6157742Z [command]/usr/bin/git version
job-core	Checkout code	2025-03-28T11:26:34.6201969Z git version 2.48.1
job-core	Checkout code	2025-03-28T11:26:34.6276564Z ##[endgroup]
job-core	Checkout code	2025-03-28T11:26:34.6293041Z Copying '/home/kaos/.gitconfig' to '/actions-runner/_work/_temp/21b0a29f-71fc-4446-bdae-bb53dc948ed5/.gitconfig'
job-core	Checkout code	2025-03-28T11:26:34.6328307Z Temporarily overriding HOME='/actions-runner/_work/_temp/21b0a29f-71fc-4446-bdae-bb53dc948ed5' before making global git config changes
job-core	Checkout code	2025-03-28T11:26:34.6334671Z Adding repository directory to the temporary git global config as a safe directory
job-core	Checkout code	2025-03-28T11:26:34.6336911Z [command]/usr/bin/git config --global --add safe.directory /actions-runner/_work/ka0s/ka0s
job-core	Checkout code	2025-03-28T11:26:34.6454258Z [command]/usr/bin/git config --local --get remote.origin.url
job-core	Checkout code	2025-03-28T11:26:34.6504616Z https://github.com/Ka0s-Klaus/ka0s
job-core	Checkout code	2025-03-28T11:26:34.6547568Z ##[group]Removing previously created refs, to avoid conflicts
job-core	Checkout code	2025-03-28T11:26:34.6558713Z [command]/usr/bin/git rev-parse --symbolic-full-name --verify --quiet HEAD
job-core	Checkout code	2025-03-28T11:26:34.6603964Z refs/heads/H214-salidas-de-cada-uno-de-los-diferentes-modulos-a-output
job-core	Checkout code	2025-03-28T11:26:34.6628497Z [command]/usr/bin/git checkout --detach
job-core	Checkout code	2025-03-28T11:26:34.6768498Z HEAD is now at eb7a577 VALIDAMOS PRUEBA DE JSON
job-core	Checkout code	2025-03-28T11:26:34.6847807Z [command]/usr/bin/git branch --delete --force H214-salidas-de-cada-uno-de-los-diferentes-modulos-a-output
job-core	Checkout code	2025-03-28T11:26:34.6901836Z Deleted branch H214-salidas-de-cada-uno-de-los-diferentes-modulos-a-output (was eb7a577).
job-core	Checkout code	2025-03-28T11:26:34.6977477Z ##[endgroup]
job-core	Checkout code	2025-03-28T11:26:34.6985602Z [command]/usr/bin/git submodule status
job-core	Checkout code	2025-03-28T11:26:34.7386596Z ##[group]Cleaning the repository
job-core	Checkout code	2025-03-28T11:26:34.7395712Z [command]/usr/bin/git clean -ffdx
job-core	Checkout code	2025-03-28T11:26:34.7468354Z [command]/usr/bin/git reset --hard HEAD
job-core	Checkout code	2025-03-28T11:26:34.7628983Z HEAD is now at eb7a577 VALIDAMOS PRUEBA DE JSON
job-core	Checkout code	2025-03-28T11:26:34.7636212Z ##[endgroup]
job-core	Checkout code	2025-03-28T11:26:34.7639874Z ##[group]Disabling automatic garbage collection
job-core	Checkout code	2025-03-28T11:26:34.7645969Z [command]/usr/bin/git config --local gc.auto 0
job-core	Checkout code	2025-03-28T11:26:34.7687792Z ##[endgroup]
job-core	Checkout code	2025-03-28T11:26:34.7688918Z ##[group]Setting up auth
job-core	Checkout code	2025-03-28T11:26:34.7702096Z [command]/usr/bin/git config --local --name-only --get-regexp core\.sshCommand
job-core	Checkout code	2025-03-28T11:26:34.7773002Z [command]/usr/bin/git submodule foreach --recursive sh -c "git config --local --name-only --get-regexp 'core\.sshCommand' && git config --local --unset-all 'core.sshCommand' || :"
job-core	Checkout code	2025-03-28T11:26:34.8170048Z [command]/usr/bin/git config --local --name-only --get-regexp http\.https\:\/\/github\.com\/\.extraheader
job-core	Checkout code	2025-03-28T11:26:34.8218023Z [command]/usr/bin/git submodule foreach --recursive sh -c "git config --local --name-only --get-regexp 'http\.https\:\/\/github\.com\/\.extraheader' && git config --local --unset-all 'http.https://github.com/.extraheader' || :"
job-core	Checkout code	2025-03-28T11:26:34.8679619Z [command]/usr/bin/git config --local http.https://github.com/.extraheader AUTHORIZATION: basic ***
job-core	Checkout code	2025-03-28T11:26:34.8751306Z ##[endgroup]
job-core	Checkout code	2025-03-28T11:26:34.8764344Z ##[group]Fetching the repository
job-core	Checkout code	2025-03-28T11:26:34.8766223Z [command]/usr/bin/git -c protocol.version=2 fetch --prune --no-recurse-submodules origin +refs/heads/*:refs/remotes/origin/* +refs/tags/*:refs/tags/*
job-core	Checkout code	2025-03-28T11:26:36.5539044Z From https://github.com/Ka0s-Klaus/ka0s
job-core	Checkout code	2025-03-28T11:26:36.5542903Z    eb7a577..9bcdf1b  H214-salidas-de-cada-uno-de-los-diferentes-modulos-a-output -> origin/H214-salidas-de-cada-uno-de-los-diferentes-modulos-a-output
job-core	Checkout code	2025-03-28T11:26:36.5550710Z    747bef5..242ce18  H220-web-de-resultados -> origin/H220-web-de-resultados
job-core	Checkout code	2025-03-28T11:26:36.5553336Z    7693e47..2c370a0  main                   -> origin/main
job-core	Checkout code	2025-03-28T11:26:36.5623589Z [command]/usr/bin/git branch --list --remote origin/H214-salidas-de-cada-uno-de-los-diferentes-modulos-a-output
job-core	Checkout code	2025-03-28T11:26:36.5668328Z   origin/H214-salidas-de-cada-uno-de-los-diferentes-modulos-a-output
job-core	Checkout code	2025-03-28T11:26:36.5687428Z [command]/usr/bin/git rev-parse refs/remotes/origin/H214-salidas-de-cada-uno-de-los-diferentes-modulos-a-output
job-core	Checkout code	2025-03-28T11:26:36.5724898Z 9bcdf1b13cfd6d076d43a7cc21a08a548a30b5a2
job-core	Checkout code	2025-03-28T11:26:36.5735968Z ##[endgroup]
job-core	Checkout code	2025-03-28T11:26:36.5737883Z ##[group]Determining the checkout info
job-core	Checkout code	2025-03-28T11:26:36.5740015Z ##[endgroup]
job-core	Checkout code	2025-03-28T11:26:36.5749426Z [command]/usr/bin/git sparse-checkout disable
job-core	Checkout code	2025-03-28T11:26:36.5837928Z [command]/usr/bin/git config --local --unset-all extensions.worktreeConfig
job-core	Checkout code	2025-03-28T11:26:36.5888938Z ##[group]Checking out the ref
job-core	Checkout code	2025-03-28T11:26:36.5897488Z [command]/usr/bin/git checkout --progress --force -B H214-salidas-de-cada-uno-de-los-diferentes-modulos-a-output refs/remotes/origin/H214-salidas-de-cada-uno-de-los-diferentes-modulos-a-output
job-core	Checkout code	2025-03-28T11:26:36.6147321Z Previous HEAD position was eb7a577 VALIDAMOS PRUEBA DE JSON
job-core	Checkout code	2025-03-28T11:26:36.6172281Z Switched to a new branch 'H214-salidas-de-cada-uno-de-los-diferentes-modulos-a-output'
job-core	Checkout code	2025-03-28T11:26:36.6186740Z branch 'H214-salidas-de-cada-uno-de-los-diferentes-modulos-a-output' set up to track 'origin/H214-salidas-de-cada-uno-de-los-diferentes-modulos-a-output'.
job-core	Checkout code	2025-03-28T11:26:36.6191408Z ##[endgroup]
job-core	Checkout code	2025-03-28T11:26:36.6258065Z [command]/usr/bin/git log -1 --format=%H
job-core	Checkout code	2025-03-28T11:26:36.6311921Z 9bcdf1b13cfd6d076d43a7cc21a08a548a30b5a2
job-core	Install Node.js	﻿2025-03-28T11:26:36.6713090Z ##[group]Run actions/setup-node@v2
job-core	Install Node.js	2025-03-28T11:26:36.6713922Z with:
job-core	Install Node.js	2025-03-28T11:26:36.6714668Z   node-version: 14
job-core	Install Node.js	2025-03-28T11:26:36.6715140Z   always-auth: false
job-core	Install Node.js	2025-03-28T11:26:36.6715639Z   check-latest: false
job-core	Install Node.js	2025-03-28T11:26:36.6716762Z   token: ***
job-core	Install Node.js	2025-03-28T11:26:36.6717120Z env:
job-core	Install Node.js	2025-03-28T11:26:36.6717520Z   KAOS_MODULE: [Ka0S] JSONLINT
job-core	Install Node.js	2025-03-28T11:26:36.6718244Z   GH_TOKEN: ***
job-core	Install Node.js	2025-03-28T11:26:36.6718787Z   KAOS_JSONLINT_CONFIG: core/config/.jsonlint.json
job-core	Install Node.js	2025-03-28T11:26:36.6719484Z   KAOS_PATH_RESUME: core/outputs/j/
job-core	Install Node.js	2025-03-28T11:26:36.6720104Z   KAOS_REPO: /actions-runner/_work/kaos/kaos
job-core	Install Node.js	2025-03-28T11:26:36.6720738Z   KAOS_STEP_MODULE: 
job-core	Install Node.js	2025-03-28T11:26:36.6721207Z   KAOS_CODE: 14127924379
job-core	Install Node.js	2025-03-28T11:26:36.6721720Z   KAOS_REF_BRANCH: main
job-core	Install Node.js	2025-03-28T11:26:36.6722153Z ##[endgroup]
job-core	Install Node.js	2025-03-28T11:26:36.8797169Z Found in cache @ /actions-runner/_work/_tool/node/14.21.3/x64
job-core	Install jsonlint	﻿2025-03-28T11:26:36.9051784Z ##[group]Run if ! command -v jsonlint &> /dev/null; then
job-core	Install jsonlint	2025-03-28T11:26:36.9052896Z [36;1mif ! command -v jsonlint &> /dev/null; then[0m
job-core	Install jsonlint	2025-03-28T11:26:36.9053551Z [36;1m  echo "Installing jsonlint..."[0m
job-core	Install jsonlint	2025-03-28T11:26:36.9054499Z [36;1m  npm install -g jsonlint[0m
job-core	Install jsonlint	2025-03-28T11:26:36.9055018Z [36;1melse[0m
job-core	Install jsonlint	2025-03-28T11:26:36.9055790Z [36;1m  echo "jsonlint already installed, skipping installation"[0m
job-core	Install jsonlint	2025-03-28T11:26:36.9056689Z [36;1mfi[0m
job-core	Install jsonlint	2025-03-28T11:26:36.9057147Z [36;1mmkdir -p core/outputs/j/[0m
job-core	Install jsonlint	2025-03-28T11:26:36.9082900Z shell: /usr/bin/bash -e {0}
job-core	Install jsonlint	2025-03-28T11:26:36.9083453Z env:
job-core	Install jsonlint	2025-03-28T11:26:36.9084003Z   KAOS_MODULE: [Ka0S] JSONLINT
job-core	Install jsonlint	2025-03-28T11:26:36.9085021Z   GH_TOKEN: ***
job-core	Install jsonlint	2025-03-28T11:26:36.9085514Z   KAOS_JSONLINT_CONFIG: core/config/.jsonlint.json
job-core	Install jsonlint	2025-03-28T11:26:36.9086205Z   KAOS_PATH_RESUME: core/outputs/j/
job-core	Install jsonlint	2025-03-28T11:26:36.9086919Z   KAOS_REPO: /actions-runner/_work/kaos/kaos
job-core	Install jsonlint	2025-03-28T11:26:36.9087526Z   KAOS_STEP_MODULE: 
job-core	Install jsonlint	2025-03-28T11:26:36.9088050Z   KAOS_CODE: 14127924379
job-core	Install jsonlint	2025-03-28T11:26:36.9088483Z   KAOS_REF_BRANCH: main
job-core	Install jsonlint	2025-03-28T11:26:36.9088977Z ##[endgroup]
job-core	Install jsonlint	2025-03-28T11:26:36.9189865Z jsonlint already installed, skipping installation
job-core	Check JSON	﻿2025-03-28T11:26:36.9260043Z ##[group]Run # Invocamos la primera comprobación de base, sino se supera el proceso no continua
job-core	Check JSON	2025-03-28T11:26:36.9261078Z [36;1m# Invocamos la primera comprobación de base, sino se supera el proceso no continua[0m
job-core	Check JSON	2025-03-28T11:26:36.9261692Z [36;1m# Extraemos el nombre del fichero[0m
job-core	Check JSON	2025-03-28T11:26:36.9262154Z [36;1mfile_name=$(basename "core/outputs/i/14127696474.json")[0m
job-core	Check JSON	2025-03-28T11:26:36.9262655Z [36;1m# Generamos el fichero de resultados vacio[0m
job-core	Check JSON	2025-03-28T11:26:36.9263169Z [36;1mtouch core/outputs/j/jsonlint-results-14127924379.txt[0m
job-core	Check JSON	2025-03-28T11:26:36.9263683Z [36;1m# Realizamos el check del documento json [0m
job-core	Check JSON	2025-03-28T11:26:36.9264551Z [36;1mjsonlint core/outputs/i/14127696474.json > core/outputs/j/jsonlint-results-14127924379.txt[0m
job-core	Check JSON	2025-03-28T11:26:36.9265279Z [36;1m# esto es un workarround importante que hay que retirar[0m
job-core	Check JSON	2025-03-28T11:26:36.9265824Z [36;1m#rm -rf core/outputs/j/jsonlint-results-14127924379.txt[0m
job-core	Check JSON	2025-03-28T11:26:36.9266254Z [36;1m# a retirar[0m
job-core	Check JSON	2025-03-28T11:26:36.9266621Z [36;1m# Check if exist errors in file[0m
job-core	Check JSON	2025-03-28T11:26:36.9267005Z [36;1mecho "Mostramos fichero"[0m
job-core	Check JSON	2025-03-28T11:26:36.9267578Z [36;1mcat core/outputs/j/jsonlint-results-14127924379.txt[0m
job-core	Check JSON	2025-03-28T11:26:36.9268236Z [36;1mif [ ! -s core/outputs/j/jsonlint-results-14127924379.txt ]; then[0m
job-core	Check JSON	2025-03-28T11:26:36.9269023Z [36;1m  echo "File core/outputs/j/jsonlint-results-14127924379.txt is empty and is content correct"[0m
job-core	Check JSON	2025-03-28T11:26:36.9271628Z [36;1m  KAOS_ISSUE_BODY="The [Ka0S] JSONLINT process (14127918809) launch the check (14127924379) over file (core/outputs/i/14127696474.json) and its result has been SUCCESS. Please review all files implicated in pull request and approve to merge"[0m
job-core	Check JSON	2025-03-28T11:26:36.9275187Z [36;1m  # Añadimos la versión de jsonlint con la que se realiza la comprobacion[0m
job-core	Check JSON	2025-03-28T11:26:36.9276395Z [36;1m  jsonlint --version >> core/outputs/j/jsonlint-results-14127924379.txt[0m
job-core	Check JSON	2025-03-28T11:26:36.9277058Z [36;1m  # añadimos el nombre del fichero que vamos a comprobar[0m
job-core	Check JSON	2025-03-28T11:26:36.9277864Z [36;1m  echo "Finding: core/outputs/i/14127696474.json" >> core/outputs/j/jsonlint-results-14127924379.txt[0m
job-core	Check JSON	2025-03-28T11:26:36.9279578Z [36;1m  # gh workflow run issue.yaml --ref main -f kaos-issue-title="" -f kaos-issue-body="$KAOS_ISSUE_BODY" -f kaos-issue-actions=comment -f kaos-issue-tag="" -f kaos-issue-id=214[0m
job-core	Check JSON	2025-03-28T11:26:36.9285891Z [36;1m  gh issue comment  214 -F core/outputs/j/jsonlint-results-14127924379.txt[0m
job-core	Check JSON	2025-03-28T11:26:36.9287188Z [36;1melse[0m
job-core	Check JSON	2025-03-28T11:26:36.9287550Z [36;1m  cat core/outputs/j/jsonlint-results-14127924379.txt[0m
job-core	Check JSON	2025-03-28T11:26:36.9288430Z [36;1m  echo "File core/outputs/j/jsonlint-results-14127924379.txt is not empty and is content not correct and write commit info"[0m
job-core	Check JSON	2025-03-28T11:26:36.9289925Z [36;1m  KAOS_ISSUE_BODY="The [Ka0S] JSONLINT process (14127918809) launch the check (14127924379) over file (core/outputs/i/14127696474.json) and its result has been FAILED, please check and solved it"[0m
job-core	Check JSON	2025-03-28T11:26:36.9386579Z [36;1m  # Añadimos la versión de jsonlint con la que se realiza la comprobacion[0m
job-core	Check JSON	2025-03-28T11:26:36.9387657Z [36;1m  # jsonlint --version || true >> core/outputs/j/jsonlint-results-14127924379.txt[0m
job-core	Check JSON	2025-03-28T11:26:36.9388393Z [36;1m  # añadimos el nombre del fichero que vamos a comprobar[0m
job-core	Check JSON	2025-03-28T11:26:36.9389221Z [36;1m  echo "Finding: core/outputs/i/14127696474.json" >> core/outputs/j/jsonlint-results-14127924379.txt[0m
job-core	Check JSON	2025-03-28T11:26:36.9390529Z [36;1m  # gh workflow run issue.yaml --ref main -f kaos-issue-title="" -f kaos-issue-body="$KAOS_ISSUE_BODY" -f kaos-issue-actions=comment -f kaos-issue-tag="" -f kaos-issue-id=214 [0m
job-core	Check JSON	2025-03-28T11:26:36.9391696Z [36;1m  gh issue comment  214 -F core/outputs/j/jsonlint-results-14127924379.txt[0m
job-core	Check JSON	2025-03-28T11:26:36.9392228Z [36;1mfi[0m
job-core	Check JSON	2025-03-28T11:26:36.9402928Z shell: /usr/bin/bash -e {0}
job-core	Check JSON	2025-03-28T11:26:36.9403276Z env:
job-core	Check JSON	2025-03-28T11:26:36.9403533Z   KAOS_MODULE: [Ka0S] JSONLINT
job-core	Check JSON	2025-03-28T11:26:36.9404580Z   GH_TOKEN: ***
job-core	Check JSON	2025-03-28T11:26:36.9404898Z   KAOS_JSONLINT_CONFIG: core/config/.jsonlint.json
job-core	Check JSON	2025-03-28T11:26:36.9405339Z   KAOS_PATH_RESUME: core/outputs/j/
job-core	Check JSON	2025-03-28T11:26:36.9405727Z   KAOS_REPO: /actions-runner/_work/kaos/kaos
job-core	Check JSON	2025-03-28T11:26:36.9406097Z   KAOS_STEP_MODULE: 
job-core	Check JSON	2025-03-28T11:26:36.9406365Z   KAOS_CODE: 14127924379
job-core	Check JSON	2025-03-28T11:26:36.9406668Z   KAOS_REF_BRANCH: main
job-core	Check JSON	2025-03-28T11:26:36.9406946Z ##[endgroup]
job-core	Check JSON	2025-03-28T11:26:37.1515392Z Mostramos fichero
job-core	Check JSON	2025-03-28T11:26:37.1535934Z {
job-core	Check JSON	2025-03-28T11:26:37.1537454Z   "conclusion": "success",
job-core	Check JSON	2025-03-28T11:26:37.1538797Z   "createdAt": "2025-03-28T11:12:35Z",
job-core	Check JSON	2025-03-28T11:26:37.1540453Z   "databaseId": 14127696474,
job-core	Check JSON	2025-03-28T11:26:37.1542001Z   "displayTitle": "Ka0s Markdown Lint",
job-core	Check JSON	2025-03-28T11:26:37.1543048Z   "event": "workflow_dispatch",
job-core	Check JSON	2025-03-28T11:26:37.1548003Z   "headBranch": "H214-salidas-de-cada-uno-de-los-diferentes-modulos-a-output",
job-core	Check JSON	2025-03-28T11:26:37.1549348Z   "headSha": "ded8fe529ecfc0d70c5b35097613a11754d1800f",
job-core	Check JSON	2025-03-28T11:26:37.1550388Z   "jobs": [
job-core	Check JSON	2025-03-28T11:26:37.1551159Z     {
job-core	Check JSON	2025-03-28T11:26:37.1551902Z       "completedAt": "2025-03-28T11:13:06Z",
job-core	Check JSON	2025-03-28T11:26:37.1552809Z       "conclusion": "success",
job-core	Check JSON	2025-03-28T11:26:37.1553531Z       "databaseId": 39580409752,
job-core	Check JSON	2025-03-28T11:26:37.1554282Z       "name": "job-core",
job-core	Check JSON	2025-03-28T11:26:37.1555075Z       "startedAt": "2025-03-28T11:12:38Z",
job-core	Check JSON	2025-03-28T11:26:37.1556322Z       "status": "completed",
job-core	Check JSON	2025-03-28T11:26:37.1557218Z       "steps": [
job-core	Check JSON	2025-03-28T11:26:37.1565080Z         {
job-core	Check JSON	2025-03-28T11:26:37.1565857Z           "conclusion": "success",
job-core	Check JSON	2025-03-28T11:26:37.1566816Z           "name": "Set up job",
job-core	Check JSON	2025-03-28T11:26:37.1567522Z           "number": 1,
job-core	Check JSON	2025-03-28T11:26:37.1568454Z           "status": "completed"
job-core	Check JSON	2025-03-28T11:26:37.1569791Z         },
job-core	Check JSON	2025-03-28T11:26:37.1570279Z         {
job-core	Check JSON	2025-03-28T11:26:37.1570949Z           "conclusion": "success",
job-core	Check JSON	2025-03-28T11:26:37.1572022Z           "name": "Run actions/checkout@v4",
job-core	Check JSON	2025-03-28T11:26:37.1573105Z           "number": 2,
job-core	Check JSON	2025-03-28T11:26:37.1574172Z           "status": "completed"
job-core	Check JSON	2025-03-28T11:26:37.1575902Z         },
job-core	Check JSON	2025-03-28T11:26:37.1576568Z         {
job-core	Check JSON	2025-03-28T11:26:37.1577432Z           "conclusion": "success",
job-core	Check JSON	2025-03-28T11:26:37.1578595Z           "name": "Run actions/setup-node@v4",
job-core	Check JSON	2025-03-28T11:26:37.1579940Z           "number": 3,
job-core	Check JSON	2025-03-28T11:26:37.1580766Z           "status": "completed"
job-core	Check JSON	2025-03-28T11:26:37.1596055Z         },
job-core	Check JSON	2025-03-28T11:26:37.1596896Z         {
job-core	Check JSON	2025-03-28T11:26:37.1597694Z           "conclusion": "success",
job-core	Check JSON	2025-03-28T11:26:37.1598788Z           "name": "Run npm install -g markdownlint-cli2",
job-core	Check JSON	2025-03-28T11:26:37.1599890Z           "number": 4,
job-core	Check JSON	2025-03-28T11:26:37.1600878Z           "status": "completed"
job-core	Check JSON	2025-03-28T11:26:37.1601641Z         },
job-core	Check JSON	2025-03-28T11:26:37.1602351Z         {
job-core	Check JSON	2025-03-28T11:26:37.1621014Z           "conclusion": "success",
job-core	Check JSON	2025-03-28T11:26:37.1622503Z           "name": "Run # Realizamos el check del documento md ",
job-core	Check JSON	2025-03-28T11:26:37.1623654Z           "number": 5,
job-core	Check JSON	2025-03-28T11:26:37.1624649Z           "status": "completed"
job-core	Check JSON	2025-03-28T11:26:37.1625489Z         },
job-core	Check JSON	2025-03-28T11:26:37.1626076Z         {
job-core	Check JSON	2025-03-28T11:26:37.1626807Z           "conclusion": "success",
job-core	Check JSON	2025-03-28T11:26:37.1627720Z           "name": "Post Run actions/setup-node@v4",
job-core	Check JSON	2025-03-28T11:26:37.1628671Z           "number": 9,
job-core	Check JSON	2025-03-28T11:26:37.1629391Z           "status": "completed"
job-core	Check JSON	2025-03-28T11:26:37.1630073Z         },
job-core	Check JSON	2025-03-28T11:26:37.1630561Z         {
job-core	Check JSON	2025-03-28T11:26:37.1631163Z           "conclusion": "success",
job-core	Check JSON	2025-03-28T11:26:37.1632007Z           "name": "Post Run actions/checkout@v4",
job-core	Check JSON	2025-03-28T11:26:37.1632823Z           "number": 10,
job-core	Check JSON	2025-03-28T11:26:37.1633497Z           "status": "completed"
job-core	Check JSON	2025-03-28T11:26:37.1634455Z         },
job-core	Check JSON	2025-03-28T11:26:37.1635085Z         {
job-core	Check JSON	2025-03-28T11:26:37.1635793Z           "conclusion": "success",
job-core	Check JSON	2025-03-28T11:26:37.1636648Z           "name": "Complete job",
job-core	Check JSON	2025-03-28T11:26:37.1637939Z           "number": 11,
job-core	Check JSON	2025-03-28T11:26:37.1638661Z           "status": "completed"
job-core	Check JSON	2025-03-28T11:26:37.1639451Z         }
job-core	Check JSON	2025-03-28T11:26:37.1640032Z       ],
job-core	Check JSON	2025-03-28T11:26:37.1641251Z       "url": "https://github.com/Ka0s-Klaus/ka0s/actions/runs/14127696474/job/39580409752"
job-core	Check JSON	2025-03-28T11:26:37.1642206Z     },
job-core	Check JSON	2025-03-28T11:26:37.1642635Z     {
job-core	Check JSON	2025-03-28T11:26:37.1643134Z       "completedAt": "2025-03-28T11:13:20Z",
job-core	Check JSON	2025-03-28T11:26:37.1644273Z       "conclusion": "success",
job-core	Check JSON	2025-03-28T11:26:37.1645240Z       "databaseId": 39580435306,
job-core	Check JSON	2025-03-28T11:26:37.1645992Z       "name": "handle-success",
job-core	Check JSON	2025-03-28T11:26:37.1646750Z       "startedAt": "2025-03-28T11:13:08Z",
job-core	Check JSON	2025-03-28T11:26:37.1647557Z       "status": "completed",
job-core	Check JSON	2025-03-28T11:26:37.1648221Z       "steps": [
job-core	Check JSON	2025-03-28T11:26:37.1648807Z         {
job-core	Check JSON	2025-03-28T11:26:37.1649491Z           "conclusion": "success",
job-core	Check JSON	2025-03-28T11:26:37.1650342Z           "name": "Set up job",
job-core	Check JSON	2025-03-28T11:26:37.1651034Z           "number": 1,
job-core	Check JSON	2025-03-28T11:26:37.1651837Z           "status": "completed"
job-core	Check JSON	2025-03-28T11:26:37.1654478Z         },
job-core	Check JSON	2025-03-28T11:26:37.1655066Z         {
job-core	Check JSON	2025-03-28T11:26:37.1655791Z           "conclusion": "success",
job-core	Check JSON	2025-03-28T11:26:37.1656579Z           "name": "Checkout code",
job-core	Check JSON	2025-03-28T11:26:37.1657394Z           "number": 2,
job-core	Check JSON	2025-03-28T11:26:37.1658059Z           "status": "completed"
job-core	Check JSON	2025-03-28T11:26:37.1658832Z         },
job-core	Check JSON	2025-03-28T11:26:37.1659363Z         {
job-core	Check JSON	2025-03-28T11:26:37.1659991Z           "conclusion": "success",
job-core	Check JSON	2025-03-28T11:26:37.1660970Z           "name": "handle-success-execution",
job-core	Check JSON	2025-03-28T11:26:37.1661811Z           "number": 3,
job-core	Check JSON	2025-03-28T11:26:37.1662390Z           "status": "completed"
job-core	Check JSON	2025-03-28T11:26:37.1663038Z         },
job-core	Check JSON	2025-03-28T11:26:37.1663552Z         {
job-core	Check JSON	2025-03-28T11:26:37.1664467Z           "conclusion": "success",
job-core	Check JSON	2025-03-28T11:26:37.1665387Z           "name": "Post Checkout code",
job-core	Check JSON	2025-03-28T11:26:37.1666192Z           "number": 6,
job-core	Check JSON	2025-03-28T11:26:37.1666909Z           "status": "completed"
job-core	Check JSON	2025-03-28T11:26:37.1667570Z         },
job-core	Check JSON	2025-03-28T11:26:37.1668063Z         {
job-core	Check JSON	2025-03-28T11:26:37.1669197Z           "conclusion": "success",
job-core	Check JSON	2025-03-28T11:26:37.1670034Z           "name": "Complete job",
job-core	Check JSON	2025-03-28T11:26:37.1670689Z           "number": 7,
job-core	Check JSON	2025-03-28T11:26:37.1671377Z           "status": "completed"
job-core	Check JSON	2025-03-28T11:26:37.1671988Z         }
job-core	Check JSON	2025-03-28T11:26:37.1672467Z       ],
job-core	Check JSON	2025-03-28T11:26:37.1673618Z       "url": "https://github.com/Ka0s-Klaus/ka0s/actions/runs/14127696474/job/39580435306"
job-core	Check JSON	2025-03-28T11:26:37.1676587Z     },
job-core	Check JSON	2025-03-28T11:26:37.1677181Z     {
job-core	Check JSON	2025-03-28T11:26:37.1677893Z       "completedAt": "2025-03-28T11:13:20Z",
job-core	Check JSON	2025-03-28T11:26:37.1678862Z       "conclusion": "skipped",
job-core	Check JSON	2025-03-28T11:26:37.1679923Z       "databaseId": 39580447798,
job-core	Check JSON	2025-03-28T11:26:37.1680729Z       "name": "handle_failure",
job-core	Check JSON	2025-03-28T11:26:37.1681524Z       "startedAt": "2025-03-28T11:13:20Z",
job-core	Check JSON	2025-03-28T11:26:37.1682283Z       "status": "completed",
job-core	Check JSON	2025-03-28T11:26:37.1682943Z       "steps": [],
job-core	Check JSON	2025-03-28T11:26:37.1684261Z       "url": "https://github.com/Ka0s-Klaus/ka0s/actions/runs/14127696474/job/39580447798"
job-core	Check JSON	2025-03-28T11:26:37.1685337Z     },
job-core	Check JSON	2025-03-28T11:26:37.1685912Z     {
job-core	Check JSON	2025-03-28T11:26:37.1686705Z       "completedAt": "2025-03-28T11:13:35Z",
job-core	Check JSON	2025-03-28T11:26:37.1687929Z       "conclusion": "success",
job-core	Check JSON	2025-03-28T11:26:37.1688638Z       "databaseId": 39580447817,
job-core	Check JSON	2025-03-28T11:26:37.1689322Z       "name": "end-workflow",
job-core	Check JSON	2025-03-28T11:26:37.1690101Z       "startedAt": "2025-03-28T11:13:22Z",
job-core	Check JSON	2025-03-28T11:26:37.1690857Z       "status": "completed",
job-core	Check JSON	2025-03-28T11:26:37.1691509Z       "steps": [
job-core	Check JSON	2025-03-28T11:26:37.1692003Z         {
job-core	Check JSON	2025-03-28T11:26:37.1692671Z           "conclusion": "success",
job-core	Check JSON	2025-03-28T11:26:37.1693436Z           "name": "Set up job",
job-core	Check JSON	2025-03-28T11:26:37.1694282Z           "number": 1,
job-core	Check JSON	2025-03-28T11:26:37.1694984Z           "status": "completed"
job-core	Check JSON	2025-03-28T11:26:37.1695543Z         },
job-core	Check JSON	2025-03-28T11:26:37.1695997Z         {
job-core	Check JSON	2025-03-28T11:26:37.1696585Z           "conclusion": "success",
job-core	Check JSON	2025-03-28T11:26:37.1697899Z           "name": "Checkout code",
job-core	Check JSON	2025-03-28T11:26:37.1698663Z           "number": 2,
job-core	Check JSON	2025-03-28T11:26:37.1699314Z           "status": "completed"
job-core	Check JSON	2025-03-28T11:26:37.1699931Z         },
job-core	Check JSON	2025-03-28T11:26:37.1700406Z         {
job-core	Check JSON	2025-03-28T11:26:37.1701036Z           "conclusion": "success",
job-core	Check JSON	2025-03-28T11:26:37.1701867Z           "name": "Finaliza el workflow",
job-core	Check JSON	2025-03-28T11:26:37.1702625Z           "number": 3,
job-core	Check JSON	2025-03-28T11:26:37.1703306Z           "status": "completed"
job-core	Check JSON	2025-03-28T11:26:37.1704092Z         },
job-core	Check JSON	2025-03-28T11:26:37.1704545Z         {
job-core	Check JSON	2025-03-28T11:26:37.1705167Z           "conclusion": "success",
job-core	Check JSON	2025-03-28T11:26:37.1705972Z           "name": "Post Checkout code",
job-core	Check JSON	2025-03-28T11:26:37.1706694Z           "number": 6,
job-core	Check JSON	2025-03-28T11:26:37.1707368Z           "status": "completed"
job-core	Check JSON	2025-03-28T11:26:37.1708090Z         },
job-core	Check JSON	2025-03-28T11:26:37.1708533Z         {
job-core	Check JSON	2025-03-28T11:26:37.1709166Z           "conclusion": "success",
job-core	Check JSON	2025-03-28T11:26:37.1710004Z           "name": "Complete job",
job-core	Check JSON	2025-03-28T11:26:37.1710673Z           "number": 7,
job-core	Check JSON	2025-03-28T11:26:37.1711360Z           "status": "completed"
job-core	Check JSON	2025-03-28T11:26:37.1711975Z         }
job-core	Check JSON	2025-03-28T11:26:37.1712399Z       ],
job-core	Check JSON	2025-03-28T11:26:37.1713541Z       "url": "https://github.com/Ka0s-Klaus/ka0s/actions/runs/14127696474/job/39580447817"
job-core	Check JSON	2025-03-28T11:26:37.1714766Z     }
job-core	Check JSON	2025-03-28T11:26:37.1715220Z   ],
job-core	Check JSON	2025-03-28T11:26:37.1715767Z   "name": "Ka0s Markdown Lint",
job-core	Check JSON	2025-03-28T11:26:37.1716422Z   "number": 39,
job-core	Check JSON	2025-03-28T11:26:37.1717052Z   "startedAt": "2025-03-28T11:12:35Z",
job-core	Check JSON	2025-03-28T11:26:37.1717741Z   "status": "completed",
job-core	Check JSON	2025-03-28T11:26:37.1718491Z   "updatedAt": "2025-03-28T11:13:36Z",
job-core	Check JSON	2025-03-28T11:26:37.1732340Z   "url": "https://github.com/Ka0s-Klaus/ka0s/actions/runs/14127696474",
job-core	Check JSON	2025-03-28T11:26:37.1734004Z   "workflowDatabaseId": 142215142,
job-core	Check JSON	2025-03-28T11:26:37.1735320Z   "workflowName": "Ka0s Markdown Lint"
job-core	Check JSON	2025-03-28T11:26:37.1736077Z }
job-core	Check JSON	2025-03-28T11:26:37.1736722Z {
job-core	Check JSON	2025-03-28T11:26:37.1737220Z   "conclusion": "success",
job-core	Check JSON	2025-03-28T11:26:37.1738007Z   "createdAt": "2025-03-28T11:12:35Z",
job-core	Check JSON	2025-03-28T11:26:37.1739241Z   "databaseId": 14127696474,
job-core	Check JSON	2025-03-28T11:26:37.1740001Z   "displayTitle": "Ka0s Markdown Lint",
job-core	Check JSON	2025-03-28T11:26:37.1740786Z   "event": "workflow_dispatch",
job-core	Check JSON	2025-03-28T11:26:37.1742042Z   "headBranch": "H214-salidas-de-cada-uno-de-los-diferentes-modulos-a-output",
job-core	Check JSON	2025-03-28T11:26:37.1743462Z   "headSha": "ded8fe529ecfc0d70c5b35097613a11754d1800f",
job-core	Check JSON	2025-03-28T11:26:37.1744573Z   "jobs": [
job-core	Check JSON	2025-03-28T11:26:37.1745025Z     {
job-core	Check JSON	2025-03-28T11:26:37.1745679Z       "completedAt": "2025-03-28T11:13:06Z",
job-core	Check JSON	2025-03-28T11:26:37.1746467Z       "conclusion": "success",
job-core	Check JSON	2025-03-28T11:26:37.1747172Z       "databaseId": 39580409752,
job-core	Check JSON	2025-03-28T11:26:37.1747775Z       "name": "job-core",
job-core	Check JSON	2025-03-28T11:26:37.1748496Z       "startedAt": "2025-03-28T11:12:38Z",
job-core	Check JSON	2025-03-28T11:26:37.1749230Z       "status": "completed",
job-core	Check JSON	2025-03-28T11:26:37.1749838Z       "steps": [
job-core	Check JSON	2025-03-28T11:26:37.1750340Z         {
job-core	Check JSON	2025-03-28T11:26:37.1750948Z           "conclusion": "success",
job-core	Check JSON	2025-03-28T11:26:37.1751819Z           "name": "Set up job",
job-core	Check JSON	2025-03-28T11:26:37.1752474Z           "number": 1,
job-core	Check JSON	2025-03-28T11:26:37.1753141Z           "status": "completed"
job-core	Check JSON	2025-03-28T11:26:37.1753951Z         },
job-core	Check JSON	2025-03-28T11:26:37.1754431Z         {
job-core	Check JSON	2025-03-28T11:26:37.1754990Z           "conclusion": "success",
job-core	Check JSON	2025-03-28T11:26:37.1755805Z           "name": "Run actions/checkout@v4",
job-core	Check JSON	2025-03-28T11:26:37.1756508Z           "number": 2,
job-core	Check JSON	2025-03-28T11:26:37.1757174Z           "status": "completed"
job-core	Check JSON	2025-03-28T11:26:37.1757791Z         },
job-core	Check JSON	2025-03-28T11:26:37.1758227Z         {
job-core	Check JSON	2025-03-28T11:26:37.1758787Z           "conclusion": "success",
job-core	Check JSON	2025-03-28T11:26:37.1759657Z           "name": "Run actions/setup-node@v4",
job-core	Check JSON	2025-03-28T11:26:37.1760409Z           "number": 3,
job-core	Check JSON	2025-03-28T11:26:37.1761041Z           "status": "completed"
job-core	Check JSON	2025-03-28T11:26:37.1761650Z         },
job-core	Check JSON	2025-03-28T11:26:37.1766356Z         {
job-core	Check JSON	2025-03-28T11:26:37.1767024Z           "conclusion": "success",
job-core	Check JSON	2025-03-28T11:26:37.1768468Z           "name": "Run npm install -g markdownlint-cli2",
job-core	Check JSON	2025-03-28T11:26:37.1769308Z           "number": 4,
job-core	Check JSON	2025-03-28T11:26:37.1769948Z           "status": "completed"
job-core	Check JSON	2025-03-28T11:26:37.1770572Z         },
job-core	Check JSON	2025-03-28T11:26:37.1771086Z         {
job-core	Check JSON	2025-03-28T11:26:37.1771768Z           "conclusion": "success",
job-core	Check JSON	2025-03-28T11:26:37.1772737Z           "name": "Run # Realizamos el check del documento md ",
job-core	Check JSON	2025-03-28T11:26:37.1773567Z           "number": 5,
job-core	Check JSON	2025-03-28T11:26:37.1774318Z           "status": "completed"
job-core	Check JSON	2025-03-28T11:26:37.1774938Z         },
job-core	Check JSON	2025-03-28T11:26:37.1775402Z         {
job-core	Check JSON	2025-03-28T11:26:37.1775962Z           "conclusion": "success",
job-core	Check JSON	2025-03-28T11:26:37.1776809Z           "name": "Post Run actions/setup-node@v4",
job-core	Check JSON	2025-03-28T11:26:37.1777611Z           "number": 9,
job-core	Check JSON	2025-03-28T11:26:37.1778379Z           "status": "completed"
job-core	Check JSON	2025-03-28T11:26:37.1779046Z         },
job-core	Check JSON	2025-03-28T11:26:37.1779538Z         {
job-core	Check JSON	2025-03-28T11:26:37.1780121Z           "conclusion": "success",
job-core	Check JSON	2025-03-28T11:26:37.1780999Z           "name": "Post Run actions/checkout@v4",
job-core	Check JSON	2025-03-28T11:26:37.1781741Z           "number": 10,
job-core	Check JSON	2025-03-28T11:26:37.1782388Z           "status": "completed"
job-core	Check JSON	2025-03-28T11:26:37.1782986Z         },
job-core	Check JSON	2025-03-28T11:26:37.1783472Z         {
job-core	Check JSON	2025-03-28T11:26:37.1784236Z           "conclusion": "success",
job-core	Check JSON	2025-03-28T11:26:37.1784962Z           "name": "Complete job",
job-core	Check JSON	2025-03-28T11:26:37.1785611Z           "number": 11,
job-core	Check JSON	2025-03-28T11:26:37.1786351Z           "status": "completed"
job-core	Check JSON	2025-03-28T11:26:37.1786931Z         }
job-core	Check JSON	2025-03-28T11:26:37.1787391Z       ],
job-core	Check JSON	2025-03-28T11:26:37.1788499Z       "url": "https://github.com/Ka0s-Klaus/ka0s/actions/runs/14127696474/job/39580409752"
job-core	Check JSON	2025-03-28T11:26:37.1799192Z     },
job-core	Check JSON	2025-03-28T11:26:37.1799714Z     {
job-core	Check JSON	2025-03-28T11:26:37.1800256Z       "completedAt": "2025-03-28T11:13:20Z",
job-core	Check JSON	2025-03-28T11:26:37.1801057Z       "conclusion": "success",
job-core	Check JSON	2025-03-28T11:26:37.1801766Z       "databaseId": 39580435306,
job-core	Check JSON	2025-03-28T11:26:37.1802579Z       "name": "handle-success",
job-core	Check JSON	2025-03-28T11:26:37.1803372Z       "startedAt": "2025-03-28T11:13:08Z",
job-core	Check JSON	2025-03-28T11:26:37.1804783Z       "status": "completed",
job-core	Check JSON	2025-03-28T11:26:37.1805402Z       "steps": [
job-core	Check JSON	2025-03-28T11:26:37.1806731Z         {
job-core	Check JSON	2025-03-28T11:26:37.1807716Z           "conclusion": "success",
job-core	Check JSON	2025-03-28T11:26:37.1808450Z           "name": "Set up job",
job-core	Check JSON	2025-03-28T11:26:37.1809128Z           "number": 1,
job-core	Check JSON	2025-03-28T11:26:37.1809657Z           "status": "completed"
job-core	Check JSON	2025-03-28T11:26:37.1810181Z         },
job-core	Check JSON	2025-03-28T11:26:37.1810580Z         {
job-core	Check JSON	2025-03-28T11:26:37.1811075Z           "conclusion": "success",
job-core	Check JSON	2025-03-28T11:26:37.1811741Z           "name": "Checkout code",
job-core	Check JSON	2025-03-28T11:26:37.1812318Z           "number": 2,
job-core	Check JSON	2025-03-28T11:26:37.1812884Z           "status": "completed"
job-core	Check JSON	2025-03-28T11:26:37.1813413Z         },
job-core	Check JSON	2025-03-28T11:26:37.1813982Z         {
job-core	Check JSON	2025-03-28T11:26:37.1814653Z           "conclusion": "success",
job-core	Check JSON	2025-03-28T11:26:37.1815716Z           "name": "handle-success-execution",
job-core	Check JSON	2025-03-28T11:26:37.1816622Z           "number": 3,
job-core	Check JSON	2025-03-28T11:26:37.1817323Z           "status": "completed"
job-core	Check JSON	2025-03-28T11:26:37.1818101Z         },
job-core	Check JSON	2025-03-28T11:26:37.1818513Z         {
job-core	Check JSON	2025-03-28T11:26:37.1819005Z           "conclusion": "success",
job-core	Check JSON	2025-03-28T11:26:37.1819650Z           "name": "Post Checkout code",
job-core	Check JSON	2025-03-28T11:26:37.1820244Z           "number": 6,
job-core	Check JSON	2025-03-28T11:26:37.1820822Z           "status": "completed"
job-core	Check JSON	2025-03-28T11:26:37.1821372Z         },
job-core	Check JSON	2025-03-28T11:26:37.1821766Z         {
job-core	Check JSON	2025-03-28T11:26:37.1822304Z           "conclusion": "success",
job-core	Check JSON	2025-03-28T11:26:37.1823044Z           "name": "Complete job",
job-core	Check JSON	2025-03-28T11:26:37.1823698Z           "number": 7,
job-core	Check JSON	2025-03-28T11:26:37.1824718Z           "status": "completed"
job-core	Check JSON	2025-03-28T11:26:37.1825356Z         }
job-core	Check JSON	2025-03-28T11:26:37.1825795Z       ],
job-core	Check JSON	2025-03-28T11:26:37.1826826Z       "url": "https://github.com/Ka0s-Klaus/ka0s/actions/runs/14127696474/job/39580435306"
job-core	Check JSON	2025-03-28T11:26:37.1827803Z     },
job-core	Check JSON	2025-03-28T11:26:37.1828185Z     {
job-core	Check JSON	2025-03-28T11:26:37.1829362Z       "completedAt": "2025-03-28T11:13:20Z",
job-core	Check JSON	2025-03-28T11:26:37.1830249Z       "conclusion": "skipped",
job-core	Check JSON	2025-03-28T11:26:37.1830927Z       "databaseId": 39580447798,
job-core	Check JSON	2025-03-28T11:26:37.1831659Z       "name": "handle_failure",
job-core	Check JSON	2025-03-28T11:26:37.1832339Z       "startedAt": "2025-03-28T11:13:20Z",
job-core	Check JSON	2025-03-28T11:26:37.1833071Z       "status": "completed",
job-core	Check JSON	2025-03-28T11:26:37.1833739Z       "steps": [],
job-core	Check JSON	2025-03-28T11:26:37.1836691Z       "url": "https://github.com/Ka0s-Klaus/ka0s/actions/runs/14127696474/job/39580447798"
job-core	Check JSON	2025-03-28T11:26:37.1837731Z     },
job-core	Check JSON	2025-03-28T11:26:37.1838145Z     {
job-core	Check JSON	2025-03-28T11:26:37.1838828Z       "completedAt": "2025-03-28T11:13:35Z",
job-core	Check JSON	2025-03-28T11:26:37.1839700Z       "conclusion": "success",
job-core	Check JSON	2025-03-28T11:26:37.1840406Z       "databaseId": 39580447817,
job-core	Check JSON	2025-03-28T11:26:37.1841087Z       "name": "end-workflow",
job-core	Check JSON	2025-03-28T11:26:37.1841815Z       "startedAt": "2025-03-28T11:13:22Z",
job-core	Check JSON	2025-03-28T11:26:37.1842536Z       "status": "completed",
job-core	Check JSON	2025-03-28T11:26:37.1843174Z       "steps": [
job-core	Check JSON	2025-03-28T11:26:37.1851954Z         {
job-core	Check JSON	2025-03-28T11:26:37.1852712Z           "conclusion": "success",
job-core	Check JSON	2025-03-28T11:26:37.1861168Z           "name": "Set up job",
job-core	Check JSON	2025-03-28T11:26:37.1862158Z           "number": 1,
job-core	Check JSON	2025-03-28T11:26:37.1862860Z           "status": "completed"
job-core	Check JSON	2025-03-28T11:26:37.1863459Z         },
job-core	Check JSON	2025-03-28T11:26:37.1864022Z         {
job-core	Check JSON	2025-03-28T11:26:37.1864615Z           "conclusion": "success",
job-core	Check JSON	2025-03-28T11:26:37.1865419Z           "name": "Checkout code",
job-core	Check JSON	2025-03-28T11:26:37.1866073Z           "number": 2,
job-core	Check JSON	2025-03-28T11:26:37.1866693Z           "status": "completed"
job-core	Check JSON	2025-03-28T11:26:37.1876264Z         },
job-core	Check JSON	2025-03-28T11:26:37.1876814Z         {
job-core	Check JSON	2025-03-28T11:26:37.1877392Z           "conclusion": "success",
job-core	Check JSON	2025-03-28T11:26:37.1878283Z           "name": "Finaliza el workflow",
job-core	Check JSON	2025-03-28T11:26:37.1879474Z           "number": 3,
job-core	Check JSON	2025-03-28T11:26:37.1880242Z           "status": "completed"
job-core	Check JSON	2025-03-28T11:26:37.1880869Z         },
job-core	Check JSON	2025-03-28T11:26:37.1881322Z         {
job-core	Check JSON	2025-03-28T11:26:37.1881868Z           "conclusion": "success",
job-core	Check JSON	2025-03-28T11:26:37.1883119Z           "name": "Post Checkout code",
job-core	Check JSON	2025-03-28T11:26:37.1883953Z           "number": 6,
job-core	Check JSON	2025-03-28T11:26:37.1884650Z           "status": "completed"
job-core	Check JSON	2025-03-28T11:26:37.1885252Z         },
job-core	Check JSON	2025-03-28T11:26:37.1885688Z         {
job-core	Check JSON	2025-03-28T11:26:37.1886298Z           "conclusion": "success",
job-core	Check JSON	2025-03-28T11:26:37.1887184Z           "name": "Complete job",
job-core	Check JSON	2025-03-28T11:26:37.1888368Z           "number": 7,
job-core	Check JSON	2025-03-28T11:26:37.1889170Z           "status": "completed"
job-core	Check JSON	2025-03-28T11:26:37.1889924Z         }
job-core	Check JSON	2025-03-28T11:26:37.1890525Z       ],
job-core	Check JSON	2025-03-28T11:26:37.1891974Z       "url": "https://github.com/Ka0s-Klaus/ka0s/actions/runs/14127696474/job/39580447817"
job-core	Check JSON	2025-03-28T11:26:37.1893452Z     }
job-core	Check JSON	2025-03-28T11:26:37.1894363Z   ],
job-core	Check JSON	2025-03-28T11:26:37.1895134Z   "name": "Ka0s Markdown Lint",
job-core	Check JSON	2025-03-28T11:26:37.1895835Z   "number": 39,
job-core	Check JSON	2025-03-28T11:26:37.1896516Z   "startedAt": "2025-03-28T11:12:35Z",
job-core	Check JSON	2025-03-28T11:26:37.1897422Z   "status": "completed",
job-core	Check JSON	2025-03-28T11:26:37.1898112Z   "updatedAt": "2025-03-28T11:13:36Z",
job-core	Check JSON	2025-03-28T11:26:37.1899255Z   "url": "https://github.com/Ka0s-Klaus/ka0s/actions/runs/14127696474",
job-core	Check JSON	2025-03-28T11:26:37.1900285Z   "workflowDatabaseId": 142215142,
job-core	Check JSON	2025-03-28T11:26:37.1901090Z   "workflowName": "Ka0s Markdown Lint"
job-core	Check JSON	2025-03-28T11:26:37.1901911Z }
job-core	Check JSON	2025-03-28T11:26:37.1903671Z File core/outputs/j/jsonlint-results-14127924379.txt is not empty and is content not correct and write commit info
job-core	Check JSON	2025-03-28T11:26:39.5381645Z https://github.com/Ka0s-Klaus/ka0s/issues/214#issuecomment-2761093849
job-core	Post Install Node.js	﻿2025-03-28T11:26:39.5539169Z Post job cleanup.
job-core	Post Checkout code	﻿2025-03-28T11:26:39.8720356Z Post job cleanup.
job-core	Post Checkout code	2025-03-28T11:26:40.0858854Z [command]/usr/bin/git version
job-core	Post Checkout code	2025-03-28T11:26:40.0975792Z git version 2.48.1
job-core	Post Checkout code	2025-03-28T11:26:40.1108823Z Copying '/home/kaos/.gitconfig' to '/actions-runner/_work/_temp/3c6c9821-2d24-4d19-84ec-986ea242b091/.gitconfig'
job-core	Post Checkout code	2025-03-28T11:26:40.1132487Z Temporarily overriding HOME='/actions-runner/_work/_temp/3c6c9821-2d24-4d19-84ec-986ea242b091' before making global git config changes
job-core	Post Checkout code	2025-03-28T11:26:40.1174772Z Adding repository directory to the temporary git global config as a safe directory
job-core	Post Checkout code	2025-03-28T11:26:40.1177614Z [command]/usr/bin/git config --global --add safe.directory /actions-runner/_work/ka0s/ka0s
job-core	Post Checkout code	2025-03-28T11:26:40.1283371Z [command]/usr/bin/git config --local --name-only --get-regexp core\.sshCommand
job-core	Post Checkout code	2025-03-28T11:26:40.1796396Z [command]/usr/bin/git submodule foreach --recursive sh -c "git config --local --name-only --get-regexp 'core\.sshCommand' && git config --local --unset-all 'core.sshCommand' || :"
job-core	Post Checkout code	2025-03-28T11:26:40.2546343Z [command]/usr/bin/git config --local --name-only --get-regexp http\.https\:\/\/github\.com\/\.extraheader
job-core	Post Checkout code	2025-03-28T11:26:40.2576378Z http.https://github.com/.extraheader
job-core	Post Checkout code	2025-03-28T11:26:40.2640879Z [command]/usr/bin/git config --local --unset-all http.https://github.com/.extraheader
job-core	Post Checkout code	2025-03-28T11:26:40.2766631Z [command]/usr/bin/git submodule foreach --recursive sh -c "git config --local --name-only --get-regexp 'http\.https\:\/\/github\.com\/\.extraheader' && git config --local --unset-all 'http.https://github.com/.extraheader' || :"
job-core	Complete job	﻿2025-03-28T11:26:40.3497410Z Cleaning up orphan processes
handle-success	Set up job	﻿2025-03-28T11:26:49.0996666Z Current runner version: '2.323.0'
handle-success	Set up job	2025-03-28T11:26:49.1012589Z Runner name: 'ka0s-runner-1'
handle-success	Set up job	2025-03-28T11:26:49.1015021Z Machine name: '181b3e34799e'
handle-success	Set up job	2025-03-28T11:26:49.1019198Z ##[group]GITHUB_TOKEN Permissions
handle-success	Set up job	2025-03-28T11:26:49.1022304Z Actions: write
handle-success	Set up job	2025-03-28T11:26:49.1023092Z Contents: write
handle-success	Set up job	2025-03-28T11:26:49.1024061Z Issues: write
handle-success	Set up job	2025-03-28T11:26:49.1024829Z Metadata: read
handle-success	Set up job	2025-03-28T11:26:49.1025562Z PullRequests: write
handle-success	Set up job	2025-03-28T11:26:49.1026346Z ##[endgroup]
handle-success	Set up job	2025-03-28T11:26:49.1029904Z Secret source: Actions
handle-success	Set up job	2025-03-28T11:26:49.1032351Z Prepare workflow directory
handle-success	Set up job	2025-03-28T11:26:49.2236863Z Prepare all required actions
handle-success	Set up job	2025-03-28T11:26:49.2290539Z Getting action download info
handle-success	Set up job	2025-03-28T11:26:49.8879533Z Download action repository 'actions/checkout@v4' (SHA:11bd71901bbe5b1630ceea73d27597364c9af683)
handle-success	Set up job	2025-03-28T11:26:52.0652800Z Complete job name: handle-success
handle-success	Checkout code	﻿2025-03-28T11:26:52.1453965Z ##[group]Run actions/checkout@v4
handle-success	Checkout code	2025-03-28T11:26:52.1457779Z with:
handle-success	Checkout code	2025-03-28T11:26:52.1459898Z   fetch-depth: 0
handle-success	Checkout code	2025-03-28T11:26:52.1461943Z   token: ***
handle-success	Checkout code	2025-03-28T11:26:52.1463171Z   repository: Ka0s-Klaus/ka0s
handle-success	Checkout code	2025-03-28T11:26:52.1465441Z   ssh-strict: true
handle-success	Checkout code	2025-03-28T11:26:52.1466816Z   ssh-user: git
handle-success	Checkout code	2025-03-28T11:26:52.1468560Z   persist-credentials: true
handle-success	Checkout code	2025-03-28T11:26:52.1470146Z   clean: true
handle-success	Checkout code	2025-03-28T11:26:52.1471628Z   sparse-checkout-cone-mode: true
handle-success	Checkout code	2025-03-28T11:26:52.1473369Z   fetch-tags: false
handle-success	Checkout code	2025-03-28T11:26:52.1474831Z   show-progress: true
handle-success	Checkout code	2025-03-28T11:26:52.1476197Z   lfs: false
handle-success	Checkout code	2025-03-28T11:26:52.1477706Z   submodules: false
handle-success	Checkout code	2025-03-28T11:26:52.1479256Z   set-safe-directory: true
handle-success	Checkout code	2025-03-28T11:26:52.1481610Z env:
handle-success	Checkout code	2025-03-28T11:26:52.1482842Z   KAOS_MODULE: [Ka0S] JSONLINT
handle-success	Checkout code	2025-03-28T11:26:52.1484926Z   GH_TOKEN: ***
handle-success	Checkout code	2025-03-28T11:26:52.1486360Z   KAOS_JSONLINT_CONFIG: core/config/.jsonlint.json
handle-success	Checkout code	2025-03-28T11:26:52.1488339Z   KAOS_PATH_RESUME: core/outputs/j/
handle-success	Checkout code	2025-03-28T11:26:52.1490181Z   KAOS_REPO: /actions-runner/_work/kaos/kaos
handle-success	Checkout code	2025-03-28T11:26:52.1491941Z   KAOS_STEP_MODULE: 
handle-success	Checkout code	2025-03-28T11:26:52.1493258Z   KAOS_CODE: 14127924379
handle-success	Checkout code	2025-03-28T11:26:52.1494776Z   KAOS_REF_BRANCH: main
handle-success	Checkout code	2025-03-28T11:26:52.1496083Z ##[endgroup]
handle-success	Checkout code	2025-03-28T11:26:52.3778743Z Syncing repository: Ka0s-Klaus/ka0s
handle-success	Checkout code	2025-03-28T11:26:52.3784266Z ##[group]Getting Git version info
handle-success	Checkout code	2025-03-28T11:26:52.3786869Z Working directory is '/actions-runner/_work/ka0s/ka0s'
handle-success	Checkout code	2025-03-28T11:26:52.3790617Z [command]/usr/bin/git version
handle-success	Checkout code	2025-03-28T11:26:52.3792571Z git version 2.48.1
handle-success	Checkout code	2025-03-28T11:26:52.3799111Z ##[endgroup]
handle-success	Checkout code	2025-03-28T11:26:52.3814028Z Copying '/home/kaos/.gitconfig' to '/actions-runner/_work/_temp/54d716a0-d6d1-4bcf-8d64-a77bf249b311/.gitconfig'
handle-success	Checkout code	2025-03-28T11:26:52.3831885Z Temporarily overriding HOME='/actions-runner/_work/_temp/54d716a0-d6d1-4bcf-8d64-a77bf249b311' before making global git config changes
handle-success	Checkout code	2025-03-28T11:26:52.3838548Z Adding repository directory to the temporary git global config as a safe directory
handle-success	Checkout code	2025-03-28T11:26:52.3843853Z [command]/usr/bin/git config --global --add safe.directory /actions-runner/_work/ka0s/ka0s
handle-success	Checkout code	2025-03-28T11:26:52.3935809Z [command]/usr/bin/git config --local --get remote.origin.url
handle-success	Checkout code	2025-03-28T11:26:52.3940604Z https://github.com/Ka0s-Klaus/ka0s
handle-success	Checkout code	2025-03-28T11:26:52.3970295Z ##[group]Removing previously created refs, to avoid conflicts
handle-success	Checkout code	2025-03-28T11:26:52.3976562Z [command]/usr/bin/git rev-parse --symbolic-full-name --verify --quiet HEAD
handle-success	Checkout code	2025-03-28T11:26:52.4013899Z refs/heads/H214-salidas-de-cada-uno-de-los-diferentes-modulos-a-output
handle-success	Checkout code	2025-03-28T11:26:52.4030542Z [command]/usr/bin/git checkout --detach
handle-success	Checkout code	2025-03-28T11:26:52.4199319Z HEAD is now at 9bcdf1b [Ka0S] Uploading resume execution files to the repository...
handle-success	Checkout code	2025-03-28T11:26:52.4301339Z [command]/usr/bin/git branch --delete --force H214-salidas-de-cada-uno-de-los-diferentes-modulos-a-output
handle-success	Checkout code	2025-03-28T11:26:52.4362984Z Deleted branch H214-salidas-de-cada-uno-de-los-diferentes-modulos-a-output (was 9bcdf1b).
handle-success	Checkout code	2025-03-28T11:26:52.4487139Z ##[endgroup]
handle-success	Checkout code	2025-03-28T11:26:52.4489385Z [command]/usr/bin/git submodule status
handle-success	Checkout code	2025-03-28T11:26:52.4925369Z ##[group]Cleaning the repository
handle-success	Checkout code	2025-03-28T11:26:52.4927079Z [command]/usr/bin/git clean -ffdx
handle-success	Checkout code	2025-03-28T11:26:52.4984964Z Removing core/outputs/j/jsonlint-results-14127924379.txt
handle-success	Checkout code	2025-03-28T11:26:52.5003040Z [command]/usr/bin/git reset --hard HEAD
handle-success	Checkout code	2025-03-28T11:26:52.5168117Z HEAD is now at 9bcdf1b [Ka0S] Uploading resume execution files to the repository...
handle-success	Checkout code	2025-03-28T11:26:52.5181971Z ##[endgroup]
handle-success	Checkout code	2025-03-28T11:26:52.5185643Z ##[group]Disabling automatic garbage collection
handle-success	Checkout code	2025-03-28T11:26:52.5189366Z [command]/usr/bin/git config --local gc.auto 0
handle-success	Checkout code	2025-03-28T11:26:52.5248571Z ##[endgroup]
handle-success	Checkout code	2025-03-28T11:26:52.5251605Z ##[group]Setting up auth
handle-success	Checkout code	2025-03-28T11:26:52.5261087Z [command]/usr/bin/git config --local --name-only --get-regexp core\.sshCommand
handle-success	Checkout code	2025-03-28T11:26:52.5320501Z [command]/usr/bin/git submodule foreach --recursive sh -c "git config --local --name-only --get-regexp 'core\.sshCommand' && git config --local --unset-all 'core.sshCommand' || :"
handle-success	Checkout code	2025-03-28T11:26:52.5836424Z [command]/usr/bin/git config --local --name-only --get-regexp http\.https\:\/\/github\.com\/\.extraheader
handle-success	Checkout code	2025-03-28T11:26:52.5899423Z [command]/usr/bin/git submodule foreach --recursive sh -c "git config --local --name-only --get-regexp 'http\.https\:\/\/github\.com\/\.extraheader' && git config --local --unset-all 'http.https://github.com/.extraheader' || :"
handle-success	Checkout code	2025-03-28T11:26:52.6519179Z [command]/usr/bin/git config --local http.https://github.com/.extraheader AUTHORIZATION: basic ***
handle-success	Checkout code	2025-03-28T11:26:52.6628060Z ##[endgroup]
handle-success	Checkout code	2025-03-28T11:26:52.6631046Z ##[group]Fetching the repository
handle-success	Checkout code	2025-03-28T11:26:52.6646681Z [command]/usr/bin/git -c protocol.version=2 fetch --prune --no-recurse-submodules origin +refs/heads/*:refs/remotes/origin/* +refs/tags/*:refs/tags/*
handle-success	Checkout code	2025-03-28T11:26:53.4677765Z [command]/usr/bin/git branch --list --remote origin/H214-salidas-de-cada-uno-de-los-diferentes-modulos-a-output
handle-success	Checkout code	2025-03-28T11:26:53.4742602Z   origin/H214-salidas-de-cada-uno-de-los-diferentes-modulos-a-output
handle-success	Checkout code	2025-03-28T11:26:53.4795123Z [command]/usr/bin/git rev-parse refs/remotes/origin/H214-salidas-de-cada-uno-de-los-diferentes-modulos-a-output
handle-success	Checkout code	2025-03-28T11:26:53.4854659Z 9bcdf1b13cfd6d076d43a7cc21a08a548a30b5a2
handle-success	Checkout code	2025-03-28T11:26:53.4886620Z ##[endgroup]
handle-success	Checkout code	2025-03-28T11:26:53.4905150Z ##[group]Determining the checkout info
handle-success	Checkout code	2025-03-28T11:26:53.4909993Z ##[endgroup]
handle-success	Checkout code	2025-03-28T11:26:53.4911441Z [command]/usr/bin/git sparse-checkout disable
handle-success	Checkout code	2025-03-28T11:26:53.5002245Z [command]/usr/bin/git config --local --unset-all extensions.worktreeConfig
handle-success	Checkout code	2025-03-28T11:26:53.5046179Z ##[group]Checking out the ref
handle-success	Checkout code	2025-03-28T11:26:53.5054743Z [command]/usr/bin/git checkout --progress --force -B H214-salidas-de-cada-uno-de-los-diferentes-modulos-a-output refs/remotes/origin/H214-salidas-de-cada-uno-de-los-diferentes-modulos-a-output
handle-success	Checkout code	2025-03-28T11:26:53.5171114Z Switched to a new branch 'H214-salidas-de-cada-uno-de-los-diferentes-modulos-a-output'
handle-success	Checkout code	2025-03-28T11:26:53.5180835Z branch 'H214-salidas-de-cada-uno-de-los-diferentes-modulos-a-output' set up to track 'origin/H214-salidas-de-cada-uno-de-los-diferentes-modulos-a-output'.
handle-success	Checkout code	2025-03-28T11:26:53.5189041Z ##[endgroup]
handle-success	Checkout code	2025-03-28T11:26:53.5252582Z [command]/usr/bin/git log -1 --format=%H
handle-success	Checkout code	2025-03-28T11:26:53.5296690Z 9bcdf1b13cfd6d076d43a7cc21a08a548a30b5a2
handle-success	handle-success-execution	﻿2025-03-28T11:26:53.5654597Z ##[group]Run # Si todo ha ido correcto añadimos el contenido del fichero 
handle-success	handle-success-execution	2025-03-28T11:26:53.5675500Z [36;1m# Si todo ha ido correcto añadimos el contenido del fichero [0m
handle-success	handle-success-execution	2025-03-28T11:26:53.5678852Z [36;1mRNNUMBER=$(echo "refs/heads/H214-salidas-de-cada-uno-de-los-diferentes-modulos-a-output" | grep -o '[0-9]*')[0m
handle-success	handle-success-execution	2025-03-28T11:26:53.5684836Z [36;1mgh issue comment $RNNUMBER --body "El proceso ha finalizado correctamente 14127924379. El resultado está en el fichero core/results/event_data14127924379.log"[0m
handle-success	handle-success-execution	2025-03-28T11:26:53.5707230Z shell: /usr/bin/bash -e {0}
handle-success	handle-success-execution	2025-03-28T11:26:53.5708447Z env:
handle-success	handle-success-execution	2025-03-28T11:26:53.5709358Z   KAOS_MODULE: [Ka0S] JSONLINT
handle-success	handle-success-execution	2025-03-28T11:26:53.5711173Z   GH_TOKEN: ***
handle-success	handle-success-execution	2025-03-28T11:26:53.5712832Z   KAOS_JSONLINT_CONFIG: core/config/.jsonlint.json
handle-success	handle-success-execution	2025-03-28T11:26:53.5714527Z   KAOS_PATH_RESUME: core/outputs/j/
handle-success	handle-success-execution	2025-03-28T11:26:53.5715879Z   KAOS_REPO: /actions-runner/_work/kaos/kaos
handle-success	handle-success-execution	2025-03-28T11:26:53.5717242Z   KAOS_STEP_MODULE: 
handle-success	handle-success-execution	2025-03-28T11:26:53.5718257Z   KAOS_CODE: 14127924379
handle-success	handle-success-execution	2025-03-28T11:26:53.5719473Z   KAOS_REF_BRANCH: main
handle-success	handle-success-execution	2025-03-28T11:26:53.5720527Z ##[endgroup]
handle-success	handle-success-execution	2025-03-28T11:26:55.0347363Z https://github.com/Ka0s-Klaus/ka0s/issues/214#issuecomment-2761095043
handle-success	Post Checkout code	﻿2025-03-28T11:26:55.0682451Z Post job cleanup.
handle-success	Post Checkout code	2025-03-28T11:26:55.2532257Z [command]/usr/bin/git version
handle-success	Post Checkout code	2025-03-28T11:26:55.2613560Z git version 2.48.1
handle-success	Post Checkout code	2025-03-28T11:26:55.2697864Z Copying '/home/kaos/.gitconfig' to '/actions-runner/_work/_temp/012fca01-7233-4d82-bdfb-4457f9f99538/.gitconfig'
handle-success	Post Checkout code	2025-03-28T11:26:55.2724192Z Temporarily overriding HOME='/actions-runner/_work/_temp/012fca01-7233-4d82-bdfb-4457f9f99538' before making global git config changes
handle-success	Post Checkout code	2025-03-28T11:26:55.2727828Z Adding repository directory to the temporary git global config as a safe directory
handle-success	Post Checkout code	2025-03-28T11:26:55.2735468Z [command]/usr/bin/git config --global --add safe.directory /actions-runner/_work/ka0s/ka0s
handle-success	Post Checkout code	2025-03-28T11:26:55.2807546Z [command]/usr/bin/git config --local --name-only --get-regexp core\.sshCommand
handle-success	Post Checkout code	2025-03-28T11:26:55.2890382Z [command]/usr/bin/git submodule foreach --recursive sh -c "git config --local --name-only --get-regexp 'core\.sshCommand' && git config --local --unset-all 'core.sshCommand' || :"
handle-success	Post Checkout code	2025-03-28T11:26:55.3484904Z [command]/usr/bin/git config --local --name-only --get-regexp http\.https\:\/\/github\.com\/\.extraheader
handle-success	Post Checkout code	2025-03-28T11:26:55.3562911Z http.https://github.com/.extraheader
handle-success	Post Checkout code	2025-03-28T11:26:55.3588821Z [command]/usr/bin/git config --local --unset-all http.https://github.com/.extraheader
handle-success	Post Checkout code	2025-03-28T11:26:55.3662742Z [command]/usr/bin/git submodule foreach --recursive sh -c "git config --local --name-only --get-regexp 'http\.https\:\/\/github\.com\/\.extraheader' && git config --local --unset-all 'http.https://github.com/.extraheader' || :"
handle-success	Complete job	﻿2025-03-28T11:26:55.4381357Z Cleaning up orphan processes
end-workflow	Set up job	﻿2025-03-28T11:27:03.5581972Z Current runner version: '2.323.0'
end-workflow	Set up job	2025-03-28T11:27:03.5597568Z Runner name: 'ka0s-runner-1'
end-workflow	Set up job	2025-03-28T11:27:03.5599871Z Machine name: '181b3e34799e'
end-workflow	Set up job	2025-03-28T11:27:03.5606815Z ##[group]GITHUB_TOKEN Permissions
end-workflow	Set up job	2025-03-28T11:27:03.5611869Z Actions: write
end-workflow	Set up job	2025-03-28T11:27:03.5613209Z Contents: write
end-workflow	Set up job	2025-03-28T11:27:03.5614406Z Issues: write
end-workflow	Set up job	2025-03-28T11:27:03.5615757Z Metadata: read
end-workflow	Set up job	2025-03-28T11:27:03.5617187Z PullRequests: write
end-workflow	Set up job	2025-03-28T11:27:03.5618276Z ##[endgroup]
end-workflow	Set up job	2025-03-28T11:27:03.5622964Z Secret source: Actions
end-workflow	Set up job	2025-03-28T11:27:03.5625004Z Prepare workflow directory
end-workflow	Set up job	2025-03-28T11:27:03.7118019Z Prepare all required actions
end-workflow	Set up job	2025-03-28T11:27:03.7259252Z Getting action download info
end-workflow	Set up job	2025-03-28T11:27:04.4287317Z Download action repository 'actions/checkout@v4' (SHA:11bd71901bbe5b1630ceea73d27597364c9af683)
end-workflow	Set up job	2025-03-28T11:27:06.9097786Z Complete job name: end-workflow
end-workflow	Checkout code	﻿2025-03-28T11:27:06.9876269Z ##[group]Run actions/checkout@v4
end-workflow	Checkout code	2025-03-28T11:27:06.9878048Z with:
end-workflow	Checkout code	2025-03-28T11:27:06.9878934Z   fetch-depth: 0
end-workflow	Checkout code	2025-03-28T11:27:06.9880510Z   token: ***
end-workflow	Checkout code	2025-03-28T11:27:06.9881475Z   repository: Ka0s-Klaus/ka0s
end-workflow	Checkout code	2025-03-28T11:27:06.9882614Z   ssh-strict: true
end-workflow	Checkout code	2025-03-28T11:27:06.9883544Z   ssh-user: git
end-workflow	Checkout code	2025-03-28T11:27:06.9885166Z   persist-credentials: true
end-workflow	Checkout code	2025-03-28T11:27:06.9886277Z   clean: true
end-workflow	Checkout code	2025-03-28T11:27:06.9887251Z   sparse-checkout-cone-mode: true
end-workflow	Checkout code	2025-03-28T11:27:06.9888460Z   fetch-tags: false
end-workflow	Checkout code	2025-03-28T11:27:06.9889439Z   show-progress: true
end-workflow	Checkout code	2025-03-28T11:27:06.9890433Z   lfs: false
end-workflow	Checkout code	2025-03-28T11:27:06.9891347Z   submodules: false
end-workflow	Checkout code	2025-03-28T11:27:06.9892530Z   set-safe-directory: true
end-workflow	Checkout code	2025-03-28T11:27:06.9894893Z env:
end-workflow	Checkout code	2025-03-28T11:27:06.9896485Z   KAOS_MODULE: [Ka0S] JSONLINT
end-workflow	Checkout code	2025-03-28T11:27:06.9898974Z   GH_TOKEN: ***
end-workflow	Checkout code	2025-03-28T11:27:06.9900919Z   KAOS_JSONLINT_CONFIG: core/config/.jsonlint.json
end-workflow	Checkout code	2025-03-28T11:27:06.9903371Z   KAOS_PATH_RESUME: core/outputs/j/
end-workflow	Checkout code	2025-03-28T11:27:06.9906023Z   KAOS_REPO: /actions-runner/_work/kaos/kaos
end-workflow	Checkout code	2025-03-28T11:27:06.9908193Z   KAOS_STEP_MODULE: 
end-workflow	Checkout code	2025-03-28T11:27:06.9910004Z   KAOS_CODE: 14127924379
end-workflow	Checkout code	2025-03-28T11:27:06.9911886Z   KAOS_REF_BRANCH: main
end-workflow	Checkout code	2025-03-28T11:27:06.9914029Z ##[endgroup]
end-workflow	Checkout code	2025-03-28T11:27:07.1795340Z Syncing repository: Ka0s-Klaus/ka0s
end-workflow	Checkout code	2025-03-28T11:27:07.1800257Z ##[group]Getting Git version info
end-workflow	Checkout code	2025-03-28T11:27:07.1802087Z Working directory is '/actions-runner/_work/ka0s/ka0s'
end-workflow	Checkout code	2025-03-28T11:27:07.1804923Z [command]/usr/bin/git version
end-workflow	Checkout code	2025-03-28T11:27:07.1806361Z git version 2.48.1
end-workflow	Checkout code	2025-03-28T11:27:07.1810953Z ##[endgroup]
end-workflow	Checkout code	2025-03-28T11:27:07.1820936Z Copying '/home/kaos/.gitconfig' to '/actions-runner/_work/_temp/2935005f-4b3b-4b11-a250-5ce6f87fb60b/.gitconfig'
end-workflow	Checkout code	2025-03-28T11:27:07.1830316Z Temporarily overriding HOME='/actions-runner/_work/_temp/2935005f-4b3b-4b11-a250-5ce6f87fb60b' before making global git config changes
end-workflow	Checkout code	2025-03-28T11:27:07.1883330Z Adding repository directory to the temporary git global config as a safe directory
end-workflow	Checkout code	2025-03-28T11:27:07.1886006Z [command]/usr/bin/git config --global --add safe.directory /actions-runner/_work/ka0s/ka0s
end-workflow	Checkout code	2025-03-28T11:27:07.1922479Z [command]/usr/bin/git config --local --get remote.origin.url
end-workflow	Checkout code	2025-03-28T11:27:07.1957402Z https://github.com/Ka0s-Klaus/ka0s
end-workflow	Checkout code	2025-03-28T11:27:07.1986671Z ##[group]Removing previously created refs, to avoid conflicts
end-workflow	Checkout code	2025-03-28T11:27:07.1994073Z [command]/usr/bin/git rev-parse --symbolic-full-name --verify --quiet HEAD
end-workflow	Checkout code	2025-03-28T11:27:07.2032353Z refs/heads/H214-salidas-de-cada-uno-de-los-diferentes-modulos-a-output
end-workflow	Checkout code	2025-03-28T11:27:07.2050491Z [command]/usr/bin/git checkout --detach
end-workflow	Checkout code	2025-03-28T11:27:07.2167224Z HEAD is now at 9bcdf1b [Ka0S] Uploading resume execution files to the repository...
end-workflow	Checkout code	2025-03-28T11:27:07.2242805Z [command]/usr/bin/git branch --delete --force H214-salidas-de-cada-uno-de-los-diferentes-modulos-a-output
end-workflow	Checkout code	2025-03-28T11:27:07.2287549Z Deleted branch H214-salidas-de-cada-uno-de-los-diferentes-modulos-a-output (was 9bcdf1b).
end-workflow	Checkout code	2025-03-28T11:27:07.2364804Z ##[endgroup]
end-workflow	Checkout code	2025-03-28T11:27:07.2366484Z [command]/usr/bin/git submodule status
end-workflow	Checkout code	2025-03-28T11:27:07.2743392Z ##[group]Cleaning the repository
end-workflow	Checkout code	2025-03-28T11:27:07.2749471Z [command]/usr/bin/git clean -ffdx
end-workflow	Checkout code	2025-03-28T11:27:07.2819714Z [command]/usr/bin/git reset --hard HEAD
end-workflow	Checkout code	2025-03-28T11:27:07.2983709Z HEAD is now at 9bcdf1b [Ka0S] Uploading resume execution files to the repository...
end-workflow	Checkout code	2025-03-28T11:27:07.2992706Z ##[endgroup]
end-workflow	Checkout code	2025-03-28T11:27:07.2994827Z ##[group]Disabling automatic garbage collection
end-workflow	Checkout code	2025-03-28T11:27:07.3002614Z [command]/usr/bin/git config --local gc.auto 0
end-workflow	Checkout code	2025-03-28T11:27:07.3051134Z ##[endgroup]
end-workflow	Checkout code	2025-03-28T11:27:07.3053246Z ##[group]Setting up auth
end-workflow	Checkout code	2025-03-28T11:27:07.3060763Z [command]/usr/bin/git config --local --name-only --get-regexp core\.sshCommand
end-workflow	Checkout code	2025-03-28T11:27:07.3110441Z [command]/usr/bin/git submodule foreach --recursive sh -c "git config --local --name-only --get-regexp 'core\.sshCommand' && git config --local --unset-all 'core.sshCommand' || :"
end-workflow	Checkout code	2025-03-28T11:27:07.3611274Z [command]/usr/bin/git config --local --name-only --get-regexp http\.https\:\/\/github\.com\/\.extraheader
end-workflow	Checkout code	2025-03-28T11:27:07.3669035Z [command]/usr/bin/git submodule foreach --recursive sh -c "git config --local --name-only --get-regexp 'http\.https\:\/\/github\.com\/\.extraheader' && git config --local --unset-all 'http.https://github.com/.extraheader' || :"
end-workflow	Checkout code	2025-03-28T11:27:07.4213689Z [command]/usr/bin/git config --local http.https://github.com/.extraheader AUTHORIZATION: basic ***
end-workflow	Checkout code	2025-03-28T11:27:07.4290174Z ##[endgroup]
end-workflow	Checkout code	2025-03-28T11:27:07.4293631Z ##[group]Fetching the repository
end-workflow	Checkout code	2025-03-28T11:27:07.4307453Z [command]/usr/bin/git -c protocol.version=2 fetch --prune --no-recurse-submodules origin +refs/heads/*:refs/remotes/origin/* +refs/tags/*:refs/tags/*
end-workflow	Checkout code	2025-03-28T11:27:08.2355775Z [command]/usr/bin/git branch --list --remote origin/H214-salidas-de-cada-uno-de-los-diferentes-modulos-a-output
end-workflow	Checkout code	2025-03-28T11:27:08.2415738Z   origin/H214-salidas-de-cada-uno-de-los-diferentes-modulos-a-output
end-workflow	Checkout code	2025-03-28T11:27:08.2425649Z [command]/usr/bin/git rev-parse refs/remotes/origin/H214-salidas-de-cada-uno-de-los-diferentes-modulos-a-output
end-workflow	Checkout code	2025-03-28T11:27:08.2488571Z 9bcdf1b13cfd6d076d43a7cc21a08a548a30b5a2
end-workflow	Checkout code	2025-03-28T11:27:08.2517768Z ##[endgroup]
end-workflow	Checkout code	2025-03-28T11:27:08.2519189Z ##[group]Determining the checkout info
end-workflow	Checkout code	2025-03-28T11:27:08.2521964Z ##[endgroup]
end-workflow	Checkout code	2025-03-28T11:27:08.2557842Z [command]/usr/bin/git sparse-checkout disable
end-workflow	Checkout code	2025-03-28T11:27:08.2816085Z [command]/usr/bin/git config --local --unset-all extensions.worktreeConfig
end-workflow	Checkout code	2025-03-28T11:27:08.3007252Z ##[group]Checking out the ref
end-workflow	Checkout code	2025-03-28T11:27:08.3020678Z [command]/usr/bin/git checkout --progress --force -B H214-salidas-de-cada-uno-de-los-diferentes-modulos-a-output refs/remotes/origin/H214-salidas-de-cada-uno-de-los-diferentes-modulos-a-output
end-workflow	Checkout code	2025-03-28T11:27:08.3476764Z Switched to a new branch 'H214-salidas-de-cada-uno-de-los-diferentes-modulos-a-output'
end-workflow	Checkout code	2025-03-28T11:27:08.3496903Z branch 'H214-salidas-de-cada-uno-de-los-diferentes-modulos-a-output' set up to track 'origin/H214-salidas-de-cada-uno-de-los-diferentes-modulos-a-output'.
end-workflow	Checkout code	2025-03-28T11:27:08.3509685Z ##[endgroup]
end-workflow	Checkout code	2025-03-28T11:27:08.3797903Z [command]/usr/bin/git log -1 --format=%H
end-workflow	Checkout code	2025-03-28T11:27:08.3912557Z 9bcdf1b13cfd6d076d43a7cc21a08a548a30b5a2
end-workflow	Finaliza el workflow	﻿2025-03-28T11:27:08.4412107Z ##[group]Run echo "End process"
end-workflow	Finaliza el workflow	2025-03-28T11:27:08.4413229Z [36;1mecho "End process"[0m
end-workflow	Finaliza el workflow	2025-03-28T11:27:08.4415068Z [36;1mRNNUMBER=$(echo "refs/heads/H214-salidas-de-cada-uno-de-los-diferentes-modulos-a-output" | grep -o '[0-9]*')[0m
end-workflow	Finaliza el workflow	2025-03-28T11:27:08.4416926Z [36;1mgh issue comment $RNNUMBER --body "Se finaliza Ka0s 14127924379"[0m
end-workflow	Finaliza el workflow	2025-03-28T11:27:08.4418604Z [36;1mgh workflow run inspector.yml --ref 'main' -f kaos-issue-id=$RNNUMBER -f kaos-workflow-id="14127924379" -f kaos-user-start=""[0m
end-workflow	Finaliza el workflow	2025-03-28T11:27:08.4442225Z shell: /usr/bin/bash -e {0}
end-workflow	Finaliza el workflow	2025-03-28T11:27:08.4443061Z env:
end-workflow	Finaliza el workflow	2025-03-28T11:27:08.4443579Z   KAOS_MODULE: [Ka0S] JSONLINT
end-workflow	Finaliza el workflow	2025-03-28T11:27:08.4445337Z   GH_TOKEN: ***
end-workflow	Finaliza el workflow	2025-03-28T11:27:08.4446013Z   KAOS_JSONLINT_CONFIG: core/config/.jsonlint.json
end-workflow	Finaliza el workflow	2025-03-28T11:27:08.4447461Z   KAOS_PATH_RESUME: core/outputs/j/
end-workflow	Finaliza el workflow	2025-03-28T11:27:08.4448415Z   KAOS_REPO: /actions-runner/_work/kaos/kaos
end-workflow	Finaliza el workflow	2025-03-28T11:27:08.4449153Z   KAOS_STEP_MODULE: 
end-workflow	Finaliza el workflow	2025-03-28T11:27:08.4449723Z   KAOS_CODE: 14127924379
end-workflow	Finaliza el workflow	2025-03-28T11:27:08.4451296Z   KAOS_REF_BRANCH: main
end-workflow	Finaliza el workflow	2025-03-28T11:27:08.4451906Z ##[endgroup]
end-workflow	Finaliza el workflow	2025-03-28T11:27:08.4556711Z End process
end-workflow	Finaliza el workflow	2025-03-28T11:27:09.7243544Z https://github.com/Ka0s-Klaus/ka0s/issues/214#issuecomment-2761096148
end-workflow	Post Checkout code	﻿2025-03-28T11:27:10.7568263Z Post job cleanup.
end-workflow	Post Checkout code	2025-03-28T11:27:10.9415896Z [command]/usr/bin/git version
end-workflow	Post Checkout code	2025-03-28T11:27:10.9508491Z git version 2.48.1
end-workflow	Post Checkout code	2025-03-28T11:27:10.9597270Z Copying '/home/kaos/.gitconfig' to '/actions-runner/_work/_temp/33410e16-bb6e-49f0-b57b-35945e16e76e/.gitconfig'
end-workflow	Post Checkout code	2025-03-28T11:27:10.9643939Z Temporarily overriding HOME='/actions-runner/_work/_temp/33410e16-bb6e-49f0-b57b-35945e16e76e' before making global git config changes
end-workflow	Post Checkout code	2025-03-28T11:27:10.9645935Z Adding repository directory to the temporary git global config as a safe directory
end-workflow	Post Checkout code	2025-03-28T11:27:10.9665547Z [command]/usr/bin/git config --global --add safe.directory /actions-runner/_work/ka0s/ka0s
end-workflow	Post Checkout code	2025-03-28T11:27:11.0391233Z [command]/usr/bin/git config --local --name-only --get-regexp core\.sshCommand
end-workflow	Post Checkout code	2025-03-28T11:27:11.0581715Z [command]/usr/bin/git submodule foreach --recursive sh -c "git config --local --name-only --get-regexp 'core\.sshCommand' && git config --local --unset-all 'core.sshCommand' || :"
end-workflow	Post Checkout code	2025-03-28T11:27:11.1316358Z [command]/usr/bin/git config --local --name-only --get-regexp http\.https\:\/\/github\.com\/\.extraheader
end-workflow	Post Checkout code	2025-03-28T11:27:11.1398081Z http.https://github.com/.extraheader
end-workflow	Post Checkout code	2025-03-28T11:27:11.1496695Z [command]/usr/bin/git config --local --unset-all http.https://github.com/.extraheader
end-workflow	Post Checkout code	2025-03-28T11:27:11.1752947Z [command]/usr/bin/git submodule foreach --recursive sh -c "git config --local --name-only --get-regexp 'http\.https\:\/\/github\.com\/\.extraheader' && git config --local --unset-all 'http.https://github.com/.extraheader' || :"
end-workflow	Complete job	﻿2025-03-28T11:27:11.2900117Z Cleaning up orphan processes
