job-core	Set up job	﻿2025-04-01T11:54:44.0791265Z Current runner version: '2.323.0'
job-core	Set up job	2025-04-01T11:54:44.0812817Z Runner name: 'ka0s-1'
job-core	Set up job	2025-04-01T11:54:44.0814381Z Machine name: '419612ea1a87'
job-core	Set up job	2025-04-01T11:54:44.0818198Z ##[group]GITHUB_TOKEN Permissions
job-core	Set up job	2025-04-01T11:54:44.0822993Z Contents: read
job-core	Set up job	2025-04-01T11:54:44.0823764Z Metadata: read
job-core	Set up job	2025-04-01T11:54:44.0824805Z Packages: read
job-core	Set up job	2025-04-01T11:54:44.0825495Z ##[endgroup]
job-core	Set up job	2025-04-01T11:54:44.0829081Z Secret source: Actions
job-core	Set up job	2025-04-01T11:54:44.0830299Z Prepare workflow directory
job-core	Set up job	2025-04-01T11:54:44.1924166Z Prepare all required actions
job-core	Set up job	2025-04-01T11:54:44.2004759Z Getting action download info
job-core	Set up job	2025-04-01T11:54:45.0901495Z Download action repository 'actions/checkout@v4' (SHA:11bd71901bbe5b1630ceea73d27597364c9af683)
job-core	Set up job	2025-04-01T11:54:46.7698640Z Complete job name: job-core
job-core	Checkout repository	﻿2025-04-01T11:54:46.8475445Z ##[group]Run actions/checkout@v4
job-core	Checkout repository	2025-04-01T11:54:46.8477340Z with:
job-core	Checkout repository	2025-04-01T11:54:46.8478660Z   fetch-depth: 0
job-core	Checkout repository	2025-04-01T11:54:46.8480575Z   token: ***
job-core	Checkout repository	2025-04-01T11:54:46.8481833Z   repository: Ka0s-Klaus/ka0s
job-core	Checkout repository	2025-04-01T11:54:46.8483191Z   ssh-strict: true
job-core	Checkout repository	2025-04-01T11:54:46.8484270Z   ssh-user: git
job-core	Checkout repository	2025-04-01T11:54:46.8485387Z   persist-credentials: true
job-core	Checkout repository	2025-04-01T11:54:46.8486620Z   clean: true
job-core	Checkout repository	2025-04-01T11:54:46.8487729Z   sparse-checkout-cone-mode: true
job-core	Checkout repository	2025-04-01T11:54:46.8489070Z   fetch-tags: false
job-core	Checkout repository	2025-04-01T11:54:46.8490417Z   show-progress: true
job-core	Checkout repository	2025-04-01T11:54:46.8491864Z   lfs: false
job-core	Checkout repository	2025-04-01T11:54:46.8492910Z   submodules: false
job-core	Checkout repository	2025-04-01T11:54:46.8494028Z   set-safe-directory: true
job-core	Checkout repository	2025-04-01T11:54:46.8495574Z env:
job-core	Checkout repository	2025-04-01T11:54:46.8496583Z   KAOS_CODE: 14194903538
job-core	Checkout repository	2025-04-01T11:54:46.8497816Z   KAOS_EVENT_NAME: workflow_dispatch
job-core	Checkout repository	2025-04-01T11:54:46.8499634Z   KAOS_ACTION: 
job-core	Checkout repository	2025-04-01T11:54:46.8501985Z   KAOS_REF: refs/heads/H215-modulo-de-summary
job-core	Checkout repository	2025-04-01T11:54:46.8503660Z   KAOS_MODULE: [Ka0S] Workflow Statistics Summary
job-core	Checkout repository	2025-04-01T11:54:46.8505320Z   KAOS_PATH_RESUME: core/outputs/w/
job-core	Checkout repository	2025-04-01T11:54:46.8506758Z   KAOS_JSON: core/results/event_data_
job-core	Checkout repository	2025-04-01T11:54:46.8508238Z   KAOS_ACTOR: ***
job-core	Checkout repository	2025-04-01T11:54:46.8509321Z ##[endgroup]
job-core	Checkout repository	2025-04-01T11:54:47.0186510Z Syncing repository: Ka0s-Klaus/ka0s
job-core	Checkout repository	2025-04-01T11:54:47.0192563Z ##[group]Getting Git version info
job-core	Checkout repository	2025-04-01T11:54:47.0194450Z Working directory is '/actions-runner/_work/ka0s/ka0s'
job-core	Checkout repository	2025-04-01T11:54:47.0197120Z [command]/usr/bin/git version
job-core	Checkout repository	2025-04-01T11:54:47.0198437Z git version 2.48.1
job-core	Checkout repository	2025-04-01T11:54:47.0202599Z ##[endgroup]
job-core	Checkout repository	2025-04-01T11:54:47.0211976Z Copying '/home/kaos/.gitconfig' to '/actions-runner/_work/_temp/dfbb5f4a-ca96-4151-9873-5b01e7220874/.gitconfig'
job-core	Checkout repository	2025-04-01T11:54:47.0216365Z Temporarily overriding HOME='/actions-runner/_work/_temp/dfbb5f4a-ca96-4151-9873-5b01e7220874' before making global git config changes
job-core	Checkout repository	2025-04-01T11:54:47.0220298Z Adding repository directory to the temporary git global config as a safe directory
job-core	Checkout repository	2025-04-01T11:54:47.0223620Z [command]/usr/bin/git config --global --add safe.directory /actions-runner/_work/ka0s/ka0s
job-core	Checkout repository	2025-04-01T11:54:47.0228961Z [command]/usr/bin/git config --local --get remote.origin.url
job-core	Checkout repository	2025-04-01T11:54:47.0231671Z https://github.com/Ka0s-Klaus/ka0s
job-core	Checkout repository	2025-04-01T11:54:47.0250844Z ##[group]Removing previously created refs, to avoid conflicts
job-core	Checkout repository	2025-04-01T11:54:47.0254546Z [command]/usr/bin/git rev-parse --symbolic-full-name --verify --quiet HEAD
job-core	Checkout repository	2025-04-01T11:54:47.0293794Z refs/heads/H215-modulo-de-summary
job-core	Checkout repository	2025-04-01T11:54:47.0312394Z [command]/usr/bin/git checkout --detach
job-core	Checkout repository	2025-04-01T11:54:47.0447042Z HEAD is now at 73edd71 [Ka0S] Uploading resume execution files to the repository...
job-core	Checkout repository	2025-04-01T11:54:47.0520995Z [command]/usr/bin/git branch --delete --force H215-modulo-de-summary
job-core	Checkout repository	2025-04-01T11:54:47.0563130Z Deleted branch H215-modulo-de-summary (was 73edd71).
job-core	Checkout repository	2025-04-01T11:54:47.0632907Z ##[endgroup]
job-core	Checkout repository	2025-04-01T11:54:47.0634743Z [command]/usr/bin/git submodule status
job-core	Checkout repository	2025-04-01T11:54:47.1023811Z ##[group]Cleaning the repository
job-core	Checkout repository	2025-04-01T11:54:47.1028226Z [command]/usr/bin/git clean -ffdx
job-core	Checkout repository	2025-04-01T11:54:47.1104700Z [command]/usr/bin/git reset --hard HEAD
job-core	Checkout repository	2025-04-01T11:54:47.1271263Z HEAD is now at 73edd71 [Ka0S] Uploading resume execution files to the repository...
job-core	Checkout repository	2025-04-01T11:54:47.1282596Z ##[endgroup]
job-core	Checkout repository	2025-04-01T11:54:47.1286128Z ##[group]Disabling automatic garbage collection
job-core	Checkout repository	2025-04-01T11:54:47.1289866Z [command]/usr/bin/git config --local gc.auto 0
job-core	Checkout repository	2025-04-01T11:54:47.1335636Z ##[endgroup]
job-core	Checkout repository	2025-04-01T11:54:47.1338820Z ##[group]Setting up auth
job-core	Checkout repository	2025-04-01T11:54:47.1347177Z [command]/usr/bin/git config --local --name-only --get-regexp core\.sshCommand
job-core	Checkout repository	2025-04-01T11:54:47.1412052Z [command]/usr/bin/git submodule foreach --recursive sh -c "git config --local --name-only --get-regexp 'core\.sshCommand' && git config --local --unset-all 'core.sshCommand' || :"
job-core	Checkout repository	2025-04-01T11:54:47.1791539Z [command]/usr/bin/git config --local --name-only --get-regexp http\.https\:\/\/github\.com\/\.extraheader
job-core	Checkout repository	2025-04-01T11:54:47.1834174Z [command]/usr/bin/git submodule foreach --recursive sh -c "git config --local --name-only --get-regexp 'http\.https\:\/\/github\.com\/\.extraheader' && git config --local --unset-all 'http.https://github.com/.extraheader' || :"
job-core	Checkout repository	2025-04-01T11:54:47.2216097Z [command]/usr/bin/git config --local http.https://github.com/.extraheader AUTHORIZATION: basic ***
job-core	Checkout repository	2025-04-01T11:54:47.2279172Z ##[endgroup]
job-core	Checkout repository	2025-04-01T11:54:47.2282785Z ##[group]Fetching the repository
job-core	Checkout repository	2025-04-01T11:54:47.2294621Z [command]/usr/bin/git -c protocol.version=2 fetch --prune --no-recurse-submodules origin +refs/heads/*:refs/remotes/origin/* +refs/tags/*:refs/tags/*
job-core	Checkout repository	2025-04-01T11:56:18.6895960Z ##[error]fatal: unable to access 'https://github.com/Ka0s-Klaus/ka0s/': GnuTLS, handshake failed: The TLS connection was non-properly terminated.
job-core	Checkout repository	2025-04-01T11:56:18.6933462Z The process '/usr/bin/git' failed with exit code 128
job-core	Checkout repository	2025-04-01T11:56:18.6935373Z Waiting 19 seconds before trying again
job-core	Checkout repository	2025-04-01T11:56:37.7008232Z [command]/usr/bin/git -c protocol.version=2 fetch --prune --no-recurse-submodules origin +refs/heads/*:refs/remotes/origin/* +refs/tags/*:refs/tags/*
job-core	Checkout repository	2025-04-01T11:56:38.9345793Z From https://github.com/Ka0s-Klaus/ka0s
job-core	Checkout repository	2025-04-01T11:56:38.9347317Z    e991fea..1258e3f  main       -> origin/main
job-core	Checkout repository	2025-04-01T11:56:38.9407816Z [command]/usr/bin/git branch --list --remote origin/H215-modulo-de-summary
job-core	Checkout repository	2025-04-01T11:56:38.9444054Z   origin/H215-modulo-de-summary
job-core	Checkout repository	2025-04-01T11:56:38.9461736Z [command]/usr/bin/git rev-parse refs/remotes/origin/H215-modulo-de-summary
job-core	Checkout repository	2025-04-01T11:56:38.9497935Z 73edd7199f2d6969954da6cc5ca0901ea4469527
job-core	Checkout repository	2025-04-01T11:56:38.9504868Z ##[endgroup]
job-core	Checkout repository	2025-04-01T11:56:38.9505936Z ##[group]Determining the checkout info
job-core	Checkout repository	2025-04-01T11:56:38.9507179Z ##[endgroup]
job-core	Checkout repository	2025-04-01T11:56:38.9515222Z [command]/usr/bin/git sparse-checkout disable
job-core	Checkout repository	2025-04-01T11:56:38.9594758Z [command]/usr/bin/git config --local --unset-all extensions.worktreeConfig
job-core	Checkout repository	2025-04-01T11:56:38.9648426Z ##[group]Checking out the ref
job-core	Checkout repository	2025-04-01T11:56:38.9656154Z [command]/usr/bin/git checkout --progress --force -B H215-modulo-de-summary refs/remotes/origin/H215-modulo-de-summary
job-core	Checkout repository	2025-04-01T11:56:38.9794324Z Switched to a new branch 'H215-modulo-de-summary'
job-core	Checkout repository	2025-04-01T11:56:38.9799965Z branch 'H215-modulo-de-summary' set up to track 'origin/H215-modulo-de-summary'.
job-core	Checkout repository	2025-04-01T11:56:38.9814148Z ##[endgroup]
job-core	Checkout repository	2025-04-01T11:56:38.9884811Z [command]/usr/bin/git log -1 --format=%H
job-core	Checkout repository	2025-04-01T11:56:38.9926568Z 73edd7199f2d6969954da6cc5ca0901ea4469527
job-core	Collect workflow statistics	﻿2025-04-01T11:56:39.0259131Z ##[group]Run # Create output directory
job-core	Collect workflow statistics	2025-04-01T11:56:39.0260444Z [36;1m# Create output directory[0m
job-core	Collect workflow statistics	2025-04-01T11:56:39.0261289Z [36;1mmkdir -p core/results/dashboard[0m
job-core	Collect workflow statistics	2025-04-01T11:56:39.0261908Z [36;1m[0m
job-core	Collect workflow statistics	2025-04-01T11:56:39.0262364Z [36;1m# Initialize JSON structure[0m
job-core	Collect workflow statistics	2025-04-01T11:56:39.0262945Z [36;1mecho '{[0m
job-core	Collect workflow statistics	2025-04-01T11:56:39.0263434Z [36;1m  "metadata": {[0m
job-core	Collect workflow statistics	2025-04-01T11:56:39.0264032Z [36;1m    "run_id": "'$GITHUB_RUN_ID'",[0m
job-core	Collect workflow statistics	2025-04-01T11:56:39.0264873Z [36;1m    "collected_at": "'$(date -u +"%Y-%m-%dT%H:%M:%SZ")'",[0m
job-core	Collect workflow statistics	2025-04-01T11:56:39.0265881Z [36;1m    "components": ["workflow_stats"],[0m
job-core	Collect workflow statistics	2025-04-01T11:56:39.0267247Z [36;1m    "repository": "'$GITHUB_REPOSITORY'"[0m
job-core	Collect workflow statistics	2025-04-01T11:56:39.0267914Z [36;1m  },[0m
job-core	Collect workflow statistics	2025-04-01T11:56:39.0268392Z [36;1m  "components": {[0m
job-core	Collect workflow statistics	2025-04-01T11:56:39.0268974Z [36;1m    "workflow_stats": {[0m
job-core	Collect workflow statistics	2025-04-01T11:56:39.0269702Z [36;1m      "type": "workflow_stats",[0m
job-core	Collect workflow statistics	2025-04-01T11:56:39.0270657Z [36;1m      "title": "Workflow Statistics",[0m
job-core	Collect workflow statistics	2025-04-01T11:56:39.0271420Z [36;1m      "data": {[0m
job-core	Collect workflow statistics	2025-04-01T11:56:39.0272124Z [36;1m        "generated_at": "'$(date -u +"%Y-%m-%dT%H:%M:%SZ")'",[0m
job-core	Collect workflow statistics	2025-04-01T11:56:39.0273006Z [36;1m        "repository": "'$GITHUB_REPOSITORY'",[0m
job-core	Collect workflow statistics	2025-04-01T11:56:39.0273907Z [36;1m        "modules": [' > core/results/dashboard/workflow_stats.json[0m
job-core	Collect workflow statistics	2025-04-01T11:56:39.0274725Z [36;1m[0m
job-core	Collect workflow statistics	2025-04-01T11:56:39.0276754Z [36;1m# Get all workflows[0m
job-core	Collect workflow statistics	2025-04-01T11:56:39.0277631Z [36;1mworkflows=$(gh api repos/$GITHUB_REPOSITORY/actions/workflows)[0m
job-core	Collect workflow statistics	2025-04-01T11:56:39.0278935Z [36;1mtotal_workflows=$(echo "$workflows" | jq '.total_count')[0m
job-core	Collect workflow statistics	2025-04-01T11:56:39.0280454Z [36;1mactive_workflows=$(echo "$workflows" | jq '[.workflows[] | select(.state=="active")] | length')[0m
job-core	Collect workflow statistics	2025-04-01T11:56:39.0281597Z [36;1mtotal_success=0[0m
job-core	Collect workflow statistics	2025-04-01T11:56:39.0282155Z [36;1mtotal_runs=0[0m
job-core	Collect workflow statistics	2025-04-01T11:56:39.0282693Z [36;1m[0m
job-core	Collect workflow statistics	2025-04-01T11:56:39.0283175Z [36;1m# Process each workflow[0m
job-core	Collect workflow statistics	2025-04-01T11:56:39.0284079Z [36;1mecho "$workflows" | jq -c '.workflows[]' | while read -r workflow; do[0m
job-core	Collect workflow statistics	2025-04-01T11:56:39.0285122Z [36;1m  workflow_id=$(echo "$workflow" | jq -r '.id')[0m
job-core	Collect workflow statistics	2025-04-01T11:56:39.0286020Z [36;1m  workflow_name=$(echo "$workflow" | jq -r '.name')[0m
job-core	Collect workflow statistics	2025-04-01T11:56:39.0286973Z [36;1m  workflow_state=$(echo "$workflow" | jq -r '.state')[0m
job-core	Collect workflow statistics	2025-04-01T11:56:39.0287889Z [36;1m  workflow_path=$(echo "$workflow" | jq -r '.path')[0m
job-core	Collect workflow statistics	2025-04-01T11:56:39.0288902Z [36;1m  workflow_created_at=$(echo "$workflow" | jq -r '.created_at')[0m
job-core	Collect workflow statistics	2025-04-01T11:56:39.0289781Z [36;1m[0m
job-core	Collect workflow statistics	2025-04-01T11:56:39.0290344Z [36;1m  # Get workflow runs[0m
job-core	Collect workflow statistics	2025-04-01T11:56:39.0291441Z [36;1m  runs=$(gh api repos/$GITHUB_REPOSITORY/actions/workflows/$workflow_id/runs --paginate)[0m
job-core	Collect workflow statistics	2025-04-01T11:56:39.0292560Z [36;1m  [0m
job-core	Collect workflow statistics	2025-04-01T11:56:39.0293057Z [36;1m  # Calculate metrics[0m
job-core	Collect workflow statistics	2025-04-01T11:56:39.0294126Z [36;1m  success_count=$(echo "$runs" | jq '[.workflow_runs[] | select(.conclusion=="success")] | length')[0m
job-core	Collect workflow statistics	2025-04-01T11:56:39.0295728Z [36;1m  failure_count=$(echo "$runs" | jq '[.workflow_runs[] | select(.conclusion=="failure")] | length')[0m
job-core	Collect workflow statistics	2025-04-01T11:56:39.0297333Z [36;1m  cancelled_count=$(echo "$runs" | jq '[.workflow_runs[] | select(.conclusion=="cancelled")] | length')[0m
job-core	Collect workflow statistics	2025-04-01T11:56:39.0298694Z [36;1m  total_count=$(echo "$runs" | jq '[.workflow_runs[]] | length')[0m
job-core	Collect workflow statistics	2025-04-01T11:56:39.0299556Z [36;1m[0m
job-core	Collect workflow statistics	2025-04-01T11:56:39.0300179Z [36;1m  # Calculate lead time[0m
job-core	Collect workflow statistics	2025-04-01T11:56:39.0302029Z [36;1m  lead_time=$(echo "$runs" | jq -r '[.workflow_runs[] | select(.status=="completed") | (if .updated_at and .created_at then (strptime(.updated_at) - strptime(.created_at)) else 0 end)] | add / length')[0m
job-core	Collect workflow statistics	2025-04-01T11:56:39.0304141Z [36;1m[0m
job-core	Collect workflow statistics	2025-04-01T11:56:39.0304757Z [36;1m  # Calculate success rate[0m
job-core	Collect workflow statistics	2025-04-01T11:56:39.0305403Z [36;1m  success_rate=0[0m
job-core	Collect workflow statistics	2025-04-01T11:56:39.0306008Z [36;1m  if [ "$total_count" -gt 0 ]; then[0m
job-core	Collect workflow statistics	2025-04-01T11:56:39.0307572Z [36;1m    success_rate=$(echo "scale=2; $success_count * 100 / $total_count" | bc)[0m
job-core	Collect workflow statistics	2025-04-01T11:56:39.0308461Z [36;1m  fi[0m
job-core	Collect workflow statistics	2025-04-01T11:56:39.0308891Z [36;1m[0m
job-core	Collect workflow statistics	2025-04-01T11:56:39.0309372Z [36;1m  # Calculate last 30 days metrics[0m
job-core	Collect workflow statistics	2025-04-01T11:56:39.0310874Z [36;1m  thirty_days_ago=$(date -v-30d +%s)[0m
job-core	Collect workflow statistics	2025-04-01T11:56:39.0312693Z [36;1m  last_30_days_metrics=$(echo "$runs" | jq --arg date "$thirty_days_ago" '[0m
job-core	Collect workflow statistics	2025-04-01T11:56:39.0314377Z [36;1m    [.workflow_runs[] | select((.created_at | fromdateiso8601) >= ($date | tonumber))] | {[0m
job-core	Collect workflow statistics	2025-04-01T11:56:39.0315396Z [36;1m      "runs": length,[0m
job-core	Collect workflow statistics	2025-04-01T11:56:39.0316628Z [36;1m      "success": map(select(.conclusion == "success")) | length,[0m
job-core	Collect workflow statistics	2025-04-01T11:56:39.0317630Z [36;1m      "failures": map(select(.conclusion == "failure")) | length[0m
job-core	Collect workflow statistics	2025-04-01T11:56:39.0318459Z [36;1m    }')[0m
job-core	Collect workflow statistics	2025-04-01T11:56:39.0318944Z [36;1m[0m
job-core	Collect workflow statistics	2025-04-01T11:56:39.0319389Z [36;1m  # Add to total counts[0m
job-core	Collect workflow statistics	2025-04-01T11:56:39.0320673Z [36;1m  total_success=$((total_success + success_count))[0m
job-core	Collect workflow statistics	2025-04-01T11:56:39.0322081Z [36;1m  total_runs=$((total_runs + total_count))[0m
job-core	Collect workflow statistics	2025-04-01T11:56:39.0322792Z [36;1m[0m
job-core	Collect workflow statistics	2025-04-01T11:56:39.0323267Z [36;1m  # Write workflow stats[0m
job-core	Collect workflow statistics	2025-04-01T11:56:39.0323884Z [36;1m  echo "{[0m
job-core	Collect workflow statistics	2025-04-01T11:56:39.0324467Z [36;1m    \"module_name\": \"$workflow_name\",[0m
job-core	Collect workflow statistics	2025-04-01T11:56:39.0325220Z [36;1m    \"total_success\": $success_count,[0m
job-core	Collect workflow statistics	2025-04-01T11:56:39.0326095Z [36;1m    \"total_failures\": $failure_count,[0m
job-core	Collect workflow statistics	2025-04-01T11:56:39.0326777Z [36;1m    \"total_cancelled\": $cancelled_count,[0m
job-core	Collect workflow statistics	2025-04-01T11:56:39.0327455Z [36;1m    \"total_runs\": $total_count,[0m
job-core	Collect workflow statistics	2025-04-01T11:56:39.0328099Z [36;1m    \"lead_time\": $lead_time,[0m
job-core	Collect workflow statistics	2025-04-01T11:56:39.0328746Z [36;1m    \"success_rate\": $success_rate,[0m
job-core	Collect workflow statistics	2025-04-01T11:56:39.0329694Z [36;1m    \"last_30_days\": $last_30_days_metrics,[0m
job-core	Collect workflow statistics	2025-04-01T11:56:39.0330582Z [36;1m    \"workflow_id\": $workflow_id,[0m
job-core	Collect workflow statistics	2025-04-01T11:56:39.0331295Z [36;1m    \"state\": \"$workflow_state\",[0m
job-core	Collect workflow statistics	2025-04-01T11:56:39.0331899Z [36;1m    \"path\": \"$workflow_path\",[0m
job-core	Collect workflow statistics	2025-04-01T11:56:39.0332725Z [36;1m    \"created_at\": \"$workflow_created_at\"[0m
job-core	Collect workflow statistics	2025-04-01T11:56:39.0333232Z [36;1m  }," >> core/results/dashboard/workflow_stats.json[0m
job-core	Collect workflow statistics	2025-04-01T11:56:39.0333641Z [36;1mdone[0m
job-core	Collect workflow statistics	2025-04-01T11:56:39.0333909Z [36;1m[0m
job-core	Collect workflow statistics	2025-04-01T11:56:39.0334213Z [36;1m# Calculate global metrics[0m
job-core	Collect workflow statistics	2025-04-01T11:56:39.0334570Z [36;1moverall_success_rate=0[0m
job-core	Collect workflow statistics	2025-04-01T11:56:39.0334932Z [36;1mif [ "$total_runs" -gt 0 ]; then[0m
job-core	Collect workflow statistics	2025-04-01T11:56:39.0335489Z [36;1m  overall_success_rate=$(echo "scale=2; $total_success * 100 / $total_runs" | bc)[0m
job-core	Collect workflow statistics	2025-04-01T11:56:39.0336037Z [36;1mfi[0m
job-core	Collect workflow statistics	2025-04-01T11:56:39.0336291Z [36;1m[0m
job-core	Collect workflow statistics	2025-04-01T11:56:39.0336565Z [36;1m# Complete the JSON structure[0m
job-core	Collect workflow statistics	2025-04-01T11:56:39.0337024Z [36;1msed -i '' '$ s/,$//' core/results/dashboard/workflow_stats.json[0m
job-core	Collect workflow statistics	2025-04-01T11:56:39.0337463Z [36;1mecho "],[0m
job-core	Collect workflow statistics	2025-04-01T11:56:39.0337770Z [36;1m        \"global_metrics\": {[0m
job-core	Collect workflow statistics	2025-04-01T11:56:39.0338184Z [36;1m          \"total_workflows\": $total_workflows,[0m
job-core	Collect workflow statistics	2025-04-01T11:56:39.0338656Z [36;1m          \"active_workflows\": $active_workflows,[0m
job-core	Collect workflow statistics	2025-04-01T11:56:39.0339130Z [36;1m          \"total_runs_all_workflows\": $total_runs,[0m
job-core	Collect workflow statistics	2025-04-01T11:56:39.0339740Z [36;1m          \"overall_success_rate\": $overall_success_rate[0m
job-core	Collect workflow statistics	2025-04-01T11:56:39.0340539Z [36;1m        }[0m
job-core	Collect workflow statistics	2025-04-01T11:56:39.0340802Z [36;1m      }[0m
job-core	Collect workflow statistics	2025-04-01T11:56:39.0341049Z [36;1m    }[0m
job-core	Collect workflow statistics	2025-04-01T11:56:39.0341292Z [36;1m  }[0m
job-core	Collect workflow statistics	2025-04-01T11:56:39.0341617Z [36;1m}" >> core/results/dashboard/workflow_stats.json[0m
job-core	Collect workflow statistics	2025-04-01T11:56:39.0357328Z shell: /usr/bin/bash -e {0}
job-core	Collect workflow statistics	2025-04-01T11:56:39.0357699Z env:
job-core	Collect workflow statistics	2025-04-01T11:56:39.0357952Z   KAOS_CODE: 14194903538
job-core	Collect workflow statistics	2025-04-01T11:56:39.0358261Z   KAOS_EVENT_NAME: workflow_dispatch
job-core	Collect workflow statistics	2025-04-01T11:56:39.0358598Z   KAOS_ACTION: 
job-core	Collect workflow statistics	2025-04-01T11:56:39.0358895Z   KAOS_REF: refs/heads/H215-modulo-de-summary
job-core	Collect workflow statistics	2025-04-01T11:56:39.0359662Z   KAOS_MODULE: [Ka0S] Workflow Statistics Summary
job-core	Collect workflow statistics	2025-04-01T11:56:39.0360366Z   KAOS_PATH_RESUME: core/outputs/w/
job-core	Collect workflow statistics	2025-04-01T11:56:39.0360911Z   KAOS_JSON: core/results/event_data_
job-core	Collect workflow statistics	2025-04-01T11:56:39.0361394Z   KAOS_ACTOR: ***
job-core	Collect workflow statistics	2025-04-01T11:56:39.0361828Z   GH_TOKEN: ***
job-core	Collect workflow statistics	2025-04-01T11:56:39.0384445Z ##[endgroup]
job-core	Collect workflow statistics	2025-04-01T11:56:59.8711623Z jq: error (at <stdin>:0): strptime/1 requires string inputs and arguments
job-core	Collect workflow statistics	2025-04-01T11:56:59.9071813Z jq: error (at <stdin>:0): strptime/1 requires string inputs and arguments
job-core	Collect workflow statistics	2025-04-01T11:56:59.9229112Z jq: error (at <stdin>:1): strptime/1 requires string inputs and arguments
job-core	Collect workflow statistics	2025-04-01T11:56:59.9262073Z ##[error]Process completed with exit code 5.
job-core	Post Checkout repository	﻿2025-04-01T11:56:59.9407588Z Post job cleanup.
job-core	Post Checkout repository	2025-04-01T11:57:00.0931542Z [command]/usr/bin/git version
job-core	Post Checkout repository	2025-04-01T11:57:00.1014437Z git version 2.48.1
job-core	Post Checkout repository	2025-04-01T11:57:00.1073151Z Copying '/home/kaos/.gitconfig' to '/actions-runner/_work/_temp/2885e4f0-c22c-49a6-ae30-7fb9ea8d640e/.gitconfig'
job-core	Post Checkout repository	2025-04-01T11:57:00.1093886Z Temporarily overriding HOME='/actions-runner/_work/_temp/2885e4f0-c22c-49a6-ae30-7fb9ea8d640e' before making global git config changes
job-core	Post Checkout repository	2025-04-01T11:57:00.1096677Z Adding repository directory to the temporary git global config as a safe directory
job-core	Post Checkout repository	2025-04-01T11:57:00.1105110Z [command]/usr/bin/git config --global --add safe.directory /actions-runner/_work/ka0s/ka0s
job-core	Post Checkout repository	2025-04-01T11:57:00.1178934Z [command]/usr/bin/git config --local --name-only --get-regexp core\.sshCommand
job-core	Post Checkout repository	2025-04-01T11:57:00.1243644Z [command]/usr/bin/git submodule foreach --recursive sh -c "git config --local --name-only --get-regexp 'core\.sshCommand' && git config --local --unset-all 'core.sshCommand' || :"
job-core	Post Checkout repository	2025-04-01T11:57:00.1708356Z [command]/usr/bin/git config --local --name-only --get-regexp http\.https\:\/\/github\.com\/\.extraheader
job-core	Post Checkout repository	2025-04-01T11:57:00.1744580Z http.https://github.com/.extraheader
job-core	Post Checkout repository	2025-04-01T11:57:00.1768750Z [command]/usr/bin/git config --local --unset-all http.https://github.com/.extraheader
job-core	Post Checkout repository	2025-04-01T11:57:00.1842174Z [command]/usr/bin/git submodule foreach --recursive sh -c "git config --local --name-only --get-regexp 'http\.https\:\/\/github\.com\/\.extraheader' && git config --local --unset-all 'http.https://github.com/.extraheader' || :"
job-core	Complete job	﻿2025-04-01T11:57:00.2505744Z Cleaning up orphan processes
handle_failure	Set up job	﻿2025-04-01T11:57:14.9334992Z Current runner version: '2.323.0'
handle_failure	Set up job	2025-04-01T11:57:14.9353597Z Runner name: 'ka0s-6'
handle_failure	Set up job	2025-04-01T11:57:14.9355473Z Machine name: '419612ea1a87'
handle_failure	Set up job	2025-04-01T11:57:14.9361946Z ##[group]GITHUB_TOKEN Permissions
handle_failure	Set up job	2025-04-01T11:57:14.9367463Z Contents: read
handle_failure	Set up job	2025-04-01T11:57:14.9368839Z Metadata: read
handle_failure	Set up job	2025-04-01T11:57:14.9370502Z Packages: read
handle_failure	Set up job	2025-04-01T11:57:14.9371524Z ##[endgroup]
handle_failure	Set up job	2025-04-01T11:57:14.9376722Z Secret source: Actions
handle_failure	Set up job	2025-04-01T11:57:14.9378456Z Prepare workflow directory
handle_failure	Set up job	2025-04-01T11:57:15.0563754Z Prepare all required actions
handle_failure	Set up job	2025-04-01T11:57:15.0623957Z Getting action download info
handle_failure	Set up job	2025-04-01T11:57:15.7496019Z Download action repository 'actions/checkout@v4' (SHA:11bd71901bbe5b1630ceea73d27597364c9af683)
handle_failure	Set up job	2025-04-01T11:57:17.6018746Z Complete job name: handle_failure
handle_failure	Checkout code	﻿2025-04-01T11:57:17.6684239Z ##[group]Run actions/checkout@v4
handle_failure	Checkout code	2025-04-01T11:57:17.6685513Z with:
handle_failure	Checkout code	2025-04-01T11:57:17.6686111Z   fetch-depth: 0
handle_failure	Checkout code	2025-04-01T11:57:17.6687037Z   token: ***
handle_failure	Checkout code	2025-04-01T11:57:17.6687636Z   repository: Ka0s-Klaus/ka0s
handle_failure	Checkout code	2025-04-01T11:57:17.6688407Z   ssh-strict: true
handle_failure	Checkout code	2025-04-01T11:57:17.6688993Z   ssh-user: git
handle_failure	Checkout code	2025-04-01T11:57:17.6689589Z   persist-credentials: true
handle_failure	Checkout code	2025-04-01T11:57:17.6690678Z   clean: true
handle_failure	Checkout code	2025-04-01T11:57:17.6691424Z   sparse-checkout-cone-mode: true
handle_failure	Checkout code	2025-04-01T11:57:17.6692146Z   fetch-tags: false
handle_failure	Checkout code	2025-04-01T11:57:17.6692743Z   show-progress: true
handle_failure	Checkout code	2025-04-01T11:57:17.6693335Z   lfs: false
handle_failure	Checkout code	2025-04-01T11:57:17.6693878Z   submodules: false
handle_failure	Checkout code	2025-04-01T11:57:17.6694501Z   set-safe-directory: true
handle_failure	Checkout code	2025-04-01T11:57:17.6695489Z env:
handle_failure	Checkout code	2025-04-01T11:57:17.6696051Z   KAOS_CODE: 14194903538
handle_failure	Checkout code	2025-04-01T11:57:17.6696706Z   KAOS_EVENT_NAME: workflow_dispatch
handle_failure	Checkout code	2025-04-01T11:57:17.6697429Z   KAOS_ACTION: 
handle_failure	Checkout code	2025-04-01T11:57:17.6698067Z   KAOS_REF: refs/heads/H215-modulo-de-summary
handle_failure	Checkout code	2025-04-01T11:57:17.6698939Z   KAOS_MODULE: [Ka0S] Workflow Statistics Summary
handle_failure	Checkout code	2025-04-01T11:57:17.6699835Z   KAOS_PATH_RESUME: core/outputs/w/
handle_failure	Checkout code	2025-04-01T11:57:17.6701018Z   KAOS_JSON: core/results/event_data_
handle_failure	Checkout code	2025-04-01T11:57:17.6701774Z   KAOS_ACTOR: ka0score
handle_failure	Checkout code	2025-04-01T11:57:17.6702369Z ##[endgroup]
handle_failure	Checkout code	2025-04-01T11:57:17.8264965Z Syncing repository: Ka0s-Klaus/ka0s
handle_failure	Checkout code	2025-04-01T11:57:17.8268047Z ##[group]Getting Git version info
handle_failure	Checkout code	2025-04-01T11:57:17.8269184Z Working directory is '/actions-runner/_work/ka0s/ka0s'
handle_failure	Checkout code	2025-04-01T11:57:17.8271042Z [command]/usr/bin/git version
handle_failure	Checkout code	2025-04-01T11:57:17.8271854Z git version 2.48.1
handle_failure	Checkout code	2025-04-01T11:57:17.8290658Z ##[endgroup]
handle_failure	Checkout code	2025-04-01T11:57:17.8312942Z Temporarily overriding HOME='/actions-runner/_work/_temp/e3832792-bf16-4a16-828d-aab85c3549b1' before making global git config changes
handle_failure	Checkout code	2025-04-01T11:57:17.8315409Z Adding repository directory to the temporary git global config as a safe directory
handle_failure	Checkout code	2025-04-01T11:57:17.8320180Z [command]/usr/bin/git config --global --add safe.directory /actions-runner/_work/ka0s/ka0s
handle_failure	Checkout code	2025-04-01T11:57:17.8380310Z [command]/usr/bin/git config --local --get remote.origin.url
handle_failure	Checkout code	2025-04-01T11:57:17.8411303Z https://github.com/Ka0s-Klaus/ka0s
handle_failure	Checkout code	2025-04-01T11:57:17.8437052Z ##[group]Removing previously created refs, to avoid conflicts
handle_failure	Checkout code	2025-04-01T11:57:17.8443278Z [command]/usr/bin/git rev-parse --symbolic-full-name --verify --quiet HEAD
handle_failure	Checkout code	2025-04-01T11:57:17.8475379Z refs/heads/H44-creación-módulo-versionado
handle_failure	Checkout code	2025-04-01T11:57:17.8488764Z [command]/usr/bin/git checkout --detach
handle_failure	Checkout code	2025-04-01T11:57:17.8606413Z HEAD is now at 47c30cf [Ka0S] Uploading resume execution files to the repository...
handle_failure	Checkout code	2025-04-01T11:57:17.8675769Z [command]/usr/bin/git branch --delete --force H44-creación-módulo-versionado
handle_failure	Checkout code	2025-04-01T11:57:17.8716842Z Deleted branch H44-creación-módulo-versionado (was 47c30cf).
handle_failure	Checkout code	2025-04-01T11:57:17.8798878Z ##[endgroup]
handle_failure	Checkout code	2025-04-01T11:57:17.8802519Z [command]/usr/bin/git submodule status
handle_failure	Checkout code	2025-04-01T11:57:17.9194487Z ##[group]Cleaning the repository
handle_failure	Checkout code	2025-04-01T11:57:17.9198438Z [command]/usr/bin/git clean -ffdx
handle_failure	Checkout code	2025-04-01T11:57:17.9263325Z [command]/usr/bin/git reset --hard HEAD
handle_failure	Checkout code	2025-04-01T11:57:17.9429334Z HEAD is now at 47c30cf [Ka0S] Uploading resume execution files to the repository...
handle_failure	Checkout code	2025-04-01T11:57:17.9440572Z ##[endgroup]
handle_failure	Checkout code	2025-04-01T11:57:17.9442789Z ##[group]Disabling automatic garbage collection
handle_failure	Checkout code	2025-04-01T11:57:17.9448583Z [command]/usr/bin/git config --local gc.auto 0
handle_failure	Checkout code	2025-04-01T11:57:17.9522894Z ##[endgroup]
handle_failure	Checkout code	2025-04-01T11:57:17.9525452Z ##[group]Setting up auth
handle_failure	Checkout code	2025-04-01T11:57:17.9526624Z [command]/usr/bin/git config --local --name-only --get-regexp core\.sshCommand
handle_failure	Checkout code	2025-04-01T11:57:17.9561748Z [command]/usr/bin/git submodule foreach --recursive sh -c "git config --local --name-only --get-regexp 'core\.sshCommand' && git config --local --unset-all 'core.sshCommand' || :"
handle_failure	Checkout code	2025-04-01T11:57:17.9950376Z [command]/usr/bin/git config --local --name-only --get-regexp http\.https\:\/\/github\.com\/\.extraheader
handle_failure	Checkout code	2025-04-01T11:57:17.9994234Z [command]/usr/bin/git submodule foreach --recursive sh -c "git config --local --name-only --get-regexp 'http\.https\:\/\/github\.com\/\.extraheader' && git config --local --unset-all 'http.https://github.com/.extraheader' || :"
handle_failure	Checkout code	2025-04-01T11:57:18.0382202Z [command]/usr/bin/git config --local http.https://github.com/.extraheader AUTHORIZATION: basic ***
handle_failure	Checkout code	2025-04-01T11:57:18.0438598Z ##[endgroup]
handle_failure	Checkout code	2025-04-01T11:57:18.0441218Z ##[group]Fetching the repository
handle_failure	Checkout code	2025-04-01T11:57:18.0451126Z [command]/usr/bin/git -c protocol.version=2 fetch --prune --no-recurse-submodules origin +refs/heads/*:refs/remotes/origin/* +refs/tags/*:refs/tags/*
handle_failure	Checkout code	2025-04-01T11:57:19.0965239Z From https://github.com/Ka0s-Klaus/ka0s
handle_failure	Checkout code	2025-04-01T11:57:19.0969129Z    33605ee..1258e3f  main       -> origin/main
handle_failure	Checkout code	2025-04-01T11:57:19.1037593Z [command]/usr/bin/git branch --list --remote origin/H215-modulo-de-summary
handle_failure	Checkout code	2025-04-01T11:57:19.1074870Z   origin/H215-modulo-de-summary
handle_failure	Checkout code	2025-04-01T11:57:19.1088865Z [command]/usr/bin/git rev-parse refs/remotes/origin/H215-modulo-de-summary
handle_failure	Checkout code	2025-04-01T11:57:19.1130324Z 73edd7199f2d6969954da6cc5ca0901ea4469527
handle_failure	Checkout code	2025-04-01T11:57:19.1143569Z ##[endgroup]
handle_failure	Checkout code	2025-04-01T11:57:19.1146507Z ##[group]Determining the checkout info
handle_failure	Checkout code	2025-04-01T11:57:19.1151426Z ##[endgroup]
handle_failure	Checkout code	2025-04-01T11:57:19.1154114Z [command]/usr/bin/git sparse-checkout disable
handle_failure	Checkout code	2025-04-01T11:57:19.1231349Z [command]/usr/bin/git config --local --unset-all extensions.worktreeConfig
handle_failure	Checkout code	2025-04-01T11:57:19.1274493Z ##[group]Checking out the ref
handle_failure	Checkout code	2025-04-01T11:57:19.1283558Z [command]/usr/bin/git checkout --progress --force -B H215-modulo-de-summary refs/remotes/origin/H215-modulo-de-summary
handle_failure	Checkout code	2025-04-01T11:57:19.1462818Z Previous HEAD position was 47c30cf [Ka0S] Uploading resume execution files to the repository...
handle_failure	Checkout code	2025-04-01T11:57:19.1490525Z Switched to a new branch 'H215-modulo-de-summary'
handle_failure	Checkout code	2025-04-01T11:57:19.1498931Z branch 'H215-modulo-de-summary' set up to track 'origin/H215-modulo-de-summary'.
handle_failure	Checkout code	2025-04-01T11:57:19.1512400Z ##[endgroup]
handle_failure	Checkout code	2025-04-01T11:57:19.1665234Z [command]/usr/bin/git log -1 --format=%H
handle_failure	Checkout code	2025-04-01T11:57:19.1669188Z 73edd7199f2d6969954da6cc5ca0901ea4469527
handle_failure	handle-failure-execution	﻿2025-04-01T11:57:19.1991305Z ##[group]Run echo "Error detected in process"
handle_failure	handle-failure-execution	2025-04-01T11:57:19.1993077Z [36;1mecho "Error detected in process"[0m
handle_failure	handle-failure-execution	2025-04-01T11:57:19.1995167Z [36;1mRNNUMBER=$(echo "refs/heads/H215-modulo-de-summary" | grep -o '[0-9]*')[0m
handle_failure	handle-failure-execution	2025-04-01T11:57:19.1999394Z [36;1mgh issue comment $RNNUMBER --body "El proceso no ha finalizado correctamente 14194903538. El resultado está en el fichero core/results/event_data14194903538.log"[0m
handle_failure	handle-failure-execution	2025-04-01T11:57:19.2018969Z shell: /usr/bin/bash -e {0}
handle_failure	handle-failure-execution	2025-04-01T11:57:19.2020430Z env:
handle_failure	handle-failure-execution	2025-04-01T11:57:19.2021440Z   KAOS_CODE: 14194903538
handle_failure	handle-failure-execution	2025-04-01T11:57:19.2022545Z   KAOS_EVENT_NAME: workflow_dispatch
handle_failure	handle-failure-execution	2025-04-01T11:57:19.2023788Z   KAOS_ACTION: 
handle_failure	handle-failure-execution	2025-04-01T11:57:19.2024837Z   KAOS_REF: refs/heads/H215-modulo-de-summary
handle_failure	handle-failure-execution	2025-04-01T11:57:19.2026368Z   KAOS_MODULE: [Ka0S] Workflow Statistics Summary
handle_failure	handle-failure-execution	2025-04-01T11:57:19.2027852Z   KAOS_PATH_RESUME: core/outputs/w/
handle_failure	handle-failure-execution	2025-04-01T11:57:19.2029144Z   KAOS_JSON: core/results/event_data_
handle_failure	handle-failure-execution	2025-04-01T11:57:19.2030830Z   KAOS_ACTOR: ka0score
handle_failure	handle-failure-execution	2025-04-01T11:57:19.2032513Z   GH_TOKEN: ***
handle_failure	handle-failure-execution	2025-04-01T11:57:19.2033424Z ##[endgroup]
handle_failure	handle-failure-execution	2025-04-01T11:57:19.2120430Z Error detected in process
handle_failure	handle-failure-execution	2025-04-01T11:57:20.6367766Z https://github.com/Ka0s-Klaus/ka0s/issues/215#issuecomment-2769117621
handle_failure	Post Checkout code	﻿2025-04-01T11:57:20.6860633Z Post job cleanup.
handle_failure	Post Checkout code	2025-04-01T11:57:20.8208531Z [command]/usr/bin/git version
handle_failure	Post Checkout code	2025-04-01T11:57:20.8269003Z git version 2.48.1
handle_failure	Post Checkout code	2025-04-01T11:57:20.8339174Z Temporarily overriding HOME='/actions-runner/_work/_temp/c1489c3e-9f26-476a-a3b7-a9aeb14170b5' before making global git config changes
handle_failure	Post Checkout code	2025-04-01T11:57:20.8341543Z Adding repository directory to the temporary git global config as a safe directory
handle_failure	Post Checkout code	2025-04-01T11:57:20.8351126Z [command]/usr/bin/git config --global --add safe.directory /actions-runner/_work/ka0s/ka0s
handle_failure	Post Checkout code	2025-04-01T11:57:20.8407481Z [command]/usr/bin/git config --local --name-only --get-regexp core\.sshCommand
handle_failure	Post Checkout code	2025-04-01T11:57:20.8473655Z [command]/usr/bin/git submodule foreach --recursive sh -c "git config --local --name-only --get-regexp 'core\.sshCommand' && git config --local --unset-all 'core.sshCommand' || :"
handle_failure	Post Checkout code	2025-04-01T11:57:20.8879526Z [command]/usr/bin/git config --local --name-only --get-regexp http\.https\:\/\/github\.com\/\.extraheader
handle_failure	Post Checkout code	2025-04-01T11:57:20.8917202Z http.https://github.com/.extraheader
handle_failure	Post Checkout code	2025-04-01T11:57:20.8936239Z [command]/usr/bin/git config --local --unset-all http.https://github.com/.extraheader
handle_failure	Post Checkout code	2025-04-01T11:57:20.8990233Z [command]/usr/bin/git submodule foreach --recursive sh -c "git config --local --name-only --get-regexp 'http\.https\:\/\/github\.com\/\.extraheader' && git config --local --unset-all 'http.https://github.com/.extraheader' || :"
handle_failure	Complete job	﻿2025-04-01T11:57:20.9518273Z Cleaning up orphan processes
end-workflow	Set up job	﻿2025-04-01T11:58:37.8017909Z Current runner version: '2.323.0'
end-workflow	Set up job	2025-04-01T11:58:37.8027388Z Runner name: 'ka0s-1'
end-workflow	Set up job	2025-04-01T11:58:37.8028689Z Machine name: '419612ea1a87'
end-workflow	Set up job	2025-04-01T11:58:37.8032733Z ##[group]GITHUB_TOKEN Permissions
end-workflow	Set up job	2025-04-01T11:58:37.8035773Z Contents: read
end-workflow	Set up job	2025-04-01T11:58:37.8036562Z Metadata: read
end-workflow	Set up job	2025-04-01T11:58:37.8037307Z Packages: read
end-workflow	Set up job	2025-04-01T11:58:37.8038045Z ##[endgroup]
end-workflow	Set up job	2025-04-01T11:58:37.8041609Z Secret source: Actions
end-workflow	Set up job	2025-04-01T11:58:37.8042597Z Prepare workflow directory
end-workflow	Set up job	2025-04-01T11:58:37.8991455Z Prepare all required actions
end-workflow	Set up job	2025-04-01T11:58:37.9044395Z Getting action download info
end-workflow	Set up job	2025-04-01T11:58:38.7868690Z Download action repository 'actions/checkout@v4' (SHA:11bd71901bbe5b1630ceea73d27597364c9af683)
end-workflow	Set up job	2025-04-01T11:58:40.6594938Z Complete job name: end-workflow
end-workflow	Checkout code	﻿2025-04-01T11:58:40.7249578Z ##[group]Run actions/checkout@v4
end-workflow	Checkout code	2025-04-01T11:58:40.7251434Z with:
end-workflow	Checkout code	2025-04-01T11:58:40.7252045Z   fetch-depth: 0
end-workflow	Checkout code	2025-04-01T11:58:40.7252940Z   token: ***
end-workflow	Checkout code	2025-04-01T11:58:40.7253551Z   repository: Ka0s-Klaus/ka0s
end-workflow	Checkout code	2025-04-01T11:58:40.7254332Z   ssh-strict: true
end-workflow	Checkout code	2025-04-01T11:58:40.7254932Z   ssh-user: git
end-workflow	Checkout code	2025-04-01T11:58:40.7255542Z   persist-credentials: true
end-workflow	Checkout code	2025-04-01T11:58:40.7256218Z   clean: true
end-workflow	Checkout code	2025-04-01T11:58:40.7256834Z   sparse-checkout-cone-mode: true
end-workflow	Checkout code	2025-04-01T11:58:40.7257584Z   fetch-tags: false
end-workflow	Checkout code	2025-04-01T11:58:40.7258208Z   show-progress: true
end-workflow	Checkout code	2025-04-01T11:58:40.7258834Z   lfs: false
end-workflow	Checkout code	2025-04-01T11:58:40.7259403Z   submodules: false
end-workflow	Checkout code	2025-04-01T11:58:40.7260113Z   set-safe-directory: true
end-workflow	Checkout code	2025-04-01T11:58:40.7261466Z env:
end-workflow	Checkout code	2025-04-01T11:58:40.7262041Z   KAOS_CODE: 14194903538
end-workflow	Checkout code	2025-04-01T11:58:40.7262718Z   KAOS_EVENT_NAME: workflow_dispatch
end-workflow	Checkout code	2025-04-01T11:58:40.7263461Z   KAOS_ACTION: 
end-workflow	Checkout code	2025-04-01T11:58:40.7264117Z   KAOS_REF: refs/heads/H215-modulo-de-summary
end-workflow	Checkout code	2025-04-01T11:58:40.7265007Z   KAOS_MODULE: [Ka0S] Workflow Statistics Summary
end-workflow	Checkout code	2025-04-01T11:58:40.7265921Z   KAOS_PATH_RESUME: core/outputs/w/
end-workflow	Checkout code	2025-04-01T11:58:40.7266700Z   KAOS_JSON: core/results/event_data_
end-workflow	Checkout code	2025-04-01T11:58:40.7267468Z   KAOS_ACTOR: ka0score
end-workflow	Checkout code	2025-04-01T11:58:40.7268324Z   GH_TOKEN: ***
end-workflow	Checkout code	2025-04-01T11:58:40.7268914Z ##[endgroup]
end-workflow	Checkout code	2025-04-01T11:58:40.8956539Z Syncing repository: Ka0s-Klaus/ka0s
end-workflow	Checkout code	2025-04-01T11:58:40.8963323Z ##[group]Getting Git version info
end-workflow	Checkout code	2025-04-01T11:58:40.8966633Z Working directory is '/actions-runner/_work/ka0s/ka0s'
end-workflow	Checkout code	2025-04-01T11:58:40.8970224Z [command]/usr/bin/git version
end-workflow	Checkout code	2025-04-01T11:58:40.8971082Z git version 2.48.1
end-workflow	Checkout code	2025-04-01T11:58:40.8973872Z ##[endgroup]
end-workflow	Checkout code	2025-04-01T11:58:40.8982000Z Copying '/home/kaos/.gitconfig' to '/actions-runner/_work/_temp/88342331-e3cf-46c2-ae54-e1d64f21176c/.gitconfig'
end-workflow	Checkout code	2025-04-01T11:58:40.8986992Z Temporarily overriding HOME='/actions-runner/_work/_temp/88342331-e3cf-46c2-ae54-e1d64f21176c' before making global git config changes
end-workflow	Checkout code	2025-04-01T11:58:40.8991468Z Adding repository directory to the temporary git global config as a safe directory
end-workflow	Checkout code	2025-04-01T11:58:40.8995160Z [command]/usr/bin/git config --global --add safe.directory /actions-runner/_work/ka0s/ka0s
end-workflow	Checkout code	2025-04-01T11:58:40.9070282Z [command]/usr/bin/git config --local --get remote.origin.url
end-workflow	Checkout code	2025-04-01T11:58:40.9100763Z https://github.com/Ka0s-Klaus/ka0s
end-workflow	Checkout code	2025-04-01T11:58:40.9126950Z ##[group]Removing previously created refs, to avoid conflicts
end-workflow	Checkout code	2025-04-01T11:58:40.9135169Z [command]/usr/bin/git rev-parse --symbolic-full-name --verify --quiet HEAD
end-workflow	Checkout code	2025-04-01T11:58:40.9168342Z refs/heads/H215-modulo-de-summary
end-workflow	Checkout code	2025-04-01T11:58:40.9184888Z [command]/usr/bin/git checkout --detach
end-workflow	Checkout code	2025-04-01T11:58:40.9300640Z HEAD is now at 73edd71 [Ka0S] Uploading resume execution files to the repository...
end-workflow	Checkout code	2025-04-01T11:58:40.9370985Z [command]/usr/bin/git branch --delete --force H215-modulo-de-summary
end-workflow	Checkout code	2025-04-01T11:58:40.9412060Z Deleted branch H215-modulo-de-summary (was 73edd71).
end-workflow	Checkout code	2025-04-01T11:58:40.9482167Z ##[endgroup]
end-workflow	Checkout code	2025-04-01T11:58:40.9484472Z [command]/usr/bin/git submodule status
end-workflow	Checkout code	2025-04-01T11:58:40.9874822Z ##[group]Cleaning the repository
end-workflow	Checkout code	2025-04-01T11:58:40.9881171Z [command]/usr/bin/git clean -ffdx
end-workflow	Checkout code	2025-04-01T11:58:40.9942799Z Removing core/results/dashboard/workflow_stats.json
end-workflow	Checkout code	2025-04-01T11:58:40.9958694Z [command]/usr/bin/git reset --hard HEAD
end-workflow	Checkout code	2025-04-01T11:58:41.0134317Z HEAD is now at 73edd71 [Ka0S] Uploading resume execution files to the repository...
end-workflow	Checkout code	2025-04-01T11:58:41.0144980Z ##[endgroup]
end-workflow	Checkout code	2025-04-01T11:58:41.0148389Z ##[group]Disabling automatic garbage collection
end-workflow	Checkout code	2025-04-01T11:58:41.0157118Z [command]/usr/bin/git config --local gc.auto 0
end-workflow	Checkout code	2025-04-01T11:58:41.0210206Z ##[endgroup]
end-workflow	Checkout code	2025-04-01T11:58:41.0212741Z ##[group]Setting up auth
end-workflow	Checkout code	2025-04-01T11:58:41.0218548Z [command]/usr/bin/git config --local --name-only --get-regexp core\.sshCommand
end-workflow	Checkout code	2025-04-01T11:58:41.0269936Z [command]/usr/bin/git submodule foreach --recursive sh -c "git config --local --name-only --get-regexp 'core\.sshCommand' && git config --local --unset-all 'core.sshCommand' || :"
end-workflow	Checkout code	2025-04-01T11:58:41.0691156Z [command]/usr/bin/git config --local --name-only --get-regexp http\.https\:\/\/github\.com\/\.extraheader
end-workflow	Checkout code	2025-04-01T11:58:41.0739334Z [command]/usr/bin/git submodule foreach --recursive sh -c "git config --local --name-only --get-regexp 'http\.https\:\/\/github\.com\/\.extraheader' && git config --local --unset-all 'http.https://github.com/.extraheader' || :"
end-workflow	Checkout code	2025-04-01T11:58:41.1121162Z [command]/usr/bin/git config --local http.https://github.com/.extraheader AUTHORIZATION: basic ***
end-workflow	Checkout code	2025-04-01T11:58:41.1181421Z ##[endgroup]
end-workflow	Checkout code	2025-04-01T11:58:41.1182831Z ##[group]Fetching the repository
end-workflow	Checkout code	2025-04-01T11:58:41.1197466Z [command]/usr/bin/git -c protocol.version=2 fetch --prune --no-recurse-submodules origin +refs/heads/*:refs/remotes/origin/* +refs/tags/*:refs/tags/*
end-workflow	Checkout code	2025-04-01T11:58:43.0676971Z [command]/usr/bin/git branch --list --remote origin/H215-modulo-de-summary
end-workflow	Checkout code	2025-04-01T11:58:43.0737177Z   origin/H215-modulo-de-summary
end-workflow	Checkout code	2025-04-01T11:58:43.0758894Z [command]/usr/bin/git rev-parse refs/remotes/origin/H215-modulo-de-summary
end-workflow	Checkout code	2025-04-01T11:58:43.0812223Z 73edd7199f2d6969954da6cc5ca0901ea4469527
end-workflow	Checkout code	2025-04-01T11:58:43.0826168Z ##[endgroup]
end-workflow	Checkout code	2025-04-01T11:58:43.0831388Z ##[group]Determining the checkout info
end-workflow	Checkout code	2025-04-01T11:58:43.0836999Z ##[endgroup]
end-workflow	Checkout code	2025-04-01T11:58:43.0844047Z [command]/usr/bin/git sparse-checkout disable
end-workflow	Checkout code	2025-04-01T11:58:43.0973109Z [command]/usr/bin/git config --local --unset-all extensions.worktreeConfig
end-workflow	Checkout code	2025-04-01T11:58:43.1037699Z ##[group]Checking out the ref
end-workflow	Checkout code	2025-04-01T11:58:43.1045211Z [command]/usr/bin/git checkout --progress --force -B H215-modulo-de-summary refs/remotes/origin/H215-modulo-de-summary
end-workflow	Checkout code	2025-04-01T11:58:43.1177278Z Switched to a new branch 'H215-modulo-de-summary'
end-workflow	Checkout code	2025-04-01T11:58:43.1182833Z branch 'H215-modulo-de-summary' set up to track 'origin/H215-modulo-de-summary'.
end-workflow	Checkout code	2025-04-01T11:58:43.1195313Z ##[endgroup]
end-workflow	Checkout code	2025-04-01T11:58:43.1251476Z [command]/usr/bin/git log -1 --format=%H
end-workflow	Checkout code	2025-04-01T11:58:43.1290228Z 73edd7199f2d6969954da6cc5ca0901ea4469527
end-workflow	Finaliza el workflow	﻿2025-04-01T11:58:43.1615141Z ##[group]Run echo "End process"
end-workflow	Finaliza el workflow	2025-04-01T11:58:43.1616749Z [36;1mecho "End process"[0m
end-workflow	Finaliza el workflow	2025-04-01T11:58:43.1618788Z [36;1mRNNUMBER=$(echo "refs/heads/H215-modulo-de-summary" | grep -o '[0-9]*')[0m
end-workflow	Finaliza el workflow	2025-04-01T11:58:43.1621739Z [36;1mgh issue comment $RNNUMBER --body "Se finaliza Ka0s 14194903538"[0m
end-workflow	Finaliza el workflow	2025-04-01T11:58:43.1625362Z [36;1mgh workflow run inspector.yml --ref 'main' -f kaos-issue-id=$RNNUMBER -f kaos-workflow-id="14194903538" -f kaos-user-start=""[0m
end-workflow	Finaliza el workflow	2025-04-01T11:58:43.1643517Z shell: /usr/bin/bash -e {0}
end-workflow	Finaliza el workflow	2025-04-01T11:58:43.1644857Z env:
end-workflow	Finaliza el workflow	2025-04-01T11:58:43.1645868Z   KAOS_CODE: 14194903538
end-workflow	Finaliza el workflow	2025-04-01T11:58:43.1647155Z   KAOS_EVENT_NAME: workflow_dispatch
end-workflow	Finaliza el workflow	2025-04-01T11:58:43.1648566Z   KAOS_ACTION: 
end-workflow	Finaliza el workflow	2025-04-01T11:58:43.1649797Z   KAOS_REF: refs/heads/H215-modulo-de-summary
end-workflow	Finaliza el workflow	2025-04-01T11:58:43.1651811Z   KAOS_MODULE: [Ka0S] Workflow Statistics Summary
end-workflow	Finaliza el workflow	2025-04-01T11:58:43.1653483Z   KAOS_PATH_RESUME: core/outputs/w/
end-workflow	Finaliza el workflow	2025-04-01T11:58:43.1654951Z   KAOS_JSON: core/results/event_data_
end-workflow	Finaliza el workflow	2025-04-01T11:58:43.1656470Z   KAOS_ACTOR: ka0score
end-workflow	Finaliza el workflow	2025-04-01T11:58:43.1658229Z   GH_TOKEN: ***
end-workflow	Finaliza el workflow	2025-04-01T11:58:43.1659312Z ##[endgroup]
end-workflow	Finaliza el workflow	2025-04-01T11:58:43.1741946Z End process
end-workflow	Finaliza el workflow	2025-04-01T11:58:44.3570368Z https://github.com/Ka0s-Klaus/ka0s/issues/215#issuecomment-2769120997
end-workflow	Post Checkout code	﻿2025-04-01T11:58:45.2691247Z Post job cleanup.
end-workflow	Post Checkout code	2025-04-01T11:58:45.4181436Z [command]/usr/bin/git version
end-workflow	Post Checkout code	2025-04-01T11:58:45.4230712Z git version 2.48.1
end-workflow	Post Checkout code	2025-04-01T11:58:45.4285411Z Copying '/home/kaos/.gitconfig' to '/actions-runner/_work/_temp/287fb11b-7942-4f96-be05-d0347aefdc80/.gitconfig'
end-workflow	Post Checkout code	2025-04-01T11:58:45.4301497Z Temporarily overriding HOME='/actions-runner/_work/_temp/287fb11b-7942-4f96-be05-d0347aefdc80' before making global git config changes
end-workflow	Post Checkout code	2025-04-01T11:58:45.4304105Z Adding repository directory to the temporary git global config as a safe directory
end-workflow	Post Checkout code	2025-04-01T11:58:45.4310134Z [command]/usr/bin/git config --global --add safe.directory /actions-runner/_work/ka0s/ka0s
end-workflow	Post Checkout code	2025-04-01T11:58:45.4366119Z [command]/usr/bin/git config --local --name-only --get-regexp core\.sshCommand
end-workflow	Post Checkout code	2025-04-01T11:58:45.4428134Z [command]/usr/bin/git submodule foreach --recursive sh -c "git config --local --name-only --get-regexp 'core\.sshCommand' && git config --local --unset-all 'core.sshCommand' || :"
end-workflow	Post Checkout code	2025-04-01T11:58:45.4834495Z [command]/usr/bin/git config --local --name-only --get-regexp http\.https\:\/\/github\.com\/\.extraheader
end-workflow	Post Checkout code	2025-04-01T11:58:45.4876448Z http.https://github.com/.extraheader
end-workflow	Post Checkout code	2025-04-01T11:58:45.4895369Z [command]/usr/bin/git config --local --unset-all http.https://github.com/.extraheader
end-workflow	Post Checkout code	2025-04-01T11:58:45.4947643Z [command]/usr/bin/git submodule foreach --recursive sh -c "git config --local --name-only --get-regexp 'http\.https\:\/\/github\.com\/\.extraheader' && git config --local --unset-all 'http.https://github.com/.extraheader' || :"
end-workflow	Complete job	﻿2025-04-01T11:58:45.5498392Z Cleaning up orphan processes
