job-core	Set up job	﻿2025-04-02T09:44:00.0554769Z Current runner version: '2.323.0'
job-core	Set up job	2025-04-02T09:44:00.0564605Z Runner name: 'ka0s-1'
job-core	Set up job	2025-04-02T09:44:00.0644689Z Machine name: '419612ea1a87'
job-core	Set up job	2025-04-02T09:44:00.0649393Z ##[group]GITHUB_TOKEN Permissions
job-core	Set up job	2025-04-02T09:44:00.0652817Z Contents: read
job-core	Set up job	2025-04-02T09:44:00.0653442Z Metadata: read
job-core	Set up job	2025-04-02T09:44:00.0654006Z Packages: read
job-core	Set up job	2025-04-02T09:44:00.0654559Z ##[endgroup]
job-core	Set up job	2025-04-02T09:44:00.0657131Z Secret source: Actions
job-core	Set up job	2025-04-02T09:44:00.0658029Z Prepare workflow directory
job-core	Set up job	2025-04-02T09:44:00.1498124Z Prepare all required actions
job-core	Set up job	2025-04-02T09:44:00.1552393Z Getting action download info
job-core	Set up job	2025-04-02T09:44:01.0689436Z Download action repository 'actions/checkout@v4' (SHA:11bd71901bbe5b1630ceea73d27597364c9af683)
job-core	Set up job	2025-04-02T09:44:03.6217393Z Complete job name: job-core
job-core	Checkout code	﻿2025-04-02T09:44:03.7008608Z ##[group]Run actions/checkout@v4
job-core	Checkout code	2025-04-02T09:44:03.7009961Z with:
job-core	Checkout code	2025-04-02T09:44:03.7011161Z   fetch-depth: 0
job-core	Checkout code	2025-04-02T09:44:03.7012289Z   token: ***
job-core	Checkout code	2025-04-02T09:44:03.7012942Z   repository: Ka0s-Klaus/ka0s
job-core	Checkout code	2025-04-02T09:44:03.7013779Z   ssh-strict: true
job-core	Checkout code	2025-04-02T09:44:03.7014429Z   ssh-user: git
job-core	Checkout code	2025-04-02T09:44:03.7015095Z   persist-credentials: true
job-core	Checkout code	2025-04-02T09:44:03.7015829Z   clean: true
job-core	Checkout code	2025-04-02T09:44:03.7016503Z   sparse-checkout-cone-mode: true
job-core	Checkout code	2025-04-02T09:44:03.7017289Z   fetch-tags: false
job-core	Checkout code	2025-04-02T09:44:03.7017977Z   show-progress: true
job-core	Checkout code	2025-04-02T09:44:03.7018652Z   lfs: false
job-core	Checkout code	2025-04-02T09:44:03.7019282Z   submodules: false
job-core	Checkout code	2025-04-02T09:44:03.7019971Z   set-safe-directory: true
job-core	Checkout code	2025-04-02T09:44:03.7021527Z env:
job-core	Checkout code	2025-04-02T09:44:03.7022162Z   KAOS_CODE: 14216470390
job-core	Checkout code	2025-04-02T09:44:03.7022883Z   KAOS_EVENT_NAME: push
job-core	Checkout code	2025-04-02T09:44:03.7023569Z   KAOS_ACTION: 
job-core	Checkout code	2025-04-02T09:44:03.7024269Z   KAOS_REF: refs/heads/H215-modulo-de-summary
job-core	Checkout code	2025-04-02T09:44:03.7025141Z   KAOS_MODULE: [Ka0S] kaos
job-core	Checkout code	2025-04-02T09:44:03.7025972Z   KAOS_PATH_RESUME: core/results/k/
job-core	Checkout code	2025-04-02T09:44:03.7026792Z   KAOS_JSON: core/results/event_data_
job-core	Checkout code	2025-04-02T09:44:03.7027678Z   KAOS_ACTOR: ***
job-core	Checkout code	2025-04-02T09:44:03.7028350Z   GITHUB_OUTPUT: 
job-core	Checkout code	2025-04-02T09:44:03.7028983Z ##[endgroup]
job-core	Checkout code	2025-04-02T09:44:03.8602996Z Syncing repository: Ka0s-Klaus/ka0s
job-core	Checkout code	2025-04-02T09:44:03.8606002Z ##[group]Getting Git version info
job-core	Checkout code	2025-04-02T09:44:03.8607217Z Working directory is '/actions-runner/_work/ka0s/ka0s'
job-core	Checkout code	2025-04-02T09:44:03.8608880Z [command]/usr/bin/git version
job-core	Checkout code	2025-04-02T09:44:03.8609701Z git version 2.48.1
job-core	Checkout code	2025-04-02T09:44:03.8631292Z ##[endgroup]
job-core	Checkout code	2025-04-02T09:44:03.8645755Z Copying '/home/kaos/.gitconfig' to '/actions-runner/_work/_temp/2bdf7fc4-6e44-4759-8bea-30155373313d/.gitconfig'
job-core	Checkout code	2025-04-02T09:44:03.8663104Z Temporarily overriding HOME='/actions-runner/_work/_temp/2bdf7fc4-6e44-4759-8bea-30155373313d' before making global git config changes
job-core	Checkout code	2025-04-02T09:44:03.8665460Z Adding repository directory to the temporary git global config as a safe directory
job-core	Checkout code	2025-04-02T09:44:03.8671465Z [command]/usr/bin/git config --global --add safe.directory /actions-runner/_work/ka0s/ka0s
job-core	Checkout code	2025-04-02T09:44:03.8742632Z [command]/usr/bin/git config --local --get remote.origin.url
job-core	Checkout code	2025-04-02T09:44:03.8774036Z https://github.com/Ka0s-Klaus/ka0s
job-core	Checkout code	2025-04-02T09:44:03.8802261Z ##[group]Removing previously created refs, to avoid conflicts
job-core	Checkout code	2025-04-02T09:44:03.8810340Z [command]/usr/bin/git rev-parse --symbolic-full-name --verify --quiet HEAD
job-core	Checkout code	2025-04-02T09:44:03.8844412Z refs/heads/H215-modulo-de-summary
job-core	Checkout code	2025-04-02T09:44:03.8866115Z [command]/usr/bin/git checkout --detach
job-core	Checkout code	2025-04-02T09:44:03.8982383Z HEAD is now at 2a89426 [Ka0S] VERSION  Upload: CHANGELOG.md, INDEX.md with version 0.0.34
job-core	Checkout code	2025-04-02T09:44:03.9055817Z [command]/usr/bin/git branch --delete --force H215-modulo-de-summary
job-core	Checkout code	2025-04-02T09:44:03.9095677Z Deleted branch H215-modulo-de-summary (was 2a89426).
job-core	Checkout code	2025-04-02T09:44:03.9174335Z ##[endgroup]
job-core	Checkout code	2025-04-02T09:44:03.9176262Z [command]/usr/bin/git submodule status
job-core	Checkout code	2025-04-02T09:44:03.9565314Z ##[group]Cleaning the repository
job-core	Checkout code	2025-04-02T09:44:03.9573916Z [command]/usr/bin/git clean -ffdx
job-core	Checkout code	2025-04-02T09:44:03.9648936Z [command]/usr/bin/git reset --hard HEAD
job-core	Checkout code	2025-04-02T09:44:03.9832954Z HEAD is now at 2a89426 [Ka0S] VERSION  Upload: CHANGELOG.md, INDEX.md with version 0.0.34
job-core	Checkout code	2025-04-02T09:44:03.9842050Z ##[endgroup]
job-core	Checkout code	2025-04-02T09:44:03.9845948Z ##[group]Disabling automatic garbage collection
job-core	Checkout code	2025-04-02T09:44:03.9848790Z [command]/usr/bin/git config --local gc.auto 0
job-core	Checkout code	2025-04-02T09:44:03.9892088Z ##[endgroup]
job-core	Checkout code	2025-04-02T09:44:03.9893326Z ##[group]Setting up auth
job-core	Checkout code	2025-04-02T09:44:03.9902615Z [command]/usr/bin/git config --local --name-only --get-regexp core\.sshCommand
job-core	Checkout code	2025-04-02T09:44:03.9963179Z [command]/usr/bin/git submodule foreach --recursive sh -c "git config --local --name-only --get-regexp 'core\.sshCommand' && git config --local --unset-all 'core.sshCommand' || :"
job-core	Checkout code	2025-04-02T09:44:04.0362218Z [command]/usr/bin/git config --local --name-only --get-regexp http\.https\:\/\/github\.com\/\.extraheader
job-core	Checkout code	2025-04-02T09:44:04.0414553Z [command]/usr/bin/git submodule foreach --recursive sh -c "git config --local --name-only --get-regexp 'http\.https\:\/\/github\.com\/\.extraheader' && git config --local --unset-all 'http.https://github.com/.extraheader' || :"
job-core	Checkout code	2025-04-02T09:44:04.0811154Z [command]/usr/bin/git config --local http.https://github.com/.extraheader AUTHORIZATION: basic ***
job-core	Checkout code	2025-04-02T09:44:04.0871907Z ##[endgroup]
job-core	Checkout code	2025-04-02T09:44:04.0873183Z ##[group]Fetching the repository
job-core	Checkout code	2025-04-02T09:44:04.0883516Z [command]/usr/bin/git -c protocol.version=2 fetch --prune --no-recurse-submodules origin +refs/heads/*:refs/remotes/origin/* +refs/tags/*:refs/tags/*
job-core	Checkout code	2025-04-02T09:44:05.0467690Z From https://github.com/Ka0s-Klaus/ka0s
job-core	Checkout code	2025-04-02T09:44:05.0474671Z    2a89426..f60fd87  H215-modulo-de-summary -> origin/H215-modulo-de-summary
job-core	Checkout code	2025-04-02T09:44:05.0654923Z [command]/usr/bin/git branch --list --remote origin/H215-modulo-de-summary
job-core	Checkout code	2025-04-02T09:44:05.0697925Z   origin/H215-modulo-de-summary
job-core	Checkout code	2025-04-02T09:44:05.0713522Z [command]/usr/bin/git rev-parse refs/remotes/origin/H215-modulo-de-summary
job-core	Checkout code	2025-04-02T09:44:05.0748305Z f60fd876726d36930d983d6e1f869e680d96de77
job-core	Checkout code	2025-04-02T09:44:05.0758231Z ##[endgroup]
job-core	Checkout code	2025-04-02T09:44:05.0761181Z ##[group]Determining the checkout info
job-core	Checkout code	2025-04-02T09:44:05.0763182Z ##[endgroup]
job-core	Checkout code	2025-04-02T09:44:05.0764899Z [command]/usr/bin/git sparse-checkout disable
job-core	Checkout code	2025-04-02T09:44:05.0844380Z [command]/usr/bin/git config --local --unset-all extensions.worktreeConfig
job-core	Checkout code	2025-04-02T09:44:05.0887480Z ##[group]Checking out the ref
job-core	Checkout code	2025-04-02T09:44:05.0892086Z [command]/usr/bin/git checkout --progress --force -B H215-modulo-de-summary refs/remotes/origin/H215-modulo-de-summary
job-core	Checkout code	2025-04-02T09:44:05.1099241Z Previous HEAD position was 2a89426 [Ka0S] VERSION  Upload: CHANGELOG.md, INDEX.md with version 0.0.34
job-core	Checkout code	2025-04-02T09:44:05.1113314Z Switched to a new branch 'H215-modulo-de-summary'
job-core	Checkout code	2025-04-02T09:44:05.1121716Z branch 'H215-modulo-de-summary' set up to track 'origin/H215-modulo-de-summary'.
job-core	Checkout code	2025-04-02T09:44:05.1133356Z ##[endgroup]
job-core	Checkout code	2025-04-02T09:44:05.1211672Z [command]/usr/bin/git log -1 --format=%H
job-core	Checkout code	2025-04-02T09:44:05.1234851Z f60fd876726d36930d983d6e1f869e680d96de77
job-core	Validate file extensions	﻿2025-04-02T09:44:05.1564352Z ##[group]Run IFS=' ' read -r -a extensions <<< "***"
job-core	Validate file extensions	2025-04-02T09:44:05.1566710Z [36;1mIFS=' ' read -r -a extensions <<< "***"[0m
job-core	Validate file extensions	2025-04-02T09:44:05.1568514Z [36;1mfor file in $(git diff --name-only HEAD~1 HEAD); do[0m
job-core	Validate file extensions	2025-04-02T09:44:05.1570494Z [36;1m  extension="${file##*.}"[0m
job-core	Validate file extensions	2025-04-02T09:44:05.1572235Z [36;1m  if [[ ! " ${extensions[@]} " =~ " ${extension} " ]]; then[0m
job-core	Validate file extensions	2025-04-02T09:44:05.1574239Z [36;1m    echo "File $file has an invalid extension: $extension"[0m
job-core	Validate file extensions	2025-04-02T09:44:05.1575939Z [36;1m  fi[0m
job-core	Validate file extensions	2025-04-02T09:44:05.1576889Z [36;1mdone[0m
job-core	Validate file extensions	2025-04-02T09:44:05.1578355Z [36;1mRNNUMBER=$(echo "H215-modulo-de-summary" | grep -o '[0-9]*')[0m
job-core	Validate file extensions	2025-04-02T09:44:05.1581110Z [36;1mgh issue comment $RNNUMBER --body "Se inicia Ka0s 14216470390 "[0m
job-core	Validate file extensions	2025-04-02T09:44:05.1599739Z shell: /usr/bin/bash -e {0}
job-core	Validate file extensions	2025-04-02T09:44:05.1601433Z env:
job-core	Validate file extensions	2025-04-02T09:44:05.1602490Z   KAOS_CODE: 14216470390
job-core	Validate file extensions	2025-04-02T09:44:05.1603623Z   KAOS_EVENT_NAME: push
job-core	Validate file extensions	2025-04-02T09:44:05.1605074Z   KAOS_ACTION: 
job-core	Validate file extensions	2025-04-02T09:44:05.1606248Z   KAOS_REF: refs/heads/H215-modulo-de-summary
job-core	Validate file extensions	2025-04-02T09:44:05.1607696Z   KAOS_MODULE: [Ka0S] kaos
job-core	Validate file extensions	2025-04-02T09:44:05.1608909Z   KAOS_PATH_RESUME: core/results/k/
job-core	Validate file extensions	2025-04-02T09:44:05.1610537Z   KAOS_JSON: core/results/event_data_
job-core	Validate file extensions	2025-04-02T09:44:05.1612369Z   KAOS_ACTOR: ***
job-core	Validate file extensions	2025-04-02T09:44:05.1613405Z   GITHUB_OUTPUT: 
job-core	Validate file extensions	2025-04-02T09:44:05.1614850Z   GH_TOKEN: ***
job-core	Validate file extensions	2025-04-02T09:44:05.1615835Z ##[endgroup]
job-core	Validate file extensions	2025-04-02T09:44:05.1735653Z File core/outputs/w/workflows-available-14216407020.json has an invalid extension: json
job-core	Validate file extensions	2025-04-02T09:44:05.1846456Z File core/outputs/w/workflows-runs-14216407020.json has an invalid extension: json
job-core	Validate file extensions	2025-04-02T09:44:06.5806937Z https://github.com/Ka0s-Klaus/ka0s/issues/215#issuecomment-2772020494
job-core	Crear JSON	﻿2025-04-02T09:44:06.5947213Z ##[group]Run echo "{}" >> core/results/event_data_14216470390.json
job-core	Crear JSON	2025-04-02T09:44:06.5948164Z [36;1mecho "{}" >> core/results/event_data_14216470390.json[0m
job-core	Crear JSON	2025-04-02T09:44:06.5948784Z [36;1mcase "push" in[0m
job-core	Crear JSON	2025-04-02T09:44:06.5949221Z [36;1m  "push")[0m
job-core	Crear JSON	2025-04-02T09:44:06.5950901Z [36;1m    echo "{\"event\": \"push\", \"ref\": \"refs/heads/H215-modulo-de-summary\", \"sha\": \"f60fd876726d36930d983d6e1f869e680d96de77\"}" >> core/results/event_data_14216470390.json # Ejemplo: {"event": "push", "ref": "refs/heads/main", "sha": "abc123"}[0m
job-core	Crear JSON	2025-04-02T09:44:06.5952804Z [36;1m    echo "Variable github.action=crear_json" >> core/results/event_data_14216470390.json[0m
job-core	Crear JSON	2025-04-02T09:44:06.5953657Z [36;1m    echo "Variable github.event.action="[0m
job-core	Crear JSON	2025-04-02T09:44:06.5954732Z [36;1m    echo "Variable github.event.pusher.name=***" >> core/results/event_data_14216470390.json[0m
job-core	Crear JSON	2025-04-02T09:44:06.5955960Z [36;1m    echo "variable github.event.pusher.email=***" >> core/results/event_data_14216470390.json[0m
job-core	Crear JSON	2025-04-02T09:44:06.5957130Z [36;1m    echo "Variable github.event.issue.number=" >> core/results/event_data_14216470390.json[0m
job-core	Crear JSON	2025-04-02T09:44:06.5958539Z [36;1m    #Crear un fichero de resumen con todos los datos de los commits asociados, esta información es usada en todo el ciclo de vida del workflow[0m
job-core	Crear JSON	2025-04-02T09:44:06.5960685Z [36;1m    git log 2a89426e01956549e700ff6b8d63c4347dfef79d..f60fd876726d36930d983d6e1f869e680d96de77 --pretty=format:'%H%n%an%n%ae%n%ad%n%s' > core/results/k/commit-summary-$KAOS_CODE_FILES.txt[0m
job-core	Crear JSON	2025-04-02T09:44:06.5962399Z [36;1m    # Crear un fichero con la ruta completa y el nombre ficheros implicados en el commit[0m
job-core	Crear JSON	2025-04-02T09:44:06.5963975Z [36;1m    git diff --name-only 2a89426e01956549e700ff6b8d63c4347dfef79d f60fd876726d36930d983d6e1f869e680d96de77 > core/results/k/files-in-commit-$KAOS_CODE_FILES.txt[0m
job-core	Crear JSON	2025-04-02T09:44:06.5965498Z [36;1m    INVOLVED=core/results/k/files-in-commit-$KAOS_CODE_FILES.txt[0m
job-core	Crear JSON	2025-04-02T09:44:06.5966287Z [36;1m    #echo "INVOLVED=$INVOLVED" >> $GITHUB_OUTPUT[0m
job-core	Crear JSON	2025-04-02T09:44:06.5967061Z [36;1m    echo "INVOLVED=$INVOLVED" >> core/results/event_data_14216470390.json[0m
job-core	Crear JSON	2025-04-02T09:44:06.5967748Z [36;1m    ;;[0m
job-core	Crear JSON	2025-04-02T09:44:06.5968132Z [36;1m  "pull_request")[0m
job-core	Crear JSON	2025-04-02T09:44:06.5969112Z [36;1m    echo "{\"event\": \"pull_request\", \"action\": \"\", \"number\": \"\"}" > event_data.json # Ejemplo: {"event": "pull_request", "action": "opened", "number": "42"}[0m
job-core	Crear JSON	2025-04-02T09:44:06.5970349Z [36;1m    ;;[0m
job-core	Crear JSON	2025-04-02T09:44:06.5970731Z [36;1m  "issues")[0m
job-core	Crear JSON	2025-04-02T09:44:06.5971591Z [36;1m    echo "{\"event\": \"issues\", \"action\": \"\", \"issue\": \"\"}" > event_data.json # Ejemplo: {"event": "issues", "action": "opened", "issue": "99"}[0m
job-core	Crear JSON	2025-04-02T09:44:06.5972518Z [36;1m    ;;[0m
job-core	Crear JSON	2025-04-02T09:44:06.5972902Z [36;1m  "issue_comment")[0m
job-core	Crear JSON	2025-04-02T09:44:06.5973960Z [36;1m    echo "{\"event\": \"issue_comment\", \"action\": \"\", \"comment\": \"\"}" > event_data.json # Ejemplo: {"event": "issue_comment", "action": "created", "comment": "123456"}[0m
job-core	Crear JSON	2025-04-02T09:44:06.5975041Z [36;1m    ;;[0m
job-core	Crear JSON	2025-04-02T09:44:06.5975406Z [36;1m  "create")[0m
job-core	Crear JSON	2025-04-02T09:44:06.5977138Z [36;1m    echo "{\"event\": \"create\", \"ref\": \"refs/heads/H215-modulo-de-summary\", \"ref_type\": \"refs/heads/H215-modulo-de-summary\"}" > event_data.json # Ejemplo: {"event": "create", "ref": "refs/tags/v1.0", "ref_type": "tag"}[0m
job-core	Crear JSON	2025-04-02T09:44:06.5978612Z [36;1m    ;;[0m
job-core	Crear JSON	2025-04-02T09:44:06.5978981Z [36;1m  "delete")[0m
job-core	Crear JSON	2025-04-02T09:44:06.5980509Z [36;1m    echo "{\"event\": \"delete\", \"ref\": \"refs/heads/H215-modulo-de-summary\", \"ref_type\": \"refs/heads/H215-modulo-de-summary\"}" > event_data.json # Ejemplo: {"event": "delete", "ref": "refs/heads/feature-branch", "ref_type": "branch"}[0m
job-core	Crear JSON	2025-04-02T09:44:06.5982004Z [36;1m    ;;[0m
job-core	Crear JSON	2025-04-02T09:44:06.5982377Z [36;1m  "release")[0m
job-core	Crear JSON	2025-04-02T09:44:06.5983319Z [36;1m    echo "{\"event\": \"release\", \"action\": \"\", \"release\": \"\"}" > event_data.json # Ejemplo: {"event": "release", "action": "published", "release": "v1.0"}[0m
job-core	Crear JSON	2025-04-02T09:44:06.5984671Z [36;1m    ;;[0m
job-core	Crear JSON	2025-04-02T09:44:06.5985049Z [36;1m  "watch")[0m
job-core	Crear JSON	2025-04-02T09:44:06.5985789Z [36;1m    echo "{\"event\": \"watch\", \"action\": \"\"}" > event_data.json # Ejemplo: {"event": "watch", "action": "started"}[0m
job-core	Crear JSON	2025-04-02T09:44:06.5986604Z [36;1m    ;;[0m
job-core	Crear JSON	2025-04-02T09:44:06.5987003Z [36;1m  "repository_dispatch")[0m
job-core	Crear JSON	2025-04-02T09:44:06.5988026Z [36;1m    echo "{\"event\": \"repository_dispatch\", \"action\": \"\"}" > event_data.json # Ejemplo: {"event": "repository_dispatch", "action": "custom-event"}[0m
job-core	Crear JSON	2025-04-02T09:44:06.5989037Z [36;1m    ;;[0m
job-core	Crear JSON	2025-04-02T09:44:06.5989422Z [36;1m  "workflow_dispatch")[0m
job-core	Crear JSON	2025-04-02T09:44:06.5990398Z [36;1m    echo "{\"event\": \"workflow_dispatch\"}" > event_data.json # Ejemplo: {"event": "workflow_dispatch"}[0m
job-core	Crear JSON	2025-04-02T09:44:06.5991208Z [36;1m    ;;[0m
job-core	Crear JSON	2025-04-02T09:44:06.5991576Z [36;1m  *)[0m
job-core	Crear JSON	2025-04-02T09:44:06.5992180Z [36;1m    echo "{\"event\": \"unknown\"}" > event_data.json # Ejemplo: {"event": "unknown"}[0m
job-core	Crear JSON	2025-04-02T09:44:06.5992868Z [36;1m    ;;[0m
job-core	Crear JSON	2025-04-02T09:44:06.5993238Z [36;1mesac      [0m
job-core	Crear JSON	2025-04-02T09:44:06.6007720Z shell: /usr/bin/bash -e {0}
job-core	Crear JSON	2025-04-02T09:44:06.6008503Z env:
job-core	Crear JSON	2025-04-02T09:44:06.6009091Z   KAOS_CODE: 14216470390
job-core	Crear JSON	2025-04-02T09:44:06.6010295Z   KAOS_EVENT_NAME: push
job-core	Crear JSON	2025-04-02T09:44:06.6011517Z   KAOS_ACTION: 
job-core	Crear JSON	2025-04-02T09:44:06.6013052Z   KAOS_REF: refs/heads/H215-modulo-de-summary
job-core	Crear JSON	2025-04-02T09:44:06.6014673Z   KAOS_MODULE: [Ka0S] kaos
job-core	Crear JSON	2025-04-02T09:44:06.6030469Z   KAOS_PATH_RESUME: core/results/k/
job-core	Crear JSON	2025-04-02T09:44:06.6031412Z   KAOS_JSON: core/results/event_data_
job-core	Crear JSON	2025-04-02T09:44:06.6032452Z   KAOS_ACTOR: ***
job-core	Crear JSON	2025-04-02T09:44:06.6033286Z   GITHUB_OUTPUT: 
job-core	Crear JSON	2025-04-02T09:44:06.6034148Z ##[endgroup]
job-core	Crear JSON	2025-04-02T09:44:06.6093133Z Variable github.event.action=
job-core	Set environment variable for ref	﻿2025-04-02T09:44:06.6213664Z ##[group]Run echo "GITHUB_REF=refs/heads/H215-modulo-de-summary" >> $GITHUB_ENV
job-core	Set environment variable for ref	2025-04-02T09:44:06.6214542Z [36;1mecho "GITHUB_REF=refs/heads/H215-modulo-de-summary" >> $GITHUB_ENV[0m
job-core	Set environment variable for ref	2025-04-02T09:44:06.6227570Z shell: /usr/bin/bash -e {0}
job-core	Set environment variable for ref	2025-04-02T09:44:06.6227980Z env:
job-core	Set environment variable for ref	2025-04-02T09:44:06.6228232Z   KAOS_CODE: 14216470390
job-core	Set environment variable for ref	2025-04-02T09:44:06.6228547Z   KAOS_EVENT_NAME: push
job-core	Set environment variable for ref	2025-04-02T09:44:06.6228837Z   KAOS_ACTION: 
job-core	Set environment variable for ref	2025-04-02T09:44:06.6229151Z   KAOS_REF: refs/heads/H215-modulo-de-summary
job-core	Set environment variable for ref	2025-04-02T09:44:06.6229538Z   KAOS_MODULE: [Ka0S] kaos
job-core	Set environment variable for ref	2025-04-02T09:44:06.6229862Z   KAOS_PATH_RESUME: core/results/k/
job-core	Set environment variable for ref	2025-04-02T09:44:06.6230341Z   KAOS_JSON: core/results/event_data_
job-core	Set environment variable for ref	2025-04-02T09:44:06.6230837Z   KAOS_ACTOR: ***
job-core	Set environment variable for ref	2025-04-02T09:44:06.6231113Z   GITHUB_OUTPUT: 
job-core	Set environment variable for ref	2025-04-02T09:44:06.6231411Z ##[endgroup]
job-core	Upload Files	﻿2025-04-02T09:44:06.6325237Z ##[group]Run echo "Uploading files to the repository..."
job-core	Upload Files	2025-04-02T09:44:06.6325832Z [36;1mecho "Uploading files to the repository..."[0m
job-core	Upload Files	2025-04-02T09:44:06.6326400Z [36;1mgit config --global user.name "***"[0m
job-core	Upload Files	2025-04-02T09:44:06.6326878Z [36;1mgit config --global user.email "***"[0m
job-core	Upload Files	2025-04-02T09:44:06.6327256Z [36;1mgit pull[0m
job-core	Upload Files	2025-04-02T09:44:06.6327554Z [36;1mgit add core/results/event_data_*[0m
job-core	Upload Files	2025-04-02T09:44:06.6328348Z [36;1mgit commit -m "[Ka0S] Uploading resume execution files to the repository..."[0m
job-core	Upload Files	2025-04-02T09:44:06.6328962Z [36;1mgit push origin refs/heads/H215-modulo-de-summary[0m
job-core	Upload Files	2025-04-02T09:44:06.6329411Z [36;1mgit push origin $GITHUB_REF     [0m
job-core	Upload Files	2025-04-02T09:44:06.6342490Z shell: /usr/bin/bash -e {0}
job-core	Upload Files	2025-04-02T09:44:06.6343436Z env:
job-core	Upload Files	2025-04-02T09:44:06.6344301Z   KAOS_CODE: 14216470390
job-core	Upload Files	2025-04-02T09:44:06.6345326Z   KAOS_EVENT_NAME: push
job-core	Upload Files	2025-04-02T09:44:06.6346552Z   KAOS_ACTION: 
job-core	Upload Files	2025-04-02T09:44:06.6347196Z   KAOS_REF: refs/heads/H215-modulo-de-summary
job-core	Upload Files	2025-04-02T09:44:06.6348189Z   KAOS_MODULE: [Ka0S] kaos
job-core	Upload Files	2025-04-02T09:44:06.6348880Z   KAOS_PATH_RESUME: core/results/k/
job-core	Upload Files	2025-04-02T09:44:06.6349929Z   KAOS_JSON: core/results/event_data_
job-core	Upload Files	2025-04-02T09:44:06.6351182Z   KAOS_ACTOR: ***
job-core	Upload Files	2025-04-02T09:44:06.6351715Z   GITHUB_OUTPUT: 
job-core	Upload Files	2025-04-02T09:44:06.6352464Z   GITHUB_REF: refs/heads/H215-modulo-de-summary
job-core	Upload Files	2025-04-02T09:44:06.6353104Z ##[endgroup]
job-core	Upload Files	2025-04-02T09:44:06.6409216Z Uploading files to the repository...
job-core	Upload Files	2025-04-02T09:44:07.5528863Z Already up to date.
job-core	Upload Files	2025-04-02T09:44:07.5885271Z [H215-modulo-de-summary ab6278b] [Ka0S] Uploading resume execution files to the repository...
job-core	Upload Files	2025-04-02T09:44:07.5887418Z  1 file changed, 7 insertions(+)
job-core	Upload Files	2025-04-02T09:44:07.5888703Z  create mode 100644 core/results/event_data_14216470390.json
job-core	Upload Files	2025-04-02T09:44:08.9014905Z To https://github.com/Ka0s-Klaus/ka0s
job-core	Upload Files	2025-04-02T09:44:08.9015931Z    f60fd87..ab6278b  H215-modulo-de-summary -> H215-modulo-de-summary
job-core	Upload Files	2025-04-02T09:44:09.5238642Z Everything up-to-date
job-core	Run git diff --name-only 2a89426e01956549e700ff6b8d63c4347dfef79d f60fd876726d36930d983d6e1f869e680d96de77 > files-in-commit.txt	﻿2025-04-02T09:44:09.5416579Z ##[group]Run git diff --name-only 2a89426e01956549e700ff6b8d63c4347dfef79d f60fd876726d36930d983d6e1f869e680d96de77 > files-in-commit.txt
job-core	Run git diff --name-only 2a89426e01956549e700ff6b8d63c4347dfef79d f60fd876726d36930d983d6e1f869e680d96de77 > files-in-commit.txt	2025-04-02T09:44:09.5418004Z [36;1mgit diff --name-only 2a89426e01956549e700ff6b8d63c4347dfef79d f60fd876726d36930d983d6e1f869e680d96de77 > files-in-commit.txt[0m
job-core	Run git diff --name-only 2a89426e01956549e700ff6b8d63c4347dfef79d f60fd876726d36930d983d6e1f869e680d96de77 > files-in-commit.txt	2025-04-02T09:44:09.5418834Z [36;1mcat files-in-commit.txt[0m
job-core	Run git diff --name-only 2a89426e01956549e700ff6b8d63c4347dfef79d f60fd876726d36930d983d6e1f869e680d96de77 > files-in-commit.txt	2025-04-02T09:44:09.5419258Z [36;1m# Nuevo proceso de activacion de los modulos[0m
job-core	Run git diff --name-only 2a89426e01956549e700ff6b8d63c4347dfef79d f60fd876726d36930d983d6e1f869e680d96de77 > files-in-commit.txt	2025-04-02T09:44:09.5419712Z [36;1mwhile IFS= read -r line; do[0m
job-core	Run git diff --name-only 2a89426e01956549e700ff6b8d63c4347dfef79d f60fd876726d36930d983d6e1f869e680d96de77 > files-in-commit.txt	2025-04-02T09:44:09.5420191Z [36;1m  # Skip files in core/outputs directory[0m
job-core	Run git diff --name-only 2a89426e01956549e700ff6b8d63c4347dfef79d f60fd876726d36930d983d6e1f869e680d96de77 > files-in-commit.txt	2025-04-02T09:44:09.5420638Z [36;1m  if [[ "$line" == core/outputs/* ]]; then[0m
job-core	Run git diff --name-only 2a89426e01956549e700ff6b8d63c4347dfef79d f60fd876726d36930d983d6e1f869e680d96de77 > files-in-commit.txt	2025-04-02T09:44:09.5421117Z [36;1m    echo "Skipping file in outputs directory: $line"[0m
job-core	Run git diff --name-only 2a89426e01956549e700ff6b8d63c4347dfef79d f60fd876726d36930d983d6e1f869e680d96de77 > files-in-commit.txt	2025-04-02T09:44:09.5421550Z [36;1m    continue[0m
job-core	Run git diff --name-only 2a89426e01956549e700ff6b8d63c4347dfef79d f60fd876726d36930d983d6e1f869e680d96de77 > files-in-commit.txt	2025-04-02T09:44:09.5421837Z [36;1m  fi[0m
job-core	Run git diff --name-only 2a89426e01956549e700ff6b8d63c4347dfef79d f60fd876726d36930d983d6e1f869e680d96de77 > files-in-commit.txt	2025-04-02T09:44:09.5422292Z [36;1m  echo "I Leemos el fichero files-in-commit.txt y extraemos el fichero $line"[0m
job-core	Run git diff --name-only 2a89426e01956549e700ff6b8d63c4347dfef79d f60fd876726d36930d983d6e1f869e680d96de77 > files-in-commit.txt	2025-04-02T09:44:09.5422843Z [36;1m  module_failed=0[0m
job-core	Run git diff --name-only 2a89426e01956549e700ff6b8d63c4347dfef79d f60fd876726d36930d983d6e1f869e680d96de77 > files-in-commit.txt	2025-04-02T09:44:09.5423219Z [36;1m  extension_failed=0[0m
job-core	Run git diff --name-only 2a89426e01956549e700ff6b8d63c4347dfef79d f60fd876726d36930d983d6e1f869e680d96de77 > files-in-commit.txt	2025-04-02T09:44:09.5423584Z [36;1m  file_name=$(basename "$line")[0m
job-core	Run git diff --name-only 2a89426e01956549e700ff6b8d63c4347dfef79d f60fd876726d36930d983d6e1f869e680d96de77 > files-in-commit.txt	2025-04-02T09:44:09.5424052Z [36;1m  echo "I-1 Calculamos el nombre del fichero $file_name"[0m
job-core	Run git diff --name-only 2a89426e01956549e700ff6b8d63c4347dfef79d f60fd876726d36930d983d6e1f869e680d96de77 > files-in-commit.txt	2025-04-02T09:44:09.5424538Z [36;1m  file_extension="${file_name##*.}"[0m
job-core	Run git diff --name-only 2a89426e01956549e700ff6b8d63c4347dfef79d f60fd876726d36930d983d6e1f869e680d96de77 > files-in-commit.txt	2025-04-02T09:44:09.5425041Z [36;1m  echo "I-2 Calculamos la extension del fichero $file_extension"[0m
job-core	Run git diff --name-only 2a89426e01956549e700ff6b8d63c4347dfef79d f60fd876726d36930d983d6e1f869e680d96de77 > files-in-commit.txt	2025-04-02T09:44:09.5425588Z [36;1m  file_module="$file_extension""lint.yml"[0m
job-core	Run git diff --name-only 2a89426e01956549e700ff6b8d63c4347dfef79d f60fd876726d36930d983d6e1f869e680d96de77 > files-in-commit.txt	2025-04-02T09:44:09.5426054Z [36;1m  echo "I-3 Calculamos el modulo $file_module"[0m
job-core	Run git diff --name-only 2a89426e01956549e700ff6b8d63c4347dfef79d f60fd876726d36930d983d6e1f869e680d96de77 > files-in-commit.txt	2025-04-02T09:44:09.5426517Z [36;1m  IFS=',' read -r -a file_array <<< "$files"[0m
job-core	Run git diff --name-only 2a89426e01956549e700ff6b8d63c4347dfef79d f60fd876726d36930d983d6e1f869e680d96de77 > files-in-commit.txt	2025-04-02T09:44:09.5426945Z [36;1m  for file in "${file_array[@]}"; do[0m
job-core	Run git diff --name-only 2a89426e01956549e700ff6b8d63c4347dfef79d f60fd876726d36930d983d6e1f869e680d96de77 > files-in-commit.txt	2025-04-02T09:44:09.5427358Z [36;1m    echo "II Leemos el array de $file"[0m
job-core	Run git diff --name-only 2a89426e01956549e700ff6b8d63c4347dfef79d f60fd876726d36930d983d6e1f869e680d96de77 > files-in-commit.txt	2025-04-02T09:44:09.5427795Z [36;1m    if [[ "$file_extension" == "$file" ]]; then[0m
job-core	Run git diff --name-only 2a89426e01956549e700ff6b8d63c4347dfef79d f60fd876726d36930d983d6e1f869e680d96de77 > files-in-commit.txt	2025-04-02T09:44:09.5428327Z [36;1m      echo "III Comprobamos si $file_extension es igual a $file"[0m
job-core	Run git diff --name-only 2a89426e01956549e700ff6b8d63c4347dfef79d f60fd876726d36930d983d6e1f869e680d96de77 > files-in-commit.txt	2025-04-02T09:44:09.5428882Z [36;1m      IFS=',' read -r -a module_array <<< "$modules"[0m
job-core	Run git diff --name-only 2a89426e01956549e700ff6b8d63c4347dfef79d f60fd876726d36930d983d6e1f869e680d96de77 > files-in-commit.txt	2025-04-02T09:44:09.5429341Z [36;1m      for module in "${module_array[@]}"; do[0m
job-core	Run git diff --name-only 2a89426e01956549e700ff6b8d63c4347dfef79d f60fd876726d36930d983d6e1f869e680d96de77 > files-in-commit.txt	2025-04-02T09:44:09.5429774Z [36;1m        echo "IV Leemos el array $module"[0m
job-core	Run git diff --name-only 2a89426e01956549e700ff6b8d63c4347dfef79d f60fd876726d36930d983d6e1f869e680d96de77 > files-in-commit.txt	2025-04-02T09:44:09.5430263Z [36;1m        if [[ "$file_module" == *"$module"* ]]; then[0m
job-core	Run git diff --name-only 2a89426e01956549e700ff6b8d63c4347dfef79d f60fd876726d36930d983d6e1f869e680d96de77 > files-in-commit.txt	2025-04-02T09:44:09.5430875Z [36;1m          echo "V Comprobamos que el $file_module es igual a $module y ejecutamos el flujo"[0m
job-core	Run git diff --name-only 2a89426e01956549e700ff6b8d63c4347dfef79d f60fd876726d36930d983d6e1f869e680d96de77 > files-in-commit.txt	2025-04-02T09:44:09.5431788Z [36;1m          # Si hemos llegado hasta aquí ejecutamos el módulo[0m
job-core	Run git diff --name-only 2a89426e01956549e700ff6b8d63c4347dfef79d f60fd876726d36930d983d6e1f869e680d96de77 > files-in-commit.txt	2025-04-02T09:44:09.5432294Z [36;1m          # Lanzamos el lint del fichero[0m
job-core	Run git diff --name-only 2a89426e01956549e700ff6b8d63c4347dfef79d f60fd876726d36930d983d6e1f869e680d96de77 > files-in-commit.txt	2025-04-02T09:44:09.5432860Z [36;1m          RNNUMBER=$(echo "refs/heads/H215-modulo-de-summary" | grep -o '[0-9]*')[0m
job-core	Run git diff --name-only 2a89426e01956549e700ff6b8d63c4347dfef79d f60fd876726d36930d983d6e1f869e680d96de77 > files-in-commit.txt	2025-04-02T09:44:09.5433462Z [36;1m          echo "El numero de la issue es: $RNNUMBER"[0m
job-core	Run git diff --name-only 2a89426e01956549e700ff6b8d63c4347dfef79d f60fd876726d36930d983d6e1f869e680d96de77 > files-in-commit.txt	2025-04-02T09:44:09.5434859Z [36;1m          gh workflow run $file_module --ref refs/heads/H215-modulo-de-summary -f kaos-origin=14216470390 -f kaos-files=$line -f kaos-issue-id=$RNNUMBER -f kaos-user-start=***[0m
job-core	Run git diff --name-only 2a89426e01956549e700ff6b8d63c4347dfef79d f60fd876726d36930d983d6e1f869e680d96de77 > files-in-commit.txt	2025-04-02T09:44:09.5435847Z [36;1m          module_failed=0[0m
job-core	Run git diff --name-only 2a89426e01956549e700ff6b8d63c4347dfef79d f60fd876726d36930d983d6e1f869e680d96de77 > files-in-commit.txt	2025-04-02T09:44:09.5436210Z [36;1m          extension_failed=0[0m
job-core	Run git diff --name-only 2a89426e01956549e700ff6b8d63c4347dfef79d f60fd876726d36930d983d6e1f869e680d96de77 > files-in-commit.txt	2025-04-02T09:44:09.5436564Z [36;1m          break[0m
job-core	Run git diff --name-only 2a89426e01956549e700ff6b8d63c4347dfef79d f60fd876726d36930d983d6e1f869e680d96de77 > files-in-commit.txt	2025-04-02T09:44:09.5436865Z [36;1m        else[0m
job-core	Run git diff --name-only 2a89426e01956549e700ff6b8d63c4347dfef79d f60fd876726d36930d983d6e1f869e680d96de77 > files-in-commit.txt	2025-04-02T09:44:09.5437255Z [36;1m          # Control de si existe el modulo para esa extension"[0m
job-core	Run git diff --name-only 2a89426e01956549e700ff6b8d63c4347dfef79d f60fd876726d36930d983d6e1f869e680d96de77 > files-in-commit.txt	2025-04-02T09:44:09.5437950Z [36;1m          echo "VI No es igual $file_module a $module y lo indicamos en la variable module_failed=1"[0m
job-core	Run git diff --name-only 2a89426e01956549e700ff6b8d63c4347dfef79d f60fd876726d36930d983d6e1f869e680d96de77 > files-in-commit.txt	2025-04-02T09:44:09.5438545Z [36;1m          module_failed=1[0m
job-core	Run git diff --name-only 2a89426e01956549e700ff6b8d63c4347dfef79d f60fd876726d36930d983d6e1f869e680d96de77 > files-in-commit.txt	2025-04-02T09:44:09.5438881Z [36;1m        fi[0m
job-core	Run git diff --name-only 2a89426e01956549e700ff6b8d63c4347dfef79d f60fd876726d36930d983d6e1f869e680d96de77 > files-in-commit.txt	2025-04-02T09:44:09.5439164Z [36;1m      done[0m
job-core	Run git diff --name-only 2a89426e01956549e700ff6b8d63c4347dfef79d f60fd876726d36930d983d6e1f869e680d96de77 > files-in-commit.txt	2025-04-02T09:44:09.5439441Z [36;1m      break[0m
job-core	Run git diff --name-only 2a89426e01956549e700ff6b8d63c4347dfef79d f60fd876726d36930d983d6e1f869e680d96de77 > files-in-commit.txt	2025-04-02T09:44:09.5439719Z [36;1m    else[0m
job-core	Run git diff --name-only 2a89426e01956549e700ff6b8d63c4347dfef79d f60fd876726d36930d983d6e1f869e680d96de77 > files-in-commit.txt	2025-04-02T09:44:09.5440182Z [36;1m      # Control de si existe el modulo para esa extension"[0m
job-core	Run git diff --name-only 2a89426e01956549e700ff6b8d63c4347dfef79d f60fd876726d36930d983d6e1f869e680d96de77 > files-in-commit.txt	2025-04-02T09:44:09.5440884Z [36;1m      echo "VII No es igual $file_extension a $file y lo indicamos en la variable extension_failed=1"[0m
job-core	Run git diff --name-only 2a89426e01956549e700ff6b8d63c4347dfef79d f60fd876726d36930d983d6e1f869e680d96de77 > files-in-commit.txt	2025-04-02T09:44:09.5441747Z [36;1m      extension_failed=1[0m
job-core	Run git diff --name-only 2a89426e01956549e700ff6b8d63c4347dfef79d f60fd876726d36930d983d6e1f869e680d96de77 > files-in-commit.txt	2025-04-02T09:44:09.5442086Z [36;1m    fi  [0m
job-core	Run git diff --name-only 2a89426e01956549e700ff6b8d63c4347dfef79d f60fd876726d36930d983d6e1f869e680d96de77 > files-in-commit.txt	2025-04-02T09:44:09.5450412Z [36;1m  done[0m
job-core	Run git diff --name-only 2a89426e01956549e700ff6b8d63c4347dfef79d f60fd876726d36930d983d6e1f869e680d96de77 > files-in-commit.txt	2025-04-02T09:44:09.5450755Z [36;1m  if [[ $module_failed == 1 ]]; then[0m
job-core	Run git diff --name-only 2a89426e01956549e700ff6b8d63c4347dfef79d f60fd876726d36930d983d6e1f869e680d96de77 > files-in-commit.txt	2025-04-02T09:44:09.5451367Z [36;1m    echo "IX Si el modulo falla ($module_failed) añadimos el comentario a la issue"[0m
job-core	Run git diff --name-only 2a89426e01956549e700ff6b8d63c4347dfef79d f60fd876726d36930d983d6e1f869e680d96de77 > files-in-commit.txt	2025-04-02T09:44:09.5452434Z [36;1m    # Si hemos llegado hasta aquí añadimos el mensaje de que la extension esta permitida pero no dispone de modulo activo y aqui finaliza el proceso[0m
job-core	Run git diff --name-only 2a89426e01956549e700ff6b8d63c4347dfef79d f60fd876726d36930d983d6e1f869e680d96de77 > files-in-commit.txt	2025-04-02T09:44:09.5453348Z [36;1m    # Añadimos los valores a las variables de la issue[0m
job-core	Run git diff --name-only 2a89426e01956549e700ff6b8d63c4347dfef79d f60fd876726d36930d983d6e1f869e680d96de77 > files-in-commit.txt	2025-04-02T09:44:09.5454583Z [36;1m    KAOS_ISSUE_BODY="[Ka0S] kaos ha detectado que la extensión ($file_extension) esta permitida dentro de KAOS_CORE_FILES, pero el módulo asociado ($file_module) no esta activo. Por favor compruebe que exista y esta activo."[0m
job-core	Run git diff --name-only 2a89426e01956549e700ff6b8d63c4347dfef79d f60fd876726d36930d983d6e1f869e680d96de77 > files-in-commit.txt	2025-04-02T09:44:09.5455775Z [36;1m    # Añadimos el comentario a la issue[0m
job-core	Run git diff --name-only 2a89426e01956549e700ff6b8d63c4347dfef79d f60fd876726d36930d983d6e1f869e680d96de77 > files-in-commit.txt	2025-04-02T09:44:09.5456360Z [36;1m    RNNUMBER=$(echo "refs/heads/H215-modulo-de-summary" | grep -o '[0-9]*')[0m
job-core	Run git diff --name-only 2a89426e01956549e700ff6b8d63c4347dfef79d f60fd876726d36930d983d6e1f869e680d96de77 > files-in-commit.txt	2025-04-02T09:44:09.5456992Z [36;1m    gh issue comment $RNNUMBER --body "$KAOS_ISSUE_BODY"[0m
job-core	Run git diff --name-only 2a89426e01956549e700ff6b8d63c4347dfef79d f60fd876726d36930d983d6e1f869e680d96de77 > files-in-commit.txt	2025-04-02T09:44:09.5457429Z [36;1m  fi[0m
job-core	Run git diff --name-only 2a89426e01956549e700ff6b8d63c4347dfef79d f60fd876726d36930d983d6e1f869e680d96de77 > files-in-commit.txt	2025-04-02T09:44:09.5457740Z [36;1m  if [[ $extension_failed == 1 ]]; then[0m
job-core	Run git diff --name-only 2a89426e01956549e700ff6b8d63c4347dfef79d f60fd876726d36930d983d6e1f869e680d96de77 > files-in-commit.txt	2025-04-02T09:44:09.5458361Z [36;1m    echo "X Si extension falla falla ($extension_failed) añadimos el comentario a la issue"[0m
job-core	Run git diff --name-only 2a89426e01956549e700ff6b8d63c4347dfef79d f60fd876726d36930d983d6e1f869e680d96de77 > files-in-commit.txt	2025-04-02T09:44:09.5459201Z [36;1m    # Si hemos llegado hasta aquí añadimos el mensaje de que la extension no esta permitida[0m
job-core	Run git diff --name-only 2a89426e01956549e700ff6b8d63c4347dfef79d f60fd876726d36930d983d6e1f869e680d96de77 > files-in-commit.txt	2025-04-02T09:44:09.5459880Z [36;1m    # Añadimos los valores a las variables de la issue[0m
job-core	Run git diff --name-only 2a89426e01956549e700ff6b8d63c4347dfef79d f60fd876726d36930d983d6e1f869e680d96de77 > files-in-commit.txt	2025-04-02T09:44:09.5460938Z [36;1m    KAOS_ISSUE_BODY="[Ka0S] kaos ha detectado que la extensión ($file_extension) NO esta permitida dentro de KAOS_CORE_FILES. Por favor compruebe que exista y esta activo."[0m
job-core	Run git diff --name-only 2a89426e01956549e700ff6b8d63c4347dfef79d f60fd876726d36930d983d6e1f869e680d96de77 > files-in-commit.txt	2025-04-02T09:44:09.5462001Z [36;1m    # Añadimos el comentario a la issue[0m
job-core	Run git diff --name-only 2a89426e01956549e700ff6b8d63c4347dfef79d f60fd876726d36930d983d6e1f869e680d96de77 > files-in-commit.txt	2025-04-02T09:44:09.5462601Z [36;1m    RNNUMBER=$(echo "refs/heads/H215-modulo-de-summary" | grep -o '[0-9]*')[0m
job-core	Run git diff --name-only 2a89426e01956549e700ff6b8d63c4347dfef79d f60fd876726d36930d983d6e1f869e680d96de77 > files-in-commit.txt	2025-04-02T09:44:09.5463235Z [36;1m    gh issue comment $RNNUMBER --body "$KAOS_ISSUE_BODY"[0m
job-core	Run git diff --name-only 2a89426e01956549e700ff6b8d63c4347dfef79d f60fd876726d36930d983d6e1f869e680d96de77 > files-in-commit.txt	2025-04-02T09:44:09.5463673Z [36;1m  fi  [0m
job-core	Run git diff --name-only 2a89426e01956549e700ff6b8d63c4347dfef79d f60fd876726d36930d983d6e1f869e680d96de77 > files-in-commit.txt	2025-04-02T09:44:09.5463978Z [36;1mdone < files-in-commit.txt      [0m
job-core	Run git diff --name-only 2a89426e01956549e700ff6b8d63c4347dfef79d f60fd876726d36930d983d6e1f869e680d96de77 > files-in-commit.txt	2025-04-02T09:44:09.5473961Z shell: /usr/bin/bash -e {0}
job-core	Run git diff --name-only 2a89426e01956549e700ff6b8d63c4347dfef79d f60fd876726d36930d983d6e1f869e680d96de77 > files-in-commit.txt	2025-04-02T09:44:09.5474501Z env:
job-core	Run git diff --name-only 2a89426e01956549e700ff6b8d63c4347dfef79d f60fd876726d36930d983d6e1f869e680d96de77 > files-in-commit.txt	2025-04-02T09:44:09.5474812Z   KAOS_CODE: 14216470390
job-core	Run git diff --name-only 2a89426e01956549e700ff6b8d63c4347dfef79d f60fd876726d36930d983d6e1f869e680d96de77 > files-in-commit.txt	2025-04-02T09:44:09.5475125Z   KAOS_EVENT_NAME: push
job-core	Run git diff --name-only 2a89426e01956549e700ff6b8d63c4347dfef79d f60fd876726d36930d983d6e1f869e680d96de77 > files-in-commit.txt	2025-04-02T09:44:09.5475419Z   KAOS_ACTION: 
job-core	Run git diff --name-only 2a89426e01956549e700ff6b8d63c4347dfef79d f60fd876726d36930d983d6e1f869e680d96de77 > files-in-commit.txt	2025-04-02T09:44:09.5475733Z   KAOS_REF: refs/heads/H215-modulo-de-summary
job-core	Run git diff --name-only 2a89426e01956549e700ff6b8d63c4347dfef79d f60fd876726d36930d983d6e1f869e680d96de77 > files-in-commit.txt	2025-04-02T09:44:09.5476128Z   KAOS_MODULE: [Ka0S] kaos
job-core	Run git diff --name-only 2a89426e01956549e700ff6b8d63c4347dfef79d f60fd876726d36930d983d6e1f869e680d96de77 > files-in-commit.txt	2025-04-02T09:44:09.5476456Z   KAOS_PATH_RESUME: core/results/k/
job-core	Run git diff --name-only 2a89426e01956549e700ff6b8d63c4347dfef79d f60fd876726d36930d983d6e1f869e680d96de77 > files-in-commit.txt	2025-04-02T09:44:09.5476823Z   KAOS_JSON: core/results/event_data_
job-core	Run git diff --name-only 2a89426e01956549e700ff6b8d63c4347dfef79d f60fd876726d36930d983d6e1f869e680d96de77 > files-in-commit.txt	2025-04-02T09:44:09.5477280Z   KAOS_ACTOR: ***
job-core	Run git diff --name-only 2a89426e01956549e700ff6b8d63c4347dfef79d f60fd876726d36930d983d6e1f869e680d96de77 > files-in-commit.txt	2025-04-02T09:44:09.5477565Z   GITHUB_OUTPUT: 
job-core	Run git diff --name-only 2a89426e01956549e700ff6b8d63c4347dfef79d f60fd876726d36930d983d6e1f869e680d96de77 > files-in-commit.txt	2025-04-02T09:44:09.5477887Z   GITHUB_REF: refs/heads/H215-modulo-de-summary
job-core	Run git diff --name-only 2a89426e01956549e700ff6b8d63c4347dfef79d f60fd876726d36930d983d6e1f869e680d96de77 > files-in-commit.txt	2025-04-02T09:44:09.5478372Z   modules: ***
job-core	Run git diff --name-only 2a89426e01956549e700ff6b8d63c4347dfef79d f60fd876726d36930d983d6e1f869e680d96de77 > files-in-commit.txt	2025-04-02T09:44:09.5478665Z   files: ***
job-core	Run git diff --name-only 2a89426e01956549e700ff6b8d63c4347dfef79d f60fd876726d36930d983d6e1f869e680d96de77 > files-in-commit.txt	2025-04-02T09:44:09.5479130Z   GH_TOKEN: ***
job-core	Run git diff --name-only 2a89426e01956549e700ff6b8d63c4347dfef79d f60fd876726d36930d983d6e1f869e680d96de77 > files-in-commit.txt	2025-04-02T09:44:09.5479399Z ##[endgroup]
job-core	Run git diff --name-only 2a89426e01956549e700ff6b8d63c4347dfef79d f60fd876726d36930d983d6e1f869e680d96de77 > files-in-commit.txt	2025-04-02T09:44:09.5569322Z core/outputs/w/workflows-available-14216407020.json
job-core	Run git diff --name-only 2a89426e01956549e700ff6b8d63c4347dfef79d f60fd876726d36930d983d6e1f869e680d96de77 > files-in-commit.txt	2025-04-02T09:44:09.5570922Z core/outputs/w/workflows-runs-14216407020.json
job-core	Run git diff --name-only 2a89426e01956549e700ff6b8d63c4347dfef79d f60fd876726d36930d983d6e1f869e680d96de77 > files-in-commit.txt	2025-04-02T09:44:09.5575365Z Skipping file in outputs directory: core/outputs/w/workflows-available-14216407020.json
job-core	Run git diff --name-only 2a89426e01956549e700ff6b8d63c4347dfef79d f60fd876726d36930d983d6e1f869e680d96de77 > files-in-commit.txt	2025-04-02T09:44:09.5577482Z Skipping file in outputs directory: core/outputs/w/workflows-runs-14216407020.json
job-core	Post Checkout code	﻿2025-04-02T09:44:09.5674521Z Post job cleanup.
job-core	Post Checkout code	2025-04-02T09:44:09.7021604Z [command]/usr/bin/git version
job-core	Post Checkout code	2025-04-02T09:44:09.7073452Z git version 2.48.1
job-core	Post Checkout code	2025-04-02T09:44:09.7136159Z Copying '/home/kaos/.gitconfig' to '/actions-runner/_work/_temp/9b15d4a4-f636-41ef-950a-3dbe10b01596/.gitconfig'
job-core	Post Checkout code	2025-04-02T09:44:09.7160919Z Temporarily overriding HOME='/actions-runner/_work/_temp/9b15d4a4-f636-41ef-950a-3dbe10b01596' before making global git config changes
job-core	Post Checkout code	2025-04-02T09:44:09.7163170Z Adding repository directory to the temporary git global config as a safe directory
job-core	Post Checkout code	2025-04-02T09:44:09.7173983Z [command]/usr/bin/git config --global --add safe.directory /actions-runner/_work/ka0s/ka0s
job-core	Post Checkout code	2025-04-02T09:44:09.7239682Z [command]/usr/bin/git config --local --name-only --get-regexp core\.sshCommand
job-core	Post Checkout code	2025-04-02T09:44:09.7320372Z [command]/usr/bin/git submodule foreach --recursive sh -c "git config --local --name-only --get-regexp 'core\.sshCommand' && git config --local --unset-all 'core.sshCommand' || :"
job-core	Post Checkout code	2025-04-02T09:44:09.7761737Z [command]/usr/bin/git config --local --name-only --get-regexp http\.https\:\/\/github\.com\/\.extraheader
job-core	Post Checkout code	2025-04-02T09:44:09.7798582Z http.https://github.com/.extraheader
job-core	Post Checkout code	2025-04-02T09:44:09.7821596Z [command]/usr/bin/git config --local --unset-all http.https://github.com/.extraheader
job-core	Post Checkout code	2025-04-02T09:44:09.7880493Z [command]/usr/bin/git submodule foreach --recursive sh -c "git config --local --name-only --get-regexp 'http\.https\:\/\/github\.com\/\.extraheader' && git config --local --unset-all 'http.https://github.com/.extraheader' || :"
job-core	Complete job	﻿2025-04-02T09:44:09.8467188Z Cleaning up orphan processes
handle-success	Set up job	﻿2025-04-02T09:45:37.4325750Z Current runner version: '2.323.0'
handle-success	Set up job	2025-04-02T09:45:37.4337227Z Runner name: 'ka0s-1'
handle-success	Set up job	2025-04-02T09:45:37.4338535Z Machine name: '419612ea1a87'
handle-success	Set up job	2025-04-02T09:45:37.4342583Z ##[group]GITHUB_TOKEN Permissions
handle-success	Set up job	2025-04-02T09:45:37.4346019Z Contents: read
handle-success	Set up job	2025-04-02T09:45:37.4346821Z Metadata: read
handle-success	Set up job	2025-04-02T09:45:37.4347585Z Packages: read
handle-success	Set up job	2025-04-02T09:45:37.4348433Z ##[endgroup]
handle-success	Set up job	2025-04-02T09:45:37.4351977Z Secret source: Actions
handle-success	Set up job	2025-04-02T09:45:37.4353112Z Prepare workflow directory
handle-success	Set up job	2025-04-02T09:45:37.5403313Z Prepare all required actions
handle-success	Set up job	2025-04-02T09:45:37.5461097Z Getting action download info
handle-success	Set up job	2025-04-02T09:45:38.3116854Z Download action repository 'actions/checkout@v4' (SHA:11bd71901bbe5b1630ceea73d27597364c9af683)
handle-success	Set up job	2025-04-02T09:45:41.1042873Z Complete job name: handle-success
handle-success	Checkout code	﻿2025-04-02T09:45:41.1643098Z ##[group]Run actions/checkout@v4
handle-success	Checkout code	2025-04-02T09:45:41.1644455Z with:
handle-success	Checkout code	2025-04-02T09:45:41.1645553Z   fetch-depth: 0
handle-success	Checkout code	2025-04-02T09:45:41.1646746Z   token: ***
handle-success	Checkout code	2025-04-02T09:45:41.1647085Z   repository: Ka0s-Klaus/ka0s
handle-success	Checkout code	2025-04-02T09:45:41.1647523Z   ssh-strict: true
handle-success	Checkout code	2025-04-02T09:45:41.1647888Z   ssh-user: git
handle-success	Checkout code	2025-04-02T09:45:41.1648210Z   persist-credentials: true
handle-success	Checkout code	2025-04-02T09:45:41.1648567Z   clean: true
handle-success	Checkout code	2025-04-02T09:45:41.1648882Z   sparse-checkout-cone-mode: true
handle-success	Checkout code	2025-04-02T09:45:41.1649264Z   fetch-tags: false
handle-success	Checkout code	2025-04-02T09:45:41.1649578Z   show-progress: true
handle-success	Checkout code	2025-04-02T09:45:41.1649890Z   lfs: false
handle-success	Checkout code	2025-04-02T09:45:41.1650670Z   submodules: false
handle-success	Checkout code	2025-04-02T09:45:41.1651147Z   set-safe-directory: true
handle-success	Checkout code	2025-04-02T09:45:41.1652036Z env:
handle-success	Checkout code	2025-04-02T09:45:41.1652338Z   KAOS_CODE: 14216470390
handle-success	Checkout code	2025-04-02T09:45:41.1652676Z   KAOS_EVENT_NAME: push
handle-success	Checkout code	2025-04-02T09:45:41.1652996Z   KAOS_ACTION: 
handle-success	Checkout code	2025-04-02T09:45:41.1653331Z   KAOS_REF: refs/heads/H215-modulo-de-summary
handle-success	Checkout code	2025-04-02T09:45:41.1653761Z   KAOS_MODULE: [Ka0S] kaos
handle-success	Checkout code	2025-04-02T09:45:41.1654171Z   KAOS_PATH_RESUME: core/results/k/
handle-success	Checkout code	2025-04-02T09:45:41.1654574Z   KAOS_JSON: core/results/event_data_
handle-success	Checkout code	2025-04-02T09:45:41.1654967Z   KAOS_ACTOR: ka0score
handle-success	Checkout code	2025-04-02T09:45:41.1655297Z ##[endgroup]
handle-success	Checkout code	2025-04-02T09:45:41.3191198Z Syncing repository: Ka0s-Klaus/ka0s
handle-success	Checkout code	2025-04-02T09:45:41.3193403Z ##[group]Getting Git version info
handle-success	Checkout code	2025-04-02T09:45:41.3194026Z Working directory is '/actions-runner/_work/ka0s/ka0s'
handle-success	Checkout code	2025-04-02T09:45:41.3194912Z [command]/usr/bin/git version
handle-success	Checkout code	2025-04-02T09:45:41.3195397Z git version 2.48.1
handle-success	Checkout code	2025-04-02T09:45:41.3226842Z ##[endgroup]
handle-success	Checkout code	2025-04-02T09:45:41.3248947Z Copying '/home/kaos/.gitconfig' to '/actions-runner/_work/_temp/8c87da25-a8c5-4dd9-8953-ca6b22dcaacf/.gitconfig'
handle-success	Checkout code	2025-04-02T09:45:41.3280742Z Temporarily overriding HOME='/actions-runner/_work/_temp/8c87da25-a8c5-4dd9-8953-ca6b22dcaacf' before making global git config changes
handle-success	Checkout code	2025-04-02T09:45:41.3283182Z Adding repository directory to the temporary git global config as a safe directory
handle-success	Checkout code	2025-04-02T09:45:41.3288647Z [command]/usr/bin/git config --global --add safe.directory /actions-runner/_work/ka0s/ka0s
handle-success	Checkout code	2025-04-02T09:45:41.3367523Z [command]/usr/bin/git config --local --get remote.origin.url
handle-success	Checkout code	2025-04-02T09:45:41.3414395Z https://github.com/Ka0s-Klaus/ka0s
handle-success	Checkout code	2025-04-02T09:45:41.3441937Z ##[group]Removing previously created refs, to avoid conflicts
handle-success	Checkout code	2025-04-02T09:45:41.3448875Z [command]/usr/bin/git rev-parse --symbolic-full-name --verify --quiet HEAD
handle-success	Checkout code	2025-04-02T09:45:41.3483271Z refs/heads/H220-web-de-resultados
handle-success	Checkout code	2025-04-02T09:45:41.3522153Z [command]/usr/bin/git checkout --detach
handle-success	Checkout code	2025-04-02T09:45:41.3628422Z HEAD is now at 4ce18c8 [Ka0S] Uploading resume execution files to the repository...
handle-success	Checkout code	2025-04-02T09:45:41.3708697Z [command]/usr/bin/git branch --delete --force H220-web-de-resultados
handle-success	Checkout code	2025-04-02T09:45:41.3766873Z Deleted branch H220-web-de-resultados (was 4ce18c8).
handle-success	Checkout code	2025-04-02T09:45:41.3883409Z ##[endgroup]
handle-success	Checkout code	2025-04-02T09:45:41.3884206Z [command]/usr/bin/git submodule status
handle-success	Checkout code	2025-04-02T09:45:41.4316576Z ##[group]Cleaning the repository
handle-success	Checkout code	2025-04-02T09:45:41.4327619Z [command]/usr/bin/git clean -ffdx
handle-success	Checkout code	2025-04-02T09:45:41.4423076Z [command]/usr/bin/git reset --hard HEAD
handle-success	Checkout code	2025-04-02T09:45:41.4614139Z HEAD is now at 4ce18c8 [Ka0S] Uploading resume execution files to the repository...
handle-success	Checkout code	2025-04-02T09:45:41.4624543Z ##[endgroup]
handle-success	Checkout code	2025-04-02T09:45:41.4627055Z ##[group]Disabling automatic garbage collection
handle-success	Checkout code	2025-04-02T09:45:41.4634780Z [command]/usr/bin/git config --local gc.auto 0
handle-success	Checkout code	2025-04-02T09:45:41.4690853Z ##[endgroup]
handle-success	Checkout code	2025-04-02T09:45:41.4691568Z ##[group]Setting up auth
handle-success	Checkout code	2025-04-02T09:45:41.4706168Z [command]/usr/bin/git config --local --name-only --get-regexp core\.sshCommand
handle-success	Checkout code	2025-04-02T09:45:41.4767575Z [command]/usr/bin/git submodule foreach --recursive sh -c "git config --local --name-only --get-regexp 'core\.sshCommand' && git config --local --unset-all 'core.sshCommand' || :"
handle-success	Checkout code	2025-04-02T09:45:41.5180931Z [command]/usr/bin/git config --local --name-only --get-regexp http\.https\:\/\/github\.com\/\.extraheader
handle-success	Checkout code	2025-04-02T09:45:41.5236193Z [command]/usr/bin/git submodule foreach --recursive sh -c "git config --local --name-only --get-regexp 'http\.https\:\/\/github\.com\/\.extraheader' && git config --local --unset-all 'http.https://github.com/.extraheader' || :"
handle-success	Checkout code	2025-04-02T09:45:41.5665024Z [command]/usr/bin/git config --local http.https://github.com/.extraheader AUTHORIZATION: basic ***
handle-success	Checkout code	2025-04-02T09:45:41.5736674Z ##[endgroup]
handle-success	Checkout code	2025-04-02T09:45:41.5738431Z ##[group]Fetching the repository
handle-success	Checkout code	2025-04-02T09:45:41.5750486Z [command]/usr/bin/git -c protocol.version=2 fetch --prune --no-recurse-submodules origin +refs/heads/*:refs/remotes/origin/* +refs/tags/*:refs/tags/*
handle-success	Checkout code	2025-04-02T09:45:42.4784366Z [command]/usr/bin/git branch --list --remote origin/H215-modulo-de-summary
handle-success	Checkout code	2025-04-02T09:45:42.4826792Z   origin/H215-modulo-de-summary
handle-success	Checkout code	2025-04-02T09:45:42.4841174Z [command]/usr/bin/git rev-parse refs/remotes/origin/H215-modulo-de-summary
handle-success	Checkout code	2025-04-02T09:45:42.4881934Z ab6278b54551f29c2343f646aa9f6650fa606c25
handle-success	Checkout code	2025-04-02T09:45:42.4902174Z [command]/usr/bin/git -c protocol.version=2 fetch --no-tags --prune --no-recurse-submodules origin +f60fd876726d36930d983d6e1f869e680d96de77:refs/remotes/origin/H215-modulo-de-summary
handle-success	Checkout code	2025-04-02T09:45:43.2733445Z From https://github.com/Ka0s-Klaus/ka0s
handle-success	Checkout code	2025-04-02T09:45:43.2739379Z  + ab6278b...f60fd87 f60fd876726d36930d983d6e1f869e680d96de77 -> origin/H215-modulo-de-summary  (forced update)
handle-success	Checkout code	2025-04-02T09:45:43.2966878Z ##[endgroup]
handle-success	Checkout code	2025-04-02T09:45:43.2969586Z ##[group]Determining the checkout info
handle-success	Checkout code	2025-04-02T09:45:43.2974315Z ##[endgroup]
handle-success	Checkout code	2025-04-02T09:45:43.2995988Z [command]/usr/bin/git sparse-checkout disable
handle-success	Checkout code	2025-04-02T09:45:43.3207981Z [command]/usr/bin/git config --local --unset-all extensions.worktreeConfig
handle-success	Checkout code	2025-04-02T09:45:43.3276159Z ##[group]Checking out the ref
handle-success	Checkout code	2025-04-02T09:45:43.3285967Z [command]/usr/bin/git checkout --progress --force -B H215-modulo-de-summary refs/remotes/origin/H215-modulo-de-summary
handle-success	Checkout code	2025-04-02T09:45:43.3516203Z Previous HEAD position was 4ce18c8 [Ka0S] Uploading resume execution files to the repository...
handle-success	Checkout code	2025-04-02T09:45:43.3528952Z Switched to a new branch 'H215-modulo-de-summary'
handle-success	Checkout code	2025-04-02T09:45:43.3535185Z branch 'H215-modulo-de-summary' set up to track 'origin/H215-modulo-de-summary'.
handle-success	Checkout code	2025-04-02T09:45:43.3546929Z ##[endgroup]
handle-success	Checkout code	2025-04-02T09:45:43.3607786Z [command]/usr/bin/git log -1 --format=%H
handle-success	Checkout code	2025-04-02T09:45:43.3648401Z f60fd876726d36930d983d6e1f869e680d96de77
handle-success	handle-success-execution	﻿2025-04-02T09:45:43.3935104Z ##[group]Run # Si todo ha ido correcto añadimos el contenido del fichero 
handle-success	handle-success-execution	2025-04-02T09:45:43.3935966Z [36;1m# Si todo ha ido correcto añadimos el contenido del fichero [0m
handle-success	handle-success-execution	2025-04-02T09:45:43.3936644Z [36;1mRNNUMBER=$(echo "refs/heads/H215-modulo-de-summary" | grep -o '[0-9]*')[0m
handle-success	handle-success-execution	2025-04-02T09:45:43.3937755Z [36;1mgh issue comment $RNNUMBER --body "El proceso ha finalizado correctamente 14216470390. El resultado está en el fichero core/results/event_data14216470390.log"[0m
handle-success	handle-success-execution	2025-04-02T09:45:43.3953723Z shell: /usr/bin/bash -e {0}
handle-success	handle-success-execution	2025-04-02T09:45:43.3954133Z env:
handle-success	handle-success-execution	2025-04-02T09:45:43.3954415Z   KAOS_CODE: 14216470390
handle-success	handle-success-execution	2025-04-02T09:45:43.3954750Z   KAOS_EVENT_NAME: push
handle-success	handle-success-execution	2025-04-02T09:45:43.3955064Z   KAOS_ACTION: 
handle-success	handle-success-execution	2025-04-02T09:45:43.3955385Z   KAOS_REF: refs/heads/H215-modulo-de-summary
handle-success	handle-success-execution	2025-04-02T09:45:43.3956318Z   KAOS_MODULE: [Ka0S] kaos
handle-success	handle-success-execution	2025-04-02T09:45:43.3956670Z   KAOS_PATH_RESUME: core/results/k/
handle-success	handle-success-execution	2025-04-02T09:45:43.3957051Z   KAOS_JSON: core/results/event_data_
handle-success	handle-success-execution	2025-04-02T09:45:43.3957428Z   KAOS_ACTOR: ka0score
handle-success	handle-success-execution	2025-04-02T09:45:43.3958114Z   GH_TOKEN: ***
handle-success	handle-success-execution	2025-04-02T09:45:43.3958407Z ##[endgroup]
handle-success	handle-success-execution	2025-04-02T09:45:45.1348416Z https://github.com/Ka0s-Klaus/ka0s/issues/215#issuecomment-2772025597
handle-success	Post Checkout code	﻿2025-04-02T09:45:45.1854790Z Post job cleanup.
handle-success	Post Checkout code	2025-04-02T09:45:45.3179756Z [command]/usr/bin/git version
handle-success	Post Checkout code	2025-04-02T09:45:45.3230470Z git version 2.48.1
handle-success	Post Checkout code	2025-04-02T09:45:45.3285259Z Copying '/home/kaos/.gitconfig' to '/actions-runner/_work/_temp/16b1a293-a367-4944-8488-0bd68a3a7f3e/.gitconfig'
handle-success	Post Checkout code	2025-04-02T09:45:45.3304187Z Temporarily overriding HOME='/actions-runner/_work/_temp/16b1a293-a367-4944-8488-0bd68a3a7f3e' before making global git config changes
handle-success	Post Checkout code	2025-04-02T09:45:45.3305471Z Adding repository directory to the temporary git global config as a safe directory
handle-success	Post Checkout code	2025-04-02T09:45:45.3314275Z [command]/usr/bin/git config --global --add safe.directory /actions-runner/_work/ka0s/ka0s
handle-success	Post Checkout code	2025-04-02T09:45:45.3378083Z [command]/usr/bin/git config --local --name-only --get-regexp core\.sshCommand
handle-success	Post Checkout code	2025-04-02T09:45:45.3430706Z [command]/usr/bin/git submodule foreach --recursive sh -c "git config --local --name-only --get-regexp 'core\.sshCommand' && git config --local --unset-all 'core.sshCommand' || :"
handle-success	Post Checkout code	2025-04-02T09:45:45.3848898Z [command]/usr/bin/git config --local --name-only --get-regexp http\.https\:\/\/github\.com\/\.extraheader
handle-success	Post Checkout code	2025-04-02T09:45:45.3886401Z http.https://github.com/.extraheader
handle-success	Post Checkout code	2025-04-02T09:45:45.3905916Z [command]/usr/bin/git config --local --unset-all http.https://github.com/.extraheader
handle-success	Post Checkout code	2025-04-02T09:45:45.3960657Z [command]/usr/bin/git submodule foreach --recursive sh -c "git config --local --name-only --get-regexp 'http\.https\:\/\/github\.com\/\.extraheader' && git config --local --unset-all 'http.https://github.com/.extraheader' || :"
handle-success	Complete job	﻿2025-04-02T09:45:45.4517438Z Cleaning up orphan processes
end-workflow	Set up job	﻿2025-04-02T09:50:05.0542497Z Current runner version: '2.323.0'
end-workflow	Set up job	2025-04-02T09:50:05.0552418Z Runner name: 'ka0s-1'
end-workflow	Set up job	2025-04-02T09:50:05.0553647Z Machine name: '419612ea1a87'
end-workflow	Set up job	2025-04-02T09:50:05.0557108Z ##[group]GITHUB_TOKEN Permissions
end-workflow	Set up job	2025-04-02T09:50:05.0560432Z Contents: read
end-workflow	Set up job	2025-04-02T09:50:05.0561653Z Metadata: read
end-workflow	Set up job	2025-04-02T09:50:05.0562303Z Packages: read
end-workflow	Set up job	2025-04-02T09:50:05.0562955Z ##[endgroup]
end-workflow	Set up job	2025-04-02T09:50:05.0565757Z Secret source: Actions
end-workflow	Set up job	2025-04-02T09:50:05.0566622Z Prepare workflow directory
end-workflow	Set up job	2025-04-02T09:50:05.1507703Z Prepare all required actions
end-workflow	Set up job	2025-04-02T09:50:05.1559793Z Getting action download info
end-workflow	Set up job	2025-04-02T09:50:06.0520734Z Download action repository 'actions/checkout@v4' (SHA:11bd71901bbe5b1630ceea73d27597364c9af683)
end-workflow	Set up job	2025-04-02T09:50:08.0459419Z Complete job name: end-workflow
end-workflow	Checkout code	﻿2025-04-02T09:50:08.1206032Z ##[group]Run actions/checkout@v4
end-workflow	Checkout code	2025-04-02T09:50:08.1207620Z with:
end-workflow	Checkout code	2025-04-02T09:50:08.1208483Z   fetch-depth: 0
end-workflow	Checkout code	2025-04-02T09:50:08.1209818Z   token: ***
end-workflow	Checkout code	2025-04-02T09:50:08.1210785Z   repository: Ka0s-Klaus/ka0s
end-workflow	Checkout code	2025-04-02T09:50:08.1211775Z   ssh-strict: true
end-workflow	Checkout code	2025-04-02T09:50:08.1212589Z   ssh-user: git
end-workflow	Checkout code	2025-04-02T09:50:08.1213408Z   persist-credentials: true
end-workflow	Checkout code	2025-04-02T09:50:08.1214280Z   clean: true
end-workflow	Checkout code	2025-04-02T09:50:08.1215118Z   sparse-checkout-cone-mode: true
end-workflow	Checkout code	2025-04-02T09:50:08.1216049Z   fetch-tags: false
end-workflow	Checkout code	2025-04-02T09:50:08.1216890Z   show-progress: true
end-workflow	Checkout code	2025-04-02T09:50:08.1217805Z   lfs: false
end-workflow	Checkout code	2025-04-02T09:50:08.1218615Z   submodules: false
end-workflow	Checkout code	2025-04-02T09:50:08.1219448Z   set-safe-directory: true
end-workflow	Checkout code	2025-04-02T09:50:08.1221080Z env:
end-workflow	Checkout code	2025-04-02T09:50:08.1221906Z   KAOS_CODE: 14216470390
end-workflow	Checkout code	2025-04-02T09:50:08.1222773Z   KAOS_EVENT_NAME: push
end-workflow	Checkout code	2025-04-02T09:50:08.1223602Z   KAOS_ACTION: 
end-workflow	Checkout code	2025-04-02T09:50:08.1224474Z   KAOS_REF: refs/heads/H215-modulo-de-summary
end-workflow	Checkout code	2025-04-02T09:50:08.1225469Z   KAOS_MODULE: [Ka0S] kaos
end-workflow	Checkout code	2025-04-02T09:50:08.1226520Z   KAOS_PATH_RESUME: core/results/k/
end-workflow	Checkout code	2025-04-02T09:50:08.1227477Z   KAOS_JSON: core/results/event_data_
end-workflow	Checkout code	2025-04-02T09:50:08.1228403Z   KAOS_ACTOR: ka0score
end-workflow	Checkout code	2025-04-02T09:50:08.1229540Z   GH_TOKEN: ***
end-workflow	Checkout code	2025-04-02T09:50:08.1230572Z ##[endgroup]
end-workflow	Checkout code	2025-04-02T09:50:08.2892968Z Syncing repository: Ka0s-Klaus/ka0s
end-workflow	Checkout code	2025-04-02T09:50:08.2897438Z ##[group]Getting Git version info
end-workflow	Checkout code	2025-04-02T09:50:08.2899446Z Working directory is '/actions-runner/_work/ka0s/ka0s'
end-workflow	Checkout code	2025-04-02T09:50:08.2902878Z [command]/usr/bin/git version
end-workflow	Checkout code	2025-04-02T09:50:08.2904366Z git version 2.48.1
end-workflow	Checkout code	2025-04-02T09:50:08.2922057Z ##[endgroup]
end-workflow	Checkout code	2025-04-02T09:50:08.2940226Z Copying '/home/kaos/.gitconfig' to '/actions-runner/_work/_temp/6e8603b2-7731-483a-befb-7e5f3e369169/.gitconfig'
end-workflow	Checkout code	2025-04-02T09:50:08.2958163Z Temporarily overriding HOME='/actions-runner/_work/_temp/6e8603b2-7731-483a-befb-7e5f3e369169' before making global git config changes
end-workflow	Checkout code	2025-04-02T09:50:08.2961916Z Adding repository directory to the temporary git global config as a safe directory
end-workflow	Checkout code	2025-04-02T09:50:08.2980570Z [command]/usr/bin/git config --global --add safe.directory /actions-runner/_work/ka0s/ka0s
end-workflow	Checkout code	2025-04-02T09:50:08.3039902Z [command]/usr/bin/git config --local --get remote.origin.url
end-workflow	Checkout code	2025-04-02T09:50:08.3072954Z https://github.com/Ka0s-Klaus/ka0s
end-workflow	Checkout code	2025-04-02T09:50:08.3140339Z ##[group]Removing previously created refs, to avoid conflicts
end-workflow	Checkout code	2025-04-02T09:50:08.3142252Z [command]/usr/bin/git rev-parse --symbolic-full-name --verify --quiet HEAD
end-workflow	Checkout code	2025-04-02T09:50:08.3146062Z refs/heads/H220-web-de-resultados
end-workflow	Checkout code	2025-04-02T09:50:08.3165861Z [command]/usr/bin/git checkout --detach
end-workflow	Checkout code	2025-04-02T09:50:08.3285682Z HEAD is now at 4ce18c8 [Ka0S] Uploading resume execution files to the repository...
end-workflow	Checkout code	2025-04-02T09:50:08.3353594Z [command]/usr/bin/git branch --delete --force H220-web-de-resultados
end-workflow	Checkout code	2025-04-02T09:50:08.3396879Z Deleted branch H220-web-de-resultados (was 4ce18c8).
end-workflow	Checkout code	2025-04-02T09:50:08.3474292Z ##[endgroup]
end-workflow	Checkout code	2025-04-02T09:50:08.3476277Z [command]/usr/bin/git submodule status
end-workflow	Checkout code	2025-04-02T09:50:08.3856532Z ##[group]Cleaning the repository
end-workflow	Checkout code	2025-04-02T09:50:08.3861688Z [command]/usr/bin/git clean -ffdx
end-workflow	Checkout code	2025-04-02T09:50:08.3934789Z [command]/usr/bin/git reset --hard HEAD
end-workflow	Checkout code	2025-04-02T09:50:08.4121486Z HEAD is now at 4ce18c8 [Ka0S] Uploading resume execution files to the repository...
end-workflow	Checkout code	2025-04-02T09:50:08.4132067Z ##[endgroup]
end-workflow	Checkout code	2025-04-02T09:50:08.4133743Z ##[group]Disabling automatic garbage collection
end-workflow	Checkout code	2025-04-02T09:50:08.4137058Z [command]/usr/bin/git config --local gc.auto 0
end-workflow	Checkout code	2025-04-02T09:50:08.4192067Z ##[endgroup]
end-workflow	Checkout code	2025-04-02T09:50:08.4193521Z ##[group]Setting up auth
end-workflow	Checkout code	2025-04-02T09:50:08.4201875Z [command]/usr/bin/git config --local --name-only --get-regexp core\.sshCommand
end-workflow	Checkout code	2025-04-02T09:50:08.4250580Z [command]/usr/bin/git submodule foreach --recursive sh -c "git config --local --name-only --get-regexp 'core\.sshCommand' && git config --local --unset-all 'core.sshCommand' || :"
end-workflow	Checkout code	2025-04-02T09:50:08.4637690Z [command]/usr/bin/git config --local --name-only --get-regexp http\.https\:\/\/github\.com\/\.extraheader
end-workflow	Checkout code	2025-04-02T09:50:08.4680548Z [command]/usr/bin/git submodule foreach --recursive sh -c "git config --local --name-only --get-regexp 'http\.https\:\/\/github\.com\/\.extraheader' && git config --local --unset-all 'http.https://github.com/.extraheader' || :"
end-workflow	Checkout code	2025-04-02T09:50:08.5092792Z [command]/usr/bin/git config --local http.https://github.com/.extraheader AUTHORIZATION: basic ***
end-workflow	Checkout code	2025-04-02T09:50:08.5158271Z ##[endgroup]
end-workflow	Checkout code	2025-04-02T09:50:08.5159625Z ##[group]Fetching the repository
end-workflow	Checkout code	2025-04-02T09:50:08.5174695Z [command]/usr/bin/git -c protocol.version=2 fetch --prune --no-recurse-submodules origin +refs/heads/*:refs/remotes/origin/* +refs/tags/*:refs/tags/*
end-workflow	Checkout code	2025-04-02T09:50:09.4256912Z [command]/usr/bin/git branch --list --remote origin/H215-modulo-de-summary
end-workflow	Checkout code	2025-04-02T09:50:09.4320932Z   origin/H215-modulo-de-summary
end-workflow	Checkout code	2025-04-02T09:50:09.4339144Z [command]/usr/bin/git rev-parse refs/remotes/origin/H215-modulo-de-summary
end-workflow	Checkout code	2025-04-02T09:50:09.4391766Z ab6278b54551f29c2343f646aa9f6650fa606c25
end-workflow	Checkout code	2025-04-02T09:50:09.4415347Z [command]/usr/bin/git -c protocol.version=2 fetch --no-tags --prune --no-recurse-submodules origin +f60fd876726d36930d983d6e1f869e680d96de77:refs/remotes/origin/H215-modulo-de-summary
end-workflow	Checkout code	2025-04-02T09:50:10.3038872Z From https://github.com/Ka0s-Klaus/ka0s
end-workflow	Checkout code	2025-04-02T09:50:10.3041328Z  + ab6278b...f60fd87 f60fd876726d36930d983d6e1f869e680d96de77 -> origin/H215-modulo-de-summary  (forced update)
end-workflow	Checkout code	2025-04-02T09:50:10.3143890Z ##[endgroup]
end-workflow	Checkout code	2025-04-02T09:50:10.3146816Z ##[group]Determining the checkout info
end-workflow	Checkout code	2025-04-02T09:50:10.3148508Z ##[endgroup]
end-workflow	Checkout code	2025-04-02T09:50:10.3150428Z [command]/usr/bin/git sparse-checkout disable
end-workflow	Checkout code	2025-04-02T09:50:10.3260932Z [command]/usr/bin/git config --local --unset-all extensions.worktreeConfig
end-workflow	Checkout code	2025-04-02T09:50:10.3337398Z ##[group]Checking out the ref
end-workflow	Checkout code	2025-04-02T09:50:10.3338765Z [command]/usr/bin/git checkout --progress --force -B H215-modulo-de-summary refs/remotes/origin/H215-modulo-de-summary
end-workflow	Checkout code	2025-04-02T09:50:10.3565493Z Previous HEAD position was 4ce18c8 [Ka0S] Uploading resume execution files to the repository...
end-workflow	Checkout code	2025-04-02T09:50:10.3578180Z Switched to a new branch 'H215-modulo-de-summary'
end-workflow	Checkout code	2025-04-02T09:50:10.3583699Z branch 'H215-modulo-de-summary' set up to track 'origin/H215-modulo-de-summary'.
end-workflow	Checkout code	2025-04-02T09:50:10.3645696Z ##[endgroup]
end-workflow	Checkout code	2025-04-02T09:50:10.3653289Z [command]/usr/bin/git log -1 --format=%H
end-workflow	Checkout code	2025-04-02T09:50:10.3691000Z f60fd876726d36930d983d6e1f869e680d96de77
end-workflow	Finaliza el workflow	﻿2025-04-02T09:50:10.4020393Z ##[group]Run echo "End process"
end-workflow	Finaliza el workflow	2025-04-02T09:50:10.4021086Z [36;1mecho "End process"[0m
end-workflow	Finaliza el workflow	2025-04-02T09:50:10.4021617Z [36;1mRNNUMBER=$(echo "refs/heads/H215-modulo-de-summary" | grep -o '[0-9]*')[0m
end-workflow	Finaliza el workflow	2025-04-02T09:50:10.4022298Z [36;1mgh issue comment $RNNUMBER --body "Se finaliza Ka0s 14216470390"[0m
end-workflow	Finaliza el workflow	2025-04-02T09:50:10.4023192Z [36;1mgh workflow run inspector.yml --ref 'main' -f kaos-issue-id=$RNNUMBER -f kaos-workflow-id="14216470390" -f kaos-user-start=""[0m
end-workflow	Finaliza el workflow	2025-04-02T09:50:10.4039000Z shell: /usr/bin/bash -e {0}
end-workflow	Finaliza el workflow	2025-04-02T09:50:10.4039389Z env:
end-workflow	Finaliza el workflow	2025-04-02T09:50:10.4039650Z   KAOS_CODE: 14216470390
end-workflow	Finaliza el workflow	2025-04-02T09:50:10.4039968Z   KAOS_EVENT_NAME: push
end-workflow	Finaliza el workflow	2025-04-02T09:50:10.4040799Z   KAOS_ACTION: 
end-workflow	Finaliza el workflow	2025-04-02T09:50:10.4041618Z   KAOS_REF: refs/heads/H215-modulo-de-summary
end-workflow	Finaliza el workflow	2025-04-02T09:50:10.4042031Z   KAOS_MODULE: [Ka0S] kaos
end-workflow	Finaliza el workflow	2025-04-02T09:50:10.4042353Z   KAOS_PATH_RESUME: core/results/k/
end-workflow	Finaliza el workflow	2025-04-02T09:50:10.4042720Z   KAOS_JSON: core/results/event_data_
end-workflow	Finaliza el workflow	2025-04-02T09:50:10.4043081Z   KAOS_ACTOR: ka0score
end-workflow	Finaliza el workflow	2025-04-02T09:50:10.4043713Z   GH_TOKEN: ***
end-workflow	Finaliza el workflow	2025-04-02T09:50:10.4043977Z ##[endgroup]
end-workflow	Finaliza el workflow	2025-04-02T09:50:10.4117057Z End process
end-workflow	Finaliza el workflow	2025-04-02T09:50:12.1747605Z https://github.com/Ka0s-Klaus/ka0s/issues/215#issuecomment-2772037590
end-workflow	Post Checkout code	﻿2025-04-02T09:50:13.3656260Z Post job cleanup.
end-workflow	Post Checkout code	2025-04-02T09:50:13.5034123Z [command]/usr/bin/git version
end-workflow	Post Checkout code	2025-04-02T09:50:13.5084738Z git version 2.48.1
end-workflow	Post Checkout code	2025-04-02T09:50:13.5141053Z Copying '/home/kaos/.gitconfig' to '/actions-runner/_work/_temp/283fddcf-3089-4355-a8a3-2a51253af92d/.gitconfig'
end-workflow	Post Checkout code	2025-04-02T09:50:13.5159946Z Temporarily overriding HOME='/actions-runner/_work/_temp/283fddcf-3089-4355-a8a3-2a51253af92d' before making global git config changes
end-workflow	Post Checkout code	2025-04-02T09:50:13.5161546Z Adding repository directory to the temporary git global config as a safe directory
end-workflow	Post Checkout code	2025-04-02T09:50:13.5168933Z [command]/usr/bin/git config --global --add safe.directory /actions-runner/_work/ka0s/ka0s
end-workflow	Post Checkout code	2025-04-02T09:50:13.5221210Z [command]/usr/bin/git config --local --name-only --get-regexp core\.sshCommand
end-workflow	Post Checkout code	2025-04-02T09:50:13.5283798Z [command]/usr/bin/git submodule foreach --recursive sh -c "git config --local --name-only --get-regexp 'core\.sshCommand' && git config --local --unset-all 'core.sshCommand' || :"
end-workflow	Post Checkout code	2025-04-02T09:50:13.5701127Z [command]/usr/bin/git config --local --name-only --get-regexp http\.https\:\/\/github\.com\/\.extraheader
end-workflow	Post Checkout code	2025-04-02T09:50:13.5742483Z http.https://github.com/.extraheader
end-workflow	Post Checkout code	2025-04-02T09:50:13.5760567Z [command]/usr/bin/git config --local --unset-all http.https://github.com/.extraheader
end-workflow	Post Checkout code	2025-04-02T09:50:13.5814857Z [command]/usr/bin/git submodule foreach --recursive sh -c "git config --local --name-only --get-regexp 'http\.https\:\/\/github\.com\/\.extraheader' && git config --local --unset-all 'http.https://github.com/.extraheader' || :"
end-workflow	Complete job	﻿2025-04-02T09:50:13.6385480Z Cleaning up orphan processes
