job-core	Set up job	﻿2025-04-02T08:00:13.5387891Z Current runner version: '2.323.0'
job-core	Set up job	2025-04-02T08:00:13.5398018Z Runner name: 'ka0s-1'
job-core	Set up job	2025-04-02T08:00:13.5399218Z Machine name: '419612ea1a87'
job-core	Set up job	2025-04-02T08:00:13.5403522Z ##[group]GITHUB_TOKEN Permissions
job-core	Set up job	2025-04-02T08:00:13.5406549Z Actions: write
job-core	Set up job	2025-04-02T08:00:13.5407274Z Contents: write
job-core	Set up job	2025-04-02T08:00:13.5407965Z Issues: write
job-core	Set up job	2025-04-02T08:00:13.5408685Z Metadata: read
job-core	Set up job	2025-04-02T08:00:13.5409353Z PullRequests: write
job-core	Set up job	2025-04-02T08:00:13.5410114Z ##[endgroup]
job-core	Set up job	2025-04-02T08:00:13.5413398Z Secret source: Actions
job-core	Set up job	2025-04-02T08:00:13.5414421Z Prepare workflow directory
job-core	Set up job	2025-04-02T08:00:13.6395473Z Prepare all required actions
job-core	Set up job	2025-04-02T08:00:13.6455472Z Getting action download info
job-core	Set up job	2025-04-02T08:00:14.4017427Z Download action repository 'actions/checkout@v4' (SHA:11bd71901bbe5b1630ceea73d27597364c9af683)
job-core	Set up job	2025-04-02T08:00:16.3251269Z Download action repository 'actions/setup-node@v2' (SHA:7c12f8017d5436eb855f1ed4399f037a36fbd9e8)
job-core	Set up job	2025-04-02T08:00:20.0935264Z Complete job name: job-core
job-core	Checkout code	﻿2025-04-02T08:00:20.1702238Z ##[group]Run actions/checkout@v4
job-core	Checkout code	2025-04-02T08:00:20.1704061Z with:
job-core	Checkout code	2025-04-02T08:00:20.1704949Z   fetch-depth: 0
job-core	Checkout code	2025-04-02T08:00:20.1706505Z   token: ***
job-core	Checkout code	2025-04-02T08:00:20.1707468Z   repository: Ka0s-Klaus/ka0s
job-core	Checkout code	2025-04-02T08:00:20.1708648Z   ssh-strict: true
job-core	Checkout code	2025-04-02T08:00:20.1709604Z   ssh-user: git
job-core	Checkout code	2025-04-02T08:00:20.1710708Z   persist-credentials: true
job-core	Checkout code	2025-04-02T08:00:20.1711804Z   clean: true
job-core	Checkout code	2025-04-02T08:00:20.1740527Z   sparse-checkout-cone-mode: true
job-core	Checkout code	2025-04-02T08:00:20.1741906Z   fetch-tags: false
job-core	Checkout code	2025-04-02T08:00:20.1742978Z   show-progress: true
job-core	Checkout code	2025-04-02T08:00:20.1743948Z   lfs: false
job-core	Checkout code	2025-04-02T08:00:20.1744862Z   submodules: false
job-core	Checkout code	2025-04-02T08:00:20.1745870Z   set-safe-directory: true
job-core	Checkout code	2025-04-02T08:00:20.1747525Z env:
job-core	Checkout code	2025-04-02T08:00:20.1748418Z   KAOS_MODULE: [Ka0S] JSONLINT
job-core	Checkout code	2025-04-02T08:00:20.1750190Z   GH_TOKEN: ***
job-core	Checkout code	2025-04-02T08:00:20.1751346Z   KAOS_JSONLINT_CONFIG: core/config/.jsonlint.json
job-core	Checkout code	2025-04-02T08:00:20.1752810Z   KAOS_PATH_RESUME: core/outputs/j/
job-core	Checkout code	2025-04-02T08:00:20.1754239Z   KAOS_REPO: /actions-runner/_work/kaos/kaos
job-core	Checkout code	2025-04-02T08:00:20.1755541Z   KAOS_STEP_MODULE: 
job-core	Checkout code	2025-04-02T08:00:20.1756522Z   KAOS_CODE: 14214500374
job-core	Checkout code	2025-04-02T08:00:20.1757570Z   KAOS_REF_BRANCH: main
job-core	Checkout code	2025-04-02T08:00:20.1758560Z ##[endgroup]
job-core	Checkout code	2025-04-02T08:00:20.3412530Z Syncing repository: Ka0s-Klaus/ka0s
job-core	Checkout code	2025-04-02T08:00:20.3419448Z ##[group]Getting Git version info
job-core	Checkout code	2025-04-02T08:00:20.3422682Z Working directory is '/actions-runner/_work/ka0s/ka0s'
job-core	Checkout code	2025-04-02T08:00:20.3427565Z [command]/usr/bin/git version
job-core	Checkout code	2025-04-02T08:00:20.3446027Z git version 2.48.1
job-core	Checkout code	2025-04-02T08:00:20.3508123Z ##[endgroup]
job-core	Checkout code	2025-04-02T08:00:20.3529787Z Copying '/home/kaos/.gitconfig' to '/actions-runner/_work/_temp/0b41be27-c82b-4e84-925d-437163a400a8/.gitconfig'
job-core	Checkout code	2025-04-02T08:00:20.3552044Z Temporarily overriding HOME='/actions-runner/_work/_temp/0b41be27-c82b-4e84-925d-437163a400a8' before making global git config changes
job-core	Checkout code	2025-04-02T08:00:20.3560417Z Adding repository directory to the temporary git global config as a safe directory
job-core	Checkout code	2025-04-02T08:00:20.3562864Z [command]/usr/bin/git config --global --add safe.directory /actions-runner/_work/ka0s/ka0s
job-core	Checkout code	2025-04-02T08:00:20.3625734Z [command]/usr/bin/git config --local --get remote.origin.url
job-core	Checkout code	2025-04-02T08:00:20.3676531Z https://github.com/Ka0s-Klaus/ka0s
job-core	Checkout code	2025-04-02T08:00:20.3705888Z ##[group]Removing previously created refs, to avoid conflicts
job-core	Checkout code	2025-04-02T08:00:20.3711928Z [command]/usr/bin/git rev-parse --symbolic-full-name --verify --quiet HEAD
job-core	Checkout code	2025-04-02T08:00:20.3752396Z refs/heads/H220-web-de-resultados
job-core	Checkout code	2025-04-02T08:00:20.3768450Z [command]/usr/bin/git checkout --detach
job-core	Checkout code	2025-04-02T08:00:20.3891012Z HEAD is now at 512fe4f [Ka0S] Uploading resume execution files to the repository...
job-core	Checkout code	2025-04-02T08:00:20.3963755Z [command]/usr/bin/git branch --delete --force H220-web-de-resultados
job-core	Checkout code	2025-04-02T08:00:20.4010323Z Deleted branch H220-web-de-resultados (was 512fe4f).
job-core	Checkout code	2025-04-02T08:00:20.4086446Z ##[endgroup]
job-core	Checkout code	2025-04-02T08:00:20.4088085Z [command]/usr/bin/git submodule status
job-core	Checkout code	2025-04-02T08:00:20.4475718Z ##[group]Cleaning the repository
job-core	Checkout code	2025-04-02T08:00:20.4482770Z [command]/usr/bin/git clean -ffdx
job-core	Checkout code	2025-04-02T08:00:20.4544482Z Removing core/outputs/j/jsonlint-results-14214500235.txt
job-core	Checkout code	2025-04-02T08:00:20.4562887Z [command]/usr/bin/git reset --hard HEAD
job-core	Checkout code	2025-04-02T08:00:20.4739278Z HEAD is now at 512fe4f [Ka0S] Uploading resume execution files to the repository...
job-core	Checkout code	2025-04-02T08:00:20.4749287Z ##[endgroup]
job-core	Checkout code	2025-04-02T08:00:20.4753400Z ##[group]Disabling automatic garbage collection
job-core	Checkout code	2025-04-02T08:00:20.4758712Z [command]/usr/bin/git config --local gc.auto 0
job-core	Checkout code	2025-04-02T08:00:20.4805530Z ##[endgroup]
job-core	Checkout code	2025-04-02T08:00:20.4807044Z ##[group]Setting up auth
job-core	Checkout code	2025-04-02T08:00:20.4812285Z [command]/usr/bin/git config --local --name-only --get-regexp core\.sshCommand
job-core	Checkout code	2025-04-02T08:00:20.4871998Z [command]/usr/bin/git submodule foreach --recursive sh -c "git config --local --name-only --get-regexp 'core\.sshCommand' && git config --local --unset-all 'core.sshCommand' || :"
job-core	Checkout code	2025-04-02T08:00:20.5288090Z [command]/usr/bin/git config --local --name-only --get-regexp http\.https\:\/\/github\.com\/\.extraheader
job-core	Checkout code	2025-04-02T08:00:20.5333064Z [command]/usr/bin/git submodule foreach --recursive sh -c "git config --local --name-only --get-regexp 'http\.https\:\/\/github\.com\/\.extraheader' && git config --local --unset-all 'http.https://github.com/.extraheader' || :"
job-core	Checkout code	2025-04-02T08:00:20.5724879Z [command]/usr/bin/git config --local http.https://github.com/.extraheader AUTHORIZATION: basic ***
job-core	Checkout code	2025-04-02T08:00:20.5782489Z ##[endgroup]
job-core	Checkout code	2025-04-02T08:00:20.5785010Z ##[group]Fetching the repository
job-core	Checkout code	2025-04-02T08:00:20.5796816Z [command]/usr/bin/git -c protocol.version=2 fetch --prune --no-recurse-submodules origin +refs/heads/*:refs/remotes/origin/* +refs/tags/*:refs/tags/*
job-core	Checkout code	2025-04-02T08:00:21.7402077Z From https://github.com/Ka0s-Klaus/ka0s
job-core	Checkout code	2025-04-02T08:00:21.7405055Z    4aed916..5539081  main       -> origin/main
job-core	Checkout code	2025-04-02T08:00:21.7465161Z [command]/usr/bin/git branch --list --remote origin/H220-web-de-resultados
job-core	Checkout code	2025-04-02T08:00:21.7506367Z   origin/H220-web-de-resultados
job-core	Checkout code	2025-04-02T08:00:21.7524768Z [command]/usr/bin/git rev-parse refs/remotes/origin/H220-web-de-resultados
job-core	Checkout code	2025-04-02T08:00:21.7560465Z 512fe4f9dbe0cb6e520007d473f2f352c77438b6
job-core	Checkout code	2025-04-02T08:00:21.7566334Z ##[endgroup]
job-core	Checkout code	2025-04-02T08:00:21.7567281Z ##[group]Determining the checkout info
job-core	Checkout code	2025-04-02T08:00:21.7571223Z ##[endgroup]
job-core	Checkout code	2025-04-02T08:00:21.7578961Z [command]/usr/bin/git sparse-checkout disable
job-core	Checkout code	2025-04-02T08:00:21.7655483Z [command]/usr/bin/git config --local --unset-all extensions.worktreeConfig
job-core	Checkout code	2025-04-02T08:00:21.7699282Z ##[group]Checking out the ref
job-core	Checkout code	2025-04-02T08:00:21.7703414Z [command]/usr/bin/git checkout --progress --force -B H220-web-de-resultados refs/remotes/origin/H220-web-de-resultados
job-core	Checkout code	2025-04-02T08:00:21.7848019Z Switched to a new branch 'H220-web-de-resultados'
job-core	Checkout code	2025-04-02T08:00:21.7854012Z branch 'H220-web-de-resultados' set up to track 'origin/H220-web-de-resultados'.
job-core	Checkout code	2025-04-02T08:00:21.7863602Z ##[endgroup]
job-core	Checkout code	2025-04-02T08:00:21.7920807Z [command]/usr/bin/git log -1 --format=%H
job-core	Checkout code	2025-04-02T08:00:21.7960832Z 512fe4f9dbe0cb6e520007d473f2f352c77438b6
job-core	Install Node.js	﻿2025-04-02T08:00:21.8297174Z ##[group]Run actions/setup-node@v2
job-core	Install Node.js	2025-04-02T08:00:21.8297847Z with:
job-core	Install Node.js	2025-04-02T08:00:21.8298234Z   node-version: 14
job-core	Install Node.js	2025-04-02T08:00:21.8298665Z   always-auth: false
job-core	Install Node.js	2025-04-02T08:00:21.8299102Z   check-latest: false
job-core	Install Node.js	2025-04-02T08:00:21.8299880Z   token: ***
job-core	Install Node.js	2025-04-02T08:00:21.8300436Z env:
job-core	Install Node.js	2025-04-02T08:00:21.8300806Z   KAOS_MODULE: [Ka0S] JSONLINT
job-core	Install Node.js	2025-04-02T08:00:21.8301533Z   GH_TOKEN: ***
job-core	Install Node.js	2025-04-02T08:00:21.8302035Z   KAOS_JSONLINT_CONFIG: core/config/.jsonlint.json
job-core	Install Node.js	2025-04-02T08:00:21.8302699Z   KAOS_PATH_RESUME: core/outputs/j/
job-core	Install Node.js	2025-04-02T08:00:21.8303288Z   KAOS_REPO: /actions-runner/_work/kaos/kaos
job-core	Install Node.js	2025-04-02T08:00:21.8303877Z   KAOS_STEP_MODULE: 
job-core	Install Node.js	2025-04-02T08:00:21.8304323Z   KAOS_CODE: 14214500374
job-core	Install Node.js	2025-04-02T08:00:21.8304772Z   KAOS_REF_BRANCH: main
job-core	Install Node.js	2025-04-02T08:00:21.8305563Z ##[endgroup]
job-core	Install Node.js	2025-04-02T08:00:22.0212657Z Found in cache @ /actions-runner/_work/_tool/node/14.21.3/x64
job-core	Install jsonlint	﻿2025-04-02T08:00:22.0374777Z ##[group]Run if ! command -v jsonlint &> /dev/null; then
job-core	Install jsonlint	2025-04-02T08:00:22.0375474Z [36;1mif ! command -v jsonlint &> /dev/null; then[0m
job-core	Install jsonlint	2025-04-02T08:00:22.0375863Z [36;1m  echo "Installing jsonlint..."[0m
job-core	Install jsonlint	2025-04-02T08:00:22.0376208Z [36;1m  npm install -g jsonlint[0m
job-core	Install jsonlint	2025-04-02T08:00:22.0376508Z [36;1melse[0m
job-core	Install jsonlint	2025-04-02T08:00:22.0376845Z [36;1m  echo "jsonlint already installed, skipping installation"[0m
job-core	Install jsonlint	2025-04-02T08:00:22.0377250Z [36;1mfi[0m
job-core	Install jsonlint	2025-04-02T08:00:22.0377494Z [36;1mmkdir -p core/outputs/j/[0m
job-core	Install jsonlint	2025-04-02T08:00:22.0395272Z shell: /usr/bin/bash -e {0}
job-core	Install jsonlint	2025-04-02T08:00:22.0395948Z env:
job-core	Install jsonlint	2025-04-02T08:00:22.0396513Z   KAOS_MODULE: [Ka0S] JSONLINT
job-core	Install jsonlint	2025-04-02T08:00:22.0397443Z   GH_TOKEN: ***
job-core	Install jsonlint	2025-04-02T08:00:22.0397766Z   KAOS_JSONLINT_CONFIG: core/config/.jsonlint.json
job-core	Install jsonlint	2025-04-02T08:00:22.0398185Z   KAOS_PATH_RESUME: core/outputs/j/
job-core	Install jsonlint	2025-04-02T08:00:22.0398552Z   KAOS_REPO: /actions-runner/_work/kaos/kaos
job-core	Install jsonlint	2025-04-02T08:00:22.0398941Z   KAOS_STEP_MODULE: 
job-core	Install jsonlint	2025-04-02T08:00:22.0399261Z   KAOS_CODE: 14214500374
job-core	Install jsonlint	2025-04-02T08:00:22.0399537Z   KAOS_REF_BRANCH: main
job-core	Install jsonlint	2025-04-02T08:00:22.0399801Z ##[endgroup]
job-core	Install jsonlint	2025-04-02T08:00:22.0488046Z jsonlint already installed, skipping installation
job-core	Check JSON	﻿2025-04-02T08:00:22.0556314Z ##[group]Run # Invocamos la primera comprobación de base, sino se supera el proceso no continua
job-core	Check JSON	2025-04-02T08:00:22.0557356Z [36;1m# Invocamos la primera comprobación de base, sino se supera el proceso no continua[0m
job-core	Check JSON	2025-04-02T08:00:22.0557929Z [36;1m# Extraemos el nombre del fichero[0m
job-core	Check JSON	2025-04-02T08:00:22.0558454Z [36;1mfile_name=$(basename "core/dashboard/dashboard/sections/backLogs.json")[0m
job-core	Check JSON	2025-04-02T08:00:22.0559029Z [36;1m# Generamos el fichero de resultados vacio[0m
job-core	Check JSON	2025-04-02T08:00:22.0559554Z [36;1mtouch core/outputs/j/jsonlint-results-14214500374.txt[0m
job-core	Check JSON	2025-04-02T08:00:22.0560190Z [36;1m# Realizamos el check del documento json [0m
job-core	Check JSON	2025-04-02T08:00:22.0560952Z [36;1mjsonlint core/dashboard/dashboard/sections/backLogs.json > core/outputs/j/jsonlint-results-14214500374.txt[0m
job-core	Check JSON	2025-04-02T08:00:22.0561774Z [36;1m# esto es un workarround importante que hay que retirar[0m
job-core	Check JSON	2025-04-02T08:00:22.0562295Z [36;1m#rm -rf core/outputs/j/jsonlint-results-14214500374.txt[0m
job-core	Check JSON	2025-04-02T08:00:22.0562763Z [36;1m# a retirar[0m
job-core	Check JSON	2025-04-02T08:00:22.0563052Z [36;1m# Check if exist errors in file[0m
job-core	Check JSON	2025-04-02T08:00:22.0563414Z [36;1mecho "Mostramos fichero"[0m
job-core	Check JSON	2025-04-02T08:00:22.0563843Z [36;1mcat core/outputs/j/jsonlint-results-14214500374.txt[0m
job-core	Check JSON	2025-04-02T08:00:22.0564406Z [36;1mif [ ! -s core/outputs/j/jsonlint-results-14214500374.txt ]; then[0m
job-core	Check JSON	2025-04-02T08:00:22.0565186Z [36;1m  echo "File core/outputs/j/jsonlint-results-14214500374.txt is empty and is content correct"[0m
job-core	Check JSON	2025-04-02T08:00:22.0566764Z [36;1m  KAOS_ISSUE_BODY="The [Ka0S] JSONLINT process (14214468485) launch the check (14214500374) over file (core/dashboard/dashboard/sections/backLogs.json) and its result has been SUCCESS. Please review all files implicated in pull request and approve to merge"[0m
job-core	Check JSON	2025-04-02T08:00:22.0568339Z [36;1m  # Añadimos la versión de jsonlint con la que se realiza la comprobacion[0m
job-core	Check JSON	2025-04-02T08:00:22.0569025Z [36;1m  jsonlint --version >> core/outputs/j/jsonlint-results-14214500374.txt[0m
job-core	Check JSON	2025-04-02T08:00:22.0569699Z [36;1m  # añadimos el nombre del fichero que vamos a comprobar[0m
job-core	Check JSON	2025-04-02T08:00:22.0570890Z [36;1m  echo "Finding: core/dashboard/dashboard/sections/backLogs.json" >> core/outputs/j/jsonlint-results-14214500374.txt[0m
job-core	Check JSON	2025-04-02T08:00:22.0667003Z [36;1m  # gh workflow run issue.yaml --ref main -f kaos-issue-title="" -f kaos-issue-body="$KAOS_ISSUE_BODY" -f kaos-issue-actions=comment -f kaos-issue-tag="" -f kaos-issue-id=220[0m
job-core	Check JSON	2025-04-02T08:00:22.0669273Z [36;1m  gh issue comment  220 -F core/outputs/j/jsonlint-results-14214500374.txt[0m
job-core	Check JSON	2025-04-02T08:00:22.0670460Z [36;1melse[0m
job-core	Check JSON	2025-04-02T08:00:22.0670811Z [36;1m  cat core/outputs/j/jsonlint-results-14214500374.txt[0m
job-core	Check JSON	2025-04-02T08:00:22.0673318Z [36;1m  echo "File core/outputs/j/jsonlint-results-14214500374.txt is not empty and is content not correct and write commit info"[0m
job-core	Check JSON	2025-04-02T08:00:22.0674887Z [36;1m  KAOS_ISSUE_BODY="The [Ka0S] JSONLINT process (14214468485) launch the check (14214500374) over file (core/dashboard/dashboard/sections/backLogs.json) and its result has been FAILED, please check and solved it"[0m
job-core	Check JSON	2025-04-02T08:00:22.0676186Z [36;1m  # Añadimos la versión de jsonlint con la que se realiza la comprobacion[0m
job-core	Check JSON	2025-04-02T08:00:22.0676867Z [36;1m  # jsonlint --version || true >> core/outputs/j/jsonlint-results-14214500374.txt[0m
job-core	Check JSON	2025-04-02T08:00:22.0677482Z [36;1m  # añadimos el nombre del fichero que vamos a comprobar[0m
job-core	Check JSON	2025-04-02T08:00:22.0678284Z [36;1m  echo "Finding: core/dashboard/dashboard/sections/backLogs.json" >> core/outputs/j/jsonlint-results-14214500374.txt[0m
job-core	Check JSON	2025-04-02T08:00:22.0679565Z [36;1m  # gh workflow run issue.yaml --ref main -f kaos-issue-title="" -f kaos-issue-body="$KAOS_ISSUE_BODY" -f kaos-issue-actions=comment -f kaos-issue-tag="" -f kaos-issue-id=220 [0m
job-core	Check JSON	2025-04-02T08:00:22.0680871Z [36;1m  gh issue comment  220 -F core/outputs/j/jsonlint-results-14214500374.txt[0m
job-core	Check JSON	2025-04-02T08:00:22.0681367Z [36;1mfi[0m
job-core	Check JSON	2025-04-02T08:00:22.0692773Z shell: /usr/bin/bash -e {0}
job-core	Check JSON	2025-04-02T08:00:22.0693464Z env:
job-core	Check JSON	2025-04-02T08:00:22.0693721Z   KAOS_MODULE: [Ka0S] JSONLINT
job-core	Check JSON	2025-04-02T08:00:22.0694309Z   GH_TOKEN: ***
job-core	Check JSON	2025-04-02T08:00:22.0694622Z   KAOS_JSONLINT_CONFIG: core/config/.jsonlint.json
job-core	Check JSON	2025-04-02T08:00:22.0695024Z   KAOS_PATH_RESUME: core/outputs/j/
job-core	Check JSON	2025-04-02T08:00:22.0695392Z   KAOS_REPO: /actions-runner/_work/kaos/kaos
job-core	Check JSON	2025-04-02T08:00:22.0695760Z   KAOS_STEP_MODULE: 
job-core	Check JSON	2025-04-02T08:00:22.0696032Z   KAOS_CODE: 14214500374
job-core	Check JSON	2025-04-02T08:00:22.0696310Z   KAOS_REF_BRANCH: main
job-core	Check JSON	2025-04-02T08:00:22.0696708Z ##[endgroup]
job-core	Check JSON	2025-04-02T08:00:22.2459320Z Error: Parse error on line 1:
job-core	Check JSON	2025-04-02T08:00:22.2459996Z 
job-core	Check JSON	2025-04-02T08:00:22.2460342Z ^
job-core	Check JSON	2025-04-02T08:00:22.2460925Z Expecting 'STRING', 'NUMBER', 'NULL', 'TRUE', 'FALSE', '{', '[', got 'EOF'
job-core	Check JSON	2025-04-02T08:00:22.2461923Z     at Object.parseError (/actions-runner/_work/_tool/node/14.21.3/x64/lib/node_modules/jsonlint/lib/jsonlint.js:55:11)
job-core	Check JSON	2025-04-02T08:00:22.2463078Z     at Object.parse (/actions-runner/_work/_tool/node/14.21.3/x64/lib/node_modules/jsonlint/lib/jsonlint.js:132:22)
job-core	Check JSON	2025-04-02T08:00:22.2464968Z     at parse (/actions-runner/_work/_tool/node/14.21.3/x64/lib/node_modules/jsonlint/lib/cli.js:82:14)
job-core	Check JSON	2025-04-02T08:00:22.2465908Z     at main (/actions-runner/_work/_tool/node/14.21.3/x64/lib/node_modules/jsonlint/lib/cli.js:135:14)
job-core	Check JSON	2025-04-02T08:00:22.2466934Z     at Object.<anonymous> (/actions-runner/_work/_tool/node/14.21.3/x64/lib/node_modules/jsonlint/lib/cli.js:179:1)
job-core	Check JSON	2025-04-02T08:00:22.2467748Z     at Module._compile (internal/modules/cjs/loader.js:1114:14)
job-core	Check JSON	2025-04-02T08:00:22.2468548Z     at Object.Module._extensions..js (internal/modules/cjs/loader.js:1143:10)
job-core	Check JSON	2025-04-02T08:00:22.2471144Z     at Module.load (internal/modules/cjs/loader.js:979:32)
job-core	Check JSON	2025-04-02T08:00:22.2473558Z     at Function.Module._load (internal/modules/cjs/loader.js:819:12)
job-core	Check JSON	2025-04-02T08:00:22.2476187Z     at Function.executeUserEntryPoint [as runMain] (internal/modules/run_main.js:75:12)
job-core	Check JSON	2025-04-02T08:00:22.2514333Z ##[error]Process completed with exit code 1.
job-core	Post Checkout code	﻿2025-04-02T08:00:22.2650999Z Post job cleanup.
job-core	Post Checkout code	2025-04-02T08:00:22.3966433Z [command]/usr/bin/git version
job-core	Post Checkout code	2025-04-02T08:00:22.4017852Z git version 2.48.1
job-core	Post Checkout code	2025-04-02T08:00:22.4073905Z Copying '/home/kaos/.gitconfig' to '/actions-runner/_work/_temp/71964faf-69e9-41ed-a070-44cc7e25fc04/.gitconfig'
job-core	Post Checkout code	2025-04-02T08:00:22.4094419Z Temporarily overriding HOME='/actions-runner/_work/_temp/71964faf-69e9-41ed-a070-44cc7e25fc04' before making global git config changes
job-core	Post Checkout code	2025-04-02T08:00:22.4096850Z Adding repository directory to the temporary git global config as a safe directory
job-core	Post Checkout code	2025-04-02T08:00:22.4107985Z [command]/usr/bin/git config --global --add safe.directory /actions-runner/_work/ka0s/ka0s
job-core	Post Checkout code	2025-04-02T08:00:22.4170413Z [command]/usr/bin/git config --local --name-only --get-regexp core\.sshCommand
job-core	Post Checkout code	2025-04-02T08:00:22.4242013Z [command]/usr/bin/git submodule foreach --recursive sh -c "git config --local --name-only --get-regexp 'core\.sshCommand' && git config --local --unset-all 'core.sshCommand' || :"
job-core	Post Checkout code	2025-04-02T08:00:22.4661129Z [command]/usr/bin/git config --local --name-only --get-regexp http\.https\:\/\/github\.com\/\.extraheader
job-core	Post Checkout code	2025-04-02T08:00:22.4698524Z http.https://github.com/.extraheader
job-core	Post Checkout code	2025-04-02T08:00:22.4718222Z [command]/usr/bin/git config --local --unset-all http.https://github.com/.extraheader
job-core	Post Checkout code	2025-04-02T08:00:22.4781126Z [command]/usr/bin/git submodule foreach --recursive sh -c "git config --local --name-only --get-regexp 'http\.https\:\/\/github\.com\/\.extraheader' && git config --local --unset-all 'http.https://github.com/.extraheader' || :"
job-core	Complete job	﻿2025-04-02T08:00:22.5338187Z Cleaning up orphan processes
handle_failure	Set up job	﻿2025-04-02T08:01:47.4223131Z Current runner version: '2.323.0'
handle_failure	Set up job	2025-04-02T08:01:47.4233244Z Runner name: 'ka0s-1'
handle_failure	Set up job	2025-04-02T08:01:47.4234611Z Machine name: '419612ea1a87'
handle_failure	Set up job	2025-04-02T08:01:47.4238260Z ##[group]GITHUB_TOKEN Permissions
handle_failure	Set up job	2025-04-02T08:01:47.4241847Z Actions: write
handle_failure	Set up job	2025-04-02T08:01:47.4242535Z Contents: write
handle_failure	Set up job	2025-04-02T08:01:47.4243387Z Issues: write
handle_failure	Set up job	2025-04-02T08:01:47.4244419Z Metadata: read
handle_failure	Set up job	2025-04-02T08:01:47.4245188Z PullRequests: write
handle_failure	Set up job	2025-04-02T08:01:47.4245975Z ##[endgroup]
handle_failure	Set up job	2025-04-02T08:01:47.4248812Z Secret source: Actions
handle_failure	Set up job	2025-04-02T08:01:47.4249708Z Prepare workflow directory
handle_failure	Set up job	2025-04-02T08:01:47.5195943Z Prepare all required actions
handle_failure	Set up job	2025-04-02T08:01:47.5249599Z Getting action download info
handle_failure	Set up job	2025-04-02T08:01:48.2249954Z Download action repository 'actions/checkout@v4' (SHA:11bd71901bbe5b1630ceea73d27597364c9af683)
handle_failure	Set up job	2025-04-02T08:01:50.0702050Z Complete job name: handle_failure
handle_failure	Checkout code	﻿2025-04-02T08:01:50.1346203Z ##[group]Run actions/checkout@v4
handle_failure	Checkout code	2025-04-02T08:01:50.1347478Z with:
handle_failure	Checkout code	2025-04-02T08:01:50.1348044Z   fetch-depth: 0
handle_failure	Checkout code	2025-04-02T08:01:50.1349007Z   token: ***
handle_failure	Checkout code	2025-04-02T08:01:50.1349593Z   repository: Ka0s-Klaus/ka0s
handle_failure	Checkout code	2025-04-02T08:01:50.1350798Z   ssh-strict: true
handle_failure	Checkout code	2025-04-02T08:01:50.1351378Z   ssh-user: git
handle_failure	Checkout code	2025-04-02T08:01:50.1351944Z   persist-credentials: true
handle_failure	Checkout code	2025-04-02T08:01:50.1352664Z   clean: true
handle_failure	Checkout code	2025-04-02T08:01:50.1353254Z   sparse-checkout-cone-mode: true
handle_failure	Checkout code	2025-04-02T08:01:50.1353944Z   fetch-tags: false
handle_failure	Checkout code	2025-04-02T08:01:50.1354551Z   show-progress: true
handle_failure	Checkout code	2025-04-02T08:01:50.1355126Z   lfs: false
handle_failure	Checkout code	2025-04-02T08:01:50.1355643Z   submodules: false
handle_failure	Checkout code	2025-04-02T08:01:50.1356242Z   set-safe-directory: true
handle_failure	Checkout code	2025-04-02T08:01:50.1357198Z env:
handle_failure	Checkout code	2025-04-02T08:01:50.1357743Z   KAOS_MODULE: [Ka0S] JSONLINT
handle_failure	Checkout code	2025-04-02T08:01:50.1358611Z   GH_TOKEN: ***
handle_failure	Checkout code	2025-04-02T08:01:50.1359251Z   KAOS_JSONLINT_CONFIG: core/config/.jsonlint.json
handle_failure	Checkout code	2025-04-02T08:01:50.1360146Z   KAOS_PATH_RESUME: core/outputs/j/
handle_failure	Checkout code	2025-04-02T08:01:50.1361434Z   KAOS_REPO: /actions-runner/_work/kaos/kaos
handle_failure	Checkout code	2025-04-02T08:01:50.1362189Z   KAOS_STEP_MODULE: 
handle_failure	Checkout code	2025-04-02T08:01:50.1362783Z   KAOS_CODE: 14214500374
handle_failure	Checkout code	2025-04-02T08:01:50.1363395Z   KAOS_REF_BRANCH: main
handle_failure	Checkout code	2025-04-02T08:01:50.1363970Z ##[endgroup]
handle_failure	Checkout code	2025-04-02T08:01:50.2944749Z Syncing repository: Ka0s-Klaus/ka0s
handle_failure	Checkout code	2025-04-02T08:01:50.2948421Z ##[group]Getting Git version info
handle_failure	Checkout code	2025-04-02T08:01:50.2949904Z Working directory is '/actions-runner/_work/ka0s/ka0s'
handle_failure	Checkout code	2025-04-02T08:01:50.2952664Z [command]/usr/bin/git version
handle_failure	Checkout code	2025-04-02T08:01:50.2953799Z git version 2.48.1
handle_failure	Checkout code	2025-04-02T08:01:50.2976669Z ##[endgroup]
handle_failure	Checkout code	2025-04-02T08:01:50.2996028Z Copying '/home/kaos/.gitconfig' to '/actions-runner/_work/_temp/3abdb734-ed13-4dfc-b9a0-0f4dc305fe76/.gitconfig'
handle_failure	Checkout code	2025-04-02T08:01:50.3015267Z Temporarily overriding HOME='/actions-runner/_work/_temp/3abdb734-ed13-4dfc-b9a0-0f4dc305fe76' before making global git config changes
handle_failure	Checkout code	2025-04-02T08:01:50.3017245Z Adding repository directory to the temporary git global config as a safe directory
handle_failure	Checkout code	2025-04-02T08:01:50.3026952Z [command]/usr/bin/git config --global --add safe.directory /actions-runner/_work/ka0s/ka0s
handle_failure	Checkout code	2025-04-02T08:01:50.3088009Z [command]/usr/bin/git config --local --get remote.origin.url
handle_failure	Checkout code	2025-04-02T08:01:50.3120218Z https://github.com/Ka0s-Klaus/ka0s
handle_failure	Checkout code	2025-04-02T08:01:50.3151524Z ##[group]Removing previously created refs, to avoid conflicts
handle_failure	Checkout code	2025-04-02T08:01:50.3160414Z [command]/usr/bin/git rev-parse --symbolic-full-name --verify --quiet HEAD
handle_failure	Checkout code	2025-04-02T08:01:50.3197408Z refs/heads/H220-web-de-resultados
handle_failure	Checkout code	2025-04-02T08:01:50.3215257Z [command]/usr/bin/git checkout --detach
handle_failure	Checkout code	2025-04-02T08:01:50.3332058Z HEAD is now at 512fe4f [Ka0S] Uploading resume execution files to the repository...
handle_failure	Checkout code	2025-04-02T08:01:50.3403823Z [command]/usr/bin/git branch --delete --force H220-web-de-resultados
handle_failure	Checkout code	2025-04-02T08:01:50.3474456Z Deleted branch H220-web-de-resultados (was 512fe4f).
handle_failure	Checkout code	2025-04-02T08:01:50.3515553Z ##[endgroup]
handle_failure	Checkout code	2025-04-02T08:01:50.3521218Z [command]/usr/bin/git submodule status
handle_failure	Checkout code	2025-04-02T08:01:50.3908226Z ##[group]Cleaning the repository
handle_failure	Checkout code	2025-04-02T08:01:50.3916293Z [command]/usr/bin/git clean -ffdx
handle_failure	Checkout code	2025-04-02T08:01:50.3990150Z [command]/usr/bin/git reset --hard HEAD
handle_failure	Checkout code	2025-04-02T08:01:50.4181929Z HEAD is now at 512fe4f [Ka0S] Uploading resume execution files to the repository...
handle_failure	Checkout code	2025-04-02T08:01:50.4192651Z ##[endgroup]
handle_failure	Checkout code	2025-04-02T08:01:50.4194304Z ##[group]Disabling automatic garbage collection
handle_failure	Checkout code	2025-04-02T08:01:50.4199267Z [command]/usr/bin/git config --local gc.auto 0
handle_failure	Checkout code	2025-04-02T08:01:50.4246525Z ##[endgroup]
handle_failure	Checkout code	2025-04-02T08:01:50.4247472Z ##[group]Setting up auth
handle_failure	Checkout code	2025-04-02T08:01:50.4255339Z [command]/usr/bin/git config --local --name-only --get-regexp core\.sshCommand
handle_failure	Checkout code	2025-04-02T08:01:50.4303977Z [command]/usr/bin/git submodule foreach --recursive sh -c "git config --local --name-only --get-regexp 'core\.sshCommand' && git config --local --unset-all 'core.sshCommand' || :"
handle_failure	Checkout code	2025-04-02T08:01:50.4689403Z [command]/usr/bin/git config --local --name-only --get-regexp http\.https\:\/\/github\.com\/\.extraheader
handle_failure	Checkout code	2025-04-02T08:01:50.4731532Z [command]/usr/bin/git submodule foreach --recursive sh -c "git config --local --name-only --get-regexp 'http\.https\:\/\/github\.com\/\.extraheader' && git config --local --unset-all 'http.https://github.com/.extraheader' || :"
handle_failure	Checkout code	2025-04-02T08:01:50.5123621Z [command]/usr/bin/git config --local http.https://github.com/.extraheader AUTHORIZATION: basic ***
handle_failure	Checkout code	2025-04-02T08:01:50.5181669Z ##[endgroup]
handle_failure	Checkout code	2025-04-02T08:01:50.5183495Z ##[group]Fetching the repository
handle_failure	Checkout code	2025-04-02T08:01:50.5195569Z [command]/usr/bin/git -c protocol.version=2 fetch --prune --no-recurse-submodules origin +refs/heads/*:refs/remotes/origin/* +refs/tags/*:refs/tags/*
handle_failure	Checkout code	2025-04-02T08:01:51.4298862Z [command]/usr/bin/git branch --list --remote origin/H220-web-de-resultados
handle_failure	Checkout code	2025-04-02T08:01:51.4340757Z   origin/H220-web-de-resultados
handle_failure	Checkout code	2025-04-02T08:01:51.4353819Z [command]/usr/bin/git rev-parse refs/remotes/origin/H220-web-de-resultados
handle_failure	Checkout code	2025-04-02T08:01:51.4388192Z 512fe4f9dbe0cb6e520007d473f2f352c77438b6
handle_failure	Checkout code	2025-04-02T08:01:51.4397030Z ##[endgroup]
handle_failure	Checkout code	2025-04-02T08:01:51.4400635Z ##[group]Determining the checkout info
handle_failure	Checkout code	2025-04-02T08:01:51.4404374Z ##[endgroup]
handle_failure	Checkout code	2025-04-02T08:01:51.4407207Z [command]/usr/bin/git sparse-checkout disable
handle_failure	Checkout code	2025-04-02T08:01:51.4492629Z [command]/usr/bin/git config --local --unset-all extensions.worktreeConfig
handle_failure	Checkout code	2025-04-02T08:01:51.4534192Z ##[group]Checking out the ref
handle_failure	Checkout code	2025-04-02T08:01:51.4537781Z [command]/usr/bin/git checkout --progress --force -B H220-web-de-resultados refs/remotes/origin/H220-web-de-resultados
handle_failure	Checkout code	2025-04-02T08:01:51.4662382Z Switched to a new branch 'H220-web-de-resultados'
handle_failure	Checkout code	2025-04-02T08:01:51.4665928Z branch 'H220-web-de-resultados' set up to track 'origin/H220-web-de-resultados'.
handle_failure	Checkout code	2025-04-02T08:01:51.4677906Z ##[endgroup]
handle_failure	Checkout code	2025-04-02T08:01:51.4735405Z [command]/usr/bin/git log -1 --format=%H
handle_failure	Checkout code	2025-04-02T08:01:51.4774184Z 512fe4f9dbe0cb6e520007d473f2f352c77438b6
handle_failure	handle-failure-execution	﻿2025-04-02T08:01:51.5104614Z ##[group]Run echo "Error detected in process"
handle_failure	handle-failure-execution	2025-04-02T08:01:51.5106400Z [36;1mecho "Error detected in process"[0m
handle_failure	handle-failure-execution	2025-04-02T08:01:51.5108811Z [36;1mRNNUMBER=$(echo "refs/heads/H220-web-de-resultados" | grep -o '[0-9]*')[0m
handle_failure	handle-failure-execution	2025-04-02T08:01:51.5113806Z [36;1mgh issue comment $RNNUMBER --body "El proceso no ha finalizado correctamente 14214500374. El resultado está en el fichero core/results/event_data14214500374.log"[0m
handle_failure	handle-failure-execution	2025-04-02T08:01:51.5132407Z shell: /usr/bin/bash -e {0}
handle_failure	handle-failure-execution	2025-04-02T08:01:51.5133606Z env:
handle_failure	handle-failure-execution	2025-04-02T08:01:51.5134500Z   KAOS_MODULE: [Ka0S] JSONLINT
handle_failure	handle-failure-execution	2025-04-02T08:01:51.5136212Z   GH_TOKEN: ***
handle_failure	handle-failure-execution	2025-04-02T08:01:51.5137355Z   KAOS_JSONLINT_CONFIG: core/config/.jsonlint.json
handle_failure	handle-failure-execution	2025-04-02T08:01:51.5138892Z   KAOS_PATH_RESUME: core/outputs/j/
handle_failure	handle-failure-execution	2025-04-02T08:01:51.5140655Z   KAOS_REPO: /actions-runner/_work/kaos/kaos
handle_failure	handle-failure-execution	2025-04-02T08:01:51.5142209Z   KAOS_STEP_MODULE: 
handle_failure	handle-failure-execution	2025-04-02T08:01:51.5143214Z   KAOS_CODE: 14214500374
handle_failure	handle-failure-execution	2025-04-02T08:01:51.5144299Z   KAOS_REF_BRANCH: main
handle_failure	handle-failure-execution	2025-04-02T08:01:51.5145430Z ##[endgroup]
handle_failure	handle-failure-execution	2025-04-02T08:01:51.5225798Z Error detected in process
handle_failure	handle-failure-execution	2025-04-02T08:01:52.6671463Z https://github.com/Ka0s-Klaus/ka0s/issues/220#issuecomment-2771684772
handle_failure	Post Checkout code	﻿2025-04-02T08:01:52.7337396Z Post job cleanup.
handle_failure	Post Checkout code	2025-04-02T08:01:52.8690408Z [command]/usr/bin/git version
handle_failure	Post Checkout code	2025-04-02T08:01:52.8739398Z git version 2.48.1
handle_failure	Post Checkout code	2025-04-02T08:01:52.8803206Z Copying '/home/kaos/.gitconfig' to '/actions-runner/_work/_temp/dde97105-a6d1-4aff-b740-aacbc6bd9ce8/.gitconfig'
handle_failure	Post Checkout code	2025-04-02T08:01:52.8822897Z Temporarily overriding HOME='/actions-runner/_work/_temp/dde97105-a6d1-4aff-b740-aacbc6bd9ce8' before making global git config changes
handle_failure	Post Checkout code	2025-04-02T08:01:52.8829129Z Adding repository directory to the temporary git global config as a safe directory
handle_failure	Post Checkout code	2025-04-02T08:01:52.8835047Z [command]/usr/bin/git config --global --add safe.directory /actions-runner/_work/ka0s/ka0s
handle_failure	Post Checkout code	2025-04-02T08:01:52.8891383Z [command]/usr/bin/git config --local --name-only --get-regexp core\.sshCommand
handle_failure	Post Checkout code	2025-04-02T08:01:52.8966732Z [command]/usr/bin/git submodule foreach --recursive sh -c "git config --local --name-only --get-regexp 'core\.sshCommand' && git config --local --unset-all 'core.sshCommand' || :"
handle_failure	Post Checkout code	2025-04-02T08:01:52.9382657Z [command]/usr/bin/git config --local --name-only --get-regexp http\.https\:\/\/github\.com\/\.extraheader
handle_failure	Post Checkout code	2025-04-02T08:01:52.9418352Z http.https://github.com/.extraheader
handle_failure	Post Checkout code	2025-04-02T08:01:52.9441886Z [command]/usr/bin/git config --local --unset-all http.https://github.com/.extraheader
handle_failure	Post Checkout code	2025-04-02T08:01:52.9502354Z [command]/usr/bin/git submodule foreach --recursive sh -c "git config --local --name-only --get-regexp 'http\.https\:\/\/github\.com\/\.extraheader' && git config --local --unset-all 'http.https://github.com/.extraheader' || :"
handle_failure	Complete job	﻿2025-04-02T08:01:53.0108047Z Cleaning up orphan processes
end-workflow	Set up job	﻿2025-04-02T08:03:50.1153039Z Current runner version: '2.323.0'
end-workflow	Set up job	2025-04-02T08:03:50.1163090Z Runner name: 'ka0s-1'
end-workflow	Set up job	2025-04-02T08:03:50.1164338Z Machine name: '419612ea1a87'
end-workflow	Set up job	2025-04-02T08:03:50.1167961Z ##[group]GITHUB_TOKEN Permissions
end-workflow	Set up job	2025-04-02T08:03:50.1171576Z Actions: write
end-workflow	Set up job	2025-04-02T08:03:50.1172312Z Contents: write
end-workflow	Set up job	2025-04-02T08:03:50.1172984Z Issues: write
end-workflow	Set up job	2025-04-02T08:03:50.1173780Z Metadata: read
end-workflow	Set up job	2025-04-02T08:03:50.1174404Z PullRequests: write
end-workflow	Set up job	2025-04-02T08:03:50.1175067Z ##[endgroup]
end-workflow	Set up job	2025-04-02T08:03:50.1178119Z Secret source: Actions
end-workflow	Set up job	2025-04-02T08:03:50.1178984Z Prepare workflow directory
end-workflow	Set up job	2025-04-02T08:03:50.2127798Z Prepare all required actions
end-workflow	Set up job	2025-04-02T08:03:50.2179856Z Getting action download info
end-workflow	Set up job	2025-04-02T08:03:51.0500791Z Download action repository 'actions/checkout@v4' (SHA:11bd71901bbe5b1630ceea73d27597364c9af683)
end-workflow	Set up job	2025-04-02T08:03:52.7316475Z Complete job name: end-workflow
end-workflow	Checkout code	﻿2025-04-02T08:03:52.8059669Z ##[group]Run actions/checkout@v4
end-workflow	Checkout code	2025-04-02T08:03:52.8061703Z with:
end-workflow	Checkout code	2025-04-02T08:03:52.8062579Z   fetch-depth: 0
end-workflow	Checkout code	2025-04-02T08:03:52.8064135Z   token: ***
end-workflow	Checkout code	2025-04-02T08:03:52.8065090Z   repository: Ka0s-Klaus/ka0s
end-workflow	Checkout code	2025-04-02T08:03:52.8066207Z   ssh-strict: true
end-workflow	Checkout code	2025-04-02T08:03:52.8067139Z   ssh-user: git
end-workflow	Checkout code	2025-04-02T08:03:52.8068095Z   persist-credentials: true
end-workflow	Checkout code	2025-04-02T08:03:52.8069193Z   clean: true
end-workflow	Checkout code	2025-04-02T08:03:52.8070404Z   sparse-checkout-cone-mode: true
end-workflow	Checkout code	2025-04-02T08:03:52.8072019Z   fetch-tags: false
end-workflow	Checkout code	2025-04-02T08:03:52.8072992Z   show-progress: true
end-workflow	Checkout code	2025-04-02T08:03:52.8073965Z   lfs: false
end-workflow	Checkout code	2025-04-02T08:03:52.8074874Z   submodules: false
end-workflow	Checkout code	2025-04-02T08:03:52.8075863Z   set-safe-directory: true
end-workflow	Checkout code	2025-04-02T08:03:52.8077763Z env:
end-workflow	Checkout code	2025-04-02T08:03:52.8078644Z   KAOS_MODULE: [Ka0S] JSONLINT
end-workflow	Checkout code	2025-04-02T08:03:52.8080417Z   GH_TOKEN: ***
end-workflow	Checkout code	2025-04-02T08:03:52.8081709Z   KAOS_JSONLINT_CONFIG: core/config/.jsonlint.json
end-workflow	Checkout code	2025-04-02T08:03:52.8083151Z   KAOS_PATH_RESUME: core/outputs/j/
end-workflow	Checkout code	2025-04-02T08:03:52.8084908Z   KAOS_REPO: /actions-runner/_work/kaos/kaos
end-workflow	Checkout code	2025-04-02T08:03:52.8086356Z   KAOS_STEP_MODULE: 
end-workflow	Checkout code	2025-04-02T08:03:52.8087337Z   KAOS_CODE: 14214500374
end-workflow	Checkout code	2025-04-02T08:03:52.8088382Z   KAOS_REF_BRANCH: main
end-workflow	Checkout code	2025-04-02T08:03:52.8089374Z ##[endgroup]
end-workflow	Checkout code	2025-04-02T08:03:52.9755002Z Syncing repository: Ka0s-Klaus/ka0s
end-workflow	Checkout code	2025-04-02T08:03:52.9758558Z ##[group]Getting Git version info
end-workflow	Checkout code	2025-04-02T08:03:52.9760461Z Working directory is '/actions-runner/_work/ka0s/ka0s'
end-workflow	Checkout code	2025-04-02T08:03:52.9763058Z [command]/usr/bin/git version
end-workflow	Checkout code	2025-04-02T08:03:52.9807170Z git version 2.48.1
end-workflow	Checkout code	2025-04-02T08:03:52.9868879Z ##[endgroup]
end-workflow	Checkout code	2025-04-02T08:03:52.9994992Z Copying '/home/kaos/.gitconfig' to '/actions-runner/_work/_temp/d57ac23a-784c-44e8-b9e8-52c0d2f510d1/.gitconfig'
end-workflow	Checkout code	2025-04-02T08:03:52.9999685Z Temporarily overriding HOME='/actions-runner/_work/_temp/d57ac23a-784c-44e8-b9e8-52c0d2f510d1' before making global git config changes
end-workflow	Checkout code	2025-04-02T08:03:53.0009350Z Adding repository directory to the temporary git global config as a safe directory
end-workflow	Checkout code	2025-04-02T08:03:53.0013879Z [command]/usr/bin/git config --global --add safe.directory /actions-runner/_work/ka0s/ka0s
end-workflow	Checkout code	2025-04-02T08:03:53.0024339Z [command]/usr/bin/git config --local --get remote.origin.url
end-workflow	Checkout code	2025-04-02T08:03:53.0052986Z https://github.com/Ka0s-Klaus/ka0s
end-workflow	Checkout code	2025-04-02T08:03:53.0085126Z ##[group]Removing previously created refs, to avoid conflicts
end-workflow	Checkout code	2025-04-02T08:03:53.0094091Z [command]/usr/bin/git rev-parse --symbolic-full-name --verify --quiet HEAD
end-workflow	Checkout code	2025-04-02T08:03:53.0129754Z refs/heads/H215-modulo-de-summary
end-workflow	Checkout code	2025-04-02T08:03:53.0146758Z [command]/usr/bin/git checkout --detach
end-workflow	Checkout code	2025-04-02T08:03:53.0399258Z HEAD is now at 9089032 [Ka0S] Uploading resume execution files to the repository...
end-workflow	Checkout code	2025-04-02T08:03:53.0482060Z [command]/usr/bin/git branch --delete --force H215-modulo-de-summary
end-workflow	Checkout code	2025-04-02T08:03:53.0520861Z Deleted branch H215-modulo-de-summary (was 9089032).
end-workflow	Checkout code	2025-04-02T08:03:53.0609378Z ##[endgroup]
end-workflow	Checkout code	2025-04-02T08:03:53.0614947Z [command]/usr/bin/git submodule status
end-workflow	Checkout code	2025-04-02T08:03:53.1064106Z ##[group]Cleaning the repository
end-workflow	Checkout code	2025-04-02T08:03:53.1069917Z [command]/usr/bin/git clean -ffdx
end-workflow	Checkout code	2025-04-02T08:03:53.1130835Z Removing core/results/k/commit-summary-.txt
end-workflow	Checkout code	2025-04-02T08:03:53.1133889Z Removing core/results/k/files-in-commit-.txt
end-workflow	Checkout code	2025-04-02T08:03:53.1136329Z Removing files-in-commit.txt
end-workflow	Checkout code	2025-04-02T08:03:53.1148694Z [command]/usr/bin/git reset --hard HEAD
end-workflow	Checkout code	2025-04-02T08:03:53.1320810Z HEAD is now at 9089032 [Ka0S] Uploading resume execution files to the repository...
end-workflow	Checkout code	2025-04-02T08:03:53.1331433Z ##[endgroup]
end-workflow	Checkout code	2025-04-02T08:03:53.1333283Z ##[group]Disabling automatic garbage collection
end-workflow	Checkout code	2025-04-02T08:03:53.1335721Z [command]/usr/bin/git config --local gc.auto 0
end-workflow	Checkout code	2025-04-02T08:03:53.1401028Z ##[endgroup]
end-workflow	Checkout code	2025-04-02T08:03:53.1402750Z ##[group]Setting up auth
end-workflow	Checkout code	2025-04-02T08:03:53.1404472Z [command]/usr/bin/git config --local --name-only --get-regexp core\.sshCommand
end-workflow	Checkout code	2025-04-02T08:03:53.1448386Z [command]/usr/bin/git submodule foreach --recursive sh -c "git config --local --name-only --get-regexp 'core\.sshCommand' && git config --local --unset-all 'core.sshCommand' || :"
end-workflow	Checkout code	2025-04-02T08:03:53.1830998Z [command]/usr/bin/git config --local --name-only --get-regexp http\.https\:\/\/github\.com\/\.extraheader
end-workflow	Checkout code	2025-04-02T08:03:53.1875355Z [command]/usr/bin/git submodule foreach --recursive sh -c "git config --local --name-only --get-regexp 'http\.https\:\/\/github\.com\/\.extraheader' && git config --local --unset-all 'http.https://github.com/.extraheader' || :"
end-workflow	Checkout code	2025-04-02T08:03:53.2270856Z [command]/usr/bin/git config --local http.https://github.com/.extraheader AUTHORIZATION: basic ***
end-workflow	Checkout code	2025-04-02T08:03:53.2331680Z ##[endgroup]
end-workflow	Checkout code	2025-04-02T08:03:53.2333475Z ##[group]Fetching the repository
end-workflow	Checkout code	2025-04-02T08:03:53.2347099Z [command]/usr/bin/git -c protocol.version=2 fetch --prune --no-recurse-submodules origin +refs/heads/*:refs/remotes/origin/* +refs/tags/*:refs/tags/*
end-workflow	Checkout code	2025-04-02T08:03:53.9531073Z [command]/usr/bin/git branch --list --remote origin/H220-web-de-resultados
end-workflow	Checkout code	2025-04-02T08:03:53.9571183Z   origin/H220-web-de-resultados
end-workflow	Checkout code	2025-04-02T08:03:53.9588792Z [command]/usr/bin/git rev-parse refs/remotes/origin/H220-web-de-resultados
end-workflow	Checkout code	2025-04-02T08:03:53.9624166Z 512fe4f9dbe0cb6e520007d473f2f352c77438b6
end-workflow	Checkout code	2025-04-02T08:03:53.9634645Z ##[endgroup]
end-workflow	Checkout code	2025-04-02T08:03:53.9637525Z ##[group]Determining the checkout info
end-workflow	Checkout code	2025-04-02T08:03:53.9641195Z ##[endgroup]
end-workflow	Checkout code	2025-04-02T08:03:53.9643457Z [command]/usr/bin/git sparse-checkout disable
end-workflow	Checkout code	2025-04-02T08:03:53.9738982Z [command]/usr/bin/git config --local --unset-all extensions.worktreeConfig
end-workflow	Checkout code	2025-04-02T08:03:53.9785289Z ##[group]Checking out the ref
end-workflow	Checkout code	2025-04-02T08:03:53.9793244Z [command]/usr/bin/git checkout --progress --force -B H220-web-de-resultados refs/remotes/origin/H220-web-de-resultados
end-workflow	Checkout code	2025-04-02T08:03:53.9962155Z Previous HEAD position was 9089032 [Ka0S] Uploading resume execution files to the repository...
end-workflow	Checkout code	2025-04-02T08:03:53.9974469Z Switched to a new branch 'H220-web-de-resultados'
end-workflow	Checkout code	2025-04-02T08:03:53.9981149Z branch 'H220-web-de-resultados' set up to track 'origin/H220-web-de-resultados'.
end-workflow	Checkout code	2025-04-02T08:03:53.9992894Z ##[endgroup]
end-workflow	Checkout code	2025-04-02T08:03:54.0051610Z [command]/usr/bin/git log -1 --format=%H
end-workflow	Checkout code	2025-04-02T08:03:54.0091151Z 512fe4f9dbe0cb6e520007d473f2f352c77438b6
end-workflow	Finaliza el workflow	﻿2025-04-02T08:03:54.0432680Z ##[group]Run echo "End process"
end-workflow	Finaliza el workflow	2025-04-02T08:03:54.0434053Z [36;1mecho "End process"[0m
end-workflow	Finaliza el workflow	2025-04-02T08:03:54.0435667Z [36;1mRNNUMBER=$(echo "refs/heads/H220-web-de-resultados" | grep -o '[0-9]*')[0m
end-workflow	Finaliza el workflow	2025-04-02T08:03:54.0437804Z [36;1mgh issue comment $RNNUMBER --body "Se finaliza Ka0s 14214500374"[0m
end-workflow	Finaliza el workflow	2025-04-02T08:03:54.0441137Z [36;1mgh workflow run inspector.yml --ref 'main' -f kaos-issue-id=$RNNUMBER -f kaos-workflow-id="14214500374" -f kaos-user-start=""[0m
end-workflow	Finaliza el workflow	2025-04-02T08:03:54.0458542Z shell: /usr/bin/bash -e {0}
end-workflow	Finaliza el workflow	2025-04-02T08:03:54.0459647Z env:
end-workflow	Finaliza el workflow	2025-04-02T08:03:54.0461013Z   KAOS_MODULE: [Ka0S] JSONLINT
end-workflow	Finaliza el workflow	2025-04-02T08:03:54.0462456Z   GH_TOKEN: ***
end-workflow	Finaliza el workflow	2025-04-02T08:03:54.0463489Z   KAOS_JSONLINT_CONFIG: core/config/.jsonlint.json
end-workflow	Finaliza el workflow	2025-04-02T08:03:54.0464831Z   KAOS_PATH_RESUME: core/outputs/j/
end-workflow	Finaliza el workflow	2025-04-02T08:03:54.0466041Z   KAOS_REPO: /actions-runner/_work/kaos/kaos
end-workflow	Finaliza el workflow	2025-04-02T08:03:54.0467801Z   KAOS_STEP_MODULE: 
end-workflow	Finaliza el workflow	2025-04-02T08:03:54.0468724Z   KAOS_CODE: 14214500374
end-workflow	Finaliza el workflow	2025-04-02T08:03:54.0469695Z   KAOS_REF_BRANCH: main
end-workflow	Finaliza el workflow	2025-04-02T08:03:54.0471083Z ##[endgroup]
end-workflow	Finaliza el workflow	2025-04-02T08:03:54.0547725Z End process
end-workflow	Finaliza el workflow	2025-04-02T08:03:55.8128902Z https://github.com/Ka0s-Klaus/ka0s/issues/220#issuecomment-2771700950
end-workflow	Post Checkout code	﻿2025-04-02T08:03:56.8306266Z Post job cleanup.
end-workflow	Post Checkout code	2025-04-02T08:03:56.9598777Z [command]/usr/bin/git version
end-workflow	Post Checkout code	2025-04-02T08:03:56.9648239Z git version 2.48.1
end-workflow	Post Checkout code	2025-04-02T08:03:56.9704179Z Copying '/home/kaos/.gitconfig' to '/actions-runner/_work/_temp/ec4fda8b-7494-4ba4-8b3e-dc0146a516dd/.gitconfig'
end-workflow	Post Checkout code	2025-04-02T08:03:56.9720984Z Temporarily overriding HOME='/actions-runner/_work/_temp/ec4fda8b-7494-4ba4-8b3e-dc0146a516dd' before making global git config changes
end-workflow	Post Checkout code	2025-04-02T08:03:56.9723814Z Adding repository directory to the temporary git global config as a safe directory
end-workflow	Post Checkout code	2025-04-02T08:03:56.9728861Z [command]/usr/bin/git config --global --add safe.directory /actions-runner/_work/ka0s/ka0s
end-workflow	Post Checkout code	2025-04-02T08:03:56.9790648Z [command]/usr/bin/git config --local --name-only --get-regexp core\.sshCommand
end-workflow	Post Checkout code	2025-04-02T08:03:56.9852818Z [command]/usr/bin/git submodule foreach --recursive sh -c "git config --local --name-only --get-regexp 'core\.sshCommand' && git config --local --unset-all 'core.sshCommand' || :"
end-workflow	Post Checkout code	2025-04-02T08:03:57.0246484Z [command]/usr/bin/git config --local --name-only --get-regexp http\.https\:\/\/github\.com\/\.extraheader
end-workflow	Post Checkout code	2025-04-02T08:03:57.0283685Z http.https://github.com/.extraheader
end-workflow	Post Checkout code	2025-04-02T08:03:57.0305595Z [command]/usr/bin/git config --local --unset-all http.https://github.com/.extraheader
end-workflow	Post Checkout code	2025-04-02T08:03:57.0358770Z [command]/usr/bin/git submodule foreach --recursive sh -c "git config --local --name-only --get-regexp 'http\.https\:\/\/github\.com\/\.extraheader' && git config --local --unset-all 'http.https://github.com/.extraheader' || :"
end-workflow	Complete job	﻿2025-04-02T08:03:57.0972596Z Cleaning up orphan processes
