job-core	Set up job	﻿2025-04-02T13:37:30.0511856Z Current runner version: '2.323.0'
job-core	Set up job	2025-04-02T13:37:30.0521208Z Runner name: 'ka0s-1'
job-core	Set up job	2025-04-02T13:37:30.0523994Z Machine name: '419612ea1a87'
job-core	Set up job	2025-04-02T13:37:30.0527366Z ##[group]GITHUB_TOKEN Permissions
job-core	Set up job	2025-04-02T13:37:30.0530910Z Actions: write
job-core	Set up job	2025-04-02T13:37:30.0531649Z Contents: write
job-core	Set up job	2025-04-02T13:37:30.0532188Z Issues: write
job-core	Set up job	2025-04-02T13:37:30.0532704Z Metadata: read
job-core	Set up job	2025-04-02T13:37:30.0533232Z PullRequests: write
job-core	Set up job	2025-04-02T13:37:30.0533760Z ##[endgroup]
job-core	Set up job	2025-04-02T13:37:30.0536241Z Secret source: Actions
job-core	Set up job	2025-04-02T13:37:30.0537236Z Prepare workflow directory
job-core	Set up job	2025-04-02T13:37:30.1493029Z Prepare all required actions
job-core	Set up job	2025-04-02T13:37:30.1546695Z Getting action download info
job-core	Set up job	2025-04-02T13:37:30.9847981Z Download action repository 'actions/checkout@v4' (SHA:11bd71901bbe5b1630ceea73d27597364c9af683)
job-core	Set up job	2025-04-02T13:37:33.1643952Z Download action repository 'actions/setup-node@v2' (SHA:7c12f8017d5436eb855f1ed4399f037a36fbd9e8)
job-core	Set up job	2025-04-02T13:37:36.6812972Z Complete job name: job-core
job-core	Checkout code	﻿2025-04-02T13:37:36.7517563Z ##[group]Run actions/checkout@v4
job-core	Checkout code	2025-04-02T13:37:36.7518448Z with:
job-core	Checkout code	2025-04-02T13:37:36.7518768Z   fetch-depth: 0
job-core	Checkout code	2025-04-02T13:37:36.7519480Z   token: ***
job-core	Checkout code	2025-04-02T13:37:36.7519802Z   repository: Ka0s-Klaus/ka0s
job-core	Checkout code	2025-04-02T13:37:36.7522213Z   ssh-strict: true
job-core	Checkout code	2025-04-02T13:37:36.7522598Z   ssh-user: git
job-core	Checkout code	2025-04-02T13:37:36.7522924Z   persist-credentials: true
job-core	Checkout code	2025-04-02T13:37:36.7523292Z   clean: true
job-core	Checkout code	2025-04-02T13:37:36.7523750Z   sparse-checkout-cone-mode: true
job-core	Checkout code	2025-04-02T13:37:36.7524125Z   fetch-tags: false
job-core	Checkout code	2025-04-02T13:37:36.7524467Z   show-progress: true
job-core	Checkout code	2025-04-02T13:37:36.7525040Z   lfs: false
job-core	Checkout code	2025-04-02T13:37:36.7525340Z   submodules: false
job-core	Checkout code	2025-04-02T13:37:36.7525666Z   set-safe-directory: true
job-core	Checkout code	2025-04-02T13:37:36.7526564Z env:
job-core	Checkout code	2025-04-02T13:37:36.7526889Z   KAOS_MODULE: [Ka0S] JSONLINT
job-core	Checkout code	2025-04-02T13:37:36.7527467Z   GH_TOKEN: ***
job-core	Checkout code	2025-04-02T13:37:36.7527843Z   KAOS_JSONLINT_CONFIG: core/config/.jsonlint.json
job-core	Checkout code	2025-04-02T13:37:36.7528302Z   KAOS_PATH_RESUME: core/outputs/j/
job-core	Checkout code	2025-04-02T13:37:36.7528820Z   KAOS_REPO: /actions-runner/_work/kaos/kaos
job-core	Checkout code	2025-04-02T13:37:36.7529235Z   KAOS_STEP_MODULE: 
job-core	Checkout code	2025-04-02T13:37:36.7529545Z   KAOS_CODE: 14221008985
job-core	Checkout code	2025-04-02T13:37:36.7529874Z   KAOS_REF_BRANCH: main
job-core	Checkout code	2025-04-02T13:37:36.7530635Z ##[endgroup]
job-core	Checkout code	2025-04-02T13:37:36.9069016Z Syncing repository: Ka0s-Klaus/ka0s
job-core	Checkout code	2025-04-02T13:37:36.9071668Z ##[group]Getting Git version info
job-core	Checkout code	2025-04-02T13:37:36.9072346Z Working directory is '/actions-runner/_work/ka0s/ka0s'
job-core	Checkout code	2025-04-02T13:37:36.9073283Z [command]/usr/bin/git version
job-core	Checkout code	2025-04-02T13:37:36.9073677Z git version 2.48.1
job-core	Checkout code	2025-04-02T13:37:36.9089075Z ##[endgroup]
job-core	Checkout code	2025-04-02T13:37:36.9103826Z Copying '/home/kaos/.gitconfig' to '/actions-runner/_work/_temp/fd7976ef-b32e-4a35-a120-01030859590d/.gitconfig'
job-core	Checkout code	2025-04-02T13:37:36.9119389Z Temporarily overriding HOME='/actions-runner/_work/_temp/fd7976ef-b32e-4a35-a120-01030859590d' before making global git config changes
job-core	Checkout code	2025-04-02T13:37:36.9122365Z Adding repository directory to the temporary git global config as a safe directory
job-core	Checkout code	2025-04-02T13:37:36.9127895Z [command]/usr/bin/git config --global --add safe.directory /actions-runner/_work/ka0s/ka0s
job-core	Checkout code	2025-04-02T13:37:36.9187707Z [command]/usr/bin/git config --local --get remote.origin.url
job-core	Checkout code	2025-04-02T13:37:36.9219284Z https://github.com/Ka0s-Klaus/ka0s
job-core	Checkout code	2025-04-02T13:37:36.9246313Z ##[group]Removing previously created refs, to avoid conflicts
job-core	Checkout code	2025-04-02T13:37:36.9253672Z [command]/usr/bin/git rev-parse --symbolic-full-name --verify --quiet HEAD
job-core	Checkout code	2025-04-02T13:37:36.9286337Z refs/heads/H220-web-de-resultados
job-core	Checkout code	2025-04-02T13:37:36.9304654Z [command]/usr/bin/git checkout --detach
job-core	Checkout code	2025-04-02T13:37:36.9446088Z HEAD is now at bb867a8 [Ka0S] Uploading resume execution files to the repository...
job-core	Checkout code	2025-04-02T13:37:36.9516210Z [command]/usr/bin/git branch --delete --force H220-web-de-resultados
job-core	Checkout code	2025-04-02T13:37:36.9561001Z Deleted branch H220-web-de-resultados (was bb867a8).
job-core	Checkout code	2025-04-02T13:37:36.9640560Z ##[endgroup]
job-core	Checkout code	2025-04-02T13:37:36.9641743Z [command]/usr/bin/git submodule status
job-core	Checkout code	2025-04-02T13:37:37.0023057Z ##[group]Cleaning the repository
job-core	Checkout code	2025-04-02T13:37:37.0032038Z [command]/usr/bin/git clean -ffdx
job-core	Checkout code	2025-04-02T13:37:37.0105027Z Removing core/outputs/m/mdlint-results-14221006093.txt
job-core	Checkout code	2025-04-02T13:37:37.0114072Z [command]/usr/bin/git reset --hard HEAD
job-core	Checkout code	2025-04-02T13:37:37.0307253Z HEAD is now at bb867a8 [Ka0S] Uploading resume execution files to the repository...
job-core	Checkout code	2025-04-02T13:37:37.0317108Z ##[endgroup]
job-core	Checkout code	2025-04-02T13:37:37.0318786Z ##[group]Disabling automatic garbage collection
job-core	Checkout code	2025-04-02T13:37:37.0324907Z [command]/usr/bin/git config --local gc.auto 0
job-core	Checkout code	2025-04-02T13:37:37.0370332Z ##[endgroup]
job-core	Checkout code	2025-04-02T13:37:37.0371817Z ##[group]Setting up auth
job-core	Checkout code	2025-04-02T13:37:37.0380542Z [command]/usr/bin/git config --local --name-only --get-regexp core\.sshCommand
job-core	Checkout code	2025-04-02T13:37:37.0427009Z [command]/usr/bin/git submodule foreach --recursive sh -c "git config --local --name-only --get-regexp 'core\.sshCommand' && git config --local --unset-all 'core.sshCommand' || :"
job-core	Checkout code	2025-04-02T13:37:37.0806811Z [command]/usr/bin/git config --local --name-only --get-regexp http\.https\:\/\/github\.com\/\.extraheader
job-core	Checkout code	2025-04-02T13:37:37.0852111Z [command]/usr/bin/git submodule foreach --recursive sh -c "git config --local --name-only --get-regexp 'http\.https\:\/\/github\.com\/\.extraheader' && git config --local --unset-all 'http.https://github.com/.extraheader' || :"
job-core	Checkout code	2025-04-02T13:37:37.1248645Z [command]/usr/bin/git config --local http.https://github.com/.extraheader AUTHORIZATION: basic ***
job-core	Checkout code	2025-04-02T13:37:37.1307231Z ##[endgroup]
job-core	Checkout code	2025-04-02T13:37:37.1308946Z ##[group]Fetching the repository
job-core	Checkout code	2025-04-02T13:37:37.1318302Z [command]/usr/bin/git -c protocol.version=2 fetch --prune --no-recurse-submodules origin +refs/heads/*:refs/remotes/origin/* +refs/tags/*:refs/tags/*
job-core	Checkout code	2025-04-02T13:37:37.8531855Z [command]/usr/bin/git branch --list --remote origin/H220-web-de-resultados
job-core	Checkout code	2025-04-02T13:37:37.8578730Z   origin/H220-web-de-resultados
job-core	Checkout code	2025-04-02T13:37:37.8595789Z [command]/usr/bin/git rev-parse refs/remotes/origin/H220-web-de-resultados
job-core	Checkout code	2025-04-02T13:37:37.8632447Z bb867a87a6c055fcf8f8064830b0034fd2024473
job-core	Checkout code	2025-04-02T13:37:37.8638686Z ##[endgroup]
job-core	Checkout code	2025-04-02T13:37:37.8640202Z ##[group]Determining the checkout info
job-core	Checkout code	2025-04-02T13:37:37.8641326Z ##[endgroup]
job-core	Checkout code	2025-04-02T13:37:37.8650821Z [command]/usr/bin/git sparse-checkout disable
job-core	Checkout code	2025-04-02T13:37:37.8726501Z [command]/usr/bin/git config --local --unset-all extensions.worktreeConfig
job-core	Checkout code	2025-04-02T13:37:37.8768068Z ##[group]Checking out the ref
job-core	Checkout code	2025-04-02T13:37:37.8774743Z [command]/usr/bin/git checkout --progress --force -B H220-web-de-resultados refs/remotes/origin/H220-web-de-resultados
job-core	Checkout code	2025-04-02T13:37:37.8927293Z Switched to a new branch 'H220-web-de-resultados'
job-core	Checkout code	2025-04-02T13:37:37.8933670Z branch 'H220-web-de-resultados' set up to track 'origin/H220-web-de-resultados'.
job-core	Checkout code	2025-04-02T13:37:37.8942157Z ##[endgroup]
job-core	Checkout code	2025-04-02T13:37:37.9000407Z [command]/usr/bin/git log -1 --format=%H
job-core	Checkout code	2025-04-02T13:37:37.9042580Z bb867a87a6c055fcf8f8064830b0034fd2024473
job-core	Install Node.js	﻿2025-04-02T13:37:37.9301514Z ##[group]Run actions/setup-node@v2
job-core	Install Node.js	2025-04-02T13:37:37.9301918Z with:
job-core	Install Node.js	2025-04-02T13:37:37.9302150Z   node-version: 14
job-core	Install Node.js	2025-04-02T13:37:37.9302405Z   always-auth: false
job-core	Install Node.js	2025-04-02T13:37:37.9302665Z   check-latest: false
job-core	Install Node.js	2025-04-02T13:37:37.9303097Z   token: ***
job-core	Install Node.js	2025-04-02T13:37:37.9303330Z env:
job-core	Install Node.js	2025-04-02T13:37:37.9303558Z   KAOS_MODULE: [Ka0S] JSONLINT
job-core	Install Node.js	2025-04-02T13:37:37.9303944Z   GH_TOKEN: ***
job-core	Install Node.js	2025-04-02T13:37:37.9304239Z   KAOS_JSONLINT_CONFIG: core/config/.jsonlint.json
job-core	Install Node.js	2025-04-02T13:37:37.9304634Z   KAOS_PATH_RESUME: core/outputs/j/
job-core	Install Node.js	2025-04-02T13:37:37.9304985Z   KAOS_REPO: /actions-runner/_work/kaos/kaos
job-core	Install Node.js	2025-04-02T13:37:37.9305335Z   KAOS_STEP_MODULE: 
job-core	Install Node.js	2025-04-02T13:37:37.9305595Z   KAOS_CODE: 14221008985
job-core	Install Node.js	2025-04-02T13:37:37.9305870Z   KAOS_REF_BRANCH: main
job-core	Install Node.js	2025-04-02T13:37:37.9306125Z ##[endgroup]
job-core	Install Node.js	2025-04-02T13:37:38.1389635Z Found in cache @ /actions-runner/_work/_tool/node/14.21.3/x64
job-core	Install jsonlint	﻿2025-04-02T13:37:38.1594802Z ##[group]Run if ! command -v jsonlint &> /dev/null; then
job-core	Install jsonlint	2025-04-02T13:37:38.1595746Z [36;1mif ! command -v jsonlint &> /dev/null; then[0m
job-core	Install jsonlint	2025-04-02T13:37:38.1596165Z [36;1m  echo "Installing jsonlint..."[0m
job-core	Install jsonlint	2025-04-02T13:37:38.1596524Z [36;1m  npm install -g jsonlint[0m
job-core	Install jsonlint	2025-04-02T13:37:38.1596830Z [36;1melse[0m
job-core	Install jsonlint	2025-04-02T13:37:38.1597189Z [36;1m  echo "jsonlint already installed, skipping installation"[0m
job-core	Install jsonlint	2025-04-02T13:37:38.1597620Z [36;1mfi[0m
job-core	Install jsonlint	2025-04-02T13:37:38.1597873Z [36;1mmkdir -p core/outputs/j/[0m
job-core	Install jsonlint	2025-04-02T13:37:38.1617908Z shell: /usr/bin/bash -e {0}
job-core	Install jsonlint	2025-04-02T13:37:38.1618444Z env:
job-core	Install jsonlint	2025-04-02T13:37:38.1618694Z   KAOS_MODULE: [Ka0S] JSONLINT
job-core	Install jsonlint	2025-04-02T13:37:38.1619242Z   GH_TOKEN: ***
job-core	Install jsonlint	2025-04-02T13:37:38.1619551Z   KAOS_JSONLINT_CONFIG: core/config/.jsonlint.json
job-core	Install jsonlint	2025-04-02T13:37:38.1619953Z   KAOS_PATH_RESUME: core/outputs/j/
job-core	Install jsonlint	2025-04-02T13:37:38.1620866Z   KAOS_REPO: /actions-runner/_work/kaos/kaos
job-core	Install jsonlint	2025-04-02T13:37:38.1621221Z   KAOS_STEP_MODULE: 
job-core	Install jsonlint	2025-04-02T13:37:38.1621539Z   KAOS_CODE: 14221008985
job-core	Install jsonlint	2025-04-02T13:37:38.1621818Z   KAOS_REF_BRANCH: main
job-core	Install jsonlint	2025-04-02T13:37:38.1622294Z ##[endgroup]
job-core	Install jsonlint	2025-04-02T13:37:38.1725985Z jsonlint already installed, skipping installation
job-core	Check JSON	﻿2025-04-02T13:37:38.1789724Z ##[group]Run # Invocamos la primera comprobación de base, sino se supera el proceso no continua
job-core	Check JSON	2025-04-02T13:37:38.1792336Z [36;1m# Invocamos la primera comprobación de base, sino se supera el proceso no continua[0m
job-core	Check JSON	2025-04-02T13:37:38.1793550Z [36;1m# Extraemos el nombre del fichero[0m
job-core	Check JSON	2025-04-02T13:37:38.1794197Z [36;1mfile_name=$(basename "core/results/event_data_14219146011.json")[0m
job-core	Check JSON	2025-04-02T13:37:38.1794738Z [36;1m# Generamos el fichero de resultados vacio[0m
job-core	Check JSON	2025-04-02T13:37:38.1795260Z [36;1mtouch core/outputs/j/jsonlint-results-14221008985.txt[0m
job-core	Check JSON	2025-04-02T13:37:38.1795771Z [36;1m# Realizamos el check del documento json [0m
job-core	Check JSON	2025-04-02T13:37:38.1796500Z [36;1mjsonlint core/results/event_data_14219146011.json > core/outputs/j/jsonlint-results-14221008985.txt[0m
job-core	Check JSON	2025-04-02T13:37:38.1797301Z [36;1m# esto es un workarround importante que hay que retirar[0m
job-core	Check JSON	2025-04-02T13:37:38.1797916Z [36;1m#rm -rf core/outputs/j/jsonlint-results-14221008985.txt[0m
job-core	Check JSON	2025-04-02T13:37:38.1798392Z [36;1m# a retirar[0m
job-core	Check JSON	2025-04-02T13:37:38.1798744Z [36;1m# Check if exist errors in file[0m
job-core	Check JSON	2025-04-02T13:37:38.1799110Z [36;1mecho "Mostramos fichero"[0m
job-core	Check JSON	2025-04-02T13:37:38.1799538Z [36;1mcat core/outputs/j/jsonlint-results-14221008985.txt[0m
job-core	Check JSON	2025-04-02T13:37:38.1800313Z [36;1mif [ ! -s core/outputs/j/jsonlint-results-14221008985.txt ]; then[0m
job-core	Check JSON	2025-04-02T13:37:38.1801099Z [36;1m  echo "File core/outputs/j/jsonlint-results-14221008985.txt is empty and is content correct"[0m
job-core	Check JSON	2025-04-02T13:37:38.1802817Z [36;1m  KAOS_ISSUE_BODY="The [Ka0S] JSONLINT process (14220989170) launch the check (14221008985) over file (core/results/event_data_14219146011.json) and its result has been SUCCESS. Please review all files implicated in pull request and approve to merge"[0m
job-core	Check JSON	2025-04-02T13:37:38.1804397Z [36;1m  # Añadimos la versión de jsonlint con la que se realiza la comprobacion[0m
job-core	Check JSON	2025-04-02T13:37:38.1805158Z [36;1m  jsonlint --version >> core/outputs/j/jsonlint-results-14221008985.txt[0m
job-core	Check JSON	2025-04-02T13:37:38.1806244Z [36;1m  # añadimos el nombre del fichero que vamos a comprobar[0m
job-core	Check JSON	2025-04-02T13:37:38.1807498Z [36;1m  echo "Finding: core/results/event_data_14219146011.json" >> core/outputs/j/jsonlint-results-14221008985.txt[0m
job-core	Check JSON	2025-04-02T13:37:38.1809587Z [36;1m  # gh workflow run issue.yaml --ref main -f kaos-issue-title="" -f kaos-issue-body="$KAOS_ISSUE_BODY" -f kaos-issue-actions=comment -f kaos-issue-tag="" -f kaos-issue-id=220[0m
job-core	Check JSON	2025-04-02T13:37:38.1810885Z [36;1m  gh issue comment  220 -F core/outputs/j/jsonlint-results-14221008985.txt[0m
job-core	Check JSON	2025-04-02T13:37:38.1811409Z [36;1melse[0m
job-core	Check JSON	2025-04-02T13:37:38.1811768Z [36;1m  cat core/outputs/j/jsonlint-results-14221008985.txt[0m
job-core	Check JSON	2025-04-02T13:37:38.1812630Z [36;1m  echo "File core/outputs/j/jsonlint-results-14221008985.txt is not empty and is content not correct and write commit info"[0m
job-core	Check JSON	2025-04-02T13:37:38.1815586Z [36;1m  KAOS_ISSUE_BODY="The [Ka0S] JSONLINT process (14220989170) launch the check (14221008985) over file (core/results/event_data_14219146011.json) and its result has been FAILED, please check and solved it"[0m
job-core	Check JSON	2025-04-02T13:37:38.1818521Z [36;1m  # Añadimos la versión de jsonlint con la que se realiza la comprobacion[0m
job-core	Check JSON	2025-04-02T13:37:38.1819788Z [36;1m  # jsonlint --version || true >> core/outputs/j/jsonlint-results-14221008985.txt[0m
job-core	Check JSON	2025-04-02T13:37:38.1821501Z [36;1m  # añadimos el nombre del fichero que vamos a comprobar[0m
job-core	Check JSON	2025-04-02T13:37:38.1823051Z [36;1m  echo "Finding: core/results/event_data_14219146011.json" >> core/outputs/j/jsonlint-results-14221008985.txt[0m
job-core	Check JSON	2025-04-02T13:37:38.1826068Z [36;1m  # gh workflow run issue.yaml --ref main -f kaos-issue-title="" -f kaos-issue-body="$KAOS_ISSUE_BODY" -f kaos-issue-actions=comment -f kaos-issue-tag="" -f kaos-issue-id=220 [0m
job-core	Check JSON	2025-04-02T13:37:38.1828958Z [36;1m  gh issue comment  220 -F core/outputs/j/jsonlint-results-14221008985.txt[0m
job-core	Check JSON	2025-04-02T13:37:38.1830586Z [36;1mfi[0m
job-core	Check JSON	2025-04-02T13:37:38.1845574Z shell: /usr/bin/bash -e {0}
job-core	Check JSON	2025-04-02T13:37:38.1845944Z env:
job-core	Check JSON	2025-04-02T13:37:38.1846545Z   KAOS_MODULE: [Ka0S] JSONLINT
job-core	Check JSON	2025-04-02T13:37:38.1847156Z   GH_TOKEN: ***
job-core	Check JSON	2025-04-02T13:37:38.1847472Z   KAOS_JSONLINT_CONFIG: core/config/.jsonlint.json
job-core	Check JSON	2025-04-02T13:37:38.1847883Z   KAOS_PATH_RESUME: core/outputs/j/
job-core	Check JSON	2025-04-02T13:37:38.1848264Z   KAOS_REPO: /actions-runner/_work/kaos/kaos
job-core	Check JSON	2025-04-02T13:37:38.1848631Z   KAOS_STEP_MODULE: 
job-core	Check JSON	2025-04-02T13:37:38.1849381Z   KAOS_CODE: 14221008985
job-core	Check JSON	2025-04-02T13:37:38.1849899Z   KAOS_REF_BRANCH: main
job-core	Check JSON	2025-04-02T13:37:38.1851047Z ##[endgroup]
job-core	Check JSON	2025-04-02T13:37:38.3669450Z Error: Parse error on line 1:
job-core	Check JSON	2025-04-02T13:37:38.3670794Z {}{"event": "push", "r
job-core	Check JSON	2025-04-02T13:37:38.3671658Z --^
job-core	Check JSON	2025-04-02T13:37:38.3672708Z Expecting 'EOF', '}', ',', ']', got '{'
job-core	Check JSON	2025-04-02T13:37:38.3673756Z     at Object.parseError (/actions-runner/_work/_tool/node/14.21.3/x64/lib/node_modules/jsonlint/lib/jsonlint.js:55:11)
job-core	Check JSON	2025-04-02T13:37:38.3677235Z     at Object.parse (/actions-runner/_work/_tool/node/14.21.3/x64/lib/node_modules/jsonlint/lib/jsonlint.js:132:22)
job-core	Check JSON	2025-04-02T13:37:38.3680348Z     at parse (/actions-runner/_work/_tool/node/14.21.3/x64/lib/node_modules/jsonlint/lib/cli.js:82:14)
job-core	Check JSON	2025-04-02T13:37:38.3682392Z     at main (/actions-runner/_work/_tool/node/14.21.3/x64/lib/node_modules/jsonlint/lib/cli.js:135:14)
job-core	Check JSON	2025-04-02T13:37:38.3684855Z     at Object.<anonymous> (/actions-runner/_work/_tool/node/14.21.3/x64/lib/node_modules/jsonlint/lib/cli.js:179:1)
job-core	Check JSON	2025-04-02T13:37:38.3686696Z     at Module._compile (internal/modules/cjs/loader.js:1114:14)
job-core	Check JSON	2025-04-02T13:37:38.3688348Z     at Object.Module._extensions..js (internal/modules/cjs/loader.js:1143:10)
job-core	Check JSON	2025-04-02T13:37:38.3690503Z     at Module.load (internal/modules/cjs/loader.js:979:32)
job-core	Check JSON	2025-04-02T13:37:38.3691272Z     at Function.Module._load (internal/modules/cjs/loader.js:819:12)
job-core	Check JSON	2025-04-02T13:37:38.3692077Z     at Function.executeUserEntryPoint [as runMain] (internal/modules/run_main.js:75:12)
job-core	Check JSON	2025-04-02T13:37:38.3733294Z ##[error]Process completed with exit code 1.
job-core	Post Checkout code	﻿2025-04-02T13:37:38.3896192Z Post job cleanup.
job-core	Post Checkout code	2025-04-02T13:37:38.5385149Z [command]/usr/bin/git version
job-core	Post Checkout code	2025-04-02T13:37:38.5437960Z git version 2.48.1
job-core	Post Checkout code	2025-04-02T13:37:38.5498453Z Copying '/home/kaos/.gitconfig' to '/actions-runner/_work/_temp/4584ac26-b399-4b6a-91c7-f5604a347bff/.gitconfig'
job-core	Post Checkout code	2025-04-02T13:37:38.5519306Z Temporarily overriding HOME='/actions-runner/_work/_temp/4584ac26-b399-4b6a-91c7-f5604a347bff' before making global git config changes
job-core	Post Checkout code	2025-04-02T13:37:38.5522150Z Adding repository directory to the temporary git global config as a safe directory
job-core	Post Checkout code	2025-04-02T13:37:38.5529857Z [command]/usr/bin/git config --global --add safe.directory /actions-runner/_work/ka0s/ka0s
job-core	Post Checkout code	2025-04-02T13:37:38.5587322Z [command]/usr/bin/git config --local --name-only --get-regexp core\.sshCommand
job-core	Post Checkout code	2025-04-02T13:37:38.5705564Z [command]/usr/bin/git submodule foreach --recursive sh -c "git config --local --name-only --get-regexp 'core\.sshCommand' && git config --local --unset-all 'core.sshCommand' || :"
job-core	Post Checkout code	2025-04-02T13:37:38.6216297Z [command]/usr/bin/git config --local --name-only --get-regexp http\.https\:\/\/github\.com\/\.extraheader
job-core	Post Checkout code	2025-04-02T13:37:38.6255877Z http.https://github.com/.extraheader
job-core	Post Checkout code	2025-04-02T13:37:38.6274871Z [command]/usr/bin/git config --local --unset-all http.https://github.com/.extraheader
job-core	Post Checkout code	2025-04-02T13:37:38.6345075Z [command]/usr/bin/git submodule foreach --recursive sh -c "git config --local --name-only --get-regexp 'http\.https\:\/\/github\.com\/\.extraheader' && git config --local --unset-all 'http.https://github.com/.extraheader' || :"
job-core	Complete job	﻿2025-04-02T13:37:38.7015723Z Cleaning up orphan processes
handle_failure	Set up job	﻿2025-04-02T13:39:18.3813073Z Current runner version: '2.323.0'
handle_failure	Set up job	2025-04-02T13:39:18.3823539Z Runner name: 'ka0s-1'
handle_failure	Set up job	2025-04-02T13:39:18.3824979Z Machine name: '419612ea1a87'
handle_failure	Set up job	2025-04-02T13:39:18.3828878Z ##[group]GITHUB_TOKEN Permissions
handle_failure	Set up job	2025-04-02T13:39:18.3834697Z Actions: write
handle_failure	Set up job	2025-04-02T13:39:18.3835550Z Contents: write
handle_failure	Set up job	2025-04-02T13:39:18.3836397Z Issues: write
handle_failure	Set up job	2025-04-02T13:39:18.3837151Z Metadata: read
handle_failure	Set up job	2025-04-02T13:39:18.3837815Z PullRequests: write
handle_failure	Set up job	2025-04-02T13:39:18.3838577Z ##[endgroup]
handle_failure	Set up job	2025-04-02T13:39:18.3843045Z Secret source: Actions
handle_failure	Set up job	2025-04-02T13:39:18.3844133Z Prepare workflow directory
handle_failure	Set up job	2025-04-02T13:39:18.5095363Z Prepare all required actions
handle_failure	Set up job	2025-04-02T13:39:18.5176243Z Getting action download info
handle_failure	Set up job	2025-04-02T13:39:20.2597118Z Download action repository 'actions/checkout@v4' (SHA:11bd71901bbe5b1630ceea73d27597364c9af683)
handle_failure	Set up job	2025-04-02T13:39:23.0659708Z Complete job name: handle_failure
handle_failure	Checkout code	﻿2025-04-02T13:39:23.1384378Z ##[group]Run actions/checkout@v4
handle_failure	Checkout code	2025-04-02T13:39:23.1385434Z with:
handle_failure	Checkout code	2025-04-02T13:39:23.1385769Z   fetch-depth: 0
handle_failure	Checkout code	2025-04-02T13:39:23.1386549Z   token: ***
handle_failure	Checkout code	2025-04-02T13:39:23.1386884Z   repository: Ka0s-Klaus/ka0s
handle_failure	Checkout code	2025-04-02T13:39:23.1387260Z   ssh-strict: true
handle_failure	Checkout code	2025-04-02T13:39:23.1387574Z   ssh-user: git
handle_failure	Checkout code	2025-04-02T13:39:23.1387902Z   persist-credentials: true
handle_failure	Checkout code	2025-04-02T13:39:23.1388251Z   clean: true
handle_failure	Checkout code	2025-04-02T13:39:23.1388568Z   sparse-checkout-cone-mode: true
handle_failure	Checkout code	2025-04-02T13:39:23.1388951Z   fetch-tags: false
handle_failure	Checkout code	2025-04-02T13:39:23.1389273Z   show-progress: true
handle_failure	Checkout code	2025-04-02T13:39:23.1389590Z   lfs: false
handle_failure	Checkout code	2025-04-02T13:39:23.1389902Z   submodules: false
handle_failure	Checkout code	2025-04-02T13:39:23.1390515Z   set-safe-directory: true
handle_failure	Checkout code	2025-04-02T13:39:23.1391235Z env:
handle_failure	Checkout code	2025-04-02T13:39:23.1391568Z   KAOS_MODULE: [Ka0S] JSONLINT
handle_failure	Checkout code	2025-04-02T13:39:23.1392266Z   GH_TOKEN: ***
handle_failure	Checkout code	2025-04-02T13:39:23.1392647Z   KAOS_JSONLINT_CONFIG: core/config/.jsonlint.json
handle_failure	Checkout code	2025-04-02T13:39:23.1393124Z   KAOS_PATH_RESUME: core/outputs/j/
handle_failure	Checkout code	2025-04-02T13:39:23.1393738Z   KAOS_REPO: /actions-runner/_work/kaos/kaos
handle_failure	Checkout code	2025-04-02T13:39:23.1394164Z   KAOS_STEP_MODULE: 
handle_failure	Checkout code	2025-04-02T13:39:23.1394501Z   KAOS_CODE: 14221008985
handle_failure	Checkout code	2025-04-02T13:39:23.1394850Z   KAOS_REF_BRANCH: main
handle_failure	Checkout code	2025-04-02T13:39:23.1395175Z ##[endgroup]
handle_failure	Checkout code	2025-04-02T13:39:23.3167518Z Syncing repository: Ka0s-Klaus/ka0s
handle_failure	Checkout code	2025-04-02T13:39:23.3169871Z ##[group]Getting Git version info
handle_failure	Checkout code	2025-04-02T13:39:23.3170796Z Working directory is '/actions-runner/_work/ka0s/ka0s'
handle_failure	Checkout code	2025-04-02T13:39:23.3171845Z [command]/usr/bin/git version
handle_failure	Checkout code	2025-04-02T13:39:23.3172241Z git version 2.48.1
handle_failure	Checkout code	2025-04-02T13:39:23.3173591Z ##[endgroup]
handle_failure	Checkout code	2025-04-02T13:39:23.3183128Z Copying '/home/kaos/.gitconfig' to '/actions-runner/_work/_temp/9b2de72a-83b2-4bc8-85a7-042638241b04/.gitconfig'
handle_failure	Checkout code	2025-04-02T13:39:23.3186545Z Temporarily overriding HOME='/actions-runner/_work/_temp/9b2de72a-83b2-4bc8-85a7-042638241b04' before making global git config changes
handle_failure	Checkout code	2025-04-02T13:39:23.3189454Z Adding repository directory to the temporary git global config as a safe directory
handle_failure	Checkout code	2025-04-02T13:39:23.3191772Z [command]/usr/bin/git config --global --add safe.directory /actions-runner/_work/ka0s/ka0s
handle_failure	Checkout code	2025-04-02T13:39:23.3256294Z [command]/usr/bin/git config --local --get remote.origin.url
handle_failure	Checkout code	2025-04-02T13:39:23.3321528Z https://github.com/Ka0s-Klaus/ka0s
handle_failure	Checkout code	2025-04-02T13:39:23.3369755Z ##[group]Removing previously created refs, to avoid conflicts
handle_failure	Checkout code	2025-04-02T13:39:23.3381670Z [command]/usr/bin/git rev-parse --symbolic-full-name --verify --quiet HEAD
handle_failure	Checkout code	2025-04-02T13:39:23.3441797Z refs/heads/H220-web-de-resultados
handle_failure	Checkout code	2025-04-02T13:39:23.3457822Z [command]/usr/bin/git checkout --detach
handle_failure	Checkout code	2025-04-02T13:39:23.3643148Z HEAD is now at 035c914 [Ka0S] Uploading resume execution files to the repository...
handle_failure	Checkout code	2025-04-02T13:39:23.3727656Z [command]/usr/bin/git branch --delete --force H220-web-de-resultados
handle_failure	Checkout code	2025-04-02T13:39:23.3773908Z Deleted branch H220-web-de-resultados (was 035c914).
handle_failure	Checkout code	2025-04-02T13:39:23.3861456Z ##[endgroup]
handle_failure	Checkout code	2025-04-02T13:39:23.3863985Z [command]/usr/bin/git submodule status
handle_failure	Checkout code	2025-04-02T13:39:23.4335401Z ##[group]Cleaning the repository
handle_failure	Checkout code	2025-04-02T13:39:23.4342860Z [command]/usr/bin/git clean -ffdx
handle_failure	Checkout code	2025-04-02T13:39:23.4423060Z [command]/usr/bin/git reset --hard HEAD
handle_failure	Checkout code	2025-04-02T13:39:23.4603683Z HEAD is now at 035c914 [Ka0S] Uploading resume execution files to the repository...
handle_failure	Checkout code	2025-04-02T13:39:23.4611244Z ##[endgroup]
handle_failure	Checkout code	2025-04-02T13:39:23.4613755Z ##[group]Disabling automatic garbage collection
handle_failure	Checkout code	2025-04-02T13:39:23.4620359Z [command]/usr/bin/git config --local gc.auto 0
handle_failure	Checkout code	2025-04-02T13:39:23.4666732Z ##[endgroup]
handle_failure	Checkout code	2025-04-02T13:39:23.4667836Z ##[group]Setting up auth
handle_failure	Checkout code	2025-04-02T13:39:23.4676402Z [command]/usr/bin/git config --local --name-only --get-regexp core\.sshCommand
handle_failure	Checkout code	2025-04-02T13:39:23.4724148Z [command]/usr/bin/git submodule foreach --recursive sh -c "git config --local --name-only --get-regexp 'core\.sshCommand' && git config --local --unset-all 'core.sshCommand' || :"
handle_failure	Checkout code	2025-04-02T13:39:23.5135494Z [command]/usr/bin/git config --local --name-only --get-regexp http\.https\:\/\/github\.com\/\.extraheader
handle_failure	Checkout code	2025-04-02T13:39:23.5220939Z [command]/usr/bin/git submodule foreach --recursive sh -c "git config --local --name-only --get-regexp 'http\.https\:\/\/github\.com\/\.extraheader' && git config --local --unset-all 'http.https://github.com/.extraheader' || :"
handle_failure	Checkout code	2025-04-02T13:39:23.5607199Z [command]/usr/bin/git config --local http.https://github.com/.extraheader AUTHORIZATION: basic ***
handle_failure	Checkout code	2025-04-02T13:39:23.5671216Z ##[endgroup]
handle_failure	Checkout code	2025-04-02T13:39:23.5675085Z ##[group]Fetching the repository
handle_failure	Checkout code	2025-04-02T13:39:23.5687297Z [command]/usr/bin/git -c protocol.version=2 fetch --prune --no-recurse-submodules origin +refs/heads/*:refs/remotes/origin/* +refs/tags/*:refs/tags/*
handle_failure	Checkout code	2025-04-02T13:39:24.6197358Z From https://github.com/Ka0s-Klaus/ka0s
handle_failure	Checkout code	2025-04-02T13:39:24.6198664Z    035c914..bb867a8  H220-web-de-resultados -> origin/H220-web-de-resultados
handle_failure	Checkout code	2025-04-02T13:39:24.6325002Z [command]/usr/bin/git branch --list --remote origin/H220-web-de-resultados
handle_failure	Checkout code	2025-04-02T13:39:24.6368217Z   origin/H220-web-de-resultados
handle_failure	Checkout code	2025-04-02T13:39:24.6381566Z [command]/usr/bin/git rev-parse refs/remotes/origin/H220-web-de-resultados
handle_failure	Checkout code	2025-04-02T13:39:24.6413188Z bb867a87a6c055fcf8f8064830b0034fd2024473
handle_failure	Checkout code	2025-04-02T13:39:24.6420938Z ##[endgroup]
handle_failure	Checkout code	2025-04-02T13:39:24.6421620Z ##[group]Determining the checkout info
handle_failure	Checkout code	2025-04-02T13:39:24.6423155Z ##[endgroup]
handle_failure	Checkout code	2025-04-02T13:39:24.6430744Z [command]/usr/bin/git sparse-checkout disable
handle_failure	Checkout code	2025-04-02T13:39:24.6503757Z [command]/usr/bin/git config --local --unset-all extensions.worktreeConfig
handle_failure	Checkout code	2025-04-02T13:39:24.6544879Z ##[group]Checking out the ref
handle_failure	Checkout code	2025-04-02T13:39:24.6550972Z [command]/usr/bin/git checkout --progress --force -B H220-web-de-resultados refs/remotes/origin/H220-web-de-resultados
handle_failure	Checkout code	2025-04-02T13:39:24.7766028Z Previous HEAD position was 035c914 [Ka0S] Uploading resume execution files to the repository...
handle_failure	Checkout code	2025-04-02T13:39:24.7781361Z Switched to a new branch 'H220-web-de-resultados'
handle_failure	Checkout code	2025-04-02T13:39:24.7786021Z branch 'H220-web-de-resultados' set up to track 'origin/H220-web-de-resultados'.
handle_failure	Checkout code	2025-04-02T13:39:24.7797441Z ##[endgroup]
handle_failure	Checkout code	2025-04-02T13:39:24.7858801Z [command]/usr/bin/git log -1 --format=%H
handle_failure	Checkout code	2025-04-02T13:39:24.7902110Z bb867a87a6c055fcf8f8064830b0034fd2024473
handle_failure	handle-failure-execution	﻿2025-04-02T13:39:24.8284476Z ##[group]Run echo "Error detected in process"
handle_failure	handle-failure-execution	2025-04-02T13:39:24.8285710Z [36;1mecho "Error detected in process"[0m
handle_failure	handle-failure-execution	2025-04-02T13:39:24.8286777Z [36;1mRNNUMBER=$(echo "refs/heads/H220-web-de-resultados" | grep -o '[0-9]*')[0m
handle_failure	handle-failure-execution	2025-04-02T13:39:24.8288907Z [36;1mgh issue comment $RNNUMBER --body "El proceso no ha finalizado correctamente 14221008985. El resultado está en el fichero core/results/event_data14221008985.log"[0m
handle_failure	handle-failure-execution	2025-04-02T13:39:24.8315322Z shell: /usr/bin/bash -e {0}
handle_failure	handle-failure-execution	2025-04-02T13:39:24.8316467Z env:
handle_failure	handle-failure-execution	2025-04-02T13:39:24.8317260Z   KAOS_MODULE: [Ka0S] JSONLINT
handle_failure	handle-failure-execution	2025-04-02T13:39:24.8318504Z   GH_TOKEN: ***
handle_failure	handle-failure-execution	2025-04-02T13:39:24.8319333Z   KAOS_JSONLINT_CONFIG: core/config/.jsonlint.json
handle_failure	handle-failure-execution	2025-04-02T13:39:24.8320521Z   KAOS_PATH_RESUME: core/outputs/j/
handle_failure	handle-failure-execution	2025-04-02T13:39:24.8321658Z   KAOS_REPO: /actions-runner/_work/kaos/kaos
handle_failure	handle-failure-execution	2025-04-02T13:39:24.8322378Z   KAOS_STEP_MODULE: 
handle_failure	handle-failure-execution	2025-04-02T13:39:24.8323609Z   KAOS_CODE: 14221008985
handle_failure	handle-failure-execution	2025-04-02T13:39:24.8324223Z   KAOS_REF_BRANCH: main
handle_failure	handle-failure-execution	2025-04-02T13:39:24.8324864Z ##[endgroup]
handle_failure	handle-failure-execution	2025-04-02T13:39:24.8405559Z Error detected in process
handle_failure	handle-failure-execution	2025-04-02T13:39:26.4856289Z https://github.com/Ka0s-Klaus/ka0s/issues/220#issuecomment-2772599333
handle_failure	Post Checkout code	﻿2025-04-02T13:39:26.5015763Z Post job cleanup.
handle_failure	Post Checkout code	2025-04-02T13:39:26.6561294Z [command]/usr/bin/git version
handle_failure	Post Checkout code	2025-04-02T13:39:26.6631344Z git version 2.48.1
handle_failure	Post Checkout code	2025-04-02T13:39:26.6728434Z Copying '/home/kaos/.gitconfig' to '/actions-runner/_work/_temp/33a470e3-2457-42fc-b0c6-56578d02e071/.gitconfig'
handle_failure	Post Checkout code	2025-04-02T13:39:26.6755080Z Temporarily overriding HOME='/actions-runner/_work/_temp/33a470e3-2457-42fc-b0c6-56578d02e071' before making global git config changes
handle_failure	Post Checkout code	2025-04-02T13:39:26.6757647Z Adding repository directory to the temporary git global config as a safe directory
handle_failure	Post Checkout code	2025-04-02T13:39:26.6769007Z [command]/usr/bin/git config --global --add safe.directory /actions-runner/_work/ka0s/ka0s
handle_failure	Post Checkout code	2025-04-02T13:39:26.6848374Z [command]/usr/bin/git config --local --name-only --get-regexp core\.sshCommand
handle_failure	Post Checkout code	2025-04-02T13:39:26.6940609Z [command]/usr/bin/git submodule foreach --recursive sh -c "git config --local --name-only --get-regexp 'core\.sshCommand' && git config --local --unset-all 'core.sshCommand' || :"
handle_failure	Post Checkout code	2025-04-02T13:39:26.7500907Z [command]/usr/bin/git config --local --name-only --get-regexp http\.https\:\/\/github\.com\/\.extraheader
handle_failure	Post Checkout code	2025-04-02T13:39:26.7540283Z http.https://github.com/.extraheader
handle_failure	Post Checkout code	2025-04-02T13:39:26.7565676Z [command]/usr/bin/git config --local --unset-all http.https://github.com/.extraheader
handle_failure	Post Checkout code	2025-04-02T13:39:26.7627862Z [command]/usr/bin/git submodule foreach --recursive sh -c "git config --local --name-only --get-regexp 'http\.https\:\/\/github\.com\/\.extraheader' && git config --local --unset-all 'http.https://github.com/.extraheader' || :"
handle_failure	Complete job	﻿2025-04-02T13:39:26.8271999Z Cleaning up orphan processes
end-workflow	Set up job	﻿2025-04-02T13:41:19.9941296Z Current runner version: '2.323.0'
end-workflow	Set up job	2025-04-02T13:41:19.9950340Z Runner name: 'ka0s-1'
end-workflow	Set up job	2025-04-02T13:41:19.9951589Z Machine name: '419612ea1a87'
end-workflow	Set up job	2025-04-02T13:41:19.9955282Z ##[group]GITHUB_TOKEN Permissions
end-workflow	Set up job	2025-04-02T13:41:19.9958215Z Actions: write
end-workflow	Set up job	2025-04-02T13:41:19.9959116Z Contents: write
end-workflow	Set up job	2025-04-02T13:41:19.9959768Z Issues: write
end-workflow	Set up job	2025-04-02T13:41:19.9960779Z Metadata: read
end-workflow	Set up job	2025-04-02T13:41:19.9961577Z PullRequests: write
end-workflow	Set up job	2025-04-02T13:41:19.9962242Z ##[endgroup]
end-workflow	Set up job	2025-04-02T13:41:19.9965264Z Secret source: Actions
end-workflow	Set up job	2025-04-02T13:41:19.9966304Z Prepare workflow directory
end-workflow	Set up job	2025-04-02T13:41:20.0893097Z Prepare all required actions
end-workflow	Set up job	2025-04-02T13:41:20.0947272Z Getting action download info
end-workflow	Set up job	2025-04-02T13:41:20.9537714Z Download action repository 'actions/checkout@v4' (SHA:11bd71901bbe5b1630ceea73d27597364c9af683)
end-workflow	Set up job	2025-04-02T13:41:23.6445914Z Complete job name: end-workflow
end-workflow	Checkout code	﻿2025-04-02T13:41:23.7107869Z ##[group]Run actions/checkout@v4
end-workflow	Checkout code	2025-04-02T13:41:23.7109110Z with:
end-workflow	Checkout code	2025-04-02T13:41:23.7109672Z   fetch-depth: 0
end-workflow	Checkout code	2025-04-02T13:41:23.7111065Z   token: ***
end-workflow	Checkout code	2025-04-02T13:41:23.7111648Z   repository: Ka0s-Klaus/ka0s
end-workflow	Checkout code	2025-04-02T13:41:23.7112299Z   ssh-strict: true
end-workflow	Checkout code	2025-04-02T13:41:23.7112835Z   ssh-user: git
end-workflow	Checkout code	2025-04-02T13:41:23.7113397Z   persist-credentials: true
end-workflow	Checkout code	2025-04-02T13:41:23.7114028Z   clean: true
end-workflow	Checkout code	2025-04-02T13:41:23.7114579Z   sparse-checkout-cone-mode: true
end-workflow	Checkout code	2025-04-02T13:41:23.7115270Z   fetch-tags: false
end-workflow	Checkout code	2025-04-02T13:41:23.7115833Z   show-progress: true
end-workflow	Checkout code	2025-04-02T13:41:23.7116397Z   lfs: false
end-workflow	Checkout code	2025-04-02T13:41:23.7116910Z   submodules: false
end-workflow	Checkout code	2025-04-02T13:41:23.7117510Z   set-safe-directory: true
end-workflow	Checkout code	2025-04-02T13:41:23.7118430Z env:
end-workflow	Checkout code	2025-04-02T13:41:23.7118971Z   KAOS_MODULE: [Ka0S] JSONLINT
end-workflow	Checkout code	2025-04-02T13:41:23.7119823Z   GH_TOKEN: ***
end-workflow	Checkout code	2025-04-02T13:41:23.7120928Z   KAOS_JSONLINT_CONFIG: core/config/.jsonlint.json
end-workflow	Checkout code	2025-04-02T13:41:23.7121763Z   KAOS_PATH_RESUME: core/outputs/j/
end-workflow	Checkout code	2025-04-02T13:41:23.7122560Z   KAOS_REPO: /actions-runner/_work/kaos/kaos
end-workflow	Checkout code	2025-04-02T13:41:23.7123327Z   KAOS_STEP_MODULE: 
end-workflow	Checkout code	2025-04-02T13:41:23.7123920Z   KAOS_CODE: 14221008985
end-workflow	Checkout code	2025-04-02T13:41:23.7124513Z   KAOS_REF_BRANCH: main
end-workflow	Checkout code	2025-04-02T13:41:23.7125094Z ##[endgroup]
end-workflow	Checkout code	2025-04-02T13:41:23.8650148Z Syncing repository: Ka0s-Klaus/ka0s
end-workflow	Checkout code	2025-04-02T13:41:23.8653137Z ##[group]Getting Git version info
end-workflow	Checkout code	2025-04-02T13:41:23.8654207Z Working directory is '/actions-runner/_work/ka0s/ka0s'
end-workflow	Checkout code	2025-04-02T13:41:23.8655701Z [command]/usr/bin/git version
end-workflow	Checkout code	2025-04-02T13:41:23.8656443Z git version 2.48.1
end-workflow	Checkout code	2025-04-02T13:41:23.8681457Z ##[endgroup]
end-workflow	Checkout code	2025-04-02T13:41:23.8695213Z Copying '/home/kaos/.gitconfig' to '/actions-runner/_work/_temp/d49eeafb-5e21-4972-9eb8-d3ddf00cf70b/.gitconfig'
end-workflow	Checkout code	2025-04-02T13:41:23.8711393Z Temporarily overriding HOME='/actions-runner/_work/_temp/d49eeafb-5e21-4972-9eb8-d3ddf00cf70b' before making global git config changes
end-workflow	Checkout code	2025-04-02T13:41:23.8713638Z Adding repository directory to the temporary git global config as a safe directory
end-workflow	Checkout code	2025-04-02T13:41:23.8732323Z [command]/usr/bin/git config --global --add safe.directory /actions-runner/_work/ka0s/ka0s
end-workflow	Checkout code	2025-04-02T13:41:23.8790519Z [command]/usr/bin/git config --local --get remote.origin.url
end-workflow	Checkout code	2025-04-02T13:41:23.8822106Z https://github.com/Ka0s-Klaus/ka0s
end-workflow	Checkout code	2025-04-02T13:41:23.8868869Z ##[group]Removing previously created refs, to avoid conflicts
end-workflow	Checkout code	2025-04-02T13:41:23.8871259Z [command]/usr/bin/git rev-parse --symbolic-full-name --verify --quiet HEAD
end-workflow	Checkout code	2025-04-02T13:41:23.8900625Z refs/heads/H220-web-de-resultados
end-workflow	Checkout code	2025-04-02T13:41:23.8915613Z [command]/usr/bin/git checkout --detach
end-workflow	Checkout code	2025-04-02T13:41:23.9032372Z HEAD is now at dcf3e86 Seccion para modulos creada
end-workflow	Checkout code	2025-04-02T13:41:23.9100673Z [command]/usr/bin/git branch --delete --force H220-web-de-resultados
end-workflow	Checkout code	2025-04-02T13:41:23.9145909Z Deleted branch H220-web-de-resultados (was dcf3e86).
end-workflow	Checkout code	2025-04-02T13:41:23.9226709Z ##[endgroup]
end-workflow	Checkout code	2025-04-02T13:41:23.9229825Z [command]/usr/bin/git submodule status
end-workflow	Checkout code	2025-04-02T13:41:23.9624987Z ##[group]Cleaning the repository
end-workflow	Checkout code	2025-04-02T13:41:23.9627860Z [command]/usr/bin/git clean -ffdx
end-workflow	Checkout code	2025-04-02T13:41:23.9701591Z [command]/usr/bin/git reset --hard HEAD
end-workflow	Checkout code	2025-04-02T13:41:23.9886883Z HEAD is now at dcf3e86 Seccion para modulos creada
end-workflow	Checkout code	2025-04-02T13:41:23.9897958Z ##[endgroup]
end-workflow	Checkout code	2025-04-02T13:41:23.9900607Z ##[group]Disabling automatic garbage collection
end-workflow	Checkout code	2025-04-02T13:41:23.9907393Z [command]/usr/bin/git config --local gc.auto 0
end-workflow	Checkout code	2025-04-02T13:41:23.9951560Z ##[endgroup]
end-workflow	Checkout code	2025-04-02T13:41:23.9952644Z ##[group]Setting up auth
end-workflow	Checkout code	2025-04-02T13:41:23.9960588Z [command]/usr/bin/git config --local --name-only --get-regexp core\.sshCommand
end-workflow	Checkout code	2025-04-02T13:41:24.0010738Z [command]/usr/bin/git submodule foreach --recursive sh -c "git config --local --name-only --get-regexp 'core\.sshCommand' && git config --local --unset-all 'core.sshCommand' || :"
end-workflow	Checkout code	2025-04-02T13:41:24.0390607Z [command]/usr/bin/git config --local --name-only --get-regexp http\.https\:\/\/github\.com\/\.extraheader
end-workflow	Checkout code	2025-04-02T13:41:24.0434755Z [command]/usr/bin/git submodule foreach --recursive sh -c "git config --local --name-only --get-regexp 'http\.https\:\/\/github\.com\/\.extraheader' && git config --local --unset-all 'http.https://github.com/.extraheader' || :"
end-workflow	Checkout code	2025-04-02T13:41:24.0830950Z [command]/usr/bin/git config --local http.https://github.com/.extraheader AUTHORIZATION: basic ***
end-workflow	Checkout code	2025-04-02T13:41:24.0883080Z ##[endgroup]
end-workflow	Checkout code	2025-04-02T13:41:24.0884290Z ##[group]Fetching the repository
end-workflow	Checkout code	2025-04-02T13:41:24.0893449Z [command]/usr/bin/git -c protocol.version=2 fetch --prune --no-recurse-submodules origin +refs/heads/*:refs/remotes/origin/* +refs/tags/*:refs/tags/*
end-workflow	Checkout code	2025-04-02T13:41:24.8373141Z From https://github.com/Ka0s-Klaus/ka0s
end-workflow	Checkout code	2025-04-02T13:41:24.8375243Z    dcf3e86..bb867a8  H220-web-de-resultados -> origin/H220-web-de-resultados
end-workflow	Checkout code	2025-04-02T13:41:24.8531188Z [command]/usr/bin/git branch --list --remote origin/H220-web-de-resultados
end-workflow	Checkout code	2025-04-02T13:41:24.8574490Z   origin/H220-web-de-resultados
end-workflow	Checkout code	2025-04-02T13:41:24.8588248Z [command]/usr/bin/git rev-parse refs/remotes/origin/H220-web-de-resultados
end-workflow	Checkout code	2025-04-02T13:41:24.8621673Z bb867a87a6c055fcf8f8064830b0034fd2024473
end-workflow	Checkout code	2025-04-02T13:41:24.8631390Z ##[endgroup]
end-workflow	Checkout code	2025-04-02T13:41:24.8633091Z ##[group]Determining the checkout info
end-workflow	Checkout code	2025-04-02T13:41:24.8635140Z ##[endgroup]
end-workflow	Checkout code	2025-04-02T13:41:24.8638144Z [command]/usr/bin/git sparse-checkout disable
end-workflow	Checkout code	2025-04-02T13:41:24.8712068Z [command]/usr/bin/git config --local --unset-all extensions.worktreeConfig
end-workflow	Checkout code	2025-04-02T13:41:24.8754590Z ##[group]Checking out the ref
end-workflow	Checkout code	2025-04-02T13:41:24.8760485Z [command]/usr/bin/git checkout --progress --force -B H220-web-de-resultados refs/remotes/origin/H220-web-de-resultados
end-workflow	Checkout code	2025-04-02T13:41:24.8925760Z Previous HEAD position was dcf3e86 Seccion para modulos creada
end-workflow	Checkout code	2025-04-02T13:41:24.8940571Z Switched to a new branch 'H220-web-de-resultados'
end-workflow	Checkout code	2025-04-02T13:41:24.8948431Z branch 'H220-web-de-resultados' set up to track 'origin/H220-web-de-resultados'.
end-workflow	Checkout code	2025-04-02T13:41:24.8961336Z ##[endgroup]
end-workflow	Checkout code	2025-04-02T13:41:24.9014809Z [command]/usr/bin/git log -1 --format=%H
end-workflow	Checkout code	2025-04-02T13:41:24.9052438Z bb867a87a6c055fcf8f8064830b0034fd2024473
end-workflow	Finaliza el workflow	﻿2025-04-02T13:41:24.9408302Z ##[group]Run echo "End process"
end-workflow	Finaliza el workflow	2025-04-02T13:41:24.9409876Z [36;1mecho "End process"[0m
end-workflow	Finaliza el workflow	2025-04-02T13:41:24.9412373Z [36;1mRNNUMBER=$(echo "refs/heads/H220-web-de-resultados" | grep -o '[0-9]*')[0m
end-workflow	Finaliza el workflow	2025-04-02T13:41:24.9414997Z [36;1mgh issue comment $RNNUMBER --body "Se finaliza Ka0s 14221008985"[0m
end-workflow	Finaliza el workflow	2025-04-02T13:41:24.9418464Z [36;1mgh workflow run inspector.yml --ref 'main' -f kaos-issue-id=$RNNUMBER -f kaos-workflow-id="14221008985" -f kaos-user-start=""[0m
end-workflow	Finaliza el workflow	2025-04-02T13:41:24.9437209Z shell: /usr/bin/bash -e {0}
end-workflow	Finaliza el workflow	2025-04-02T13:41:24.9438444Z env:
end-workflow	Finaliza el workflow	2025-04-02T13:41:24.9439380Z   KAOS_MODULE: [Ka0S] JSONLINT
end-workflow	Finaliza el workflow	2025-04-02T13:41:24.9441438Z   GH_TOKEN: ***
end-workflow	Finaliza el workflow	2025-04-02T13:41:24.9442639Z   KAOS_JSONLINT_CONFIG: core/config/.jsonlint.json
end-workflow	Finaliza el workflow	2025-04-02T13:41:24.9444233Z   KAOS_PATH_RESUME: core/outputs/j/
end-workflow	Finaliza el workflow	2025-04-02T13:41:24.9445642Z   KAOS_REPO: /actions-runner/_work/kaos/kaos
end-workflow	Finaliza el workflow	2025-04-02T13:41:24.9447058Z   KAOS_STEP_MODULE: 
end-workflow	Finaliza el workflow	2025-04-02T13:41:24.9448113Z   KAOS_CODE: 14221008985
end-workflow	Finaliza el workflow	2025-04-02T13:41:24.9449218Z   KAOS_REF_BRANCH: main
end-workflow	Finaliza el workflow	2025-04-02T13:41:24.9450980Z ##[endgroup]
end-workflow	Finaliza el workflow	2025-04-02T13:41:24.9533472Z End process
end-workflow	Finaliza el workflow	2025-04-02T13:41:26.5187324Z https://github.com/Ka0s-Klaus/ka0s/issues/220#issuecomment-2772605281
end-workflow	Post Checkout code	﻿2025-04-02T13:41:27.7247078Z Post job cleanup.
end-workflow	Post Checkout code	2025-04-02T13:41:27.8798873Z [command]/usr/bin/git version
end-workflow	Post Checkout code	2025-04-02T13:41:27.8877842Z git version 2.48.1
end-workflow	Post Checkout code	2025-04-02T13:41:27.8938858Z Copying '/home/kaos/.gitconfig' to '/actions-runner/_work/_temp/eb38cdee-fa5e-476e-8a45-3f8db5900d55/.gitconfig'
end-workflow	Post Checkout code	2025-04-02T13:41:27.8959029Z Temporarily overriding HOME='/actions-runner/_work/_temp/eb38cdee-fa5e-476e-8a45-3f8db5900d55' before making global git config changes
end-workflow	Post Checkout code	2025-04-02T13:41:27.8961351Z Adding repository directory to the temporary git global config as a safe directory
end-workflow	Post Checkout code	2025-04-02T13:41:27.8969853Z [command]/usr/bin/git config --global --add safe.directory /actions-runner/_work/ka0s/ka0s
end-workflow	Post Checkout code	2025-04-02T13:41:27.9046743Z [command]/usr/bin/git config --local --name-only --get-regexp core\.sshCommand
end-workflow	Post Checkout code	2025-04-02T13:41:27.9110995Z [command]/usr/bin/git submodule foreach --recursive sh -c "git config --local --name-only --get-regexp 'core\.sshCommand' && git config --local --unset-all 'core.sshCommand' || :"
end-workflow	Post Checkout code	2025-04-02T13:41:27.9698249Z [command]/usr/bin/git config --local --name-only --get-regexp http\.https\:\/\/github\.com\/\.extraheader
end-workflow	Post Checkout code	2025-04-02T13:41:27.9762594Z http.https://github.com/.extraheader
end-workflow	Post Checkout code	2025-04-02T13:41:27.9785414Z [command]/usr/bin/git config --local --unset-all http.https://github.com/.extraheader
end-workflow	Post Checkout code	2025-04-02T13:41:27.9857406Z [command]/usr/bin/git submodule foreach --recursive sh -c "git config --local --name-only --get-regexp 'http\.https\:\/\/github\.com\/\.extraheader' && git config --local --unset-all 'http.https://github.com/.extraheader' || :"
end-workflow	Complete job	﻿2025-04-02T13:41:28.0494898Z Cleaning up orphan processes
