job-core	Set up job	﻿2025-04-14T13:00:12.1846972Z Current runner version: '2.323.0'
job-core	Set up job	2025-04-14T13:00:12.1857050Z Runner name: 'ka0s-1'
job-core	Set up job	2025-04-14T13:00:12.1858413Z Machine name: '419612ea1a87'
job-core	Set up job	2025-04-14T13:00:12.1861926Z ##[group]GITHUB_TOKEN Permissions
job-core	Set up job	2025-04-14T13:00:12.1865641Z Contents: read
job-core	Set up job	2025-04-14T13:00:12.1940228Z Metadata: read
job-core	Set up job	2025-04-14T13:00:12.1941548Z Packages: read
job-core	Set up job	2025-04-14T13:00:12.1942819Z ##[endgroup]
job-core	Set up job	2025-04-14T13:00:12.1945897Z Secret source: Actions
job-core	Set up job	2025-04-14T13:00:12.1946624Z Prepare workflow directory
job-core	Set up job	2025-04-14T13:00:12.2806552Z Prepare all required actions
job-core	Set up job	2025-04-14T13:00:12.2858680Z Getting action download info
job-core	Set up job	2025-04-14T13:00:13.1114546Z Download action repository 'actions/checkout@v3' (SHA:f43a0e5ff2bd294095638e18286ca9a3d1956744)
job-core	Set up job	2025-04-14T13:00:14.8565015Z Complete job name: job-core
job-core	Checkout repository	﻿2025-04-14T13:00:14.9261445Z ##[group]Run actions/checkout@v3
job-core	Checkout repository	2025-04-14T13:00:14.9263129Z with:
job-core	Checkout repository	2025-04-14T13:00:14.9263723Z   fetch-depth: 0
job-core	Checkout repository	2025-04-14T13:00:14.9264672Z   token: ***
job-core	Checkout repository	2025-04-14T13:00:14.9265264Z   repository: Ka0s-Klaus/ka0s
job-core	Checkout repository	2025-04-14T13:00:14.9266057Z   ssh-strict: true
job-core	Checkout repository	2025-04-14T13:00:14.9266688Z   persist-credentials: true
job-core	Checkout repository	2025-04-14T13:00:14.9267376Z   clean: true
job-core	Checkout repository	2025-04-14T13:00:14.9267987Z   sparse-checkout-cone-mode: true
job-core	Checkout repository	2025-04-14T13:00:14.9268722Z   fetch-tags: false
job-core	Checkout repository	2025-04-14T13:00:14.9269313Z   lfs: false
job-core	Checkout repository	2025-04-14T13:00:14.9269878Z   submodules: false
job-core	Checkout repository	2025-04-14T13:00:14.9270495Z   set-safe-directory: true
job-core	Checkout repository	2025-04-14T13:00:14.9271602Z env:
job-core	Checkout repository	2025-04-14T13:00:14.9272422Z   KAOS_CODE: 14446289147
job-core	Checkout repository	2025-04-14T13:00:14.9273158Z   KAOS_EVENT_NAME: push
job-core	Checkout repository	2025-04-14T13:00:14.9273792Z   KAOS_ACTION: 
job-core	Checkout repository	2025-04-14T13:00:14.9274381Z   KAOS_REF: refs/heads/main
job-core	Checkout repository	2025-04-14T13:00:14.9275094Z   KAOS_MODULE: [Ka0S] Deploy Web Structure
job-core	Checkout repository	2025-04-14T13:00:14.9275926Z   KAOS_JSON: core/outputs/webs/
job-core	Checkout repository	2025-04-14T13:00:14.9276738Z   KAOS_WEB_STRUCTURE: core/results/webs/
job-core	Checkout repository	2025-04-14T13:00:14.9277588Z   KAOS_WEB_REQUEST: core/web/structure/*.json
job-core	Checkout repository	2025-04-14T13:00:14.9278401Z   KAOS_ACTOR: santakloud
job-core	Checkout repository	2025-04-14T13:00:14.9279038Z ##[endgroup]
job-core	Checkout repository	2025-04-14T13:00:15.0652546Z Syncing repository: Ka0s-Klaus/ka0s
job-core	Checkout repository	2025-04-14T13:00:15.0657435Z ##[group]Getting Git version info
job-core	Checkout repository	2025-04-14T13:00:15.0659578Z Working directory is '/actions-runner/_work/ka0s/ka0s'
job-core	Checkout repository	2025-04-14T13:00:15.0662520Z [command]/usr/bin/git version
job-core	Checkout repository	2025-04-14T13:00:15.0663956Z git version 2.48.1
job-core	Checkout repository	2025-04-14T13:00:15.0679434Z ##[endgroup]
job-core	Checkout repository	2025-04-14T13:00:15.0694367Z Copying '/home/kaos/.gitconfig' to '/actions-runner/_work/_temp/4e870562-3c48-48dc-aace-c95d47a3593a/.gitconfig'
job-core	Checkout repository	2025-04-14T13:00:15.0712490Z Temporarily overriding HOME='/actions-runner/_work/_temp/4e870562-3c48-48dc-aace-c95d47a3593a' before making global git config changes
job-core	Checkout repository	2025-04-14T13:00:15.0718456Z Adding repository directory to the temporary git global config as a safe directory
job-core	Checkout repository	2025-04-14T13:00:15.0721329Z [command]/usr/bin/git config --global --add safe.directory /actions-runner/_work/ka0s/ka0s
job-core	Checkout repository	2025-04-14T13:00:15.0775759Z [command]/usr/bin/git config --local --get remote.origin.url
job-core	Checkout repository	2025-04-14T13:00:15.0806194Z https://github.com/Ka0s-Klaus/ka0s
job-core	Checkout repository	2025-04-14T13:00:15.0829917Z ##[group]Removing previously created refs, to avoid conflicts
job-core	Checkout repository	2025-04-14T13:00:15.0835577Z [command]/usr/bin/git rev-parse --symbolic-full-name --verify --quiet HEAD
job-core	Checkout repository	2025-04-14T13:00:15.0868058Z refs/heads/main
job-core	Checkout repository	2025-04-14T13:00:15.0881073Z [command]/usr/bin/git checkout --detach
job-core	Checkout repository	2025-04-14T13:00:15.1039826Z HEAD is now at d37fb16 Ampliamos la prueba
job-core	Checkout repository	2025-04-14T13:00:15.1103819Z [command]/usr/bin/git branch --delete --force main
job-core	Checkout repository	2025-04-14T13:00:15.1150278Z Deleted branch main (was d37fb16).
job-core	Checkout repository	2025-04-14T13:00:15.1246182Z ##[endgroup]
job-core	Checkout repository	2025-04-14T13:00:15.1248261Z [command]/usr/bin/git submodule status
job-core	Checkout repository	2025-04-14T13:00:15.1682018Z ##[group]Cleaning the repository
job-core	Checkout repository	2025-04-14T13:00:15.1686301Z [command]/usr/bin/git clean -ffdx
job-core	Checkout repository	2025-04-14T13:00:15.1764804Z [command]/usr/bin/git reset --hard HEAD
job-core	Checkout repository	2025-04-14T13:00:15.1993495Z HEAD is now at d37fb16 Ampliamos la prueba
job-core	Checkout repository	2025-04-14T13:00:15.2005618Z ##[endgroup]
job-core	Checkout repository	2025-04-14T13:00:15.2007919Z ##[group]Disabling automatic garbage collection
job-core	Checkout repository	2025-04-14T13:00:15.2010357Z [command]/usr/bin/git config --local gc.auto 0
job-core	Checkout repository	2025-04-14T13:00:15.2052629Z ##[endgroup]
job-core	Checkout repository	2025-04-14T13:00:15.2054451Z ##[group]Setting up auth
job-core	Checkout repository	2025-04-14T13:00:15.2060468Z [command]/usr/bin/git config --local --name-only --get-regexp core\.sshCommand
job-core	Checkout repository	2025-04-14T13:00:15.2106269Z [command]/usr/bin/git submodule foreach --recursive sh -c "git config --local --name-only --get-regexp 'core\.sshCommand' && git config --local --unset-all 'core.sshCommand' || :"
job-core	Checkout repository	2025-04-14T13:00:15.2487564Z [command]/usr/bin/git config --local --name-only --get-regexp http\.https\:\/\/github\.com\/\.extraheader
job-core	Checkout repository	2025-04-14T13:00:15.2529486Z [command]/usr/bin/git submodule foreach --recursive sh -c "git config --local --name-only --get-regexp 'http\.https\:\/\/github\.com\/\.extraheader' && git config --local --unset-all 'http.https://github.com/.extraheader' || :"
job-core	Checkout repository	2025-04-14T13:00:15.2937119Z [command]/usr/bin/git config --local http.https://github.com/.extraheader AUTHORIZATION: basic ***
job-core	Checkout repository	2025-04-14T13:00:15.2995251Z ##[endgroup]
job-core	Checkout repository	2025-04-14T13:00:15.2997196Z ##[group]Fetching the repository
job-core	Checkout repository	2025-04-14T13:00:15.3006730Z [command]/usr/bin/git -c protocol.version=2 fetch --prune --progress --no-recurse-submodules origin +refs/heads/*:refs/remotes/origin/* +refs/tags/*:refs/tags/*
job-core	Checkout repository	2025-04-14T13:00:16.3315785Z remote: Enumerating objects: 54, done.        
job-core	Checkout repository	2025-04-14T13:00:16.3318953Z remote: Counting objects:   1% (1/54)        
job-core	Checkout repository	2025-04-14T13:00:16.3321901Z remote: Counting objects:   3% (2/54)        
job-core	Checkout repository	2025-04-14T13:00:16.3324789Z remote: Counting objects:   5% (3/54)        
job-core	Checkout repository	2025-04-14T13:00:16.3326198Z remote: Counting objects:   7% (4/54)        
job-core	Checkout repository	2025-04-14T13:00:16.3327567Z remote: Counting objects:   9% (5/54)        
job-core	Checkout repository	2025-04-14T13:00:16.3328987Z remote: Counting objects:  11% (6/54)        
job-core	Checkout repository	2025-04-14T13:00:16.3330459Z remote: Counting objects:  12% (7/54)        
job-core	Checkout repository	2025-04-14T13:00:16.3331849Z remote: Counting objects:  14% (8/54)        
job-core	Checkout repository	2025-04-14T13:00:16.3333397Z remote: Counting objects:  16% (9/54)        
job-core	Checkout repository	2025-04-14T13:00:16.3334837Z remote: Counting objects:  18% (10/54)        
job-core	Checkout repository	2025-04-14T13:00:16.3336282Z remote: Counting objects:  20% (11/54)        
job-core	Checkout repository	2025-04-14T13:00:16.3337763Z remote: Counting objects:  22% (12/54)        
job-core	Checkout repository	2025-04-14T13:00:16.3339237Z remote: Counting objects:  24% (13/54)        
job-core	Checkout repository	2025-04-14T13:00:16.3340750Z remote: Counting objects:  25% (14/54)        
job-core	Checkout repository	2025-04-14T13:00:16.3342345Z remote: Counting objects:  27% (15/54)        
job-core	Checkout repository	2025-04-14T13:00:16.3343876Z remote: Counting objects:  29% (16/54)        
job-core	Checkout repository	2025-04-14T13:00:16.3345403Z remote: Counting objects:  31% (17/54)        
job-core	Checkout repository	2025-04-14T13:00:16.3346906Z remote: Counting objects:  33% (18/54)        
job-core	Checkout repository	2025-04-14T13:00:16.3348662Z remote: Counting objects:  35% (19/54)        
job-core	Checkout repository	2025-04-14T13:00:16.3350202Z remote: Counting objects:  37% (20/54)        
job-core	Checkout repository	2025-04-14T13:00:16.3351712Z remote: Counting objects:  38% (21/54)        
job-core	Checkout repository	2025-04-14T13:00:16.3353650Z remote: Counting objects:  40% (22/54)        
job-core	Checkout repository	2025-04-14T13:00:16.3355336Z remote: Counting objects:  42% (23/54)        
job-core	Checkout repository	2025-04-14T13:00:16.3357001Z remote: Counting objects:  44% (24/54)        
job-core	Checkout repository	2025-04-14T13:00:16.3358669Z remote: Counting objects:  46% (25/54)        
job-core	Checkout repository	2025-04-14T13:00:16.3360469Z remote: Counting objects:  48% (26/54)        
job-core	Checkout repository	2025-04-14T13:00:16.3363134Z remote: Counting objects:  50% (27/54)        
job-core	Checkout repository	2025-04-14T13:00:16.3365343Z remote: Counting objects:  51% (28/54)        
job-core	Checkout repository	2025-04-14T13:00:16.3369079Z remote: Counting objects:  53% (29/54)        
job-core	Checkout repository	2025-04-14T13:00:16.3371039Z remote: Counting objects:  55% (30/54)        
job-core	Checkout repository	2025-04-14T13:00:16.3372884Z remote: Counting objects:  57% (31/54)        
job-core	Checkout repository	2025-04-14T13:00:16.3374617Z remote: Counting objects:  59% (32/54)        
job-core	Checkout repository	2025-04-14T13:00:16.3376481Z remote: Counting objects:  61% (33/54)        
job-core	Checkout repository	2025-04-14T13:00:16.3378516Z remote: Counting objects:  62% (34/54)        
job-core	Checkout repository	2025-04-14T13:00:16.3380336Z remote: Counting objects:  64% (35/54)        
job-core	Checkout repository	2025-04-14T13:00:16.3382295Z remote: Counting objects:  66% (36/54)        
job-core	Checkout repository	2025-04-14T13:00:16.3384683Z remote: Counting objects:  68% (37/54)        
job-core	Checkout repository	2025-04-14T13:00:16.3386504Z remote: Counting objects:  70% (38/54)        
job-core	Checkout repository	2025-04-14T13:00:16.3388321Z remote: Counting objects:  72% (39/54)        
job-core	Checkout repository	2025-04-14T13:00:16.3390143Z remote: Counting objects:  74% (40/54)        
job-core	Checkout repository	2025-04-14T13:00:16.3391972Z remote: Counting objects:  75% (41/54)        
job-core	Checkout repository	2025-04-14T13:00:16.3394496Z remote: Counting objects:  77% (42/54)        
job-core	Checkout repository	2025-04-14T13:00:16.3396335Z remote: Counting objects:  79% (43/54)        
job-core	Checkout repository	2025-04-14T13:00:16.3398131Z remote: Counting objects:  81% (44/54)        
job-core	Checkout repository	2025-04-14T13:00:16.3400133Z remote: Counting objects:  83% (45/54)        
job-core	Checkout repository	2025-04-14T13:00:16.3403111Z remote: Counting objects:  85% (46/54)        
job-core	Checkout repository	2025-04-14T13:00:16.3405235Z remote: Counting objects:  87% (47/54)        
job-core	Checkout repository	2025-04-14T13:00:16.3406946Z remote: Counting objects:  88% (48/54)        
job-core	Checkout repository	2025-04-14T13:00:16.3408695Z remote: Counting objects:  90% (49/54)        
job-core	Checkout repository	2025-04-14T13:00:16.3410456Z remote: Counting objects:  92% (50/54)        
job-core	Checkout repository	2025-04-14T13:00:16.3412598Z remote: Counting objects:  94% (51/54)        
job-core	Checkout repository	2025-04-14T13:00:16.3416060Z remote: Counting objects:  96% (52/54)        
job-core	Checkout repository	2025-04-14T13:00:16.3417824Z remote: Counting objects:  98% (53/54)        
job-core	Checkout repository	2025-04-14T13:00:16.3419504Z remote: Counting objects: 100% (54/54)        
job-core	Checkout repository	2025-04-14T13:00:16.3421282Z remote: Counting objects: 100% (54/54), done.        
job-core	Checkout repository	2025-04-14T13:00:16.3423294Z remote: Compressing objects:   4% (1/25)        
job-core	Checkout repository	2025-04-14T13:00:16.3425077Z remote: Compressing objects:   8% (2/25)        
job-core	Checkout repository	2025-04-14T13:00:16.3426856Z remote: Compressing objects:  12% (3/25)        
job-core	Checkout repository	2025-04-14T13:00:16.3428782Z remote: Compressing objects:  16% (4/25)        
job-core	Checkout repository	2025-04-14T13:00:16.3430571Z remote: Compressing objects:  20% (5/25)        
job-core	Checkout repository	2025-04-14T13:00:16.3432487Z remote: Compressing objects:  24% (6/25)        
job-core	Checkout repository	2025-04-14T13:00:16.3434281Z remote: Compressing objects:  28% (7/25)        
job-core	Checkout repository	2025-04-14T13:00:16.3436054Z remote: Compressing objects:  32% (8/25)        
job-core	Checkout repository	2025-04-14T13:00:16.3437801Z remote: Compressing objects:  36% (9/25)        
job-core	Checkout repository	2025-04-14T13:00:16.3439565Z remote: Compressing objects:  40% (10/25)        
job-core	Checkout repository	2025-04-14T13:00:16.3442931Z remote: Compressing objects:  44% (11/25)        
job-core	Checkout repository	2025-04-14T13:00:16.3444835Z remote: Compressing objects:  48% (12/25)        
job-core	Checkout repository	2025-04-14T13:00:16.3446643Z remote: Compressing objects:  52% (13/25)        
job-core	Checkout repository	2025-04-14T13:00:16.3448446Z remote: Compressing objects:  56% (14/25)        
job-core	Checkout repository	2025-04-14T13:00:16.3450277Z remote: Compressing objects:  60% (15/25)        
job-core	Checkout repository	2025-04-14T13:00:16.3453418Z remote: Compressing objects:  64% (16/25)        
job-core	Checkout repository	2025-04-14T13:00:16.3455248Z remote: Compressing objects:  68% (17/25)        
job-core	Checkout repository	2025-04-14T13:00:16.3457039Z remote: Compressing objects:  72% (18/25)        
job-core	Checkout repository	2025-04-14T13:00:16.3458886Z remote: Compressing objects:  76% (19/25)        
job-core	Checkout repository	2025-04-14T13:00:16.3460652Z remote: Compressing objects:  80% (20/25)        
job-core	Checkout repository	2025-04-14T13:00:16.3462580Z remote: Compressing objects:  84% (21/25)        
job-core	Checkout repository	2025-04-14T13:00:16.3464323Z remote: Compressing objects:  88% (22/25)        
job-core	Checkout repository	2025-04-14T13:00:16.3466063Z remote: Compressing objects:  92% (23/25)        
job-core	Checkout repository	2025-04-14T13:00:16.3467808Z remote: Compressing objects:  96% (24/25)        
job-core	Checkout repository	2025-04-14T13:00:16.3469604Z remote: Compressing objects: 100% (25/25)        
job-core	Checkout repository	2025-04-14T13:00:16.3471498Z remote: Compressing objects: 100% (25/25), done.        
job-core	Checkout repository	2025-04-14T13:00:16.3729771Z remote: Total 42 (delta 27), reused 29 (delta 14), pack-reused 0 (from 0)        
job-core	Checkout repository	2025-04-14T13:00:16.4136186Z From https://github.com/Ka0s-Klaus/ka0s
job-core	Checkout repository	2025-04-14T13:00:16.4138841Z    d37fb16..b240821  main       -> origin/main
job-core	Checkout repository	2025-04-14T13:00:16.4221664Z [command]/usr/bin/git branch --list --remote origin/main
job-core	Checkout repository	2025-04-14T13:00:16.4275279Z   origin/main
job-core	Checkout repository	2025-04-14T13:00:16.4285912Z [command]/usr/bin/git rev-parse refs/remotes/origin/main
job-core	Checkout repository	2025-04-14T13:00:16.4317122Z b24082146aab5c9e98194e9783bbe7ddde4e2ff4
job-core	Checkout repository	2025-04-14T13:00:16.4325377Z ##[endgroup]
job-core	Checkout repository	2025-04-14T13:00:16.4327997Z ##[group]Determining the checkout info
job-core	Checkout repository	2025-04-14T13:00:16.4331056Z ##[endgroup]
job-core	Checkout repository	2025-04-14T13:00:16.4333674Z ##[group]Checking out the ref
job-core	Checkout repository	2025-04-14T13:00:16.4336702Z [command]/usr/bin/git checkout --progress --force -B main refs/remotes/origin/main
job-core	Checkout repository	2025-04-14T13:00:16.4697111Z Previous HEAD position was d37fb16 Ampliamos la prueba
job-core	Checkout repository	2025-04-14T13:00:16.4710261Z Switched to a new branch 'main'
job-core	Checkout repository	2025-04-14T13:00:16.4716828Z branch 'main' set up to track 'origin/main'.
job-core	Checkout repository	2025-04-14T13:00:16.4728760Z ##[endgroup]
job-core	Checkout repository	2025-04-14T13:00:16.4781641Z [command]/usr/bin/git log -1 --format='%H'
job-core	Checkout repository	2025-04-14T13:00:16.4822949Z 'b24082146aab5c9e98194e9783bbe7ddde4e2ff4'
job-core	Copy web folder structure	﻿2025-04-14T13:00:16.5123630Z ##[group]Run # Read the structure.json file to get folder names
job-core	Copy web folder structure	2025-04-14T13:00:16.5125987Z [36;1m# Read the structure.json file to get folder names[0m
job-core	Copy web folder structure	2025-04-14T13:00:16.5127797Z [36;1mecho "0 - Reading structure.json file..."[0m
job-core	Copy web folder structure	2025-04-14T13:00:16.5129492Z [36;1mSTRUCTURE_FILE="core/web/structure/*.json"[0m
job-core	Copy web folder structure	2025-04-14T13:00:16.5131022Z [36;1m[0m
job-core	Copy web folder structure	2025-04-14T13:00:16.5132185Z [36;1m# Extract title for main folder name[0m
job-core	Copy web folder structure	2025-04-14T13:00:16.5134239Z [36;1mTITLE=$(cat $STRUCTURE_FILE | grep -o '"title": *"[^"]*"' | cut -d'"' -f4)[0m
job-core	Copy web folder structure	2025-04-14T13:00:16.5136386Z [36;1mecho "I - Main folder will be named: $TITLE"[0m
job-core	Copy web folder structure	2025-04-14T13:00:16.5137814Z [36;1m[0m
job-core	Copy web folder structure	2025-04-14T13:00:16.5138767Z [36;1m# Create main directory[0m
job-core	Copy web folder structure	2025-04-14T13:00:16.5140132Z [36;1mmkdir -p "core/results/webs/$TITLE"[0m
job-core	Copy web folder structure	2025-04-14T13:00:16.5141490Z [36;1m[0m
job-core	Copy web folder structure	2025-04-14T13:00:16.5142801Z [36;1m# Extract section names and create subfolders[0m
job-core	Copy web folder structure	2025-04-14T13:00:16.5145052Z [36;1mcat $STRUCTURE_FILE | grep -o '"section[^"]*": *"[^"]*"' | while read -r section; do[0m
job-core	Copy web folder structure	2025-04-14T13:00:16.5147392Z [36;1m  SECTION_NAME=$(echo $section | cut -d'"' -f4)[0m
job-core	Copy web folder structure	2025-04-14T13:00:16.5149148Z [36;1m  echo "II - Creating subfolder: $SECTION_NAME"[0m
job-core	Copy web folder structure	2025-04-14T13:00:16.5150920Z [36;1m  mkdir -p "core/results/webs/$TITLE/$SECTION_NAME"[0m
job-core	Copy web folder structure	2025-04-14T13:00:16.5152652Z [36;1mdone[0m
job-core	Copy web folder structure	2025-04-14T13:00:16.5153566Z [36;1m[0m
job-core	Copy web folder structure	2025-04-14T13:00:16.5154691Z [36;1m# Copy the directory structure (without files)[0m
job-core	Copy web folder structure	2025-04-14T13:00:16.5156403Z [36;1mfind core/web -type d | while read dir; do[0m
job-core	Copy web folder structure	2025-04-14T13:00:16.5157941Z [36;1m  if [ "$dir" != "core/web" ]; then[0m
job-core	Copy web folder structure	2025-04-14T13:00:16.5159521Z [36;1m    # Remove core/web prefix from directory path[0m
job-core	Copy web folder structure	2025-04-14T13:00:16.5161148Z [36;1m    clean_dir=${dir#core/web/}[0m
job-core	Copy web folder structure	2025-04-14T13:00:16.5162831Z [36;1m    echo "III - Created directory: $clean_dir"[0m
job-core	Copy web folder structure	2025-04-14T13:00:16.5164592Z [36;1m    target_dir="core/results/webs/$TITLE/$clean_dir"[0m
job-core	Copy web folder structure	2025-04-14T13:00:16.5166223Z [36;1m    mkdir -p "$target_dir"[0m
job-core	Copy web folder structure	2025-04-14T13:00:16.5167741Z [36;1m    echo "III - Created directory: $target_dir"[0m
job-core	Copy web folder structure	2025-04-14T13:00:16.5169204Z [36;1m  fi[0m
job-core	Copy web folder structure	2025-04-14T13:00:16.5170110Z [36;1mdone[0m
job-core	Copy web folder structure	2025-04-14T13:00:16.5171018Z [36;1m[0m
job-core	Copy web folder structure	2025-04-14T13:00:16.5172471Z [36;1m# Create a JSON file with the structure information[0m
job-core	Copy web folder structure	2025-04-14T13:00:16.5174388Z [36;1mecho "[" > core/results/webs/$TITLE/structure.json[0m
job-core	Copy web folder structure	2025-04-14T13:00:16.5176250Z [36;1mfind core/web -type d | sort | while read dir; do[0m
job-core	Copy web folder structure	2025-04-14T13:00:16.5177906Z [36;1m  if [ "$dir" != "core/web" ]; then[0m
job-core	Copy web folder structure	2025-04-14T13:00:16.5179794Z [36;1m    echo "  {\"FullName\": \"$dir\"}," >> core/results/webs/$TITLE/structure.json[0m
job-core	Copy web folder structure	2025-04-14T13:00:16.5181620Z [36;1m  fi[0m
job-core	Copy web folder structure	2025-04-14T13:00:16.5182729Z [36;1mdone[0m
job-core	Copy web folder structure	2025-04-14T13:00:16.5184021Z [36;1m# Remove the last comma and close the JSON array[0m
job-core	Copy web folder structure	2025-04-14T13:00:16.5186993Z [36;1msed -i '$ s/,$//' core/results/webs/$TITLE/*.json[0m
job-core	Copy web folder structure	2025-04-14T13:00:16.5189109Z [36;1mecho "]" >> core/results/webs/$TITLE/*.json[0m
job-core	Copy web folder structure	2025-04-14T13:00:16.5190582Z [36;1m[0m
job-core	Copy web folder structure	2025-04-14T13:00:16.5191809Z [36;1mecho "IV - Web folder structure copied successfully!"[0m
job-core	Copy web folder structure	2025-04-14T13:00:16.5210809Z shell: /usr/bin/bash -e {0}
job-core	Copy web folder structure	2025-04-14T13:00:16.5212284Z env:
job-core	Copy web folder structure	2025-04-14T13:00:16.5213557Z   KAOS_CODE: 14446289147
job-core	Copy web folder structure	2025-04-14T13:00:16.5214646Z   KAOS_EVENT_NAME: push
job-core	Copy web folder structure	2025-04-14T13:00:16.5215675Z   KAOS_ACTION: 
job-core	Copy web folder structure	2025-04-14T13:00:16.5216630Z   KAOS_REF: refs/heads/main
job-core	Copy web folder structure	2025-04-14T13:00:16.5217811Z   KAOS_MODULE: [Ka0S] Deploy Web Structure
job-core	Copy web folder structure	2025-04-14T13:00:16.5219156Z   KAOS_JSON: core/outputs/webs/
job-core	Copy web folder structure	2025-04-14T13:00:16.5220369Z   KAOS_WEB_STRUCTURE: core/results/webs/
job-core	Copy web folder structure	2025-04-14T13:00:16.5221784Z   KAOS_WEB_REQUEST: core/web/structure/*.json
job-core	Copy web folder structure	2025-04-14T13:00:16.5223221Z   KAOS_ACTOR: santakloud
job-core	Copy web folder structure	2025-04-14T13:00:16.5224237Z ##[endgroup]
job-core	Copy web folder structure	2025-04-14T13:00:16.5311462Z 0 - Reading structure.json file...
job-core	Copy web folder structure	2025-04-14T13:00:16.5346830Z I - Main folder will be named: dashboard
job-core	Copy web folder structure	2025-04-14T13:00:16.5420592Z II - Creating subfolder: inicio
job-core	Copy web folder structure	2025-04-14T13:00:16.5470465Z II - Creating subfolder: leadtime
job-core	Copy web folder structure	2025-04-14T13:00:16.5516086Z II - Creating subfolder: workflows
job-core	Copy web folder structure	2025-04-14T13:00:16.5562437Z III - Created directory: js
job-core	Copy web folder structure	2025-04-14T13:00:16.5587538Z III - Created directory: core/results/webs/dashboard/js
job-core	Copy web folder structure	2025-04-14T13:00:16.5589478Z III - Created directory: custom
job-core	Copy web folder structure	2025-04-14T13:00:16.5612252Z III - Created directory: core/results/webs/dashboard/custom
job-core	Copy web folder structure	2025-04-14T13:00:16.5617092Z III - Created directory: templates
job-core	Copy web folder structure	2025-04-14T13:00:16.5635043Z III - Created directory: core/results/webs/dashboard/templates
job-core	Copy web folder structure	2025-04-14T13:00:16.5637769Z III - Created directory: structure
job-core	Copy web folder structure	2025-04-14T13:00:16.5661093Z III - Created directory: core/results/webs/dashboard/structure
job-core	Copy web folder structure	2025-04-14T13:00:16.5666523Z III - Created directory: structure/structure1
job-core	Copy web folder structure	2025-04-14T13:00:16.5684488Z III - Created directory: core/results/webs/dashboard/structure/structure1
job-core	Copy web folder structure	2025-04-14T13:00:16.5686783Z III - Created directory: data
job-core	Copy web folder structure	2025-04-14T13:00:16.5710174Z III - Created directory: core/results/webs/dashboard/data
job-core	Copy web folder structure	2025-04-14T13:00:16.5774475Z IV - Web folder structure copied successfully!
job-core	Upload Files	﻿2025-04-14T13:00:16.5960894Z ##[group]Run echo "Uploading files to the repository..."
job-core	Upload Files	2025-04-14T13:00:16.5962966Z [36;1mecho "Uploading files to the repository..."[0m
job-core	Upload Files	2025-04-14T13:00:16.5965019Z [36;1mgit config --global user.name "***"[0m
job-core	Upload Files	2025-04-14T13:00:16.5966638Z [36;1mgit config --global user.email "***"[0m
job-core	Upload Files	2025-04-14T13:00:16.5967992Z [36;1mgit pull[0m
job-core	Upload Files	2025-04-14T13:00:16.5969499Z [36;1m# Asegurarse de que la carpeta web_structure se añade explicitamente[0m
job-core	Upload Files	2025-04-14T13:00:16.5971391Z [36;1mgit add core/results/webs/*[0m
job-core	Upload Files	2025-04-14T13:00:16.5972958Z [36;1m# Verificar si hay cambios para hacer commit[0m
job-core	Upload Files	2025-04-14T13:00:16.5974521Z [36;1mif git diff --staged --quiet; then[0m
job-core	Upload Files	2025-04-14T13:00:16.5975983Z [36;1m  echo "No hay cambios para hacer commit"[0m
job-core	Upload Files	2025-04-14T13:00:16.5977382Z [36;1melse[0m
job-core	Upload Files	2025-04-14T13:00:16.5979217Z [36;1m  git commit -m "[Ka0S] Uploading resume execution files and web structure to the repository..."[0m
job-core	Upload Files	2025-04-14T13:00:16.5981551Z [36;1m  git push origin refs/heads/main[0m
job-core	Upload Files	2025-04-14T13:00:16.5983091Z [36;1mfi[0m
job-core	Upload Files	2025-04-14T13:00:16.5995279Z shell: /usr/bin/bash -e {0}
job-core	Upload Files	2025-04-14T13:00:16.5996451Z env:
job-core	Upload Files	2025-04-14T13:00:16.5997304Z   KAOS_CODE: 14446289147
job-core	Upload Files	2025-04-14T13:00:16.5998347Z   KAOS_EVENT_NAME: push
job-core	Upload Files	2025-04-14T13:00:16.5999352Z   KAOS_ACTION: 
job-core	Upload Files	2025-04-14T13:00:16.6002314Z   KAOS_REF: refs/heads/main
job-core	Upload Files	2025-04-14T13:00:16.6003537Z   KAOS_MODULE: [Ka0S] Deploy Web Structure
job-core	Upload Files	2025-04-14T13:00:16.6004887Z   KAOS_JSON: core/outputs/webs/
job-core	Upload Files	2025-04-14T13:00:16.6006097Z   KAOS_WEB_STRUCTURE: core/results/webs/
job-core	Upload Files	2025-04-14T13:00:16.6007487Z   KAOS_WEB_REQUEST: core/web/structure/*.json
job-core	Upload Files	2025-04-14T13:00:16.6008846Z   KAOS_ACTOR: santakloud
job-core	Upload Files	2025-04-14T13:00:16.6009864Z ##[endgroup]
job-core	Upload Files	2025-04-14T13:00:16.6062368Z Uploading files to the repository...
job-core	Upload Files	2025-04-14T13:00:17.3295655Z Already up to date.
job-core	Upload Files	2025-04-14T13:00:17.3669667Z [main 71256af] [Ka0S] Uploading resume execution files and web structure to the repository...
job-core	Upload Files	2025-04-14T13:00:17.3676475Z  1 file changed, 8 insertions(+)
job-core	Upload Files	2025-04-14T13:00:17.3679221Z  create mode 100644 core/results/webs/dashboard/structure.json
job-core	Upload Files	2025-04-14T13:00:18.5321166Z To https://github.com/Ka0s-Klaus/ka0s
job-core	Upload Files	2025-04-14T13:00:18.5323306Z    b240821..71256af  main -> main
job-core	Post Checkout repository	﻿2025-04-14T13:00:18.5546115Z Post job cleanup.
job-core	Post Checkout repository	2025-04-14T13:00:18.6551430Z [command]/usr/bin/git version
job-core	Post Checkout repository	2025-04-14T13:00:18.6606786Z git version 2.48.1
job-core	Post Checkout repository	2025-04-14T13:00:18.6664041Z Copying '/home/kaos/.gitconfig' to '/actions-runner/_work/_temp/1e94459a-52ef-4603-99c7-68b7200c1979/.gitconfig'
job-core	Post Checkout repository	2025-04-14T13:00:18.6679731Z Temporarily overriding HOME='/actions-runner/_work/_temp/1e94459a-52ef-4603-99c7-68b7200c1979' before making global git config changes
job-core	Post Checkout repository	2025-04-14T13:00:18.6681554Z Adding repository directory to the temporary git global config as a safe directory
job-core	Post Checkout repository	2025-04-14T13:00:18.6689423Z [command]/usr/bin/git config --global --add safe.directory /actions-runner/_work/ka0s/ka0s
job-core	Post Checkout repository	2025-04-14T13:00:18.6749940Z [command]/usr/bin/git config --local --name-only --get-regexp core\.sshCommand
job-core	Post Checkout repository	2025-04-14T13:00:18.6807501Z [command]/usr/bin/git submodule foreach --recursive sh -c "git config --local --name-only --get-regexp 'core\.sshCommand' && git config --local --unset-all 'core.sshCommand' || :"
job-core	Post Checkout repository	2025-04-14T13:00:18.7227606Z [command]/usr/bin/git config --local --name-only --get-regexp http\.https\:\/\/github\.com\/\.extraheader
job-core	Post Checkout repository	2025-04-14T13:00:18.7258572Z http.https://github.com/.extraheader
job-core	Post Checkout repository	2025-04-14T13:00:18.7273268Z [command]/usr/bin/git config --local --unset-all http.https://github.com/.extraheader
job-core	Post Checkout repository	2025-04-14T13:00:18.7316641Z [command]/usr/bin/git submodule foreach --recursive sh -c "git config --local --name-only --get-regexp 'http\.https\:\/\/github\.com\/\.extraheader' && git config --local --unset-all 'http.https://github.com/.extraheader' || :"
job-core	Complete job	﻿2025-04-14T13:00:18.7858200Z Cleaning up orphan processes
handle-success	Set up job	﻿2025-04-14T13:00:58.1079162Z Current runner version: '2.323.0'
handle-success	Set up job	2025-04-14T13:00:58.1088906Z Runner name: 'ka0s-2'
handle-success	Set up job	2025-04-14T13:00:58.1090100Z Machine name: '419612ea1a87'
handle-success	Set up job	2025-04-14T13:00:58.1093988Z ##[group]GITHUB_TOKEN Permissions
handle-success	Set up job	2025-04-14T13:00:58.1097086Z Contents: read
handle-success	Set up job	2025-04-14T13:00:58.1097949Z Metadata: read
handle-success	Set up job	2025-04-14T13:00:58.1098591Z Packages: read
handle-success	Set up job	2025-04-14T13:00:58.1099375Z ##[endgroup]
handle-success	Set up job	2025-04-14T13:00:58.1102382Z Secret source: Actions
handle-success	Set up job	2025-04-14T13:00:58.1103555Z Prepare workflow directory
handle-success	Set up job	2025-04-14T13:00:58.2009082Z Prepare all required actions
handle-success	Set up job	2025-04-14T13:00:58.2060517Z Getting action download info
handle-success	Set up job	2025-04-14T13:00:59.0392926Z Download action repository 'actions/checkout@v4' (SHA:11bd71901bbe5b1630ceea73d27597364c9af683)
handle-success	Set up job	2025-04-14T13:01:01.1096856Z Complete job name: handle-success
handle-success	Checkout code	﻿2025-04-14T13:01:01.1932011Z ##[group]Run actions/checkout@v4
handle-success	Checkout code	2025-04-14T13:01:01.1934488Z with:
handle-success	Checkout code	2025-04-14T13:01:01.1935498Z   fetch-depth: 0
handle-success	Checkout code	2025-04-14T13:01:01.1937180Z   token: ***
handle-success	Checkout code	2025-04-14T13:01:01.1939113Z   repository: Ka0s-Klaus/ka0s
handle-success	Checkout code	2025-04-14T13:01:01.1940533Z   ssh-strict: true
handle-success	Checkout code	2025-04-14T13:01:01.1941851Z   ssh-user: git
handle-success	Checkout code	2025-04-14T13:01:01.1942944Z   persist-credentials: true
handle-success	Checkout code	2025-04-14T13:01:01.1944064Z   clean: true
handle-success	Checkout code	2025-04-14T13:01:01.1945063Z   sparse-checkout-cone-mode: true
handle-success	Checkout code	2025-04-14T13:01:01.1946372Z   fetch-tags: false
handle-success	Checkout code	2025-04-14T13:01:01.1947500Z   show-progress: true
handle-success	Checkout code	2025-04-14T13:01:01.1948616Z   lfs: false
handle-success	Checkout code	2025-04-14T13:01:01.1949625Z   submodules: false
handle-success	Checkout code	2025-04-14T13:01:01.1951049Z   set-safe-directory: true
handle-success	Checkout code	2025-04-14T13:01:01.1952765Z env:
handle-success	Checkout code	2025-04-14T13:01:01.1953660Z   KAOS_CODE: 14446289147
handle-success	Checkout code	2025-04-14T13:01:01.1954738Z   KAOS_EVENT_NAME: push
handle-success	Checkout code	2025-04-14T13:01:01.1955829Z   KAOS_ACTION: 
handle-success	Checkout code	2025-04-14T13:01:01.1956833Z   KAOS_REF: refs/heads/main
handle-success	Checkout code	2025-04-14T13:01:01.1958120Z   KAOS_MODULE: [Ka0S] Deploy Web Structure
handle-success	Checkout code	2025-04-14T13:01:01.1959669Z   KAOS_JSON: core/outputs/webs/
handle-success	Checkout code	2025-04-14T13:01:01.1960985Z   KAOS_WEB_STRUCTURE: core/results/webs/
handle-success	Checkout code	2025-04-14T13:01:01.1962692Z   KAOS_WEB_REQUEST: core/web/structure/*.json
handle-success	Checkout code	2025-04-14T13:01:01.1964214Z   KAOS_ACTOR: santakloud
handle-success	Checkout code	2025-04-14T13:01:01.1965308Z ##[endgroup]
handle-success	Checkout code	2025-04-14T13:01:01.3581508Z Syncing repository: Ka0s-Klaus/ka0s
handle-success	Checkout code	2025-04-14T13:01:01.3587155Z ##[group]Getting Git version info
handle-success	Checkout code	2025-04-14T13:01:01.3590201Z Working directory is '/actions-runner/_work/ka0s/ka0s'
handle-success	Checkout code	2025-04-14T13:01:01.3594896Z [command]/usr/bin/git version
handle-success	Checkout code	2025-04-14T13:01:01.3597069Z git version 2.48.1
handle-success	Checkout code	2025-04-14T13:01:01.3604083Z ##[endgroup]
handle-success	Checkout code	2025-04-14T13:01:01.3618166Z Copying '/home/kaos/.gitconfig' to '/actions-runner/_work/_temp/d6a5a1f4-3769-4b5b-b16f-9c766b5323a0/.gitconfig'
handle-success	Checkout code	2025-04-14T13:01:01.3636919Z Temporarily overriding HOME='/actions-runner/_work/_temp/d6a5a1f4-3769-4b5b-b16f-9c766b5323a0' before making global git config changes
handle-success	Checkout code	2025-04-14T13:01:01.3644258Z Adding repository directory to the temporary git global config as a safe directory
handle-success	Checkout code	2025-04-14T13:01:01.3651963Z [command]/usr/bin/git config --global --add safe.directory /actions-runner/_work/ka0s/ka0s
handle-success	Checkout code	2025-04-14T13:01:01.3709095Z [command]/usr/bin/git config --local --get remote.origin.url
handle-success	Checkout code	2025-04-14T13:01:01.3740660Z https://github.com/Ka0s-Klaus/ka0s
handle-success	Checkout code	2025-04-14T13:01:01.3773605Z ##[group]Removing previously created refs, to avoid conflicts
handle-success	Checkout code	2025-04-14T13:01:01.3782328Z [command]/usr/bin/git rev-parse --symbolic-full-name --verify --quiet HEAD
handle-success	Checkout code	2025-04-14T13:01:01.3814897Z refs/heads/main
handle-success	Checkout code	2025-04-14T13:01:01.3832728Z [command]/usr/bin/git checkout --detach
handle-success	Checkout code	2025-04-14T13:01:01.3996770Z HEAD is now at 8df2a784 Ejecutamos una prueba a main
handle-success	Checkout code	2025-04-14T13:01:01.4063083Z [command]/usr/bin/git branch --delete --force main
handle-success	Checkout code	2025-04-14T13:01:01.4107208Z Deleted branch main (was 8df2a784).
handle-success	Checkout code	2025-04-14T13:01:01.4187502Z ##[endgroup]
handle-success	Checkout code	2025-04-14T13:01:01.4191128Z [command]/usr/bin/git submodule status
handle-success	Checkout code	2025-04-14T13:01:01.4564076Z ##[group]Cleaning the repository
handle-success	Checkout code	2025-04-14T13:01:01.4567099Z [command]/usr/bin/git clean -ffdx
handle-success	Checkout code	2025-04-14T13:01:01.4639427Z Removing core/results/webs/dashboard/
handle-success	Checkout code	2025-04-14T13:01:01.4656536Z [command]/usr/bin/git reset --hard HEAD
handle-success	Checkout code	2025-04-14T13:01:01.4883978Z HEAD is now at 8df2a784 Ejecutamos una prueba a main
handle-success	Checkout code	2025-04-14T13:01:01.4896096Z ##[endgroup]
handle-success	Checkout code	2025-04-14T13:01:01.4899324Z ##[group]Disabling automatic garbage collection
handle-success	Checkout code	2025-04-14T13:01:01.4903098Z [command]/usr/bin/git config --local gc.auto 0
handle-success	Checkout code	2025-04-14T13:01:01.4960960Z ##[endgroup]
handle-success	Checkout code	2025-04-14T13:01:01.4964464Z ##[group]Setting up auth
handle-success	Checkout code	2025-04-14T13:01:01.4971211Z [command]/usr/bin/git config --local --name-only --get-regexp core\.sshCommand
handle-success	Checkout code	2025-04-14T13:01:01.5024529Z [command]/usr/bin/git submodule foreach --recursive sh -c "git config --local --name-only --get-regexp 'core\.sshCommand' && git config --local --unset-all 'core.sshCommand' || :"
handle-success	Checkout code	2025-04-14T13:01:01.5403918Z [command]/usr/bin/git config --local --name-only --get-regexp http\.https\:\/\/github\.com\/\.extraheader
handle-success	Checkout code	2025-04-14T13:01:01.5446840Z [command]/usr/bin/git submodule foreach --recursive sh -c "git config --local --name-only --get-regexp 'http\.https\:\/\/github\.com\/\.extraheader' && git config --local --unset-all 'http.https://github.com/.extraheader' || :"
handle-success	Checkout code	2025-04-14T13:01:01.5825293Z [command]/usr/bin/git config --local http.https://github.com/.extraheader AUTHORIZATION: basic ***
handle-success	Checkout code	2025-04-14T13:01:01.5880154Z ##[endgroup]
handle-success	Checkout code	2025-04-14T13:01:01.5881982Z ##[group]Fetching the repository
handle-success	Checkout code	2025-04-14T13:01:01.5909634Z [command]/usr/bin/git -c protocol.version=2 fetch --prune --no-recurse-submodules origin +refs/heads/*:refs/remotes/origin/* +refs/tags/*:refs/tags/*
handle-success	Checkout code	2025-04-14T13:01:02.7240426Z From https://github.com/Ka0s-Klaus/ka0s
handle-success	Checkout code	2025-04-14T13:01:02.7242449Z    8df2a784..71256af1  main       -> origin/main
handle-success	Checkout code	2025-04-14T13:01:02.7324094Z [command]/usr/bin/git branch --list --remote origin/main
handle-success	Checkout code	2025-04-14T13:01:02.7363617Z   origin/main
handle-success	Checkout code	2025-04-14T13:01:02.7377296Z [command]/usr/bin/git rev-parse refs/remotes/origin/main
handle-success	Checkout code	2025-04-14T13:01:02.7410522Z 71256af180025750be58456f45aebbbfbba15532
handle-success	Checkout code	2025-04-14T13:01:02.7427766Z [command]/usr/bin/git -c protocol.version=2 fetch --no-tags --prune --no-recurse-submodules origin +b24082146aab5c9e98194e9783bbe7ddde4e2ff4:refs/remotes/origin/main
handle-success	Checkout code	2025-04-14T13:01:03.4469138Z From https://github.com/Ka0s-Klaus/ka0s
handle-success	Checkout code	2025-04-14T13:01:03.4471037Z  + 71256af1...b2408214 b24082146aab5c9e98194e9783bbe7ddde4e2ff4 -> origin/main  (forced update)
handle-success	Checkout code	2025-04-14T13:01:03.4553399Z ##[endgroup]
handle-success	Checkout code	2025-04-14T13:01:03.4554515Z ##[group]Determining the checkout info
handle-success	Checkout code	2025-04-14T13:01:03.4555789Z ##[endgroup]
handle-success	Checkout code	2025-04-14T13:01:03.4564513Z [command]/usr/bin/git sparse-checkout disable
handle-success	Checkout code	2025-04-14T13:01:03.4648343Z [command]/usr/bin/git config --local --unset-all extensions.worktreeConfig
handle-success	Checkout code	2025-04-14T13:01:03.4691682Z ##[group]Checking out the ref
handle-success	Checkout code	2025-04-14T13:01:03.4699327Z [command]/usr/bin/git checkout --progress --force -B main refs/remotes/origin/main
handle-success	Checkout code	2025-04-14T13:01:03.4949775Z Previous HEAD position was 8df2a784 Ejecutamos una prueba a main
handle-success	Checkout code	2025-04-14T13:01:03.4963407Z Switched to a new branch 'main'
handle-success	Checkout code	2025-04-14T13:01:03.4969722Z branch 'main' set up to track 'origin/main'.
handle-success	Checkout code	2025-04-14T13:01:03.4981348Z ##[endgroup]
handle-success	Checkout code	2025-04-14T13:01:03.5044382Z [command]/usr/bin/git log -1 --format=%H
handle-success	Checkout code	2025-04-14T13:01:03.5088254Z b24082146aab5c9e98194e9783bbe7ddde4e2ff4
handle-success	handle-success-execution	﻿2025-04-14T13:01:03.5401467Z ##[group]Run # Si todo ha ido correcto añadimos el contenido del fichero
handle-success	handle-success-execution	2025-04-14T13:01:03.5402758Z [36;1m# Si todo ha ido correcto añadimos el contenido del fichero[0m
handle-success	handle-success-execution	2025-04-14T13:01:03.5403303Z [36;1m# RNNUMBER=$(echo "refs/heads/main" | grep -o '[0-9]*')[0m
handle-success	handle-success-execution	2025-04-14T13:01:03.5403747Z [36;1mRNNUMBER=220[0m
handle-success	handle-success-execution	2025-04-14T13:01:03.5404544Z [36;1mgh issue comment $RNNUMBER --body "El proceso ha finalizado correctamente 14446289147. El resultado está en el fichero core/results/event_data14446289147.log"[0m
handle-success	handle-success-execution	2025-04-14T13:01:03.5419488Z shell: /usr/bin/bash -e {0}
handle-success	handle-success-execution	2025-04-14T13:01:03.5419858Z env:
handle-success	handle-success-execution	2025-04-14T13:01:03.5420116Z   KAOS_CODE: 14446289147
handle-success	handle-success-execution	2025-04-14T13:01:03.5420424Z   KAOS_EVENT_NAME: push
handle-success	handle-success-execution	2025-04-14T13:01:03.5420702Z   KAOS_ACTION: 
handle-success	handle-success-execution	2025-04-14T13:01:03.5420974Z   KAOS_REF: refs/heads/main
handle-success	handle-success-execution	2025-04-14T13:01:03.5421704Z   KAOS_MODULE: [Ka0S] Deploy Web Structure
handle-success	handle-success-execution	2025-04-14T13:01:03.5422266Z   KAOS_JSON: core/outputs/webs/
handle-success	handle-success-execution	2025-04-14T13:01:03.5422608Z   KAOS_WEB_STRUCTURE: core/results/webs/
handle-success	handle-success-execution	2025-04-14T13:01:03.5423065Z   KAOS_WEB_REQUEST: core/web/structure/*.json
handle-success	handle-success-execution	2025-04-14T13:01:03.5423471Z   KAOS_ACTOR: santakloud
handle-success	handle-success-execution	2025-04-14T13:01:03.5424002Z   GH_TOKEN: ***
handle-success	handle-success-execution	2025-04-14T13:01:03.5424264Z ##[endgroup]
handle-success	handle-success-execution	2025-04-14T13:01:05.0683812Z https://github.com/Ka0s-Klaus/ka0s/issues/220#issuecomment-2801639635
handle-success	Post Checkout code	﻿2025-04-14T13:01:05.0886730Z Post job cleanup.
handle-success	Post Checkout code	2025-04-14T13:01:05.2198365Z [command]/usr/bin/git version
handle-success	Post Checkout code	2025-04-14T13:01:05.2247835Z git version 2.48.1
handle-success	Post Checkout code	2025-04-14T13:01:05.2300627Z Copying '/home/kaos/.gitconfig' to '/actions-runner/_work/_temp/8ece5603-3034-4a64-908e-6914924baa51/.gitconfig'
handle-success	Post Checkout code	2025-04-14T13:01:05.2317328Z Temporarily overriding HOME='/actions-runner/_work/_temp/8ece5603-3034-4a64-908e-6914924baa51' before making global git config changes
handle-success	Post Checkout code	2025-04-14T13:01:05.2319999Z Adding repository directory to the temporary git global config as a safe directory
handle-success	Post Checkout code	2025-04-14T13:01:05.2325366Z [command]/usr/bin/git config --global --add safe.directory /actions-runner/_work/ka0s/ka0s
handle-success	Post Checkout code	2025-04-14T13:01:05.2376730Z [command]/usr/bin/git config --local --name-only --get-regexp core\.sshCommand
handle-success	Post Checkout code	2025-04-14T13:01:05.2443009Z [command]/usr/bin/git submodule foreach --recursive sh -c "git config --local --name-only --get-regexp 'core\.sshCommand' && git config --local --unset-all 'core.sshCommand' || :"
handle-success	Post Checkout code	2025-04-14T13:01:05.2834216Z [command]/usr/bin/git config --local --name-only --get-regexp http\.https\:\/\/github\.com\/\.extraheader
handle-success	Post Checkout code	2025-04-14T13:01:05.2869108Z http.https://github.com/.extraheader
handle-success	Post Checkout code	2025-04-14T13:01:05.2893688Z [command]/usr/bin/git config --local --unset-all http.https://github.com/.extraheader
handle-success	Post Checkout code	2025-04-14T13:01:05.2950916Z [command]/usr/bin/git submodule foreach --recursive sh -c "git config --local --name-only --get-regexp 'http\.https\:\/\/github\.com\/\.extraheader' && git config --local --unset-all 'http.https://github.com/.extraheader' || :"
handle-success	Complete job	﻿2025-04-14T13:01:05.3525885Z Cleaning up orphan processes
end-workflow	Set up job	﻿2025-04-14T13:01:12.5678751Z Current runner version: '2.323.0'
end-workflow	Set up job	2025-04-14T13:01:12.5682921Z Runner name: 'ka0s-9'
end-workflow	Set up job	2025-04-14T13:01:12.5683496Z Machine name: '26a53205c9ac'
end-workflow	Set up job	2025-04-14T13:01:12.5685162Z ##[group]GITHUB_TOKEN Permissions
end-workflow	Set up job	2025-04-14T13:01:12.5686871Z Contents: read
end-workflow	Set up job	2025-04-14T13:01:12.5687181Z Metadata: read
end-workflow	Set up job	2025-04-14T13:01:12.5687466Z Packages: read
end-workflow	Set up job	2025-04-14T13:01:12.5687732Z ##[endgroup]
end-workflow	Set up job	2025-04-14T13:01:12.5689034Z Secret source: Actions
end-workflow	Set up job	2025-04-14T13:01:12.5689463Z Prepare workflow directory
end-workflow	Set up job	2025-04-14T13:01:12.6069154Z Prepare all required actions
end-workflow	Set up job	2025-04-14T13:01:12.6105433Z Getting action download info
end-workflow	Set up job	2025-04-14T13:01:13.1847842Z Download action repository 'actions/checkout@v4' (SHA:11bd71901bbe5b1630ceea73d27597364c9af683)
end-workflow	Set up job	2025-04-14T13:01:14.1194534Z Complete job name: end-workflow
end-workflow	Checkout code	﻿2025-04-14T13:01:14.1505972Z ##[group]Run actions/checkout@v4
end-workflow	Checkout code	2025-04-14T13:01:14.1506588Z with:
end-workflow	Checkout code	2025-04-14T13:01:14.1506911Z   fetch-depth: 0
end-workflow	Checkout code	2025-04-14T13:01:14.1507404Z   token: ***
end-workflow	Checkout code	2025-04-14T13:01:14.1507745Z   repository: Ka0s-Klaus/ka0s
end-workflow	Checkout code	2025-04-14T13:01:14.1508135Z   ssh-strict: true
end-workflow	Checkout code	2025-04-14T13:01:14.1508463Z   ssh-user: git
end-workflow	Checkout code	2025-04-14T13:01:14.1508810Z   persist-credentials: true
end-workflow	Checkout code	2025-04-14T13:01:14.1509145Z   clean: true
end-workflow	Checkout code	2025-04-14T13:01:14.1509480Z   sparse-checkout-cone-mode: true
end-workflow	Checkout code	2025-04-14T13:01:14.1509930Z   fetch-tags: false
end-workflow	Checkout code	2025-04-14T13:01:14.1510239Z   show-progress: true
end-workflow	Checkout code	2025-04-14T13:01:14.1510584Z   lfs: false
end-workflow	Checkout code	2025-04-14T13:01:14.1510907Z   submodules: false
end-workflow	Checkout code	2025-04-14T13:01:14.1511239Z   set-safe-directory: true
end-workflow	Checkout code	2025-04-14T13:01:14.1511709Z env:
end-workflow	Checkout code	2025-04-14T13:01:14.1512019Z   KAOS_CODE: 14446289147
end-workflow	Checkout code	2025-04-14T13:01:14.1512348Z   KAOS_EVENT_NAME: push
end-workflow	Checkout code	2025-04-14T13:01:14.1512696Z   KAOS_ACTION: 
end-workflow	Checkout code	2025-04-14T13:01:14.1513038Z   KAOS_REF: refs/heads/main
end-workflow	Checkout code	2025-04-14T13:01:14.1513399Z   KAOS_MODULE: [Ka0S] Deploy Web Structure
end-workflow	Checkout code	2025-04-14T13:01:14.1513912Z   KAOS_JSON: core/outputs/webs/
end-workflow	Checkout code	2025-04-14T13:01:14.1514287Z   KAOS_WEB_STRUCTURE: core/results/webs/
end-workflow	Checkout code	2025-04-14T13:01:14.1514954Z   KAOS_WEB_REQUEST: core/web/structure/*.json
end-workflow	Checkout code	2025-04-14T13:01:14.1515438Z   KAOS_ACTOR: santakloud
end-workflow	Checkout code	2025-04-14T13:01:14.1515927Z   GH_TOKEN: ***
end-workflow	Checkout code	2025-04-14T13:01:14.1516249Z ##[endgroup]
end-workflow	Checkout code	2025-04-14T13:01:14.2229246Z Syncing repository: Ka0s-Klaus/ka0s
end-workflow	Checkout code	2025-04-14T13:01:14.2230875Z ##[group]Getting Git version info
end-workflow	Checkout code	2025-04-14T13:01:14.2231620Z Working directory is '/actions-runner/_work/ka0s/ka0s'
end-workflow	Checkout code	2025-04-14T13:01:14.2232596Z [command]/usr/bin/git version
end-workflow	Checkout code	2025-04-14T13:01:14.2233102Z git version 2.43.0
end-workflow	Checkout code	2025-04-14T13:01:14.2241535Z ##[endgroup]
end-workflow	Checkout code	2025-04-14T13:01:14.2252248Z Copying '/home/kaos/.gitconfig' to '/actions-runner/_work/_temp/a05ddd7a-8075-4a29-88c3-c6874c30f7dd/.gitconfig'
end-workflow	Checkout code	2025-04-14T13:01:14.2262551Z Temporarily overriding HOME='/actions-runner/_work/_temp/a05ddd7a-8075-4a29-88c3-c6874c30f7dd' before making global git config changes
end-workflow	Checkout code	2025-04-14T13:01:14.2264065Z Adding repository directory to the temporary git global config as a safe directory
end-workflow	Checkout code	2025-04-14T13:01:14.2265224Z [command]/usr/bin/git config --global --add safe.directory /actions-runner/_work/ka0s/ka0s
end-workflow	Checkout code	2025-04-14T13:01:14.2359930Z [command]/usr/bin/git config --local --get remote.origin.url
end-workflow	Checkout code	2025-04-14T13:01:14.2380429Z https://github.com/Ka0s-Klaus/ka0s
end-workflow	Checkout code	2025-04-14T13:01:14.2402769Z ##[group]Removing previously created refs, to avoid conflicts
end-workflow	Checkout code	2025-04-14T13:01:14.2408728Z [command]/usr/bin/git rev-parse --symbolic-full-name --verify --quiet HEAD
end-workflow	Checkout code	2025-04-14T13:01:14.2425896Z refs/heads/main
end-workflow	Checkout code	2025-04-14T13:01:14.2434908Z [command]/usr/bin/git checkout --detach
end-workflow	Checkout code	2025-04-14T13:01:14.2502978Z HEAD is now at d37fb16a Ampliamos la prueba
end-workflow	Checkout code	2025-04-14T13:01:14.2539107Z [command]/usr/bin/git branch --delete --force main
end-workflow	Checkout code	2025-04-14T13:01:14.2571777Z Deleted branch main (was d37fb16a).
end-workflow	Checkout code	2025-04-14T13:01:14.2619904Z ##[endgroup]
end-workflow	Checkout code	2025-04-14T13:01:14.2620697Z [command]/usr/bin/git submodule status
end-workflow	Checkout code	2025-04-14T13:01:14.2870089Z ##[group]Cleaning the repository
end-workflow	Checkout code	2025-04-14T13:01:14.2871172Z [command]/usr/bin/git clean -ffdx
end-workflow	Checkout code	2025-04-14T13:01:14.2918884Z [command]/usr/bin/git reset --hard HEAD
end-workflow	Checkout code	2025-04-14T13:01:14.3012309Z HEAD is now at d37fb16a Ampliamos la prueba
end-workflow	Checkout code	2025-04-14T13:01:14.3014413Z ##[endgroup]
end-workflow	Checkout code	2025-04-14T13:01:14.3015465Z ##[group]Disabling automatic garbage collection
end-workflow	Checkout code	2025-04-14T13:01:14.3020688Z [command]/usr/bin/git config --local gc.auto 0
end-workflow	Checkout code	2025-04-14T13:01:14.3046473Z ##[endgroup]
end-workflow	Checkout code	2025-04-14T13:01:14.3047444Z ##[group]Setting up auth
end-workflow	Checkout code	2025-04-14T13:01:14.3052602Z [command]/usr/bin/git config --local --name-only --get-regexp core\.sshCommand
end-workflow	Checkout code	2025-04-14T13:01:14.3078084Z [command]/usr/bin/git submodule foreach --recursive sh -c "git config --local --name-only --get-regexp 'core\.sshCommand' && git config --local --unset-all 'core.sshCommand' || :"
end-workflow	Checkout code	2025-04-14T13:01:14.3320616Z [command]/usr/bin/git config --local --name-only --get-regexp http\.https\:\/\/github\.com\/\.extraheader
end-workflow	Checkout code	2025-04-14T13:01:14.3345595Z [command]/usr/bin/git submodule foreach --recursive sh -c "git config --local --name-only --get-regexp 'http\.https\:\/\/github\.com\/\.extraheader' && git config --local --unset-all 'http.https://github.com/.extraheader' || :"
end-workflow	Checkout code	2025-04-14T13:01:14.3594114Z [command]/usr/bin/git config --local http.https://github.com/.extraheader AUTHORIZATION: basic ***
end-workflow	Checkout code	2025-04-14T13:01:14.3636722Z ##[endgroup]
end-workflow	Checkout code	2025-04-14T13:01:14.3637835Z ##[group]Fetching the repository
end-workflow	Checkout code	2025-04-14T13:01:14.3640424Z [command]/usr/bin/git -c protocol.version=2 fetch --prune --no-recurse-submodules origin +refs/heads/*:refs/remotes/origin/* +refs/tags/*:refs/tags/*
end-workflow	Checkout code	2025-04-14T13:01:15.0513741Z From https://github.com/Ka0s-Klaus/ka0s
end-workflow	Checkout code	2025-04-14T13:01:15.0515271Z    d37fb16a..71256af1  main       -> origin/main
end-workflow	Checkout code	2025-04-14T13:01:15.0544487Z [command]/usr/bin/git branch --list --remote origin/main
end-workflow	Checkout code	2025-04-14T13:01:15.0571286Z   origin/main
end-workflow	Checkout code	2025-04-14T13:01:15.0578922Z [command]/usr/bin/git rev-parse refs/remotes/origin/main
end-workflow	Checkout code	2025-04-14T13:01:15.0600316Z 71256af180025750be58456f45aebbbfbba15532
end-workflow	Checkout code	2025-04-14T13:01:15.0611933Z [command]/usr/bin/git -c protocol.version=2 fetch --no-tags --prune --no-recurse-submodules origin +b24082146aab5c9e98194e9783bbe7ddde4e2ff4:refs/remotes/origin/main
end-workflow	Checkout code	2025-04-14T13:01:15.0686157Z From https://github.com/Ka0s-Klaus/ka0s
end-workflow	Checkout code	2025-04-14T13:01:15.0687453Z  + 71256af1...b2408214 b24082146aab5c9e98194e9783bbe7ddde4e2ff4 -> origin/main  (forced update)
end-workflow	Checkout code	2025-04-14T13:01:15.0706679Z ##[endgroup]
end-workflow	Checkout code	2025-04-14T13:01:15.0707640Z ##[group]Determining the checkout info
end-workflow	Checkout code	2025-04-14T13:01:15.0708688Z ##[endgroup]
end-workflow	Checkout code	2025-04-14T13:01:15.0712344Z [command]/usr/bin/git sparse-checkout disable
end-workflow	Checkout code	2025-04-14T13:01:15.0757913Z [command]/usr/bin/git config --local --unset-all extensions.worktreeConfig
end-workflow	Checkout code	2025-04-14T13:01:15.0788573Z ##[group]Checking out the ref
end-workflow	Checkout code	2025-04-14T13:01:15.0791815Z [command]/usr/bin/git checkout --progress --force -B main refs/remotes/origin/main
end-workflow	Checkout code	2025-04-14T13:01:15.0901450Z Previous HEAD position was d37fb16a Ampliamos la prueba
end-workflow	Checkout code	2025-04-14T13:01:15.0904006Z Switched to a new branch 'main'
end-workflow	Checkout code	2025-04-14T13:01:15.0905138Z branch 'main' set up to track 'origin/main'.
end-workflow	Checkout code	2025-04-14T13:01:15.0908454Z ##[endgroup]
end-workflow	Checkout code	2025-04-14T13:01:15.0946096Z [command]/usr/bin/git log -1 --format=%H
end-workflow	Checkout code	2025-04-14T13:01:15.0971356Z b24082146aab5c9e98194e9783bbe7ddde4e2ff4
end-workflow	Finaliza el workflow	﻿2025-04-14T13:01:15.1141887Z ##[group]Run echo "End process"
end-workflow	Finaliza el workflow	2025-04-14T13:01:15.1142751Z [36;1mecho "End process"[0m
end-workflow	Finaliza el workflow	2025-04-14T13:01:15.1143691Z [36;1m# RNNUMBER=$(echo "refs/heads/main" | grep -o '[0-9]*')[0m
end-workflow	Finaliza el workflow	2025-04-14T13:01:15.1144780Z [36;1mRNNUMBER=220[0m
end-workflow	Finaliza el workflow	2025-04-14T13:01:15.1145956Z [36;1mgh issue comment $RNNUMBER --body "Se finaliza Ka0s 14446289147"[0m
end-workflow	Finaliza el workflow	2025-04-14T13:01:15.1148020Z [36;1mgh workflow run inspector.yml --ref 'main' -f kaos-issue-id=$RNNUMBER -f kaos-workflow-id="14446289147" -f kaos-user-start=""[0m
end-workflow	Finaliza el workflow	2025-04-14T13:01:15.1157618Z shell: /usr/bin/bash -e {0}
end-workflow	Finaliza el workflow	2025-04-14T13:01:15.1158313Z env:
end-workflow	Finaliza el workflow	2025-04-14T13:01:15.1158823Z   KAOS_CODE: 14446289147
end-workflow	Finaliza el workflow	2025-04-14T13:01:15.1159482Z   KAOS_EVENT_NAME: push
end-workflow	Finaliza el workflow	2025-04-14T13:01:15.1160108Z   KAOS_ACTION: 
end-workflow	Finaliza el workflow	2025-04-14T13:01:15.1160678Z   KAOS_REF: refs/heads/main
end-workflow	Finaliza el workflow	2025-04-14T13:01:15.1161411Z   KAOS_MODULE: [Ka0S] Deploy Web Structure
end-workflow	Finaliza el workflow	2025-04-14T13:01:15.1162412Z   KAOS_JSON: core/outputs/webs/
end-workflow	Finaliza el workflow	2025-04-14T13:01:15.1163159Z   KAOS_WEB_STRUCTURE: core/results/webs/
end-workflow	Finaliza el workflow	2025-04-14T13:01:15.1164505Z   KAOS_WEB_REQUEST: core/web/structure/*.json
end-workflow	Finaliza el workflow	2025-04-14T13:01:15.1165560Z   KAOS_ACTOR: santakloud
end-workflow	Finaliza el workflow	2025-04-14T13:01:15.1166587Z   GH_TOKEN: ***
end-workflow	Finaliza el workflow	2025-04-14T13:01:15.1167143Z ##[endgroup]
end-workflow	Finaliza el workflow	2025-04-14T13:01:15.1212312Z End process
end-workflow	Finaliza el workflow	2025-04-14T13:01:16.2299216Z https://github.com/Ka0s-Klaus/ka0s/issues/220#issuecomment-2801640130
end-workflow	Post Checkout code	﻿2025-04-14T13:01:17.1112451Z Post job cleanup.
end-workflow	Post Checkout code	2025-04-14T13:01:17.1723506Z [command]/usr/bin/git version
end-workflow	Post Checkout code	2025-04-14T13:01:17.1754775Z git version 2.43.0
end-workflow	Post Checkout code	2025-04-14T13:01:17.1803605Z Copying '/home/kaos/.gitconfig' to '/actions-runner/_work/_temp/4a639894-e752-4d9a-802f-2ad65ff7be45/.gitconfig'
end-workflow	Post Checkout code	2025-04-14T13:01:17.1822680Z Temporarily overriding HOME='/actions-runner/_work/_temp/4a639894-e752-4d9a-802f-2ad65ff7be45' before making global git config changes
end-workflow	Post Checkout code	2025-04-14T13:01:17.1823344Z Adding repository directory to the temporary git global config as a safe directory
end-workflow	Post Checkout code	2025-04-14T13:01:17.1825521Z [command]/usr/bin/git config --global --add safe.directory /actions-runner/_work/ka0s/ka0s
end-workflow	Post Checkout code	2025-04-14T13:01:17.1913619Z [command]/usr/bin/git config --local --name-only --get-regexp core\.sshCommand
end-workflow	Post Checkout code	2025-04-14T13:01:17.1949659Z [command]/usr/bin/git submodule foreach --recursive sh -c "git config --local --name-only --get-regexp 'core\.sshCommand' && git config --local --unset-all 'core.sshCommand' || :"
end-workflow	Post Checkout code	2025-04-14T13:01:17.2197366Z [command]/usr/bin/git config --local --name-only --get-regexp http\.https\:\/\/github\.com\/\.extraheader
end-workflow	Post Checkout code	2025-04-14T13:01:17.2219537Z http.https://github.com/.extraheader
end-workflow	Post Checkout code	2025-04-14T13:01:17.2233614Z [command]/usr/bin/git config --local --unset-all http.https://github.com/.extraheader
end-workflow	Post Checkout code	2025-04-14T13:01:17.2263425Z [command]/usr/bin/git submodule foreach --recursive sh -c "git config --local --name-only --get-regexp 'http\.https\:\/\/github\.com\/\.extraheader' && git config --local --unset-all 'http.https://github.com/.extraheader' || :"
end-workflow	Complete job	﻿2025-04-14T13:01:17.2621388Z Cleaning up orphan processes
