job-core	Set up job	﻿2025-04-14T11:02:44.8051383Z Current runner version: '2.323.0'
job-core	Set up job	2025-04-14T11:02:44.8055891Z Runner name: 'ka0s-10'
job-core	Set up job	2025-04-14T11:02:44.8056457Z Machine name: '26a53205c9ac'
job-core	Set up job	2025-04-14T11:02:44.8057837Z ##[group]GITHUB_TOKEN Permissions
job-core	Set up job	2025-04-14T11:02:44.8059240Z Contents: read
job-core	Set up job	2025-04-14T11:02:44.8059560Z Metadata: read
job-core	Set up job	2025-04-14T11:02:44.8059855Z Packages: read
job-core	Set up job	2025-04-14T11:02:44.8060140Z ##[endgroup]
job-core	Set up job	2025-04-14T11:02:44.8061366Z Secret source: Actions
job-core	Set up job	2025-04-14T11:02:44.8061744Z Prepare workflow directory
job-core	Set up job	2025-04-14T11:02:44.8440744Z Prepare all required actions
job-core	Set up job	2025-04-14T11:02:44.8466916Z Getting action download info
job-core	Set up job	2025-04-14T11:02:45.2619729Z Download action repository 'actions/checkout@v3' (SHA:f43a0e5ff2bd294095638e18286ca9a3d1956744)
job-core	Set up job	2025-04-14T11:02:45.9999397Z Complete job name: job-core
job-core	Checkout repository	﻿2025-04-14T11:02:46.0281108Z ##[group]Run actions/checkout@v3
job-core	Checkout repository	2025-04-14T11:02:46.0281675Z with:
job-core	Checkout repository	2025-04-14T11:02:46.0281980Z   fetch-depth: 0
job-core	Checkout repository	2025-04-14T11:02:46.0282448Z   token: ***
job-core	Checkout repository	2025-04-14T11:02:46.0282759Z   repository: Ka0s-Klaus/ka0s
job-core	Checkout repository	2025-04-14T11:02:46.0283167Z   ssh-strict: true
job-core	Checkout repository	2025-04-14T11:02:46.0283491Z   persist-credentials: true
job-core	Checkout repository	2025-04-14T11:02:46.0283840Z   clean: true
job-core	Checkout repository	2025-04-14T11:02:46.0284155Z   sparse-checkout-cone-mode: true
job-core	Checkout repository	2025-04-14T11:02:46.0284582Z   fetch-tags: false
job-core	Checkout repository	2025-04-14T11:02:46.0284892Z   lfs: false
job-core	Checkout repository	2025-04-14T11:02:46.0285191Z   submodules: false
job-core	Checkout repository	2025-04-14T11:02:46.0285513Z   set-safe-directory: true
job-core	Checkout repository	2025-04-14T11:02:46.0285946Z env:
job-core	Checkout repository	2025-04-14T11:02:46.0286248Z   KAOS_CODE: 14444010552
job-core	Checkout repository	2025-04-14T11:02:46.0286602Z   KAOS_EVENT_NAME: workflow_dispatch
job-core	Checkout repository	2025-04-14T11:02:46.0286982Z   KAOS_ACTION: 
job-core	Checkout repository	2025-04-14T11:02:46.0287287Z   KAOS_REF: refs/heads/main
job-core	Checkout repository	2025-04-14T11:02:46.0287653Z   KAOS_MODULE: [Ka0S] Deploy Web Structure
job-core	Checkout repository	2025-04-14T11:02:46.0288065Z   KAOS_JSON: core/outputs/webs/
job-core	Checkout repository	2025-04-14T11:02:46.0307873Z   KAOS_WEB_STRUCTURE: core/results/webs
job-core	Checkout repository	2025-04-14T11:02:46.0308329Z   KAOS_WEB_REQUEST: core/web/structure/*.json
job-core	Checkout repository	2025-04-14T11:02:46.0308830Z   KAOS_ACTOR: ***
job-core	Checkout repository	2025-04-14T11:02:46.0309146Z ##[endgroup]
job-core	Checkout repository	2025-04-14T11:02:46.0873333Z Syncing repository: Ka0s-Klaus/ka0s
job-core	Checkout repository	2025-04-14T11:02:46.0874904Z ##[group]Getting Git version info
job-core	Checkout repository	2025-04-14T11:02:46.0875492Z Working directory is '/actions-runner/_work/ka0s/ka0s'
job-core	Checkout repository	2025-04-14T11:02:46.0876323Z [command]/usr/bin/git version
job-core	Checkout repository	2025-04-14T11:02:46.0877060Z git version 2.43.0
job-core	Checkout repository	2025-04-14T11:02:46.0901661Z ##[endgroup]
job-core	Checkout repository	2025-04-14T11:02:46.0909704Z Copying '/home/kaos/.gitconfig' to '/actions-runner/_work/_temp/a15513b0-f1fc-4398-80f9-d9241be4804f/.gitconfig'
job-core	Checkout repository	2025-04-14T11:02:46.0921444Z Temporarily overriding HOME='/actions-runner/_work/_temp/a15513b0-f1fc-4398-80f9-d9241be4804f' before making global git config changes
job-core	Checkout repository	2025-04-14T11:02:46.0922938Z Adding repository directory to the temporary git global config as a safe directory
job-core	Checkout repository	2025-04-14T11:02:46.0923989Z [command]/usr/bin/git config --global --add safe.directory /actions-runner/_work/ka0s/ka0s
job-core	Checkout repository	2025-04-14T11:02:46.0953802Z [command]/usr/bin/git config --local --get remote.origin.url
job-core	Checkout repository	2025-04-14T11:02:46.0972857Z https://github.com/Ka0s-Klaus/ka0s
job-core	Checkout repository	2025-04-14T11:02:46.0994659Z ##[group]Removing previously created refs, to avoid conflicts
job-core	Checkout repository	2025-04-14T11:02:46.0996138Z [command]/usr/bin/git rev-parse --symbolic-full-name --verify --quiet HEAD
job-core	Checkout repository	2025-04-14T11:02:46.1016012Z refs/heads/main
job-core	Checkout repository	2025-04-14T11:02:46.1026765Z [command]/usr/bin/git checkout --detach
job-core	Checkout repository	2025-04-14T11:02:46.1095452Z HEAD is now at cd0a663f Merge pull request #317 from Ka0s-Klaus/H220-web-de-resultados
job-core	Checkout repository	2025-04-14T11:02:46.1130126Z [command]/usr/bin/git branch --delete --force main
job-core	Checkout repository	2025-04-14T11:02:46.1157253Z Deleted branch main (was cd0a663f).
job-core	Checkout repository	2025-04-14T11:02:46.1189111Z ##[endgroup]
job-core	Checkout repository	2025-04-14T11:02:46.1189574Z [command]/usr/bin/git submodule status
job-core	Checkout repository	2025-04-14T11:02:46.1436642Z ##[group]Cleaning the repository
job-core	Checkout repository	2025-04-14T11:02:46.1437289Z [command]/usr/bin/git clean -ffdx
job-core	Checkout repository	2025-04-14T11:02:46.1486511Z [command]/usr/bin/git reset --hard HEAD
job-core	Checkout repository	2025-04-14T11:02:46.1584705Z HEAD is now at cd0a663f Merge pull request #317 from Ka0s-Klaus/H220-web-de-resultados
job-core	Checkout repository	2025-04-14T11:02:46.1588562Z ##[endgroup]
job-core	Checkout repository	2025-04-14T11:02:46.1589249Z ##[group]Disabling automatic garbage collection
job-core	Checkout repository	2025-04-14T11:02:46.1591856Z [command]/usr/bin/git config --local gc.auto 0
job-core	Checkout repository	2025-04-14T11:02:46.1623342Z ##[endgroup]
job-core	Checkout repository	2025-04-14T11:02:46.1624018Z ##[group]Setting up auth
job-core	Checkout repository	2025-04-14T11:02:46.1624887Z [command]/usr/bin/git config --local --name-only --get-regexp core\.sshCommand
job-core	Checkout repository	2025-04-14T11:02:46.1648849Z [command]/usr/bin/git submodule foreach --recursive sh -c "git config --local --name-only --get-regexp 'core\.sshCommand' && git config --local --unset-all 'core.sshCommand' || :"
job-core	Checkout repository	2025-04-14T11:02:46.1887469Z [command]/usr/bin/git config --local --name-only --get-regexp http\.https\:\/\/github\.com\/\.extraheader
job-core	Checkout repository	2025-04-14T11:02:46.1910590Z [command]/usr/bin/git submodule foreach --recursive sh -c "git config --local --name-only --get-regexp 'http\.https\:\/\/github\.com\/\.extraheader' && git config --local --unset-all 'http.https://github.com/.extraheader' || :"
job-core	Checkout repository	2025-04-14T11:02:46.2157639Z [command]/usr/bin/git config --local http.https://github.com/.extraheader AUTHORIZATION: basic ***
job-core	Checkout repository	2025-04-14T11:02:46.2195845Z ##[endgroup]
job-core	Checkout repository	2025-04-14T11:02:46.2196924Z ##[group]Fetching the repository
job-core	Checkout repository	2025-04-14T11:02:46.2201594Z [command]/usr/bin/git -c protocol.version=2 fetch --prune --progress --no-recurse-submodules origin +refs/heads/*:refs/remotes/origin/* +refs/tags/*:refs/tags/*
job-core	Checkout repository	2025-04-14T11:03:15.9775639Z remote: Enumerating objects: 43, done.        
job-core	Checkout repository	2025-04-14T11:03:15.9776312Z remote: Counting objects:   2% (1/43)        
job-core	Checkout repository	2025-04-14T11:03:15.9776565Z remote: Counting objects:   4% (2/43)        
job-core	Checkout repository	2025-04-14T11:03:15.9776810Z remote: Counting objects:   6% (3/43)        
job-core	Checkout repository	2025-04-14T11:03:15.9777036Z remote: Counting objects:   9% (4/43)        
job-core	Checkout repository	2025-04-14T11:03:15.9777282Z remote: Counting objects:  11% (5/43)        
job-core	Checkout repository	2025-04-14T11:03:15.9777555Z remote: Counting objects:  13% (6/43)        
job-core	Checkout repository	2025-04-14T11:03:15.9777804Z remote: Counting objects:  16% (7/43)        
job-core	Checkout repository	2025-04-14T11:03:15.9778047Z remote: Counting objects:  18% (8/43)        
job-core	Checkout repository	2025-04-14T11:03:15.9778302Z remote: Counting objects:  20% (9/43)        
job-core	Checkout repository	2025-04-14T11:03:15.9779433Z remote: Counting objects:  23% (10/43)        
job-core	Checkout repository	2025-04-14T11:03:15.9779890Z remote: Counting objects:  25% (11/43)        
job-core	Checkout repository	2025-04-14T11:03:15.9780328Z remote: Counting objects:  27% (12/43)        
job-core	Checkout repository	2025-04-14T11:03:15.9780765Z remote: Counting objects:  30% (13/43)        
job-core	Checkout repository	2025-04-14T11:03:15.9781992Z remote: Counting objects:  32% (14/43)        
job-core	Checkout repository	2025-04-14T11:03:15.9782455Z remote: Counting objects:  34% (15/43)        
job-core	Checkout repository	2025-04-14T11:03:15.9782861Z remote: Counting objects:  37% (16/43)        
job-core	Checkout repository	2025-04-14T11:03:15.9783254Z remote: Counting objects:  39% (17/43)        
job-core	Checkout repository	2025-04-14T11:03:15.9783670Z remote: Counting objects:  41% (18/43)        
job-core	Checkout repository	2025-04-14T11:03:15.9784099Z remote: Counting objects:  44% (19/43)        
job-core	Checkout repository	2025-04-14T11:03:15.9784568Z remote: Counting objects:  46% (20/43)        
job-core	Checkout repository	2025-04-14T11:03:15.9784973Z remote: Counting objects:  48% (21/43)        
job-core	Checkout repository	2025-04-14T11:03:15.9785420Z remote: Counting objects:  51% (22/43)        
job-core	Checkout repository	2025-04-14T11:03:15.9786546Z remote: Counting objects:  53% (23/43)        
job-core	Checkout repository	2025-04-14T11:03:16.0140017Z remote: Counting objects:  55% (24/43)        
job-core	Checkout repository	2025-04-14T11:03:16.0140759Z remote: Counting objects:  58% (25/43)        
job-core	Checkout repository	2025-04-14T11:03:16.0141188Z remote: Counting objects:  60% (26/43)        
job-core	Checkout repository	2025-04-14T11:03:16.0141538Z remote: Counting objects:  62% (27/43)        
job-core	Checkout repository	2025-04-14T11:03:16.0141899Z remote: Counting objects:  65% (28/43)        
job-core	Checkout repository	2025-04-14T11:03:16.0142323Z remote: Counting objects:  67% (29/43)        
job-core	Checkout repository	2025-04-14T11:03:16.0142705Z remote: Counting objects:  69% (30/43)        
job-core	Checkout repository	2025-04-14T11:03:16.0143084Z remote: Counting objects:  72% (31/43)        
job-core	Checkout repository	2025-04-14T11:03:16.0143419Z remote: Counting objects:  74% (32/43)        
job-core	Checkout repository	2025-04-14T11:03:16.0143805Z remote: Counting objects:  76% (33/43)        
job-core	Checkout repository	2025-04-14T11:03:16.0144144Z remote: Counting objects:  79% (34/43)        
job-core	Checkout repository	2025-04-14T11:03:16.0145244Z remote: Counting objects:  81% (35/43)        
job-core	Checkout repository	2025-04-14T11:03:16.0145579Z remote: Counting objects:  83% (36/43)        
job-core	Checkout repository	2025-04-14T11:03:16.0145921Z remote: Counting objects:  86% (37/43)        
job-core	Checkout repository	2025-04-14T11:03:16.0146293Z remote: Counting objects:  88% (38/43)        
job-core	Checkout repository	2025-04-14T11:03:16.0146624Z remote: Counting objects:  90% (39/43)        
job-core	Checkout repository	2025-04-14T11:03:16.0146956Z remote: Counting objects:  93% (40/43)        
job-core	Checkout repository	2025-04-14T11:03:16.0147286Z remote: Counting objects:  95% (41/43)        
job-core	Checkout repository	2025-04-14T11:03:16.0147620Z remote: Counting objects:  97% (42/43)        
job-core	Checkout repository	2025-04-14T11:03:16.0147949Z remote: Counting objects: 100% (43/43)        
job-core	Checkout repository	2025-04-14T11:03:16.0148313Z remote: Counting objects: 100% (43/43), done.        
job-core	Checkout repository	2025-04-14T11:03:16.0148685Z remote: Compressing objects:   3% (1/28)        
job-core	Checkout repository	2025-04-14T11:03:16.0149252Z remote: Compressing objects:   7% (2/28)        
job-core	Checkout repository	2025-04-14T11:03:16.0149601Z remote: Compressing objects:  10% (3/28)        
job-core	Checkout repository	2025-04-14T11:03:16.0149954Z remote: Compressing objects:  14% (4/28)        
job-core	Checkout repository	2025-04-14T11:03:16.0150307Z remote: Compressing objects:  17% (5/28)        
job-core	Checkout repository	2025-04-14T11:03:16.0150653Z remote: Compressing objects:  21% (6/28)        
job-core	Checkout repository	2025-04-14T11:03:16.0151001Z remote: Compressing objects:  25% (7/28)        
job-core	Checkout repository	2025-04-14T11:03:16.0151350Z remote: Compressing objects:  28% (8/28)        
job-core	Checkout repository	2025-04-14T11:03:16.0151700Z remote: Compressing objects:  32% (9/28)        
job-core	Checkout repository	2025-04-14T11:03:16.0152055Z remote: Compressing objects:  35% (10/28)        
job-core	Checkout repository	2025-04-14T11:03:16.0152404Z remote: Compressing objects:  39% (11/28)        
job-core	Checkout repository	2025-04-14T11:03:16.0152765Z remote: Compressing objects:  42% (12/28)        
job-core	Checkout repository	2025-04-14T11:03:16.0153122Z remote: Compressing objects:  46% (13/28)        
job-core	Checkout repository	2025-04-14T11:03:16.0153477Z remote: Compressing objects:  50% (14/28)        
job-core	Checkout repository	2025-04-14T11:03:16.0153845Z remote: Compressing objects:  53% (15/28)        
job-core	Checkout repository	2025-04-14T11:03:16.0154202Z remote: Compressing objects:  57% (16/28)        
job-core	Checkout repository	2025-04-14T11:03:16.0154616Z remote: Compressing objects:  60% (17/28)        
job-core	Checkout repository	2025-04-14T11:03:16.0154978Z remote: Compressing objects:  64% (18/28)        
job-core	Checkout repository	2025-04-14T11:03:16.0155328Z remote: Compressing objects:  67% (19/28)        
job-core	Checkout repository	2025-04-14T11:03:16.0155688Z remote: Compressing objects:  71% (20/28)        
job-core	Checkout repository	2025-04-14T11:03:16.0156047Z remote: Compressing objects:  75% (21/28)        
job-core	Checkout repository	2025-04-14T11:03:16.0156404Z remote: Compressing objects:  78% (22/28)        
job-core	Checkout repository	2025-04-14T11:03:16.0494316Z remote: Compressing objects:  82% (23/28)        
job-core	Checkout repository	2025-04-14T11:03:16.0495053Z remote: Compressing objects:  85% (24/28)        
job-core	Checkout repository	2025-04-14T11:03:16.0495452Z remote: Compressing objects:  89% (25/28)        
job-core	Checkout repository	2025-04-14T11:03:16.0495807Z remote: Compressing objects:  92% (26/28)        
job-core	Checkout repository	2025-04-14T11:03:16.0496164Z remote: Compressing objects:  96% (27/28)        
job-core	Checkout repository	2025-04-14T11:03:16.0496572Z remote: Compressing objects: 100% (28/28)        
job-core	Checkout repository	2025-04-14T11:03:16.0496958Z remote: Compressing objects: 100% (28/28), done.        
job-core	Checkout repository	2025-04-14T11:03:16.4727144Z remote: Total 43 (delta 27), reused 28 (delta 12), pack-reused 0 (from 0)        
job-core	Checkout repository	2025-04-14T11:03:16.4862378Z From https://github.com/Ka0s-Klaus/ka0s
job-core	Checkout repository	2025-04-14T11:03:16.4862867Z    cd0a663f..150adfe1  main       -> origin/main
job-core	Checkout repository	2025-04-14T11:03:16.4893751Z [command]/usr/bin/git branch --list --remote origin/main
job-core	Checkout repository	2025-04-14T11:03:16.4916884Z   origin/main
job-core	Checkout repository	2025-04-14T11:03:16.4924231Z [command]/usr/bin/git rev-parse refs/remotes/origin/main
job-core	Checkout repository	2025-04-14T11:03:16.4943256Z 150adfe17942823b1ac7891d99033a6c7d1c3b40
job-core	Checkout repository	2025-04-14T11:03:16.4947618Z ##[endgroup]
job-core	Checkout repository	2025-04-14T11:03:16.4948073Z ##[group]Determining the checkout info
job-core	Checkout repository	2025-04-14T11:03:16.4948544Z ##[endgroup]
job-core	Checkout repository	2025-04-14T11:03:16.4948921Z ##[group]Checking out the ref
job-core	Checkout repository	2025-04-14T11:03:16.4951710Z [command]/usr/bin/git checkout --progress --force -B main refs/remotes/origin/main
job-core	Checkout repository	2025-04-14T11:03:16.5072188Z Previous HEAD position was cd0a663f Merge pull request #317 from Ka0s-Klaus/H220-web-de-resultados
job-core	Checkout repository	2025-04-14T11:03:16.5074781Z Switched to a new branch 'main'
job-core	Checkout repository	2025-04-14T11:03:16.5075462Z branch 'main' set up to track 'origin/main'.
job-core	Checkout repository	2025-04-14T11:03:16.5080201Z ##[endgroup]
job-core	Checkout repository	2025-04-14T11:03:16.5106900Z [command]/usr/bin/git log -1 --format='%H'
job-core	Checkout repository	2025-04-14T11:03:16.5129702Z '150adfe17942823b1ac7891d99033a6c7d1c3b40'
job-core	Copy web folder structure	﻿2025-04-14T11:03:16.5285828Z ##[group]Run # Read the structure.json file to get folder names
job-core	Copy web folder structure	2025-04-14T11:03:16.5286243Z [36;1m# Read the structure.json file to get folder names[0m
job-core	Copy web folder structure	2025-04-14T11:03:16.5286464Z [36;1mecho "Reading structure.json file..."[0m
job-core	Copy web folder structure	2025-04-14T11:03:16.5286679Z [36;1mSTRUCTURE_FILE="core/web/structure/*.json"[0m
job-core	Copy web folder structure	2025-04-14T11:03:16.5286861Z [36;1m[0m
job-core	Copy web folder structure	2025-04-14T11:03:16.5287007Z [36;1m# Extract title for main folder name[0m
job-core	Copy web folder structure	2025-04-14T11:03:16.5287255Z [36;1mTITLE=$(cat $STRUCTURE_FILE | grep -o '"title": *"[^"]*"' | cut -d'"' -f4)[0m
job-core	Copy web folder structure	2025-04-14T11:03:16.5287506Z [36;1mecho "Main folder will be named: $TITLE"[0m
job-core	Copy web folder structure	2025-04-14T11:03:16.5287684Z [36;1m[0m
job-core	Copy web folder structure	2025-04-14T11:03:16.5287829Z [36;1m# Comprobamos donde estamos en el repo[0m
job-core	Copy web folder structure	2025-04-14T11:03:16.5288024Z [36;1mecho "Estamos aquí ......" && pwd[0m
job-core	Copy web folder structure	2025-04-14T11:03:16.5288234Z [36;1mecho "Esta es la estructura que vemos ..." && ls -la[0m
job-core	Copy web folder structure	2025-04-14T11:03:16.5288424Z [36;1m[0m
job-core	Copy web folder structure	2025-04-14T11:03:16.5288597Z [36;1m# Nos situamos dentro del contenedor de las estructuras web[0m
job-core	Copy web folder structure	2025-04-14T11:03:16.5288851Z [36;1mcd core && cd results && cd webs[0m
job-core	Copy web folder structure	2025-04-14T11:03:16.5289017Z [36;1mcd core/results/webs[0m
job-core	Copy web folder structure	2025-04-14T11:03:16.5289176Z [36;1m# Create main directory[0m
job-core	Copy web folder structure	2025-04-14T11:03:16.5289338Z [36;1mmkdir -p "$TITLE"[0m
job-core	Copy web folder structure	2025-04-14T11:03:16.5289482Z [36;1m[0m
job-core	Copy web folder structure	2025-04-14T11:03:16.5289632Z [36;1m# Extract section names and create subfolders[0m
job-core	Copy web folder structure	2025-04-14T11:03:16.5289891Z [36;1mcat $STRUCTURE_FILE | grep -o '"section[^"]*": *"[^"]*"' | while read -r section; do[0m
job-core	Copy web folder structure	2025-04-14T11:03:16.5290160Z [36;1m  SECTION_NAME=$(echo $section | cut -d'"' -f4)[0m
job-core	Copy web folder structure	2025-04-14T11:03:16.5290364Z [36;1m  echo "Creating subfolder: $SECTION_NAME"[0m
job-core	Copy web folder structure	2025-04-14T11:03:16.5290563Z [36;1m  mkdir -p "$TITLE/$SECTION_NAME"[0m
job-core	Copy web folder structure	2025-04-14T11:03:16.5290726Z [36;1mdone[0m
job-core	Copy web folder structure	2025-04-14T11:03:16.5290858Z [36;1m[0m
job-core	Copy web folder structure	2025-04-14T11:03:16.5291020Z [36;1m# echo "Copying web folder structure to dashboard..."[0m
job-core	Copy web folder structure	2025-04-14T11:03:16.5291251Z [36;1m# Create destination directory if it doesn't exist[0m
job-core	Copy web folder structure	2025-04-14T11:03:16.5291462Z [36;1m# mkdir -p core/outputs/webs/$TITLE[0m
job-core	Copy web folder structure	2025-04-14T11:03:16.5291631Z [36;1m[0m
job-core	Copy web folder structure	2025-04-14T11:03:16.5291781Z [36;1m# Copy the directory structure (without files)[0m
job-core	Copy web folder structure	2025-04-14T11:03:16.5291988Z [36;1mfind core/web -type d | while read dir; do[0m
job-core	Copy web folder structure	2025-04-14T11:03:16.5292177Z [36;1m  if [ "$dir" != "core/web" ]; then[0m
job-core	Copy web folder structure	2025-04-14T11:03:16.5292389Z [36;1m    target_dir="/core/results/webs$TITLE/${dir#core/web/}"[0m
job-core	Copy web folder structure	2025-04-14T11:03:16.5292594Z [36;1m    mkdir -p "$target_dir"[0m
job-core	Copy web folder structure	2025-04-14T11:03:16.5292769Z [36;1m    echo "Created directory: $target_dir"[0m
job-core	Copy web folder structure	2025-04-14T11:03:16.5292939Z [36;1m  fi[0m
job-core	Copy web folder structure	2025-04-14T11:03:16.5293063Z [36;1mdone[0m
job-core	Copy web folder structure	2025-04-14T11:03:16.5293188Z [36;1m[0m
job-core	Copy web folder structure	2025-04-14T11:03:16.5293341Z [36;1m# Create a JSON file with the structure information[0m
job-core	Copy web folder structure	2025-04-14T11:03:16.5293560Z [36;1mecho "[" > core/results/webs$TITLE/structure.json[0m
job-core	Copy web folder structure	2025-04-14T11:03:16.5293983Z [36;1mfind core/web -type d | sort | while read dir; do[0m
job-core	Copy web folder structure	2025-04-14T11:03:16.5294527Z [36;1m  if [ "$dir" != "core/web" ]; then[0m
job-core	Copy web folder structure	2025-04-14T11:03:16.5294795Z [36;1m    echo "  {\"FullName\": \"$dir\"}," >> core/results/webs$TITLE/structure.json[0m
job-core	Copy web folder structure	2025-04-14T11:03:16.5295051Z [36;1m  fi[0m
job-core	Copy web folder structure	2025-04-14T11:03:16.5295197Z [36;1mdone[0m
job-core	Copy web folder structure	2025-04-14T11:03:16.5295380Z [36;1m# Remove the last comma and close the JSON array[0m
job-core	Copy web folder structure	2025-04-14T11:03:16.5295636Z [36;1msed -i '$ s/,$//' core/results/webs$TITLE/*.json[0m
job-core	Copy web folder structure	2025-04-14T11:03:16.5295891Z [36;1mecho "]" >> core/results/webs$TITLE/*.json[0m
job-core	Copy web folder structure	2025-04-14T11:03:16.5296130Z [36;1m[0m
job-core	Copy web folder structure	2025-04-14T11:03:16.5296286Z [36;1mecho "Web folder structure copied successfully!"[0m
job-core	Copy web folder structure	2025-04-14T11:03:16.5302807Z shell: /usr/bin/bash -e {0}
job-core	Copy web folder structure	2025-04-14T11:03:16.5303088Z env:
job-core	Copy web folder structure	2025-04-14T11:03:16.5303218Z   KAOS_CODE: 14444010552
job-core	Copy web folder structure	2025-04-14T11:03:16.5303376Z   KAOS_EVENT_NAME: workflow_dispatch
job-core	Copy web folder structure	2025-04-14T11:03:16.5303537Z   KAOS_ACTION: 
job-core	Copy web folder structure	2025-04-14T11:03:16.5303904Z   KAOS_REF: refs/heads/main
job-core	Copy web folder structure	2025-04-14T11:03:16.5304169Z   KAOS_MODULE: [Ka0S] Deploy Web Structure
job-core	Copy web folder structure	2025-04-14T11:03:16.5304420Z   KAOS_JSON: core/outputs/webs/
job-core	Copy web folder structure	2025-04-14T11:03:16.5304605Z   KAOS_WEB_STRUCTURE: core/results/webs
job-core	Copy web folder structure	2025-04-14T11:03:16.5305025Z   KAOS_WEB_REQUEST: core/web/structure/*.json
job-core	Copy web folder structure	2025-04-14T11:03:16.5305405Z   KAOS_ACTOR: ***
job-core	Copy web folder structure	2025-04-14T11:03:16.5305576Z ##[endgroup]
job-core	Copy web folder structure	2025-04-14T11:03:16.5345081Z Reading structure.json file...
job-core	Copy web folder structure	2025-04-14T11:03:16.5365102Z Main folder will be named: Cuadro de Mandos de Ka0s
job-core	Copy web folder structure	2025-04-14T11:03:16.5365838Z Estamos aquí ......
job-core	Copy web folder structure	2025-04-14T11:03:16.5365991Z /actions-runner/_work/ka0s/ka0s
job-core	Copy web folder structure	2025-04-14T11:03:16.5366177Z Esta es la estructura que vemos ...
job-core	Copy web folder structure	2025-04-14T11:03:16.5385347Z total 152
job-core	Copy web folder structure	2025-04-14T11:03:16.5385863Z drwxr-xr-x  7 kaos kaos  4096 Apr 14 12:48 .
job-core	Copy web folder structure	2025-04-14T11:03:16.5386387Z drwxr-xr-x  3 kaos kaos  4096 Apr  8 12:53 ..
job-core	Copy web folder structure	2025-04-14T11:03:16.5386786Z drwxr-xr-x  8 kaos kaos  4096 Apr 14 13:03 .git
job-core	Copy web folder structure	2025-04-14T11:03:16.5387127Z drwxr-xr-x  3 kaos kaos  4096 Apr  8 12:53 .github
job-core	Copy web folder structure	2025-04-14T11:03:16.5387503Z drwxr-xr-x  2 kaos kaos  4096 Apr  9 16:42 .vscode
job-core	Copy web folder structure	2025-04-14T11:03:16.5387964Z -rw-r--r--  1 kaos kaos 70802 Apr 14 12:48 CHANGELOG.md
job-core	Copy web folder structure	2025-04-14T11:03:16.5388455Z -rw-r--r--  1 kaos kaos  5600 Apr 14 12:48 INDEX.md
job-core	Copy web folder structure	2025-04-14T11:03:16.5388776Z -rw-r--r--  1 kaos kaos 35140 Apr  8 12:53 LICENSE
job-core	Copy web folder structure	2025-04-14T11:03:16.5389098Z -rw-r--r--  1 kaos kaos  3813 Apr  8 12:53 README.md
job-core	Copy web folder structure	2025-04-14T11:03:16.5389435Z drwxr-xr-x  3 kaos kaos  4096 Apr  8 12:53 compliance
job-core	Copy web folder structure	2025-04-14T11:03:16.5389800Z drwxr-xr-x 13 kaos kaos  4096 Apr  9 16:42 core
job-core	Copy web folder structure	2025-04-14T11:03:16.5390122Z -rw-r--r--  1 kaos kaos     7 Apr 14 12:48 version.txt
job-core	Copy web folder structure	2025-04-14T11:03:16.5390707Z /actions-runner/_work/_temp/bfa420c3-5ca8-4ddb-926c-ceb8da0d4ff3.sh: line 14: cd: webs: No such file or directory
job-core	Copy web folder structure	2025-04-14T11:03:16.5407351Z ##[error]Process completed with exit code 1.
job-core	Post Checkout repository	﻿2025-04-14T11:03:16.5463467Z Post job cleanup.
job-core	Post Checkout repository	2025-04-14T11:03:16.5941588Z [command]/usr/bin/git version
job-core	Post Checkout repository	2025-04-14T11:03:16.5967859Z git version 2.43.0
job-core	Post Checkout repository	2025-04-14T11:03:16.5991799Z Copying '/home/kaos/.gitconfig' to '/actions-runner/_work/_temp/83b1d0cc-bc4b-4215-a06b-bc7e6550ed71/.gitconfig'
job-core	Post Checkout repository	2025-04-14T11:03:16.6003836Z Temporarily overriding HOME='/actions-runner/_work/_temp/83b1d0cc-bc4b-4215-a06b-bc7e6550ed71' before making global git config changes
job-core	Post Checkout repository	2025-04-14T11:03:16.6004750Z Adding repository directory to the temporary git global config as a safe directory
job-core	Post Checkout repository	2025-04-14T11:03:16.6005370Z [command]/usr/bin/git config --global --add safe.directory /actions-runner/_work/ka0s/ka0s
job-core	Post Checkout repository	2025-04-14T11:03:16.6028496Z [command]/usr/bin/git config --local --name-only --get-regexp core\.sshCommand
job-core	Post Checkout repository	2025-04-14T11:03:16.6048519Z [command]/usr/bin/git submodule foreach --recursive sh -c "git config --local --name-only --get-regexp 'core\.sshCommand' && git config --local --unset-all 'core.sshCommand' || :"
job-core	Post Checkout repository	2025-04-14T11:03:16.6295447Z [command]/usr/bin/git config --local --name-only --get-regexp http\.https\:\/\/github\.com\/\.extraheader
job-core	Post Checkout repository	2025-04-14T11:03:16.6311106Z http.https://github.com/.extraheader
job-core	Post Checkout repository	2025-04-14T11:03:16.6320989Z [command]/usr/bin/git config --local --unset-all http.https://github.com/.extraheader
job-core	Post Checkout repository	2025-04-14T11:03:16.6352508Z [command]/usr/bin/git submodule foreach --recursive sh -c "git config --local --name-only --get-regexp 'http\.https\:\/\/github\.com\/\.extraheader' && git config --local --unset-all 'http.https://github.com/.extraheader' || :"
job-core	Complete job	﻿2025-04-14T11:03:16.6695996Z Cleaning up orphan processes
handle_failure	Set up job	﻿2025-04-14T11:03:23.7843839Z Current runner version: '2.323.0'
handle_failure	Set up job	2025-04-14T11:03:23.7853251Z Runner name: 'ka0s-4'
handle_failure	Set up job	2025-04-14T11:03:23.7854399Z Machine name: '419612ea1a87'
handle_failure	Set up job	2025-04-14T11:03:23.7857810Z ##[group]GITHUB_TOKEN Permissions
handle_failure	Set up job	2025-04-14T11:03:23.7860705Z Contents: read
handle_failure	Set up job	2025-04-14T11:03:23.7861585Z Metadata: read
handle_failure	Set up job	2025-04-14T11:03:23.7863032Z Packages: read
handle_failure	Set up job	2025-04-14T11:03:23.7863704Z ##[endgroup]
handle_failure	Set up job	2025-04-14T11:03:23.7866944Z Secret source: Actions
handle_failure	Set up job	2025-04-14T11:03:23.7867809Z Prepare workflow directory
handle_failure	Set up job	2025-04-14T11:03:23.8831934Z Prepare all required actions
handle_failure	Set up job	2025-04-14T11:03:23.8884733Z Getting action download info
handle_failure	Set up job	2025-04-14T11:03:24.5961737Z Download action repository 'actions/checkout@v4' (SHA:11bd71901bbe5b1630ceea73d27597364c9af683)
handle_failure	Set up job	2025-04-14T11:03:57.0998583Z Complete job name: handle_failure
handle_failure	Checkout code	﻿2025-04-14T11:03:57.1628589Z ##[group]Run actions/checkout@v4
handle_failure	Checkout code	2025-04-14T11:03:57.1629869Z with:
handle_failure	Checkout code	2025-04-14T11:03:57.1630505Z   fetch-depth: 0
handle_failure	Checkout code	2025-04-14T11:03:57.1631409Z   token: ***
handle_failure	Checkout code	2025-04-14T11:03:57.1631977Z   repository: Ka0s-Klaus/ka0s
handle_failure	Checkout code	2025-04-14T11:03:57.1632849Z   ssh-strict: true
handle_failure	Checkout code	2025-04-14T11:03:57.1633429Z   ssh-user: git
handle_failure	Checkout code	2025-04-14T11:03:57.1633985Z   persist-credentials: true
handle_failure	Checkout code	2025-04-14T11:03:57.1634622Z   clean: true
handle_failure	Checkout code	2025-04-14T11:03:57.1635180Z   sparse-checkout-cone-mode: true
handle_failure	Checkout code	2025-04-14T11:03:57.1635877Z   fetch-tags: false
handle_failure	Checkout code	2025-04-14T11:03:57.1636445Z   show-progress: true
handle_failure	Checkout code	2025-04-14T11:03:57.1637013Z   lfs: false
handle_failure	Checkout code	2025-04-14T11:03:57.1637533Z   submodules: false
handle_failure	Checkout code	2025-04-14T11:03:57.1638147Z   set-safe-directory: true
handle_failure	Checkout code	2025-04-14T11:03:57.1639308Z env:
handle_failure	Checkout code	2025-04-14T11:03:57.1639831Z   KAOS_CODE: 14444010552
handle_failure	Checkout code	2025-04-14T11:03:57.1640453Z   KAOS_EVENT_NAME: workflow_dispatch
handle_failure	Checkout code	2025-04-14T11:03:57.1641144Z   KAOS_ACTION: 
handle_failure	Checkout code	2025-04-14T11:03:57.1641691Z   KAOS_REF: refs/heads/main
handle_failure	Checkout code	2025-04-14T11:03:57.1642435Z   KAOS_MODULE: [Ka0S] Deploy Web Structure
handle_failure	Checkout code	2025-04-14T11:03:57.1643239Z   KAOS_JSON: core/outputs/webs/
handle_failure	Checkout code	2025-04-14T11:03:57.1643941Z   KAOS_WEB_STRUCTURE: core/results/webs
handle_failure	Checkout code	2025-04-14T11:03:57.1644717Z   KAOS_WEB_REQUEST: core/web/structure/*.json
handle_failure	Checkout code	2025-04-14T11:03:57.1645465Z   KAOS_ACTOR: ka0score
handle_failure	Checkout code	2025-04-14T11:03:57.1646038Z ##[endgroup]
handle_failure	Checkout code	2025-04-14T11:03:57.3315159Z Syncing repository: Ka0s-Klaus/ka0s
handle_failure	Checkout code	2025-04-14T11:03:57.3318105Z ##[group]Getting Git version info
handle_failure	Checkout code	2025-04-14T11:03:57.3319226Z Working directory is '/actions-runner/_work/ka0s/ka0s'
handle_failure	Checkout code	2025-04-14T11:03:57.3320713Z [command]/usr/bin/git version
handle_failure	Checkout code	2025-04-14T11:03:57.3321413Z git version 2.48.1
handle_failure	Checkout code	2025-04-14T11:03:57.3324141Z ##[endgroup]
handle_failure	Checkout code	2025-04-14T11:03:57.3333727Z Copying '/home/kaos/.gitconfig' to '/actions-runner/_work/_temp/22c83488-1ea6-4f28-ad08-f26448d86e80/.gitconfig'
handle_failure	Checkout code	2025-04-14T11:03:57.3336090Z Temporarily overriding HOME='/actions-runner/_work/_temp/22c83488-1ea6-4f28-ad08-f26448d86e80' before making global git config changes
handle_failure	Checkout code	2025-04-14T11:03:57.3338680Z Adding repository directory to the temporary git global config as a safe directory
handle_failure	Checkout code	2025-04-14T11:03:57.3342221Z [command]/usr/bin/git config --global --add safe.directory /actions-runner/_work/ka0s/ka0s
handle_failure	Checkout code	2025-04-14T11:03:57.3346038Z [command]/usr/bin/git config --local --get remote.origin.url
handle_failure	Checkout code	2025-04-14T11:03:57.3385968Z https://github.com/Ka0s-Klaus/ka0s
handle_failure	Checkout code	2025-04-14T11:03:57.3414536Z ##[group]Removing previously created refs, to avoid conflicts
handle_failure	Checkout code	2025-04-14T11:03:57.3422582Z [command]/usr/bin/git rev-parse --symbolic-full-name --verify --quiet HEAD
handle_failure	Checkout code	2025-04-14T11:03:57.3453636Z refs/heads/H220-web-de-resultados
handle_failure	Checkout code	2025-04-14T11:03:57.3470019Z [command]/usr/bin/git checkout --detach
handle_failure	Checkout code	2025-04-14T11:03:57.3622479Z HEAD is now at da8f5d8 [Ka0S] Uploading resume execution files to the repository...
handle_failure	Checkout code	2025-04-14T11:03:57.3695082Z [command]/usr/bin/git branch --delete --force H220-web-de-resultados
handle_failure	Checkout code	2025-04-14T11:03:57.3738945Z Deleted branch H220-web-de-resultados (was da8f5d8).
handle_failure	Checkout code	2025-04-14T11:03:57.3818121Z ##[endgroup]
handle_failure	Checkout code	2025-04-14T11:03:57.3825523Z [command]/usr/bin/git submodule status
handle_failure	Checkout code	2025-04-14T11:03:57.4196812Z ##[group]Cleaning the repository
handle_failure	Checkout code	2025-04-14T11:03:57.4203457Z [command]/usr/bin/git clean -ffdx
handle_failure	Checkout code	2025-04-14T11:03:57.4268152Z Removing files-in-commit.txt
handle_failure	Checkout code	2025-04-14T11:03:57.4285085Z [command]/usr/bin/git reset --hard HEAD
handle_failure	Checkout code	2025-04-14T11:03:57.4514846Z HEAD is now at da8f5d8 [Ka0S] Uploading resume execution files to the repository...
handle_failure	Checkout code	2025-04-14T11:03:57.4525049Z ##[endgroup]
handle_failure	Checkout code	2025-04-14T11:03:57.4527485Z ##[group]Disabling automatic garbage collection
handle_failure	Checkout code	2025-04-14T11:03:57.4533166Z [command]/usr/bin/git config --local gc.auto 0
handle_failure	Checkout code	2025-04-14T11:03:57.4575993Z ##[endgroup]
handle_failure	Checkout code	2025-04-14T11:03:57.4587658Z ##[group]Setting up auth
handle_failure	Checkout code	2025-04-14T11:03:57.4590596Z [command]/usr/bin/git config --local --name-only --get-regexp core\.sshCommand
handle_failure	Checkout code	2025-04-14T11:03:57.4650008Z [command]/usr/bin/git submodule foreach --recursive sh -c "git config --local --name-only --get-regexp 'core\.sshCommand' && git config --local --unset-all 'core.sshCommand' || :"
handle_failure	Checkout code	2025-04-14T11:03:57.5028958Z [command]/usr/bin/git config --local --name-only --get-regexp http\.https\:\/\/github\.com\/\.extraheader
handle_failure	Checkout code	2025-04-14T11:03:57.5084936Z [command]/usr/bin/git submodule foreach --recursive sh -c "git config --local --name-only --get-regexp 'http\.https\:\/\/github\.com\/\.extraheader' && git config --local --unset-all 'http.https://github.com/.extraheader' || :"
handle_failure	Checkout code	2025-04-14T11:03:57.5466174Z [command]/usr/bin/git config --local http.https://github.com/.extraheader AUTHORIZATION: basic ***
handle_failure	Checkout code	2025-04-14T11:03:57.5524641Z ##[endgroup]
handle_failure	Checkout code	2025-04-14T11:03:57.5526381Z ##[group]Fetching the repository
handle_failure	Checkout code	2025-04-14T11:03:57.5537911Z [command]/usr/bin/git -c protocol.version=2 fetch --prune --no-recurse-submodules origin +refs/heads/*:refs/remotes/origin/* +refs/tags/*:refs/tags/*
handle_failure	Checkout code	2025-04-14T11:03:58.7224406Z From https://github.com/Ka0s-Klaus/ka0s
handle_failure	Checkout code	2025-04-14T11:03:58.7226420Z    da8f5d8..50677d6  H220-web-de-resultados -> origin/H220-web-de-resultados
handle_failure	Checkout code	2025-04-14T11:03:58.7230544Z    9f760fe..150adfe  main                   -> origin/main
handle_failure	Checkout code	2025-04-14T11:03:58.7235246Z  * [new tag]         0.0.83                 -> 0.0.83
handle_failure	Checkout code	2025-04-14T11:03:58.7302827Z [command]/usr/bin/git branch --list --remote origin/main
handle_failure	Checkout code	2025-04-14T11:03:58.7339543Z   origin/main
handle_failure	Checkout code	2025-04-14T11:03:58.7353978Z [command]/usr/bin/git rev-parse refs/remotes/origin/main
handle_failure	Checkout code	2025-04-14T11:03:58.7386789Z 150adfe17942823b1ac7891d99033a6c7d1c3b40
handle_failure	Checkout code	2025-04-14T11:03:58.7394830Z ##[endgroup]
handle_failure	Checkout code	2025-04-14T11:03:58.7397683Z ##[group]Determining the checkout info
handle_failure	Checkout code	2025-04-14T11:03:58.7400959Z ##[endgroup]
handle_failure	Checkout code	2025-04-14T11:03:58.7403801Z [command]/usr/bin/git sparse-checkout disable
handle_failure	Checkout code	2025-04-14T11:03:58.7482922Z [command]/usr/bin/git config --local --unset-all extensions.worktreeConfig
handle_failure	Checkout code	2025-04-14T11:03:58.7524125Z ##[group]Checking out the ref
handle_failure	Checkout code	2025-04-14T11:03:58.7527892Z [command]/usr/bin/git checkout --progress --force -B main refs/remotes/origin/main
handle_failure	Checkout code	2025-04-14T11:03:58.7808547Z Previous HEAD position was da8f5d8 [Ka0S] Uploading resume execution files to the repository...
handle_failure	Checkout code	2025-04-14T11:03:58.7821401Z Switched to a new branch 'main'
handle_failure	Checkout code	2025-04-14T11:03:58.7827714Z branch 'main' set up to track 'origin/main'.
handle_failure	Checkout code	2025-04-14T11:03:58.7838742Z ##[endgroup]
handle_failure	Checkout code	2025-04-14T11:03:58.7913444Z [command]/usr/bin/git log -1 --format=%H
handle_failure	Checkout code	2025-04-14T11:03:58.7939005Z 150adfe17942823b1ac7891d99033a6c7d1c3b40
handle_failure	handle-failure-execution	﻿2025-04-14T11:03:58.8260681Z ##[group]Run echo "Error detected in process"
handle_failure	handle-failure-execution	2025-04-14T11:03:58.8263161Z [36;1mecho "Error detected in process"[0m
handle_failure	handle-failure-execution	2025-04-14T11:03:58.8264910Z [36;1m# RNNUMBER=$(echo "refs/heads/main" | grep -o '[0-9]*')[0m
handle_failure	handle-failure-execution	2025-04-14T11:03:58.8266601Z [36;1mRNNUMBER=220[0m
handle_failure	handle-failure-execution	2025-04-14T11:03:58.8269953Z [36;1mgh issue comment $RNNUMBER --body "El proceso no ha finalizado correctamente 14444010552. El resultado está en el fichero core/results/event_data14444010552.log"[0m
handle_failure	handle-failure-execution	2025-04-14T11:03:58.8289059Z shell: /usr/bin/bash -e {0}
handle_failure	handle-failure-execution	2025-04-14T11:03:58.8290295Z env:
handle_failure	handle-failure-execution	2025-04-14T11:03:58.8291181Z   KAOS_CODE: 14444010552
handle_failure	handle-failure-execution	2025-04-14T11:03:58.8292781Z   KAOS_EVENT_NAME: workflow_dispatch
handle_failure	handle-failure-execution	2025-04-14T11:03:58.8294079Z   KAOS_ACTION: 
handle_failure	handle-failure-execution	2025-04-14T11:03:58.8295075Z   KAOS_REF: refs/heads/main
handle_failure	handle-failure-execution	2025-04-14T11:03:58.8296307Z   KAOS_MODULE: [Ka0S] Deploy Web Structure
handle_failure	handle-failure-execution	2025-04-14T11:03:58.8298095Z   KAOS_JSON: core/outputs/webs/
handle_failure	handle-failure-execution	2025-04-14T11:03:58.8299370Z   KAOS_WEB_STRUCTURE: core/results/webs
handle_failure	handle-failure-execution	2025-04-14T11:03:58.8300819Z   KAOS_WEB_REQUEST: core/web/structure/*.json
handle_failure	handle-failure-execution	2025-04-14T11:03:58.8302690Z   KAOS_ACTOR: ka0score
handle_failure	handle-failure-execution	2025-04-14T11:03:58.8304319Z   GH_TOKEN: ***
handle_failure	handle-failure-execution	2025-04-14T11:03:58.8305276Z ##[endgroup]
handle_failure	handle-failure-execution	2025-04-14T11:03:58.8387291Z Error detected in process
handle_failure	handle-failure-execution	2025-04-14T11:04:00.2493800Z https://github.com/Ka0s-Klaus/ka0s/issues/220#issuecomment-2801338233
handle_failure	Post Checkout code	﻿2025-04-14T11:04:00.2693077Z Post job cleanup.
handle_failure	Post Checkout code	2025-04-14T11:04:00.3991656Z [command]/usr/bin/git version
handle_failure	Post Checkout code	2025-04-14T11:04:00.4041288Z git version 2.48.1
handle_failure	Post Checkout code	2025-04-14T11:04:00.4095649Z Copying '/home/kaos/.gitconfig' to '/actions-runner/_work/_temp/68c951bb-d2cd-44c2-bc9a-29b00ace26f9/.gitconfig'
handle_failure	Post Checkout code	2025-04-14T11:04:00.4113022Z Temporarily overriding HOME='/actions-runner/_work/_temp/68c951bb-d2cd-44c2-bc9a-29b00ace26f9' before making global git config changes
handle_failure	Post Checkout code	2025-04-14T11:04:00.4114417Z Adding repository directory to the temporary git global config as a safe directory
handle_failure	Post Checkout code	2025-04-14T11:04:00.4121468Z [command]/usr/bin/git config --global --add safe.directory /actions-runner/_work/ka0s/ka0s
handle_failure	Post Checkout code	2025-04-14T11:04:00.4173372Z [command]/usr/bin/git config --local --name-only --get-regexp core\.sshCommand
handle_failure	Post Checkout code	2025-04-14T11:04:00.4236186Z [command]/usr/bin/git submodule foreach --recursive sh -c "git config --local --name-only --get-regexp 'core\.sshCommand' && git config --local --unset-all 'core.sshCommand' || :"
handle_failure	Post Checkout code	2025-04-14T11:04:00.4633301Z [command]/usr/bin/git config --local --name-only --get-regexp http\.https\:\/\/github\.com\/\.extraheader
handle_failure	Post Checkout code	2025-04-14T11:04:00.4667488Z http.https://github.com/.extraheader
handle_failure	Post Checkout code	2025-04-14T11:04:00.4690953Z [command]/usr/bin/git config --local --unset-all http.https://github.com/.extraheader
handle_failure	Post Checkout code	2025-04-14T11:04:00.4749502Z [command]/usr/bin/git submodule foreach --recursive sh -c "git config --local --name-only --get-regexp 'http\.https\:\/\/github\.com\/\.extraheader' && git config --local --unset-all 'http.https://github.com/.extraheader' || :"
handle_failure	Complete job	﻿2025-04-14T11:04:00.5320906Z Cleaning up orphan processes
end-workflow	Set up job	﻿2025-04-14T11:04:07.9533883Z Current runner version: '2.323.0'
end-workflow	Set up job	2025-04-14T11:04:07.9537859Z Runner name: 'ka0s-10'
end-workflow	Set up job	2025-04-14T11:04:07.9538441Z Machine name: '26a53205c9ac'
end-workflow	Set up job	2025-04-14T11:04:07.9539825Z ##[group]GITHUB_TOKEN Permissions
end-workflow	Set up job	2025-04-14T11:04:07.9541279Z Contents: read
end-workflow	Set up job	2025-04-14T11:04:07.9541598Z Metadata: read
end-workflow	Set up job	2025-04-14T11:04:07.9541898Z Packages: read
end-workflow	Set up job	2025-04-14T11:04:07.9542172Z ##[endgroup]
end-workflow	Set up job	2025-04-14T11:04:07.9543580Z Secret source: Actions
end-workflow	Set up job	2025-04-14T11:04:07.9543973Z Prepare workflow directory
end-workflow	Set up job	2025-04-14T11:04:07.9930142Z Prepare all required actions
end-workflow	Set up job	2025-04-14T11:04:07.9958670Z Getting action download info
end-workflow	Set up job	2025-04-14T11:04:08.5128854Z Download action repository 'actions/checkout@v4' (SHA:11bd71901bbe5b1630ceea73d27597364c9af683)
end-workflow	Set up job	2025-04-14T11:04:14.2292214Z Complete job name: end-workflow
end-workflow	Checkout code	﻿2025-04-14T11:04:14.2635319Z ##[group]Run actions/checkout@v4
end-workflow	Checkout code	2025-04-14T11:04:14.2636191Z with:
end-workflow	Checkout code	2025-04-14T11:04:14.2636681Z   fetch-depth: 0
end-workflow	Checkout code	2025-04-14T11:04:14.2637528Z   token: ***
end-workflow	Checkout code	2025-04-14T11:04:14.2638061Z   repository: Ka0s-Klaus/ka0s
end-workflow	Checkout code	2025-04-14T11:04:14.2638768Z   ssh-strict: true
end-workflow	Checkout code	2025-04-14T11:04:14.2639310Z   ssh-user: git
end-workflow	Checkout code	2025-04-14T11:04:14.2639867Z   persist-credentials: true
end-workflow	Checkout code	2025-04-14T11:04:14.2640489Z   clean: true
end-workflow	Checkout code	2025-04-14T11:04:14.2641056Z   sparse-checkout-cone-mode: true
end-workflow	Checkout code	2025-04-14T11:04:14.2641744Z   fetch-tags: false
end-workflow	Checkout code	2025-04-14T11:04:14.2642304Z   show-progress: true
end-workflow	Checkout code	2025-04-14T11:04:14.2642868Z   lfs: false
end-workflow	Checkout code	2025-04-14T11:04:14.2643378Z   submodules: false
end-workflow	Checkout code	2025-04-14T11:04:14.2643955Z   set-safe-directory: true
end-workflow	Checkout code	2025-04-14T11:04:14.2644793Z env:
end-workflow	Checkout code	2025-04-14T11:04:14.2645419Z   KAOS_CODE: 14444010552
end-workflow	Checkout code	2025-04-14T11:04:14.2665191Z   KAOS_EVENT_NAME: workflow_dispatch
end-workflow	Checkout code	2025-04-14T11:04:14.2665930Z   KAOS_ACTION: 
end-workflow	Checkout code	2025-04-14T11:04:14.2666470Z   KAOS_REF: refs/heads/main
end-workflow	Checkout code	2025-04-14T11:04:14.2667145Z   KAOS_MODULE: [Ka0S] Deploy Web Structure
end-workflow	Checkout code	2025-04-14T11:04:14.2667939Z   KAOS_JSON: core/outputs/webs/
end-workflow	Checkout code	2025-04-14T11:04:14.2668642Z   KAOS_WEB_STRUCTURE: core/results/webs
end-workflow	Checkout code	2025-04-14T11:04:14.2669420Z   KAOS_WEB_REQUEST: core/web/structure/*.json
end-workflow	Checkout code	2025-04-14T11:04:14.2670184Z   KAOS_ACTOR: ka0score
end-workflow	Checkout code	2025-04-14T11:04:14.2670991Z   GH_TOKEN: ***
end-workflow	Checkout code	2025-04-14T11:04:14.2671513Z ##[endgroup]
end-workflow	Checkout code	2025-04-14T11:04:14.3396222Z Syncing repository: Ka0s-Klaus/ka0s
end-workflow	Checkout code	2025-04-14T11:04:14.3398348Z ##[group]Getting Git version info
end-workflow	Checkout code	2025-04-14T11:04:14.3399382Z Working directory is '/actions-runner/_work/ka0s/ka0s'
end-workflow	Checkout code	2025-04-14T11:04:14.3400904Z [command]/usr/bin/git version
end-workflow	Checkout code	2025-04-14T11:04:14.3401635Z git version 2.43.0
end-workflow	Checkout code	2025-04-14T11:04:14.3421383Z ##[endgroup]
end-workflow	Checkout code	2025-04-14T11:04:14.3431085Z Copying '/home/kaos/.gitconfig' to '/actions-runner/_work/_temp/3d0bd9cd-6064-4351-b1e5-c6e0cd5e07d6/.gitconfig'
end-workflow	Checkout code	2025-04-14T11:04:14.3441287Z Temporarily overriding HOME='/actions-runner/_work/_temp/3d0bd9cd-6064-4351-b1e5-c6e0cd5e07d6' before making global git config changes
end-workflow	Checkout code	2025-04-14T11:04:14.3444483Z Adding repository directory to the temporary git global config as a safe directory
end-workflow	Checkout code	2025-04-14T11:04:14.3446774Z [command]/usr/bin/git config --global --add safe.directory /actions-runner/_work/ka0s/ka0s
end-workflow	Checkout code	2025-04-14T11:04:14.3482253Z [command]/usr/bin/git config --local --get remote.origin.url
end-workflow	Checkout code	2025-04-14T11:04:14.3502264Z https://github.com/Ka0s-Klaus/ka0s
end-workflow	Checkout code	2025-04-14T11:04:14.3514495Z ##[group]Removing previously created refs, to avoid conflicts
end-workflow	Checkout code	2025-04-14T11:04:14.3516666Z [command]/usr/bin/git rev-parse --symbolic-full-name --verify --quiet HEAD
end-workflow	Checkout code	2025-04-14T11:04:14.3540393Z refs/heads/main
end-workflow	Checkout code	2025-04-14T11:04:14.3552048Z [command]/usr/bin/git checkout --detach
end-workflow	Checkout code	2025-04-14T11:04:14.3642836Z HEAD is now at 150adfe1 Creamos la ruta de otra manera diferente
end-workflow	Checkout code	2025-04-14T11:04:14.3690927Z [command]/usr/bin/git branch --delete --force main
end-workflow	Checkout code	2025-04-14T11:04:14.3720074Z Deleted branch main (was 150adfe1).
end-workflow	Checkout code	2025-04-14T11:04:14.3766679Z ##[endgroup]
end-workflow	Checkout code	2025-04-14T11:04:14.3768298Z [command]/usr/bin/git submodule status
end-workflow	Checkout code	2025-04-14T11:04:14.4019241Z ##[group]Cleaning the repository
end-workflow	Checkout code	2025-04-14T11:04:14.4021985Z [command]/usr/bin/git clean -ffdx
end-workflow	Checkout code	2025-04-14T11:04:14.4062077Z [command]/usr/bin/git reset --hard HEAD
end-workflow	Checkout code	2025-04-14T11:04:14.4156027Z HEAD is now at 150adfe1 Creamos la ruta de otra manera diferente
end-workflow	Checkout code	2025-04-14T11:04:14.4159093Z ##[endgroup]
end-workflow	Checkout code	2025-04-14T11:04:14.4160460Z ##[group]Disabling automatic garbage collection
end-workflow	Checkout code	2025-04-14T11:04:14.4161718Z [command]/usr/bin/git config --local gc.auto 0
end-workflow	Checkout code	2025-04-14T11:04:14.4187779Z ##[endgroup]
end-workflow	Checkout code	2025-04-14T11:04:14.4189168Z ##[group]Setting up auth
end-workflow	Checkout code	2025-04-14T11:04:14.4190599Z [command]/usr/bin/git config --local --name-only --get-regexp core\.sshCommand
end-workflow	Checkout code	2025-04-14T11:04:14.4213252Z [command]/usr/bin/git submodule foreach --recursive sh -c "git config --local --name-only --get-regexp 'core\.sshCommand' && git config --local --unset-all 'core.sshCommand' || :"
end-workflow	Checkout code	2025-04-14T11:04:14.4461252Z [command]/usr/bin/git config --local --name-only --get-regexp http\.https\:\/\/github\.com\/\.extraheader
end-workflow	Checkout code	2025-04-14T11:04:14.4489896Z [command]/usr/bin/git submodule foreach --recursive sh -c "git config --local --name-only --get-regexp 'http\.https\:\/\/github\.com\/\.extraheader' && git config --local --unset-all 'http.https://github.com/.extraheader' || :"
end-workflow	Checkout code	2025-04-14T11:04:14.4727740Z [command]/usr/bin/git config --local http.https://github.com/.extraheader AUTHORIZATION: basic ***
end-workflow	Checkout code	2025-04-14T11:04:14.4766835Z ##[endgroup]
end-workflow	Checkout code	2025-04-14T11:04:14.4768386Z ##[group]Fetching the repository
end-workflow	Checkout code	2025-04-14T11:04:14.4770798Z [command]/usr/bin/git -c protocol.version=2 fetch --prune --no-recurse-submodules origin +refs/heads/*:refs/remotes/origin/* +refs/tags/*:refs/tags/*
end-workflow	Checkout code	2025-04-14T11:04:14.9059250Z [command]/usr/bin/git branch --list --remote origin/main
end-workflow	Checkout code	2025-04-14T11:04:14.9083013Z   origin/main
end-workflow	Checkout code	2025-04-14T11:04:14.9088645Z [command]/usr/bin/git rev-parse refs/remotes/origin/main
end-workflow	Checkout code	2025-04-14T11:04:14.9105138Z 150adfe17942823b1ac7891d99033a6c7d1c3b40
end-workflow	Checkout code	2025-04-14T11:04:14.9106562Z ##[endgroup]
end-workflow	Checkout code	2025-04-14T11:04:14.9107151Z ##[group]Determining the checkout info
end-workflow	Checkout code	2025-04-14T11:04:14.9107726Z ##[endgroup]
end-workflow	Checkout code	2025-04-14T11:04:14.9109501Z [command]/usr/bin/git sparse-checkout disable
end-workflow	Checkout code	2025-04-14T11:04:14.9241519Z [command]/usr/bin/git config --local --unset-all extensions.worktreeConfig
end-workflow	Checkout code	2025-04-14T11:04:14.9267915Z ##[group]Checking out the ref
end-workflow	Checkout code	2025-04-14T11:04:14.9268806Z [command]/usr/bin/git checkout --progress --force -B main refs/remotes/origin/main
end-workflow	Checkout code	2025-04-14T11:04:14.9350433Z Switched to a new branch 'main'
end-workflow	Checkout code	2025-04-14T11:04:14.9352332Z branch 'main' set up to track 'origin/main'.
end-workflow	Checkout code	2025-04-14T11:04:14.9357933Z ##[endgroup]
end-workflow	Checkout code	2025-04-14T11:04:14.9401173Z [command]/usr/bin/git log -1 --format=%H
end-workflow	Checkout code	2025-04-14T11:04:14.9426575Z 150adfe17942823b1ac7891d99033a6c7d1c3b40
end-workflow	Finaliza el workflow	﻿2025-04-14T11:04:14.9575503Z ##[group]Run echo "End process"
end-workflow	Finaliza el workflow	2025-04-14T11:04:14.9575904Z [36;1mecho "End process"[0m
end-workflow	Finaliza el workflow	2025-04-14T11:04:14.9576225Z [36;1m# RNNUMBER=$(echo "refs/heads/main" | grep -o '[0-9]*')[0m
end-workflow	Finaliza el workflow	2025-04-14T11:04:14.9576467Z [36;1mRNNUMBER=220[0m
end-workflow	Finaliza el workflow	2025-04-14T11:04:14.9576774Z [36;1mgh issue comment $RNNUMBER --body "Se finaliza Ka0s 14444010552"[0m
end-workflow	Finaliza el workflow	2025-04-14T11:04:14.9577251Z [36;1mgh workflow run inspector.yml --ref 'main' -f kaos-issue-id=$RNNUMBER -f kaos-workflow-id="14444010552" -f kaos-user-start=""[0m
end-workflow	Finaliza el workflow	2025-04-14T11:04:14.9584623Z shell: /usr/bin/bash -e {0}
end-workflow	Finaliza el workflow	2025-04-14T11:04:14.9584938Z env:
end-workflow	Finaliza el workflow	2025-04-14T11:04:14.9585131Z   KAOS_CODE: 14444010552
end-workflow	Finaliza el workflow	2025-04-14T11:04:14.9585353Z   KAOS_EVENT_NAME: workflow_dispatch
end-workflow	Finaliza el workflow	2025-04-14T11:04:14.9585578Z   KAOS_ACTION: 
end-workflow	Finaliza el workflow	2025-04-14T11:04:14.9585790Z   KAOS_REF: refs/heads/main
end-workflow	Finaliza el workflow	2025-04-14T11:04:14.9585984Z   KAOS_MODULE: [Ka0S] Deploy Web Structure
end-workflow	Finaliza el workflow	2025-04-14T11:04:14.9586191Z   KAOS_JSON: core/outputs/webs/
end-workflow	Finaliza el workflow	2025-04-14T11:04:14.9586377Z   KAOS_WEB_STRUCTURE: core/results/webs
end-workflow	Finaliza el workflow	2025-04-14T11:04:14.9586627Z   KAOS_WEB_REQUEST: core/web/structure/*.json
end-workflow	Finaliza el workflow	2025-04-14T11:04:14.9586833Z   KAOS_ACTOR: ka0score
end-workflow	Finaliza el workflow	2025-04-14T11:04:14.9587214Z   GH_TOKEN: ***
end-workflow	Finaliza el workflow	2025-04-14T11:04:14.9587379Z ##[endgroup]
end-workflow	Finaliza el workflow	2025-04-14T11:04:14.9628012Z End process
end-workflow	Finaliza el workflow	2025-04-14T11:04:16.4977473Z https://github.com/Ka0s-Klaus/ka0s/issues/220#issuecomment-2801338854
end-workflow	Post Checkout code	﻿2025-04-14T11:04:17.0730767Z Post job cleanup.
end-workflow	Post Checkout code	2025-04-14T11:04:17.1347318Z [command]/usr/bin/git version
end-workflow	Post Checkout code	2025-04-14T11:04:17.1378686Z git version 2.43.0
end-workflow	Post Checkout code	2025-04-14T11:04:17.1403891Z Copying '/home/kaos/.gitconfig' to '/actions-runner/_work/_temp/0e71aa54-4958-4533-9e63-d831fff20be7/.gitconfig'
end-workflow	Post Checkout code	2025-04-14T11:04:17.1418967Z Temporarily overriding HOME='/actions-runner/_work/_temp/0e71aa54-4958-4533-9e63-d831fff20be7' before making global git config changes
end-workflow	Post Checkout code	2025-04-14T11:04:17.1419791Z Adding repository directory to the temporary git global config as a safe directory
end-workflow	Post Checkout code	2025-04-14T11:04:17.1422264Z [command]/usr/bin/git config --global --add safe.directory /actions-runner/_work/ka0s/ka0s
end-workflow	Post Checkout code	2025-04-14T11:04:17.1452772Z [command]/usr/bin/git config --local --name-only --get-regexp core\.sshCommand
end-workflow	Post Checkout code	2025-04-14T11:04:17.1480734Z [command]/usr/bin/git submodule foreach --recursive sh -c "git config --local --name-only --get-regexp 'core\.sshCommand' && git config --local --unset-all 'core.sshCommand' || :"
end-workflow	Post Checkout code	2025-04-14T11:04:17.1728016Z [command]/usr/bin/git config --local --name-only --get-regexp http\.https\:\/\/github\.com\/\.extraheader
end-workflow	Post Checkout code	2025-04-14T11:04:17.1753787Z http.https://github.com/.extraheader
end-workflow	Post Checkout code	2025-04-14T11:04:17.1759790Z [command]/usr/bin/git config --local --unset-all http.https://github.com/.extraheader
end-workflow	Post Checkout code	2025-04-14T11:04:17.1789411Z [command]/usr/bin/git submodule foreach --recursive sh -c "git config --local --name-only --get-regexp 'http\.https\:\/\/github\.com\/\.extraheader' && git config --local --unset-all 'http.https://github.com/.extraheader' || :"
end-workflow	Complete job	﻿2025-04-14T11:04:17.2107700Z Cleaning up orphan processes
