job-core	Set up job	﻿2025-04-21T08:08:53.9446676Z Current runner version: '2.323.0'
job-core	Set up job	2025-04-21T08:08:53.9450541Z Runner name: 'ka0s-7'
job-core	Set up job	2025-04-21T08:08:53.9451081Z Machine name: '26a53205c9ac'
job-core	Set up job	2025-04-21T08:08:53.9452554Z ##[group]GITHUB_TOKEN Permissions
job-core	Set up job	2025-04-21T08:08:53.9453913Z Actions: write
job-core	Set up job	2025-04-21T08:08:53.9454214Z Contents: write
job-core	Set up job	2025-04-21T08:08:53.9454774Z Issues: write
job-core	Set up job	2025-04-21T08:08:53.9455055Z Metadata: read
job-core	Set up job	2025-04-21T08:08:53.9455338Z PullRequests: write
job-core	Set up job	2025-04-21T08:08:53.9455625Z ##[endgroup]
job-core	Set up job	2025-04-21T08:08:53.9456983Z Secret source: Actions
job-core	Set up job	2025-04-21T08:08:53.9457356Z Prepare workflow directory
job-core	Set up job	2025-04-21T08:08:53.9876246Z Prepare all required actions
job-core	Set up job	2025-04-21T08:08:53.9920138Z Getting action download info
job-core	Set up job	2025-04-21T08:08:54.4209357Z Download action repository 'actions/checkout@v4' (SHA:11bd71901bbe5b1630ceea73d27597364c9af683)
job-core	Set up job	2025-04-21T08:08:55.1148456Z Download action repository 'actions/setup-node@v4' (SHA:49933ea5288caeca8642d1e84afbd3f7d6820020)
job-core	Set up job	2025-04-21T08:08:56.0002679Z Complete job name: job-core
job-core	Run actions/checkout@v4	﻿2025-04-21T08:08:56.0367473Z ##[group]Run actions/checkout@v4
job-core	Run actions/checkout@v4	2025-04-21T08:08:56.0368371Z with:
job-core	Run actions/checkout@v4	2025-04-21T08:08:56.0368913Z   fetch-depth: 0
job-core	Run actions/checkout@v4	2025-04-21T08:08:56.0369762Z   token: ***
job-core	Run actions/checkout@v4	2025-04-21T08:08:56.0370333Z   repository: Ka0s-Klaus/ka0s
job-core	Run actions/checkout@v4	2025-04-21T08:08:56.0371002Z   ssh-strict: true
job-core	Run actions/checkout@v4	2025-04-21T08:08:56.0371569Z   ssh-user: git
job-core	Run actions/checkout@v4	2025-04-21T08:08:56.0372150Z   persist-credentials: true
job-core	Run actions/checkout@v4	2025-04-21T08:08:56.0372800Z   clean: true
job-core	Run actions/checkout@v4	2025-04-21T08:08:56.0373392Z   sparse-checkout-cone-mode: true
job-core	Run actions/checkout@v4	2025-04-21T08:08:56.0374100Z   fetch-tags: false
job-core	Run actions/checkout@v4	2025-04-21T08:08:56.0374784Z   show-progress: true
job-core	Run actions/checkout@v4	2025-04-21T08:08:56.0375371Z   lfs: false
job-core	Run actions/checkout@v4	2025-04-21T08:08:56.0375902Z   submodules: false
job-core	Run actions/checkout@v4	2025-04-21T08:08:56.0376508Z   set-safe-directory: true
job-core	Run actions/checkout@v4	2025-04-21T08:08:56.0377243Z env:
job-core	Run actions/checkout@v4	2025-04-21T08:08:56.0377757Z   KAOS_MODULE: [Ka0S] MDLINT
job-core	Run actions/checkout@v4	2025-04-21T08:08:56.0378562Z   GH_TOKEN: ***
job-core	Run actions/checkout@v4	2025-04-21T08:08:56.0379105Z   FILE_ERROR: 
job-core	Run actions/checkout@v4	2025-04-21T08:08:56.0379721Z   KAOS_MD_CONFIG: core/config/.markdownlint.json
job-core	Run actions/checkout@v4	2025-04-21T08:08:56.0380544Z   KAOS_PATH_RESUME: core/outputs/m/
job-core	Run actions/checkout@v4	2025-04-21T08:08:56.0381346Z   KAOS_REPO: /actions-runner/_work/kaos/kaos
job-core	Run actions/checkout@v4	2025-04-21T08:08:56.0382105Z   KAOS_STEP_MODULE: 
job-core	Run actions/checkout@v4	2025-04-21T08:08:56.0382683Z   KAOS_CODE: 14569974735
job-core	Run actions/checkout@v4	2025-04-21T08:08:56.0383276Z ##[endgroup]
job-core	Run actions/checkout@v4	2025-04-21T08:08:56.1099264Z Syncing repository: Ka0s-Klaus/ka0s
job-core	Run actions/checkout@v4	2025-04-21T08:08:56.1101427Z ##[group]Getting Git version info
job-core	Run actions/checkout@v4	2025-04-21T08:08:56.1102437Z Working directory is '/actions-runner/_work/ka0s/ka0s'
job-core	Run actions/checkout@v4	2025-04-21T08:08:56.1103906Z [command]/usr/bin/git version
job-core	Run actions/checkout@v4	2025-04-21T08:08:56.1104776Z git version 2.43.0
job-core	Run actions/checkout@v4	2025-04-21T08:08:56.1115538Z ##[endgroup]
job-core	Run actions/checkout@v4	2025-04-21T08:08:56.1123735Z Copying '/home/kaos/.gitconfig' to '/actions-runner/_work/_temp/7b8c1413-3c5f-44f9-814a-1b758ebbd1f1/.gitconfig'
job-core	Run actions/checkout@v4	2025-04-21T08:08:56.1137178Z Temporarily overriding HOME='/actions-runner/_work/_temp/7b8c1413-3c5f-44f9-814a-1b758ebbd1f1' before making global git config changes
job-core	Run actions/checkout@v4	2025-04-21T08:08:56.1139562Z Adding repository directory to the temporary git global config as a safe directory
job-core	Run actions/checkout@v4	2025-04-21T08:08:56.1141486Z [command]/usr/bin/git config --global --add safe.directory /actions-runner/_work/ka0s/ka0s
job-core	Run actions/checkout@v4	2025-04-21T08:08:56.1173911Z [command]/usr/bin/git config --local --get remote.origin.url
job-core	Run actions/checkout@v4	2025-04-21T08:08:56.1195772Z https://github.com/Ka0s-Klaus/ka0s
job-core	Run actions/checkout@v4	2025-04-21T08:08:56.1214096Z ##[group]Removing previously created refs, to avoid conflicts
job-core	Run actions/checkout@v4	2025-04-21T08:08:56.1220537Z [command]/usr/bin/git rev-parse --symbolic-full-name --verify --quiet HEAD
job-core	Run actions/checkout@v4	2025-04-21T08:08:56.1243487Z refs/heads/H328-documentacion-modulo-principal-de-kaos
job-core	Run actions/checkout@v4	2025-04-21T08:08:56.1252345Z [command]/usr/bin/git checkout --detach
job-core	Run actions/checkout@v4	2025-04-21T08:08:56.1347499Z HEAD is now at ecf8dbe7 [Ka0S] Uploading resume execution files to the repository...
job-core	Run actions/checkout@v4	2025-04-21T08:08:56.1392950Z [command]/usr/bin/git branch --delete --force H328-documentacion-modulo-principal-de-kaos
job-core	Run actions/checkout@v4	2025-04-21T08:08:56.1421756Z Deleted branch H328-documentacion-modulo-principal-de-kaos (was ecf8dbe7).
job-core	Run actions/checkout@v4	2025-04-21T08:08:56.1473207Z ##[endgroup]
job-core	Run actions/checkout@v4	2025-04-21T08:08:56.1474773Z [command]/usr/bin/git submodule status
job-core	Run actions/checkout@v4	2025-04-21T08:08:56.1719713Z ##[group]Cleaning the repository
job-core	Run actions/checkout@v4	2025-04-21T08:08:56.1723207Z [command]/usr/bin/git clean -ffdx
job-core	Run actions/checkout@v4	2025-04-21T08:08:56.1773393Z Removing core/outputs/m/mdlint-results-14569974252.txt
job-core	Run actions/checkout@v4	2025-04-21T08:08:56.1782889Z [command]/usr/bin/git reset --hard HEAD
job-core	Run actions/checkout@v4	2025-04-21T08:08:56.1894708Z HEAD is now at ecf8dbe7 [Ka0S] Uploading resume execution files to the repository...
job-core	Run actions/checkout@v4	2025-04-21T08:08:56.1900778Z ##[endgroup]
job-core	Run actions/checkout@v4	2025-04-21T08:08:56.1902317Z ##[group]Disabling automatic garbage collection
job-core	Run actions/checkout@v4	2025-04-21T08:08:56.1907146Z [command]/usr/bin/git config --local gc.auto 0
job-core	Run actions/checkout@v4	2025-04-21T08:08:56.1936799Z ##[endgroup]
job-core	Run actions/checkout@v4	2025-04-21T08:08:56.1938276Z ##[group]Setting up auth
job-core	Run actions/checkout@v4	2025-04-21T08:08:56.1942276Z [command]/usr/bin/git config --local --name-only --get-regexp core\.sshCommand
job-core	Run actions/checkout@v4	2025-04-21T08:08:56.1981663Z [command]/usr/bin/git submodule foreach --recursive sh -c "git config --local --name-only --get-regexp 'core\.sshCommand' && git config --local --unset-all 'core.sshCommand' || :"
job-core	Run actions/checkout@v4	2025-04-21T08:08:56.2211885Z [command]/usr/bin/git config --local --name-only --get-regexp http\.https\:\/\/github\.com\/\.extraheader
job-core	Run actions/checkout@v4	2025-04-21T08:08:56.2242449Z [command]/usr/bin/git submodule foreach --recursive sh -c "git config --local --name-only --get-regexp 'http\.https\:\/\/github\.com\/\.extraheader' && git config --local --unset-all 'http.https://github.com/.extraheader' || :"
job-core	Run actions/checkout@v4	2025-04-21T08:08:56.2474688Z [command]/usr/bin/git config --local http.https://github.com/.extraheader AUTHORIZATION: basic ***
job-core	Run actions/checkout@v4	2025-04-21T08:08:56.2513585Z ##[endgroup]
job-core	Run actions/checkout@v4	2025-04-21T08:08:56.2514970Z ##[group]Fetching the repository
job-core	Run actions/checkout@v4	2025-04-21T08:08:56.2520033Z [command]/usr/bin/git -c protocol.version=2 fetch --prune --no-recurse-submodules origin +refs/heads/*:refs/remotes/origin/* +refs/tags/*:refs/tags/*
job-core	Run actions/checkout@v4	2025-04-21T08:08:56.7210086Z [command]/usr/bin/git branch --list --remote origin/H328-documentacion-modulo-principal-de-kaos
job-core	Run actions/checkout@v4	2025-04-21T08:08:56.7235331Z   origin/H328-documentacion-modulo-principal-de-kaos
job-core	Run actions/checkout@v4	2025-04-21T08:08:56.7244074Z [command]/usr/bin/git rev-parse refs/remotes/origin/H328-documentacion-modulo-principal-de-kaos
job-core	Run actions/checkout@v4	2025-04-21T08:08:56.7264072Z ecf8dbe79ecf8988d3dbea0ca37e1818857a023d
job-core	Run actions/checkout@v4	2025-04-21T08:08:56.7268955Z ##[endgroup]
job-core	Run actions/checkout@v4	2025-04-21T08:08:56.7269408Z ##[group]Determining the checkout info
job-core	Run actions/checkout@v4	2025-04-21T08:08:56.7269814Z ##[endgroup]
job-core	Run actions/checkout@v4	2025-04-21T08:08:56.7272943Z [command]/usr/bin/git sparse-checkout disable
job-core	Run actions/checkout@v4	2025-04-21T08:08:56.7403431Z [command]/usr/bin/git config --local --unset-all extensions.worktreeConfig
job-core	Run actions/checkout@v4	2025-04-21T08:08:56.7428418Z ##[group]Checking out the ref
job-core	Run actions/checkout@v4	2025-04-21T08:08:56.7429163Z [command]/usr/bin/git checkout --progress --force -B H328-documentacion-modulo-principal-de-kaos refs/remotes/origin/H328-documentacion-modulo-principal-de-kaos
job-core	Run actions/checkout@v4	2025-04-21T08:08:56.7506878Z Switched to a new branch 'H328-documentacion-modulo-principal-de-kaos'
job-core	Run actions/checkout@v4	2025-04-21T08:08:56.7508173Z branch 'H328-documentacion-modulo-principal-de-kaos' set up to track 'origin/H328-documentacion-modulo-principal-de-kaos'.
job-core	Run actions/checkout@v4	2025-04-21T08:08:56.7511186Z ##[endgroup]
job-core	Run actions/checkout@v4	2025-04-21T08:08:56.7557125Z [command]/usr/bin/git log -1 --format=%H
job-core	Run actions/checkout@v4	2025-04-21T08:08:56.7590908Z ecf8dbe79ecf8988d3dbea0ca37e1818857a023d
job-core	Run actions/setup-node@v4	﻿2025-04-21T08:08:56.7774962Z ##[group]Run actions/setup-node@v4
job-core	Run actions/setup-node@v4	2025-04-21T08:08:56.7775299Z with:
job-core	Run actions/setup-node@v4	2025-04-21T08:08:56.7775517Z   node-version: 20
job-core	Run actions/setup-node@v4	2025-04-21T08:08:56.7775810Z   always-auth: false
job-core	Run actions/setup-node@v4	2025-04-21T08:08:56.7776034Z   check-latest: false
job-core	Run actions/setup-node@v4	2025-04-21T08:08:56.7776406Z   token: ***
job-core	Run actions/setup-node@v4	2025-04-21T08:08:56.7776621Z env:
job-core	Run actions/setup-node@v4	2025-04-21T08:08:56.7776818Z   KAOS_MODULE: [Ka0S] MDLINT
job-core	Run actions/setup-node@v4	2025-04-21T08:08:56.7777119Z   GH_TOKEN: ***
job-core	Run actions/setup-node@v4	2025-04-21T08:08:56.7777292Z   FILE_ERROR: 
job-core	Run actions/setup-node@v4	2025-04-21T08:08:56.7777482Z   KAOS_MD_CONFIG: core/config/.markdownlint.json
job-core	Run actions/setup-node@v4	2025-04-21T08:08:56.7777726Z   KAOS_PATH_RESUME: core/outputs/m/
job-core	Run actions/setup-node@v4	2025-04-21T08:08:56.7777958Z   KAOS_REPO: /actions-runner/_work/kaos/kaos
job-core	Run actions/setup-node@v4	2025-04-21T08:08:56.7778180Z   KAOS_STEP_MODULE: 
job-core	Run actions/setup-node@v4	2025-04-21T08:08:56.7778360Z   KAOS_CODE: 14569974735
job-core	Run actions/setup-node@v4	2025-04-21T08:08:56.7778540Z ##[endgroup]
job-core	Run actions/setup-node@v4	2025-04-21T08:08:56.8907945Z Found in cache @ /actions-runner/_work/_tool/node/20.19.0/x64
job-core	Run actions/setup-node@v4	2025-04-21T08:08:56.8910693Z ##[group]Environment details
job-core	Run actions/setup-node@v4	2025-04-21T08:08:56.9595376Z node: v20.19.0
job-core	Run actions/setup-node@v4	2025-04-21T08:08:56.9596333Z npm: 10.8.2
job-core	Run actions/setup-node@v4	2025-04-21T08:08:56.9596660Z yarn: 
job-core	Run actions/setup-node@v4	2025-04-21T08:08:56.9597308Z ##[endgroup]
job-core	Run npm install -g markdownlint-cli2	﻿2025-04-21T08:08:56.9671253Z ##[group]Run npm install -g markdownlint-cli2
job-core	Run npm install -g markdownlint-cli2	2025-04-21T08:08:56.9671614Z [36;1mnpm install -g markdownlint-cli2[0m
job-core	Run npm install -g markdownlint-cli2	2025-04-21T08:08:56.9680751Z shell: /usr/bin/bash -e {0}
job-core	Run npm install -g markdownlint-cli2	2025-04-21T08:08:56.9680980Z env:
job-core	Run npm install -g markdownlint-cli2	2025-04-21T08:08:56.9681161Z   KAOS_MODULE: [Ka0S] MDLINT
job-core	Run npm install -g markdownlint-cli2	2025-04-21T08:08:56.9681514Z   GH_TOKEN: ***
job-core	Run npm install -g markdownlint-cli2	2025-04-21T08:08:56.9681689Z   FILE_ERROR: 
job-core	Run npm install -g markdownlint-cli2	2025-04-21T08:08:56.9681880Z   KAOS_MD_CONFIG: core/config/.markdownlint.json
job-core	Run npm install -g markdownlint-cli2	2025-04-21T08:08:56.9682123Z   KAOS_PATH_RESUME: core/outputs/m/
job-core	Run npm install -g markdownlint-cli2	2025-04-21T08:08:56.9682352Z   KAOS_REPO: /actions-runner/_work/kaos/kaos
job-core	Run npm install -g markdownlint-cli2	2025-04-21T08:08:56.9682567Z   KAOS_STEP_MODULE: 
job-core	Run npm install -g markdownlint-cli2	2025-04-21T08:08:56.9682749Z   KAOS_CODE: 14569974735
job-core	Run npm install -g markdownlint-cli2	2025-04-21T08:08:56.9682944Z ##[endgroup]
job-core	Run npm install -g markdownlint-cli2	2025-04-21T08:08:57.6582846Z 
job-core	Run npm install -g markdownlint-cli2	2025-04-21T08:08:57.6589124Z changed 80 packages in 649ms
job-core	Run npm install -g markdownlint-cli2	2025-04-21T08:08:57.6589563Z 
job-core	Run npm install -g markdownlint-cli2	2025-04-21T08:08:57.6589767Z 48 packages are looking for funding
job-core	Run npm install -g markdownlint-cli2	2025-04-21T08:08:57.6590046Z   run `npm fund` for details
job-core	Run # Realizamos el check del documento md 	﻿2025-04-21T08:08:57.6709446Z ##[group]Run # Realizamos el check del documento md 
job-core	Run # Realizamos el check del documento md 	2025-04-21T08:08:57.6709879Z [36;1m# Realizamos el check del documento md [0m
job-core	Run # Realizamos el check del documento md 	2025-04-21T08:08:57.6710245Z [36;1m    # Run markdownlint with the specified files and ignore rules[0m
job-core	Run # Realizamos el check del documento md 	2025-04-21T08:08:57.6710836Z [36;1m    markdownlint-cli2 core/docs/ka0s_core/ka0s_core.md --config core/config/.markdownlint.json > core/outputs/m/mdlint-results-14569974735.txt 2>&1 || true[0m
job-core	Run # Realizamos el check del documento md 	2025-04-21T08:08:57.6711362Z [36;1m    # Check if exist errors in file[0m
job-core	Run # Realizamos el check del documento md 	2025-04-21T08:08:57.6711722Z [36;1m    # Abre el fichero en modo lectura y lee todas las líneas[0m
job-core	Run # Realizamos el check del documento md 	2025-04-21T08:08:57.6712136Z [36;1m    lines=$(cat core/outputs/m/mdlint-results-14569974735.txt)[0m
job-core	Run # Realizamos el check del documento md 	2025-04-21T08:08:57.6712515Z [36;1m    # Inicializa la variable summary_value[0m
job-core	Run # Realizamos el check del documento md 	2025-04-21T08:08:57.6712845Z [36;1m    summary_value=""[0m
job-core	Run # Realizamos el check del documento md 	2025-04-21T08:08:57.6727884Z [36;1m    # Busca la línea que contiene "Summary:"[0m
job-core	Run # Realizamos el check del documento md 	2025-04-21T08:08:57.6728464Z [36;1m    while IFS= read -r line; do[0m
job-core	Run # Realizamos el check del documento md 	2025-04-21T08:08:57.6728780Z [36;1m        if [[ "$line" == *"Summary:"* ]]; then[0m
job-core	Run # Realizamos el check del documento md 	2025-04-21T08:08:57.6729057Z [36;1m            # Extrae el número después de "Summary:"[0m
job-core	Run # Realizamos el check del documento md 	2025-04-21T08:08:57.6729405Z [36;1m            summary_value=$(echo "$line" | awk -F'Summary: ' '{print $2}' | awk '{print $1}')[0m
job-core	Run # Realizamos el check del documento md 	2025-04-21T08:08:57.6729709Z [36;1m            break[0m
job-core	Run # Realizamos el check del documento md 	2025-04-21T08:08:57.6729908Z [36;1m        fi[0m
job-core	Run # Realizamos el check del documento md 	2025-04-21T08:08:57.6730106Z [36;1m    done <<< "$lines"[0m
job-core	Run # Realizamos el check del documento md 	2025-04-21T08:08:57.6730333Z [36;1m    # Comprueba si el valor es cero[0m
job-core	Run # Realizamos el check del documento md 	2025-04-21T08:08:57.6730573Z [36;1m    if [ "$summary_value" == "0" ]; then[0m
job-core	Run # Realizamos el check del documento md 	2025-04-21T08:08:57.6730944Z [36;1m      echo "File core/outputs/m/mdlint-results-14569974735.txt is empty and $file is content correct"[0m
job-core	Run # Realizamos el check del documento md 	2025-04-21T08:08:57.6731582Z [36;1m      KAOS_ISSUE_BODY="The [Ka0S] MDLINT process (14569971265) launch the check (14569974735) over file (core/docs/ka0s_core/ka0s_core.md) and its result has been SUCCESS. Please MERGE"[0m
job-core	Run # Realizamos el check del documento md 	2025-04-21T08:08:57.6732118Z [36;1m      gh issue comment 328 -b "$KAOS_ISSUE_BODY"[0m
job-core	Run # Realizamos el check del documento md 	2025-04-21T08:08:57.6732438Z [36;1m      gh issue comment  328 -F core/outputs/m/mdlint-results-14569974735.txt[0m
job-core	Run # Realizamos el check del documento md 	2025-04-21T08:08:57.6732730Z [36;1m    else[0m
job-core	Run # Realizamos el check del documento md 	2025-04-21T08:08:57.6733106Z [36;1m      echo "File core/outputs/m/mdlint-results-14569974735.txt is not empty and $file is content not correct and write commit info"[0m
job-core	Run # Realizamos el check del documento md 	2025-04-21T08:08:57.6733818Z [36;1m      KAOS_ISSUE_BODY="The [Ka0S] MDLINT process (14569971265) launch the check (14569974735) over file (core/docs/ka0s_core/ka0s_core.md) and its result has been FAILED, please check and solved it"[0m
job-core	Run # Realizamos el check del documento md 	2025-04-21T08:08:57.6734498Z [36;1m      gh issue comment 328 -b "$KAOS_ISSUE_BODY"[0m
job-core	Run # Realizamos el check del documento md 	2025-04-21T08:08:57.6735216Z [36;1m      gh issue comment  328 -F core/outputs/m/mdlint-results-14569974735.txt[0m
job-core	Run # Realizamos el check del documento md 	2025-04-21T08:08:57.6735588Z [36;1m    fi[0m
job-core	Run # Realizamos el check del documento md 	2025-04-21T08:08:57.6740645Z shell: /usr/bin/bash -e {0}
job-core	Run # Realizamos el check del documento md 	2025-04-21T08:08:57.6740869Z env:
job-core	Run # Realizamos el check del documento md 	2025-04-21T08:08:57.6741055Z   KAOS_MODULE: [Ka0S] MDLINT
job-core	Run # Realizamos el check del documento md 	2025-04-21T08:08:57.6741474Z   GH_TOKEN: ***
job-core	Run # Realizamos el check del documento md 	2025-04-21T08:08:57.6741668Z   FILE_ERROR: 
job-core	Run # Realizamos el check del documento md 	2025-04-21T08:08:57.6741874Z   KAOS_MD_CONFIG: core/config/.markdownlint.json
job-core	Run # Realizamos el check del documento md 	2025-04-21T08:08:57.6742131Z   KAOS_PATH_RESUME: core/outputs/m/
job-core	Run # Realizamos el check del documento md 	2025-04-21T08:08:57.6742380Z   KAOS_REPO: /actions-runner/_work/kaos/kaos
job-core	Run # Realizamos el check del documento md 	2025-04-21T08:08:57.6742610Z   KAOS_STEP_MODULE: 
job-core	Run # Realizamos el check del documento md 	2025-04-21T08:08:57.6742810Z   KAOS_CODE: 14569974735
job-core	Run # Realizamos el check del documento md 	2025-04-21T08:08:57.6743016Z ##[endgroup]
job-core	Run # Realizamos el check del documento md 	2025-04-21T08:08:57.8195435Z File core/outputs/m/mdlint-results-14569974735.txt is empty and  is content correct
job-core	Run # Realizamos el check del documento md 	2025-04-21T08:08:58.9065715Z https://github.com/Ka0s-Klaus/ka0s/issues/328#issuecomment-2817899694
job-core	Run # Realizamos el check del documento md 	2025-04-21T08:08:59.8750147Z https://github.com/Ka0s-Klaus/ka0s/issues/328#issuecomment-2817899723
job-core	Post Run actions/setup-node@v4	﻿2025-04-21T08:08:59.8809801Z Post job cleanup.
job-core	Post Run actions/checkout@v4	﻿2025-04-21T08:08:59.9921529Z Post job cleanup.
job-core	Post Run actions/checkout@v4	2025-04-21T08:09:00.0585532Z [command]/usr/bin/git version
job-core	Post Run actions/checkout@v4	2025-04-21T08:09:00.0615715Z git version 2.43.0
job-core	Post Run actions/checkout@v4	2025-04-21T08:09:00.0656390Z Copying '/home/kaos/.gitconfig' to '/actions-runner/_work/_temp/4da0291b-f64c-4c02-9ab9-ee28214f9aeb/.gitconfig'
job-core	Post Run actions/checkout@v4	2025-04-21T08:09:00.0667755Z Temporarily overriding HOME='/actions-runner/_work/_temp/4da0291b-f64c-4c02-9ab9-ee28214f9aeb' before making global git config changes
job-core	Post Run actions/checkout@v4	2025-04-21T08:09:00.0668951Z Adding repository directory to the temporary git global config as a safe directory
job-core	Post Run actions/checkout@v4	2025-04-21T08:09:00.0669651Z [command]/usr/bin/git config --global --add safe.directory /actions-runner/_work/ka0s/ka0s
job-core	Post Run actions/checkout@v4	2025-04-21T08:09:00.0709189Z [command]/usr/bin/git config --local --name-only --get-regexp core\.sshCommand
job-core	Post Run actions/checkout@v4	2025-04-21T08:09:00.0739356Z [command]/usr/bin/git submodule foreach --recursive sh -c "git config --local --name-only --get-regexp 'core\.sshCommand' && git config --local --unset-all 'core.sshCommand' || :"
job-core	Post Run actions/checkout@v4	2025-04-21T08:09:00.0983310Z [command]/usr/bin/git config --local --name-only --get-regexp http\.https\:\/\/github\.com\/\.extraheader
job-core	Post Run actions/checkout@v4	2025-04-21T08:09:00.1005339Z http.https://github.com/.extraheader
job-core	Post Run actions/checkout@v4	2025-04-21T08:09:00.1020370Z [command]/usr/bin/git config --local --unset-all http.https://github.com/.extraheader
job-core	Post Run actions/checkout@v4	2025-04-21T08:09:00.1054850Z [command]/usr/bin/git submodule foreach --recursive sh -c "git config --local --name-only --get-regexp 'http\.https\:\/\/github\.com\/\.extraheader' && git config --local --unset-all 'http.https://github.com/.extraheader' || :"
job-core	Complete job	﻿2025-04-21T08:09:00.1393237Z Cleaning up orphan processes
handle-success	Set up job	﻿2025-04-21T08:09:14.4392143Z Current runner version: '2.323.0'
handle-success	Set up job	2025-04-21T08:09:14.4397137Z Runner name: 'ka0s-9'
handle-success	Set up job	2025-04-21T08:09:14.4397706Z Machine name: '26a53205c9ac'
handle-success	Set up job	2025-04-21T08:09:14.4399187Z ##[group]GITHUB_TOKEN Permissions
handle-success	Set up job	2025-04-21T08:09:14.4400736Z Actions: write
handle-success	Set up job	2025-04-21T08:09:14.4401039Z Contents: write
handle-success	Set up job	2025-04-21T08:09:14.4401324Z Issues: write
handle-success	Set up job	2025-04-21T08:09:14.4401598Z Metadata: read
handle-success	Set up job	2025-04-21T08:09:14.4401877Z PullRequests: write
handle-success	Set up job	2025-04-21T08:09:14.4402154Z ##[endgroup]
handle-success	Set up job	2025-04-21T08:09:14.4403414Z Secret source: Actions
handle-success	Set up job	2025-04-21T08:09:14.4403796Z Prepare workflow directory
handle-success	Set up job	2025-04-21T08:09:14.4828207Z Prepare all required actions
handle-success	Set up job	2025-04-21T08:09:14.4854069Z Getting action download info
handle-success	Set up job	2025-04-21T08:09:14.9263579Z Download action repository 'actions/checkout@v4' (SHA:11bd71901bbe5b1630ceea73d27597364c9af683)
handle-success	Set up job	2025-04-21T08:09:15.6382513Z Complete job name: handle-success
handle-success	Checkout code	﻿2025-04-21T08:09:15.6663451Z ##[group]Run actions/checkout@v4
handle-success	Checkout code	2025-04-21T08:09:15.6664023Z with:
handle-success	Checkout code	2025-04-21T08:09:15.6664306Z   fetch-depth: 0
handle-success	Checkout code	2025-04-21T08:09:15.6665139Z   token: ***
handle-success	Checkout code	2025-04-21T08:09:15.6665430Z   repository: Ka0s-Klaus/ka0s
handle-success	Checkout code	2025-04-21T08:09:15.6665776Z   ssh-strict: true
handle-success	Checkout code	2025-04-21T08:09:15.6666066Z   ssh-user: git
handle-success	Checkout code	2025-04-21T08:09:15.6666361Z   persist-credentials: true
handle-success	Checkout code	2025-04-21T08:09:15.6666703Z   clean: true
handle-success	Checkout code	2025-04-21T08:09:15.6667007Z   sparse-checkout-cone-mode: true
handle-success	Checkout code	2025-04-21T08:09:15.6667363Z   fetch-tags: false
handle-success	Checkout code	2025-04-21T08:09:15.6667657Z   show-progress: true
handle-success	Checkout code	2025-04-21T08:09:15.6667961Z   lfs: false
handle-success	Checkout code	2025-04-21T08:09:15.6668229Z   submodules: false
handle-success	Checkout code	2025-04-21T08:09:15.6668546Z   set-safe-directory: true
handle-success	Checkout code	2025-04-21T08:09:15.6668981Z env:
handle-success	Checkout code	2025-04-21T08:09:15.6669244Z   KAOS_MODULE: [Ka0S] MDLINT
handle-success	Checkout code	2025-04-21T08:09:15.6669666Z   GH_TOKEN: ***
handle-success	Checkout code	2025-04-21T08:09:15.6669946Z   FILE_ERROR: 
handle-success	Checkout code	2025-04-21T08:09:15.6670261Z   KAOS_MD_CONFIG: core/config/.markdownlint.json
handle-success	Checkout code	2025-04-21T08:09:15.6670693Z   KAOS_PATH_RESUME: core/outputs/m/
handle-success	Checkout code	2025-04-21T08:09:15.6691101Z   KAOS_REPO: /actions-runner/_work/kaos/kaos
handle-success	Checkout code	2025-04-21T08:09:15.6691516Z   KAOS_STEP_MODULE: 
handle-success	Checkout code	2025-04-21T08:09:15.6691816Z   KAOS_CODE: 14569974735
handle-success	Checkout code	2025-04-21T08:09:15.6692124Z ##[endgroup]
handle-success	Checkout code	2025-04-21T08:09:15.7394648Z Syncing repository: Ka0s-Klaus/ka0s
handle-success	Checkout code	2025-04-21T08:09:15.7396372Z ##[group]Getting Git version info
handle-success	Checkout code	2025-04-21T08:09:15.7396883Z Working directory is '/actions-runner/_work/ka0s/ka0s'
handle-success	Checkout code	2025-04-21T08:09:15.7397571Z [command]/usr/bin/git version
handle-success	Checkout code	2025-04-21T08:09:15.7397949Z git version 2.43.0
handle-success	Checkout code	2025-04-21T08:09:15.7408892Z ##[endgroup]
handle-success	Checkout code	2025-04-21T08:09:15.7414028Z Copying '/home/kaos/.gitconfig' to '/actions-runner/_work/_temp/fdcd3129-8fa9-4909-8a15-a628815e7c3b/.gitconfig'
handle-success	Checkout code	2025-04-21T08:09:15.7424930Z Temporarily overriding HOME='/actions-runner/_work/_temp/fdcd3129-8fa9-4909-8a15-a628815e7c3b' before making global git config changes
handle-success	Checkout code	2025-04-21T08:09:15.7427021Z Adding repository directory to the temporary git global config as a safe directory
handle-success	Checkout code	2025-04-21T08:09:15.7428590Z [command]/usr/bin/git config --global --add safe.directory /actions-runner/_work/ka0s/ka0s
handle-success	Checkout code	2025-04-21T08:09:15.7460788Z [command]/usr/bin/git config --local --get remote.origin.url
handle-success	Checkout code	2025-04-21T08:09:15.7477770Z https://github.com/Ka0s-Klaus/ka0s
handle-success	Checkout code	2025-04-21T08:09:15.7493849Z ##[group]Removing previously created refs, to avoid conflicts
handle-success	Checkout code	2025-04-21T08:09:15.7495796Z [command]/usr/bin/git rev-parse --symbolic-full-name --verify --quiet HEAD
handle-success	Checkout code	2025-04-21T08:09:15.7518210Z refs/heads/H328-documentacion-modulo-principal-de-kaos
handle-success	Checkout code	2025-04-21T08:09:15.7529770Z [command]/usr/bin/git checkout --detach
handle-success	Checkout code	2025-04-21T08:09:15.7613794Z HEAD is now at 2e29aba7 Merge remote-tracking branch 'origin' into H328-documentacion-modulo-principal-de-kaos
handle-success	Checkout code	2025-04-21T08:09:15.7658758Z [command]/usr/bin/git branch --delete --force H328-documentacion-modulo-principal-de-kaos
handle-success	Checkout code	2025-04-21T08:09:15.7689756Z Deleted branch H328-documentacion-modulo-principal-de-kaos (was 2e29aba7).
handle-success	Checkout code	2025-04-21T08:09:15.7742031Z ##[endgroup]
handle-success	Checkout code	2025-04-21T08:09:15.7742893Z [command]/usr/bin/git submodule status
handle-success	Checkout code	2025-04-21T08:09:15.7976059Z ##[group]Cleaning the repository
handle-success	Checkout code	2025-04-21T08:09:15.7977654Z [command]/usr/bin/git clean -ffdx
handle-success	Checkout code	2025-04-21T08:09:15.8021163Z [command]/usr/bin/git reset --hard HEAD
handle-success	Checkout code	2025-04-21T08:09:15.8124321Z HEAD is now at 2e29aba7 Merge remote-tracking branch 'origin' into H328-documentacion-modulo-principal-de-kaos
handle-success	Checkout code	2025-04-21T08:09:15.8127562Z ##[endgroup]
handle-success	Checkout code	2025-04-21T08:09:15.8128609Z ##[group]Disabling automatic garbage collection
handle-success	Checkout code	2025-04-21T08:09:15.8129781Z [command]/usr/bin/git config --local gc.auto 0
handle-success	Checkout code	2025-04-21T08:09:15.8159358Z ##[endgroup]
handle-success	Checkout code	2025-04-21T08:09:15.8160526Z ##[group]Setting up auth
handle-success	Checkout code	2025-04-21T08:09:15.8168776Z [command]/usr/bin/git config --local --name-only --get-regexp core\.sshCommand
handle-success	Checkout code	2025-04-21T08:09:15.8195936Z [command]/usr/bin/git submodule foreach --recursive sh -c "git config --local --name-only --get-regexp 'core\.sshCommand' && git config --local --unset-all 'core.sshCommand' || :"
handle-success	Checkout code	2025-04-21T08:09:15.8436492Z [command]/usr/bin/git config --local --name-only --get-regexp http\.https\:\/\/github\.com\/\.extraheader
handle-success	Checkout code	2025-04-21T08:09:15.8463078Z [command]/usr/bin/git submodule foreach --recursive sh -c "git config --local --name-only --get-regexp 'http\.https\:\/\/github\.com\/\.extraheader' && git config --local --unset-all 'http.https://github.com/.extraheader' || :"
handle-success	Checkout code	2025-04-21T08:09:15.8700033Z [command]/usr/bin/git config --local http.https://github.com/.extraheader AUTHORIZATION: basic ***
handle-success	Checkout code	2025-04-21T08:09:15.8729933Z ##[endgroup]
handle-success	Checkout code	2025-04-21T08:09:15.8731036Z ##[group]Fetching the repository
handle-success	Checkout code	2025-04-21T08:09:15.8733084Z [command]/usr/bin/git -c protocol.version=2 fetch --prune --no-recurse-submodules origin +refs/heads/*:refs/remotes/origin/* +refs/tags/*:refs/tags/*
handle-success	Checkout code	2025-04-21T08:09:16.3724826Z From https://github.com/Ka0s-Klaus/ka0s
handle-success	Checkout code	2025-04-21T08:09:16.3727817Z    2e29aba7..ecf8dbe7  H328-documentacion-modulo-principal-de-kaos -> origin/H328-documentacion-modulo-principal-de-kaos
handle-success	Checkout code	2025-04-21T08:09:16.3792450Z [command]/usr/bin/git branch --list --remote origin/H328-documentacion-modulo-principal-de-kaos
handle-success	Checkout code	2025-04-21T08:09:16.3818428Z   origin/H328-documentacion-modulo-principal-de-kaos
handle-success	Checkout code	2025-04-21T08:09:16.3824794Z [command]/usr/bin/git rev-parse refs/remotes/origin/H328-documentacion-modulo-principal-de-kaos
handle-success	Checkout code	2025-04-21T08:09:16.3848010Z ecf8dbe79ecf8988d3dbea0ca37e1818857a023d
handle-success	Checkout code	2025-04-21T08:09:16.3852232Z ##[endgroup]
handle-success	Checkout code	2025-04-21T08:09:16.3853349Z ##[group]Determining the checkout info
handle-success	Checkout code	2025-04-21T08:09:16.3855146Z ##[endgroup]
handle-success	Checkout code	2025-04-21T08:09:16.3860337Z [command]/usr/bin/git sparse-checkout disable
handle-success	Checkout code	2025-04-21T08:09:16.3913536Z [command]/usr/bin/git config --local --unset-all extensions.worktreeConfig
handle-success	Checkout code	2025-04-21T08:09:16.3943041Z ##[group]Checking out the ref
handle-success	Checkout code	2025-04-21T08:09:16.3947421Z [command]/usr/bin/git checkout --progress --force -B H328-documentacion-modulo-principal-de-kaos refs/remotes/origin/H328-documentacion-modulo-principal-de-kaos
handle-success	Checkout code	2025-04-21T08:09:16.4059091Z Previous HEAD position was 2e29aba7 Merge remote-tracking branch 'origin' into H328-documentacion-modulo-principal-de-kaos
handle-success	Checkout code	2025-04-21T08:09:16.4064198Z Switched to a new branch 'H328-documentacion-modulo-principal-de-kaos'
handle-success	Checkout code	2025-04-21T08:09:16.4066881Z branch 'H328-documentacion-modulo-principal-de-kaos' set up to track 'origin/H328-documentacion-modulo-principal-de-kaos'.
handle-success	Checkout code	2025-04-21T08:09:16.4072543Z ##[endgroup]
handle-success	Checkout code	2025-04-21T08:09:16.4109289Z [command]/usr/bin/git log -1 --format=%H
handle-success	Checkout code	2025-04-21T08:09:16.4134333Z ecf8dbe79ecf8988d3dbea0ca37e1818857a023d
handle-success	handle-success-execution	﻿2025-04-21T08:09:16.4326916Z ##[group]Run # Si todo ha ido correcto añadimos el contenido del fichero 
handle-success	handle-success-execution	2025-04-21T08:09:16.4328386Z [36;1m# Si todo ha ido correcto añadimos el contenido del fichero [0m
handle-success	handle-success-execution	2025-04-21T08:09:16.4330127Z [36;1mRNNUMBER=$(echo "refs/heads/H328-documentacion-modulo-principal-de-kaos" | grep -o '[0-9]*')[0m
handle-success	handle-success-execution	2025-04-21T08:09:16.4332852Z [36;1mgh issue comment $RNNUMBER --body "El proceso ha finalizado correctamente 14569974735. El resultado está en el fichero core/results/event_data14569974735.log"[0m
handle-success	handle-success-execution	2025-04-21T08:09:16.4342511Z shell: /usr/bin/bash -e {0}
handle-success	handle-success-execution	2025-04-21T08:09:16.4343446Z env:
handle-success	handle-success-execution	2025-04-21T08:09:16.4344047Z   KAOS_MODULE: [Ka0S] MDLINT
handle-success	handle-success-execution	2025-04-21T08:09:16.4345462Z   GH_TOKEN: ***
handle-success	handle-success-execution	2025-04-21T08:09:16.4346275Z   FILE_ERROR: 
handle-success	handle-success-execution	2025-04-21T08:09:16.4347023Z   KAOS_MD_CONFIG: core/config/.markdownlint.json
handle-success	handle-success-execution	2025-04-21T08:09:16.4347949Z   KAOS_PATH_RESUME: core/outputs/m/
handle-success	handle-success-execution	2025-04-21T08:09:16.4348807Z   KAOS_REPO: /actions-runner/_work/kaos/kaos
handle-success	handle-success-execution	2025-04-21T08:09:16.4349656Z   KAOS_STEP_MODULE: 
handle-success	handle-success-execution	2025-04-21T08:09:16.4350353Z   KAOS_CODE: 14569974735
handle-success	handle-success-execution	2025-04-21T08:09:16.4351017Z ##[endgroup]
handle-success	handle-success-execution	2025-04-21T08:09:17.4236310Z https://github.com/Ka0s-Klaus/ka0s/issues/328#issuecomment-2817900701
handle-success	Post Checkout code	﻿2025-04-21T08:09:17.4320781Z Post job cleanup.
handle-success	Post Checkout code	2025-04-21T08:09:17.4923635Z [command]/usr/bin/git version
handle-success	Post Checkout code	2025-04-21T08:09:17.4950897Z git version 2.43.0
handle-success	Post Checkout code	2025-04-21T08:09:17.4972682Z Copying '/home/kaos/.gitconfig' to '/actions-runner/_work/_temp/d60645a0-a2a8-4cd9-8d0a-bf66670c0ed2/.gitconfig'
handle-success	Post Checkout code	2025-04-21T08:09:17.4985728Z Temporarily overriding HOME='/actions-runner/_work/_temp/d60645a0-a2a8-4cd9-8d0a-bf66670c0ed2' before making global git config changes
handle-success	Post Checkout code	2025-04-21T08:09:17.4986820Z Adding repository directory to the temporary git global config as a safe directory
handle-success	Post Checkout code	2025-04-21T08:09:17.4987556Z [command]/usr/bin/git config --global --add safe.directory /actions-runner/_work/ka0s/ka0s
handle-success	Post Checkout code	2025-04-21T08:09:17.5019945Z [command]/usr/bin/git config --local --name-only --get-regexp core\.sshCommand
handle-success	Post Checkout code	2025-04-21T08:09:17.5044416Z [command]/usr/bin/git submodule foreach --recursive sh -c "git config --local --name-only --get-regexp 'core\.sshCommand' && git config --local --unset-all 'core.sshCommand' || :"
handle-success	Post Checkout code	2025-04-21T08:09:17.5280736Z [command]/usr/bin/git config --local --name-only --get-regexp http\.https\:\/\/github\.com\/\.extraheader
handle-success	Post Checkout code	2025-04-21T08:09:17.5298598Z http.https://github.com/.extraheader
handle-success	Post Checkout code	2025-04-21T08:09:17.5309418Z [command]/usr/bin/git config --local --unset-all http.https://github.com/.extraheader
handle-success	Post Checkout code	2025-04-21T08:09:17.5340206Z [command]/usr/bin/git submodule foreach --recursive sh -c "git config --local --name-only --get-regexp 'http\.https\:\/\/github\.com\/\.extraheader' && git config --local --unset-all 'http.https://github.com/.extraheader' || :"
handle-success	Complete job	﻿2025-04-21T08:09:17.5667865Z Cleaning up orphan processes
end-workflow	Set up job	﻿2025-04-21T08:09:37.6303437Z Current runner version: '2.323.0'
end-workflow	Set up job	2025-04-21T08:09:37.6308733Z Runner name: 'ka0s-7'
end-workflow	Set up job	2025-04-21T08:09:37.6309307Z Machine name: '26a53205c9ac'
end-workflow	Set up job	2025-04-21T08:09:37.6310792Z ##[group]GITHUB_TOKEN Permissions
end-workflow	Set up job	2025-04-21T08:09:37.6312162Z Actions: write
end-workflow	Set up job	2025-04-21T08:09:37.6312466Z Contents: write
end-workflow	Set up job	2025-04-21T08:09:37.6312749Z Issues: write
end-workflow	Set up job	2025-04-21T08:09:37.6313015Z Metadata: read
end-workflow	Set up job	2025-04-21T08:09:37.6313294Z PullRequests: write
end-workflow	Set up job	2025-04-21T08:09:37.6313574Z ##[endgroup]
end-workflow	Set up job	2025-04-21T08:09:37.6315434Z Secret source: Actions
end-workflow	Set up job	2025-04-21T08:09:37.6315938Z Prepare workflow directory
end-workflow	Set up job	2025-04-21T08:09:37.6761680Z Prepare all required actions
end-workflow	Set up job	2025-04-21T08:09:37.6797534Z Getting action download info
end-workflow	Set up job	2025-04-21T08:09:38.1004874Z Download action repository 'actions/checkout@v4' (SHA:11bd71901bbe5b1630ceea73d27597364c9af683)
end-workflow	Set up job	2025-04-21T08:09:38.7912561Z Complete job name: end-workflow
end-workflow	Checkout code	﻿2025-04-21T08:09:38.8183506Z ##[group]Run actions/checkout@v4
end-workflow	Checkout code	2025-04-21T08:09:38.8183987Z with:
end-workflow	Checkout code	2025-04-21T08:09:38.8184234Z   fetch-depth: 0
end-workflow	Checkout code	2025-04-21T08:09:38.8184794Z   token: ***
end-workflow	Checkout code	2025-04-21T08:09:38.8185048Z   repository: Ka0s-Klaus/ka0s
end-workflow	Checkout code	2025-04-21T08:09:38.8185345Z   ssh-strict: true
end-workflow	Checkout code	2025-04-21T08:09:38.8185601Z   ssh-user: git
end-workflow	Checkout code	2025-04-21T08:09:38.8185853Z   persist-credentials: true
end-workflow	Checkout code	2025-04-21T08:09:38.8186140Z   clean: true
end-workflow	Checkout code	2025-04-21T08:09:38.8186396Z   sparse-checkout-cone-mode: true
end-workflow	Checkout code	2025-04-21T08:09:38.8186701Z   fetch-tags: false
end-workflow	Checkout code	2025-04-21T08:09:38.8186955Z   show-progress: true
end-workflow	Checkout code	2025-04-21T08:09:38.8187218Z   lfs: false
end-workflow	Checkout code	2025-04-21T08:09:38.8187451Z   submodules: false
end-workflow	Checkout code	2025-04-21T08:09:38.8187713Z   set-safe-directory: true
end-workflow	Checkout code	2025-04-21T08:09:38.8188100Z env:
end-workflow	Checkout code	2025-04-21T08:09:38.8208346Z   KAOS_MODULE: [Ka0S] MDLINT
end-workflow	Checkout code	2025-04-21T08:09:38.8209108Z   GH_TOKEN: ***
end-workflow	Checkout code	2025-04-21T08:09:38.8209406Z   FILE_ERROR: 
end-workflow	Checkout code	2025-04-21T08:09:38.8209738Z   KAOS_MD_CONFIG: core/config/.markdownlint.json
end-workflow	Checkout code	2025-04-21T08:09:38.8210174Z   KAOS_PATH_RESUME: core/outputs/m/
end-workflow	Checkout code	2025-04-21T08:09:38.8210609Z   KAOS_REPO: /actions-runner/_work/kaos/kaos
end-workflow	Checkout code	2025-04-21T08:09:38.8211013Z   KAOS_STEP_MODULE: 
end-workflow	Checkout code	2025-04-21T08:09:38.8211322Z   KAOS_CODE: 14569974735
end-workflow	Checkout code	2025-04-21T08:09:38.8211633Z ##[endgroup]
end-workflow	Checkout code	2025-04-21T08:09:38.9029551Z Syncing repository: Ka0s-Klaus/ka0s
end-workflow	Checkout code	2025-04-21T08:09:38.9030891Z ##[group]Getting Git version info
end-workflow	Checkout code	2025-04-21T08:09:38.9031383Z Working directory is '/actions-runner/_work/ka0s/ka0s'
end-workflow	Checkout code	2025-04-21T08:09:38.9032109Z [command]/usr/bin/git version
end-workflow	Checkout code	2025-04-21T08:09:38.9032455Z git version 2.43.0
end-workflow	Checkout code	2025-04-21T08:09:38.9040308Z ##[endgroup]
end-workflow	Checkout code	2025-04-21T08:09:38.9046998Z Copying '/home/kaos/.gitconfig' to '/actions-runner/_work/_temp/17ffd07e-56ca-475f-94f7-4c96f4b7b73f/.gitconfig'
end-workflow	Checkout code	2025-04-21T08:09:38.9057303Z Temporarily overriding HOME='/actions-runner/_work/_temp/17ffd07e-56ca-475f-94f7-4c96f4b7b73f' before making global git config changes
end-workflow	Checkout code	2025-04-21T08:09:38.9058545Z Adding repository directory to the temporary git global config as a safe directory
end-workflow	Checkout code	2025-04-21T08:09:38.9061677Z [command]/usr/bin/git config --global --add safe.directory /actions-runner/_work/ka0s/ka0s
end-workflow	Checkout code	2025-04-21T08:09:38.9095648Z [command]/usr/bin/git config --local --get remote.origin.url
end-workflow	Checkout code	2025-04-21T08:09:38.9122904Z https://github.com/Ka0s-Klaus/ka0s
end-workflow	Checkout code	2025-04-21T08:09:38.9142967Z ##[group]Removing previously created refs, to avoid conflicts
end-workflow	Checkout code	2025-04-21T08:09:38.9146894Z [command]/usr/bin/git rev-parse --symbolic-full-name --verify --quiet HEAD
end-workflow	Checkout code	2025-04-21T08:09:38.9170202Z refs/heads/H328-documentacion-modulo-principal-de-kaos
end-workflow	Checkout code	2025-04-21T08:09:38.9179739Z [command]/usr/bin/git checkout --detach
end-workflow	Checkout code	2025-04-21T08:09:38.9259219Z HEAD is now at ecf8dbe7 [Ka0S] Uploading resume execution files to the repository...
end-workflow	Checkout code	2025-04-21T08:09:38.9301317Z [command]/usr/bin/git branch --delete --force H328-documentacion-modulo-principal-de-kaos
end-workflow	Checkout code	2025-04-21T08:09:38.9328384Z Deleted branch H328-documentacion-modulo-principal-de-kaos (was ecf8dbe7).
end-workflow	Checkout code	2025-04-21T08:09:38.9379764Z ##[endgroup]
end-workflow	Checkout code	2025-04-21T08:09:38.9381454Z [command]/usr/bin/git submodule status
end-workflow	Checkout code	2025-04-21T08:09:38.9634429Z ##[group]Cleaning the repository
end-workflow	Checkout code	2025-04-21T08:09:38.9640956Z [command]/usr/bin/git clean -ffdx
end-workflow	Checkout code	2025-04-21T08:09:38.9699482Z [command]/usr/bin/git reset --hard HEAD
end-workflow	Checkout code	2025-04-21T08:09:38.9820806Z HEAD is now at ecf8dbe7 [Ka0S] Uploading resume execution files to the repository...
end-workflow	Checkout code	2025-04-21T08:09:38.9823149Z ##[endgroup]
end-workflow	Checkout code	2025-04-21T08:09:38.9824738Z ##[group]Disabling automatic garbage collection
end-workflow	Checkout code	2025-04-21T08:09:38.9829412Z [command]/usr/bin/git config --local gc.auto 0
end-workflow	Checkout code	2025-04-21T08:09:38.9860623Z ##[endgroup]
end-workflow	Checkout code	2025-04-21T08:09:38.9861596Z ##[group]Setting up auth
end-workflow	Checkout code	2025-04-21T08:09:38.9863690Z [command]/usr/bin/git config --local --name-only --get-regexp core\.sshCommand
end-workflow	Checkout code	2025-04-21T08:09:38.9899626Z [command]/usr/bin/git submodule foreach --recursive sh -c "git config --local --name-only --get-regexp 'core\.sshCommand' && git config --local --unset-all 'core.sshCommand' || :"
end-workflow	Checkout code	2025-04-21T08:09:39.0150149Z [command]/usr/bin/git config --local --name-only --get-regexp http\.https\:\/\/github\.com\/\.extraheader
end-workflow	Checkout code	2025-04-21T08:09:39.0180179Z [command]/usr/bin/git submodule foreach --recursive sh -c "git config --local --name-only --get-regexp 'http\.https\:\/\/github\.com\/\.extraheader' && git config --local --unset-all 'http.https://github.com/.extraheader' || :"
end-workflow	Checkout code	2025-04-21T08:09:39.0432348Z [command]/usr/bin/git config --local http.https://github.com/.extraheader AUTHORIZATION: basic ***
end-workflow	Checkout code	2025-04-21T08:09:39.0474170Z ##[endgroup]
end-workflow	Checkout code	2025-04-21T08:09:39.0475233Z ##[group]Fetching the repository
end-workflow	Checkout code	2025-04-21T08:09:39.0480540Z [command]/usr/bin/git -c protocol.version=2 fetch --prune --no-recurse-submodules origin +refs/heads/*:refs/remotes/origin/* +refs/tags/*:refs/tags/*
end-workflow	Checkout code	2025-04-21T08:09:39.7008927Z From https://github.com/Ka0s-Klaus/ka0s
end-workflow	Checkout code	2025-04-21T08:09:39.7009881Z    d5652393..a8435fe6  main       -> origin/main
end-workflow	Checkout code	2025-04-21T08:09:39.7048207Z [command]/usr/bin/git branch --list --remote origin/H328-documentacion-modulo-principal-de-kaos
end-workflow	Checkout code	2025-04-21T08:09:39.7071628Z   origin/H328-documentacion-modulo-principal-de-kaos
end-workflow	Checkout code	2025-04-21T08:09:39.7079979Z [command]/usr/bin/git rev-parse refs/remotes/origin/H328-documentacion-modulo-principal-de-kaos
end-workflow	Checkout code	2025-04-21T08:09:39.7100689Z ecf8dbe79ecf8988d3dbea0ca37e1818857a023d
end-workflow	Checkout code	2025-04-21T08:09:39.7105008Z ##[endgroup]
end-workflow	Checkout code	2025-04-21T08:09:39.7106048Z ##[group]Determining the checkout info
end-workflow	Checkout code	2025-04-21T08:09:39.7108141Z ##[endgroup]
end-workflow	Checkout code	2025-04-21T08:09:39.7111974Z [command]/usr/bin/git sparse-checkout disable
end-workflow	Checkout code	2025-04-21T08:09:39.7164617Z [command]/usr/bin/git config --local --unset-all extensions.worktreeConfig
end-workflow	Checkout code	2025-04-21T08:09:39.7190895Z ##[group]Checking out the ref
end-workflow	Checkout code	2025-04-21T08:09:39.7195928Z [command]/usr/bin/git checkout --progress --force -B H328-documentacion-modulo-principal-de-kaos refs/remotes/origin/H328-documentacion-modulo-principal-de-kaos
end-workflow	Checkout code	2025-04-21T08:09:39.7265577Z Switched to a new branch 'H328-documentacion-modulo-principal-de-kaos'
end-workflow	Checkout code	2025-04-21T08:09:39.7268779Z branch 'H328-documentacion-modulo-principal-de-kaos' set up to track 'origin/H328-documentacion-modulo-principal-de-kaos'.
end-workflow	Checkout code	2025-04-21T08:09:39.7273901Z ##[endgroup]
end-workflow	Checkout code	2025-04-21T08:09:39.7309415Z [command]/usr/bin/git log -1 --format=%H
end-workflow	Checkout code	2025-04-21T08:09:39.7338930Z ecf8dbe79ecf8988d3dbea0ca37e1818857a023d
end-workflow	Finaliza el workflow	﻿2025-04-21T08:09:39.7532086Z ##[group]Run echo "End process"
end-workflow	Finaliza el workflow	2025-04-21T08:09:39.7532976Z [36;1mecho "End process"[0m
end-workflow	Finaliza el workflow	2025-04-21T08:09:39.7534568Z [36;1mRNNUMBER=$(echo "refs/heads/H328-documentacion-modulo-principal-de-kaos" | grep -o '[0-9]*')[0m
end-workflow	Finaliza el workflow	2025-04-21T08:09:39.7536533Z [36;1mgh issue comment $RNNUMBER --body "Se finaliza Ka0s 14569974735"[0m
end-workflow	Finaliza el workflow	2025-04-21T08:09:39.7538484Z [36;1mgh workflow run inspector.yml --ref 'main' -f kaos-issue-id=$RNNUMBER -f kaos-workflow-id="14569974735" -f kaos-user-start=""[0m
end-workflow	Finaliza el workflow	2025-04-21T08:09:39.7547700Z shell: /usr/bin/bash -e {0}
end-workflow	Finaliza el workflow	2025-04-21T08:09:39.7548403Z env:
end-workflow	Finaliza el workflow	2025-04-21T08:09:39.7548940Z   KAOS_MODULE: [Ka0S] MDLINT
end-workflow	Finaliza el workflow	2025-04-21T08:09:39.7549906Z   GH_TOKEN: ***
end-workflow	Finaliza el workflow	2025-04-21T08:09:39.7550468Z   FILE_ERROR: 
end-workflow	Finaliza el workflow	2025-04-21T08:09:39.7551121Z   KAOS_MD_CONFIG: core/config/.markdownlint.json
end-workflow	Finaliza el workflow	2025-04-21T08:09:39.7552161Z   KAOS_PATH_RESUME: core/outputs/m/
end-workflow	Finaliza el workflow	2025-04-21T08:09:39.7553325Z   KAOS_REPO: /actions-runner/_work/kaos/kaos
end-workflow	Finaliza el workflow	2025-04-21T08:09:39.7554201Z   KAOS_STEP_MODULE: 
end-workflow	Finaliza el workflow	2025-04-21T08:09:39.7555191Z   KAOS_CODE: 14569974735
end-workflow	Finaliza el workflow	2025-04-21T08:09:39.7555917Z ##[endgroup]
end-workflow	Finaliza el workflow	2025-04-21T08:09:39.7599393Z End process
end-workflow	Finaliza el workflow	2025-04-21T08:09:40.8674472Z https://github.com/Ka0s-Klaus/ka0s/issues/328#issuecomment-2817901453
end-workflow	Post Checkout code	﻿2025-04-21T08:09:41.5674412Z Post job cleanup.
end-workflow	Post Checkout code	2025-04-21T08:09:41.6305949Z [command]/usr/bin/git version
end-workflow	Post Checkout code	2025-04-21T08:09:41.6332704Z git version 2.43.0
end-workflow	Post Checkout code	2025-04-21T08:09:41.6359755Z Copying '/home/kaos/.gitconfig' to '/actions-runner/_work/_temp/80a2f58c-cbb8-4bdc-a0d4-ba9659540711/.gitconfig'
end-workflow	Post Checkout code	2025-04-21T08:09:41.6373327Z Temporarily overriding HOME='/actions-runner/_work/_temp/80a2f58c-cbb8-4bdc-a0d4-ba9659540711' before making global git config changes
end-workflow	Post Checkout code	2025-04-21T08:09:41.6374499Z Adding repository directory to the temporary git global config as a safe directory
end-workflow	Post Checkout code	2025-04-21T08:09:41.6379164Z [command]/usr/bin/git config --global --add safe.directory /actions-runner/_work/ka0s/ka0s
end-workflow	Post Checkout code	2025-04-21T08:09:41.6412982Z [command]/usr/bin/git config --local --name-only --get-regexp core\.sshCommand
end-workflow	Post Checkout code	2025-04-21T08:09:41.6440430Z [command]/usr/bin/git submodule foreach --recursive sh -c "git config --local --name-only --get-regexp 'core\.sshCommand' && git config --local --unset-all 'core.sshCommand' || :"
end-workflow	Post Checkout code	2025-04-21T08:09:41.6667627Z [command]/usr/bin/git config --local --name-only --get-regexp http\.https\:\/\/github\.com\/\.extraheader
end-workflow	Post Checkout code	2025-04-21T08:09:41.6687413Z http.https://github.com/.extraheader
end-workflow	Post Checkout code	2025-04-21T08:09:41.6704979Z [command]/usr/bin/git config --local --unset-all http.https://github.com/.extraheader
end-workflow	Post Checkout code	2025-04-21T08:09:41.6731484Z [command]/usr/bin/git submodule foreach --recursive sh -c "git config --local --name-only --get-regexp 'http\.https\:\/\/github\.com\/\.extraheader' && git config --local --unset-all 'http.https://github.com/.extraheader' || :"
end-workflow	Complete job	﻿2025-04-21T08:09:41.7059830Z Cleaning up orphan processes
