job-core	Set up job	﻿2025-04-24T06:31:43.2932875Z Current runner version: '2.323.0'
job-core	Set up job	2025-04-24T06:31:43.2941239Z Runner name: 'ka0s-1'
job-core	Set up job	2025-04-24T06:31:43.2942845Z Machine name: '419612ea1a87'
job-core	Set up job	2025-04-24T06:31:43.2946029Z ##[group]GITHUB_TOKEN Permissions
job-core	Set up job	2025-04-24T06:31:43.2949580Z Contents: read
job-core	Set up job	2025-04-24T06:31:43.2950216Z Metadata: read
job-core	Set up job	2025-04-24T06:31:43.2950961Z Packages: read
job-core	Set up job	2025-04-24T06:31:43.2951523Z ##[endgroup]
job-core	Set up job	2025-04-24T06:31:43.2955357Z Secret source: Actions
job-core	Set up job	2025-04-24T06:31:43.2956149Z Prepare workflow directory
job-core	Set up job	2025-04-24T06:31:43.3979332Z Prepare all required actions
job-core	Set up job	2025-04-24T06:31:43.4044350Z Getting action download info
job-core	Set up job	2025-04-24T06:31:44.1341000Z Download action repository 'actions/checkout@v4' (SHA:11bd71901bbe5b1630ceea73d27597364c9af683)
job-core	Set up job	2025-04-24T06:31:46.0266673Z Complete job name: job-core
job-core	Checkout code	﻿2025-04-24T06:31:46.1116232Z ##[group]Run actions/checkout@v4
job-core	Checkout code	2025-04-24T06:31:46.1120206Z with:
job-core	Checkout code	2025-04-24T06:31:46.1122416Z   fetch-depth: 0
job-core	Checkout code	2025-04-24T06:31:46.1123890Z   token: ***
job-core	Checkout code	2025-04-24T06:31:46.1124640Z   repository: Ka0s-Klaus/ka0s
job-core	Checkout code	2025-04-24T06:31:46.1125554Z   ssh-strict: true
job-core	Checkout code	2025-04-24T06:31:46.1126344Z   ssh-user: git
job-core	Checkout code	2025-04-24T06:31:46.1127284Z   persist-credentials: true
job-core	Checkout code	2025-04-24T06:31:46.1128255Z   clean: true
job-core	Checkout code	2025-04-24T06:31:46.1129169Z   sparse-checkout-cone-mode: true
job-core	Checkout code	2025-04-24T06:31:46.1130427Z   fetch-tags: false
job-core	Checkout code	2025-04-24T06:31:46.1131316Z   show-progress: true
job-core	Checkout code	2025-04-24T06:31:46.1132929Z   lfs: false
job-core	Checkout code	2025-04-24T06:31:46.1133724Z   submodules: false
job-core	Checkout code	2025-04-24T06:31:46.1135100Z   set-safe-directory: true
job-core	Checkout code	2025-04-24T06:31:46.1137013Z env:
job-core	Checkout code	2025-04-24T06:31:46.1137696Z   KAOS_CODE: 14634986264
job-core	Checkout code	2025-04-24T06:31:46.1138444Z   KAOS_EVENT_NAME: push
job-core	Checkout code	2025-04-24T06:31:46.1139155Z   KAOS_ACTION: 
job-core	Checkout code	2025-04-24T06:31:46.1140019Z   KAOS_REF: refs/heads/H220-web-de-resultados
job-core	Checkout code	2025-04-24T06:31:46.1140865Z   KAOS_MODULE: [Ka0S] kaos
job-core	Checkout code	2025-04-24T06:31:46.1142433Z   KAOS_PATH_RESUME: core/results/k/
job-core	Checkout code	2025-04-24T06:31:46.1143459Z   KAOS_JSON: core/results/k/event_data_
job-core	Checkout code	2025-04-24T06:31:46.1144270Z   KAOS_ACTOR: jorgecg646
job-core	Checkout code	2025-04-24T06:31:46.1145020Z   GITHUB_OUTPUT: 
job-core	Checkout code	2025-04-24T06:31:46.1146052Z ##[endgroup]
job-core	Checkout code	2025-04-24T06:31:46.2997177Z Syncing repository: Ka0s-Klaus/ka0s
job-core	Checkout code	2025-04-24T06:31:46.3001532Z ##[group]Getting Git version info
job-core	Checkout code	2025-04-24T06:31:46.3004023Z Working directory is '/actions-runner/_work/ka0s/ka0s'
job-core	Checkout code	2025-04-24T06:31:46.3007308Z [command]/usr/bin/git version
job-core	Checkout code	2025-04-24T06:31:46.3008950Z git version 2.48.1
job-core	Checkout code	2025-04-24T06:31:46.3021979Z ##[endgroup]
job-core	Checkout code	2025-04-24T06:31:46.3041023Z Copying '/home/kaos/.gitconfig' to '/actions-runner/_work/_temp/f5e5a3a2-afac-491e-93fe-04ea0c7de067/.gitconfig'
job-core	Checkout code	2025-04-24T06:31:46.3061927Z Temporarily overriding HOME='/actions-runner/_work/_temp/f5e5a3a2-afac-491e-93fe-04ea0c7de067' before making global git config changes
job-core	Checkout code	2025-04-24T06:31:46.3065921Z Adding repository directory to the temporary git global config as a safe directory
job-core	Checkout code	2025-04-24T06:31:46.3076497Z [command]/usr/bin/git config --global --add safe.directory /actions-runner/_work/ka0s/ka0s
job-core	Checkout code	2025-04-24T06:31:46.3152275Z [command]/usr/bin/git config --local --get remote.origin.url
job-core	Checkout code	2025-04-24T06:31:46.3184024Z https://github.com/Ka0s-Klaus/ka0s
job-core	Checkout code	2025-04-24T06:31:46.3212664Z ##[group]Removing previously created refs, to avoid conflicts
job-core	Checkout code	2025-04-24T06:31:46.3219878Z [command]/usr/bin/git rev-parse --symbolic-full-name --verify --quiet HEAD
job-core	Checkout code	2025-04-24T06:31:46.3258976Z refs/heads/H220-web-de-resultados
job-core	Checkout code	2025-04-24T06:31:46.3281268Z [command]/usr/bin/git checkout --detach
job-core	Checkout code	2025-04-24T06:31:46.3488480Z HEAD is now at a3bc0a3b [Ka0S] Uploading resume execution files to the repository...
job-core	Checkout code	2025-04-24T06:31:46.3575400Z [command]/usr/bin/git branch --delete --force H220-web-de-resultados
job-core	Checkout code	2025-04-24T06:31:46.3631226Z Deleted branch H220-web-de-resultados (was a3bc0a3b).
job-core	Checkout code	2025-04-24T06:31:46.3766579Z ##[endgroup]
job-core	Checkout code	2025-04-24T06:31:46.3773715Z [command]/usr/bin/git submodule status
job-core	Checkout code	2025-04-24T06:31:46.4204071Z ##[group]Cleaning the repository
job-core	Checkout code	2025-04-24T06:31:46.4210915Z [command]/usr/bin/git clean -ffdx
job-core	Checkout code	2025-04-24T06:31:46.4302705Z [command]/usr/bin/git reset --hard HEAD
job-core	Checkout code	2025-04-24T06:31:46.4616762Z HEAD is now at a3bc0a3b [Ka0S] Uploading resume execution files to the repository...
job-core	Checkout code	2025-04-24T06:31:46.4627558Z ##[endgroup]
job-core	Checkout code	2025-04-24T06:31:46.4629930Z ##[group]Disabling automatic garbage collection
job-core	Checkout code	2025-04-24T06:31:46.4636620Z [command]/usr/bin/git config --local gc.auto 0
job-core	Checkout code	2025-04-24T06:31:46.4692366Z ##[endgroup]
job-core	Checkout code	2025-04-24T06:31:46.4695902Z ##[group]Setting up auth
job-core	Checkout code	2025-04-24T06:31:46.4706120Z [command]/usr/bin/git config --local --name-only --get-regexp core\.sshCommand
job-core	Checkout code	2025-04-24T06:31:46.4766363Z [command]/usr/bin/git submodule foreach --recursive sh -c "git config --local --name-only --get-regexp 'core\.sshCommand' && git config --local --unset-all 'core.sshCommand' || :"
job-core	Checkout code	2025-04-24T06:31:46.5249789Z [command]/usr/bin/git config --local --name-only --get-regexp http\.https\:\/\/github\.com\/\.extraheader
job-core	Checkout code	2025-04-24T06:31:46.5304173Z [command]/usr/bin/git submodule foreach --recursive sh -c "git config --local --name-only --get-regexp 'http\.https\:\/\/github\.com\/\.extraheader' && git config --local --unset-all 'http.https://github.com/.extraheader' || :"
job-core	Checkout code	2025-04-24T06:31:46.5742660Z [command]/usr/bin/git config --local http.https://github.com/.extraheader AUTHORIZATION: basic ***
job-core	Checkout code	2025-04-24T06:31:46.5810032Z ##[endgroup]
job-core	Checkout code	2025-04-24T06:31:46.5812512Z ##[group]Fetching the repository
job-core	Checkout code	2025-04-24T06:31:46.5824699Z [command]/usr/bin/git -c protocol.version=2 fetch --prune --no-recurse-submodules origin +refs/heads/*:refs/remotes/origin/* +refs/tags/*:refs/tags/*
job-core	Checkout code	2025-04-24T06:31:47.7973108Z From https://github.com/Ka0s-Klaus/ka0s
job-core	Checkout code	2025-04-24T06:31:47.7977747Z    a3bc0a3b..1295ca4b  H220-web-de-resultados -> origin/H220-web-de-resultados
job-core	Checkout code	2025-04-24T06:31:47.7982195Z    c03f51b7..61ca2ab3  main                   -> origin/main
job-core	Checkout code	2025-04-24T06:31:47.7985257Z  * [new tag]           0.0.102                -> 0.0.102
job-core	Checkout code	2025-04-24T06:31:47.8090944Z [command]/usr/bin/git branch --list --remote origin/H220-web-de-resultados
job-core	Checkout code	2025-04-24T06:31:47.8163653Z   origin/H220-web-de-resultados
job-core	Checkout code	2025-04-24T06:31:47.8177160Z [command]/usr/bin/git rev-parse refs/remotes/origin/H220-web-de-resultados
job-core	Checkout code	2025-04-24T06:31:47.8216267Z 1295ca4b1698b102f659dc2deefbb43bba689aa5
job-core	Checkout code	2025-04-24T06:31:47.8224242Z ##[endgroup]
job-core	Checkout code	2025-04-24T06:31:47.8226173Z ##[group]Determining the checkout info
job-core	Checkout code	2025-04-24T06:31:47.8228284Z ##[endgroup]
job-core	Checkout code	2025-04-24T06:31:47.8235034Z [command]/usr/bin/git sparse-checkout disable
job-core	Checkout code	2025-04-24T06:31:47.8332785Z [command]/usr/bin/git config --local --unset-all extensions.worktreeConfig
job-core	Checkout code	2025-04-24T06:31:47.8374462Z ##[group]Checking out the ref
job-core	Checkout code	2025-04-24T06:31:47.8378363Z [command]/usr/bin/git checkout --progress --force -B H220-web-de-resultados refs/remotes/origin/H220-web-de-resultados
job-core	Checkout code	2025-04-24T06:31:47.8841247Z Previous HEAD position was a3bc0a3b [Ka0S] Uploading resume execution files to the repository...
job-core	Checkout code	2025-04-24T06:31:47.8855763Z Switched to a new branch 'H220-web-de-resultados'
job-core	Checkout code	2025-04-24T06:31:47.8862341Z branch 'H220-web-de-resultados' set up to track 'origin/H220-web-de-resultados'.
job-core	Checkout code	2025-04-24T06:31:47.8874886Z ##[endgroup]
job-core	Checkout code	2025-04-24T06:31:47.8941487Z [command]/usr/bin/git log -1 --format=%H
job-core	Checkout code	2025-04-24T06:31:47.8997408Z 1295ca4b1698b102f659dc2deefbb43bba689aa5
job-core	Validate file extensions	﻿2025-04-24T06:31:47.9389264Z ##[group]Run # Nueva ejecución
job-core	Validate file extensions	2025-04-24T06:31:47.9392091Z [36;1m# Nueva ejecución[0m
job-core	Validate file extensions	2025-04-24T06:31:47.9393939Z [36;1mRNNUMBER=$(echo "H220-web-de-resultados" | grep -o '[0-9]*')[0m
job-core	Validate file extensions	2025-04-24T06:31:47.9396501Z [36;1mgh issue comment $RNNUMBER --body "Se inicia Ka0s 14634986264 "[0m
job-core	Validate file extensions	2025-04-24T06:31:47.9416620Z shell: /usr/bin/bash -e {0}
job-core	Validate file extensions	2025-04-24T06:31:47.9417979Z env:
job-core	Validate file extensions	2025-04-24T06:31:47.9418961Z   KAOS_CODE: 14634986264
job-core	Validate file extensions	2025-04-24T06:31:47.9420181Z   KAOS_EVENT_NAME: push
job-core	Validate file extensions	2025-04-24T06:31:47.9421344Z   KAOS_ACTION: 
job-core	Validate file extensions	2025-04-24T06:31:47.9422722Z   KAOS_REF: refs/heads/H220-web-de-resultados
job-core	Validate file extensions	2025-04-24T06:31:47.9424314Z   KAOS_MODULE: [Ka0S] kaos
job-core	Validate file extensions	2025-04-24T06:31:47.9425626Z   KAOS_PATH_RESUME: core/results/k/
job-core	Validate file extensions	2025-04-24T06:31:47.9427246Z   KAOS_JSON: core/results/k/event_data_
job-core	Validate file extensions	2025-04-24T06:31:47.9429120Z   KAOS_ACTOR: jorgecg646
job-core	Validate file extensions	2025-04-24T06:31:47.9430338Z   GITHUB_OUTPUT: 
job-core	Validate file extensions	2025-04-24T06:31:47.9432174Z   GH_TOKEN: ***
job-core	Validate file extensions	2025-04-24T06:31:47.9433261Z ##[endgroup]
job-core	Validate file extensions	2025-04-24T06:31:49.1972670Z https://github.com/Ka0s-Klaus/ka0s/issues/220#issuecomment-2826524760
job-core	Crear JSON	﻿2025-04-24T06:31:49.2163472Z ##[group]Run # Create JSON structure using proper bash syntax
job-core	Crear JSON	2025-04-24T06:31:49.2164338Z [36;1m# Create JSON structure using proper bash syntax[0m
job-core	Crear JSON	2025-04-24T06:31:49.2164873Z [36;1mcat > core/results/k/event_data_14634986264.json << EOF[0m
job-core	Crear JSON	2025-04-24T06:31:49.2165327Z [36;1m{[0m
job-core	Crear JSON	2025-04-24T06:31:49.2165606Z [36;1m  "event_type": "push",[0m
job-core	Crear JSON	2025-04-24T06:31:49.2166428Z [36;1m  "trigger_branch": "refs/heads/H220-web-de-resultados",[0m
job-core	Crear JSON	2025-04-24T06:31:49.2166999Z [36;1m  "timestamp": "$(date -u +"%Y-%m-%dT%H:%M:%SZ")",[0m
job-core	Crear JSON	2025-04-24T06:31:49.2167423Z [36;1m  "author": {[0m
job-core	Crear JSON	2025-04-24T06:31:49.2167736Z [36;1m    "name": "jorgecg646",[0m
job-core	Crear JSON	2025-04-24T06:31:49.2168380Z [36;1m    "email": "jorgecg646@gmail.com"[0m
job-core	Crear JSON	2025-04-24T06:31:49.2169447Z [36;1m  },[0m
job-core	Crear JSON	2025-04-24T06:31:49.2170116Z [36;1m  "commits": [],[0m
job-core	Crear JSON	2025-04-24T06:31:49.2171195Z [36;1m  "files": [][0m
job-core	Crear JSON	2025-04-24T06:31:49.2171932Z [36;1m}[0m
job-core	Crear JSON	2025-04-24T06:31:49.2172250Z [36;1mEOF[0m
job-core	Crear JSON	2025-04-24T06:31:49.2172514Z [36;1m[0m
job-core	Crear JSON	2025-04-24T06:31:49.2172988Z [36;1m# Add commits if this is a push event[0m
job-core	Crear JSON	2025-04-24T06:31:49.2173391Z [36;1mif [[ "push" == "push" ]]; then[0m
job-core	Crear JSON	2025-04-24T06:31:49.2173938Z [36;1m  # Create a temporary file for commits[0m
job-core	Crear JSON	2025-04-24T06:31:49.2174320Z [36;1m  TEMP_COMMITS=$(mktemp)[0m
job-core	Crear JSON	2025-04-24T06:31:49.2174655Z [36;1m  echo "[" > "$TEMP_COMMITS"[0m
job-core	Crear JSON	2025-04-24T06:31:49.2174978Z [36;1m  [0m
job-core	Crear JSON	2025-04-24T06:31:49.2175247Z [36;1m  # Process each commit[0m
job-core	Crear JSON	2025-04-24T06:31:49.2175564Z [36;1m  FIRST=true[0m
job-core	Crear JSON	2025-04-24T06:31:49.2175882Z [36;1m  while IFS= read -r commit; do[0m
job-core	Crear JSON	2025-04-24T06:31:49.2176254Z [36;1m    if [ "$FIRST" = true ]; then[0m
job-core	Crear JSON	2025-04-24T06:31:49.2176598Z [36;1m      FIRST=false[0m
job-core	Crear JSON	2025-04-24T06:31:49.2176897Z [36;1m    else[0m
job-core	Crear JSON	2025-04-24T06:31:49.2177198Z [36;1m      echo "," >> "$TEMP_COMMITS"[0m
job-core	Crear JSON	2025-04-24T06:31:49.2177570Z [36;1m    fi[0m
job-core	Crear JSON	2025-04-24T06:31:49.2178128Z [36;1m    git log -1 --pretty=format:'{"sha":"%H","author":"%an","email":"%ae","date":"%aI","message":"%s"}' "$commit" >> "$TEMP_COMMITS"[0m
job-core	Crear JSON	2025-04-24T06:31:49.2179098Z [36;1m  done < <(git rev-list 27584b3f7eff3cffcff625854860e426cac92448..1295ca4b1698b102f659dc2deefbb43bba689aa5)[0m
job-core	Crear JSON	2025-04-24T06:31:49.2179794Z [36;1m  echo "]" >> "$TEMP_COMMITS"[0m
job-core	Crear JSON	2025-04-24T06:31:49.2180120Z [36;1m  [0m
job-core	Crear JSON	2025-04-24T06:31:49.2180392Z [36;1m  # Insert commits into main JSON[0m
job-core	Crear JSON	2025-04-24T06:31:49.2181012Z [36;1m  sed -i.bak -e '/"commits": \[/r '$TEMP_COMMITS'' -e '/"commits": \[/d' core/results/k/event_data_14634986264.json[0m
job-core	Crear JSON	2025-04-24T06:31:49.2181597Z [36;1m  rm "$TEMP_COMMITS"[0m
job-core	Crear JSON	2025-04-24T06:31:49.2182257Z [36;1m[0m
job-core	Crear JSON	2025-04-24T06:31:49.2182741Z [36;1m  # Add changed files[0m
job-core	Crear JSON	2025-04-24T06:31:49.2183073Z [36;1m  TEMP_FILES=$(mktemp)[0m
job-core	Crear JSON	2025-04-24T06:31:49.2183397Z [36;1m  echo "[" > "$TEMP_FILES"[0m
job-core	Crear JSON	2025-04-24T06:31:49.2183721Z [36;1m  FIRST=true[0m
job-core	Crear JSON	2025-04-24T06:31:49.2184016Z [36;1m  while IFS= read -r file; do[0m
job-core	Crear JSON	2025-04-24T06:31:49.2184377Z [36;1m    if [ "$FIRST" = true ]; then[0m
job-core	Crear JSON	2025-04-24T06:31:49.2184727Z [36;1m      FIRST=false[0m
job-core	Crear JSON	2025-04-24T06:31:49.2185019Z [36;1m    else[0m
job-core	Crear JSON	2025-04-24T06:31:49.2185294Z [36;1m      echo "," >> "$TEMP_FILES"[0m
job-core	Crear JSON	2025-04-24T06:31:49.2185624Z [36;1m    fi[0m
job-core	Crear JSON	2025-04-24T06:31:49.2185906Z [36;1m    echo "\"$file\"" >> "$TEMP_FILES"[0m
job-core	Crear JSON	2025-04-24T06:31:49.2186606Z [36;1m  done < <(git diff --name-only 27584b3f7eff3cffcff625854860e426cac92448 1295ca4b1698b102f659dc2deefbb43bba689aa5)[0m
job-core	Crear JSON	2025-04-24T06:31:49.2187298Z [36;1m  echo "]" >> "$TEMP_FILES"[0m
job-core	Crear JSON	2025-04-24T06:31:49.2187623Z [36;1m  [0m
job-core	Crear JSON	2025-04-24T06:31:49.2187891Z [36;1m  # Insert files into main JSON[0m
job-core	Crear JSON	2025-04-24T06:31:49.2188448Z [36;1m  sed -i.bak -e '/"files": \[/r '$TEMP_FILES'' -e '/"files": \[/d' core/results/k/event_data_14634986264.json[0m
job-core	Crear JSON	2025-04-24T06:31:49.2189354Z [36;1m  rm "$TEMP_FILES"[0m
job-core	Crear JSON	2025-04-24T06:31:49.2189729Z [36;1melif [[ "push" == "pull_request" ]]; then[0m
job-core	Crear JSON	2025-04-24T06:31:49.2190133Z [36;1m  # Add pull request information[0m
job-core	Crear JSON	2025-04-24T06:31:49.2190727Z [36;1m  TEMP_PR=$(mktemp)[0m
job-core	Crear JSON	2025-04-24T06:31:49.2191041Z [36;1m  cat > "$TEMP_PR" << EOF[0m
job-core	Crear JSON	2025-04-24T06:31:49.2191369Z [36;1m  ,"pull_request": {[0m
job-core	Crear JSON	2025-04-24T06:31:49.2192596Z [36;1m    "action": "",[0m
job-core	Crear JSON	2025-04-24T06:31:49.2193644Z [36;1m    "number": "",[0m
job-core	Crear JSON	2025-04-24T06:31:49.2194907Z [36;1m    "title": ""[0m
job-core	Crear JSON	2025-04-24T06:31:49.2195192Z [36;1m  }[0m
job-core	Crear JSON	2025-04-24T06:31:49.2195432Z [36;1mEOF[0m
job-core	Crear JSON	2025-04-24T06:31:49.2196150Z [36;1m  sed -i.bak -e '/}$/r '$TEMP_PR'' core/results/k/event_data_14634986264.json[0m
job-core	Crear JSON	2025-04-24T06:31:49.2196711Z [36;1m  rm "$TEMP_PR"[0m
job-core	Crear JSON	2025-04-24T06:31:49.2197032Z [36;1melif [[ "push" == "issues" ]]; then[0m
job-core	Crear JSON	2025-04-24T06:31:49.2197401Z [36;1m  # Add issue information[0m
job-core	Crear JSON	2025-04-24T06:31:49.2197748Z [36;1m  TEMP_ISSUE=$(mktemp)[0m
job-core	Crear JSON	2025-04-24T06:31:49.2198086Z [36;1m  cat > "$TEMP_ISSUE" << EOF[0m
job-core	Crear JSON	2025-04-24T06:31:49.2198416Z [36;1m  ,"issue": {[0m
job-core	Crear JSON	2025-04-24T06:31:49.2198702Z [36;1m    "action": "",[0m
job-core	Crear JSON	2025-04-24T06:31:49.2198994Z [36;1m    "number": "",[0m
job-core	Crear JSON	2025-04-24T06:31:49.2199294Z [36;1m    "title": ""[0m
job-core	Crear JSON	2025-04-24T06:31:49.2199573Z [36;1m  }[0m
job-core	Crear JSON	2025-04-24T06:31:49.2199813Z [36;1mEOF[0m
job-core	Crear JSON	2025-04-24T06:31:49.2200207Z [36;1m  sed -i.bak -e '/}$/r '$TEMP_ISSUE'' core/results/k/event_data_14634986264.json[0m
job-core	Crear JSON	2025-04-24T06:31:49.2200693Z [36;1m  rm "$TEMP_ISSUE"[0m
job-core	Crear JSON	2025-04-24T06:31:49.2200986Z [36;1mfi[0m
job-core	Crear JSON	2025-04-24T06:31:49.2201232Z [36;1m[0m
job-core	Crear JSON	2025-04-24T06:31:49.2201499Z [36;1m# Store the file path for later use[0m
job-core	Crear JSON	2025-04-24T06:31:49.2202529Z [36;1mINVOLVED=core/results/k/files-in-commit-$KAOS_CODE_FILES.txt[0m
job-core	Crear JSON	2025-04-24T06:31:49.2203050Z [36;1mecho "INVOLVED=$INVOLVED" >> $GITHUB_ENV[0m
job-core	Crear JSON	2025-04-24T06:31:49.2213449Z shell: /usr/bin/bash -e {0}
job-core	Crear JSON	2025-04-24T06:31:49.2213783Z env:
job-core	Crear JSON	2025-04-24T06:31:49.2214026Z   KAOS_CODE: 14634986264
job-core	Crear JSON	2025-04-24T06:31:49.2214323Z   KAOS_EVENT_NAME: push
job-core	Crear JSON	2025-04-24T06:31:49.2214605Z   KAOS_ACTION: 
job-core	Crear JSON	2025-04-24T06:31:49.2214902Z   KAOS_REF: refs/heads/H220-web-de-resultados
job-core	Crear JSON	2025-04-24T06:31:49.2215299Z   KAOS_MODULE: [Ka0S] kaos
job-core	Crear JSON	2025-04-24T06:31:49.2215609Z   KAOS_PATH_RESUME: core/results/k/
job-core	Crear JSON	2025-04-24T06:31:49.2215957Z   KAOS_JSON: core/results/k/event_data_
job-core	Crear JSON	2025-04-24T06:31:49.2216300Z   KAOS_ACTOR: jorgecg646
job-core	Crear JSON	2025-04-24T06:31:49.2216588Z   GITHUB_OUTPUT: 
job-core	Crear JSON	2025-04-24T06:31:49.2216848Z ##[endgroup]
job-core	Upload Files	﻿2025-04-24T06:31:49.2756147Z ##[group]Run echo "Uploading files to the repository..."
job-core	Upload Files	2025-04-24T06:31:49.2757084Z [36;1mecho "Uploading files to the repository..."[0m
job-core	Upload Files	2025-04-24T06:31:49.2758102Z [36;1mgit config --global user.name "***"[0m
job-core	Upload Files	2025-04-24T06:31:49.2759481Z [36;1mgit config --global user.email "***"[0m
job-core	Upload Files	2025-04-24T06:31:49.2761221Z [36;1mgit pull[0m
job-core	Upload Files	2025-04-24T06:31:49.2762125Z [36;1mgit add core/results/k/event_data_*[0m
job-core	Upload Files	2025-04-24T06:31:49.2763017Z [36;1mgit commit -m "[Ka0S] Uploading resume execution files to the repository..."[0m
job-core	Upload Files	2025-04-24T06:31:49.2763659Z [36;1mgit push origin refs/heads/H220-web-de-resultados [0m
job-core	Upload Files	2025-04-24T06:31:49.2775789Z shell: /usr/bin/bash -e {0}
job-core	Upload Files	2025-04-24T06:31:49.2776173Z env:
job-core	Upload Files	2025-04-24T06:31:49.2776432Z   KAOS_CODE: 14634986264
job-core	Upload Files	2025-04-24T06:31:49.2776746Z   KAOS_EVENT_NAME: push
job-core	Upload Files	2025-04-24T06:31:49.2777043Z   KAOS_ACTION: 
job-core	Upload Files	2025-04-24T06:31:49.2777354Z   KAOS_REF: refs/heads/H220-web-de-resultados
job-core	Upload Files	2025-04-24T06:31:49.2777746Z   KAOS_MODULE: [Ka0S] kaos
job-core	Upload Files	2025-04-24T06:31:49.2778134Z   KAOS_PATH_RESUME: core/results/k/
job-core	Upload Files	2025-04-24T06:31:49.2779118Z   KAOS_JSON: core/results/k/event_data_
job-core	Upload Files	2025-04-24T06:31:49.2780434Z   KAOS_ACTOR: jorgecg646
job-core	Upload Files	2025-04-24T06:31:49.2781854Z   GITHUB_OUTPUT: 
job-core	Upload Files	2025-04-24T06:31:49.2782828Z   INVOLVED: core/results/k/files-in-commit-.txt
job-core	Upload Files	2025-04-24T06:31:49.2783680Z ##[endgroup]
job-core	Upload Files	2025-04-24T06:31:49.2830784Z Uploading files to the repository...
job-core	Upload Files	2025-04-24T06:31:50.1332388Z Already up to date.
job-core	Upload Files	2025-04-24T06:31:50.1873634Z [H220-web-de-resultados 83784fb4] [Ka0S] Uploading resume execution files to the repository...
job-core	Upload Files	2025-04-24T06:31:50.1874652Z  2 files changed, 30 insertions(+)
job-core	Upload Files	2025-04-24T06:31:50.1875372Z  create mode 100644 core/results/k/event_data_14634986264.json
job-core	Upload Files	2025-04-24T06:31:50.1876334Z  create mode 100644 core/results/k/event_data_14634986264.json.bak
job-core	Upload Files	2025-04-24T06:31:51.2477361Z To https://github.com/Ka0s-Klaus/ka0s
job-core	Upload Files	2025-04-24T06:31:51.2478714Z    1295ca4b..83784fb4  H220-web-de-resultados -> H220-web-de-resultados
job-core	Run git diff --name-only 27584b3f7eff3cffcff625854860e426cac92448 1295ca4b1698b102f659dc2deefbb43bba689aa5 > files-in-commit.txt	﻿2025-04-24T06:31:51.2608573Z ##[group]Run git diff --name-only 27584b3f7eff3cffcff625854860e426cac92448 1295ca4b1698b102f659dc2deefbb43bba689aa5 > files-in-commit.txt
job-core	Run git diff --name-only 27584b3f7eff3cffcff625854860e426cac92448 1295ca4b1698b102f659dc2deefbb43bba689aa5 > files-in-commit.txt	2025-04-24T06:31:51.2609983Z [36;1mgit diff --name-only 27584b3f7eff3cffcff625854860e426cac92448 1295ca4b1698b102f659dc2deefbb43bba689aa5 > files-in-commit.txt[0m
job-core	Run git diff --name-only 27584b3f7eff3cffcff625854860e426cac92448 1295ca4b1698b102f659dc2deefbb43bba689aa5 > files-in-commit.txt	2025-04-24T06:31:51.2610796Z [36;1mcat files-in-commit.txt[0m
job-core	Run git diff --name-only 27584b3f7eff3cffcff625854860e426cac92448 1295ca4b1698b102f659dc2deefbb43bba689aa5 > files-in-commit.txt	2025-04-24T06:31:51.2611212Z [36;1m# Nuevo proceso de activacion de los modulos[0m
job-core	Run git diff --name-only 27584b3f7eff3cffcff625854860e426cac92448 1295ca4b1698b102f659dc2deefbb43bba689aa5 > files-in-commit.txt	2025-04-24T06:31:51.2611814Z [36;1mwhile IFS= read -r line; do[0m
job-core	Run git diff --name-only 27584b3f7eff3cffcff625854860e426cac92448 1295ca4b1698b102f659dc2deefbb43bba689aa5 > files-in-commit.txt	2025-04-24T06:31:51.2612217Z [36;1m  # Skip files in core/outputs directory[0m
job-core	Run git diff --name-only 27584b3f7eff3cffcff625854860e426cac92448 1295ca4b1698b102f659dc2deefbb43bba689aa5 > files-in-commit.txt	2025-04-24T06:31:51.2612717Z [36;1m  if [[ "$line" == core/outputs/* || "$line" == core/results/* ]]; then[0m
job-core	Run git diff --name-only 27584b3f7eff3cffcff625854860e426cac92448 1295ca4b1698b102f659dc2deefbb43bba689aa5 > files-in-commit.txt	2025-04-24T06:31:51.2613264Z [36;1m    echo "Skipping file in outputs directory: $line"[0m
job-core	Run git diff --name-only 27584b3f7eff3cffcff625854860e426cac92448 1295ca4b1698b102f659dc2deefbb43bba689aa5 > files-in-commit.txt	2025-04-24T06:31:51.2613682Z [36;1m    continue[0m
job-core	Run git diff --name-only 27584b3f7eff3cffcff625854860e426cac92448 1295ca4b1698b102f659dc2deefbb43bba689aa5 > files-in-commit.txt	2025-04-24T06:31:51.2613951Z [36;1m  fi[0m
job-core	Run git diff --name-only 27584b3f7eff3cffcff625854860e426cac92448 1295ca4b1698b102f659dc2deefbb43bba689aa5 > files-in-commit.txt	2025-04-24T06:31:51.2614387Z [36;1m  echo "I Leemos el fichero files-in-commit.txt y extraemos el fichero $line"[0m
job-core	Run git diff --name-only 27584b3f7eff3cffcff625854860e426cac92448 1295ca4b1698b102f659dc2deefbb43bba689aa5 > files-in-commit.txt	2025-04-24T06:31:51.2614968Z [36;1m  module_failed=0[0m
job-core	Run git diff --name-only 27584b3f7eff3cffcff625854860e426cac92448 1295ca4b1698b102f659dc2deefbb43bba689aa5 > files-in-commit.txt	2025-04-24T06:31:51.2615281Z [36;1m  extension_failed=0[0m
job-core	Run git diff --name-only 27584b3f7eff3cffcff625854860e426cac92448 1295ca4b1698b102f659dc2deefbb43bba689aa5 > files-in-commit.txt	2025-04-24T06:31:51.2615613Z [36;1m  file_name=$(basename "$line")[0m
job-core	Run git diff --name-only 27584b3f7eff3cffcff625854860e426cac92448 1295ca4b1698b102f659dc2deefbb43bba689aa5 > files-in-commit.txt	2025-04-24T06:31:51.2616056Z [36;1m  echo "I-1 Calculamos el nombre del fichero $file_name"[0m
job-core	Run git diff --name-only 27584b3f7eff3cffcff625854860e426cac92448 1295ca4b1698b102f659dc2deefbb43bba689aa5 > files-in-commit.txt	2025-04-24T06:31:51.2616516Z [36;1m  file_extension="${file_name##*.}"[0m
job-core	Run git diff --name-only 27584b3f7eff3cffcff625854860e426cac92448 1295ca4b1698b102f659dc2deefbb43bba689aa5 > files-in-commit.txt	2025-04-24T06:31:51.2617010Z [36;1m  echo "I-2 Calculamos la extension del fichero $file_extension"[0m
job-core	Run git diff --name-only 27584b3f7eff3cffcff625854860e426cac92448 1295ca4b1698b102f659dc2deefbb43bba689aa5 > files-in-commit.txt	2025-04-24T06:31:51.2617535Z [36;1m  file_module="$file_extension""lint.yml"[0m
job-core	Run git diff --name-only 27584b3f7eff3cffcff625854860e426cac92448 1295ca4b1698b102f659dc2deefbb43bba689aa5 > files-in-commit.txt	2025-04-24T06:31:51.2617985Z [36;1m  echo "I-3 Calculamos el modulo $file_module"[0m
job-core	Run git diff --name-only 27584b3f7eff3cffcff625854860e426cac92448 1295ca4b1698b102f659dc2deefbb43bba689aa5 > files-in-commit.txt	2025-04-24T06:31:51.2618441Z [36;1m  IFS=',' read -r -a file_array <<< "$files"[0m
job-core	Run git diff --name-only 27584b3f7eff3cffcff625854860e426cac92448 1295ca4b1698b102f659dc2deefbb43bba689aa5 > files-in-commit.txt	2025-04-24T06:31:51.2618864Z [36;1m  for file in "${file_array[@]}"; do[0m
job-core	Run git diff --name-only 27584b3f7eff3cffcff625854860e426cac92448 1295ca4b1698b102f659dc2deefbb43bba689aa5 > files-in-commit.txt	2025-04-24T06:31:51.2619293Z [36;1m    echo "II Leemos el array de $file"[0m
job-core	Run git diff --name-only 27584b3f7eff3cffcff625854860e426cac92448 1295ca4b1698b102f659dc2deefbb43bba689aa5 > files-in-commit.txt	2025-04-24T06:31:51.2619727Z [36;1m    if [[ "$file_extension" == "$file" ]]; then[0m
job-core	Run git diff --name-only 27584b3f7eff3cffcff625854860e426cac92448 1295ca4b1698b102f659dc2deefbb43bba689aa5 > files-in-commit.txt	2025-04-24T06:31:51.2620274Z [36;1m      echo "III Comprobamos si $file_extension es igual a $file"[0m
job-core	Run git diff --name-only 27584b3f7eff3cffcff625854860e426cac92448 1295ca4b1698b102f659dc2deefbb43bba689aa5 > files-in-commit.txt	2025-04-24T06:31:51.2621452Z [36;1m      IFS=',' read -r -a module_array <<< "$modules"[0m
job-core	Run git diff --name-only 27584b3f7eff3cffcff625854860e426cac92448 1295ca4b1698b102f659dc2deefbb43bba689aa5 > files-in-commit.txt	2025-04-24T06:31:51.2622203Z [36;1m      for module in "${module_array[@]}"; do[0m
job-core	Run git diff --name-only 27584b3f7eff3cffcff625854860e426cac92448 1295ca4b1698b102f659dc2deefbb43bba689aa5 > files-in-commit.txt	2025-04-24T06:31:51.2622631Z [36;1m        echo "IV Leemos el array $module"[0m
job-core	Run git diff --name-only 27584b3f7eff3cffcff625854860e426cac92448 1295ca4b1698b102f659dc2deefbb43bba689aa5 > files-in-commit.txt	2025-04-24T06:31:51.2633782Z [36;1m        if [[ "$file_module" == *"$module"* ]]; then[0m
job-core	Run git diff --name-only 27584b3f7eff3cffcff625854860e426cac92448 1295ca4b1698b102f659dc2deefbb43bba689aa5 > files-in-commit.txt	2025-04-24T06:31:51.2634516Z [36;1m          echo "V Comprobamos que el $file_module es igual a $module y ejecutamos el flujo"[0m
job-core	Run git diff --name-only 27584b3f7eff3cffcff625854860e426cac92448 1295ca4b1698b102f659dc2deefbb43bba689aa5 > files-in-commit.txt	2025-04-24T06:31:51.2635144Z [36;1m          # Si hemos llegado hasta aquí ejecutamos el módulo[0m
job-core	Run git diff --name-only 27584b3f7eff3cffcff625854860e426cac92448 1295ca4b1698b102f659dc2deefbb43bba689aa5 > files-in-commit.txt	2025-04-24T06:31:51.2635596Z [36;1m          # Lanzamos el lint del fichero[0m
job-core	Run git diff --name-only 27584b3f7eff3cffcff625854860e426cac92448 1295ca4b1698b102f659dc2deefbb43bba689aa5 > files-in-commit.txt	2025-04-24T06:31:51.2636139Z [36;1m          RNNUMBER=$(echo "refs/heads/H220-web-de-resultados" | grep -o '[0-9]*')[0m
job-core	Run git diff --name-only 27584b3f7eff3cffcff625854860e426cac92448 1295ca4b1698b102f659dc2deefbb43bba689aa5 > files-in-commit.txt	2025-04-24T06:31:51.2636717Z [36;1m          echo "El numero de la issue es: $RNNUMBER"[0m
job-core	Run git diff --name-only 27584b3f7eff3cffcff625854860e426cac92448 1295ca4b1698b102f659dc2deefbb43bba689aa5 > files-in-commit.txt	2025-04-24T06:31:51.2637723Z [36;1m          gh workflow run $file_module --ref refs/heads/H220-web-de-resultados -f kaos-origin=14634986264 -f kaos-files=$line -f kaos-issue-id=$RNNUMBER -f kaos-user-start=jorgecg646[0m
job-core	Run git diff --name-only 27584b3f7eff3cffcff625854860e426cac92448 1295ca4b1698b102f659dc2deefbb43bba689aa5 > files-in-commit.txt	2025-04-24T06:31:51.2638764Z [36;1m          module_failed=0[0m
job-core	Run git diff --name-only 27584b3f7eff3cffcff625854860e426cac92448 1295ca4b1698b102f659dc2deefbb43bba689aa5 > files-in-commit.txt	2025-04-24T06:31:51.2639128Z [36;1m          extension_failed=0[0m
job-core	Run git diff --name-only 27584b3f7eff3cffcff625854860e426cac92448 1295ca4b1698b102f659dc2deefbb43bba689aa5 > files-in-commit.txt	2025-04-24T06:31:51.2639485Z [36;1m          break[0m
job-core	Run git diff --name-only 27584b3f7eff3cffcff625854860e426cac92448 1295ca4b1698b102f659dc2deefbb43bba689aa5 > files-in-commit.txt	2025-04-24T06:31:51.2639784Z [36;1m        else[0m
job-core	Run git diff --name-only 27584b3f7eff3cffcff625854860e426cac92448 1295ca4b1698b102f659dc2deefbb43bba689aa5 > files-in-commit.txt	2025-04-24T06:31:51.2640630Z [36;1m          # Control de si existe el modulo para esa extension"[0m
job-core	Run git diff --name-only 27584b3f7eff3cffcff625854860e426cac92448 1295ca4b1698b102f659dc2deefbb43bba689aa5 > files-in-commit.txt	2025-04-24T06:31:51.2641310Z [36;1m          echo "VI No es igual $file_module a $module y lo indicamos en la variable module_failed=1"[0m
job-core	Run git diff --name-only 27584b3f7eff3cffcff625854860e426cac92448 1295ca4b1698b102f659dc2deefbb43bba689aa5 > files-in-commit.txt	2025-04-24T06:31:51.2642460Z [36;1m          module_failed=1[0m
job-core	Run git diff --name-only 27584b3f7eff3cffcff625854860e426cac92448 1295ca4b1698b102f659dc2deefbb43bba689aa5 > files-in-commit.txt	2025-04-24T06:31:51.2642790Z [36;1m        fi[0m
job-core	Run git diff --name-only 27584b3f7eff3cffcff625854860e426cac92448 1295ca4b1698b102f659dc2deefbb43bba689aa5 > files-in-commit.txt	2025-04-24T06:31:51.2643222Z [36;1m      done[0m
job-core	Run git diff --name-only 27584b3f7eff3cffcff625854860e426cac92448 1295ca4b1698b102f659dc2deefbb43bba689aa5 > files-in-commit.txt	2025-04-24T06:31:51.2643481Z [36;1m      break[0m
job-core	Run git diff --name-only 27584b3f7eff3cffcff625854860e426cac92448 1295ca4b1698b102f659dc2deefbb43bba689aa5 > files-in-commit.txt	2025-04-24T06:31:51.2643740Z [36;1m    else[0m
job-core	Run git diff --name-only 27584b3f7eff3cffcff625854860e426cac92448 1295ca4b1698b102f659dc2deefbb43bba689aa5 > files-in-commit.txt	2025-04-24T06:31:51.2644080Z [36;1m      # Control de si existe el modulo para esa extension"[0m
job-core	Run git diff --name-only 27584b3f7eff3cffcff625854860e426cac92448 1295ca4b1698b102f659dc2deefbb43bba689aa5 > files-in-commit.txt	2025-04-24T06:31:51.2644728Z [36;1m      echo "VII No es igual $file_extension a $file y lo indicamos en la variable extension_failed=1"[0m
job-core	Run git diff --name-only 27584b3f7eff3cffcff625854860e426cac92448 1295ca4b1698b102f659dc2deefbb43bba689aa5 > files-in-commit.txt	2025-04-24T06:31:51.2645592Z [36;1m      extension_failed=1[0m
job-core	Run git diff --name-only 27584b3f7eff3cffcff625854860e426cac92448 1295ca4b1698b102f659dc2deefbb43bba689aa5 > files-in-commit.txt	2025-04-24T06:31:51.2645906Z [36;1m    fi  [0m
job-core	Run git diff --name-only 27584b3f7eff3cffcff625854860e426cac92448 1295ca4b1698b102f659dc2deefbb43bba689aa5 > files-in-commit.txt	2025-04-24T06:31:51.2646150Z [36;1m  done[0m
job-core	Run git diff --name-only 27584b3f7eff3cffcff625854860e426cac92448 1295ca4b1698b102f659dc2deefbb43bba689aa5 > files-in-commit.txt	2025-04-24T06:31:51.2646428Z [36;1m  if [[ $module_failed == 1 ]]; then[0m
job-core	Run git diff --name-only 27584b3f7eff3cffcff625854860e426cac92448 1295ca4b1698b102f659dc2deefbb43bba689aa5 > files-in-commit.txt	2025-04-24T06:31:51.2647075Z [36;1m    echo "IX Si el modulo falla ($module_failed) añadimos el comentario a la issue"[0m
job-core	Run git diff --name-only 27584b3f7eff3cffcff625854860e426cac92448 1295ca4b1698b102f659dc2deefbb43bba689aa5 > files-in-commit.txt	2025-04-24T06:31:51.2648504Z [36;1m    # Si hemos llegado hasta aquí añadimos el mensaje de que la extension esta permitida pero no dispone de modulo activo y aqui finaliza el proceso[0m
job-core	Run git diff --name-only 27584b3f7eff3cffcff625854860e426cac92448 1295ca4b1698b102f659dc2deefbb43bba689aa5 > files-in-commit.txt	2025-04-24T06:31:51.2649364Z [36;1m    # Añadimos los valores a las variables de la issue[0m
job-core	Run git diff --name-only 27584b3f7eff3cffcff625854860e426cac92448 1295ca4b1698b102f659dc2deefbb43bba689aa5 > files-in-commit.txt	2025-04-24T06:31:51.2650497Z [36;1m    KAOS_ISSUE_BODY="[Ka0S] kaos ha detectado que la extensión ($file_extension) esta permitida dentro de KAOS_CORE_FILES, pero el módulo asociado ($file_module) no esta activo. Por favor compruebe que exista y esta activo."[0m
job-core	Run git diff --name-only 27584b3f7eff3cffcff625854860e426cac92448 1295ca4b1698b102f659dc2deefbb43bba689aa5 > files-in-commit.txt	2025-04-24T06:31:51.2651968Z [36;1m    # Añadimos el comentario a la issue[0m
job-core	Run git diff --name-only 27584b3f7eff3cffcff625854860e426cac92448 1295ca4b1698b102f659dc2deefbb43bba689aa5 > files-in-commit.txt	2025-04-24T06:31:51.2652700Z [36;1m    RNNUMBER=$(echo "refs/heads/H220-web-de-resultados" | grep -o '[0-9]*')[0m
job-core	Run git diff --name-only 27584b3f7eff3cffcff625854860e426cac92448 1295ca4b1698b102f659dc2deefbb43bba689aa5 > files-in-commit.txt	2025-04-24T06:31:51.2653292Z [36;1m    gh issue comment $RNNUMBER --body "$KAOS_ISSUE_BODY"[0m
job-core	Run git diff --name-only 27584b3f7eff3cffcff625854860e426cac92448 1295ca4b1698b102f659dc2deefbb43bba689aa5 > files-in-commit.txt	2025-04-24T06:31:51.2653700Z [36;1m  fi[0m
job-core	Run git diff --name-only 27584b3f7eff3cffcff625854860e426cac92448 1295ca4b1698b102f659dc2deefbb43bba689aa5 > files-in-commit.txt	2025-04-24T06:31:51.2653981Z [36;1m  if [[ $extension_failed == 1 ]]; then[0m
job-core	Run git diff --name-only 27584b3f7eff3cffcff625854860e426cac92448 1295ca4b1698b102f659dc2deefbb43bba689aa5 > files-in-commit.txt	2025-04-24T06:31:51.2654570Z [36;1m    echo "X Si extension falla falla ($extension_failed) añadimos el comentario a la issue"[0m
job-core	Run git diff --name-only 27584b3f7eff3cffcff625854860e426cac92448 1295ca4b1698b102f659dc2deefbb43bba689aa5 > files-in-commit.txt	2025-04-24T06:31:51.2655333Z [36;1m    # Si hemos llegado hasta aquí añadimos el mensaje de que la extension no esta permitida[0m
job-core	Run git diff --name-only 27584b3f7eff3cffcff625854860e426cac92448 1295ca4b1698b102f659dc2deefbb43bba689aa5 > files-in-commit.txt	2025-04-24T06:31:51.2655948Z [36;1m    # Añadimos los valores a las variables de la issue[0m
job-core	Run git diff --name-only 27584b3f7eff3cffcff625854860e426cac92448 1295ca4b1698b102f659dc2deefbb43bba689aa5 > files-in-commit.txt	2025-04-24T06:31:51.2656868Z [36;1m    KAOS_ISSUE_BODY="[Ka0S] kaos ha detectado que la extensión ($file_extension) NO esta permitida dentro de KAOS_CORE_FILES. Por favor compruebe que exista y esta activo."[0m
job-core	Run git diff --name-only 27584b3f7eff3cffcff625854860e426cac92448 1295ca4b1698b102f659dc2deefbb43bba689aa5 > files-in-commit.txt	2025-04-24T06:31:51.2657925Z [36;1m    # Añadimos el comentario a la issue[0m
job-core	Run git diff --name-only 27584b3f7eff3cffcff625854860e426cac92448 1295ca4b1698b102f659dc2deefbb43bba689aa5 > files-in-commit.txt	2025-04-24T06:31:51.2658631Z [36;1m    RNNUMBER=$(echo "refs/heads/H220-web-de-resultados" | grep -o '[0-9]*')[0m
job-core	Run git diff --name-only 27584b3f7eff3cffcff625854860e426cac92448 1295ca4b1698b102f659dc2deefbb43bba689aa5 > files-in-commit.txt	2025-04-24T06:31:51.2659254Z [36;1m    gh issue comment $RNNUMBER --body "$KAOS_ISSUE_BODY"[0m
job-core	Run git diff --name-only 27584b3f7eff3cffcff625854860e426cac92448 1295ca4b1698b102f659dc2deefbb43bba689aa5 > files-in-commit.txt	2025-04-24T06:31:51.2659686Z [36;1m  fi  [0m
job-core	Run git diff --name-only 27584b3f7eff3cffcff625854860e426cac92448 1295ca4b1698b102f659dc2deefbb43bba689aa5 > files-in-commit.txt	2025-04-24T06:31:51.2660241Z [36;1***one < files-in-commit.txt      [0m
job-core	Run git diff --name-only 27584b3f7eff3cffcff625854860e426cac92448 1295ca4b1698b102f659dc2deefbb43bba689aa5 > files-in-commit.txt	2025-04-24T06:31:51.2673531Z shell: /usr/bin/bash -e {0}
job-core	Run git diff --name-only 27584b3f7eff3cffcff625854860e426cac92448 1295ca4b1698b102f659dc2deefbb43bba689aa5 > files-in-commit.txt	2025-04-24T06:31:51.2673875Z env:
job-core	Run git diff --name-only 27584b3f7eff3cffcff625854860e426cac92448 1295ca4b1698b102f659dc2deefbb43bba689aa5 > files-in-commit.txt	2025-04-24T06:31:51.2674113Z   KAOS_CODE: 14634986264
job-core	Run git diff --name-only 27584b3f7eff3cffcff625854860e426cac92448 1295ca4b1698b102f659dc2deefbb43bba689aa5 > files-in-commit.txt	2025-04-24T06:31:51.2674401Z   KAOS_EVENT_NAME: push
job-core	Run git diff --name-only 27584b3f7eff3cffcff625854860e426cac92448 1295ca4b1698b102f659dc2deefbb43bba689aa5 > files-in-commit.txt	2025-04-24T06:31:51.2674675Z   KAOS_ACTION: 
job-core	Run git diff --name-only 27584b3f7eff3cffcff625854860e426cac92448 1295ca4b1698b102f659dc2deefbb43bba689aa5 > files-in-commit.txt	2025-04-24T06:31:51.2674964Z   KAOS_REF: refs/heads/H220-web-de-resultados
job-core	Run git diff --name-only 27584b3f7eff3cffcff625854860e426cac92448 1295ca4b1698b102f659dc2deefbb43bba689aa5 > files-in-commit.txt	2025-04-24T06:31:51.2675354Z   KAOS_MODULE: [Ka0S] kaos
job-core	Run git diff --name-only 27584b3f7eff3cffcff625854860e426cac92448 1295ca4b1698b102f659dc2deefbb43bba689aa5 > files-in-commit.txt	2025-04-24T06:31:51.2675660Z   KAOS_PATH_RESUME: core/results/k/
job-core	Run git diff --name-only 27584b3f7eff3cffcff625854860e426cac92448 1295ca4b1698b102f659dc2deefbb43bba689aa5 > files-in-commit.txt	2025-04-24T06:31:51.2676002Z   KAOS_JSON: core/results/k/event_data_
job-core	Run git diff --name-only 27584b3f7eff3cffcff625854860e426cac92448 1295ca4b1698b102f659dc2deefbb43bba689aa5 > files-in-commit.txt	2025-04-24T06:31:51.2676341Z   KAOS_ACTOR: jorgecg646
job-core	Run git diff --name-only 27584b3f7eff3cffcff625854860e426cac92448 1295ca4b1698b102f659dc2deefbb43bba689aa5 > files-in-commit.txt	2025-04-24T06:31:51.2676622Z   GITHUB_OUTPUT: 
job-core	Run git diff --name-only 27584b3f7eff3cffcff625854860e426cac92448 1295ca4b1698b102f659dc2deefbb43bba689aa5 > files-in-commit.txt	2025-04-24T06:31:51.2676927Z   INVOLVED: core/results/k/files-in-commit-.txt
job-core	Run git diff --name-only 27584b3f7eff3cffcff625854860e426cac92448 1295ca4b1698b102f659dc2deefbb43bba689aa5 > files-in-commit.txt	2025-04-24T06:31:51.2677744Z   modules: ***
job-core	Run git diff --name-only 27584b3f7eff3cffcff625854860e426cac92448 1295ca4b1698b102f659dc2deefbb43bba689aa5 > files-in-commit.txt	2025-04-24T06:31:51.2678033Z   files: ***
job-core	Run git diff --name-only 27584b3f7eff3cffcff625854860e426cac92448 1295ca4b1698b102f659dc2deefbb43bba689aa5 > files-in-commit.txt	2025-04-24T06:31:51.2678395Z   GH_TOKEN: ***
job-core	Run git diff --name-only 27584b3f7eff3cffcff625854860e426cac92448 1295ca4b1698b102f659dc2deefbb43bba689aa5 > files-in-commit.txt	2025-04-24T06:31:51.2678643Z ##[endgroup]
job-core	Run git diff --name-only 27584b3f7eff3cffcff625854860e426cac92448 1295ca4b1698b102f659dc2deefbb43bba689aa5 > files-in-commit.txt	2025-04-24T06:31:51.2791220Z core/config/webs/webs.json
job-core	Run git diff --name-only 27584b3f7eff3cffcff625854860e426cac92448 1295ca4b1698b102f659dc2deefbb43bba689aa5 > files-in-commit.txt	2025-04-24T06:31:51.2802335Z I Leemos el fichero files-in-commit.txt y extraemos el fichero core/config/webs/webs.json
job-core	Run git diff --name-only 27584b3f7eff3cffcff625854860e426cac92448 1295ca4b1698b102f659dc2deefbb43bba689aa5 > files-in-commit.txt	2025-04-24T06:31:51.2824225Z I-1 Calculamos el nombre del fichero webs.json
job-core	Run git diff --name-only 27584b3f7eff3cffcff625854860e426cac92448 1295ca4b1698b102f659dc2deefbb43bba689aa5 > files-in-commit.txt	2025-04-24T06:31:51.2825475Z I-2 Calculamos la extension del fichero json
job-core	Run git diff --name-only 27584b3f7eff3cffcff625854860e426cac92448 1295ca4b1698b102f659dc2deefbb43bba689aa5 > files-in-commit.txt	2025-04-24T06:31:51.2826260Z I-3 Calculamos el modulo jsonlint.yml
job-core	Run git diff --name-only 27584b3f7eff3cffcff625854860e426cac92448 1295ca4b1698b102f659dc2deefbb43bba689aa5 > files-in-commit.txt	2025-04-24T06:31:51.2827400Z II Leemos el array de ***
job-core	Run git diff --name-only 27584b3f7eff3cffcff625854860e426cac92448 1295ca4b1698b102f659dc2deefbb43bba689aa5 > files-in-commit.txt	2025-04-24T06:31:51.2830217Z VII No es igual json a *** y lo indicamos en la variable extension_failed=1
job-core	Run git diff --name-only 27584b3f7eff3cffcff625854860e426cac92448 1295ca4b1698b102f659dc2deefbb43bba689aa5 > files-in-commit.txt	2025-04-24T06:31:51.2832122Z X Si extension falla falla (1) añadimos el comentario a la issue
job-core	Run git diff --name-only 27584b3f7eff3cffcff625854860e426cac92448 1295ca4b1698b102f659dc2deefbb43bba689aa5 > files-in-commit.txt	2025-04-24T06:31:52.7651739Z https://github.com/Ka0s-Klaus/ka0s/issues/220#issuecomment-2826524860
job-core	Post Checkout code	﻿2025-04-24T06:31:52.7819358Z Post job cleanup.
job-core	Post Checkout code	2025-04-24T06:31:52.9293258Z [command]/usr/bin/git version
job-core	Post Checkout code	2025-04-24T06:31:52.9344138Z git version 2.48.1
job-core	Post Checkout code	2025-04-24T06:31:52.9403650Z Copying '/home/kaos/.gitconfig' to '/actions-runner/_work/_temp/a425bc9e-4407-4a29-9da7-b9ee2dfeadb4/.gitconfig'
job-core	Post Checkout code	2025-04-24T06:31:52.9421965Z Temporarily overriding HOME='/actions-runner/_work/_temp/a425bc9e-4407-4a29-9da7-b9ee2dfeadb4' before making global git config changes
job-core	Post Checkout code	2025-04-24T06:31:52.9423116Z Adding repository directory to the temporary git global config as a safe directory
job-core	Post Checkout code	2025-04-24T06:31:52.9430564Z [command]/usr/bin/git config --global --add safe.directory /actions-runner/_work/ka0s/ka0s
job-core	Post Checkout code	2025-04-24T06:31:52.9499226Z [command]/usr/bin/git config --local --name-only --get-regexp core\.sshCommand
job-core	Post Checkout code	2025-04-24T06:31:52.9566264Z [command]/usr/bin/git submodule foreach --recursive sh -c "git config --local --name-only --get-regexp 'core\.sshCommand' && git config --local --unset-all 'core.sshCommand' || :"
job-core	Post Checkout code	2025-04-24T06:31:53.0011861Z [command]/usr/bin/git config --local --name-only --get-regexp http\.https\:\/\/github\.com\/\.extraheader
job-core	Post Checkout code	2025-04-24T06:31:53.0047922Z http.https://github.com/.extraheader
job-core	Post Checkout code	2025-04-24T06:31:53.0068495Z [command]/usr/bin/git config --local --unset-all http.https://github.com/.extraheader
job-core	Post Checkout code	2025-04-24T06:31:53.0123785Z [command]/usr/bin/git submodule foreach --recursive sh -c "git config --local --name-only --get-regexp 'http\.https\:\/\/github\.com\/\.extraheader' && git config --local --unset-all 'http.https://github.com/.extraheader' || :"
job-core	Complete job	﻿2025-04-24T06:31:53.0697104Z Cleaning up orphan processes
handle-success	Set up job	﻿2025-04-24T06:32:14.9953686Z Current runner version: '2.323.0'
handle-success	Set up job	2025-04-24T06:32:14.9963888Z Runner name: 'ka0s-6'
handle-success	Set up job	2025-04-24T06:32:14.9966702Z Machine name: '419612ea1a87'
handle-success	Set up job	2025-04-24T06:32:14.9974404Z ##[group]GITHUB_TOKEN Permissions
handle-success	Set up job	2025-04-24T06:32:14.9977476Z Contents: read
handle-success	Set up job	2025-04-24T06:32:14.9978182Z Metadata: read
handle-success	Set up job	2025-04-24T06:32:14.9978968Z Packages: read
handle-success	Set up job	2025-04-24T06:32:14.9979633Z ##[endgroup]
handle-success	Set up job	2025-04-24T06:32:14.9983030Z Secret source: Actions
handle-success	Set up job	2025-04-24T06:32:14.9984187Z Prepare workflow directory
handle-success	Set up job	2025-04-24T06:32:15.1100668Z Prepare all required actions
handle-success	Set up job	2025-04-24T06:32:15.1172572Z Getting action download info
handle-success	Set up job	2025-04-24T06:32:15.8286619Z Download action repository 'actions/checkout@v4' (SHA:11bd71901bbe5b1630ceea73d27597364c9af683)
handle-success	Set up job	2025-04-24T06:32:18.0050927Z Complete job name: handle-success
handle-success	Checkout code	﻿2025-04-24T06:32:18.0841319Z ##[group]Run actions/checkout@v4
handle-success	Checkout code	2025-04-24T06:32:18.0844304Z with:
handle-success	Checkout code	2025-04-24T06:32:18.0844863Z   fetch-depth: 0
handle-success	Checkout code	2025-04-24T06:32:18.0845715Z   token: ***
handle-success	Checkout code	2025-04-24T06:32:18.0846275Z   repository: Ka0s-Klaus/ka0s
handle-success	Checkout code	2025-04-24T06:32:18.0846982Z   ssh-strict: true
handle-success	Checkout code	2025-04-24T06:32:18.0847508Z   ssh-user: git
handle-success	Checkout code	2025-04-24T06:32:18.0848050Z   persist-credentials: true
handle-success	Checkout code	2025-04-24T06:32:18.0848659Z   clean: true
handle-success	Checkout code	2025-04-24T06:32:18.0849427Z   sparse-checkout-cone-mode: true
handle-success	Checkout code	2025-04-24T06:32:18.0850263Z   fetch-tags: false
handle-success	Checkout code	2025-04-24T06:32:18.0850853Z   show-progress: true
handle-success	Checkout code	2025-04-24T06:32:18.0851428Z   lfs: false
handle-success	Checkout code	2025-04-24T06:32:18.0852595Z   submodules: false
handle-success	Checkout code	2025-04-24T06:32:18.0853238Z   set-safe-directory: true
handle-success	Checkout code	2025-04-24T06:32:18.0854496Z env:
handle-success	Checkout code	2025-04-24T06:32:18.0855073Z   KAOS_CODE: 14634986264
handle-success	Checkout code	2025-04-24T06:32:18.0855714Z   KAOS_EVENT_NAME: push
handle-success	Checkout code	2025-04-24T06:32:18.0856788Z   KAOS_ACTION: 
handle-success	Checkout code	2025-04-24T06:32:18.0860381Z   KAOS_REF: refs/heads/H220-web-de-resultados
handle-success	Checkout code	2025-04-24T06:32:18.0863104Z   KAOS_MODULE: [Ka0S] kaos
handle-success	Checkout code	2025-04-24T06:32:18.0863951Z   KAOS_PATH_RESUME: core/results/k/
handle-success	Checkout code	2025-04-24T06:32:18.0864707Z   KAOS_JSON: core/results/k/event_data_
handle-success	Checkout code	2025-04-24T06:32:18.0865439Z   KAOS_ACTOR: jorgecg646
handle-success	Checkout code	2025-04-24T06:32:18.0866219Z ##[endgroup]
handle-success	Checkout code	2025-04-24T06:32:18.2662689Z Syncing repository: Ka0s-Klaus/ka0s
handle-success	Checkout code	2025-04-24T06:32:18.2665913Z ##[group]Getting Git version info
handle-success	Checkout code	2025-04-24T06:32:18.2666996Z Working directory is '/actions-runner/_work/ka0s/ka0s'
handle-success	Checkout code	2025-04-24T06:32:18.2668458Z [command]/usr/bin/git version
handle-success	Checkout code	2025-04-24T06:32:18.2669195Z git version 2.48.1
handle-success	Checkout code	2025-04-24T06:32:18.2693127Z ##[endgroup]
handle-success	Checkout code	2025-04-24T06:32:18.2708414Z Copying '/home/kaos/.gitconfig' to '/actions-runner/_work/_temp/f13304eb-9bdc-488d-87f5-f02da5f38e8f/.gitconfig'
handle-success	Checkout code	2025-04-24T06:32:18.2725438Z Temporarily overriding HOME='/actions-runner/_work/_temp/f13304eb-9bdc-488d-87f5-f02da5f38e8f' before making global git config changes
handle-success	Checkout code	2025-04-24T06:32:18.2761412Z Adding repository directory to the temporary git global config as a safe directory
handle-success	Checkout code	2025-04-24T06:32:18.2770858Z [command]/usr/bin/git config --global --add safe.directory /actions-runner/_work/ka0s/ka0s
handle-success	Checkout code	2025-04-24T06:32:18.2811883Z [command]/usr/bin/git config --local --get remote.origin.url
handle-success	Checkout code	2025-04-24T06:32:18.2847479Z https://github.com/Ka0s-Klaus/ka0s
handle-success	Checkout code	2025-04-24T06:32:18.2878319Z ##[group]Removing previously created refs, to avoid conflicts
handle-success	Checkout code	2025-04-24T06:32:18.2887796Z [command]/usr/bin/git rev-parse --symbolic-full-name --verify --quiet HEAD
handle-success	Checkout code	2025-04-24T06:32:18.2924315Z refs/heads/H220-web-de-resultados
handle-success	Checkout code	2025-04-24T06:32:18.2940078Z [command]/usr/bin/git checkout --detach
handle-success	Checkout code	2025-04-24T06:32:18.3129167Z HEAD is now at a3bc0a3b [Ka0S] Uploading resume execution files to the repository...
handle-success	Checkout code	2025-04-24T06:32:18.3209291Z [command]/usr/bin/git branch --delete --force H220-web-de-resultados
handle-success	Checkout code	2025-04-24T06:32:18.3263054Z Deleted branch H220-web-de-resultados (was a3bc0a3b).
handle-success	Checkout code	2025-04-24T06:32:18.3353555Z ##[endgroup]
handle-success	Checkout code	2025-04-24T06:32:18.3358519Z [command]/usr/bin/git submodule status
handle-success	Checkout code	2025-04-24T06:32:18.3784540Z ##[group]Cleaning the repository
handle-success	Checkout code	2025-04-24T06:32:18.3787353Z [command]/usr/bin/git clean -ffdx
handle-success	Checkout code	2025-04-24T06:32:18.3886757Z [command]/usr/bin/git reset --hard HEAD
handle-success	Checkout code	2025-04-24T06:32:18.4201075Z HEAD is now at a3bc0a3b [Ka0S] Uploading resume execution files to the repository...
handle-success	Checkout code	2025-04-24T06:32:18.4213956Z ##[endgroup]
handle-success	Checkout code	2025-04-24T06:32:18.4215820Z ##[group]Disabling automatic garbage collection
handle-success	Checkout code	2025-04-24T06:32:18.4221355Z [command]/usr/bin/git config --local gc.auto 0
handle-success	Checkout code	2025-04-24T06:32:18.4272688Z ##[endgroup]
handle-success	Checkout code	2025-04-24T06:32:18.4274610Z ##[group]Setting up auth
handle-success	Checkout code	2025-04-24T06:32:18.4281141Z [command]/usr/bin/git config --local --name-only --get-regexp core\.sshCommand
handle-success	Checkout code	2025-04-24T06:32:18.4330432Z [command]/usr/bin/git submodule foreach --recursive sh -c "git config --local --name-only --get-regexp 'core\.sshCommand' && git config --local --unset-all 'core.sshCommand' || :"
handle-success	Checkout code	2025-04-24T06:32:18.4806863Z [command]/usr/bin/git config --local --name-only --get-regexp http\.https\:\/\/github\.com\/\.extraheader
handle-success	Checkout code	2025-04-24T06:32:18.4854287Z [command]/usr/bin/git submodule foreach --recursive sh -c "git config --local --name-only --get-regexp 'http\.https\:\/\/github\.com\/\.extraheader' && git config --local --unset-all 'http.https://github.com/.extraheader' || :"
handle-success	Checkout code	2025-04-24T06:32:18.5261471Z [command]/usr/bin/git config --local http.https://github.com/.extraheader AUTHORIZATION: basic ***
handle-success	Checkout code	2025-04-24T06:32:18.5322398Z ##[endgroup]
handle-success	Checkout code	2025-04-24T06:32:18.5325058Z ##[group]Fetching the repository
handle-success	Checkout code	2025-04-24T06:32:18.5333711Z [command]/usr/bin/git -c protocol.version=2 fetch --prune --no-recurse-submodules origin +refs/heads/*:refs/remotes/origin/* +refs/tags/*:refs/tags/*
handle-success	Checkout code	2025-04-24T06:32:19.9695686Z From https://github.com/Ka0s-Klaus/ka0s
handle-success	Checkout code	2025-04-24T06:32:19.9701337Z    a3bc0a3b..83784fb4  H220-web-de-resultados -> origin/H220-web-de-resultados
handle-success	Checkout code	2025-04-24T06:32:19.9706030Z    18ea4b67..61ca2ab3  main                   -> origin/main
handle-success	Checkout code	2025-04-24T06:32:19.9710021Z  * [new tag]           0.0.102                -> 0.0.102
handle-success	Checkout code	2025-04-24T06:32:19.9806920Z [command]/usr/bin/git branch --list --remote origin/H220-web-de-resultados
handle-success	Checkout code	2025-04-24T06:32:19.9855032Z   origin/H220-web-de-resultados
handle-success	Checkout code	2025-04-24T06:32:19.9871807Z [command]/usr/bin/git rev-parse refs/remotes/origin/H220-web-de-resultados
handle-success	Checkout code	2025-04-24T06:32:19.9907475Z 83784fb45d9a8c2ee4ba4a3e6412df1adf2e565f
handle-success	Checkout code	2025-04-24T06:32:19.9931971Z [command]/usr/bin/git -c protocol.version=2 fetch --no-tags --prune --no-recurse-submodules origin +1295ca4b1698b102f659dc2deefbb43bba689aa5:refs/remotes/origin/H220-web-de-resultados
handle-success	Checkout code	2025-04-24T06:32:20.7620324Z From https://github.com/Ka0s-Klaus/ka0s
handle-success	Checkout code	2025-04-24T06:32:20.7622431Z  + 83784fb4...1295ca4b 1295ca4b1698b102f659dc2deefbb43bba689aa5 -> origin/H220-web-de-resultados  (forced update)
handle-success	Checkout code	2025-04-24T06:32:20.7705508Z ##[endgroup]
handle-success	Checkout code	2025-04-24T06:32:20.7706188Z ##[group]Determining the checkout info
handle-success	Checkout code	2025-04-24T06:32:20.7707963Z ##[endgroup]
handle-success	Checkout code	2025-04-24T06:32:20.7718861Z [command]/usr/bin/git sparse-checkout disable
handle-success	Checkout code	2025-04-24T06:32:20.7827173Z [command]/usr/bin/git config --local --unset-all extensions.worktreeConfig
handle-success	Checkout code	2025-04-24T06:32:20.7873571Z ##[group]Checking out the ref
handle-success	Checkout code	2025-04-24T06:32:20.7880516Z [command]/usr/bin/git checkout --progress --force -B H220-web-de-resultados refs/remotes/origin/H220-web-de-resultados
handle-success	Checkout code	2025-04-24T06:32:20.8236513Z Previous HEAD position was a3bc0a3b [Ka0S] Uploading resume execution files to the repository...
handle-success	Checkout code	2025-04-24T06:32:20.8253238Z Switched to a new branch 'H220-web-de-resultados'
handle-success	Checkout code	2025-04-24T06:32:20.8259328Z branch 'H220-web-de-resultados' set up to track 'origin/H220-web-de-resultados'.
handle-success	Checkout code	2025-04-24T06:32:20.8272161Z ##[endgroup]
handle-success	Checkout code	2025-04-24T06:32:20.8341741Z [command]/usr/bin/git log -1 --format=%H
handle-success	Checkout code	2025-04-24T06:32:20.8394044Z 1295ca4b1698b102f659dc2deefbb43bba689aa5
handle-success	handle-success-execution	﻿2025-04-24T06:32:20.8768028Z ##[group]Run # Si todo ha ido correcto añadimos el contenido del fichero 
handle-success	handle-success-execution	2025-04-24T06:32:20.8768933Z [36;1m# Si todo ha ido correcto añadimos el contenido del fichero [0m
handle-success	handle-success-execution	2025-04-24T06:32:20.8769627Z [36;1mRNNUMBER=$(echo "refs/heads/H220-web-de-resultados" | grep -o '[0-9]*')[0m
handle-success	handle-success-execution	2025-04-24T06:32:20.8770758Z [36;1mgh issue comment $RNNUMBER --body "El proceso ha finalizado correctamente 14634986264. El resultado está en el fichero core/results/event_data_14634986264.log"[0m
handle-success	handle-success-execution	2025-04-24T06:32:20.8793893Z shell: /usr/bin/bash -e {0}
handle-success	handle-success-execution	2025-04-24T06:32:20.8794395Z env:
handle-success	handle-success-execution	2025-04-24T06:32:20.8794734Z   KAOS_CODE: 14634986264
handle-success	handle-success-execution	2025-04-24T06:32:20.8795141Z   KAOS_EVENT_NAME: push
handle-success	handle-success-execution	2025-04-24T06:32:20.8795612Z   KAOS_ACTION: 
handle-success	handle-success-execution	2025-04-24T06:32:20.8796083Z   KAOS_REF: refs/heads/H220-web-de-resultados
handle-success	handle-success-execution	2025-04-24T06:32:20.8796643Z   KAOS_MODULE: [Ka0S] kaos
handle-success	handle-success-execution	2025-04-24T06:32:20.8797176Z   KAOS_PATH_RESUME: core/results/k/
handle-success	handle-success-execution	2025-04-24T06:32:20.8797715Z   KAOS_JSON: core/results/k/event_data_
handle-success	handle-success-execution	2025-04-24T06:32:20.8798415Z   KAOS_ACTOR: jorgecg646
handle-success	handle-success-execution	2025-04-24T06:32:20.8799768Z   GH_TOKEN: ***
handle-success	handle-success-execution	2025-04-24T06:32:20.8800211Z ##[endgroup]
handle-success	handle-success-execution	2025-04-24T06:32:22.1704526Z https://github.com/Ka0s-Klaus/ka0s/issues/220#issuecomment-2826525707
handle-success	Post Checkout code	﻿2025-04-24T06:32:22.2088960Z Post job cleanup.
handle-success	Post Checkout code	2025-04-24T06:32:22.3593251Z [command]/usr/bin/git version
handle-success	Post Checkout code	2025-04-24T06:32:22.3646578Z git version 2.48.1
handle-success	Post Checkout code	2025-04-24T06:32:22.3704527Z Copying '/home/kaos/.gitconfig' to '/actions-runner/_work/_temp/d2e1668d-06d1-4dbd-b897-02e29040ebff/.gitconfig'
handle-success	Post Checkout code	2025-04-24T06:32:22.3723585Z Temporarily overriding HOME='/actions-runner/_work/_temp/d2e1668d-06d1-4dbd-b897-02e29040ebff' before making global git config changes
handle-success	Post Checkout code	2025-04-24T06:32:22.3724761Z Adding repository directory to the temporary git global config as a safe directory
handle-success	Post Checkout code	2025-04-24T06:32:22.3736393Z [command]/usr/bin/git config --global --add safe.directory /actions-runner/_work/ka0s/ka0s
handle-success	Post Checkout code	2025-04-24T06:32:22.3805399Z [command]/usr/bin/git config --local --name-only --get-regexp core\.sshCommand
handle-success	Post Checkout code	2025-04-24T06:32:22.3876243Z [command]/usr/bin/git submodule foreach --recursive sh -c "git config --local --name-only --get-regexp 'core\.sshCommand' && git config --local --unset-all 'core.sshCommand' || :"
handle-success	Post Checkout code	2025-04-24T06:32:22.4353739Z [command]/usr/bin/git config --local --name-only --get-regexp http\.https\:\/\/github\.com\/\.extraheader
handle-success	Post Checkout code	2025-04-24T06:32:22.4393871Z http.https://github.com/.extraheader
handle-success	Post Checkout code	2025-04-24T06:32:22.4420219Z [command]/usr/bin/git config --local --unset-all http.https://github.com/.extraheader
handle-success	Post Checkout code	2025-04-24T06:32:22.4488731Z [command]/usr/bin/git submodule foreach --recursive sh -c "git config --local --name-only --get-regexp 'http\.https\:\/\/github\.com\/\.extraheader' && git config --local --unset-all 'http.https://github.com/.extraheader' || :"
handle-success	Complete job	﻿2025-04-24T06:32:22.5077649Z Cleaning up orphan processes
end-workflow	Set up job	﻿2025-04-24T06:32:28.8635759Z Current runner version: '2.323.0'
end-workflow	Set up job	2025-04-24T06:32:28.8639651Z Runner name: 'ka0s-7'
end-workflow	Set up job	2025-04-24T06:32:28.8640208Z Machine name: '26a53205c9ac'
end-workflow	Set up job	2025-04-24T06:32:28.8641551Z ##[group]GITHUB_TOKEN Permissions
end-workflow	Set up job	2025-04-24T06:32:28.8643163Z Contents: read
end-workflow	Set up job	2025-04-24T06:32:28.8643517Z Metadata: read
end-workflow	Set up job	2025-04-24T06:32:28.8643802Z Packages: read
end-workflow	Set up job	2025-04-24T06:32:28.8644074Z ##[endgroup]
end-workflow	Set up job	2025-04-24T06:32:28.8645386Z Secret source: Actions
end-workflow	Set up job	2025-04-24T06:32:28.8645829Z Prepare workflow directory
end-workflow	Set up job	2025-04-24T06:32:28.9018915Z Prepare all required actions
end-workflow	Set up job	2025-04-24T06:32:28.9045754Z Getting action download info
end-workflow	Set up job	2025-04-24T06:32:29.4091901Z Download action repository 'actions/checkout@v4' (SHA:11bd71901bbe5b1630ceea73d27597364c9af683)
end-workflow	Set up job	2025-04-24T06:32:30.1514012Z Complete job name: end-workflow
end-workflow	Checkout code	﻿2025-04-24T06:32:30.1822915Z ##[group]Run actions/checkout@v4
end-workflow	Checkout code	2025-04-24T06:32:30.1823548Z with:
end-workflow	Checkout code	2025-04-24T06:32:30.1823864Z   fetch-depth: 0
end-workflow	Checkout code	2025-04-24T06:32:30.1824382Z   token: ***
end-workflow	Checkout code	2025-04-24T06:32:30.1824706Z   repository: Ka0s-Klaus/ka0s
end-workflow	Checkout code	2025-04-24T06:32:30.1825172Z   ssh-strict: true
end-workflow	Checkout code	2025-04-24T06:32:30.1825483Z   ssh-user: git
end-workflow	Checkout code	2025-04-24T06:32:30.1825831Z   persist-credentials: true
end-workflow	Checkout code	2025-04-24T06:32:30.1826238Z   clean: true
end-workflow	Checkout code	2025-04-24T06:32:30.1826563Z   sparse-checkout-cone-mode: true
end-workflow	Checkout code	2025-04-24T06:32:30.1826979Z   fetch-tags: false
end-workflow	Checkout code	2025-04-24T06:32:30.1827337Z   show-progress: true
end-workflow	Checkout code	2025-04-24T06:32:30.1827655Z   lfs: false
end-workflow	Checkout code	2025-04-24T06:32:30.1827976Z   submodules: false
end-workflow	Checkout code	2025-04-24T06:32:30.1828359Z   set-safe-directory: true
end-workflow	Checkout code	2025-04-24T06:32:30.1828809Z env:
end-workflow	Checkout code	2025-04-24T06:32:30.1829121Z   KAOS_CODE: 14634986264
end-workflow	Checkout code	2025-04-24T06:32:30.1829512Z   KAOS_EVENT_NAME: push
end-workflow	Checkout code	2025-04-24T06:32:30.1829845Z   KAOS_ACTION: 
end-workflow	Checkout code	2025-04-24T06:32:30.1830213Z   KAOS_REF: refs/heads/H220-web-de-resultados
end-workflow	Checkout code	2025-04-24T06:32:30.1830702Z   KAOS_MODULE: [Ka0S] kaos
end-workflow	Checkout code	2025-04-24T06:32:30.1831136Z   KAOS_PATH_RESUME: core/results/k/
end-workflow	Checkout code	2025-04-24T06:32:30.1831531Z   KAOS_JSON: core/results/k/event_data_
end-workflow	Checkout code	2025-04-24T06:32:30.1831962Z   KAOS_ACTOR: jorgecg646
end-workflow	Checkout code	2025-04-24T06:32:30.1832442Z   GH_TOKEN: ***
end-workflow	Checkout code	2025-04-24T06:32:30.1832782Z ##[endgroup]
end-workflow	Checkout code	2025-04-24T06:32:30.2527568Z Syncing repository: Ka0s-Klaus/ka0s
end-workflow	Checkout code	2025-04-24T06:32:30.2529061Z ##[group]Getting Git version info
end-workflow	Checkout code	2025-04-24T06:32:30.2529625Z Working directory is '/actions-runner/_work/ka0s/ka0s'
end-workflow	Checkout code	2025-04-24T06:32:30.2530435Z [command]/usr/bin/git version
end-workflow	Checkout code	2025-04-24T06:32:30.2530791Z git version 2.43.0
end-workflow	Checkout code	2025-04-24T06:32:30.2553298Z ##[endgroup]
end-workflow	Checkout code	2025-04-24T06:32:30.2568964Z Copying '/home/kaos/.gitconfig' to '/actions-runner/_work/_temp/c4f1287f-ddb4-4f45-9168-5d2a250e4c3e/.gitconfig'
end-workflow	Checkout code	2025-04-24T06:32:30.2585608Z Temporarily overriding HOME='/actions-runner/_work/_temp/c4f1287f-ddb4-4f45-9168-5d2a250e4c3e' before making global git config changes
end-workflow	Checkout code	2025-04-24T06:32:30.2586849Z Adding repository directory to the temporary git global config as a safe directory
end-workflow	Checkout code	2025-04-24T06:32:30.2596681Z [command]/usr/bin/git config --global --add safe.directory /actions-runner/_work/ka0s/ka0s
end-workflow	Checkout code	2025-04-24T06:32:30.2680776Z [command]/usr/bin/git config --local --get remote.origin.url
end-workflow	Checkout code	2025-04-24T06:32:30.2696619Z https://github.com/Ka0s-Klaus/ka0s
end-workflow	Checkout code	2025-04-24T06:32:30.2717136Z ##[group]Removing previously created refs, to avoid conflicts
end-workflow	Checkout code	2025-04-24T06:32:30.2719402Z [command]/usr/bin/git rev-parse --symbolic-full-name --verify --quiet HEAD
end-workflow	Checkout code	2025-04-24T06:32:30.2740782Z HEAD
end-workflow	Checkout code	2025-04-24T06:32:30.2816448Z ##[endgroup]
end-workflow	Checkout code	2025-04-24T06:32:30.2816901Z [command]/usr/bin/git submodule status
end-workflow	Checkout code	2025-04-24T06:32:30.3043561Z ##[group]Cleaning the repository
end-workflow	Checkout code	2025-04-24T06:32:30.3048445Z [command]/usr/bin/git clean -ffdx
end-workflow	Checkout code	2025-04-24T06:32:30.3093041Z [command]/usr/bin/git reset --hard HEAD
end-workflow	Checkout code	2025-04-24T06:32:30.3255062Z HEAD is now at be628602 Merge a3bc0a3b22ff563f18298167baac7820b8b394ce into 18ea4b67b93c7437316b94dbb4cea6a5f232ab4d
end-workflow	Checkout code	2025-04-24T06:32:30.3258001Z ##[endgroup]
end-workflow	Checkout code	2025-04-24T06:32:30.3259056Z ##[group]Disabling automatic garbage collection
end-workflow	Checkout code	2025-04-24T06:32:30.3263861Z [command]/usr/bin/git config --local gc.auto 0
end-workflow	Checkout code	2025-04-24T06:32:30.3287569Z ##[endgroup]
end-workflow	Checkout code	2025-04-24T06:32:30.3288593Z ##[group]Setting up auth
end-workflow	Checkout code	2025-04-24T06:32:30.3290736Z [command]/usr/bin/git config --local --name-only --get-regexp core\.sshCommand
end-workflow	Checkout code	2025-04-24T06:32:30.3318051Z [command]/usr/bin/git submodule foreach --recursive sh -c "git config --local --name-only --get-regexp 'core\.sshCommand' && git config --local --unset-all 'core.sshCommand' || :"
end-workflow	Checkout code	2025-04-24T06:32:30.3559774Z [command]/usr/bin/git config --local --name-only --get-regexp http\.https\:\/\/github\.com\/\.extraheader
end-workflow	Checkout code	2025-04-24T06:32:30.3582838Z [command]/usr/bin/git submodule foreach --recursive sh -c "git config --local --name-only --get-regexp 'http\.https\:\/\/github\.com\/\.extraheader' && git config --local --unset-all 'http.https://github.com/.extraheader' || :"
end-workflow	Checkout code	2025-04-24T06:32:30.3818973Z [command]/usr/bin/git config --local http.https://github.com/.extraheader AUTHORIZATION: basic ***
end-workflow	Checkout code	2025-04-24T06:32:30.3855635Z ##[endgroup]
end-workflow	Checkout code	2025-04-24T06:32:30.3856603Z ##[group]Fetching the repository
end-workflow	Checkout code	2025-04-24T06:32:30.3862678Z [command]/usr/bin/git -c protocol.version=2 fetch --prune --no-recurse-submodules origin +refs/heads/*:refs/remotes/origin/* +refs/tags/*:refs/tags/*
end-workflow	Checkout code	2025-04-24T06:32:31.0962511Z From https://github.com/Ka0s-Klaus/ka0s
end-workflow	Checkout code	2025-04-24T06:32:31.0964288Z    27584b3f..754a33aa  H220-web-de-resultados -> origin/H220-web-de-resultados
end-workflow	Checkout code	2025-04-24T06:32:31.0965876Z    152b4020..61ca2ab3  main                   -> origin/main
end-workflow	Checkout code	2025-04-24T06:32:31.0967084Z  * [new tag]           0.0.103                -> 0.0.103
end-workflow	Checkout code	2025-04-24T06:32:31.1010610Z [command]/usr/bin/git branch --list --remote origin/H220-web-de-resultados
end-workflow	Checkout code	2025-04-24T06:32:31.1033173Z   origin/H220-web-de-resultados
end-workflow	Checkout code	2025-04-24T06:32:31.1042076Z [command]/usr/bin/git rev-parse refs/remotes/origin/H220-web-de-resultados
end-workflow	Checkout code	2025-04-24T06:32:31.1062665Z 754a33aa9aacfba6142fb564de51a83c164bda91
end-workflow	Checkout code	2025-04-24T06:32:31.1074428Z [command]/usr/bin/git -c protocol.version=2 fetch --no-tags --prune --no-recurse-submodules origin +1295ca4b1698b102f659dc2deefbb43bba689aa5:refs/remotes/origin/H220-web-de-resultados
end-workflow	Checkout code	2025-04-24T06:32:31.1187520Z From https://github.com/Ka0s-Klaus/ka0s
end-workflow	Checkout code	2025-04-24T06:32:31.1189476Z  + 754a33aa...1295ca4b 1295ca4b1698b102f659dc2deefbb43bba689aa5 -> origin/H220-web-de-resultados  (forced update)
end-workflow	Checkout code	2025-04-24T06:32:31.1209230Z ##[endgroup]
end-workflow	Checkout code	2025-04-24T06:32:31.1210282Z ##[group]Determining the checkout info
end-workflow	Checkout code	2025-04-24T06:32:31.1211402Z ##[endgroup]
end-workflow	Checkout code	2025-04-24T06:32:31.1215050Z [command]/usr/bin/git sparse-checkout disable
end-workflow	Checkout code	2025-04-24T06:32:31.1258525Z [command]/usr/bin/git config --local --unset-all extensions.worktreeConfig
end-workflow	Checkout code	2025-04-24T06:32:31.1286337Z ##[group]Checking out the ref
end-workflow	Checkout code	2025-04-24T06:32:31.1291357Z [command]/usr/bin/git checkout --progress --force -B H220-web-de-resultados refs/remotes/origin/H220-web-de-resultados
end-workflow	Checkout code	2025-04-24T06:32:31.1412578Z Previous HEAD position was be628602 Merge a3bc0a3b22ff563f18298167baac7820b8b394ce into 18ea4b67b93c7437316b94dbb4cea6a5f232ab4d
end-workflow	Checkout code	2025-04-24T06:32:31.1416310Z Switched to a new branch 'H220-web-de-resultados'
end-workflow	Checkout code	2025-04-24T06:32:31.1418103Z branch 'H220-web-de-resultados' set up to track 'origin/H220-web-de-resultados'.
end-workflow	Checkout code	2025-04-24T06:32:31.1422767Z ##[endgroup]
end-workflow	Checkout code	2025-04-24T06:32:31.1460631Z [command]/usr/bin/git log -1 --format=%H
end-workflow	Checkout code	2025-04-24T06:32:31.1489778Z 1295ca4b1698b102f659dc2deefbb43bba689aa5
end-workflow	Finaliza el workflow	﻿2025-04-24T06:32:31.1671365Z ##[group]Run echo "End process"
end-workflow	Finaliza el workflow	2025-04-24T06:32:31.1672289Z [36;1mecho "End process"[0m
end-workflow	Finaliza el workflow	2025-04-24T06:32:31.1673788Z [36;1mRNNUMBER=$(echo "refs/heads/H220-web-de-resultados" | grep -o '[0-9]*')[0m
end-workflow	Finaliza el workflow	2025-04-24T06:32:31.1675596Z [36;1mgh issue comment $RNNUMBER --body "Se finaliza Ka0s 14634986264"[0m
end-workflow	Finaliza el workflow	2025-04-24T06:32:31.1677571Z [36;1mgh workflow run inspector.yml --ref 'main' -f kaos-issue-id=$RNNUMBER -f kaos-workflow-id="14634986264" -f kaos-user-start=""[0m
end-workflow	Finaliza el workflow	2025-04-24T06:32:31.1687038Z shell: /usr/bin/bash -e {0}
end-workflow	Finaliza el workflow	2025-04-24T06:32:31.1687828Z env:
end-workflow	Finaliza el workflow	2025-04-24T06:32:31.1688436Z   KAOS_CODE: 14634986264
end-workflow	Finaliza el workflow	2025-04-24T06:32:31.1689170Z   KAOS_EVENT_NAME: push
end-workflow	Finaliza el workflow	2025-04-24T06:32:31.1689885Z   KAOS_ACTION: 
end-workflow	Finaliza el workflow	2025-04-24T06:32:31.1690756Z   KAOS_REF: refs/heads/H220-web-de-resultados
end-workflow	Finaliza el workflow	2025-04-24T06:32:31.1691673Z   KAOS_MODULE: [Ka0S] kaos
end-workflow	Finaliza el workflow	2025-04-24T06:32:31.1692426Z   KAOS_PATH_RESUME: core/results/k/
end-workflow	Finaliza el workflow	2025-04-24T06:32:31.1693381Z   KAOS_JSON: core/results/k/event_data_
end-workflow	Finaliza el workflow	2025-04-24T06:32:31.1694423Z   KAOS_ACTOR: jorgecg646
end-workflow	Finaliza el workflow	2025-04-24T06:32:31.1695643Z   GH_TOKEN: ***
end-workflow	Finaliza el workflow	2025-04-24T06:32:31.1696257Z ##[endgroup]
end-workflow	Finaliza el workflow	2025-04-24T06:32:31.1740876Z End process
end-workflow	Finaliza el workflow	2025-04-24T06:32:32.2769868Z https://github.com/Ka0s-Klaus/ka0s/issues/220#issuecomment-2826525955
end-workflow	Post Checkout code	﻿2025-04-24T06:32:32.8976211Z Post job cleanup.
end-workflow	Post Checkout code	2025-04-24T06:32:32.9603596Z [command]/usr/bin/git version
end-workflow	Post Checkout code	2025-04-24T06:32:32.9630080Z git version 2.43.0
end-workflow	Post Checkout code	2025-04-24T06:32:32.9672244Z Copying '/home/kaos/.gitconfig' to '/actions-runner/_work/_temp/c8fc4486-c836-4828-a0a3-85aa1fafd8dc/.gitconfig'
end-workflow	Post Checkout code	2025-04-24T06:32:32.9684337Z Temporarily overriding HOME='/actions-runner/_work/_temp/c8fc4486-c836-4828-a0a3-85aa1fafd8dc' before making global git config changes
end-workflow	Post Checkout code	2025-04-24T06:32:32.9684884Z Adding repository directory to the temporary git global config as a safe directory
end-workflow	Post Checkout code	2025-04-24T06:32:32.9691104Z [command]/usr/bin/git config --global --add safe.directory /actions-runner/_work/ka0s/ka0s
end-workflow	Post Checkout code	2025-04-24T06:32:32.9787713Z [command]/usr/bin/git config --local --name-only --get-regexp core\.sshCommand
end-workflow	Post Checkout code	2025-04-24T06:32:32.9819369Z [command]/usr/bin/git submodule foreach --recursive sh -c "git config --local --name-only --get-regexp 'core\.sshCommand' && git config --local --unset-all 'core.sshCommand' || :"
end-workflow	Post Checkout code	2025-04-24T06:32:33.0050630Z [command]/usr/bin/git config --local --name-only --get-regexp http\.https\:\/\/github\.com\/\.extraheader
end-workflow	Post Checkout code	2025-04-24T06:32:33.0070633Z http.https://github.com/.extraheader
end-workflow	Post Checkout code	2025-04-24T06:32:33.0081743Z [command]/usr/bin/git config --local --unset-all http.https://github.com/.extraheader
end-workflow	Post Checkout code	2025-04-24T06:32:33.0107420Z [command]/usr/bin/git submodule foreach --recursive sh -c "git config --local --name-only --get-regexp 'http\.https\:\/\/github\.com\/\.extraheader' && git config --local --unset-all 'http.https://github.com/.extraheader' || :"
end-workflow	Complete job	﻿2025-04-24T06:32:33.0426721Z Cleaning up orphan processes
