job-core	Set up job	﻿2025-04-24T14:34:18.6250312Z Current runner version: '2.323.0'
job-core	Set up job	2025-04-24T14:34:18.6254752Z Runner name: 'ka0s-7'
job-core	Set up job	2025-04-24T14:34:18.6255325Z Machine name: '26a53205c9ac'
job-core	Set up job	2025-04-24T14:34:18.6256673Z ##[group]GITHUB_TOKEN Permissions
job-core	Set up job	2025-04-24T14:34:18.6258079Z Actions: write
job-core	Set up job	2025-04-24T14:34:18.6258379Z Metadata: read
job-core	Set up job	2025-04-24T14:34:18.6258661Z ##[endgroup]
job-core	Set up job	2025-04-24T14:34:18.6259897Z Secret source: Actions
job-core	Set up job	2025-04-24T14:34:18.6260271Z Prepare workflow directory
job-core	Set up job	2025-04-24T14:34:18.6628985Z Prepare all required actions
job-core	Set up job	2025-04-24T14:34:18.6655778Z Getting action download info
job-core	Set up job	2025-04-24T14:34:19.1556301Z Download action repository 'actions/checkout@v4' (SHA:11bd71901bbe5b1630ceea73d27597364c9af683)
job-core	Set up job	2025-04-24T14:34:19.9052824Z Complete job name: job-core
job-core	Checkout repository	﻿2025-04-24T14:34:19.9368727Z ##[group]Run actions/checkout@v4
job-core	Checkout repository	2025-04-24T14:34:19.9369277Z with:
job-core	Checkout repository	2025-04-24T14:34:19.9369569Z   fetch-depth: 0
job-core	Checkout repository	2025-04-24T14:34:19.9370038Z   token: ***
job-core	Checkout repository	2025-04-24T14:34:19.9370335Z   repository: Ka0s-Klaus/ka0s
job-core	Checkout repository	2025-04-24T14:34:19.9370670Z   ssh-strict: true
job-core	Checkout repository	2025-04-24T14:34:19.9370997Z   ssh-user: git
job-core	Checkout repository	2025-04-24T14:34:19.9371301Z   persist-credentials: true
job-core	Checkout repository	2025-04-24T14:34:19.9371626Z   clean: true
job-core	Checkout repository	2025-04-24T14:34:19.9371928Z   sparse-checkout-cone-mode: true
job-core	Checkout repository	2025-04-24T14:34:19.9372275Z   fetch-tags: false
job-core	Checkout repository	2025-04-24T14:34:19.9372574Z   show-progress: true
job-core	Checkout repository	2025-04-24T14:34:19.9372877Z   lfs: false
job-core	Checkout repository	2025-04-24T14:34:19.9373474Z   submodules: false
job-core	Checkout repository	2025-04-24T14:34:19.9373900Z   set-safe-directory: true
job-core	Checkout repository	2025-04-24T14:34:19.9374421Z env:
job-core	Checkout repository	2025-04-24T14:34:19.9374769Z   KAOS_CODE: 14644320558
job-core	Checkout repository	2025-04-24T14:34:19.9375191Z   KAOS_EVENT_NAME: workflow_dispatch
job-core	Checkout repository	2025-04-24T14:34:19.9375623Z   KAOS_ACTION: 
job-core	Checkout repository	2025-04-24T14:34:19.9375924Z   KAOS_REF: refs/heads/main
job-core	Checkout repository	2025-04-24T14:34:19.9376308Z   KAOS_MODULE: [Ka0S] Re-Run Failed Inspector Workflows
job-core	Checkout repository	2025-04-24T14:34:19.9376809Z   KAOS_PATH_SOURCE: core/outputs/w/kaos-workflows-runs.json
job-core	Checkout repository	2025-04-24T14:34:19.9377252Z   KAOS_PATH_RESUME: core/results/rr/
job-core	Checkout repository	2025-04-24T14:34:19.9377639Z   KAOS_ACTOR: ***
job-core	Checkout repository	2025-04-24T14:34:19.9377937Z ##[endgroup]
job-core	Checkout repository	2025-04-24T14:34:20.0086466Z Syncing repository: Ka0s-Klaus/ka0s
job-core	Checkout repository	2025-04-24T14:34:20.0087697Z ##[group]Getting Git version info
job-core	Checkout repository	2025-04-24T14:34:20.0088140Z Working directory is '/actions-runner/_work/ka0s/ka0s'
job-core	Checkout repository	2025-04-24T14:34:20.0088851Z [command]/usr/bin/git version
job-core	Checkout repository	2025-04-24T14:34:20.0089305Z git version 2.43.0
job-core	Checkout repository	2025-04-24T14:34:20.0093501Z ##[endgroup]
job-core	Checkout repository	2025-04-24T14:34:20.0103826Z Copying '/home/kaos/.gitconfig' to '/actions-runner/_work/_temp/67d0f8ec-5103-4161-ab50-8c1860403fe8/.gitconfig'
job-core	Checkout repository	2025-04-24T14:34:20.0113779Z Temporarily overriding HOME='/actions-runner/_work/_temp/67d0f8ec-5103-4161-ab50-8c1860403fe8' before making global git config changes
job-core	Checkout repository	2025-04-24T14:34:20.0114922Z Adding repository directory to the temporary git global config as a safe directory
job-core	Checkout repository	2025-04-24T14:34:20.0116407Z [command]/usr/bin/git config --global --add safe.directory /actions-runner/_work/ka0s/ka0s
job-core	Checkout repository	2025-04-24T14:34:20.0145557Z [command]/usr/bin/git config --local --get remote.origin.url
job-core	Checkout repository	2025-04-24T14:34:20.0165722Z https://github.com/Ka0s-Klaus/ka0s
job-core	Checkout repository	2025-04-24T14:34:20.0182501Z ##[group]Removing previously created refs, to avoid conflicts
job-core	Checkout repository	2025-04-24T14:34:20.0185381Z [command]/usr/bin/git rev-parse --symbolic-full-name --verify --quiet HEAD
job-core	Checkout repository	2025-04-24T14:34:20.0205089Z refs/heads/main
job-core	Checkout repository	2025-04-24T14:34:20.0212603Z [command]/usr/bin/git checkout --detach
job-core	Checkout repository	2025-04-24T14:34:20.0311958Z HEAD is now at 1ee1dbdf Merge pull request #1132 from Ka0s-Klaus/H220-web-de-resultados
job-core	Checkout repository	2025-04-24T14:34:20.0344229Z [command]/usr/bin/git branch --delete --force main
job-core	Checkout repository	2025-04-24T14:34:20.0375939Z Deleted branch main (was 1ee1dbdf).
job-core	Checkout repository	2025-04-24T14:34:20.0426094Z ##[endgroup]
job-core	Checkout repository	2025-04-24T14:34:20.0426934Z [command]/usr/bin/git submodule status
job-core	Checkout repository	2025-04-24T14:34:20.0656362Z ##[group]Cleaning the repository
job-core	Checkout repository	2025-04-24T14:34:20.0659912Z [command]/usr/bin/git clean -ffdx
job-core	Checkout repository	2025-04-24T14:34:20.0717621Z [command]/usr/bin/git reset --hard HEAD
job-core	Checkout repository	2025-04-24T14:34:20.0841553Z HEAD is now at 1ee1dbdf Merge pull request #1132 from Ka0s-Klaus/H220-web-de-resultados
job-core	Checkout repository	2025-04-24T14:34:20.0843639Z ##[endgroup]
job-core	Checkout repository	2025-04-24T14:34:20.0844245Z ##[group]Disabling automatic garbage collection
job-core	Checkout repository	2025-04-24T14:34:20.0849896Z [command]/usr/bin/git config --local gc.auto 0
job-core	Checkout repository	2025-04-24T14:34:20.0874611Z ##[endgroup]
job-core	Checkout repository	2025-04-24T14:34:20.0875350Z ##[group]Setting up auth
job-core	Checkout repository	2025-04-24T14:34:20.0883928Z [command]/usr/bin/git config --local --name-only --get-regexp core\.sshCommand
job-core	Checkout repository	2025-04-24T14:34:20.0910426Z [command]/usr/bin/git submodule foreach --recursive sh -c "git config --local --name-only --get-regexp 'core\.sshCommand' && git config --local --unset-all 'core.sshCommand' || :"
job-core	Checkout repository	2025-04-24T14:34:20.1123330Z [command]/usr/bin/git config --local --name-only --get-regexp http\.https\:\/\/github\.com\/\.extraheader
job-core	Checkout repository	2025-04-24T14:34:20.1147121Z [command]/usr/bin/git submodule foreach --recursive sh -c "git config --local --name-only --get-regexp 'http\.https\:\/\/github\.com\/\.extraheader' && git config --local --unset-all 'http.https://github.com/.extraheader' || :"
job-core	Checkout repository	2025-04-24T14:34:20.1380564Z [command]/usr/bin/git config --local http.https://github.com/.extraheader AUTHORIZATION: basic ***
job-core	Checkout repository	2025-04-24T14:34:20.1415600Z ##[endgroup]
job-core	Checkout repository	2025-04-24T14:34:20.1416247Z ##[group]Fetching the repository
job-core	Checkout repository	2025-04-24T14:34:20.1419747Z [command]/usr/bin/git -c protocol.version=2 fetch --prune --no-recurse-submodules origin +refs/heads/*:refs/remotes/origin/* +refs/tags/*:refs/tags/*
job-core	Checkout repository	2025-04-24T14:34:21.0169152Z From https://github.com/Ka0s-Klaus/ka0s
job-core	Checkout repository	2025-04-24T14:34:21.0170428Z    1ee1dbdf..daa90878  main       -> origin/main
job-core	Checkout repository	2025-04-24T14:34:21.0209111Z [command]/usr/bin/git branch --list --remote origin/main
job-core	Checkout repository	2025-04-24T14:34:21.0233587Z   origin/main
job-core	Checkout repository	2025-04-24T14:34:21.0241886Z [command]/usr/bin/git rev-parse refs/remotes/origin/main
job-core	Checkout repository	2025-04-24T14:34:21.0263873Z daa9087845c5bb8f5fb0c389af6d5da17e31e1bb
job-core	Checkout repository	2025-04-24T14:34:21.0267379Z ##[endgroup]
job-core	Checkout repository	2025-04-24T14:34:21.0268654Z ##[group]Determining the checkout info
job-core	Checkout repository	2025-04-24T14:34:21.0270041Z ##[endgroup]
job-core	Checkout repository	2025-04-24T14:34:21.0277636Z [command]/usr/bin/git sparse-checkout disable
job-core	Checkout repository	2025-04-24T14:34:21.0318259Z [command]/usr/bin/git config --local --unset-all extensions.worktreeConfig
job-core	Checkout repository	2025-04-24T14:34:21.0344329Z ##[group]Checking out the ref
job-core	Checkout repository	2025-04-24T14:34:21.0345955Z [command]/usr/bin/git checkout --progress --force -B main refs/remotes/origin/main
job-core	Checkout repository	2025-04-24T14:34:21.0504087Z Previous HEAD position was 1ee1dbdf Merge pull request #1132 from Ka0s-Klaus/H220-web-de-resultados
job-core	Checkout repository	2025-04-24T14:34:21.0506287Z Switched to a new branch 'main'
job-core	Checkout repository	2025-04-24T14:34:21.0507553Z branch 'main' set up to track 'origin/main'.
job-core	Checkout repository	2025-04-24T14:34:21.0511135Z ##[endgroup]
job-core	Checkout repository	2025-04-24T14:34:21.0550259Z [command]/usr/bin/git log -1 --format=%H
job-core	Checkout repository	2025-04-24T14:34:21.0578741Z daa9087845c5bb8f5fb0c389af6d5da17e31e1bb
job-core	Get failed workflow runs for inspector.yml	﻿2025-04-24T14:34:21.0793854Z ##[group]Run failed_runs=$(jq -r '.[] | select(.name == "Ka0s Inspector" and .conclusion == "failure") | .id' core/outputs/w/kaos-workflows-runs.json | tr '\n' ' ')
job-core	Get failed workflow runs for inspector.yml	2025-04-24T14:34:21.0797081Z [36;1mfailed_runs=$(jq -r '.[] | select(.name == "Ka0s Inspector" and .conclusion == "failure") | .id' core/outputs/w/kaos-workflows-runs.json | tr '\n' ' ')[0m
job-core	Get failed workflow runs for inspector.yml	2025-04-24T14:34:21.0799029Z [36;1mecho "Failed runs: $failed_runs"[0m
job-core	Get failed workflow runs for inspector.yml	2025-04-24T14:34:21.0800083Z [36;1mecho "::set-output name=failed_runs::${failed_runs}"[0m
job-core	Get failed workflow runs for inspector.yml	2025-04-24T14:34:21.0808903Z shell: /usr/bin/bash -e {0}
job-core	Get failed workflow runs for inspector.yml	2025-04-24T14:34:21.0809674Z env:
job-core	Get failed workflow runs for inspector.yml	2025-04-24T14:34:21.0810261Z   KAOS_CODE: 14644320558
job-core	Get failed workflow runs for inspector.yml	2025-04-24T14:34:21.0810987Z   KAOS_EVENT_NAME: workflow_dispatch
job-core	Get failed workflow runs for inspector.yml	2025-04-24T14:34:21.0811802Z   KAOS_ACTION: 
job-core	Get failed workflow runs for inspector.yml	2025-04-24T14:34:21.0812444Z   KAOS_REF: refs/heads/main
job-core	Get failed workflow runs for inspector.yml	2025-04-24T14:34:21.0813364Z   KAOS_MODULE: [Ka0S] Re-Run Failed Inspector Workflows
job-core	Get failed workflow runs for inspector.yml	2025-04-24T14:34:21.0814753Z   KAOS_PATH_SOURCE: core/outputs/w/kaos-workflows-runs.json
job-core	Get failed workflow runs for inspector.yml	2025-04-24T14:34:21.0815898Z   KAOS_PATH_RESUME: core/results/rr/
job-core	Get failed workflow runs for inspector.yml	2025-04-24T14:34:21.0816871Z   KAOS_ACTOR: ***
job-core	Get failed workflow runs for inspector.yml	2025-04-24T14:34:21.0817714Z   GH_TOKEN: ***
job-core	Get failed workflow runs for inspector.yml	2025-04-24T14:34:21.0818341Z ##[endgroup]
job-core	Get failed workflow runs for inspector.yml	2025-04-24T14:34:21.1388492Z Failed runs: 14639662211 14637411573 14637331177 14637199411 14635438424 14635005298 14634978411 14616952632 14616785373 14597790417 14597777415 14597674450 14443712022 14400868199 14399606006 14374957328 14366198227 14360214639 14360193338 14358469587 14354759911 14350135070 14350121791 14327149728 14327143212 14312805606 14312265605 14311936287 14311727830 14311671493 14310884392 14307632300 14307603304 14307424186 14307194644 14307116884 14307099437 14245880603 14240824649 14240154431 14239415392 14238590997 14238439867 14238288695 14217714119 14217709523 14217662296 14216881791 14216351882 14216341231 14216329451 14216155695 14214234688 14214173142 14213862715 14213526080 14192622028 13526685864 13526535679 13520220898 13520173145 13520126414 13519918783 13519742881 13519713058 13518498573 13518289485 13517991634 13517787702 13456851033 13456685940 13456511714 13456422702 13456214155 13456042511 13455755677 13455596707 13455565681 13455462830 13455413049 13455375582 13455366438 13454978228 13454718867 13454648818 13453865764 13453725590 13453510991 13453000625 13452974848 13452827212 13452769619 13435269876 13435214399 13435009424 13434911708 13434618902 13434427293 13434006906 13433657343 13433514097 13433360001 13417971766 13417756488 13417495864 13417071264 13416748091 13416441369 13416342672 13416302888 13415955826 13415831172 13415389089 13414954861 13413490319 13413351568 13413166992 13412621263 13412548274 13412501549 13412402801 13412160966 13411869624 13411782720 13411714266 13411599405 13411313464 13410140056 13409981856 13408332908 13408224205 13408158521 13407957564 13407842089 13396321493 13396144327 13396031534 13395939841 13395899868 13395892336 13395259979 13395111096 13390326966 13390250656 13390172374 13390020386 13389757457 13389571245 13389528347 13389406951 13389320703 13389250470 13389237793 13389017129 13388886939 13388586289 13370488425 13370380363 13370192694 13369894175 13369488229 13367579874 13367550942 13367447422 13367322058 13367268423 13367177574 13367138265 13367047025 13366945356 13366862411 13366752132 13366339650 13345644886 13329757499 13329624405 13329562153 13329371252 13329283381 13327840166 13327350482 13327249485 13327132364 13326403576 13325505614 13309707288 13309570741 13303505568 13245913624 13245782056 13245665323 13245348859 13244064437 13243913323 13243731360 13243055626 13242958593 13242709182 13242343874 13242120341 13241810905 13241599057 13241481481 13241367326 13241059967 13239422185 13239400844 13183801389 13179251736 13179081992 13175435329 13175212754 13153219191 13140617433 13140408225 13140362428 13140358046 13140292574 13140267659 13140246878 13140177438 13140105140 13140072021 13139889627 13139602458 
job-core	Get failed workflow runs for inspector.yml	2025-04-24T14:34:21.1428526Z ##[warning]The `set-output` command is deprecated and will be disabled soon. Please upgrade to using Environment Files. For more information see: https://github.blog/changelog/2022-10-11-github-actions-deprecating-save-state-and-set-output-commands/
job-core	Re-run failed workflows	﻿2025-04-24T14:34:21.1573712Z ##[group]Run for run_id in 14639662211 14637411573 14637331177 14637199411 14635438424 14635005298 14634978411 14616952632 14616785373 14597790417 14597777415 14597674450 14443712022 14400868199 14399606006 14374957328 14366198227 14360214639 14360193338 14358469587 14354759911 14350135070 14350121791 14327149728 14327143212 14312805606 14312265605 14311936287 14311727830 14311671493 14310884392 14307632300 14307603304 14307424186 14307194644 14307116884 14307099437 14245880603 14240824649 14240154431 14239415392 14238590997 14238439867 14238288695 14217714119 14217709523 14217662296 14216881791 14216351882 14216341231 14216329451 14216155695 14214234688 14214173142 14213862715 14213526080 14192622028 13526685864 13526535679 13520220898 13520173145 13520126414 13519918783 13519742881 13519713058 13518498573 13518289485 13517991634 13517787702 13456851033 13456685940 13456511714 13456422702 13456214155 13456042511 13455755677 13455596707 13455565681 13455462830 13455413049 13455375582 13455366438 13454978228 13454718867 13454648818 13453865764 13453725590 13453510991 13453000625 13452974848 13452827212 13452769619 13435269876 13435214399 13435009424 13434911708 13434618902 13434427293 13434006906 13433657343 13433514097 13433360001 13417971766 13417756488 13417495864 13417071264 13416748091 13416441369 13416342672 13416302888 13415955826 13415831172 13415389089 13414954861 13413490319 13413351568 13413166992 13412621263 13412548274 13412501549 13412402801 13412160966 13411869624 13411782720 13411714266 13411599405 13411313464 13410140056 13409981856 13408332908 13408224205 13408158521 13407957564 13407842089 13396321493 13396144327 13396031534 13395939841 13395899868 13395892336 13395259979 13395111096 13390326966 13390250656 13390172374 13390020386 13389757457 13389571245 13389528347 13389406951 13389320703 13389250470 13389237793 13389017129 13388886939 13388586289 13370488425 13370380363 13370192694 13369894175 13369488229 13367579874 13367550942 13367447422 13367322058 13367268423 13367177574 13367138265 13367047025 13366945356 13366862411 13366752132 13366339650 13345644886 13329757499 13329624405 13329562153 13329371252 13329283381 13327840166 13327350482 13327249485 13327132364 13326403576 13325505614 13309707288 13309570741 13303505568 13245913624 13245782056 13245665323 13245348859 13244064437 13243913323 13243731360 13243055626 13242958593 13242709182 13242343874 13242120341 13241810905 13241599057 13241481481 13241367326 13241059967 13239422185 13239400844 13183801389 13179251736 13179081992 13175435329 13175212754 13153219191 13140617433 13140408225 13140362428 13140358046 13140292574 13140267659 13140246878 13140177438 13140105140 13140072021 13139889627 13139602458 ; do
job-core	Re-run failed workflows	2025-04-24T14:34:21.1613392Z [36;1mfor run_id in 14639662211 14637411573 14637331177 14637199411 14635438424 14635005298 14634978411 14616952632 14616785373 14597790417 14597777415 14597674450 14443712022 14400868199 14399606006 14374957328 14366198227 14360214639 14360193338 14358469587 14354759911 14350135070 14350121791 14327149728 14327143212 14312805606 14312265605 14311936287 14311727830 14311671493 14310884392 14307632300 14307603304 14307424186 14307194644 14307116884 14307099437 14245880603 14240824649 14240154431 14239415392 14238590997 14238439867 14238288695 14217714119 14217709523 14217662296 14216881791 14216351882 14216341231 14216329451 14216155695 14214234688 14214173142 14213862715 14213526080 14192622028 13526685864 13526535679 13520220898 13520173145 13520126414 13519918783 13519742881 13519713058 13518498573 13518289485 13517991634 13517787702 13456851033 13456685940 13456511714 13456422702 13456214155 13456042511 13455755677 13455596707 13455565681 13455462830 13455413049 13455375582 13455366438 13454978228 13454718867 13454648818 13453865764 13453725590 13453510991 13453000625 13452974848 13452827212 13452769619 13435269876 13435214399 13435009424 13434911708 13434618902 13434427293 13434006906 13433657343 13433514097 13433360001 13417971766 13417756488 13417495864 13417071264 13416748091 13416441369 13416342672 13416302888 13415955826 13415831172 13415389089 13414954861 13413490319 13413351568 13413166992 13412621263 13412548274 13412501549 13412402801 13412160966 13411869624 13411782720 13411714266 13411599405 13411313464 13410140056 13409981856 13408332908 13408224205 13408158521 13407957564 13407842089 13396321493 13396144327 13396031534 13395939841 13395899868 13395892336 13395259979 13395111096 13390326966 13390250656 13390172374 13390020386 13389757457 13389571245 13389528347 13389406951 13389320703 13389250470 13389237793 13389017129 13388886939 13388586289 13370488425 13370380363 13370192694 13369894175 13369488229 13367579874 13367550942 13367447422 13367322058 13367268423 13367177574 13367138265 13367047025 13366945356 13366862411 13366752132 13366339650 13345644886 13329757499 13329624405 13329562153 13329371252 13329283381 13327840166 13327350482 13327249485 13327132364 13326403576 13325505614 13309707288 13309570741 13303505568 13245913624 13245782056 13245665323 13245348859 13244064437 13243913323 13243731360 13243055626 13242958593 13242709182 13242343874 13242120341 13241810905 13241599057 13241481481 13241367326 13241059967 13239422185 13239400844 13183801389 13179251736 13179081992 13175435329 13175212754 13153219191 13140617433 13140408225 13140362428 13140358046 13140292574 13140267659 13140246878 13140177438 13140105140 13140072021 13139889627 13139602458 ; do[0m
job-core	Re-run failed workflows	2025-04-24T14:34:21.1633436Z [36;1m  echo "Re-running: workflow $run_id" >> core/results/rr/14644320558_resume_reruns_inspector.log[0m
job-core	Re-run failed workflows	2025-04-24T14:34:21.1634644Z [36;1m  if ! gh run rerun $run_id --failed; then[0m
job-core	Re-run failed workflows	2025-04-24T14:34:21.1635807Z [36;1m    echo "Failed: to rerun job $run_id" >> core/results/rr/14644320558_resume_reruns_inspector.log[0m
job-core	Re-run failed workflows	2025-04-24T14:34:21.1637822Z [36;1m    # gh issue create --title "Failed to rerun job $file" --body "Failed to automatically rerun job $file which contained error patterns. Please investigate manually."[0m
job-core	Re-run failed workflows	2025-04-24T14:34:21.1639423Z [36;1m  else[0m
job-core	Re-run failed workflows	2025-04-24T14:34:21.1640418Z [36;1m    echo "Successfully: rerun job $run_id" >> core/results/rr/14644320558_resume_reruns_inspector.log[0m
job-core	Re-run failed workflows	2025-04-24T14:34:21.1642247Z [36;1m    # gh issue create --title "Successfully rerun job $file" --body "Job $file was successfully rerun after detecting error patterns."[0m
job-core	Re-run failed workflows	2025-04-24T14:34:21.1643630Z [36;1m  fi[0m
job-core	Re-run failed workflows	2025-04-24T14:34:21.1644160Z [36;1mdone[0m
job-core	Re-run failed workflows	2025-04-24T14:34:21.1649274Z shell: /usr/bin/bash -e {0}
job-core	Re-run failed workflows	2025-04-24T14:34:21.1649911Z env:
job-core	Re-run failed workflows	2025-04-24T14:34:21.1650436Z   KAOS_CODE: 14644320558
job-core	Re-run failed workflows	2025-04-24T14:34:21.1651092Z   KAOS_EVENT_NAME: workflow_dispatch
job-core	Re-run failed workflows	2025-04-24T14:34:21.1651784Z   KAOS_ACTION: 
job-core	Re-run failed workflows	2025-04-24T14:34:21.1652444Z   KAOS_REF: refs/heads/main
job-core	Re-run failed workflows	2025-04-24T14:34:21.1653184Z   KAOS_MODULE: [Ka0S] Re-Run Failed Inspector Workflows
job-core	Re-run failed workflows	2025-04-24T14:34:21.1654226Z   KAOS_PATH_SOURCE: core/outputs/w/kaos-workflows-runs.json
job-core	Re-run failed workflows	2025-04-24T14:34:21.1655081Z   KAOS_PATH_RESUME: core/results/rr/
job-core	Re-run failed workflows	2025-04-24T14:34:21.1655849Z   KAOS_ACTOR: ***
job-core	Re-run failed workflows	2025-04-24T14:34:21.1656581Z   GH_TOKEN: ***
job-core	Re-run failed workflows	2025-04-24T14:34:21.1657130Z ##[endgroup]
job-core	Re-run failed workflows	2025-04-24T14:34:22.0870102Z run 14639662211 cannot be rerun; its workflow file may be broken
job-core	Re-run failed workflows	2025-04-24T14:34:22.8968509Z run 14637411573 cannot be rerun; its workflow file may be broken
job-core	Re-run failed workflows	2025-04-24T14:34:25.8002039Z run 14635438424 cannot be rerun; its workflow file may be broken
job-core	Re-run failed workflows	2025-04-24T14:34:26.6210618Z run 14635005298 cannot be rerun; its workflow file may be broken
job-core	Re-run failed workflows	2025-04-24T14:34:27.5407445Z run 14634978411 cannot be rerun; its workflow file may be broken
job-core	Re-run failed workflows	2025-04-24T14:34:28.3639376Z run 14616952632 cannot be rerun; its workflow file may be broken
job-core	Re-run failed workflows	2025-04-24T14:34:36.5791753Z run 14366198227 cannot be rerun; its workflow file may be broken
job-core	Re-run failed workflows	2025-04-24T14:35:03.0248025Z run 14217709523 cannot be rerun; its workflow file may be broken
job-core	Re-run failed workflows	2025-04-24T14:35:14.2492704Z run 13526685864 cannot be rerun; its workflow file may be broken
job-core	Re-run failed workflows	2025-04-24T14:35:14.9673030Z run 13526535679 cannot be rerun; its workflow file may be broken
job-core	Re-run failed workflows	2025-04-24T14:35:15.7978788Z run 13520220898 cannot be rerun; its workflow file may be broken
job-core	Re-run failed workflows	2025-04-24T14:35:16.6659626Z run 13520173145 cannot be rerun; its workflow file may be broken
job-core	Re-run failed workflows	2025-04-24T14:35:17.6913673Z run 13520126414 cannot be rerun; its workflow file may be broken
job-core	Re-run failed workflows	2025-04-24T14:35:18.4738933Z run 13519918783 cannot be rerun; its workflow file may be broken
job-core	Re-run failed workflows	2025-04-24T14:35:19.2692425Z run 13519742881 cannot be rerun; its workflow file may be broken
job-core	Re-run failed workflows	2025-04-24T14:35:20.1492019Z run 13519713058 cannot be rerun; its workflow file may be broken
job-core	Re-run failed workflows	2025-04-24T14:35:20.9669248Z run 13518498573 cannot be rerun; its workflow file may be broken
job-core	Re-run failed workflows	2025-04-24T14:35:21.7928909Z run 13518289485 cannot be rerun; its workflow file may be broken
job-core	Re-run failed workflows	2025-04-24T14:35:22.6297453Z run 13517991634 cannot be rerun; its workflow file may be broken
job-core	Re-run failed workflows	2025-04-24T14:35:23.4789728Z run 13517787702 cannot be rerun; its workflow file may be broken
job-core	Re-run failed workflows	2025-04-24T14:35:24.2836455Z run 13456851033 cannot be rerun; its workflow file may be broken
job-core	Re-run failed workflows	2025-04-24T14:35:25.1810332Z run 13456685940 cannot be rerun; its workflow file may be broken
job-core	Re-run failed workflows	2025-04-24T14:35:25.9685617Z run 13456511714 cannot be rerun; its workflow file may be broken
job-core	Re-run failed workflows	2025-04-24T14:35:26.7790425Z run 13456422702 cannot be rerun; its workflow file may be broken
job-core	Re-run failed workflows	2025-04-24T14:35:27.5802328Z run 13456214155 cannot be rerun; its workflow file may be broken
job-core	Re-run failed workflows	2025-04-24T14:35:28.4014800Z run 13456042511 cannot be rerun; its workflow file may be broken
job-core	Re-run failed workflows	2025-04-24T14:35:29.1643073Z run 13455755677 cannot be rerun; its workflow file may be broken
job-core	Re-run failed workflows	2025-04-24T14:35:29.9128490Z run 13455596707 cannot be rerun; its workflow file may be broken
job-core	Re-run failed workflows	2025-04-24T14:35:30.6961358Z run 13455565681 cannot be rerun; its workflow file may be broken
job-core	Re-run failed workflows	2025-04-24T14:35:31.6007261Z run 13455462830 cannot be rerun; its workflow file may be broken
job-core	Re-run failed workflows	2025-04-24T14:35:32.3393363Z run 13455413049 cannot be rerun; its workflow file may be broken
job-core	Re-run failed workflows	2025-04-24T14:35:33.1243618Z run 13455375582 cannot be rerun; its workflow file may be broken
job-core	Re-run failed workflows	2025-04-24T14:35:34.2421657Z run 13455366438 cannot be rerun; its workflow file may be broken
job-core	Re-run failed workflows	2025-04-24T14:35:35.0921743Z run 13454978228 cannot be rerun; its workflow file may be broken
job-core	Re-run failed workflows	2025-04-24T14:35:35.8379256Z run 13454718867 cannot be rerun; its workflow file may be broken
job-core	Re-run failed workflows	2025-04-24T14:35:36.5846163Z run 13454648818 cannot be rerun; its workflow file may be broken
job-core	Re-run failed workflows	2025-04-24T14:35:37.3949572Z run 13453865764 cannot be rerun; its workflow file may be broken
job-core	Re-run failed workflows	2025-04-24T14:35:38.1943022Z run 13453725590 cannot be rerun; its workflow file may be broken
job-core	Re-run failed workflows	2025-04-24T14:35:38.9476122Z run 13453510991 cannot be rerun; its workflow file may be broken
job-core	Re-run failed workflows	2025-04-24T14:35:39.6888890Z run 13453000625 cannot be rerun; its workflow file may be broken
job-core	Re-run failed workflows	2025-04-24T14:35:40.4976665Z run 13452974848 cannot be rerun; its workflow file may be broken
job-core	Re-run failed workflows	2025-04-24T14:35:41.2573701Z run 13452827212 cannot be rerun; its workflow file may be broken
job-core	Re-run failed workflows	2025-04-24T14:35:42.0630921Z run 13452769619 cannot be rerun; its workflow file may be broken
job-core	Re-run failed workflows	2025-04-24T14:35:42.8248418Z run 13435269876 cannot be rerun; its workflow file may be broken
job-core	Re-run failed workflows	2025-04-24T14:35:43.6793525Z run 13435214399 cannot be rerun; its workflow file may be broken
job-core	Re-run failed workflows	2025-04-24T14:35:44.5328540Z run 13435009424 cannot be rerun; its workflow file may be broken
job-core	Re-run failed workflows	2025-04-24T14:35:45.4694528Z run 13434911708 cannot be rerun; its workflow file may be broken
job-core	Re-run failed workflows	2025-04-24T14:35:46.3098889Z run 13434618902 cannot be rerun; its workflow file may be broken
job-core	Re-run failed workflows	2025-04-24T14:35:47.0891968Z run 13434427293 cannot be rerun; its workflow file may be broken
job-core	Re-run failed workflows	2025-04-24T14:35:47.9024065Z run 13434006906 cannot be rerun; its workflow file may be broken
job-core	Re-run failed workflows	2025-04-24T14:35:48.6673518Z run 13433657343 cannot be rerun; its workflow file may be broken
job-core	Re-run failed workflows	2025-04-24T14:35:49.4688720Z run 13433514097 cannot be rerun; its workflow file may be broken
job-core	Re-run failed workflows	2025-04-24T14:35:50.4450726Z run 13433360001 cannot be rerun; its workflow file may be broken
job-core	Re-run failed workflows	2025-04-24T14:35:51.2589008Z run 13417971766 cannot be rerun; its workflow file may be broken
job-core	Re-run failed workflows	2025-04-24T14:35:52.0561925Z run 13417756488 cannot be rerun; its workflow file may be broken
job-core	Re-run failed workflows	2025-04-24T14:35:52.7842788Z run 13417495864 cannot be rerun; its workflow file may be broken
job-core	Re-run failed workflows	2025-04-24T14:35:53.5735289Z run 13417071264 cannot be rerun; its workflow file may be broken
job-core	Re-run failed workflows	2025-04-24T14:35:54.4121111Z run 13416748091 cannot be rerun; its workflow file may be broken
job-core	Re-run failed workflows	2025-04-24T14:35:55.2720175Z run 13416441369 cannot be rerun; its workflow file may be broken
job-core	Re-run failed workflows	2025-04-24T14:35:56.1308163Z run 13416342672 cannot be rerun; its workflow file may be broken
job-core	Re-run failed workflows	2025-04-24T14:35:56.8838735Z run 13416302888 cannot be rerun; its workflow file may be broken
job-core	Re-run failed workflows	2025-04-24T14:35:57.6543509Z run 13415955826 cannot be rerun; its workflow file may be broken
job-core	Re-run failed workflows	2025-04-24T14:35:58.3924509Z run 13415831172 cannot be rerun; its workflow file may be broken
job-core	Re-run failed workflows	2025-04-24T14:35:59.2590451Z run 13415389089 cannot be rerun; its workflow file may be broken
job-core	Re-run failed workflows	2025-04-24T14:36:00.0355545Z run 13414954861 cannot be rerun; its workflow file may be broken
job-core	Re-run failed workflows	2025-04-24T14:36:00.8103693Z run 13413490319 cannot be rerun; its workflow file may be broken
job-core	Re-run failed workflows	2025-04-24T14:36:01.5870634Z run 13413351568 cannot be rerun; its workflow file may be broken
job-core	Re-run failed workflows	2025-04-24T14:36:02.3529820Z run 13413166992 cannot be rerun; its workflow file may be broken
job-core	Re-run failed workflows	2025-04-24T14:36:03.1926739Z run 13412621263 cannot be rerun; its workflow file may be broken
job-core	Re-run failed workflows	2025-04-24T14:36:04.0047250Z run 13412548274 cannot be rerun; its workflow file may be broken
job-core	Re-run failed workflows	2025-04-24T14:36:04.8099843Z run 13412501549 cannot be rerun; its workflow file may be broken
job-core	Re-run failed workflows	2025-04-24T14:36:05.6743809Z run 13412402801 cannot be rerun; its workflow file may be broken
job-core	Re-run failed workflows	2025-04-24T14:36:06.5323821Z run 13412160966 cannot be rerun; its workflow file may be broken
job-core	Re-run failed workflows	2025-04-24T14:36:07.3019068Z run 13411869624 cannot be rerun; its workflow file may be broken
job-core	Re-run failed workflows	2025-04-24T14:36:08.0502680Z run 13411782720 cannot be rerun; its workflow file may be broken
job-core	Re-run failed workflows	2025-04-24T14:36:08.8540199Z run 13411714266 cannot be rerun; its workflow file may be broken
job-core	Re-run failed workflows	2025-04-24T14:36:09.6205800Z run 13411599405 cannot be rerun; its workflow file may be broken
job-core	Re-run failed workflows	2025-04-24T14:36:10.5198035Z run 13411313464 cannot be rerun; its workflow file may be broken
job-core	Re-run failed workflows	2025-04-24T14:36:11.3578996Z run 13410140056 cannot be rerun; its workflow file may be broken
job-core	Re-run failed workflows	2025-04-24T14:36:12.1696594Z run 13409981856 cannot be rerun; its workflow file may be broken
job-core	Re-run failed workflows	2025-04-24T14:36:12.9285534Z run 13408332908 cannot be rerun; its workflow file may be broken
job-core	Re-run failed workflows	2025-04-24T14:36:13.7407631Z run 13408224205 cannot be rerun; its workflow file may be broken
job-core	Re-run failed workflows	2025-04-24T14:36:14.6262236Z run 13408158521 cannot be rerun; its workflow file may be broken
job-core	Re-run failed workflows	2025-04-24T14:36:15.4135337Z run 13407957564 cannot be rerun; its workflow file may be broken
job-core	Re-run failed workflows	2025-04-24T14:36:16.2526617Z run 13407842089 cannot be rerun; its workflow file may be broken
job-core	Re-run failed workflows	2025-04-24T14:36:17.1507172Z run 13396321493 cannot be rerun; its workflow file may be broken
job-core	Re-run failed workflows	2025-04-24T14:36:18.0039682Z run 13396144327 cannot be rerun; its workflow file may be broken
job-core	Re-run failed workflows	2025-04-24T14:36:18.8728796Z run 13396031534 cannot be rerun; its workflow file may be broken
job-core	Re-run failed workflows	2025-04-24T14:36:19.6787375Z run 13395939841 cannot be rerun; its workflow file may be broken
job-core	Re-run failed workflows	2025-04-24T14:36:20.4744407Z run 13395899868 cannot be rerun; its workflow file may be broken
job-core	Re-run failed workflows	2025-04-24T14:36:21.2421358Z run 13395892336 cannot be rerun; its workflow file may be broken
job-core	Re-run failed workflows	2025-04-24T14:36:22.0465092Z run 13395259979 cannot be rerun; its workflow file may be broken
job-core	Re-run failed workflows	2025-04-24T14:36:22.7969745Z run 13395111096 cannot be rerun; its workflow file may be broken
job-core	Re-run failed workflows	2025-04-24T14:36:23.6255282Z run 13390326966 cannot be rerun; its workflow file may be broken
job-core	Re-run failed workflows	2025-04-24T14:36:24.4963004Z run 13390250656 cannot be rerun; its workflow file may be broken
job-core	Re-run failed workflows	2025-04-24T14:36:25.3192238Z run 13390172374 cannot be rerun; its workflow file may be broken
job-core	Re-run failed workflows	2025-04-24T14:36:26.0633829Z run 13390020386 cannot be rerun; its workflow file may be broken
job-core	Re-run failed workflows	2025-04-24T14:36:26.8309268Z run 13389757457 cannot be rerun; its workflow file may be broken
job-core	Re-run failed workflows	2025-04-24T14:36:27.6659281Z run 13389571245 cannot be rerun; its workflow file may be broken
job-core	Re-run failed workflows	2025-04-24T14:36:28.4204676Z run 13389528347 cannot be rerun; its workflow file may be broken
job-core	Re-run failed workflows	2025-04-24T14:36:29.2616091Z run 13389406951 cannot be rerun; its workflow file may be broken
job-core	Re-run failed workflows	2025-04-24T14:36:30.0197342Z run 13389320703 cannot be rerun; its workflow file may be broken
job-core	Re-run failed workflows	2025-04-24T14:36:30.8118940Z run 13389250470 cannot be rerun; its workflow file may be broken
job-core	Re-run failed workflows	2025-04-24T14:36:31.5987377Z run 13389237793 cannot be rerun; its workflow file may be broken
job-core	Re-run failed workflows	2025-04-24T14:36:32.3549583Z run 13389017129 cannot be rerun; its workflow file may be broken
job-core	Re-run failed workflows	2025-04-24T14:36:33.1618848Z run 13388886939 cannot be rerun; its workflow file may be broken
job-core	Re-run failed workflows	2025-04-24T14:36:34.0170372Z run 13388586289 cannot be rerun; its workflow file may be broken
job-core	Re-run failed workflows	2025-04-24T14:36:34.8359546Z run 13370488425 cannot be rerun; its workflow file may be broken
job-core	Re-run failed workflows	2025-04-24T14:36:35.5502826Z run 13370380363 cannot be rerun; its workflow file may be broken
job-core	Re-run failed workflows	2025-04-24T14:36:36.3333537Z run 13370192694 cannot be rerun; its workflow file may be broken
job-core	Re-run failed workflows	2025-04-24T14:36:37.1098167Z run 13369894175 cannot be rerun; its workflow file may be broken
job-core	Re-run failed workflows	2025-04-24T14:36:37.9735167Z run 13369488229 cannot be rerun; its workflow file may be broken
job-core	Re-run failed workflows	2025-04-24T14:36:38.7788645Z run 13367579874 cannot be rerun; its workflow file may be broken
job-core	Re-run failed workflows	2025-04-24T14:36:39.5853970Z run 13367550942 cannot be rerun; its workflow file may be broken
job-core	Re-run failed workflows	2025-04-24T14:36:40.3590455Z run 13367447422 cannot be rerun; its workflow file may be broken
job-core	Re-run failed workflows	2025-04-24T14:36:41.2135449Z run 13367322058 cannot be rerun; its workflow file may be broken
job-core	Re-run failed workflows	2025-04-24T14:36:42.0717831Z run 13367268423 cannot be rerun; its workflow file may be broken
job-core	Re-run failed workflows	2025-04-24T14:36:42.8896446Z run 13367177574 cannot be rerun; its workflow file may be broken
job-core	Re-run failed workflows	2025-04-24T14:36:43.6558242Z run 13367138265 cannot be rerun; its workflow file may be broken
job-core	Re-run failed workflows	2025-04-24T14:36:44.4036278Z run 13367047025 cannot be rerun; its workflow file may be broken
job-core	Re-run failed workflows	2025-04-24T14:36:45.2428922Z run 13366945356 cannot be rerun; its workflow file may be broken
job-core	Re-run failed workflows	2025-04-24T14:36:46.0715918Z run 13366862411 cannot be rerun; its workflow file may be broken
job-core	Re-run failed workflows	2025-04-24T14:36:46.8845178Z run 13366752132 cannot be rerun; its workflow file may be broken
job-core	Re-run failed workflows	2025-04-24T14:36:48.0129859Z run 13366339650 cannot be rerun; its workflow file may be broken
job-core	Re-run failed workflows	2025-04-24T14:36:48.7695417Z run 13345644886 cannot be rerun; its workflow file may be broken
job-core	Re-run failed workflows	2025-04-24T14:36:49.5599274Z run 13329757499 cannot be rerun; its workflow file may be broken
job-core	Re-run failed workflows	2025-04-24T14:36:50.3009383Z run 13329624405 cannot be rerun; its workflow file may be broken
job-core	Re-run failed workflows	2025-04-24T14:36:51.0940569Z run 13329562153 cannot be rerun; its workflow file may be broken
job-core	Re-run failed workflows	2025-04-24T14:36:51.9024961Z run 13329371252 cannot be rerun; its workflow file may be broken
job-core	Re-run failed workflows	2025-04-24T14:36:52.7047154Z run 13329283381 cannot be rerun; its workflow file may be broken
job-core	Re-run failed workflows	2025-04-24T14:36:53.5595926Z run 13327840166 cannot be rerun; its workflow file may be broken
job-core	Re-run failed workflows	2025-04-24T14:36:54.3840345Z run 13327350482 cannot be rerun; its workflow file may be broken
job-core	Re-run failed workflows	2025-04-24T14:36:55.1471634Z run 13327249485 cannot be rerun; its workflow file may be broken
job-core	Re-run failed workflows	2025-04-24T14:36:55.9958347Z run 13327132364 cannot be rerun; its workflow file may be broken
job-core	Re-run failed workflows	2025-04-24T14:36:56.7493447Z run 13326403576 cannot be rerun; its workflow file may be broken
job-core	Re-run failed workflows	2025-04-24T14:36:57.5694279Z run 13325505614 cannot be rerun; its workflow file may be broken
job-core	Re-run failed workflows	2025-04-24T14:36:58.4486886Z run 13309707288 cannot be rerun; its workflow file may be broken
job-core	Re-run failed workflows	2025-04-24T14:36:59.1568687Z run 13309570741 cannot be rerun; its workflow file may be broken
job-core	Re-run failed workflows	2025-04-24T14:36:59.9210083Z run 13303505568 cannot be rerun; its workflow file may be broken
job-core	Re-run failed workflows	2025-04-24T14:37:00.7267370Z run 13245913624 cannot be rerun; its workflow file may be broken
job-core	Re-run failed workflows	2025-04-24T14:37:01.4911030Z run 13245782056 cannot be rerun; its workflow file may be broken
job-core	Re-run failed workflows	2025-04-24T14:37:02.2717806Z run 13245665323 cannot be rerun; its workflow file may be broken
job-core	Re-run failed workflows	2025-04-24T14:37:03.0253647Z run 13245348859 cannot be rerun; its workflow file may be broken
job-core	Re-run failed workflows	2025-04-24T14:37:03.8040545Z run 13244064437 cannot be rerun; its workflow file may be broken
job-core	Re-run failed workflows	2025-04-24T14:37:04.6225502Z run 13243913323 cannot be rerun; its workflow file may be broken
job-core	Re-run failed workflows	2025-04-24T14:37:05.4244222Z run 13243731360 cannot be rerun; its workflow file may be broken
job-core	Re-run failed workflows	2025-04-24T14:37:06.1901864Z run 13243055626 cannot be rerun; its workflow file may be broken
job-core	Re-run failed workflows	2025-04-24T14:37:07.0477256Z run 13242958593 cannot be rerun; its workflow file may be broken
job-core	Re-run failed workflows	2025-04-24T14:37:07.8072733Z run 13242709182 cannot be rerun; its workflow file may be broken
job-core	Re-run failed workflows	2025-04-24T14:37:08.6487332Z run 13242343874 cannot be rerun; its workflow file may be broken
job-core	Re-run failed workflows	2025-04-24T14:37:09.4480008Z run 13242120341 cannot be rerun; its workflow file may be broken
job-core	Re-run failed workflows	2025-04-24T14:37:10.3258466Z run 13241810905 cannot be rerun; its workflow file may be broken
job-core	Re-run failed workflows	2025-04-24T14:37:11.3558590Z run 13241599057 cannot be rerun; its workflow file may be broken
job-core	Re-run failed workflows	2025-04-24T14:37:12.1705718Z run 13241481481 cannot be rerun; its workflow file may be broken
job-core	Re-run failed workflows	2025-04-24T14:37:12.9086840Z run 13241367326 cannot be rerun; its workflow file may be broken
job-core	Re-run failed workflows	2025-04-24T14:37:13.7095652Z run 13241059967 cannot be rerun; its workflow file may be broken
job-core	Re-run failed workflows	2025-04-24T14:37:14.4993852Z run 13239422185 cannot be rerun; its workflow file may be broken
job-core	Re-run failed workflows	2025-04-24T14:37:15.3489321Z run 13239400844 cannot be rerun; its workflow file may be broken
job-core	Re-run failed workflows	2025-04-24T14:37:16.3044788Z run 13183801389 cannot be rerun; its workflow file may be broken
job-core	Re-run failed workflows	2025-04-24T14:37:17.0816713Z run 13179251736 cannot be rerun; its workflow file may be broken
job-core	Re-run failed workflows	2025-04-24T14:37:17.9469182Z run 13179081992 cannot be rerun; its workflow file may be broken
job-core	Re-run failed workflows	2025-04-24T14:37:18.7810392Z run 13175435329 cannot be rerun; its workflow file may be broken
job-core	Re-run failed workflows	2025-04-24T14:37:19.7522076Z run 13175212754 cannot be rerun; its workflow file may be broken
job-core	Re-run failed workflows	2025-04-24T14:37:20.5723481Z run 13153219191 cannot be rerun; its workflow file may be broken
job-core	Re-run failed workflows	2025-04-24T14:37:21.3293688Z run 13140617433 cannot be rerun; its workflow file may be broken
job-core	Re-run failed workflows	2025-04-24T14:37:22.3217280Z run 13140408225 cannot be rerun; its workflow file may be broken
job-core	Re-run failed workflows	2025-04-24T14:37:23.1398199Z run 13140362428 cannot be rerun; its workflow file may be broken
job-core	Re-run failed workflows	2025-04-24T14:37:23.9310331Z run 13140358046 cannot be rerun; its workflow file may be broken
job-core	Re-run failed workflows	2025-04-24T14:37:24.8387557Z run 13140292574 cannot be rerun; its workflow file may be broken
job-core	Re-run failed workflows	2025-04-24T14:37:25.6231850Z run 13140267659 cannot be rerun; its workflow file may be broken
job-core	Re-run failed workflows	2025-04-24T14:37:26.4294977Z run 13140246878 cannot be rerun; its workflow file may be broken
job-core	Re-run failed workflows	2025-04-24T14:37:27.1940095Z run 13140177438 cannot be rerun; its workflow file may be broken
job-core	Re-run failed workflows	2025-04-24T14:37:27.9459049Z run 13140105140 cannot be rerun; its workflow file may be broken
job-core	Re-run failed workflows	2025-04-24T14:37:28.7435595Z run 13140072021 cannot be rerun; its workflow file may be broken
job-core	Re-run failed workflows	2025-04-24T14:37:29.5255723Z run 13139889627 cannot be rerun; its workflow file may be broken
job-core	Re-run failed workflows	2025-04-24T14:37:30.3227256Z run 13139602458 cannot be rerun; its workflow file may be broken
job-core	Upload file results	﻿2025-04-24T14:37:30.3341343Z ##[group]Run echo "Uploading results files to the repository..."
job-core	Upload file results	2025-04-24T14:37:30.3341646Z [36;1mecho "Uploading results files to the repository..."[0m
job-core	Upload file results	2025-04-24T14:37:30.3341960Z [36;1mgit config --global user.name "***"[0m
job-core	Upload file results	2025-04-24T14:37:30.3342173Z [36;1mgit config --global user.email "***"[0m
job-core	Upload file results	2025-04-24T14:37:30.3342348Z [36;1mgit pull[0m
job-core	Upload file results	2025-04-24T14:37:30.3342482Z [36;1mgit add core/results/rr/*[0m
job-core	Upload file results	2025-04-24T14:37:30.3342996Z [36;1mgit commit -m "[Ka0S] Re-Runs Inspector uploading resume execution files to the repository..."[0m
job-core	Upload file results	2025-04-24T14:37:30.3343475Z [36;1mgit push[0m
job-core	Upload file results	2025-04-24T14:37:30.3347923Z shell: /usr/bin/bash -e {0}
job-core	Upload file results	2025-04-24T14:37:30.3348079Z env:
job-core	Upload file results	2025-04-24T14:37:30.3348194Z   KAOS_CODE: 14644320558
job-core	Upload file results	2025-04-24T14:37:30.3348343Z   KAOS_EVENT_NAME: workflow_dispatch
job-core	Upload file results	2025-04-24T14:37:30.3348501Z   KAOS_ACTION: 
job-core	Upload file results	2025-04-24T14:37:30.3348641Z   KAOS_REF: refs/heads/main
job-core	Upload file results	2025-04-24T14:37:30.3348816Z   KAOS_MODULE: [Ka0S] Re-Run Failed Inspector Workflows
job-core	Upload file results	2025-04-24T14:37:30.3349073Z   KAOS_PATH_SOURCE: core/outputs/w/kaos-workflows-runs.json
job-core	Upload file results	2025-04-24T14:37:30.3349282Z   KAOS_PATH_RESUME: core/results/rr/
job-core	Upload file results	2025-04-24T14:37:30.3349453Z   KAOS_ACTOR: ***
job-core	Upload file results	2025-04-24T14:37:30.3349581Z ##[endgroup]
job-core	Upload file results	2025-04-24T14:37:30.3371419Z Uploading results files to the repository...
job-core	Upload file results	2025-04-24T14:37:31.1896781Z From https://github.com/Ka0s-Klaus/ka0s
job-core	Upload file results	2025-04-24T14:37:31.1897193Z    daa90878..7e1897b0  main       -> origin/main
job-core	Upload file results	2025-04-24T14:37:31.2061903Z Updating daa90878..7e1897b0
job-core	Upload file results	2025-04-24T14:37:31.2063404Z Fast-forward
job-core	Upload file results	2025-04-24T14:37:31.2094417Z  core/outputs/i/14637088554.json | 1 +
job-core	Upload file results	2025-04-24T14:37:31.2094999Z  core/outputs/i/14637088554.log  | 0
job-core	Upload file results	2025-04-24T14:37:31.2095173Z  core/outputs/i/14637300642.json | 1 +
job-core	Upload file results	2025-04-24T14:37:31.2095376Z  core/outputs/i/14637300642.log  | 0
job-core	Upload file results	2025-04-24T14:37:31.2096003Z  4 files changed, 2 insertions(+)
job-core	Upload file results	2025-04-24T14:37:31.2096427Z  create mode 100644 core/outputs/i/14637088554.json
job-core	Upload file results	2025-04-24T14:37:31.2096761Z  create mode 100644 core/outputs/i/14637088554.log
job-core	Upload file results	2025-04-24T14:37:31.2097125Z  create mode 100644 core/outputs/i/14637300642.json
job-core	Upload file results	2025-04-24T14:37:31.2097350Z  create mode 100644 core/outputs/i/14637300642.log
job-core	Upload file results	2025-04-24T14:37:31.2253788Z [main ff95a6e3] [Ka0S] Re-Runs Inspector uploading resume execution files to the repository...
job-core	Upload file results	2025-04-24T14:37:31.2254247Z  1 file changed, 450 insertions(+)
job-core	Upload file results	2025-04-24T14:37:31.2254566Z  create mode 100644 core/results/rr/14644320558_resume_reruns_inspector.log
job-core	Upload file results	2025-04-24T14:37:31.9515548Z To https://github.com/Ka0s-Klaus/ka0s
job-core	Upload file results	2025-04-24T14:37:31.9515998Z    7e1897b0..ff95a6e3  main -> main
job-core	Post Checkout repository	﻿2025-04-24T14:37:31.9628060Z Post job cleanup.
job-core	Post Checkout repository	2025-04-24T14:37:32.0233500Z [command]/usr/bin/git version
job-core	Post Checkout repository	2025-04-24T14:37:32.0261830Z git version 2.43.0
job-core	Post Checkout repository	2025-04-24T14:37:32.0300073Z Copying '/home/kaos/.gitconfig' to '/actions-runner/_work/_temp/f573f2c5-a32c-4d81-8bb3-b3612bc9f089/.gitconfig'
job-core	Post Checkout repository	2025-04-24T14:37:32.0317865Z Temporarily overriding HOME='/actions-runner/_work/_temp/f573f2c5-a32c-4d81-8bb3-b3612bc9f089' before making global git config changes
job-core	Post Checkout repository	2025-04-24T14:37:32.0318632Z Adding repository directory to the temporary git global config as a safe directory
job-core	Post Checkout repository	2025-04-24T14:37:32.0325279Z [command]/usr/bin/git config --global --add safe.directory /actions-runner/_work/ka0s/ka0s
job-core	Post Checkout repository	2025-04-24T14:37:32.0360367Z [command]/usr/bin/git config --local --name-only --get-regexp core\.sshCommand
job-core	Post Checkout repository	2025-04-24T14:37:32.0391604Z [command]/usr/bin/git submodule foreach --recursive sh -c "git config --local --name-only --get-regexp 'core\.sshCommand' && git config --local --unset-all 'core.sshCommand' || :"
job-core	Post Checkout repository	2025-04-24T14:37:32.0632272Z [command]/usr/bin/git config --local --name-only --get-regexp http\.https\:\/\/github\.com\/\.extraheader
job-core	Post Checkout repository	2025-04-24T14:37:32.0653526Z http.https://github.com/.extraheader
job-core	Post Checkout repository	2025-04-24T14:37:32.0663871Z [command]/usr/bin/git config --local --unset-all http.https://github.com/.extraheader
job-core	Post Checkout repository	2025-04-24T14:37:32.0692260Z [command]/usr/bin/git submodule foreach --recursive sh -c "git config --local --name-only --get-regexp 'http\.https\:\/\/github\.com\/\.extraheader' && git config --local --unset-all 'http.https://github.com/.extraheader' || :"
job-core	Complete job	﻿2025-04-24T14:37:32.1008102Z Cleaning up orphan processes
handle-success	Set up job	﻿2025-04-24T14:37:38.1722684Z Current runner version: '2.323.0'
handle-success	Set up job	2025-04-24T14:37:38.1727286Z Runner name: 'ka0s-8'
handle-success	Set up job	2025-04-24T14:37:38.1727874Z Machine name: '26a53205c9ac'
handle-success	Set up job	2025-04-24T14:37:38.1729211Z ##[group]GITHUB_TOKEN Permissions
handle-success	Set up job	2025-04-24T14:37:38.1730495Z Actions: write
handle-success	Set up job	2025-04-24T14:37:38.1730806Z Metadata: read
handle-success	Set up job	2025-04-24T14:37:38.1731107Z ##[endgroup]
handle-success	Set up job	2025-04-24T14:37:38.1732358Z Secret source: Actions
handle-success	Set up job	2025-04-24T14:37:38.1732733Z Prepare workflow directory
handle-success	Set up job	2025-04-24T14:37:38.2131581Z Prepare all required actions
handle-success	Set up job	2025-04-24T14:37:38.2166971Z Getting action download info
handle-success	Set up job	2025-04-24T14:37:38.6722332Z Download action repository 'actions/checkout@v4' (SHA:11bd71901bbe5b1630ceea73d27597364c9af683)
handle-success	Set up job	2025-04-24T14:37:40.2954486Z Complete job name: handle-success
handle-success	Checkout code	﻿2025-04-24T14:37:40.3248344Z ##[group]Run actions/checkout@v4
handle-success	Checkout code	2025-04-24T14:37:40.3249026Z with:
handle-success	Checkout code	2025-04-24T14:37:40.3249380Z   fetch-depth: 0
handle-success	Checkout code	2025-04-24T14:37:40.3249913Z   token: ***
handle-success	Checkout code	2025-04-24T14:37:40.3250247Z   repository: Ka0s-Klaus/ka0s
handle-success	Checkout code	2025-04-24T14:37:40.3250679Z   ssh-strict: true
handle-success	Checkout code	2025-04-24T14:37:40.3251056Z   ssh-user: git
handle-success	Checkout code	2025-04-24T14:37:40.3251433Z   persist-credentials: true
handle-success	Checkout code	2025-04-24T14:37:40.3251863Z   clean: true
handle-success	Checkout code	2025-04-24T14:37:40.3252223Z   sparse-checkout-cone-mode: true
handle-success	Checkout code	2025-04-24T14:37:40.3252696Z   fetch-tags: false
handle-success	Checkout code	2025-04-24T14:37:40.3253038Z   show-progress: true
handle-success	Checkout code	2025-04-24T14:37:40.3253482Z   lfs: false
handle-success	Checkout code	2025-04-24T14:37:40.3253924Z   submodules: false
handle-success	Checkout code	2025-04-24T14:37:40.3254308Z   set-safe-directory: true
handle-success	Checkout code	2025-04-24T14:37:40.3254823Z env:
handle-success	Checkout code	2025-04-24T14:37:40.3255134Z   KAOS_CODE: 14644320558
handle-success	Checkout code	2025-04-24T14:37:40.3255574Z   KAOS_EVENT_NAME: workflow_dispatch
handle-success	Checkout code	2025-04-24T14:37:40.3256028Z   KAOS_ACTION: 
handle-success	Checkout code	2025-04-24T14:37:40.3256374Z   KAOS_REF: refs/heads/main
handle-success	Checkout code	2025-04-24T14:37:40.3256861Z   KAOS_MODULE: [Ka0S] Re-Run Failed Inspector Workflows
handle-success	Checkout code	2025-04-24T14:37:40.3257509Z   KAOS_PATH_SOURCE: core/outputs/w/kaos-workflows-runs.json
handle-success	Checkout code	2025-04-24T14:37:40.3258021Z   KAOS_PATH_RESUME: core/results/rr/
handle-success	Checkout code	2025-04-24T14:37:40.3258476Z   KAOS_ACTOR: ka0score
handle-success	Checkout code	2025-04-24T14:37:40.3277642Z ##[endgroup]
handle-success	Checkout code	2025-04-24T14:37:40.3997589Z Syncing repository: Ka0s-Klaus/ka0s
handle-success	Checkout code	2025-04-24T14:37:40.3999096Z ##[group]Getting Git version info
handle-success	Checkout code	2025-04-24T14:37:40.3999648Z Working directory is '/actions-runner/_work/ka0s/ka0s'
handle-success	Checkout code	2025-04-24T14:37:40.4000777Z [command]/usr/bin/git version
handle-success	Checkout code	2025-04-24T14:37:40.4001321Z git version 2.43.0
handle-success	Checkout code	2025-04-24T14:37:40.4004873Z ##[endgroup]
handle-success	Checkout code	2025-04-24T14:37:40.4012131Z Copying '/home/kaos/.gitconfig' to '/actions-runner/_work/_temp/dbe0fdda-4a46-487b-92ce-86d9e3fffe07/.gitconfig'
handle-success	Checkout code	2025-04-24T14:37:40.4021029Z Temporarily overriding HOME='/actions-runner/_work/_temp/dbe0fdda-4a46-487b-92ce-86d9e3fffe07' before making global git config changes
handle-success	Checkout code	2025-04-24T14:37:40.4023073Z Adding repository directory to the temporary git global config as a safe directory
handle-success	Checkout code	2025-04-24T14:37:40.4024671Z [command]/usr/bin/git config --global --add safe.directory /actions-runner/_work/ka0s/ka0s
handle-success	Checkout code	2025-04-24T14:37:40.4055780Z [command]/usr/bin/git config --local --get remote.origin.url
handle-success	Checkout code	2025-04-24T14:37:40.4076105Z https://github.com/Ka0s-Klaus/ka0s
handle-success	Checkout code	2025-04-24T14:37:40.4094588Z ##[group]Removing previously created refs, to avoid conflicts
handle-success	Checkout code	2025-04-24T14:37:40.4098226Z [command]/usr/bin/git rev-parse --symbolic-full-name --verify --quiet HEAD
handle-success	Checkout code	2025-04-24T14:37:40.4120425Z refs/heads/main
handle-success	Checkout code	2025-04-24T14:37:40.4130480Z [command]/usr/bin/git checkout --detach
handle-success	Checkout code	2025-04-24T14:37:40.4220559Z HEAD is now at 1ee1dbdf Merge pull request #1132 from Ka0s-Klaus/H220-web-de-resultados
handle-success	Checkout code	2025-04-24T14:37:40.4261457Z [command]/usr/bin/git branch --delete --force main
handle-success	Checkout code	2025-04-24T14:37:40.4295079Z Deleted branch main (was 1ee1dbdf).
handle-success	Checkout code	2025-04-24T14:37:40.4337340Z ##[endgroup]
handle-success	Checkout code	2025-04-24T14:37:40.4341206Z [command]/usr/bin/git submodule status
handle-success	Checkout code	2025-04-24T14:37:40.4570134Z ##[group]Cleaning the repository
handle-success	Checkout code	2025-04-24T14:37:40.4573767Z [command]/usr/bin/git clean -ffdx
handle-success	Checkout code	2025-04-24T14:37:40.4637581Z [command]/usr/bin/git reset --hard HEAD
handle-success	Checkout code	2025-04-24T14:37:40.4753361Z HEAD is now at 1ee1dbdf Merge pull request #1132 from Ka0s-Klaus/H220-web-de-resultados
handle-success	Checkout code	2025-04-24T14:37:40.4756812Z ##[endgroup]
handle-success	Checkout code	2025-04-24T14:37:40.4757815Z ##[group]Disabling automatic garbage collection
handle-success	Checkout code	2025-04-24T14:37:40.4759796Z [command]/usr/bin/git config --local gc.auto 0
handle-success	Checkout code	2025-04-24T14:37:40.4786044Z ##[endgroup]
handle-success	Checkout code	2025-04-24T14:37:40.4787110Z ##[group]Setting up auth
handle-success	Checkout code	2025-04-24T14:37:40.4791814Z [command]/usr/bin/git config --local --name-only --get-regexp core\.sshCommand
handle-success	Checkout code	2025-04-24T14:37:40.4817683Z [command]/usr/bin/git submodule foreach --recursive sh -c "git config --local --name-only --get-regexp 'core\.sshCommand' && git config --local --unset-all 'core.sshCommand' || :"
handle-success	Checkout code	2025-04-24T14:37:40.5043327Z [command]/usr/bin/git config --local --name-only --get-regexp http\.https\:\/\/github\.com\/\.extraheader
handle-success	Checkout code	2025-04-24T14:37:40.5069091Z [command]/usr/bin/git submodule foreach --recursive sh -c "git config --local --name-only --get-regexp 'http\.https\:\/\/github\.com\/\.extraheader' && git config --local --unset-all 'http.https://github.com/.extraheader' || :"
handle-success	Checkout code	2025-04-24T14:37:40.5296939Z [command]/usr/bin/git config --local http.https://github.com/.extraheader AUTHORIZATION: basic ***
handle-success	Checkout code	2025-04-24T14:37:40.5336191Z ##[endgroup]
handle-success	Checkout code	2025-04-24T14:37:40.5337020Z ##[group]Fetching the repository
handle-success	Checkout code	2025-04-24T14:37:40.5340603Z [command]/usr/bin/git -c protocol.version=2 fetch --prune --no-recurse-submodules origin +refs/heads/*:refs/remotes/origin/* +refs/tags/*:refs/tags/*
handle-success	Checkout code	2025-04-24T14:37:41.4741439Z From https://github.com/Ka0s-Klaus/ka0s
handle-success	Checkout code	2025-04-24T14:37:41.4741869Z    1ee1dbdf..ff95a6e3  main       -> origin/main
handle-success	Checkout code	2025-04-24T14:37:41.4788187Z [command]/usr/bin/git branch --list --remote origin/main
handle-success	Checkout code	2025-04-24T14:37:41.4818855Z   origin/main
handle-success	Checkout code	2025-04-24T14:37:41.4825262Z [command]/usr/bin/git rev-parse refs/remotes/origin/main
handle-success	Checkout code	2025-04-24T14:37:41.4847728Z ff95a6e3854303090d9d22ec3fec988431d88be7
handle-success	Checkout code	2025-04-24T14:37:41.4858332Z [command]/usr/bin/git -c protocol.version=2 fetch --no-tags --prune --no-recurse-submodules origin +daa9087845c5bb8f5fb0c389af6d5da17e31e1bb:refs/remotes/origin/main
handle-success	Checkout code	2025-04-24T14:37:41.4964066Z From https://github.com/Ka0s-Klaus/ka0s
handle-success	Checkout code	2025-04-24T14:37:41.4964667Z  + ff95a6e3...daa90878 daa9087845c5bb8f5fb0c389af6d5da17e31e1bb -> origin/main  (forced update)
handle-success	Checkout code	2025-04-24T14:37:41.4981955Z ##[endgroup]
handle-success	Checkout code	2025-04-24T14:37:41.4982437Z ##[group]Determining the checkout info
handle-success	Checkout code	2025-04-24T14:37:41.4982950Z ##[endgroup]
handle-success	Checkout code	2025-04-24T14:37:41.4983658Z [command]/usr/bin/git sparse-checkout disable
handle-success	Checkout code	2025-04-24T14:37:41.5030812Z [command]/usr/bin/git config --local --unset-all extensions.worktreeConfig
handle-success	Checkout code	2025-04-24T14:37:41.5057186Z ##[group]Checking out the ref
handle-success	Checkout code	2025-04-24T14:37:41.5058395Z [command]/usr/bin/git checkout --progress --force -B main refs/remotes/origin/main
handle-success	Checkout code	2025-04-24T14:37:41.5206361Z Previous HEAD position was 1ee1dbdf Merge pull request #1132 from Ka0s-Klaus/H220-web-de-resultados
handle-success	Checkout code	2025-04-24T14:37:41.5212721Z Switched to a new branch 'main'
handle-success	Checkout code	2025-04-24T14:37:41.5213402Z branch 'main' set up to track 'origin/main'.
handle-success	Checkout code	2025-04-24T14:37:41.5220622Z ##[endgroup]
handle-success	Checkout code	2025-04-24T14:37:41.5258086Z [command]/usr/bin/git log -1 --format=%H
handle-success	Checkout code	2025-04-24T14:37:41.5283802Z daa9087845c5bb8f5fb0c389af6d5da17e31e1bb
handle-success	handle-success-execution	﻿2025-04-24T14:37:41.5467934Z ##[group]Run # RNNUMBER=$(echo "refs/heads/main" | grep -o '[0-9]*')
handle-success	handle-success-execution	2025-04-24T14:37:41.5468414Z [36;1m# RNNUMBER=$(echo "refs/heads/main" | grep -o '[0-9]*')[0m
handle-success	handle-success-execution	2025-04-24T14:37:41.5468987Z [36;1m# gh issue comment $RNNUMBER --body "El proceso ha finalizado correctamente 14644320558. El resultado está en el fichero core/results/event_data_14644320558.log"[0m
handle-success	handle-success-execution	2025-04-24T14:37:41.5469729Z [36;1mecho "El proceso ha finalizado correctamente 14644320558. El resultado está en el fichero core/results/event_data_14644320558.log"[0m
handle-success	handle-success-execution	2025-04-24T14:37:41.5477788Z shell: /usr/bin/bash -e {0}
handle-success	handle-success-execution	2025-04-24T14:37:41.5478049Z env:
handle-success	handle-success-execution	2025-04-24T14:37:41.5478250Z   KAOS_CODE: 14644320558
handle-success	handle-success-execution	2025-04-24T14:37:41.5478503Z   KAOS_EVENT_NAME: workflow_dispatch
handle-success	handle-success-execution	2025-04-24T14:37:41.5478767Z   KAOS_ACTION: 
handle-success	handle-success-execution	2025-04-24T14:37:41.5478977Z   KAOS_REF: refs/heads/main
handle-success	handle-success-execution	2025-04-24T14:37:41.5479436Z   KAOS_MODULE: [Ka0S] Re-Run Failed Inspector Workflows
handle-success	handle-success-execution	2025-04-24T14:37:41.5479765Z   KAOS_PATH_SOURCE: core/outputs/w/kaos-workflows-runs.json
handle-success	handle-success-execution	2025-04-24T14:37:41.5480107Z   KAOS_PATH_RESUME: core/results/rr/
handle-success	handle-success-execution	2025-04-24T14:37:41.5480353Z   KAOS_ACTOR: ka0score
handle-success	handle-success-execution	2025-04-24T14:37:41.5480811Z   GH_TOKEN: ***
handle-success	handle-success-execution	2025-04-24T14:37:41.5481008Z ##[endgroup]
handle-success	handle-success-execution	2025-04-24T14:37:41.5521726Z El proceso ha finalizado correctamente 14644320558. El resultado está en el fichero core/results/event_data_14644320558.log
handle-success	Post Checkout code	﻿2025-04-24T14:37:41.5593737Z Post job cleanup.
handle-success	Post Checkout code	2025-04-24T14:37:41.6253511Z [command]/usr/bin/git version
handle-success	Post Checkout code	2025-04-24T14:37:41.6284613Z git version 2.43.0
handle-success	Post Checkout code	2025-04-24T14:37:41.6309416Z Copying '/home/kaos/.gitconfig' to '/actions-runner/_work/_temp/fae44061-ae29-47e6-a024-7a0e8968cf2c/.gitconfig'
handle-success	Post Checkout code	2025-04-24T14:37:41.6318980Z Temporarily overriding HOME='/actions-runner/_work/_temp/fae44061-ae29-47e6-a024-7a0e8968cf2c' before making global git config changes
handle-success	Post Checkout code	2025-04-24T14:37:41.6320107Z Adding repository directory to the temporary git global config as a safe directory
handle-success	Post Checkout code	2025-04-24T14:37:41.6322381Z [command]/usr/bin/git config --global --add safe.directory /actions-runner/_work/ka0s/ka0s
handle-success	Post Checkout code	2025-04-24T14:37:41.6359904Z [command]/usr/bin/git config --local --name-only --get-regexp core\.sshCommand
handle-success	Post Checkout code	2025-04-24T14:37:41.6388267Z [command]/usr/bin/git submodule foreach --recursive sh -c "git config --local --name-only --get-regexp 'core\.sshCommand' && git config --local --unset-all 'core.sshCommand' || :"
handle-success	Post Checkout code	2025-04-24T14:37:41.6616885Z [command]/usr/bin/git config --local --name-only --get-regexp http\.https\:\/\/github\.com\/\.extraheader
handle-success	Post Checkout code	2025-04-24T14:37:41.6633999Z http.https://github.com/.extraheader
handle-success	Post Checkout code	2025-04-24T14:37:41.6642816Z [command]/usr/bin/git config --local --unset-all http.https://github.com/.extraheader
handle-success	Post Checkout code	2025-04-24T14:37:41.6669866Z [command]/usr/bin/git submodule foreach --recursive sh -c "git config --local --name-only --get-regexp 'http\.https\:\/\/github\.com\/\.extraheader' && git config --local --unset-all 'http.https://github.com/.extraheader' || :"
handle-success	Complete job	﻿2025-04-24T14:37:41.7004699Z Cleaning up orphan processes
end-workflow	Set up job	﻿2025-04-24T14:37:47.7645294Z Current runner version: '2.323.0'
end-workflow	Set up job	2025-04-24T14:37:47.7649279Z Runner name: 'ka0s-9'
end-workflow	Set up job	2025-04-24T14:37:47.7649833Z Machine name: '26a53205c9ac'
end-workflow	Set up job	2025-04-24T14:37:47.7651170Z ##[group]GITHUB_TOKEN Permissions
end-workflow	Set up job	2025-04-24T14:37:47.7652531Z Actions: write
end-workflow	Set up job	2025-04-24T14:37:47.7652838Z Metadata: read
end-workflow	Set up job	2025-04-24T14:37:47.7653120Z ##[endgroup]
end-workflow	Set up job	2025-04-24T14:37:47.7654381Z Secret source: Actions
end-workflow	Set up job	2025-04-24T14:37:47.7654736Z Prepare workflow directory
end-workflow	Set up job	2025-04-24T14:37:47.8031868Z Prepare all required actions
end-workflow	Set up job	2025-04-24T14:37:47.8060925Z Getting action download info
end-workflow	Set up job	2025-04-24T14:37:48.2407271Z Download action repository 'actions/checkout@v4' (SHA:11bd71901bbe5b1630ceea73d27597364c9af683)
end-workflow	Set up job	2025-04-24T14:37:48.9538763Z Complete job name: end-workflow
end-workflow	Checkout code	﻿2025-04-24T14:37:48.9816082Z ##[group]Run actions/checkout@v4
end-workflow	Checkout code	2025-04-24T14:37:48.9816559Z with:
end-workflow	Checkout code	2025-04-24T14:37:48.9816801Z   fetch-depth: 0
end-workflow	Checkout code	2025-04-24T14:37:48.9817205Z   token: ***
end-workflow	Checkout code	2025-04-24T14:37:48.9817456Z   repository: Ka0s-Klaus/ka0s
end-workflow	Checkout code	2025-04-24T14:37:48.9838644Z   ssh-strict: true
end-workflow	Checkout code	2025-04-24T14:37:48.9839264Z   ssh-user: git
end-workflow	Checkout code	2025-04-24T14:37:48.9839528Z   persist-credentials: true
end-workflow	Checkout code	2025-04-24T14:37:48.9839824Z   clean: true
end-workflow	Checkout code	2025-04-24T14:37:48.9840083Z   sparse-checkout-cone-mode: true
end-workflow	Checkout code	2025-04-24T14:37:48.9840393Z   fetch-tags: false
end-workflow	Checkout code	2025-04-24T14:37:48.9840656Z   show-progress: true
end-workflow	Checkout code	2025-04-24T14:37:48.9841056Z   lfs: false
end-workflow	Checkout code	2025-04-24T14:37:48.9841333Z   submodules: false
end-workflow	Checkout code	2025-04-24T14:37:48.9841639Z   set-safe-directory: true
end-workflow	Checkout code	2025-04-24T14:37:48.9842290Z env:
end-workflow	Checkout code	2025-04-24T14:37:48.9842559Z   KAOS_CODE: 14644320558
end-workflow	Checkout code	2025-04-24T14:37:48.9842841Z   KAOS_EVENT_NAME: workflow_dispatch
end-workflow	Checkout code	2025-04-24T14:37:48.9843221Z   KAOS_ACTION: 
end-workflow	Checkout code	2025-04-24T14:37:48.9843653Z   KAOS_REF: refs/heads/main
end-workflow	Checkout code	2025-04-24T14:37:48.9844053Z   KAOS_MODULE: [Ka0S] Re-Run Failed Inspector Workflows
end-workflow	Checkout code	2025-04-24T14:37:48.9844590Z   KAOS_PATH_SOURCE: core/outputs/w/kaos-workflows-runs.json
end-workflow	Checkout code	2025-04-24T14:37:48.9845002Z   KAOS_PATH_RESUME: core/results/rr/
end-workflow	Checkout code	2025-04-24T14:37:48.9845312Z   KAOS_ACTOR: ka0score
end-workflow	Checkout code	2025-04-24T14:37:48.9845711Z   GH_TOKEN: ***
end-workflow	Checkout code	2025-04-24T14:37:48.9845952Z ##[endgroup]
end-workflow	Checkout code	2025-04-24T14:37:49.0611038Z Syncing repository: Ka0s-Klaus/ka0s
end-workflow	Checkout code	2025-04-24T14:37:49.0612462Z ##[group]Getting Git version info
end-workflow	Checkout code	2025-04-24T14:37:49.0612977Z Working directory is '/actions-runner/_work/ka0s/ka0s'
end-workflow	Checkout code	2025-04-24T14:37:49.0613807Z [command]/usr/bin/git version
end-workflow	Checkout code	2025-04-24T14:37:49.0614175Z git version 2.43.0
end-workflow	Checkout code	2025-04-24T14:37:49.0622785Z ##[endgroup]
end-workflow	Checkout code	2025-04-24T14:37:49.0630418Z Copying '/home/kaos/.gitconfig' to '/actions-runner/_work/_temp/1bc6cbff-4da9-4978-b206-5e142147974c/.gitconfig'
end-workflow	Checkout code	2025-04-24T14:37:49.0640023Z Temporarily overriding HOME='/actions-runner/_work/_temp/1bc6cbff-4da9-4978-b206-5e142147974c' before making global git config changes
end-workflow	Checkout code	2025-04-24T14:37:49.0641201Z Adding repository directory to the temporary git global config as a safe directory
end-workflow	Checkout code	2025-04-24T14:37:49.0644016Z [command]/usr/bin/git config --global --add safe.directory /actions-runner/_work/ka0s/ka0s
end-workflow	Checkout code	2025-04-24T14:37:49.0681353Z [command]/usr/bin/git config --local --get remote.origin.url
end-workflow	Checkout code	2025-04-24T14:37:49.0699912Z https://github.com/Ka0s-Klaus/ka0s
end-workflow	Checkout code	2025-04-24T14:37:49.0712099Z ##[group]Removing previously created refs, to avoid conflicts
end-workflow	Checkout code	2025-04-24T14:37:49.0715663Z [command]/usr/bin/git rev-parse --symbolic-full-name --verify --quiet HEAD
end-workflow	Checkout code	2025-04-24T14:37:49.0734349Z HEAD
end-workflow	Checkout code	2025-04-24T14:37:49.0807657Z ##[endgroup]
end-workflow	Checkout code	2025-04-24T14:37:49.0808268Z [command]/usr/bin/git submodule status
end-workflow	Checkout code	2025-04-24T14:37:49.1040902Z ##[group]Cleaning the repository
end-workflow	Checkout code	2025-04-24T14:37:49.1041439Z [command]/usr/bin/git clean -ffdx
end-workflow	Checkout code	2025-04-24T14:37:49.1088442Z [command]/usr/bin/git reset --hard HEAD
end-workflow	Checkout code	2025-04-24T14:37:49.1250049Z HEAD is now at ac3d84aa Merge a50331c06e98f928bd47ed01b1bdb4fcee493258 into 3824129031e4c1271e7b6ffca189a3f8d12e05ce
end-workflow	Checkout code	2025-04-24T14:37:49.1252236Z ##[endgroup]
end-workflow	Checkout code	2025-04-24T14:37:49.1252980Z ##[group]Disabling automatic garbage collection
end-workflow	Checkout code	2025-04-24T14:37:49.1257525Z [command]/usr/bin/git config --local gc.auto 0
end-workflow	Checkout code	2025-04-24T14:37:49.1282376Z ##[endgroup]
end-workflow	Checkout code	2025-04-24T14:37:49.1286726Z ##[group]Setting up auth
end-workflow	Checkout code	2025-04-24T14:37:49.1287508Z [command]/usr/bin/git config --local --name-only --get-regexp core\.sshCommand
end-workflow	Checkout code	2025-04-24T14:37:49.1308848Z [command]/usr/bin/git submodule foreach --recursive sh -c "git config --local --name-only --get-regexp 'core\.sshCommand' && git config --local --unset-all 'core.sshCommand' || :"
end-workflow	Checkout code	2025-04-24T14:37:49.1546864Z [command]/usr/bin/git config --local --name-only --get-regexp http\.https\:\/\/github\.com\/\.extraheader
end-workflow	Checkout code	2025-04-24T14:37:49.1569583Z [command]/usr/bin/git submodule foreach --recursive sh -c "git config --local --name-only --get-regexp 'http\.https\:\/\/github\.com\/\.extraheader' && git config --local --unset-all 'http.https://github.com/.extraheader' || :"
end-workflow	Checkout code	2025-04-24T14:37:49.1801467Z [command]/usr/bin/git config --local http.https://github.com/.extraheader AUTHORIZATION: basic ***
end-workflow	Checkout code	2025-04-24T14:37:49.1835084Z ##[endgroup]
end-workflow	Checkout code	2025-04-24T14:37:49.1835945Z ##[group]Fetching the repository
end-workflow	Checkout code	2025-04-24T14:37:49.1838372Z [command]/usr/bin/git -c protocol.version=2 fetch --prune --no-recurse-submodules origin +refs/heads/*:refs/remotes/origin/* +refs/tags/*:refs/tags/*
end-workflow	Checkout code	2025-04-24T14:37:50.0988174Z From https://github.com/Ka0s-Klaus/ka0s
end-workflow	Checkout code	2025-04-24T14:37:50.0988930Z    19dea9f1..ff95a6e3  main       -> origin/main
end-workflow	Checkout code	2025-04-24T14:37:50.1021936Z [command]/usr/bin/git branch --list --remote origin/main
end-workflow	Checkout code	2025-04-24T14:37:50.1050617Z   origin/main
end-workflow	Checkout code	2025-04-24T14:37:50.1059221Z [command]/usr/bin/git rev-parse refs/remotes/origin/main
end-workflow	Checkout code	2025-04-24T14:37:50.1078072Z ff95a6e3854303090d9d22ec3fec988431d88be7
end-workflow	Checkout code	2025-04-24T14:37:50.1087237Z [command]/usr/bin/git -c protocol.version=2 fetch --no-tags --prune --no-recurse-submodules origin +daa9087845c5bb8f5fb0c389af6d5da17e31e1bb:refs/remotes/origin/main
end-workflow	Checkout code	2025-04-24T14:37:50.1199133Z From https://github.com/Ka0s-Klaus/ka0s
end-workflow	Checkout code	2025-04-24T14:37:50.1200117Z  + ff95a6e3...daa90878 daa9087845c5bb8f5fb0c389af6d5da17e31e1bb -> origin/main  (forced update)
end-workflow	Checkout code	2025-04-24T14:37:50.1219735Z ##[endgroup]
end-workflow	Checkout code	2025-04-24T14:37:50.1220643Z ##[group]Determining the checkout info
end-workflow	Checkout code	2025-04-24T14:37:50.1221478Z ##[endgroup]
end-workflow	Checkout code	2025-04-24T14:37:50.1227905Z [command]/usr/bin/git sparse-checkout disable
end-workflow	Checkout code	2025-04-24T14:37:50.1286428Z [command]/usr/bin/git config --local --unset-all extensions.worktreeConfig
end-workflow	Checkout code	2025-04-24T14:37:50.1316817Z ##[group]Checking out the ref
end-workflow	Checkout code	2025-04-24T14:37:50.1318577Z [command]/usr/bin/git checkout --progress --force -B main refs/remotes/origin/main
end-workflow	Checkout code	2025-04-24T14:37:50.1480170Z Previous HEAD position was ac3d84aa Merge a50331c06e98f928bd47ed01b1bdb4fcee493258 into 3824129031e4c1271e7b6ffca189a3f8d12e05ce
end-workflow	Checkout code	2025-04-24T14:37:50.1481198Z Switched to a new branch 'main'
end-workflow	Checkout code	2025-04-24T14:37:50.1481773Z branch 'main' set up to track 'origin/main'.
end-workflow	Checkout code	2025-04-24T14:37:50.1488442Z ##[endgroup]
end-workflow	Checkout code	2025-04-24T14:37:50.1517164Z [command]/usr/bin/git log -1 --format=%H
end-workflow	Checkout code	2025-04-24T14:37:50.1538415Z daa9087845c5bb8f5fb0c389af6d5da17e31e1bb
end-workflow	Finaliza el workflow	﻿2025-04-24T14:37:50.1702390Z ##[group]Run echo "End process"
end-workflow	Finaliza el workflow	2025-04-24T14:37:50.1702941Z [36;1mecho "End process"[0m
end-workflow	Finaliza el workflow	2025-04-24T14:37:50.1703490Z [36;1m# RNNUMBER=$(echo "refs/heads/main" | grep -o '[0-9]*')[0m
end-workflow	Finaliza el workflow	2025-04-24T14:37:50.1704040Z [36;1m# gh issue comment $RNNUMBER --body "Se finaliza Ka0s 14644320558"[0m
end-workflow	Finaliza el workflow	2025-04-24T14:37:50.1704485Z [36;1mecho "Se finaliza Ka0s 14644320558"[0m
end-workflow	Finaliza el workflow	2025-04-24T14:37:50.1705032Z [36;1mgh workflow run inspector.yml --ref 'main' -f kaos-issue-id=$RNNUMBER -f kaos-workflow-id="14644320558" -f kaos-user-start=""[0m
end-workflow	Finaliza el workflow	2025-04-24T14:37:50.1711747Z shell: /usr/bin/bash -e {0}
end-workflow	Finaliza el workflow	2025-04-24T14:37:50.1712088Z env:
end-workflow	Finaliza el workflow	2025-04-24T14:37:50.1712380Z   KAOS_CODE: 14644320558
end-workflow	Finaliza el workflow	2025-04-24T14:37:50.1712685Z   KAOS_EVENT_NAME: workflow_dispatch
end-workflow	Finaliza el workflow	2025-04-24T14:37:50.1713007Z   KAOS_ACTION: 
end-workflow	Finaliza el workflow	2025-04-24T14:37:50.1713335Z   KAOS_REF: refs/heads/main
end-workflow	Finaliza el workflow	2025-04-24T14:37:50.1713670Z   KAOS_MODULE: [Ka0S] Re-Run Failed Inspector Workflows
end-workflow	Finaliza el workflow	2025-04-24T14:37:50.1714135Z   KAOS_PATH_SOURCE: core/outputs/w/kaos-workflows-runs.json
end-workflow	Finaliza el workflow	2025-04-24T14:37:50.1714627Z   KAOS_PATH_RESUME: core/results/rr/
end-workflow	Finaliza el workflow	2025-04-24T14:37:50.1715167Z   KAOS_ACTOR: ka0score
end-workflow	Finaliza el workflow	2025-04-24T14:37:50.1715721Z   GH_TOKEN: ***
end-workflow	Finaliza el workflow	2025-04-24T14:37:50.1715996Z ##[endgroup]
end-workflow	Finaliza el workflow	2025-04-24T14:37:50.1754225Z End process
end-workflow	Finaliza el workflow	2025-04-24T14:37:50.1755134Z Se finaliza Ka0s 14644320558
end-workflow	Post Checkout code	﻿2025-04-24T14:37:50.8197823Z Post job cleanup.
end-workflow	Post Checkout code	2025-04-24T14:37:50.8808279Z [command]/usr/bin/git version
end-workflow	Post Checkout code	2025-04-24T14:37:50.8837603Z git version 2.43.0
end-workflow	Post Checkout code	2025-04-24T14:37:50.8876180Z Copying '/home/kaos/.gitconfig' to '/actions-runner/_work/_temp/c26bd35a-a27f-46d1-8958-e363c9bbf020/.gitconfig'
end-workflow	Post Checkout code	2025-04-24T14:37:50.8888740Z Temporarily overriding HOME='/actions-runner/_work/_temp/c26bd35a-a27f-46d1-8958-e363c9bbf020' before making global git config changes
end-workflow	Post Checkout code	2025-04-24T14:37:50.8889403Z Adding repository directory to the temporary git global config as a safe directory
end-workflow	Post Checkout code	2025-04-24T14:37:50.8895565Z [command]/usr/bin/git config --global --add safe.directory /actions-runner/_work/ka0s/ka0s
end-workflow	Post Checkout code	2025-04-24T14:37:50.8930914Z [command]/usr/bin/git config --local --name-only --get-regexp core\.sshCommand
end-workflow	Post Checkout code	2025-04-24T14:37:50.8965609Z [command]/usr/bin/git submodule foreach --recursive sh -c "git config --local --name-only --get-regexp 'core\.sshCommand' && git config --local --unset-all 'core.sshCommand' || :"
end-workflow	Post Checkout code	2025-04-24T14:37:50.9203196Z [command]/usr/bin/git config --local --name-only --get-regexp http\.https\:\/\/github\.com\/\.extraheader
end-workflow	Post Checkout code	2025-04-24T14:37:50.9222821Z http.https://github.com/.extraheader
end-workflow	Post Checkout code	2025-04-24T14:37:50.9232826Z [command]/usr/bin/git config --local --unset-all http.https://github.com/.extraheader
end-workflow	Post Checkout code	2025-04-24T14:37:50.9260173Z [command]/usr/bin/git submodule foreach --recursive sh -c "git config --local --name-only --get-regexp 'http\.https\:\/\/github\.com\/\.extraheader' && git config --local --unset-all 'http.https://github.com/.extraheader' || :"
end-workflow	Complete job	﻿2025-04-24T14:37:50.9571100Z Cleaning up orphan processes
