job-core	Set up job	﻿2025-05-28T10:28:30.7880445Z Current runner version: '2.324.0'
job-core	Set up job	2025-05-28T10:28:30.7887892Z Runner name: 'ka0s-ka0s-4'
job-core	Set up job	2025-05-28T10:28:30.7888897Z Machine name: 'ef411525c24f'
job-core	Set up job	2025-05-28T10:28:30.7891585Z ##[group]GITHUB_TOKEN Permissions
job-core	Set up job	2025-05-28T10:28:30.7893793Z Contents: read
job-core	Set up job	2025-05-28T10:28:30.7894375Z Metadata: read
job-core	Set up job	2025-05-28T10:28:30.7895564Z Packages: read
job-core	Set up job	2025-05-28T10:28:30.7896286Z ##[endgroup]
job-core	Set up job	2025-05-28T10:28:30.7898425Z Secret source: Actions
job-core	Set up job	2025-05-28T10:28:30.7899136Z Prepare workflow directory
job-core	Set up job	2025-05-28T10:28:30.8507049Z Prepare all required actions
job-core	Set up job	2025-05-28T10:28:30.8546630Z Getting action download info
job-core	Set up job	2025-05-28T10:28:31.4150393Z Download action repository 'actions/checkout@v3' (SHA:f43a0e5ff2bd294095638e18286ca9a3d1956744)
job-core	Set up job	2025-05-28T10:28:32.3017570Z Complete job name: job-core
job-core	Checkout repository	﻿2025-05-28T10:28:32.3491976Z ##[group]Run actions/checkout@v3
job-core	Checkout repository	2025-05-28T10:28:32.3492811Z with:
job-core	Checkout repository	2025-05-28T10:28:32.3493204Z   fetch-depth: 0
job-core	Checkout repository	2025-05-28T10:28:32.3493800Z   token: ***
job-core	Checkout repository	2025-05-28T10:28:32.3494195Z   repository: Ka0s-Klaus/ka0s
job-core	Checkout repository	2025-05-28T10:28:32.3494746Z   ssh-strict: true
job-core	Checkout repository	2025-05-28T10:28:32.3495157Z   persist-credentials: true
job-core	Checkout repository	2025-05-28T10:28:32.3495595Z   clean: true
job-core	Checkout repository	2025-05-28T10:28:32.3495997Z   sparse-checkout-cone-mode: true
job-core	Checkout repository	2025-05-28T10:28:32.3496465Z   fetch-tags: false
job-core	Checkout repository	2025-05-28T10:28:32.3496847Z   lfs: false
job-core	Checkout repository	2025-05-28T10:28:32.3497215Z   submodules: false
job-core	Checkout repository	2025-05-28T10:28:32.3497613Z   set-safe-directory: true
job-core	Checkout repository	2025-05-28T10:28:32.3498273Z env:
job-core	Checkout repository	2025-05-28T10:28:32.3498649Z   KAOS_CODE: 15297819089
job-core	Checkout repository	2025-05-28T10:28:32.3499085Z   KAOS_EVENT_NAME: workflow_dispatch
job-core	Checkout repository	2025-05-28T10:28:32.3499560Z   KAOS_ACTION: 
job-core	Checkout repository	2025-05-28T10:28:32.3499942Z   KAOS_REF: refs/heads/main
job-core	Checkout repository	2025-05-28T10:28:32.3500405Z   KAOS_MODULE: [Ka0S] Deploy Web Structure
job-core	Checkout repository	2025-05-28T10:28:32.3500931Z   KAOS_JSON_RESUME: core/outputs/webs/
job-core	Checkout repository	2025-05-28T10:28:32.3501466Z   KAOS_WEB_STRUCTURE: core/results/webs/
job-core	Checkout repository	2025-05-28T10:28:32.3501963Z   KAOS_ACTOR: jh0ny2k2
job-core	Checkout repository	2025-05-28T10:28:32.3502429Z   KAOS_FINOPS_STRUCTURE: core/results/webs/finops/
job-core	Checkout repository	2025-05-28T10:28:32.3503078Z   KAOS_FINOPS_JSON_WEB: core/config/finops/config/webs.json
job-core	Checkout repository	2025-05-28T10:28:32.3503716Z   KAOS_FINOPS_JSON_DATA: core/config/finops/data
job-core	Checkout repository	2025-05-28T10:28:32.3504315Z   KAOS_FINOPS_TEMPLATE: core/config/finops/template/
job-core	Checkout repository	2025-05-28T10:28:32.3505084Z   KAOS_FINOPS: core/config/finops
job-core	Checkout repository	2025-05-28T10:28:32.3505811Z   KAOS_FINOPS_RESULTS_SECTION: core/results/webs/finops/section
job-core	Checkout repository	2025-05-28T10:28:32.3506411Z ##[endgroup]
job-core	Checkout repository	2025-05-28T10:28:32.4428398Z Syncing repository: Ka0s-Klaus/ka0s
job-core	Checkout repository	2025-05-28T10:28:32.4430198Z ##[group]Getting Git version info
job-core	Checkout repository	2025-05-28T10:28:32.4430849Z Working directory is '/actions-runner/_work/ka0s/ka0s'
job-core	Checkout repository	2025-05-28T10:28:32.4431876Z [command]/usr/bin/git version
job-core	Checkout repository	2025-05-28T10:28:32.4432340Z git version 2.43.0
job-core	Checkout repository	2025-05-28T10:28:32.4450528Z ##[endgroup]
job-core	Checkout repository	2025-05-28T10:28:32.4462682Z Copying '/home/kaos/.gitconfig' to '/actions-runner/_work/_temp/b1a28ed9-5f4b-48e1-bb71-ae00440d4152/.gitconfig'
job-core	Checkout repository	2025-05-28T10:28:32.4472852Z Temporarily overriding HOME='/actions-runner/_work/_temp/b1a28ed9-5f4b-48e1-bb71-ae00440d4152' before making global git config changes
job-core	Checkout repository	2025-05-28T10:28:32.4474356Z Adding repository directory to the temporary git global config as a safe directory
job-core	Checkout repository	2025-05-28T10:28:32.4477203Z [command]/usr/bin/git config --global --add safe.directory /actions-runner/_work/ka0s/ka0s
job-core	Checkout repository	2025-05-28T10:28:32.4517274Z [command]/usr/bin/git config --local --get remote.origin.url
job-core	Checkout repository	2025-05-28T10:28:32.4537996Z https://github.com/Ka0s-Klaus/ka0s
job-core	Checkout repository	2025-05-28T10:28:32.4556415Z ##[group]Removing previously created refs, to avoid conflicts
job-core	Checkout repository	2025-05-28T10:28:32.4560014Z [command]/usr/bin/git rev-parse --symbolic-full-name --verify --quiet HEAD
job-core	Checkout repository	2025-05-28T10:28:32.4582023Z refs/heads/main
job-core	Checkout repository	2025-05-28T10:28:32.4589385Z [command]/usr/bin/git checkout --detach
job-core	Checkout repository	2025-05-28T10:28:32.4742244Z HEAD is now at 123d627a Correcion Documentación técnica
job-core	Checkout repository	2025-05-28T10:28:32.4782934Z [command]/usr/bin/git branch --delete --force main
job-core	Checkout repository	2025-05-28T10:28:32.4814461Z Deleted branch main (was 123d627a).
job-core	Checkout repository	2025-05-28T10:28:32.4882882Z ##[endgroup]
job-core	Checkout repository	2025-05-28T10:28:32.4883584Z [command]/usr/bin/git submodule status
job-core	Checkout repository	2025-05-28T10:28:32.5136012Z ##[group]Cleaning the repository
job-core	Checkout repository	2025-05-28T10:28:32.5137603Z [command]/usr/bin/git clean -ffdx
job-core	Checkout repository	2025-05-28T10:28:32.5213061Z [command]/usr/bin/git reset --hard HEAD
job-core	Checkout repository	2025-05-28T10:28:32.5505842Z HEAD is now at 123d627a Correcion Documentación técnica
job-core	Checkout repository	2025-05-28T10:28:32.5513636Z ##[endgroup]
job-core	Checkout repository	2025-05-28T10:28:32.5514437Z ##[group]Disabling automatic garbage collection
job-core	Checkout repository	2025-05-28T10:28:32.5518206Z [command]/usr/bin/git config --local gc.auto 0
job-core	Checkout repository	2025-05-28T10:28:32.5548211Z ##[endgroup]
job-core	Checkout repository	2025-05-28T10:28:32.5549084Z ##[group]Setting up auth
job-core	Checkout repository	2025-05-28T10:28:32.5553839Z [command]/usr/bin/git config --local --name-only --get-regexp core\.sshCommand
job-core	Checkout repository	2025-05-28T10:28:32.5584444Z [command]/usr/bin/git submodule foreach --recursive sh -c "git config --local --name-only --get-regexp 'core\.sshCommand' && git config --local --unset-all 'core.sshCommand' || :"
job-core	Checkout repository	2025-05-28T10:28:32.5835053Z [command]/usr/bin/git config --local --name-only --get-regexp http\.https\:\/\/github\.com\/\.extraheader
job-core	Checkout repository	2025-05-28T10:28:32.5862455Z [command]/usr/bin/git submodule foreach --recursive sh -c "git config --local --name-only --get-regexp 'http\.https\:\/\/github\.com\/\.extraheader' && git config --local --unset-all 'http.https://github.com/.extraheader' || :"
job-core	Checkout repository	2025-05-28T10:28:32.6117938Z [command]/usr/bin/git config --local http.https://github.com/.extraheader AUTHORIZATION: basic ***
job-core	Checkout repository	2025-05-28T10:28:32.6160250Z ##[endgroup]
job-core	Checkout repository	2025-05-28T10:28:32.6161097Z ##[group]Fetching the repository
job-core	Checkout repository	2025-05-28T10:28:32.6167466Z [command]/usr/bin/git -c protocol.version=2 fetch --prune --progress --no-recurse-submodules origin +refs/heads/*:refs/remotes/origin/* +refs/tags/*:refs/tags/*
job-core	Checkout repository	2025-05-28T10:28:33.6174063Z remote: Enumerating objects: 71, done.        
job-core	Checkout repository	2025-05-28T10:28:33.6183224Z remote: Counting objects:   1% (1/71)        
job-core	Checkout repository	2025-05-28T10:28:33.6189062Z remote: Counting objects:   2% (2/71)        
job-core	Checkout repository	2025-05-28T10:28:33.6194527Z remote: Counting objects:   4% (3/71)        
job-core	Checkout repository	2025-05-28T10:28:33.6201647Z remote: Counting objects:   5% (4/71)        
job-core	Checkout repository	2025-05-28T10:28:33.6207389Z remote: Counting objects:   7% (5/71)        
job-core	Checkout repository	2025-05-28T10:28:33.6218130Z remote: Counting objects:   8% (6/71)        
job-core	Checkout repository	2025-05-28T10:28:33.6223541Z remote: Counting objects:   9% (7/71)        
job-core	Checkout repository	2025-05-28T10:28:33.6236390Z remote: Counting objects:  11% (8/71)        
job-core	Checkout repository	2025-05-28T10:28:33.6242886Z remote: Counting objects:  12% (9/71)        
job-core	Checkout repository	2025-05-28T10:28:33.6254518Z remote: Counting objects:  14% (10/71)        
job-core	Checkout repository	2025-05-28T10:28:33.6260914Z remote: Counting objects:  15% (11/71)        
job-core	Checkout repository	2025-05-28T10:28:33.6266580Z remote: Counting objects:  16% (12/71)        
job-core	Checkout repository	2025-05-28T10:28:33.6272230Z remote: Counting objects:  18% (13/71)        
job-core	Checkout repository	2025-05-28T10:28:33.6278278Z remote: Counting objects:  19% (14/71)        
job-core	Checkout repository	2025-05-28T10:28:33.6284077Z remote: Counting objects:  21% (15/71)        
job-core	Checkout repository	2025-05-28T10:28:33.6289937Z remote: Counting objects:  22% (16/71)        
job-core	Checkout repository	2025-05-28T10:28:33.6295824Z remote: Counting objects:  23% (17/71)        
job-core	Checkout repository	2025-05-28T10:28:33.6301538Z remote: Counting objects:  25% (18/71)        
job-core	Checkout repository	2025-05-28T10:28:33.6307374Z remote: Counting objects:  26% (19/71)        
job-core	Checkout repository	2025-05-28T10:28:33.6313086Z remote: Counting objects:  28% (20/71)        
job-core	Checkout repository	2025-05-28T10:28:33.6318983Z remote: Counting objects:  29% (21/71)        
job-core	Checkout repository	2025-05-28T10:28:33.6324795Z remote: Counting objects:  30% (22/71)        
job-core	Checkout repository	2025-05-28T10:28:33.6331293Z remote: Counting objects:  32% (23/71)        
job-core	Checkout repository	2025-05-28T10:28:33.6338177Z remote: Counting objects:  33% (24/71)        
job-core	Checkout repository	2025-05-28T10:28:33.6345055Z remote: Counting objects:  35% (25/71)        
job-core	Checkout repository	2025-05-28T10:28:33.6349930Z remote: Counting objects:  36% (26/71)        
job-core	Checkout repository	2025-05-28T10:28:33.6354482Z remote: Counting objects:  38% (27/71)        
job-core	Checkout repository	2025-05-28T10:28:33.6359484Z remote: Counting objects:  39% (28/71)        
job-core	Checkout repository	2025-05-28T10:28:33.6364255Z remote: Counting objects:  40% (29/71)        
job-core	Checkout repository	2025-05-28T10:28:33.6368994Z remote: Counting objects:  42% (30/71)        
job-core	Checkout repository	2025-05-28T10:28:33.6374841Z remote: Counting objects:  43% (31/71)        
job-core	Checkout repository	2025-05-28T10:28:33.6379521Z remote: Counting objects:  45% (32/71)        
job-core	Checkout repository	2025-05-28T10:28:33.6384127Z remote: Counting objects:  46% (33/71)        
job-core	Checkout repository	2025-05-28T10:28:33.6388843Z remote: Counting objects:  47% (34/71)        
job-core	Checkout repository	2025-05-28T10:28:33.6393448Z remote: Counting objects:  49% (35/71)        
job-core	Checkout repository	2025-05-28T10:28:33.6397560Z remote: Counting objects:  50% (36/71)        
job-core	Checkout repository	2025-05-28T10:28:33.6401054Z remote: Counting objects:  52% (37/71)        
job-core	Checkout repository	2025-05-28T10:28:33.6404554Z remote: Counting objects:  53% (38/71)        
job-core	Checkout repository	2025-05-28T10:28:33.6408219Z remote: Counting objects:  54% (39/71)        
job-core	Checkout repository	2025-05-28T10:28:33.6411897Z remote: Counting objects:  56% (40/71)        
job-core	Checkout repository	2025-05-28T10:28:33.6416056Z remote: Counting objects:  57% (41/71)        
job-core	Checkout repository	2025-05-28T10:28:33.6419741Z remote: Counting objects:  59% (42/71)        
job-core	Checkout repository	2025-05-28T10:28:33.6423391Z remote: Counting objects:  60% (43/71)        
job-core	Checkout repository	2025-05-28T10:28:33.6427198Z remote: Counting objects:  61% (44/71)        
job-core	Checkout repository	2025-05-28T10:28:33.6430852Z remote: Counting objects:  63% (45/71)        
job-core	Checkout repository	2025-05-28T10:28:33.6434451Z remote: Counting objects:  64% (46/71)        
job-core	Checkout repository	2025-05-28T10:28:33.6437974Z remote: Counting objects:  66% (47/71)        
job-core	Checkout repository	2025-05-28T10:28:33.6441385Z remote: Counting objects:  67% (48/71)        
job-core	Checkout repository	2025-05-28T10:28:33.6444845Z remote: Counting objects:  69% (49/71)        
job-core	Checkout repository	2025-05-28T10:28:33.6447790Z remote: Counting objects:  70% (50/71)        
job-core	Checkout repository	2025-05-28T10:28:33.6450509Z remote: Counting objects:  71% (51/71)        
job-core	Checkout repository	2025-05-28T10:28:33.6453157Z remote: Counting objects:  73% (52/71)        
job-core	Checkout repository	2025-05-28T10:28:33.6455868Z remote: Counting objects:  74% (53/71)        
job-core	Checkout repository	2025-05-28T10:28:33.6458521Z remote: Counting objects:  76% (54/71)        
job-core	Checkout repository	2025-05-28T10:28:33.6462381Z remote: Counting objects:  77% (55/71)        
job-core	Checkout repository	2025-05-28T10:28:33.6476531Z remote: Counting objects:  78% (56/71)        
job-core	Checkout repository	2025-05-28T10:28:33.6480046Z remote: Counting objects:  80% (57/71)        
job-core	Checkout repository	2025-05-28T10:28:33.6483193Z remote: Counting objects:  81% (58/71)        
job-core	Checkout repository	2025-05-28T10:28:33.6486173Z remote: Counting objects:  83% (59/71)        
job-core	Checkout repository	2025-05-28T10:28:33.6511252Z remote: Counting objects:  84% (60/71)        
job-core	Checkout repository	2025-05-28T10:28:33.6513646Z remote: Counting objects:  85% (61/71)        
job-core	Checkout repository	2025-05-28T10:28:33.6515925Z remote: Counting objects:  87% (62/71)        
job-core	Checkout repository	2025-05-28T10:28:33.6518085Z remote: Counting objects:  88% (63/71)        
job-core	Checkout repository	2025-05-28T10:28:33.6521670Z remote: Counting objects:  90% (64/71)        
job-core	Checkout repository	2025-05-28T10:28:33.6523876Z remote: Counting objects:  91% (65/71)        
job-core	Checkout repository	2025-05-28T10:28:33.6526098Z remote: Counting objects:  92% (66/71)        
job-core	Checkout repository	2025-05-28T10:28:33.6528213Z remote: Counting objects:  94% (67/71)        
job-core	Checkout repository	2025-05-28T10:28:33.6530375Z remote: Counting objects:  95% (68/71)        
job-core	Checkout repository	2025-05-28T10:28:33.6532517Z remote: Counting objects:  97% (69/71)        
job-core	Checkout repository	2025-05-28T10:28:33.6536288Z remote: Counting objects:  98% (70/71)        
job-core	Checkout repository	2025-05-28T10:28:33.6538501Z remote: Counting objects: 100% (71/71)        
job-core	Checkout repository	2025-05-28T10:28:33.6540781Z remote: Counting objects: 100% (71/71), done.        
job-core	Checkout repository	2025-05-28T10:28:33.6543071Z remote: Compressing objects:   2% (1/37)        
job-core	Checkout repository	2025-05-28T10:28:33.6545357Z remote: Compressing objects:   5% (2/37)        
job-core	Checkout repository	2025-05-28T10:28:33.6547399Z remote: Compressing objects:   8% (3/37)        
job-core	Checkout repository	2025-05-28T10:28:33.6549273Z remote: Compressing objects:  10% (4/37)        
job-core	Checkout repository	2025-05-28T10:28:33.6551132Z remote: Compressing objects:  13% (5/37)        
job-core	Checkout repository	2025-05-28T10:28:33.6553005Z remote: Compressing objects:  16% (6/37)        
job-core	Checkout repository	2025-05-28T10:28:33.6554915Z remote: Compressing objects:  18% (7/37)        
job-core	Checkout repository	2025-05-28T10:28:33.6556786Z remote: Compressing objects:  21% (8/37)        
job-core	Checkout repository	2025-05-28T10:28:33.6558684Z remote: Compressing objects:  24% (9/37)        
job-core	Checkout repository	2025-05-28T10:28:33.6560564Z remote: Compressing objects:  27% (10/37)        
job-core	Checkout repository	2025-05-28T10:28:33.6562926Z remote: Compressing objects:  29% (11/37)        
job-core	Checkout repository	2025-05-28T10:28:33.6565327Z remote: Compressing objects:  32% (12/37)        
job-core	Checkout repository	2025-05-28T10:28:33.6567221Z remote: Compressing objects:  35% (13/37)        
job-core	Checkout repository	2025-05-28T10:28:33.6569098Z remote: Compressing objects:  37% (14/37)        
job-core	Checkout repository	2025-05-28T10:28:33.6572000Z remote: Compressing objects:  40% (15/37)        
job-core	Checkout repository	2025-05-28T10:28:33.6574945Z remote: Compressing objects:  43% (16/37)        
job-core	Checkout repository	2025-05-28T10:28:33.6576839Z remote: Compressing objects:  45% (17/37)        
job-core	Checkout repository	2025-05-28T10:28:33.6578703Z remote: Compressing objects:  48% (18/37)        
job-core	Checkout repository	2025-05-28T10:28:33.6580546Z remote: Compressing objects:  51% (19/37)        
job-core	Checkout repository	2025-05-28T10:28:33.6582343Z remote: Compressing objects:  54% (20/37)        
job-core	Checkout repository	2025-05-28T10:28:33.6584122Z remote: Compressing objects:  56% (21/37)        
job-core	Checkout repository	2025-05-28T10:28:33.6586237Z remote: Compressing objects:  59% (22/37)        
job-core	Checkout repository	2025-05-28T10:28:33.6589981Z remote: Compressing objects:  62% (23/37)        
job-core	Checkout repository	2025-05-28T10:28:33.6594030Z remote: Compressing objects:  64% (24/37)        
job-core	Checkout repository	2025-05-28T10:28:33.6597710Z remote: Compressing objects:  67% (25/37)        
job-core	Checkout repository	2025-05-28T10:28:33.6599302Z remote: Compressing objects:  70% (26/37)        
job-core	Checkout repository	2025-05-28T10:28:33.6600855Z remote: Compressing objects:  72% (27/37)        
job-core	Checkout repository	2025-05-28T10:28:33.6602394Z remote: Compressing objects:  75% (28/37)        
job-core	Checkout repository	2025-05-28T10:28:33.6603922Z remote: Compressing objects:  78% (29/37)        
job-core	Checkout repository	2025-05-28T10:28:33.6605543Z remote: Compressing objects:  81% (30/37)        
job-core	Checkout repository	2025-05-28T10:28:33.6607102Z remote: Compressing objects:  83% (31/37)        
job-core	Checkout repository	2025-05-28T10:28:33.6608648Z remote: Compressing objects:  86% (32/37)        
job-core	Checkout repository	2025-05-28T10:28:33.6610191Z remote: Compressing objects:  89% (33/37)        
job-core	Checkout repository	2025-05-28T10:28:33.6611726Z remote: Compressing objects:  91% (34/37)        
job-core	Checkout repository	2025-05-28T10:28:33.6613281Z remote: Compressing objects:  94% (35/37)        
job-core	Checkout repository	2025-05-28T10:28:33.6614856Z remote: Compressing objects:  97% (36/37)        
job-core	Checkout repository	2025-05-28T10:28:33.6616392Z remote: Compressing objects: 100% (37/37)        
job-core	Checkout repository	2025-05-28T10:28:33.6618056Z remote: Compressing objects: 100% (37/37), done.        
job-core	Checkout repository	2025-05-28T10:28:33.6967022Z remote: Total 71 (delta 44), reused 58 (delta 31), pack-reused 0 (from 0)        
job-core	Checkout repository	2025-05-28T10:28:33.7451410Z From https://github.com/Ka0s-Klaus/ka0s
job-core	Checkout repository	2025-05-28T10:28:33.7455834Z    2de483ac..770dafec  H1149-desarrollo-de-orchestrator -> origin/H1149-desarrollo-de-orchestrator
job-core	Checkout repository	2025-05-28T10:28:33.7477237Z    123d627a..dbee0a79  main       -> origin/main
job-core	Checkout repository	2025-05-28T10:28:33.7518793Z [command]/usr/bin/git branch --list --remote origin/main
job-core	Checkout repository	2025-05-28T10:28:33.7545560Z   origin/main
job-core	Checkout repository	2025-05-28T10:28:33.7552272Z [command]/usr/bin/git rev-parse refs/remotes/origin/main
job-core	Checkout repository	2025-05-28T10:28:33.7576181Z dbee0a79cf1c73f3cf2dad66d4db68be7aa4dc02
job-core	Checkout repository	2025-05-28T10:28:33.7582922Z ##[endgroup]
job-core	Checkout repository	2025-05-28T10:28:33.7602588Z ##[group]Determining the checkout info
job-core	Checkout repository	2025-05-28T10:28:33.7608505Z ##[endgroup]
job-core	Checkout repository	2025-05-28T10:28:33.7610019Z ##[group]Checking out the ref
job-core	Checkout repository	2025-05-28T10:28:33.7611734Z [command]/usr/bin/git checkout --progress --force -B main refs/remotes/origin/main
job-core	Checkout repository	2025-05-28T10:28:33.7890155Z Previous HEAD position was 123d627a Correcion Documentación técnica
job-core	Checkout repository	2025-05-28T10:28:33.7899313Z Switched to a new branch 'main'
job-core	Checkout repository	2025-05-28T10:28:33.7900695Z branch 'main' set up to track 'origin/main'.
job-core	Checkout repository	2025-05-28T10:28:33.7909142Z ##[endgroup]
job-core	Checkout repository	2025-05-28T10:28:33.7944213Z [command]/usr/bin/git log -1 --format='%H'
job-core	Checkout repository	2025-05-28T10:28:33.7970897Z 'dbee0a79cf1c73f3cf2dad66d4db68be7aa4dc02'
job-core	Crear estructura FinOps HTML	﻿2025-05-28T10:28:33.8161449Z ##[group]Run echo "Directorio actual: $(pwd)"
job-core	Crear estructura FinOps HTML	2025-05-28T10:28:33.8162903Z [36;1mecho "Directorio actual: $(pwd)"[0m
job-core	Crear estructura FinOps HTML	2025-05-28T10:28:33.8163990Z [36;1m[0m
job-core	Crear estructura FinOps HTML	2025-05-28T10:28:33.8165077Z [36;1mSTRUCTURE_FILE="$KAOS_FINOPS_JSON_WEB"[0m
job-core	Crear estructura FinOps HTML	2025-05-28T10:28:33.8166635Z [36;1mecho "Usando archivo de estructura: $STRUCTURE_FILE"[0m
job-core	Crear estructura FinOps HTML	2025-05-28T10:28:33.8167926Z [36;1m[0m
job-core	Crear estructura FinOps HTML	2025-05-28T10:28:33.8169139Z [36;1mecho "Creando directorio de secciones: $KAOS_FINOPS_RESULTS_SECTION"[0m
job-core	Crear estructura FinOps HTML	2025-05-28T10:28:33.8171344Z [36;1mmkdir -p "$KAOS_FINOPS_RESULTS_SECTION"[0m
job-core	Crear estructura FinOps HTML	2025-05-28T10:28:33.8172460Z [36;1m[0m
job-core	Crear estructura FinOps HTML	2025-05-28T10:28:33.8173330Z [36;1mecho "Copiando navbar.html y navbar.js"[0m
job-core	Crear estructura FinOps HTML	2025-05-28T10:28:33.8174575Z [36;1mmkdir -p "$KAOS_FINOPS_STRUCTURE/js"[0m
job-core	Crear estructura FinOps HTML	2025-05-28T10:28:33.8176540Z [36;1mcp "$KAOS_FINOPS_TEMPLATE/navbar.html" "$KAOS_FINOPS_STRUCTURE/navbar.html"[0m
job-core	Crear estructura FinOps HTML	2025-05-28T10:28:33.8178818Z [36;1mcp "$KAOS_FINOPS/js/navbar.js" "$KAOS_FINOPS_STRUCTURE/js/navbar.js"[0m
job-core	Crear estructura FinOps HTML	2025-05-28T10:28:33.8180282Z [36;1m[0m
job-core	Crear estructura FinOps HTML	2025-05-28T10:28:33.8181694Z [36;1mcp "$KAOS_FINOPS_TEMPLATE/finops.html" "$KAOS_FINOPS_RESULTS_SECTION/template.html"[0m
job-core	Crear estructura FinOps HTML	2025-05-28T10:28:33.8183356Z [36;1m[0m
job-core	Crear estructura FinOps HTML	2025-05-28T10:28:33.8185415Z [36;1mjq -r '.sections[] | [.title, .datatemplate] | @tsv' "$STRUCTURE_FILE" | while IFS=$'\t' read -r section_title section_data; do[0m
job-core	Crear estructura FinOps HTML	2025-05-28T10:28:33.8187720Z [36;1m  echo "Generando HTML para sección: $section_title"[0m
job-core	Crear estructura FinOps HTML	2025-05-28T10:28:33.8188978Z [36;1m[0m
job-core	Crear estructura FinOps HTML	2025-05-28T10:28:33.8189941Z [36;1m  SECTION_CONFIG="$KAOS_FINOPS/config/$section_data"[0m
job-core	Crear estructura FinOps HTML	2025-05-28T10:28:33.8191597Z [36;1m  SECTION_HTML="$KAOS_FINOPS_RESULTS_SECTION/${section_title}.html"[0m
job-core	Crear estructura FinOps HTML	2025-05-28T10:28:33.8192980Z [36;1m[0m
job-core	Crear estructura FinOps HTML	2025-05-28T10:28:33.8193768Z [36;1m  if [ -f "$SECTION_CONFIG" ]; then[0m
job-core	Crear estructura FinOps HTML	2025-05-28T10:28:33.8195565Z [36;1m    cp "$KAOS_FINOPS_TEMPLATE/finops.html" "$SECTION_HTML"[0m
job-core	Crear estructura FinOps HTML	2025-05-28T10:28:33.8196844Z [36;1m[0m
job-core	Crear estructura FinOps HTML	2025-05-28T10:28:33.8197957Z [36;1m    SECTION_DESCRIPTION=$(jq -r '.description' "$SECTION_CONFIG")[0m
job-core	Crear estructura FinOps HTML	2025-05-28T10:28:33.8199374Z [36;1m[0m
job-core	Crear estructura FinOps HTML	2025-05-28T10:28:33.8200556Z [36;1m    sed -i "s/SECTION_TITLE_PLACEHOLDER/$section_title/g" "$SECTION_HTML"[0m
job-core	Crear estructura FinOps HTML	2025-05-28T10:28:33.8202664Z [36;1m    sed -i "s/SECTION_DESCRIPTION_PLACEHOLDER/$SECTION_DESCRIPTION/g" "$SECTION_HTML"[0m
job-core	Crear estructura FinOps HTML	2025-05-28T10:28:33.8204306Z [36;1m[0m
job-core	Crear estructura FinOps HTML	2025-05-28T10:28:33.8205544Z [36;1m    echo "✅ HTML generado para '$section_title' en '$SECTION_HTML'"[0m
job-core	Crear estructura FinOps HTML	2025-05-28T10:28:33.8206933Z [36;1m  else[0m
job-core	Crear estructura FinOps HTML	2025-05-28T10:28:33.8208299Z [36;1m    echo "⚠️ Configuración no encontrada para '$section_title' ($SECTION_CONFIG)"[0m
job-core	Crear estructura FinOps HTML	2025-05-28T10:28:33.8209878Z [36;1m  fi[0m
job-core	Crear estructura FinOps HTML	2025-05-28T10:28:33.8210622Z [36;1mdone[0m
job-core	Crear estructura FinOps HTML	2025-05-28T10:28:33.8222195Z shell: /usr/bin/bash -e {0}
job-core	Crear estructura FinOps HTML	2025-05-28T10:28:33.8223148Z env:
job-core	Crear estructura FinOps HTML	2025-05-28T10:28:33.8223862Z   KAOS_CODE: 15297819089
job-core	Crear estructura FinOps HTML	2025-05-28T10:28:33.8224877Z   KAOS_EVENT_NAME: workflow_dispatch
job-core	Crear estructura FinOps HTML	2025-05-28T10:28:33.8225889Z   KAOS_ACTION: 
job-core	Crear estructura FinOps HTML	2025-05-28T10:28:33.8226685Z   KAOS_REF: refs/heads/main
job-core	Crear estructura FinOps HTML	2025-05-28T10:28:33.8227700Z   KAOS_MODULE: [Ka0S] Deploy Web Structure
job-core	Crear estructura FinOps HTML	2025-05-28T10:28:33.8228810Z   KAOS_JSON_RESUME: core/outputs/webs/
job-core	Crear estructura FinOps HTML	2025-05-28T10:28:33.8229902Z   KAOS_WEB_STRUCTURE: core/results/webs/
job-core	Crear estructura FinOps HTML	2025-05-28T10:28:33.8230945Z   KAOS_ACTOR: jh0ny2k2
job-core	Crear estructura FinOps HTML	2025-05-28T10:28:33.8231913Z   KAOS_FINOPS_STRUCTURE: core/results/webs/finops/
job-core	Crear estructura FinOps HTML	2025-05-28T10:28:33.8233294Z   KAOS_FINOPS_JSON_WEB: core/config/finops/config/webs.json
job-core	Crear estructura FinOps HTML	2025-05-28T10:28:33.8234699Z   KAOS_FINOPS_JSON_DATA: core/config/finops/data
job-core	Crear estructura FinOps HTML	2025-05-28T10:28:33.8236032Z   KAOS_FINOPS_TEMPLATE: core/config/finops/template/
job-core	Crear estructura FinOps HTML	2025-05-28T10:28:33.8237239Z   KAOS_FINOPS: core/config/finops
job-core	Crear estructura FinOps HTML	2025-05-28T10:28:33.8238496Z   KAOS_FINOPS_RESULTS_SECTION: core/results/webs/finops/section
job-core	Crear estructura FinOps HTML	2025-05-28T10:28:33.8239777Z ##[endgroup]
job-core	Crear estructura FinOps HTML	2025-05-28T10:28:33.8303435Z Directorio actual: /actions-runner/_work/ka0s/ka0s
job-core	Crear estructura FinOps HTML	2025-05-28T10:28:33.8305446Z Usando archivo de estructura: core/config/finops/config/webs.json
job-core	Crear estructura FinOps HTML	2025-05-28T10:28:33.8307349Z Creando directorio de secciones: core/results/webs/finops/section
job-core	Crear estructura FinOps HTML	2025-05-28T10:28:33.8315007Z Copiando navbar.html y navbar.js
job-core	Crear estructura FinOps HTML	2025-05-28T10:28:33.8393449Z Generando HTML para sección: inicio
job-core	Crear estructura FinOps HTML	2025-05-28T10:28:33.8463634Z ✅ HTML generado para 'inicio' en 'core/results/webs/finops/section/inicio.html'
job-core	Crear estructura FinOps HTML	2025-05-28T10:28:33.8466294Z Generando HTML para sección: Anomaloud Spending
job-core	Crear estructura FinOps HTML	2025-05-28T10:28:33.8533101Z ✅ HTML generado para 'Anomaloud Spending' en 'core/results/webs/finops/section/Anomaloud Spending.html'
job-core	Crear estructura FinOps HTML	2025-05-28T10:28:33.8535683Z Generando HTML para sección: Commited Utilization
job-core	Crear estructura FinOps HTML	2025-05-28T10:28:33.8601887Z ✅ HTML generado para 'Commited Utilization' en 'core/results/webs/finops/section/Commited Utilization.html'
job-core	Crear estructura FinOps HTML	2025-05-28T10:28:33.8604115Z Generando HTML para sección: Cost by Project
job-core	Crear estructura FinOps HTML	2025-05-28T10:28:33.8735328Z ✅ HTML generado para 'Cost by Project' en 'core/results/webs/finops/section/Cost by Project.html'
job-core	Crear estructura FinOps HTML	2025-05-28T10:28:33.8738356Z Generando HTML para sección: Cost by Region
job-core	Crear estructura FinOps HTML	2025-05-28T10:28:33.8740216Z ✅ HTML generado para 'Cost by Region' en 'core/results/webs/finops/section/Cost by Region.html'
job-core	Crear estructura FinOps HTML	2025-05-28T10:28:33.8742158Z Generando HTML para sección: Cost Efficiency
job-core	Crear estructura FinOps HTML	2025-05-28T10:28:33.8809782Z ✅ HTML generado para 'Cost Efficiency' en 'core/results/webs/finops/section/Cost Efficiency.html'
job-core	Crear estructura FinOps HTML	2025-05-28T10:28:33.8811912Z Generando HTML para sección: Credit Breakdown
job-core	Crear estructura FinOps HTML	2025-05-28T10:28:33.8878220Z ✅ HTML generado para 'Credit Breakdown' en 'core/results/webs/finops/section/Credit Breakdown.html'
job-core	Crear estructura FinOps HTML	2025-05-28T10:28:33.8880350Z Generando HTML para sección: Day-Month Cost
job-core	Crear estructura FinOps HTML	2025-05-28T10:28:33.8946343Z ✅ HTML generado para 'Day-Month Cost' en 'core/results/webs/finops/section/Day-Month Cost.html'
job-core	Crear estructura FinOps HTML	2025-05-28T10:28:33.8948395Z Generando HTML para sección: Monthly Cost
job-core	Crear estructura FinOps HTML	2025-05-28T10:28:33.9015209Z ✅ HTML generado para 'Monthly Cost' en 'core/results/webs/finops/section/Monthly Cost.html'
job-core	Crear estructura FinOps HTML	2025-05-28T10:28:33.9017197Z Generando HTML para sección: Project Cost
job-core	Crear estructura FinOps HTML	2025-05-28T10:28:33.9083104Z ✅ HTML generado para 'Project Cost' en 'core/results/webs/finops/section/Project Cost.html'
job-core	Crear estructura FinOps HTML	2025-05-28T10:28:33.9085397Z Generando HTML para sección: Top 10 Services
job-core	Crear estructura FinOps HTML	2025-05-28T10:28:33.9151702Z ✅ HTML generado para 'Top 10 Services' en 'core/results/webs/finops/section/Top 10 Services.html'
job-core	Crear estructura FinOps HTML	2025-05-28T10:28:33.9153827Z Generando HTML para sección: Anomaly Detection
job-core	Crear estructura FinOps HTML	2025-05-28T10:28:33.9223181Z ✅ HTML generado para 'Anomaly Detection' en 'core/results/webs/finops/section/Anomaly Detection.html'
job-core	Crear estructura FinOps HTML	2025-05-28T10:28:33.9226178Z Generando HTML para sección: Forecasted Spend
job-core	Crear estructura FinOps HTML	2025-05-28T10:28:33.9298863Z ✅ HTML generado para 'Forecasted Spend' en 'core/results/webs/finops/section/Forecasted Spend.html'
job-core	Upload Files	﻿2025-05-28T10:28:33.9390178Z ##[group]Run echo "Uploading files to the repository..."
job-core	Upload Files	2025-05-28T10:28:33.9391704Z [36;1mecho "Uploading files to the repository..."[0m
job-core	Upload Files	2025-05-28T10:28:33.9393324Z [36;1mgit config --global user.name "***"[0m
job-core	Upload Files	2025-05-28T10:28:33.9394626Z [36;1mgit config --global user.email "***"[0m
job-core	Upload Files	2025-05-28T10:28:33.9395792Z [36;1mgit pull[0m
job-core	Upload Files	2025-05-28T10:28:33.9397259Z [36;1m# Asegurarse de que la carpeta web_structure se añade explicitamente (incluyendo finops)[0m
job-core	Upload Files	2025-05-28T10:28:33.9398957Z [36;1mgit add core/results/webs/*[0m
job-core	Upload Files	2025-05-28T10:28:33.9399997Z [36;1mgit add core/outputs/webs/*[0m
job-core	Upload Files	2025-05-28T10:28:33.9401164Z [36;1m# Verificar si hay cambios para hacer commit[0m
job-core	Upload Files	2025-05-28T10:28:33.9402406Z [36;1mif git diff --staged --quiet; then[0m
job-core	Upload Files	2025-05-28T10:28:33.9403587Z [36;1m  echo "No hay cambios para hacer commit"[0m
job-core	Upload Files	2025-05-28T10:28:33.9404787Z [36;1melse[0m
job-core	Upload Files	2025-05-28T10:28:33.9406297Z [36;1m  git commit -m "[Ka0S] Uploading resume execution files and finops structure to the repository..."[0m
job-core	Upload Files	2025-05-28T10:28:33.9408194Z [36;1m  git push origin refs/heads/main[0m
job-core	Upload Files	2025-05-28T10:28:33.9409228Z [36;1mfi[0m
job-core	Upload Files	2025-05-28T10:28:33.9416817Z shell: /usr/bin/bash -e {0}
job-core	Upload Files	2025-05-28T10:28:33.9417733Z env:
job-core	Upload Files	2025-05-28T10:28:33.9418438Z   KAOS_CODE: 15297819089
job-core	Upload Files	2025-05-28T10:28:33.9419337Z   KAOS_EVENT_NAME: workflow_dispatch
job-core	Upload Files	2025-05-28T10:28:33.9420320Z   KAOS_ACTION: 
job-core	Upload Files	2025-05-28T10:28:33.9421099Z   KAOS_REF: refs/heads/main
job-core	Upload Files	2025-05-28T10:28:33.9422048Z   KAOS_MODULE: [Ka0S] Deploy Web Structure
job-core	Upload Files	2025-05-28T10:28:33.9423145Z   KAOS_JSON_RESUME: core/outputs/webs/
job-core	Upload Files	2025-05-28T10:28:33.9424202Z   KAOS_WEB_STRUCTURE: core/results/webs/
job-core	Upload Files	2025-05-28T10:28:33.9425288Z   KAOS_ACTOR: jh0ny2k2
job-core	Upload Files	2025-05-28T10:28:33.9426236Z   KAOS_FINOPS_STRUCTURE: core/results/webs/finops/
job-core	Upload Files	2025-05-28T10:28:33.9427570Z   KAOS_FINOPS_JSON_WEB: core/config/finops/config/webs.json
job-core	Upload Files	2025-05-28T10:28:33.9429109Z   KAOS_FINOPS_JSON_DATA: core/config/finops/data
job-core	Upload Files	2025-05-28T10:28:33.9430372Z   KAOS_FINOPS_TEMPLATE: core/config/finops/template/
job-core	Upload Files	2025-05-28T10:28:33.9431560Z   KAOS_FINOPS: core/config/finops
job-core	Upload Files	2025-05-28T10:28:33.9432787Z   KAOS_FINOPS_RESULTS_SECTION: core/results/webs/finops/section
job-core	Upload Files	2025-05-28T10:28:33.9434055Z ##[endgroup]
job-core	Upload Files	2025-05-28T10:28:33.9468367Z Uploading files to the repository...
job-core	Upload Files	2025-05-28T10:28:34.4976847Z Already up to date.
job-core	Upload Files	2025-05-28T10:28:34.5476715Z [main ae75b01d] [Ka0S] Uploading resume execution files and finops structure to the repository...
job-core	Upload Files	2025-05-28T10:28:34.5477600Z  16 files changed, 216 insertions(+), 28 deletions(-)
job-core	Upload Files	2025-05-28T10:28:34.5478075Z  create mode 100644 core/results/webs/finops/js/navbar.js
job-core	Upload Files	2025-05-28T10:28:34.5478557Z  create mode 100644 core/results/webs/finops/navbar.html
job-core	Upload Files	2025-05-28T10:28:35.5169978Z To https://github.com/Ka0s-Klaus/ka0s
job-core	Upload Files	2025-05-28T10:28:35.5170727Z    dbee0a79..ae75b01d  main -> main
job-core	Post Checkout repository	﻿2025-05-28T10:28:35.5318986Z Post job cleanup.
job-core	Post Checkout repository	2025-05-28T10:28:35.6065863Z [command]/usr/bin/git version
job-core	Post Checkout repository	2025-05-28T10:28:35.6102156Z git version 2.43.0
job-core	Post Checkout repository	2025-05-28T10:28:35.6142812Z Copying '/home/kaos/.gitconfig' to '/actions-runner/_work/_temp/a3b45c3d-0737-4516-9f6b-8ed08f9264c9/.gitconfig'
job-core	Post Checkout repository	2025-05-28T10:28:35.6155362Z Temporarily overriding HOME='/actions-runner/_work/_temp/a3b45c3d-0737-4516-9f6b-8ed08f9264c9' before making global git config changes
job-core	Post Checkout repository	2025-05-28T10:28:35.6156739Z Adding repository directory to the temporary git global config as a safe directory
job-core	Post Checkout repository	2025-05-28T10:28:35.6158629Z [command]/usr/bin/git config --global --add safe.directory /actions-runner/_work/ka0s/ka0s
job-core	Post Checkout repository	2025-05-28T10:28:35.6195757Z [command]/usr/bin/git config --local --name-only --get-regexp core\.sshCommand
job-core	Post Checkout repository	2025-05-28T10:28:35.6226177Z [command]/usr/bin/git submodule foreach --recursive sh -c "git config --local --name-only --get-regexp 'core\.sshCommand' && git config --local --unset-all 'core.sshCommand' || :"
job-core	Post Checkout repository	2025-05-28T10:28:35.6485517Z [command]/usr/bin/git config --local --name-only --get-regexp http\.https\:\/\/github\.com\/\.extraheader
job-core	Post Checkout repository	2025-05-28T10:28:35.6506462Z http.https://github.com/.extraheader
job-core	Post Checkout repository	2025-05-28T10:28:35.6516385Z [command]/usr/bin/git config --local --unset-all http.https://github.com/.extraheader
job-core	Post Checkout repository	2025-05-28T10:28:35.6545468Z [command]/usr/bin/git submodule foreach --recursive sh -c "git config --local --name-only --get-regexp 'http\.https\:\/\/github\.com\/\.extraheader' && git config --local --unset-all 'http.https://github.com/.extraheader' || :"
job-core	Complete job	﻿2025-05-28T10:28:35.6912934Z Cleaning up orphan processes
handle-success	Set up job	﻿2025-05-28T10:28:41.0779863Z Current runner version: '2.324.0'
handle-success	Set up job	2025-05-28T10:28:41.0786961Z Runner name: 'ka0s-ka0s-4'
handle-success	Set up job	2025-05-28T10:28:41.0787964Z Machine name: 'ef411525c24f'
handle-success	Set up job	2025-05-28T10:28:41.0790726Z ##[group]GITHUB_TOKEN Permissions
handle-success	Set up job	2025-05-28T10:28:41.0793015Z Contents: read
handle-success	Set up job	2025-05-28T10:28:41.0793580Z Metadata: read
handle-success	Set up job	2025-05-28T10:28:41.0794166Z Packages: read
handle-success	Set up job	2025-05-28T10:28:41.0794826Z ##[endgroup]
handle-success	Set up job	2025-05-28T10:28:41.0797044Z Secret source: Actions
handle-success	Set up job	2025-05-28T10:28:41.0797772Z Prepare workflow directory
handle-success	Set up job	2025-05-28T10:28:41.1448602Z Prepare all required actions
handle-success	Set up job	2025-05-28T10:28:41.1488396Z Getting action download info
handle-success	Set up job	2025-05-28T10:28:41.7421854Z Download action repository 'actions/checkout@v4' (SHA:11bd71901bbe5b1630ceea73d27597364c9af683)
handle-success	Set up job	2025-05-28T10:28:42.5719852Z Complete job name: handle-success
handle-success	Checkout code	﻿2025-05-28T10:28:42.6218389Z ##[group]Run actions/checkout@v4
handle-success	Checkout code	2025-05-28T10:28:42.6219319Z with:
handle-success	Checkout code	2025-05-28T10:28:42.6219742Z   fetch-depth: 0
handle-success	Checkout code	2025-05-28T10:28:42.6220426Z   token: ***
handle-success	Checkout code	2025-05-28T10:28:42.6220874Z   repository: Ka0s-Klaus/ka0s
handle-success	Checkout code	2025-05-28T10:28:42.6221435Z   ssh-strict: true
handle-success	Checkout code	2025-05-28T10:28:42.6221870Z   ssh-user: git
handle-success	Checkout code	2025-05-28T10:28:42.6222315Z   persist-credentials: true
handle-success	Checkout code	2025-05-28T10:28:42.6222813Z   clean: true
handle-success	Checkout code	2025-05-28T10:28:42.6223249Z   sparse-checkout-cone-mode: true
handle-success	Checkout code	2025-05-28T10:28:42.6223789Z   fetch-tags: false
handle-success	Checkout code	2025-05-28T10:28:42.6224235Z   show-progress: true
handle-success	Checkout code	2025-05-28T10:28:42.6224867Z   lfs: false
handle-success	Checkout code	2025-05-28T10:28:42.6225412Z   submodules: false
handle-success	Checkout code	2025-05-28T10:28:42.6225891Z   set-safe-directory: true
handle-success	Checkout code	2025-05-28T10:28:42.6226609Z env:
handle-success	Checkout code	2025-05-28T10:28:42.6227030Z   KAOS_CODE: 15297819089
handle-success	Checkout code	2025-05-28T10:28:42.6227525Z   KAOS_EVENT_NAME: workflow_dispatch
handle-success	Checkout code	2025-05-28T10:28:42.6228062Z   KAOS_ACTION: 
handle-success	Checkout code	2025-05-28T10:28:42.6228497Z   KAOS_REF: refs/heads/main
handle-success	Checkout code	2025-05-28T10:28:42.6229027Z   KAOS_MODULE: [Ka0S] Deploy Web Structure
handle-success	Checkout code	2025-05-28T10:28:42.6229662Z   KAOS_JSON_RESUME: core/outputs/webs/
handle-success	Checkout code	2025-05-28T10:28:42.6230261Z   KAOS_WEB_STRUCTURE: core/results/webs/
handle-success	Checkout code	2025-05-28T10:28:42.6230829Z   KAOS_ACTOR: jh0ny2k2
handle-success	Checkout code	2025-05-28T10:28:42.6231358Z   KAOS_FINOPS_STRUCTURE: core/results/webs/finops/
handle-success	Checkout code	2025-05-28T10:28:42.6232103Z   KAOS_FINOPS_JSON_WEB: core/config/finops/config/webs.json
handle-success	Checkout code	2025-05-28T10:28:42.6232841Z   KAOS_FINOPS_JSON_DATA: core/config/finops/data
handle-success	Checkout code	2025-05-28T10:28:42.6233529Z   KAOS_FINOPS_TEMPLATE: core/config/finops/template/
handle-success	Checkout code	2025-05-28T10:28:42.6234194Z   KAOS_FINOPS: core/config/finops
handle-success	Checkout code	2025-05-28T10:28:42.6235068Z   KAOS_FINOPS_RESULTS_SECTION: core/results/webs/finops/section
handle-success	Checkout code	2025-05-28T10:28:42.6235765Z ##[endgroup]
handle-success	Checkout code	2025-05-28T10:28:42.7358027Z Syncing repository: Ka0s-Klaus/ka0s
handle-success	Checkout code	2025-05-28T10:28:42.7360033Z ##[group]Getting Git version info
handle-success	Checkout code	2025-05-28T10:28:42.7360895Z Working directory is '/actions-runner/_work/ka0s/ka0s'
handle-success	Checkout code	2025-05-28T10:28:42.7361953Z [command]/usr/bin/git version
handle-success	Checkout code	2025-05-28T10:28:42.7362534Z git version 2.43.0
handle-success	Checkout code	2025-05-28T10:28:42.7381074Z ##[endgroup]
handle-success	Checkout code	2025-05-28T10:28:42.7393026Z Copying '/home/kaos/.gitconfig' to '/actions-runner/_work/_temp/cbce02cd-91e9-482f-8cca-1faae9750e80/.gitconfig'
handle-success	Checkout code	2025-05-28T10:28:42.7405269Z Temporarily overriding HOME='/actions-runner/_work/_temp/cbce02cd-91e9-482f-8cca-1faae9750e80' before making global git config changes
handle-success	Checkout code	2025-05-28T10:28:42.7407122Z Adding repository directory to the temporary git global config as a safe directory
handle-success	Checkout code	2025-05-28T10:28:42.7409462Z [command]/usr/bin/git config --global --add safe.directory /actions-runner/_work/ka0s/ka0s
handle-success	Checkout code	2025-05-28T10:28:42.7455276Z [command]/usr/bin/git config --local --get remote.origin.url
handle-success	Checkout code	2025-05-28T10:28:42.7478305Z https://github.com/Ka0s-Klaus/ka0s
handle-success	Checkout code	2025-05-28T10:28:42.7502337Z ##[group]Removing previously created refs, to avoid conflicts
handle-success	Checkout code	2025-05-28T10:28:42.7503636Z [command]/usr/bin/git rev-parse --symbolic-full-name --verify --quiet HEAD
handle-success	Checkout code	2025-05-28T10:28:42.7527572Z refs/heads/main
handle-success	Checkout code	2025-05-28T10:28:42.7535597Z [command]/usr/bin/git checkout --detach
handle-success	Checkout code	2025-05-28T10:28:42.7685557Z HEAD is now at ae75b01d [Ka0S] Uploading resume execution files and finops structure to the repository...
handle-success	Checkout code	2025-05-28T10:28:42.7731272Z [command]/usr/bin/git branch --delete --force main
handle-success	Checkout code	2025-05-28T10:28:42.7764270Z Deleted branch main (was ae75b01d).
handle-success	Checkout code	2025-05-28T10:28:42.7837241Z ##[endgroup]
handle-success	Checkout code	2025-05-28T10:28:42.7838017Z [command]/usr/bin/git submodule status
handle-success	Checkout code	2025-05-28T10:28:42.8093511Z ##[group]Cleaning the repository
handle-success	Checkout code	2025-05-28T10:28:42.8097636Z [command]/usr/bin/git clean -ffdx
handle-success	Checkout code	2025-05-28T10:28:42.8175950Z [command]/usr/bin/git reset --hard HEAD
handle-success	Checkout code	2025-05-28T10:28:42.8459643Z HEAD is now at ae75b01d [Ka0S] Uploading resume execution files and finops structure to the repository...
handle-success	Checkout code	2025-05-28T10:28:42.8465606Z ##[endgroup]
handle-success	Checkout code	2025-05-28T10:28:42.8467352Z ##[group]Disabling automatic garbage collection
handle-success	Checkout code	2025-05-28T10:28:42.8473119Z [command]/usr/bin/git config --local gc.auto 0
handle-success	Checkout code	2025-05-28T10:28:42.8506156Z ##[endgroup]
handle-success	Checkout code	2025-05-28T10:28:42.8507476Z ##[group]Setting up auth
handle-success	Checkout code	2025-05-28T10:28:42.8513371Z [command]/usr/bin/git config --local --name-only --get-regexp core\.sshCommand
handle-success	Checkout code	2025-05-28T10:28:42.8558152Z [command]/usr/bin/git submodule foreach --recursive sh -c "git config --local --name-only --get-regexp 'core\.sshCommand' && git config --local --unset-all 'core.sshCommand' || :"
handle-success	Checkout code	2025-05-28T10:28:42.8822168Z [command]/usr/bin/git config --local --name-only --get-regexp http\.https\:\/\/github\.com\/\.extraheader
handle-success	Checkout code	2025-05-28T10:28:42.8855538Z [command]/usr/bin/git submodule foreach --recursive sh -c "git config --local --name-only --get-regexp 'http\.https\:\/\/github\.com\/\.extraheader' && git config --local --unset-all 'http.https://github.com/.extraheader' || :"
handle-success	Checkout code	2025-05-28T10:28:42.9118745Z [command]/usr/bin/git config --local http.https://github.com/.extraheader AUTHORIZATION: basic ***
handle-success	Checkout code	2025-05-28T10:28:42.9164075Z ##[endgroup]
handle-success	Checkout code	2025-05-28T10:28:42.9165255Z ##[group]Fetching the repository
handle-success	Checkout code	2025-05-28T10:28:42.9172673Z [command]/usr/bin/git -c protocol.version=2 fetch --prune --no-recurse-submodules origin +refs/heads/*:refs/remotes/origin/* +refs/tags/*:refs/tags/*
handle-success	Checkout code	2025-05-28T10:28:43.5128439Z [command]/usr/bin/git branch --list --remote origin/main
handle-success	Checkout code	2025-05-28T10:28:43.5159554Z   origin/main
handle-success	Checkout code	2025-05-28T10:28:43.5168030Z [command]/usr/bin/git rev-parse refs/remotes/origin/main
handle-success	Checkout code	2025-05-28T10:28:43.5216930Z ae75b01d817372244b7dd9236c7075abfc2c5529
handle-success	Checkout code	2025-05-28T10:28:43.5227836Z [command]/usr/bin/git -c protocol.version=2 fetch --no-tags --prune --no-recurse-submodules origin +dbee0a79cf1c73f3cf2dad66d4db68be7aa4dc02:refs/remotes/origin/main
handle-success	Checkout code	2025-05-28T10:28:43.5344520Z From https://github.com/Ka0s-Klaus/ka0s
handle-success	Checkout code	2025-05-28T10:28:43.5345860Z  + ae75b01d...dbee0a79 dbee0a79cf1c73f3cf2dad66d4db68be7aa4dc02 -> origin/main  (forced update)
handle-success	Checkout code	2025-05-28T10:28:43.5364836Z ##[endgroup]
handle-success	Checkout code	2025-05-28T10:28:43.5365771Z ##[group]Determining the checkout info
handle-success	Checkout code	2025-05-28T10:28:43.5371750Z ##[endgroup]
handle-success	Checkout code	2025-05-28T10:28:43.5372296Z [command]/usr/bin/git sparse-checkout disable
handle-success	Checkout code	2025-05-28T10:28:43.5458534Z [command]/usr/bin/git config --local --unset-all extensions.worktreeConfig
handle-success	Checkout code	2025-05-28T10:28:43.5491019Z ##[group]Checking out the ref
handle-success	Checkout code	2025-05-28T10:28:43.5495410Z [command]/usr/bin/git checkout --progress --force -B main refs/remotes/origin/main
handle-success	Checkout code	2025-05-28T10:28:43.5757996Z Warning: you are leaving 1 commit behind, not connected to
handle-success	Checkout code	2025-05-28T10:28:43.5759044Z any of your branches:
handle-success	Checkout code	2025-05-28T10:28:43.5759377Z 
handle-success	Checkout code	2025-05-28T10:28:43.5760040Z   ae75b01d [Ka0S] Uploading resume execution files and finops structure to the repository...
handle-success	Checkout code	2025-05-28T10:28:43.5760931Z 
handle-success	Checkout code	2025-05-28T10:28:43.5761358Z If you want to keep it by creating a new branch, this may be a good time
handle-success	Checkout code	2025-05-28T10:28:43.5762232Z to do so with:
handle-success	Checkout code	2025-05-28T10:28:43.5762500Z 
handle-success	Checkout code	2025-05-28T10:28:43.5762776Z  git branch <new-branch-name> ae75b01d
handle-success	Checkout code	2025-05-28T10:28:43.5763227Z 
handle-success	Checkout code	2025-05-28T10:28:43.5768842Z Switched to a new branch 'main'
handle-success	Checkout code	2025-05-28T10:28:43.5777517Z branch 'main' set up to track 'origin/main'.
handle-success	Checkout code	2025-05-28T10:28:43.5779949Z ##[endgroup]
handle-success	Checkout code	2025-05-28T10:28:43.5817938Z [command]/usr/bin/git log -1 --format=%H
handle-success	Checkout code	2025-05-28T10:28:43.5847507Z dbee0a79cf1c73f3cf2dad66d4db68be7aa4dc02
handle-success	handle-success-execution	﻿2025-05-28T10:28:43.6099679Z ##[group]Run # RNNUMBER=$(echo "refs/heads/main" | grep -o '[0-9]*')
handle-success	handle-success-execution	2025-05-28T10:28:43.6101208Z [36;1m# RNNUMBER=$(echo "refs/heads/main" | grep -o '[0-9]*')[0m
handle-success	handle-success-execution	2025-05-28T10:28:43.6103855Z [36;1m# gh issue comment $RNNUMBER --body "El proceso ha finalizado correctamente 15297819089. El resultado está en el fichero core/results/event_data_15297819089.log"[0m
handle-success	handle-success-execution	2025-05-28T10:28:43.6107462Z [36;1mecho "El proceso ha finalizado correctamente 15297819089. El resultado está en el fichero core/results/event_data_15297819089.log"[0m
handle-success	handle-success-execution	2025-05-28T10:28:43.6118566Z shell: /usr/bin/bash -e {0}
handle-success	handle-success-execution	2025-05-28T10:28:43.6119713Z env:
handle-success	handle-success-execution	2025-05-28T10:28:43.6120308Z   KAOS_CODE: 15297819089
handle-success	handle-success-execution	2025-05-28T10:28:43.6120953Z   KAOS_EVENT_NAME: workflow_dispatch
handle-success	handle-success-execution	2025-05-28T10:28:43.6121734Z   KAOS_ACTION: 
handle-success	handle-success-execution	2025-05-28T10:28:43.6122265Z   KAOS_REF: refs/heads/main
handle-success	handle-success-execution	2025-05-28T10:28:43.6123089Z   KAOS_MODULE: [Ka0S] Deploy Web Structure
handle-success	handle-success-execution	2025-05-28T10:28:43.6123936Z   KAOS_JSON_RESUME: core/outputs/webs/
handle-success	handle-success-execution	2025-05-28T10:28:43.6125013Z   KAOS_WEB_STRUCTURE: core/results/webs/
handle-success	handle-success-execution	2025-05-28T10:28:43.6126012Z   KAOS_ACTOR: jh0ny2k2
handle-success	handle-success-execution	2025-05-28T10:28:43.6126708Z   KAOS_FINOPS_STRUCTURE: core/results/webs/finops/
handle-success	handle-success-execution	2025-05-28T10:28:43.6127805Z   KAOS_FINOPS_JSON_WEB: core/config/finops/config/webs.json
handle-success	handle-success-execution	2025-05-28T10:28:43.6128888Z   KAOS_FINOPS_JSON_DATA: core/config/finops/data
handle-success	handle-success-execution	2025-05-28T10:28:43.6129894Z   KAOS_FINOPS_TEMPLATE: core/config/finops/template/
handle-success	handle-success-execution	2025-05-28T10:28:43.6130811Z   KAOS_FINOPS: core/config/finops
handle-success	handle-success-execution	2025-05-28T10:28:43.6131763Z   KAOS_FINOPS_RESULTS_SECTION: core/results/webs/finops/section
handle-success	handle-success-execution	2025-05-28T10:28:43.6133281Z   GH_TOKEN: ***
handle-success	handle-success-execution	2025-05-28T10:28:43.6134345Z ##[endgroup]
handle-success	handle-success-execution	2025-05-28T10:28:43.6190455Z El proceso ha finalizado correctamente 15297819089. El resultado está en el fichero core/results/event_data_15297819089.log
handle-success	Post Checkout code	﻿2025-05-28T10:28:43.6344166Z Post job cleanup.
handle-success	Post Checkout code	2025-05-28T10:28:43.7327327Z [command]/usr/bin/git version
handle-success	Post Checkout code	2025-05-28T10:28:43.7369239Z git version 2.43.0
handle-success	Post Checkout code	2025-05-28T10:28:43.7413790Z Copying '/home/kaos/.gitconfig' to '/actions-runner/_work/_temp/26a3e49c-c24b-40c9-8554-d527044d37bb/.gitconfig'
handle-success	Post Checkout code	2025-05-28T10:28:43.7428099Z Temporarily overriding HOME='/actions-runner/_work/_temp/26a3e49c-c24b-40c9-8554-d527044d37bb' before making global git config changes
handle-success	Post Checkout code	2025-05-28T10:28:43.7430872Z Adding repository directory to the temporary git global config as a safe directory
handle-success	Post Checkout code	2025-05-28T10:28:43.7433430Z [command]/usr/bin/git config --global --add safe.directory /actions-runner/_work/ka0s/ka0s
handle-success	Post Checkout code	2025-05-28T10:28:43.7478537Z [command]/usr/bin/git config --local --name-only --get-regexp core\.sshCommand
handle-success	Post Checkout code	2025-05-28T10:28:43.7518818Z [command]/usr/bin/git submodule foreach --recursive sh -c "git config --local --name-only --get-regexp 'core\.sshCommand' && git config --local --unset-all 'core.sshCommand' || :"
handle-success	Post Checkout code	2025-05-28T10:28:43.7783151Z [command]/usr/bin/git config --local --name-only --get-regexp http\.https\:\/\/github\.com\/\.extraheader
handle-success	Post Checkout code	2025-05-28T10:28:43.7808244Z http.https://github.com/.extraheader
handle-success	Post Checkout code	2025-05-28T10:28:43.7820578Z [command]/usr/bin/git config --local --unset-all http.https://github.com/.extraheader
handle-success	Post Checkout code	2025-05-28T10:28:43.7856861Z [command]/usr/bin/git submodule foreach --recursive sh -c "git config --local --name-only --get-regexp 'http\.https\:\/\/github\.com\/\.extraheader' && git config --local --unset-all 'http.https://github.com/.extraheader' || :"
handle-success	Complete job	﻿2025-05-28T10:28:43.8240243Z Cleaning up orphan processes
end-workflow	Set up job	﻿2025-05-28T10:28:49.8864610Z Current runner version: '2.324.0'
end-workflow	Set up job	2025-05-28T10:28:49.8871910Z Runner name: 'ka0s-ka0s-5'
end-workflow	Set up job	2025-05-28T10:28:49.8872908Z Machine name: '85bf26d22df3'
end-workflow	Set up job	2025-05-28T10:28:49.8875730Z ##[group]GITHUB_TOKEN Permissions
end-workflow	Set up job	2025-05-28T10:28:49.8878049Z Contents: read
end-workflow	Set up job	2025-05-28T10:28:49.8878655Z Metadata: read
end-workflow	Set up job	2025-05-28T10:28:49.8879160Z Packages: read
end-workflow	Set up job	2025-05-28T10:28:49.8879815Z ##[endgroup]
end-workflow	Set up job	2025-05-28T10:28:49.8882054Z Secret source: Actions
end-workflow	Set up job	2025-05-28T10:28:49.8882758Z Prepare workflow directory
end-workflow	Set up job	2025-05-28T10:28:49.9510164Z Prepare all required actions
end-workflow	Set up job	2025-05-28T10:28:49.9550629Z Getting action download info
end-workflow	Set up job	2025-05-28T10:28:50.4753130Z Download action repository 'actions/checkout@v4' (SHA:11bd71901bbe5b1630ceea73d27597364c9af683)
end-workflow	Set up job	2025-05-28T10:28:51.2559921Z Complete job name: end-workflow
end-workflow	Checkout code	﻿2025-05-28T10:28:51.2998371Z ##[group]Run actions/checkout@v4
end-workflow	Checkout code	2025-05-28T10:28:51.2999255Z with:
end-workflow	Checkout code	2025-05-28T10:28:51.2999656Z   fetch-depth: 0
end-workflow	Checkout code	2025-05-28T10:28:51.3000248Z   token: ***
end-workflow	Checkout code	2025-05-28T10:28:51.3000627Z   repository: Ka0s-Klaus/ka0s
end-workflow	Checkout code	2025-05-28T10:28:51.3001101Z   ssh-strict: true
end-workflow	Checkout code	2025-05-28T10:28:51.3001466Z   ssh-user: git
end-workflow	Checkout code	2025-05-28T10:28:51.3001838Z   persist-credentials: true
end-workflow	Checkout code	2025-05-28T10:28:51.3002259Z   clean: true
end-workflow	Checkout code	2025-05-28T10:28:51.3002627Z   sparse-checkout-cone-mode: true
end-workflow	Checkout code	2025-05-28T10:28:51.3003083Z   fetch-tags: false
end-workflow	Checkout code	2025-05-28T10:28:51.3003459Z   show-progress: true
end-workflow	Checkout code	2025-05-28T10:28:51.3003841Z   lfs: false
end-workflow	Checkout code	2025-05-28T10:28:51.3004186Z   submodules: false
end-workflow	Checkout code	2025-05-28T10:28:51.3004562Z   set-safe-directory: true
end-workflow	Checkout code	2025-05-28T10:28:51.3005282Z env:
end-workflow	Checkout code	2025-05-28T10:28:51.3005639Z   KAOS_CODE: 15297819089
end-workflow	Checkout code	2025-05-28T10:28:51.3006057Z   KAOS_EVENT_NAME: workflow_dispatch
end-workflow	Checkout code	2025-05-28T10:28:51.3006515Z   KAOS_ACTION: 
end-workflow	Checkout code	2025-05-28T10:28:51.3006877Z   KAOS_REF: refs/heads/main
end-workflow	Checkout code	2025-05-28T10:28:51.3007324Z   KAOS_MODULE: [Ka0S] Deploy Web Structure
end-workflow	Checkout code	2025-05-28T10:28:51.3007856Z   KAOS_JSON_RESUME: core/outputs/webs/
end-workflow	Checkout code	2025-05-28T10:28:51.3008348Z   KAOS_WEB_STRUCTURE: core/results/webs/
end-workflow	Checkout code	2025-05-28T10:28:51.3008823Z   KAOS_ACTOR: jh0ny2k2
end-workflow	Checkout code	2025-05-28T10:28:51.3009273Z   KAOS_FINOPS_STRUCTURE: core/results/webs/finops/
end-workflow	Checkout code	2025-05-28T10:28:51.3009939Z   KAOS_FINOPS_JSON_WEB: core/config/finops/config/webs.json
end-workflow	Checkout code	2025-05-28T10:28:51.3010555Z   KAOS_FINOPS_JSON_DATA: core/config/finops/data
end-workflow	Checkout code	2025-05-28T10:28:51.3011137Z   KAOS_FINOPS_TEMPLATE: core/config/finops/template/
end-workflow	Checkout code	2025-05-28T10:28:51.3011683Z   KAOS_FINOPS: core/config/finops
end-workflow	Checkout code	2025-05-28T10:28:51.3012250Z   KAOS_FINOPS_RESULTS_SECTION: core/results/webs/finops/section
end-workflow	Checkout code	2025-05-28T10:28:51.3012970Z   GH_TOKEN: ***
end-workflow	Checkout code	2025-05-28T10:28:51.3013331Z ##[endgroup]
end-workflow	Checkout code	2025-05-28T10:28:51.4147911Z Syncing repository: Ka0s-Klaus/ka0s
end-workflow	Checkout code	2025-05-28T10:28:51.4149939Z ##[group]Getting Git version info
end-workflow	Checkout code	2025-05-28T10:28:51.4150588Z Working directory is '/actions-runner/_work/ka0s/ka0s'
end-workflow	Checkout code	2025-05-28T10:28:51.4151520Z [command]/usr/bin/git version
end-workflow	Checkout code	2025-05-28T10:28:51.4151974Z git version 2.43.0
end-workflow	Checkout code	2025-05-28T10:28:51.4174121Z ##[endgroup]
end-workflow	Checkout code	2025-05-28T10:28:51.4187578Z Copying '/home/kaos/.gitconfig' to '/actions-runner/_work/_temp/2ba3d24d-1c91-4d43-a6f8-84eaeef2a359/.gitconfig'
end-workflow	Checkout code	2025-05-28T10:28:51.4199901Z Temporarily overriding HOME='/actions-runner/_work/_temp/2ba3d24d-1c91-4d43-a6f8-84eaeef2a359' before making global git config changes
end-workflow	Checkout code	2025-05-28T10:28:51.4201297Z Adding repository directory to the temporary git global config as a safe directory
end-workflow	Checkout code	2025-05-28T10:28:51.4203434Z [command]/usr/bin/git config --global --add safe.directory /actions-runner/_work/ka0s/ka0s
end-workflow	Checkout code	2025-05-28T10:28:51.4248975Z [command]/usr/bin/git config --local --get remote.origin.url
end-workflow	Checkout code	2025-05-28T10:28:51.4272128Z https://github.com/Ka0s-Klaus/ka0s
end-workflow	Checkout code	2025-05-28T10:28:51.4290241Z ##[group]Removing previously created refs, to avoid conflicts
end-workflow	Checkout code	2025-05-28T10:28:51.4294197Z [command]/usr/bin/git rev-parse --symbolic-full-name --verify --quiet HEAD
end-workflow	Checkout code	2025-05-28T10:28:51.4318304Z refs/heads/main
end-workflow	Checkout code	2025-05-28T10:28:51.4330050Z [command]/usr/bin/git checkout --detach
end-workflow	Checkout code	2025-05-28T10:28:51.4476419Z HEAD is now at 07258a38 Merge branch 'main' of https://github.com/Ka0s-Klaus/ka0s
end-workflow	Checkout code	2025-05-28T10:28:51.4521975Z [command]/usr/bin/git branch --delete --force main
end-workflow	Checkout code	2025-05-28T10:28:51.4556967Z Deleted branch main (was 07258a38).
end-workflow	Checkout code	2025-05-28T10:28:51.4631900Z ##[endgroup]
end-workflow	Checkout code	2025-05-28T10:28:51.4633603Z [command]/usr/bin/git submodule status
end-workflow	Checkout code	2025-05-28T10:28:51.4897305Z ##[group]Cleaning the repository
end-workflow	Checkout code	2025-05-28T10:28:51.4898016Z [command]/usr/bin/git clean -ffdx
end-workflow	Checkout code	2025-05-28T10:28:51.4978624Z [command]/usr/bin/git reset --hard HEAD
end-workflow	Checkout code	2025-05-28T10:28:51.5261179Z HEAD is now at 07258a38 Merge branch 'main' of https://github.com/Ka0s-Klaus/ka0s
end-workflow	Checkout code	2025-05-28T10:28:51.5267569Z ##[endgroup]
end-workflow	Checkout code	2025-05-28T10:28:51.5269476Z ##[group]Disabling automatic garbage collection
end-workflow	Checkout code	2025-05-28T10:28:51.5274543Z [command]/usr/bin/git config --local gc.auto 0
end-workflow	Checkout code	2025-05-28T10:28:51.5306629Z ##[endgroup]
end-workflow	Checkout code	2025-05-28T10:28:51.5307775Z ##[group]Setting up auth
end-workflow	Checkout code	2025-05-28T10:28:51.5313724Z [command]/usr/bin/git config --local --name-only --get-regexp core\.sshCommand
end-workflow	Checkout code	2025-05-28T10:28:51.5360001Z [command]/usr/bin/git submodule foreach --recursive sh -c "git config --local --name-only --get-regexp 'core\.sshCommand' && git config --local --unset-all 'core.sshCommand' || :"
end-workflow	Checkout code	2025-05-28T10:28:51.5621200Z [command]/usr/bin/git config --local --name-only --get-regexp http\.https\:\/\/github\.com\/\.extraheader
end-workflow	Checkout code	2025-05-28T10:28:51.5655517Z [command]/usr/bin/git submodule foreach --recursive sh -c "git config --local --name-only --get-regexp 'http\.https\:\/\/github\.com\/\.extraheader' && git config --local --unset-all 'http.https://github.com/.extraheader' || :"
end-workflow	Checkout code	2025-05-28T10:28:51.5922889Z [command]/usr/bin/git config --local http.https://github.com/.extraheader AUTHORIZATION: basic ***
end-workflow	Checkout code	2025-05-28T10:28:51.5966324Z ##[endgroup]
end-workflow	Checkout code	2025-05-28T10:28:51.5967284Z ##[group]Fetching the repository
end-workflow	Checkout code	2025-05-28T10:28:51.5974986Z [command]/usr/bin/git -c protocol.version=2 fetch --prune --no-recurse-submodules origin +refs/heads/*:refs/remotes/origin/* +refs/tags/*:refs/tags/*
end-workflow	Checkout code	2025-05-28T10:28:52.4380002Z From https://github.com/Ka0s-Klaus/ka0s
end-workflow	Checkout code	2025-05-28T10:28:52.4381523Z    07258a38..ae75b01d  main       -> origin/main
end-workflow	Checkout code	2025-05-28T10:28:52.4435933Z [command]/usr/bin/git branch --list --remote origin/main
end-workflow	Checkout code	2025-05-28T10:28:52.4464703Z   origin/main
end-workflow	Checkout code	2025-05-28T10:28:52.4473160Z [command]/usr/bin/git rev-parse refs/remotes/origin/main
end-workflow	Checkout code	2025-05-28T10:28:52.4497654Z ae75b01d817372244b7dd9236c7075abfc2c5529
end-workflow	Checkout code	2025-05-28T10:28:52.4521641Z [command]/usr/bin/git -c protocol.version=2 fetch --no-tags --prune --no-recurse-submodules origin +dbee0a79cf1c73f3cf2dad66d4db68be7aa4dc02:refs/remotes/origin/main
end-workflow	Checkout code	2025-05-28T10:28:52.4647907Z From https://github.com/Ka0s-Klaus/ka0s
end-workflow	Checkout code	2025-05-28T10:28:52.4651799Z  + ae75b01d...dbee0a79 dbee0a79cf1c73f3cf2dad66d4db68be7aa4dc02 -> origin/main  (forced update)
end-workflow	Checkout code	2025-05-28T10:28:52.4674196Z ##[endgroup]
end-workflow	Checkout code	2025-05-28T10:28:52.4676185Z ##[group]Determining the checkout info
end-workflow	Checkout code	2025-05-28T10:28:52.4678111Z ##[endgroup]
end-workflow	Checkout code	2025-05-28T10:28:52.4679359Z [command]/usr/bin/git sparse-checkout disable
end-workflow	Checkout code	2025-05-28T10:28:52.4762680Z [command]/usr/bin/git config --local --unset-all extensions.worktreeConfig
end-workflow	Checkout code	2025-05-28T10:28:52.4794826Z ##[group]Checking out the ref
end-workflow	Checkout code	2025-05-28T10:28:52.4798035Z [command]/usr/bin/git checkout --progress --force -B main refs/remotes/origin/main
end-workflow	Checkout code	2025-05-28T10:28:52.5083804Z Previous HEAD position was 07258a38 Merge branch 'main' of https://github.com/Ka0s-Klaus/ka0s
end-workflow	Checkout code	2025-05-28T10:28:52.5093381Z Switched to a new branch 'main'
end-workflow	Checkout code	2025-05-28T10:28:52.5095153Z branch 'main' set up to track 'origin/main'.
end-workflow	Checkout code	2025-05-28T10:28:52.5103197Z ##[endgroup]
end-workflow	Checkout code	2025-05-28T10:28:52.5144403Z [command]/usr/bin/git log -1 --format=%H
end-workflow	Checkout code	2025-05-28T10:28:52.5172823Z dbee0a79cf1c73f3cf2dad66d4db68be7aa4dc02
end-workflow	Finaliza el workflow	﻿2025-05-28T10:28:52.5423759Z ##[group]Run echo "End process"
end-workflow	Finaliza el workflow	2025-05-28T10:28:52.5425245Z [36;1mecho "End process"[0m
end-workflow	Finaliza el workflow	2025-05-28T10:28:52.5426602Z [36;1m# RNNUMBER=$(echo "refs/heads/main" | grep -o '[0-9]*')[0m
end-workflow	Finaliza el workflow	2025-05-28T10:28:52.5428434Z [36;1m# gh issue comment $RNNUMBER --body "Se finaliza Ka0s 15297819089"[0m
end-workflow	Finaliza el workflow	2025-05-28T10:28:52.5430093Z [36;1mecho "Se finaliza Ka0s 15297819089"[0m
end-workflow	Finaliza el workflow	2025-05-28T10:28:52.5432728Z [36;1mgh workflow run inspector.yml --ref 'main' -f kaos-issue-id=$RNNUMBER -f kaos-workflow-id="15297819089" -f kaos-user-start=""[0m
end-workflow	Finaliza el workflow	2025-05-28T10:28:52.5445240Z shell: /usr/bin/bash -e {0}
end-workflow	Finaliza el workflow	2025-05-28T10:28:52.5446340Z env:
end-workflow	Finaliza el workflow	2025-05-28T10:28:52.5447175Z   KAOS_CODE: 15297819089
end-workflow	Finaliza el workflow	2025-05-28T10:28:52.5448204Z   KAOS_EVENT_NAME: workflow_dispatch
end-workflow	Finaliza el workflow	2025-05-28T10:28:52.5449325Z   KAOS_ACTION: 
end-workflow	Finaliza el workflow	2025-05-28T10:28:52.5450190Z   KAOS_REF: refs/heads/main
end-workflow	Finaliza el workflow	2025-05-28T10:28:52.5451276Z   KAOS_MODULE: [Ka0S] Deploy Web Structure
end-workflow	Finaliza el workflow	2025-05-28T10:28:52.5452506Z   KAOS_JSON_RESUME: core/outputs/webs/
end-workflow	Finaliza el workflow	2025-05-28T10:28:52.5453704Z   KAOS_WEB_STRUCTURE: core/results/webs/
end-workflow	Finaliza el workflow	2025-05-28T10:28:52.5454986Z   KAOS_ACTOR: jh0ny2k2
end-workflow	Finaliza el workflow	2025-05-28T10:28:52.5456064Z   KAOS_FINOPS_STRUCTURE: core/results/webs/finops/
end-workflow	Finaliza el workflow	2025-05-28T10:28:52.5457582Z   KAOS_FINOPS_JSON_WEB: core/config/finops/config/webs.json
end-workflow	Finaliza el workflow	2025-05-28T10:28:52.5459071Z   KAOS_FINOPS_JSON_DATA: core/config/finops/data
end-workflow	Finaliza el workflow	2025-05-28T10:28:52.5460478Z   KAOS_FINOPS_TEMPLATE: core/config/finops/template/
end-workflow	Finaliza el workflow	2025-05-28T10:28:52.5461809Z   KAOS_FINOPS: core/config/finops
end-workflow	Finaliza el workflow	2025-05-28T10:28:52.5463356Z   KAOS_FINOPS_RESULTS_SECTION: core/results/webs/finops/section
end-workflow	Finaliza el workflow	2025-05-28T10:28:52.5465695Z   GH_TOKEN: ***
end-workflow	Finaliza el workflow	2025-05-28T10:28:52.5466558Z ##[endgroup]
end-workflow	Finaliza el workflow	2025-05-28T10:28:52.5525163Z End process
end-workflow	Finaliza el workflow	2025-05-28T10:28:52.5526314Z Se finaliza Ka0s 15297819089
end-workflow	Post Checkout code	﻿2025-05-28T10:28:53.1800294Z Post job cleanup.
end-workflow	Post Checkout code	2025-05-28T10:28:53.2795128Z [command]/usr/bin/git version
end-workflow	Post Checkout code	2025-05-28T10:28:53.2833923Z git version 2.43.0
end-workflow	Post Checkout code	2025-05-28T10:28:53.2875978Z Copying '/home/kaos/.gitconfig' to '/actions-runner/_work/_temp/dc5783b7-4b20-48c4-aa33-c4a0d8bf568e/.gitconfig'
end-workflow	Post Checkout code	2025-05-28T10:28:53.2891154Z Temporarily overriding HOME='/actions-runner/_work/_temp/dc5783b7-4b20-48c4-aa33-c4a0d8bf568e' before making global git config changes
end-workflow	Post Checkout code	2025-05-28T10:28:53.2892168Z Adding repository directory to the temporary git global config as a safe directory
end-workflow	Post Checkout code	2025-05-28T10:28:53.2896752Z [command]/usr/bin/git config --global --add safe.directory /actions-runner/_work/ka0s/ka0s
end-workflow	Post Checkout code	2025-05-28T10:28:53.2938265Z [command]/usr/bin/git config --local --name-only --get-regexp core\.sshCommand
end-workflow	Post Checkout code	2025-05-28T10:28:53.2983911Z [command]/usr/bin/git submodule foreach --recursive sh -c "git config --local --name-only --get-regexp 'core\.sshCommand' && git config --local --unset-all 'core.sshCommand' || :"
end-workflow	Post Checkout code	2025-05-28T10:28:53.3249572Z [command]/usr/bin/git config --local --name-only --get-regexp http\.https\:\/\/github\.com\/\.extraheader
end-workflow	Post Checkout code	2025-05-28T10:28:53.3273878Z http.https://github.com/.extraheader
end-workflow	Post Checkout code	2025-05-28T10:28:53.3287415Z [command]/usr/bin/git config --local --unset-all http.https://github.com/.extraheader
end-workflow	Post Checkout code	2025-05-28T10:28:53.3401117Z [command]/usr/bin/git submodule foreach --recursive sh -c "git config --local --name-only --get-regexp 'http\.https\:\/\/github\.com\/\.extraheader' && git config --local --unset-all 'http.https://github.com/.extraheader' || :"
end-workflow	Complete job	﻿2025-05-28T10:28:53.3711867Z Cleaning up orphan processes
