job-repo	Set up job	2025-02-10T16:13:11.5380905Z Current runner version: '2.322.0'
job-repo	Set up job	2025-02-10T16:13:11.5388273Z Runner name: 'execution-1'
job-repo	Set up job	2025-02-10T16:13:11.5389062Z Runner group name: 'execution'
job-repo	Set up job	2025-02-10T16:13:11.5389922Z Machine name: '92a49a86a261'
job-repo	Set up job	2025-02-10T16:13:11.5392652Z ##[group]GITHUB_TOKEN Permissions
job-repo	Set up job	2025-02-10T16:13:11.5395206Z Actions: write
job-repo	Set up job	2025-02-10T16:13:11.5395740Z Contents: write
job-repo	Set up job	2025-02-10T16:13:11.5396224Z Issues: write
job-repo	Set up job	2025-02-10T16:13:11.5396685Z Metadata: read
job-repo	Set up job	2025-02-10T16:13:11.5397171Z PullRequests: write
job-repo	Set up job	2025-02-10T16:13:11.5397668Z ##[endgroup]
job-repo	Set up job	2025-02-10T16:13:11.5399759Z Secret source: Actions
job-repo	Set up job	2025-02-10T16:13:11.5400573Z Prepare workflow directory
job-repo	Set up job	2025-02-10T16:13:11.5979974Z Prepare all required actions
job-repo	Set up job	2025-02-10T16:13:11.6018140Z Getting action download info
job-repo	Set up job	2025-02-10T16:13:11.8078190Z Download action repository 'actions/checkout@v4' (SHA:11bd71901bbe5b1630ceea73d27597364c9af683)
job-repo	Set up job	2025-02-10T16:13:12.6618395Z Complete job name: job-repo
job-repo	Checkout repository	2025-02-10T16:13:12.7290186Z ##[group]Run actions/checkout@v4
job-repo	Checkout repository	2025-02-10T16:13:12.7291342Z with:
job-repo	Checkout repository	2025-02-10T16:13:12.7291971Z   fetch-depth: 0
job-repo	Checkout repository	2025-02-10T16:13:12.7292817Z   token: ***
job-repo	Checkout repository	2025-02-10T16:13:12.7293312Z   repository: Ka0s-Klaus/ka0s
job-repo	Checkout repository	2025-02-10T16:13:12.7293889Z   ssh-strict: true
job-repo	Checkout repository	2025-02-10T16:13:12.7294489Z   ssh-user: git
job-repo	Checkout repository	2025-02-10T16:13:12.7295102Z   persist-credentials: true
job-repo	Checkout repository	2025-02-10T16:13:12.7295624Z   clean: true
job-repo	Checkout repository	2025-02-10T16:13:12.7296118Z   sparse-checkout-cone-mode: true
job-repo	Checkout repository	2025-02-10T16:13:12.7296696Z   fetch-tags: false
job-repo	Checkout repository	2025-02-10T16:13:12.7297209Z   show-progress: true
job-repo	Checkout repository	2025-02-10T16:13:12.7297707Z   lfs: false
job-repo	Checkout repository	2025-02-10T16:13:12.7298160Z   submodules: false
job-repo	Checkout repository	2025-02-10T16:13:12.7298827Z   set-safe-directory: true
job-repo	Checkout repository	2025-02-10T16:13:12.7299986Z env:
job-repo	Checkout repository	2025-02-10T16:13:12.7300508Z   KAOS_MODULE: [Ka0S] Execution
job-repo	Checkout repository	2025-02-10T16:13:12.7301391Z   GH_TOKEN: ***
job-repo	Checkout repository	2025-02-10T16:13:12.7301915Z   BRANCH_NAME: refs/heads/main
job-repo	Checkout repository	2025-02-10T16:13:12.7302580Z   KAOS_AUTOMATION_COMPLIANCE: compliance/core/core.json
job-repo	Checkout repository	2025-02-10T16:13:12.7303418Z   KAOS_PATH_RESUME: core/results/
job-repo	Checkout repository	2025-02-10T16:13:12.7304240Z   KAOS_PATH_OUTPUT: core/outputs/e/
job-repo	Checkout repository	2025-02-10T16:13:12.7304957Z   KAOS_REPO: /actions-runner/_work/kaos/kaos
job-repo	Checkout repository	2025-02-10T16:13:12.7305633Z   KAOS_STEP_MODULE: 
job-repo	Checkout repository	2025-02-10T16:13:12.7306165Z   KAOS_CODE: 13245308225
job-repo	Checkout repository	2025-02-10T16:13:12.7306711Z   KAOS_ISSUE_NUMBER: 31
job-repo	Checkout repository	2025-02-10T16:13:12.7307273Z   KAOS_ISSUE_TITLE: [E] Ejecucion de core
job-repo	Checkout repository	2025-02-10T16:13:12.7307958Z   KAOS_ISSUE_BODY: "module":"core"
job-repo	Checkout repository	2025-02-10T16:13:12.7308645Z   KAOS_ISSUE_USER: santakloud
job-repo	Checkout repository	2025-02-10T16:13:12.7309292Z ##[endgroup]
job-repo	Checkout repository	2025-02-10T16:13:12.8697011Z Syncing repository: Ka0s-Klaus/ka0s
job-repo	Checkout repository	2025-02-10T16:13:12.8699522Z ##[group]Getting Git version info
job-repo	Checkout repository	2025-02-10T16:13:12.8700288Z Working directory is '/actions-runner/_work/ka0s/ka0s'
job-repo	Checkout repository	2025-02-10T16:13:12.8701343Z [command]/usr/bin/git version
job-repo	Checkout repository	2025-02-10T16:13:12.8701940Z git version 2.25.1
job-repo	Checkout repository	2025-02-10T16:13:12.8723515Z ##[endgroup]
job-repo	Checkout repository	2025-02-10T16:13:12.8746772Z Temporarily overriding HOME='/actions-runner/_work/_temp/52ee6ace-95f4-42a3-9bdc-1ad50b1fee15' before making global git config changes
job-repo	Checkout repository	2025-02-10T16:13:12.8749690Z Adding repository directory to the temporary git global config as a safe directory
job-repo	Checkout repository	2025-02-10T16:13:12.8753428Z [command]/usr/bin/git config --global --add safe.directory /actions-runner/_work/ka0s/ka0s
job-repo	Checkout repository	2025-02-10T16:13:12.8795943Z [command]/usr/bin/git config --local --get remote.origin.url
job-repo	Checkout repository	2025-02-10T16:13:12.8819781Z https://github.com/Ka0s-Klaus/ka0s
job-repo	Checkout repository	2025-02-10T16:13:12.8841288Z ##[group]Removing previously created refs, to avoid conflicts
job-repo	Checkout repository	2025-02-10T16:13:12.8845958Z [command]/usr/bin/git rev-parse --symbolic-full-name --verify --quiet HEAD
job-repo	Checkout repository	2025-02-10T16:13:12.8869378Z refs/heads/main
job-repo	Checkout repository	2025-02-10T16:13:12.8879198Z [command]/usr/bin/git checkout --detach
job-repo	Checkout repository	2025-02-10T16:13:12.8961311Z HEAD is now at e6a5a46 Merge pull request #28 from Ka0s-Klaus/H18-modulo-executionyml
job-repo	Checkout repository	2025-02-10T16:13:12.9010866Z [command]/usr/bin/git branch --delete --force main
job-repo	Checkout repository	2025-02-10T16:13:12.9042454Z Deleted branch main (was e6a5a46).
job-repo	Checkout repository	2025-02-10T16:13:12.9082313Z ##[endgroup]
job-repo	Checkout repository	2025-02-10T16:13:12.9084565Z [command]/usr/bin/git submodule status
job-repo	Checkout repository	2025-02-10T16:13:12.9363010Z ##[group]Cleaning the repository
job-repo	Checkout repository	2025-02-10T16:13:12.9368394Z [command]/usr/bin/git clean -ffdx
job-repo	Checkout repository	2025-02-10T16:13:12.9398058Z Removing core/outputs/e/13244921481-29.txt
job-repo	Checkout repository	2025-02-10T16:13:12.9407559Z [command]/usr/bin/git reset --hard HEAD
job-repo	Checkout repository	2025-02-10T16:13:12.9458188Z HEAD is now at e6a5a46 Merge pull request #28 from Ka0s-Klaus/H18-modulo-executionyml
job-repo	Checkout repository	2025-02-10T16:13:12.9462350Z ##[endgroup]
job-repo	Checkout repository	2025-02-10T16:13:12.9463258Z ##[group]Disabling automatic garbage collection
job-repo	Checkout repository	2025-02-10T16:13:12.9468369Z [command]/usr/bin/git config --local gc.auto 0
job-repo	Checkout repository	2025-02-10T16:13:12.9514904Z ##[endgroup]
job-repo	Checkout repository	2025-02-10T16:13:12.9515853Z ##[group]Setting up auth
job-repo	Checkout repository	2025-02-10T16:13:12.9516686Z [command]/usr/bin/git config --local --name-only --get-regexp core\.sshCommand
job-repo	Checkout repository	2025-02-10T16:13:12.9548343Z [command]/usr/bin/git submodule foreach --recursive sh -c "git config --local --name-only --get-regexp 'core\.sshCommand' && git config --local --unset-all 'core.sshCommand' || :"
job-repo	Checkout repository	2025-02-10T16:13:12.9823074Z [command]/usr/bin/git config --local --name-only --get-regexp http\.https\:\/\/github\.com\/\.extraheader
job-repo	Checkout repository	2025-02-10T16:13:12.9855586Z [command]/usr/bin/git submodule foreach --recursive sh -c "git config --local --name-only --get-regexp 'http\.https\:\/\/github\.com\/\.extraheader' && git config --local --unset-all 'http.https://github.com/.extraheader' || :"
job-repo	Checkout repository	2025-02-10T16:13:13.0135949Z [command]/usr/bin/git config --local http.https://github.com/.extraheader AUTHORIZATION: basic ***
job-repo	Checkout repository	2025-02-10T16:13:13.0176160Z ##[endgroup]
job-repo	Checkout repository	2025-02-10T16:13:13.0177116Z ##[group]Fetching the repository
job-repo	Checkout repository	2025-02-10T16:13:13.0184355Z [command]/usr/bin/git -c protocol.version=2 fetch --prune --no-recurse-submodules origin +refs/heads/*:refs/remotes/origin/* +refs/tags/*:refs/tags/*
job-repo	Checkout repository	2025-02-10T16:13:13.8340934Z From https://github.com/Ka0s-Klaus/ka0s
job-repo	Checkout repository	2025-02-10T16:13:13.8359308Z    5e62ab3..0c10a0b  H18-modulo-executionyml -> origin/H18-modulo-executionyml
job-repo	Checkout repository	2025-02-10T16:13:13.8363812Z    e6a5a46..40ee3bb  main                    -> origin/main
job-repo	Checkout repository	2025-02-10T16:13:13.8392695Z [command]/usr/bin/git branch --list --remote origin/main
job-repo	Checkout repository	2025-02-10T16:13:13.8429994Z   origin/main
job-repo	Checkout repository	2025-02-10T16:13:13.8452435Z [command]/usr/bin/git rev-parse refs/remotes/origin/main
job-repo	Checkout repository	2025-02-10T16:13:13.8487124Z 40ee3bb4f205c85ea6f04cbd05f2081ef4250f97
job-repo	Checkout repository	2025-02-10T16:13:13.8506614Z ##[endgroup]
job-repo	Checkout repository	2025-02-10T16:13:13.8508316Z ##[group]Determining the checkout info
job-repo	Checkout repository	2025-02-10T16:13:13.8510237Z ##[endgroup]
job-repo	Checkout repository	2025-02-10T16:13:13.8511947Z ##[group]Checking out the ref
job-repo	Checkout repository	2025-02-10T16:13:13.8513847Z [command]/usr/bin/git checkout --progress --force -B main refs/remotes/origin/main
job-repo	Checkout repository	2025-02-10T16:13:13.8610532Z Previous HEAD position was e6a5a46 Merge pull request #28 from Ka0s-Klaus/H18-modulo-executionyml
job-repo	Checkout repository	2025-02-10T16:13:13.8621494Z Switched to a new branch 'main'
job-repo	Checkout repository	2025-02-10T16:13:13.8636546Z Branch 'main' set up to track remote branch 'main' from 'origin'.
job-repo	Checkout repository	2025-02-10T16:13:13.8642099Z ##[endgroup]
job-repo	Checkout repository	2025-02-10T16:13:13.8686089Z [command]/usr/bin/git log -1 --format=%H
job-repo	Checkout repository	2025-02-10T16:13:13.8720135Z 40ee3bb4f205c85ea6f04cbd05f2081ef4250f97
job-repo	Message	2025-02-10T16:13:13.9012728Z ##[group]Run echo "Init repository"
job-repo	Message	2025-02-10T16:13:13.9014480Z [36;1mecho "Init repository"[0m
job-repo	Message	2025-02-10T16:13:13.9016178Z [36;1m# Vemos si con inicializar el fichero solventamos el problema[0m
job-repo	Message	2025-02-10T16:13:13.9017736Z [36;1mtouch core/outputs/e/13245308225-31.txt[0m
job-repo	Message	2025-02-10T16:13:13.9019259Z [36;1m_timestamp=$(TZ='Europe/Madrid' date +'%Y-%m-%d %H:%M:%S %Z')[0m
job-repo	Message	2025-02-10T16:13:13.9022394Z [36;1mecho "($_timestamp) - Se ha iniciado la ejecución 13245308225 a través de la tarjeta #31." >> core/outputs/e/13245308225-31.txt[0m
job-repo	Message	2025-02-10T16:13:13.9025385Z [36;1m_timestamp=$(TZ='Europe/Madrid' date +'%Y-%m-%d %H:%M:%S %Z')[0m
job-repo	Message	2025-02-10T16:13:13.9027491Z [36;1mecho "($_timestamp) - Se ha iniciado el Repositorio." >> core/outputs/e/13245308225-31.txt[0m
job-repo	Message	2025-02-10T16:13:13.9040740Z shell: /usr/bin/bash -e {0}
job-repo	Message	2025-02-10T16:13:13.9041718Z env:
job-repo	Message	2025-02-10T16:13:13.9042761Z   KAOS_MODULE: [Ka0S] Execution
job-repo	Message	2025-02-10T16:13:13.9044755Z   GH_TOKEN: ***
job-repo	Message	2025-02-10T16:13:13.9045615Z   BRANCH_NAME: refs/heads/main
job-repo	Message	2025-02-10T16:13:13.9046872Z   KAOS_AUTOMATION_COMPLIANCE: compliance/core/core.json
job-repo	Message	2025-02-10T16:13:13.9048213Z   KAOS_PATH_RESUME: core/results/
job-repo	Message	2025-02-10T16:13:13.9049300Z   KAOS_PATH_OUTPUT: core/outputs/e/
job-repo	Message	2025-02-10T16:13:13.9050453Z   KAOS_REPO: /actions-runner/_work/kaos/kaos
job-repo	Message	2025-02-10T16:13:13.9051603Z   KAOS_STEP_MODULE: 
job-repo	Message	2025-02-10T16:13:13.9052473Z   KAOS_CODE: 13245308225
job-repo	Message	2025-02-10T16:13:13.9053389Z   KAOS_ISSUE_NUMBER: 31
job-repo	Message	2025-02-10T16:13:13.9054811Z   KAOS_ISSUE_TITLE: [E] Ejecucion de core
job-repo	Message	2025-02-10T16:13:13.9055955Z   KAOS_ISSUE_BODY: "module":"core"
job-repo	Message	2025-02-10T16:13:13.9057022Z   KAOS_ISSUE_USER: santakloud
job-repo	Message	2025-02-10T16:13:13.9057987Z ##[endgroup]
job-repo	Message	2025-02-10T16:13:13.9139386Z Init repository
job-repo	Post Checkout repository	2025-02-10T16:13:13.9336042Z Post job cleanup.
job-repo	Post Checkout repository	2025-02-10T16:13:14.0343895Z [command]/usr/bin/git version
job-repo	Post Checkout repository	2025-02-10T16:13:14.0383407Z git version 2.25.1
job-repo	Post Checkout repository	2025-02-10T16:13:14.0430836Z Temporarily overriding HOME='/actions-runner/_work/_temp/5806e3f7-0328-4c2a-bda8-ee4bcfd1336b' before making global git config changes
job-repo	Post Checkout repository	2025-02-10T16:13:14.0434616Z Adding repository directory to the temporary git global config as a safe directory
job-repo	Post Checkout repository	2025-02-10T16:13:14.0437330Z [command]/usr/bin/git config --global --add safe.directory /actions-runner/_work/ka0s/ka0s
job-repo	Post Checkout repository	2025-02-10T16:13:14.0485690Z [command]/usr/bin/git config --local --name-only --get-regexp core\.sshCommand
job-repo	Post Checkout repository	2025-02-10T16:13:14.0528897Z [command]/usr/bin/git submodule foreach --recursive sh -c "git config --local --name-only --get-regexp 'core\.sshCommand' && git config --local --unset-all 'core.sshCommand' || :"
job-repo	Post Checkout repository	2025-02-10T16:13:14.0811525Z [command]/usr/bin/git config --local --name-only --get-regexp http\.https\:\/\/github\.com\/\.extraheader
job-repo	Post Checkout repository	2025-02-10T16:13:14.0834584Z http.https://github.com/.extraheader
job-repo	Post Checkout repository	2025-02-10T16:13:14.0848567Z [command]/usr/bin/git config --local --unset-all http.https://github.com/.extraheader
job-repo	Post Checkout repository	2025-02-10T16:13:14.0885017Z [command]/usr/bin/git submodule foreach --recursive sh -c "git config --local --name-only --get-regexp 'http\.https\:\/\/github\.com\/\.extraheader' && git config --local --unset-all 'http.https://github.com/.extraheader' || :"
job-repo	Complete job	2025-02-10T16:13:14.1304953Z Cleaning up orphan processes
check-issue	Set up job	2025-02-10T16:13:24.6511136Z Current runner version: '2.322.0'
check-issue	Set up job	2025-02-10T16:13:24.6519872Z Runner name: 'execution-1'
check-issue	Set up job	2025-02-10T16:13:24.6520714Z Runner group name: 'execution'
check-issue	Set up job	2025-02-10T16:13:24.6521615Z Machine name: '92a49a86a261'
check-issue	Set up job	2025-02-10T16:13:24.6524767Z ##[group]GITHUB_TOKEN Permissions
check-issue	Set up job	2025-02-10T16:13:24.6527491Z Actions: write
check-issue	Set up job	2025-02-10T16:13:24.6528030Z Contents: write
check-issue	Set up job	2025-02-10T16:13:24.6528516Z Issues: write
check-issue	Set up job	2025-02-10T16:13:24.6528983Z Metadata: read
check-issue	Set up job	2025-02-10T16:13:24.6529468Z PullRequests: write
check-issue	Set up job	2025-02-10T16:13:24.6529966Z ##[endgroup]
check-issue	Set up job	2025-02-10T16:13:24.6532240Z Secret source: Actions
check-issue	Set up job	2025-02-10T16:13:24.6532954Z Prepare workflow directory
check-issue	Set up job	2025-02-10T16:13:24.7171837Z Prepare all required actions
check-issue	Set up job	2025-02-10T16:13:24.7234839Z Complete job name: check-issue
check-issue	Check Info	2025-02-10T16:13:24.7814415Z ##[group]Run echo "Check issue for execution $KAOS_ISSUE_NUMBER"
check-issue	Check Info	2025-02-10T16:13:24.7815948Z [36;1mecho "Check issue for execution $KAOS_ISSUE_NUMBER"[0m
check-issue	Check Info	2025-02-10T16:13:24.7816860Z [36;1m_timestamp=$(TZ='Europe/Madrid' date +'%Y-%m-%d %H:%M:%S %Z')[0m
check-issue	Check Info	2025-02-10T16:13:24.7818179Z [36;1mecho "($_timestamp) - Se ha comprobado que la tarjeta #31 se puede ejecutar." >> core/outputs/e/13245308225-31.txt[0m
check-issue	Check Info	2025-02-10T16:13:24.7839748Z shell: /usr/bin/bash -e {0}
check-issue	Check Info	2025-02-10T16:13:24.7840702Z env:
check-issue	Check Info	2025-02-10T16:13:24.7841192Z   KAOS_MODULE: [Ka0S] Execution
check-issue	Check Info	2025-02-10T16:13:24.7842060Z   GH_TOKEN: ***
check-issue	Check Info	2025-02-10T16:13:24.7842550Z   BRANCH_NAME: refs/heads/main
check-issue	Check Info	2025-02-10T16:13:24.7843212Z   KAOS_AUTOMATION_COMPLIANCE: compliance/core/core.json
check-issue	Check Info	2025-02-10T16:13:24.7844156Z   KAOS_PATH_RESUME: core/results/
check-issue	Check Info	2025-02-10T16:13:24.7845188Z   KAOS_PATH_OUTPUT: core/outputs/e/
check-issue	Check Info	2025-02-10T16:13:24.7845820Z   KAOS_REPO: /actions-runner/_work/kaos/kaos
check-issue	Check Info	2025-02-10T16:13:24.7846441Z   KAOS_STEP_MODULE: 
check-issue	Check Info	2025-02-10T16:13:24.7847008Z   KAOS_CODE: 13245308225
check-issue	Check Info	2025-02-10T16:13:24.7847525Z   KAOS_ISSUE_NUMBER: 31
check-issue	Check Info	2025-02-10T16:13:24.7848061Z   KAOS_ISSUE_TITLE: [E] Ejecucion de core
check-issue	Check Info	2025-02-10T16:13:24.7848698Z   KAOS_ISSUE_BODY: "module":"core"
check-issue	Check Info	2025-02-10T16:13:24.7849440Z   KAOS_ISSUE_USER: santakloud
check-issue	Check Info	2025-02-10T16:13:24.7849983Z ##[endgroup]
check-issue	Check Info	2025-02-10T16:13:24.8029394Z Check issue for execution 31
check-issue	Check Kaos	2025-02-10T16:13:24.8150988Z ##[group]Run echo "Extraemos el usuario asignado"
check-issue	Check Kaos	2025-02-10T16:13:24.8151876Z [36;1mecho "Extraemos el usuario asignado"[0m
check-issue	Check Kaos	2025-02-10T16:13:24.8153022Z [36;1mecho "KAOS_ISSUE_USER=$(gh issue view $KAOS_ISSUE_NUMBER --json assignees |jq -r '.assignees[].login')" >> $GITHUB_ENV[0m
check-issue	Check Kaos	2025-02-10T16:13:24.8154863Z [36;1mecho "Añadimos la etiqueta automations a la tarjeta"[0m
check-issue	Check Kaos	2025-02-10T16:13:24.8155764Z [36;1m# gh issue edit $KAOS_ISSUE_NUMBER --add-label 'automations'[0m
check-issue	Check Kaos	2025-02-10T16:13:24.8162609Z shell: /usr/bin/bash -e {0}
check-issue	Check Kaos	2025-02-10T16:13:24.8163161Z env:
check-issue	Check Kaos	2025-02-10T16:13:24.8163602Z   KAOS_MODULE: [Ka0S] Execution
check-issue	Check Kaos	2025-02-10T16:13:24.8165057Z   GH_TOKEN: ***
check-issue	Check Kaos	2025-02-10T16:13:24.8165550Z   BRANCH_NAME: refs/heads/main
check-issue	Check Kaos	2025-02-10T16:13:24.8166202Z   KAOS_AUTOMATION_COMPLIANCE: compliance/core/core.json
check-issue	Check Kaos	2025-02-10T16:13:24.8166949Z   KAOS_PATH_RESUME: core/results/
check-issue	Check Kaos	2025-02-10T16:13:24.8167541Z   KAOS_PATH_OUTPUT: core/outputs/e/
check-issue	Check Kaos	2025-02-10T16:13:24.8168167Z   KAOS_REPO: /actions-runner/_work/kaos/kaos
check-issue	Check Kaos	2025-02-10T16:13:24.8168847Z   KAOS_STEP_MODULE: 
check-issue	Check Kaos	2025-02-10T16:13:24.8169322Z   KAOS_CODE: 13245308225
check-issue	Check Kaos	2025-02-10T16:13:24.8169827Z   KAOS_ISSUE_NUMBER: 31
check-issue	Check Kaos	2025-02-10T16:13:24.8170360Z   KAOS_ISSUE_TITLE: [E] Ejecucion de core
check-issue	Check Kaos	2025-02-10T16:13:24.8170978Z   KAOS_ISSUE_BODY: "module":"core"
check-issue	Check Kaos	2025-02-10T16:13:24.8171553Z   KAOS_ISSUE_USER: santakloud
check-issue	Check Kaos	2025-02-10T16:13:24.8172107Z ##[endgroup]
check-issue	Check Kaos	2025-02-10T16:13:24.8209151Z Extraemos el usuario asignado
check-issue	Check Kaos	2025-02-10T16:13:25.3073801Z Añadimos la etiqueta automations a la tarjeta
check-issue	Complete job	2025-02-10T16:13:25.3149479Z Cleaning up orphan processes
check-data	Set up job	2025-02-10T16:13:37.2414931Z Current runner version: '2.322.0'
check-data	Set up job	2025-02-10T16:13:37.2422145Z Runner name: 'execution-1'
check-data	Set up job	2025-02-10T16:13:37.2423403Z Runner group name: 'execution'
check-data	Set up job	2025-02-10T16:13:37.2424780Z Machine name: '92a49a86a261'
check-data	Set up job	2025-02-10T16:13:37.2427631Z ##[group]GITHUB_TOKEN Permissions
check-data	Set up job	2025-02-10T16:13:37.2430141Z Actions: write
check-data	Set up job	2025-02-10T16:13:37.2430685Z Contents: write
check-data	Set up job	2025-02-10T16:13:37.2431168Z Issues: write
check-data	Set up job	2025-02-10T16:13:37.2431650Z Metadata: read
check-data	Set up job	2025-02-10T16:13:37.2432145Z PullRequests: write
check-data	Set up job	2025-02-10T16:13:37.2432647Z ##[endgroup]
check-data	Set up job	2025-02-10T16:13:37.2435119Z Secret source: Actions
check-data	Set up job	2025-02-10T16:13:37.2435835Z Prepare workflow directory
check-data	Set up job	2025-02-10T16:13:37.2994702Z Prepare all required actions
check-data	Set up job	2025-02-10T16:13:37.3050733Z Complete job name: check-data
check-data	extract data	2025-02-10T16:13:37.3589081Z ##[group]Run echo "Extract data"
check-data	extract data	2025-02-10T16:13:37.3589993Z [36;1mecho "Extract data"[0m
check-data	extract data	2025-02-10T16:13:37.3590606Z [36;1m# Separar las claves y valores[0m
check-data	extract data	2025-02-10T16:13:37.3591322Z [36;1mIFS=',' read -ra PAIRS <<< "$KAOS_ISSUE_BODY"[0m
check-data	extract data	2025-02-10T16:13:37.3592148Z [36;1m# Procesar el primer par clave-valor[0m
check-data	extract data	2025-02-10T16:13:37.3592816Z [36;1mFIRST_PAIR=${PAIRS[0]}[0m
check-data	extract data	2025-02-10T16:13:37.3593417Z [36;1m# Eliminar las comillas[0m
check-data	extract data	2025-02-10T16:13:37.3594474Z [36;1mFIRST_PAIR=$(echo $FIRST_PAIR | tr -d '"')[0m
check-data	extract data	2025-02-10T16:13:37.3595335Z [36;1m# Separar la clave y el valor[0m
check-data	extract data	2025-02-10T16:13:37.3596021Z [36;1mIFS=':' read -ra KV <<< "$FIRST_PAIR"[0m
check-data	extract data	2025-02-10T16:13:37.3596692Z [36;1mFIRST_KEY=${KV[0]}[0m
check-data	extract data	2025-02-10T16:13:37.3597367Z [36;1mFIRST_VALUE=${KV[1]}[0m
check-data	extract data	2025-02-10T16:13:37.3598016Z [36;1m# Procesar el resto de los pares clave-valor[0m
check-data	extract data	2025-02-10T16:13:37.3598724Z [36;1mREMAINING_PAIRS="${PAIRS[@]:1}"[0m
check-data	extract data	2025-02-10T16:13:37.3599351Z [36;1mREMAINING_VALUES=""   [0m
check-data	extract data	2025-02-10T16:13:37.3600018Z [36;1mfor PAIR in ${REMAINING_PAIRS[@]}; do[0m
check-data	extract data	2025-02-10T16:13:37.3600693Z [36;1m    # Eliminar las comillas[0m
check-data	extract data	2025-02-10T16:13:37.3601343Z [36;1m    PAIR=$(echo $PAIR | tr -d '"')[0m
check-data	extract data	2025-02-10T16:13:37.3602130Z [36;1m    # Separar la clave y el valor[0m
check-data	extract data	2025-02-10T16:13:37.3602797Z [36;1m    IFS=':' read -ra KV <<< "$PAIR"[0m
check-data	extract data	2025-02-10T16:13:37.3603419Z [36;1m    KEY=${KV[0]}[0m
check-data	extract data	2025-02-10T16:13:37.3647136Z [36;1m    VALUE=${KV[1]}[0m
check-data	extract data	2025-02-10T16:13:37.3648352Z [36;1m    # Añadir al string de valores restantes[0m
check-data	extract data	2025-02-10T16:13:37.3649074Z [36;1m    REMAINING_VALUES+="$KEY:$VALUE;"[0m
check-data	extract data	2025-02-10T16:13:37.3649694Z [36;1mdone[0m
check-data	extract data	2025-02-10T16:13:37.3650362Z [36;1mecho "KAOS_EXECUTION_VARS=$REMAINING_VALUES" >> $GITHUB_OUTPUT[0m
check-data	extract data	2025-02-10T16:13:37.3651199Z [36;1m# Eliminar el último punto y coma[0m
check-data	extract data	2025-02-10T16:13:37.3651978Z [36;1mREMAINING_VALUES=${REMAINING_VALUES%?}            [0m
check-data	extract data	2025-02-10T16:13:37.3652823Z [36;1m# Asignar el valor de la primera clave a una variable[0m
check-data	extract data	2025-02-10T16:13:37.3653765Z [36;1mecho "KAOS_EXECUTION_TYPE=$FIRST_VALUE" >> $GITHUB_OUTPUT[0m
check-data	extract data	2025-02-10T16:13:37.3655187Z [36;1m_timestamp=$(TZ='Europe/Madrid' date +'%Y-%m-%d %H:%M:%S %Z')[0m
check-data	extract data	2025-02-10T16:13:37.3656382Z [36;1mecho "($_timestamp) - Se han extraido los datos de la tarjeta #31." >> core/outputs/e/13245308225-31.txt[0m
check-data	extract data	2025-02-10T16:13:37.3677478Z shell: /usr/bin/bash -e {0}
check-data	extract data	2025-02-10T16:13:37.3678440Z env:
check-data	extract data	2025-02-10T16:13:37.3678929Z   KAOS_MODULE: [Ka0S] Execution
check-data	extract data	2025-02-10T16:13:37.3679781Z   GH_TOKEN: ***
check-data	extract data	2025-02-10T16:13:37.3680271Z   BRANCH_NAME: refs/heads/main
check-data	extract data	2025-02-10T16:13:37.3680937Z   KAOS_AUTOMATION_COMPLIANCE: compliance/core/core.json
check-data	extract data	2025-02-10T16:13:37.3681643Z   KAOS_PATH_RESUME: core/results/
check-data	extract data	2025-02-10T16:13:37.3682235Z   KAOS_PATH_OUTPUT: core/outputs/e/
check-data	extract data	2025-02-10T16:13:37.3682870Z   KAOS_REPO: /actions-runner/_work/kaos/kaos
check-data	extract data	2025-02-10T16:13:37.3683488Z   KAOS_STEP_MODULE: 
check-data	extract data	2025-02-10T16:13:37.3684036Z   KAOS_CODE: 13245308225
check-data	extract data	2025-02-10T16:13:37.3685033Z   KAOS_ISSUE_NUMBER: 31
check-data	extract data	2025-02-10T16:13:37.3685571Z   KAOS_ISSUE_TITLE: [E] Ejecucion de core
check-data	extract data	2025-02-10T16:13:37.3686201Z   KAOS_ISSUE_BODY: "module":"core"
check-data	extract data	2025-02-10T16:13:37.3686787Z   KAOS_ISSUE_USER: santakloud
check-data	extract data	2025-02-10T16:13:37.3687678Z ##[endgroup]
check-data	extract data	2025-02-10T16:13:37.3847244Z Extract data
check-data	Check data	2025-02-10T16:13:37.3976404Z ##[group]Run echo "Check lógical data"
check-data	Check data	2025-02-10T16:13:37.3977156Z [36;1mecho "Check lógical data"[0m
check-data	Check data	2025-02-10T16:13:37.3977797Z [36;1m# Cambiamos de Backlog a In Progress[0m
check-data	Check data	2025-02-10T16:13:37.3978597Z [36;1m_timestamp=$(TZ='Europe/Madrid' date +'%Y-%m-%d %H:%M:%S %Z')[0m
check-data	Check data	2025-02-10T16:13:37.3979800Z [36;1mecho "($_timestamp) - Se comprobado los datos asociados a la tarjeta #31." >> core/outputs/e/13245308225-31.txt[0m
check-data	Check data	2025-02-10T16:13:37.3987318Z shell: /usr/bin/bash -e {0}
check-data	Check data	2025-02-10T16:13:37.3987866Z env:
check-data	Check data	2025-02-10T16:13:37.3988308Z   KAOS_MODULE: [Ka0S] Execution
check-data	Check data	2025-02-10T16:13:37.3989105Z   GH_TOKEN: ***
check-data	Check data	2025-02-10T16:13:37.3989587Z   BRANCH_NAME: refs/heads/main
check-data	Check data	2025-02-10T16:13:37.3990253Z   KAOS_AUTOMATION_COMPLIANCE: compliance/core/core.json
check-data	Check data	2025-02-10T16:13:37.3990952Z   KAOS_PATH_RESUME: core/results/
check-data	Check data	2025-02-10T16:13:37.3991538Z   KAOS_PATH_OUTPUT: core/outputs/e/
check-data	Check data	2025-02-10T16:13:37.3992208Z   KAOS_REPO: /actions-runner/_work/kaos/kaos
check-data	Check data	2025-02-10T16:13:37.3992826Z   KAOS_STEP_MODULE: 
check-data	Check data	2025-02-10T16:13:37.3993367Z   KAOS_CODE: 13245308225
check-data	Check data	2025-02-10T16:13:37.3993873Z   KAOS_ISSUE_NUMBER: 31
check-data	Check data	2025-02-10T16:13:37.3995131Z   KAOS_ISSUE_TITLE: [E] Ejecucion de core
check-data	Check data	2025-02-10T16:13:37.3995758Z   KAOS_ISSUE_BODY: "module":"core"
check-data	Check data	2025-02-10T16:13:37.3996334Z   KAOS_ISSUE_USER: santakloud
check-data	Check data	2025-02-10T16:13:37.3996869Z ##[endgroup]
check-data	Check data	2025-02-10T16:13:37.4137753Z Check lógical data
check-data	Complete job	2025-02-10T16:13:37.4191378Z Evaluate and set job outputs
check-data	Complete job	2025-02-10T16:13:37.4200201Z Set output 'KAOS_EXECUTION_TYPE'
check-data	Complete job	2025-02-10T16:13:37.4203488Z Cleaning up orphan processes
show-data	Set up job	2025-02-10T16:13:49.3494715Z Current runner version: '2.322.0'
show-data	Set up job	2025-02-10T16:13:49.3502852Z Runner name: 'execution-1'
show-data	Set up job	2025-02-10T16:13:49.3504226Z Runner group name: 'execution'
show-data	Set up job	2025-02-10T16:13:49.3505605Z Machine name: '92a49a86a261'
show-data	Set up job	2025-02-10T16:13:49.3508491Z ##[group]GITHUB_TOKEN Permissions
show-data	Set up job	2025-02-10T16:13:49.3511097Z Actions: write
show-data	Set up job	2025-02-10T16:13:49.3511648Z Contents: write
show-data	Set up job	2025-02-10T16:13:49.3512136Z Issues: write
show-data	Set up job	2025-02-10T16:13:49.3512617Z Metadata: read
show-data	Set up job	2025-02-10T16:13:49.3513109Z PullRequests: write
show-data	Set up job	2025-02-10T16:13:49.3513622Z ##[endgroup]
show-data	Set up job	2025-02-10T16:13:49.3516330Z Secret source: Actions
show-data	Set up job	2025-02-10T16:13:49.3517036Z Prepare workflow directory
show-data	Set up job	2025-02-10T16:13:49.4100447Z Prepare all required actions
show-data	Set up job	2025-02-10T16:13:49.4157682Z Complete job name: show-data
show-data	Show data	2025-02-10T16:13:49.4743697Z ##[group]Run echo "Datos de la ejecución"
show-data	Show data	2025-02-10T16:13:49.4745301Z [36;1mecho "Datos de la ejecución"[0m
show-data	Show data	2025-02-10T16:13:49.4746012Z [36;1mecho "KAOS_ISSUE_NUMBER: $KAOS_ISSUE_NUMBER" [0m
show-data	Show data	2025-02-10T16:13:49.4746757Z [36;1mecho "KAOS_ISSUE_TITLE: $KAOS_ISSUE_TITLE"[0m
show-data	Show data	2025-02-10T16:13:49.4747533Z [36;1mecho "KAOS_ISSUE_BODY: $KAOS_ISSUE_BODY"[0m
show-data	Show data	2025-02-10T16:13:49.4748336Z [36;1m_timestamp=$(TZ='Europe/Madrid' date +'%Y-%m-%d %H:%M:%S %Z')[0m
show-data	Show data	2025-02-10T16:13:49.4749592Z [36;1mecho "($_timestamp) - Estos son los datos de la ejecucion 13245308225 de la tarjeta #31." >> core/outputs/e/13245308225-31.txt[0m
show-data	Show data	2025-02-10T16:13:49.4750950Z [36;1mecho "KAOS_ISSUE_NUMBER: $KAOS_ISSUE_NUMBER" >> core/outputs/e/13245308225-31.txt[0m
show-data	Show data	2025-02-10T16:13:49.4752067Z [36;1mecho "KAOS_ISSUE_TITLE: $KAOS_ISSUE_TITLE" >> core/outputs/e/13245308225-31.txt[0m
show-data	Show data	2025-02-10T16:13:49.4753153Z [36;1mecho "KAOS_ISSUE_BODY: $KAOS_ISSUE_BODY" >> core/outputs/e/13245308225-31.txt[0m
show-data	Show data	2025-02-10T16:13:49.4771542Z shell: /usr/bin/bash -e {0}
show-data	Show data	2025-02-10T16:13:49.4772483Z env:
show-data	Show data	2025-02-10T16:13:49.4772970Z   KAOS_MODULE: [Ka0S] Execution
show-data	Show data	2025-02-10T16:13:49.4773789Z   GH_TOKEN: ***
show-data	Show data	2025-02-10T16:13:49.4774797Z   BRANCH_NAME: refs/heads/main
show-data	Show data	2025-02-10T16:13:49.4775609Z   KAOS_AUTOMATION_COMPLIANCE: compliance/core/core.json
show-data	Show data	2025-02-10T16:13:49.4776307Z   KAOS_PATH_RESUME: core/results/
show-data	Show data	2025-02-10T16:13:49.4776891Z   KAOS_PATH_OUTPUT: core/outputs/e/
show-data	Show data	2025-02-10T16:13:49.4777633Z   KAOS_REPO: /actions-runner/_work/kaos/kaos
show-data	Show data	2025-02-10T16:13:49.4778255Z   KAOS_STEP_MODULE: 
show-data	Show data	2025-02-10T16:13:49.4778741Z   KAOS_CODE: 13245308225
show-data	Show data	2025-02-10T16:13:49.4779254Z   KAOS_ISSUE_NUMBER: 31
show-data	Show data	2025-02-10T16:13:49.4779783Z   KAOS_ISSUE_TITLE: [E] Ejecucion de core
show-data	Show data	2025-02-10T16:13:49.4780407Z   KAOS_ISSUE_BODY: "module":"core"
show-data	Show data	2025-02-10T16:13:49.4780987Z   KAOS_ISSUE_USER: santakloud
show-data	Show data	2025-02-10T16:13:49.4781517Z ##[endgroup]
show-data	Show data	2025-02-10T16:13:49.5047101Z Datos de la ejecución
show-data	Show data	2025-02-10T16:13:49.5047869Z KAOS_ISSUE_NUMBER: 31
show-data	Show data	2025-02-10T16:13:49.5048483Z KAOS_ISSUE_TITLE: [E] Ejecucion de core
show-data	Show data	2025-02-10T16:13:49.5049130Z KAOS_ISSUE_BODY: "module":"core"
show-data	Complete job	2025-02-10T16:13:49.5155965Z Cleaning up orphan processes
start-execution	Set up job	2025-02-10T16:13:59.8636640Z Current runner version: '2.322.0'
start-execution	Set up job	2025-02-10T16:13:59.8643417Z Runner name: 'execution-1'
start-execution	Set up job	2025-02-10T16:13:59.8644298Z Runner group name: 'execution'
start-execution	Set up job	2025-02-10T16:13:59.8645185Z Machine name: '92a49a86a261'
start-execution	Set up job	2025-02-10T16:13:59.8647976Z ##[group]GITHUB_TOKEN Permissions
start-execution	Set up job	2025-02-10T16:13:59.8650266Z Actions: write
start-execution	Set up job	2025-02-10T16:13:59.8650816Z Contents: write
start-execution	Set up job	2025-02-10T16:13:59.8651307Z Issues: write
start-execution	Set up job	2025-02-10T16:13:59.8651788Z Metadata: read
start-execution	Set up job	2025-02-10T16:13:59.8652283Z PullRequests: write
start-execution	Set up job	2025-02-10T16:13:59.8652786Z ##[endgroup]
start-execution	Set up job	2025-02-10T16:13:59.8655177Z Secret source: Actions
start-execution	Set up job	2025-02-10T16:13:59.8655866Z Prepare workflow directory
start-execution	Set up job	2025-02-10T16:13:59.9209099Z Prepare all required actions
start-execution	Set up job	2025-02-10T16:13:59.9264316Z Complete job name: start-execution
start-execution	Start execution	2025-02-10T16:13:59.9815179Z ##[group]Run # Sección donde definimos como será la ejecución
start-execution	Start execution	2025-02-10T16:13:59.9816337Z [36;1m# Sección donde definimos como será la ejecución[0m
start-execution	Start execution	2025-02-10T16:13:59.9817065Z [36;1mecho "Start execution"[0m
start-execution	Start execution	2025-02-10T16:13:59.9817927Z [36;1m_timestamp=$(TZ='Europe/Madrid' date +'%Y-%m-%d %H:%M:%S %Z')[0m
start-execution	Start execution	2025-02-10T16:13:59.9819113Z [36;1mecho "($_timestamp) - Se ha iniciado la ejecución de la tarjeta #31." >> core/outputs/e/13245308225-31.txt[0m
start-execution	Start execution	2025-02-10T16:13:59.9820339Z [36;1mecho "KAOS_EXECUTION_RESULT=fichero_de_resultado" >> $GITHUB_OUTPUT[0m
start-execution	Start execution	2025-02-10T16:13:59.9821312Z [36;1mecho "KAOS_EXECUTION_STATUS=success" >> $GITHUB_OUTPUT[0m
start-execution	Start execution	2025-02-10T16:13:59.9839890Z shell: /usr/bin/bash -e {0}
start-execution	Start execution	2025-02-10T16:13:59.9840781Z env:
start-execution	Start execution	2025-02-10T16:13:59.9841265Z   KAOS_MODULE: [Ka0S] Execution
start-execution	Start execution	2025-02-10T16:13:59.9842109Z   GH_TOKEN: ***
start-execution	Start execution	2025-02-10T16:13:59.9842605Z   BRANCH_NAME: refs/heads/main
start-execution	Start execution	2025-02-10T16:13:59.9843266Z   KAOS_AUTOMATION_COMPLIANCE: compliance/core/core.json
start-execution	Start execution	2025-02-10T16:13:59.9844302Z   KAOS_PATH_RESUME: core/results/
start-execution	Start execution	2025-02-10T16:13:59.9845020Z   KAOS_PATH_OUTPUT: core/outputs/e/
start-execution	Start execution	2025-02-10T16:13:59.9845652Z   KAOS_REPO: /actions-runner/_work/kaos/kaos
start-execution	Start execution	2025-02-10T16:13:59.9846282Z   KAOS_STEP_MODULE: 
start-execution	Start execution	2025-02-10T16:13:59.9846816Z   KAOS_CODE: 13245308225
start-execution	Start execution	2025-02-10T16:13:59.9847442Z   KAOS_ISSUE_NUMBER: 31
start-execution	Start execution	2025-02-10T16:13:59.9847988Z   KAOS_ISSUE_TITLE: [E] Ejecucion de core
start-execution	Start execution	2025-02-10T16:13:59.9848671Z   KAOS_ISSUE_BODY: "module":"core"
start-execution	Start execution	2025-02-10T16:13:59.9849260Z   KAOS_ISSUE_USER: santakloud
start-execution	Start execution	2025-02-10T16:13:59.9849800Z ##[endgroup]
start-execution	Start execution	2025-02-10T16:14:00.0007357Z Start execution
start-execution	Execution type	2025-02-10T16:14:00.0126264Z ##[group]Run echo "Check type"
start-execution	Execution type	2025-02-10T16:14:00.0127008Z [36;1mecho "Check type"[0m
start-execution	Execution type	2025-02-10T16:14:00.0127771Z [36;1m# Buscar el valorexecution en el formato JSON de la ejecución[0m
start-execution	Execution type	2025-02-10T16:14:00.0129107Z [36;1mRESULT=$(jq -r --arg valorexecution "core" '.[] | select(.module == $valorexecution) | .active' "compliance/core/core.json")[0m
start-execution	Execution type	2025-02-10T16:14:00.0130267Z [36;1m# Evaluar el resultado[0m
start-execution	Execution type	2025-02-10T16:14:00.0130855Z [36;1mcase $RESULT in[0m
start-execution	Execution type	2025-02-10T16:14:00.0131388Z [36;1m  "true")[0m
start-execution	Execution type	2025-02-10T16:14:00.0132027Z [36;1m    echo "El modulo core está activo y se puede ejecutar"[0m
start-execution	Execution type	2025-02-10T16:14:00.0133159Z [36;1m    # en esta parte de la ejecucion tenemos que tener en cuenta que podemos iniciar un workflow[0m
start-execution	Execution type	2025-02-10T16:14:00.0135114Z [36;1m    # Run the workflow file 'module.yaml' with JSON via standard input of variable {"name":"scully", "greeting":"hello"}[0m
start-execution	Execution type	2025-02-10T16:14:00.0136434Z [36;1m    # echo 'KAOS_EXECUTION_VARS' | gh workflow run triage.yml --json[0m
start-execution	Execution type	2025-02-10T16:14:00.0137327Z [36;1m    gh workflow run "core.yml"[0m
start-execution	Execution type	2025-02-10T16:14:00.0138288Z [36;1m    RUN_ID=$(gh run list --workflow="core.yml" --limit=1 --json databaseId --jq '.[0].databaseId')[0m
start-execution	Execution type	2025-02-10T16:14:00.0139301Z [36;1m    echo "RUN_ID=$RUN_ID" >> $GITHUB_OUTPUT[0m
start-execution	Execution type	2025-02-10T16:14:00.0140143Z [36;1m    _timestamp=$(TZ='Europe/Madrid' date +'%Y-%m-%d %H:%M:%S %Z')[0m
start-execution	Execution type	2025-02-10T16:14:00.0141514Z [36;1m    echo "($_timestamp) - Se ha lanzado la ejecución de #core con run_id: $RUN_ID. con las variables {}" >> core/outputs/e/13245308225-31.txt[0m
start-execution	Execution type	2025-02-10T16:14:00.0142928Z [36;1m    ;;[0m
start-execution	Execution type	2025-02-10T16:14:00.0143408Z [36;1m  "false")[0m
start-execution	Execution type	2025-02-10T16:14:00.0144264Z [36;1m    echo "El modulo core está inactivo y necesita autorización para su ejecución"[0m
start-execution	Execution type	2025-02-10T16:14:00.0145343Z [36;1m    _timestamp=$(TZ='Europe/Madrid' date +'%Y-%m-%d %H:%M:%S %Z')[0m
start-execution	Execution type	2025-02-10T16:14:00.0146789Z [36;1m    echo "($_timestamp) - El módulo solicitado#core está inactivo y necesita autorización para su ejecución" >> core/outputs/e/13245308225-31.txt[0m
start-execution	Execution type	2025-02-10T16:14:00.0148086Z [36;1m    ;;[0m
start-execution	Execution type	2025-02-10T16:14:00.0148547Z [36;1m  *)[0m
start-execution	Execution type	2025-02-10T16:14:00.0149085Z [36;1m    echo "El modulo core no está definido"[0m
start-execution	Execution type	2025-02-10T16:14:00.0149931Z [36;1m    _timestamp=$(TZ='Europe/Madrid' date +'%Y-%m-%d %H:%M:%S %Z')[0m
start-execution	Execution type	2025-02-10T16:14:00.0151109Z [36;1m    echo "($_timestamp) - El módulo solicitado#core no está definido" >> core/outputs/e/13245308225-31.txt[0m
start-execution	Execution type	2025-02-10T16:14:00.0152106Z [36;1m    ;;[0m
start-execution	Execution type	2025-02-10T16:14:00.0152571Z [36;1mesac [0m
start-execution	Execution type	2025-02-10T16:14:00.0159410Z shell: /usr/bin/bash -e {0}
start-execution	Execution type	2025-02-10T16:14:00.0159969Z env:
start-execution	Execution type	2025-02-10T16:14:00.0160416Z   KAOS_MODULE: [Ka0S] Execution
start-execution	Execution type	2025-02-10T16:14:00.0161223Z   GH_TOKEN: ***
start-execution	Execution type	2025-02-10T16:14:00.0161724Z   BRANCH_NAME: refs/heads/main
start-execution	Execution type	2025-02-10T16:14:00.0162389Z   KAOS_AUTOMATION_COMPLIANCE: compliance/core/core.json
start-execution	Execution type	2025-02-10T16:14:00.0163110Z   KAOS_PATH_RESUME: core/results/
start-execution	Execution type	2025-02-10T16:14:00.0163751Z   KAOS_PATH_OUTPUT: core/outputs/e/
start-execution	Execution type	2025-02-10T16:14:00.0164917Z   KAOS_REPO: /actions-runner/_work/kaos/kaos
start-execution	Execution type	2025-02-10T16:14:00.0165683Z   KAOS_STEP_MODULE: 
start-execution	Execution type	2025-02-10T16:14:00.0166173Z   KAOS_CODE: 13245308225
start-execution	Execution type	2025-02-10T16:14:00.0166686Z   KAOS_ISSUE_NUMBER: 31
start-execution	Execution type	2025-02-10T16:14:00.0167236Z   KAOS_ISSUE_TITLE: [E] Ejecucion de core
start-execution	Execution type	2025-02-10T16:14:00.0167864Z   KAOS_ISSUE_BODY: "module":"core"
start-execution	Execution type	2025-02-10T16:14:00.0168581Z   KAOS_ISSUE_USER: santakloud
start-execution	Execution type	2025-02-10T16:14:00.0169118Z ##[endgroup]
start-execution	Execution type	2025-02-10T16:14:00.0218626Z Check type
start-execution	Execution type	2025-02-10T16:14:00.0634331Z El modulo core está activo y se puede ejecutar
start-execution	Complete job	2025-02-10T16:14:01.5353588Z Evaluate and set job outputs
start-execution	Complete job	2025-02-10T16:14:01.5365410Z Set output 'KAOS_EXECUTION_RESULT'
start-execution	Complete job	2025-02-10T16:14:01.5368982Z Set output 'KAOS_EXECUTION_STATUS'
start-execution	Complete job	2025-02-10T16:14:01.5371448Z Cleaning up orphan processes
end-execution	Set up job	2025-02-10T16:14:11.2157635Z Current runner version: '2.322.0'
end-execution	Set up job	2025-02-10T16:14:11.2165057Z Runner name: 'execution-1'
end-execution	Set up job	2025-02-10T16:14:11.2165784Z Runner group name: 'execution'
end-execution	Set up job	2025-02-10T16:14:11.2166643Z Machine name: '92a49a86a261'
end-execution	Set up job	2025-02-10T16:14:11.2169372Z ##[group]GITHUB_TOKEN Permissions
end-execution	Set up job	2025-02-10T16:14:11.2171508Z Actions: write
end-execution	Set up job	2025-02-10T16:14:11.2172037Z Contents: write
end-execution	Set up job	2025-02-10T16:14:11.2172514Z Issues: write
end-execution	Set up job	2025-02-10T16:14:11.2172976Z Metadata: read
end-execution	Set up job	2025-02-10T16:14:11.2173459Z PullRequests: write
end-execution	Set up job	2025-02-10T16:14:11.2174178Z ##[endgroup]
end-execution	Set up job	2025-02-10T16:14:11.2176366Z Secret source: Actions
end-execution	Set up job	2025-02-10T16:14:11.2177039Z Prepare workflow directory
end-execution	Set up job	2025-02-10T16:14:11.2689438Z Prepare all required actions
end-execution	Set up job	2025-02-10T16:14:11.2741564Z Complete job name: end-execution
end-execution	End execution	2025-02-10T16:14:11.3258573Z ##[group]Run echo "End execution"
end-execution	End execution	2025-02-10T16:14:11.3259427Z [36;1mecho "End execution"[0m
end-execution	End execution	2025-02-10T16:14:11.3260172Z [36;1m_timestamp=$(TZ='Europe/Madrid' date +'%Y-%m-%d %H:%M:%S %Z')[0m
end-execution	End execution	2025-02-10T16:14:11.3261535Z [36;1mecho "($_timestamp) - La ejecución de la tarjeta #31 ha finalizado con el resultado success." >> core/outputs/e/13245308225-31.txt[0m
end-execution	End execution	2025-02-10T16:14:11.3262915Z [36;1m_timestamp=$(TZ='Europe/Madrid' date +'%Y-%m-%d %H:%M:%S %Z')[0m
end-execution	End execution	2025-02-10T16:14:11.3265001Z [36;1mecho "($_timestamp) - El resultado de la ejecución se añade a la tajeta #31, ha finalizado con el resultado SUCCESS." >> core/outputs/e/13245308225-31.txt[0m
end-execution	End execution	2025-02-10T16:14:11.3283361Z shell: /usr/bin/bash -e {0}
end-execution	End execution	2025-02-10T16:14:11.3284641Z env:
end-execution	End execution	2025-02-10T16:14:11.3285131Z   KAOS_MODULE: [Ka0S] Execution
end-execution	End execution	2025-02-10T16:14:11.3285958Z   GH_TOKEN: ***
end-execution	End execution	2025-02-10T16:14:11.3286459Z   BRANCH_NAME: refs/heads/main
end-execution	End execution	2025-02-10T16:14:11.3287140Z   KAOS_AUTOMATION_COMPLIANCE: compliance/core/core.json
end-execution	End execution	2025-02-10T16:14:11.3287929Z   KAOS_PATH_RESUME: core/results/
end-execution	End execution	2025-02-10T16:14:11.3288524Z   KAOS_PATH_OUTPUT: core/outputs/e/
end-execution	End execution	2025-02-10T16:14:11.3289167Z   KAOS_REPO: /actions-runner/_work/kaos/kaos
end-execution	End execution	2025-02-10T16:14:11.3289795Z   KAOS_STEP_MODULE: 
end-execution	End execution	2025-02-10T16:14:11.3290325Z   KAOS_CODE: 13245308225
end-execution	End execution	2025-02-10T16:14:11.3290834Z   KAOS_ISSUE_NUMBER: 31
end-execution	End execution	2025-02-10T16:14:11.3291479Z   KAOS_ISSUE_TITLE: [E] Ejecucion de core
end-execution	End execution	2025-02-10T16:14:11.3292116Z   KAOS_ISSUE_BODY: "module":"core"
end-execution	End execution	2025-02-10T16:14:11.3292705Z   KAOS_ISSUE_USER: santakloud
end-execution	End execution	2025-02-10T16:14:11.3293250Z ##[endgroup]
end-execution	End execution	2025-02-10T16:14:11.3501640Z End execution
end-execution	Complete job	2025-02-10T16:14:11.3613995Z Cleaning up orphan processes
handle-success	Set up job	2025-02-10T16:14:22.6450921Z Current runner version: '2.322.0'
handle-success	Set up job	2025-02-10T16:14:22.6459170Z Runner name: 'execution-1'
handle-success	Set up job	2025-02-10T16:14:22.6459916Z Runner group name: 'execution'
handle-success	Set up job	2025-02-10T16:14:22.6460802Z Machine name: '92a49a86a261'
handle-success	Set up job	2025-02-10T16:14:22.6463655Z ##[group]GITHUB_TOKEN Permissions
handle-success	Set up job	2025-02-10T16:14:22.6466329Z Actions: write
handle-success	Set up job	2025-02-10T16:14:22.6466885Z Contents: write
handle-success	Set up job	2025-02-10T16:14:22.6467390Z Issues: write
handle-success	Set up job	2025-02-10T16:14:22.6467883Z Metadata: read
handle-success	Set up job	2025-02-10T16:14:22.6468393Z PullRequests: write
handle-success	Set up job	2025-02-10T16:14:22.6468913Z ##[endgroup]
handle-success	Set up job	2025-02-10T16:14:22.6470907Z Secret source: Actions
handle-success	Set up job	2025-02-10T16:14:22.6471626Z Prepare workflow directory
handle-success	Set up job	2025-02-10T16:14:22.6981576Z Prepare all required actions
handle-success	Set up job	2025-02-10T16:14:22.7063416Z Complete job name: handle-success
handle-success	Run # Si todo ha iso correctamente pasamos la tarjeta a done	2025-02-10T16:14:22.7588670Z ##[group]Run # Si todo ha iso correctamente pasamos la tarjeta a done
handle-success	Run # Si todo ha iso correctamente pasamos la tarjeta a done	2025-02-10T16:14:22.7589920Z [36;1m# Si todo ha iso correctamente pasamos la tarjeta a done[0m
handle-success	Run # Si todo ha iso correctamente pasamos la tarjeta a done	2025-02-10T16:14:22.7590917Z [36;1m# Añadimos a cada paso el mensaje de éxito incluido en la issue original[0m
handle-success	Run # Si todo ha iso correctamente pasamos la tarjeta a done	2025-02-10T16:14:22.7592406Z [36;1mecho "[Ka0S] Execution Success in runid 13245308225 initiated by $KAOS_ISSUE_USER trouhg issue number $KAOS_ISSUE_NUMBER."[0m
handle-success	Run # Si todo ha iso correctamente pasamos la tarjeta a done	2025-02-10T16:14:22.7594497Z [36;1mecho "La ejecución solicitada en el issue #$KAOS_ISSUE_NUMBER ha sido completada con éxito."[0m
handle-success	Run # Si todo ha iso correctamente pasamos la tarjeta a done	2025-02-10T16:14:22.7596054Z [36;1mecho "El log de la ejecucion se envuentra en ***13245308225"[0m
handle-success	Run # Si todo ha iso correctamente pasamos la tarjeta a done	2025-02-10T16:14:22.7597016Z [36;1mecho "Se añade el log de la ejecución al issue #$KAOS_ISSUE_NUMBER"[0m
handle-success	Run # Si todo ha iso correctamente pasamos la tarjeta a done	2025-02-10T16:14:22.7597985Z [36;1mecho "Se procede a cerrar la issue #$KAOS_ISSUE_NUMBER"[0m
handle-success	Run # Si todo ha iso correctamente pasamos la tarjeta a done	2025-02-10T16:14:22.7599654Z [36;1m# gh issue comment $KAOS_ISSUE_NUMBER --body "La ejecución ha sido SUCCESS #31 el siguiente mensaje muestra el resultado de las operaciones"[0m
handle-success	Run # Si todo ha iso correctamente pasamos la tarjeta a done	2025-02-10T16:14:22.7601266Z [36;1m# gh issue comment $KAOS_ISSUE_NUMBER --body-file "core/outputs/e/13245308225-31.txt"[0m
handle-success	Run # Si todo ha iso correctamente pasamos la tarjeta a done	2025-02-10T16:14:22.7644776Z [36;1m# gh issue close $KAOS_ISSUE_NUMBER --comment "Puede proceder a cerrar la tarjeta." --reason completed[0m
handle-success	Run # Si todo ha iso correctamente pasamos la tarjeta a done	2025-02-10T16:14:22.7666129Z shell: /usr/bin/bash -e {0}
handle-success	Run # Si todo ha iso correctamente pasamos la tarjeta a done	2025-02-10T16:14:22.7667060Z env:
handle-success	Run # Si todo ha iso correctamente pasamos la tarjeta a done	2025-02-10T16:14:22.7667579Z   KAOS_MODULE: [Ka0S] Execution
handle-success	Run # Si todo ha iso correctamente pasamos la tarjeta a done	2025-02-10T16:14:22.7668435Z   GH_TOKEN: ***
handle-success	Run # Si todo ha iso correctamente pasamos la tarjeta a done	2025-02-10T16:14:22.7668959Z   BRANCH_NAME: refs/heads/main
handle-success	Run # Si todo ha iso correctamente pasamos la tarjeta a done	2025-02-10T16:14:22.7669642Z   KAOS_AUTOMATION_COMPLIANCE: compliance/core/core.json
handle-success	Run # Si todo ha iso correctamente pasamos la tarjeta a done	2025-02-10T16:14:22.7670381Z   KAOS_PATH_RESUME: core/results/
handle-success	Run # Si todo ha iso correctamente pasamos la tarjeta a done	2025-02-10T16:14:22.7671117Z   KAOS_PATH_OUTPUT: core/outputs/e/
handle-success	Run # Si todo ha iso correctamente pasamos la tarjeta a done	2025-02-10T16:14:22.7671782Z   KAOS_REPO: /actions-runner/_work/kaos/kaos
handle-success	Run # Si todo ha iso correctamente pasamos la tarjeta a done	2025-02-10T16:14:22.7672428Z   KAOS_STEP_MODULE: 
handle-success	Run # Si todo ha iso correctamente pasamos la tarjeta a done	2025-02-10T16:14:22.7672937Z   KAOS_CODE: 13245308225
handle-success	Run # Si todo ha iso correctamente pasamos la tarjeta a done	2025-02-10T16:14:22.7673469Z   KAOS_ISSUE_NUMBER: 31
handle-success	Run # Si todo ha iso correctamente pasamos la tarjeta a done	2025-02-10T16:14:22.7674105Z   KAOS_ISSUE_TITLE: [E] Ejecucion de core
handle-success	Run # Si todo ha iso correctamente pasamos la tarjeta a done	2025-02-10T16:14:22.7675146Z   KAOS_ISSUE_BODY: "module":"core"
handle-success	Run # Si todo ha iso correctamente pasamos la tarjeta a done	2025-02-10T16:14:22.7675761Z   KAOS_ISSUE_USER: santakloud
handle-success	Run # Si todo ha iso correctamente pasamos la tarjeta a done	2025-02-10T16:14:22.7676314Z ##[endgroup]
handle-success	Run # Si todo ha iso correctamente pasamos la tarjeta a done	2025-02-10T16:14:22.7833152Z [Ka0S] Execution Success in runid 13245308225 initiated by santakloud trouhg issue number 31.
handle-success	Run # Si todo ha iso correctamente pasamos la tarjeta a done	2025-02-10T16:14:22.7940300Z La ejecución solicitada en el issue #31 ha sido completada con éxito.
handle-success	Run # Si todo ha iso correctamente pasamos la tarjeta a done	2025-02-10T16:14:22.7941328Z El log de la ejecucion se envuentra en 13245308225
handle-success	Run # Si todo ha iso correctamente pasamos la tarjeta a done	2025-02-10T16:14:22.7942138Z Se añade el log de la ejecución al issue #31
handle-success	Run # Si todo ha iso correctamente pasamos la tarjeta a done	2025-02-10T16:14:22.7942816Z Se procede a cerrar la issue #31
handle-success	Complete job	2025-02-10T16:14:22.8046422Z Cleaning up orphan processes
end-workflow	Set up job	2025-02-10T16:14:33.9246359Z Current runner version: '2.322.0'
end-workflow	Set up job	2025-02-10T16:14:33.9253159Z Runner name: 'execution-1'
end-workflow	Set up job	2025-02-10T16:14:33.9254032Z Runner group name: 'execution'
end-workflow	Set up job	2025-02-10T16:14:33.9255217Z Machine name: '92a49a86a261'
end-workflow	Set up job	2025-02-10T16:14:33.9258027Z ##[group]GITHUB_TOKEN Permissions
end-workflow	Set up job	2025-02-10T16:14:33.9260307Z Actions: write
end-workflow	Set up job	2025-02-10T16:14:33.9260844Z Contents: write
end-workflow	Set up job	2025-02-10T16:14:33.9261323Z Issues: write
end-workflow	Set up job	2025-02-10T16:14:33.9261796Z Metadata: read
end-workflow	Set up job	2025-02-10T16:14:33.9262286Z PullRequests: write
end-workflow	Set up job	2025-02-10T16:14:33.9262789Z ##[endgroup]
end-workflow	Set up job	2025-02-10T16:14:33.9264816Z Secret source: Actions
end-workflow	Set up job	2025-02-10T16:14:33.9265508Z Prepare workflow directory
end-workflow	Set up job	2025-02-10T16:14:33.9763876Z Prepare all required actions
end-workflow	Set up job	2025-02-10T16:14:33.9812927Z Complete job name: end-workflow
end-workflow	Finaliza el workflow	2025-02-10T16:14:34.0340014Z ##[group]Run echo "End process"
end-workflow	Finaliza el workflow	2025-02-10T16:14:34.0340876Z [36;1mecho "End process"[0m
end-workflow	Finaliza el workflow	2025-02-10T16:14:34.0342250Z [36;1mgh workflow run inspector.yml --ref refs/heads/main -f kaos-issue-id="$KAOS_ISSUE_NUMBER" -f kaos-workflow-id="13245308225" -f kaos-user-start="santakloud"[0m
end-workflow	Finaliza el workflow	2025-02-10T16:14:34.0361100Z shell: /usr/bin/bash -e {0}
end-workflow	Finaliza el workflow	2025-02-10T16:14:34.0361982Z env:
end-workflow	Finaliza el workflow	2025-02-10T16:14:34.0362473Z   KAOS_MODULE: [Ka0S] Execution
end-workflow	Finaliza el workflow	2025-02-10T16:14:34.0363315Z   GH_TOKEN: ***
end-workflow	Finaliza el workflow	2025-02-10T16:14:34.0363814Z   BRANCH_NAME: refs/heads/main
end-workflow	Finaliza el workflow	2025-02-10T16:14:34.0364844Z   KAOS_AUTOMATION_COMPLIANCE: compliance/core/core.json
end-workflow	Finaliza el workflow	2025-02-10T16:14:34.0365569Z   KAOS_PATH_RESUME: core/results/
end-workflow	Finaliza el workflow	2025-02-10T16:14:34.0366176Z   KAOS_PATH_OUTPUT: core/outputs/e/
end-workflow	Finaliza el workflow	2025-02-10T16:14:34.0367239Z   KAOS_REPO: /actions-runner/_work/kaos/kaos
end-workflow	Finaliza el workflow	2025-02-10T16:14:34.0368065Z   KAOS_STEP_MODULE: 
end-workflow	Finaliza el workflow	2025-02-10T16:14:34.0368722Z   KAOS_CODE: 13245308225
end-workflow	Finaliza el workflow	2025-02-10T16:14:34.0369382Z   KAOS_ISSUE_NUMBER: 31
end-workflow	Finaliza el workflow	2025-02-10T16:14:34.0369939Z   KAOS_ISSUE_TITLE: [E] Ejecucion de core
end-workflow	Finaliza el workflow	2025-02-10T16:14:34.0370649Z   KAOS_ISSUE_BODY: "module":"core"
end-workflow	Finaliza el workflow	2025-02-10T16:14:34.0371238Z   KAOS_ISSUE_USER: santakloud
end-workflow	Finaliza el workflow	2025-02-10T16:14:34.0371939Z ##[endgroup]
end-workflow	Finaliza el workflow	2025-02-10T16:14:34.0597063Z End process
end-workflow	Complete job	2025-02-10T16:14:34.7561346Z Cleaning up orphan processes
