job-core	Set up job	2025-02-10T13:20:39.6560848Z Current runner version: '2.322.0'
job-core	Set up job	2025-02-10T13:20:39.6568042Z Runner name: 'ka0s-2'
job-core	Set up job	2025-02-10T13:20:39.6568787Z Runner group name: 'ka0s'
job-core	Set up job	2025-02-10T13:20:39.6569632Z Machine name: '5613a8be5fd6'
job-core	Set up job	2025-02-10T13:20:39.6572212Z ##[group]GITHUB_TOKEN Permissions
job-core	Set up job	2025-02-10T13:20:39.6574857Z Contents: read
job-core	Set up job	2025-02-10T13:20:39.6575409Z Metadata: read
job-core	Set up job	2025-02-10T13:20:39.6575908Z Packages: read
job-core	Set up job	2025-02-10T13:20:39.6576401Z ##[endgroup]
job-core	Set up job	2025-02-10T13:20:39.6578348Z Secret source: Actions
job-core	Set up job	2025-02-10T13:20:39.6579044Z Prepare workflow directory
job-core	Set up job	2025-02-10T13:20:39.7113245Z Prepare all required actions
job-core	Set up job	2025-02-10T13:20:39.7153140Z Getting action download info
job-core	Set up job	2025-02-10T13:20:39.9820410Z Download action repository 'actions/checkout@v4' (SHA:11bd71901bbe5b1630ceea73d27597364c9af683)
job-core	Set up job	2025-02-10T13:20:40.8019489Z Complete job name: job-core
job-core	Checkout code	2025-02-10T13:20:40.8571403Z ##[group]Run actions/checkout@v4
job-core	Checkout code	2025-02-10T13:20:40.8572932Z with:
job-core	Checkout code	2025-02-10T13:20:40.8573419Z   fetch-depth: 0
job-core	Checkout code	2025-02-10T13:20:40.8574518Z   token: ***
job-core	Checkout code	2025-02-10T13:20:40.8575068Z   repository: Ka0s-Klaus/ka0s
job-core	Checkout code	2025-02-10T13:20:40.8575622Z   ssh-strict: true
job-core	Checkout code	2025-02-10T13:20:40.8576107Z   ssh-user: git
job-core	Checkout code	2025-02-10T13:20:40.8576589Z   persist-credentials: true
job-core	Checkout code	2025-02-10T13:20:40.8577116Z   clean: true
job-core	Checkout code	2025-02-10T13:20:40.8577600Z   sparse-checkout-cone-mode: true
job-core	Checkout code	2025-02-10T13:20:40.8578176Z   fetch-tags: false
job-core	Checkout code	2025-02-10T13:20:40.8578669Z   show-progress: true
job-core	Checkout code	2025-02-10T13:20:40.8579161Z   lfs: false
job-core	Checkout code	2025-02-10T13:20:40.8579606Z   submodules: false
job-core	Checkout code	2025-02-10T13:20:40.8580095Z   set-safe-directory: true
job-core	Checkout code	2025-02-10T13:20:40.8580866Z env:
job-core	Checkout code	2025-02-10T13:20:40.8581327Z   KAOS_CODE: 13241825545
job-core	Checkout code	2025-02-10T13:20:40.8581850Z   KAOS_EVENT_NAME: push
job-core	Checkout code	2025-02-10T13:20:40.8582344Z   KAOS_ACTION: 
job-core	Checkout code	2025-02-10T13:20:40.8582815Z   KAOS_MODULE: [Ka0S] kaos
job-core	Checkout code	2025-02-10T13:20:40.8583369Z   KAOS_PATH_RESUME: core/results/
job-core	Checkout code	2025-02-10T13:20:40.8584159Z   GITHUB_OUTPUT: 
job-core	Checkout code	2025-02-10T13:20:40.8584752Z ##[endgroup]
job-core	Checkout code	2025-02-10T13:20:40.9731518Z Syncing repository: Ka0s-Klaus/ka0s
job-core	Checkout code	2025-02-10T13:20:40.9733647Z ##[group]Getting Git version info
job-core	Checkout code	2025-02-10T13:20:40.9734726Z Working directory is '/actions-runner/_work/ka0s/ka0s'
job-core	Checkout code	2025-02-10T13:20:40.9735993Z [command]/usr/bin/git version
job-core	Checkout code	2025-02-10T13:20:40.9736572Z git version 2.25.1
job-core	Checkout code	2025-02-10T13:20:40.9753070Z ##[endgroup]
job-core	Checkout code	2025-02-10T13:20:40.9765225Z Copying '/home/kaos/.gitconfig' to '/actions-runner/_work/_temp/eaf86e51-bcb2-40fc-869d-e38a7e088081/.gitconfig'
job-core	Checkout code	2025-02-10T13:20:40.9777395Z Temporarily overriding HOME='/actions-runner/_work/_temp/eaf86e51-bcb2-40fc-869d-e38a7e088081' before making global git config changes
job-core	Checkout code	2025-02-10T13:20:40.9779242Z Adding repository directory to the temporary git global config as a safe directory
job-core	Checkout code	2025-02-10T13:20:40.9783210Z [command]/usr/bin/git config --global --add safe.directory /actions-runner/_work/ka0s/ka0s
job-core	Checkout code	2025-02-10T13:20:40.9829985Z [command]/usr/bin/git config --local --get remote.origin.url
job-core	Checkout code	2025-02-10T13:20:40.9854166Z https://github.com/Ka0s-Klaus/ka0s
job-core	Checkout code	2025-02-10T13:20:40.9873435Z ##[group]Removing previously created refs, to avoid conflicts
job-core	Checkout code	2025-02-10T13:20:40.9878544Z [command]/usr/bin/git rev-parse --symbolic-full-name --verify --quiet HEAD
job-core	Checkout code	2025-02-10T13:20:40.9903315Z refs/heads/main
job-core	Checkout code	2025-02-10T13:20:40.9913700Z [command]/usr/bin/git checkout --detach
job-core	Checkout code	2025-02-10T13:20:40.9956390Z HEAD is now at 2673052 [Ka0S] Uploading resume execution files to the repository...
job-core	Checkout code	2025-02-10T13:20:41.0002826Z [command]/usr/bin/git branch --delete --force main
job-core	Checkout code	2025-02-10T13:20:41.0034960Z Deleted branch main (was 2673052).
job-core	Checkout code	2025-02-10T13:20:41.0081049Z ##[endgroup]
job-core	Checkout code	2025-02-10T13:20:41.0082919Z [command]/usr/bin/git submodule status
job-core	Checkout code	2025-02-10T13:20:41.0390984Z ##[group]Cleaning the repository
job-core	Checkout code	2025-02-10T13:20:41.0394469Z [command]/usr/bin/git clean -ffdx
job-core	Checkout code	2025-02-10T13:20:41.0428722Z Removing core/results/commit-summary-.txt
job-core	Checkout code	2025-02-10T13:20:41.0429889Z Removing core/results/files-in-commit-.txt
job-core	Checkout code	2025-02-10T13:20:41.0430622Z Removing event_data.json
job-core	Checkout code	2025-02-10T13:20:41.0440818Z [command]/usr/bin/git reset --hard HEAD
job-core	Checkout code	2025-02-10T13:20:41.0489397Z HEAD is now at 2673052 [Ka0S] Uploading resume execution files to the repository...
job-core	Checkout code	2025-02-10T13:20:41.0494186Z ##[endgroup]
job-core	Checkout code	2025-02-10T13:20:41.0496098Z ##[group]Disabling automatic garbage collection
job-core	Checkout code	2025-02-10T13:20:41.0501995Z [command]/usr/bin/git config --local gc.auto 0
job-core	Checkout code	2025-02-10T13:20:41.0535162Z ##[endgroup]
job-core	Checkout code	2025-02-10T13:20:41.0536102Z ##[group]Setting up auth
job-core	Checkout code	2025-02-10T13:20:41.0550170Z [command]/usr/bin/git config --local --name-only --get-regexp core\.sshCommand
job-core	Checkout code	2025-02-10T13:20:41.0585528Z [command]/usr/bin/git submodule foreach --recursive sh -c "git config --local --name-only --get-regexp 'core\.sshCommand' && git config --local --unset-all 'core.sshCommand' || :"
job-core	Checkout code	2025-02-10T13:20:41.0892805Z [command]/usr/bin/git config --local --name-only --get-regexp http\.https\:\/\/github\.com\/\.extraheader
job-core	Checkout code	2025-02-10T13:20:41.0925243Z [command]/usr/bin/git submodule foreach --recursive sh -c "git config --local --name-only --get-regexp 'http\.https\:\/\/github\.com\/\.extraheader' && git config --local --unset-all 'http.https://github.com/.extraheader' || :"
job-core	Checkout code	2025-02-10T13:20:41.1231331Z [command]/usr/bin/git config --local http.https://github.com/.extraheader AUTHORIZATION: basic ***
job-core	Checkout code	2025-02-10T13:20:41.1281089Z ##[endgroup]
job-core	Checkout code	2025-02-10T13:20:41.1282281Z ##[group]Fetching the repository
job-core	Checkout code	2025-02-10T13:20:41.1289656Z [command]/usr/bin/git -c protocol.version=2 fetch --prune --no-recurse-submodules origin +refs/heads/*:refs/remotes/origin/* +refs/tags/*:refs/tags/*
job-core	Checkout code	2025-02-10T13:20:41.6386656Z From https://github.com/Ka0s-Klaus/ka0s
job-core	Checkout code	2025-02-10T13:20:41.6388133Z    2673052..342bed9  main       -> origin/main
job-core	Checkout code	2025-02-10T13:20:41.6444955Z [command]/usr/bin/git branch --list --remote origin/main
job-core	Checkout code	2025-02-10T13:20:41.6472723Z   origin/main
job-core	Checkout code	2025-02-10T13:20:41.6484037Z [command]/usr/bin/git rev-parse refs/remotes/origin/main
job-core	Checkout code	2025-02-10T13:20:41.6508481Z 342bed97bc46ff6cd911ec34c9f8c7b571fd4ed1
job-core	Checkout code	2025-02-10T13:20:41.6512869Z ##[endgroup]
job-core	Checkout code	2025-02-10T13:20:41.6514606Z ##[group]Determining the checkout info
job-core	Checkout code	2025-02-10T13:20:41.6517124Z ##[endgroup]
job-core	Checkout code	2025-02-10T13:20:41.6518695Z ##[group]Checking out the ref
job-core	Checkout code	2025-02-10T13:20:41.6520486Z [command]/usr/bin/git checkout --progress --force -B main refs/remotes/origin/main
job-core	Checkout code	2025-02-10T13:20:41.6575994Z Previous HEAD position was 2673052 [Ka0S] Uploading resume execution files to the repository...
job-core	Checkout code	2025-02-10T13:20:41.6582027Z Switched to a new branch 'main'
job-core	Checkout code	2025-02-10T13:20:41.6583510Z Branch 'main' set up to track remote branch 'main' from 'origin'.
job-core	Checkout code	2025-02-10T13:20:41.6590329Z ##[endgroup]
job-core	Checkout code	2025-02-10T13:20:41.6630032Z [command]/usr/bin/git log -1 --format=%H
job-core	Checkout code	2025-02-10T13:20:41.6659757Z 342bed97bc46ff6cd911ec34c9f8c7b571fd4ed1
job-core	Validate file extensions	2025-02-10T13:20:41.6902816Z ##[group]Run IFS=' ' read -r -a extensions <<< "***"
job-core	Validate file extensions	2025-02-10T13:20:41.6904689Z [36;1mIFS=' ' read -r -a extensions <<< "***"[0m
job-core	Validate file extensions	2025-02-10T13:20:41.6906244Z [36;1mfor file in $(git diff --name-only HEAD~1 HEAD); do[0m
job-core	Validate file extensions	2025-02-10T13:20:41.6907680Z [36;1mextension="${file##*.}"[0m
job-core	Validate file extensions	2025-02-10T13:20:41.6909046Z [36;1m  if [[ ! " ${extensions[@]} " =~ " ${extension} " ]]; then[0m
job-core	Validate file extensions	2025-02-10T13:20:41.6910753Z [36;1m    echo "File $file has an invalid extension: $extension"[0m
job-core	Validate file extensions	2025-02-10T13:20:41.6912238Z [36;1m  fi[0m
job-core	Validate file extensions	2025-02-10T13:20:41.6913080Z [36;1mdone[0m
job-core	Validate file extensions	2025-02-10T13:20:41.6943798Z shell: /usr/bin/bash -e {0}
job-core	Validate file extensions	2025-02-10T13:20:41.6944987Z env:
job-core	Validate file extensions	2025-02-10T13:20:41.6945790Z   KAOS_CODE: 13241825545
job-core	Validate file extensions	2025-02-10T13:20:41.6946793Z   KAOS_EVENT_NAME: push
job-core	Validate file extensions	2025-02-10T13:20:41.6947766Z   KAOS_ACTION: 
job-core	Validate file extensions	2025-02-10T13:20:41.6948686Z   KAOS_MODULE: [Ka0S] kaos
job-core	Validate file extensions	2025-02-10T13:20:41.6949735Z   KAOS_PATH_RESUME: core/results/
job-core	Validate file extensions	2025-02-10T13:20:41.6950851Z   GITHUB_OUTPUT: 
job-core	Validate file extensions	2025-02-10T13:20:41.6951720Z ##[endgroup]
job-core	Validate file extensions	2025-02-10T13:20:41.7041805Z File core/outputs/e/13241738544.json has an invalid extension: json
job-core	Validate file extensions	2025-02-10T13:20:41.7044478Z File core/outputs/e/13241738544.log has an invalid extension: log
job-core	Crear JSON	2025-02-10T13:20:41.7120253Z ##[group]Run echo "{}" > event_data.json
job-core	Crear JSON	2025-02-10T13:20:41.7121564Z [36;1mecho "{}" > event_data.json[0m
job-core	Crear JSON	2025-02-10T13:20:41.7122898Z [36;1mcase "push" in[0m
job-core	Crear JSON	2025-02-10T13:20:41.7123794Z [36;1m  "push")[0m
job-core	Crear JSON	2025-02-10T13:20:41.7127099Z [36;1m    echo "{\"event\": \"push\", \"ref\": \"refs/heads/main\", \"sha\": \"342bed97bc46ff6cd911ec34c9f8c7b571fd4ed1\"}" > event_data.json # Ejemplo: {"event": "push", "ref": "refs/heads/main", "sha": "abc123"}[0m
job-core	Crear JSON	2025-02-10T13:20:41.7130272Z [36;1m    echo "Variable github.action=crear_json"[0m
job-core	Crear JSON	2025-02-10T13:20:41.7131590Z [36;1m    echo "Variable github.event.action="[0m
job-core	Crear JSON	2025-02-10T13:20:41.7133016Z [36;1m    echo "Variable github.event.pusher.name=ka0score"[0m
job-core	Crear JSON	2025-02-10T13:20:41.7135113Z [36;1m    echo "variable github.event.pusher.email=ka0s@ka0s.io" [0m
job-core	Crear JSON	2025-02-10T13:20:41.7136684Z [36;1m    echo "Variable github.event.issue.number="[0m
job-core	Crear JSON	2025-02-10T13:20:41.7139266Z [36;1m    # Crear un fichero de resumen con todos los datos de los commits asociados, esta información es usada en todo el ciclo de vida del workflow[0m
job-core	Crear JSON	2025-02-10T13:20:41.7143786Z [36;1m    git log 2673052893d26181f35e332d4f5302f134253582..342bed97bc46ff6cd911ec34c9f8c7b571fd4ed1 --pretty=format:'%H%n%an%n%ae%n%ad%n%s' > core/results/commit-summary-$KAOS_CODE_FILES.txt[0m
job-core	Crear JSON	2025-02-10T13:20:41.7147960Z [36;1m    # Crear un fichero con la ruta completa y el nombre ficheros implicados en el commit[0m
job-core	Crear JSON	2025-02-10T13:20:41.7151383Z [36;1m    git diff --name-only 2673052893d26181f35e332d4f5302f134253582 342bed97bc46ff6cd911ec34c9f8c7b571fd4ed1 > core/results/files-in-commit-$KAOS_CODE_FILES.txt[0m
job-core	Crear JSON	2025-02-10T13:20:41.7154971Z [36;1m    INVOLVED=core/results/files-in-commit-$KAOS_CODE_FILES.txt[0m
job-core	Crear JSON	2025-02-10T13:20:41.7156537Z [36;1m    echo "INVOLVED=$INVOLVED" >> $GITHUB_OUTPUT[0m
job-core	Crear JSON	2025-02-10T13:20:41.7157693Z [36;1m    ;;[0m
job-core	Crear JSON	2025-02-10T13:20:41.7158640Z [36;1m  "pull_request")[0m
job-core	Crear JSON	2025-02-10T13:20:41.7160852Z [36;1m    echo "{\"event\": \"pull_request\", \"action\": \"\", \"number\": \"\"}" > event_data.json # Ejemplo: {"event": "pull_request", "action": "opened", "number": "42"}[0m
job-core	Crear JSON	2025-02-10T13:20:41.7163026Z [36;1m    ;;[0m
job-core	Crear JSON	2025-02-10T13:20:41.7163799Z [36;1m  "issues")[0m
job-core	Crear JSON	2025-02-10T13:20:41.7166065Z [36;1m    echo "{\"event\": \"issues\", \"action\": \"\", \"issue\": \"\"}" > event_data.json # Ejemplo: {"event": "issues", "action": "opened", "issue": "99"}[0m
job-core	Crear JSON	2025-02-10T13:20:41.7168039Z [36;1m    ;;[0m
job-core	Crear JSON	2025-02-10T13:20:41.7168835Z [36;1m  "issue_comment")[0m
job-core	Crear JSON	2025-02-10T13:20:41.7171294Z [36;1m    echo "{\"event\": \"issue_comment\", \"action\": \"\", \"comment\": \"\"}" > event_data.json # Ejemplo: {"event": "issue_comment", "action": "created", "comment": "123456"}[0m
job-core	Crear JSON	2025-02-10T13:20:41.7173531Z [36;1m    ;;[0m
job-core	Crear JSON	2025-02-10T13:20:41.7174764Z [36;1m  "create")[0m
job-core	Crear JSON	2025-02-10T13:20:41.7177039Z [36;1m    echo "{\"event\": \"create\", \"ref\": \"refs/heads/main\", \"ref_type\": \"refs/heads/main\"}" > event_data.json # Ejemplo: {"event": "create", "ref": "refs/tags/v1.0", "ref_type": "tag"}[0m
job-core	Crear JSON	2025-02-10T13:20:41.7179489Z [36;1m    ;;[0m
job-core	Crear JSON	2025-02-10T13:20:41.7180343Z [36;1m  "delete")[0m
job-core	Crear JSON	2025-02-10T13:20:41.7182768Z [36;1m    echo "{\"event\": \"delete\", \"ref\": \"refs/heads/main\", \"ref_type\": \"refs/heads/main\"}" > event_data.json # Ejemplo: {"event": "delete", "ref": "refs/heads/feature-branch", "ref_type": "branch"}[0m
job-core	Crear JSON	2025-02-10T13:20:41.7185848Z [36;1m    ;;[0m
job-core	Crear JSON	2025-02-10T13:20:41.7186624Z [36;1m  "release")[0m
job-core	Crear JSON	2025-02-10T13:20:41.7188551Z [36;1m    echo "{\"event\": \"release\", \"action\": \"\", \"release\": \"\"}" > event_data.json # Ejemplo: {"event": "release", "action": "published", "release": "v1.0"}[0m
job-core	Crear JSON	2025-02-10T13:20:41.7190651Z [36;1m    ;;[0m
job-core	Crear JSON	2025-02-10T13:20:41.7191415Z [36;1m  "watch")[0m
job-core	Crear JSON	2025-02-10T13:20:41.7192954Z [36;1m    echo "{\"event\": \"watch\", \"action\": \"\"}" > event_data.json # Ejemplo: {"event": "watch", "action": "started"}[0m
job-core	Crear JSON	2025-02-10T13:20:41.7195205Z [36;1m    ;;[0m
job-core	Crear JSON	2025-02-10T13:20:41.7196027Z [36;1m  "repository_dispatch")[0m
job-core	Crear JSON	2025-02-10T13:20:41.7198375Z [36;1m    echo "{\"event\": \"repository_dispatch\", \"action\": \"\"}" > event_data.json # Ejemplo: {"event": "repository_dispatch", "action": "custom-event"}[0m
job-core	Crear JSON	2025-02-10T13:20:41.7200662Z [36;1m    ;;[0m
job-core	Crear JSON	2025-02-10T13:20:41.7201473Z [36;1m  "workflow_dispatch")[0m
job-core	Crear JSON	2025-02-10T13:20:41.7203132Z [36;1m    echo "{\"event\": \"workflow_dispatch\"}" > event_data.json # Ejemplo: {"event": "workflow_dispatch"}[0m
job-core	Crear JSON	2025-02-10T13:20:41.7205288Z [36;1m    ;;[0m
job-core	Crear JSON	2025-02-10T13:20:41.7206041Z [36;1m  *)[0m
job-core	Crear JSON	2025-02-10T13:20:41.7207246Z [36;1m    echo "{\"event\": \"unknown\"}" > event_data.json # Ejemplo: {"event": "unknown"}[0m
job-core	Crear JSON	2025-02-10T13:20:41.7208714Z [36;1m    ;;[0m
job-core	Crear JSON	2025-02-10T13:20:41.7209469Z [36;1mesac[0m
job-core	Crear JSON	2025-02-10T13:20:41.7217610Z shell: /usr/bin/bash -e {0}
job-core	Crear JSON	2025-02-10T13:20:41.7218698Z env:
job-core	Crear JSON	2025-02-10T13:20:41.7219505Z   KAOS_CODE: 13241825545
job-core	Crear JSON	2025-02-10T13:20:41.7220540Z   KAOS_EVENT_NAME: push
job-core	Crear JSON	2025-02-10T13:20:41.7221665Z   KAOS_ACTION: 
job-core	Crear JSON	2025-02-10T13:20:41.7222624Z   KAOS_MODULE: [Ka0S] kaos
job-core	Crear JSON	2025-02-10T13:20:41.7223585Z   KAOS_PATH_RESUME: core/results/
job-core	Crear JSON	2025-02-10T13:20:41.7225057Z   GITHUB_OUTPUT: 
job-core	Crear JSON	2025-02-10T13:20:41.7225846Z ##[endgroup]
job-core	Crear JSON	2025-02-10T13:20:41.7272626Z Variable github.action=crear_json
job-core	Crear JSON	2025-02-10T13:20:41.7275226Z Variable github.event.action=
job-core	Crear JSON	2025-02-10T13:20:41.7276610Z Variable github.event.pusher.name=ka0score
job-core	Crear JSON	2025-02-10T13:20:41.7277952Z variable github.event.pusher.email=ka0s@ka0s.io
job-core	Crear JSON	2025-02-10T13:20:41.7279259Z Variable github.event.issue.number=
job-core	Ver JSON	2025-02-10T13:20:41.7382411Z ##[group]Run cat event_data.json
job-core	Ver JSON	2025-02-10T13:20:41.7383590Z [36;1mcat event_data.json[0m
job-core	Ver JSON	2025-02-10T13:20:41.7391268Z shell: /usr/bin/bash -e {0}
job-core	Ver JSON	2025-02-10T13:20:41.7392231Z env:
job-core	Ver JSON	2025-02-10T13:20:41.7392984Z   KAOS_CODE: 13241825545
job-core	Ver JSON	2025-02-10T13:20:41.7393993Z   KAOS_EVENT_NAME: push
job-core	Ver JSON	2025-02-10T13:20:41.7394909Z   KAOS_ACTION: 
job-core	Ver JSON	2025-02-10T13:20:41.7395746Z   KAOS_MODULE: [Ka0S] kaos
job-core	Ver JSON	2025-02-10T13:20:41.7396730Z   KAOS_PATH_RESUME: core/results/
job-core	Ver JSON	2025-02-10T13:20:41.7397758Z   GITHUB_OUTPUT: 
job-core	Ver JSON	2025-02-10T13:20:41.7398587Z ##[endgroup]
job-core	Ver JSON	2025-02-10T13:20:41.7448729Z {"event": "push", "ref": "refs/heads/main", "sha": "342bed97bc46ff6cd911ec34c9f8c7b571fd4ed1"}
job-core	Run # Nuevo proceso de activacion de los modulos	2025-02-10T13:20:41.7548781Z ##[group]Run # Nuevo proceso de activacion de los modulos
job-core	Run # Nuevo proceso de activacion de los modulos	2025-02-10T13:20:41.7550454Z [36;1m# Nuevo proceso de activacion de los modulos[0m
job-core	Run # Nuevo proceso de activacion de los modulos	2025-02-10T13:20:41.7551723Z [36;1mwhile IFS= read -r line; do[0m
job-core	Run # Nuevo proceso de activacion de los modulos	2025-02-10T13:20:41.7553080Z [36;1m  echo "I Leemos el fichero  y extraemos el fichero $line"[0m
job-core	Run # Nuevo proceso de activacion de los modulos	2025-02-10T13:20:41.7554525Z [36;1m  module_failed=0[0m
job-core	Run # Nuevo proceso de activacion de los modulos	2025-02-10T13:20:41.7555491Z [36;1m  extension_failed=0[0m
job-core	Run # Nuevo proceso de activacion de los modulos	2025-02-10T13:20:41.7556516Z [36;1m  file_name=$(basename "$line")[0m
job-core	Run # Nuevo proceso de activacion de los modulos	2025-02-10T13:20:41.7557877Z [36;1m  echo "I-1 Calculamos el nombre del fichero $file_name"[0m
job-core	Run # Nuevo proceso de activacion de los modulos	2025-02-10T13:20:41.7559285Z [36;1m  file_extension="${file_name##*.}"[0m
job-core	Run # Nuevo proceso de activacion de los modulos	2025-02-10T13:20:41.7560775Z [36;1m  echo "I-2 Calculamos la extension del fichero $file_extension"[0m
job-core	Run # Nuevo proceso de activacion de los modulos	2025-02-10T13:20:41.7562356Z [36;1m  file_module="$file_extension""lint.yaml"[0m
job-core	Run # Nuevo proceso de activacion de los modulos	2025-02-10T13:20:41.7563743Z [36;1m  echo "I-3 Calculamos el modulo $file_module"[0m
job-core	Run # Nuevo proceso de activacion de los modulos	2025-02-10T13:20:41.7565166Z [36;1m  IFS=',' read -r -a file_array <<< "$files"[0m
job-core	Run # Nuevo proceso de activacion de los modulos	2025-02-10T13:20:41.7566467Z [36;1m  for file in "${file_array[@]}"; do[0m
job-core	Run # Nuevo proceso de activacion de los modulos	2025-02-10T13:20:41.7567674Z [36;1m    echo "II Leemos el array de $file"[0m
job-core	Run # Nuevo proceso de activacion de los modulos	2025-02-10T13:20:41.7568926Z [36;1m    if [[ "$file_extension" == "$file" ]]; then[0m
job-core	Run # Nuevo proceso de activacion de los modulos	2025-02-10T13:20:41.7570424Z [36;1m      echo "III Comprobamos si $file_extension es igual a $file"[0m
job-core	Run # Nuevo proceso de activacion de los modulos	2025-02-10T13:20:41.7571964Z [36;1m      IFS=',' read -r -a module_array <<< "$modules"[0m
job-core	Run # Nuevo proceso de activacion de los modulos	2025-02-10T13:20:41.7573846Z [36;1m      for module in "${module_array[@]}"; do[0m
job-core	Run # Nuevo proceso de activacion de los modulos	2025-02-10T13:20:41.7575283Z [36;1m        echo "IV Leemos el array $module"[0m
job-core	Run # Nuevo proceso de activacion de los modulos	2025-02-10T13:20:41.7576563Z [36;1m        if [[ "$file_module" == *"$module"* ]]; then[0m
job-core	Run # Nuevo proceso de activacion de los modulos	2025-02-10T13:20:41.7578308Z [36;1m          echo "V Comprobamos que el $file_module es igual a $module y ejecutamos el flujo"[0m
job-core	Run # Nuevo proceso de activacion de los modulos	2025-02-10T13:20:41.7580485Z [36;1m          # Si hemos llegado hasta aquí ejecutamos el módulo[0m
job-core	Run # Nuevo proceso de activacion de los modulos	2025-02-10T13:20:41.7581991Z [36;1m          # Añadimos los valores a las variables de la issue[0m
job-core	Run # Nuevo proceso de activacion de los modulos	2025-02-10T13:20:41.7584136Z [36;1m          KAOS_ISSUE_BODY="[Ka0S] kaos has been initiated and Launch workflow $file_module to check file $line"[0m
job-core	Run # Nuevo proceso de activacion de los modulos	2025-02-10T13:20:41.7586132Z [36;1m          # Añadimos el comentario a la issue[0m
job-core	Run # Nuevo proceso de activacion de los modulos	2025-02-10T13:20:41.7588526Z [36;1m          #gh workflow run issue.yaml --ref refs/heads/main -f kaos-issue-body="$KAOS_ISSUE_BODY" -f kaos-issue-id= -f kaos-issue-actions=comment[0m
job-core	Run # Nuevo proceso de activacion de los modulos	2025-02-10T13:20:41.7590923Z [36;1m          # Lanzamos el lint del fichero[0m
job-core	Run # Nuevo proceso de activacion de los modulos	2025-02-10T13:20:41.7593270Z [36;1m          #gh workflow run $file_module --ref refs/heads/main -f kaos-origin=13241825545 -f kaos-files=$line -f kaos-issue-id= -f kaos-user-start=[0m
job-core	Run # Nuevo proceso de activacion de los modulos	2025-02-10T13:20:41.7595633Z [36;1m          module_failed=0[0m
job-core	Run # Nuevo proceso de activacion de los modulos	2025-02-10T13:20:41.7596693Z [36;1m          extension_failed=0[0m
job-core	Run # Nuevo proceso de activacion de los modulos	2025-02-10T13:20:41.7597760Z [36;1m          break[0m
job-core	Run # Nuevo proceso de activacion de los modulos	2025-02-10T13:20:41.7598672Z [36;1m        else[0m
job-core	Run # Nuevo proceso de activacion de los modulos	2025-02-10T13:20:41.7599786Z [36;1m          # Control de si existe el modulo para esa extension"[0m
job-core	Run # Nuevo proceso de activacion de los modulos	2025-02-10T13:20:41.7601743Z [36;1m          echo "VI No es igual $file_module a $module y lo indicamos en la variable module_failed=1"[0m
job-core	Run # Nuevo proceso de activacion de los modulos	2025-02-10T13:20:41.7603445Z [36;1m          module_failed=1[0m
job-core	Run # Nuevo proceso de activacion de los modulos	2025-02-10T13:20:41.7604577Z [36;1m        fi[0m
job-core	Run # Nuevo proceso de activacion de los modulos	2025-02-10T13:20:41.7605418Z [36;1m      done[0m
job-core	Run # Nuevo proceso de activacion de los modulos	2025-02-10T13:20:41.7606255Z [36;1m      break[0m
job-core	Run # Nuevo proceso de activacion de los modulos	2025-02-10T13:20:41.7607097Z [36;1m    else[0m
job-core	Run # Nuevo proceso de activacion de los modulos	2025-02-10T13:20:41.7608167Z [36;1m      # Control de si existe el modulo para esa extension"[0m
job-core	Run # Nuevo proceso de activacion de los modulos	2025-02-10T13:20:41.7610123Z [36;1m      echo "VII No es igual $file_extension a $file y lo indicamos en la variable extension_failed=1"[0m
job-core	Run # Nuevo proceso de activacion de los modulos	2025-02-10T13:20:41.7611912Z [36;1m      extension_failed=1[0m
job-core	Run # Nuevo proceso de activacion de los modulos	2025-02-10T13:20:41.7612899Z [36;1m    fi  [0m
job-core	Run # Nuevo proceso de activacion de los modulos	2025-02-10T13:20:41.7613699Z [36;1m  done[0m
job-core	Run # Nuevo proceso de activacion de los modulos	2025-02-10T13:20:41.7614668Z [36;1m  if [[ $module_failed == 1 ]]; then[0m
job-core	Run # Nuevo proceso de activacion de los modulos	2025-02-10T13:20:41.7616252Z [36;1m    echo "IX Si el modulo falla ($module_failed) añadimos el comentario a la issue"[0m
job-core	Run # Nuevo proceso de activacion de los modulos	2025-02-10T13:20:41.7619388Z [36;1m    # Si hemos llegado hasta aquí añadimos el mensaje de que la extension esta permitida pero no dispone de modulo activo y aqui finaliza el proceso[0m
job-core	Run # Nuevo proceso de activacion de los modulos	2025-02-10T13:20:41.7621915Z [36;1m    # Añadimos los valores a las variables de la issue[0m
job-core	Run # Nuevo proceso de activacion de los modulos	2025-02-10T13:20:41.7625325Z [36;1m    KAOS_ISSUE_BODY="[Ka0S] kaos ha detectado que la extensión ($file_extension) esta permitida dentro de KAOS_CORE_FILES, pero el módulo asociado ($file_module) no esta activo. Por favor compruebe que exista y esta activo."[0m
job-core	Run # Nuevo proceso de activacion de los modulos	2025-02-10T13:20:41.7628592Z [36;1m    # Añadimos el comentario a la issue[0m
job-core	Run # Nuevo proceso de activacion de los modulos	2025-02-10T13:20:41.7630922Z [36;1m    #gh workflow run issue.yaml --ref refs/heads/main -f kaos-issue-body="$KAOS_ISSUE_BODY" -f kaos-issue-id= -f kaos-issue-actions=comment[0m
job-core	Run # Nuevo proceso de activacion de los modulos	2025-02-10T13:20:41.7633158Z [36;1m  fi[0m
job-core	Run # Nuevo proceso de activacion de los modulos	2025-02-10T13:20:41.7634101Z [36;1m  if [[ $extension_failed == 1 ]]; then[0m
job-core	Run # Nuevo proceso de activacion de los modulos	2025-02-10T13:20:41.7635866Z [36;1m    echo "X Si extension falla falla ($extension_failed) añadimos el comentario a la issue"[0m
job-core	Run # Nuevo proceso de activacion de los modulos	2025-02-10T13:20:41.7638185Z [36;1m    # Si hemos llegado hasta aquí añadimos el mensaje de que la extension no esta permitida[0m
job-core	Run # Nuevo proceso de activacion de los modulos	2025-02-10T13:20:41.7640047Z [36;1m    # Añadimos los valores a las variables de la issue[0m
job-core	Run # Nuevo proceso de activacion de los modulos	2025-02-10T13:20:41.7642778Z [36;1m    KAOS_ISSUE_BODY="[Ka0S] kaos ha detectado que la extensión ($file_extension) NO esta permitida dentro de KAOS_CORE_FILES. Por favor compruebe que exista y esta activo."[0m
job-core	Run # Nuevo proceso de activacion de los modulos	2025-02-10T13:20:41.7645571Z [36;1m    # Añadimos el comentario a la issue[0m
job-core	Run # Nuevo proceso de activacion de los modulos	2025-02-10T13:20:41.7647896Z [36;1m    #gh workflow run issue.yaml --ref refs/heads/main -f kaos-issue-body="$KAOS_ISSUE_BODY" -f kaos-issue-id= -f kaos-issue-actions=comment[0m
job-core	Run # Nuevo proceso de activacion de los modulos	2025-02-10T13:20:41.7650139Z [36;1m  fi  [0m
job-core	Run # Nuevo proceso de activacion de los modulos	2025-02-10T13:20:41.7650981Z [36;1mdone < $GITHUB_OUTPUT[0m
job-core	Run # Nuevo proceso de activacion de los modulos	2025-02-10T13:20:41.7659099Z shell: /usr/bin/bash -e {0}
job-core	Run # Nuevo proceso de activacion de los modulos	2025-02-10T13:20:41.7660003Z env:
job-core	Run # Nuevo proceso de activacion de los modulos	2025-02-10T13:20:41.7660715Z   KAOS_CODE: 13241825545
job-core	Run # Nuevo proceso de activacion de los modulos	2025-02-10T13:20:41.7661610Z   KAOS_EVENT_NAME: push
job-core	Run # Nuevo proceso de activacion de los modulos	2025-02-10T13:20:41.7662445Z   KAOS_ACTION: 
job-core	Run # Nuevo proceso de activacion de los modulos	2025-02-10T13:20:41.7663226Z   KAOS_MODULE: [Ka0S] kaos
job-core	Run # Nuevo proceso de activacion de los modulos	2025-02-10T13:20:41.7664349Z   KAOS_PATH_RESUME: core/results/
job-core	Run # Nuevo proceso de activacion de los modulos	2025-02-10T13:20:41.7750220Z   GITHUB_OUTPUT: 
job-core	Run # Nuevo proceso de activacion de los modulos	2025-02-10T13:20:41.7751720Z   modules: ***
job-core	Run # Nuevo proceso de activacion de los modulos	2025-02-10T13:20:41.7752576Z   files: ***
job-core	Run # Nuevo proceso de activacion de los modulos	2025-02-10T13:20:41.7753451Z ##[endgroup]
job-core	Post Checkout code	2025-02-10T13:20:41.7952587Z Post job cleanup.
job-core	Post Checkout code	2025-02-10T13:20:41.8967322Z [command]/usr/bin/git version
job-core	Post Checkout code	2025-02-10T13:20:41.9005636Z git version 2.25.1
job-core	Post Checkout code	2025-02-10T13:20:41.9047693Z Copying '/home/kaos/.gitconfig' to '/actions-runner/_work/_temp/51dba563-d761-4d8e-b8f7-3593121c4a8b/.gitconfig'
job-core	Post Checkout code	2025-02-10T13:20:41.9062942Z Temporarily overriding HOME='/actions-runner/_work/_temp/51dba563-d761-4d8e-b8f7-3593121c4a8b' before making global git config changes
job-core	Post Checkout code	2025-02-10T13:20:41.9066296Z Adding repository directory to the temporary git global config as a safe directory
job-core	Post Checkout code	2025-02-10T13:20:41.9069103Z [command]/usr/bin/git config --global --add safe.directory /actions-runner/_work/ka0s/ka0s
job-core	Post Checkout code	2025-02-10T13:20:41.9111033Z [command]/usr/bin/git config --local --name-only --get-regexp core\.sshCommand
job-core	Post Checkout code	2025-02-10T13:20:41.9159772Z [command]/usr/bin/git submodule foreach --recursive sh -c "git config --local --name-only --get-regexp 'core\.sshCommand' && git config --local --unset-all 'core.sshCommand' || :"
job-core	Post Checkout code	2025-02-10T13:20:41.9462482Z [command]/usr/bin/git config --local --name-only --get-regexp http\.https\:\/\/github\.com\/\.extraheader
job-core	Post Checkout code	2025-02-10T13:20:41.9487772Z http.https://github.com/.extraheader
job-core	Post Checkout code	2025-02-10T13:20:41.9500780Z [command]/usr/bin/git config --local --unset-all http.https://github.com/.extraheader
job-core	Post Checkout code	2025-02-10T13:20:41.9539032Z [command]/usr/bin/git submodule foreach --recursive sh -c "git config --local --name-only --get-regexp 'http\.https\:\/\/github\.com\/\.extraheader' && git config --local --unset-all 'http.https://github.com/.extraheader' || :"
job-core	Complete job	2025-02-10T13:20:41.9974922Z Cleaning up orphan processes
handle-success	Set up job	2025-02-10T13:21:12.8063611Z Current runner version: '2.322.0'
handle-success	Set up job	2025-02-10T13:21:12.8070787Z Runner name: 'ka0s-2'
handle-success	Set up job	2025-02-10T13:21:12.8071534Z Runner group name: 'ka0s'
handle-success	Set up job	2025-02-10T13:21:12.8072372Z Machine name: '5613a8be5fd6'
handle-success	Set up job	2025-02-10T13:21:12.8075403Z ##[group]GITHUB_TOKEN Permissions
handle-success	Set up job	2025-02-10T13:21:12.8077552Z Contents: read
handle-success	Set up job	2025-02-10T13:21:12.8078068Z Metadata: read
handle-success	Set up job	2025-02-10T13:21:12.8078532Z Packages: read
handle-success	Set up job	2025-02-10T13:21:12.8078989Z ##[endgroup]
handle-success	Set up job	2025-02-10T13:21:12.8080886Z Secret source: Actions
handle-success	Set up job	2025-02-10T13:21:12.8081555Z Prepare workflow directory
handle-success	Set up job	2025-02-10T13:21:12.8583193Z Prepare all required actions
handle-success	Set up job	2025-02-10T13:21:12.8632988Z Complete job name: handle-success
handle-success	handle-success-execution	2025-02-10T13:21:12.9131232Z ##[group]Run # Si todo ha ido correcto añadimos el contenido del fichero 
handle-success	handle-success-execution	2025-02-10T13:21:12.9132448Z [36;1m# Si todo ha ido correcto añadimos el contenido del fichero [0m
handle-success	handle-success-execution	2025-02-10T13:21:12.9133233Z [36;1mecho "Todo ha ido bien"[0m
handle-success	handle-success-execution	2025-02-10T13:21:12.9151509Z shell: /usr/bin/bash -e {0}
handle-success	handle-success-execution	2025-02-10T13:21:12.9152359Z env:
handle-success	handle-success-execution	2025-02-10T13:21:12.9152884Z   KAOS_CODE: 13241825545
handle-success	handle-success-execution	2025-02-10T13:21:12.9153400Z   KAOS_EVENT_NAME: push
handle-success	handle-success-execution	2025-02-10T13:21:12.9153887Z   KAOS_ACTION: 
handle-success	handle-success-execution	2025-02-10T13:21:12.9154817Z   KAOS_MODULE: [Ka0S] kaos
handle-success	handle-success-execution	2025-02-10T13:21:12.9155665Z   KAOS_PATH_RESUME: core/results/
handle-success	handle-success-execution	2025-02-10T13:21:12.9156339Z ##[endgroup]
handle-success	handle-success-execution	2025-02-10T13:21:12.9312369Z Todo ha ido bien
handle-success	Complete job	2025-02-10T13:21:12.9417820Z Cleaning up orphan processes
end-workflow	Set up job	2025-02-10T13:21:24.1092072Z Current runner version: '2.322.0'
end-workflow	Set up job	2025-02-10T13:21:24.1099490Z Runner name: 'ka0s-2'
end-workflow	Set up job	2025-02-10T13:21:24.1100246Z Runner group name: 'ka0s'
end-workflow	Set up job	2025-02-10T13:21:24.1101075Z Machine name: '5613a8be5fd6'
end-workflow	Set up job	2025-02-10T13:21:24.1103662Z ##[group]GITHUB_TOKEN Permissions
end-workflow	Set up job	2025-02-10T13:21:24.1106294Z Contents: read
end-workflow	Set up job	2025-02-10T13:21:24.1106841Z Metadata: read
end-workflow	Set up job	2025-02-10T13:21:24.1107333Z Packages: read
end-workflow	Set up job	2025-02-10T13:21:24.1107823Z ##[endgroup]
end-workflow	Set up job	2025-02-10T13:21:24.1109786Z Secret source: Actions
end-workflow	Set up job	2025-02-10T13:21:24.1110471Z Prepare workflow directory
end-workflow	Set up job	2025-02-10T13:21:24.1624950Z Prepare all required actions
end-workflow	Set up job	2025-02-10T13:21:24.1661428Z Getting action download info
end-workflow	Set up job	2025-02-10T13:21:24.4132549Z Download action repository 'actions/checkout@v4' (SHA:11bd71901bbe5b1630ceea73d27597364c9af683)
end-workflow	Set up job	2025-02-10T13:21:25.2386094Z Complete job name: end-workflow
end-workflow	Checkout code	2025-02-10T13:21:25.2910407Z ##[group]Run actions/checkout@v4
end-workflow	Checkout code	2025-02-10T13:21:25.2911386Z with:
end-workflow	Checkout code	2025-02-10T13:21:25.2911857Z   fetch-depth: 0
end-workflow	Checkout code	2025-02-10T13:21:25.2912611Z   token: ***
end-workflow	Checkout code	2025-02-10T13:21:25.2913147Z   repository: Ka0s-Klaus/ka0s
end-workflow	Checkout code	2025-02-10T13:21:25.2913703Z   ssh-strict: true
end-workflow	Checkout code	2025-02-10T13:21:25.2914439Z   ssh-user: git
end-workflow	Checkout code	2025-02-10T13:21:25.2915062Z   persist-credentials: true
end-workflow	Checkout code	2025-02-10T13:21:25.2915600Z   clean: true
end-workflow	Checkout code	2025-02-10T13:21:25.2916089Z   sparse-checkout-cone-mode: true
end-workflow	Checkout code	2025-02-10T13:21:25.2916675Z   fetch-tags: false
end-workflow	Checkout code	2025-02-10T13:21:25.2917164Z   show-progress: true
end-workflow	Checkout code	2025-02-10T13:21:25.2917662Z   lfs: false
end-workflow	Checkout code	2025-02-10T13:21:25.2918114Z   submodules: false
end-workflow	Checkout code	2025-02-10T13:21:25.2918603Z   set-safe-directory: true
end-workflow	Checkout code	2025-02-10T13:21:25.2919383Z env:
end-workflow	Checkout code	2025-02-10T13:21:25.2919836Z   KAOS_CODE: 13241825545
end-workflow	Checkout code	2025-02-10T13:21:25.2920362Z   KAOS_EVENT_NAME: push
end-workflow	Checkout code	2025-02-10T13:21:25.2920864Z   KAOS_ACTION: 
end-workflow	Checkout code	2025-02-10T13:21:25.2921334Z   KAOS_MODULE: [Ka0S] kaos
end-workflow	Checkout code	2025-02-10T13:21:25.2921880Z   KAOS_PATH_RESUME: core/results/
end-workflow	Checkout code	2025-02-10T13:21:25.2922673Z   GH_TOKEN: ***
end-workflow	Checkout code	2025-02-10T13:21:25.2923144Z ##[endgroup]
end-workflow	Checkout code	2025-02-10T13:21:25.4112879Z Syncing repository: Ka0s-Klaus/ka0s
end-workflow	Checkout code	2025-02-10T13:21:25.4115382Z ##[group]Getting Git version info
end-workflow	Checkout code	2025-02-10T13:21:25.4116349Z Working directory is '/actions-runner/_work/ka0s/ka0s'
end-workflow	Checkout code	2025-02-10T13:21:25.4117947Z [command]/usr/bin/git version
end-workflow	Checkout code	2025-02-10T13:21:25.4118526Z git version 2.25.1
end-workflow	Checkout code	2025-02-10T13:21:25.4120482Z ##[endgroup]
end-workflow	Checkout code	2025-02-10T13:21:25.4126941Z Copying '/home/kaos/.gitconfig' to '/actions-runner/_work/_temp/efc88e69-d75f-44f3-b740-d11c0079b563/.gitconfig'
end-workflow	Checkout code	2025-02-10T13:21:25.4128850Z Temporarily overriding HOME='/actions-runner/_work/_temp/efc88e69-d75f-44f3-b740-d11c0079b563' before making global git config changes
end-workflow	Checkout code	2025-02-10T13:21:25.4130580Z Adding repository directory to the temporary git global config as a safe directory
end-workflow	Checkout code	2025-02-10T13:21:25.4133249Z [command]/usr/bin/git config --global --add safe.directory /actions-runner/_work/ka0s/ka0s
end-workflow	Checkout code	2025-02-10T13:21:25.4183183Z [command]/usr/bin/git config --local --get remote.origin.url
end-workflow	Checkout code	2025-02-10T13:21:25.4207800Z https://github.com/Ka0s-Klaus/ka0s
end-workflow	Checkout code	2025-02-10T13:21:25.4230251Z ##[group]Removing previously created refs, to avoid conflicts
end-workflow	Checkout code	2025-02-10T13:21:25.4235580Z [command]/usr/bin/git rev-parse --symbolic-full-name --verify --quiet HEAD
end-workflow	Checkout code	2025-02-10T13:21:25.4260955Z refs/heads/main
end-workflow	Checkout code	2025-02-10T13:21:25.4272367Z [command]/usr/bin/git checkout --detach
end-workflow	Checkout code	2025-02-10T13:21:25.4318617Z HEAD is now at 342bed9 [Ka0S] Uploading resume execution files to the repository...
end-workflow	Checkout code	2025-02-10T13:21:25.4366565Z [command]/usr/bin/git branch --delete --force main
end-workflow	Checkout code	2025-02-10T13:21:25.4399283Z Deleted branch main (was 342bed9).
end-workflow	Checkout code	2025-02-10T13:21:25.4446734Z ##[endgroup]
end-workflow	Checkout code	2025-02-10T13:21:25.4448727Z [command]/usr/bin/git submodule status
end-workflow	Checkout code	2025-02-10T13:21:25.4758003Z ##[group]Cleaning the repository
end-workflow	Checkout code	2025-02-10T13:21:25.4763175Z [command]/usr/bin/git clean -ffdx
end-workflow	Checkout code	2025-02-10T13:21:25.4795318Z Removing core/results/commit-summary-.txt
end-workflow	Checkout code	2025-02-10T13:21:25.4796234Z Removing core/results/files-in-commit-.txt
end-workflow	Checkout code	2025-02-10T13:21:25.4797002Z Removing event_data.json
end-workflow	Checkout code	2025-02-10T13:21:25.4804254Z [command]/usr/bin/git reset --hard HEAD
end-workflow	Checkout code	2025-02-10T13:21:25.4850124Z HEAD is now at 342bed9 [Ka0S] Uploading resume execution files to the repository...
end-workflow	Checkout code	2025-02-10T13:21:25.4853168Z ##[endgroup]
end-workflow	Checkout code	2025-02-10T13:21:25.4854858Z ##[group]Disabling automatic garbage collection
end-workflow	Checkout code	2025-02-10T13:21:25.4860169Z [command]/usr/bin/git config --local gc.auto 0
end-workflow	Checkout code	2025-02-10T13:21:25.4894779Z ##[endgroup]
end-workflow	Checkout code	2025-02-10T13:21:25.4895763Z ##[group]Setting up auth
end-workflow	Checkout code	2025-02-10T13:21:25.4900895Z [command]/usr/bin/git config --local --name-only --get-regexp core\.sshCommand
end-workflow	Checkout code	2025-02-10T13:21:25.4934694Z [command]/usr/bin/git submodule foreach --recursive sh -c "git config --local --name-only --get-regexp 'core\.sshCommand' && git config --local --unset-all 'core.sshCommand' || :"
end-workflow	Checkout code	2025-02-10T13:21:25.5236572Z [command]/usr/bin/git config --local --name-only --get-regexp http\.https\:\/\/github\.com\/\.extraheader
end-workflow	Checkout code	2025-02-10T13:21:25.5269205Z [command]/usr/bin/git submodule foreach --recursive sh -c "git config --local --name-only --get-regexp 'http\.https\:\/\/github\.com\/\.extraheader' && git config --local --unset-all 'http.https://github.com/.extraheader' || :"
end-workflow	Checkout code	2025-02-10T13:21:25.5570893Z [command]/usr/bin/git config --local http.https://github.com/.extraheader AUTHORIZATION: basic ***
end-workflow	Checkout code	2025-02-10T13:21:25.5613834Z ##[endgroup]
end-workflow	Checkout code	2025-02-10T13:21:25.5617223Z ##[group]Fetching the repository
end-workflow	Checkout code	2025-02-10T13:21:25.5623562Z [command]/usr/bin/git -c protocol.version=2 fetch --prune --no-recurse-submodules origin +refs/heads/*:refs/remotes/origin/* +refs/tags/*:refs/tags/*
end-workflow	Checkout code	2025-02-10T13:21:26.0794847Z [command]/usr/bin/git branch --list --remote origin/main
end-workflow	Checkout code	2025-02-10T13:21:26.0823351Z   origin/main
end-workflow	Checkout code	2025-02-10T13:21:26.0833453Z [command]/usr/bin/git rev-parse refs/remotes/origin/main
end-workflow	Checkout code	2025-02-10T13:21:26.0859591Z 342bed97bc46ff6cd911ec34c9f8c7b571fd4ed1
end-workflow	Checkout code	2025-02-10T13:21:26.0864082Z ##[endgroup]
end-workflow	Checkout code	2025-02-10T13:21:26.0865894Z ##[group]Determining the checkout info
end-workflow	Checkout code	2025-02-10T13:21:26.0867657Z ##[endgroup]
end-workflow	Checkout code	2025-02-10T13:21:26.0869301Z ##[group]Checking out the ref
end-workflow	Checkout code	2025-02-10T13:21:26.0871601Z [command]/usr/bin/git checkout --progress --force -B main refs/remotes/origin/main
end-workflow	Checkout code	2025-02-10T13:21:26.0930927Z Switched to a new branch 'main'
end-workflow	Checkout code	2025-02-10T13:21:26.0936333Z Branch 'main' set up to track remote branch 'main' from 'origin'.
end-workflow	Checkout code	2025-02-10T13:21:26.0940246Z ##[endgroup]
end-workflow	Checkout code	2025-02-10T13:21:26.0979950Z [command]/usr/bin/git log -1 --format=%H
end-workflow	Checkout code	2025-02-10T13:21:26.1008323Z 342bed97bc46ff6cd911ec34c9f8c7b571fd4ed1
end-workflow	Finaliza el workflow	2025-02-10T13:21:26.1254115Z ##[group]Run echo "End process"
end-workflow	Finaliza el workflow	2025-02-10T13:21:26.1255423Z [36;1mecho "End process"[0m
end-workflow	Finaliza el workflow	2025-02-10T13:21:26.1257687Z [36;1mgh workflow run inspector.yml --ref 'main' -f kaos-issue-id="" -f kaos-workflow-id="13241825545" -f kaos-user-start=""[0m
end-workflow	Finaliza el workflow	2025-02-10T13:21:26.1269432Z shell: /usr/bin/bash -e {0}
end-workflow	Finaliza el workflow	2025-02-10T13:21:26.1270476Z env:
end-workflow	Finaliza el workflow	2025-02-10T13:21:26.1271237Z   KAOS_CODE: 13241825545
end-workflow	Finaliza el workflow	2025-02-10T13:21:26.1272214Z   KAOS_EVENT_NAME: push
end-workflow	Finaliza el workflow	2025-02-10T13:21:26.1273144Z   KAOS_ACTION: 
end-workflow	Finaliza el workflow	2025-02-10T13:21:26.1274057Z   KAOS_MODULE: [Ka0S] kaos
end-workflow	Finaliza el workflow	2025-02-10T13:21:26.1275112Z   KAOS_PATH_RESUME: core/results/
end-workflow	Finaliza el workflow	2025-02-10T13:21:26.1276694Z   GH_TOKEN: ***
end-workflow	Finaliza el workflow	2025-02-10T13:21:26.1277556Z ##[endgroup]
end-workflow	Finaliza el workflow	2025-02-10T13:21:26.1338559Z End process
end-workflow	Post Checkout code	2025-02-10T13:21:26.7931061Z Post job cleanup.
end-workflow	Post Checkout code	2025-02-10T13:21:26.8909897Z [command]/usr/bin/git version
end-workflow	Post Checkout code	2025-02-10T13:21:26.8949856Z git version 2.25.1
end-workflow	Post Checkout code	2025-02-10T13:21:26.8989978Z Copying '/home/kaos/.gitconfig' to '/actions-runner/_work/_temp/15659fa1-3c74-4133-9c6a-de5f8d766ed8/.gitconfig'
end-workflow	Post Checkout code	2025-02-10T13:21:26.9002766Z Temporarily overriding HOME='/actions-runner/_work/_temp/15659fa1-3c74-4133-9c6a-de5f8d766ed8' before making global git config changes
end-workflow	Post Checkout code	2025-02-10T13:21:26.9006305Z Adding repository directory to the temporary git global config as a safe directory
end-workflow	Post Checkout code	2025-02-10T13:21:26.9008932Z [command]/usr/bin/git config --global --add safe.directory /actions-runner/_work/ka0s/ka0s
end-workflow	Post Checkout code	2025-02-10T13:21:26.9049484Z [command]/usr/bin/git config --local --name-only --get-regexp core\.sshCommand
end-workflow	Post Checkout code	2025-02-10T13:21:26.9096694Z [command]/usr/bin/git submodule foreach --recursive sh -c "git config --local --name-only --get-regexp 'core\.sshCommand' && git config --local --unset-all 'core.sshCommand' || :"
end-workflow	Post Checkout code	2025-02-10T13:21:26.9405400Z [command]/usr/bin/git config --local --name-only --get-regexp http\.https\:\/\/github\.com\/\.extraheader
end-workflow	Post Checkout code	2025-02-10T13:21:26.9429504Z http.https://github.com/.extraheader
end-workflow	Post Checkout code	2025-02-10T13:21:26.9441387Z [command]/usr/bin/git config --local --unset-all http.https://github.com/.extraheader
end-workflow	Post Checkout code	2025-02-10T13:21:26.9479616Z [command]/usr/bin/git submodule foreach --recursive sh -c "git config --local --name-only --get-regexp 'http\.https\:\/\/github\.com\/\.extraheader' && git config --local --unset-all 'http.https://github.com/.extraheader' || :"
end-workflow	Complete job	2025-02-10T13:21:26.9919098Z Cleaning up orphan processes
